Starting Q|R
Running refinement
   input {
     xray_data {
       file_name = None
       labels = None
       high_resolution = None
       low_resolution = None
       outliers_rejection = True
       french_wilson_scale = True
       french_wilson {
         max_bins = 60
         min_bin_size = 40
       }
       sigma_fobs_rejection_criterion = None
       sigma_iobs_rejection_criterion = None
       ignore_all_zeros = True
       force_anomalous_flag_to_be_equal_to = None
       convert_to_non_anomalous_if_ratio_pairs_lone_less_than_threshold = 0.5
       r_free_flags {
         file_name = None
         label = None
         test_flag_value = None
         ignore_r_free_flags = False
         disable_suitability_test = False
         ignore_pdb_hexdigest = False
         generate = False
         fraction = 0.1
         max_free = 2000
         lattice_symmetry_max_delta = 5
         use_lattice_symmetry = True
         use_dataman_shells = False
         n_shells = 20
       }
     }
     pdb {
       file_name = None
     }
     monomers {
       file_name = None
     }
     maps {
       map_file_name = None
       d_min = None
       map_coefficients_file_name = None
       map_coefficients_label = None
     }
     sequence = None
     scattering_table = wk1995 it1992 *n_gaussian neutron electron
     wavelength = None
     energy = None
     twin_law = Auto
   }
   max_atoms = 15000
   debug = False
   cluster {
     charge_cutoff = 8.0
     clustering = false
     charge_embedding = False
     two_buffers = False
     maxnum_residues_in_cluster = 15
     clustering_method = gnc *bcc
     altloc_method = *average subtract
   }
   restraints = cctbx *qm
   quantum {
     engine_name = mopac *ani torchani terachem turbomole pyscf orca gaussian \
                   xtb
     charge = None
     basis = Auto
     method = Auto
     memory = None
     nproc = None
     qm_addon = gcp dftd3 gcp-d3
     qm_addon_method = None
   }
   refine {
     dry_run = False
     sf_algorithm = *direct fft
     refinement_target_name = *ml ls_wunit_k1
     mode = *opt refine
     number_of_macro_cycles = 1
     number_of_weight_search_cycles = 50
     number_of_refine_cycles = 5
     number_of_micro_cycles = 50
     data_weight = None
     choose_best_use_r_work = False
     skip_initial_weight_optimization = False
     adjust_restraints_weight_scale_value = 2
     max_iterations_weight = 50
     max_iterations_refine = 50
     use_ase_lbfgs = False
     line_search = True
     stpmax = 0.2
     gradient_only = False
     update_all_scales = True
     refine_sites = True
     refine_adp = False
     restraints_weight_scale = 1.0
     shake_sites = False
     use_convergence_test = true
     max_bond_rmsd = 0.03
     max_r_work_r_free_gap = 5.0
     r_tolerance = 0.001
     rmsd_tolerance = 0.001
     opt_log = False
     pre_opt = False
     pre_opt_stpmax = 0.1
     pre_opt_iter = 10
     pre_opt_switch = 2
     pre_opt_gconv = 3000
   }
   parallel {
     method = *multiprocessing slurm pbs sge lsf threading
     nproc = None
     qsub_command = None
   }
   output_file_name_prefix = None
   output_folder_name = "pdb"
   shared_disk = True
   rst_file = None
   dump_gradients = None

Setting QM defaults
  Setting QM method to HF
  Setting QM basis to STO-3G


***********************************************************
restart info will be stored in /home/lum/3nir/ani_opt/pdb/3.rst.pickle
***********************************************************

van Der Waals correction will be unavailable. Please install ased3
  No function available to set charge to 2
  No function available to set basis to STO-3G
  No function available to set method to HF
start   0 rmsd(b):  0.0199 rws:  1.000 n_fev: 0
  step:   1 bond rmsd: 0.019943
 RUNNING ANI
Atoms(symbols='C68H116N22O19S', pbc=False, calculator=ANI(...))
('Final Energy: ', -154874.46541961422)
  step:   2 bond rmsd: 0.080883
 RUNNING ANI
Atoms(symbols='C68H116N22O19S', pbc=False, calculator=ANI(...))
('Final Energy: ', -154857.31559526577)
  step:   3 bond rmsd: 0.022268
 RUNNING ANI
Atoms(symbols='C68H116N22O19S', pbc=False, calculator=ANI(...))
('Final Energy: ', -154878.49241033115)
  step:   4 bond rmsd: 0.022427
 RUNNING ANI
Atoms(symbols='C68H116N22O19S', pbc=False, calculator=ANI(...))
('Final Energy: ', -154878.89460427905)
micro_cycle   1 rmsd(b):  0.0224 rws:  1.000 n_fev: 4
  step:   1 bond rmsd: 0.022427
 RUNNING ANI
Atoms(symbols='C68H116N22O19S', pbc=False, calculator=ANI(...))
('Final Energy: ', -154878.89460427905)
  step:   2 bond rmsd: 0.081992
 RUNNING ANI
Atoms(symbols='C68H116N22O19S', pbc=False, calculator=ANI(...))
('Final Energy: ', -154851.5254766093)
  step:   3 bond rmsd: 0.020796
 RUNNING ANI
Atoms(symbols='C68H116N22O19S', pbc=False, calculator=ANI(...))
('Final Energy: ', -154879.84100251188)
  step:   4 bond rmsd: 0.020392
 RUNNING ANI
Atoms(symbols='C68H116N22O19S', pbc=False, calculator=ANI(...))
('Final Energy: ', -154880.00230053961)
micro_cycle   2 rmsd(b):  0.0204 rws:  1.000 n_fev: 8
  step:   1 bond rmsd: 0.020392
 RUNNING ANI
Atoms(symbols='C68H116N22O19S', pbc=False, calculator=ANI(...))
('Final Energy: ', -154880.00230053961)
  step:   2 bond rmsd: 0.097213
 RUNNING ANI
Atoms(symbols='C68H116N22O19S', pbc=False, calculator=ANI(...))
('Final Energy: ', -154856.69426745563)
  step:   3 bond rmsd: 0.018449
 RUNNING ANI
Atoms(symbols='C68H116N22O19S', pbc=False, calculator=ANI(...))
('Final Energy: ', -154880.28810680108)
  step:   4 bond rmsd: 0.018420
 RUNNING ANI
Atoms(symbols='C68H116N22O19S', pbc=False, calculator=ANI(...))
('Final Energy: ', -154880.41279385207)
micro_cycle   3 rmsd(b):  0.0184 rws:  1.000 n_fev: 12
  step:   1 bond rmsd: 0.018420
 RUNNING ANI
Atoms(symbols='C68H116N22O19S', pbc=False, calculator=ANI(...))
('Final Energy: ', -154880.41279385207)
  step:   2 bond rmsd: 0.092315
 RUNNING ANI
Atoms(symbols='C68H116N22O19S', pbc=False, calculator=ANI(...))
('Final Energy: ', -154864.59775073649)
  step:   3 bond rmsd: 0.021011
 RUNNING ANI
Atoms(symbols='C68H116N22O19S', pbc=False, calculator=ANI(...))
('Final Energy: ', -154880.73016477493)
  step:   4 bond rmsd: 0.020562
 RUNNING ANI
Atoms(symbols='C68H116N22O19S', pbc=False, calculator=ANI(...))
('Final Energy: ', -154880.89780032227)
micro_cycle   4 rmsd(b):  0.0206 rws:  1.000 n_fev: 16
  step:   1 bond rmsd: 0.020562
 RUNNING ANI
Atoms(symbols='C68H116N22O19S', pbc=False, calculator=ANI(...))
('Final Energy: ', -154880.89780032227)
  step:   2 bond rmsd: 0.106676
 RUNNING ANI
Atoms(symbols='C68H116N22O19S', pbc=False, calculator=ANI(...))
('Final Energy: ', -154866.43605353998)
  step:   3 bond rmsd: 0.020149
 RUNNING ANI
Atoms(symbols='C68H116N22O19S', pbc=False, calculator=ANI(...))
('Final Energy: ', -154880.0863956371)
  step:   4 bond rmsd: 0.018839
 RUNNING ANI
Atoms(symbols='C68H116N22O19S', pbc=False, calculator=ANI(...))
('Final Energy: ', -154881.3848484729)
  step:   5 bond rmsd: 0.018780
 RUNNING ANI
Atoms(symbols='C68H116N22O19S', pbc=False, calculator=ANI(...))
('Final Energy: ', -154881.42293737803)
micro_cycle   5 rmsd(b):  0.0188 rws:  1.000 n_fev: 21
  step:   1 bond rmsd: 0.018780
 RUNNING ANI
Atoms(symbols='C68H116N22O19S', pbc=False, calculator=ANI(...))
('Final Energy: ', -154881.42293737803)
  step:   2 bond rmsd: 0.051287
 RUNNING ANI
Atoms(symbols='C68H116N22O19S', pbc=False, calculator=ANI(...))
('Final Energy: ', -154865.49248362705)
  step:   3 bond rmsd: 0.019814
 RUNNING ANI
Atoms(symbols='C68H116N22O19S', pbc=False, calculator=ANI(...))
('Final Energy: ', -154881.90408513043)
  step:   4 bond rmsd: 0.019571
 RUNNING ANI
Atoms(symbols='C68H116N22O19S', pbc=False, calculator=ANI(...))
('Final Energy: ', -154882.06235477087)
micro_cycle   6 rmsd(b):  0.0196 rws:  1.000 n_fev: 25
  step:   1 bond rmsd: 0.019571
 RUNNING ANI
Atoms(symbols='C68H116N22O19S', pbc=False, calculator=ANI(...))
('Final Energy: ', -154882.06235477087)
  step:   2 bond rmsd: 0.098568
 RUNNING ANI
Atoms(symbols='C68H116N22O19S', pbc=False, calculator=ANI(...))
('Final Energy: ', -154870.21968944152)
  step:   3 bond rmsd: 0.020462
 RUNNING ANI
Atoms(symbols='C68H116N22O19S', pbc=False, calculator=ANI(...))
('Final Energy: ', -154880.71227499985)
  step:   4 bond rmsd: 0.018345
 RUNNING ANI
Atoms(symbols='C68H116N22O19S', pbc=False, calculator=ANI(...))
('Final Energy: ', -154882.48779412164)
  step:   5 bond rmsd: 0.018323
 RUNNING ANI
Atoms(symbols='C68H116N22O19S', pbc=False, calculator=ANI(...))
('Final Energy: ', -154882.50960951892)
micro_cycle   7 rmsd(b):  0.0183 rws:  1.000 n_fev: 30
  step:   1 bond rmsd: 0.018323
 RUNNING ANI
Atoms(symbols='C68H116N22O19S', pbc=False, calculator=ANI(...))
('Final Energy: ', -154882.50960951892)
  step:   2 bond rmsd: 0.063476
 RUNNING ANI
Atoms(symbols='C68H116N22O19S', pbc=False, calculator=ANI(...))
('Final Energy: ', -154868.95470888529)
  step:   3 bond rmsd: 0.019612
 RUNNING ANI
Atoms(symbols='C68H116N22O19S', pbc=False, calculator=ANI(...))
('Final Energy: ', -154882.56232275104)
  step:   4 bond rmsd: 0.019439
 RUNNING ANI
Atoms(symbols='C68H116N22O19S', pbc=False, calculator=ANI(...))
('Final Energy: ', -154882.6768682095)
micro_cycle   8 rmsd(b):  0.0194 rws:  1.000 n_fev: 34
  step:   1 bond rmsd: 0.019439
 RUNNING ANI
Atoms(symbols='C68H116N22O19S', pbc=False, calculator=ANI(...))
('Final Energy: ', -154882.6768682095)
  step:   2 bond rmsd: 0.126924
 RUNNING ANI
Atoms(symbols='C68H116N22O19S', pbc=False, calculator=ANI(...))
('Final Energy: ', -154872.33441451128)
  step:   3 bond rmsd: 0.028772
 RUNNING ANI
Atoms(symbols='C68H116N22O19S', pbc=False, calculator=ANI(...))
('Final Energy: ', -154879.68664514448)
  step:   4 bond rmsd: 0.018600
 RUNNING ANI
Atoms(symbols='C68H116N22O19S', pbc=False, calculator=ANI(...))
('Final Energy: ', -154883.04295540924)
  step:   5 bond rmsd: 0.018522
 RUNNING ANI
Atoms(symbols='C68H116N22O19S', pbc=False, calculator=ANI(...))
('Final Energy: ', -154883.07244870774)
micro_cycle   9 rmsd(b):  0.0185 rws:  1.000 n_fev: 39
  step:   1 bond rmsd: 0.018522
 RUNNING ANI
Atoms(symbols='C68H116N22O19S', pbc=False, calculator=ANI(...))
('Final Energy: ', -154883.07244870774)
  step:   2 bond rmsd: 0.123541
 RUNNING ANI
Atoms(symbols='C68H116N22O19S', pbc=False, calculator=ANI(...))
('Final Energy: ', -154872.73856434185)
  step:   3 bond rmsd: 0.022775
 RUNNING ANI
Atoms(symbols='C68H116N22O19S', pbc=False, calculator=ANI(...))
('Final Energy: ', -154881.61428059591)
  step:   4 bond rmsd: 0.018156
 RUNNING ANI
Atoms(symbols='C68H116N22O19S', pbc=False, calculator=ANI(...))
('Final Energy: ', -154883.15077759599)
  step:   5 bond rmsd: 0.018128
 RUNNING ANI
Atoms(symbols='C68H116N22O19S', pbc=False, calculator=ANI(...))
('Final Energy: ', -154883.16508505205)
micro_cycle  10 rmsd(b):  0.0181 rws:  1.000 n_fev: 44
  step:   1 bond rmsd: 0.018128
 RUNNING ANI
Atoms(symbols='C68H116N22O19S', pbc=False, calculator=ANI(...))
('Final Energy: ', -154883.16508505205)
  step:   2 bond rmsd: 0.103132
 RUNNING ANI
Atoms(symbols='C68H116N22O19S', pbc=False, calculator=ANI(...))
('Final Energy: ', -154871.89750348142)
  step:   3 bond rmsd: 0.020878
 RUNNING ANI
Atoms(symbols='C68H116N22O19S', pbc=False, calculator=ANI(...))
('Final Energy: ', -154881.70154572037)
  step:   4 bond rmsd: 0.018016
 RUNNING ANI
Atoms(symbols='C68H116N22O19S', pbc=False, calculator=ANI(...))
('Final Energy: ', -154883.24442623687)
  step:   5 bond rmsd: 0.018000
 RUNNING ANI
Atoms(symbols='C68H116N22O19S', pbc=False, calculator=ANI(...))
('Final Energy: ', -154883.25608546965)
micro_cycle  11 rmsd(b):  0.0180 rws:  1.000 n_fev: 49
  step:   1 bond rmsd: 0.018000
 RUNNING ANI
Atoms(symbols='C68H116N22O19S', pbc=False, calculator=ANI(...))
('Final Energy: ', -154883.25608546965)
  step:   2 bond rmsd: 0.088877
 RUNNING ANI
Atoms(symbols='C68H116N22O19S', pbc=False, calculator=ANI(...))
('Final Energy: ', -154871.04257778253)
  step:   3 bond rmsd: 0.022011
 RUNNING ANI
Atoms(symbols='C68H116N22O19S', pbc=False, calculator=ANI(...))
('Final Energy: ', -154881.827627133)
  step:   4 bond rmsd: 0.017920
 RUNNING ANI
Atoms(symbols='C68H116N22O19S', pbc=False, calculator=ANI(...))
('Final Energy: ', -154883.32779866544)
  step:   5 bond rmsd: 0.017893
 RUNNING ANI
Atoms(symbols='C68H116N22O19S', pbc=False, calculator=ANI(...))
('Final Energy: ', -154883.34745226486)
micro_cycle  12 rmsd(b):  0.0179 rws:  1.000 n_fev: 54
  step:   1 bond rmsd: 0.017893
 RUNNING ANI
Atoms(symbols='C68H116N22O19S', pbc=False, calculator=ANI(...))
('Final Energy: ', -154883.34745226486)
  step:   2 bond rmsd: 0.115210
 RUNNING ANI
Atoms(symbols='C68H116N22O19S', pbc=False, calculator=ANI(...))
('Final Energy: ', -154873.86088606346)
  step:   3 bond rmsd: 0.025940
 RUNNING ANI
Atoms(symbols='C68H116N22O19S', pbc=False, calculator=ANI(...))
('Final Energy: ', -154880.03788159401)
  step:   4 bond rmsd: 0.017774
 RUNNING ANI
Atoms(symbols='C68H116N22O19S', pbc=False, calculator=ANI(...))
('Final Energy: ', -154883.42323697379)
  step:   5 bond rmsd: 0.017766
 RUNNING ANI
Atoms(symbols='C68H116N22O19S', pbc=False, calculator=ANI(...))
('Final Energy: ', -154883.43144706913)
micro_cycle  13 rmsd(b):  0.0178 rws:  1.000 n_fev: 59
  step:   1 bond rmsd: 0.017766
 RUNNING ANI
Atoms(symbols='C68H116N22O19S', pbc=False, calculator=ANI(...))
('Final Energy: ', -154883.43144706913)
  step:   2 bond rmsd: 0.099406
 RUNNING ANI
Atoms(symbols='C68H116N22O19S', pbc=False, calculator=ANI(...))
('Final Energy: ', -154871.36677779185)
  step:   3 bond rmsd: 0.022576
 RUNNING ANI
Atoms(symbols='C68H116N22O19S', pbc=False, calculator=ANI(...))
('Final Energy: ', -154881.79096238565)
  step:   4 bond rmsd: 0.017758
 RUNNING ANI
Atoms(symbols='C68H116N22O19S', pbc=False, calculator=ANI(...))
('Final Energy: ', -154883.4847183828)
  step:   5 bond rmsd: 0.017743
 RUNNING ANI
Atoms(symbols='C68H116N22O19S', pbc=False, calculator=ANI(...))
('Final Energy: ', -154883.49873210571)
micro_cycle  14 rmsd(b):  0.0177 rws:  1.000 n_fev: 64
  step:   1 bond rmsd: 0.017743
 RUNNING ANI
Atoms(symbols='C68H116N22O19S', pbc=False, calculator=ANI(...))
('Final Energy: ', -154883.49873210571)
  step:   2 bond rmsd: 0.114166
 RUNNING ANI
Atoms(symbols='C68H116N22O19S', pbc=False, calculator=ANI(...))
('Final Energy: ', -154874.19540321652)
  step:   3 bond rmsd: 0.025356
 RUNNING ANI
Atoms(symbols='C68H116N22O19S', pbc=False, calculator=ANI(...))
('Final Energy: ', -154880.35406434321)
  step:   4 bond rmsd: 0.017664
 RUNNING ANI
Atoms(symbols='C68H116N22O19S', pbc=False, calculator=ANI(...))
('Final Energy: ', -154883.56182341464)
  step:   5 bond rmsd: 0.017657
 RUNNING ANI
Atoms(symbols='C68H116N22O19S', pbc=False, calculator=ANI(...))
('Final Energy: ', -154883.56960595536)
micro_cycle  15 rmsd(b):  0.0177 rws:  1.000 n_fev: 69
  step:   1 bond rmsd: 0.017657
 RUNNING ANI
Atoms(symbols='C68H116N22O19S', pbc=False, calculator=ANI(...))
('Final Energy: ', -154883.56960595536)
  step:   2 bond rmsd: 0.105011
 RUNNING ANI
Atoms(symbols='C68H116N22O19S', pbc=False, calculator=ANI(...))
('Final Energy: ', -154870.67927691995)
  step:   3 bond rmsd: 0.020124
 RUNNING ANI
Atoms(symbols='C68H116N22O19S', pbc=False, calculator=ANI(...))
('Final Energy: ', -154882.61434753978)
  step:   4 bond rmsd: 0.017636
 RUNNING ANI
Atoms(symbols='C68H116N22O19S', pbc=False, calculator=ANI(...))
('Final Energy: ', -154883.6182066194)
  step:   5 bond rmsd: 0.017628
 RUNNING ANI
Atoms(symbols='C68H116N22O19S', pbc=False, calculator=ANI(...))
('Final Energy: ', -154883.62896304819)
micro_cycle  16 rmsd(b):  0.0176 rws:  1.000 n_fev: 74
  step:   1 bond rmsd: 0.017628
 RUNNING ANI
Atoms(symbols='C68H116N22O19S', pbc=False, calculator=ANI(...))
('Final Energy: ', -154883.62896304819)
  step:   2 bond rmsd: 0.107409
 RUNNING ANI
Atoms(symbols='C68H116N22O19S', pbc=False, calculator=ANI(...))
('Final Energy: ', -154874.32411052525)
  step:   3 bond rmsd: 0.022619
 RUNNING ANI
Atoms(symbols='C68H116N22O19S', pbc=False, calculator=ANI(...))
('Final Energy: ', -154881.5188302059)
  step:   4 bond rmsd: 0.017591
 RUNNING ANI
Atoms(symbols='C68H116N22O19S', pbc=False, calculator=ANI(...))
('Final Energy: ', -154883.67687879107)
  step:   5 bond rmsd: 0.017582
 RUNNING ANI
Atoms(symbols='C68H116N22O19S', pbc=False, calculator=ANI(...))
('Final Energy: ', -154883.68543889275)
micro_cycle  17 rmsd(b):  0.0176 rws:  1.000 n_fev: 79
  step:   1 bond rmsd: 0.017582
 RUNNING ANI
Atoms(symbols='C68H116N22O19S', pbc=False, calculator=ANI(...))
('Final Energy: ', -154883.68543889275)
  step:   2 bond rmsd: 0.119285
 RUNNING ANI
Atoms(symbols='C68H116N22O19S', pbc=False, calculator=ANI(...))
('Final Energy: ', -154870.5768497244)
  step:   3 bond rmsd: 0.020069
 RUNNING ANI
Atoms(symbols='C68H116N22O19S', pbc=False, calculator=ANI(...))
('Final Energy: ', -154882.63565779614)
  step:   4 bond rmsd: 0.017533
 RUNNING ANI
Atoms(symbols='C68H116N22O19S', pbc=False, calculator=ANI(...))
('Final Energy: ', -154883.72996020017)
  step:   5 bond rmsd: 0.017528
 RUNNING ANI
Atoms(symbols='C68H116N22O19S', pbc=False, calculator=ANI(...))
('Final Energy: ', -154883.73760985708)
micro_cycle  18 rmsd(b):  0.0175 rws:  1.000 n_fev: 84
 Convergence at micro_cycle: 18
See 3_refined.pdb in pdb folder.
Time: 9.0467
