Starting Q|R
Running refinement
   input {
     xray_data {
       file_name = None
       labels = None
       high_resolution = None
       low_resolution = None
       outliers_rejection = True
       french_wilson_scale = True
       french_wilson {
         max_bins = 60
         min_bin_size = 40
       }
       sigma_fobs_rejection_criterion = None
       sigma_iobs_rejection_criterion = None
       ignore_all_zeros = True
       force_anomalous_flag_to_be_equal_to = None
       convert_to_non_anomalous_if_ratio_pairs_lone_less_than_threshold = 0.5
       r_free_flags {
         file_name = None
         label = None
         test_flag_value = None
         ignore_r_free_flags = False
         disable_suitability_test = False
         ignore_pdb_hexdigest = False
         generate = False
         fraction = 0.1
         max_free = 2000
         lattice_symmetry_max_delta = 5
         use_lattice_symmetry = True
         use_dataman_shells = False
         n_shells = 20
       }
     }
     pdb {
       file_name = None
     }
     monomers {
       file_name = None
     }
     maps {
       map_file_name = None
       d_min = None
       map_coefficients_file_name = None
       map_coefficients_label = None
     }
     sequence = None
     scattering_table = wk1995 it1992 *n_gaussian neutron electron
     wavelength = None
     energy = None
     twin_law = Auto
   }
   max_atoms = 15000
   debug = False
   cluster {
     charge_cutoff = 8.0
     clustering = false
     charge_embedding = False
     two_buffers = False
     maxnum_residues_in_cluster = 15
     clustering_method = gnc *bcc
     altloc_method = *average subtract
   }
   restraints = cctbx *qm
   quantum {
     engine_name = mopac *ani torchani terachem turbomole pyscf orca gaussian \
                   xtb
     charge = None
     basis = Auto
     method = Auto
     memory = None
     nproc = None
     qm_addon = gcp dftd3 gcp-d3
     qm_addon_method = None
   }
   refine {
     dry_run = False
     sf_algorithm = *direct fft
     refinement_target_name = *ml ls_wunit_k1
     mode = *opt refine
     number_of_macro_cycles = 1
     number_of_weight_search_cycles = 50
     number_of_refine_cycles = 5
     number_of_micro_cycles = 50
     data_weight = None
     choose_best_use_r_work = False
     skip_initial_weight_optimization = False
     adjust_restraints_weight_scale_value = 2
     max_iterations_weight = 50
     max_iterations_refine = 50
     use_ase_lbfgs = False
     line_search = True
     stpmax = 0.2
     gradient_only = False
     update_all_scales = True
     refine_sites = True
     refine_adp = False
     restraints_weight_scale = 1.0
     shake_sites = False
     use_convergence_test = true
     max_bond_rmsd = 0.03
     max_r_work_r_free_gap = 5.0
     r_tolerance = 0.001
     rmsd_tolerance = 0.001
     opt_log = False
     pre_opt = False
     pre_opt_stpmax = 0.1
     pre_opt_iter = 10
     pre_opt_switch = 2
     pre_opt_gconv = 3000
   }
   parallel {
     method = *multiprocessing slurm pbs sge lsf threading
     nproc = None
     qsub_command = None
   }
   output_file_name_prefix = None
   output_folder_name = "pdb"
   shared_disk = True
   rst_file = None
   dump_gradients = None

Setting QM defaults
  Setting QM method to HF
  Setting QM basis to STO-3G


***********************************************************
restart info will be stored in /home/lum/3nir/ani_opt/pdb/5.rst.pickle
***********************************************************

van Der Waals correction will be unavailable. Please install ased3
  No function available to set charge to 2
  No function available to set basis to STO-3G
  No function available to set method to HF
start   0 rmsd(b):  0.0221 rws:  1.000 n_fev: 0
  step:   1 bond rmsd: 0.022091
 RUNNING ANI
Atoms(symbols='C68H116N22O19S', pbc=False, calculator=ANI(...))
('Final Energy: ', -154873.0343527277)
  step:   2 bond rmsd: 0.084663
 RUNNING ANI
Atoms(symbols='C68H116N22O19S', pbc=False, calculator=ANI(...))
('Final Energy: ', -154860.06637120832)
  step:   3 bond rmsd: 0.026261
 RUNNING ANI
Atoms(symbols='C68H116N22O19S', pbc=False, calculator=ANI(...))
('Final Energy: ', -154877.60457851543)
  step:   4 bond rmsd: 0.025018
 RUNNING ANI
Atoms(symbols='C68H116N22O19S', pbc=False, calculator=ANI(...))
('Final Energy: ', -154877.95973869279)
micro_cycle   1 rmsd(b):  0.0250 rws:  1.000 n_fev: 4
  step:   1 bond rmsd: 0.025018
 RUNNING ANI
Atoms(symbols='C68H116N22O19S', pbc=False, calculator=ANI(...))
('Final Energy: ', -154877.95973869279)
  step:   2 bond rmsd: 0.089714
 RUNNING ANI
Atoms(symbols='C68H116N22O19S', pbc=False, calculator=ANI(...))
('Final Energy: ', -154850.10570125098)
  step:   3 bond rmsd: 0.016101
 RUNNING ANI
Atoms(symbols='C68H116N22O19S', pbc=False, calculator=ANI(...))
('Final Energy: ', -154878.76788185164)
  step:   4 bond rmsd: 0.015794
 RUNNING ANI
Atoms(symbols='C68H116N22O19S', pbc=False, calculator=ANI(...))
('Final Energy: ', -154878.96149827968)
micro_cycle   2 rmsd(b):  0.0158 rws:  1.000 n_fev: 8
  step:   1 bond rmsd: 0.015794
 RUNNING ANI
Atoms(symbols='C68H116N22O19S', pbc=False, calculator=ANI(...))
('Final Energy: ', -154878.96149827968)
  step:   2 bond rmsd: 0.105078
 RUNNING ANI
Atoms(symbols='C68H116N22O19S', pbc=False, calculator=ANI(...))
('Final Energy: ', -154854.21837931263)
  step:   3 bond rmsd: 0.019993
 RUNNING ANI
Atoms(symbols='C68H116N22O19S', pbc=False, calculator=ANI(...))
('Final Energy: ', -154878.9122184219)
  step:   4 bond rmsd: 0.016913
 RUNNING ANI
Atoms(symbols='C68H116N22O19S', pbc=False, calculator=ANI(...))
('Final Energy: ', -154879.55099663057)
  step:   5 bond rmsd: 0.016937
 RUNNING ANI
Atoms(symbols='C68H116N22O19S', pbc=False, calculator=ANI(...))
('Final Energy: ', -154879.59885535267)
micro_cycle   3 rmsd(b):  0.0169 rws:  1.000 n_fev: 13
  step:   1 bond rmsd: 0.016937
 RUNNING ANI
Atoms(symbols='C68H116N22O19S', pbc=False, calculator=ANI(...))
('Final Energy: ', -154879.59885535267)
  step:   2 bond rmsd: 0.078561
 RUNNING ANI
Atoms(symbols='C68H116N22O19S', pbc=False, calculator=ANI(...))
('Final Energy: ', -154868.71699636502)
  step:   3 bond rmsd: 0.020923
 RUNNING ANI
Atoms(symbols='C68H116N22O19S', pbc=False, calculator=ANI(...))
('Final Energy: ', -154878.91654960139)
  step:   4 bond rmsd: 0.016549
 RUNNING ANI
Atoms(symbols='C68H116N22O19S', pbc=False, calculator=ANI(...))
('Final Energy: ', -154879.82662376715)
  step:   5 bond rmsd: 0.016581
 RUNNING ANI
Atoms(symbols='C68H116N22O19S', pbc=False, calculator=ANI(...))
('Final Energy: ', -154879.89498823282)
micro_cycle   4 rmsd(b):  0.0166 rws:  1.000 n_fev: 18
  step:   1 bond rmsd: 0.016581
 RUNNING ANI
Atoms(symbols='C68H116N22O19S', pbc=False, calculator=ANI(...))
('Final Energy: ', -154879.89498823282)
  step:   2 bond rmsd: 0.101575
 RUNNING ANI
Atoms(symbols='C68H116N22O19S', pbc=False, calculator=ANI(...))
('Final Energy: ', -154865.4163968853)
  step:   3 bond rmsd: 0.023532
 RUNNING ANI
Atoms(symbols='C68H116N22O19S', pbc=False, calculator=ANI(...))
('Final Energy: ', -154877.74476180514)
  step:   4 bond rmsd: 0.016914
 RUNNING ANI
Atoms(symbols='C68H116N22O19S', pbc=False, calculator=ANI(...))
('Final Energy: ', -154880.17658752511)
  step:   5 bond rmsd: 0.016934
 RUNNING ANI
Atoms(symbols='C68H116N22O19S', pbc=False, calculator=ANI(...))
('Final Energy: ', -154880.21378206537)
micro_cycle   5 rmsd(b):  0.0169 rws:  1.000 n_fev: 23
  step:   1 bond rmsd: 0.016934
 RUNNING ANI
Atoms(symbols='C68H116N22O19S', pbc=False, calculator=ANI(...))
('Final Energy: ', -154880.21378206537)
  step:   2 bond rmsd: 0.056412
 RUNNING ANI
Atoms(symbols='C68H116N22O19S', pbc=False, calculator=ANI(...))
('Final Energy: ', -154873.35553005181)
  step:   3 bond rmsd: 0.019438
 RUNNING ANI
Atoms(symbols='C68H116N22O19S', pbc=False, calculator=ANI(...))
('Final Energy: ', -154880.07622192919)
  step:   4 bond rmsd: 0.016657
 RUNNING ANI
Atoms(symbols='C68H116N22O19S', pbc=False, calculator=ANI(...))
('Final Energy: ', -154880.51434634859)
  step:   5 bond rmsd: 0.016603
 RUNNING ANI
Atoms(symbols='C68H116N22O19S', pbc=False, calculator=ANI(...))
('Final Energy: ', -154880.61957217564)
micro_cycle   6 rmsd(b):  0.0166 rws:  1.000 n_fev: 28
  step:   1 bond rmsd: 0.016603
 RUNNING ANI
Atoms(symbols='C68H116N22O19S', pbc=False, calculator=ANI(...))
('Final Energy: ', -154880.61957217564)
  step:   2 bond rmsd: 0.129620
 RUNNING ANI
Atoms(symbols='C68H116N22O19S', pbc=False, calculator=ANI(...))
('Final Energy: ', -154862.17804662164)
  step:   3 bond rmsd: 0.039435
 RUNNING ANI
Atoms(symbols='C68H116N22O19S', pbc=False, calculator=ANI(...))
('Final Energy: ', -154874.11864461139)
  step:   4 bond rmsd: 0.016531
 RUNNING ANI
Atoms(symbols='C68H116N22O19S', pbc=False, calculator=ANI(...))
('Final Energy: ', -154880.92371690884)
  step:   5 bond rmsd: 0.016520
 RUNNING ANI
Atoms(symbols='C68H116N22O19S', pbc=False, calculator=ANI(...))
('Final Energy: ', -154880.95035441569)
micro_cycle   7 rmsd(b):  0.0165 rws:  1.000 n_fev: 33
  step:   1 bond rmsd: 0.016520
 RUNNING ANI
Atoms(symbols='C68H116N22O19S', pbc=False, calculator=ANI(...))
('Final Energy: ', -154880.95035441569)
  step:   2 bond rmsd: 0.051256
 RUNNING ANI
Atoms(symbols='C68H116N22O19S', pbc=False, calculator=ANI(...))
('Final Energy: ', -154879.31325876934)
  step:   3 bond rmsd: 0.022048
 RUNNING ANI
Atoms(symbols='C68H116N22O19S', pbc=False, calculator=ANI(...))
('Final Energy: ', -154881.76674121711)
  step:   4 bond rmsd: 0.023237
 RUNNING ANI
Atoms(symbols='C68H116N22O19S', pbc=False, calculator=ANI(...))
('Final Energy: ', -154882.08073358162)
micro_cycle   8 rmsd(b):  0.0232 rws:  1.000 n_fev: 37
  step:   1 bond rmsd: 0.023237
 RUNNING ANI
Atoms(symbols='C68H116N22O19S', pbc=False, calculator=ANI(...))
('Final Energy: ', -154882.08073358162)
  step:   2 bond rmsd: 0.123218
 RUNNING ANI
Atoms(symbols='C68H116N22O19S', pbc=False, calculator=ANI(...))
('Final Energy: ', -154864.8072068039)
  step:   3 bond rmsd: 0.036170
 RUNNING ANI
Atoms(symbols='C68H116N22O19S', pbc=False, calculator=ANI(...))
('Final Energy: ', -154876.92099336989)
  step:   4 bond rmsd: 0.022241
 RUNNING ANI
Atoms(symbols='C68H116N22O19S', pbc=False, calculator=ANI(...))
('Final Energy: ', -154882.31424112685)
  step:   5 bond rmsd: 0.022055
 RUNNING ANI
Atoms(symbols='C68H116N22O19S', pbc=False, calculator=ANI(...))
('Final Energy: ', -154882.33831886869)
micro_cycle   9 rmsd(b):  0.0221 rws:  1.000 n_fev: 42
  step:   1 bond rmsd: 0.022055
 RUNNING ANI
Atoms(symbols='C68H116N22O19S', pbc=False, calculator=ANI(...))
('Final Energy: ', -154882.33831886869)
  step:   2 bond rmsd: 0.111240
 RUNNING ANI
Atoms(symbols='C68H116N22O19S', pbc=False, calculator=ANI(...))
('Final Energy: ', -154859.45389285646)
  step:   3 bond rmsd: 0.019419
 RUNNING ANI
Atoms(symbols='C68H116N22O19S', pbc=False, calculator=ANI(...))
('Final Energy: ', -154881.78444940629)
  step:   4 bond rmsd: 0.020566
 RUNNING ANI
Atoms(symbols='C68H116N22O19S', pbc=False, calculator=ANI(...))
('Final Energy: ', -154882.45022848368)
  step:   5 bond rmsd: 0.020377
 RUNNING ANI
Atoms(symbols='C68H116N22O19S', pbc=False, calculator=ANI(...))
('Final Energy: ', -154882.47329288989)
micro_cycle  10 rmsd(b):  0.0204 rws:  1.000 n_fev: 47
  step:   1 bond rmsd: 0.020377
 RUNNING ANI
Atoms(symbols='C68H116N22O19S', pbc=False, calculator=ANI(...))
('Final Energy: ', -154882.47329288989)
  step:   2 bond rmsd: 0.129286
 RUNNING ANI
Atoms(symbols='C68H116N22O19S', pbc=False, calculator=ANI(...))
('Final Energy: ', -154856.77486561367)
  step:   3 bond rmsd: 0.023230
 RUNNING ANI
Atoms(symbols='C68H116N22O19S', pbc=False, calculator=ANI(...))
('Final Energy: ', -154880.26160182361)
  step:   4 bond rmsd: 0.019906
 RUNNING ANI
Atoms(symbols='C68H116N22O19S', pbc=False, calculator=ANI(...))
('Final Energy: ', -154882.57375231036)
  step:   5 bond rmsd: 0.019727
 RUNNING ANI
Atoms(symbols='C68H116N22O19S', pbc=False, calculator=ANI(...))
('Final Energy: ', -154882.59366365647)
micro_cycle  11 rmsd(b):  0.0197 rws:  1.000 n_fev: 52
  step:   1 bond rmsd: 0.019727
 RUNNING ANI
Atoms(symbols='C68H116N22O19S', pbc=False, calculator=ANI(...))
('Final Energy: ', -154882.59366365647)
  step:   2 bond rmsd: 0.097649
 RUNNING ANI
Atoms(symbols='C68H116N22O19S', pbc=False, calculator=ANI(...))
('Final Energy: ', -154855.39812930353)
  step:   3 bond rmsd: 0.018056
 RUNNING ANI
Atoms(symbols='C68H116N22O19S', pbc=False, calculator=ANI(...))
('Final Energy: ', -154882.74895748281)
  step:   4 bond rmsd: 0.017556
 RUNNING ANI
Atoms(symbols='C68H116N22O19S', pbc=False, calculator=ANI(...))
('Final Energy: ', -154882.81240569122)
micro_cycle  12 rmsd(b):  0.0176 rws:  1.000 n_fev: 56
  step:   1 bond rmsd: 0.017556
 RUNNING ANI
Atoms(symbols='C68H116N22O19S', pbc=False, calculator=ANI(...))
('Final Energy: ', -154882.81240569122)
  step:   2 bond rmsd: 0.129603
 RUNNING ANI
Atoms(symbols='C68H116N22O19S', pbc=False, calculator=ANI(...))
('Final Energy: ', -154861.19649197048)
  step:   3 bond rmsd: 0.020063
 RUNNING ANI
Atoms(symbols='C68H116N22O19S', pbc=False, calculator=ANI(...))
('Final Energy: ', -154881.4990395538)
  step:   4 bond rmsd: 0.017386
 RUNNING ANI
Atoms(symbols='C68H116N22O19S', pbc=False, calculator=ANI(...))
('Final Energy: ', -154882.90621316672)
  step:   5 bond rmsd: 0.017349
 RUNNING ANI
Atoms(symbols='C68H116N22O19S', pbc=False, calculator=ANI(...))
('Final Energy: ', -154882.91446275846)
micro_cycle  13 rmsd(b):  0.0173 rws:  1.000 n_fev: 61
  step:   1 bond rmsd: 0.017349
 RUNNING ANI
Atoms(symbols='C68H116N22O19S', pbc=False, calculator=ANI(...))
('Final Energy: ', -154882.91446275846)
  step:   2 bond rmsd: 0.091153
 RUNNING ANI
Atoms(symbols='C68H116N22O19S', pbc=False, calculator=ANI(...))
('Final Energy: ', -154868.52359756758)
  step:   3 bond rmsd: 0.016917
 RUNNING ANI
Atoms(symbols='C68H116N22O19S', pbc=False, calculator=ANI(...))
('Final Energy: ', -154882.80129989638)
  step:   4 bond rmsd: 0.016985
 RUNNING ANI
Atoms(symbols='C68H116N22O19S', pbc=False, calculator=ANI(...))
('Final Energy: ', -154882.96881417319)
  step:   5 bond rmsd: 0.016953
 RUNNING ANI
Atoms(symbols='C68H116N22O19S', pbc=False, calculator=ANI(...))
('Final Energy: ', -154882.98319086517)
micro_cycle  14 rmsd(b):  0.0170 rws:  1.000 n_fev: 66
  step:   1 bond rmsd: 0.016953
 RUNNING ANI
Atoms(symbols='C68H116N22O19S', pbc=False, calculator=ANI(...))
('Final Energy: ', -154882.98319086517)
  step:   2 bond rmsd: 0.119458
 RUNNING ANI
Atoms(symbols='C68H116N22O19S', pbc=False, calculator=ANI(...))
('Final Energy: ', -154867.70575155955)
  step:   3 bond rmsd: 0.018198
 RUNNING ANI
Atoms(symbols='C68H116N22O19S', pbc=False, calculator=ANI(...))
('Final Energy: ', -154882.69170521176)
  step:   4 bond rmsd: 0.017058
 RUNNING ANI
Atoms(symbols='C68H116N22O19S', pbc=False, calculator=ANI(...))
('Final Energy: ', -154883.03777439214)
  step:   5 bond rmsd: 0.017059
 RUNNING ANI
Atoms(symbols='C68H116N22O19S', pbc=False, calculator=ANI(...))
('Final Energy: ', -154883.04559351489)
micro_cycle  15 rmsd(b):  0.0171 rws:  1.000 n_fev: 71
 Convergence at micro_cycle: 15
See 5_refined.pdb in pdb folder.
Time: 7.6567
