Startfile from command line: ./ase/tmp_ase.sp


       ***********************************************************
       *                    TeraChem v1.93P                      *
       *                 Hg Version: 79b87f121f2d                *
       *                   Production Version                    *
       *                Compiled without textures                *
       *           Chemistry at the Speed of Graphics!           *
       ***********************************************************
       * This program may only be used in connection with        *
       * a valid license from PetaChem, LLC. Use of this program *
       * or results thereof indicates acceptance of all terms    *
       * and conditions stated in the license and that a valid   *
       * license agreement between the user and PetaChem, LLC    *
       * exists. PetaChem, LLC does not warrant the correctness  *
       * of results or their suitability for any purpose.        *
       * Please email bugs, suggestions, and comments to         *
       *                  help@petachem.com                      *
       *                                                         *
       ***********************************************************


       ***********************************************************
       *  Compiled by toddmtz      Wed Aug 16 03:32:31 PDT 2017  *
       *  Supported architectures: sm_20 sm_30 sm_50 sm_60       *
       *  Cuda compilation tools, release 8.0, V8.0.44           *
       ***********************************************************


 Job started   Thu Apr 11 14:17:55 2019
 On song (available memory: 57420 MB)

######################################### RUNTIME INFO ##########################################
/usr/local/TeraChem/bin/terachem ./ase/tmp_ase.sp 

NVRM version: NVIDIA UNIX x86_64 Kernel Module  396.26  Mon Apr 30 18:01:39 PDT 2018
GCC version:  gcc version 4.8.5 20150623 (Red Hat 4.8.5-28) (GCC) 

	linux-vdso.so.1 =>  (0x00007ffc7cbe6000)
	libcurl.so.4 => /lib64/libcurl.so.4 (0x00007fbd77041000)
	libintbox.so.1 => /usr/local/TeraChem/lib/libintbox.so.1 (0x00007fbd57433000)
	libthcbox.so.1 => /usr/local/TeraChem/lib/libthcbox.so.1 (0x00007fbd558c9000)
	libgridbox.so.1 => /usr/local/TeraChem/lib/libgridbox.so.1 (0x00007fbd553d8000)
	libdftbox.so.1 => /usr/local/TeraChem/lib/libdftbox.so.1 (0x00007fbd550c7000)
	libcublas.so.8.0 => /usr/local/TeraChem/lib/libcublas.so.8.0 (0x00007fbd52717000)
	libcufft.so.8.0 => /usr/local/TeraChem/lib/libcufft.so.8.0 (0x00007fbd498c9000)
	libcuda.so.1 => /lib64/libcuda.so.1 (0x00007fbd48949000)
	libcudart.so.8.0 => /usr/local/TeraChem/lib/libcudart.so.8.0 (0x00007fbd486e3000)
	libcrypto.so.10 => /lib64/libcrypto.so.10 (0x00007fbd48282000)
	libssl.so.10 => /lib64/libssl.so.10 (0x00007fbd48010000)
	libm.so.6 => /lib64/libm.so.6 (0x00007fbd47d0e000)
	libcilkrts.so.5 => /usr/local/TeraChem/lib/libcilkrts.so.5 (0x00007fbd47acd000)
	libstdc++.so.6 => /usr/local/phenix-1.15rc2-3433/build/../conda_base/lib/libstdc++.so.6 (0x00007fbd7736d000)
	libgcc_s.so.1 => /usr/local/phenix-1.15rc2-3433/build/../conda_base/lib/libgcc_s.so.1 (0x00007fbd77359000)
	libpthread.so.0 => /lib64/libpthread.so.0 (0x00007fbd478b1000)
	libdl.so.2 => /lib64/libdl.so.2 (0x00007fbd476ad000)
	libc.so.6 => /lib64/libc.so.6 (0x00007fbd472e0000)
	/lib64/ld-linux-x86-64.so.2 (0x00007fbd772aa000)
	libidn.so.11 => /lib64/libidn.so.11 (0x00007fbd470ad000)
	libssh2.so.1 => /lib64/libssh2.so.1 (0x00007fbd46e83000)
	libssl3.so => /lib64/libssl3.so (0x00007fbd46c35000)
	libsmime3.so => /lib64/libsmime3.so (0x00007fbd46a0e000)
	libnss3.so => /lib64/libnss3.so (0x00007fbd466e1000)
	libnssutil3.so => /lib64/libnssutil3.so (0x00007fbd464b2000)
	libplds4.so => /lib64/libplds4.so (0x00007fbd462ae000)
	libplc4.so => /lib64/libplc4.so (0x00007fbd460a9000)
	libnspr4.so => /lib64/libnspr4.so (0x00007fbd45e6b000)
	libgssapi_krb5.so.2 => /lib64/libgssapi_krb5.so.2 (0x00007fbd45c1e000)
	libkrb5.so.3 => /lib64/libkrb5.so.3 (0x00007fbd45936000)
	libk5crypto.so.3 => /lib64/libk5crypto.so.3 (0x00007fbd45703000)
	libcom_err.so.2 => /lib64/libcom_err.so.2 (0x00007fbd454ff000)
	liblber-2.4.so.2 => /lib64/liblber-2.4.so.2 (0x00007fbd452f0000)
	libldap-2.4.so.2 => /lib64/libldap-2.4.so.2 (0x00007fbd4509b000)
	libz.so.1 => /usr/local/phenix-1.15rc2-3433/build/../conda_base/lib/libz.so.1 (0x00007fbd77339000)
	librt.so.1 => /lib64/librt.so.1 (0x00007fbd44e93000)
	libnvidia-fatbinaryloader.so.396.26 => /lib64/libnvidia-fatbinaryloader.so.396.26 (0x00007fbd44c47000)
	libkrb5support.so.0 => /lib64/libkrb5support.so.0 (0x00007fbd44a39000)
	libkeyutils.so.1 => /lib64/libkeyutils.so.1 (0x00007fbd44835000)
	libresolv.so.2 => /lib64/libresolv.so.2 (0x00007fbd4461c000)
	libsasl2.so.3 => /lib64/libsasl2.so.3 (0x00007fbd443ff000)
	libselinux.so.1 => /lib64/libselinux.so.1 (0x00007fbd441d8000)
	libcrypt.so.1 => /lib64/libcrypt.so.1 (0x00007fbd43fa1000)
	libpcre.so.1 => /usr/local/phenix-1.15rc2-3433/build/../conda_base/lib/libpcre.so.1 (0x00007fbd772ed000)
	libfreebl3.so => /lib64/libfreebl3.so (0x00007fbd43d9e000)
#################################################################################################

  _________________________________
 |         DFTD3 V3.0 Rev 2        |
 | S.Grimme, University Bonn       |
 |           Aug  2013             |
  _________________________________
 
 Please cite DFT-D3 work done with this code as:
 S. Grimme, J. Antony, S. Ehrlich and H. Krieg,
 J. Chem. Phys. 132 (2010), 154104
 If used with BJ-damping cite also
 S. Grimme, S. Ehrlich and L. Goerigk,
 J. Comput. Chem. 32 (2011), 1456-1465
 For DFT-D2 the reference is
 S. Grimme, J. Comput. Chem., 27 (2006), 1787-1799
 
Cannot find license.dat file in the TeraChem installation directory /usr/local/TeraChem


TRYING THE NETWORK LICENSE...
Cannot find license.key file in the TeraChem installation directory /usr/local/TeraChem


*************************** WARNING **************************
*                 Running in Demo mode.                      *
**************************************************************

Scratch directory: /tmp/ase/scr
Random number seed: 1351351

XYZ coordinates ./ase/tmp_ase.xyz
Molden File Output: /tmp/ase/scr/tmp_ase.molden
Using the following atom-specific basis sets
Atom type:Se Basis:lanl2dz_ecp
Atom type:Cl Basis:lanl2dz_ecp
Atom type:Cd Basis:lanl2dz_ecp
Atom type:Zn Basis:lanl2dz_ecp
Atom type:Mg Basis:lanl2dz_ecp
Using basis set: 6-31g
Spin multiplicity: 1
DIIS will use up to 10 vectors.
WF convergence threshold: 3.00e-05
Using DIIS algorithm to converge WF
Maximum number of SCF iterations: 200
Incremental fock with rebuild every 8 iterations
Will switch to conventional Fock if diffuse functions are detected
X-matrix tolerance: 1.00e-04
PRECISION: DYNAMIC
DFT Functional requested: hf
Method: Hartree-Fock  with dispersion correction
Wavefunction: RESTRICTED
Initial guess generated by maximum overlap

********************************************
**** SINGLE POINT GRADIENT CALCULATIONS ****
********************************************
SCF:   Initial guess is taken from previous step
COSMO model for polarizable continuum model enabled

using 2 out of 2 CUDA devices
   Device 0:     GeForce GTX 1070,  8117MB, CC 6.1 -- CPU THREAD 0
   Device 1:     GeForce GTX 1070,  8119MB, CC 6.1 -- CPU THREAD 1
-------------------------------------------------------------------
Compiled with MAGMA support.  MAGMA parameters:
    Matrices larger than 5000 square will be treated with MAGMA
       (Change by setting the MagmaMinN environment variable)
    Magma will use 1 out of 2 GPUs
       (Change by setting the MagmaNGPUs environment variable)
-------------------------------------------------------------------
 CPU Memory Available: 8038.38 MegaWords 
 GPU Memory Available: 758.70 MegaWords 
 Maximum recommended basis set size: 10200 basis functions
 (limited by GPU memory)
-------------------------------------------------------------------
Not using d-functions. Configuring GPUs accordingly.
0: CUBLAS initialized, available GPU memory: 3498MB
1: CUBLAS initialized, available GPU memory: 3668MB


Multiple basis sets used. 
Total atoms:     226
Total charge:    2
Total electrons: 844 (422-alpha, 422-beta)
Number electrons modeled by ECPs: 0
Total orbitals:  1226
Total AO shells: 784 (563 S-shells; 221 P-shells; 0 D-shells; 0 F-shells; 0 G-shells)
Spin multiplicity: 1
Nuclear repulsion energy (QM atoms): 28409.636030631224 a.u.

DFTD Energy:    -1.9859971 hartree
=COSMO= Number of H atoms in QM atoms:116
=COSMO= Number of Heavy atoms in QM atoms:110
=COSMO= size of A matrix:978234912 bytes
=COSMO= ++++++++++++++++++++++++++++++ COSMO parameters ++++++++++++++++++++++++++++++
=COSMO= I. Cavity Information:
=COSMO= SAS(Solvent accesible surface) initialization finished
=COSMO= Time for initializing Molecular Surface:0.11283000 (sec)
=COSMO= Time for initializing cosmo calculation:1.45265295 (sec)
=COSMO= Cavity effective radius(Angstrom) (r_solv+r_vdw-dsc) was written into /tmp/ase/scr/ratom.txt
=COSMO= Solvent Dielectric Constant:78.390000
=COSMO= Cosmo Solvent radius:0.000000
=COSMO= Cosmo charge scaling method:0
=COSMO= Cavity built with Lebedev Grid
=COSMO= Grid points/QM Hydrogen: 110
=COSMO= Grid points/QM Heavy atom: 110
=COSMO= Herbert Switching-Gaussian method turned on
=COSMO= After removing points inside of SAS:
=COSMO= Total number of segments on molecular surface:11058
=COSMO= Number of segments belonging to QM atoms:11058
=COSMO= Total surface area of cavity: 1350.4515(Angstrom^2)
=COSMO= Total volume of cavity: 766.5169 (Angstrom^3)
=COSMO= II. COSMO integral options:
=COSMO= Building COMSO c vector with original algorithm
=COSMO= COSMO one-electron integral threshold: 1e-12 
=COSMO= III. Linear solver options:
=COSMO= Initialize COSMO for A matrix in full storage form
=COSMO= CG precondtioner:Jacobi
=COSMO= Tight CG convergence threshold:1e-06
=COSMO= CG dynamic threshold: on
=COSMO= Adjust CG convergence threshold dynamically
=COSMO= IV. PCM field read/write options:
=COSMO= PCM field is not written to files
=COSMO= No PCM field file is read in
=COSMO= ++++++++++++++++++++++++++++++++++++++++++++++++++++++++++++++++++++++++++++++++

                      *** Start SCF Iterations ***

 Iter     DIIS Error       Energy change         Energy              E_PCM      Time(s)
---------------------------------------------------------------------------------------
         >>> Purifying P... IDMP = 3.08e-14 <<<
THRESPDP set to 1.00e+00
   1     0.2181459181   -5629.7705424235   -5629.7705424235     -0.9374461064    5.59  
   2     0.1551147154     -26.1557498415   -5655.9262922650     -0.6059137779    5.70  
   3     0.0462091051      -3.8708003386   -5659.7970926036     -0.7656989830    5.51  
   4     0.0140725997      -0.5030349082   -5660.3001275118     -0.7040220160    5.26  
   5     0.0042974579      -0.0681310861   -5660.3682585979     -0.7319797673    4.92  
THRESPDP set to 1.55e-04
   6     0.0018583464      -0.0068937794   -5660.3751523773     -0.7377460314    6.18  
   7     0.0010679549      -0.0012616547   -5660.3764140320     -0.7406171011    4.52  
   8     0.0004513949      -0.0002277796   -5660.3766418116     -0.7419823115    4.28  
   9     0.0001713880      -0.0000276735   -5660.3766694851     -0.7422867928    4.07  
  10     0.0000659310      -0.0000053639   -5660.3766748490     -0.7424034180    3.99  
  11     0.0000248835      -0.0000003201   -5660.3766751691     -0.7424193525    3.34  
---------------------------------------------------------------------------------------
FINAL ENERGY: -5660.3766751691 a.u.
DISPERSION CONTRIBUTION TO ENERGY: -1.9859970758 a.u.
C-PCM contribution to final energy:-0.7424193525 a.u. ( already included in final energy )
Computing C-PCM contribution to gradient...
CENTER OF MASS: {22.074376, 16.723641, 16.052900} ANGS
DIPOLE MOMENT: {167.485780, -18.713916, 56.609273} (|D| = 177.781627) DEBYE

Running Mulliken population analysis...

Writing out molden info

Gradient units are Hartree/Bohr
---------------------------------------------------
        dE/dX            dE/dY            dE/dZ
    0.0000160806     0.0000050134    -0.0000120331
   -0.0000789422    -0.0000047568    -0.0000011837
    0.0005136481     0.0003538610    -0.0000223275
   -0.0004014143    -0.0001389711    -0.0000871390
    0.0000133441    -0.0000017532     0.0000164958
    0.0000229537    -0.0000073125     0.0000107307
   -0.0000226966     0.0000302486     0.0000082523
   -0.0000247012     0.0000249774    -0.0000121741
   -0.0000122130     0.0000172550     0.0000200270
   -0.0000432598     0.0000393519     0.0000329976
    0.0000447948    -0.0000219497    -0.0000075521
   -0.0000024694    -0.0000331548     0.0000543048
    0.0000415066    -0.0000371618     0.0000119956
   -0.0003365431    -0.0002131720    -0.0000195714
    0.0000948690     0.0000040675     0.0000195842
    0.0001041367    -0.0000310044    -0.0000575035
   -0.0000785217    -0.0000374917     0.0000060779
   -0.0000286223    -0.0000137541    -0.0000000018
    0.0000141023     0.0000095242     0.0000183901
    0.0000329020     0.0000395233     0.0000019374
   -0.0000182609    -0.0000067451    -0.0000015880
    0.0001503311     0.0000508365     0.0000106392
   -0.0000269928    -0.0000085530     0.0000216265
    0.0000052607    -0.0000188271     0.0000135581
   -0.0000010485     0.0000090010     0.0000150754
   -0.0000160560    -0.0000054767     0.0000008291
    0.0000048562    -0.0000004756     0.0000216889
    0.0000230305    -0.0000201687     0.0000295591
    0.0000207988     0.0000195609     0.0000198740
   -0.0000003641     0.0000095353     0.0000035633
   -0.0000077999     0.0000143774     0.0000114151
   -0.0000011086     0.0000126513     0.0000153634
   -0.0000228915     0.0000201675     0.0000839155
   -0.0000221411    -0.0000364202     0.0000019205
    0.0000864449     0.0000756060     0.0000295804
   -0.0000760497     0.0000077226     0.0000230893
    0.0000141469     0.0000090344     0.0000312564
   -0.0000024605    -0.0000014675    -0.0000225671
    0.0000292760    -0.0000158832     0.0000152860
    0.0000216762    -0.0000090612     0.0000255917
    0.0000010695     0.0000031199     0.0000318260
   -0.0000146254     0.0000140251    -0.0000033974
    0.0000274760     0.0000040431     0.0000210494
    0.0000249158    -0.0000011319    -0.0000068103
    0.0000090731    -0.0000185544    -0.0000349145
    0.0000074570    -0.0000051473     0.0000370802
    0.0000189090     0.0000337666     0.0000196805
   -0.0000005720    -0.0000204159     0.0000302570
    0.0000477161    -0.0000735826     0.0000425780
   -0.0000308961     0.0000235459     0.0000414504
    0.0000499281    -0.0000663708    -0.0000897541
   -0.0000244688    -0.0000115536     0.0000076631
    0.0000457010    -0.0000107079    -0.0000011200
   -0.0000206139    -0.0000188691     0.0000037022
    0.0000132429    -0.0000267378    -0.0000223998
    0.0000458390    -0.0000103898     0.0000042348
    0.0000099812     0.0000120444    -0.0000342436
    0.0000429622     0.0000140061    -0.0000375401
    0.0000539188     0.0000518260     0.0000917987
    0.0000089119    -0.0000645315     0.0000067238
   -0.0005685263    -0.0001078538     0.0000712423
    0.0004041724     0.0001221476     0.0000461712
    0.0000034760    -0.0000288712     0.0000261815
   -0.0000379777     0.0000487993    -0.0000401589
   -0.0000518102     0.0000103292     0.0000714668
    0.0000702349    -0.0000665805    -0.0000268029
   -0.0002310273    -0.0000040809    -0.0001230627
    0.0002222504    -0.0001742895     0.0000762835
    0.0001749736     0.0000245218    -0.0000023887
   -0.0000463408     0.0000082471    -0.0000236553
    0.0000244766     0.0000158306     0.0000477281
   -0.0000663268     0.0000124889    -0.0000272715
   -0.0000087565    -0.0000290308    -0.0000512455
   -0.0000104556     0.0001192574    -0.0000790692
   -0.0000327302    -0.0000005120    -0.0000801512
    0.0000306853    -0.0000957679     0.0001604352
   -0.0001040821     0.0000458258     0.0001574886
    0.0000308856    -0.0000622098    -0.0000580885
   -0.0000280099     0.0000313807    -0.0001752814
   -0.0000356527    -0.0000139273     0.0000378142
   -0.0001412823    -0.0000343315     0.0000833288
   -0.0000871637    -0.0001142338    -0.0000561836
    0.0001974276     0.0000798581    -0.0000265671
   -0.0000075091     0.0000039428     0.0000110262
   -0.0003674349     0.0000709520    -0.0000263872
    0.0002718562    -0.0000095040     0.0000175011
    0.0000178468     0.0000000327     0.0000061986
    0.0000007612    -0.0000060429    -0.0000071911
   -0.0000832152    -0.0000035095    -0.0000268565
   -0.0000042283     0.0000181128    -0.0000012623
   -0.0000095812    -0.0000001210     0.0000010667
   -0.0000061475     0.0000072444    -0.0000058005
   -0.0000041171    -0.0000010146    -0.0000110665
    0.0000744424    -0.0000503217    -0.0000181308
   -0.0000081457     0.0000249798    -0.0000215638
   -0.0001318068    -0.0000595929     0.0000279081
    0.0000920740    -0.0000034907     0.0000616545
    0.0000124772    -0.0000220005     0.0000142739
   -0.0000359999     0.0001821286    -0.0000522016
    0.0000097295    -0.0000854102     0.0000625278
   -0.0000035255    -0.0001207408     0.0000895543
   -0.0000196232     0.0000168790    -0.0000362041
   -0.0000255564     0.0000073767     0.0000271960
    0.0000055450     0.0000052819    -0.0000276699
    0.0000249268    -0.0000202531    -0.0000212659
    0.0000271561     0.0000587405    -0.0000401725
   -0.0000169033     0.0000905109    -0.0000370297
   -0.0001219966     0.0000599797    -0.0000950617
   -0.0000023186     0.0000342439     0.0000369808
    0.0003492460     0.0002711210     0.0001109721
   -0.0002337864     0.0000100499    -0.0000419972
    0.0000050613    -0.0000205856    -0.0000081529
    0.0000125748    -0.0000310814    -0.0000123683
    0.0000202062    -0.0000628270    -0.0000318744
    0.0000386156     0.0000008146    -0.0000385545
    0.0000016062    -0.0000077251    -0.0000240050
    0.0000128470    -0.0000727380    -0.0000332496
   -0.0000118768    -0.0000297160    -0.0000178060
    0.0000937334     0.0000121925    -0.0000039988
   -0.0000176050     0.0000828081     0.0000061250
    0.0000033183    -0.0000157318    -0.0000430227
    0.0000571005    -0.0000505824     0.0000373808
    0.0000249340    -0.0000146962    -0.0000170498
    0.0000099651    -0.0000346104    -0.0000170285
    0.0000063138    -0.0000293249    -0.0000429142
    0.0000144573    -0.0000113826    -0.0000316095
    0.0000111948    -0.0000255752    -0.0000561256
   -0.0000819049    -0.0000598059    -0.0000472873
   -0.0000073343     0.0000326689    -0.0000164612
    0.0002165929     0.0000195987    -0.0000191362
   -0.0001775813    -0.0000274370    -0.0000059862
   -0.0000388003     0.0000565001     0.0000178965
    0.0000392145    -0.0000917311     0.0000335673
    0.0000415026     0.0000365644    -0.0000651576
    0.0000121434    -0.0000645589    -0.0000314337
    0.0000659537     0.0000777793     0.0000480336
   -0.0000159771     0.0000406723    -0.0000383836
    0.0000253060     0.0000423189     0.0000300003
    0.0000267429     0.0000083328     0.0000319805
   -0.0000442075     0.0000377792     0.0000151673
    0.0000194660    -0.0000135767    -0.0000742526
   -0.0000129573    -0.0000104005    -0.0000374479
   -0.0000182425    -0.0000578222    -0.0000458412
    0.0001047898     0.0001061584     0.0000147136
   -0.0000954955    -0.0000300410    -0.0000508218
    0.0000093070    -0.0000046246    -0.0000165510
   -0.0000133025     0.0000065675    -0.0000157587
    0.0000350682    -0.0000253814    -0.0000182620
   -0.0000018274     0.0000087744     0.0000041561
   -0.0000049061    -0.0000427858    -0.0000278540
    0.0000190914    -0.0000001652    -0.0000457690
    0.0000228742     0.0000137289    -0.0000257210
    0.0000091185     0.0000105345    -0.0000283341
    0.0000268703     0.0000072816    -0.0000161498
   -0.0000021801    -0.0000103499    -0.0000201716
   -0.0000182894    -0.0000006691    -0.0000321617
   -0.0000038697    -0.0000020378    -0.0000344917
    0.0000609938    -0.0001574204     0.0000090997
    0.0000204990     0.0000213078     0.0000348064
   -0.0002984539    -0.0001899320    -0.0001459260
    0.0002192026     0.0001326844     0.0001288772
    0.0000163140    -0.0000323312    -0.0000018396
   -0.0000380994    -0.0000229922     0.0000397463
   -0.0000222752     0.0000052591     0.0000040593
   -0.0000314700    -0.0000187963     0.0000365779
   -0.0000549790    -0.0000280196    -0.0000370558
    0.0000439525    -0.0000328739    -0.0000294589
   -0.0000454493    -0.0000488270    -0.0000023064
    0.0001017877     0.0001129253     0.0001285790
   -0.0000390724    -0.0000322347    -0.0000091257
   -0.0000134141     0.0000356175    -0.0000198946
   -0.0000081369     0.0000207867    -0.0000180583
   -0.0000167747     0.0000129369     0.0000221351
    0.0000543061     0.0000130305    -0.0000337887
    0.0000100807    -0.0000203547     0.0000124520
   -0.0000231931     0.0000783566    -0.0000633422
   -0.0001204074    -0.0000526902     0.0000435570
    0.0001120280    -0.0001272364     0.0001005832
    0.0000632491     0.0002558618     0.0000631971
   -0.0000956870     0.0000265940    -0.0000018479
   -0.0000130917     0.0000099676    -0.0000145573
   -0.0000786752    -0.0000309027     0.0000195238
    0.0000098314    -0.0000621605     0.0000191491
   -0.0000109291     0.0000304072    -0.0000920856
    0.0000978310     0.0000162990    -0.0000523128
    0.0000606616    -0.0000554708     0.0000114632
   -0.0000788506    -0.0000708547     0.0000573231
   -0.0000707580     0.0001231195     0.0000277478
   -0.0001018774     0.0001241248    -0.0000326093
    0.0000049675     0.0000175028     0.0000323629
    0.0000729560    -0.0000403278     0.0000512403
   -0.0000930662    -0.0000229911    -0.0000246764
   -0.0000446880    -0.0000192628     0.0000342192
    0.0000321686     0.0000008153     0.0000258060
    0.0000337309    -0.0000936653    -0.0001386254
   -0.0000222526     0.0000054672     0.0000466967
    0.0000245987    -0.0000062905    -0.0000314513
    0.0000073565    -0.0000188116    -0.0000093924
   -0.0000186852     0.0000102697    -0.0000104565
   -0.0000090625     0.0000029146    -0.0000042044
    0.0000270203    -0.0000070603    -0.0000306615
    0.0000345531     0.0000262970    -0.0000102226
    0.0000477453    -0.0000218911     0.0000031707
    0.0000158931    -0.0000318016    -0.0000407543
    0.0000107266     0.0000008712     0.0000014676
    0.0000007538    -0.0000016831    -0.0000280671
   -0.0000329381    -0.0000008622    -0.0000233955
   -0.0000181875    -0.0000182737     0.0000140439
    0.0000174021    -0.0000195781     0.0000010763
    0.0000329181     0.0000191036    -0.0000249901
   -0.0000187638     0.0000166546    -0.0000217684
   -0.0000251886     0.0000928865     0.0001887950
   -0.0000274643    -0.0000059960    -0.0000053322
    0.0002096401    -0.0000266378     0.0001552375
   -0.0001388647    -0.0000096526    -0.0000354452
   -0.0000187419    -0.0000056886     0.0000230394
    0.0000194654     0.0000044229    -0.0000113396
    0.0000199531     0.0000189080    -0.0000132883
   -0.0001340763     0.0001013265    -0.0000179635
    0.0000144854     0.0000149876     0.0000183459
    0.0000019385    -0.0000189781     0.0000410228
   -0.0000319484    -0.0000086666     0.0000181958
    0.0000280401     0.0000202905    -0.0000093066
   -0.0000110443     0.0000437964     0.0000037940
   -0.0000024287     0.0000019567     0.0000080511
    0.0000042020     0.0000066460     0.0000282198
---------------------------------------------------
Net gradient:  2.080619e-09  2.270322e-09  1.015571e-11
Net torque:    2.873880e-03 -3.412887e-03 -5.944341e-03

Total processing time: 66.50 sec 

 Job finished: Thu Apr 11 14:19:09 2019

