Starting Q|R
Running refinement
   input {
     xray_data {
       file_name = None
       labels = None
       high_resolution = None
       low_resolution = None
       outliers_rejection = True
       french_wilson_scale = True
       french_wilson {
         max_bins = 60
         min_bin_size = 40
       }
       sigma_fobs_rejection_criterion = None
       sigma_iobs_rejection_criterion = None
       ignore_all_zeros = True
       force_anomalous_flag_to_be_equal_to = None
       convert_to_non_anomalous_if_ratio_pairs_lone_less_than_threshold = 0.5
       r_free_flags {
         file_name = None
         label = None
         test_flag_value = None
         ignore_r_free_flags = False
         disable_suitability_test = False
         ignore_pdb_hexdigest = False
         generate = False
         fraction = 0.1
         max_free = 2000
         lattice_symmetry_max_delta = 5
         use_lattice_symmetry = True
         use_dataman_shells = False
         n_shells = 20
       }
     }
     pdb {
       file_name = None
     }
     monomers {
       file_name = None
     }
     maps {
       map_file_name = None
       d_min = None
       map_coefficients_file_name = None
       map_coefficients_label = None
     }
     sequence = None
     scattering_table = wk1995 it1992 *n_gaussian neutron electron
     wavelength = None
     energy = None
     twin_law = Auto
   }
   max_atoms = 15000
   debug = False
   cluster {
     charge_cutoff = 8.0
     clustering = false
     charge_embedding = False
     two_buffers = False
     maxnum_residues_in_cluster = 15
     clustering_method = gnc *bcc
     altloc_method = *average subtract
   }
   restraints = *cctbx qm
   quantum {
     engine_name = *mopac ani torchani terachem turbomole pyscf orca gaussian \
                   xtb
     charge = None
     basis = Auto
     method = Auto
     memory = None
     nproc = None
     qm_addon = gcp dftd3 gcp-d3
     qm_addon_method = None
   }
   refine {
     dry_run = False
     sf_algorithm = *direct fft
     refinement_target_name = *ml ls_wunit_k1
     mode = *opt refine
     number_of_macro_cycles = 1
     number_of_weight_search_cycles = 50
     number_of_refine_cycles = 5
     number_of_micro_cycles = 50
     data_weight = None
     choose_best_use_r_work = False
     skip_initial_weight_optimization = False
     adjust_restraints_weight_scale_value = 2
     max_iterations_weight = 50
     max_iterations_refine = 50
     use_ase_lbfgs = False
     line_search = True
     stpmax = 0.2
     gradient_only = true
     update_all_scales = True
     refine_sites = True
     refine_adp = False
     restraints_weight_scale = 1.0
     shake_sites = False
     use_convergence_test = true
     max_bond_rmsd = 0.03
     max_r_work_r_free_gap = 5.0
     r_tolerance = 0.001
     rmsd_tolerance = 0.001
     opt_log = False
     pre_opt = False
     pre_opt_stpmax = 0.1
     pre_opt_iter = 10
     pre_opt_switch = 2
     pre_opt_gconv = 3000
   }
   parallel {
     method = *multiprocessing slurm pbs sge lsf threading
     nproc = None
     qsub_command = None
   }
   output_file_name_prefix = None
   output_folder_name = "pdb"
   shared_disk = True
   rst_file = None
   dump_gradients = None

Setting QM defaults
  Setting QM method to PM7


***********************************************************
restart info will be stored in /home/lum/3nir/cctbx_improve/cctbx_refine/pdb/0.rst.pickle
***********************************************************

start   0 rmsd(b):  0.0217 rws:  1.000 n_fev: 0
  step:   1 bond rmsd: 0.021704
  step:   2 bond rmsd: 0.072659
  step:   3 bond rmsd: 0.072659
  step:   4 bond rmsd: 0.059127
  step:   5 bond rmsd: 0.048117
  step:   6 bond rmsd: 0.039377
  step:   7 bond rmsd: 0.032443
  step:   8 bond rmsd: 0.026966
  step:   9 bond rmsd: 0.022657
  step:  10 bond rmsd: 0.019290
  step:  11 bond rmsd: 0.016677
  step:  12 bond rmsd: 0.014662
  step:  13 bond rmsd: 0.013116
  step:  14 bond rmsd: 0.011930
  step:  15 bond rmsd: 0.011011
  step:  16 bond rmsd: 0.010285
  step:  17 bond rmsd: 0.009691
  step:  18 bond rmsd: 0.009176
  step:  19 bond rmsd: 0.008698
  step:  20 bond rmsd: 0.008213
  step:  21 bond rmsd: 0.007679
  step:  22 bond rmsd: 0.007045
  step:  23 bond rmsd: 0.006175
  step:  24 bond rmsd: 0.005574
  step:  25 bond rmsd: 0.004943
  step:  26 bond rmsd: 0.004428
  step:  27 bond rmsd: 0.004119
  step:  28 bond rmsd: 0.003975
  step:  29 bond rmsd: 0.003827
  step:  30 bond rmsd: 0.003791
  step:  31 bond rmsd: 0.003778
  step:  32 bond rmsd: 0.003786
  step:  33 bond rmsd: 0.003796
  step:  34 bond rmsd: 0.003848
  step:  35 bond rmsd: 0.003865
  step:  36 bond rmsd: 0.003880
  step:  37 bond rmsd: 0.003877
  step:  38 bond rmsd: 0.003849
  step:  39 bond rmsd: 0.003807
  step:  40 bond rmsd: 0.003727
  step:  41 bond rmsd: 0.003635
  step:  42 bond rmsd: 0.003539
  step:  43 bond rmsd: 0.003422
  step:  44 bond rmsd: 0.003296
  step:  45 bond rmsd: 0.003202
  step:  46 bond rmsd: 0.003060
  step:  47 bond rmsd: 0.002985
  step:  48 bond rmsd: 0.002877
  step:  49 bond rmsd: 0.002752
  step:  50 bond rmsd: 0.002610
  step:  51 bond rmsd: 0.002512
  step:  52 bond rmsd: 0.002438
micro_cycle   1 rmsd(b):  0.0024 rws:  1.000 n_fev: 52
  step:   1 bond rmsd: 0.002438
  step:   2 bond rmsd: 0.054506
  step:   3 bond rmsd: 0.022577
  step:   4 bond rmsd: 0.018159
  step:   5 bond rmsd: 0.014640
  step:   6 bond rmsd: 0.011831
  step:   7 bond rmsd: 0.009596
  step:   8 bond rmsd: 0.007827
  step:   9 bond rmsd: 0.006435
  step:  10 bond rmsd: 0.005351
  step:  11 bond rmsd: 0.004518
  step:  12 bond rmsd: 0.003887
  step:  13 bond rmsd: 0.003419
  step:  14 bond rmsd: 0.003080
  step:  15 bond rmsd: 0.002839
  step:  16 bond rmsd: 0.002671
  step:  17 bond rmsd: 0.002557
  step:  18 bond rmsd: 0.002480
  step:  19 bond rmsd: 0.002428
  step:  20 bond rmsd: 0.002393
  step:  21 bond rmsd: 0.002370
  step:  22 bond rmsd: 0.002355
  step:  23 bond rmsd: 0.002345
  step:  24 bond rmsd: 0.002338
  step:  25 bond rmsd: 0.002333
  step:  26 bond rmsd: 0.002330
  step:  27 bond rmsd: 0.002328
  step:  28 bond rmsd: 0.002327
  step:  29 bond rmsd: 0.002326
  step:  30 bond rmsd: 0.002327
  step:  31 bond rmsd: 0.002329
  step:  32 bond rmsd: 0.002334
  step:  33 bond rmsd: 0.002340
  step:  34 bond rmsd: 0.002317
  step:  35 bond rmsd: 0.002334
  step:  36 bond rmsd: 0.002369
  step:  37 bond rmsd: 0.002610
  step:  38 bond rmsd: 0.002610
  step:  39 bond rmsd: 0.002572
  step:  40 bond rmsd: 0.002555
  step:  41 bond rmsd: 0.002552
  step:  42 bond rmsd: 0.002559
  step:  43 bond rmsd: 0.002577
  step:  44 bond rmsd: 0.002591
  step:  45 bond rmsd: 0.002610
  step:  46 bond rmsd: 0.002635
  step:  47 bond rmsd: 0.002666
  step:  48 bond rmsd: 0.002701
  step:  49 bond rmsd: 0.002717
  step:  50 bond rmsd: 0.002776
  step:  51 bond rmsd: 0.002789
  step:  52 bond rmsd: 0.002775
  step:  53 bond rmsd: 0.002779
micro_cycle   2 rmsd(b):  0.0028 rws:  1.000 n_fev: 105
  step:   1 bond rmsd: 0.002779
  step:   2 bond rmsd: 0.048397
  step:   3 bond rmsd: 0.027745
  step:   4 bond rmsd: 0.022281
  step:   5 bond rmsd: 0.017916
  step:   6 bond rmsd: 0.014415
  step:   7 bond rmsd: 0.011620
  step:   8 bond rmsd: 0.009399
  step:   9 bond rmsd: 0.007646
  step:  10 bond rmsd: 0.006275
  step:  11 bond rmsd: 0.005217
  step:  12 bond rmsd: 0.004414
  step:  13 bond rmsd: 0.003818
  step:  14 bond rmsd: 0.003387
  step:  15 bond rmsd: 0.003084
  step:  16 bond rmsd: 0.002877
  step:  17 bond rmsd: 0.002739
  step:  18 bond rmsd: 0.002649
  step:  19 bond rmsd: 0.002592
  step:  20 bond rmsd: 0.002555
  step:  21 bond rmsd: 0.002531
  step:  22 bond rmsd: 0.002516
  step:  23 bond rmsd: 0.002507
  step:  24 bond rmsd: 0.002500
  step:  25 bond rmsd: 0.002496
  step:  26 bond rmsd: 0.002492
  step:  27 bond rmsd: 0.002488
  step:  28 bond rmsd: 0.002483
  step:  29 bond rmsd: 0.002475
  step:  30 bond rmsd: 0.002461
  step:  31 bond rmsd: 0.002438
  step:  32 bond rmsd: 0.002396
  step:  33 bond rmsd: 0.002320
  step:  34 bond rmsd: 0.002160
  step:  35 bond rmsd: 0.002073
  step:  36 bond rmsd: 0.002018
  step:  37 bond rmsd: 0.001941
  step:  38 bond rmsd: 0.001911
  step:  39 bond rmsd: 0.001893
  step:  40 bond rmsd: 0.001883
  step:  41 bond rmsd: 0.001878
  step:  42 bond rmsd: 0.001877
  step:  43 bond rmsd: 0.001880
  step:  44 bond rmsd: 0.001884
  step:  45 bond rmsd: 0.001890
  step:  46 bond rmsd: 0.001897
  step:  47 bond rmsd: 0.001908
  step:  48 bond rmsd: 0.001921
  step:  49 bond rmsd: 0.001942
  step:  50 bond rmsd: 0.001960
  step:  51 bond rmsd: 0.001983
  step:  52 bond rmsd: 0.002003
micro_cycle   3 rmsd(b):  0.0020 rws:  1.000 n_fev: 157
  step:   1 bond rmsd: 0.002003
  step:   2 bond rmsd: 0.047208
  step:   3 bond rmsd: 0.014555
  step:   4 bond rmsd: 0.011669
  step:   5 bond rmsd: 0.009357
  step:   6 bond rmsd: 0.007545
  step:   7 bond rmsd: 0.006129
  step:   8 bond rmsd: 0.005029
  step:   9 bond rmsd: 0.004181
  step:  10 bond rmsd: 0.003538
  step:  11 bond rmsd: 0.003059
  step:  12 bond rmsd: 0.002711
  step:  13 bond rmsd: 0.002463
  step:  14 bond rmsd: 0.002292
  step:  15 bond rmsd: 0.002175
  step:  16 bond rmsd: 0.002098
  step:  17 bond rmsd: 0.002047
  step:  18 bond rmsd: 0.002014
  step:  19 bond rmsd: 0.001993
  step:  20 bond rmsd: 0.001979
  step:  21 bond rmsd: 0.001970
  step:  22 bond rmsd: 0.001964
  step:  23 bond rmsd: 0.001960
  step:  24 bond rmsd: 0.001958
  step:  25 bond rmsd: 0.001956
  step:  26 bond rmsd: 0.001955
  step:  27 bond rmsd: 0.001954
  step:  28 bond rmsd: 0.001953
  step:  29 bond rmsd: 0.001951
  step:  30 bond rmsd: 0.001950
  step:  31 bond rmsd: 0.001947
  step:  32 bond rmsd: 0.001944
  step:  33 bond rmsd: 0.001938
  step:  34 bond rmsd: 0.001918
  step:  35 bond rmsd: 0.001931
  step:  36 bond rmsd: 0.001946
  step:  37 bond rmsd: 0.001962
  step:  38 bond rmsd: 0.001998
  step:  39 bond rmsd: 0.002020
  step:  40 bond rmsd: 0.002058
  step:  41 bond rmsd: 0.002094
  step:  42 bond rmsd: 0.002148
  step:  43 bond rmsd: 0.002183
  step:  44 bond rmsd: 0.002216
  step:  45 bond rmsd: 0.002257
  step:  46 bond rmsd: 0.002312
  step:  47 bond rmsd: 0.002371
  step:  48 bond rmsd: 0.002418
  step:  49 bond rmsd: 0.002485
  step:  50 bond rmsd: 0.002527
  step:  51 bond rmsd: 0.002578
  step:  52 bond rmsd: 0.002614
micro_cycle   4 rmsd(b):  0.0026 rws:  1.000 n_fev: 209
  step:   1 bond rmsd: 0.002614
  step:   2 bond rmsd: 0.063763
  step:   3 bond rmsd: 0.027179
  step:   4 bond rmsd: 0.021777
  step:   5 bond rmsd: 0.017462
  step:   6 bond rmsd: 0.014011
  step:   7 bond rmsd: 0.011262
  step:   8 bond rmsd: 0.009083
  step:   9 bond rmsd: 0.007365
  step:  10 bond rmsd: 0.006023
  step:  11 bond rmsd: 0.004987
  step:  12 bond rmsd: 0.004202
  step:  13 bond rmsd: 0.003620
  step:  14 bond rmsd: 0.003201
  step:  15 bond rmsd: 0.002907
  step:  16 bond rmsd: 0.002708
  step:  17 bond rmsd: 0.002576
  step:  18 bond rmsd: 0.002491
  step:  19 bond rmsd: 0.002437
  step:  20 bond rmsd: 0.002404
  step:  21 bond rmsd: 0.002383
  step:  22 bond rmsd: 0.002369
  step:  23 bond rmsd: 0.002361
  step:  24 bond rmsd: 0.002355
  step:  25 bond rmsd: 0.002351
  step:  26 bond rmsd: 0.002347
  step:  27 bond rmsd: 0.002343
  step:  28 bond rmsd: 0.002338
  step:  29 bond rmsd: 0.002330
  step:  30 bond rmsd: 0.002318
  step:  31 bond rmsd: 0.002297
  step:  32 bond rmsd: 0.002261
  step:  33 bond rmsd: 0.002200
  step:  34 bond rmsd: 0.002075
  step:  35 bond rmsd: 0.002005
  step:  36 bond rmsd: 0.001950
  step:  37 bond rmsd: 0.001911
  step:  38 bond rmsd: 0.001890
  step:  39 bond rmsd: 0.001870
  step:  40 bond rmsd: 0.001866
  step:  41 bond rmsd: 0.001857
  step:  42 bond rmsd: 0.001850
  step:  43 bond rmsd: 0.001845
  step:  44 bond rmsd: 0.001840
  step:  45 bond rmsd: 0.001835
  step:  46 bond rmsd: 0.001829
  step:  47 bond rmsd: 0.001839
  step:  48 bond rmsd: 0.001835
  step:  49 bond rmsd: 0.001824
  step:  50 bond rmsd: 0.001818
  step:  51 bond rmsd: 0.001826
  step:  52 bond rmsd: 0.001822
micro_cycle   5 rmsd(b):  0.0018 rws:  1.000 n_fev: 261
  step:   1 bond rmsd: 0.001822
  step:   2 bond rmsd: 0.072088
  step:   3 bond rmsd: 0.006450
  step:   4 bond rmsd: 0.005275
  step:   5 bond rmsd: 0.004359
  step:   6 bond rmsd: 0.003654
  step:   7 bond rmsd: 0.003121
  step:   8 bond rmsd: 0.002724
  step:   9 bond rmsd: 0.002437
  step:  10 bond rmsd: 0.002233
  step:  11 bond rmsd: 0.002092
  step:  12 bond rmsd: 0.001996
  step:  13 bond rmsd: 0.001932
  step:  14 bond rmsd: 0.001890
  step:  15 bond rmsd: 0.001862
  step:  16 bond rmsd: 0.001844
  step:  17 bond rmsd: 0.001832
  step:  18 bond rmsd: 0.001825
  step:  19 bond rmsd: 0.001819
  step:  20 bond rmsd: 0.001816
  step:  21 bond rmsd: 0.001814
  step:  22 bond rmsd: 0.001813
  step:  23 bond rmsd: 0.001812
  step:  24 bond rmsd: 0.001811
  step:  25 bond rmsd: 0.001811
  step:  26 bond rmsd: 0.001812
  step:  27 bond rmsd: 0.001812
  step:  28 bond rmsd: 0.001814
  step:  29 bond rmsd: 0.001816
  step:  30 bond rmsd: 0.001820
  step:  31 bond rmsd: 0.001826
  step:  32 bond rmsd: 0.001820
  step:  33 bond rmsd: 0.001831
  step:  34 bond rmsd: 0.001842
  step:  35 bond rmsd: 0.001853
  step:  36 bond rmsd: 0.001867
  step:  37 bond rmsd: 0.001890
  step:  38 bond rmsd: 0.001897
  step:  39 bond rmsd: 0.001915
  step:  40 bond rmsd: 0.001934
  step:  41 bond rmsd: 0.001952
  step:  42 bond rmsd: 0.001985
  step:  43 bond rmsd: 0.002007
  step:  44 bond rmsd: 0.002064
  step:  45 bond rmsd: 0.002078
  step:  46 bond rmsd: 0.002093
  step:  47 bond rmsd: 0.002115
  step:  48 bond rmsd: 0.002130
  step:  49 bond rmsd: 0.002156
  step:  50 bond rmsd: 0.002157
  step:  51 bond rmsd: 0.002182
  step:  52 bond rmsd: 0.002189
micro_cycle   6 rmsd(b):  0.0022 rws:  1.000 n_fev: 313
  step:   1 bond rmsd: 0.002189
  step:   2 bond rmsd: 0.045339
  step:   3 bond rmsd: 0.045339
  step:   4 bond rmsd: 0.036187
  step:   5 bond rmsd: 0.028824
  step:   6 bond rmsd: 0.023028
  step:   7 bond rmsd: 0.018450
  step:   8 bond rmsd: 0.014824
  step:   9 bond rmsd: 0.011948
  step:  10 bond rmsd: 0.009668
  step:  11 bond rmsd: 0.007865
  step:  12 bond rmsd: 0.006446
  step:  13 bond rmsd: 0.005337
  step:  14 bond rmsd: 0.004478
  step:  15 bond rmsd: 0.003822
  step:  16 bond rmsd: 0.003329
  step:  17 bond rmsd: 0.002965
  step:  18 bond rmsd: 0.002701
  step:  19 bond rmsd: 0.002513
  step:  20 bond rmsd: 0.002381
  step:  21 bond rmsd: 0.002289
  step:  22 bond rmsd: 0.002225
  step:  23 bond rmsd: 0.002180
  step:  24 bond rmsd: 0.002148
  step:  25 bond rmsd: 0.002125
  step:  26 bond rmsd: 0.002108
  step:  27 bond rmsd: 0.002096
  step:  28 bond rmsd: 0.002085
  step:  29 bond rmsd: 0.002076
  step:  30 bond rmsd: 0.002068
  step:  31 bond rmsd: 0.002059
  step:  32 bond rmsd: 0.002049
  step:  33 bond rmsd: 0.002037
  step:  34 bond rmsd: 0.002019
  step:  35 bond rmsd: 0.001993
  step:  36 bond rmsd: 0.001945
  step:  37 bond rmsd: 0.001905
  step:  38 bond rmsd: 0.001898
  step:  39 bond rmsd: 0.001879
  step:  40 bond rmsd: 0.001851
  step:  41 bond rmsd: 0.001841
  step:  42 bond rmsd: 0.001830
  step:  43 bond rmsd: 0.001821
  step:  44 bond rmsd: 0.001813
  step:  45 bond rmsd: 0.001805
  step:  46 bond rmsd: 0.001800
  step:  47 bond rmsd: 0.001790
  step:  48 bond rmsd: 0.001786
  step:  49 bond rmsd: 0.001780
  step:  50 bond rmsd: 0.001777
  step:  51 bond rmsd: 0.001772
  step:  52 bond rmsd: 0.001767
micro_cycle   7 rmsd(b):  0.0018 rws:  1.000 n_fev: 365
  step:   1 bond rmsd: 0.001767
  step:   2 bond rmsd: 0.054928
  step:   3 bond rmsd: 0.002607
  step:   4 bond rmsd: 0.002348
  step:   5 bond rmsd: 0.002164
  step:   6 bond rmsd: 0.002036
  step:   7 bond rmsd: 0.001949
  step:   8 bond rmsd: 0.001889
  step:   9 bond rmsd: 0.001849
  step:  10 bond rmsd: 0.001823
  step:  11 bond rmsd: 0.001805
  step:  12 bond rmsd: 0.001793
  step:  13 bond rmsd: 0.001785
  step:  14 bond rmsd: 0.001779
  step:  15 bond rmsd: 0.001775
  step:  16 bond rmsd: 0.001772
  step:  17 bond rmsd: 0.001771
  step:  18 bond rmsd: 0.001769
  step:  19 bond rmsd: 0.001768
  step:  20 bond rmsd: 0.001767
  step:  21 bond rmsd: 0.001766
  step:  22 bond rmsd: 0.001766
  step:  23 bond rmsd: 0.001765
  step:  24 bond rmsd: 0.001764
  step:  25 bond rmsd: 0.001764
  step:  26 bond rmsd: 0.001763
  step:  27 bond rmsd: 0.001762
  step:  28 bond rmsd: 0.001762
  step:  29 bond rmsd: 0.001761
  step:  30 bond rmsd: 0.001765
  step:  31 bond rmsd: 0.001770
  step:  32 bond rmsd: 0.001776
  step:  33 bond rmsd: 0.001795
  step:  34 bond rmsd: 0.001805
  step:  35 bond rmsd: 0.001822
  step:  36 bond rmsd: 0.001841
  step:  37 bond rmsd: 0.001860
  step:  38 bond rmsd: 0.001881
  step:  39 bond rmsd: 0.001907
  step:  40 bond rmsd: 0.001934
  step:  41 bond rmsd: 0.001970
  step:  42 bond rmsd: 0.002002
  step:  43 bond rmsd: 0.002039
  step:  44 bond rmsd: 0.002099
  step:  45 bond rmsd: 0.002133
  step:  46 bond rmsd: 0.002178
  step:  47 bond rmsd: 0.002222
  step:  48 bond rmsd: 0.002261
  step:  49 bond rmsd: 0.002296
  step:  50 bond rmsd: 0.002298
  step:  51 bond rmsd: 0.002310
  step:  52 bond rmsd: 0.002348
micro_cycle   8 rmsd(b):  0.0023 rws:  1.000 n_fev: 417
  step:   1 bond rmsd: 0.002348
  step:   2 bond rmsd: 0.049447
  step:   3 bond rmsd: 0.049447
  step:   4 bond rmsd: 0.039700
  step:   5 bond rmsd: 0.031837
  step:   6 bond rmsd: 0.025584
  step:   7 bond rmsd: 0.020584
  step:   8 bond rmsd: 0.016573
  step:   9 bond rmsd: 0.013353
  step:  10 bond rmsd: 0.010771
  step:  11 bond rmsd: 0.008708
  step:  12 bond rmsd: 0.007067
  step:  13 bond rmsd: 0.005774
  step:  14 bond rmsd: 0.004765
  step:  15 bond rmsd: 0.003989
  step:  16 bond rmsd: 0.003405
  step:  17 bond rmsd: 0.002975
  step:  18 bond rmsd: 0.002669
  step:  19 bond rmsd: 0.002456
  step:  20 bond rmsd: 0.002313
  step:  21 bond rmsd: 0.002220
  step:  22 bond rmsd: 0.002159
  step:  23 bond rmsd: 0.002121
  step:  24 bond rmsd: 0.002097
  step:  25 bond rmsd: 0.002082
  step:  26 bond rmsd: 0.002072
  step:  27 bond rmsd: 0.002066
  step:  28 bond rmsd: 0.002061
  step:  29 bond rmsd: 0.002057
  step:  30 bond rmsd: 0.002053
  step:  31 bond rmsd: 0.002049
  step:  32 bond rmsd: 0.002042
  step:  33 bond rmsd: 0.002033
  step:  34 bond rmsd: 0.002017
  step:  35 bond rmsd: 0.001992
  step:  36 bond rmsd: 0.001951
  step:  37 bond rmsd: 0.001890
  step:  38 bond rmsd: 0.001846
  step:  39 bond rmsd: 0.001823
  step:  40 bond rmsd: 0.001806
  step:  41 bond rmsd: 0.001781
  step:  42 bond rmsd: 0.001767
  step:  43 bond rmsd: 0.001758
  step:  44 bond rmsd: 0.001747
  step:  45 bond rmsd: 0.001740
  step:  46 bond rmsd: 0.001733
  step:  47 bond rmsd: 0.001728
  step:  48 bond rmsd: 0.001726
  step:  49 bond rmsd: 0.001723
  step:  50 bond rmsd: 0.001725
  step:  51 bond rmsd: 0.001723
  step:  52 bond rmsd: 0.001726
micro_cycle   9 rmsd(b):  0.0017 rws:  1.000 n_fev: 469
  step:   1 bond rmsd: 0.001726
  step:   2 bond rmsd: 0.040076
  step:   3 bond rmsd: 0.002678
  step:   4 bond rmsd: 0.002364
  step:   5 bond rmsd: 0.002142
  step:   6 bond rmsd: 0.001990
  step:   7 bond rmsd: 0.001889
  step:   8 bond rmsd: 0.001823
  step:   9 bond rmsd: 0.001781
  step:  10 bond rmsd: 0.001755
  step:  11 bond rmsd: 0.001740
  step:  12 bond rmsd: 0.001731
  step:  13 bond rmsd: 0.001726
  step:  14 bond rmsd: 0.001723
  step:  15 bond rmsd: 0.001722
  step:  16 bond rmsd: 0.001722
  step:  17 bond rmsd: 0.001722
  step:  18 bond rmsd: 0.001723
  step:  19 bond rmsd: 0.001724
  step:  20 bond rmsd: 0.001724
  step:  21 bond rmsd: 0.001725
  step:  22 bond rmsd: 0.001726
  step:  23 bond rmsd: 0.001727
  step:  24 bond rmsd: 0.001729
  step:  25 bond rmsd: 0.001730
  step:  26 bond rmsd: 0.001733
  step:  27 bond rmsd: 0.001736
  step:  28 bond rmsd: 0.001739
  step:  29 bond rmsd: 0.001743
  step:  30 bond rmsd: 0.001745
  step:  31 bond rmsd: 0.001751
  step:  32 bond rmsd: 0.001757
  step:  33 bond rmsd: 0.001755
  step:  34 bond rmsd: 0.001757
  step:  35 bond rmsd: 0.001762
  step:  36 bond rmsd: 0.001767
  step:  37 bond rmsd: 0.001769
  step:  38 bond rmsd: 0.001772
  step:  39 bond rmsd: 0.001772
  step:  40 bond rmsd: 0.001775
  step:  41 bond rmsd: 0.001770
  step:  42 bond rmsd: 0.001768
  step:  43 bond rmsd: 0.001773
  step:  44 bond rmsd: 0.001767
  step:  45 bond rmsd: 0.001761
  step:  46 bond rmsd: 0.001751
  step:  47 bond rmsd: 0.001740
  step:  48 bond rmsd: 0.001726
  step:  49 bond rmsd: 0.001708
  step:  50 bond rmsd: 0.001691
  step:  51 bond rmsd: 0.001679
  step:  52 bond rmsd: 0.001665
micro_cycle  10 rmsd(b):  0.0017 rws:  1.000 n_fev: 521
  step:   1 bond rmsd: 0.001665
  step:   2 bond rmsd: 0.058448
  step:   3 bond rmsd: 0.001957
  step:   4 bond rmsd: 0.001872
  step:   5 bond rmsd: 0.001813
  step:   6 bond rmsd: 0.001771
  step:   7 bond rmsd: 0.001743
  step:   8 bond rmsd: 0.001723
  step:   9 bond rmsd: 0.001708
  step:  10 bond rmsd: 0.001698
  step:  11 bond rmsd: 0.001691
  step:  12 bond rmsd: 0.001686
  step:  13 bond rmsd: 0.001682
  step:  14 bond rmsd: 0.001679
  step:  15 bond rmsd: 0.001677
  step:  16 bond rmsd: 0.001675
  step:  17 bond rmsd: 0.001674
  step:  18 bond rmsd: 0.001672
  step:  19 bond rmsd: 0.001672
  step:  20 bond rmsd: 0.001671
  step:  21 bond rmsd: 0.001671
  step:  22 bond rmsd: 0.001672
  step:  23 bond rmsd: 0.001676
  step:  24 bond rmsd: 0.001685
  step:  25 bond rmsd: 0.001698
  step:  26 bond rmsd: 0.001704
  step:  27 bond rmsd: 0.001713
  step:  28 bond rmsd: 0.001723
  step:  29 bond rmsd: 0.001730
  step:  30 bond rmsd: 0.001742
  step:  31 bond rmsd: 0.001749
  step:  32 bond rmsd: 0.001756
  step:  33 bond rmsd: 0.001761
  step:  34 bond rmsd: 0.001763
  step:  35 bond rmsd: 0.001767
  step:  36 bond rmsd: 0.001766
  step:  37 bond rmsd: 0.001765
  step:  38 bond rmsd: 0.001762
  step:  39 bond rmsd: 0.001756
  step:  40 bond rmsd: 0.001745
  step:  41 bond rmsd: 0.001738
  step:  42 bond rmsd: 0.001729
  step:  43 bond rmsd: 0.001722
  step:  44 bond rmsd: 0.001714
  step:  45 bond rmsd: 0.001710
  step:  46 bond rmsd: 0.001706
  step:  47 bond rmsd: 0.001701
  step:  48 bond rmsd: 0.001699
  step:  49 bond rmsd: 0.001697
  step:  50 bond rmsd: 0.001694
  step:  51 bond rmsd: 0.001697
  step:  52 bond rmsd: 0.001696
micro_cycle  11 rmsd(b):  0.0017 rws:  1.000 n_fev: 573
  step:   1 bond rmsd: 0.001696
  step:   2 bond rmsd: 0.049445
  step:   3 bond rmsd: 0.001911
  step:   4 bond rmsd: 0.001850
  step:   5 bond rmsd: 0.001807
  step:   6 bond rmsd: 0.001777
  step:   7 bond rmsd: 0.001756
  step:   8 bond rmsd: 0.001742
  step:   9 bond rmsd: 0.001732
  step:  10 bond rmsd: 0.001725
  step:  11 bond rmsd: 0.001720
  step:  12 bond rmsd: 0.001717
  step:  13 bond rmsd: 0.001715
  step:  14 bond rmsd: 0.001714
  step:  15 bond rmsd: 0.001713
  step:  16 bond rmsd: 0.001712
  step:  17 bond rmsd: 0.001712
  step:  18 bond rmsd: 0.001712
  step:  19 bond rmsd: 0.001713
  step:  20 bond rmsd: 0.001714
  step:  21 bond rmsd: 0.001715
  step:  22 bond rmsd: 0.001719
  step:  23 bond rmsd: 0.001724
  step:  24 bond rmsd: 0.001731
  step:  25 bond rmsd: 0.001737
  step:  26 bond rmsd: 0.001743
  step:  27 bond rmsd: 0.001768
  step:  28 bond rmsd: 0.001772
  step:  29 bond rmsd: 0.001775
  step:  30 bond rmsd: 0.001780
  step:  31 bond rmsd: 0.001783
  step:  32 bond rmsd: 0.001787
  step:  33 bond rmsd: 0.001788
  step:  34 bond rmsd: 0.001789
  step:  35 bond rmsd: 0.001796
  step:  36 bond rmsd: 0.001795
  step:  37 bond rmsd: 0.001796
  step:  38 bond rmsd: 0.001792
  step:  39 bond rmsd: 0.001787
  step:  40 bond rmsd: 0.001779
  step:  41 bond rmsd: 0.001763
  step:  42 bond rmsd: 0.001748
  step:  43 bond rmsd: 0.001732
  step:  44 bond rmsd: 0.001713
  step:  45 bond rmsd: 0.001696
  step:  46 bond rmsd: 0.001685
  step:  47 bond rmsd: 0.001665
  step:  48 bond rmsd: 0.001656
  step:  49 bond rmsd: 0.001649
  step:  50 bond rmsd: 0.001642
  step:  51 bond rmsd: 0.001637
  step:  52 bond rmsd: 0.001633
micro_cycle  12 rmsd(b):  0.0016 rws:  1.000 n_fev: 625
  step:   1 bond rmsd: 0.001633
  step:   2 bond rmsd: 0.075949
  step:   3 bond rmsd: 0.002165
  step:   4 bond rmsd: 0.001990
  step:   5 bond rmsd: 0.001869
  step:   6 bond rmsd: 0.001787
  step:   7 bond rmsd: 0.001733
  step:   8 bond rmsd: 0.001698
  step:   9 bond rmsd: 0.001675
  step:  10 bond rmsd: 0.001660
  step:  11 bond rmsd: 0.001651
  step:  12 bond rmsd: 0.001645
  step:  13 bond rmsd: 0.001641
  step:  14 bond rmsd: 0.001639
  step:  15 bond rmsd: 0.001638
  step:  16 bond rmsd: 0.001637
  step:  17 bond rmsd: 0.001637
  step:  18 bond rmsd: 0.001638
  step:  19 bond rmsd: 0.001638
  step:  20 bond rmsd: 0.001639
  step:  21 bond rmsd: 0.001640
  step:  22 bond rmsd: 0.001642
  step:  23 bond rmsd: 0.001644
  step:  24 bond rmsd: 0.001648
  step:  25 bond rmsd: 0.001655
  step:  26 bond rmsd: 0.001665
  step:  27 bond rmsd: 0.001678
  step:  28 bond rmsd: 0.001691
  step:  29 bond rmsd: 0.001703
  step:  30 bond rmsd: 0.001723
  step:  31 bond rmsd: 0.001733
  step:  32 bond rmsd: 0.001741
  step:  33 bond rmsd: 0.001751
  step:  34 bond rmsd: 0.001758
  step:  35 bond rmsd: 0.001769
  step:  36 bond rmsd: 0.001776
  step:  37 bond rmsd: 0.001782
  step:  38 bond rmsd: 0.001794
  step:  39 bond rmsd: 0.001798
  step:  40 bond rmsd: 0.001795
  step:  41 bond rmsd: 0.001791
  step:  42 bond rmsd: 0.001780
  step:  43 bond rmsd: 0.001765
  step:  44 bond rmsd: 0.001755
  step:  45 bond rmsd: 0.001729
  step:  46 bond rmsd: 0.001724
  step:  47 bond rmsd: 0.001720
  step:  48 bond rmsd: 0.001713
  step:  49 bond rmsd: 0.001710
  step:  50 bond rmsd: 0.001707
  step:  51 bond rmsd: 0.001704
  step:  52 bond rmsd: 0.001700
micro_cycle  13 rmsd(b):  0.0017 rws:  1.000 n_fev: 677
  step:   1 bond rmsd: 0.001700
  step:   2 bond rmsd: 0.057507
  step:   3 bond rmsd: 0.001721
  step:   4 bond rmsd: 0.001716
  step:   5 bond rmsd: 0.001712
  step:   6 bond rmsd: 0.001709
  step:   7 bond rmsd: 0.001707
  step:   8 bond rmsd: 0.001706
  step:   9 bond rmsd: 0.001705
  step:  10 bond rmsd: 0.001704
  step:  11 bond rmsd: 0.001704
  step:  12 bond rmsd: 0.001704
  step:  13 bond rmsd: 0.001704
  step:  14 bond rmsd: 0.001704
  step:  15 bond rmsd: 0.001705
  step:  16 bond rmsd: 0.001706
  step:  17 bond rmsd: 0.001708
  step:  18 bond rmsd: 0.001711
  step:  19 bond rmsd: 0.001715
  step:  20 bond rmsd: 0.001718
  step:  21 bond rmsd: 0.001722
  step:  22 bond rmsd: 0.001730
  step:  23 bond rmsd: 0.001732
  step:  24 bond rmsd: 0.001733
  step:  25 bond rmsd: 0.001735
  step:  26 bond rmsd: 0.001735
  step:  27 bond rmsd: 0.001735
  step:  28 bond rmsd: 0.001735
  step:  29 bond rmsd: 0.001734
  step:  30 bond rmsd: 0.001734
  step:  31 bond rmsd: 0.001730
  step:  32 bond rmsd: 0.001728
  step:  33 bond rmsd: 0.001724
  step:  34 bond rmsd: 0.001721
  step:  35 bond rmsd: 0.001716
  step:  36 bond rmsd: 0.001708
  step:  37 bond rmsd: 0.001694
  step:  38 bond rmsd: 0.001680
  step:  39 bond rmsd: 0.001666
  step:  40 bond rmsd: 0.001654
  step:  41 bond rmsd: 0.001646
  step:  42 bond rmsd: 0.001640
  step:  43 bond rmsd: 0.001631
  step:  44 bond rmsd: 0.001628
  step:  45 bond rmsd: 0.001624
  step:  46 bond rmsd: 0.001624
  step:  47 bond rmsd: 0.001625
  step:  48 bond rmsd: 0.001632
  step:  49 bond rmsd: 0.001636
  step:  50 bond rmsd: 0.001653
  step:  51 bond rmsd: 0.001659
  step:  52 bond rmsd: 0.001667
micro_cycle  14 rmsd(b):  0.0017 rws:  1.000 n_fev: 729
  step:   1 bond rmsd: 0.001667
  step:   2 bond rmsd: 0.067962
  step:   3 bond rmsd: 0.003017
  step:   4 bond rmsd: 0.002597
  step:   5 bond rmsd: 0.002290
  step:   6 bond rmsd: 0.002073
  step:   7 bond rmsd: 0.001923
  step:   8 bond rmsd: 0.001822
  step:   9 bond rmsd: 0.001756
  step:  10 bond rmsd: 0.001714
  step:  11 bond rmsd: 0.001687
  step:  12 bond rmsd: 0.001671
  step:  13 bond rmsd: 0.001661
  step:  14 bond rmsd: 0.001656
  step:  15 bond rmsd: 0.001652
  step:  16 bond rmsd: 0.001651
  step:  17 bond rmsd: 0.001650
  step:  18 bond rmsd: 0.001650
  step:  19 bond rmsd: 0.001651
  step:  20 bond rmsd: 0.001651
  step:  21 bond rmsd: 0.001652
  step:  22 bond rmsd: 0.001653
  step:  23 bond rmsd: 0.001654
  step:  24 bond rmsd: 0.001656
  step:  25 bond rmsd: 0.001658
  step:  26 bond rmsd: 0.001661
  step:  27 bond rmsd: 0.001665
  step:  28 bond rmsd: 0.001658
  step:  29 bond rmsd: 0.001664
  step:  30 bond rmsd: 0.001666
  step:  31 bond rmsd: 0.001667
  step:  32 bond rmsd: 0.001667
  step:  33 bond rmsd: 0.001668
  step:  34 bond rmsd: 0.001666
  step:  35 bond rmsd: 0.001668
  step:  36 bond rmsd: 0.001668
  step:  37 bond rmsd: 0.001668
  step:  38 bond rmsd: 0.001669
  step:  39 bond rmsd: 0.001669
  step:  40 bond rmsd: 0.001670
  step:  41 bond rmsd: 0.001669
  step:  42 bond rmsd: 0.001670
  step:  43 bond rmsd: 0.001671
  step:  44 bond rmsd: 0.001672
  step:  45 bond rmsd: 0.001673
  step:  46 bond rmsd: 0.001678
  step:  47 bond rmsd: 0.001679
  step:  48 bond rmsd: 0.001680
  step:  49 bond rmsd: 0.001682
  step:  50 bond rmsd: 0.001683
  step:  51 bond rmsd: 0.001687
  step:  52 bond rmsd: 0.001688
micro_cycle  15 rmsd(b):  0.0017 rws:  1.000 n_fev: 781
  step:   1 bond rmsd: 0.001688
  step:   2 bond rmsd: 0.063839
  step:   3 bond rmsd: 0.001719
  step:   4 bond rmsd: 0.001710
  step:   5 bond rmsd: 0.001703
  step:   6 bond rmsd: 0.001699
  step:   7 bond rmsd: 0.001696
  step:   8 bond rmsd: 0.001693
  step:   9 bond rmsd: 0.001692
  step:  10 bond rmsd: 0.001690
  step:  11 bond rmsd: 0.001689
  step:  12 bond rmsd: 0.001689
  step:  13 bond rmsd: 0.001688
  step:  14 bond rmsd: 0.001688
  step:  15 bond rmsd: 0.001688
  step:  16 bond rmsd: 0.001688
  step:  17 bond rmsd: 0.001688
  step:  18 bond rmsd: 0.001688
  step:  19 bond rmsd: 0.001689
  step:  20 bond rmsd: 0.001691
  step:  21 bond rmsd: 0.001694
  step:  22 bond rmsd: 0.001697
  step:  23 bond rmsd: 0.001697
  step:  24 bond rmsd: 0.001701
  step:  25 bond rmsd: 0.001703
  step:  26 bond rmsd: 0.001706
  step:  27 bond rmsd: 0.001707
  step:  28 bond rmsd: 0.001710
  step:  29 bond rmsd: 0.001711
  step:  30 bond rmsd: 0.001711
  step:  31 bond rmsd: 0.001712
  step:  32 bond rmsd: 0.001711
  step:  33 bond rmsd: 0.001708
  step:  34 bond rmsd: 0.001705
  step:  35 bond rmsd: 0.001702
  step:  36 bond rmsd: 0.001698
  step:  37 bond rmsd: 0.001693
  step:  38 bond rmsd: 0.001684
  step:  39 bond rmsd: 0.001679
  step:  40 bond rmsd: 0.001673
  step:  41 bond rmsd: 0.001667
  step:  42 bond rmsd: 0.001664
  step:  43 bond rmsd: 0.001652
  step:  44 bond rmsd: 0.001651
  step:  45 bond rmsd: 0.001648
  step:  46 bond rmsd: 0.001646
  step:  47 bond rmsd: 0.001643
  step:  48 bond rmsd: 0.001642
  step:  49 bond rmsd: 0.001641
  step:  50 bond rmsd: 0.001639
  step:  51 bond rmsd: 0.001647
  step:  52 bond rmsd: 0.001645
micro_cycle  16 rmsd(b):  0.0016 rws:  1.000 n_fev: 833
  step:   1 bond rmsd: 0.001645
  step:   2 bond rmsd: 0.048085
  step:   3 bond rmsd: 0.003347
  step:   4 bond rmsd: 0.002826
  step:   5 bond rmsd: 0.002440
  step:   6 bond rmsd: 0.002162
  step:   7 bond rmsd: 0.001969
  step:   8 bond rmsd: 0.001839
  step:   9 bond rmsd: 0.001754
  step:  10 bond rmsd: 0.001701
  step:  11 bond rmsd: 0.001668
  step:  12 bond rmsd: 0.001649
  step:  13 bond rmsd: 0.001639
  step:  14 bond rmsd: 0.001633
  step:  15 bond rmsd: 0.001631
  step:  16 bond rmsd: 0.001630
  step:  17 bond rmsd: 0.001631
  step:  18 bond rmsd: 0.001632
  step:  19 bond rmsd: 0.001633
  step:  20 bond rmsd: 0.001634
  step:  21 bond rmsd: 0.001635
  step:  22 bond rmsd: 0.001637
  step:  23 bond rmsd: 0.001638
  step:  24 bond rmsd: 0.001639
  step:  25 bond rmsd: 0.001641
  step:  26 bond rmsd: 0.001642
  step:  27 bond rmsd: 0.001644
  step:  28 bond rmsd: 0.001647
  step:  29 bond rmsd: 0.001650
  step:  30 bond rmsd: 0.001655
  step:  31 bond rmsd: 0.001660
  step:  32 bond rmsd: 0.001664
  step:  33 bond rmsd: 0.001670
  step:  34 bond rmsd: 0.001677
  step:  35 bond rmsd: 0.001683
  step:  36 bond rmsd: 0.001689
  step:  37 bond rmsd: 0.001693
  step:  38 bond rmsd: 0.001698
  step:  39 bond rmsd: 0.001702
  step:  40 bond rmsd: 0.001705
  step:  41 bond rmsd: 0.001710
  step:  42 bond rmsd: 0.001712
  step:  43 bond rmsd: 0.001714
  step:  44 bond rmsd: 0.001715
  step:  45 bond rmsd: 0.001715
  step:  46 bond rmsd: 0.001713
  step:  47 bond rmsd: 0.001711
  step:  48 bond rmsd: 0.001710
  step:  49 bond rmsd: 0.001706
  step:  50 bond rmsd: 0.001701
  step:  51 bond rmsd: 0.001692
  step:  52 bond rmsd: 0.001687
micro_cycle  17 rmsd(b):  0.0017 rws:  1.000 n_fev: 885
  step:   1 bond rmsd: 0.001687
  step:   2 bond rmsd: 0.044699
  step:   3 bond rmsd: 0.001769
  step:   4 bond rmsd: 0.001728
  step:   5 bond rmsd: 0.001703
  step:   6 bond rmsd: 0.001689
  step:   7 bond rmsd: 0.001681
  step:   8 bond rmsd: 0.001677
  step:   9 bond rmsd: 0.001675
  step:  10 bond rmsd: 0.001675
  step:  11 bond rmsd: 0.001675
  step:  12 bond rmsd: 0.001676
  step:  13 bond rmsd: 0.001677
  step:  14 bond rmsd: 0.001678
  step:  15 bond rmsd: 0.001679
  step:  16 bond rmsd: 0.001680
  step:  17 bond rmsd: 0.001681
  step:  18 bond rmsd: 0.001682
  step:  19 bond rmsd: 0.001683
  step:  20 bond rmsd: 0.001684
  step:  21 bond rmsd: 0.001685
  step:  22 bond rmsd: 0.001686
  step:  23 bond rmsd: 0.001688
  step:  24 bond rmsd: 0.001688
  step:  25 bond rmsd: 0.001687
  step:  26 bond rmsd: 0.001672
  step:  27 bond rmsd: 0.001673
  step:  28 bond rmsd: 0.001671
  step:  29 bond rmsd: 0.001672
  step:  30 bond rmsd: 0.001668
  step:  31 bond rmsd: 0.001666
  step:  32 bond rmsd: 0.001662
  step:  33 bond rmsd: 0.001660
  step:  34 bond rmsd: 0.001657
  step:  35 bond rmsd: 0.001656
  step:  36 bond rmsd: 0.001654
  step:  37 bond rmsd: 0.001652
  step:  38 bond rmsd: 0.001650
  step:  39 bond rmsd: 0.001649
  step:  40 bond rmsd: 0.001645
  step:  41 bond rmsd: 0.001644
  step:  42 bond rmsd: 0.001642
  step:  43 bond rmsd: 0.001642
  step:  44 bond rmsd: 0.001641
  step:  45 bond rmsd: 0.001646
  step:  46 bond rmsd: 0.001648
  step:  47 bond rmsd: 0.001650
  step:  48 bond rmsd: 0.001655
  step:  49 bond rmsd: 0.001660
  step:  50 bond rmsd: 0.001670
  step:  51 bond rmsd: 0.001675
  step:  52 bond rmsd: 0.001694
micro_cycle  18 rmsd(b):  0.0017 rws:  1.000 n_fev: 937
  step:   1 bond rmsd: 0.001694
  step:   2 bond rmsd: 0.049974
  step:   3 bond rmsd: 0.005347
  step:   4 bond rmsd: 0.004370
  step:   5 bond rmsd: 0.003614
  step:   6 bond rmsd: 0.003037
  step:   7 bond rmsd: 0.002606
  step:   8 bond rmsd: 0.002293
  step:   9 bond rmsd: 0.002072
  step:  10 bond rmsd: 0.001921
  step:  11 bond rmsd: 0.001822
  step:  12 bond rmsd: 0.001758
  step:  13 bond rmsd: 0.001718
  step:  14 bond rmsd: 0.001694
  step:  15 bond rmsd: 0.001680
  step:  16 bond rmsd: 0.001672
  step:  17 bond rmsd: 0.001667
  step:  18 bond rmsd: 0.001665
  step:  19 bond rmsd: 0.001665
  step:  20 bond rmsd: 0.001665
  step:  21 bond rmsd: 0.001665
  step:  22 bond rmsd: 0.001666
  step:  23 bond rmsd: 0.001667
  step:  24 bond rmsd: 0.001667
  step:  25 bond rmsd: 0.001668
  step:  26 bond rmsd: 0.001669
  step:  27 bond rmsd: 0.001669
  step:  28 bond rmsd: 0.001670
  step:  29 bond rmsd: 0.001670
  step:  30 bond rmsd: 0.001670
  step:  31 bond rmsd: 0.001669
  step:  32 bond rmsd: 0.001662
  step:  33 bond rmsd: 0.001662
  step:  34 bond rmsd: 0.001666
  step:  35 bond rmsd: 0.001660
  step:  36 bond rmsd: 0.001664
  step:  37 bond rmsd: 0.001668
  step:  38 bond rmsd: 0.001673
  step:  39 bond rmsd: 0.001678
  step:  40 bond rmsd: 0.001681
  step:  41 bond rmsd: 0.001685
  step:  42 bond rmsd: 0.001687
  step:  43 bond rmsd: 0.001689
  step:  44 bond rmsd: 0.001690
  step:  45 bond rmsd: 0.001690
  step:  46 bond rmsd: 0.001690
  step:  47 bond rmsd: 0.001688
  step:  48 bond rmsd: 0.001686
  step:  49 bond rmsd: 0.001682
  step:  50 bond rmsd: 0.001679
  step:  51 bond rmsd: 0.001676
  step:  52 bond rmsd: 0.001672
micro_cycle  19 rmsd(b):  0.0017 rws:  1.000 n_fev: 989
  step:   1 bond rmsd: 0.001672
  step:   2 bond rmsd: 0.048704
  step:   3 bond rmsd: 0.001807
  step:   4 bond rmsd: 0.001753
  step:   5 bond rmsd: 0.001719
  step:   6 bond rmsd: 0.001697
  step:   7 bond rmsd: 0.001684
  step:   8 bond rmsd: 0.001676
  step:   9 bond rmsd: 0.001671
  step:  10 bond rmsd: 0.001668
  step:  11 bond rmsd: 0.001666
  step:  12 bond rmsd: 0.001666
  step:  13 bond rmsd: 0.001665
  step:  14 bond rmsd: 0.001665
  step:  15 bond rmsd: 0.001664
  step:  16 bond rmsd: 0.001664
  step:  17 bond rmsd: 0.001664
  step:  18 bond rmsd: 0.001664
  step:  19 bond rmsd: 0.001664
  step:  20 bond rmsd: 0.001664
  step:  21 bond rmsd: 0.001663
  step:  22 bond rmsd: 0.001663
  step:  23 bond rmsd: 0.001662
  step:  24 bond rmsd: 0.001660
  step:  25 bond rmsd: 0.001658
  step:  26 bond rmsd: 0.001653
  step:  27 bond rmsd: 0.001647
  step:  28 bond rmsd: 0.001643
  step:  29 bond rmsd: 0.001640
  step:  30 bond rmsd: 0.001635
  step:  31 bond rmsd: 0.001635
  step:  32 bond rmsd: 0.001633
  step:  33 bond rmsd: 0.001632
  step:  34 bond rmsd: 0.001631
  step:  35 bond rmsd: 0.001631
  step:  36 bond rmsd: 0.001631
  step:  37 bond rmsd: 0.001631
  step:  38 bond rmsd: 0.001632
  step:  39 bond rmsd: 0.001633
  step:  40 bond rmsd: 0.001633
  step:  41 bond rmsd: 0.001634
  step:  42 bond rmsd: 0.001636
  step:  43 bond rmsd: 0.001637
  step:  44 bond rmsd: 0.001639
  step:  45 bond rmsd: 0.001641
  step:  46 bond rmsd: 0.001644
  step:  47 bond rmsd: 0.001647
  step:  48 bond rmsd: 0.001656
  step:  49 bond rmsd: 0.001665
  step:  50 bond rmsd: 0.001675
  step:  51 bond rmsd: 0.001689
  step:  52 bond rmsd: 0.001711
  step:  53 bond rmsd: 0.001729
micro_cycle  20 rmsd(b):  0.0017 rws:  1.000 n_fev: 1042
  step:   1 bond rmsd: 0.001729
  step:   2 bond rmsd: 0.058650
  step:   3 bond rmsd: 0.002621
  step:   4 bond rmsd: 0.002321
  step:   5 bond rmsd: 0.002109
  step:   6 bond rmsd: 0.001965
  step:   7 bond rmsd: 0.001869
  step:   8 bond rmsd: 0.001806
  step:   9 bond rmsd: 0.001765
  step:  10 bond rmsd: 0.001740
  step:  11 bond rmsd: 0.001724
  step:  12 bond rmsd: 0.001714
  step:  13 bond rmsd: 0.001708
  step:  14 bond rmsd: 0.001704
  step:  15 bond rmsd: 0.001701
  step:  16 bond rmsd: 0.001700
  step:  17 bond rmsd: 0.001698
  step:  18 bond rmsd: 0.001697
  step:  19 bond rmsd: 0.001697
  step:  20 bond rmsd: 0.001696
  step:  21 bond rmsd: 0.001695
  step:  22 bond rmsd: 0.001694
  step:  23 bond rmsd: 0.001692
  step:  24 bond rmsd: 0.001690
  step:  25 bond rmsd: 0.001687
  step:  26 bond rmsd: 0.001682
  step:  27 bond rmsd: 0.001675
  step:  28 bond rmsd: 0.001663
  step:  29 bond rmsd: 0.001655
  step:  30 bond rmsd: 0.001649
  step:  31 bond rmsd: 0.001641
  step:  32 bond rmsd: 0.001638
  step:  33 bond rmsd: 0.001634
  step:  34 bond rmsd: 0.001633
  step:  35 bond rmsd: 0.001630
  step:  36 bond rmsd: 0.001631
  step:  37 bond rmsd: 0.001631
  step:  38 bond rmsd: 0.001633
  step:  39 bond rmsd: 0.001634
  step:  40 bond rmsd: 0.001638
  step:  41 bond rmsd: 0.001640
  step:  42 bond rmsd: 0.001642
  step:  43 bond rmsd: 0.001649
  step:  44 bond rmsd: 0.001651
  step:  45 bond rmsd: 0.001655
  step:  46 bond rmsd: 0.001660
  step:  47 bond rmsd: 0.001667
  step:  48 bond rmsd: 0.001674
  step:  49 bond rmsd: 0.001681
  step:  50 bond rmsd: 0.001693
  step:  51 bond rmsd: 0.001705
  step:  52 bond rmsd: 0.001716
micro_cycle  21 rmsd(b):  0.0017 rws:  1.000 n_fev: 1094
  step:   1 bond rmsd: 0.001716
  step:   2 bond rmsd: 0.058129
  step:   3 bond rmsd: 0.001866
  step:   4 bond rmsd: 0.001813
  step:   5 bond rmsd: 0.001778
  step:   6 bond rmsd: 0.001754
  step:   7 bond rmsd: 0.001737
  step:   8 bond rmsd: 0.001725
  step:   9 bond rmsd: 0.001716
  step:  10 bond rmsd: 0.001710
  step:  11 bond rmsd: 0.001705
  step:  12 bond rmsd: 0.001701
  step:  13 bond rmsd: 0.001698
  step:  14 bond rmsd: 0.001695
  step:  15 bond rmsd: 0.001692
  step:  16 bond rmsd: 0.001690
  step:  17 bond rmsd: 0.001688
  step:  18 bond rmsd: 0.001686
  step:  19 bond rmsd: 0.001683
  step:  20 bond rmsd: 0.001680
  step:  21 bond rmsd: 0.001676
  step:  22 bond rmsd: 0.001671
  step:  23 bond rmsd: 0.001664
  step:  24 bond rmsd: 0.001655
  step:  25 bond rmsd: 0.001647
  step:  26 bond rmsd: 0.001639
  step:  27 bond rmsd: 0.001633
  step:  28 bond rmsd: 0.001628
  step:  29 bond rmsd: 0.001630
  step:  30 bond rmsd: 0.001627
  step:  31 bond rmsd: 0.001625
  step:  32 bond rmsd: 0.001622
  step:  33 bond rmsd: 0.001620
  step:  34 bond rmsd: 0.001620
  step:  35 bond rmsd: 0.001618
  step:  36 bond rmsd: 0.001619
  step:  37 bond rmsd: 0.001620
  step:  38 bond rmsd: 0.001622
  step:  39 bond rmsd: 0.001626
  step:  40 bond rmsd: 0.001630
  step:  41 bond rmsd: 0.001634
  step:  42 bond rmsd: 0.001642
  step:  43 bond rmsd: 0.001647
  step:  44 bond rmsd: 0.001662
  step:  45 bond rmsd: 0.001668
  step:  46 bond rmsd: 0.001676
  step:  47 bond rmsd: 0.001686
  step:  48 bond rmsd: 0.001696
  step:  49 bond rmsd: 0.001708
  step:  50 bond rmsd: 0.001720
  step:  51 bond rmsd: 0.001739
  step:  52 bond rmsd: 0.001754
micro_cycle  22 rmsd(b):  0.0018 rws:  1.000 n_fev: 1146
  step:   1 bond rmsd: 0.001754
  step:   2 bond rmsd: 0.061176
  step:   3 bond rmsd: 0.001993
  step:   4 bond rmsd: 0.001907
  step:   5 bond rmsd: 0.001848
  step:   6 bond rmsd: 0.001807
  step:   7 bond rmsd: 0.001779
  step:   8 bond rmsd: 0.001759
  step:   9 bond rmsd: 0.001743
  step:  10 bond rmsd: 0.001732
  step:  11 bond rmsd: 0.001723
  step:  12 bond rmsd: 0.001717
  step:  13 bond rmsd: 0.001711
  step:  14 bond rmsd: 0.001707
  step:  15 bond rmsd: 0.001703
  step:  16 bond rmsd: 0.001700
  step:  17 bond rmsd: 0.001698
  step:  18 bond rmsd: 0.001695
  step:  19 bond rmsd: 0.001691
  step:  20 bond rmsd: 0.001687
  step:  21 bond rmsd: 0.001682
  step:  22 bond rmsd: 0.001674
  step:  23 bond rmsd: 0.001664
  step:  24 bond rmsd: 0.001651
  step:  25 bond rmsd: 0.001644
  step:  26 bond rmsd: 0.001637
  step:  27 bond rmsd: 0.001636
  step:  28 bond rmsd: 0.001633
  step:  29 bond rmsd: 0.001631
  step:  30 bond rmsd: 0.001627
  step:  31 bond rmsd: 0.001626
  step:  32 bond rmsd: 0.001624
  step:  33 bond rmsd: 0.001623
  step:  34 bond rmsd: 0.001623
  step:  35 bond rmsd: 0.001622
  step:  36 bond rmsd: 0.001623
  step:  37 bond rmsd: 0.001623
  step:  38 bond rmsd: 0.001624
  step:  39 bond rmsd: 0.001627
  step:  40 bond rmsd: 0.001629
  step:  41 bond rmsd: 0.001632
  step:  42 bond rmsd: 0.001640
  step:  43 bond rmsd: 0.001642
  step:  44 bond rmsd: 0.001646
  step:  45 bond rmsd: 0.001651
  step:  46 bond rmsd: 0.001656
  step:  47 bond rmsd: 0.001661
  step:  48 bond rmsd: 0.001668
  step:  49 bond rmsd: 0.001675
  step:  50 bond rmsd: 0.001683
  step:  51 bond rmsd: 0.001690
  step:  52 bond rmsd: 0.001695
micro_cycle  23 rmsd(b):  0.0017 rws:  1.000 n_fev: 1198
  step:   1 bond rmsd: 0.001695
  step:   2 bond rmsd: 0.050801
  step:   3 bond rmsd: 0.003499
  step:   4 bond rmsd: 0.002998
  step:   5 bond rmsd: 0.002624
  step:   6 bond rmsd: 0.002349
  step:   7 bond rmsd: 0.002150
  step:   8 bond rmsd: 0.002010
  step:   9 bond rmsd: 0.001912
  step:  10 bond rmsd: 0.001844
  step:  11 bond rmsd: 0.001797
  step:  12 bond rmsd: 0.001764
  step:  13 bond rmsd: 0.001741
  step:  14 bond rmsd: 0.001725
  step:  15 bond rmsd: 0.001714
  step:  16 bond rmsd: 0.001705
  step:  17 bond rmsd: 0.001699
  step:  18 bond rmsd: 0.001694
  step:  19 bond rmsd: 0.001690
  step:  20 bond rmsd: 0.001687
  step:  21 bond rmsd: 0.001684
  step:  22 bond rmsd: 0.001682
  step:  23 bond rmsd: 0.001680
  step:  24 bond rmsd: 0.001677
  step:  25 bond rmsd: 0.001675
  step:  26 bond rmsd: 0.001671
  step:  27 bond rmsd: 0.001667
  step:  28 bond rmsd: 0.001662
  step:  29 bond rmsd: 0.001654
  step:  30 bond rmsd: 0.001645
  step:  31 bond rmsd: 0.001642
  step:  32 bond rmsd: 0.001636
  step:  33 bond rmsd: 0.001631
  step:  34 bond rmsd: 0.001626
  step:  35 bond rmsd: 0.001626
  step:  36 bond rmsd: 0.001626
  step:  37 bond rmsd: 0.001632
  step:  38 bond rmsd: 0.001634
  step:  39 bond rmsd: 0.001636
  step:  40 bond rmsd: 0.001640
  step:  41 bond rmsd: 0.001642
  step:  42 bond rmsd: 0.001646
  step:  43 bond rmsd: 0.001648
  step:  44 bond rmsd: 0.001651
  step:  45 bond rmsd: 0.001654
  step:  46 bond rmsd: 0.001658
  step:  47 bond rmsd: 0.001658
  step:  48 bond rmsd: 0.001662
  step:  49 bond rmsd: 0.001667
  step:  50 bond rmsd: 0.001674
  step:  51 bond rmsd: 0.001684
  step:  52 bond rmsd: 0.001695
micro_cycle  24 rmsd(b):  0.0017 rws:  1.000 n_fev: 1250
  step:   1 bond rmsd: 0.001695
  step:   2 bond rmsd: 0.059873
  step:   3 bond rmsd: 0.001995
  step:   4 bond rmsd: 0.001907
  step:   5 bond rmsd: 0.001845
  step:   6 bond rmsd: 0.001801
  step:   7 bond rmsd: 0.001771
  step:   8 bond rmsd: 0.001748
  step:   9 bond rmsd: 0.001732
  step:  10 bond rmsd: 0.001720
  step:  11 bond rmsd: 0.001711
  step:  12 bond rmsd: 0.001704
  step:  13 bond rmsd: 0.001698
  step:  14 bond rmsd: 0.001694
  step:  15 bond rmsd: 0.001690
  step:  16 bond rmsd: 0.001687
  step:  17 bond rmsd: 0.001684
  step:  18 bond rmsd: 0.001682
  step:  19 bond rmsd: 0.001679
  step:  20 bond rmsd: 0.001676
  step:  21 bond rmsd: 0.001672
  step:  22 bond rmsd: 0.001666
  step:  23 bond rmsd: 0.001660
  step:  24 bond rmsd: 0.001652
  step:  25 bond rmsd: 0.001647
  step:  26 bond rmsd: 0.001643
  step:  27 bond rmsd: 0.001637
  step:  28 bond rmsd: 0.001639
  step:  29 bond rmsd: 0.001634
  step:  30 bond rmsd: 0.001631
  step:  31 bond rmsd: 0.001628
  step:  32 bond rmsd: 0.001625
  step:  33 bond rmsd: 0.001623
  step:  34 bond rmsd: 0.001622
  step:  35 bond rmsd: 0.001621
  step:  36 bond rmsd: 0.001620
  step:  37 bond rmsd: 0.001619
  step:  38 bond rmsd: 0.001619
  step:  39 bond rmsd: 0.001618
  step:  40 bond rmsd: 0.001618
  step:  41 bond rmsd: 0.001619
  step:  42 bond rmsd: 0.001621
  step:  43 bond rmsd: 0.001619
  step:  44 bond rmsd: 0.001622
  step:  45 bond rmsd: 0.001624
  step:  46 bond rmsd: 0.001628
  step:  47 bond rmsd: 0.001632
  step:  48 bond rmsd: 0.001637
  step:  49 bond rmsd: 0.001641
  step:  50 bond rmsd: 0.001646
  step:  51 bond rmsd: 0.001650
  step:  52 bond rmsd: 0.001657
micro_cycle  25 rmsd(b):  0.0017 rws:  1.000 n_fev: 1302
  step:   1 bond rmsd: 0.001657
  step:   2 bond rmsd: 0.063657
  step:   3 bond rmsd: 0.001677
  step:   4 bond rmsd: 0.001663
  step:   5 bond rmsd: 0.001655
  step:   6 bond rmsd: 0.001650
  step:   7 bond rmsd: 0.001648
  step:   8 bond rmsd: 0.001647
  step:   9 bond rmsd: 0.001646
  step:  10 bond rmsd: 0.001646
  step:  11 bond rmsd: 0.001646
  step:  12 bond rmsd: 0.001645
  step:  13 bond rmsd: 0.001645
  step:  14 bond rmsd: 0.001645
  step:  15 bond rmsd: 0.001645
  step:  16 bond rmsd: 0.001645
  step:  17 bond rmsd: 0.001645
  step:  18 bond rmsd: 0.001644
  step:  19 bond rmsd: 0.001643
  step:  20 bond rmsd: 0.001642
  step:  21 bond rmsd: 0.001639
  step:  22 bond rmsd: 0.001635
  step:  23 bond rmsd: 0.001628
  step:  24 bond rmsd: 0.001618
  step:  25 bond rmsd: 0.001614
  step:  26 bond rmsd: 0.001611
  step:  27 bond rmsd: 0.001603
  step:  28 bond rmsd: 0.001601
  step:  29 bond rmsd: 0.001601
  step:  30 bond rmsd: 0.001598
  step:  31 bond rmsd: 0.001600
  step:  32 bond rmsd: 0.001603
  step:  33 bond rmsd: 0.001607
  step:  34 bond rmsd: 0.001609
  step:  35 bond rmsd: 0.001619
  step:  36 bond rmsd: 0.001621
  step:  37 bond rmsd: 0.001624
  step:  38 bond rmsd: 0.001627
  step:  39 bond rmsd: 0.001632
  step:  40 bond rmsd: 0.001635
  step:  41 bond rmsd: 0.001640
  step:  42 bond rmsd: 0.001647
  step:  43 bond rmsd: 0.001656
  step:  44 bond rmsd: 0.001663
  step:  45 bond rmsd: 0.001675
  step:  46 bond rmsd: 0.001684
  step:  47 bond rmsd: 0.001693
  step:  48 bond rmsd: 0.001704
  step:  49 bond rmsd: 0.001716
  step:  50 bond rmsd: 0.001734
  step:  51 bond rmsd: 0.001746
  step:  52 bond rmsd: 0.001772
micro_cycle  26 rmsd(b):  0.0018 rws:  1.000 n_fev: 1354
  step:   1 bond rmsd: 0.001772
  step:   2 bond rmsd: 0.076026
  step:   3 bond rmsd: 0.002037
  step:   4 bond rmsd: 0.001944
  step:   5 bond rmsd: 0.001880
  step:   6 bond rmsd: 0.001837
  step:   7 bond rmsd: 0.001807
  step:   8 bond rmsd: 0.001786
  step:   9 bond rmsd: 0.001771
  step:  10 bond rmsd: 0.001760
  step:  11 bond rmsd: 0.001752
  step:  12 bond rmsd: 0.001745
  step:  13 bond rmsd: 0.001740
  step:  14 bond rmsd: 0.001735
  step:  15 bond rmsd: 0.001731
  step:  16 bond rmsd: 0.001727
  step:  17 bond rmsd: 0.001724
  step:  18 bond rmsd: 0.001720
  step:  19 bond rmsd: 0.001716
  step:  20 bond rmsd: 0.001711
  step:  21 bond rmsd: 0.001704
  step:  22 bond rmsd: 0.001694
  step:  23 bond rmsd: 0.001680
  step:  24 bond rmsd: 0.001663
  step:  25 bond rmsd: 0.001651
  step:  26 bond rmsd: 0.001642
  step:  27 bond rmsd: 0.001633
  step:  28 bond rmsd: 0.001625
  step:  29 bond rmsd: 0.001623
  step:  30 bond rmsd: 0.001618
  step:  31 bond rmsd: 0.001616
  step:  32 bond rmsd: 0.001613
  step:  33 bond rmsd: 0.001608
  step:  34 bond rmsd: 0.001606
  step:  35 bond rmsd: 0.001600
  step:  36 bond rmsd: 0.001598
  step:  37 bond rmsd: 0.001597
  step:  38 bond rmsd: 0.001595
  step:  39 bond rmsd: 0.001594
  step:  40 bond rmsd: 0.001594
  step:  41 bond rmsd: 0.001596
  step:  42 bond rmsd: 0.001598
  step:  43 bond rmsd: 0.001601
  step:  44 bond rmsd: 0.001603
  step:  45 bond rmsd: 0.001605
  step:  46 bond rmsd: 0.001609
  step:  47 bond rmsd: 0.001613
  step:  48 bond rmsd: 0.001617
  step:  49 bond rmsd: 0.001622
  step:  50 bond rmsd: 0.001630
  step:  51 bond rmsd: 0.001637
  step:  52 bond rmsd: 0.001645
micro_cycle  27 rmsd(b):  0.0016 rws:  1.000 n_fev: 1406
  step:   1 bond rmsd: 0.001645
  step:   2 bond rmsd: 0.056316
  step:   3 bond rmsd: 0.001661
  step:   4 bond rmsd: 0.001655
  step:   5 bond rmsd: 0.001650
  step:   6 bond rmsd: 0.001646
  step:   7 bond rmsd: 0.001642
  step:   8 bond rmsd: 0.001638
  step:   9 bond rmsd: 0.001635
  step:  10 bond rmsd: 0.001631
  step:  11 bond rmsd: 0.001628
  step:  12 bond rmsd: 0.001625
  step:  13 bond rmsd: 0.001623
  step:  14 bond rmsd: 0.001620
  step:  15 bond rmsd: 0.001617
  step:  16 bond rmsd: 0.001613
  step:  17 bond rmsd: 0.001608
  step:  18 bond rmsd: 0.001603
  step:  19 bond rmsd: 0.001599
  step:  20 bond rmsd: 0.001602
  step:  21 bond rmsd: 0.001599
  step:  22 bond rmsd: 0.001597
  step:  23 bond rmsd: 0.001596
  step:  24 bond rmsd: 0.001594
  step:  25 bond rmsd: 0.001594
  step:  26 bond rmsd: 0.001593
  step:  27 bond rmsd: 0.001593
  step:  28 bond rmsd: 0.001594
  step:  29 bond rmsd: 0.001596
  step:  30 bond rmsd: 0.001598
  step:  31 bond rmsd: 0.001600
  step:  32 bond rmsd: 0.001606
  step:  33 bond rmsd: 0.001608
  step:  34 bond rmsd: 0.001615
  step:  35 bond rmsd: 0.001619
  step:  36 bond rmsd: 0.001623
  step:  37 bond rmsd: 0.001627
  step:  38 bond rmsd: 0.001635
  step:  39 bond rmsd: 0.001638
  step:  40 bond rmsd: 0.001643
  step:  41 bond rmsd: 0.001648
  step:  42 bond rmsd: 0.001654
  step:  43 bond rmsd: 0.001660
  step:  44 bond rmsd: 0.001667
  step:  45 bond rmsd: 0.001674
  step:  46 bond rmsd: 0.001677
  step:  47 bond rmsd: 0.001685
  step:  48 bond rmsd: 0.001697
  step:  49 bond rmsd: 0.001711
  step:  50 bond rmsd: 0.001724
  step:  51 bond rmsd: 0.001737
  step:  52 bond rmsd: 0.001752
micro_cycle  28 rmsd(b):  0.0018 rws:  1.000 n_fev: 1458
  step:   1 bond rmsd: 0.001752
  step:   2 bond rmsd: 0.054502
  step:   3 bond rmsd: 0.005138
  step:   4 bond rmsd: 0.004246
  step:   5 bond rmsd: 0.003558
  step:   6 bond rmsd: 0.003035
  step:   7 bond rmsd: 0.002646
  step:   8 bond rmsd: 0.002362
  step:   9 bond rmsd: 0.002160
  step:  10 bond rmsd: 0.002018
  step:  11 bond rmsd: 0.001921
  step:  12 bond rmsd: 0.001855
  step:  13 bond rmsd: 0.001810
  step:  14 bond rmsd: 0.001780
  step:  15 bond rmsd: 0.001759
  step:  16 bond rmsd: 0.001745
  step:  17 bond rmsd: 0.001735
  step:  18 bond rmsd: 0.001727
  step:  19 bond rmsd: 0.001722
  step:  20 bond rmsd: 0.001717
  step:  21 bond rmsd: 0.001714
  step:  22 bond rmsd: 0.001711
  step:  23 bond rmsd: 0.001707
  step:  24 bond rmsd: 0.001704
  step:  25 bond rmsd: 0.001701
  step:  26 bond rmsd: 0.001697
  step:  27 bond rmsd: 0.001692
  step:  28 bond rmsd: 0.001684
  step:  29 bond rmsd: 0.001674
  step:  30 bond rmsd: 0.001660
  step:  31 bond rmsd: 0.001643
  step:  32 bond rmsd: 0.001634
  step:  33 bond rmsd: 0.001627
  step:  34 bond rmsd: 0.001619
  step:  35 bond rmsd: 0.001612
  step:  36 bond rmsd: 0.001612
  step:  37 bond rmsd: 0.001602
  step:  38 bond rmsd: 0.001600
  step:  39 bond rmsd: 0.001600
  step:  40 bond rmsd: 0.001598
  step:  41 bond rmsd: 0.001597
  step:  42 bond rmsd: 0.001596
  step:  43 bond rmsd: 0.001597
  step:  44 bond rmsd: 0.001592
  step:  45 bond rmsd: 0.001591
  step:  46 bond rmsd: 0.001593
  step:  47 bond rmsd: 0.001591
  step:  48 bond rmsd: 0.001588
  step:  49 bond rmsd: 0.001587
  step:  50 bond rmsd: 0.001585
  step:  51 bond rmsd: 0.001584
  step:  52 bond rmsd: 0.001587
micro_cycle  29 rmsd(b):  0.0016 rws:  1.000 n_fev: 1510
  step:   1 bond rmsd: 0.001587
  step:   2 bond rmsd: 0.052508
  step:   3 bond rmsd: 0.001726
  step:   4 bond rmsd: 0.001667
  step:   5 bond rmsd: 0.001630
  step:   6 bond rmsd: 0.001607
  step:   7 bond rmsd: 0.001593
  step:   8 bond rmsd: 0.001586
  step:   9 bond rmsd: 0.001582
  step:  10 bond rmsd: 0.001580
  step:  11 bond rmsd: 0.001579
  step:  12 bond rmsd: 0.001579
  step:  13 bond rmsd: 0.001579
  step:  14 bond rmsd: 0.001580
  step:  15 bond rmsd: 0.001581
  step:  16 bond rmsd: 0.001581
  step:  17 bond rmsd: 0.001582
  step:  18 bond rmsd: 0.001583
  step:  19 bond rmsd: 0.001584
  step:  20 bond rmsd: 0.001585
  step:  21 bond rmsd: 0.001586
  step:  22 bond rmsd: 0.001587
  step:  23 bond rmsd: 0.001588
  step:  24 bond rmsd: 0.001590
  step:  25 bond rmsd: 0.001593
  step:  26 bond rmsd: 0.001597
  step:  27 bond rmsd: 0.001600
  step:  28 bond rmsd: 0.001604
  step:  29 bond rmsd: 0.001610
  step:  30 bond rmsd: 0.001606
  step:  31 bond rmsd: 0.001612
  step:  32 bond rmsd: 0.001617
  step:  33 bond rmsd: 0.001622
  step:  34 bond rmsd: 0.001627
  step:  35 bond rmsd: 0.001631
  step:  36 bond rmsd: 0.001635
  step:  37 bond rmsd: 0.001638
  step:  38 bond rmsd: 0.001641
  step:  39 bond rmsd: 0.001642
  step:  40 bond rmsd: 0.001642
  step:  41 bond rmsd: 0.001641
  step:  42 bond rmsd: 0.001641
  step:  43 bond rmsd: 0.001637
  step:  44 bond rmsd: 0.001632
  step:  45 bond rmsd: 0.001630
  step:  46 bond rmsd: 0.001627
  step:  47 bond rmsd: 0.001622
  step:  48 bond rmsd: 0.001620
  step:  49 bond rmsd: 0.001619
  step:  50 bond rmsd: 0.001613
  step:  51 bond rmsd: 0.001613
  step:  52 bond rmsd: 0.001615
micro_cycle  30 rmsd(b):  0.0016 rws:  1.000 n_fev: 1562
  step:   1 bond rmsd: 0.001615
  step:   2 bond rmsd: 0.046057
  step:   3 bond rmsd: 0.002029
  step:   4 bond rmsd: 0.001907
  step:   5 bond rmsd: 0.001822
  step:   6 bond rmsd: 0.001762
  step:   7 bond rmsd: 0.001720
  step:   8 bond rmsd: 0.001691
  step:   9 bond rmsd: 0.001671
  step:  10 bond rmsd: 0.001657
  step:  11 bond rmsd: 0.001646
  step:  12 bond rmsd: 0.001639
  step:  13 bond rmsd: 0.001633
  step:  14 bond rmsd: 0.001629
  step:  15 bond rmsd: 0.001626
  step:  16 bond rmsd: 0.001624
  step:  17 bond rmsd: 0.001622
  step:  18 bond rmsd: 0.001620
  step:  19 bond rmsd: 0.001619
  step:  20 bond rmsd: 0.001617
  step:  21 bond rmsd: 0.001616
  step:  22 bond rmsd: 0.001615
  step:  23 bond rmsd: 0.001614
  step:  24 bond rmsd: 0.001612
  step:  25 bond rmsd: 0.001611
  step:  26 bond rmsd: 0.001610
  step:  27 bond rmsd: 0.001609
  step:  28 bond rmsd: 0.001611
  step:  29 bond rmsd: 0.001614
  step:  30 bond rmsd: 0.001616
  step:  31 bond rmsd: 0.001622
  step:  32 bond rmsd: 0.001625
  step:  33 bond rmsd: 0.001627
  step:  34 bond rmsd: 0.001631
  step:  35 bond rmsd: 0.001634
  step:  36 bond rmsd: 0.001633
  step:  37 bond rmsd: 0.001636
  step:  38 bond rmsd: 0.001637
  step:  39 bond rmsd: 0.001629
  step:  40 bond rmsd: 0.001627
  step:  41 bond rmsd: 0.001625
  step:  42 bond rmsd: 0.001622
  step:  43 bond rmsd: 0.001616
  step:  44 bond rmsd: 0.001610
  step:  45 bond rmsd: 0.001603
  step:  46 bond rmsd: 0.001595
  step:  47 bond rmsd: 0.001593
  step:  48 bond rmsd: 0.001588
  step:  49 bond rmsd: 0.001582
  step:  50 bond rmsd: 0.001578
  step:  51 bond rmsd: 0.001576
  step:  52 bond rmsd: 0.001574
micro_cycle  31 rmsd(b):  0.0016 rws:  1.000 n_fev: 1614
  step:   1 bond rmsd: 0.001574
  step:   2 bond rmsd: 0.060485
  step:   3 bond rmsd: 0.001677
  step:   4 bond rmsd: 0.001634
  step:   5 bond rmsd: 0.001608
  step:   6 bond rmsd: 0.001591
  step:   7 bond rmsd: 0.001582
  step:   8 bond rmsd: 0.001576
  step:   9 bond rmsd: 0.001573
  step:  10 bond rmsd: 0.001571
  step:  11 bond rmsd: 0.001571
  step:  12 bond rmsd: 0.001571
  step:  13 bond rmsd: 0.001571
  step:  14 bond rmsd: 0.001571
  step:  15 bond rmsd: 0.001572
  step:  16 bond rmsd: 0.001572
  step:  17 bond rmsd: 0.001573
  step:  18 bond rmsd: 0.001573
  step:  19 bond rmsd: 0.001574
  step:  20 bond rmsd: 0.001575
  step:  21 bond rmsd: 0.001575
  step:  22 bond rmsd: 0.001577
  step:  23 bond rmsd: 0.001578
  step:  24 bond rmsd: 0.001581
  step:  25 bond rmsd: 0.001585
  step:  26 bond rmsd: 0.001590
  step:  27 bond rmsd: 0.001596
  step:  28 bond rmsd: 0.001603
  step:  29 bond rmsd: 0.001609
  step:  30 bond rmsd: 0.001610
  step:  31 bond rmsd: 0.001615
  step:  32 bond rmsd: 0.001619
  step:  33 bond rmsd: 0.001622
  step:  34 bond rmsd: 0.001625
  step:  35 bond rmsd: 0.001628
  step:  36 bond rmsd: 0.001630
  step:  37 bond rmsd: 0.001631
  step:  38 bond rmsd: 0.001632
  step:  39 bond rmsd: 0.001632
  step:  40 bond rmsd: 0.001633
  step:  41 bond rmsd: 0.001631
  step:  42 bond rmsd: 0.001631
  step:  43 bond rmsd: 0.001630
  step:  44 bond rmsd: 0.001628
  step:  45 bond rmsd: 0.001624
  step:  46 bond rmsd: 0.001623
  step:  47 bond rmsd: 0.001620
  step:  48 bond rmsd: 0.001617
  step:  49 bond rmsd: 0.001613
  step:  50 bond rmsd: 0.001612
  step:  51 bond rmsd: 0.001609
  step:  52 bond rmsd: 0.001609
micro_cycle  32 rmsd(b):  0.0016 rws:  1.000 n_fev: 1666
  step:   1 bond rmsd: 0.001609
  step:   2 bond rmsd: 0.062303
  step:   3 bond rmsd: 0.001820
  step:   4 bond rmsd: 0.001757
  step:   5 bond rmsd: 0.001713
  step:   6 bond rmsd: 0.001683
  step:   7 bond rmsd: 0.001663
  step:   8 bond rmsd: 0.001648
  step:   9 bond rmsd: 0.001638
  step:  10 bond rmsd: 0.001631
  step:  11 bond rmsd: 0.001626
  step:  12 bond rmsd: 0.001622
  step:  13 bond rmsd: 0.001619
  step:  14 bond rmsd: 0.001617
  step:  15 bond rmsd: 0.001615
  step:  16 bond rmsd: 0.001613
  step:  17 bond rmsd: 0.001612
  step:  18 bond rmsd: 0.001611
  step:  19 bond rmsd: 0.001610
  step:  20 bond rmsd: 0.001609
  step:  21 bond rmsd: 0.001608
  step:  22 bond rmsd: 0.001607
  step:  23 bond rmsd: 0.001606
  step:  24 bond rmsd: 0.001605
  step:  25 bond rmsd: 0.001605
  step:  26 bond rmsd: 0.001607
  step:  27 bond rmsd: 0.001610
  step:  28 bond rmsd: 0.001613
  step:  29 bond rmsd: 0.001622
  step:  30 bond rmsd: 0.001624
  step:  31 bond rmsd: 0.001628
  step:  32 bond rmsd: 0.001630
  step:  33 bond rmsd: 0.001632
  step:  34 bond rmsd: 0.001633
  step:  35 bond rmsd: 0.001633
  step:  36 bond rmsd: 0.001632
  step:  37 bond rmsd: 0.001628
  step:  38 bond rmsd: 0.001625
  step:  39 bond rmsd: 0.001617
  step:  40 bond rmsd: 0.001611
  step:  41 bond rmsd: 0.001600
  step:  42 bond rmsd: 0.001593
  step:  43 bond rmsd: 0.001586
  step:  44 bond rmsd: 0.001580
  step:  45 bond rmsd: 0.001575
  step:  46 bond rmsd: 0.001570
  step:  47 bond rmsd: 0.001568
  step:  48 bond rmsd: 0.001565
  step:  49 bond rmsd: 0.001570
  step:  50 bond rmsd: 0.001568
  step:  51 bond rmsd: 0.001568
  step:  52 bond rmsd: 0.001566
micro_cycle  33 rmsd(b):  0.0016 rws:  1.000 n_fev: 1718
  step:   1 bond rmsd: 0.001566
  step:   2 bond rmsd: 0.053091
  step:   3 bond rmsd: 0.001721
  step:   4 bond rmsd: 0.001657
  step:   5 bond rmsd: 0.001616
  step:   6 bond rmsd: 0.001590
  step:   7 bond rmsd: 0.001575
  step:   8 bond rmsd: 0.001566
  step:   9 bond rmsd: 0.001562
  step:  10 bond rmsd: 0.001559
  step:  11 bond rmsd: 0.001558
  step:  12 bond rmsd: 0.001558
  step:  13 bond rmsd: 0.001558
  step:  14 bond rmsd: 0.001559
  step:  15 bond rmsd: 0.001560
  step:  16 bond rmsd: 0.001560
  step:  17 bond rmsd: 0.001561
  step:  18 bond rmsd: 0.001562
  step:  19 bond rmsd: 0.001563
  step:  20 bond rmsd: 0.001564
  step:  21 bond rmsd: 0.001565
  step:  22 bond rmsd: 0.001566
  step:  23 bond rmsd: 0.001568
  step:  24 bond rmsd: 0.001571
  step:  25 bond rmsd: 0.001574
  step:  26 bond rmsd: 0.001579
  step:  27 bond rmsd: 0.001582
  step:  28 bond rmsd: 0.001589
  step:  29 bond rmsd: 0.001592
  step:  30 bond rmsd: 0.001598
  step:  31 bond rmsd: 0.001604
  step:  32 bond rmsd: 0.001614
  step:  33 bond rmsd: 0.001618
  step:  34 bond rmsd: 0.001625
  step:  35 bond rmsd: 0.001630
  step:  36 bond rmsd: 0.001633
  step:  37 bond rmsd: 0.001636
  step:  38 bond rmsd: 0.001636
  step:  39 bond rmsd: 0.001646
  step:  40 bond rmsd: 0.001642
  step:  41 bond rmsd: 0.001635
  step:  42 bond rmsd: 0.001628
  step:  43 bond rmsd: 0.001622
  step:  44 bond rmsd: 0.001616
  step:  45 bond rmsd: 0.001612
  step:  46 bond rmsd: 0.001608
  step:  47 bond rmsd: 0.001606
  step:  48 bond rmsd: 0.001604
  step:  49 bond rmsd: 0.001602
  step:  50 bond rmsd: 0.001602
  step:  51 bond rmsd: 0.001602
  step:  52 bond rmsd: 0.001600
micro_cycle  34 rmsd(b):  0.0016 rws:  1.000 n_fev: 1770
  step:   1 bond rmsd: 0.001600
  step:   2 bond rmsd: 0.063776
  step:   3 bond rmsd: 0.001675
  step:   4 bond rmsd: 0.001653
  step:   5 bond rmsd: 0.001638
  step:   6 bond rmsd: 0.001628
  step:   7 bond rmsd: 0.001621
  step:   8 bond rmsd: 0.001616
  step:   9 bond rmsd: 0.001612
  step:  10 bond rmsd: 0.001610
  step:  11 bond rmsd: 0.001608
  step:  12 bond rmsd: 0.001606
  step:  13 bond rmsd: 0.001605
  step:  14 bond rmsd: 0.001604
  step:  15 bond rmsd: 0.001603
  step:  16 bond rmsd: 0.001602
  step:  17 bond rmsd: 0.001601
  step:  18 bond rmsd: 0.001600
  step:  19 bond rmsd: 0.001600
  step:  20 bond rmsd: 0.001599
  step:  21 bond rmsd: 0.001598
  step:  22 bond rmsd: 0.001598
  step:  23 bond rmsd: 0.001601
  step:  24 bond rmsd: 0.001604
  step:  25 bond rmsd: 0.001606
  step:  26 bond rmsd: 0.001613
  step:  27 bond rmsd: 0.001617
  step:  28 bond rmsd: 0.001617
  step:  29 bond rmsd: 0.001622
  step:  30 bond rmsd: 0.001622
  step:  31 bond rmsd: 0.001622
  step:  32 bond rmsd: 0.001621
  step:  33 bond rmsd: 0.001620
  step:  34 bond rmsd: 0.001613
  step:  35 bond rmsd: 0.001610
  step:  36 bond rmsd: 0.001613
  step:  37 bond rmsd: 0.001608
  step:  38 bond rmsd: 0.001598
  step:  39 bond rmsd: 0.001588
  step:  40 bond rmsd: 0.001581
  step:  41 bond rmsd: 0.001570
  step:  42 bond rmsd: 0.001565
  step:  43 bond rmsd: 0.001561
  step:  44 bond rmsd: 0.001554
  step:  45 bond rmsd: 0.001553
  step:  46 bond rmsd: 0.001553
  step:  47 bond rmsd: 0.001553
  step:  48 bond rmsd: 0.001550
  step:  49 bond rmsd: 0.001554
  step:  50 bond rmsd: 0.001559
  step:  51 bond rmsd: 0.001565
  step:  52 bond rmsd: 0.001569
micro_cycle  35 rmsd(b):  0.0016 rws:  1.000 n_fev: 1822
  step:   1 bond rmsd: 0.001569
  step:   2 bond rmsd: 0.052934
  step:   3 bond rmsd: 0.002183
  step:   4 bond rmsd: 0.002008
  step:   5 bond rmsd: 0.001882
  step:   6 bond rmsd: 0.001793
  step:   7 bond rmsd: 0.001731
  step:   8 bond rmsd: 0.001686
  step:   9 bond rmsd: 0.001655
  step:  10 bond rmsd: 0.001633
  step:  11 bond rmsd: 0.001617
  step:  12 bond rmsd: 0.001606
  step:  13 bond rmsd: 0.001597
  step:  14 bond rmsd: 0.001591
  step:  15 bond rmsd: 0.001586
  step:  16 bond rmsd: 0.001582
  step:  17 bond rmsd: 0.001579
  step:  18 bond rmsd: 0.001577
  step:  19 bond rmsd: 0.001575
  step:  20 bond rmsd: 0.001573
  step:  21 bond rmsd: 0.001572
  step:  22 bond rmsd: 0.001570
  step:  23 bond rmsd: 0.001569
  step:  24 bond rmsd: 0.001567
  step:  25 bond rmsd: 0.001566
  step:  26 bond rmsd: 0.001565
  step:  27 bond rmsd: 0.001567
  step:  28 bond rmsd: 0.001573
  step:  29 bond rmsd: 0.001576
  step:  30 bond rmsd: 0.001577
  step:  31 bond rmsd: 0.001582
  step:  32 bond rmsd: 0.001588
  step:  33 bond rmsd: 0.001592
  step:  34 bond rmsd: 0.001600
  step:  35 bond rmsd: 0.001606
  step:  36 bond rmsd: 0.001611
  step:  37 bond rmsd: 0.001621
  step:  38 bond rmsd: 0.001629
  step:  39 bond rmsd: 0.001637
  step:  40 bond rmsd: 0.001655
  step:  41 bond rmsd: 0.001663
  step:  42 bond rmsd: 0.001679
  step:  43 bond rmsd: 0.001686
  step:  44 bond rmsd: 0.001689
  step:  45 bond rmsd: 0.001693
  step:  46 bond rmsd: 0.001690
  step:  47 bond rmsd: 0.001688
  step:  48 bond rmsd: 0.001674
  step:  49 bond rmsd: 0.001666
  step:  50 bond rmsd: 0.001649
  step:  51 bond rmsd: 0.001642
  step:  52 bond rmsd: 0.001634
micro_cycle  36 rmsd(b):  0.0016 rws:  1.000 n_fev: 1874
  step:   1 bond rmsd: 0.001634
  step:   2 bond rmsd: 0.053350
  step:   3 bond rmsd: 0.004522
  step:   4 bond rmsd: 0.003767
  step:   5 bond rmsd: 0.003186
  step:   6 bond rmsd: 0.002747
  step:   7 bond rmsd: 0.002421
  step:   8 bond rmsd: 0.002184
  step:   9 bond rmsd: 0.002015
  step:  10 bond rmsd: 0.001896
  step:  11 bond rmsd: 0.001813
  step:  12 bond rmsd: 0.001756
  step:  13 bond rmsd: 0.001717
  step:  14 bond rmsd: 0.001690
  step:  15 bond rmsd: 0.001672
  step:  16 bond rmsd: 0.001659
  step:  17 bond rmsd: 0.001650
  step:  18 bond rmsd: 0.001643
  step:  19 bond rmsd: 0.001638
  step:  20 bond rmsd: 0.001634
  step:  21 bond rmsd: 0.001631
  step:  22 bond rmsd: 0.001629
  step:  23 bond rmsd: 0.001626
  step:  24 bond rmsd: 0.001624
  step:  25 bond rmsd: 0.001622
  step:  26 bond rmsd: 0.001619
  step:  27 bond rmsd: 0.001616
  step:  28 bond rmsd: 0.001612
  step:  29 bond rmsd: 0.001607
  step:  30 bond rmsd: 0.001600
  step:  31 bond rmsd: 0.001592
  step:  32 bond rmsd: 0.001587
  step:  33 bond rmsd: 0.001584
  step:  34 bond rmsd: 0.001584
  step:  35 bond rmsd: 0.001581
  step:  36 bond rmsd: 0.001582
  step:  37 bond rmsd: 0.001581
  step:  38 bond rmsd: 0.001602
  step:  39 bond rmsd: 0.001602
  step:  40 bond rmsd: 0.001597
  step:  41 bond rmsd: 0.001594
  step:  42 bond rmsd: 0.001591
  step:  43 bond rmsd: 0.001589
  step:  44 bond rmsd: 0.001587
  step:  45 bond rmsd: 0.001585
  step:  46 bond rmsd: 0.001583
  step:  47 bond rmsd: 0.001582
  step:  48 bond rmsd: 0.001581
  step:  49 bond rmsd: 0.001579
  step:  50 bond rmsd: 0.001578
  step:  51 bond rmsd: 0.001577
  step:  52 bond rmsd: 0.001576
  step:  53 bond rmsd: 0.001575
micro_cycle  37 rmsd(b):  0.0016 rws:  1.000 n_fev: 1927
  step:   1 bond rmsd: 0.001575
  step:   2 bond rmsd: 0.052553
  step:   3 bond rmsd: 0.001621
  step:   4 bond rmsd: 0.001609
  step:   5 bond rmsd: 0.001600
  step:   6 bond rmsd: 0.001594
  step:   7 bond rmsd: 0.001590
  step:   8 bond rmsd: 0.001587
  step:   9 bond rmsd: 0.001584
  step:  10 bond rmsd: 0.001582
  step:  11 bond rmsd: 0.001580
  step:  12 bond rmsd: 0.001579
  step:  13 bond rmsd: 0.001578
  step:  14 bond rmsd: 0.001577
  step:  15 bond rmsd: 0.001577
  step:  16 bond rmsd: 0.001576
  step:  17 bond rmsd: 0.001575
  step:  18 bond rmsd: 0.001574
  step:  19 bond rmsd: 0.001574
  step:  20 bond rmsd: 0.001573
  step:  21 bond rmsd: 0.001572
  step:  22 bond rmsd: 0.001570
  step:  23 bond rmsd: 0.001570
  step:  24 bond rmsd: 0.001571
  step:  25 bond rmsd: 0.001571
  step:  26 bond rmsd: 0.001570
  step:  27 bond rmsd: 0.001569
  step:  28 bond rmsd: 0.001567
  step:  29 bond rmsd: 0.001568
  step:  30 bond rmsd: 0.001566
  step:  31 bond rmsd: 0.001566
  step:  32 bond rmsd: 0.001565
  step:  33 bond rmsd: 0.001563
  step:  34 bond rmsd: 0.001562
  step:  35 bond rmsd: 0.001560
  step:  36 bond rmsd: 0.001558
  step:  37 bond rmsd: 0.001559
  step:  38 bond rmsd: 0.001558
  step:  39 bond rmsd: 0.001555
  step:  40 bond rmsd: 0.001555
  step:  41 bond rmsd: 0.001553
  step:  42 bond rmsd: 0.001554
  step:  43 bond rmsd: 0.001556
  step:  44 bond rmsd: 0.001559
  step:  45 bond rmsd: 0.001564
  step:  46 bond rmsd: 0.001570
  step:  47 bond rmsd: 0.001573
  step:  48 bond rmsd: 0.001579
  step:  49 bond rmsd: 0.001600
  step:  50 bond rmsd: 0.001604
  step:  51 bond rmsd: 0.001611
  step:  52 bond rmsd: 0.001612
micro_cycle  38 rmsd(b):  0.0016 rws:  1.000 n_fev: 1979
  step:   1 bond rmsd: 0.001612
  step:   2 bond rmsd: 0.046604
  step:   3 bond rmsd: 0.005830
  step:   4 bond rmsd: 0.004728
  step:   5 bond rmsd: 0.003869
  step:   6 bond rmsd: 0.003206
  step:   7 bond rmsd: 0.002705
  step:   8 bond rmsd: 0.002335
  step:   9 bond rmsd: 0.002069
  step:  10 bond rmsd: 0.001886
  step:  11 bond rmsd: 0.001763
  step:  12 bond rmsd: 0.001684
  step:  13 bond rmsd: 0.001635
  step:  14 bond rmsd: 0.001605
  step:  15 bond rmsd: 0.001588
  step:  16 bond rmsd: 0.001578
  step:  17 bond rmsd: 0.001573
  step:  18 bond rmsd: 0.001571
  step:  19 bond rmsd: 0.001571
  step:  20 bond rmsd: 0.001571
  step:  21 bond rmsd: 0.001572
  step:  22 bond rmsd: 0.001573
  step:  23 bond rmsd: 0.001573
  step:  24 bond rmsd: 0.001574
  step:  25 bond rmsd: 0.001575
  step:  26 bond rmsd: 0.001575
  step:  27 bond rmsd: 0.001576
  step:  28 bond rmsd: 0.001576
  step:  29 bond rmsd: 0.001575
  step:  30 bond rmsd: 0.001573
  step:  31 bond rmsd: 0.001569
  step:  32 bond rmsd: 0.001555
  step:  33 bond rmsd: 0.001554
  step:  34 bond rmsd: 0.001555
  step:  35 bond rmsd: 0.001555
  step:  36 bond rmsd: 0.001567
  step:  37 bond rmsd: 0.001566
  step:  38 bond rmsd: 0.001565
  step:  39 bond rmsd: 0.001565
  step:  40 bond rmsd: 0.001563
  step:  41 bond rmsd: 0.001563
  step:  42 bond rmsd: 0.001563
  step:  43 bond rmsd: 0.001563
  step:  44 bond rmsd: 0.001562
  step:  45 bond rmsd: 0.001562
  step:  46 bond rmsd: 0.001563
  step:  47 bond rmsd: 0.001563
  step:  48 bond rmsd: 0.001564
  step:  49 bond rmsd: 0.001565
  step:  50 bond rmsd: 0.001564
  step:  51 bond rmsd: 0.001566
  step:  52 bond rmsd: 0.001566
micro_cycle  39 rmsd(b):  0.0016 rws:  1.000 n_fev: 2031
  step:   1 bond rmsd: 0.001566
  step:   2 bond rmsd: 0.042421
  step:   3 bond rmsd: 0.001567
  step:   4 bond rmsd: 0.001567
  step:   5 bond rmsd: 0.001566
  step:   6 bond rmsd: 0.001566
  step:   7 bond rmsd: 0.001566
  step:   8 bond rmsd: 0.001566
  step:   9 bond rmsd: 0.001566
  step:  10 bond rmsd: 0.001566
  step:  11 bond rmsd: 0.001566
  step:  12 bond rmsd: 0.001566
  step:  13 bond rmsd: 0.001566
  step:  14 bond rmsd: 0.001566
  step:  15 bond rmsd: 0.001566
  step:  16 bond rmsd: 0.001566
  step:  17 bond rmsd: 0.001566
  step:  18 bond rmsd: 0.001566
  step:  19 bond rmsd: 0.001565
  step:  20 bond rmsd: 0.001564
  step:  21 bond rmsd: 0.001570
  step:  22 bond rmsd: 0.001570
  step:  23 bond rmsd: 0.001568
  step:  24 bond rmsd: 0.001566
  step:  25 bond rmsd: 0.001565
  step:  26 bond rmsd: 0.001563
  step:  27 bond rmsd: 0.001563
  step:  28 bond rmsd: 0.001562
  step:  29 bond rmsd: 0.001562
  step:  30 bond rmsd: 0.001561
  step:  31 bond rmsd: 0.001561
  step:  32 bond rmsd: 0.001560
  step:  33 bond rmsd: 0.001560
  step:  34 bond rmsd: 0.001560
  step:  35 bond rmsd: 0.001557
  step:  36 bond rmsd: 0.001557
  step:  37 bond rmsd: 0.001557
  step:  38 bond rmsd: 0.001557
  step:  39 bond rmsd: 0.001558
  step:  40 bond rmsd: 0.001557
  step:  41 bond rmsd: 0.001557
  step:  42 bond rmsd: 0.001554
  step:  43 bond rmsd: 0.001555
  step:  44 bond rmsd: 0.001552
  step:  45 bond rmsd: 0.001552
  step:  46 bond rmsd: 0.001549
  step:  47 bond rmsd: 0.001548
  step:  48 bond rmsd: 0.001548
  step:  49 bond rmsd: 0.001547
  step:  50 bond rmsd: 0.001548
  step:  51 bond rmsd: 0.001546
  step:  52 bond rmsd: 0.001547
  step:  53 bond rmsd: 0.001545
micro_cycle  40 rmsd(b):  0.0015 rws:  1.000 n_fev: 2084
  step:   1 bond rmsd: 0.001545
  step:   2 bond rmsd: 0.047270
  step:   3 bond rmsd: 0.005488
  step:   4 bond rmsd: 0.004522
  step:   5 bond rmsd: 0.003767
  step:   6 bond rmsd: 0.003184
  step:   7 bond rmsd: 0.002741
  step:   8 bond rmsd: 0.002408
  step:   9 bond rmsd: 0.002163
  step:  10 bond rmsd: 0.001986
  step:  11 bond rmsd: 0.001859
  step:  12 bond rmsd: 0.001769
  step:  13 bond rmsd: 0.001706
  step:  14 bond rmsd: 0.001662
  step:  15 bond rmsd: 0.001631
  step:  16 bond rmsd: 0.001609
  step:  17 bond rmsd: 0.001594
  step:  18 bond rmsd: 0.001583
  step:  19 bond rmsd: 0.001574
  step:  20 bond rmsd: 0.001568
  step:  21 bond rmsd: 0.001564
  step:  22 bond rmsd: 0.001560
  step:  23 bond rmsd: 0.001558
  step:  24 bond rmsd: 0.001555
  step:  25 bond rmsd: 0.001553
  step:  26 bond rmsd: 0.001552
  step:  27 bond rmsd: 0.001550
  step:  28 bond rmsd: 0.001549
  step:  29 bond rmsd: 0.001548
  step:  30 bond rmsd: 0.001547
  step:  31 bond rmsd: 0.001548
  step:  32 bond rmsd: 0.001552
  step:  33 bond rmsd: 0.001555
  step:  34 bond rmsd: 0.001558
  step:  35 bond rmsd: 0.001561
  step:  36 bond rmsd: 0.001564
  step:  37 bond rmsd: 0.001567
  step:  38 bond rmsd: 0.001568
  step:  39 bond rmsd: 0.001571
  step:  40 bond rmsd: 0.001572
  step:  41 bond rmsd: 0.001574
  step:  42 bond rmsd: 0.001575
  step:  43 bond rmsd: 0.001573
  step:  44 bond rmsd: 0.001572
  step:  45 bond rmsd: 0.001571
  step:  46 bond rmsd: 0.001568
  step:  47 bond rmsd: 0.001565
  step:  48 bond rmsd: 0.001564
  step:  49 bond rmsd: 0.001563
  step:  50 bond rmsd: 0.001563
  step:  51 bond rmsd: 0.001562
  step:  52 bond rmsd: 0.001562
micro_cycle  41 rmsd(b):  0.0016 rws:  1.000 n_fev: 2136
  step:   1 bond rmsd: 0.001562
  step:   2 bond rmsd: 0.049960
  step:   3 bond rmsd: 0.001560
  step:   4 bond rmsd: 0.001560
  step:   5 bond rmsd: 0.001561
  step:   6 bond rmsd: 0.001561
  step:   7 bond rmsd: 0.001561
  step:   8 bond rmsd: 0.001561
  step:   9 bond rmsd: 0.001561
  step:  10 bond rmsd: 0.001562
  step:  11 bond rmsd: 0.001562
  step:  12 bond rmsd: 0.001562
  step:  13 bond rmsd: 0.001563
  step:  14 bond rmsd: 0.001563
  step:  15 bond rmsd: 0.001563
  step:  16 bond rmsd: 0.001564
  step:  17 bond rmsd: 0.001564
  step:  18 bond rmsd: 0.001565
  step:  19 bond rmsd: 0.001565
  step:  20 bond rmsd: 0.001564
  step:  21 bond rmsd: 0.001564
  step:  22 bond rmsd: 0.001565
  step:  23 bond rmsd: 0.001567
  step:  24 bond rmsd: 0.001567
  step:  25 bond rmsd: 0.001569
  step:  26 bond rmsd: 0.001569
  step:  27 bond rmsd: 0.001569
  step:  28 bond rmsd: 0.001570
  step:  29 bond rmsd: 0.001570
  step:  30 bond rmsd: 0.001570
  step:  31 bond rmsd: 0.001569
  step:  32 bond rmsd: 0.001568
  step:  33 bond rmsd: 0.001567
  step:  34 bond rmsd: 0.001565
  step:  35 bond rmsd: 0.001566
  step:  36 bond rmsd: 0.001563
  step:  37 bond rmsd: 0.001562
  step:  38 bond rmsd: 0.001559
  step:  39 bond rmsd: 0.001557
  step:  40 bond rmsd: 0.001555
  step:  41 bond rmsd: 0.001553
  step:  42 bond rmsd: 0.001552
  step:  43 bond rmsd: 0.001551
  step:  44 bond rmsd: 0.001550
  step:  45 bond rmsd: 0.001552
  step:  46 bond rmsd: 0.001551
  step:  47 bond rmsd: 0.001551
  step:  48 bond rmsd: 0.001550
  step:  49 bond rmsd: 0.001550
  step:  50 bond rmsd: 0.001551
  step:  51 bond rmsd: 0.001550
  step:  52 bond rmsd: 0.001553
micro_cycle  42 rmsd(b):  0.0016 rws:  1.000 n_fev: 2188
  step:   1 bond rmsd: 0.001553
  step:   2 bond rmsd: 0.056937
  step:   3 bond rmsd: 0.001550
  step:   4 bond rmsd: 0.001546
  step:   5 bond rmsd: 0.001545
  step:   6 bond rmsd: 0.001544
  step:   7 bond rmsd: 0.001544
  step:   8 bond rmsd: 0.001545
  step:   9 bond rmsd: 0.001546
  step:  10 bond rmsd: 0.001546
  step:  11 bond rmsd: 0.001547
  step:  12 bond rmsd: 0.001548
  step:  13 bond rmsd: 0.001549
  step:  14 bond rmsd: 0.001549
  step:  15 bond rmsd: 0.001550
  step:  16 bond rmsd: 0.001551
  step:  17 bond rmsd: 0.001552
  step:  18 bond rmsd: 0.001552
  step:  19 bond rmsd: 0.001553
  step:  20 bond rmsd: 0.001554
  step:  21 bond rmsd: 0.001555
  step:  22 bond rmsd: 0.001554
  step:  23 bond rmsd: 0.001554
  step:  24 bond rmsd: 0.001556
  step:  25 bond rmsd: 0.001550
  step:  26 bond rmsd: 0.001550
  step:  27 bond rmsd: 0.001552
  step:  28 bond rmsd: 0.001554
  step:  29 bond rmsd: 0.001556
  step:  30 bond rmsd: 0.001558
  step:  31 bond rmsd: 0.001560
  step:  32 bond rmsd: 0.001562
  step:  33 bond rmsd: 0.001564
  step:  34 bond rmsd: 0.001566
  step:  35 bond rmsd: 0.001567
  step:  36 bond rmsd: 0.001569
  step:  37 bond rmsd: 0.001571
  step:  38 bond rmsd: 0.001573
  step:  39 bond rmsd: 0.001575
  step:  40 bond rmsd: 0.001575
  step:  41 bond rmsd: 0.001577
  step:  42 bond rmsd: 0.001577
  step:  43 bond rmsd: 0.001578
  step:  44 bond rmsd: 0.001579
  step:  45 bond rmsd: 0.001579
  step:  46 bond rmsd: 0.001579
  step:  47 bond rmsd: 0.001579
  step:  48 bond rmsd: 0.001578
  step:  49 bond rmsd: 0.001578
  step:  50 bond rmsd: 0.001577
  step:  51 bond rmsd: 0.001578
  step:  52 bond rmsd: 0.001577
  step:  53 bond rmsd: 0.001576
micro_cycle  43 rmsd(b):  0.0016 rws:  1.000 n_fev: 2241
  step:   1 bond rmsd: 0.001576
  step:   2 bond rmsd: 0.041231
  step:   3 bond rmsd: 0.001568
  step:   4 bond rmsd: 0.001567
  step:   5 bond rmsd: 0.001568
  step:   6 bond rmsd: 0.001568
  step:   7 bond rmsd: 0.001569
  step:   8 bond rmsd: 0.001570
  step:   9 bond rmsd: 0.001571
  step:  10 bond rmsd: 0.001571
  step:  11 bond rmsd: 0.001572
  step:  12 bond rmsd: 0.001572
  step:  13 bond rmsd: 0.001573
  step:  14 bond rmsd: 0.001573
  step:  15 bond rmsd: 0.001574
  step:  16 bond rmsd: 0.001574
  step:  17 bond rmsd: 0.001575
  step:  18 bond rmsd: 0.001575
  step:  19 bond rmsd: 0.001575
  step:  20 bond rmsd: 0.001576
  step:  21 bond rmsd: 0.001576
  step:  22 bond rmsd: 0.001576
  step:  23 bond rmsd: 0.001576
  step:  24 bond rmsd: 0.001574
  step:  25 bond rmsd: 0.001574
  step:  26 bond rmsd: 0.001573
  step:  27 bond rmsd: 0.001563
  step:  28 bond rmsd: 0.001563
  step:  29 bond rmsd: 0.001565
  step:  30 bond rmsd: 0.001566
  step:  31 bond rmsd: 0.001567
  step:  32 bond rmsd: 0.001567
  step:  33 bond rmsd: 0.001568
  step:  34 bond rmsd: 0.001569
  step:  35 bond rmsd: 0.001569
  step:  36 bond rmsd: 0.001570
  step:  37 bond rmsd: 0.001570
  step:  38 bond rmsd: 0.001570
  step:  39 bond rmsd: 0.001570
  step:  40 bond rmsd: 0.001570
  step:  41 bond rmsd: 0.001570
  step:  42 bond rmsd: 0.001567
  step:  43 bond rmsd: 0.001567
  step:  44 bond rmsd: 0.001566
  step:  45 bond rmsd: 0.001563
  step:  46 bond rmsd: 0.001561
  step:  47 bond rmsd: 0.001559
  step:  48 bond rmsd: 0.001557
  step:  49 bond rmsd: 0.001556
  step:  50 bond rmsd: 0.001554
  step:  51 bond rmsd: 0.001554
  step:  52 bond rmsd: 0.001552
  step:  53 bond rmsd: 0.001551
micro_cycle  44 rmsd(b):  0.0016 rws:  1.000 n_fev: 2294
  step:   1 bond rmsd: 0.001551
  step:   2 bond rmsd: 0.035747
  step:   3 bond rmsd: 0.001559
  step:   4 bond rmsd: 0.001558
  step:   5 bond rmsd: 0.001557
  step:   6 bond rmsd: 0.001556
  step:   7 bond rmsd: 0.001555
  step:   8 bond rmsd: 0.001555
  step:   9 bond rmsd: 0.001554
  step:  10 bond rmsd: 0.001554
  step:  11 bond rmsd: 0.001554
  step:  12 bond rmsd: 0.001554
  step:  13 bond rmsd: 0.001554
  step:  14 bond rmsd: 0.001554
  step:  15 bond rmsd: 0.001554
  step:  16 bond rmsd: 0.001555
  step:  17 bond rmsd: 0.001556
  step:  18 bond rmsd: 0.001558
  step:  19 bond rmsd: 0.001559
  step:  20 bond rmsd: 0.001562
  step:  21 bond rmsd: 0.001563
  step:  22 bond rmsd: 0.001564
  step:  23 bond rmsd: 0.001566
  step:  24 bond rmsd: 0.001566
  step:  25 bond rmsd: 0.001567
  step:  26 bond rmsd: 0.001568
  step:  27 bond rmsd: 0.001570
  step:  28 bond rmsd: 0.001570
  step:  29 bond rmsd: 0.001570
  step:  30 bond rmsd: 0.001572
  step:  31 bond rmsd: 0.001573
  step:  32 bond rmsd: 0.001573
  step:  33 bond rmsd: 0.001574
  step:  34 bond rmsd: 0.001575
  step:  35 bond rmsd: 0.001575
  step:  36 bond rmsd: 0.001575
  step:  37 bond rmsd: 0.001576
  step:  38 bond rmsd: 0.001575
  step:  39 bond rmsd: 0.001575
  step:  40 bond rmsd: 0.001575
  step:  41 bond rmsd: 0.001574
  step:  42 bond rmsd: 0.001574
  step:  43 bond rmsd: 0.001573
  step:  44 bond rmsd: 0.001573
  step:  45 bond rmsd: 0.001572
  step:  46 bond rmsd: 0.001571
  step:  47 bond rmsd: 0.001570
  step:  48 bond rmsd: 0.001569
  step:  49 bond rmsd: 0.001571
  step:  50 bond rmsd: 0.001570
  step:  51 bond rmsd: 0.001570
  step:  52 bond rmsd: 0.001569
micro_cycle  45 rmsd(b):  0.0016 rws:  1.000 n_fev: 2346
  step:   1 bond rmsd: 0.001569
  step:   2 bond rmsd: 0.054781
  step:   3 bond rmsd: 0.001602
  step:   4 bond rmsd: 0.001585
  step:   5 bond rmsd: 0.001575
  step:   6 bond rmsd: 0.001570
  step:   7 bond rmsd: 0.001566
  step:   8 bond rmsd: 0.001565
  step:   9 bond rmsd: 0.001564
  step:  10 bond rmsd: 0.001564
  step:  11 bond rmsd: 0.001564
  step:  12 bond rmsd: 0.001565
  step:  13 bond rmsd: 0.001565
  step:  14 bond rmsd: 0.001566
  step:  15 bond rmsd: 0.001566
  step:  16 bond rmsd: 0.001567
  step:  17 bond rmsd: 0.001567
  step:  18 bond rmsd: 0.001567
  step:  19 bond rmsd: 0.001568
  step:  20 bond rmsd: 0.001568
  step:  21 bond rmsd: 0.001569
  step:  22 bond rmsd: 0.001570
  step:  23 bond rmsd: 0.001570
  step:  24 bond rmsd: 0.001571
  step:  25 bond rmsd: 0.001571
  step:  26 bond rmsd: 0.001572
  step:  27 bond rmsd: 0.001571
  step:  28 bond rmsd: 0.001572
  step:  29 bond rmsd: 0.001572
  step:  30 bond rmsd: 0.001573
  step:  31 bond rmsd: 0.001573
  step:  32 bond rmsd: 0.001573
  step:  33 bond rmsd: 0.001573
  step:  34 bond rmsd: 0.001573
  step:  35 bond rmsd: 0.001574
  step:  36 bond rmsd: 0.001574
  step:  37 bond rmsd: 0.001573
  step:  38 bond rmsd: 0.001572
  step:  39 bond rmsd: 0.001569
  step:  40 bond rmsd: 0.001567
  step:  41 bond rmsd: 0.001566
  step:  42 bond rmsd: 0.001562
  step:  43 bond rmsd: 0.001561
  step:  44 bond rmsd: 0.001559
  step:  45 bond rmsd: 0.001558
  step:  46 bond rmsd: 0.001556
  step:  47 bond rmsd: 0.001555
  step:  48 bond rmsd: 0.001554
  step:  49 bond rmsd: 0.001552
  step:  50 bond rmsd: 0.001551
  step:  51 bond rmsd: 0.001550
  step:  52 bond rmsd: 0.001548
micro_cycle  46 rmsd(b):  0.0015 rws:  1.000 n_fev: 2398
  step:   1 bond rmsd: 0.001548
  step:   2 bond rmsd: 0.034804
  step:   3 bond rmsd: 0.001550
  step:   4 bond rmsd: 0.001549
  step:   5 bond rmsd: 0.001549
  step:   6 bond rmsd: 0.001549
  step:   7 bond rmsd: 0.001549
  step:   8 bond rmsd: 0.001549
  step:   9 bond rmsd: 0.001549
  step:  10 bond rmsd: 0.001550
  step:  11 bond rmsd: 0.001550
  step:  12 bond rmsd: 0.001550
  step:  13 bond rmsd: 0.001550
  step:  14 bond rmsd: 0.001551
  step:  15 bond rmsd: 0.001552
  step:  16 bond rmsd: 0.001553
  step:  17 bond rmsd: 0.001555
  step:  18 bond rmsd: 0.001557
  step:  19 bond rmsd: 0.001558
  step:  20 bond rmsd: 0.001561
  step:  21 bond rmsd: 0.001563
  step:  22 bond rmsd: 0.001565
  step:  23 bond rmsd: 0.001566
  step:  24 bond rmsd: 0.001567
  step:  25 bond rmsd: 0.001568
  step:  26 bond rmsd: 0.001568
  step:  27 bond rmsd: 0.001569
  step:  28 bond rmsd: 0.001570
  step:  29 bond rmsd: 0.001570
  step:  30 bond rmsd: 0.001570
  step:  31 bond rmsd: 0.001571
  step:  32 bond rmsd: 0.001571
  step:  33 bond rmsd: 0.001572
  step:  34 bond rmsd: 0.001573
  step:  35 bond rmsd: 0.001574
  step:  36 bond rmsd: 0.001574
  step:  37 bond rmsd: 0.001575
  step:  38 bond rmsd: 0.001575
  step:  39 bond rmsd: 0.001576
  step:  40 bond rmsd: 0.001576
  step:  41 bond rmsd: 0.001577
  step:  42 bond rmsd: 0.001575
  step:  43 bond rmsd: 0.001576
  step:  44 bond rmsd: 0.001579
  step:  45 bond rmsd: 0.001580
  step:  46 bond rmsd: 0.001582
  step:  47 bond rmsd: 0.001583
  step:  48 bond rmsd: 0.001586
  step:  49 bond rmsd: 0.001587
  step:  50 bond rmsd: 0.001587
  step:  51 bond rmsd: 0.001588
  step:  52 bond rmsd: 0.001590
micro_cycle  47 rmsd(b):  0.0016 rws:  1.000 n_fev: 2450
  step:   1 bond rmsd: 0.001590
  step:   2 bond rmsd: 0.045203
  step:   3 bond rmsd: 0.001577
  step:   4 bond rmsd: 0.001577
  step:   5 bond rmsd: 0.001578
  step:   6 bond rmsd: 0.001579
  step:   7 bond rmsd: 0.001580
  step:   8 bond rmsd: 0.001581
  step:   9 bond rmsd: 0.001582
  step:  10 bond rmsd: 0.001583
  step:  11 bond rmsd: 0.001584
  step:  12 bond rmsd: 0.001585
  step:  13 bond rmsd: 0.001586
  step:  14 bond rmsd: 0.001586
  step:  15 bond rmsd: 0.001587
  step:  16 bond rmsd: 0.001588
  step:  17 bond rmsd: 0.001588
  step:  18 bond rmsd: 0.001589
  step:  19 bond rmsd: 0.001590
  step:  20 bond rmsd: 0.001590
  step:  21 bond rmsd: 0.001589
  step:  22 bond rmsd: 0.001578
  step:  23 bond rmsd: 0.001578
  step:  24 bond rmsd: 0.001578
  step:  25 bond rmsd: 0.001577
  step:  26 bond rmsd: 0.001577
  step:  27 bond rmsd: 0.001577
  step:  28 bond rmsd: 0.001577
  step:  29 bond rmsd: 0.001576
  step:  30 bond rmsd: 0.001576
  step:  31 bond rmsd: 0.001576
  step:  32 bond rmsd: 0.001572
  step:  33 bond rmsd: 0.001572
  step:  34 bond rmsd: 0.001576
  step:  35 bond rmsd: 0.001574
  step:  36 bond rmsd: 0.001572
  step:  37 bond rmsd: 0.001571
  step:  38 bond rmsd: 0.001570
  step:  39 bond rmsd: 0.001568
  step:  40 bond rmsd: 0.001567
  step:  41 bond rmsd: 0.001566
  step:  42 bond rmsd: 0.001565
  step:  43 bond rmsd: 0.001564
  step:  44 bond rmsd: 0.001563
  step:  45 bond rmsd: 0.001563
  step:  46 bond rmsd: 0.001562
  step:  47 bond rmsd: 0.001561
  step:  48 bond rmsd: 0.001560
  step:  49 bond rmsd: 0.001560
  step:  50 bond rmsd: 0.001559
  step:  51 bond rmsd: 0.001557
  step:  52 bond rmsd: 0.001556
micro_cycle  48 rmsd(b):  0.0016 rws:  1.000 n_fev: 2502
  step:   1 bond rmsd: 0.001556
  step:   2 bond rmsd: 0.029393
  step:   3 bond rmsd: 0.001559
  step:   4 bond rmsd: 0.001559
  step:   5 bond rmsd: 0.001558
  step:   6 bond rmsd: 0.001558
  step:   7 bond rmsd: 0.001558
  step:   8 bond rmsd: 0.001558
  step:   9 bond rmsd: 0.001558
  step:  10 bond rmsd: 0.001558
  step:  11 bond rmsd: 0.001558
  step:  12 bond rmsd: 0.001558
  step:  13 bond rmsd: 0.001558
  step:  14 bond rmsd: 0.001558
  step:  15 bond rmsd: 0.001558
  step:  16 bond rmsd: 0.001558
  step:  17 bond rmsd: 0.001559
  step:  18 bond rmsd: 0.001560
  step:  19 bond rmsd: 0.001562
  step:  20 bond rmsd: 0.001564
  step:  21 bond rmsd: 0.001565
  step:  22 bond rmsd: 0.001568
  step:  23 bond rmsd: 0.001569
  step:  24 bond rmsd: 0.001569
  step:  25 bond rmsd: 0.001573
  step:  26 bond rmsd: 0.001573
  step:  27 bond rmsd: 0.001573
  step:  28 bond rmsd: 0.001574
  step:  29 bond rmsd: 0.001575
  step:  30 bond rmsd: 0.001575
  step:  31 bond rmsd: 0.001576
  step:  32 bond rmsd: 0.001577
  step:  33 bond rmsd: 0.001578
  step:  34 bond rmsd: 0.001579
  step:  35 bond rmsd: 0.001578
  step:  36 bond rmsd: 0.001579
  step:  37 bond rmsd: 0.001577
  step:  38 bond rmsd: 0.001578
  step:  39 bond rmsd: 0.001580
  step:  40 bond rmsd: 0.001581
  step:  41 bond rmsd: 0.001581
  step:  42 bond rmsd: 0.001582
  step:  43 bond rmsd: 0.001583
  step:  44 bond rmsd: 0.001582
  step:  45 bond rmsd: 0.001583
  step:  46 bond rmsd: 0.001583
  step:  47 bond rmsd: 0.001585
  step:  48 bond rmsd: 0.001585
  step:  49 bond rmsd: 0.001583
  step:  50 bond rmsd: 0.001582
  step:  51 bond rmsd: 0.001580
  step:  52 bond rmsd: 0.001578
micro_cycle  49 rmsd(b):  0.0016 rws:  1.000 n_fev: 2554
  step:   1 bond rmsd: 0.001578
  step:   2 bond rmsd: 0.061285
  step:   3 bond rmsd: 0.001573
  step:   4 bond rmsd: 0.001573
  step:   5 bond rmsd: 0.001573
  step:   6 bond rmsd: 0.001574
  step:   7 bond rmsd: 0.001574
  step:   8 bond rmsd: 0.001575
  step:   9 bond rmsd: 0.001575
  step:  10 bond rmsd: 0.001575
  step:  11 bond rmsd: 0.001576
  step:  12 bond rmsd: 0.001576
  step:  13 bond rmsd: 0.001577
  step:  14 bond rmsd: 0.001577
  step:  15 bond rmsd: 0.001577
  step:  16 bond rmsd: 0.001577
  step:  17 bond rmsd: 0.001577
  step:  18 bond rmsd: 0.001575
  step:  19 bond rmsd: 0.001575
  step:  20 bond rmsd: 0.001575
  step:  21 bond rmsd: 0.001577
  step:  22 bond rmsd: 0.001576
  step:  23 bond rmsd: 0.001576
  step:  24 bond rmsd: 0.001576
  step:  25 bond rmsd: 0.001575
  step:  26 bond rmsd: 0.001575
  step:  27 bond rmsd: 0.001574
  step:  28 bond rmsd: 0.001574
  step:  29 bond rmsd: 0.001573
  step:  30 bond rmsd: 0.001573
  step:  31 bond rmsd: 0.001571
  step:  32 bond rmsd: 0.001570
  step:  33 bond rmsd: 0.001570
  step:  34 bond rmsd: 0.001569
  step:  35 bond rmsd: 0.001567
  step:  36 bond rmsd: 0.001566
  step:  37 bond rmsd: 0.001565
  step:  38 bond rmsd: 0.001563
  step:  39 bond rmsd: 0.001561
  step:  40 bond rmsd: 0.001560
  step:  41 bond rmsd: 0.001558
  step:  42 bond rmsd: 0.001557
  step:  43 bond rmsd: 0.001558
  step:  44 bond rmsd: 0.001558
  step:  45 bond rmsd: 0.001557
  step:  46 bond rmsd: 0.001556
  step:  47 bond rmsd: 0.001557
  step:  48 bond rmsd: 0.001556
  step:  49 bond rmsd: 0.001556
  step:  50 bond rmsd: 0.001557
  step:  51 bond rmsd: 0.001557
  step:  52 bond rmsd: 0.001557
micro_cycle  50 rmsd(b):  0.0016 rws:  1.000 n_fev: 2606
See 0_refined.pdb in pdb folder.
Time: 36.3481
