Starting Q|R
Running refinement
   input {
     xray_data {
       file_name = None
       labels = None
       high_resolution = None
       low_resolution = None
       outliers_rejection = True
       french_wilson_scale = True
       french_wilson {
         max_bins = 60
         min_bin_size = 40
       }
       sigma_fobs_rejection_criterion = None
       sigma_iobs_rejection_criterion = None
       ignore_all_zeros = True
       force_anomalous_flag_to_be_equal_to = None
       convert_to_non_anomalous_if_ratio_pairs_lone_less_than_threshold = 0.5
       r_free_flags {
         file_name = None
         label = None
         test_flag_value = None
         ignore_r_free_flags = False
         disable_suitability_test = False
         ignore_pdb_hexdigest = False
         generate = False
         fraction = 0.1
         max_free = 2000
         lattice_symmetry_max_delta = 5
         use_lattice_symmetry = True
         use_dataman_shells = False
         n_shells = 20
       }
     }
     pdb {
       file_name = None
     }
     monomers {
       file_name = None
     }
     maps {
       map_file_name = None
       d_min = None
       map_coefficients_file_name = None
       map_coefficients_label = None
     }
     sequence = None
     scattering_table = wk1995 it1992 *n_gaussian neutron electron
     wavelength = None
     energy = None
     twin_law = Auto
   }
   max_atoms = 15000
   debug = False
   cluster {
     charge_cutoff = 8.0
     clustering = false
     charge_embedding = False
     two_buffers = False
     maxnum_residues_in_cluster = 15
     clustering_method = gnc *bcc
     altloc_method = *average subtract
   }
   restraints = *cctbx qm
   quantum {
     engine_name = *mopac ani torchani terachem turbomole pyscf orca gaussian \
                   xtb
     charge = None
     basis = Auto
     method = Auto
     memory = None
     nproc = None
     qm_addon = gcp dftd3 gcp-d3
     qm_addon_method = None
   }
   refine {
     dry_run = False
     sf_algorithm = *direct fft
     refinement_target_name = *ml ls_wunit_k1
     mode = *opt refine
     number_of_macro_cycles = 1
     number_of_weight_search_cycles = 50
     number_of_refine_cycles = 5
     number_of_micro_cycles = 50
     data_weight = None
     choose_best_use_r_work = False
     skip_initial_weight_optimization = False
     adjust_restraints_weight_scale_value = 2
     max_iterations_weight = 50
     max_iterations_refine = 50
     use_ase_lbfgs = False
     line_search = True
     stpmax = 0.2
     gradient_only = true
     update_all_scales = True
     refine_sites = True
     refine_adp = False
     restraints_weight_scale = 1.0
     shake_sites = False
     use_convergence_test = true
     max_bond_rmsd = 0.03
     max_r_work_r_free_gap = 5.0
     r_tolerance = 0.001
     rmsd_tolerance = 0.001
     opt_log = False
     pre_opt = False
     pre_opt_stpmax = 0.1
     pre_opt_iter = 10
     pre_opt_switch = 2
     pre_opt_gconv = 3000
   }
   parallel {
     method = *multiprocessing slurm pbs sge lsf threading
     nproc = None
     qsub_command = None
   }
   output_file_name_prefix = None
   output_folder_name = "pdb"
   shared_disk = True
   rst_file = None
   dump_gradients = None

Setting QM defaults
  Setting QM method to PM7


***********************************************************
restart info will be stored in /home/lum/3nir/cctbx_improve/cctbx_refine/pdb/3.rst.pickle
***********************************************************

start   0 rmsd(b):  0.0209 rws:  1.000 n_fev: 0
  step:   1 bond rmsd: 0.020920
  step:   2 bond rmsd: 0.078618
  step:   3 bond rmsd: 0.078618
  step:   4 bond rmsd: 0.063958
  step:   5 bond rmsd: 0.052117
  step:   6 bond rmsd: 0.042756
  step:   7 bond rmsd: 0.035339
  step:   8 bond rmsd: 0.029507
  step:   9 bond rmsd: 0.024950
  step:  10 bond rmsd: 0.021425
  step:  11 bond rmsd: 0.018725
  step:  12 bond rmsd: 0.016679
  step:  13 bond rmsd: 0.015139
  step:  14 bond rmsd: 0.013984
  step:  15 bond rmsd: 0.013112
  step:  16 bond rmsd: 0.012444
  step:  17 bond rmsd: 0.011916
  step:  18 bond rmsd: 0.011476
  step:  19 bond rmsd: 0.011085
  step:  20 bond rmsd: 0.010703
  step:  21 bond rmsd: 0.010289
  step:  22 bond rmsd: 0.009796
  step:  23 bond rmsd: 0.009154
  step:  24 bond rmsd: 0.008284
  step:  25 bond rmsd: 0.007648
  step:  26 bond rmsd: 0.007055
  step:  27 bond rmsd: 0.006447
  step:  28 bond rmsd: 0.006034
  step:  29 bond rmsd: 0.005788
  step:  30 bond rmsd: 0.005575
  step:  31 bond rmsd: 0.005385
  step:  32 bond rmsd: 0.005258
  step:  33 bond rmsd: 0.005120
  step:  34 bond rmsd: 0.005010
  step:  35 bond rmsd: 0.004902
  step:  36 bond rmsd: 0.004790
  step:  37 bond rmsd: 0.004688
  step:  38 bond rmsd: 0.004562
  step:  39 bond rmsd: 0.004510
  step:  40 bond rmsd: 0.004384
  step:  41 bond rmsd: 0.004256
  step:  42 bond rmsd: 0.004128
  step:  43 bond rmsd: 0.004021
  step:  44 bond rmsd: 0.003908
  step:  45 bond rmsd: 0.003848
  step:  46 bond rmsd: 0.003773
  step:  47 bond rmsd: 0.003709
  step:  48 bond rmsd: 0.003667
  step:  49 bond rmsd: 0.003601
  step:  50 bond rmsd: 0.003545
  step:  51 bond rmsd: 0.003521
  step:  52 bond rmsd: 0.003488
micro_cycle   1 rmsd(b):  0.0035 rws:  1.000 n_fev: 52
  step:   1 bond rmsd: 0.003488
  step:   2 bond rmsd: 0.063558
  step:   3 bond rmsd: 0.030576
  step:   4 bond rmsd: 0.024497
  step:   5 bond rmsd: 0.019637
  step:   6 bond rmsd: 0.015804
  step:   7 bond rmsd: 0.012785
  step:   8 bond rmsd: 0.010415
  step:   9 bond rmsd: 0.008569
  step:  10 bond rmsd: 0.007143
  step:  11 bond rmsd: 0.006058
  step:  12 bond rmsd: 0.005246
  step:  13 bond rmsd: 0.004652
  step:  14 bond rmsd: 0.004225
  step:  15 bond rmsd: 0.003925
  step:  16 bond rmsd: 0.003718
  step:  17 bond rmsd: 0.003576
  step:  18 bond rmsd: 0.003480
  step:  19 bond rmsd: 0.003415
  step:  20 bond rmsd: 0.003370
  step:  21 bond rmsd: 0.003338
  step:  22 bond rmsd: 0.003316
  step:  23 bond rmsd: 0.003300
  step:  24 bond rmsd: 0.003287
  step:  25 bond rmsd: 0.003277
  step:  26 bond rmsd: 0.003268
  step:  27 bond rmsd: 0.003260
  step:  28 bond rmsd: 0.003250
  step:  29 bond rmsd: 0.003238
  step:  30 bond rmsd: 0.003221
  step:  31 bond rmsd: 0.003196
  step:  32 bond rmsd: 0.003156
  step:  33 bond rmsd: 0.003095
  step:  34 bond rmsd: 0.003001
  step:  35 bond rmsd: 0.002924
  step:  36 bond rmsd: 0.002864
  step:  37 bond rmsd: 0.002801
  step:  38 bond rmsd: 0.002810
  step:  39 bond rmsd: 0.002834
  step:  40 bond rmsd: 0.002860
  step:  41 bond rmsd: 0.002910
  step:  42 bond rmsd: 0.002941
  step:  43 bond rmsd: 0.003051
  step:  44 bond rmsd: 0.003061
  step:  45 bond rmsd: 0.003054
  step:  46 bond rmsd: 0.003044
  step:  47 bond rmsd: 0.003012
  step:  48 bond rmsd: 0.003000
  step:  49 bond rmsd: 0.002946
  step:  50 bond rmsd: 0.002943
  step:  51 bond rmsd: 0.002945
  step:  52 bond rmsd: 0.002949
micro_cycle   2 rmsd(b):  0.0029 rws:  1.000 n_fev: 104
  step:   1 bond rmsd: 0.002949
  step:   2 bond rmsd: 0.074450
  step:   3 bond rmsd: 0.029106
  step:   4 bond rmsd: 0.023339
  step:   5 bond rmsd: 0.018751
  step:   6 bond rmsd: 0.015096
  step:   7 bond rmsd: 0.012193
  step:   8 bond rmsd: 0.009896
  step:   9 bond rmsd: 0.008089
  step:  10 bond rmsd: 0.006680
  step:  11 bond rmsd: 0.005593
  step:  12 bond rmsd: 0.004768
  step:  13 bond rmsd: 0.004154
  step:  14 bond rmsd: 0.003705
  step:  15 bond rmsd: 0.003385
  step:  16 bond rmsd: 0.003160
  step:  17 bond rmsd: 0.003005
  step:  18 bond rmsd: 0.002899
  step:  19 bond rmsd: 0.002826
  step:  20 bond rmsd: 0.002776
  step:  21 bond rmsd: 0.002740
  step:  22 bond rmsd: 0.002714
  step:  23 bond rmsd: 0.002695
  step:  24 bond rmsd: 0.002679
  step:  25 bond rmsd: 0.002666
  step:  26 bond rmsd: 0.002654
  step:  27 bond rmsd: 0.002640
  step:  28 bond rmsd: 0.002624
  step:  29 bond rmsd: 0.002603
  step:  30 bond rmsd: 0.002571
  step:  31 bond rmsd: 0.002523
  step:  32 bond rmsd: 0.002447
  step:  33 bond rmsd: 0.002331
  step:  34 bond rmsd: 0.002200
  step:  35 bond rmsd: 0.002103
  step:  36 bond rmsd: 0.002016
  step:  37 bond rmsd: 0.001961
  step:  38 bond rmsd: 0.001928
  step:  39 bond rmsd: 0.001895
  step:  40 bond rmsd: 0.001882
  step:  41 bond rmsd: 0.001878
  step:  42 bond rmsd: 0.001871
  step:  43 bond rmsd: 0.001873
  step:  44 bond rmsd: 0.001872
  step:  45 bond rmsd: 0.001882
  step:  46 bond rmsd: 0.001896
  step:  47 bond rmsd: 0.001906
  step:  48 bond rmsd: 0.001924
  step:  49 bond rmsd: 0.001971
  step:  50 bond rmsd: 0.001993
  step:  51 bond rmsd: 0.002038
  step:  52 bond rmsd: 0.002065
micro_cycle   3 rmsd(b):  0.0021 rws:  1.000 n_fev: 156
  step:   1 bond rmsd: 0.002065
  step:   2 bond rmsd: 0.050389
  step:   3 bond rmsd: 0.050389
  step:   4 bond rmsd: 0.040154
  step:   5 bond rmsd: 0.031923
  step:   6 bond rmsd: 0.025436
  step:   7 bond rmsd: 0.020310
  step:   8 bond rmsd: 0.016249
  step:   9 bond rmsd: 0.013026
  step:  10 bond rmsd: 0.010469
  step:  11 bond rmsd: 0.008443
  step:  12 bond rmsd: 0.006845
  step:  13 bond rmsd: 0.005591
  step:  14 bond rmsd: 0.004616
  step:  15 bond rmsd: 0.003867
  step:  16 bond rmsd: 0.003300
  step:  17 bond rmsd: 0.002882
  step:  18 bond rmsd: 0.002579
  step:  19 bond rmsd: 0.002365
  step:  20 bond rmsd: 0.002218
  step:  21 bond rmsd: 0.002118
  step:  22 bond rmsd: 0.002052
  step:  23 bond rmsd: 0.002008
  step:  24 bond rmsd: 0.001979
  step:  25 bond rmsd: 0.001959
  step:  26 bond rmsd: 0.001946
  step:  27 bond rmsd: 0.001937
  step:  28 bond rmsd: 0.001931
  step:  29 bond rmsd: 0.001926
  step:  30 bond rmsd: 0.001921
  step:  31 bond rmsd: 0.001917
  step:  32 bond rmsd: 0.001912
  step:  33 bond rmsd: 0.001904
  step:  34 bond rmsd: 0.001893
  step:  35 bond rmsd: 0.001875
  step:  36 bond rmsd: 0.001845
  step:  37 bond rmsd: 0.001793
  step:  38 bond rmsd: 0.001781
  step:  39 bond rmsd: 0.001755
  step:  40 bond rmsd: 0.001780
  step:  41 bond rmsd: 0.001795
  step:  42 bond rmsd: 0.001823
  step:  43 bond rmsd: 0.001843
  step:  44 bond rmsd: 0.001869
  step:  45 bond rmsd: 0.001896
  step:  46 bond rmsd: 0.001917
  step:  47 bond rmsd: 0.001957
  step:  48 bond rmsd: 0.001980
  step:  49 bond rmsd: 0.002012
  step:  50 bond rmsd: 0.002047
  step:  51 bond rmsd: 0.002072
  step:  52 bond rmsd: 0.002109
micro_cycle   4 rmsd(b):  0.0021 rws:  1.000 n_fev: 208
  step:   1 bond rmsd: 0.002109
  step:   2 bond rmsd: 0.083838
  step:   3 bond rmsd: 0.017657
  step:   4 bond rmsd: 0.014183
  step:   5 bond rmsd: 0.011408
  step:   6 bond rmsd: 0.009208
  step:   7 bond rmsd: 0.007472
  step:   8 bond rmsd: 0.006108
  step:   9 bond rmsd: 0.005045
  step:  10 bond rmsd: 0.004226
  step:  11 bond rmsd: 0.003605
  step:  12 bond rmsd: 0.003143
  step:  13 bond rmsd: 0.002806
  step:  14 bond rmsd: 0.002566
  step:  15 bond rmsd: 0.002398
  step:  16 bond rmsd: 0.002282
  step:  17 bond rmsd: 0.002204
  step:  18 bond rmsd: 0.002150
  step:  19 bond rmsd: 0.002114
  step:  20 bond rmsd: 0.002090
  step:  21 bond rmsd: 0.002072
  step:  22 bond rmsd: 0.002060
  step:  23 bond rmsd: 0.002051
  step:  24 bond rmsd: 0.002044
  step:  25 bond rmsd: 0.002037
  step:  26 bond rmsd: 0.002032
  step:  27 bond rmsd: 0.002026
  step:  28 bond rmsd: 0.002020
  step:  29 bond rmsd: 0.002012
  step:  30 bond rmsd: 0.002000
  step:  31 bond rmsd: 0.001982
  step:  32 bond rmsd: 0.001955
  step:  33 bond rmsd: 0.001913
  step:  34 bond rmsd: 0.001848
  step:  35 bond rmsd: 0.001796
  step:  36 bond rmsd: 0.001762
  step:  37 bond rmsd: 0.001733
  step:  38 bond rmsd: 0.001708
  step:  39 bond rmsd: 0.001702
  step:  40 bond rmsd: 0.001697
  step:  41 bond rmsd: 0.001708
  step:  42 bond rmsd: 0.001705
  step:  43 bond rmsd: 0.001704
  step:  44 bond rmsd: 0.001705
  step:  45 bond rmsd: 0.001706
  step:  46 bond rmsd: 0.001715
  step:  47 bond rmsd: 0.001722
  step:  48 bond rmsd: 0.001740
  step:  49 bond rmsd: 0.001769
  step:  50 bond rmsd: 0.001808
  step:  51 bond rmsd: 0.001843
  step:  52 bond rmsd: 0.001920
micro_cycle   5 rmsd(b):  0.0019 rws:  1.000 n_fev: 260
  step:   1 bond rmsd: 0.001920
  step:   2 bond rmsd: 0.081973
  step:   3 bond rmsd: 0.023502
  step:   4 bond rmsd: 0.018828
  step:   5 bond rmsd: 0.015101
  step:   6 bond rmsd: 0.012131
  step:   7 bond rmsd: 0.009767
  step:   8 bond rmsd: 0.007889
  step:   9 bond rmsd: 0.006404
  step:  10 bond rmsd: 0.005236
  step:  11 bond rmsd: 0.004326
  step:  12 bond rmsd: 0.003626
  step:  13 bond rmsd: 0.003097
  step:  14 bond rmsd: 0.002704
  step:  15 bond rmsd: 0.002421
  step:  16 bond rmsd: 0.002220
  step:  17 bond rmsd: 0.002081
  step:  18 bond rmsd: 0.001987
  step:  19 bond rmsd: 0.001924
  step:  20 bond rmsd: 0.001882
  step:  21 bond rmsd: 0.001855
  step:  22 bond rmsd: 0.001836
  step:  23 bond rmsd: 0.001823
  step:  24 bond rmsd: 0.001814
  step:  25 bond rmsd: 0.001807
  step:  26 bond rmsd: 0.001802
  step:  27 bond rmsd: 0.001797
  step:  28 bond rmsd: 0.001792
  step:  29 bond rmsd: 0.001786
  step:  30 bond rmsd: 0.001778
  step:  31 bond rmsd: 0.001767
  step:  32 bond rmsd: 0.001749
  step:  33 bond rmsd: 0.001721
  step:  34 bond rmsd: 0.001671
  step:  35 bond rmsd: 0.001652
  step:  36 bond rmsd: 0.001636
  step:  37 bond rmsd: 0.001668
  step:  38 bond rmsd: 0.001657
  step:  39 bond rmsd: 0.001654
  step:  40 bond rmsd: 0.001649
  step:  41 bond rmsd: 0.001653
  step:  42 bond rmsd: 0.001657
  step:  43 bond rmsd: 0.001660
  step:  44 bond rmsd: 0.001669
  step:  45 bond rmsd: 0.001676
  step:  46 bond rmsd: 0.001686
  step:  47 bond rmsd: 0.001696
  step:  48 bond rmsd: 0.001710
  step:  49 bond rmsd: 0.001714
  step:  50 bond rmsd: 0.001726
  step:  51 bond rmsd: 0.001748
  step:  52 bond rmsd: 0.001759
micro_cycle   6 rmsd(b):  0.0018 rws:  1.000 n_fev: 312
  step:   1 bond rmsd: 0.001759
  step:   2 bond rmsd: 0.067321
  step:   3 bond rmsd: 0.007676
  step:   4 bond rmsd: 0.006232
  step:   5 bond rmsd: 0.005097
  step:   6 bond rmsd: 0.004212
  step:   7 bond rmsd: 0.003530
  step:   8 bond rmsd: 0.003013
  step:   9 bond rmsd: 0.002629
  step:  10 bond rmsd: 0.002350
  step:  11 bond rmsd: 0.002152
  step:  12 bond rmsd: 0.002014
  step:  13 bond rmsd: 0.001921
  step:  14 bond rmsd: 0.001858
  step:  15 bond rmsd: 0.001816
  step:  16 bond rmsd: 0.001789
  step:  17 bond rmsd: 0.001771
  step:  18 bond rmsd: 0.001759
  step:  19 bond rmsd: 0.001751
  step:  20 bond rmsd: 0.001745
  step:  21 bond rmsd: 0.001741
  step:  22 bond rmsd: 0.001739
  step:  23 bond rmsd: 0.001736
  step:  24 bond rmsd: 0.001735
  step:  25 bond rmsd: 0.001733
  step:  26 bond rmsd: 0.001732
  step:  27 bond rmsd: 0.001730
  step:  28 bond rmsd: 0.001728
  step:  29 bond rmsd: 0.001724
  step:  30 bond rmsd: 0.001719
  step:  31 bond rmsd: 0.001711
  step:  32 bond rmsd: 0.001699
  step:  33 bond rmsd: 0.001675
  step:  34 bond rmsd: 0.001661
  step:  35 bond rmsd: 0.001650
  step:  36 bond rmsd: 0.001667
  step:  37 bond rmsd: 0.001663
  step:  38 bond rmsd: 0.001661
  step:  39 bond rmsd: 0.001665
  step:  40 bond rmsd: 0.001667
  step:  41 bond rmsd: 0.001670
  step:  42 bond rmsd: 0.001677
  step:  43 bond rmsd: 0.001691
  step:  44 bond rmsd: 0.001697
  step:  45 bond rmsd: 0.001710
  step:  46 bond rmsd: 0.001765
  step:  47 bond rmsd: 0.001775
  step:  48 bond rmsd: 0.001787
  step:  49 bond rmsd: 0.001814
  step:  50 bond rmsd: 0.001838
  step:  51 bond rmsd: 0.001866
  step:  52 bond rmsd: 0.001900
micro_cycle   7 rmsd(b):  0.0019 rws:  1.000 n_fev: 364
  step:   1 bond rmsd: 0.001900
  step:   2 bond rmsd: 0.050973
  step:   3 bond rmsd: 0.017151
  step:   4 bond rmsd: 0.013775
  step:   5 bond rmsd: 0.011077
  step:   6 bond rmsd: 0.008931
  step:   7 bond rmsd: 0.007229
  step:   8 bond rmsd: 0.005886
  step:   9 bond rmsd: 0.004833
  step:  10 bond rmsd: 0.004017
  step:  11 bond rmsd: 0.003393
  step:  12 bond rmsd: 0.002925
  step:  13 bond rmsd: 0.002581
  step:  14 bond rmsd: 0.002334
  step:  15 bond rmsd: 0.002161
  step:  16 bond rmsd: 0.002042
  step:  17 bond rmsd: 0.001962
  step:  18 bond rmsd: 0.001908
  step:  19 bond rmsd: 0.001873
  step:  20 bond rmsd: 0.001849
  step:  21 bond rmsd: 0.001833
  step:  22 bond rmsd: 0.001822
  step:  23 bond rmsd: 0.001815
  step:  24 bond rmsd: 0.001809
  step:  25 bond rmsd: 0.001805
  step:  26 bond rmsd: 0.001801
  step:  27 bond rmsd: 0.001798
  step:  28 bond rmsd: 0.001794
  step:  29 bond rmsd: 0.001789
  step:  30 bond rmsd: 0.001781
  step:  31 bond rmsd: 0.001770
  step:  32 bond rmsd: 0.001751
  step:  33 bond rmsd: 0.001720
  step:  34 bond rmsd: 0.001673
  step:  35 bond rmsd: 0.001652
  step:  36 bond rmsd: 0.001639
  step:  37 bond rmsd: 0.001652
  step:  38 bond rmsd: 0.001648
  step:  39 bond rmsd: 0.001647
  step:  40 bond rmsd: 0.001647
  step:  41 bond rmsd: 0.001650
  step:  42 bond rmsd: 0.001650
  step:  43 bond rmsd: 0.001658
  step:  44 bond rmsd: 0.001661
  step:  45 bond rmsd: 0.001663
  step:  46 bond rmsd: 0.001667
  step:  47 bond rmsd: 0.001673
  step:  48 bond rmsd: 0.001681
  step:  49 bond rmsd: 0.001687
  step:  50 bond rmsd: 0.001703
  step:  51 bond rmsd: 0.001711
  step:  52 bond rmsd: 0.001727
micro_cycle   8 rmsd(b):  0.0017 rws:  1.000 n_fev: 416
  step:   1 bond rmsd: 0.001727
  step:   2 bond rmsd: 0.043899
  step:   3 bond rmsd: 0.007018
  step:   4 bond rmsd: 0.005699
  step:   5 bond rmsd: 0.004666
  step:   6 bond rmsd: 0.003862
  step:   7 bond rmsd: 0.003246
  step:   8 bond rmsd: 0.002783
  step:   9 bond rmsd: 0.002443
  step:  10 bond rmsd: 0.002200
  step:  11 bond rmsd: 0.002031
  step:  12 bond rmsd: 0.001916
  step:  13 bond rmsd: 0.001840
  step:  14 bond rmsd: 0.001790
  step:  15 bond rmsd: 0.001758
  step:  16 bond rmsd: 0.001738
  step:  17 bond rmsd: 0.001726
  step:  18 bond rmsd: 0.001718
  step:  19 bond rmsd: 0.001713
  step:  20 bond rmsd: 0.001710
  step:  21 bond rmsd: 0.001708
  step:  22 bond rmsd: 0.001707
  step:  23 bond rmsd: 0.001706
  step:  24 bond rmsd: 0.001705
  step:  25 bond rmsd: 0.001705
  step:  26 bond rmsd: 0.001704
  step:  27 bond rmsd: 0.001703
  step:  28 bond rmsd: 0.001702
  step:  29 bond rmsd: 0.001699
  step:  30 bond rmsd: 0.001695
  step:  31 bond rmsd: 0.001687
  step:  32 bond rmsd: 0.001674
  step:  33 bond rmsd: 0.001655
  step:  34 bond rmsd: 0.001647
  step:  35 bond rmsd: 0.001642
  step:  36 bond rmsd: 0.001611
  step:  37 bond rmsd: 0.001613
  step:  38 bond rmsd: 0.001617
  step:  39 bond rmsd: 0.001622
  step:  40 bond rmsd: 0.001629
  step:  41 bond rmsd: 0.001636
  step:  42 bond rmsd: 0.001644
  step:  43 bond rmsd: 0.001652
  step:  44 bond rmsd: 0.001658
  step:  45 bond rmsd: 0.001669
  step:  46 bond rmsd: 0.001679
  step:  47 bond rmsd: 0.001689
  step:  48 bond rmsd: 0.001703
  step:  49 bond rmsd: 0.001714
  step:  50 bond rmsd: 0.001735
  step:  51 bond rmsd: 0.001750
  step:  52 bond rmsd: 0.001810
micro_cycle   9 rmsd(b):  0.0018 rws:  1.000 n_fev: 468
  step:   1 bond rmsd: 0.001810
  step:   2 bond rmsd: 0.061589
  step:   3 bond rmsd: 0.024647
  step:   4 bond rmsd: 0.019747
  step:   5 bond rmsd: 0.015820
  step:   6 bond rmsd: 0.012684
  step:   7 bond rmsd: 0.010187
  step:   8 bond rmsd: 0.008201
  step:   9 bond rmsd: 0.006627
  step:  10 bond rmsd: 0.005386
  step:  11 bond rmsd: 0.004416
  step:  12 bond rmsd: 0.003667
  step:  13 bond rmsd: 0.003097
  step:  14 bond rmsd: 0.002673
  step:  15 bond rmsd: 0.002366
  step:  16 bond rmsd: 0.002149
  step:  17 bond rmsd: 0.002001
  step:  18 bond rmsd: 0.001903
  step:  19 bond rmsd: 0.001838
  step:  20 bond rmsd: 0.001798
  step:  21 bond rmsd: 0.001772
  step:  22 bond rmsd: 0.001756
  step:  23 bond rmsd: 0.001747
  step:  24 bond rmsd: 0.001741
  step:  25 bond rmsd: 0.001738
  step:  26 bond rmsd: 0.001736
  step:  27 bond rmsd: 0.001735
  step:  28 bond rmsd: 0.001734
  step:  29 bond rmsd: 0.001733
  step:  30 bond rmsd: 0.001732
  step:  31 bond rmsd: 0.001731
  step:  32 bond rmsd: 0.001729
  step:  33 bond rmsd: 0.001725
  step:  34 bond rmsd: 0.001717
  step:  35 bond rmsd: 0.001702
  step:  36 bond rmsd: 0.001664
  step:  37 bond rmsd: 0.001652
  step:  38 bond rmsd: 0.001649
  step:  39 bond rmsd: 0.001649
  step:  40 bond rmsd: 0.001649
  step:  41 bond rmsd: 0.001650
  step:  42 bond rmsd: 0.001656
  step:  43 bond rmsd: 0.001658
  step:  44 bond rmsd: 0.001661
  step:  45 bond rmsd: 0.001663
  step:  46 bond rmsd: 0.001668
  step:  47 bond rmsd: 0.001669
  step:  48 bond rmsd: 0.001675
  step:  49 bond rmsd: 0.001680
  step:  50 bond rmsd: 0.001683
  step:  51 bond rmsd: 0.001688
  step:  52 bond rmsd: 0.001697
micro_cycle  10 rmsd(b):  0.0017 rws:  1.000 n_fev: 520
  step:   1 bond rmsd: 0.001697
  step:   2 bond rmsd: 0.058321
  step:   3 bond rmsd: 0.003030
  step:   4 bond rmsd: 0.002634
  step:   5 bond rmsd: 0.002345
  step:   6 bond rmsd: 0.002138
  step:   7 bond rmsd: 0.001994
  step:   8 bond rmsd: 0.001895
  step:   9 bond rmsd: 0.001827
  step:  10 bond rmsd: 0.001783
  step:  11 bond rmsd: 0.001753
  step:  12 bond rmsd: 0.001732
  step:  13 bond rmsd: 0.001719
  step:  14 bond rmsd: 0.001710
  step:  15 bond rmsd: 0.001704
  step:  16 bond rmsd: 0.001699
  step:  17 bond rmsd: 0.001696
  step:  18 bond rmsd: 0.001694
  step:  19 bond rmsd: 0.001692
  step:  20 bond rmsd: 0.001691
  step:  21 bond rmsd: 0.001690
  step:  22 bond rmsd: 0.001688
  step:  23 bond rmsd: 0.001687
  step:  24 bond rmsd: 0.001685
  step:  25 bond rmsd: 0.001683
  step:  26 bond rmsd: 0.001680
  step:  27 bond rmsd: 0.001676
  step:  28 bond rmsd: 0.001669
  step:  29 bond rmsd: 0.001660
  step:  30 bond rmsd: 0.001648
  step:  31 bond rmsd: 0.001644
  step:  32 bond rmsd: 0.001643
  step:  33 bond rmsd: 0.001639
  step:  34 bond rmsd: 0.001639
  step:  35 bond rmsd: 0.001637
  step:  36 bond rmsd: 0.001637
  step:  37 bond rmsd: 0.001640
  step:  38 bond rmsd: 0.001643
  step:  39 bond rmsd: 0.001648
  step:  40 bond rmsd: 0.001652
  step:  41 bond rmsd: 0.001657
  step:  42 bond rmsd: 0.001662
  step:  43 bond rmsd: 0.001668
  step:  44 bond rmsd: 0.001674
  step:  45 bond rmsd: 0.001682
  step:  46 bond rmsd: 0.001690
  step:  47 bond rmsd: 0.001738
  step:  48 bond rmsd: 0.001745
  step:  49 bond rmsd: 0.001755
  step:  50 bond rmsd: 0.001771
  step:  51 bond rmsd: 0.001792
  step:  52 bond rmsd: 0.001822
  step:  53 bond rmsd: 0.001854
micro_cycle  11 rmsd(b):  0.0019 rws:  1.000 n_fev: 573
  step:   1 bond rmsd: 0.001854
  step:   2 bond rmsd: 0.059187
  step:   3 bond rmsd: 0.004931
  step:   4 bond rmsd: 0.004083
  step:   5 bond rmsd: 0.003434
  step:   6 bond rmsd: 0.002946
  step:   7 bond rmsd: 0.002587
  step:   8 bond rmsd: 0.002330
  step:   9 bond rmsd: 0.002150
  step:  10 bond rmsd: 0.002028
  step:  11 bond rmsd: 0.001946
  step:  12 bond rmsd: 0.001891
  step:  13 bond rmsd: 0.001856
  step:  14 bond rmsd: 0.001832
  step:  15 bond rmsd: 0.001817
  step:  16 bond rmsd: 0.001807
  step:  17 bond rmsd: 0.001801
  step:  18 bond rmsd: 0.001796
  step:  19 bond rmsd: 0.001793
  step:  20 bond rmsd: 0.001791
  step:  21 bond rmsd: 0.001789
  step:  22 bond rmsd: 0.001787
  step:  23 bond rmsd: 0.001785
  step:  24 bond rmsd: 0.001782
  step:  25 bond rmsd: 0.001778
  step:  26 bond rmsd: 0.001772
  step:  27 bond rmsd: 0.001762
  step:  28 bond rmsd: 0.001745
  step:  29 bond rmsd: 0.001717
  step:  30 bond rmsd: 0.001698
  step:  31 bond rmsd: 0.001675
  step:  32 bond rmsd: 0.001664
  step:  33 bond rmsd: 0.001673
  step:  34 bond rmsd: 0.001669
  step:  35 bond rmsd: 0.001667
  step:  36 bond rmsd: 0.001666
  step:  37 bond rmsd: 0.001667
  step:  38 bond rmsd: 0.001666
  step:  39 bond rmsd: 0.001667
  step:  40 bond rmsd: 0.001670
  step:  41 bond rmsd: 0.001668
  step:  42 bond rmsd: 0.001670
  step:  43 bond rmsd: 0.001676
  step:  44 bond rmsd: 0.001681
  step:  45 bond rmsd: 0.001685
  step:  46 bond rmsd: 0.001692
  step:  47 bond rmsd: 0.001699
  step:  48 bond rmsd: 0.001713
  step:  49 bond rmsd: 0.001721
  step:  50 bond rmsd: 0.001746
  step:  51 bond rmsd: 0.001757
  step:  52 bond rmsd: 0.001772
micro_cycle  12 rmsd(b):  0.0018 rws:  1.000 n_fev: 625
  step:   1 bond rmsd: 0.001772
  step:   2 bond rmsd: 0.069923
  step:   3 bond rmsd: 0.005081
  step:   4 bond rmsd: 0.004184
  step:   5 bond rmsd: 0.003495
  step:   6 bond rmsd: 0.002974
  step:   7 bond rmsd: 0.002588
  step:   8 bond rmsd: 0.002309
  step:   9 bond rmsd: 0.002113
  step:  10 bond rmsd: 0.001978
  step:  11 bond rmsd: 0.001889
  step:  12 bond rmsd: 0.001830
  step:  13 bond rmsd: 0.001792
  step:  14 bond rmsd: 0.001768
  step:  15 bond rmsd: 0.001753
  step:  16 bond rmsd: 0.001743
  step:  17 bond rmsd: 0.001737
  step:  18 bond rmsd: 0.001733
  step:  19 bond rmsd: 0.001731
  step:  20 bond rmsd: 0.001729
  step:  21 bond rmsd: 0.001728
  step:  22 bond rmsd: 0.001727
  step:  23 bond rmsd: 0.001726
  step:  24 bond rmsd: 0.001726
  step:  25 bond rmsd: 0.001724
  step:  26 bond rmsd: 0.001723
  step:  27 bond rmsd: 0.001720
  step:  28 bond rmsd: 0.001715
  step:  29 bond rmsd: 0.001706
  step:  30 bond rmsd: 0.001695
  step:  31 bond rmsd: 0.001686
  step:  32 bond rmsd: 0.001675
  step:  33 bond rmsd: 0.001672
  step:  34 bond rmsd: 0.001668
  step:  35 bond rmsd: 0.001671
  step:  36 bond rmsd: 0.001671
  step:  37 bond rmsd: 0.001676
  step:  38 bond rmsd: 0.001676
  step:  39 bond rmsd: 0.001680
  step:  40 bond rmsd: 0.001681
  step:  41 bond rmsd: 0.001684
  step:  42 bond rmsd: 0.001687
  step:  43 bond rmsd: 0.001690
  step:  44 bond rmsd: 0.001696
  step:  45 bond rmsd: 0.001699
  step:  46 bond rmsd: 0.001703
  step:  47 bond rmsd: 0.001707
  step:  48 bond rmsd: 0.001714
  step:  49 bond rmsd: 0.001718
  step:  50 bond rmsd: 0.001726
  step:  51 bond rmsd: 0.001735
  step:  52 bond rmsd: 0.001753
micro_cycle  13 rmsd(b):  0.0018 rws:  1.000 n_fev: 677
  step:   1 bond rmsd: 0.001753
  step:   2 bond rmsd: 0.054056
  step:   3 bond rmsd: 0.014152
  step:   4 bond rmsd: 0.011346
  step:   5 bond rmsd: 0.009085
  step:   6 bond rmsd: 0.007311
  step:   7 bond rmsd: 0.005921
  step:   8 bond rmsd: 0.004837
  step:   9 bond rmsd: 0.003998
  step:  10 bond rmsd: 0.003356
  step:  11 bond rmsd: 0.002874
  step:  12 bond rmsd: 0.002518
  step:  13 bond rmsd: 0.002261
  step:  14 bond rmsd: 0.002081
  step:  15 bond rmsd: 0.001958
  step:  16 bond rmsd: 0.001874
  step:  17 bond rmsd: 0.001819
  step:  18 bond rmsd: 0.001783
  step:  19 bond rmsd: 0.001759
  step:  20 bond rmsd: 0.001744
  step:  21 bond rmsd: 0.001734
  step:  22 bond rmsd: 0.001727
  step:  23 bond rmsd: 0.001722
  step:  24 bond rmsd: 0.001719
  step:  25 bond rmsd: 0.001717
  step:  26 bond rmsd: 0.001716
  step:  27 bond rmsd: 0.001714
  step:  28 bond rmsd: 0.001713
  step:  29 bond rmsd: 0.001712
  step:  30 bond rmsd: 0.001710
  step:  31 bond rmsd: 0.001708
  step:  32 bond rmsd: 0.001705
  step:  33 bond rmsd: 0.001700
  step:  34 bond rmsd: 0.001691
  step:  35 bond rmsd: 0.001686
  step:  36 bond rmsd: 0.001682
  step:  37 bond rmsd: 0.001675
  step:  38 bond rmsd: 0.001673
  step:  39 bond rmsd: 0.001671
  step:  40 bond rmsd: 0.001673
  step:  41 bond rmsd: 0.001672
  step:  42 bond rmsd: 0.001673
  step:  43 bond rmsd: 0.001673
  step:  44 bond rmsd: 0.001675
  step:  45 bond rmsd: 0.001676
  step:  46 bond rmsd: 0.001680
  step:  47 bond rmsd: 0.001684
  step:  48 bond rmsd: 0.001682
  step:  49 bond rmsd: 0.001686
  step:  50 bond rmsd: 0.001688
  step:  51 bond rmsd: 0.001695
  step:  52 bond rmsd: 0.001697
micro_cycle  14 rmsd(b):  0.0017 rws:  1.000 n_fev: 729
  step:   1 bond rmsd: 0.001697
  step:   2 bond rmsd: 0.046595
  step:   3 bond rmsd: 0.002086
  step:   4 bond rmsd: 0.001976
  step:   5 bond rmsd: 0.001899
  step:   6 bond rmsd: 0.001843
  step:   7 bond rmsd: 0.001804
  step:   8 bond rmsd: 0.001776
  step:   9 bond rmsd: 0.001756
  step:  10 bond rmsd: 0.001741
  step:  11 bond rmsd: 0.001730
  step:  12 bond rmsd: 0.001722
  step:  13 bond rmsd: 0.001715
  step:  14 bond rmsd: 0.001710
  step:  15 bond rmsd: 0.001706
  step:  16 bond rmsd: 0.001702
  step:  17 bond rmsd: 0.001699
  step:  18 bond rmsd: 0.001697
  step:  19 bond rmsd: 0.001694
  step:  20 bond rmsd: 0.001692
  step:  21 bond rmsd: 0.001689
  step:  22 bond rmsd: 0.001686
  step:  23 bond rmsd: 0.001682
  step:  24 bond rmsd: 0.001677
  step:  25 bond rmsd: 0.001672
  step:  26 bond rmsd: 0.001667
  step:  27 bond rmsd: 0.001674
  step:  28 bond rmsd: 0.001675
  step:  29 bond rmsd: 0.001676
  step:  30 bond rmsd: 0.001685
  step:  31 bond rmsd: 0.001685
  step:  32 bond rmsd: 0.001686
  step:  33 bond rmsd: 0.001688
  step:  34 bond rmsd: 0.001691
  step:  35 bond rmsd: 0.001694
  step:  36 bond rmsd: 0.001699
  step:  37 bond rmsd: 0.001702
  step:  38 bond rmsd: 0.001707
  step:  39 bond rmsd: 0.001713
  step:  40 bond rmsd: 0.001720
  step:  41 bond rmsd: 0.001726
  step:  42 bond rmsd: 0.001739
  step:  43 bond rmsd: 0.001747
  step:  44 bond rmsd: 0.001757
  step:  45 bond rmsd: 0.001773
  step:  46 bond rmsd: 0.001790
  step:  47 bond rmsd: 0.001811
  step:  48 bond rmsd: 0.001843
  step:  49 bond rmsd: 0.001868
  step:  50 bond rmsd: 0.001985
  step:  51 bond rmsd: 0.001995
  step:  52 bond rmsd: 0.002009
  step:  53 bond rmsd: 0.002027
micro_cycle  15 rmsd(b):  0.0020 rws:  1.000 n_fev: 782
  step:   1 bond rmsd: 0.002027
  step:   2 bond rmsd: 0.052262
  step:   3 bond rmsd: 0.034161
  step:   4 bond rmsd: 0.027404
  step:   5 bond rmsd: 0.022003
  step:   6 bond rmsd: 0.017666
  step:   7 bond rmsd: 0.014192
  step:   8 bond rmsd: 0.011415
  step:   9 bond rmsd: 0.009202
  step:  10 bond rmsd: 0.007444
  step:  11 bond rmsd: 0.006056
  step:  12 bond rmsd: 0.004969
  step:  13 bond rmsd: 0.004127
  step:  14 bond rmsd: 0.003485
  step:  15 bond rmsd: 0.003006
  step:  16 bond rmsd: 0.002657
  step:  17 bond rmsd: 0.002409
  step:  18 bond rmsd: 0.002238
  step:  19 bond rmsd: 0.002123
  step:  20 bond rmsd: 0.002047
  step:  21 bond rmsd: 0.001997
  step:  22 bond rmsd: 0.001966
  step:  23 bond rmsd: 0.001945
  step:  24 bond rmsd: 0.001933
  step:  25 bond rmsd: 0.001924
  step:  26 bond rmsd: 0.001919
  step:  27 bond rmsd: 0.001915
  step:  28 bond rmsd: 0.001912
  step:  29 bond rmsd: 0.001910
  step:  30 bond rmsd: 0.001907
  step:  31 bond rmsd: 0.001904
  step:  32 bond rmsd: 0.001899
  step:  33 bond rmsd: 0.001891
  step:  34 bond rmsd: 0.001878
  step:  35 bond rmsd: 0.001855
  step:  36 bond rmsd: 0.001811
  step:  37 bond rmsd: 0.001736
  step:  38 bond rmsd: 0.001712
  step:  39 bond rmsd: 0.001727
  step:  40 bond rmsd: 0.001716
  step:  41 bond rmsd: 0.001702
  step:  42 bond rmsd: 0.001698
  step:  43 bond rmsd: 0.001693
  step:  44 bond rmsd: 0.001694
  step:  45 bond rmsd: 0.001692
  step:  46 bond rmsd: 0.001690
  step:  47 bond rmsd: 0.001688
  step:  48 bond rmsd: 0.001686
  step:  49 bond rmsd: 0.001685
  step:  50 bond rmsd: 0.001683
  step:  51 bond rmsd: 0.001683
  step:  52 bond rmsd: 0.001682
micro_cycle  16 rmsd(b):  0.0017 rws:  1.000 n_fev: 834
  step:   1 bond rmsd: 0.001682
  step:   2 bond rmsd: 0.072151
  step:   3 bond rmsd: 0.001719
  step:   4 bond rmsd: 0.001711
  step:   5 bond rmsd: 0.001705
  step:   6 bond rmsd: 0.001701
  step:   7 bond rmsd: 0.001697
  step:   8 bond rmsd: 0.001695
  step:   9 bond rmsd: 0.001693
  step:  10 bond rmsd: 0.001692
  step:  11 bond rmsd: 0.001690
  step:  12 bond rmsd: 0.001689
  step:  13 bond rmsd: 0.001688
  step:  14 bond rmsd: 0.001687
  step:  15 bond rmsd: 0.001685
  step:  16 bond rmsd: 0.001684
  step:  17 bond rmsd: 0.001682
  step:  18 bond rmsd: 0.001680
  step:  19 bond rmsd: 0.001677
  step:  20 bond rmsd: 0.001674
  step:  21 bond rmsd: 0.001674
  step:  22 bond rmsd: 0.001680
  step:  23 bond rmsd: 0.001687
  step:  24 bond rmsd: 0.001695
  step:  25 bond rmsd: 0.001700
  step:  26 bond rmsd: 0.001713
  step:  27 bond rmsd: 0.001719
  step:  28 bond rmsd: 0.001725
  step:  29 bond rmsd: 0.001738
  step:  30 bond rmsd: 0.001745
  step:  31 bond rmsd: 0.001757
  step:  32 bond rmsd: 0.001776
  step:  33 bond rmsd: 0.001798
  step:  34 bond rmsd: 0.001839
  step:  35 bond rmsd: 0.001885
  step:  36 bond rmsd: 0.001936
  step:  37 bond rmsd: 0.002018
  step:  38 bond rmsd: 0.002084
  step:  39 bond rmsd: 0.002177
  step:  40 bond rmsd: 0.002270
  step:  41 bond rmsd: 0.002355
  step:  42 bond rmsd: 0.002436
  step:  43 bond rmsd: 0.002506
  step:  44 bond rmsd: 0.002563
  step:  45 bond rmsd: 0.002575
  step:  46 bond rmsd: 0.002581
  step:  47 bond rmsd: 0.002528
  step:  48 bond rmsd: 0.002491
  step:  49 bond rmsd: 0.002429
  step:  50 bond rmsd: 0.002383
  step:  51 bond rmsd: 0.002338
  step:  52 bond rmsd: 0.002296
micro_cycle  17 rmsd(b):  0.0023 rws:  1.000 n_fev: 886
  step:   1 bond rmsd: 0.002296
  step:   2 bond rmsd: 0.049140
  step:   3 bond rmsd: 0.005673
  step:   4 bond rmsd: 0.004712
  step:   5 bond rmsd: 0.003978
  step:   6 bond rmsd: 0.003429
  step:   7 bond rmsd: 0.003026
  step:   8 bond rmsd: 0.002736
  step:   9 bond rmsd: 0.002533
  step:  10 bond rmsd: 0.002393
  step:  11 bond rmsd: 0.002297
  step:  12 bond rmsd: 0.002232
  step:  13 bond rmsd: 0.002187
  step:  14 bond rmsd: 0.002155
  step:  15 bond rmsd: 0.002132
  step:  16 bond rmsd: 0.002115
  step:  17 bond rmsd: 0.002102
  step:  18 bond rmsd: 0.002091
  step:  19 bond rmsd: 0.002082
  step:  20 bond rmsd: 0.002073
  step:  21 bond rmsd: 0.002065
  step:  22 bond rmsd: 0.002057
  step:  23 bond rmsd: 0.002048
  step:  24 bond rmsd: 0.002037
  step:  25 bond rmsd: 0.002023
  step:  26 bond rmsd: 0.002003
  step:  27 bond rmsd: 0.001974
  step:  28 bond rmsd: 0.001931
  step:  29 bond rmsd: 0.001868
  step:  30 bond rmsd: 0.001803
  step:  31 bond rmsd: 0.001727
  step:  32 bond rmsd: 0.001694
  step:  33 bond rmsd: 0.001652
  step:  34 bond rmsd: 0.001629
  step:  35 bond rmsd: 0.001613
  step:  36 bond rmsd: 0.001595
  step:  37 bond rmsd: 0.001582
  step:  38 bond rmsd: 0.001572
  step:  39 bond rmsd: 0.001557
  step:  40 bond rmsd: 0.001547
  step:  41 bond rmsd: 0.001541
  step:  42 bond rmsd: 0.001530
  step:  43 bond rmsd: 0.001528
  step:  44 bond rmsd: 0.001532
  step:  45 bond rmsd: 0.001535
  step:  46 bond rmsd: 0.001541
  step:  47 bond rmsd: 0.001551
  step:  48 bond rmsd: 0.001561
  step:  49 bond rmsd: 0.001580
  step:  50 bond rmsd: 0.001593
  step:  51 bond rmsd: 0.001608
  step:  52 bond rmsd: 0.001632
micro_cycle  18 rmsd(b):  0.0016 rws:  1.000 n_fev: 938
  step:   1 bond rmsd: 0.001632
  step:   2 bond rmsd: 0.060423
  step:   3 bond rmsd: 0.001724
  step:   4 bond rmsd: 0.001691
  step:   5 bond rmsd: 0.001669
  step:   6 bond rmsd: 0.001655
  step:   7 bond rmsd: 0.001646
  step:   8 bond rmsd: 0.001641
  step:   9 bond rmsd: 0.001637
  step:  10 bond rmsd: 0.001635
  step:  11 bond rmsd: 0.001633
  step:  12 bond rmsd: 0.001632
  step:  13 bond rmsd: 0.001632
  step:  14 bond rmsd: 0.001632
  step:  15 bond rmsd: 0.001631
  step:  16 bond rmsd: 0.001631
  step:  17 bond rmsd: 0.001631
  step:  18 bond rmsd: 0.001631
  step:  19 bond rmsd: 0.001632
  step:  20 bond rmsd: 0.001632
  step:  21 bond rmsd: 0.001632
  step:  22 bond rmsd: 0.001632
  step:  23 bond rmsd: 0.001633
  step:  24 bond rmsd: 0.001634
  step:  25 bond rmsd: 0.001635
  step:  26 bond rmsd: 0.001637
  step:  27 bond rmsd: 0.001638
  step:  28 bond rmsd: 0.001640
  step:  29 bond rmsd: 0.001642
  step:  30 bond rmsd: 0.001650
  step:  31 bond rmsd: 0.001652
  step:  32 bond rmsd: 0.001654
  step:  33 bond rmsd: 0.001655
  step:  34 bond rmsd: 0.001657
  step:  35 bond rmsd: 0.001659
  step:  36 bond rmsd: 0.001661
  step:  37 bond rmsd: 0.001663
  step:  38 bond rmsd: 0.001667
  step:  39 bond rmsd: 0.001670
  step:  40 bond rmsd: 0.001673
  step:  41 bond rmsd: 0.001681
  step:  42 bond rmsd: 0.001683
  step:  43 bond rmsd: 0.001689
  step:  44 bond rmsd: 0.001693
  step:  45 bond rmsd: 0.001697
  step:  46 bond rmsd: 0.001701
  step:  47 bond rmsd: 0.001705
  step:  48 bond rmsd: 0.001710
  step:  49 bond rmsd: 0.001721
  step:  50 bond rmsd: 0.001726
  step:  51 bond rmsd: 0.001728
  step:  52 bond rmsd: 0.001736
micro_cycle  19 rmsd(b):  0.0017 rws:  1.000 n_fev: 990
  step:   1 bond rmsd: 0.001736
  step:   2 bond rmsd: 0.050152
  step:   3 bond rmsd: 0.002809
  step:   4 bond rmsd: 0.002476
  step:   5 bond rmsd: 0.002237
  step:   6 bond rmsd: 0.002069
  step:   7 bond rmsd: 0.001954
  step:   8 bond rmsd: 0.001876
  step:   9 bond rmsd: 0.001824
  step:  10 bond rmsd: 0.001789
  step:  11 bond rmsd: 0.001766
  step:  12 bond rmsd: 0.001751
  step:  13 bond rmsd: 0.001741
  step:  14 bond rmsd: 0.001734
  step:  15 bond rmsd: 0.001729
  step:  16 bond rmsd: 0.001725
  step:  17 bond rmsd: 0.001723
  step:  18 bond rmsd: 0.001721
  step:  19 bond rmsd: 0.001719
  step:  20 bond rmsd: 0.001717
  step:  21 bond rmsd: 0.001716
  step:  22 bond rmsd: 0.001715
  step:  23 bond rmsd: 0.001713
  step:  24 bond rmsd: 0.001711
  step:  25 bond rmsd: 0.001708
  step:  26 bond rmsd: 0.001703
  step:  27 bond rmsd: 0.001696
  step:  28 bond rmsd: 0.001687
  step:  29 bond rmsd: 0.001677
  step:  30 bond rmsd: 0.001667
  step:  31 bond rmsd: 0.001660
  step:  32 bond rmsd: 0.001651
  step:  33 bond rmsd: 0.001645
  step:  34 bond rmsd: 0.001636
  step:  35 bond rmsd: 0.001633
  step:  36 bond rmsd: 0.001630
  step:  37 bond rmsd: 0.001627
  step:  38 bond rmsd: 0.001625
  step:  39 bond rmsd: 0.001622
  step:  40 bond rmsd: 0.001618
  step:  41 bond rmsd: 0.001614
  step:  42 bond rmsd: 0.001612
  step:  43 bond rmsd: 0.001610
  step:  44 bond rmsd: 0.001609
  step:  45 bond rmsd: 0.001607
  step:  46 bond rmsd: 0.001607
  step:  47 bond rmsd: 0.001607
  step:  48 bond rmsd: 0.001608
  step:  49 bond rmsd: 0.001609
  step:  50 bond rmsd: 0.001611
  step:  51 bond rmsd: 0.001614
  step:  52 bond rmsd: 0.001617
micro_cycle  20 rmsd(b):  0.0016 rws:  1.000 n_fev: 1042
  step:   1 bond rmsd: 0.001617
  step:   2 bond rmsd: 0.053350
  step:   3 bond rmsd: 0.001695
  step:   4 bond rmsd: 0.001672
  step:   5 bond rmsd: 0.001657
  step:   6 bond rmsd: 0.001646
  step:   7 bond rmsd: 0.001639
  step:   8 bond rmsd: 0.001634
  step:   9 bond rmsd: 0.001630
  step:  10 bond rmsd: 0.001627
  step:  11 bond rmsd: 0.001625
  step:  12 bond rmsd: 0.001624
  step:  13 bond rmsd: 0.001623
  step:  14 bond rmsd: 0.001622
  step:  15 bond rmsd: 0.001621
  step:  16 bond rmsd: 0.001620
  step:  17 bond rmsd: 0.001620
  step:  18 bond rmsd: 0.001620
  step:  19 bond rmsd: 0.001619
  step:  20 bond rmsd: 0.001619
  step:  21 bond rmsd: 0.001619
  step:  22 bond rmsd: 0.001619
  step:  23 bond rmsd: 0.001620
  step:  24 bond rmsd: 0.001622
  step:  25 bond rmsd: 0.001624
  step:  26 bond rmsd: 0.001626
  step:  27 bond rmsd: 0.001629
  step:  28 bond rmsd: 0.001630
  step:  29 bond rmsd: 0.001632
  step:  30 bond rmsd: 0.001634
  step:  31 bond rmsd: 0.001636
  step:  32 bond rmsd: 0.001638
  step:  33 bond rmsd: 0.001640
  step:  34 bond rmsd: 0.001641
  step:  35 bond rmsd: 0.001643
  step:  36 bond rmsd: 0.001644
  step:  37 bond rmsd: 0.001646
  step:  38 bond rmsd: 0.001649
  step:  39 bond rmsd: 0.001650
  step:  40 bond rmsd: 0.001653
  step:  41 bond rmsd: 0.001654
  step:  42 bond rmsd: 0.001657
  step:  43 bond rmsd: 0.001659
  step:  44 bond rmsd: 0.001662
  step:  45 bond rmsd: 0.001666
  step:  46 bond rmsd: 0.001669
  step:  47 bond rmsd: 0.001671
  step:  48 bond rmsd: 0.001675
  step:  49 bond rmsd: 0.001678
  step:  50 bond rmsd: 0.001688
  step:  51 bond rmsd: 0.001695
  step:  52 bond rmsd: 0.001709
micro_cycle  21 rmsd(b):  0.0017 rws:  1.000 n_fev: 1094
  step:   1 bond rmsd: 0.001709
  step:   2 bond rmsd: 0.064310
  step:   3 bond rmsd: 0.002047
  step:   4 bond rmsd: 0.001943
  step:   5 bond rmsd: 0.001870
  step:   6 bond rmsd: 0.001820
  step:   7 bond rmsd: 0.001784
  step:   8 bond rmsd: 0.001759
  step:   9 bond rmsd: 0.001741
  step:  10 bond rmsd: 0.001728
  step:  11 bond rmsd: 0.001718
  step:  12 bond rmsd: 0.001711
  step:  13 bond rmsd: 0.001706
  step:  14 bond rmsd: 0.001701
  step:  15 bond rmsd: 0.001698
  step:  16 bond rmsd: 0.001696
  step:  17 bond rmsd: 0.001694
  step:  18 bond rmsd: 0.001692
  step:  19 bond rmsd: 0.001690
  step:  20 bond rmsd: 0.001688
  step:  21 bond rmsd: 0.001685
  step:  22 bond rmsd: 0.001682
  step:  23 bond rmsd: 0.001678
  step:  24 bond rmsd: 0.001674
  step:  25 bond rmsd: 0.001670
  step:  26 bond rmsd: 0.001665
  step:  27 bond rmsd: 0.001661
  step:  28 bond rmsd: 0.001658
  step:  29 bond rmsd: 0.001654
  step:  30 bond rmsd: 0.001649
  step:  31 bond rmsd: 0.001646
  step:  32 bond rmsd: 0.001640
  step:  33 bond rmsd: 0.001637
  step:  34 bond rmsd: 0.001632
  step:  35 bond rmsd: 0.001628
  step:  36 bond rmsd: 0.001624
  step:  37 bond rmsd: 0.001620
  step:  38 bond rmsd: 0.001616
  step:  39 bond rmsd: 0.001613
  step:  40 bond rmsd: 0.001609
  step:  41 bond rmsd: 0.001608
  step:  42 bond rmsd: 0.001606
  step:  43 bond rmsd: 0.001607
  step:  44 bond rmsd: 0.001606
  step:  45 bond rmsd: 0.001605
  step:  46 bond rmsd: 0.001605
  step:  47 bond rmsd: 0.001608
  step:  48 bond rmsd: 0.001609
  step:  49 bond rmsd: 0.001612
  step:  50 bond rmsd: 0.001617
  step:  51 bond rmsd: 0.001622
  step:  52 bond rmsd: 0.001628
micro_cycle  22 rmsd(b):  0.0016 rws:  1.000 n_fev: 1146
  step:   1 bond rmsd: 0.001628
  step:   2 bond rmsd: 0.073684
  step:   3 bond rmsd: 0.001840
  step:   4 bond rmsd: 0.001771
  step:   5 bond rmsd: 0.001724
  step:   6 bond rmsd: 0.001693
  step:   7 bond rmsd: 0.001673
  step:   8 bond rmsd: 0.001659
  step:   9 bond rmsd: 0.001649
  step:  10 bond rmsd: 0.001643
  step:  11 bond rmsd: 0.001639
  step:  12 bond rmsd: 0.001636
  step:  13 bond rmsd: 0.001634
  step:  14 bond rmsd: 0.001632
  step:  15 bond rmsd: 0.001631
  step:  16 bond rmsd: 0.001630
  step:  17 bond rmsd: 0.001630
  step:  18 bond rmsd: 0.001629
  step:  19 bond rmsd: 0.001629
  step:  20 bond rmsd: 0.001628
  step:  21 bond rmsd: 0.001628
  step:  22 bond rmsd: 0.001627
  step:  23 bond rmsd: 0.001627
  step:  24 bond rmsd: 0.001626
  step:  25 bond rmsd: 0.001626
  step:  26 bond rmsd: 0.001626
  step:  27 bond rmsd: 0.001626
  step:  28 bond rmsd: 0.001625
  step:  29 bond rmsd: 0.001624
  step:  30 bond rmsd: 0.001622
  step:  31 bond rmsd: 0.001621
  step:  32 bond rmsd: 0.001620
  step:  33 bond rmsd: 0.001618
  step:  34 bond rmsd: 0.001618
  step:  35 bond rmsd: 0.001617
  step:  36 bond rmsd: 0.001618
  step:  37 bond rmsd: 0.001617
  step:  38 bond rmsd: 0.001619
  step:  39 bond rmsd: 0.001620
  step:  40 bond rmsd: 0.001621
  step:  41 bond rmsd: 0.001623
  step:  42 bond rmsd: 0.001627
  step:  43 bond rmsd: 0.001630
  step:  44 bond rmsd: 0.001638
  step:  45 bond rmsd: 0.001642
  step:  46 bond rmsd: 0.001653
  step:  47 bond rmsd: 0.001661
  step:  48 bond rmsd: 0.001671
  step:  49 bond rmsd: 0.001683
  step:  50 bond rmsd: 0.001697
  step:  51 bond rmsd: 0.001712
  step:  52 bond rmsd: 0.001737
micro_cycle  23 rmsd(b):  0.0017 rws:  1.000 n_fev: 1198
  step:   1 bond rmsd: 0.001737
  step:   2 bond rmsd: 0.063300
  step:   3 bond rmsd: 0.001989
  step:   4 bond rmsd: 0.001890
  step:   5 bond rmsd: 0.001826
  step:   6 bond rmsd: 0.001784
  step:   7 bond rmsd: 0.001759
  step:   8 bond rmsd: 0.001743
  step:   9 bond rmsd: 0.001733
  step:  10 bond rmsd: 0.001727
  step:  11 bond rmsd: 0.001723
  step:  12 bond rmsd: 0.001721
  step:  13 bond rmsd: 0.001720
  step:  14 bond rmsd: 0.001720
  step:  15 bond rmsd: 0.001719
  step:  16 bond rmsd: 0.001719
  step:  17 bond rmsd: 0.001719
  step:  18 bond rmsd: 0.001719
  step:  19 bond rmsd: 0.001719
  step:  20 bond rmsd: 0.001718
  step:  21 bond rmsd: 0.001718
  step:  22 bond rmsd: 0.001716
  step:  23 bond rmsd: 0.001713
  step:  24 bond rmsd: 0.001708
  step:  25 bond rmsd: 0.001699
  step:  26 bond rmsd: 0.001673
  step:  27 bond rmsd: 0.001668
  step:  28 bond rmsd: 0.001662
  step:  29 bond rmsd: 0.001654
  step:  30 bond rmsd: 0.001647
  step:  31 bond rmsd: 0.001641
  step:  32 bond rmsd: 0.001634
  step:  33 bond rmsd: 0.001630
  step:  34 bond rmsd: 0.001627
  step:  35 bond rmsd: 0.001623
  step:  36 bond rmsd: 0.001621
  step:  37 bond rmsd: 0.001619
  step:  38 bond rmsd: 0.001617
  step:  39 bond rmsd: 0.001615
  step:  40 bond rmsd: 0.001615
  step:  41 bond rmsd: 0.001614
  step:  42 bond rmsd: 0.001613
  step:  43 bond rmsd: 0.001612
  step:  44 bond rmsd: 0.001613
  step:  45 bond rmsd: 0.001613
  step:  46 bond rmsd: 0.001613
  step:  47 bond rmsd: 0.001613
  step:  48 bond rmsd: 0.001616
  step:  49 bond rmsd: 0.001616
  step:  50 bond rmsd: 0.001619
  step:  51 bond rmsd: 0.001624
  step:  52 bond rmsd: 0.001629
micro_cycle  24 rmsd(b):  0.0016 rws:  1.000 n_fev: 1250
  step:   1 bond rmsd: 0.001629
  step:   2 bond rmsd: 0.059786
  step:   3 bond rmsd: 0.001677
  step:   4 bond rmsd: 0.001663
  step:   5 bond rmsd: 0.001654
  step:   6 bond rmsd: 0.001647
  step:   7 bond rmsd: 0.001642
  step:   8 bond rmsd: 0.001638
  step:   9 bond rmsd: 0.001635
  step:  10 bond rmsd: 0.001633
  step:  11 bond rmsd: 0.001631
  step:  12 bond rmsd: 0.001630
  step:  13 bond rmsd: 0.001628
  step:  14 bond rmsd: 0.001627
  step:  15 bond rmsd: 0.001626
  step:  16 bond rmsd: 0.001626
  step:  17 bond rmsd: 0.001625
  step:  18 bond rmsd: 0.001624
  step:  19 bond rmsd: 0.001623
  step:  20 bond rmsd: 0.001621
  step:  21 bond rmsd: 0.001620
  step:  22 bond rmsd: 0.001619
  step:  23 bond rmsd: 0.001617
  step:  24 bond rmsd: 0.001618
  step:  25 bond rmsd: 0.001617
  step:  26 bond rmsd: 0.001618
  step:  27 bond rmsd: 0.001617
  step:  28 bond rmsd: 0.001617
  step:  29 bond rmsd: 0.001617
  step:  30 bond rmsd: 0.001613
  step:  31 bond rmsd: 0.001613
  step:  32 bond rmsd: 0.001613
  step:  33 bond rmsd: 0.001615
  step:  34 bond rmsd: 0.001617
  step:  35 bond rmsd: 0.001619
  step:  36 bond rmsd: 0.001622
  step:  37 bond rmsd: 0.001624
  step:  38 bond rmsd: 0.001629
  step:  39 bond rmsd: 0.001632
  step:  40 bond rmsd: 0.001637
  step:  41 bond rmsd: 0.001642
  step:  42 bond rmsd: 0.001648
  step:  43 bond rmsd: 0.001655
  step:  44 bond rmsd: 0.001663
  step:  45 bond rmsd: 0.001676
  step:  46 bond rmsd: 0.001688
  step:  47 bond rmsd: 0.001704
  step:  48 bond rmsd: 0.001720
  step:  49 bond rmsd: 0.001743
  step:  50 bond rmsd: 0.001763
  step:  51 bond rmsd: 0.001784
  step:  52 bond rmsd: 0.001807
micro_cycle  25 rmsd(b):  0.0018 rws:  1.000 n_fev: 1302
  step:   1 bond rmsd: 0.001807
  step:   2 bond rmsd: 0.043923
  step:   3 bond rmsd: 0.010085
  step:   4 bond rmsd: 0.008163
  step:   5 bond rmsd: 0.006637
  step:   6 bond rmsd: 0.005443
  step:   7 bond rmsd: 0.004513
  step:   8 bond rmsd: 0.003796
  step:   9 bond rmsd: 0.003250
  step:  10 bond rmsd: 0.002840
  step:  11 bond rmsd: 0.002537
  step:  12 bond rmsd: 0.002318
  step:  13 bond rmsd: 0.002161
  step:  14 bond rmsd: 0.002050
  step:  15 bond rmsd: 0.001972
  step:  16 bond rmsd: 0.001917
  step:  17 bond rmsd: 0.001879
  step:  18 bond rmsd: 0.001851
  step:  19 bond rmsd: 0.001831
  step:  20 bond rmsd: 0.001817
  step:  21 bond rmsd: 0.001806
  step:  22 bond rmsd: 0.001797
  step:  23 bond rmsd: 0.001791
  step:  24 bond rmsd: 0.001785
  step:  25 bond rmsd: 0.001780
  step:  26 bond rmsd: 0.001775
  step:  27 bond rmsd: 0.001771
  step:  28 bond rmsd: 0.001766
  step:  29 bond rmsd: 0.001761
  step:  30 bond rmsd: 0.001754
  step:  31 bond rmsd: 0.001744
  step:  32 bond rmsd: 0.001732
  step:  33 bond rmsd: 0.001715
  step:  34 bond rmsd: 0.001702
  step:  35 bond rmsd: 0.001691
  step:  36 bond rmsd: 0.001678
  step:  37 bond rmsd: 0.001661
  step:  38 bond rmsd: 0.001645
  step:  39 bond rmsd: 0.001635
  step:  40 bond rmsd: 0.001622
  step:  41 bond rmsd: 0.001614
  step:  42 bond rmsd: 0.001607
  step:  43 bond rmsd: 0.001600
  step:  44 bond rmsd: 0.001594
  step:  45 bond rmsd: 0.001589
  step:  46 bond rmsd: 0.001584
  step:  47 bond rmsd: 0.001580
  step:  48 bond rmsd: 0.001579
  step:  49 bond rmsd: 0.001577
  step:  50 bond rmsd: 0.001576
  step:  51 bond rmsd: 0.001576
  step:  52 bond rmsd: 0.001579
micro_cycle  26 rmsd(b):  0.0016 rws:  1.000 n_fev: 1354
  step:   1 bond rmsd: 0.001579
  step:   2 bond rmsd: 0.057483
  step:   3 bond rmsd: 0.001616
  step:   4 bond rmsd: 0.001607
  step:   5 bond rmsd: 0.001601
  step:   6 bond rmsd: 0.001596
  step:   7 bond rmsd: 0.001593
  step:   8 bond rmsd: 0.001591
  step:   9 bond rmsd: 0.001589
  step:  10 bond rmsd: 0.001588
  step:  11 bond rmsd: 0.001588
  step:  12 bond rmsd: 0.001587
  step:  13 bond rmsd: 0.001587
  step:  14 bond rmsd: 0.001587
  step:  15 bond rmsd: 0.001587
  step:  16 bond rmsd: 0.001587
  step:  17 bond rmsd: 0.001587
  step:  18 bond rmsd: 0.001588
  step:  19 bond rmsd: 0.001590
  step:  20 bond rmsd: 0.001592
  step:  21 bond rmsd: 0.001596
  step:  22 bond rmsd: 0.001604
  step:  23 bond rmsd: 0.001615
  step:  24 bond rmsd: 0.001632
  step:  25 bond rmsd: 0.001643
  step:  26 bond rmsd: 0.001653
  step:  27 bond rmsd: 0.001678
  step:  28 bond rmsd: 0.001678
  step:  29 bond rmsd: 0.001683
  step:  30 bond rmsd: 0.001688
  step:  31 bond rmsd: 0.001691
  step:  32 bond rmsd: 0.001695
  step:  33 bond rmsd: 0.001698
  step:  34 bond rmsd: 0.001700
  step:  35 bond rmsd: 0.001702
  step:  36 bond rmsd: 0.001706
  step:  37 bond rmsd: 0.001708
  step:  38 bond rmsd: 0.001712
  step:  39 bond rmsd: 0.001713
  step:  40 bond rmsd: 0.001717
  step:  41 bond rmsd: 0.001717
  step:  42 bond rmsd: 0.001714
  step:  43 bond rmsd: 0.001707
  step:  44 bond rmsd: 0.001699
  step:  45 bond rmsd: 0.001688
  step:  46 bond rmsd: 0.001675
  step:  47 bond rmsd: 0.001661
  step:  48 bond rmsd: 0.001641
  step:  49 bond rmsd: 0.001625
  step:  50 bond rmsd: 0.001600
  step:  51 bond rmsd: 0.001581
  step:  52 bond rmsd: 0.001554
  step:  53 bond rmsd: 0.001530
micro_cycle  27 rmsd(b):  0.0015 rws:  1.000 n_fev: 1407
  step:   1 bond rmsd: 0.001530
  step:   2 bond rmsd: 0.063067
  step:   3 bond rmsd: 0.001936
  step:   4 bond rmsd: 0.001817
  step:   5 bond rmsd: 0.001734
  step:   6 bond rmsd: 0.001677
  step:   7 bond rmsd: 0.001638
  step:   8 bond rmsd: 0.001611
  step:   9 bond rmsd: 0.001593
  step:  10 bond rmsd: 0.001582
  step:  11 bond rmsd: 0.001574
  step:  12 bond rmsd: 0.001569
  step:  13 bond rmsd: 0.001566
  step:  14 bond rmsd: 0.001564
  step:  15 bond rmsd: 0.001563
  step:  16 bond rmsd: 0.001563
  step:  17 bond rmsd: 0.001564
  step:  18 bond rmsd: 0.001565
  step:  19 bond rmsd: 0.001566
  step:  20 bond rmsd: 0.001569
  step:  21 bond rmsd: 0.001574
  step:  22 bond rmsd: 0.001581
  step:  23 bond rmsd: 0.001592
  step:  24 bond rmsd: 0.001610
  step:  25 bond rmsd: 0.001628
  step:  26 bond rmsd: 0.001644
  step:  27 bond rmsd: 0.001650
  step:  28 bond rmsd: 0.001655
  step:  29 bond rmsd: 0.001664
  step:  30 bond rmsd: 0.001664
  step:  31 bond rmsd: 0.001665
  step:  32 bond rmsd: 0.001664
  step:  33 bond rmsd: 0.001662
  step:  34 bond rmsd: 0.001661
  step:  35 bond rmsd: 0.001659
  step:  36 bond rmsd: 0.001657
  step:  37 bond rmsd: 0.001653
  step:  38 bond rmsd: 0.001651
  step:  39 bond rmsd: 0.001647
  step:  40 bond rmsd: 0.001642
  step:  41 bond rmsd: 0.001637
  step:  42 bond rmsd: 0.001632
  step:  43 bond rmsd: 0.001623
  step:  44 bond rmsd: 0.001616
  step:  45 bond rmsd: 0.001604
  step:  46 bond rmsd: 0.001595
  step:  47 bond rmsd: 0.001578
  step:  48 bond rmsd: 0.001565
  step:  49 bond rmsd: 0.001545
  step:  50 bond rmsd: 0.001526
  step:  51 bond rmsd: 0.001502
  step:  52 bond rmsd: 0.001474
micro_cycle  28 rmsd(b):  0.0015 rws:  1.000 n_fev: 1459
  step:   1 bond rmsd: 0.001474
  step:   2 bond rmsd: 0.047925
  step:   3 bond rmsd: 0.001739
  step:   4 bond rmsd: 0.001657
  step:   5 bond rmsd: 0.001601
  step:   6 bond rmsd: 0.001564
  step:   7 bond rmsd: 0.001539
  step:   8 bond rmsd: 0.001523
  step:   9 bond rmsd: 0.001513
  step:  10 bond rmsd: 0.001506
  step:  11 bond rmsd: 0.001502
  step:  12 bond rmsd: 0.001500
  step:  13 bond rmsd: 0.001498
  step:  14 bond rmsd: 0.001498
  step:  15 bond rmsd: 0.001498
  step:  16 bond rmsd: 0.001499
  step:  17 bond rmsd: 0.001500
  step:  18 bond rmsd: 0.001501
  step:  19 bond rmsd: 0.001503
  step:  20 bond rmsd: 0.001505
  step:  21 bond rmsd: 0.001507
  step:  22 bond rmsd: 0.001511
  step:  23 bond rmsd: 0.001516
  step:  24 bond rmsd: 0.001525
  step:  25 bond rmsd: 0.001537
  step:  26 bond rmsd: 0.001556
  step:  27 bond rmsd: 0.001573
  step:  28 bond rmsd: 0.001592
  step:  29 bond rmsd: 0.001630
  step:  30 bond rmsd: 0.001645
  step:  31 bond rmsd: 0.001659
  step:  32 bond rmsd: 0.001672
  step:  33 bond rmsd: 0.001687
  step:  34 bond rmsd: 0.001698
  step:  35 bond rmsd: 0.001708
  step:  36 bond rmsd: 0.001718
  step:  37 bond rmsd: 0.001726
  step:  38 bond rmsd: 0.001732
  step:  39 bond rmsd: 0.001739
  step:  40 bond rmsd: 0.001741
  step:  41 bond rmsd: 0.001743
  step:  42 bond rmsd: 0.001739
  step:  43 bond rmsd: 0.001736
  step:  44 bond rmsd: 0.001726
  step:  45 bond rmsd: 0.001717
  step:  46 bond rmsd: 0.001705
  step:  47 bond rmsd: 0.001689
  step:  48 bond rmsd: 0.001676
  step:  49 bond rmsd: 0.001660
  step:  50 bond rmsd: 0.001646
  step:  51 bond rmsd: 0.001631
  step:  52 bond rmsd: 0.001613
micro_cycle  29 rmsd(b):  0.0016 rws:  1.000 n_fev: 1511
  step:   1 bond rmsd: 0.001613
  step:   2 bond rmsd: 0.046875
  step:   3 bond rmsd: 0.001634
  step:   4 bond rmsd: 0.001628
  step:   5 bond rmsd: 0.001624
  step:   6 bond rmsd: 0.001622
  step:   7 bond rmsd: 0.001621
  step:   8 bond rmsd: 0.001620
  step:   9 bond rmsd: 0.001620
  step:  10 bond rmsd: 0.001621
  step:  11 bond rmsd: 0.001621
  step:  12 bond rmsd: 0.001622
  step:  13 bond rmsd: 0.001623
  step:  14 bond rmsd: 0.001624
  step:  15 bond rmsd: 0.001625
  step:  16 bond rmsd: 0.001627
  step:  17 bond rmsd: 0.001629
  step:  18 bond rmsd: 0.001633
  step:  19 bond rmsd: 0.001638
  step:  20 bond rmsd: 0.001646
  step:  21 bond rmsd: 0.001657
  step:  22 bond rmsd: 0.001664
  step:  23 bond rmsd: 0.001670
  step:  24 bond rmsd: 0.001673
  step:  25 bond rmsd: 0.001676
  step:  26 bond rmsd: 0.001678
  step:  27 bond rmsd: 0.001680
  step:  28 bond rmsd: 0.001679
  step:  29 bond rmsd: 0.001679
  step:  30 bond rmsd: 0.001678
  step:  31 bond rmsd: 0.001676
  step:  32 bond rmsd: 0.001673
  step:  33 bond rmsd: 0.001670
  step:  34 bond rmsd: 0.001662
  step:  35 bond rmsd: 0.001658
  step:  36 bond rmsd: 0.001650
  step:  37 bond rmsd: 0.001629
  step:  38 bond rmsd: 0.001610
  step:  39 bond rmsd: 0.001589
  step:  40 bond rmsd: 0.001566
  step:  41 bond rmsd: 0.001548
  step:  42 bond rmsd: 0.001528
  step:  43 bond rmsd: 0.001516
  step:  44 bond rmsd: 0.001500
  step:  45 bond rmsd: 0.001485
  step:  46 bond rmsd: 0.001473
  step:  47 bond rmsd: 0.001460
  step:  48 bond rmsd: 0.001451
  step:  49 bond rmsd: 0.001447
  step:  50 bond rmsd: 0.001446
  step:  51 bond rmsd: 0.001450
  step:  52 bond rmsd: 0.001459
micro_cycle  30 rmsd(b):  0.0015 rws:  1.000 n_fev: 1563
  step:   1 bond rmsd: 0.001459
  step:   2 bond rmsd: 0.053364
  step:   3 bond rmsd: 0.001566
  step:   4 bond rmsd: 0.001534
  step:   5 bond rmsd: 0.001513
  step:   6 bond rmsd: 0.001500
  step:   7 bond rmsd: 0.001492
  step:   8 bond rmsd: 0.001487
  step:   9 bond rmsd: 0.001485
  step:  10 bond rmsd: 0.001484
  step:  11 bond rmsd: 0.001485
  step:  12 bond rmsd: 0.001486
  step:  13 bond rmsd: 0.001488
  step:  14 bond rmsd: 0.001490
  step:  15 bond rmsd: 0.001492
  step:  16 bond rmsd: 0.001495
  step:  17 bond rmsd: 0.001498
  step:  18 bond rmsd: 0.001501
  step:  19 bond rmsd: 0.001506
  step:  20 bond rmsd: 0.001514
  step:  21 bond rmsd: 0.001525
  step:  22 bond rmsd: 0.001541
  step:  23 bond rmsd: 0.001564
  step:  24 bond rmsd: 0.001583
  step:  25 bond rmsd: 0.001600
  step:  26 bond rmsd: 0.001619
  step:  27 bond rmsd: 0.001634
  step:  28 bond rmsd: 0.001643
  step:  29 bond rmsd: 0.001657
  step:  30 bond rmsd: 0.001666
  step:  31 bond rmsd: 0.001675
  step:  32 bond rmsd: 0.001685
  step:  33 bond rmsd: 0.001693
  step:  34 bond rmsd: 0.001703
  step:  35 bond rmsd: 0.001712
  step:  36 bond rmsd: 0.001717
  step:  37 bond rmsd: 0.001723
  step:  38 bond rmsd: 0.001721
  step:  39 bond rmsd: 0.001713
  step:  40 bond rmsd: 0.001703
  step:  41 bond rmsd: 0.001684
  step:  42 bond rmsd: 0.001673
  step:  43 bond rmsd: 0.001659
  step:  44 bond rmsd: 0.001644
  step:  45 bond rmsd: 0.001633
  step:  46 bond rmsd: 0.001614
  step:  47 bond rmsd: 0.001602
  step:  48 bond rmsd: 0.001584
  step:  49 bond rmsd: 0.001554
  step:  50 bond rmsd: 0.001529
  step:  51 bond rmsd: 0.001497
  step:  52 bond rmsd: 0.001471
micro_cycle  31 rmsd(b):  0.0015 rws:  1.000 n_fev: 1615
  step:   1 bond rmsd: 0.001471
  step:   2 bond rmsd: 0.051864
  step:   3 bond rmsd: 0.001889
  step:   4 bond rmsd: 0.001742
  step:   5 bond rmsd: 0.001644
  step:   6 bond rmsd: 0.001579
  step:   7 bond rmsd: 0.001537
  step:   8 bond rmsd: 0.001512
  step:   9 bond rmsd: 0.001496
  step:  10 bond rmsd: 0.001488
  step:  11 bond rmsd: 0.001483
  step:  12 bond rmsd: 0.001481
  step:  13 bond rmsd: 0.001481
  step:  14 bond rmsd: 0.001481
  step:  15 bond rmsd: 0.001482
  step:  16 bond rmsd: 0.001484
  step:  17 bond rmsd: 0.001486
  step:  18 bond rmsd: 0.001488
  step:  19 bond rmsd: 0.001490
  step:  20 bond rmsd: 0.001493
  step:  21 bond rmsd: 0.001496
  step:  22 bond rmsd: 0.001500
  step:  23 bond rmsd: 0.001505
  step:  24 bond rmsd: 0.001512
  step:  25 bond rmsd: 0.001524
  step:  26 bond rmsd: 0.001542
  step:  27 bond rmsd: 0.001567
  step:  28 bond rmsd: 0.001586
  step:  29 bond rmsd: 0.001608
  step:  30 bond rmsd: 0.001623
  step:  31 bond rmsd: 0.001640
  step:  32 bond rmsd: 0.001655
  step:  33 bond rmsd: 0.001662
  step:  34 bond rmsd: 0.001670
  step:  35 bond rmsd: 0.001673
  step:  36 bond rmsd: 0.001675
  step:  37 bond rmsd: 0.001675
  step:  38 bond rmsd: 0.001675
  step:  39 bond rmsd: 0.001673
  step:  40 bond rmsd: 0.001670
  step:  41 bond rmsd: 0.001666
  step:  42 bond rmsd: 0.001659
  step:  43 bond rmsd: 0.001654
  step:  44 bond rmsd: 0.001641
  step:  45 bond rmsd: 0.001636
  step:  46 bond rmsd: 0.001629
  step:  47 bond rmsd: 0.001615
  step:  48 bond rmsd: 0.001601
  step:  49 bond rmsd: 0.001585
  step:  50 bond rmsd: 0.001570
  step:  51 bond rmsd: 0.001553
  step:  52 bond rmsd: 0.001537
micro_cycle  32 rmsd(b):  0.0015 rws:  1.000 n_fev: 1667
  step:   1 bond rmsd: 0.001537
  step:   2 bond rmsd: 0.058641
  step:   3 bond rmsd: 0.001604
  step:   4 bond rmsd: 0.001575
  step:   5 bond rmsd: 0.001558
  step:   6 bond rmsd: 0.001548
  step:   7 bond rmsd: 0.001542
  step:   8 bond rmsd: 0.001539
  step:   9 bond rmsd: 0.001538
  step:  10 bond rmsd: 0.001538
  step:  11 bond rmsd: 0.001539
  step:  12 bond rmsd: 0.001540
  step:  13 bond rmsd: 0.001541
  step:  14 bond rmsd: 0.001543
  step:  15 bond rmsd: 0.001544
  step:  16 bond rmsd: 0.001546
  step:  17 bond rmsd: 0.001547
  step:  18 bond rmsd: 0.001549
  step:  19 bond rmsd: 0.001551
  step:  20 bond rmsd: 0.001553
  step:  21 bond rmsd: 0.001556
  step:  22 bond rmsd: 0.001560
  step:  23 bond rmsd: 0.001566
  step:  24 bond rmsd: 0.001575
  step:  25 bond rmsd: 0.001587
  step:  26 bond rmsd: 0.001601
  step:  27 bond rmsd: 0.001615
  step:  28 bond rmsd: 0.001631
  step:  29 bond rmsd: 0.001643
  step:  30 bond rmsd: 0.001655
  step:  31 bond rmsd: 0.001667
  step:  32 bond rmsd: 0.001682
  step:  33 bond rmsd: 0.001693
  step:  34 bond rmsd: 0.001703
  step:  35 bond rmsd: 0.001711
  step:  36 bond rmsd: 0.001720
  step:  37 bond rmsd: 0.001729
  step:  38 bond rmsd: 0.001740
  step:  39 bond rmsd: 0.001744
  step:  40 bond rmsd: 0.001744
  step:  41 bond rmsd: 0.001740
  step:  42 bond rmsd: 0.001729
  step:  43 bond rmsd: 0.001714
  step:  44 bond rmsd: 0.001695
  step:  45 bond rmsd: 0.001677
  step:  46 bond rmsd: 0.001642
  step:  47 bond rmsd: 0.001628
  step:  48 bond rmsd: 0.001606
  step:  49 bond rmsd: 0.001584
  step:  50 bond rmsd: 0.001558
  step:  51 bond rmsd: 0.001523
  step:  52 bond rmsd: 0.001486
micro_cycle  33 rmsd(b):  0.0015 rws:  1.000 n_fev: 1719
  step:   1 bond rmsd: 0.001486
  step:   2 bond rmsd: 0.068663
  step:   3 bond rmsd: 0.001621
  step:   4 bond rmsd: 0.001586
  step:   5 bond rmsd: 0.001561
  step:   6 bond rmsd: 0.001544
  step:   7 bond rmsd: 0.001532
  step:   8 bond rmsd: 0.001524
  step:   9 bond rmsd: 0.001518
  step:  10 bond rmsd: 0.001514
  step:  11 bond rmsd: 0.001512
  step:  12 bond rmsd: 0.001510
  step:  13 bond rmsd: 0.001509
  step:  14 bond rmsd: 0.001509
  step:  15 bond rmsd: 0.001509
  step:  16 bond rmsd: 0.001509
  step:  17 bond rmsd: 0.001510
  step:  18 bond rmsd: 0.001511
  step:  19 bond rmsd: 0.001514
  step:  20 bond rmsd: 0.001518
  step:  21 bond rmsd: 0.001524
  step:  22 bond rmsd: 0.001536
  step:  23 bond rmsd: 0.001554
  step:  24 bond rmsd: 0.001583
  step:  25 bond rmsd: 0.001608
  step:  26 bond rmsd: 0.001627
  step:  27 bond rmsd: 0.001649
  step:  28 bond rmsd: 0.001667
  step:  29 bond rmsd: 0.001678
  step:  30 bond rmsd: 0.001691
  step:  31 bond rmsd: 0.001700
  step:  32 bond rmsd: 0.001706
  step:  33 bond rmsd: 0.001701
  step:  34 bond rmsd: 0.001703
  step:  35 bond rmsd: 0.001683
  step:  36 bond rmsd: 0.001676
  step:  37 bond rmsd: 0.001662
  step:  38 bond rmsd: 0.001652
  step:  39 bond rmsd: 0.001643
  step:  40 bond rmsd: 0.001634
  step:  41 bond rmsd: 0.001627
  step:  42 bond rmsd: 0.001621
  step:  43 bond rmsd: 0.001613
  step:  44 bond rmsd: 0.001605
  step:  45 bond rmsd: 0.001596
  step:  46 bond rmsd: 0.001586
  step:  47 bond rmsd: 0.001574
  step:  48 bond rmsd: 0.001558
  step:  49 bond rmsd: 0.001547
  step:  50 bond rmsd: 0.001528
  step:  51 bond rmsd: 0.001516
  step:  52 bond rmsd: 0.001498
micro_cycle  34 rmsd(b):  0.0015 rws:  1.000 n_fev: 1771
  step:   1 bond rmsd: 0.001498
  step:   2 bond rmsd: 0.050742
  step:   3 bond rmsd: 0.002018
  step:   4 bond rmsd: 0.001871
  step:   5 bond rmsd: 0.001766
  step:   6 bond rmsd: 0.001693
  step:   7 bond rmsd: 0.001641
  step:   8 bond rmsd: 0.001605
  step:   9 bond rmsd: 0.001580
  step:  10 bond rmsd: 0.001563
  step:  11 bond rmsd: 0.001551
  step:  12 bond rmsd: 0.001542
  step:  13 bond rmsd: 0.001536
  step:  14 bond rmsd: 0.001532
  step:  15 bond rmsd: 0.001530
  step:  16 bond rmsd: 0.001528
  step:  17 bond rmsd: 0.001527
  step:  18 bond rmsd: 0.001526
  step:  19 bond rmsd: 0.001526
  step:  20 bond rmsd: 0.001527
  step:  21 bond rmsd: 0.001527
  step:  22 bond rmsd: 0.001528
  step:  23 bond rmsd: 0.001530
  step:  24 bond rmsd: 0.001534
  step:  25 bond rmsd: 0.001539
  step:  26 bond rmsd: 0.001547
  step:  27 bond rmsd: 0.001561
  step:  28 bond rmsd: 0.001583
  step:  29 bond rmsd: 0.001600
  step:  30 bond rmsd: 0.001615
  step:  31 bond rmsd: 0.001630
  step:  32 bond rmsd: 0.001646
  step:  33 bond rmsd: 0.001657
  step:  34 bond rmsd: 0.001671
  step:  35 bond rmsd: 0.001682
  step:  36 bond rmsd: 0.001691
  step:  37 bond rmsd: 0.001702
  step:  38 bond rmsd: 0.001710
  step:  39 bond rmsd: 0.001716
  step:  40 bond rmsd: 0.001723
  step:  41 bond rmsd: 0.001729
  step:  42 bond rmsd: 0.001733
  step:  43 bond rmsd: 0.001732
  step:  44 bond rmsd: 0.001727
  step:  45 bond rmsd: 0.001719
  step:  46 bond rmsd: 0.001700
  step:  47 bond rmsd: 0.001689
  step:  48 bond rmsd: 0.001675
  step:  49 bond rmsd: 0.001652
  step:  50 bond rmsd: 0.001640
  step:  51 bond rmsd: 0.001622
  step:  52 bond rmsd: 0.001601
micro_cycle  35 rmsd(b):  0.0016 rws:  1.000 n_fev: 1823
  step:   1 bond rmsd: 0.001601
  step:   2 bond rmsd: 0.065417
  step:   3 bond rmsd: 0.001625
  step:   4 bond rmsd: 0.001618
  step:   5 bond rmsd: 0.001613
  step:   6 bond rmsd: 0.001609
  step:   7 bond rmsd: 0.001607
  step:   8 bond rmsd: 0.001605
  step:   9 bond rmsd: 0.001604
  step:  10 bond rmsd: 0.001603
  step:  11 bond rmsd: 0.001603
  step:  12 bond rmsd: 0.001602
  step:  13 bond rmsd: 0.001602
  step:  14 bond rmsd: 0.001601
  step:  15 bond rmsd: 0.001601
  step:  16 bond rmsd: 0.001601
  step:  17 bond rmsd: 0.001601
  step:  18 bond rmsd: 0.001601
  step:  19 bond rmsd: 0.001601
  step:  20 bond rmsd: 0.001601
  step:  21 bond rmsd: 0.001602
  step:  22 bond rmsd: 0.001603
  step:  23 bond rmsd: 0.001604
  step:  24 bond rmsd: 0.001606
  step:  25 bond rmsd: 0.001608
  step:  26 bond rmsd: 0.001616
  step:  27 bond rmsd: 0.001617
  step:  28 bond rmsd: 0.001618
  step:  29 bond rmsd: 0.001619
  step:  30 bond rmsd: 0.001621
  step:  31 bond rmsd: 0.001621
  step:  32 bond rmsd: 0.001622
  step:  33 bond rmsd: 0.001624
  step:  34 bond rmsd: 0.001625
  step:  35 bond rmsd: 0.001626
  step:  36 bond rmsd: 0.001627
  step:  37 bond rmsd: 0.001629
  step:  38 bond rmsd: 0.001630
  step:  39 bond rmsd: 0.001632
  step:  40 bond rmsd: 0.001635
  step:  41 bond rmsd: 0.001640
  step:  42 bond rmsd: 0.001645
  step:  43 bond rmsd: 0.001653
  step:  44 bond rmsd: 0.001659
  step:  45 bond rmsd: 0.001680
  step:  46 bond rmsd: 0.001684
  step:  47 bond rmsd: 0.001687
  step:  48 bond rmsd: 0.001692
  step:  49 bond rmsd: 0.001697
  step:  50 bond rmsd: 0.001705
  step:  51 bond rmsd: 0.001710
  step:  52 bond rmsd: 0.001720
micro_cycle  36 rmsd(b):  0.0017 rws:  1.000 n_fev: 1875
  step:   1 bond rmsd: 0.001720
  step:   2 bond rmsd: 0.059443
  step:   3 bond rmsd: 0.001935
  step:   4 bond rmsd: 0.001853
  step:   5 bond rmsd: 0.001798
  step:   6 bond rmsd: 0.001763
  step:   7 bond rmsd: 0.001739
  step:   8 bond rmsd: 0.001723
  step:   9 bond rmsd: 0.001713
  step:  10 bond rmsd: 0.001705
  step:  11 bond rmsd: 0.001700
  step:  12 bond rmsd: 0.001696
  step:  13 bond rmsd: 0.001693
  step:  14 bond rmsd: 0.001690
  step:  15 bond rmsd: 0.001689
  step:  16 bond rmsd: 0.001687
  step:  17 bond rmsd: 0.001685
  step:  18 bond rmsd: 0.001684
  step:  19 bond rmsd: 0.001682
  step:  20 bond rmsd: 0.001679
  step:  21 bond rmsd: 0.001676
  step:  22 bond rmsd: 0.001672
  step:  23 bond rmsd: 0.001665
  step:  24 bond rmsd: 0.001657
  step:  25 bond rmsd: 0.001652
  step:  26 bond rmsd: 0.001647
  step:  27 bond rmsd: 0.001639
  step:  28 bond rmsd: 0.001637
  step:  29 bond rmsd: 0.001635
  step:  30 bond rmsd: 0.001633
  step:  31 bond rmsd: 0.001631
  step:  32 bond rmsd: 0.001630
  step:  33 bond rmsd: 0.001628
  step:  34 bond rmsd: 0.001627
  step:  35 bond rmsd: 0.001624
  step:  36 bond rmsd: 0.001622
  step:  37 bond rmsd: 0.001620
  step:  38 bond rmsd: 0.001618
  step:  39 bond rmsd: 0.001618
  step:  40 bond rmsd: 0.001615
  step:  41 bond rmsd: 0.001610
  step:  42 bond rmsd: 0.001604
  step:  43 bond rmsd: 0.001599
  step:  44 bond rmsd: 0.001593
  step:  45 bond rmsd: 0.001589
  step:  46 bond rmsd: 0.001586
  step:  47 bond rmsd: 0.001582
  step:  48 bond rmsd: 0.001580
  step:  49 bond rmsd: 0.001578
  step:  50 bond rmsd: 0.001578
  step:  51 bond rmsd: 0.001579
  step:  52 bond rmsd: 0.001582
micro_cycle  37 rmsd(b):  0.0016 rws:  1.000 n_fev: 1927
  step:   1 bond rmsd: 0.001582
  step:   2 bond rmsd: 0.046868
  step:   3 bond rmsd: 0.001630
  step:   4 bond rmsd: 0.001619
  step:   5 bond rmsd: 0.001610
  step:   6 bond rmsd: 0.001604
  step:   7 bond rmsd: 0.001600
  step:   8 bond rmsd: 0.001596
  step:   9 bond rmsd: 0.001594
  step:  10 bond rmsd: 0.001592
  step:  11 bond rmsd: 0.001591
  step:  12 bond rmsd: 0.001589
  step:  13 bond rmsd: 0.001589
  step:  14 bond rmsd: 0.001588
  step:  15 bond rmsd: 0.001587
  step:  16 bond rmsd: 0.001587
  step:  17 bond rmsd: 0.001586
  step:  18 bond rmsd: 0.001586
  step:  19 bond rmsd: 0.001586
  step:  20 bond rmsd: 0.001587
  step:  21 bond rmsd: 0.001588
  step:  22 bond rmsd: 0.001590
  step:  23 bond rmsd: 0.001595
  step:  24 bond rmsd: 0.001603
  step:  25 bond rmsd: 0.001610
  step:  26 bond rmsd: 0.001617
  step:  27 bond rmsd: 0.001623
  step:  28 bond rmsd: 0.001628
  step:  29 bond rmsd: 0.001632
  step:  30 bond rmsd: 0.001635
  step:  31 bond rmsd: 0.001638
  step:  32 bond rmsd: 0.001640
  step:  33 bond rmsd: 0.001643
  step:  34 bond rmsd: 0.001644
  step:  35 bond rmsd: 0.001647
  step:  36 bond rmsd: 0.001648
  step:  37 bond rmsd: 0.001649
  step:  38 bond rmsd: 0.001650
  step:  39 bond rmsd: 0.001654
  step:  40 bond rmsd: 0.001653
  step:  41 bond rmsd: 0.001653
  step:  42 bond rmsd: 0.001650
  step:  43 bond rmsd: 0.001648
  step:  44 bond rmsd: 0.001645
  step:  45 bond rmsd: 0.001639
  step:  46 bond rmsd: 0.001636
  step:  47 bond rmsd: 0.001629
  step:  48 bond rmsd: 0.001625
  step:  49 bond rmsd: 0.001624
  step:  50 bond rmsd: 0.001620
  step:  51 bond rmsd: 0.001615
  step:  52 bond rmsd: 0.001613
micro_cycle  38 rmsd(b):  0.0016 rws:  1.000 n_fev: 1979
  step:   1 bond rmsd: 0.001613
  step:   2 bond rmsd: 0.068679
  step:   3 bond rmsd: 0.003455
  step:   4 bond rmsd: 0.002940
  step:   5 bond rmsd: 0.002555
  step:   6 bond rmsd: 0.002272
  step:   7 bond rmsd: 0.002068
  step:   8 bond rmsd: 0.001925
  step:   9 bond rmsd: 0.001826
  step:  10 bond rmsd: 0.001759
  step:  11 bond rmsd: 0.001713
  step:  12 bond rmsd: 0.001683
  step:  13 bond rmsd: 0.001662
  step:  14 bond rmsd: 0.001648
  step:  15 bond rmsd: 0.001639
  step:  16 bond rmsd: 0.001633
  step:  17 bond rmsd: 0.001629
  step:  18 bond rmsd: 0.001626
  step:  19 bond rmsd: 0.001624
  step:  20 bond rmsd: 0.001623
  step:  21 bond rmsd: 0.001622
  step:  22 bond rmsd: 0.001622
  step:  23 bond rmsd: 0.001622
  step:  24 bond rmsd: 0.001622
  step:  25 bond rmsd: 0.001622
  step:  26 bond rmsd: 0.001624
  step:  27 bond rmsd: 0.001626
  step:  28 bond rmsd: 0.001630
  step:  29 bond rmsd: 0.001636
  step:  30 bond rmsd: 0.001646
  step:  31 bond rmsd: 0.001653
  step:  32 bond rmsd: 0.001657
  step:  33 bond rmsd: 0.001680
  step:  34 bond rmsd: 0.001680
  step:  35 bond rmsd: 0.001680
  step:  36 bond rmsd: 0.001680
  step:  37 bond rmsd: 0.001679
  step:  38 bond rmsd: 0.001678
  step:  39 bond rmsd: 0.001677
  step:  40 bond rmsd: 0.001676
  step:  41 bond rmsd: 0.001675
  step:  42 bond rmsd: 0.001674
  step:  43 bond rmsd: 0.001673
  step:  44 bond rmsd: 0.001671
  step:  45 bond rmsd: 0.001668
  step:  46 bond rmsd: 0.001665
  step:  47 bond rmsd: 0.001661
  step:  48 bond rmsd: 0.001656
  step:  49 bond rmsd: 0.001650
  step:  50 bond rmsd: 0.001643
  step:  51 bond rmsd: 0.001633
  step:  52 bond rmsd: 0.001627
  step:  53 bond rmsd: 0.001618
micro_cycle  39 rmsd(b):  0.0016 rws:  1.000 n_fev: 2032
  step:   1 bond rmsd: 0.001618
  step:   2 bond rmsd: 0.077060
  step:   3 bond rmsd: 0.001619
  step:   4 bond rmsd: 0.001618
  step:   5 bond rmsd: 0.001617
  step:   6 bond rmsd: 0.001617
  step:   7 bond rmsd: 0.001616
  step:   8 bond rmsd: 0.001616
  step:   9 bond rmsd: 0.001616
  step:  10 bond rmsd: 0.001616
  step:  11 bond rmsd: 0.001616
  step:  12 bond rmsd: 0.001616
  step:  13 bond rmsd: 0.001616
  step:  14 bond rmsd: 0.001616
  step:  15 bond rmsd: 0.001616
  step:  16 bond rmsd: 0.001616
  step:  17 bond rmsd: 0.001616
  step:  18 bond rmsd: 0.001616
  step:  19 bond rmsd: 0.001616
  step:  20 bond rmsd: 0.001615
  step:  21 bond rmsd: 0.001614
  step:  22 bond rmsd: 0.001612
  step:  23 bond rmsd: 0.001609
  step:  24 bond rmsd: 0.001607
  step:  25 bond rmsd: 0.001606
  step:  26 bond rmsd: 0.001604
  step:  27 bond rmsd: 0.001604
  step:  28 bond rmsd: 0.001604
  step:  29 bond rmsd: 0.001605
  step:  30 bond rmsd: 0.001605
  step:  31 bond rmsd: 0.001606
  step:  32 bond rmsd: 0.001608
  step:  33 bond rmsd: 0.001610
  step:  34 bond rmsd: 0.001613
  step:  35 bond rmsd: 0.001616
  step:  36 bond rmsd: 0.001628
  step:  37 bond rmsd: 0.001631
  step:  38 bond rmsd: 0.001634
  step:  39 bond rmsd: 0.001640
  step:  40 bond rmsd: 0.001648
  step:  41 bond rmsd: 0.001655
  step:  42 bond rmsd: 0.001664
  step:  43 bond rmsd: 0.001677
  step:  44 bond rmsd: 0.001687
  step:  45 bond rmsd: 0.001697
  step:  46 bond rmsd: 0.001711
  step:  47 bond rmsd: 0.001735
  step:  48 bond rmsd: 0.001753
  step:  49 bond rmsd: 0.001773
  step:  50 bond rmsd: 0.001790
  step:  51 bond rmsd: 0.001807
  step:  52 bond rmsd: 0.001825
micro_cycle  40 rmsd(b):  0.0018 rws:  1.000 n_fev: 2084
  step:   1 bond rmsd: 0.001825
  step:   2 bond rmsd: 0.072052
  step:   3 bond rmsd: 0.002977
  step:   4 bond rmsd: 0.002582
  step:   5 bond rmsd: 0.002301
  step:   6 bond rmsd: 0.002108
  step:   7 bond rmsd: 0.001981
  step:   8 bond rmsd: 0.001899
  step:   9 bond rmsd: 0.001849
  step:  10 bond rmsd: 0.001819
  step:  11 bond rmsd: 0.001801
  step:  12 bond rmsd: 0.001792
  step:  13 bond rmsd: 0.001787
  step:  14 bond rmsd: 0.001785
  step:  15 bond rmsd: 0.001784
  step:  16 bond rmsd: 0.001784
  step:  17 bond rmsd: 0.001784
  step:  18 bond rmsd: 0.001784
  step:  19 bond rmsd: 0.001784
  step:  20 bond rmsd: 0.001784
  step:  21 bond rmsd: 0.001784
  step:  22 bond rmsd: 0.001784
  step:  23 bond rmsd: 0.001783
  step:  24 bond rmsd: 0.001781
  step:  25 bond rmsd: 0.001777
  step:  26 bond rmsd: 0.001772
  step:  27 bond rmsd: 0.001761
  step:  28 bond rmsd: 0.001744
  step:  29 bond rmsd: 0.001715
  step:  30 bond rmsd: 0.001682
  step:  31 bond rmsd: 0.001663
  step:  32 bond rmsd: 0.001653
  step:  33 bond rmsd: 0.001642
  step:  34 bond rmsd: 0.001630
  step:  35 bond rmsd: 0.001627
  step:  36 bond rmsd: 0.001623
  step:  37 bond rmsd: 0.001619
  step:  38 bond rmsd: 0.001617
  step:  39 bond rmsd: 0.001615
  step:  40 bond rmsd: 0.001613
  step:  41 bond rmsd: 0.001612
  step:  42 bond rmsd: 0.001611
  step:  43 bond rmsd: 0.001610
  step:  44 bond rmsd: 0.001609
  step:  45 bond rmsd: 0.001608
  step:  46 bond rmsd: 0.001607
  step:  47 bond rmsd: 0.001606
  step:  48 bond rmsd: 0.001605
  step:  49 bond rmsd: 0.001604
  step:  50 bond rmsd: 0.001603
  step:  51 bond rmsd: 0.001601
  step:  52 bond rmsd: 0.001600
micro_cycle  41 rmsd(b):  0.0016 rws:  1.000 n_fev: 2136
  step:   1 bond rmsd: 0.001600
  step:   2 bond rmsd: 0.063449
  step:   3 bond rmsd: 0.001592
  step:   4 bond rmsd: 0.001592
  step:   5 bond rmsd: 0.001593
  step:   6 bond rmsd: 0.001594
  step:   7 bond rmsd: 0.001594
  step:   8 bond rmsd: 0.001595
  step:   9 bond rmsd: 0.001596
  step:  10 bond rmsd: 0.001596
  step:  11 bond rmsd: 0.001597
  step:  12 bond rmsd: 0.001597
  step:  13 bond rmsd: 0.001598
  step:  14 bond rmsd: 0.001598
  step:  15 bond rmsd: 0.001599
  step:  16 bond rmsd: 0.001599
  step:  17 bond rmsd: 0.001600
  step:  18 bond rmsd: 0.001601
  step:  19 bond rmsd: 0.001602
  step:  20 bond rmsd: 0.001602
  step:  21 bond rmsd: 0.001604
  step:  22 bond rmsd: 0.001611
  step:  23 bond rmsd: 0.001612
  step:  24 bond rmsd: 0.001614
  step:  25 bond rmsd: 0.001614
  step:  26 bond rmsd: 0.001617
  step:  27 bond rmsd: 0.001618
  step:  28 bond rmsd: 0.001621
  step:  29 bond rmsd: 0.001623
  step:  30 bond rmsd: 0.001626
  step:  31 bond rmsd: 0.001629
  step:  32 bond rmsd: 0.001631
  step:  33 bond rmsd: 0.001633
  step:  34 bond rmsd: 0.001635
  step:  35 bond rmsd: 0.001638
  step:  36 bond rmsd: 0.001639
  step:  37 bond rmsd: 0.001641
  step:  38 bond rmsd: 0.001643
  step:  39 bond rmsd: 0.001645
  step:  40 bond rmsd: 0.001648
  step:  41 bond rmsd: 0.001650
  step:  42 bond rmsd: 0.001653
  step:  43 bond rmsd: 0.001655
  step:  44 bond rmsd: 0.001659
  step:  45 bond rmsd: 0.001669
  step:  46 bond rmsd: 0.001676
  step:  47 bond rmsd: 0.001687
  step:  48 bond rmsd: 0.001702
  step:  49 bond rmsd: 0.001723
  step:  50 bond rmsd: 0.001757
  step:  51 bond rmsd: 0.001778
  step:  52 bond rmsd: 0.001830
micro_cycle  42 rmsd(b):  0.0018 rws:  1.000 n_fev: 2188
  step:   1 bond rmsd: 0.001830
  step:   2 bond rmsd: 0.048862
  step:   3 bond rmsd: 0.012772
  step:   4 bond rmsd: 0.010246
  step:   5 bond rmsd: 0.008240
  step:   6 bond rmsd: 0.006647
  step:   7 bond rmsd: 0.005391
  step:   8 bond rmsd: 0.004410
  step:   9 bond rmsd: 0.003653
  step:  10 bond rmsd: 0.003080
  step:  11 bond rmsd: 0.002656
  step:  12 bond rmsd: 0.002350
  step:  13 bond rmsd: 0.002138
  step:  14 bond rmsd: 0.001995
  step:  15 bond rmsd: 0.001901
  step:  16 bond rmsd: 0.001842
  step:  17 bond rmsd: 0.001806
  step:  18 bond rmsd: 0.001784
  step:  19 bond rmsd: 0.001772
  step:  20 bond rmsd: 0.001765
  step:  21 bond rmsd: 0.001761
  step:  22 bond rmsd: 0.001760
  step:  23 bond rmsd: 0.001759
  step:  24 bond rmsd: 0.001759
  step:  25 bond rmsd: 0.001759
  step:  26 bond rmsd: 0.001759
  step:  27 bond rmsd: 0.001759
  step:  28 bond rmsd: 0.001758
  step:  29 bond rmsd: 0.001757
  step:  30 bond rmsd: 0.001756
  step:  31 bond rmsd: 0.001752
  step:  32 bond rmsd: 0.001746
  step:  33 bond rmsd: 0.001735
  step:  34 bond rmsd: 0.001713
  step:  35 bond rmsd: 0.001700
  step:  36 bond rmsd: 0.001689
  step:  37 bond rmsd: 0.001659
  step:  38 bond rmsd: 0.001653
  step:  39 bond rmsd: 0.001648
  step:  40 bond rmsd: 0.001644
  step:  41 bond rmsd: 0.001640
  step:  42 bond rmsd: 0.001636
  step:  43 bond rmsd: 0.001634
  step:  44 bond rmsd: 0.001631
  step:  45 bond rmsd: 0.001627
  step:  46 bond rmsd: 0.001623
  step:  47 bond rmsd: 0.001619
  step:  48 bond rmsd: 0.001615
  step:  49 bond rmsd: 0.001611
  step:  50 bond rmsd: 0.001608
  step:  51 bond rmsd: 0.001605
  step:  52 bond rmsd: 0.001602
micro_cycle  43 rmsd(b):  0.0016 rws:  1.000 n_fev: 2240
  step:   1 bond rmsd: 0.001602
  step:   2 bond rmsd: 0.059367
  step:   3 bond rmsd: 0.001720
  step:   4 bond rmsd: 0.001670
  step:   5 bond rmsd: 0.001639
  step:   6 bond rmsd: 0.001620
  step:   7 bond rmsd: 0.001609
  step:   8 bond rmsd: 0.001602
  step:   9 bond rmsd: 0.001599
  step:  10 bond rmsd: 0.001597
  step:  11 bond rmsd: 0.001597
  step:  12 bond rmsd: 0.001597
  step:  13 bond rmsd: 0.001597
  step:  14 bond rmsd: 0.001598
  step:  15 bond rmsd: 0.001598
  step:  16 bond rmsd: 0.001599
  step:  17 bond rmsd: 0.001600
  step:  18 bond rmsd: 0.001600
  step:  19 bond rmsd: 0.001601
  step:  20 bond rmsd: 0.001601
  step:  21 bond rmsd: 0.001602
  step:  22 bond rmsd: 0.001602
  step:  23 bond rmsd: 0.001603
  step:  24 bond rmsd: 0.001604
  step:  25 bond rmsd: 0.001605
  step:  26 bond rmsd: 0.001607
  step:  27 bond rmsd: 0.001609
  step:  28 bond rmsd: 0.001610
  step:  29 bond rmsd: 0.001612
  step:  30 bond rmsd: 0.001614
  step:  31 bond rmsd: 0.001615
  step:  32 bond rmsd: 0.001620
  step:  33 bond rmsd: 0.001621
  step:  34 bond rmsd: 0.001621
  step:  35 bond rmsd: 0.001622
  step:  36 bond rmsd: 0.001622
  step:  37 bond rmsd: 0.001623
  step:  38 bond rmsd: 0.001624
  step:  39 bond rmsd: 0.001625
  step:  40 bond rmsd: 0.001624
  step:  41 bond rmsd: 0.001625
  step:  42 bond rmsd: 0.001622
  step:  43 bond rmsd: 0.001622
  step:  44 bond rmsd: 0.001617
  step:  45 bond rmsd: 0.001616
  step:  46 bond rmsd: 0.001609
  step:  47 bond rmsd: 0.001605
  step:  48 bond rmsd: 0.001595
  step:  49 bond rmsd: 0.001587
  step:  50 bond rmsd: 0.001592
  step:  51 bond rmsd: 0.001584
  step:  52 bond rmsd: 0.001572
micro_cycle  44 rmsd(b):  0.0016 rws:  1.000 n_fev: 2292
  step:   1 bond rmsd: 0.001572
  step:   2 bond rmsd: 0.053734
  step:   3 bond rmsd: 0.010777
  step:   4 bond rmsd: 0.008653
  step:   5 bond rmsd: 0.006965
  step:   6 bond rmsd: 0.005627
  step:   7 bond rmsd: 0.004573
  step:   8 bond rmsd: 0.003751
  step:   9 bond rmsd: 0.003118
  step:  10 bond rmsd: 0.002640
  step:  11 bond rmsd: 0.002286
  step:  12 bond rmsd: 0.002032
  step:  13 bond rmsd: 0.001855
  step:  14 bond rmsd: 0.001736
  step:  15 bond rmsd: 0.001659
  step:  16 bond rmsd: 0.001609
  step:  17 bond rmsd: 0.001579
  step:  18 bond rmsd: 0.001561
  step:  19 bond rmsd: 0.001551
  step:  20 bond rmsd: 0.001545
  step:  21 bond rmsd: 0.001543
  step:  22 bond rmsd: 0.001542
  step:  23 bond rmsd: 0.001542
  step:  24 bond rmsd: 0.001543
  step:  25 bond rmsd: 0.001543
  step:  26 bond rmsd: 0.001545
  step:  27 bond rmsd: 0.001546
  step:  28 bond rmsd: 0.001547
  step:  29 bond rmsd: 0.001549
  step:  30 bond rmsd: 0.001551
  step:  31 bond rmsd: 0.001554
  step:  32 bond rmsd: 0.001557
  step:  33 bond rmsd: 0.001561
  step:  34 bond rmsd: 0.001564
  step:  35 bond rmsd: 0.001558
  step:  36 bond rmsd: 0.001563
  step:  37 bond rmsd: 0.001578
  step:  38 bond rmsd: 0.001584
  step:  39 bond rmsd: 0.001589
  step:  40 bond rmsd: 0.001593
  step:  41 bond rmsd: 0.001596
  step:  42 bond rmsd: 0.001598
  step:  43 bond rmsd: 0.001600
  step:  44 bond rmsd: 0.001601
  step:  45 bond rmsd: 0.001602
  step:  46 bond rmsd: 0.001603
  step:  47 bond rmsd: 0.001604
  step:  48 bond rmsd: 0.001605
  step:  49 bond rmsd: 0.001606
  step:  50 bond rmsd: 0.001607
  step:  51 bond rmsd: 0.001607
  step:  52 bond rmsd: 0.001608
micro_cycle  45 rmsd(b):  0.0016 rws:  1.000 n_fev: 2344
  step:   1 bond rmsd: 0.001608
  step:   2 bond rmsd: 0.040370
  step:   3 bond rmsd: 0.001608
  step:   4 bond rmsd: 0.001607
  step:   5 bond rmsd: 0.001606
  step:   6 bond rmsd: 0.001606
  step:   7 bond rmsd: 0.001606
  step:   8 bond rmsd: 0.001606
  step:   9 bond rmsd: 0.001606
  step:  10 bond rmsd: 0.001607
  step:  11 bond rmsd: 0.001607
  step:  12 bond rmsd: 0.001607
  step:  13 bond rmsd: 0.001607
  step:  14 bond rmsd: 0.001607
  step:  15 bond rmsd: 0.001607
  step:  16 bond rmsd: 0.001607
  step:  17 bond rmsd: 0.001607
  step:  18 bond rmsd: 0.001607
  step:  19 bond rmsd: 0.001607
  step:  20 bond rmsd: 0.001606
  step:  21 bond rmsd: 0.001606
  step:  22 bond rmsd: 0.001604
  step:  23 bond rmsd: 0.001603
  step:  24 bond rmsd: 0.001602
  step:  25 bond rmsd: 0.001601
  step:  26 bond rmsd: 0.001601
  step:  27 bond rmsd: 0.001600
  step:  28 bond rmsd: 0.001600
  step:  29 bond rmsd: 0.001598
  step:  30 bond rmsd: 0.001598
  step:  31 bond rmsd: 0.001598
  step:  32 bond rmsd: 0.001599
  step:  33 bond rmsd: 0.001599
  step:  34 bond rmsd: 0.001601
  step:  35 bond rmsd: 0.001602
  step:  36 bond rmsd: 0.001605
  step:  37 bond rmsd: 0.001609
  step:  38 bond rmsd: 0.001613
  step:  39 bond rmsd: 0.001617
  step:  40 bond rmsd: 0.001622
  step:  41 bond rmsd: 0.001627
  step:  42 bond rmsd: 0.001639
  step:  43 bond rmsd: 0.001646
  step:  44 bond rmsd: 0.001654
  step:  45 bond rmsd: 0.001663
  step:  46 bond rmsd: 0.001669
  step:  47 bond rmsd: 0.001676
  step:  48 bond rmsd: 0.001678
  step:  49 bond rmsd: 0.001683
  step:  50 bond rmsd: 0.001681
  step:  51 bond rmsd: 0.001680
  step:  52 bond rmsd: 0.001672
micro_cycle  46 rmsd(b):  0.0017 rws:  1.000 n_fev: 2396
  step:   1 bond rmsd: 0.001672
  step:   2 bond rmsd: 0.044122
  step:   3 bond rmsd: 0.001872
  step:   4 bond rmsd: 0.001782
  step:   5 bond rmsd: 0.001725
  step:   6 bond rmsd: 0.001689
  step:   7 bond rmsd: 0.001668
  step:   8 bond rmsd: 0.001656
  step:   9 bond rmsd: 0.001650
  step:  10 bond rmsd: 0.001646
  step:  11 bond rmsd: 0.001644
  step:  12 bond rmsd: 0.001644
  step:  13 bond rmsd: 0.001644
  step:  14 bond rmsd: 0.001644
  step:  15 bond rmsd: 0.001644
  step:  16 bond rmsd: 0.001645
  step:  17 bond rmsd: 0.001645
  step:  18 bond rmsd: 0.001645
  step:  19 bond rmsd: 0.001645
  step:  20 bond rmsd: 0.001645
  step:  21 bond rmsd: 0.001644
  step:  22 bond rmsd: 0.001643
  step:  23 bond rmsd: 0.001640
  step:  24 bond rmsd: 0.001636
  step:  25 bond rmsd: 0.001627
  step:  26 bond rmsd: 0.001612
  step:  27 bond rmsd: 0.001600
  step:  28 bond rmsd: 0.001592
  step:  29 bond rmsd: 0.001581
  step:  30 bond rmsd: 0.001576
  step:  31 bond rmsd: 0.001572
  step:  32 bond rmsd: 0.001570
  step:  33 bond rmsd: 0.001565
  step:  34 bond rmsd: 0.001564
  step:  35 bond rmsd: 0.001586
  step:  36 bond rmsd: 0.001584
  step:  37 bond rmsd: 0.001581
  step:  38 bond rmsd: 0.001580
  step:  39 bond rmsd: 0.001580
  step:  40 bond rmsd: 0.001582
  step:  41 bond rmsd: 0.001583
  step:  42 bond rmsd: 0.001585
  step:  43 bond rmsd: 0.001587
  step:  44 bond rmsd: 0.001591
  step:  45 bond rmsd: 0.001592
  step:  46 bond rmsd: 0.001595
  step:  47 bond rmsd: 0.001598
  step:  48 bond rmsd: 0.001600
  step:  49 bond rmsd: 0.001603
  step:  50 bond rmsd: 0.001605
  step:  51 bond rmsd: 0.001606
  step:  52 bond rmsd: 0.001608
micro_cycle  47 rmsd(b):  0.0016 rws:  1.000 n_fev: 2448
  step:   1 bond rmsd: 0.001608
  step:   2 bond rmsd: 0.047050
  step:   3 bond rmsd: 0.001633
  step:   4 bond rmsd: 0.001628
  step:   5 bond rmsd: 0.001624
  step:   6 bond rmsd: 0.001620
  step:   7 bond rmsd: 0.001618
  step:   8 bond rmsd: 0.001616
  step:   9 bond rmsd: 0.001614
  step:  10 bond rmsd: 0.001613
  step:  11 bond rmsd: 0.001612
  step:  12 bond rmsd: 0.001610
  step:  13 bond rmsd: 0.001609
  step:  14 bond rmsd: 0.001608
  step:  15 bond rmsd: 0.001608
  step:  16 bond rmsd: 0.001607
  step:  17 bond rmsd: 0.001605
  step:  18 bond rmsd: 0.001604
  step:  19 bond rmsd: 0.001602
  step:  20 bond rmsd: 0.001599
  step:  21 bond rmsd: 0.001597
  step:  22 bond rmsd: 0.001597
  step:  23 bond rmsd: 0.001596
  step:  24 bond rmsd: 0.001593
  step:  25 bond rmsd: 0.001593
  step:  26 bond rmsd: 0.001590
  step:  27 bond rmsd: 0.001588
  step:  28 bond rmsd: 0.001588
  step:  29 bond rmsd: 0.001588
  step:  30 bond rmsd: 0.001587
  step:  31 bond rmsd: 0.001588
  step:  32 bond rmsd: 0.001588
  step:  33 bond rmsd: 0.001589
  step:  34 bond rmsd: 0.001589
  step:  35 bond rmsd: 0.001592
  step:  36 bond rmsd: 0.001592
  step:  37 bond rmsd: 0.001594
  step:  38 bond rmsd: 0.001595
  step:  39 bond rmsd: 0.001597
  step:  40 bond rmsd: 0.001598
  step:  41 bond rmsd: 0.001600
  step:  42 bond rmsd: 0.001603
  step:  43 bond rmsd: 0.001605
  step:  44 bond rmsd: 0.001608
  step:  45 bond rmsd: 0.001610
  step:  46 bond rmsd: 0.001613
  step:  47 bond rmsd: 0.001615
  step:  48 bond rmsd: 0.001617
  step:  49 bond rmsd: 0.001619
  step:  50 bond rmsd: 0.001621
  step:  51 bond rmsd: 0.001621
  step:  52 bond rmsd: 0.001622
micro_cycle  48 rmsd(b):  0.0016 rws:  1.000 n_fev: 2500
  step:   1 bond rmsd: 0.001622
  step:   2 bond rmsd: 0.075566
  step:   3 bond rmsd: 0.001625
  step:   4 bond rmsd: 0.001623
  step:   5 bond rmsd: 0.001621
  step:   6 bond rmsd: 0.001620
  step:   7 bond rmsd: 0.001619
  step:   8 bond rmsd: 0.001619
  step:   9 bond rmsd: 0.001618
  step:  10 bond rmsd: 0.001618
  step:  11 bond rmsd: 0.001617
  step:  12 bond rmsd: 0.001617
  step:  13 bond rmsd: 0.001616
  step:  14 bond rmsd: 0.001615
  step:  15 bond rmsd: 0.001615
  step:  16 bond rmsd: 0.001614
  step:  17 bond rmsd: 0.001613
  step:  18 bond rmsd: 0.001611
  step:  19 bond rmsd: 0.001608
  step:  20 bond rmsd: 0.001603
  step:  21 bond rmsd: 0.001597
  step:  22 bond rmsd: 0.001594
  step:  23 bond rmsd: 0.001591
  step:  24 bond rmsd: 0.001593
  step:  25 bond rmsd: 0.001593
  step:  26 bond rmsd: 0.001590
  step:  27 bond rmsd: 0.001588
  step:  28 bond rmsd: 0.001587
  step:  29 bond rmsd: 0.001586
  step:  30 bond rmsd: 0.001585
  step:  31 bond rmsd: 0.001585
  step:  32 bond rmsd: 0.001584
  step:  33 bond rmsd: 0.001584
  step:  34 bond rmsd: 0.001584
  step:  35 bond rmsd: 0.001583
  step:  36 bond rmsd: 0.001583
  step:  37 bond rmsd: 0.001584
  step:  38 bond rmsd: 0.001584
  step:  39 bond rmsd: 0.001586
  step:  40 bond rmsd: 0.001587
  step:  41 bond rmsd: 0.001588
  step:  42 bond rmsd: 0.001591
  step:  43 bond rmsd: 0.001593
  step:  44 bond rmsd: 0.001596
  step:  45 bond rmsd: 0.001599
  step:  46 bond rmsd: 0.001602
  step:  47 bond rmsd: 0.001606
  step:  48 bond rmsd: 0.001607
  step:  49 bond rmsd: 0.001610
  step:  50 bond rmsd: 0.001612
  step:  51 bond rmsd: 0.001614
  step:  52 bond rmsd: 0.001616
  step:  53 bond rmsd: 0.001618
micro_cycle  49 rmsd(b):  0.0016 rws:  1.000 n_fev: 2553
  step:   1 bond rmsd: 0.001618
  step:   2 bond rmsd: 0.054398
  step:   3 bond rmsd: 0.001620
  step:   4 bond rmsd: 0.001619
  step:   5 bond rmsd: 0.001619
  step:   6 bond rmsd: 0.001618
  step:   7 bond rmsd: 0.001618
  step:   8 bond rmsd: 0.001617
  step:   9 bond rmsd: 0.001617
  step:  10 bond rmsd: 0.001616
  step:  11 bond rmsd: 0.001615
  step:  12 bond rmsd: 0.001615
  step:  13 bond rmsd: 0.001614
  step:  14 bond rmsd: 0.001613
  step:  15 bond rmsd: 0.001612
  step:  16 bond rmsd: 0.001610
  step:  17 bond rmsd: 0.001607
  step:  18 bond rmsd: 0.001603
  step:  19 bond rmsd: 0.001598
  step:  20 bond rmsd: 0.001594
  step:  21 bond rmsd: 0.001590
  step:  22 bond rmsd: 0.001587
  step:  23 bond rmsd: 0.001584
  step:  24 bond rmsd: 0.001583
  step:  25 bond rmsd: 0.001580
  step:  26 bond rmsd: 0.001579
  step:  27 bond rmsd: 0.001578
  step:  28 bond rmsd: 0.001578
  step:  29 bond rmsd: 0.001578
  step:  30 bond rmsd: 0.001578
  step:  31 bond rmsd: 0.001578
  step:  32 bond rmsd: 0.001580
  step:  33 bond rmsd: 0.001582
  step:  34 bond rmsd: 0.001584
  step:  35 bond rmsd: 0.001587
  step:  36 bond rmsd: 0.001590
  step:  37 bond rmsd: 0.001593
  step:  38 bond rmsd: 0.001595
  step:  39 bond rmsd: 0.001600
  step:  40 bond rmsd: 0.001603
  step:  41 bond rmsd: 0.001606
  step:  42 bond rmsd: 0.001609
  step:  43 bond rmsd: 0.001614
  step:  44 bond rmsd: 0.001618
  step:  45 bond rmsd: 0.001620
  step:  46 bond rmsd: 0.001624
  step:  47 bond rmsd: 0.001630
  step:  48 bond rmsd: 0.001635
  step:  49 bond rmsd: 0.001634
  step:  50 bond rmsd: 0.001638
  step:  51 bond rmsd: 0.001641
  step:  52 bond rmsd: 0.001645
micro_cycle  50 rmsd(b):  0.0016 rws:  1.000 n_fev: 2605
See 3_refined.pdb in pdb folder.
Time: 36.3148
