Starting Q|R
Running refinement
   input {
     xray_data {
       file_name = None
       labels = None
       high_resolution = None
       low_resolution = None
       outliers_rejection = True
       french_wilson_scale = True
       french_wilson {
         max_bins = 60
         min_bin_size = 40
       }
       sigma_fobs_rejection_criterion = None
       sigma_iobs_rejection_criterion = None
       ignore_all_zeros = True
       force_anomalous_flag_to_be_equal_to = None
       convert_to_non_anomalous_if_ratio_pairs_lone_less_than_threshold = 0.5
       r_free_flags {
         file_name = None
         label = None
         test_flag_value = None
         ignore_r_free_flags = False
         disable_suitability_test = False
         ignore_pdb_hexdigest = False
         generate = False
         fraction = 0.1
         max_free = 2000
         lattice_symmetry_max_delta = 5
         use_lattice_symmetry = True
         use_dataman_shells = False
         n_shells = 20
       }
     }
     pdb {
       file_name = None
     }
     monomers {
       file_name = None
     }
     maps {
       map_file_name = None
       d_min = None
       map_coefficients_file_name = None
       map_coefficients_label = None
     }
     sequence = None
     scattering_table = wk1995 it1992 *n_gaussian neutron electron
     wavelength = None
     energy = None
     twin_law = Auto
   }
   max_atoms = 15000
   debug = False
   cluster {
     charge_cutoff = 8.0
     clustering = false
     charge_embedding = False
     two_buffers = False
     maxnum_residues_in_cluster = 15
     clustering_method = gnc *bcc
     altloc_method = *average subtract
   }
   restraints = *cctbx qm
   quantum {
     engine_name = *mopac ani torchani terachem turbomole pyscf orca gaussian \
                   xtb
     charge = None
     basis = Auto
     method = Auto
     memory = None
     nproc = None
     qm_addon = gcp dftd3 gcp-d3
     qm_addon_method = None
   }
   refine {
     dry_run = False
     sf_algorithm = *direct fft
     refinement_target_name = *ml ls_wunit_k1
     mode = *opt refine
     number_of_macro_cycles = 1
     number_of_weight_search_cycles = 50
     number_of_refine_cycles = 5
     number_of_micro_cycles = 50
     data_weight = None
     choose_best_use_r_work = False
     skip_initial_weight_optimization = False
     adjust_restraints_weight_scale_value = 2
     max_iterations_weight = 50
     max_iterations_refine = 50
     use_ase_lbfgs = False
     line_search = True
     stpmax = 0.2
     gradient_only = true
     update_all_scales = True
     refine_sites = True
     refine_adp = False
     restraints_weight_scale = 1.0
     shake_sites = False
     use_convergence_test = true
     max_bond_rmsd = 0.03
     max_r_work_r_free_gap = 5.0
     r_tolerance = 0.001
     rmsd_tolerance = 0.001
     opt_log = False
     pre_opt = False
     pre_opt_stpmax = 0.1
     pre_opt_iter = 10
     pre_opt_switch = 2
     pre_opt_gconv = 3000
   }
   parallel {
     method = *multiprocessing slurm pbs sge lsf threading
     nproc = None
     qsub_command = None
   }
   output_file_name_prefix = None
   output_folder_name = "pdb"
   shared_disk = True
   rst_file = None
   dump_gradients = None

Setting QM defaults
  Setting QM method to PM7


***********************************************************
restart info will be stored in /home/lum/3nir/cctbx_opt/pdb/4.rst.pickle
***********************************************************

start   0 rmsd(b):  0.0200 rws:  1.000 n_fev: 0
  step:   1 bond rmsd: 0.019952
  step:   2 bond rmsd: 0.077068
  step:   3 bond rmsd: 0.082642
  step:   4 bond rmsd: 0.067031
  step:   5 bond rmsd: 0.054398
  step:   6 bond rmsd: 0.044384
  step:   7 bond rmsd: 0.036406
  step:   8 bond rmsd: 0.030091
  step:   9 bond rmsd: 0.025114
  step:  10 bond rmsd: 0.021225
  step:  11 bond rmsd: 0.018217
  step:  12 bond rmsd: 0.015917
  step:  13 bond rmsd: 0.014177
  step:  14 bond rmsd: 0.012874
  step:  15 bond rmsd: 0.011901
  step:  16 bond rmsd: 0.011170
  step:  17 bond rmsd: 0.010612
  step:  18 bond rmsd: 0.010169
  step:  19 bond rmsd: 0.009800
  step:  20 bond rmsd: 0.009468
  step:  21 bond rmsd: 0.009139
  step:  22 bond rmsd: 0.008779
  step:  23 bond rmsd: 0.008347
  step:  24 bond rmsd: 0.007786
  step:  25 bond rmsd: 0.007018
  step:  26 bond rmsd: 0.006268
  step:  27 bond rmsd: 0.005659
  step:  28 bond rmsd: 0.005274
  step:  29 bond rmsd: 0.004852
  step:  30 bond rmsd: 0.004652
  step:  31 bond rmsd: 0.004467
  step:  32 bond rmsd: 0.004295
  step:  33 bond rmsd: 0.004182
  step:  34 bond rmsd: 0.004035
  step:  35 bond rmsd: 0.003865
  step:  36 bond rmsd: 0.003747
  step:  37 bond rmsd: 0.003595
  step:  38 bond rmsd: 0.003485
  step:  39 bond rmsd: 0.003407
  step:  40 bond rmsd: 0.003326
  step:  41 bond rmsd: 0.003241
  step:  42 bond rmsd: 0.003188
  step:  43 bond rmsd: 0.003110
  step:  44 bond rmsd: 0.002996
  step:  45 bond rmsd: 0.002887
  step:  46 bond rmsd: 0.002766
  step:  47 bond rmsd: 0.002624
  step:  48 bond rmsd: 0.002505
  step:  49 bond rmsd: 0.002372
  step:  50 bond rmsd: 0.002279
  step:  51 bond rmsd: 0.002171
  step:  52 bond rmsd: 0.002058
micro_cycle   1 rmsd(b):  0.0021 rws:  1.000 n_fev: 52
  step:   1 bond rmsd: 0.002058
  step:   2 bond rmsd: 0.047388
  step:   3 bond rmsd: 0.047388
  step:   4 bond rmsd: 0.038187
  step:   5 bond rmsd: 0.030760
  step:   6 bond rmsd: 0.024794
  step:   7 bond rmsd: 0.020001
  step:   8 bond rmsd: 0.016151
  step:   9 bond rmsd: 0.013059
  step:  10 bond rmsd: 0.010582
  step:  11 bond rmsd: 0.008601
  step:  12 bond rmsd: 0.007024
  step:  13 bond rmsd: 0.005775
  step:  14 bond rmsd: 0.004793
  step:  15 bond rmsd: 0.004029
  step:  16 bond rmsd: 0.003441
  step:  17 bond rmsd: 0.002996
  step:  18 bond rmsd: 0.002665
  step:  19 bond rmsd: 0.002422
  step:  20 bond rmsd: 0.002247
  step:  21 bond rmsd: 0.002123
  step:  22 bond rmsd: 0.002035
  step:  23 bond rmsd: 0.001973
  step:  24 bond rmsd: 0.001929
  step:  25 bond rmsd: 0.001898
  step:  26 bond rmsd: 0.001876
  step:  27 bond rmsd: 0.001859
  step:  28 bond rmsd: 0.001847
  step:  29 bond rmsd: 0.001837
  step:  30 bond rmsd: 0.001829
  step:  31 bond rmsd: 0.001822
  step:  32 bond rmsd: 0.001816
  step:  33 bond rmsd: 0.001811
  step:  34 bond rmsd: 0.001805
  step:  35 bond rmsd: 0.001789
  step:  36 bond rmsd: 0.001731
  step:  37 bond rmsd: 0.001733
  step:  38 bond rmsd: 0.001749
  step:  39 bond rmsd: 0.001773
  step:  40 bond rmsd: 0.001816
  step:  41 bond rmsd: 0.001844
  step:  42 bond rmsd: 0.001877
  step:  43 bond rmsd: 0.001923
  step:  44 bond rmsd: 0.001976
  step:  45 bond rmsd: 0.002022
  step:  46 bond rmsd: 0.002087
  step:  47 bond rmsd: 0.002144
  step:  48 bond rmsd: 0.002200
  step:  49 bond rmsd: 0.002315
  step:  50 bond rmsd: 0.002355
  step:  51 bond rmsd: 0.002391
  step:  52 bond rmsd: 0.002428
micro_cycle   2 rmsd(b):  0.0024 rws:  1.000 n_fev: 104
  step:   1 bond rmsd: 0.002428
  step:   2 bond rmsd: 0.065979
  step:   3 bond rmsd: 0.044052
  step:   4 bond rmsd: 0.035335
  step:   5 bond rmsd: 0.028401
  step:   6 bond rmsd: 0.022818
  step:   7 bond rmsd: 0.018335
  step:   8 bond rmsd: 0.014741
  step:   9 bond rmsd: 0.011867
  step:  10 bond rmsd: 0.009576
  step:  11 bond rmsd: 0.007760
  step:  12 bond rmsd: 0.006331
  step:  13 bond rmsd: 0.005217
  step:  14 bond rmsd: 0.004361
  step:  15 bond rmsd: 0.003716
  step:  16 bond rmsd: 0.003241
  step:  17 bond rmsd: 0.002901
  step:  18 bond rmsd: 0.002665
  step:  19 bond rmsd: 0.002505
  step:  20 bond rmsd: 0.002399
  step:  21 bond rmsd: 0.002330
  step:  22 bond rmsd: 0.002286
  step:  23 bond rmsd: 0.002258
  step:  24 bond rmsd: 0.002240
  step:  25 bond rmsd: 0.002228
  step:  26 bond rmsd: 0.002220
  step:  27 bond rmsd: 0.002214
  step:  28 bond rmsd: 0.002209
  step:  29 bond rmsd: 0.002203
  step:  30 bond rmsd: 0.002196
  step:  31 bond rmsd: 0.002186
  step:  32 bond rmsd: 0.002169
  step:  33 bond rmsd: 0.002141
  step:  34 bond rmsd: 0.002091
  step:  35 bond rmsd: 0.002006
  step:  36 bond rmsd: 0.001866
  step:  37 bond rmsd: 0.001808
  step:  38 bond rmsd: 0.001750
  step:  39 bond rmsd: 0.001712
  step:  40 bond rmsd: 0.001690
  step:  41 bond rmsd: 0.001669
  step:  42 bond rmsd: 0.001664
  step:  43 bond rmsd: 0.001652
  step:  44 bond rmsd: 0.001652
  step:  45 bond rmsd: 0.001651
  step:  46 bond rmsd: 0.001650
  step:  47 bond rmsd: 0.001653
  step:  48 bond rmsd: 0.001659
  step:  49 bond rmsd: 0.001664
  step:  50 bond rmsd: 0.001675
  step:  51 bond rmsd: 0.001699
  step:  52 bond rmsd: 0.001710
micro_cycle   3 rmsd(b):  0.0017 rws:  1.000 n_fev: 156
  step:   1 bond rmsd: 0.001710
  step:   2 bond rmsd: 0.056882
  step:   3 bond rmsd: 0.021290
  step:   4 bond rmsd: 0.017080
  step:   5 bond rmsd: 0.013708
  step:   6 bond rmsd: 0.011017
  step:   7 bond rmsd: 0.008873
  step:   8 bond rmsd: 0.007171
  step:   9 bond rmsd: 0.005823
  step:  10 bond rmsd: 0.004763
  step:  11 bond rmsd: 0.003937
  step:  12 bond rmsd: 0.003301
  step:  13 bond rmsd: 0.002819
  step:  14 bond rmsd: 0.002460
  step:  15 bond rmsd: 0.002200
  step:  16 bond rmsd: 0.002016
  step:  17 bond rmsd: 0.001888
  step:  18 bond rmsd: 0.001801
  step:  19 bond rmsd: 0.001743
  step:  20 bond rmsd: 0.001704
  step:  21 bond rmsd: 0.001679
  step:  22 bond rmsd: 0.001662
  step:  23 bond rmsd: 0.001651
  step:  24 bond rmsd: 0.001643
  step:  25 bond rmsd: 0.001638
  step:  26 bond rmsd: 0.001634
  step:  27 bond rmsd: 0.001632
  step:  28 bond rmsd: 0.001630
  step:  29 bond rmsd: 0.001628
  step:  30 bond rmsd: 0.001626
  step:  31 bond rmsd: 0.001622
  step:  32 bond rmsd: 0.001616
  step:  33 bond rmsd: 0.001602
  step:  34 bond rmsd: 0.001554
  step:  35 bond rmsd: 0.001545
  step:  36 bond rmsd: 0.001548
  step:  37 bond rmsd: 0.001651
  step:  38 bond rmsd: 0.001651
  step:  39 bond rmsd: 0.001622
  step:  40 bond rmsd: 0.001609
  step:  41 bond rmsd: 0.001604
  step:  42 bond rmsd: 0.001606
  step:  43 bond rmsd: 0.001611
  step:  44 bond rmsd: 0.001618
  step:  45 bond rmsd: 0.001625
  step:  46 bond rmsd: 0.001634
  step:  47 bond rmsd: 0.001644
  step:  48 bond rmsd: 0.001657
  step:  49 bond rmsd: 0.001672
  step:  50 bond rmsd: 0.001691
  step:  51 bond rmsd: 0.001716
  step:  52 bond rmsd: 0.001767
  step:  53 bond rmsd: 0.001804
micro_cycle   4 rmsd(b):  0.0018 rws:  1.000 n_fev: 209
  step:   1 bond rmsd: 0.001804
  step:   2 bond rmsd: 0.071191
  step:   3 bond rmsd: 0.007313
  step:   4 bond rmsd: 0.005962
  step:   5 bond rmsd: 0.004904
  step:   6 bond rmsd: 0.004081
  step:   7 bond rmsd: 0.003447
  step:   8 bond rmsd: 0.002969
  step:   9 bond rmsd: 0.002614
  step:  10 bond rmsd: 0.002356
  step:  11 bond rmsd: 0.002172
  step:  12 bond rmsd: 0.002044
  step:  13 bond rmsd: 0.001955
  step:  14 bond rmsd: 0.001895
  step:  15 bond rmsd: 0.001853
  step:  16 bond rmsd: 0.001825
  step:  17 bond rmsd: 0.001805
  step:  18 bond rmsd: 0.001791
  step:  19 bond rmsd: 0.001781
  step:  20 bond rmsd: 0.001774
  step:  21 bond rmsd: 0.001768
  step:  22 bond rmsd: 0.001763
  step:  23 bond rmsd: 0.001758
  step:  24 bond rmsd: 0.001754
  step:  25 bond rmsd: 0.001749
  step:  26 bond rmsd: 0.001742
  step:  27 bond rmsd: 0.001734
  step:  28 bond rmsd: 0.001721
  step:  29 bond rmsd: 0.001701
  step:  30 bond rmsd: 0.001672
  step:  31 bond rmsd: 0.001622
  step:  32 bond rmsd: 0.001603
  step:  33 bond rmsd: 0.001587
  step:  34 bond rmsd: 0.001632
  step:  35 bond rmsd: 0.001610
  step:  36 bond rmsd: 0.001595
  step:  37 bond rmsd: 0.001583
  step:  38 bond rmsd: 0.001573
  step:  39 bond rmsd: 0.001570
  step:  40 bond rmsd: 0.001571
  step:  41 bond rmsd: 0.001576
  step:  42 bond rmsd: 0.001596
  step:  43 bond rmsd: 0.001608
  step:  44 bond rmsd: 0.001636
  step:  45 bond rmsd: 0.001669
  step:  46 bond rmsd: 0.001695
  step:  47 bond rmsd: 0.001730
  step:  48 bond rmsd: 0.001766
  step:  49 bond rmsd: 0.001811
  step:  50 bond rmsd: 0.001838
  step:  51 bond rmsd: 0.001939
  step:  52 bond rmsd: 0.001955
micro_cycle   5 rmsd(b):  0.0020 rws:  1.000 n_fev: 261
  step:   1 bond rmsd: 0.001955
  step:   2 bond rmsd: 0.071714
  step:   3 bond rmsd: 0.020170
  step:   4 bond rmsd: 0.016141
  step:   5 bond rmsd: 0.012957
  step:   6 bond rmsd: 0.010394
  step:   7 bond rmsd: 0.008341
  step:   8 bond rmsd: 0.006706
  step:   9 bond rmsd: 0.005413
  step:  10 bond rmsd: 0.004400
  step:  11 bond rmsd: 0.003618
  step:  12 bond rmsd: 0.003027
  step:  13 bond rmsd: 0.002591
  step:  14 bond rmsd: 0.002281
  step:  15 bond rmsd: 0.002069
  step:  16 bond rmsd: 0.001930
  step:  17 bond rmsd: 0.001844
  step:  18 bond rmsd: 0.001792
  step:  19 bond rmsd: 0.001764
  step:  20 bond rmsd: 0.001750
  step:  21 bond rmsd: 0.001744
  step:  22 bond rmsd: 0.001743
  step:  23 bond rmsd: 0.001744
  step:  24 bond rmsd: 0.001748
  step:  25 bond rmsd: 0.001752
  step:  26 bond rmsd: 0.001756
  step:  27 bond rmsd: 0.001760
  step:  28 bond rmsd: 0.001762
  step:  29 bond rmsd: 0.001763
  step:  30 bond rmsd: 0.001758
  step:  31 bond rmsd: 0.001741
  step:  32 bond rmsd: 0.001699
  step:  33 bond rmsd: 0.001566
  step:  34 bond rmsd: 0.001538
  step:  35 bond rmsd: 0.001524
  step:  36 bond rmsd: 0.001528
  step:  37 bond rmsd: 0.001521
  step:  38 bond rmsd: 0.001520
  step:  39 bond rmsd: 0.001523
  step:  40 bond rmsd: 0.001526
  step:  41 bond rmsd: 0.001533
  step:  42 bond rmsd: 0.001538
  step:  43 bond rmsd: 0.001544
  step:  44 bond rmsd: 0.001549
  step:  45 bond rmsd: 0.001556
  step:  46 bond rmsd: 0.001563
  step:  47 bond rmsd: 0.001571
  step:  48 bond rmsd: 0.001584
  step:  49 bond rmsd: 0.001593
  step:  50 bond rmsd: 0.001607
  step:  51 bond rmsd: 0.001623
  step:  52 bond rmsd: 0.001662
  step:  53 bond rmsd: 0.001662
micro_cycle   6 rmsd(b):  0.0017 rws:  1.000 n_fev: 314
  step:   1 bond rmsd: 0.001662
  step:   2 bond rmsd: 0.064392
  step:   3 bond rmsd: 0.024307
  step:   4 bond rmsd: 0.019509
  step:   5 bond rmsd: 0.015694
  step:   6 bond rmsd: 0.012626
  step:   7 bond rmsd: 0.010168
  step:   8 bond rmsd: 0.008205
  step:   9 bond rmsd: 0.006643
  step:  10 bond rmsd: 0.005407
  step:  11 bond rmsd: 0.004436
  step:  12 bond rmsd: 0.003681
  step:  13 bond rmsd: 0.003102
  step:  14 bond rmsd: 0.002666
  step:  15 bond rmsd: 0.002344
  step:  16 bond rmsd: 0.002113
  step:  17 bond rmsd: 0.001952
  step:  18 bond rmsd: 0.001841
  step:  19 bond rmsd: 0.001766
  step:  20 bond rmsd: 0.001717
  step:  21 bond rmsd: 0.001685
  step:  22 bond rmsd: 0.001664
  step:  23 bond rmsd: 0.001650
  step:  24 bond rmsd: 0.001642
  step:  25 bond rmsd: 0.001636
  step:  26 bond rmsd: 0.001632
  step:  27 bond rmsd: 0.001630
  step:  28 bond rmsd: 0.001628
  step:  29 bond rmsd: 0.001627
  step:  30 bond rmsd: 0.001626
  step:  31 bond rmsd: 0.001625
  step:  32 bond rmsd: 0.001624
  step:  33 bond rmsd: 0.001623
  step:  34 bond rmsd: 0.001622
  step:  35 bond rmsd: 0.001620
  step:  36 bond rmsd: 0.001617
  step:  37 bond rmsd: 0.001612
  step:  38 bond rmsd: 0.001603
  step:  39 bond rmsd: 0.001587
  step:  40 bond rmsd: 0.001576
  step:  41 bond rmsd: 0.001565
  step:  42 bond rmsd: 0.001554
  step:  43 bond rmsd: 0.001548
  step:  44 bond rmsd: 0.001543
  step:  45 bond rmsd: 0.001542
  step:  46 bond rmsd: 0.001540
  step:  47 bond rmsd: 0.001542
  step:  48 bond rmsd: 0.001544
  step:  49 bond rmsd: 0.001546
  step:  50 bond rmsd: 0.001558
  step:  51 bond rmsd: 0.001564
  step:  52 bond rmsd: 0.001621
micro_cycle   7 rmsd(b):  0.0016 rws:  1.000 n_fev: 366
  step:   1 bond rmsd: 0.001621
  step:   2 bond rmsd: 0.051471
  step:   3 bond rmsd: 0.051471
  step:   4 bond rmsd: 0.041293
  step:   5 bond rmsd: 0.033101
  step:   6 bond rmsd: 0.026550
  step:   7 bond rmsd: 0.021308
  step:   8 bond rmsd: 0.017109
  step:   9 bond rmsd: 0.013743
  step:  10 bond rmsd: 0.011047
  step:  11 bond rmsd: 0.008891
  step:  12 bond rmsd: 0.007170
  step:  13 bond rmsd: 0.005803
  step:  14 bond rmsd: 0.004722
  step:  15 bond rmsd: 0.003875
  step:  16 bond rmsd: 0.003219
  step:  17 bond rmsd: 0.002719
  step:  18 bond rmsd: 0.002346
  step:  19 bond rmsd: 0.002075
  step:  20 bond rmsd: 0.001883
  step:  21 bond rmsd: 0.001751
  step:  22 bond rmsd: 0.001664
  step:  23 bond rmsd: 0.001607
  step:  24 bond rmsd: 0.001571
  step:  25 bond rmsd: 0.001549
  step:  26 bond rmsd: 0.001535
  step:  27 bond rmsd: 0.001528
  step:  28 bond rmsd: 0.001524
  step:  29 bond rmsd: 0.001522
  step:  30 bond rmsd: 0.001522
  step:  31 bond rmsd: 0.001522
  step:  32 bond rmsd: 0.001524
  step:  33 bond rmsd: 0.001526
  step:  34 bond rmsd: 0.001528
  step:  35 bond rmsd: 0.001532
  step:  36 bond rmsd: 0.001537
  step:  37 bond rmsd: 0.001543
  step:  38 bond rmsd: 0.001548
  step:  39 bond rmsd: 0.001547
  step:  40 bond rmsd: 0.001560
  step:  41 bond rmsd: 0.001571
  step:  42 bond rmsd: 0.001580
  step:  43 bond rmsd: 0.001588
  step:  44 bond rmsd: 0.001594
  step:  45 bond rmsd: 0.001603
  step:  46 bond rmsd: 0.001606
  step:  47 bond rmsd: 0.001614
  step:  48 bond rmsd: 0.001618
  step:  49 bond rmsd: 0.001625
  step:  50 bond rmsd: 0.001631
  step:  51 bond rmsd: 0.001641
  step:  52 bond rmsd: 0.001647
micro_cycle   8 rmsd(b):  0.0016 rws:  1.000 n_fev: 418
  step:   1 bond rmsd: 0.001647
  step:   2 bond rmsd: 0.053001
  step:   3 bond rmsd: 0.002814
  step:   4 bond rmsd: 0.002448
  step:   5 bond rmsd: 0.002184
  step:   6 bond rmsd: 0.001998
  step:   7 bond rmsd: 0.001871
  step:   8 bond rmsd: 0.001786
  step:   9 bond rmsd: 0.001730
  step:  10 bond rmsd: 0.001694
  step:  11 bond rmsd: 0.001671
  step:  12 bond rmsd: 0.001657
  step:  13 bond rmsd: 0.001648
  step:  14 bond rmsd: 0.001642
  step:  15 bond rmsd: 0.001639
  step:  16 bond rmsd: 0.001636
  step:  17 bond rmsd: 0.001635
  step:  18 bond rmsd: 0.001634
  step:  19 bond rmsd: 0.001633
  step:  20 bond rmsd: 0.001632
  step:  21 bond rmsd: 0.001632
  step:  22 bond rmsd: 0.001631
  step:  23 bond rmsd: 0.001630
  step:  24 bond rmsd: 0.001628
  step:  25 bond rmsd: 0.001626
  step:  26 bond rmsd: 0.001621
  step:  27 bond rmsd: 0.001613
  step:  28 bond rmsd: 0.001600
  step:  29 bond rmsd: 0.001579
  step:  30 bond rmsd: 0.001576
  step:  31 bond rmsd: 0.001561
  step:  32 bond rmsd: 0.001549
  step:  33 bond rmsd: 0.001539
  step:  34 bond rmsd: 0.001529
  step:  35 bond rmsd: 0.001521
  step:  36 bond rmsd: 0.001520
  step:  37 bond rmsd: 0.001518
  step:  38 bond rmsd: 0.001526
  step:  39 bond rmsd: 0.001531
  step:  40 bond rmsd: 0.001551
  step:  41 bond rmsd: 0.001567
  step:  42 bond rmsd: 0.001603
  step:  43 bond rmsd: 0.001623
  step:  44 bond rmsd: 0.001655
  step:  45 bond rmsd: 0.001705
  step:  46 bond rmsd: 0.001748
  step:  47 bond rmsd: 0.001815
  step:  48 bond rmsd: 0.001866
  step:  49 bond rmsd: 0.001940
  step:  50 bond rmsd: 0.002142
  step:  51 bond rmsd: 0.002142
  step:  52 bond rmsd: 0.002163
  step:  53 bond rmsd: 0.002172
micro_cycle   9 rmsd(b):  0.0022 rws:  1.000 n_fev: 471
  step:   1 bond rmsd: 0.002172
  step:   2 bond rmsd: 0.041840
  step:   3 bond rmsd: 0.041840
  step:   4 bond rmsd: 0.033297
  step:   5 bond rmsd: 0.026418
  step:   6 bond rmsd: 0.021030
  step:   7 bond rmsd: 0.016792
  step:   8 bond rmsd: 0.013446
  step:   9 bond rmsd: 0.010801
  step:  10 bond rmsd: 0.008712
  step:  11 bond rmsd: 0.007066
  step:  12 bond rmsd: 0.005775
  step:  13 bond rmsd: 0.004771
  step:  14 bond rmsd: 0.003998
  step:  15 bond rmsd: 0.003412
  step:  16 bond rmsd: 0.002975
  step:  17 bond rmsd: 0.002657
  step:  18 bond rmsd: 0.002430
  step:  19 bond rmsd: 0.002270
  step:  20 bond rmsd: 0.002160
  step:  21 bond rmsd: 0.002084
  step:  22 bond rmsd: 0.002032
  step:  23 bond rmsd: 0.001996
  step:  24 bond rmsd: 0.001971
  step:  25 bond rmsd: 0.001952
  step:  26 bond rmsd: 0.001938
  step:  27 bond rmsd: 0.001926
  step:  28 bond rmsd: 0.001916
  step:  29 bond rmsd: 0.001905
  step:  30 bond rmsd: 0.001894
  step:  31 bond rmsd: 0.001879
  step:  32 bond rmsd: 0.001858
  step:  33 bond rmsd: 0.001827
  step:  34 bond rmsd: 0.001780
  step:  35 bond rmsd: 0.001708
  step:  36 bond rmsd: 0.001649
  step:  37 bond rmsd: 0.001639
  step:  38 bond rmsd: 0.001613
  step:  39 bond rmsd: 0.001593
  step:  40 bond rmsd: 0.001574
  step:  41 bond rmsd: 0.001569
  step:  42 bond rmsd: 0.001563
  step:  43 bond rmsd: 0.001560
  step:  44 bond rmsd: 0.001562
  step:  45 bond rmsd: 0.001559
  step:  46 bond rmsd: 0.001562
  step:  47 bond rmsd: 0.001565
  step:  48 bond rmsd: 0.001570
  step:  49 bond rmsd: 0.001579
  step:  50 bond rmsd: 0.001588
  step:  51 bond rmsd: 0.001599
  step:  52 bond rmsd: 0.001612
micro_cycle  10 rmsd(b):  0.0016 rws:  1.000 n_fev: 523
  step:   1 bond rmsd: 0.001612
  step:   2 bond rmsd: 0.069714
  step:   3 bond rmsd: 0.001703
  step:   4 bond rmsd: 0.001672
  step:   5 bond rmsd: 0.001652
  step:   6 bond rmsd: 0.001639
  step:   7 bond rmsd: 0.001630
  step:   8 bond rmsd: 0.001624
  step:   9 bond rmsd: 0.001621
  step:  10 bond rmsd: 0.001618
  step:  11 bond rmsd: 0.001616
  step:  12 bond rmsd: 0.001615
  step:  13 bond rmsd: 0.001614
  step:  14 bond rmsd: 0.001614
  step:  15 bond rmsd: 0.001614
  step:  16 bond rmsd: 0.001613
  step:  17 bond rmsd: 0.001613
  step:  18 bond rmsd: 0.001613
  step:  19 bond rmsd: 0.001614
  step:  20 bond rmsd: 0.001614
  step:  21 bond rmsd: 0.001615
  step:  22 bond rmsd: 0.001616
  step:  23 bond rmsd: 0.001618
  step:  24 bond rmsd: 0.001622
  step:  25 bond rmsd: 0.001628
  step:  26 bond rmsd: 0.001640
  step:  27 bond rmsd: 0.001648
  step:  28 bond rmsd: 0.001659
  step:  29 bond rmsd: 0.001663
  step:  30 bond rmsd: 0.001671
  step:  31 bond rmsd: 0.001677
  step:  32 bond rmsd: 0.001685
  step:  33 bond rmsd: 0.001689
  step:  34 bond rmsd: 0.001697
  step:  35 bond rmsd: 0.001701
  step:  36 bond rmsd: 0.001705
  step:  37 bond rmsd: 0.001708
  step:  38 bond rmsd: 0.001713
  step:  39 bond rmsd: 0.001718
  step:  40 bond rmsd: 0.001725
  step:  41 bond rmsd: 0.001734
  step:  42 bond rmsd: 0.001740
  step:  43 bond rmsd: 0.001746
  step:  44 bond rmsd: 0.001736
  step:  45 bond rmsd: 0.001729
  step:  46 bond rmsd: 0.001696
  step:  47 bond rmsd: 0.001668
  step:  48 bond rmsd: 0.001617
  step:  49 bond rmsd: 0.001569
  step:  50 bond rmsd: 0.001522
  step:  51 bond rmsd: 0.001502
  step:  52 bond rmsd: 0.001480
micro_cycle  11 rmsd(b):  0.0015 rws:  1.000 n_fev: 575
  step:   1 bond rmsd: 0.001480
  step:   2 bond rmsd: 0.050597
  step:   3 bond rmsd: 0.012100
  step:   4 bond rmsd: 0.009709
  step:   5 bond rmsd: 0.007813
  step:   6 bond rmsd: 0.006300
  step:   7 bond rmsd: 0.005099
  step:   8 bond rmsd: 0.004152
  step:   9 bond rmsd: 0.003413
  step:  10 bond rmsd: 0.002844
  step:  11 bond rmsd: 0.002414
  step:  12 bond rmsd: 0.002097
  step:  13 bond rmsd: 0.001870
  step:  14 bond rmsd: 0.001712
  step:  15 bond rmsd: 0.001606
  step:  16 bond rmsd: 0.001537
  step:  17 bond rmsd: 0.001494
  step:  18 bond rmsd: 0.001468
  step:  19 bond rmsd: 0.001452
  step:  20 bond rmsd: 0.001444
  step:  21 bond rmsd: 0.001440
  step:  22 bond rmsd: 0.001439
  step:  23 bond rmsd: 0.001439
  step:  24 bond rmsd: 0.001441
  step:  25 bond rmsd: 0.001443
  step:  26 bond rmsd: 0.001446
  step:  27 bond rmsd: 0.001449
  step:  28 bond rmsd: 0.001453
  step:  29 bond rmsd: 0.001459
  step:  30 bond rmsd: 0.001467
  step:  31 bond rmsd: 0.001477
  step:  32 bond rmsd: 0.001493
  step:  33 bond rmsd: 0.001514
  step:  34 bond rmsd: 0.001542
  step:  35 bond rmsd: 0.001576
  step:  36 bond rmsd: 0.001603
  step:  37 bond rmsd: 0.001638
  step:  38 bond rmsd: 0.001670
  step:  39 bond rmsd: 0.001694
  step:  40 bond rmsd: 0.001714
  step:  41 bond rmsd: 0.001735
  step:  42 bond rmsd: 0.001749
  step:  43 bond rmsd: 0.001760
  step:  44 bond rmsd: 0.001770
  step:  45 bond rmsd: 0.001774
  step:  46 bond rmsd: 0.001782
  step:  47 bond rmsd: 0.001777
  step:  48 bond rmsd: 0.001767
  step:  49 bond rmsd: 0.001745
  step:  50 bond rmsd: 0.001726
  step:  51 bond rmsd: 0.001680
  step:  52 bond rmsd: 0.001661
micro_cycle  12 rmsd(b):  0.0017 rws:  1.000 n_fev: 627
  step:   1 bond rmsd: 0.001661
  step:   2 bond rmsd: 0.079110
  step:   3 bond rmsd: 0.003767
  step:   4 bond rmsd: 0.003177
  step:   5 bond rmsd: 0.002732
  step:   6 bond rmsd: 0.002404
  step:   7 bond rmsd: 0.002168
  step:   8 bond rmsd: 0.002001
  step:   9 bond rmsd: 0.001885
  step:  10 bond rmsd: 0.001807
  step:  11 bond rmsd: 0.001754
  step:  12 bond rmsd: 0.001719
  step:  13 bond rmsd: 0.001695
  step:  14 bond rmsd: 0.001680
  step:  15 bond rmsd: 0.001669
  step:  16 bond rmsd: 0.001662
  step:  17 bond rmsd: 0.001657
  step:  18 bond rmsd: 0.001653
  step:  19 bond rmsd: 0.001650
  step:  20 bond rmsd: 0.001648
  step:  21 bond rmsd: 0.001646
  step:  22 bond rmsd: 0.001645
  step:  23 bond rmsd: 0.001643
  step:  24 bond rmsd: 0.001642
  step:  25 bond rmsd: 0.001640
  step:  26 bond rmsd: 0.001637
  step:  27 bond rmsd: 0.001634
  step:  28 bond rmsd: 0.001629
  step:  29 bond rmsd: 0.001622
  step:  30 bond rmsd: 0.001611
  step:  31 bond rmsd: 0.001596
  step:  32 bond rmsd: 0.001584
  step:  33 bond rmsd: 0.001576
  step:  34 bond rmsd: 0.001558
  step:  35 bond rmsd: 0.001553
  step:  36 bond rmsd: 0.001550
  step:  37 bond rmsd: 0.001549
  step:  38 bond rmsd: 0.001547
  step:  39 bond rmsd: 0.001547
  step:  40 bond rmsd: 0.001548
  step:  41 bond rmsd: 0.001547
  step:  42 bond rmsd: 0.001553
  step:  43 bond rmsd: 0.001555
  step:  44 bond rmsd: 0.001563
  step:  45 bond rmsd: 0.001568
  step:  46 bond rmsd: 0.001582
  step:  47 bond rmsd: 0.001594
  step:  48 bond rmsd: 0.001616
  step:  49 bond rmsd: 0.001642
  step:  50 bond rmsd: 0.001668
  step:  51 bond rmsd: 0.001707
  step:  52 bond rmsd: 0.001739
micro_cycle  13 rmsd(b):  0.0017 rws:  1.000 n_fev: 679
  step:   1 bond rmsd: 0.001739
  step:   2 bond rmsd: 0.060454
  step:   3 bond rmsd: 0.002417
  step:   4 bond rmsd: 0.002193
  step:   5 bond rmsd: 0.002036
  step:   6 bond rmsd: 0.001928
  step:   7 bond rmsd: 0.001854
  step:   8 bond rmsd: 0.001804
  step:   9 bond rmsd: 0.001770
  step:  10 bond rmsd: 0.001747
  step:  11 bond rmsd: 0.001731
  step:  12 bond rmsd: 0.001719
  step:  13 bond rmsd: 0.001711
  step:  14 bond rmsd: 0.001704
  step:  15 bond rmsd: 0.001699
  step:  16 bond rmsd: 0.001695
  step:  17 bond rmsd: 0.001692
  step:  18 bond rmsd: 0.001689
  step:  19 bond rmsd: 0.001686
  step:  20 bond rmsd: 0.001683
  step:  21 bond rmsd: 0.001679
  step:  22 bond rmsd: 0.001674
  step:  23 bond rmsd: 0.001668
  step:  24 bond rmsd: 0.001660
  step:  25 bond rmsd: 0.001649
  step:  26 bond rmsd: 0.001635
  step:  27 bond rmsd: 0.001623
  step:  28 bond rmsd: 0.001609
  step:  29 bond rmsd: 0.001601
  step:  30 bond rmsd: 0.001595
  step:  31 bond rmsd: 0.001593
  step:  32 bond rmsd: 0.001591
  step:  33 bond rmsd: 0.001589
  step:  34 bond rmsd: 0.001586
  step:  35 bond rmsd: 0.001584
  step:  36 bond rmsd: 0.001586
  step:  37 bond rmsd: 0.001585
  step:  38 bond rmsd: 0.001585
  step:  39 bond rmsd: 0.001582
  step:  40 bond rmsd: 0.001583
  step:  41 bond rmsd: 0.001583
  step:  42 bond rmsd: 0.001585
  step:  43 bond rmsd: 0.001587
  step:  44 bond rmsd: 0.001590
  step:  45 bond rmsd: 0.001594
  step:  46 bond rmsd: 0.001598
  step:  47 bond rmsd: 0.001602
  step:  48 bond rmsd: 0.001608
  step:  49 bond rmsd: 0.001616
  step:  50 bond rmsd: 0.001624
  step:  51 bond rmsd: 0.001631
  step:  52 bond rmsd: 0.001652
micro_cycle  14 rmsd(b):  0.0017 rws:  1.000 n_fev: 731
  step:   1 bond rmsd: 0.001652
  step:   2 bond rmsd: 0.039531
  step:   3 bond rmsd: 0.001748
  step:   4 bond rmsd: 0.001695
  step:   5 bond rmsd: 0.001662
  step:   6 bond rmsd: 0.001643
  step:   7 bond rmsd: 0.001632
  step:   8 bond rmsd: 0.001626
  step:   9 bond rmsd: 0.001623
  step:  10 bond rmsd: 0.001621
  step:  11 bond rmsd: 0.001620
  step:  12 bond rmsd: 0.001620
  step:  13 bond rmsd: 0.001620
  step:  14 bond rmsd: 0.001621
  step:  15 bond rmsd: 0.001621
  step:  16 bond rmsd: 0.001621
  step:  17 bond rmsd: 0.001621
  step:  18 bond rmsd: 0.001622
  step:  19 bond rmsd: 0.001622
  step:  20 bond rmsd: 0.001621
  step:  21 bond rmsd: 0.001621
  step:  22 bond rmsd: 0.001620
  step:  23 bond rmsd: 0.001619
  step:  24 bond rmsd: 0.001616
  step:  25 bond rmsd: 0.001612
  step:  26 bond rmsd: 0.001603
  step:  27 bond rmsd: 0.001599
  step:  28 bond rmsd: 0.001594
  step:  29 bond rmsd: 0.001585
  step:  30 bond rmsd: 0.001580
  step:  31 bond rmsd: 0.001571
  step:  32 bond rmsd: 0.001567
  step:  33 bond rmsd: 0.001566
  step:  34 bond rmsd: 0.001559
  step:  35 bond rmsd: 0.001559
  step:  36 bond rmsd: 0.001565
  step:  37 bond rmsd: 0.001566
  step:  38 bond rmsd: 0.001568
  step:  39 bond rmsd: 0.001572
  step:  40 bond rmsd: 0.001579
  step:  41 bond rmsd: 0.001586
  step:  42 bond rmsd: 0.001596
  step:  43 bond rmsd: 0.001608
  step:  44 bond rmsd: 0.001629
  step:  45 bond rmsd: 0.001645
  step:  46 bond rmsd: 0.001675
  step:  47 bond rmsd: 0.001704
  step:  48 bond rmsd: 0.001744
  step:  49 bond rmsd: 0.001782
  step:  50 bond rmsd: 0.001835
  step:  51 bond rmsd: 0.001891
  step:  52 bond rmsd: 0.001936
micro_cycle  15 rmsd(b):  0.0019 rws:  1.000 n_fev: 783
  step:   1 bond rmsd: 0.001936
  step:   2 bond rmsd: 0.031539
  step:   3 bond rmsd: 0.006622
  step:   4 bond rmsd: 0.005418
  step:   5 bond rmsd: 0.004479
  step:   6 bond rmsd: 0.003754
  step:   7 bond rmsd: 0.003202
  step:   8 bond rmsd: 0.002789
  step:   9 bond rmsd: 0.002486
  step:  10 bond rmsd: 0.002267
  step:  11 bond rmsd: 0.002112
  step:  12 bond rmsd: 0.002004
  step:  13 bond rmsd: 0.001928
  step:  14 bond rmsd: 0.001875
  step:  15 bond rmsd: 0.001838
  step:  16 bond rmsd: 0.001811
  step:  17 bond rmsd: 0.001792
  step:  18 bond rmsd: 0.001778
  step:  19 bond rmsd: 0.001767
  step:  20 bond rmsd: 0.001758
  step:  21 bond rmsd: 0.001751
  step:  22 bond rmsd: 0.001746
  step:  23 bond rmsd: 0.001741
  step:  24 bond rmsd: 0.001737
  step:  25 bond rmsd: 0.001733
  step:  26 bond rmsd: 0.001729
  step:  27 bond rmsd: 0.001725
  step:  28 bond rmsd: 0.001720
  step:  29 bond rmsd: 0.001714
  step:  30 bond rmsd: 0.001706
  step:  31 bond rmsd: 0.001694
  step:  32 bond rmsd: 0.001663
  step:  33 bond rmsd: 0.001641
  step:  34 bond rmsd: 0.001636
  step:  35 bond rmsd: 0.001626
  step:  36 bond rmsd: 0.001616
  step:  37 bond rmsd: 0.001606
  step:  38 bond rmsd: 0.001602
  step:  39 bond rmsd: 0.001595
  step:  40 bond rmsd: 0.001592
  step:  41 bond rmsd: 0.001587
  step:  42 bond rmsd: 0.001583
  step:  43 bond rmsd: 0.001583
  step:  44 bond rmsd: 0.001580
  step:  45 bond rmsd: 0.001578
  step:  46 bond rmsd: 0.001578
  step:  47 bond rmsd: 0.001577
  step:  48 bond rmsd: 0.001579
  step:  49 bond rmsd: 0.001580
  step:  50 bond rmsd: 0.001585
  step:  51 bond rmsd: 0.001588
  step:  52 bond rmsd: 0.001593
micro_cycle  16 rmsd(b):  0.0016 rws:  1.000 n_fev: 835
  step:   1 bond rmsd: 0.001593
  step:   2 bond rmsd: 0.053184
  step:   3 bond rmsd: 0.001595
  step:   4 bond rmsd: 0.001594
  step:   5 bond rmsd: 0.001594
  step:   6 bond rmsd: 0.001593
  step:   7 bond rmsd: 0.001593
  step:   8 bond rmsd: 0.001593
  step:   9 bond rmsd: 0.001593
  step:  10 bond rmsd: 0.001593
  step:  11 bond rmsd: 0.001593
  step:  12 bond rmsd: 0.001593
  step:  13 bond rmsd: 0.001593
  step:  14 bond rmsd: 0.001593
  step:  15 bond rmsd: 0.001593
  step:  16 bond rmsd: 0.001594
  step:  17 bond rmsd: 0.001595
  step:  18 bond rmsd: 0.001596
  step:  19 bond rmsd: 0.001599
  step:  20 bond rmsd: 0.001602
  step:  21 bond rmsd: 0.001604
  step:  22 bond rmsd: 0.001607
  step:  23 bond rmsd: 0.001611
  step:  24 bond rmsd: 0.001611
  step:  25 bond rmsd: 0.001614
  step:  26 bond rmsd: 0.001617
  step:  27 bond rmsd: 0.001619
  step:  28 bond rmsd: 0.001617
  step:  29 bond rmsd: 0.001618
  step:  30 bond rmsd: 0.001623
  step:  31 bond rmsd: 0.001623
  step:  32 bond rmsd: 0.001624
  step:  33 bond rmsd: 0.001626
  step:  34 bond rmsd: 0.001626
  step:  35 bond rmsd: 0.001629
  step:  36 bond rmsd: 0.001629
  step:  37 bond rmsd: 0.001632
  step:  38 bond rmsd: 0.001627
  step:  39 bond rmsd: 0.001631
  step:  40 bond rmsd: 0.001636
  step:  41 bond rmsd: 0.001640
  step:  42 bond rmsd: 0.001651
  step:  43 bond rmsd: 0.001658
  step:  44 bond rmsd: 0.001663
  step:  45 bond rmsd: 0.001669
  step:  46 bond rmsd: 0.001673
  step:  47 bond rmsd: 0.001671
  step:  48 bond rmsd: 0.001667
  step:  49 bond rmsd: 0.001657
  step:  50 bond rmsd: 0.001635
  step:  51 bond rmsd: 0.001605
  step:  52 bond rmsd: 0.001592
micro_cycle  17 rmsd(b):  0.0016 rws:  1.000 n_fev: 887
  step:   1 bond rmsd: 0.001592
  step:   2 bond rmsd: 0.061205
  step:   3 bond rmsd: 0.003540
  step:   4 bond rmsd: 0.002955
  step:   5 bond rmsd: 0.002517
  step:   6 bond rmsd: 0.002198
  step:   7 bond rmsd: 0.001972
  step:   8 bond rmsd: 0.001818
  step:   9 bond rmsd: 0.001716
  step:  10 bond rmsd: 0.001651
  step:  11 bond rmsd: 0.001610
  step:  12 bond rmsd: 0.001586
  step:  13 bond rmsd: 0.001572
  step:  14 bond rmsd: 0.001564
  step:  15 bond rmsd: 0.001561
  step:  16 bond rmsd: 0.001559
  step:  17 bond rmsd: 0.001559
  step:  18 bond rmsd: 0.001560
  step:  19 bond rmsd: 0.001561
  step:  20 bond rmsd: 0.001563
  step:  21 bond rmsd: 0.001564
  step:  22 bond rmsd: 0.001566
  step:  23 bond rmsd: 0.001568
  step:  24 bond rmsd: 0.001570
  step:  25 bond rmsd: 0.001573
  step:  26 bond rmsd: 0.001576
  step:  27 bond rmsd: 0.001580
  step:  28 bond rmsd: 0.001585
  step:  29 bond rmsd: 0.001583
  step:  30 bond rmsd: 0.001588
  step:  31 bond rmsd: 0.001596
  step:  32 bond rmsd: 0.001604
  step:  33 bond rmsd: 0.001612
  step:  34 bond rmsd: 0.001617
  step:  35 bond rmsd: 0.001625
  step:  36 bond rmsd: 0.001627
  step:  37 bond rmsd: 0.001632
  step:  38 bond rmsd: 0.001633
  step:  39 bond rmsd: 0.001633
  step:  40 bond rmsd: 0.001633
  step:  41 bond rmsd: 0.001631
  step:  42 bond rmsd: 0.001628
  step:  43 bond rmsd: 0.001623
  step:  44 bond rmsd: 0.001619
  step:  45 bond rmsd: 0.001608
  step:  46 bond rmsd: 0.001602
  step:  47 bond rmsd: 0.001591
  step:  48 bond rmsd: 0.001583
  step:  49 bond rmsd: 0.001572
  step:  50 bond rmsd: 0.001559
  step:  51 bond rmsd: 0.001546
  step:  52 bond rmsd: 0.001530
micro_cycle  18 rmsd(b):  0.0015 rws:  1.000 n_fev: 939
  step:   1 bond rmsd: 0.001530
  step:   2 bond rmsd: 0.063263
  step:   3 bond rmsd: 0.001575
  step:   4 bond rmsd: 0.001560
  step:   5 bond rmsd: 0.001550
  step:   6 bond rmsd: 0.001543
  step:   7 bond rmsd: 0.001539
  step:   8 bond rmsd: 0.001536
  step:   9 bond rmsd: 0.001534
  step:  10 bond rmsd: 0.001533
  step:  11 bond rmsd: 0.001533
  step:  12 bond rmsd: 0.001532
  step:  13 bond rmsd: 0.001532
  step:  14 bond rmsd: 0.001532
  step:  15 bond rmsd: 0.001532
  step:  16 bond rmsd: 0.001533
  step:  17 bond rmsd: 0.001533
  step:  18 bond rmsd: 0.001534
  step:  19 bond rmsd: 0.001534
  step:  20 bond rmsd: 0.001536
  step:  21 bond rmsd: 0.001538
  step:  22 bond rmsd: 0.001542
  step:  23 bond rmsd: 0.001547
  step:  24 bond rmsd: 0.001552
  step:  25 bond rmsd: 0.001560
  step:  26 bond rmsd: 0.001566
  step:  27 bond rmsd: 0.001574
  step:  28 bond rmsd: 0.001579
  step:  29 bond rmsd: 0.001585
  step:  30 bond rmsd: 0.001589
  step:  31 bond rmsd: 0.001593
  step:  32 bond rmsd: 0.001596
  step:  33 bond rmsd: 0.001599
  step:  34 bond rmsd: 0.001603
  step:  35 bond rmsd: 0.001606
  step:  36 bond rmsd: 0.001609
  step:  37 bond rmsd: 0.001611
  step:  38 bond rmsd: 0.001613
  step:  39 bond rmsd: 0.001613
  step:  40 bond rmsd: 0.001616
  step:  41 bond rmsd: 0.001616
  step:  42 bond rmsd: 0.001617
  step:  43 bond rmsd: 0.001617
  step:  44 bond rmsd: 0.001615
  step:  45 bond rmsd: 0.001614
  step:  46 bond rmsd: 0.001612
  step:  47 bond rmsd: 0.001613
  step:  48 bond rmsd: 0.001610
  step:  49 bond rmsd: 0.001602
  step:  50 bond rmsd: 0.001596
  step:  51 bond rmsd: 0.001594
  step:  52 bond rmsd: 0.001580
micro_cycle  19 rmsd(b):  0.0016 rws:  1.000 n_fev: 991
  step:   1 bond rmsd: 0.001580
  step:   2 bond rmsd: 0.048614
  step:   3 bond rmsd: 0.001863
  step:   4 bond rmsd: 0.001780
  step:   5 bond rmsd: 0.001722
  step:   6 bond rmsd: 0.001682
  step:   7 bond rmsd: 0.001653
  step:   8 bond rmsd: 0.001633
  step:   9 bond rmsd: 0.001618
  step:  10 bond rmsd: 0.001608
  step:  11 bond rmsd: 0.001600
  step:  12 bond rmsd: 0.001594
  step:  13 bond rmsd: 0.001589
  step:  14 bond rmsd: 0.001586
  step:  15 bond rmsd: 0.001583
  step:  16 bond rmsd: 0.001581
  step:  17 bond rmsd: 0.001579
  step:  18 bond rmsd: 0.001578
  step:  19 bond rmsd: 0.001576
  step:  20 bond rmsd: 0.001575
  step:  21 bond rmsd: 0.001574
  step:  22 bond rmsd: 0.001574
  step:  23 bond rmsd: 0.001573
  step:  24 bond rmsd: 0.001574
  step:  25 bond rmsd: 0.001580
  step:  26 bond rmsd: 0.001582
  step:  27 bond rmsd: 0.001584
  step:  28 bond rmsd: 0.001591
  step:  29 bond rmsd: 0.001594
  step:  30 bond rmsd: 0.001597
  step:  31 bond rmsd: 0.001602
  step:  32 bond rmsd: 0.001604
  step:  33 bond rmsd: 0.001607
  step:  34 bond rmsd: 0.001611
  step:  35 bond rmsd: 0.001614
  step:  36 bond rmsd: 0.001615
  step:  37 bond rmsd: 0.001618
  step:  38 bond rmsd: 0.001620
  step:  39 bond rmsd: 0.001620
  step:  40 bond rmsd: 0.001619
  step:  41 bond rmsd: 0.001622
  step:  42 bond rmsd: 0.001619
  step:  43 bond rmsd: 0.001615
  step:  44 bond rmsd: 0.001610
  step:  45 bond rmsd: 0.001604
  step:  46 bond rmsd: 0.001597
  step:  47 bond rmsd: 0.001590
  step:  48 bond rmsd: 0.001583
  step:  49 bond rmsd: 0.001574
  step:  50 bond rmsd: 0.001567
  step:  51 bond rmsd: 0.001556
  step:  52 bond rmsd: 0.001546
micro_cycle  20 rmsd(b):  0.0015 rws:  1.000 n_fev: 1043
  step:   1 bond rmsd: 0.001546
  step:   2 bond rmsd: 0.077333
  step:   3 bond rmsd: 0.001586
  step:   4 bond rmsd: 0.001576
  step:   5 bond rmsd: 0.001568
  step:   6 bond rmsd: 0.001563
  step:   7 bond rmsd: 0.001559
  step:   8 bond rmsd: 0.001556
  step:   9 bond rmsd: 0.001554
  step:  10 bond rmsd: 0.001552
  step:  11 bond rmsd: 0.001551
  step:  12 bond rmsd: 0.001550
  step:  13 bond rmsd: 0.001549
  step:  14 bond rmsd: 0.001548
  step:  15 bond rmsd: 0.001547
  step:  16 bond rmsd: 0.001547
  step:  17 bond rmsd: 0.001546
  step:  18 bond rmsd: 0.001546
  step:  19 bond rmsd: 0.001545
  step:  20 bond rmsd: 0.001544
  step:  21 bond rmsd: 0.001544
  step:  22 bond rmsd: 0.001545
  step:  23 bond rmsd: 0.001549
  step:  24 bond rmsd: 0.001552
  step:  25 bond rmsd: 0.001557
  step:  26 bond rmsd: 0.001561
  step:  27 bond rmsd: 0.001565
  step:  28 bond rmsd: 0.001567
  step:  29 bond rmsd: 0.001571
  step:  30 bond rmsd: 0.001573
  step:  31 bond rmsd: 0.001576
  step:  32 bond rmsd: 0.001579
  step:  33 bond rmsd: 0.001582
  step:  34 bond rmsd: 0.001585
  step:  35 bond rmsd: 0.001585
  step:  36 bond rmsd: 0.001588
  step:  37 bond rmsd: 0.001595
  step:  38 bond rmsd: 0.001600
  step:  39 bond rmsd: 0.001603
  step:  40 bond rmsd: 0.001615
  step:  41 bond rmsd: 0.001617
  step:  42 bond rmsd: 0.001620
  step:  43 bond rmsd: 0.001626
  step:  44 bond rmsd: 0.001630
  step:  45 bond rmsd: 0.001632
  step:  46 bond rmsd: 0.001635
  step:  47 bond rmsd: 0.001643
  step:  48 bond rmsd: 0.001634
  step:  49 bond rmsd: 0.001638
  step:  50 bond rmsd: 0.001643
  step:  51 bond rmsd: 0.001645
  step:  52 bond rmsd: 0.001647
micro_cycle  21 rmsd(b):  0.0016 rws:  1.000 n_fev: 1095
  step:   1 bond rmsd: 0.001647
  step:   2 bond rmsd: 0.069404
  step:   3 bond rmsd: 0.002085
  step:   4 bond rmsd: 0.001961
  step:   5 bond rmsd: 0.001872
  step:   6 bond rmsd: 0.001809
  step:   7 bond rmsd: 0.001765
  step:   8 bond rmsd: 0.001733
  step:   9 bond rmsd: 0.001709
  step:  10 bond rmsd: 0.001692
  step:  11 bond rmsd: 0.001679
  step:  12 bond rmsd: 0.001669
  step:  13 bond rmsd: 0.001661
  step:  14 bond rmsd: 0.001655
  step:  15 bond rmsd: 0.001650
  step:  16 bond rmsd: 0.001645
  step:  17 bond rmsd: 0.001642
  step:  18 bond rmsd: 0.001638
  step:  19 bond rmsd: 0.001635
  step:  20 bond rmsd: 0.001631
  step:  21 bond rmsd: 0.001627
  step:  22 bond rmsd: 0.001623
  step:  23 bond rmsd: 0.001617
  step:  24 bond rmsd: 0.001609
  step:  25 bond rmsd: 0.001601
  step:  26 bond rmsd: 0.001599
  step:  27 bond rmsd: 0.001593
  step:  28 bond rmsd: 0.001585
  step:  29 bond rmsd: 0.001578
  step:  30 bond rmsd: 0.001571
  step:  31 bond rmsd: 0.001567
  step:  32 bond rmsd: 0.001561
  step:  33 bond rmsd: 0.001559
  step:  34 bond rmsd: 0.001556
  step:  35 bond rmsd: 0.001555
  step:  36 bond rmsd: 0.001555
  step:  37 bond rmsd: 0.001555
  step:  38 bond rmsd: 0.001555
  step:  39 bond rmsd: 0.001557
  step:  40 bond rmsd: 0.001558
  step:  41 bond rmsd: 0.001560
  step:  42 bond rmsd: 0.001563
  step:  43 bond rmsd: 0.001566
  step:  44 bond rmsd: 0.001569
  step:  45 bond rmsd: 0.001573
  step:  46 bond rmsd: 0.001583
  step:  47 bond rmsd: 0.001589
  step:  48 bond rmsd: 0.001598
  step:  49 bond rmsd: 0.001607
  step:  50 bond rmsd: 0.001620
  step:  51 bond rmsd: 0.001631
  step:  52 bond rmsd: 0.001643
micro_cycle  22 rmsd(b):  0.0016 rws:  1.000 n_fev: 1147
  step:   1 bond rmsd: 0.001643
  step:   2 bond rmsd: 0.048821
  step:   3 bond rmsd: 0.001629
  step:   4 bond rmsd: 0.001622
  step:   5 bond rmsd: 0.001619
  step:   6 bond rmsd: 0.001618
  step:   7 bond rmsd: 0.001618
  step:   8 bond rmsd: 0.001619
  step:   9 bond rmsd: 0.001620
  step:  10 bond rmsd: 0.001620
  step:  11 bond rmsd: 0.001621
  step:  12 bond rmsd: 0.001622
  step:  13 bond rmsd: 0.001622
  step:  14 bond rmsd: 0.001622
  step:  15 bond rmsd: 0.001622
  step:  16 bond rmsd: 0.001622
  step:  17 bond rmsd: 0.001622
  step:  18 bond rmsd: 0.001621
  step:  19 bond rmsd: 0.001620
  step:  20 bond rmsd: 0.001618
  step:  21 bond rmsd: 0.001615
  step:  22 bond rmsd: 0.001609
  step:  23 bond rmsd: 0.001599
  step:  24 bond rmsd: 0.001588
  step:  25 bond rmsd: 0.001581
  step:  26 bond rmsd: 0.001574
  step:  27 bond rmsd: 0.001566
  step:  28 bond rmsd: 0.001561
  step:  29 bond rmsd: 0.001557
  step:  30 bond rmsd: 0.001553
  step:  31 bond rmsd: 0.001550
  step:  32 bond rmsd: 0.001548
  step:  33 bond rmsd: 0.001548
  step:  34 bond rmsd: 0.001547
  step:  35 bond rmsd: 0.001548
  step:  36 bond rmsd: 0.001547
  step:  37 bond rmsd: 0.001548
  step:  38 bond rmsd: 0.001549
  step:  39 bond rmsd: 0.001553
  step:  40 bond rmsd: 0.001555
  step:  41 bond rmsd: 0.001561
  step:  42 bond rmsd: 0.001565
  step:  43 bond rmsd: 0.001570
  step:  44 bond rmsd: 0.001579
  step:  45 bond rmsd: 0.001589
  step:  46 bond rmsd: 0.001599
  step:  47 bond rmsd: 0.001608
  step:  48 bond rmsd: 0.001619
  step:  49 bond rmsd: 0.001630
  step:  50 bond rmsd: 0.001641
  step:  51 bond rmsd: 0.001655
  step:  52 bond rmsd: 0.001669
micro_cycle  23 rmsd(b):  0.0017 rws:  1.000 n_fev: 1199
  step:   1 bond rmsd: 0.001669
  step:   2 bond rmsd: 0.085162
  step:   3 bond rmsd: 0.001756
  step:   4 bond rmsd: 0.001728
  step:   5 bond rmsd: 0.001709
  step:   6 bond rmsd: 0.001696
  step:   7 bond rmsd: 0.001687
  step:   8 bond rmsd: 0.001680
  step:   9 bond rmsd: 0.001675
  step:  10 bond rmsd: 0.001671
  step:  11 bond rmsd: 0.001668
  step:  12 bond rmsd: 0.001665
  step:  13 bond rmsd: 0.001662
  step:  14 bond rmsd: 0.001660
  step:  15 bond rmsd: 0.001658
  step:  16 bond rmsd: 0.001656
  step:  17 bond rmsd: 0.001654
  step:  18 bond rmsd: 0.001652
  step:  19 bond rmsd: 0.001649
  step:  20 bond rmsd: 0.001645
  step:  21 bond rmsd: 0.001639
  step:  22 bond rmsd: 0.001631
  step:  23 bond rmsd: 0.001620
  step:  24 bond rmsd: 0.001605
  step:  25 bond rmsd: 0.001592
  step:  26 bond rmsd: 0.001582
  step:  27 bond rmsd: 0.001573
  step:  28 bond rmsd: 0.001563
  step:  29 bond rmsd: 0.001558
  step:  30 bond rmsd: 0.001551
  step:  31 bond rmsd: 0.001546
  step:  32 bond rmsd: 0.001542
  step:  33 bond rmsd: 0.001537
  step:  34 bond rmsd: 0.001533
  step:  35 bond rmsd: 0.001527
  step:  36 bond rmsd: 0.001524
  step:  37 bond rmsd: 0.001527
  step:  38 bond rmsd: 0.001526
  step:  39 bond rmsd: 0.001529
  step:  40 bond rmsd: 0.001534
  step:  41 bond rmsd: 0.001540
  step:  42 bond rmsd: 0.001547
  step:  43 bond rmsd: 0.001554
  step:  44 bond rmsd: 0.001561
  step:  45 bond rmsd: 0.001568
  step:  46 bond rmsd: 0.001575
  step:  47 bond rmsd: 0.001582
  step:  48 bond rmsd: 0.001590
  step:  49 bond rmsd: 0.001598
  step:  50 bond rmsd: 0.001608
  step:  51 bond rmsd: 0.001618
  step:  52 bond rmsd: 0.001628
micro_cycle  24 rmsd(b):  0.0016 rws:  1.000 n_fev: 1251
  step:   1 bond rmsd: 0.001628
  step:   2 bond rmsd: 0.058787
  step:   3 bond rmsd: 0.001630
  step:   4 bond rmsd: 0.001629
  step:   5 bond rmsd: 0.001627
  step:   6 bond rmsd: 0.001625
  step:   7 bond rmsd: 0.001623
  step:   8 bond rmsd: 0.001621
  step:   9 bond rmsd: 0.001619
  step:  10 bond rmsd: 0.001616
  step:  11 bond rmsd: 0.001614
  step:  12 bond rmsd: 0.001612
  step:  13 bond rmsd: 0.001609
  step:  14 bond rmsd: 0.001606
  step:  15 bond rmsd: 0.001602
  step:  16 bond rmsd: 0.001596
  step:  17 bond rmsd: 0.001587
  step:  18 bond rmsd: 0.001578
  step:  19 bond rmsd: 0.001571
  step:  20 bond rmsd: 0.001564
  step:  21 bond rmsd: 0.001551
  step:  22 bond rmsd: 0.001547
  step:  23 bond rmsd: 0.001543
  step:  24 bond rmsd: 0.001540
  step:  25 bond rmsd: 0.001536
  step:  26 bond rmsd: 0.001533
  step:  27 bond rmsd: 0.001530
  step:  28 bond rmsd: 0.001528
  step:  29 bond rmsd: 0.001529
  step:  30 bond rmsd: 0.001528
  step:  31 bond rmsd: 0.001530
  step:  32 bond rmsd: 0.001532
  step:  33 bond rmsd: 0.001536
  step:  34 bond rmsd: 0.001542
  step:  35 bond rmsd: 0.001549
  step:  36 bond rmsd: 0.001556
  step:  37 bond rmsd: 0.001565
  step:  38 bond rmsd: 0.001575
  step:  39 bond rmsd: 0.001585
  step:  40 bond rmsd: 0.001595
  step:  41 bond rmsd: 0.001609
  step:  42 bond rmsd: 0.001623
  step:  43 bond rmsd: 0.001637
  step:  44 bond rmsd: 0.001653
  step:  45 bond rmsd: 0.001673
  step:  46 bond rmsd: 0.001689
  step:  47 bond rmsd: 0.001713
  step:  48 bond rmsd: 0.001727
  step:  49 bond rmsd: 0.001747
  step:  50 bond rmsd: 0.001758
  step:  51 bond rmsd: 0.001765
  step:  52 bond rmsd: 0.001771
micro_cycle  25 rmsd(b):  0.0018 rws:  1.000 n_fev: 1303
  step:   1 bond rmsd: 0.001771
  step:   2 bond rmsd: 0.064962
  step:   3 bond rmsd: 0.001797
  step:   4 bond rmsd: 0.001768
  step:   5 bond rmsd: 0.001752
  step:   6 bond rmsd: 0.001743
  step:   7 bond rmsd: 0.001738
  step:   8 bond rmsd: 0.001736
  step:   9 bond rmsd: 0.001735
  step:  10 bond rmsd: 0.001734
  step:  11 bond rmsd: 0.001733
  step:  12 bond rmsd: 0.001733
  step:  13 bond rmsd: 0.001732
  step:  14 bond rmsd: 0.001731
  step:  15 bond rmsd: 0.001729
  step:  16 bond rmsd: 0.001728
  step:  17 bond rmsd: 0.001726
  step:  18 bond rmsd: 0.001724
  step:  19 bond rmsd: 0.001720
  step:  20 bond rmsd: 0.001716
  step:  21 bond rmsd: 0.001709
  step:  22 bond rmsd: 0.001698
  step:  23 bond rmsd: 0.001682
  step:  24 bond rmsd: 0.001658
  step:  25 bond rmsd: 0.001626
  step:  26 bond rmsd: 0.001609
  step:  27 bond rmsd: 0.001594
  step:  28 bond rmsd: 0.001576
  step:  29 bond rmsd: 0.001564
  step:  30 bond rmsd: 0.001554
  step:  31 bond rmsd: 0.001544
  step:  32 bond rmsd: 0.001534
  step:  33 bond rmsd: 0.001527
  step:  34 bond rmsd: 0.001522
  step:  35 bond rmsd: 0.001517
  step:  36 bond rmsd: 0.001512
  step:  37 bond rmsd: 0.001508
  step:  38 bond rmsd: 0.001505
  step:  39 bond rmsd: 0.001505
  step:  40 bond rmsd: 0.001505
  step:  41 bond rmsd: 0.001505
  step:  42 bond rmsd: 0.001509
  step:  43 bond rmsd: 0.001515
  step:  44 bond rmsd: 0.001522
  step:  45 bond rmsd: 0.001531
  step:  46 bond rmsd: 0.001540
  step:  47 bond rmsd: 0.001548
  step:  48 bond rmsd: 0.001557
  step:  49 bond rmsd: 0.001568
  step:  50 bond rmsd: 0.001576
  step:  51 bond rmsd: 0.001587
  step:  52 bond rmsd: 0.001595
micro_cycle  26 rmsd(b):  0.0016 rws:  1.000 n_fev: 1355
  step:   1 bond rmsd: 0.001595
  step:   2 bond rmsd: 0.047134
  step:   3 bond rmsd: 0.001586
  step:   4 bond rmsd: 0.001582
  step:   5 bond rmsd: 0.001580
  step:   6 bond rmsd: 0.001580
  step:   7 bond rmsd: 0.001580
  step:   8 bond rmsd: 0.001581
  step:   9 bond rmsd: 0.001582
  step:  10 bond rmsd: 0.001583
  step:  11 bond rmsd: 0.001584
  step:  12 bond rmsd: 0.001585
  step:  13 bond rmsd: 0.001585
  step:  14 bond rmsd: 0.001586
  step:  15 bond rmsd: 0.001586
  step:  16 bond rmsd: 0.001587
  step:  17 bond rmsd: 0.001587
  step:  18 bond rmsd: 0.001587
  step:  19 bond rmsd: 0.001587
  step:  20 bond rmsd: 0.001587
  step:  21 bond rmsd: 0.001586
  step:  22 bond rmsd: 0.001585
  step:  23 bond rmsd: 0.001584
  step:  24 bond rmsd: 0.001580
  step:  25 bond rmsd: 0.001574
  step:  26 bond rmsd: 0.001564
  step:  27 bond rmsd: 0.001547
  step:  28 bond rmsd: 0.001539
  step:  29 bond rmsd: 0.001543
  step:  30 bond rmsd: 0.001547
  step:  31 bond rmsd: 0.001553
  step:  32 bond rmsd: 0.001560
  step:  33 bond rmsd: 0.001570
  step:  34 bond rmsd: 0.001576
  step:  35 bond rmsd: 0.001582
  step:  36 bond rmsd: 0.001589
  step:  37 bond rmsd: 0.001593
  step:  38 bond rmsd: 0.001598
  step:  39 bond rmsd: 0.001607
  step:  40 bond rmsd: 0.001612
  step:  41 bond rmsd: 0.001617
  step:  42 bond rmsd: 0.001624
  step:  43 bond rmsd: 0.001636
  step:  44 bond rmsd: 0.001647
  step:  45 bond rmsd: 0.001654
  step:  46 bond rmsd: 0.001666
  step:  47 bond rmsd: 0.001674
  step:  48 bond rmsd: 0.001676
  step:  49 bond rmsd: 0.001679
  step:  50 bond rmsd: 0.001678
  step:  51 bond rmsd: 0.001669
  step:  52 bond rmsd: 0.001663
micro_cycle  27 rmsd(b):  0.0017 rws:  1.000 n_fev: 1407
  step:   1 bond rmsd: 0.001663
  step:   2 bond rmsd: 0.046925
  step:   3 bond rmsd: 0.004384
  step:   4 bond rmsd: 0.003614
  step:   5 bond rmsd: 0.003027
  step:   6 bond rmsd: 0.002589
  step:   7 bond rmsd: 0.002270
  step:   8 bond rmsd: 0.002045
  step:   9 bond rmsd: 0.001892
  step:  10 bond rmsd: 0.001791
  step:  11 bond rmsd: 0.001726
  step:  12 bond rmsd: 0.001686
  step:  13 bond rmsd: 0.001662
  step:  14 bond rmsd: 0.001648
  step:  15 bond rmsd: 0.001640
  step:  16 bond rmsd: 0.001636
  step:  17 bond rmsd: 0.001634
  step:  18 bond rmsd: 0.001633
  step:  19 bond rmsd: 0.001632
  step:  20 bond rmsd: 0.001632
  step:  21 bond rmsd: 0.001633
  step:  22 bond rmsd: 0.001633
  step:  23 bond rmsd: 0.001633
  step:  24 bond rmsd: 0.001632
  step:  25 bond rmsd: 0.001632
  step:  26 bond rmsd: 0.001631
  step:  27 bond rmsd: 0.001630
  step:  28 bond rmsd: 0.001629
  step:  29 bond rmsd: 0.001626
  step:  30 bond rmsd: 0.001621
  step:  31 bond rmsd: 0.001613
  step:  32 bond rmsd: 0.001599
  step:  33 bond rmsd: 0.001578
  step:  34 bond rmsd: 0.001559
  step:  35 bond rmsd: 0.001544
  step:  36 bond rmsd: 0.001531
  step:  37 bond rmsd: 0.001504
  step:  38 bond rmsd: 0.001504
  step:  39 bond rmsd: 0.001499
  step:  40 bond rmsd: 0.001496
  step:  41 bond rmsd: 0.001494
  step:  42 bond rmsd: 0.001494
  step:  43 bond rmsd: 0.001494
  step:  44 bond rmsd: 0.001494
  step:  45 bond rmsd: 0.001494
  step:  46 bond rmsd: 0.001495
  step:  47 bond rmsd: 0.001496
  step:  48 bond rmsd: 0.001496
  step:  49 bond rmsd: 0.001497
  step:  50 bond rmsd: 0.001499
  step:  51 bond rmsd: 0.001500
  step:  52 bond rmsd: 0.001502
  step:  53 bond rmsd: 0.001505
micro_cycle  28 rmsd(b):  0.0015 rws:  1.000 n_fev: 1460
  step:   1 bond rmsd: 0.001505
  step:   2 bond rmsd: 0.027748
  step:   3 bond rmsd: 0.001513
  step:   4 bond rmsd: 0.001512
  step:   5 bond rmsd: 0.001512
  step:   6 bond rmsd: 0.001513
  step:   7 bond rmsd: 0.001514
  step:   8 bond rmsd: 0.001516
  step:   9 bond rmsd: 0.001519
  step:  10 bond rmsd: 0.001521
  step:  11 bond rmsd: 0.001524
  step:  12 bond rmsd: 0.001527
  step:  13 bond rmsd: 0.001529
  step:  14 bond rmsd: 0.001532
  step:  15 bond rmsd: 0.001536
  step:  16 bond rmsd: 0.001542
  step:  17 bond rmsd: 0.001549
  step:  18 bond rmsd: 0.001558
  step:  19 bond rmsd: 0.001566
  step:  20 bond rmsd: 0.001577
  step:  21 bond rmsd: 0.001583
  step:  22 bond rmsd: 0.001589
  step:  23 bond rmsd: 0.001594
  step:  24 bond rmsd: 0.001602
  step:  25 bond rmsd: 0.001607
  step:  26 bond rmsd: 0.001612
  step:  27 bond rmsd: 0.001618
  step:  28 bond rmsd: 0.001625
  step:  29 bond rmsd: 0.001630
  step:  30 bond rmsd: 0.001629
  step:  31 bond rmsd: 0.001633
  step:  32 bond rmsd: 0.001623
  step:  33 bond rmsd: 0.001622
  step:  34 bond rmsd: 0.001617
  step:  35 bond rmsd: 0.001604
  step:  36 bond rmsd: 0.001595
  step:  37 bond rmsd: 0.001585
  step:  38 bond rmsd: 0.001571
  step:  39 bond rmsd: 0.001561
  step:  40 bond rmsd: 0.001550
  step:  41 bond rmsd: 0.001537
  step:  42 bond rmsd: 0.001525
  step:  43 bond rmsd: 0.001513
  step:  44 bond rmsd: 0.001502
  step:  45 bond rmsd: 0.001495
  step:  46 bond rmsd: 0.001486
  step:  47 bond rmsd: 0.001461
  step:  48 bond rmsd: 0.001451
  step:  49 bond rmsd: 0.001448
  step:  50 bond rmsd: 0.001444
  step:  51 bond rmsd: 0.001448
  step:  52 bond rmsd: 0.001460
micro_cycle  29 rmsd(b):  0.0015 rws:  1.000 n_fev: 1512
  step:   1 bond rmsd: 0.001460
  step:   2 bond rmsd: 0.068337
  step:   3 bond rmsd: 0.001975
  step:   4 bond rmsd: 0.001827
  step:   5 bond rmsd: 0.001721
  step:   6 bond rmsd: 0.001647
  step:   7 bond rmsd: 0.001596
  step:   8 bond rmsd: 0.001561
  step:   9 bond rmsd: 0.001536
  step:  10 bond rmsd: 0.001519
  step:  11 bond rmsd: 0.001507
  step:  12 bond rmsd: 0.001499
  step:  13 bond rmsd: 0.001493
  step:  14 bond rmsd: 0.001489
  step:  15 bond rmsd: 0.001487
  step:  16 bond rmsd: 0.001485
  step:  17 bond rmsd: 0.001484
  step:  18 bond rmsd: 0.001484
  step:  19 bond rmsd: 0.001485
  step:  20 bond rmsd: 0.001486
  step:  21 bond rmsd: 0.001488
  step:  22 bond rmsd: 0.001493
  step:  23 bond rmsd: 0.001501
  step:  24 bond rmsd: 0.001515
  step:  25 bond rmsd: 0.001537
  step:  26 bond rmsd: 0.001553
  step:  27 bond rmsd: 0.001566
  step:  28 bond rmsd: 0.001598
  step:  29 bond rmsd: 0.001605
  step:  30 bond rmsd: 0.001611
  step:  31 bond rmsd: 0.001616
  step:  32 bond rmsd: 0.001620
  step:  33 bond rmsd: 0.001623
  step:  34 bond rmsd: 0.001626
  step:  35 bond rmsd: 0.001629
  step:  36 bond rmsd: 0.001633
  step:  37 bond rmsd: 0.001635
  step:  38 bond rmsd: 0.001637
  step:  39 bond rmsd: 0.001638
  step:  40 bond rmsd: 0.001640
  step:  41 bond rmsd: 0.001637
  step:  42 bond rmsd: 0.001634
  step:  43 bond rmsd: 0.001627
  step:  44 bond rmsd: 0.001621
  step:  45 bond rmsd: 0.001611
  step:  46 bond rmsd: 0.001600
  step:  47 bond rmsd: 0.001589
  step:  48 bond rmsd: 0.001578
  step:  49 bond rmsd: 0.001571
  step:  50 bond rmsd: 0.001565
  step:  51 bond rmsd: 0.001557
  step:  52 bond rmsd: 0.001549
micro_cycle  30 rmsd(b):  0.0015 rws:  1.000 n_fev: 1564
  step:   1 bond rmsd: 0.001549
  step:   2 bond rmsd: 0.052332
  step:   3 bond rmsd: 0.001547
  step:   4 bond rmsd: 0.001547
  step:   5 bond rmsd: 0.001547
  step:   6 bond rmsd: 0.001547
  step:   7 bond rmsd: 0.001548
  step:   8 bond rmsd: 0.001548
  step:   9 bond rmsd: 0.001548
  step:  10 bond rmsd: 0.001548
  step:  11 bond rmsd: 0.001548
  step:  12 bond rmsd: 0.001548
  step:  13 bond rmsd: 0.001548
  step:  14 bond rmsd: 0.001548
  step:  15 bond rmsd: 0.001549
  step:  16 bond rmsd: 0.001549
  step:  17 bond rmsd: 0.001549
  step:  18 bond rmsd: 0.001549
  step:  19 bond rmsd: 0.001548
  step:  20 bond rmsd: 0.001548
  step:  21 bond rmsd: 0.001547
  step:  22 bond rmsd: 0.001547
  step:  23 bond rmsd: 0.001547
  step:  24 bond rmsd: 0.001547
  step:  25 bond rmsd: 0.001541
  step:  26 bond rmsd: 0.001543
  step:  27 bond rmsd: 0.001544
  step:  28 bond rmsd: 0.001545
  step:  29 bond rmsd: 0.001547
  step:  30 bond rmsd: 0.001549
  step:  31 bond rmsd: 0.001551
  step:  32 bond rmsd: 0.001553
  step:  33 bond rmsd: 0.001555
  step:  34 bond rmsd: 0.001558
  step:  35 bond rmsd: 0.001561
  step:  36 bond rmsd: 0.001563
  step:  37 bond rmsd: 0.001566
  step:  38 bond rmsd: 0.001569
  step:  39 bond rmsd: 0.001573
  step:  40 bond rmsd: 0.001576
  step:  41 bond rmsd: 0.001584
  step:  42 bond rmsd: 0.001588
  step:  43 bond rmsd: 0.001594
  step:  44 bond rmsd: 0.001599
  step:  45 bond rmsd: 0.001606
  step:  46 bond rmsd: 0.001611
  step:  47 bond rmsd: 0.001618
  step:  48 bond rmsd: 0.001631
  step:  49 bond rmsd: 0.001640
  step:  50 bond rmsd: 0.001647
  step:  51 bond rmsd: 0.001664
  step:  52 bond rmsd: 0.001671
micro_cycle  31 rmsd(b):  0.0017 rws:  1.000 n_fev: 1616
  step:   1 bond rmsd: 0.001671
  step:   2 bond rmsd: 0.068964
  step:   3 bond rmsd: 0.001785
  step:   4 bond rmsd: 0.001736
  step:   5 bond rmsd: 0.001704
  step:   6 bond rmsd: 0.001684
  step:   7 bond rmsd: 0.001672
  step:   8 bond rmsd: 0.001665
  step:   9 bond rmsd: 0.001660
  step:  10 bond rmsd: 0.001657
  step:  11 bond rmsd: 0.001655
  step:  12 bond rmsd: 0.001654
  step:  13 bond rmsd: 0.001653
  step:  14 bond rmsd: 0.001652
  step:  15 bond rmsd: 0.001651
  step:  16 bond rmsd: 0.001651
  step:  17 bond rmsd: 0.001650
  step:  18 bond rmsd: 0.001649
  step:  19 bond rmsd: 0.001648
  step:  20 bond rmsd: 0.001646
  step:  21 bond rmsd: 0.001644
  step:  22 bond rmsd: 0.001641
  step:  23 bond rmsd: 0.001635
  step:  24 bond rmsd: 0.001626
  step:  25 bond rmsd: 0.001610
  step:  26 bond rmsd: 0.001601
  step:  27 bond rmsd: 0.001593
  step:  28 bond rmsd: 0.001608
  step:  29 bond rmsd: 0.001608
  step:  30 bond rmsd: 0.001598
  step:  31 bond rmsd: 0.001590
  step:  32 bond rmsd: 0.001583
  step:  33 bond rmsd: 0.001577
  step:  34 bond rmsd: 0.001573
  step:  35 bond rmsd: 0.001569
  step:  36 bond rmsd: 0.001566
  step:  37 bond rmsd: 0.001563
  step:  38 bond rmsd: 0.001560
  step:  39 bond rmsd: 0.001558
  step:  40 bond rmsd: 0.001555
  step:  41 bond rmsd: 0.001552
  step:  42 bond rmsd: 0.001549
  step:  43 bond rmsd: 0.001541
  step:  44 bond rmsd: 0.001539
  step:  45 bond rmsd: 0.001538
  step:  46 bond rmsd: 0.001537
  step:  47 bond rmsd: 0.001536
  step:  48 bond rmsd: 0.001536
  step:  49 bond rmsd: 0.001536
  step:  50 bond rmsd: 0.001537
  step:  51 bond rmsd: 0.001536
  step:  52 bond rmsd: 0.001537
  step:  53 bond rmsd: 0.001538
micro_cycle  32 rmsd(b):  0.0015 rws:  1.000 n_fev: 1669
  step:   1 bond rmsd: 0.001538
  step:   2 bond rmsd: 0.058782
  step:   3 bond rmsd: 0.001539
  step:   4 bond rmsd: 0.001539
  step:   5 bond rmsd: 0.001538
  step:   6 bond rmsd: 0.001538
  step:   7 bond rmsd: 0.001538
  step:   8 bond rmsd: 0.001538
  step:   9 bond rmsd: 0.001538
  step:  10 bond rmsd: 0.001538
  step:  11 bond rmsd: 0.001538
  step:  12 bond rmsd: 0.001538
  step:  13 bond rmsd: 0.001538
  step:  14 bond rmsd: 0.001538
  step:  15 bond rmsd: 0.001539
  step:  16 bond rmsd: 0.001539
  step:  17 bond rmsd: 0.001539
  step:  18 bond rmsd: 0.001540
  step:  19 bond rmsd: 0.001542
  step:  20 bond rmsd: 0.001545
  step:  21 bond rmsd: 0.001546
  step:  22 bond rmsd: 0.001550
  step:  23 bond rmsd: 0.001554
  step:  24 bond rmsd: 0.001570
  step:  25 bond rmsd: 0.001574
  step:  26 bond rmsd: 0.001579
  step:  27 bond rmsd: 0.001584
  step:  28 bond rmsd: 0.001589
  step:  29 bond rmsd: 0.001592
  step:  30 bond rmsd: 0.001596
  step:  31 bond rmsd: 0.001600
  step:  32 bond rmsd: 0.001604
  step:  33 bond rmsd: 0.001608
  step:  34 bond rmsd: 0.001614
  step:  35 bond rmsd: 0.001618
  step:  36 bond rmsd: 0.001620
  step:  37 bond rmsd: 0.001624
  step:  38 bond rmsd: 0.001624
  step:  39 bond rmsd: 0.001627
  step:  40 bond rmsd: 0.001626
  step:  41 bond rmsd: 0.001624
  step:  42 bond rmsd: 0.001622
  step:  43 bond rmsd: 0.001616
  step:  44 bond rmsd: 0.001611
  step:  45 bond rmsd: 0.001606
  step:  46 bond rmsd: 0.001602
  step:  47 bond rmsd: 0.001596
  step:  48 bond rmsd: 0.001589
  step:  49 bond rmsd: 0.001581
  step:  50 bond rmsd: 0.001569
  step:  51 bond rmsd: 0.001557
  step:  52 bond rmsd: 0.001549
micro_cycle  33 rmsd(b):  0.0015 rws:  1.000 n_fev: 1721
  step:   1 bond rmsd: 0.001549
  step:   2 bond rmsd: 0.064813
  step:   3 bond rmsd: 0.001760
  step:   4 bond rmsd: 0.001679
  step:   5 bond rmsd: 0.001626
  step:   6 bond rmsd: 0.001593
  step:   7 bond rmsd: 0.001572
  step:   8 bond rmsd: 0.001559
  step:   9 bond rmsd: 0.001551
  step:  10 bond rmsd: 0.001547
  step:  11 bond rmsd: 0.001545
  step:  12 bond rmsd: 0.001544
  step:  13 bond rmsd: 0.001544
  step:  14 bond rmsd: 0.001544
  step:  15 bond rmsd: 0.001545
  step:  16 bond rmsd: 0.001546
  step:  17 bond rmsd: 0.001547
  step:  18 bond rmsd: 0.001548
  step:  19 bond rmsd: 0.001549
  step:  20 bond rmsd: 0.001551
  step:  21 bond rmsd: 0.001553
  step:  22 bond rmsd: 0.001556
  step:  23 bond rmsd: 0.001560
  step:  24 bond rmsd: 0.001564
  step:  25 bond rmsd: 0.001564
  step:  26 bond rmsd: 0.001568
  step:  27 bond rmsd: 0.001572
  step:  28 bond rmsd: 0.001579
  step:  29 bond rmsd: 0.001580
  step:  30 bond rmsd: 0.001583
  step:  31 bond rmsd: 0.001582
  step:  32 bond rmsd: 0.001582
  step:  33 bond rmsd: 0.001583
  step:  34 bond rmsd: 0.001581
  step:  35 bond rmsd: 0.001581
  step:  36 bond rmsd: 0.001576
  step:  37 bond rmsd: 0.001575
  step:  38 bond rmsd: 0.001572
  step:  39 bond rmsd: 0.001569
  step:  40 bond rmsd: 0.001565
  step:  41 bond rmsd: 0.001561
  step:  42 bond rmsd: 0.001556
  step:  43 bond rmsd: 0.001553
  step:  44 bond rmsd: 0.001549
  step:  45 bond rmsd: 0.001545
  step:  46 bond rmsd: 0.001542
  step:  47 bond rmsd: 0.001538
  step:  48 bond rmsd: 0.001535
  step:  49 bond rmsd: 0.001533
  step:  50 bond rmsd: 0.001531
  step:  51 bond rmsd: 0.001528
  step:  52 bond rmsd: 0.001527
micro_cycle  34 rmsd(b):  0.0015 rws:  1.000 n_fev: 1773
  step:   1 bond rmsd: 0.001527
  step:   2 bond rmsd: 0.028025
  step:   3 bond rmsd: 0.001526
  step:   4 bond rmsd: 0.001526
  step:   5 bond rmsd: 0.001526
  step:   6 bond rmsd: 0.001526
  step:   7 bond rmsd: 0.001527
  step:   8 bond rmsd: 0.001527
  step:   9 bond rmsd: 0.001528
  step:  10 bond rmsd: 0.001528
  step:  11 bond rmsd: 0.001529
  step:  12 bond rmsd: 0.001529
  step:  13 bond rmsd: 0.001530
  step:  14 bond rmsd: 0.001531
  step:  15 bond rmsd: 0.001532
  step:  16 bond rmsd: 0.001533
  step:  17 bond rmsd: 0.001536
  step:  18 bond rmsd: 0.001538
  step:  19 bond rmsd: 0.001541
  step:  20 bond rmsd: 0.001542
  step:  21 bond rmsd: 0.001545
  step:  22 bond rmsd: 0.001549
  step:  23 bond rmsd: 0.001554
  step:  24 bond rmsd: 0.001559
  step:  25 bond rmsd: 0.001563
  step:  26 bond rmsd: 0.001570
  step:  27 bond rmsd: 0.001574
  step:  28 bond rmsd: 0.001579
  step:  29 bond rmsd: 0.001582
  step:  30 bond rmsd: 0.001586
  step:  31 bond rmsd: 0.001588
  step:  32 bond rmsd: 0.001591
  step:  33 bond rmsd: 0.001591
  step:  34 bond rmsd: 0.001591
  step:  35 bond rmsd: 0.001590
  step:  36 bond rmsd: 0.001590
  step:  37 bond rmsd: 0.001589
  step:  38 bond rmsd: 0.001586
  step:  39 bond rmsd: 0.001585
  step:  40 bond rmsd: 0.001582
  step:  41 bond rmsd: 0.001581
  step:  42 bond rmsd: 0.001576
  step:  43 bond rmsd: 0.001573
  step:  44 bond rmsd: 0.001568
  step:  45 bond rmsd: 0.001563
  step:  46 bond rmsd: 0.001556
  step:  47 bond rmsd: 0.001548
  step:  48 bond rmsd: 0.001540
  step:  49 bond rmsd: 0.001527
  step:  50 bond rmsd: 0.001519
  step:  51 bond rmsd: 0.001504
  step:  52 bond rmsd: 0.001495
micro_cycle  35 rmsd(b):  0.0015 rws:  1.000 n_fev: 1825
  step:   1 bond rmsd: 0.001495
  step:   2 bond rmsd: 0.047352
  step:   3 bond rmsd: 0.002116
  step:   4 bond rmsd: 0.001901
  step:   5 bond rmsd: 0.001752
  step:   6 bond rmsd: 0.001652
  step:   7 bond rmsd: 0.001586
  step:   8 bond rmsd: 0.001544
  step:   9 bond rmsd: 0.001518
  step:  10 bond rmsd: 0.001502
  step:  11 bond rmsd: 0.001492
  step:  12 bond rmsd: 0.001487
  step:  13 bond rmsd: 0.001485
  step:  14 bond rmsd: 0.001484
  step:  15 bond rmsd: 0.001484
  step:  16 bond rmsd: 0.001485
  step:  17 bond rmsd: 0.001486
  step:  18 bond rmsd: 0.001487
  step:  19 bond rmsd: 0.001489
  step:  20 bond rmsd: 0.001490
  step:  21 bond rmsd: 0.001492
  step:  22 bond rmsd: 0.001494
  step:  23 bond rmsd: 0.001496
  step:  24 bond rmsd: 0.001500
  step:  25 bond rmsd: 0.001504
  step:  26 bond rmsd: 0.001509
  step:  27 bond rmsd: 0.001511
  step:  28 bond rmsd: 0.001515
  step:  29 bond rmsd: 0.001521
  step:  30 bond rmsd: 0.001528
  step:  31 bond rmsd: 0.001532
  step:  32 bond rmsd: 0.001536
  step:  33 bond rmsd: 0.001538
  step:  34 bond rmsd: 0.001540
  step:  35 bond rmsd: 0.001542
  step:  36 bond rmsd: 0.001544
  step:  37 bond rmsd: 0.001545
  step:  38 bond rmsd: 0.001547
  step:  39 bond rmsd: 0.001548
  step:  40 bond rmsd: 0.001549
  step:  41 bond rmsd: 0.001552
  step:  42 bond rmsd: 0.001552
  step:  43 bond rmsd: 0.001553
  step:  44 bond rmsd: 0.001552
  step:  45 bond rmsd: 0.001552
  step:  46 bond rmsd: 0.001551
  step:  47 bond rmsd: 0.001551
  step:  48 bond rmsd: 0.001550
  step:  49 bond rmsd: 0.001548
  step:  50 bond rmsd: 0.001546
  step:  51 bond rmsd: 0.001543
  step:  52 bond rmsd: 0.001541
micro_cycle  36 rmsd(b):  0.0015 rws:  1.000 n_fev: 1877
  step:   1 bond rmsd: 0.001541
  step:   2 bond rmsd: 0.032213
  step:   3 bond rmsd: 0.001533
  step:   4 bond rmsd: 0.001534
  step:   5 bond rmsd: 0.001535
  step:   6 bond rmsd: 0.001536
  step:   7 bond rmsd: 0.001537
  step:   8 bond rmsd: 0.001538
  step:   9 bond rmsd: 0.001539
  step:  10 bond rmsd: 0.001539
  step:  11 bond rmsd: 0.001540
  step:  12 bond rmsd: 0.001541
  step:  13 bond rmsd: 0.001541
  step:  14 bond rmsd: 0.001542
  step:  15 bond rmsd: 0.001542
  step:  16 bond rmsd: 0.001543
  step:  17 bond rmsd: 0.001543
  step:  18 bond rmsd: 0.001541
  step:  19 bond rmsd: 0.001540
  step:  20 bond rmsd: 0.001540
  step:  21 bond rmsd: 0.001546
  step:  22 bond rmsd: 0.001546
  step:  23 bond rmsd: 0.001544
  step:  24 bond rmsd: 0.001541
  step:  25 bond rmsd: 0.001539
  step:  26 bond rmsd: 0.001538
  step:  27 bond rmsd: 0.001536
  step:  28 bond rmsd: 0.001534
  step:  29 bond rmsd: 0.001533
  step:  30 bond rmsd: 0.001532
  step:  31 bond rmsd: 0.001531
  step:  32 bond rmsd: 0.001530
  step:  33 bond rmsd: 0.001529
  step:  34 bond rmsd: 0.001528
  step:  35 bond rmsd: 0.001528
  step:  36 bond rmsd: 0.001526
  step:  37 bond rmsd: 0.001526
  step:  38 bond rmsd: 0.001527
  step:  39 bond rmsd: 0.001527
  step:  40 bond rmsd: 0.001528
  step:  41 bond rmsd: 0.001529
  step:  42 bond rmsd: 0.001532
  step:  43 bond rmsd: 0.001533
  step:  44 bond rmsd: 0.001536
  step:  45 bond rmsd: 0.001538
  step:  46 bond rmsd: 0.001542
  step:  47 bond rmsd: 0.001544
  step:  48 bond rmsd: 0.001546
  step:  49 bond rmsd: 0.001549
  step:  50 bond rmsd: 0.001551
  step:  51 bond rmsd: 0.001555
  step:  52 bond rmsd: 0.001558
  step:  53 bond rmsd: 0.001565
micro_cycle  37 rmsd(b):  0.0016 rws:  1.000 n_fev: 1930
  step:   1 bond rmsd: 0.001565
  step:   2 bond rmsd: 0.078426
  step:   3 bond rmsd: 0.001644
  step:   4 bond rmsd: 0.001621
  step:   5 bond rmsd: 0.001605
  step:   6 bond rmsd: 0.001593
  step:   7 bond rmsd: 0.001586
  step:   8 bond rmsd: 0.001580
  step:   9 bond rmsd: 0.001576
  step:  10 bond rmsd: 0.001573
  step:  11 bond rmsd: 0.001570
  step:  12 bond rmsd: 0.001569
  step:  13 bond rmsd: 0.001567
  step:  14 bond rmsd: 0.001566
  step:  15 bond rmsd: 0.001565
  step:  16 bond rmsd: 0.001564
  step:  17 bond rmsd: 0.001563
  step:  18 bond rmsd: 0.001562
  step:  19 bond rmsd: 0.001561
  step:  20 bond rmsd: 0.001559
  step:  21 bond rmsd: 0.001557
  step:  22 bond rmsd: 0.001554
  step:  23 bond rmsd: 0.001550
  step:  24 bond rmsd: 0.001546
  step:  25 bond rmsd: 0.001543
  step:  26 bond rmsd: 0.001540
  step:  27 bond rmsd: 0.001541
  step:  28 bond rmsd: 0.001539
  step:  29 bond rmsd: 0.001537
  step:  30 bond rmsd: 0.001535
  step:  31 bond rmsd: 0.001534
  step:  32 bond rmsd: 0.001533
  step:  33 bond rmsd: 0.001532
  step:  34 bond rmsd: 0.001531
  step:  35 bond rmsd: 0.001530
  step:  36 bond rmsd: 0.001530
  step:  37 bond rmsd: 0.001529
  step:  38 bond rmsd: 0.001529
  step:  39 bond rmsd: 0.001529
  step:  40 bond rmsd: 0.001530
  step:  41 bond rmsd: 0.001530
  step:  42 bond rmsd: 0.001531
  step:  43 bond rmsd: 0.001533
  step:  44 bond rmsd: 0.001534
  step:  45 bond rmsd: 0.001538
  step:  46 bond rmsd: 0.001538
  step:  47 bond rmsd: 0.001539
  step:  48 bond rmsd: 0.001539
  step:  49 bond rmsd: 0.001540
  step:  50 bond rmsd: 0.001540
  step:  51 bond rmsd: 0.001540
  step:  52 bond rmsd: 0.001541
micro_cycle  38 rmsd(b):  0.0015 rws:  1.000 n_fev: 1982
  step:   1 bond rmsd: 0.001541
  step:   2 bond rmsd: 0.011766
  step:   3 bond rmsd: 0.001537
  step:   4 bond rmsd: 0.001537
  step:   5 bond rmsd: 0.001537
  step:   6 bond rmsd: 0.001537
  step:   7 bond rmsd: 0.001537
  step:   8 bond rmsd: 0.001537
  step:   9 bond rmsd: 0.001537
  step:  10 bond rmsd: 0.001537
  step:  11 bond rmsd: 0.001537
  step:  12 bond rmsd: 0.001537
  step:  13 bond rmsd: 0.001537
  step:  14 bond rmsd: 0.001536
  step:  15 bond rmsd: 0.001536
  step:  16 bond rmsd: 0.001535
  step:  17 bond rmsd: 0.001534
  step:  18 bond rmsd: 0.001532
  step:  19 bond rmsd: 0.001532
  step:  20 bond rmsd: 0.001527
  step:  21 bond rmsd: 0.001527
  step:  22 bond rmsd: 0.001527
  step:  23 bond rmsd: 0.001527
  step:  24 bond rmsd: 0.001527
  step:  25 bond rmsd: 0.001527
  step:  26 bond rmsd: 0.001527
  step:  27 bond rmsd: 0.001527
  step:  28 bond rmsd: 0.001528
  step:  29 bond rmsd: 0.001529
  step:  30 bond rmsd: 0.001528
  step:  31 bond rmsd: 0.001528
  step:  32 bond rmsd: 0.001530
  step:  33 bond rmsd: 0.001530
  step:  34 bond rmsd: 0.001532
  step:  35 bond rmsd: 0.001533
  step:  36 bond rmsd: 0.001534
  step:  37 bond rmsd: 0.001535
  step:  38 bond rmsd: 0.001537
  step:  39 bond rmsd: 0.001539
  step:  40 bond rmsd: 0.001542
  step:  41 bond rmsd: 0.001544
  step:  42 bond rmsd: 0.001546
  step:  43 bond rmsd: 0.001549
  step:  44 bond rmsd: 0.001551
  step:  45 bond rmsd: 0.001555
  step:  46 bond rmsd: 0.001557
  step:  47 bond rmsd: 0.001561
  step:  48 bond rmsd: 0.001563
  step:  49 bond rmsd: 0.001564
  step:  50 bond rmsd: 0.001566
  step:  51 bond rmsd: 0.001567
  step:  52 bond rmsd: 0.001570
micro_cycle  39 rmsd(b):  0.0016 rws:  1.000 n_fev: 2034
  step:   1 bond rmsd: 0.001570
  step:   2 bond rmsd: 0.075611
  step:   3 bond rmsd: 0.001640
  step:   4 bond rmsd: 0.001612
  step:   5 bond rmsd: 0.001595
  step:   6 bond rmsd: 0.001584
  step:   7 bond rmsd: 0.001577
  step:   8 bond rmsd: 0.001572
  step:   9 bond rmsd: 0.001569
  step:  10 bond rmsd: 0.001567
  step:  11 bond rmsd: 0.001565
  step:  12 bond rmsd: 0.001564
  step:  13 bond rmsd: 0.001564
  step:  14 bond rmsd: 0.001563
  step:  15 bond rmsd: 0.001563
  step:  16 bond rmsd: 0.001562
  step:  17 bond rmsd: 0.001562
  step:  18 bond rmsd: 0.001561
  step:  19 bond rmsd: 0.001560
  step:  20 bond rmsd: 0.001559
  step:  21 bond rmsd: 0.001557
  step:  22 bond rmsd: 0.001554
  step:  23 bond rmsd: 0.001549
  step:  24 bond rmsd: 0.001546
  step:  25 bond rmsd: 0.001544
  step:  26 bond rmsd: 0.001539
  step:  27 bond rmsd: 0.001538
  step:  28 bond rmsd: 0.001537
  step:  29 bond rmsd: 0.001536
  step:  30 bond rmsd: 0.001536
  step:  31 bond rmsd: 0.001536
  step:  32 bond rmsd: 0.001535
  step:  33 bond rmsd: 0.001535
  step:  34 bond rmsd: 0.001534
  step:  35 bond rmsd: 0.001534
  step:  36 bond rmsd: 0.001534
  step:  37 bond rmsd: 0.001533
  step:  38 bond rmsd: 0.001533
  step:  39 bond rmsd: 0.001532
  step:  40 bond rmsd: 0.001531
  step:  41 bond rmsd: 0.001530
  step:  42 bond rmsd: 0.001529
  step:  43 bond rmsd: 0.001528
  step:  44 bond rmsd: 0.001526
  step:  45 bond rmsd: 0.001525
  step:  46 bond rmsd: 0.001524
  step:  47 bond rmsd: 0.001522
  step:  48 bond rmsd: 0.001522
  step:  49 bond rmsd: 0.001520
  step:  50 bond rmsd: 0.001520
  step:  51 bond rmsd: 0.001520
  step:  52 bond rmsd: 0.001520
micro_cycle  40 rmsd(b):  0.0015 rws:  1.000 n_fev: 2086
  step:   1 bond rmsd: 0.001520
  step:   2 bond rmsd: 0.049361
  step:   3 bond rmsd: 0.001539
  step:   4 bond rmsd: 0.001535
  step:   5 bond rmsd: 0.001532
  step:   6 bond rmsd: 0.001530
  step:   7 bond rmsd: 0.001528
  step:   8 bond rmsd: 0.001527
  step:   9 bond rmsd: 0.001526
  step:  10 bond rmsd: 0.001525
  step:  11 bond rmsd: 0.001524
  step:  12 bond rmsd: 0.001524
  step:  13 bond rmsd: 0.001523
  step:  14 bond rmsd: 0.001523
  step:  15 bond rmsd: 0.001523
  step:  16 bond rmsd: 0.001523
  step:  17 bond rmsd: 0.001522
  step:  18 bond rmsd: 0.001523
  step:  19 bond rmsd: 0.001523
  step:  20 bond rmsd: 0.001524
  step:  21 bond rmsd: 0.001527
  step:  22 bond rmsd: 0.001529
  step:  23 bond rmsd: 0.001530
  step:  24 bond rmsd: 0.001538
  step:  25 bond rmsd: 0.001538
  step:  26 bond rmsd: 0.001538
  step:  27 bond rmsd: 0.001538
  step:  28 bond rmsd: 0.001537
  step:  29 bond rmsd: 0.001537
  step:  30 bond rmsd: 0.001537
  step:  31 bond rmsd: 0.001537
  step:  32 bond rmsd: 0.001537
  step:  33 bond rmsd: 0.001536
  step:  34 bond rmsd: 0.001536
  step:  35 bond rmsd: 0.001537
  step:  36 bond rmsd: 0.001537
  step:  37 bond rmsd: 0.001530
  step:  38 bond rmsd: 0.001530
  step:  39 bond rmsd: 0.001531
  step:  40 bond rmsd: 0.001532
  step:  41 bond rmsd: 0.001533
  step:  42 bond rmsd: 0.001533
  step:  43 bond rmsd: 0.001534
  step:  44 bond rmsd: 0.001534
  step:  45 bond rmsd: 0.001534
  step:  46 bond rmsd: 0.001534
  step:  47 bond rmsd: 0.001534
  step:  48 bond rmsd: 0.001537
  step:  49 bond rmsd: 0.001536
  step:  50 bond rmsd: 0.001535
  step:  51 bond rmsd: 0.001534
  step:  52 bond rmsd: 0.001532
  step:  53 bond rmsd: 0.001531
  step:  54 bond rmsd: 0.001529
micro_cycle  41 rmsd(b):  0.0015 rws:  1.000 n_fev: 2140
  step:   1 bond rmsd: 0.001529
  step:   2 bond rmsd: 0.032927
  step:   3 bond rmsd: 0.001550
  step:   4 bond rmsd: 0.001546
  step:   5 bond rmsd: 0.001543
  step:   6 bond rmsd: 0.001541
  step:   7 bond rmsd: 0.001539
  step:   8 bond rmsd: 0.001537
  step:   9 bond rmsd: 0.001536
  step:  10 bond rmsd: 0.001535
  step:  11 bond rmsd: 0.001535
  step:  12 bond rmsd: 0.001534
  step:  13 bond rmsd: 0.001534
  step:  14 bond rmsd: 0.001533
  step:  15 bond rmsd: 0.001533
  step:  16 bond rmsd: 0.001534
  step:  17 bond rmsd: 0.001535
  step:  18 bond rmsd: 0.001538
  step:  19 bond rmsd: 0.001540
  step:  20 bond rmsd: 0.001541
  step:  21 bond rmsd: 0.001542
  step:  22 bond rmsd: 0.001543
  step:  23 bond rmsd: 0.001543
  step:  24 bond rmsd: 0.001544
  step:  25 bond rmsd: 0.001543
  step:  26 bond rmsd: 0.001542
  step:  27 bond rmsd: 0.001542
  step:  28 bond rmsd: 0.001540
  step:  29 bond rmsd: 0.001539
  step:  30 bond rmsd: 0.001538
  step:  31 bond rmsd: 0.001536
  step:  32 bond rmsd: 0.001535
  step:  33 bond rmsd: 0.001533
  step:  34 bond rmsd: 0.001531
  step:  35 bond rmsd: 0.001529
  step:  36 bond rmsd: 0.001528
  step:  37 bond rmsd: 0.001526
  step:  38 bond rmsd: 0.001522
  step:  39 bond rmsd: 0.001520
  step:  40 bond rmsd: 0.001518
  step:  41 bond rmsd: 0.001515
  step:  42 bond rmsd: 0.001512
  step:  43 bond rmsd: 0.001509
  step:  44 bond rmsd: 0.001508
  step:  45 bond rmsd: 0.001504
  step:  46 bond rmsd: 0.001503
  step:  47 bond rmsd: 0.001502
  step:  48 bond rmsd: 0.001502
  step:  49 bond rmsd: 0.001502
  step:  50 bond rmsd: 0.001503
  step:  51 bond rmsd: 0.001504
  step:  52 bond rmsd: 0.001505
micro_cycle  42 rmsd(b):  0.0015 rws:  1.000 n_fev: 2192
  step:   1 bond rmsd: 0.001505
  step:   2 bond rmsd: 0.044092
  step:   3 bond rmsd: 0.001517
  step:   4 bond rmsd: 0.001514
  step:   5 bond rmsd: 0.001512
  step:   6 bond rmsd: 0.001511
  step:   7 bond rmsd: 0.001510
  step:   8 bond rmsd: 0.001510
  step:   9 bond rmsd: 0.001510
  step:  10 bond rmsd: 0.001511
  step:  11 bond rmsd: 0.001511
  step:  12 bond rmsd: 0.001512
  step:  13 bond rmsd: 0.001513
  step:  14 bond rmsd: 0.001514
  step:  15 bond rmsd: 0.001515
  step:  16 bond rmsd: 0.001517
  step:  17 bond rmsd: 0.001519
  step:  18 bond rmsd: 0.001520
  step:  19 bond rmsd: 0.001523
  step:  20 bond rmsd: 0.001523
  step:  21 bond rmsd: 0.001525
  step:  22 bond rmsd: 0.001527
  step:  23 bond rmsd: 0.001529
  step:  24 bond rmsd: 0.001530
  step:  25 bond rmsd: 0.001532
  step:  26 bond rmsd: 0.001533
  step:  27 bond rmsd: 0.001534
  step:  28 bond rmsd: 0.001535
  step:  29 bond rmsd: 0.001536
  step:  30 bond rmsd: 0.001536
  step:  31 bond rmsd: 0.001536
  step:  32 bond rmsd: 0.001537
  step:  33 bond rmsd: 0.001538
  step:  34 bond rmsd: 0.001538
  step:  35 bond rmsd: 0.001538
  step:  36 bond rmsd: 0.001539
  step:  37 bond rmsd: 0.001538
  step:  38 bond rmsd: 0.001538
  step:  39 bond rmsd: 0.001538
  step:  40 bond rmsd: 0.001537
  step:  41 bond rmsd: 0.001536
  step:  42 bond rmsd: 0.001535
  step:  43 bond rmsd: 0.001534
  step:  44 bond rmsd: 0.001533
  step:  45 bond rmsd: 0.001531
  step:  46 bond rmsd: 0.001529
  step:  47 bond rmsd: 0.001527
  step:  48 bond rmsd: 0.001523
  step:  49 bond rmsd: 0.001522
  step:  50 bond rmsd: 0.001519
  step:  51 bond rmsd: 0.001518
  step:  52 bond rmsd: 0.001516
micro_cycle  43 rmsd(b):  0.0015 rws:  1.000 n_fev: 2244
  step:   1 bond rmsd: 0.001516
  step:   2 bond rmsd: 0.060496
  step:   3 bond rmsd: 0.001628
  step:   4 bond rmsd: 0.001593
  step:   5 bond rmsd: 0.001569
  step:   6 bond rmsd: 0.001553
  step:   7 bond rmsd: 0.001543
  step:   8 bond rmsd: 0.001535
  step:   9 bond rmsd: 0.001530
  step:  10 bond rmsd: 0.001527
  step:  11 bond rmsd: 0.001524
  step:  12 bond rmsd: 0.001523
  step:  13 bond rmsd: 0.001522
  step:  14 bond rmsd: 0.001521
  step:  15 bond rmsd: 0.001520
  step:  16 bond rmsd: 0.001520
  step:  17 bond rmsd: 0.001520
  step:  18 bond rmsd: 0.001520
  step:  19 bond rmsd: 0.001520
  step:  20 bond rmsd: 0.001520
  step:  21 bond rmsd: 0.001520
  step:  22 bond rmsd: 0.001520
  step:  23 bond rmsd: 0.001521
  step:  24 bond rmsd: 0.001522
  step:  25 bond rmsd: 0.001524
  step:  26 bond rmsd: 0.001528
  step:  27 bond rmsd: 0.001531
  step:  28 bond rmsd: 0.001533
  step:  29 bond rmsd: 0.001536
  step:  30 bond rmsd: 0.001538
  step:  31 bond rmsd: 0.001540
  step:  32 bond rmsd: 0.001541
  step:  33 bond rmsd: 0.001542
  step:  34 bond rmsd: 0.001543
  step:  35 bond rmsd: 0.001543
  step:  36 bond rmsd: 0.001543
  step:  37 bond rmsd: 0.001543
  step:  38 bond rmsd: 0.001543
  step:  39 bond rmsd: 0.001542
  step:  40 bond rmsd: 0.001541
  step:  41 bond rmsd: 0.001539
  step:  42 bond rmsd: 0.001537
  step:  43 bond rmsd: 0.001536
  step:  44 bond rmsd: 0.001534
  step:  45 bond rmsd: 0.001533
  step:  46 bond rmsd: 0.001531
  step:  47 bond rmsd: 0.001530
  step:  48 bond rmsd: 0.001528
  step:  49 bond rmsd: 0.001526
  step:  50 bond rmsd: 0.001524
  step:  51 bond rmsd: 0.001522
  step:  52 bond rmsd: 0.001520
micro_cycle  44 rmsd(b):  0.0015 rws:  1.000 n_fev: 2296
  step:   1 bond rmsd: 0.001520
  step:   2 bond rmsd: 0.015977
  step:   3 bond rmsd: 0.001524
  step:   4 bond rmsd: 0.001523
  step:   5 bond rmsd: 0.001522
  step:   6 bond rmsd: 0.001522
  step:   7 bond rmsd: 0.001522
  step:   8 bond rmsd: 0.001522
  step:   9 bond rmsd: 0.001522
  step:  10 bond rmsd: 0.001522
  step:  11 bond rmsd: 0.001522
  step:  12 bond rmsd: 0.001522
  step:  13 bond rmsd: 0.001523
  step:  14 bond rmsd: 0.001523
  step:  15 bond rmsd: 0.001523
  step:  16 bond rmsd: 0.001524
  step:  17 bond rmsd: 0.001525
  step:  18 bond rmsd: 0.001527
  step:  19 bond rmsd: 0.001529
  step:  20 bond rmsd: 0.001529
  step:  21 bond rmsd: 0.001531
  step:  22 bond rmsd: 0.001532
  step:  23 bond rmsd: 0.001535
  step:  24 bond rmsd: 0.001536
  step:  25 bond rmsd: 0.001537
  step:  26 bond rmsd: 0.001538
  step:  27 bond rmsd: 0.001540
  step:  28 bond rmsd: 0.001540
  step:  29 bond rmsd: 0.001543
  step:  30 bond rmsd: 0.001543
  step:  31 bond rmsd: 0.001543
  step:  32 bond rmsd: 0.001543
  step:  33 bond rmsd: 0.001542
  step:  34 bond rmsd: 0.001540
  step:  35 bond rmsd: 0.001540
  step:  36 bond rmsd: 0.001538
  step:  37 bond rmsd: 0.001537
  step:  38 bond rmsd: 0.001536
  step:  39 bond rmsd: 0.001535
  step:  40 bond rmsd: 0.001534
  step:  41 bond rmsd: 0.001532
  step:  42 bond rmsd: 0.001529
  step:  43 bond rmsd: 0.001527
  step:  44 bond rmsd: 0.001522
  step:  45 bond rmsd: 0.001520
  step:  46 bond rmsd: 0.001516
  step:  47 bond rmsd: 0.001514
  step:  48 bond rmsd: 0.001510
  step:  49 bond rmsd: 0.001509
  step:  50 bond rmsd: 0.001506
  step:  51 bond rmsd: 0.001506
  step:  52 bond rmsd: 0.001505
micro_cycle  45 rmsd(b):  0.0015 rws:  1.000 n_fev: 2348
  step:   1 bond rmsd: 0.001505
  step:   2 bond rmsd: 0.047025
  step:   3 bond rmsd: 0.001535
  step:   4 bond rmsd: 0.001523
  step:   5 bond rmsd: 0.001515
  step:   6 bond rmsd: 0.001511
  step:   7 bond rmsd: 0.001508
  step:   8 bond rmsd: 0.001507
  step:   9 bond rmsd: 0.001506
  step:  10 bond rmsd: 0.001506
  step:  11 bond rmsd: 0.001506
  step:  12 bond rmsd: 0.001507
  step:  13 bond rmsd: 0.001507
  step:  14 bond rmsd: 0.001508
  step:  15 bond rmsd: 0.001508
  step:  16 bond rmsd: 0.001509
  step:  17 bond rmsd: 0.001510
  step:  18 bond rmsd: 0.001511
  step:  19 bond rmsd: 0.001512
  step:  20 bond rmsd: 0.001514
  step:  21 bond rmsd: 0.001517
  step:  22 bond rmsd: 0.001517
  step:  23 bond rmsd: 0.001519
  step:  24 bond rmsd: 0.001521
  step:  25 bond rmsd: 0.001523
  step:  26 bond rmsd: 0.001525
  step:  27 bond rmsd: 0.001526
  step:  28 bond rmsd: 0.001528
  step:  29 bond rmsd: 0.001529
  step:  30 bond rmsd: 0.001529
  step:  31 bond rmsd: 0.001532
  step:  32 bond rmsd: 0.001532
  step:  33 bond rmsd: 0.001533
  step:  34 bond rmsd: 0.001532
  step:  35 bond rmsd: 0.001533
  step:  36 bond rmsd: 0.001533
  step:  37 bond rmsd: 0.001533
  step:  38 bond rmsd: 0.001533
  step:  39 bond rmsd: 0.001533
  step:  40 bond rmsd: 0.001533
  step:  41 bond rmsd: 0.001532
  step:  42 bond rmsd: 0.001532
  step:  43 bond rmsd: 0.001531
  step:  44 bond rmsd: 0.001530
  step:  45 bond rmsd: 0.001530
  step:  46 bond rmsd: 0.001528
  step:  47 bond rmsd: 0.001526
  step:  48 bond rmsd: 0.001525
  step:  49 bond rmsd: 0.001525
  step:  50 bond rmsd: 0.001523
  step:  51 bond rmsd: 0.001520
  step:  52 bond rmsd: 0.001517
micro_cycle  46 rmsd(b):  0.0015 rws:  1.000 n_fev: 2400
  step:   1 bond rmsd: 0.001517
  step:   2 bond rmsd: 0.044889
  step:   3 bond rmsd: 0.001548
  step:   4 bond rmsd: 0.001528
  step:   5 bond rmsd: 0.001516
  step:   6 bond rmsd: 0.001510
  step:   7 bond rmsd: 0.001508
  step:   8 bond rmsd: 0.001507
  step:   9 bond rmsd: 0.001507
  step:  10 bond rmsd: 0.001507
  step:  11 bond rmsd: 0.001508
  step:  12 bond rmsd: 0.001509
  step:  13 bond rmsd: 0.001510
  step:  14 bond rmsd: 0.001511
  step:  15 bond rmsd: 0.001512
  step:  16 bond rmsd: 0.001512
  step:  17 bond rmsd: 0.001513
  step:  18 bond rmsd: 0.001514
  step:  19 bond rmsd: 0.001514
  step:  20 bond rmsd: 0.001515
  step:  21 bond rmsd: 0.001515
  step:  22 bond rmsd: 0.001516
  step:  23 bond rmsd: 0.001517
  step:  24 bond rmsd: 0.001518
  step:  25 bond rmsd: 0.001519
  step:  26 bond rmsd: 0.001520
  step:  27 bond rmsd: 0.001521
  step:  28 bond rmsd: 0.001517
  step:  29 bond rmsd: 0.001518
  step:  30 bond rmsd: 0.001520
  step:  31 bond rmsd: 0.001521
  step:  32 bond rmsd: 0.001522
  step:  33 bond rmsd: 0.001524
  step:  34 bond rmsd: 0.001525
  step:  35 bond rmsd: 0.001526
  step:  36 bond rmsd: 0.001526
  step:  37 bond rmsd: 0.001528
  step:  38 bond rmsd: 0.001528
  step:  39 bond rmsd: 0.001529
  step:  40 bond rmsd: 0.001530
  step:  41 bond rmsd: 0.001530
  step:  42 bond rmsd: 0.001532
  step:  43 bond rmsd: 0.001532
  step:  44 bond rmsd: 0.001532
  step:  45 bond rmsd: 0.001532
  step:  46 bond rmsd: 0.001532
  step:  47 bond rmsd: 0.001532
  step:  48 bond rmsd: 0.001532
  step:  49 bond rmsd: 0.001532
  step:  50 bond rmsd: 0.001532
  step:  51 bond rmsd: 0.001531
  step:  52 bond rmsd: 0.001531
micro_cycle  47 rmsd(b):  0.0015 rws:  1.000 n_fev: 2452
  step:   1 bond rmsd: 0.001531
  step:   2 bond rmsd: 0.033432
  step:   3 bond rmsd: 0.001528
  step:   4 bond rmsd: 0.001528
  step:   5 bond rmsd: 0.001528
  step:   6 bond rmsd: 0.001529
  step:   7 bond rmsd: 0.001529
  step:   8 bond rmsd: 0.001529
  step:   9 bond rmsd: 0.001529
  step:  10 bond rmsd: 0.001529
  step:  11 bond rmsd: 0.001529
  step:  12 bond rmsd: 0.001529
  step:  13 bond rmsd: 0.001529
  step:  14 bond rmsd: 0.001529
  step:  15 bond rmsd: 0.001529
  step:  16 bond rmsd: 0.001529
  step:  17 bond rmsd: 0.001529
  step:  18 bond rmsd: 0.001528
  step:  19 bond rmsd: 0.001527
  step:  20 bond rmsd: 0.001526
  step:  21 bond rmsd: 0.001527
  step:  22 bond rmsd: 0.001525
  step:  23 bond rmsd: 0.001525
  step:  24 bond rmsd: 0.001525
  step:  25 bond rmsd: 0.001525
  step:  26 bond rmsd: 0.001524
  step:  27 bond rmsd: 0.001524
  step:  28 bond rmsd: 0.001524
  step:  29 bond rmsd: 0.001524
  step:  30 bond rmsd: 0.001524
  step:  31 bond rmsd: 0.001524
  step:  32 bond rmsd: 0.001524
  step:  33 bond rmsd: 0.001524
  step:  34 bond rmsd: 0.001524
  step:  35 bond rmsd: 0.001524
  step:  36 bond rmsd: 0.001524
  step:  37 bond rmsd: 0.001525
  step:  38 bond rmsd: 0.001525
  step:  39 bond rmsd: 0.001526
  step:  40 bond rmsd: 0.001526
  step:  41 bond rmsd: 0.001527
  step:  42 bond rmsd: 0.001527
  step:  43 bond rmsd: 0.001526
  step:  44 bond rmsd: 0.001525
  step:  45 bond rmsd: 0.001524
  step:  46 bond rmsd: 0.001521
  step:  47 bond rmsd: 0.001520
  step:  48 bond rmsd: 0.001521
  step:  49 bond rmsd: 0.001519
  step:  50 bond rmsd: 0.001518
  step:  51 bond rmsd: 0.001515
  step:  52 bond rmsd: 0.001514
micro_cycle  48 rmsd(b):  0.0015 rws:  1.000 n_fev: 2504
  step:   1 bond rmsd: 0.001514
  step:   2 bond rmsd: 0.065878
  step:   3 bond rmsd: 0.002055
  step:   4 bond rmsd: 0.001893
  step:   5 bond rmsd: 0.001779
  step:   6 bond rmsd: 0.001700
  step:   7 bond rmsd: 0.001645
  step:   8 bond rmsd: 0.001607
  step:   9 bond rmsd: 0.001581
  step:  10 bond rmsd: 0.001563
  step:  11 bond rmsd: 0.001550
  step:  12 bond rmsd: 0.001541
  step:  13 bond rmsd: 0.001535
  step:  14 bond rmsd: 0.001530
  step:  15 bond rmsd: 0.001527
  step:  16 bond rmsd: 0.001524
  step:  17 bond rmsd: 0.001523
  step:  18 bond rmsd: 0.001521
  step:  19 bond rmsd: 0.001520
  step:  20 bond rmsd: 0.001519
  step:  21 bond rmsd: 0.001518
  step:  22 bond rmsd: 0.001517
  step:  23 bond rmsd: 0.001517
  step:  24 bond rmsd: 0.001516
  step:  25 bond rmsd: 0.001515
  step:  26 bond rmsd: 0.001515
  step:  27 bond rmsd: 0.001514
  step:  28 bond rmsd: 0.001514
  step:  29 bond rmsd: 0.001521
  step:  30 bond rmsd: 0.001521
  step:  31 bond rmsd: 0.001521
  step:  32 bond rmsd: 0.001521
  step:  33 bond rmsd: 0.001522
  step:  34 bond rmsd: 0.001522
  step:  35 bond rmsd: 0.001523
  step:  36 bond rmsd: 0.001523
  step:  37 bond rmsd: 0.001524
  step:  38 bond rmsd: 0.001524
  step:  39 bond rmsd: 0.001524
  step:  40 bond rmsd: 0.001525
  step:  41 bond rmsd: 0.001525
  step:  42 bond rmsd: 0.001526
  step:  43 bond rmsd: 0.001526
  step:  44 bond rmsd: 0.001527
  step:  45 bond rmsd: 0.001527
  step:  46 bond rmsd: 0.001527
  step:  47 bond rmsd: 0.001527
  step:  48 bond rmsd: 0.001527
  step:  49 bond rmsd: 0.001526
  step:  50 bond rmsd: 0.001526
  step:  51 bond rmsd: 0.001526
  step:  52 bond rmsd: 0.001525
micro_cycle  49 rmsd(b):  0.0015 rws:  1.000 n_fev: 2556
  step:   1 bond rmsd: 0.001525
  step:   2 bond rmsd: 0.033251
  step:   3 bond rmsd: 0.001530
  step:   4 bond rmsd: 0.001529
  step:   5 bond rmsd: 0.001529
  step:   6 bond rmsd: 0.001528
  step:   7 bond rmsd: 0.001528
  step:   8 bond rmsd: 0.001527
  step:   9 bond rmsd: 0.001527
  step:  10 bond rmsd: 0.001526
  step:  11 bond rmsd: 0.001526
  step:  12 bond rmsd: 0.001526
  step:  13 bond rmsd: 0.001525
  step:  14 bond rmsd: 0.001525
  step:  15 bond rmsd: 0.001525
  step:  16 bond rmsd: 0.001524
  step:  17 bond rmsd: 0.001524
  step:  18 bond rmsd: 0.001523
  step:  19 bond rmsd: 0.001523
  step:  20 bond rmsd: 0.001523
  step:  21 bond rmsd: 0.001523
  step:  22 bond rmsd: 0.001522
  step:  23 bond rmsd: 0.001522
  step:  24 bond rmsd: 0.001521
  step:  25 bond rmsd: 0.001521
  step:  26 bond rmsd: 0.001521
  step:  27 bond rmsd: 0.001521
  step:  28 bond rmsd: 0.001521
  step:  29 bond rmsd: 0.001520
  step:  30 bond rmsd: 0.001520
  step:  31 bond rmsd: 0.001520
  step:  32 bond rmsd: 0.001520
  step:  33 bond rmsd: 0.001520
  step:  34 bond rmsd: 0.001519
  step:  35 bond rmsd: 0.001519
  step:  36 bond rmsd: 0.001520
  step:  37 bond rmsd: 0.001520
  step:  38 bond rmsd: 0.001522
  step:  39 bond rmsd: 0.001522
  step:  40 bond rmsd: 0.001522
  step:  41 bond rmsd: 0.001523
  step:  42 bond rmsd: 0.001524
  step:  43 bond rmsd: 0.001524
  step:  44 bond rmsd: 0.001525
  step:  45 bond rmsd: 0.001528
  step:  46 bond rmsd: 0.001529
  step:  47 bond rmsd: 0.001530
  step:  48 bond rmsd: 0.001532
  step:  49 bond rmsd: 0.001533
  step:  50 bond rmsd: 0.001533
  step:  51 bond rmsd: 0.001534
  step:  52 bond rmsd: 0.001535
micro_cycle  50 rmsd(b):  0.0015 rws:  1.000 n_fev: 2608
See 4_refined.pdb in pdb folder.
Time: 39.2512
