Starting Q|R
Running refinement
   input {
     xray_data {
       file_name = None
       labels = None
       high_resolution = None
       low_resolution = None
       outliers_rejection = True
       french_wilson_scale = True
       french_wilson {
         max_bins = 60
         min_bin_size = 40
       }
       sigma_fobs_rejection_criterion = None
       sigma_iobs_rejection_criterion = None
       ignore_all_zeros = True
       force_anomalous_flag_to_be_equal_to = None
       convert_to_non_anomalous_if_ratio_pairs_lone_less_than_threshold = 0.5
       r_free_flags {
         file_name = None
         label = None
         test_flag_value = None
         ignore_r_free_flags = False
         disable_suitability_test = False
         ignore_pdb_hexdigest = False
         generate = False
         fraction = 0.1
         max_free = 2000
         lattice_symmetry_max_delta = 5
         use_lattice_symmetry = True
         use_dataman_shells = False
         n_shells = 20
       }
     }
     pdb {
       file_name = None
     }
     monomers {
       file_name = None
     }
     maps {
       map_file_name = None
       d_min = None
       map_coefficients_file_name = None
       map_coefficients_label = None
     }
     sequence = None
     scattering_table = wk1995 it1992 *n_gaussian neutron electron
     wavelength = None
     energy = None
     twin_law = Auto
   }
   max_atoms = 15000
   debug = False
   cluster {
     charge_cutoff = 8.0
     clustering = false
     charge_embedding = False
     two_buffers = False
     maxnum_residues_in_cluster = 15
     clustering_method = gnc *bcc
     altloc_method = *average subtract
   }
   restraints = *cctbx qm
   quantum {
     engine_name = *mopac ani torchani terachem turbomole pyscf orca gaussian \
                   xtb
     charge = None
     basis = Auto
     method = Auto
     memory = None
     nproc = None
     qm_addon = gcp dftd3 gcp-d3
     qm_addon_method = None
   }
   refine {
     dry_run = False
     sf_algorithm = *direct fft
     refinement_target_name = *ml ls_wunit_k1
     mode = *opt refine
     number_of_macro_cycles = 1
     number_of_weight_search_cycles = 50
     number_of_refine_cycles = 5
     number_of_micro_cycles = 50
     data_weight = None
     choose_best_use_r_work = False
     skip_initial_weight_optimization = False
     adjust_restraints_weight_scale_value = 2
     max_iterations_weight = 50
     max_iterations_refine = 50
     use_ase_lbfgs = False
     line_search = True
     stpmax = 0.2
     gradient_only = true
     update_all_scales = True
     refine_sites = True
     refine_adp = False
     restraints_weight_scale = 1.0
     shake_sites = False
     use_convergence_test = true
     max_bond_rmsd = 0.03
     max_r_work_r_free_gap = 5.0
     r_tolerance = 0.001
     rmsd_tolerance = 0.001
     opt_log = False
     pre_opt = False
     pre_opt_stpmax = 0.1
     pre_opt_iter = 10
     pre_opt_switch = 2
     pre_opt_gconv = 3000
   }
   parallel {
     method = *multiprocessing slurm pbs sge lsf threading
     nproc = None
     qsub_command = None
   }
   output_file_name_prefix = None
   output_folder_name = "pdb"
   shared_disk = True
   rst_file = None
   dump_gradients = None

Setting QM defaults
  Setting QM method to PM7


***********************************************************
restart info will be stored in /home/lum/3nir/cctbx_improve/cctbx_refine/pdb/5.rst.pickle
***********************************************************

start   0 rmsd(b):  0.0206 rws:  1.000 n_fev: 0
  step:   1 bond rmsd: 0.020598
  step:   2 bond rmsd: 0.079621
  step:   3 bond rmsd: 0.090291
  step:   4 bond rmsd: 0.073156
  step:   5 bond rmsd: 0.059235
  step:   6 bond rmsd: 0.048123
  step:   7 bond rmsd: 0.039335
  step:   8 bond rmsd: 0.032367
  step:   9 bond rmsd: 0.026878
  step:  10 bond rmsd: 0.022568
  step:  11 bond rmsd: 0.019206
  step:  12 bond rmsd: 0.016618
  step:  13 bond rmsd: 0.014635
  step:  14 bond rmsd: 0.013124
  step:  15 bond rmsd: 0.011977
  step:  16 bond rmsd: 0.011101
  step:  17 bond rmsd: 0.010422
  step:  18 bond rmsd: 0.009879
  step:  19 bond rmsd: 0.009423
  step:  20 bond rmsd: 0.009011
  step:  21 bond rmsd: 0.008604
  step:  22 bond rmsd: 0.008150
  step:  23 bond rmsd: 0.007627
  step:  24 bond rmsd: 0.006892
  step:  25 bond rmsd: 0.006546
  step:  26 bond rmsd: 0.006264
  step:  27 bond rmsd: 0.006005
  step:  28 bond rmsd: 0.005732
  step:  29 bond rmsd: 0.005496
  step:  30 bond rmsd: 0.005281
  step:  31 bond rmsd: 0.005085
  step:  32 bond rmsd: 0.004793
  step:  33 bond rmsd: 0.004570
  step:  34 bond rmsd: 0.004337
  step:  35 bond rmsd: 0.004007
  step:  36 bond rmsd: 0.003768
  step:  37 bond rmsd: 0.003487
  step:  38 bond rmsd: 0.003331
  step:  39 bond rmsd: 0.003137
  step:  40 bond rmsd: 0.003045
  step:  41 bond rmsd: 0.002963
  step:  42 bond rmsd: 0.002918
  step:  43 bond rmsd: 0.002867
  step:  44 bond rmsd: 0.002828
  step:  45 bond rmsd: 0.002806
  step:  46 bond rmsd: 0.002799
  step:  47 bond rmsd: 0.002802
  step:  48 bond rmsd: 0.002812
  step:  49 bond rmsd: 0.002793
  step:  50 bond rmsd: 0.002804
  step:  51 bond rmsd: 0.002738
  step:  52 bond rmsd: 0.002739
micro_cycle   1 rmsd(b):  0.0027 rws:  1.000 n_fev: 52
  step:   1 bond rmsd: 0.002739
  step:   2 bond rmsd: 0.056696
  step:   3 bond rmsd: 0.056696
  step:   4 bond rmsd: 0.045601
  step:   5 bond rmsd: 0.036748
  step:   6 bond rmsd: 0.029704
  step:   7 bond rmsd: 0.024105
  step:   8 bond rmsd: 0.019637
  step:   9 bond rmsd: 0.016059
  step:  10 bond rmsd: 0.013186
  step:  11 bond rmsd: 0.010881
  step:  12 bond rmsd: 0.009034
  step:  13 bond rmsd: 0.007559
  step:  14 bond rmsd: 0.006389
  step:  15 bond rmsd: 0.005467
  step:  16 bond rmsd: 0.004746
  step:  17 bond rmsd: 0.004189
  step:  18 bond rmsd: 0.003762
  step:  19 bond rmsd: 0.003437
  step:  20 bond rmsd: 0.003193
  step:  21 bond rmsd: 0.003009
  step:  22 bond rmsd: 0.002870
  step:  23 bond rmsd: 0.002764
  step:  24 bond rmsd: 0.002683
  step:  25 bond rmsd: 0.002619
  step:  26 bond rmsd: 0.002567
  step:  27 bond rmsd: 0.002523
  step:  28 bond rmsd: 0.002485
  step:  29 bond rmsd: 0.002451
  step:  30 bond rmsd: 0.002418
  step:  31 bond rmsd: 0.002387
  step:  32 bond rmsd: 0.002359
  step:  33 bond rmsd: 0.002332
  step:  34 bond rmsd: 0.002286
  step:  35 bond rmsd: 0.002325
  step:  36 bond rmsd: 0.002320
  step:  37 bond rmsd: 0.002325
  step:  38 bond rmsd: 0.002384
  step:  39 bond rmsd: 0.002438
  step:  40 bond rmsd: 0.002500
  step:  41 bond rmsd: 0.002569
  step:  42 bond rmsd: 0.002656
  step:  43 bond rmsd: 0.002740
  step:  44 bond rmsd: 0.002816
  step:  45 bond rmsd: 0.002913
  step:  46 bond rmsd: 0.002980
  step:  47 bond rmsd: 0.003026
  step:  48 bond rmsd: 0.003075
  step:  49 bond rmsd: 0.003080
  step:  50 bond rmsd: 0.003079
  step:  51 bond rmsd: 0.003053
  step:  52 bond rmsd: 0.003011
micro_cycle   2 rmsd(b):  0.0030 rws:  1.000 n_fev: 104
  step:   1 bond rmsd: 0.003011
  step:   2 bond rmsd: 0.058339
  step:   3 bond rmsd: 0.019643
  step:   4 bond rmsd: 0.015813
  step:   5 bond rmsd: 0.012742
  step:   6 bond rmsd: 0.010320
  step:   7 bond rmsd: 0.008417
  step:   8 bond rmsd: 0.006931
  step:   9 bond rmsd: 0.005780
  step:  10 bond rmsd: 0.004898
  step:  11 bond rmsd: 0.004232
  step:  12 bond rmsd: 0.003737
  step:  13 bond rmsd: 0.003375
  step:  14 bond rmsd: 0.003114
  step:  15 bond rmsd: 0.002928
  step:  16 bond rmsd: 0.002795
  step:  17 bond rmsd: 0.002701
  step:  18 bond rmsd: 0.002634
  step:  19 bond rmsd: 0.002585
  step:  20 bond rmsd: 0.002549
  step:  21 bond rmsd: 0.002522
  step:  22 bond rmsd: 0.002501
  step:  23 bond rmsd: 0.002483
  step:  24 bond rmsd: 0.002468
  step:  25 bond rmsd: 0.002454
  step:  26 bond rmsd: 0.002439
  step:  27 bond rmsd: 0.002421
  step:  28 bond rmsd: 0.002398
  step:  29 bond rmsd: 0.002365
  step:  30 bond rmsd: 0.002316
  step:  31 bond rmsd: 0.002242
  step:  32 bond rmsd: 0.002126
  step:  33 bond rmsd: 0.002002
  step:  34 bond rmsd: 0.002027
  step:  35 bond rmsd: 0.002027
  step:  36 bond rmsd: 0.001921
  step:  37 bond rmsd: 0.001848
  step:  38 bond rmsd: 0.001797
  step:  39 bond rmsd: 0.001763
  step:  40 bond rmsd: 0.001740
  step:  41 bond rmsd: 0.001725
  step:  42 bond rmsd: 0.001716
  step:  43 bond rmsd: 0.001711
  step:  44 bond rmsd: 0.001708
  step:  45 bond rmsd: 0.001707
  step:  46 bond rmsd: 0.001708
  step:  47 bond rmsd: 0.001710
  step:  48 bond rmsd: 0.001717
  step:  49 bond rmsd: 0.001724
  step:  50 bond rmsd: 0.001752
  step:  51 bond rmsd: 0.001769
  step:  52 bond rmsd: 0.001800
  step:  53 bond rmsd: 0.001831
micro_cycle   3 rmsd(b):  0.0018 rws:  1.000 n_fev: 157
  step:   1 bond rmsd: 0.001831
  step:   2 bond rmsd: 0.050108
  step:   3 bond rmsd: 0.014786
  step:   4 bond rmsd: 0.011845
  step:   5 bond rmsd: 0.009498
  step:   6 bond rmsd: 0.007638
  step:   7 bond rmsd: 0.006171
  step:   8 bond rmsd: 0.005020
  step:   9 bond rmsd: 0.004126
  step:  10 bond rmsd: 0.003440
  step:  11 bond rmsd: 0.002924
  step:  12 bond rmsd: 0.002545
  step:  13 bond rmsd: 0.002274
  step:  14 bond rmsd: 0.002085
  step:  15 bond rmsd: 0.001958
  step:  16 bond rmsd: 0.001875
  step:  17 bond rmsd: 0.001821
  step:  18 bond rmsd: 0.001787
  step:  19 bond rmsd: 0.001766
  step:  20 bond rmsd: 0.001753
  step:  21 bond rmsd: 0.001746
  step:  22 bond rmsd: 0.001742
  step:  23 bond rmsd: 0.001739
  step:  24 bond rmsd: 0.001738
  step:  25 bond rmsd: 0.001738
  step:  26 bond rmsd: 0.001738
  step:  27 bond rmsd: 0.001738
  step:  28 bond rmsd: 0.001738
  step:  29 bond rmsd: 0.001736
  step:  30 bond rmsd: 0.001732
  step:  31 bond rmsd: 0.001724
  step:  32 bond rmsd: 0.001708
  step:  33 bond rmsd: 0.001680
  step:  34 bond rmsd: 0.001694
  step:  35 bond rmsd: 0.001719
  step:  36 bond rmsd: 0.001765
  step:  37 bond rmsd: 0.001801
  step:  38 bond rmsd: 0.001848
  step:  39 bond rmsd: 0.001880
  step:  40 bond rmsd: 0.001916
  step:  41 bond rmsd: 0.001946
  step:  42 bond rmsd: 0.002008
  step:  43 bond rmsd: 0.002041
  step:  44 bond rmsd: 0.002072
  step:  45 bond rmsd: 0.002119
  step:  46 bond rmsd: 0.002194
  step:  47 bond rmsd: 0.002249
  step:  48 bond rmsd: 0.002286
  step:  49 bond rmsd: 0.002354
  step:  50 bond rmsd: 0.002391
  step:  51 bond rmsd: 0.002425
  step:  52 bond rmsd: 0.002415
micro_cycle   4 rmsd(b):  0.0024 rws:  1.000 n_fev: 209
  step:   1 bond rmsd: 0.002415
  step:   2 bond rmsd: 0.068556
  step:   3 bond rmsd: 0.025141
  step:   4 bond rmsd: 0.020164
  step:   5 bond rmsd: 0.016170
  step:   6 bond rmsd: 0.013009
  step:   7 bond rmsd: 0.010509
  step:   8 bond rmsd: 0.008537
  step:   9 bond rmsd: 0.006987
  step:  10 bond rmsd: 0.005779
  step:  11 bond rmsd: 0.004845
  step:  12 bond rmsd: 0.004133
  step:  13 bond rmsd: 0.003599
  step:  14 bond rmsd: 0.003206
  step:  15 bond rmsd: 0.002920
  step:  16 bond rmsd: 0.002716
  step:  17 bond rmsd: 0.002572
  step:  18 bond rmsd: 0.002471
  step:  19 bond rmsd: 0.002399
  step:  20 bond rmsd: 0.002348
  step:  21 bond rmsd: 0.002310
  step:  22 bond rmsd: 0.002282
  step:  23 bond rmsd: 0.002260
  step:  24 bond rmsd: 0.002242
  step:  25 bond rmsd: 0.002226
  step:  26 bond rmsd: 0.002210
  step:  27 bond rmsd: 0.002195
  step:  28 bond rmsd: 0.002177
  step:  29 bond rmsd: 0.002154
  step:  30 bond rmsd: 0.002124
  step:  31 bond rmsd: 0.002079
  step:  32 bond rmsd: 0.002015
  step:  33 bond rmsd: 0.001924
  step:  34 bond rmsd: 0.001799
  step:  35 bond rmsd: 0.001734
  step:  36 bond rmsd: 0.001670
  step:  37 bond rmsd: 0.001616
  step:  38 bond rmsd: 0.001592
  step:  39 bond rmsd: 0.001584
  step:  40 bond rmsd: 0.001573
  step:  41 bond rmsd: 0.001566
  step:  42 bond rmsd: 0.001561
  step:  43 bond rmsd: 0.001558
  step:  44 bond rmsd: 0.001555
  step:  45 bond rmsd: 0.001552
  step:  46 bond rmsd: 0.001552
  step:  47 bond rmsd: 0.001544
  step:  48 bond rmsd: 0.001541
  step:  49 bond rmsd: 0.001542
  step:  50 bond rmsd: 0.001538
  step:  51 bond rmsd: 0.001531
  step:  52 bond rmsd: 0.001522
micro_cycle   5 rmsd(b):  0.0015 rws:  1.000 n_fev: 261
  step:   1 bond rmsd: 0.001522
  step:   2 bond rmsd: 0.049626
  step:   3 bond rmsd: 0.005494
  step:   4 bond rmsd: 0.004490
  step:   5 bond rmsd: 0.003706
  step:   6 bond rmsd: 0.003103
  step:   7 bond rmsd: 0.002646
  step:   8 bond rmsd: 0.002306
  step:   9 bond rmsd: 0.002058
  step:  10 bond rmsd: 0.001882
  step:  11 bond rmsd: 0.001759
  step:  12 bond rmsd: 0.001676
  step:  13 bond rmsd: 0.001619
  step:  14 bond rmsd: 0.001582
  step:  15 bond rmsd: 0.001557
  step:  16 bond rmsd: 0.001541
  step:  17 bond rmsd: 0.001530
  step:  18 bond rmsd: 0.001523
  step:  19 bond rmsd: 0.001518
  step:  20 bond rmsd: 0.001515
  step:  21 bond rmsd: 0.001512
  step:  22 bond rmsd: 0.001511
  step:  23 bond rmsd: 0.001510
  step:  24 bond rmsd: 0.001510
  step:  25 bond rmsd: 0.001509
  step:  26 bond rmsd: 0.001510
  step:  27 bond rmsd: 0.001510
  step:  28 bond rmsd: 0.001512
  step:  29 bond rmsd: 0.001514
  step:  30 bond rmsd: 0.001518
  step:  31 bond rmsd: 0.001521
  step:  32 bond rmsd: 0.001527
  step:  33 bond rmsd: 0.001545
  step:  34 bond rmsd: 0.001564
  step:  35 bond rmsd: 0.001580
  step:  36 bond rmsd: 0.001594
  step:  37 bond rmsd: 0.001609
  step:  38 bond rmsd: 0.001622
  step:  39 bond rmsd: 0.001634
  step:  40 bond rmsd: 0.001649
  step:  41 bond rmsd: 0.001681
  step:  42 bond rmsd: 0.001712
  step:  43 bond rmsd: 0.001760
  step:  44 bond rmsd: 0.001793
  step:  45 bond rmsd: 0.001859
  step:  46 bond rmsd: 0.001913
  step:  47 bond rmsd: 0.001966
  step:  48 bond rmsd: 0.002027
  step:  49 bond rmsd: 0.002068
  step:  50 bond rmsd: 0.002118
  step:  51 bond rmsd: 0.002174
  step:  52 bond rmsd: 0.002197
micro_cycle   6 rmsd(b):  0.0022 rws:  1.000 n_fev: 313
  step:   1 bond rmsd: 0.002197
  step:   2 bond rmsd: 0.089268
  step:   3 bond rmsd: 0.032896
  step:   4 bond rmsd: 0.026344
  step:   5 bond rmsd: 0.021090
  step:   6 bond rmsd: 0.016913
  step:   7 bond rmsd: 0.013592
  step:   8 bond rmsd: 0.010954
  step:   9 bond rmsd: 0.008863
  step:  10 bond rmsd: 0.007210
  step:  11 bond rmsd: 0.005913
  step:  12 bond rmsd: 0.004901
  step:  13 bond rmsd: 0.004123
  step:  14 bond rmsd: 0.003532
  step:  15 bond rmsd: 0.003091
  step:  16 bond rmsd: 0.002769
  step:  17 bond rmsd: 0.002537
  step:  18 bond rmsd: 0.002374
  step:  19 bond rmsd: 0.002261
  step:  20 bond rmsd: 0.002181
  step:  21 bond rmsd: 0.002126
  step:  22 bond rmsd: 0.002087
  step:  23 bond rmsd: 0.002059
  step:  24 bond rmsd: 0.002039
  step:  25 bond rmsd: 0.002022
  step:  26 bond rmsd: 0.002009
  step:  27 bond rmsd: 0.001997
  step:  28 bond rmsd: 0.001985
  step:  29 bond rmsd: 0.001973
  step:  30 bond rmsd: 0.001958
  step:  31 bond rmsd: 0.001938
  step:  32 bond rmsd: 0.001909
  step:  33 bond rmsd: 0.001868
  step:  34 bond rmsd: 0.001806
  step:  35 bond rmsd: 0.001710
  step:  36 bond rmsd: 0.001654
  step:  37 bond rmsd: 0.001601
  step:  38 bond rmsd: 0.001588
  step:  39 bond rmsd: 0.001548
  step:  40 bond rmsd: 0.001518
  step:  41 bond rmsd: 0.001494
  step:  42 bond rmsd: 0.001476
  step:  43 bond rmsd: 0.001460
  step:  44 bond rmsd: 0.001450
  step:  45 bond rmsd: 0.001442
  step:  46 bond rmsd: 0.001435
  step:  47 bond rmsd: 0.001430
  step:  48 bond rmsd: 0.001425
  step:  49 bond rmsd: 0.001422
  step:  50 bond rmsd: 0.001419
  step:  51 bond rmsd: 0.001419
  step:  52 bond rmsd: 0.001419
micro_cycle   7 rmsd(b):  0.0014 rws:  1.000 n_fev: 365
  step:   1 bond rmsd: 0.001419
  step:   2 bond rmsd: 0.057780
  step:   3 bond rmsd: 0.001551
  step:   4 bond rmsd: 0.001515
  step:   5 bond rmsd: 0.001489
  step:   6 bond rmsd: 0.001472
  step:   7 bond rmsd: 0.001460
  step:   8 bond rmsd: 0.001452
  step:   9 bond rmsd: 0.001447
  step:  10 bond rmsd: 0.001443
  step:  11 bond rmsd: 0.001441
  step:  12 bond rmsd: 0.001440
  step:  13 bond rmsd: 0.001439
  step:  14 bond rmsd: 0.001439
  step:  15 bond rmsd: 0.001439
  step:  16 bond rmsd: 0.001440
  step:  17 bond rmsd: 0.001441
  step:  18 bond rmsd: 0.001444
  step:  19 bond rmsd: 0.001448
  step:  20 bond rmsd: 0.001455
  step:  21 bond rmsd: 0.001467
  step:  22 bond rmsd: 0.001485
  step:  23 bond rmsd: 0.001507
  step:  24 bond rmsd: 0.001542
  step:  25 bond rmsd: 0.001560
  step:  26 bond rmsd: 0.001578
  step:  27 bond rmsd: 0.001609
  step:  28 bond rmsd: 0.001626
  step:  29 bond rmsd: 0.001641
  step:  30 bond rmsd: 0.001656
  step:  31 bond rmsd: 0.001672
  step:  32 bond rmsd: 0.001691
  step:  33 bond rmsd: 0.001707
  step:  34 bond rmsd: 0.001721
  step:  35 bond rmsd: 0.001730
  step:  36 bond rmsd: 0.001738
  step:  37 bond rmsd: 0.001743
  step:  38 bond rmsd: 0.001750
  step:  39 bond rmsd: 0.001752
  step:  40 bond rmsd: 0.001752
  step:  41 bond rmsd: 0.001749
  step:  42 bond rmsd: 0.001747
  step:  43 bond rmsd: 0.001747
  step:  44 bond rmsd: 0.001734
  step:  45 bond rmsd: 0.001763
  step:  46 bond rmsd: 0.001751
  step:  47 bond rmsd: 0.001733
  step:  48 bond rmsd: 0.001704
  step:  49 bond rmsd: 0.001698
  step:  50 bond rmsd: 0.001644
  step:  51 bond rmsd: 0.001638
  step:  52 bond rmsd: 0.001622
micro_cycle   8 rmsd(b):  0.0016 rws:  1.000 n_fev: 417
  step:   1 bond rmsd: 0.001622
  step:   2 bond rmsd: 0.047697
  step:   3 bond rmsd: 0.047697
  step:   4 bond rmsd: 0.037950
  step:   5 bond rmsd: 0.030065
  step:   6 bond rmsd: 0.023902
  step:   7 bond rmsd: 0.019061
  step:   8 bond rmsd: 0.015243
  step:   9 bond rmsd: 0.012224
  step:  10 bond rmsd: 0.009833
  step:  11 bond rmsd: 0.007940
  step:  12 bond rmsd: 0.006442
  step:  13 bond rmsd: 0.005262
  step:  14 bond rmsd: 0.004336
  step:  15 bond rmsd: 0.003614
  step:  16 bond rmsd: 0.003058
  step:  17 bond rmsd: 0.002635
  step:  18 bond rmsd: 0.002317
  step:  19 bond rmsd: 0.002083
  step:  20 bond rmsd: 0.001913
  step:  21 bond rmsd: 0.001791
  step:  22 bond rmsd: 0.001704
  step:  23 bond rmsd: 0.001642
  step:  24 bond rmsd: 0.001598
  step:  25 bond rmsd: 0.001567
  step:  26 bond rmsd: 0.001544
  step:  27 bond rmsd: 0.001526
  step:  28 bond rmsd: 0.001513
  step:  29 bond rmsd: 0.001502
  step:  30 bond rmsd: 0.001494
  step:  31 bond rmsd: 0.001486
  step:  32 bond rmsd: 0.001478
  step:  33 bond rmsd: 0.001470
  step:  34 bond rmsd: 0.001462
  step:  35 bond rmsd: 0.001454
  step:  36 bond rmsd: 0.001447
  step:  37 bond rmsd: 0.001444
  step:  38 bond rmsd: 0.001494
  step:  39 bond rmsd: 0.001489
  step:  40 bond rmsd: 0.001486
  step:  41 bond rmsd: 0.001485
  step:  42 bond rmsd: 0.001483
  step:  43 bond rmsd: 0.001484
  step:  44 bond rmsd: 0.001481
  step:  45 bond rmsd: 0.001481
  step:  46 bond rmsd: 0.001478
  step:  47 bond rmsd: 0.001478
  step:  48 bond rmsd: 0.001476
  step:  49 bond rmsd: 0.001473
  step:  50 bond rmsd: 0.001470
  step:  51 bond rmsd: 0.001466
  step:  52 bond rmsd: 0.001449
micro_cycle   9 rmsd(b):  0.0014 rws:  1.000 n_fev: 469
  step:   1 bond rmsd: 0.001449
  step:   2 bond rmsd: 0.073176
  step:   3 bond rmsd: 0.005436
  step:   4 bond rmsd: 0.004458
  step:   5 bond rmsd: 0.003692
  step:   6 bond rmsd: 0.003100
  step:   7 bond rmsd: 0.002648
  step:   8 bond rmsd: 0.002309
  step:   9 bond rmsd: 0.002058
  step:  10 bond rmsd: 0.001877
  step:  11 bond rmsd: 0.001747
  step:  12 bond rmsd: 0.001657
  step:  13 bond rmsd: 0.001593
  step:  14 bond rmsd: 0.001549
  step:  15 bond rmsd: 0.001519
  step:  16 bond rmsd: 0.001497
  step:  17 bond rmsd: 0.001482
  step:  18 bond rmsd: 0.001472
  step:  19 bond rmsd: 0.001464
  step:  20 bond rmsd: 0.001458
  step:  21 bond rmsd: 0.001454
  step:  22 bond rmsd: 0.001450
  step:  23 bond rmsd: 0.001447
  step:  24 bond rmsd: 0.001445
  step:  25 bond rmsd: 0.001442
  step:  26 bond rmsd: 0.001440
  step:  27 bond rmsd: 0.001438
  step:  28 bond rmsd: 0.001435
  step:  29 bond rmsd: 0.001431
  step:  30 bond rmsd: 0.001426
  step:  31 bond rmsd: 0.001420
  step:  32 bond rmsd: 0.001413
  step:  33 bond rmsd: 0.001414
  step:  34 bond rmsd: 0.001413
  step:  35 bond rmsd: 0.001410
  step:  36 bond rmsd: 0.001402
  step:  37 bond rmsd: 0.001401
  step:  38 bond rmsd: 0.001410
  step:  39 bond rmsd: 0.001414
  step:  40 bond rmsd: 0.001412
  step:  41 bond rmsd: 0.001420
  step:  42 bond rmsd: 0.001427
  step:  43 bond rmsd: 0.001437
  step:  44 bond rmsd: 0.001443
  step:  45 bond rmsd: 0.001453
  step:  46 bond rmsd: 0.001464
  step:  47 bond rmsd: 0.001473
  step:  48 bond rmsd: 0.001479
  step:  49 bond rmsd: 0.001487
  step:  50 bond rmsd: 0.001492
  step:  51 bond rmsd: 0.001496
  step:  52 bond rmsd: 0.001502
micro_cycle  10 rmsd(b):  0.0015 rws:  1.000 n_fev: 521
  step:   1 bond rmsd: 0.001502
  step:   2 bond rmsd: 0.074067
  step:   3 bond rmsd: 0.001954
  step:   4 bond rmsd: 0.001792
  step:   5 bond rmsd: 0.001683
  step:   6 bond rmsd: 0.001610
  step:   7 bond rmsd: 0.001562
  step:   8 bond rmsd: 0.001532
  step:   9 bond rmsd: 0.001513
  step:  10 bond rmsd: 0.001501
  step:  11 bond rmsd: 0.001493
  step:  12 bond rmsd: 0.001489
  step:  13 bond rmsd: 0.001486
  step:  14 bond rmsd: 0.001484
  step:  15 bond rmsd: 0.001482
  step:  16 bond rmsd: 0.001481
  step:  17 bond rmsd: 0.001481
  step:  18 bond rmsd: 0.001480
  step:  19 bond rmsd: 0.001479
  step:  20 bond rmsd: 0.001478
  step:  21 bond rmsd: 0.001477
  step:  22 bond rmsd: 0.001475
  step:  23 bond rmsd: 0.001472
  step:  24 bond rmsd: 0.001468
  step:  25 bond rmsd: 0.001460
  step:  26 bond rmsd: 0.001447
  step:  27 bond rmsd: 0.001427
  step:  28 bond rmsd: 0.001419
  step:  29 bond rmsd: 0.001414
  step:  30 bond rmsd: 0.001408
  step:  31 bond rmsd: 0.001406
  step:  32 bond rmsd: 0.001405
  step:  33 bond rmsd: 0.001407
  step:  34 bond rmsd: 0.001407
  step:  35 bond rmsd: 0.001412
  step:  36 bond rmsd: 0.001417
  step:  37 bond rmsd: 0.001420
  step:  38 bond rmsd: 0.001426
  step:  39 bond rmsd: 0.001433
  step:  40 bond rmsd: 0.001436
  step:  41 bond rmsd: 0.001441
  step:  42 bond rmsd: 0.001464
  step:  43 bond rmsd: 0.001467
  step:  44 bond rmsd: 0.001467
  step:  45 bond rmsd: 0.001469
  step:  46 bond rmsd: 0.001472
  step:  47 bond rmsd: 0.001468
  step:  48 bond rmsd: 0.001466
  step:  49 bond rmsd: 0.001469
  step:  50 bond rmsd: 0.001455
  step:  51 bond rmsd: 0.001454
  step:  52 bond rmsd: 0.001449
micro_cycle  11 rmsd(b):  0.0014 rws:  1.000 n_fev: 573
  step:   1 bond rmsd: 0.001449
  step:   2 bond rmsd: 0.047516
  step:   3 bond rmsd: 0.003866
  step:   4 bond rmsd: 0.003235
  step:   5 bond rmsd: 0.002751
  step:   6 bond rmsd: 0.002385
  step:   7 bond rmsd: 0.002115
  step:   8 bond rmsd: 0.001918
  step:   9 bond rmsd: 0.001776
  step:  10 bond rmsd: 0.001677
  step:  11 bond rmsd: 0.001607
  step:  12 bond rmsd: 0.001558
  step:  13 bond rmsd: 0.001524
  step:  14 bond rmsd: 0.001501
  step:  15 bond rmsd: 0.001484
  step:  16 bond rmsd: 0.001471
  step:  17 bond rmsd: 0.001462
  step:  18 bond rmsd: 0.001456
  step:  19 bond rmsd: 0.001450
  step:  20 bond rmsd: 0.001446
  step:  21 bond rmsd: 0.001443
  step:  22 bond rmsd: 0.001440
  step:  23 bond rmsd: 0.001437
  step:  24 bond rmsd: 0.001434
  step:  25 bond rmsd: 0.001431
  step:  26 bond rmsd: 0.001427
  step:  27 bond rmsd: 0.001423
  step:  28 bond rmsd: 0.001416
  step:  29 bond rmsd: 0.001407
  step:  30 bond rmsd: 0.001395
  step:  31 bond rmsd: 0.001378
  step:  32 bond rmsd: 0.001391
  step:  33 bond rmsd: 0.001378
  step:  34 bond rmsd: 0.001370
  step:  35 bond rmsd: 0.001376
  step:  36 bond rmsd: 0.001372
  step:  37 bond rmsd: 0.001376
  step:  38 bond rmsd: 0.001382
  step:  39 bond rmsd: 0.001388
  step:  40 bond rmsd: 0.001396
  step:  41 bond rmsd: 0.001402
  step:  42 bond rmsd: 0.001411
  step:  43 bond rmsd: 0.001420
  step:  44 bond rmsd: 0.001428
  step:  45 bond rmsd: 0.001439
  step:  46 bond rmsd: 0.001452
  step:  47 bond rmsd: 0.001463
  step:  48 bond rmsd: 0.001480
  step:  49 bond rmsd: 0.001489
  step:  50 bond rmsd: 0.001499
  step:  51 bond rmsd: 0.001513
  step:  52 bond rmsd: 0.001521
micro_cycle  12 rmsd(b):  0.0015 rws:  1.000 n_fev: 625
  step:   1 bond rmsd: 0.001521
  step:   2 bond rmsd: 0.054611
  step:   3 bond rmsd: 0.001680
  step:   4 bond rmsd: 0.001621
  step:   5 bond rmsd: 0.001582
  step:   6 bond rmsd: 0.001557
  step:   7 bond rmsd: 0.001540
  step:   8 bond rmsd: 0.001530
  step:   9 bond rmsd: 0.001523
  step:  10 bond rmsd: 0.001518
  step:  11 bond rmsd: 0.001515
  step:  12 bond rmsd: 0.001512
  step:  13 bond rmsd: 0.001511
  step:  14 bond rmsd: 0.001509
  step:  15 bond rmsd: 0.001508
  step:  16 bond rmsd: 0.001507
  step:  17 bond rmsd: 0.001506
  step:  18 bond rmsd: 0.001505
  step:  19 bond rmsd: 0.001503
  step:  20 bond rmsd: 0.001501
  step:  21 bond rmsd: 0.001499
  step:  22 bond rmsd: 0.001494
  step:  23 bond rmsd: 0.001488
  step:  24 bond rmsd: 0.001478
  step:  25 bond rmsd: 0.001461
  step:  26 bond rmsd: 0.001438
  step:  27 bond rmsd: 0.001420
  step:  28 bond rmsd: 0.001406
  step:  29 bond rmsd: 0.001393
  step:  30 bond rmsd: 0.001379
  step:  31 bond rmsd: 0.001371
  step:  32 bond rmsd: 0.001366
  step:  33 bond rmsd: 0.001357
  step:  34 bond rmsd: 0.001353
  step:  35 bond rmsd: 0.001351
  step:  36 bond rmsd: 0.001349
  step:  37 bond rmsd: 0.001345
  step:  38 bond rmsd: 0.001347
  step:  39 bond rmsd: 0.001348
  step:  40 bond rmsd: 0.001351
  step:  41 bond rmsd: 0.001354
  step:  42 bond rmsd: 0.001359
  step:  43 bond rmsd: 0.001366
  step:  44 bond rmsd: 0.001375
  step:  45 bond rmsd: 0.001386
  step:  46 bond rmsd: 0.001396
  step:  47 bond rmsd: 0.001408
  step:  48 bond rmsd: 0.001423
  step:  49 bond rmsd: 0.001435
  step:  50 bond rmsd: 0.001450
  step:  51 bond rmsd: 0.001469
  step:  52 bond rmsd: 0.001484
micro_cycle  13 rmsd(b):  0.0015 rws:  1.000 n_fev: 677
  step:   1 bond rmsd: 0.001484
  step:   2 bond rmsd: 0.060541
  step:   3 bond rmsd: 0.001518
  step:   4 bond rmsd: 0.001495
  step:   5 bond rmsd: 0.001481
  step:   6 bond rmsd: 0.001471
  step:   7 bond rmsd: 0.001464
  step:   8 bond rmsd: 0.001459
  step:   9 bond rmsd: 0.001455
  step:  10 bond rmsd: 0.001452
  step:  11 bond rmsd: 0.001449
  step:  12 bond rmsd: 0.001447
  step:  13 bond rmsd: 0.001445
  step:  14 bond rmsd: 0.001443
  step:  15 bond rmsd: 0.001441
  step:  16 bond rmsd: 0.001439
  step:  17 bond rmsd: 0.001436
  step:  18 bond rmsd: 0.001433
  step:  19 bond rmsd: 0.001428
  step:  20 bond rmsd: 0.001421
  step:  21 bond rmsd: 0.001410
  step:  22 bond rmsd: 0.001394
  step:  23 bond rmsd: 0.001383
  step:  24 bond rmsd: 0.001374
  step:  25 bond rmsd: 0.001364
  step:  26 bond rmsd: 0.001358
  step:  27 bond rmsd: 0.001352
  step:  28 bond rmsd: 0.001349
  step:  29 bond rmsd: 0.001347
  step:  30 bond rmsd: 0.001346
  step:  31 bond rmsd: 0.001345
  step:  32 bond rmsd: 0.001347
  step:  33 bond rmsd: 0.001355
  step:  34 bond rmsd: 0.001361
  step:  35 bond rmsd: 0.001367
  step:  36 bond rmsd: 0.001376
  step:  37 bond rmsd: 0.001386
  step:  38 bond rmsd: 0.001399
  step:  39 bond rmsd: 0.001411
  step:  40 bond rmsd: 0.001423
  step:  41 bond rmsd: 0.001435
  step:  42 bond rmsd: 0.001446
  step:  43 bond rmsd: 0.001459
  step:  44 bond rmsd: 0.001471
  step:  45 bond rmsd: 0.001485
  step:  46 bond rmsd: 0.001497
  step:  47 bond rmsd: 0.001513
  step:  48 bond rmsd: 0.001526
  step:  49 bond rmsd: 0.001539
  step:  50 bond rmsd: 0.001552
  step:  51 bond rmsd: 0.001563
  step:  52 bond rmsd: 0.001575
micro_cycle  14 rmsd(b):  0.0016 rws:  1.000 n_fev: 729
  step:   1 bond rmsd: 0.001575
  step:   2 bond rmsd: 0.043838
  step:   3 bond rmsd: 0.003238
  step:   4 bond rmsd: 0.002770
  step:   5 bond rmsd: 0.002419
  step:   6 bond rmsd: 0.002163
  step:   7 bond rmsd: 0.001978
  step:   8 bond rmsd: 0.001848
  step:   9 bond rmsd: 0.001757
  step:  10 bond rmsd: 0.001693
  step:  11 bond rmsd: 0.001650
  step:  12 bond rmsd: 0.001619
  step:  13 bond rmsd: 0.001598
  step:  14 bond rmsd: 0.001582
  step:  15 bond rmsd: 0.001571
  step:  16 bond rmsd: 0.001562
  step:  17 bond rmsd: 0.001555
  step:  18 bond rmsd: 0.001550
  step:  19 bond rmsd: 0.001545
  step:  20 bond rmsd: 0.001541
  step:  21 bond rmsd: 0.001537
  step:  22 bond rmsd: 0.001534
  step:  23 bond rmsd: 0.001530
  step:  24 bond rmsd: 0.001525
  step:  25 bond rmsd: 0.001519
  step:  26 bond rmsd: 0.001510
  step:  27 bond rmsd: 0.001498
  step:  28 bond rmsd: 0.001480
  step:  29 bond rmsd: 0.001457
  step:  30 bond rmsd: 0.001437
  step:  31 bond rmsd: 0.001420
  step:  32 bond rmsd: 0.001401
  step:  33 bond rmsd: 0.001388
  step:  34 bond rmsd: 0.001379
  step:  35 bond rmsd: 0.001366
  step:  36 bond rmsd: 0.001360
  step:  37 bond rmsd: 0.001354
  step:  38 bond rmsd: 0.001347
  step:  39 bond rmsd: 0.001342
  step:  40 bond rmsd: 0.001336
  step:  41 bond rmsd: 0.001332
  step:  42 bond rmsd: 0.001326
  step:  43 bond rmsd: 0.001323
  step:  44 bond rmsd: 0.001322
  step:  45 bond rmsd: 0.001317
  step:  46 bond rmsd: 0.001318
  step:  47 bond rmsd: 0.001322
  step:  48 bond rmsd: 0.001328
  step:  49 bond rmsd: 0.001335
  step:  50 bond rmsd: 0.001344
  step:  51 bond rmsd: 0.001354
  step:  52 bond rmsd: 0.001363
micro_cycle  15 rmsd(b):  0.0014 rws:  1.000 n_fev: 781
  step:   1 bond rmsd: 0.001363
  step:   2 bond rmsd: 0.049142
  step:   3 bond rmsd: 0.001404
  step:   4 bond rmsd: 0.001393
  step:   5 bond rmsd: 0.001386
  step:   6 bond rmsd: 0.001381
  step:   7 bond rmsd: 0.001377
  step:   8 bond rmsd: 0.001375
  step:   9 bond rmsd: 0.001373
  step:  10 bond rmsd: 0.001372
  step:  11 bond rmsd: 0.001371
  step:  12 bond rmsd: 0.001370
  step:  13 bond rmsd: 0.001370
  step:  14 bond rmsd: 0.001370
  step:  15 bond rmsd: 0.001370
  step:  16 bond rmsd: 0.001371
  step:  17 bond rmsd: 0.001373
  step:  18 bond rmsd: 0.001376
  step:  19 bond rmsd: 0.001382
  step:  20 bond rmsd: 0.001390
  step:  21 bond rmsd: 0.001408
  step:  22 bond rmsd: 0.001414
  step:  23 bond rmsd: 0.001420
  step:  24 bond rmsd: 0.001425
  step:  25 bond rmsd: 0.001430
  step:  26 bond rmsd: 0.001435
  step:  27 bond rmsd: 0.001437
  step:  28 bond rmsd: 0.001441
  step:  29 bond rmsd: 0.001445
  step:  30 bond rmsd: 0.001451
  step:  31 bond rmsd: 0.001453
  step:  32 bond rmsd: 0.001454
  step:  33 bond rmsd: 0.001454
  step:  34 bond rmsd: 0.001453
  step:  35 bond rmsd: 0.001450
  step:  36 bond rmsd: 0.001444
  step:  37 bond rmsd: 0.001440
  step:  38 bond rmsd: 0.001437
  step:  39 bond rmsd: 0.001428
  step:  40 bond rmsd: 0.001423
  step:  41 bond rmsd: 0.001420
  step:  42 bond rmsd: 0.001413
  step:  43 bond rmsd: 0.001399
  step:  44 bond rmsd: 0.001380
  step:  45 bond rmsd: 0.001363
  step:  46 bond rmsd: 0.001340
  step:  47 bond rmsd: 0.001322
  step:  48 bond rmsd: 0.001310
  step:  49 bond rmsd: 0.001290
  step:  50 bond rmsd: 0.001279
  step:  51 bond rmsd: 0.001268
  step:  52 bond rmsd: 0.001261
micro_cycle  16 rmsd(b):  0.0013 rws:  1.000 n_fev: 833
  step:   1 bond rmsd: 0.001261
  step:   2 bond rmsd: 0.058312
  step:   3 bond rmsd: 0.002562
  step:   4 bond rmsd: 0.002191
  step:   5 bond rmsd: 0.001915
  step:   6 bond rmsd: 0.001713
  step:   7 bond rmsd: 0.001569
  step:   8 bond rmsd: 0.001468
  step:   9 bond rmsd: 0.001398
  step:  10 bond rmsd: 0.001350
  step:  11 bond rmsd: 0.001318
  step:  12 bond rmsd: 0.001296
  step:  13 bond rmsd: 0.001281
  step:  14 bond rmsd: 0.001272
  step:  15 bond rmsd: 0.001265
  step:  16 bond rmsd: 0.001260
  step:  17 bond rmsd: 0.001257
  step:  18 bond rmsd: 0.001255
  step:  19 bond rmsd: 0.001254
  step:  20 bond rmsd: 0.001254
  step:  21 bond rmsd: 0.001254
  step:  22 bond rmsd: 0.001254
  step:  23 bond rmsd: 0.001256
  step:  24 bond rmsd: 0.001259
  step:  25 bond rmsd: 0.001265
  step:  26 bond rmsd: 0.001276
  step:  27 bond rmsd: 0.001295
  step:  28 bond rmsd: 0.001313
  step:  29 bond rmsd: 0.001331
  step:  30 bond rmsd: 0.001380
  step:  31 bond rmsd: 0.001391
  step:  32 bond rmsd: 0.001400
  step:  33 bond rmsd: 0.001408
  step:  34 bond rmsd: 0.001416
  step:  35 bond rmsd: 0.001423
  step:  36 bond rmsd: 0.001429
  step:  37 bond rmsd: 0.001435
  step:  38 bond rmsd: 0.001443
  step:  39 bond rmsd: 0.001451
  step:  40 bond rmsd: 0.001461
  step:  41 bond rmsd: 0.001470
  step:  42 bond rmsd: 0.001480
  step:  43 bond rmsd: 0.001492
  step:  44 bond rmsd: 0.001499
  step:  45 bond rmsd: 0.001503
  step:  46 bond rmsd: 0.001507
  step:  47 bond rmsd: 0.001505
  step:  48 bond rmsd: 0.001502
  step:  49 bond rmsd: 0.001497
  step:  50 bond rmsd: 0.001489
  step:  51 bond rmsd: 0.001475
  step:  52 bond rmsd: 0.001464
micro_cycle  17 rmsd(b):  0.0015 rws:  1.000 n_fev: 885
  step:   1 bond rmsd: 0.001464
  step:   2 bond rmsd: 0.049489
  step:   3 bond rmsd: 0.001453
  step:   4 bond rmsd: 0.001451
  step:   5 bond rmsd: 0.001450
  step:   6 bond rmsd: 0.001450
  step:   7 bond rmsd: 0.001450
  step:   8 bond rmsd: 0.001450
  step:   9 bond rmsd: 0.001450
  step:  10 bond rmsd: 0.001451
  step:  11 bond rmsd: 0.001451
  step:  12 bond rmsd: 0.001450
  step:  13 bond rmsd: 0.001450
  step:  14 bond rmsd: 0.001450
  step:  15 bond rmsd: 0.001450
  step:  16 bond rmsd: 0.001449
  step:  17 bond rmsd: 0.001448
  step:  18 bond rmsd: 0.001445
  step:  19 bond rmsd: 0.001441
  step:  20 bond rmsd: 0.001434
  step:  21 bond rmsd: 0.001422
  step:  22 bond rmsd: 0.001403
  step:  23 bond rmsd: 0.001389
  step:  24 bond rmsd: 0.001379
  step:  25 bond rmsd: 0.001364
  step:  26 bond rmsd: 0.001357
  step:  27 bond rmsd: 0.001352
  step:  28 bond rmsd: 0.001347
  step:  29 bond rmsd: 0.001341
  step:  30 bond rmsd: 0.001337
  step:  31 bond rmsd: 0.001334
  step:  32 bond rmsd: 0.001329
  step:  33 bond rmsd: 0.001328
  step:  34 bond rmsd: 0.001325
  step:  35 bond rmsd: 0.001325
  step:  36 bond rmsd: 0.001322
  step:  37 bond rmsd: 0.001323
  step:  38 bond rmsd: 0.001322
  step:  39 bond rmsd: 0.001327
  step:  40 bond rmsd: 0.001332
  step:  41 bond rmsd: 0.001344
  step:  42 bond rmsd: 0.001365
  step:  43 bond rmsd: 0.001379
  step:  44 bond rmsd: 0.001398
  step:  45 bond rmsd: 0.001429
  step:  46 bond rmsd: 0.001449
  step:  47 bond rmsd: 0.001470
  step:  48 bond rmsd: 0.001507
  step:  49 bond rmsd: 0.001539
  step:  50 bond rmsd: 0.001587
  step:  51 bond rmsd: 0.001607
  step:  52 bond rmsd: 0.001632
micro_cycle  18 rmsd(b):  0.0016 rws:  1.000 n_fev: 937
  step:   1 bond rmsd: 0.001632
  step:   2 bond rmsd: 0.048964
  step:   3 bond rmsd: 0.011316
  step:   4 bond rmsd: 0.009082
  step:   5 bond rmsd: 0.007308
  step:   6 bond rmsd: 0.005900
  step:   7 bond rmsd: 0.004790
  step:   8 bond rmsd: 0.003923
  step:   9 bond rmsd: 0.003253
  step:  10 bond rmsd: 0.002745
  step:  11 bond rmsd: 0.002368
  step:  12 bond rmsd: 0.002095
  step:  13 bond rmsd: 0.001904
  step:  14 bond rmsd: 0.001774
  step:  15 bond rmsd: 0.001688
  step:  16 bond rmsd: 0.001632
  step:  17 bond rmsd: 0.001596
  step:  18 bond rmsd: 0.001574
  step:  19 bond rmsd: 0.001560
  step:  20 bond rmsd: 0.001551
  step:  21 bond rmsd: 0.001545
  step:  22 bond rmsd: 0.001541
  step:  23 bond rmsd: 0.001538
  step:  24 bond rmsd: 0.001536
  step:  25 bond rmsd: 0.001534
  step:  26 bond rmsd: 0.001531
  step:  27 bond rmsd: 0.001528
  step:  28 bond rmsd: 0.001524
  step:  29 bond rmsd: 0.001518
  step:  30 bond rmsd: 0.001509
  step:  31 bond rmsd: 0.001495
  step:  32 bond rmsd: 0.001472
  step:  33 bond rmsd: 0.001437
  step:  34 bond rmsd: 0.001413
  step:  35 bond rmsd: 0.001395
  step:  36 bond rmsd: 0.001372
  step:  37 bond rmsd: 0.001362
  step:  38 bond rmsd: 0.001354
  step:  39 bond rmsd: 0.001347
  step:  40 bond rmsd: 0.001342
  step:  41 bond rmsd: 0.001338
  step:  42 bond rmsd: 0.001335
  step:  43 bond rmsd: 0.001331
  step:  44 bond rmsd: 0.001330
  step:  45 bond rmsd: 0.001328
  step:  46 bond rmsd: 0.001328
  step:  47 bond rmsd: 0.001327
  step:  48 bond rmsd: 0.001330
  step:  49 bond rmsd: 0.001332
  step:  50 bond rmsd: 0.001339
  step:  51 bond rmsd: 0.001347
  step:  52 bond rmsd: 0.001357
micro_cycle  19 rmsd(b):  0.0014 rws:  1.000 n_fev: 989
  step:   1 bond rmsd: 0.001357
  step:   2 bond rmsd: 0.075508
  step:   3 bond rmsd: 0.001359
  step:   4 bond rmsd: 0.001356
  step:   5 bond rmsd: 0.001354
  step:   6 bond rmsd: 0.001354
  step:   7 bond rmsd: 0.001353
  step:   8 bond rmsd: 0.001354
  step:   9 bond rmsd: 0.001354
  step:  10 bond rmsd: 0.001355
  step:  11 bond rmsd: 0.001355
  step:  12 bond rmsd: 0.001356
  step:  13 bond rmsd: 0.001357
  step:  14 bond rmsd: 0.001357
  step:  15 bond rmsd: 0.001358
  step:  16 bond rmsd: 0.001359
  step:  17 bond rmsd: 0.001360
  step:  18 bond rmsd: 0.001361
  step:  19 bond rmsd: 0.001364
  step:  20 bond rmsd: 0.001367
  step:  21 bond rmsd: 0.001371
  step:  22 bond rmsd: 0.001376
  step:  23 bond rmsd: 0.001381
  step:  24 bond rmsd: 0.001385
  step:  25 bond rmsd: 0.001390
  step:  26 bond rmsd: 0.001394
  step:  27 bond rmsd: 0.001398
  step:  28 bond rmsd: 0.001404
  step:  29 bond rmsd: 0.001409
  step:  30 bond rmsd: 0.001413
  step:  31 bond rmsd: 0.001419
  step:  32 bond rmsd: 0.001424
  step:  33 bond rmsd: 0.001431
  step:  34 bond rmsd: 0.001437
  step:  35 bond rmsd: 0.001452
  step:  36 bond rmsd: 0.001456
  step:  37 bond rmsd: 0.001462
  step:  38 bond rmsd: 0.001469
  step:  39 bond rmsd: 0.001472
  step:  40 bond rmsd: 0.001476
  step:  41 bond rmsd: 0.001472
  step:  42 bond rmsd: 0.001472
  step:  43 bond rmsd: 0.001454
  step:  44 bond rmsd: 0.001448
  step:  45 bond rmsd: 0.001439
  step:  46 bond rmsd: 0.001427
  step:  47 bond rmsd: 0.001410
  step:  48 bond rmsd: 0.001385
  step:  49 bond rmsd: 0.001366
  step:  50 bond rmsd: 0.001350
  step:  51 bond rmsd: 0.001334
  step:  52 bond rmsd: 0.001322
micro_cycle  20 rmsd(b):  0.0013 rws:  1.000 n_fev: 1041
  step:   1 bond rmsd: 0.001322
  step:   2 bond rmsd: 0.069445
  step:   3 bond rmsd: 0.005502
  step:   4 bond rmsd: 0.004465
  step:   5 bond rmsd: 0.003650
  step:   6 bond rmsd: 0.003018
  step:   7 bond rmsd: 0.002533
  step:   8 bond rmsd: 0.002167
  step:   9 bond rmsd: 0.001898
  step:  10 bond rmsd: 0.001705
  step:  11 bond rmsd: 0.001571
  step:  12 bond rmsd: 0.001479
  step:  13 bond rmsd: 0.001418
  step:  14 bond rmsd: 0.001378
  step:  15 bond rmsd: 0.001353
  step:  16 bond rmsd: 0.001337
  step:  17 bond rmsd: 0.001328
  step:  18 bond rmsd: 0.001322
  step:  19 bond rmsd: 0.001319
  step:  20 bond rmsd: 0.001317
  step:  21 bond rmsd: 0.001317
  step:  22 bond rmsd: 0.001317
  step:  23 bond rmsd: 0.001318
  step:  24 bond rmsd: 0.001320
  step:  25 bond rmsd: 0.001322
  step:  26 bond rmsd: 0.001325
  step:  27 bond rmsd: 0.001330
  step:  28 bond rmsd: 0.001338
  step:  29 bond rmsd: 0.001347
  step:  30 bond rmsd: 0.001358
  step:  31 bond rmsd: 0.001349
  step:  32 bond rmsd: 0.001360
  step:  33 bond rmsd: 0.001363
  step:  34 bond rmsd: 0.001375
  step:  35 bond rmsd: 0.001377
  step:  36 bond rmsd: 0.001382
  step:  37 bond rmsd: 0.001384
  step:  38 bond rmsd: 0.001386
  step:  39 bond rmsd: 0.001389
  step:  40 bond rmsd: 0.001391
  step:  41 bond rmsd: 0.001392
  step:  42 bond rmsd: 0.001392
  step:  43 bond rmsd: 0.001393
  step:  44 bond rmsd: 0.001393
  step:  45 bond rmsd: 0.001392
  step:  46 bond rmsd: 0.001391
  step:  47 bond rmsd: 0.001389
  step:  48 bond rmsd: 0.001387
  step:  49 bond rmsd: 0.001384
  step:  50 bond rmsd: 0.001379
  step:  51 bond rmsd: 0.001376
  step:  52 bond rmsd: 0.001372
micro_cycle  21 rmsd(b):  0.0014 rws:  1.000 n_fev: 1093
  step:   1 bond rmsd: 0.001372
  step:   2 bond rmsd: 0.082962
  step:   3 bond rmsd: 0.001380
  step:   4 bond rmsd: 0.001376
  step:   5 bond rmsd: 0.001374
  step:   6 bond rmsd: 0.001372
  step:   7 bond rmsd: 0.001372
  step:   8 bond rmsd: 0.001371
  step:   9 bond rmsd: 0.001371
  step:  10 bond rmsd: 0.001371
  step:  11 bond rmsd: 0.001371
  step:  12 bond rmsd: 0.001371
  step:  13 bond rmsd: 0.001371
  step:  14 bond rmsd: 0.001371
  step:  15 bond rmsd: 0.001371
  step:  16 bond rmsd: 0.001371
  step:  17 bond rmsd: 0.001371
  step:  18 bond rmsd: 0.001371
  step:  19 bond rmsd: 0.001371
  step:  20 bond rmsd: 0.001371
  step:  21 bond rmsd: 0.001372
  step:  22 bond rmsd: 0.001372
  step:  23 bond rmsd: 0.001373
  step:  24 bond rmsd: 0.001374
  step:  25 bond rmsd: 0.001376
  step:  26 bond rmsd: 0.001374
  step:  27 bond rmsd: 0.001376
  step:  28 bond rmsd: 0.001377
  step:  29 bond rmsd: 0.001379
  step:  30 bond rmsd: 0.001379
  step:  31 bond rmsd: 0.001380
  step:  32 bond rmsd: 0.001380
  step:  33 bond rmsd: 0.001380
  step:  34 bond rmsd: 0.001379
  step:  35 bond rmsd: 0.001378
  step:  36 bond rmsd: 0.001377
  step:  37 bond rmsd: 0.001373
  step:  38 bond rmsd: 0.001371
  step:  39 bond rmsd: 0.001365
  step:  40 bond rmsd: 0.001361
  step:  41 bond rmsd: 0.001356
  step:  42 bond rmsd: 0.001350
  step:  43 bond rmsd: 0.001343
  step:  44 bond rmsd: 0.001336
  step:  45 bond rmsd: 0.001323
  step:  46 bond rmsd: 0.001312
  step:  47 bond rmsd: 0.001299
  step:  48 bond rmsd: 0.001288
  step:  49 bond rmsd: 0.001282
  step:  50 bond rmsd: 0.001280
  step:  51 bond rmsd: 0.001276
  step:  52 bond rmsd: 0.001279
micro_cycle  22 rmsd(b):  0.0013 rws:  1.000 n_fev: 1145
  step:   1 bond rmsd: 0.001279
  step:   2 bond rmsd: 0.050315
  step:   3 bond rmsd: 0.002945
  step:   4 bond rmsd: 0.002478
  step:   5 bond rmsd: 0.002126
  step:   6 bond rmsd: 0.001865
  step:   7 bond rmsd: 0.001677
  step:   8 bond rmsd: 0.001544
  step:   9 bond rmsd: 0.001452
  step:  10 bond rmsd: 0.001390
  step:  11 bond rmsd: 0.001348
  step:  12 bond rmsd: 0.001321
  step:  13 bond rmsd: 0.001303
  step:  14 bond rmsd: 0.001292
  step:  15 bond rmsd: 0.001284
  step:  16 bond rmsd: 0.001280
  step:  17 bond rmsd: 0.001277
  step:  18 bond rmsd: 0.001275
  step:  19 bond rmsd: 0.001274
  step:  20 bond rmsd: 0.001274
  step:  21 bond rmsd: 0.001274
  step:  22 bond rmsd: 0.001274
  step:  23 bond rmsd: 0.001275
  step:  24 bond rmsd: 0.001277
  step:  25 bond rmsd: 0.001279
  step:  26 bond rmsd: 0.001283
  step:  27 bond rmsd: 0.001290
  step:  28 bond rmsd: 0.001300
  step:  29 bond rmsd: 0.001311
  step:  30 bond rmsd: 0.001323
  step:  31 bond rmsd: 0.001332
  step:  32 bond rmsd: 0.001342
  step:  33 bond rmsd: 0.001351
  step:  34 bond rmsd: 0.001360
  step:  35 bond rmsd: 0.001368
  step:  36 bond rmsd: 0.001375
  step:  37 bond rmsd: 0.001381
  step:  38 bond rmsd: 0.001388
  step:  39 bond rmsd: 0.001394
  step:  40 bond rmsd: 0.001400
  step:  41 bond rmsd: 0.001408
  step:  42 bond rmsd: 0.001412
  step:  43 bond rmsd: 0.001411
  step:  44 bond rmsd: 0.001407
  step:  45 bond rmsd: 0.001402
  step:  46 bond rmsd: 0.001396
  step:  47 bond rmsd: 0.001389
  step:  48 bond rmsd: 0.001384
  step:  49 bond rmsd: 0.001378
  step:  50 bond rmsd: 0.001374
  step:  51 bond rmsd: 0.001370
  step:  52 bond rmsd: 0.001367
micro_cycle  23 rmsd(b):  0.0014 rws:  1.000 n_fev: 1197
  step:   1 bond rmsd: 0.001367
  step:   2 bond rmsd: 0.044013
  step:   3 bond rmsd: 0.001364
  step:   4 bond rmsd: 0.001364
  step:   5 bond rmsd: 0.001364
  step:   6 bond rmsd: 0.001364
  step:   7 bond rmsd: 0.001365
  step:   8 bond rmsd: 0.001365
  step:   9 bond rmsd: 0.001365
  step:  10 bond rmsd: 0.001365
  step:  11 bond rmsd: 0.001365
  step:  12 bond rmsd: 0.001364
  step:  13 bond rmsd: 0.001364
  step:  14 bond rmsd: 0.001364
  step:  15 bond rmsd: 0.001363
  step:  16 bond rmsd: 0.001362
  step:  17 bond rmsd: 0.001361
  step:  18 bond rmsd: 0.001358
  step:  19 bond rmsd: 0.001353
  step:  20 bond rmsd: 0.001345
  step:  21 bond rmsd: 0.001340
  step:  22 bond rmsd: 0.001336
  step:  23 bond rmsd: 0.001325
  step:  24 bond rmsd: 0.001323
  step:  25 bond rmsd: 0.001321
  step:  26 bond rmsd: 0.001320
  step:  27 bond rmsd: 0.001319
  step:  28 bond rmsd: 0.001318
  step:  29 bond rmsd: 0.001318
  step:  30 bond rmsd: 0.001317
  step:  31 bond rmsd: 0.001317
  step:  32 bond rmsd: 0.001317
  step:  33 bond rmsd: 0.001315
  step:  34 bond rmsd: 0.001316
  step:  35 bond rmsd: 0.001318
  step:  36 bond rmsd: 0.001320
  step:  37 bond rmsd: 0.001324
  step:  38 bond rmsd: 0.001329
  step:  39 bond rmsd: 0.001337
  step:  40 bond rmsd: 0.001346
  step:  41 bond rmsd: 0.001367
  step:  42 bond rmsd: 0.001376
  step:  43 bond rmsd: 0.001390
  step:  44 bond rmsd: 0.001406
  step:  45 bond rmsd: 0.001424
  step:  46 bond rmsd: 0.001453
  step:  47 bond rmsd: 0.001489
  step:  48 bond rmsd: 0.001515
  step:  49 bond rmsd: 0.001536
  step:  50 bond rmsd: 0.001568
  step:  51 bond rmsd: 0.001582
  step:  52 bond rmsd: 0.001594
micro_cycle  24 rmsd(b):  0.0016 rws:  1.000 n_fev: 1249
  step:   1 bond rmsd: 0.001594
  step:   2 bond rmsd: 0.070833
  step:   3 bond rmsd: 0.001681
  step:   4 bond rmsd: 0.001629
  step:   5 bond rmsd: 0.001598
  step:   6 bond rmsd: 0.001578
  step:   7 bond rmsd: 0.001566
  step:   8 bond rmsd: 0.001558
  step:   9 bond rmsd: 0.001553
  step:  10 bond rmsd: 0.001549
  step:  11 bond rmsd: 0.001546
  step:  12 bond rmsd: 0.001544
  step:  13 bond rmsd: 0.001542
  step:  14 bond rmsd: 0.001540
  step:  15 bond rmsd: 0.001538
  step:  16 bond rmsd: 0.001535
  step:  17 bond rmsd: 0.001533
  step:  18 bond rmsd: 0.001529
  step:  19 bond rmsd: 0.001525
  step:  20 bond rmsd: 0.001518
  step:  21 bond rmsd: 0.001507
  step:  22 bond rmsd: 0.001491
  step:  23 bond rmsd: 0.001468
  step:  24 bond rmsd: 0.001433
  step:  25 bond rmsd: 0.001416
  step:  26 bond rmsd: 0.001400
  step:  27 bond rmsd: 0.001386
  step:  28 bond rmsd: 0.001374
  step:  29 bond rmsd: 0.001366
  step:  30 bond rmsd: 0.001360
  step:  31 bond rmsd: 0.001355
  step:  32 bond rmsd: 0.001351
  step:  33 bond rmsd: 0.001347
  step:  34 bond rmsd: 0.001344
  step:  35 bond rmsd: 0.001342
  step:  36 bond rmsd: 0.001339
  step:  37 bond rmsd: 0.001337
  step:  38 bond rmsd: 0.001335
  step:  39 bond rmsd: 0.001334
  step:  40 bond rmsd: 0.001333
  step:  41 bond rmsd: 0.001334
  step:  42 bond rmsd: 0.001335
  step:  43 bond rmsd: 0.001337
  step:  44 bond rmsd: 0.001340
  step:  45 bond rmsd: 0.001344
  step:  46 bond rmsd: 0.001351
  step:  47 bond rmsd: 0.001355
  step:  48 bond rmsd: 0.001362
  step:  49 bond rmsd: 0.001367
  step:  50 bond rmsd: 0.001374
  step:  51 bond rmsd: 0.001379
  step:  52 bond rmsd: 0.001384
micro_cycle  25 rmsd(b):  0.0014 rws:  1.000 n_fev: 1301
  step:   1 bond rmsd: 0.001384
  step:   2 bond rmsd: 0.046373
  step:   3 bond rmsd: 0.001380
  step:   4 bond rmsd: 0.001377
  step:   5 bond rmsd: 0.001375
  step:   6 bond rmsd: 0.001375
  step:   7 bond rmsd: 0.001375
  step:   8 bond rmsd: 0.001375
  step:   9 bond rmsd: 0.001375
  step:  10 bond rmsd: 0.001376
  step:  11 bond rmsd: 0.001376
  step:  12 bond rmsd: 0.001376
  step:  13 bond rmsd: 0.001376
  step:  14 bond rmsd: 0.001376
  step:  15 bond rmsd: 0.001376
  step:  16 bond rmsd: 0.001376
  step:  17 bond rmsd: 0.001376
  step:  18 bond rmsd: 0.001376
  step:  19 bond rmsd: 0.001375
  step:  20 bond rmsd: 0.001374
  step:  21 bond rmsd: 0.001373
  step:  22 bond rmsd: 0.001370
  step:  23 bond rmsd: 0.001365
  step:  24 bond rmsd: 0.001361
  step:  25 bond rmsd: 0.001356
  step:  26 bond rmsd: 0.001350
  step:  27 bond rmsd: 0.001345
  step:  28 bond rmsd: 0.001338
  step:  29 bond rmsd: 0.001334
  step:  30 bond rmsd: 0.001330
  step:  31 bond rmsd: 0.001327
  step:  32 bond rmsd: 0.001326
  step:  33 bond rmsd: 0.001324
  step:  34 bond rmsd: 0.001324
  step:  35 bond rmsd: 0.001324
  step:  36 bond rmsd: 0.001324
  step:  37 bond rmsd: 0.001327
  step:  38 bond rmsd: 0.001328
  step:  39 bond rmsd: 0.001330
  step:  40 bond rmsd: 0.001334
  step:  41 bond rmsd: 0.001338
  step:  42 bond rmsd: 0.001344
  step:  43 bond rmsd: 0.001350
  step:  44 bond rmsd: 0.001358
  step:  45 bond rmsd: 0.001367
  step:  46 bond rmsd: 0.001379
  step:  47 bond rmsd: 0.001390
  step:  48 bond rmsd: 0.001402
  step:  49 bond rmsd: 0.001415
  step:  50 bond rmsd: 0.001426
  step:  51 bond rmsd: 0.001437
  step:  52 bond rmsd: 0.001444
micro_cycle  26 rmsd(b):  0.0014 rws:  1.000 n_fev: 1353
  step:   1 bond rmsd: 0.001444
  step:   2 bond rmsd: 0.074474
  step:   3 bond rmsd: 0.001707
  step:   4 bond rmsd: 0.001620
  step:   5 bond rmsd: 0.001561
  step:   6 bond rmsd: 0.001521
  step:   7 bond rmsd: 0.001494
  step:   8 bond rmsd: 0.001475
  step:   9 bond rmsd: 0.001462
  step:  10 bond rmsd: 0.001453
  step:  11 bond rmsd: 0.001446
  step:  12 bond rmsd: 0.001441
  step:  13 bond rmsd: 0.001438
  step:  14 bond rmsd: 0.001434
  step:  15 bond rmsd: 0.001432
  step:  16 bond rmsd: 0.001429
  step:  17 bond rmsd: 0.001427
  step:  18 bond rmsd: 0.001425
  step:  19 bond rmsd: 0.001423
  step:  20 bond rmsd: 0.001420
  step:  21 bond rmsd: 0.001417
  step:  22 bond rmsd: 0.001412
  step:  23 bond rmsd: 0.001406
  step:  24 bond rmsd: 0.001397
  step:  25 bond rmsd: 0.001384
  step:  26 bond rmsd: 0.001369
  step:  27 bond rmsd: 0.001358
  step:  28 bond rmsd: 0.001348
  step:  29 bond rmsd: 0.001340
  step:  30 bond rmsd: 0.001332
  step:  31 bond rmsd: 0.001327
  step:  32 bond rmsd: 0.001321
  step:  33 bond rmsd: 0.001317
  step:  34 bond rmsd: 0.001314
  step:  35 bond rmsd: 0.001312
  step:  36 bond rmsd: 0.001311
  step:  37 bond rmsd: 0.001310
  step:  38 bond rmsd: 0.001311
  step:  39 bond rmsd: 0.001312
  step:  40 bond rmsd: 0.001315
  step:  41 bond rmsd: 0.001317
  step:  42 bond rmsd: 0.001320
  step:  43 bond rmsd: 0.001324
  step:  44 bond rmsd: 0.001329
  step:  45 bond rmsd: 0.001334
  step:  46 bond rmsd: 0.001340
  step:  47 bond rmsd: 0.001347
  step:  48 bond rmsd: 0.001354
  step:  49 bond rmsd: 0.001361
  step:  50 bond rmsd: 0.001369
  step:  51 bond rmsd: 0.001374
  step:  52 bond rmsd: 0.001379
micro_cycle  27 rmsd(b):  0.0014 rws:  1.000 n_fev: 1405
  step:   1 bond rmsd: 0.001379
  step:   2 bond rmsd: 0.053312
  step:   3 bond rmsd: 0.001402
  step:   4 bond rmsd: 0.001395
  step:   5 bond rmsd: 0.001391
  step:   6 bond rmsd: 0.001387
  step:   7 bond rmsd: 0.001385
  step:   8 bond rmsd: 0.001383
  step:   9 bond rmsd: 0.001381
  step:  10 bond rmsd: 0.001380
  step:  11 bond rmsd: 0.001379
  step:  12 bond rmsd: 0.001378
  step:  13 bond rmsd: 0.001377
  step:  14 bond rmsd: 0.001376
  step:  15 bond rmsd: 0.001376
  step:  16 bond rmsd: 0.001375
  step:  17 bond rmsd: 0.001374
  step:  18 bond rmsd: 0.001373
  step:  19 bond rmsd: 0.001372
  step:  20 bond rmsd: 0.001370
  step:  21 bond rmsd: 0.001367
  step:  22 bond rmsd: 0.001363
  step:  23 bond rmsd: 0.001357
  step:  24 bond rmsd: 0.001351
  step:  25 bond rmsd: 0.001346
  step:  26 bond rmsd: 0.001340
  step:  27 bond rmsd: 0.001340
  step:  28 bond rmsd: 0.001340
  step:  29 bond rmsd: 0.001333
  step:  30 bond rmsd: 0.001328
  step:  31 bond rmsd: 0.001323
  step:  32 bond rmsd: 0.001319
  step:  33 bond rmsd: 0.001316
  step:  34 bond rmsd: 0.001314
  step:  35 bond rmsd: 0.001313
  step:  36 bond rmsd: 0.001312
  step:  37 bond rmsd: 0.001313
  step:  38 bond rmsd: 0.001312
  step:  39 bond rmsd: 0.001313
  step:  40 bond rmsd: 0.001315
  step:  41 bond rmsd: 0.001317
  step:  42 bond rmsd: 0.001322
  step:  43 bond rmsd: 0.001325
  step:  44 bond rmsd: 0.001332
  step:  45 bond rmsd: 0.001339
  step:  46 bond rmsd: 0.001347
  step:  47 bond rmsd: 0.001360
  step:  48 bond rmsd: 0.001368
  step:  49 bond rmsd: 0.001380
  step:  50 bond rmsd: 0.001398
  step:  51 bond rmsd: 0.001415
  step:  52 bond rmsd: 0.001432
  step:  53 bond rmsd: 0.001452
micro_cycle  28 rmsd(b):  0.0015 rws:  1.000 n_fev: 1458
  step:   1 bond rmsd: 0.001452
  step:   2 bond rmsd: 0.050823
  step:   3 bond rmsd: 0.001443
  step:   4 bond rmsd: 0.001434
  step:   5 bond rmsd: 0.001428
  step:   6 bond rmsd: 0.001423
  step:   7 bond rmsd: 0.001420
  step:   8 bond rmsd: 0.001417
  step:   9 bond rmsd: 0.001413
  step:  10 bond rmsd: 0.001411
  step:  11 bond rmsd: 0.001408
  step:  12 bond rmsd: 0.001405
  step:  13 bond rmsd: 0.001403
  step:  14 bond rmsd: 0.001401
  step:  15 bond rmsd: 0.001399
  step:  16 bond rmsd: 0.001396
  step:  17 bond rmsd: 0.001393
  step:  18 bond rmsd: 0.001388
  step:  19 bond rmsd: 0.001380
  step:  20 bond rmsd: 0.001370
  step:  21 bond rmsd: 0.001355
  step:  22 bond rmsd: 0.001344
  step:  23 bond rmsd: 0.001332
  step:  24 bond rmsd: 0.001322
  step:  25 bond rmsd: 0.001316
  step:  26 bond rmsd: 0.001311
  step:  27 bond rmsd: 0.001308
  step:  28 bond rmsd: 0.001306
  step:  29 bond rmsd: 0.001303
  step:  30 bond rmsd: 0.001303
  step:  31 bond rmsd: 0.001303
  step:  32 bond rmsd: 0.001304
  step:  33 bond rmsd: 0.001305
  step:  34 bond rmsd: 0.001310
  step:  35 bond rmsd: 0.001312
  step:  36 bond rmsd: 0.001317
  step:  37 bond rmsd: 0.001322
  step:  38 bond rmsd: 0.001327
  step:  39 bond rmsd: 0.001335
  step:  40 bond rmsd: 0.001340
  step:  41 bond rmsd: 0.001348
  step:  42 bond rmsd: 0.001354
  step:  43 bond rmsd: 0.001361
  step:  44 bond rmsd: 0.001368
  step:  45 bond rmsd: 0.001374
  step:  46 bond rmsd: 0.001382
  step:  47 bond rmsd: 0.001388
  step:  48 bond rmsd: 0.001396
  step:  49 bond rmsd: 0.001405
  step:  50 bond rmsd: 0.001412
  step:  51 bond rmsd: 0.001421
  step:  52 bond rmsd: 0.001429
micro_cycle  29 rmsd(b):  0.0014 rws:  1.000 n_fev: 1510
  step:   1 bond rmsd: 0.001429
  step:   2 bond rmsd: 0.041962
  step:   3 bond rmsd: 0.001407
  step:   4 bond rmsd: 0.001409
  step:   5 bond rmsd: 0.001410
  step:   6 bond rmsd: 0.001409
  step:   7 bond rmsd: 0.001409
  step:   8 bond rmsd: 0.001407
  step:   9 bond rmsd: 0.001405
  step:  10 bond rmsd: 0.001402
  step:  11 bond rmsd: 0.001400
  step:  12 bond rmsd: 0.001397
  step:  13 bond rmsd: 0.001395
  step:  14 bond rmsd: 0.001391
  step:  15 bond rmsd: 0.001386
  step:  16 bond rmsd: 0.001379
  step:  17 bond rmsd: 0.001369
  step:  18 bond rmsd: 0.001361
  step:  19 bond rmsd: 0.001353
  step:  20 bond rmsd: 0.001343
  step:  21 bond rmsd: 0.001334
  step:  22 bond rmsd: 0.001328
  step:  23 bond rmsd: 0.001321
  step:  24 bond rmsd: 0.001314
  step:  25 bond rmsd: 0.001308
  step:  26 bond rmsd: 0.001304
  step:  27 bond rmsd: 0.001299
  step:  28 bond rmsd: 0.001294
  step:  29 bond rmsd: 0.001290
  step:  30 bond rmsd: 0.001287
  step:  31 bond rmsd: 0.001284
  step:  32 bond rmsd: 0.001282
  step:  33 bond rmsd: 0.001281
  step:  34 bond rmsd: 0.001281
  step:  35 bond rmsd: 0.001286
  step:  36 bond rmsd: 0.001289
  step:  37 bond rmsd: 0.001296
  step:  38 bond rmsd: 0.001303
  step:  39 bond rmsd: 0.001313
  step:  40 bond rmsd: 0.001323
  step:  41 bond rmsd: 0.001341
  step:  42 bond rmsd: 0.001352
  step:  43 bond rmsd: 0.001366
  step:  44 bond rmsd: 0.001383
  step:  45 bond rmsd: 0.001403
  step:  46 bond rmsd: 0.001428
  step:  47 bond rmsd: 0.001452
  step:  48 bond rmsd: 0.001484
  step:  49 bond rmsd: 0.001512
  step:  50 bond rmsd: 0.001541
  step:  51 bond rmsd: 0.001566
  step:  52 bond rmsd: 0.001591
micro_cycle  30 rmsd(b):  0.0016 rws:  1.000 n_fev: 1562
  step:   1 bond rmsd: 0.001591
  step:   2 bond rmsd: 0.050737
  step:   3 bond rmsd: 0.007741
  step:   4 bond rmsd: 0.006288
  step:   5 bond rmsd: 0.005139
  step:   6 bond rmsd: 0.004241
  step:   7 bond rmsd: 0.003545
  step:   8 bond rmsd: 0.003011
  step:   9 bond rmsd: 0.002608
  step:  10 bond rmsd: 0.002308
  step:  11 bond rmsd: 0.002089
  step:  12 bond rmsd: 0.001932
  step:  13 bond rmsd: 0.001820
  step:  14 bond rmsd: 0.001741
  step:  15 bond rmsd: 0.001685
  step:  16 bond rmsd: 0.001646
  step:  17 bond rmsd: 0.001617
  step:  18 bond rmsd: 0.001597
  step:  19 bond rmsd: 0.001581
  step:  20 bond rmsd: 0.001569
  step:  21 bond rmsd: 0.001560
  step:  22 bond rmsd: 0.001552
  step:  23 bond rmsd: 0.001545
  step:  24 bond rmsd: 0.001539
  step:  25 bond rmsd: 0.001533
  step:  26 bond rmsd: 0.001527
  step:  27 bond rmsd: 0.001520
  step:  28 bond rmsd: 0.001512
  step:  29 bond rmsd: 0.001500
  step:  30 bond rmsd: 0.001485
  step:  31 bond rmsd: 0.001462
  step:  32 bond rmsd: 0.001433
  step:  33 bond rmsd: 0.001418
  step:  34 bond rmsd: 0.001396
  step:  35 bond rmsd: 0.001378
  step:  36 bond rmsd: 0.001363
  step:  37 bond rmsd: 0.001348
  step:  38 bond rmsd: 0.001336
  step:  39 bond rmsd: 0.001328
  step:  40 bond rmsd: 0.001321
  step:  41 bond rmsd: 0.001315
  step:  42 bond rmsd: 0.001310
  step:  43 bond rmsd: 0.001306
  step:  44 bond rmsd: 0.001301
  step:  45 bond rmsd: 0.001298
  step:  46 bond rmsd: 0.001296
  step:  47 bond rmsd: 0.001295
  step:  48 bond rmsd: 0.001294
  step:  49 bond rmsd: 0.001295
  step:  50 bond rmsd: 0.001297
  step:  51 bond rmsd: 0.001301
  step:  52 bond rmsd: 0.001304
micro_cycle  31 rmsd(b):  0.0013 rws:  1.000 n_fev: 1614
  step:   1 bond rmsd: 0.001304
  step:   2 bond rmsd: 0.055106
  step:   3 bond rmsd: 0.001319
  step:   4 bond rmsd: 0.001316
  step:   5 bond rmsd: 0.001314
  step:   6 bond rmsd: 0.001312
  step:   7 bond rmsd: 0.001311
  step:   8 bond rmsd: 0.001310
  step:   9 bond rmsd: 0.001310
  step:  10 bond rmsd: 0.001310
  step:  11 bond rmsd: 0.001310
  step:  12 bond rmsd: 0.001310
  step:  13 bond rmsd: 0.001310
  step:  14 bond rmsd: 0.001310
  step:  15 bond rmsd: 0.001310
  step:  16 bond rmsd: 0.001311
  step:  17 bond rmsd: 0.001312
  step:  18 bond rmsd: 0.001314
  step:  19 bond rmsd: 0.001317
  step:  20 bond rmsd: 0.001322
  step:  21 bond rmsd: 0.001330
  step:  22 bond rmsd: 0.001337
  step:  23 bond rmsd: 0.001344
  step:  24 bond rmsd: 0.001352
  step:  25 bond rmsd: 0.001359
  step:  26 bond rmsd: 0.001364
  step:  27 bond rmsd: 0.001370
  step:  28 bond rmsd: 0.001377
  step:  29 bond rmsd: 0.001381
  step:  30 bond rmsd: 0.001386
  step:  31 bond rmsd: 0.001391
  step:  32 bond rmsd: 0.001403
  step:  33 bond rmsd: 0.001410
  step:  34 bond rmsd: 0.001418
  step:  35 bond rmsd: 0.001421
  step:  36 bond rmsd: 0.001424
  step:  37 bond rmsd: 0.001418
  step:  38 bond rmsd: 0.001412
  step:  39 bond rmsd: 0.001401
  step:  40 bond rmsd: 0.001391
  step:  41 bond rmsd: 0.001379
  step:  42 bond rmsd: 0.001359
  step:  43 bond rmsd: 0.001346
  step:  44 bond rmsd: 0.001325
  step:  45 bond rmsd: 0.001310
  step:  46 bond rmsd: 0.001291
  step:  47 bond rmsd: 0.001277
  step:  48 bond rmsd: 0.001262
  step:  49 bond rmsd: 0.001249
  step:  50 bond rmsd: 0.001240
  step:  51 bond rmsd: 0.001230
  step:  52 bond rmsd: 0.001225
micro_cycle  32 rmsd(b):  0.0012 rws:  1.000 n_fev: 1666
  step:   1 bond rmsd: 0.001225
  step:   2 bond rmsd: 0.043992
  step:   3 bond rmsd: 0.002157
  step:   4 bond rmsd: 0.001887
  step:   5 bond rmsd: 0.001690
  step:   6 bond rmsd: 0.001548
  step:   7 bond rmsd: 0.001448
  step:   8 bond rmsd: 0.001380
  step:   9 bond rmsd: 0.001333
  step:  10 bond rmsd: 0.001301
  step:  11 bond rmsd: 0.001280
  step:  12 bond rmsd: 0.001266
  step:  13 bond rmsd: 0.001257
  step:  14 bond rmsd: 0.001252
  step:  15 bond rmsd: 0.001248
  step:  16 bond rmsd: 0.001246
  step:  17 bond rmsd: 0.001245
  step:  18 bond rmsd: 0.001245
  step:  19 bond rmsd: 0.001245
  step:  20 bond rmsd: 0.001246
  step:  21 bond rmsd: 0.001248
  step:  22 bond rmsd: 0.001250
  step:  23 bond rmsd: 0.001255
  step:  24 bond rmsd: 0.001261
  step:  25 bond rmsd: 0.001273
  step:  26 bond rmsd: 0.001291
  step:  27 bond rmsd: 0.001313
  step:  28 bond rmsd: 0.001332
  step:  29 bond rmsd: 0.001340
  step:  30 bond rmsd: 0.001354
  step:  31 bond rmsd: 0.001361
  step:  32 bond rmsd: 0.001365
  step:  33 bond rmsd: 0.001367
  step:  34 bond rmsd: 0.001369
  step:  35 bond rmsd: 0.001369
  step:  36 bond rmsd: 0.001369
  step:  37 bond rmsd: 0.001368
  step:  38 bond rmsd: 0.001368
  step:  39 bond rmsd: 0.001366
  step:  40 bond rmsd: 0.001365
  step:  41 bond rmsd: 0.001363
  step:  42 bond rmsd: 0.001361
  step:  43 bond rmsd: 0.001357
  step:  44 bond rmsd: 0.001354
  step:  45 bond rmsd: 0.001350
  step:  46 bond rmsd: 0.001346
  step:  47 bond rmsd: 0.001341
  step:  48 bond rmsd: 0.001337
  step:  49 bond rmsd: 0.001332
  step:  50 bond rmsd: 0.001327
  step:  51 bond rmsd: 0.001322
  step:  52 bond rmsd: 0.001317
micro_cycle  33 rmsd(b):  0.0013 rws:  1.000 n_fev: 1718
  step:   1 bond rmsd: 0.001317
  step:   2 bond rmsd: 0.047470
  step:   3 bond rmsd: 0.001320
  step:   4 bond rmsd: 0.001319
  step:   5 bond rmsd: 0.001319
  step:   6 bond rmsd: 0.001319
  step:   7 bond rmsd: 0.001319
  step:   8 bond rmsd: 0.001319
  step:   9 bond rmsd: 0.001320
  step:  10 bond rmsd: 0.001321
  step:  11 bond rmsd: 0.001321
  step:  12 bond rmsd: 0.001322
  step:  13 bond rmsd: 0.001323
  step:  14 bond rmsd: 0.001324
  step:  15 bond rmsd: 0.001326
  step:  16 bond rmsd: 0.001329
  step:  17 bond rmsd: 0.001332
  step:  18 bond rmsd: 0.001336
  step:  19 bond rmsd: 0.001341
  step:  20 bond rmsd: 0.001345
  step:  21 bond rmsd: 0.001352
  step:  22 bond rmsd: 0.001356
  step:  23 bond rmsd: 0.001360
  step:  24 bond rmsd: 0.001366
  step:  25 bond rmsd: 0.001369
  step:  26 bond rmsd: 0.001372
  step:  27 bond rmsd: 0.001375
  step:  28 bond rmsd: 0.001376
  step:  29 bond rmsd: 0.001378
  step:  30 bond rmsd: 0.001378
  step:  31 bond rmsd: 0.001377
  step:  32 bond rmsd: 0.001374
  step:  33 bond rmsd: 0.001371
  step:  34 bond rmsd: 0.001365
  step:  35 bond rmsd: 0.001360
  step:  36 bond rmsd: 0.001353
  step:  37 bond rmsd: 0.001344
  step:  38 bond rmsd: 0.001336
  step:  39 bond rmsd: 0.001319
  step:  40 bond rmsd: 0.001312
  step:  41 bond rmsd: 0.001303
  step:  42 bond rmsd: 0.001291
  step:  43 bond rmsd: 0.001282
  step:  44 bond rmsd: 0.001272
  step:  45 bond rmsd: 0.001263
  step:  46 bond rmsd: 0.001254
  step:  47 bond rmsd: 0.001249
  step:  48 bond rmsd: 0.001244
  step:  49 bond rmsd: 0.001239
  step:  50 bond rmsd: 0.001232
  step:  51 bond rmsd: 0.001230
  step:  52 bond rmsd: 0.001230
micro_cycle  34 rmsd(b):  0.0012 rws:  1.000 n_fev: 1770
  step:   1 bond rmsd: 0.001230
  step:   2 bond rmsd: 0.086926
  step:   3 bond rmsd: 0.001307
  step:   4 bond rmsd: 0.001283
  step:   5 bond rmsd: 0.001267
  step:   6 bond rmsd: 0.001256
  step:   7 bond rmsd: 0.001249
  step:   8 bond rmsd: 0.001245
  step:   9 bond rmsd: 0.001242
  step:  10 bond rmsd: 0.001240
  step:  11 bond rmsd: 0.001240
  step:  12 bond rmsd: 0.001239
  step:  13 bond rmsd: 0.001239
  step:  14 bond rmsd: 0.001240
  step:  15 bond rmsd: 0.001240
  step:  16 bond rmsd: 0.001241
  step:  17 bond rmsd: 0.001243
  step:  18 bond rmsd: 0.001245
  step:  19 bond rmsd: 0.001249
  step:  20 bond rmsd: 0.001254
  step:  21 bond rmsd: 0.001263
  step:  22 bond rmsd: 0.001276
  step:  23 bond rmsd: 0.001284
  step:  24 bond rmsd: 0.001296
  step:  25 bond rmsd: 0.001307
  step:  26 bond rmsd: 0.001324
  step:  27 bond rmsd: 0.001331
  step:  28 bond rmsd: 0.001337
  step:  29 bond rmsd: 0.001343
  step:  30 bond rmsd: 0.001348
  step:  31 bond rmsd: 0.001352
  step:  32 bond rmsd: 0.001358
  step:  33 bond rmsd: 0.001364
  step:  34 bond rmsd: 0.001371
  step:  35 bond rmsd: 0.001377
  step:  36 bond rmsd: 0.001385
  step:  37 bond rmsd: 0.001394
  step:  38 bond rmsd: 0.001402
  step:  39 bond rmsd: 0.001409
  step:  40 bond rmsd: 0.001416
  step:  41 bond rmsd: 0.001423
  step:  42 bond rmsd: 0.001425
  step:  43 bond rmsd: 0.001429
  step:  44 bond rmsd: 0.001429
  step:  45 bond rmsd: 0.001430
  step:  46 bond rmsd: 0.001425
  step:  47 bond rmsd: 0.001421
  step:  48 bond rmsd: 0.001414
  step:  49 bond rmsd: 0.001405
  step:  50 bond rmsd: 0.001393
  step:  51 bond rmsd: 0.001383
  step:  52 bond rmsd: 0.001373
micro_cycle  35 rmsd(b):  0.0014 rws:  1.000 n_fev: 1822
  step:   1 bond rmsd: 0.001373
  step:   2 bond rmsd: 0.046275
  step:   3 bond rmsd: 0.001461
  step:   4 bond rmsd: 0.001423
  step:   5 bond rmsd: 0.001399
  step:   6 bond rmsd: 0.001384
  step:   7 bond rmsd: 0.001375
  step:   8 bond rmsd: 0.001370
  step:   9 bond rmsd: 0.001367
  step:  10 bond rmsd: 0.001366
  step:  11 bond rmsd: 0.001366
  step:  12 bond rmsd: 0.001365
  step:  13 bond rmsd: 0.001366
  step:  14 bond rmsd: 0.001366
  step:  15 bond rmsd: 0.001366
  step:  16 bond rmsd: 0.001367
  step:  17 bond rmsd: 0.001367
  step:  18 bond rmsd: 0.001368
  step:  19 bond rmsd: 0.001368
  step:  20 bond rmsd: 0.001369
  step:  21 bond rmsd: 0.001369
  step:  22 bond rmsd: 0.001370
  step:  23 bond rmsd: 0.001371
  step:  24 bond rmsd: 0.001371
  step:  25 bond rmsd: 0.001370
  step:  26 bond rmsd: 0.001362
  step:  27 bond rmsd: 0.001359
  step:  28 bond rmsd: 0.001358
  step:  29 bond rmsd: 0.001341
  step:  30 bond rmsd: 0.001341
  step:  31 bond rmsd: 0.001340
  step:  32 bond rmsd: 0.001340
  step:  33 bond rmsd: 0.001340
  step:  34 bond rmsd: 0.001339
  step:  35 bond rmsd: 0.001339
  step:  36 bond rmsd: 0.001339
  step:  37 bond rmsd: 0.001338
  step:  38 bond rmsd: 0.001338
  step:  39 bond rmsd: 0.001337
  step:  40 bond rmsd: 0.001336
  step:  41 bond rmsd: 0.001335
  step:  42 bond rmsd: 0.001335
  step:  43 bond rmsd: 0.001333
  step:  44 bond rmsd: 0.001332
  step:  45 bond rmsd: 0.001332
  step:  46 bond rmsd: 0.001330
  step:  47 bond rmsd: 0.001329
  step:  48 bond rmsd: 0.001325
  step:  49 bond rmsd: 0.001320
  step:  50 bond rmsd: 0.001312
  step:  51 bond rmsd: 0.001307
  step:  52 bond rmsd: 0.001292
micro_cycle  36 rmsd(b):  0.0013 rws:  1.000 n_fev: 1874
  step:   1 bond rmsd: 0.001292
  step:   2 bond rmsd: 0.077831
  step:   3 bond rmsd: 0.002295
  step:   4 bond rmsd: 0.002005
  step:   5 bond rmsd: 0.001792
  step:   6 bond rmsd: 0.001639
  step:   7 bond rmsd: 0.001531
  step:   8 bond rmsd: 0.001457
  step:   9 bond rmsd: 0.001406
  step:  10 bond rmsd: 0.001371
  step:  11 bond rmsd: 0.001347
  step:  12 bond rmsd: 0.001331
  step:  13 bond rmsd: 0.001320
  step:  14 bond rmsd: 0.001313
  step:  15 bond rmsd: 0.001308
  step:  16 bond rmsd: 0.001304
  step:  17 bond rmsd: 0.001302
  step:  18 bond rmsd: 0.001300
  step:  19 bond rmsd: 0.001299
  step:  20 bond rmsd: 0.001298
  step:  21 bond rmsd: 0.001298
  step:  22 bond rmsd: 0.001297
  step:  23 bond rmsd: 0.001297
  step:  24 bond rmsd: 0.001297
  step:  25 bond rmsd: 0.001297
  step:  26 bond rmsd: 0.001298
  step:  27 bond rmsd: 0.001300
  step:  28 bond rmsd: 0.001302
  step:  29 bond rmsd: 0.001307
  step:  30 bond rmsd: 0.001312
  step:  31 bond rmsd: 0.001319
  step:  32 bond rmsd: 0.001327
  step:  33 bond rmsd: 0.001334
  step:  34 bond rmsd: 0.001341
  step:  35 bond rmsd: 0.001347
  step:  36 bond rmsd: 0.001352
  step:  37 bond rmsd: 0.001358
  step:  38 bond rmsd: 0.001362
  step:  39 bond rmsd: 0.001366
  step:  40 bond rmsd: 0.001369
  step:  41 bond rmsd: 0.001371
  step:  42 bond rmsd: 0.001372
  step:  43 bond rmsd: 0.001371
  step:  44 bond rmsd: 0.001371
  step:  45 bond rmsd: 0.001368
  step:  46 bond rmsd: 0.001366
  step:  47 bond rmsd: 0.001363
  step:  48 bond rmsd: 0.001359
  step:  49 bond rmsd: 0.001352
  step:  50 bond rmsd: 0.001348
  step:  51 bond rmsd: 0.001344
  step:  52 bond rmsd: 0.001340
micro_cycle  37 rmsd(b):  0.0013 rws:  1.000 n_fev: 1926
  step:   1 bond rmsd: 0.001340
  step:   2 bond rmsd: 0.074444
  step:   3 bond rmsd: 0.001411
  step:   4 bond rmsd: 0.001383
  step:   5 bond rmsd: 0.001366
  step:   6 bond rmsd: 0.001354
  step:   7 bond rmsd: 0.001347
  step:   8 bond rmsd: 0.001343
  step:   9 bond rmsd: 0.001340
  step:  10 bond rmsd: 0.001339
  step:  11 bond rmsd: 0.001338
  step:  12 bond rmsd: 0.001337
  step:  13 bond rmsd: 0.001337
  step:  14 bond rmsd: 0.001337
  step:  15 bond rmsd: 0.001337
  step:  16 bond rmsd: 0.001337
  step:  17 bond rmsd: 0.001337
  step:  18 bond rmsd: 0.001337
  step:  19 bond rmsd: 0.001338
  step:  20 bond rmsd: 0.001338
  step:  21 bond rmsd: 0.001338
  step:  22 bond rmsd: 0.001339
  step:  23 bond rmsd: 0.001339
  step:  24 bond rmsd: 0.001340
  step:  25 bond rmsd: 0.001340
  step:  26 bond rmsd: 0.001340
  step:  27 bond rmsd: 0.001342
  step:  28 bond rmsd: 0.001338
  step:  29 bond rmsd: 0.001338
  step:  30 bond rmsd: 0.001340
  step:  31 bond rmsd: 0.001342
  step:  32 bond rmsd: 0.001343
  step:  33 bond rmsd: 0.001345
  step:  34 bond rmsd: 0.001347
  step:  35 bond rmsd: 0.001348
  step:  36 bond rmsd: 0.001350
  step:  37 bond rmsd: 0.001351
  step:  38 bond rmsd: 0.001353
  step:  39 bond rmsd: 0.001353
  step:  40 bond rmsd: 0.001353
  step:  41 bond rmsd: 0.001353
  step:  42 bond rmsd: 0.001353
  step:  43 bond rmsd: 0.001351
  step:  44 bond rmsd: 0.001349
  step:  45 bond rmsd: 0.001347
  step:  46 bond rmsd: 0.001344
  step:  47 bond rmsd: 0.001341
  step:  48 bond rmsd: 0.001337
  step:  49 bond rmsd: 0.001334
  step:  50 bond rmsd: 0.001329
  step:  51 bond rmsd: 0.001325
  step:  52 bond rmsd: 0.001319
  step:  53 bond rmsd: 0.001313
micro_cycle  38 rmsd(b):  0.0013 rws:  1.000 n_fev: 1979
  step:   1 bond rmsd: 0.001313
  step:   2 bond rmsd: 0.083311
  step:   3 bond rmsd: 0.001389
  step:   4 bond rmsd: 0.001362
  step:   5 bond rmsd: 0.001344
  step:   6 bond rmsd: 0.001332
  step:   7 bond rmsd: 0.001325
  step:   8 bond rmsd: 0.001320
  step:   9 bond rmsd: 0.001317
  step:  10 bond rmsd: 0.001315
  step:  11 bond rmsd: 0.001314
  step:  12 bond rmsd: 0.001313
  step:  13 bond rmsd: 0.001313
  step:  14 bond rmsd: 0.001313
  step:  15 bond rmsd: 0.001313
  step:  16 bond rmsd: 0.001313
  step:  17 bond rmsd: 0.001313
  step:  18 bond rmsd: 0.001313
  step:  19 bond rmsd: 0.001313
  step:  20 bond rmsd: 0.001313
  step:  21 bond rmsd: 0.001313
  step:  22 bond rmsd: 0.001314
  step:  23 bond rmsd: 0.001314
  step:  24 bond rmsd: 0.001315
  step:  25 bond rmsd: 0.001316
  step:  26 bond rmsd: 0.001317
  step:  27 bond rmsd: 0.001319
  step:  28 bond rmsd: 0.001322
  step:  29 bond rmsd: 0.001324
  step:  30 bond rmsd: 0.001327
  step:  31 bond rmsd: 0.001331
  step:  32 bond rmsd: 0.001336
  step:  33 bond rmsd: 0.001341
  step:  34 bond rmsd: 0.001346
  step:  35 bond rmsd: 0.001352
  step:  36 bond rmsd: 0.001356
  step:  37 bond rmsd: 0.001364
  step:  38 bond rmsd: 0.001369
  step:  39 bond rmsd: 0.001372
  step:  40 bond rmsd: 0.001376
  step:  41 bond rmsd: 0.001377
  step:  42 bond rmsd: 0.001379
  step:  43 bond rmsd: 0.001378
  step:  44 bond rmsd: 0.001378
  step:  45 bond rmsd: 0.001376
  step:  46 bond rmsd: 0.001374
  step:  47 bond rmsd: 0.001368
  step:  48 bond rmsd: 0.001362
  step:  49 bond rmsd: 0.001358
  step:  50 bond rmsd: 0.001349
  step:  51 bond rmsd: 0.001342
  step:  52 bond rmsd: 0.001335
micro_cycle  39 rmsd(b):  0.0013 rws:  1.000 n_fev: 2031
  step:   1 bond rmsd: 0.001335
  step:   2 bond rmsd: 0.067973
  step:   3 bond rmsd: 0.001462
  step:   4 bond rmsd: 0.001418
  step:   5 bond rmsd: 0.001389
  step:   6 bond rmsd: 0.001370
  step:   7 bond rmsd: 0.001357
  step:   8 bond rmsd: 0.001348
  step:   9 bond rmsd: 0.001343
  step:  10 bond rmsd: 0.001339
  step:  11 bond rmsd: 0.001336
  step:  12 bond rmsd: 0.001335
  step:  13 bond rmsd: 0.001333
  step:  14 bond rmsd: 0.001333
  step:  15 bond rmsd: 0.001332
  step:  16 bond rmsd: 0.001332
  step:  17 bond rmsd: 0.001332
  step:  18 bond rmsd: 0.001332
  step:  19 bond rmsd: 0.001332
  step:  20 bond rmsd: 0.001332
  step:  21 bond rmsd: 0.001332
  step:  22 bond rmsd: 0.001333
  step:  23 bond rmsd: 0.001334
  step:  24 bond rmsd: 0.001335
  step:  25 bond rmsd: 0.001337
  step:  26 bond rmsd: 0.001341
  step:  27 bond rmsd: 0.001358
  step:  28 bond rmsd: 0.001359
  step:  29 bond rmsd: 0.001361
  step:  30 bond rmsd: 0.001364
  step:  31 bond rmsd: 0.001366
  step:  32 bond rmsd: 0.001368
  step:  33 bond rmsd: 0.001369
  step:  34 bond rmsd: 0.001370
  step:  35 bond rmsd: 0.001372
  step:  36 bond rmsd: 0.001370
  step:  37 bond rmsd: 0.001371
  step:  38 bond rmsd: 0.001372
  step:  39 bond rmsd: 0.001370
  step:  40 bond rmsd: 0.001369
  step:  41 bond rmsd: 0.001366
  step:  42 bond rmsd: 0.001363
  step:  43 bond rmsd: 0.001358
  step:  44 bond rmsd: 0.001353
  step:  45 bond rmsd: 0.001349
  step:  46 bond rmsd: 0.001343
  step:  47 bond rmsd: 0.001333
  step:  48 bond rmsd: 0.001325
  step:  49 bond rmsd: 0.001312
  step:  50 bond rmsd: 0.001303
  step:  51 bond rmsd: 0.001292
  step:  52 bond rmsd: 0.001275
micro_cycle  40 rmsd(b):  0.0013 rws:  1.000 n_fev: 2083
  step:   1 bond rmsd: 0.001275
  step:   2 bond rmsd: 0.059174
  step:   3 bond rmsd: 0.001475
  step:   4 bond rmsd: 0.001414
  step:   5 bond rmsd: 0.001373
  step:   6 bond rmsd: 0.001345
  step:   7 bond rmsd: 0.001325
  step:   8 bond rmsd: 0.001312
  step:   9 bond rmsd: 0.001303
  step:  10 bond rmsd: 0.001296
  step:  11 bond rmsd: 0.001292
  step:  12 bond rmsd: 0.001289
  step:  13 bond rmsd: 0.001286
  step:  14 bond rmsd: 0.001285
  step:  15 bond rmsd: 0.001284
  step:  16 bond rmsd: 0.001283
  step:  17 bond rmsd: 0.001282
  step:  18 bond rmsd: 0.001282
  step:  19 bond rmsd: 0.001282
  step:  20 bond rmsd: 0.001282
  step:  21 bond rmsd: 0.001283
  step:  22 bond rmsd: 0.001283
  step:  23 bond rmsd: 0.001285
  step:  24 bond rmsd: 0.001289
  step:  25 bond rmsd: 0.001295
  step:  26 bond rmsd: 0.001304
  step:  27 bond rmsd: 0.001314
  step:  28 bond rmsd: 0.001325
  step:  29 bond rmsd: 0.001350
  step:  30 bond rmsd: 0.001357
  step:  31 bond rmsd: 0.001364
  step:  32 bond rmsd: 0.001371
  step:  33 bond rmsd: 0.001377
  step:  34 bond rmsd: 0.001384
  step:  35 bond rmsd: 0.001390
  step:  36 bond rmsd: 0.001397
  step:  37 bond rmsd: 0.001403
  step:  38 bond rmsd: 0.001412
  step:  39 bond rmsd: 0.001420
  step:  40 bond rmsd: 0.001428
  step:  41 bond rmsd: 0.001430
  step:  42 bond rmsd: 0.001435
  step:  43 bond rmsd: 0.001433
  step:  44 bond rmsd: 0.001429
  step:  45 bond rmsd: 0.001418
  step:  46 bond rmsd: 0.001403
  step:  47 bond rmsd: 0.001386
  step:  48 bond rmsd: 0.001369
  step:  49 bond rmsd: 0.001360
  step:  50 bond rmsd: 0.001349
  step:  51 bond rmsd: 0.001336
  step:  52 bond rmsd: 0.001324
micro_cycle  41 rmsd(b):  0.0013 rws:  1.000 n_fev: 2135
  step:   1 bond rmsd: 0.001324
  step:   2 bond rmsd: 0.042382
  step:   3 bond rmsd: 0.001399
  step:   4 bond rmsd: 0.001366
  step:   5 bond rmsd: 0.001346
  step:   6 bond rmsd: 0.001333
  step:   7 bond rmsd: 0.001326
  step:   8 bond rmsd: 0.001322
  step:   9 bond rmsd: 0.001320
  step:  10 bond rmsd: 0.001320
  step:  11 bond rmsd: 0.001320
  step:  12 bond rmsd: 0.001320
  step:  13 bond rmsd: 0.001321
  step:  14 bond rmsd: 0.001321
  step:  15 bond rmsd: 0.001322
  step:  16 bond rmsd: 0.001323
  step:  17 bond rmsd: 0.001324
  step:  18 bond rmsd: 0.001325
  step:  19 bond rmsd: 0.001326
  step:  20 bond rmsd: 0.001327
  step:  21 bond rmsd: 0.001329
  step:  22 bond rmsd: 0.001332
  step:  23 bond rmsd: 0.001336
  step:  24 bond rmsd: 0.001341
  step:  25 bond rmsd: 0.001346
  step:  26 bond rmsd: 0.001351
  step:  27 bond rmsd: 0.001358
  step:  28 bond rmsd: 0.001362
  step:  29 bond rmsd: 0.001362
  step:  30 bond rmsd: 0.001366
  step:  31 bond rmsd: 0.001370
  step:  32 bond rmsd: 0.001373
  step:  33 bond rmsd: 0.001377
  step:  34 bond rmsd: 0.001379
  step:  35 bond rmsd: 0.001381
  step:  36 bond rmsd: 0.001383
  step:  37 bond rmsd: 0.001384
  step:  38 bond rmsd: 0.001385
  step:  39 bond rmsd: 0.001387
  step:  40 bond rmsd: 0.001387
  step:  41 bond rmsd: 0.001388
  step:  42 bond rmsd: 0.001388
  step:  43 bond rmsd: 0.001386
  step:  44 bond rmsd: 0.001383
  step:  45 bond rmsd: 0.001379
  step:  46 bond rmsd: 0.001375
  step:  47 bond rmsd: 0.001370
  step:  48 bond rmsd: 0.001364
  step:  49 bond rmsd: 0.001359
  step:  50 bond rmsd: 0.001355
  step:  51 bond rmsd: 0.001350
  step:  52 bond rmsd: 0.001346
  step:  53 bond rmsd: 0.001341
  step:  54 bond rmsd: 0.001331
micro_cycle  42 rmsd(b):  0.0013 rws:  1.000 n_fev: 2189
  step:   1 bond rmsd: 0.001331
  step:   2 bond rmsd: 0.043778
  step:   3 bond rmsd: 0.001383
  step:   4 bond rmsd: 0.001369
  step:   5 bond rmsd: 0.001359
  step:   6 bond rmsd: 0.001352
  step:   7 bond rmsd: 0.001347
  step:   8 bond rmsd: 0.001343
  step:   9 bond rmsd: 0.001340
  step:  10 bond rmsd: 0.001338
  step:  11 bond rmsd: 0.001336
  step:  12 bond rmsd: 0.001335
  step:  13 bond rmsd: 0.001334
  step:  14 bond rmsd: 0.001333
  step:  15 bond rmsd: 0.001332
  step:  16 bond rmsd: 0.001332
  step:  17 bond rmsd: 0.001331
  step:  18 bond rmsd: 0.001330
  step:  19 bond rmsd: 0.001329
  step:  20 bond rmsd: 0.001328
  step:  21 bond rmsd: 0.001327
  step:  22 bond rmsd: 0.001326
  step:  23 bond rmsd: 0.001323
  step:  24 bond rmsd: 0.001321
  step:  25 bond rmsd: 0.001318
  step:  26 bond rmsd: 0.001330
  step:  27 bond rmsd: 0.001327
  step:  28 bond rmsd: 0.001327
  step:  29 bond rmsd: 0.001328
  step:  30 bond rmsd: 0.001332
  step:  31 bond rmsd: 0.001334
  step:  32 bond rmsd: 0.001338
  step:  33 bond rmsd: 0.001341
  step:  34 bond rmsd: 0.001344
  step:  35 bond rmsd: 0.001348
  step:  36 bond rmsd: 0.001352
  step:  37 bond rmsd: 0.001356
  step:  38 bond rmsd: 0.001361
  step:  39 bond rmsd: 0.001365
  step:  40 bond rmsd: 0.001370
  step:  41 bond rmsd: 0.001381
  step:  42 bond rmsd: 0.001391
  step:  43 bond rmsd: 0.001403
  step:  44 bond rmsd: 0.001420
  step:  45 bond rmsd: 0.001436
  step:  46 bond rmsd: 0.001468
  step:  47 bond rmsd: 0.001482
  step:  48 bond rmsd: 0.001504
  step:  49 bond rmsd: 0.001528
  step:  50 bond rmsd: 0.001552
  step:  51 bond rmsd: 0.001578
  step:  52 bond rmsd: 0.001580
micro_cycle  43 rmsd(b):  0.0016 rws:  1.000 n_fev: 2241
  step:   1 bond rmsd: 0.001580
  step:   2 bond rmsd: 0.073774
  step:   3 bond rmsd: 0.010509
  step:   4 bond rmsd: 0.008460
  step:   5 bond rmsd: 0.006832
  step:   6 bond rmsd: 0.005546
  step:   7 bond rmsd: 0.004537
  step:   8 bond rmsd: 0.003751
  step:   9 bond rmsd: 0.003146
  step:  10 bond rmsd: 0.002687
  step:  11 bond rmsd: 0.002345
  step:  12 bond rmsd: 0.002097
  step:  13 bond rmsd: 0.001920
  step:  14 bond rmsd: 0.001797
  step:  15 bond rmsd: 0.001712
  step:  16 bond rmsd: 0.001655
  step:  17 bond rmsd: 0.001617
  step:  18 bond rmsd: 0.001591
  step:  19 bond rmsd: 0.001574
  step:  20 bond rmsd: 0.001562
  step:  21 bond rmsd: 0.001554
  step:  22 bond rmsd: 0.001548
  step:  23 bond rmsd: 0.001543
  step:  24 bond rmsd: 0.001540
  step:  25 bond rmsd: 0.001537
  step:  26 bond rmsd: 0.001534
  step:  27 bond rmsd: 0.001531
  step:  28 bond rmsd: 0.001528
  step:  29 bond rmsd: 0.001524
  step:  30 bond rmsd: 0.001518
  step:  31 bond rmsd: 0.001509
  step:  32 bond rmsd: 0.001496
  step:  33 bond rmsd: 0.001475
  step:  34 bond rmsd: 0.001457
  step:  35 bond rmsd: 0.001440
  step:  36 bond rmsd: 0.001422
  step:  37 bond rmsd: 0.001400
  step:  38 bond rmsd: 0.001392
  step:  39 bond rmsd: 0.001382
  step:  40 bond rmsd: 0.001376
  step:  41 bond rmsd: 0.001370
  step:  42 bond rmsd: 0.001365
  step:  43 bond rmsd: 0.001357
  step:  44 bond rmsd: 0.001351
  step:  45 bond rmsd: 0.001346
  step:  46 bond rmsd: 0.001341
  step:  47 bond rmsd: 0.001338
  step:  48 bond rmsd: 0.001334
  step:  49 bond rmsd: 0.001332
  step:  50 bond rmsd: 0.001331
  step:  51 bond rmsd: 0.001331
  step:  52 bond rmsd: 0.001331
micro_cycle  44 rmsd(b):  0.0013 rws:  1.000 n_fev: 2293
  step:   1 bond rmsd: 0.001331
  step:   2 bond rmsd: 0.061769
  step:   3 bond rmsd: 0.001344
  step:   4 bond rmsd: 0.001341
  step:   5 bond rmsd: 0.001339
  step:   6 bond rmsd: 0.001338
  step:   7 bond rmsd: 0.001337
  step:   8 bond rmsd: 0.001336
  step:   9 bond rmsd: 0.001336
  step:  10 bond rmsd: 0.001336
  step:  11 bond rmsd: 0.001335
  step:  12 bond rmsd: 0.001336
  step:  13 bond rmsd: 0.001336
  step:  14 bond rmsd: 0.001336
  step:  15 bond rmsd: 0.001336
  step:  16 bond rmsd: 0.001337
  step:  17 bond rmsd: 0.001339
  step:  18 bond rmsd: 0.001342
  step:  19 bond rmsd: 0.001348
  step:  20 bond rmsd: 0.001356
  step:  21 bond rmsd: 0.001364
  step:  22 bond rmsd: 0.001372
  step:  23 bond rmsd: 0.001381
  step:  24 bond rmsd: 0.001389
  step:  25 bond rmsd: 0.001397
  step:  26 bond rmsd: 0.001404
  step:  27 bond rmsd: 0.001412
  step:  28 bond rmsd: 0.001417
  step:  29 bond rmsd: 0.001422
  step:  30 bond rmsd: 0.001423
  step:  31 bond rmsd: 0.001425
  step:  32 bond rmsd: 0.001427
  step:  33 bond rmsd: 0.001422
  step:  34 bond rmsd: 0.001419
  step:  35 bond rmsd: 0.001413
  step:  36 bond rmsd: 0.001409
  step:  37 bond rmsd: 0.001402
  step:  38 bond rmsd: 0.001390
  step:  39 bond rmsd: 0.001381
  step:  40 bond rmsd: 0.001372
  step:  41 bond rmsd: 0.001359
  step:  42 bond rmsd: 0.001348
  step:  43 bond rmsd: 0.001335
  step:  44 bond rmsd: 0.001329
  step:  45 bond rmsd: 0.001319
  step:  46 bond rmsd: 0.001315
  step:  47 bond rmsd: 0.001311
  step:  48 bond rmsd: 0.001311
  step:  49 bond rmsd: 0.001311
  step:  50 bond rmsd: 0.001315
  step:  51 bond rmsd: 0.001321
  step:  52 bond rmsd: 0.001330
micro_cycle  45 rmsd(b):  0.0013 rws:  1.000 n_fev: 2345
  step:   1 bond rmsd: 0.001330
  step:   2 bond rmsd: 0.069485
  step:   3 bond rmsd: 0.003266
  step:   4 bond rmsd: 0.002736
  step:   5 bond rmsd: 0.002333
  step:   6 bond rmsd: 0.002032
  step:   7 bond rmsd: 0.001812
  step:   8 bond rmsd: 0.001655
  step:   9 bond rmsd: 0.001545
  step:  10 bond rmsd: 0.001469
  step:  11 bond rmsd: 0.001417
  step:  12 bond rmsd: 0.001382
  step:  13 bond rmsd: 0.001359
  step:  14 bond rmsd: 0.001343
  step:  15 bond rmsd: 0.001332
  step:  16 bond rmsd: 0.001324
  step:  17 bond rmsd: 0.001319
  step:  18 bond rmsd: 0.001315
  step:  19 bond rmsd: 0.001312
  step:  20 bond rmsd: 0.001310
  step:  21 bond rmsd: 0.001308
  step:  22 bond rmsd: 0.001307
  step:  23 bond rmsd: 0.001306
  step:  24 bond rmsd: 0.001305
  step:  25 bond rmsd: 0.001304
  step:  26 bond rmsd: 0.001304
  step:  27 bond rmsd: 0.001305
  step:  28 bond rmsd: 0.001310
  step:  29 bond rmsd: 0.001317
  step:  30 bond rmsd: 0.001326
  step:  31 bond rmsd: 0.001340
  step:  32 bond rmsd: 0.001340
  step:  33 bond rmsd: 0.001347
  step:  34 bond rmsd: 0.001355
  step:  35 bond rmsd: 0.001362
  step:  36 bond rmsd: 0.001369
  step:  37 bond rmsd: 0.001375
  step:  38 bond rmsd: 0.001380
  step:  39 bond rmsd: 0.001385
  step:  40 bond rmsd: 0.001390
  step:  41 bond rmsd: 0.001395
  step:  42 bond rmsd: 0.001400
  step:  43 bond rmsd: 0.001408
  step:  44 bond rmsd: 0.001413
  step:  45 bond rmsd: 0.001416
  step:  46 bond rmsd: 0.001420
  step:  47 bond rmsd: 0.001418
  step:  48 bond rmsd: 0.001416
  step:  49 bond rmsd: 0.001401
  step:  50 bond rmsd: 0.001399
  step:  51 bond rmsd: 0.001394
  step:  52 bond rmsd: 0.001388
  step:  53 bond rmsd: 0.001382
micro_cycle  46 rmsd(b):  0.0014 rws:  1.000 n_fev: 2398
  step:   1 bond rmsd: 0.001382
  step:   2 bond rmsd: 0.061998
  step:   3 bond rmsd: 0.001472
  step:   4 bond rmsd: 0.001444
  step:   5 bond rmsd: 0.001425
  step:   6 bond rmsd: 0.001412
  step:   7 bond rmsd: 0.001403
  step:   8 bond rmsd: 0.001397
  step:   9 bond rmsd: 0.001392
  step:  10 bond rmsd: 0.001389
  step:  11 bond rmsd: 0.001386
  step:  12 bond rmsd: 0.001384
  step:  13 bond rmsd: 0.001382
  step:  14 bond rmsd: 0.001381
  step:  15 bond rmsd: 0.001380
  step:  16 bond rmsd: 0.001379
  step:  17 bond rmsd: 0.001378
  step:  18 bond rmsd: 0.001377
  step:  19 bond rmsd: 0.001375
  step:  20 bond rmsd: 0.001374
  step:  21 bond rmsd: 0.001372
  step:  22 bond rmsd: 0.001370
  step:  23 bond rmsd: 0.001366
  step:  24 bond rmsd: 0.001361
  step:  25 bond rmsd: 0.001353
  step:  26 bond rmsd: 0.001349
  step:  27 bond rmsd: 0.001344
  step:  28 bond rmsd: 0.001339
  step:  29 bond rmsd: 0.001335
  step:  30 bond rmsd: 0.001331
  step:  31 bond rmsd: 0.001330
  step:  32 bond rmsd: 0.001331
  step:  33 bond rmsd: 0.001333
  step:  34 bond rmsd: 0.001335
  step:  35 bond rmsd: 0.001338
  step:  36 bond rmsd: 0.001343
  step:  37 bond rmsd: 0.001347
  step:  38 bond rmsd: 0.001353
  step:  39 bond rmsd: 0.001361
  step:  40 bond rmsd: 0.001366
  step:  41 bond rmsd: 0.001376
  step:  42 bond rmsd: 0.001381
  step:  43 bond rmsd: 0.001390
  step:  44 bond rmsd: 0.001400
  step:  45 bond rmsd: 0.001411
  step:  46 bond rmsd: 0.001421
  step:  47 bond rmsd: 0.001432
  step:  48 bond rmsd: 0.001447
  step:  49 bond rmsd: 0.001464
  step:  50 bond rmsd: 0.001477
  step:  51 bond rmsd: 0.001507
  step:  52 bond rmsd: 0.001519
micro_cycle  47 rmsd(b):  0.0015 rws:  1.000 n_fev: 2450
  step:   1 bond rmsd: 0.001519
  step:   2 bond rmsd: 0.076592
  step:   3 bond rmsd: 0.002074
  step:   4 bond rmsd: 0.001874
  step:   5 bond rmsd: 0.001738
  step:   6 bond rmsd: 0.001647
  step:   7 bond rmsd: 0.001588
  step:   8 bond rmsd: 0.001551
  step:   9 bond rmsd: 0.001528
  step:  10 bond rmsd: 0.001514
  step:  11 bond rmsd: 0.001505
  step:  12 bond rmsd: 0.001500
  step:  13 bond rmsd: 0.001497
  step:  14 bond rmsd: 0.001495
  step:  15 bond rmsd: 0.001494
  step:  16 bond rmsd: 0.001493
  step:  17 bond rmsd: 0.001492
  step:  18 bond rmsd: 0.001492
  step:  19 bond rmsd: 0.001491
  step:  20 bond rmsd: 0.001490
  step:  21 bond rmsd: 0.001489
  step:  22 bond rmsd: 0.001488
  step:  23 bond rmsd: 0.001485
  step:  24 bond rmsd: 0.001481
  step:  25 bond rmsd: 0.001473
  step:  26 bond rmsd: 0.001462
  step:  27 bond rmsd: 0.001443
  step:  28 bond rmsd: 0.001429
  step:  29 bond rmsd: 0.001417
  step:  30 bond rmsd: 0.001398
  step:  31 bond rmsd: 0.001390
  step:  32 bond rmsd: 0.001383
  step:  33 bond rmsd: 0.001378
  step:  34 bond rmsd: 0.001373
  step:  35 bond rmsd: 0.001369
  step:  36 bond rmsd: 0.001366
  step:  37 bond rmsd: 0.001363
  step:  38 bond rmsd: 0.001359
  step:  39 bond rmsd: 0.001357
  step:  40 bond rmsd: 0.001354
  step:  41 bond rmsd: 0.001351
  step:  42 bond rmsd: 0.001349
  step:  43 bond rmsd: 0.001348
  step:  44 bond rmsd: 0.001347
  step:  45 bond rmsd: 0.001349
  step:  46 bond rmsd: 0.001348
  step:  47 bond rmsd: 0.001351
  step:  48 bond rmsd: 0.001353
  step:  49 bond rmsd: 0.001356
  step:  50 bond rmsd: 0.001361
  step:  51 bond rmsd: 0.001365
  step:  52 bond rmsd: 0.001369
micro_cycle  48 rmsd(b):  0.0014 rws:  1.000 n_fev: 2502
  step:   1 bond rmsd: 0.001369
  step:   2 bond rmsd: 0.075921
  step:   3 bond rmsd: 0.001366
  step:   4 bond rmsd: 0.001366
  step:   5 bond rmsd: 0.001367
  step:   6 bond rmsd: 0.001367
  step:   7 bond rmsd: 0.001367
  step:   8 bond rmsd: 0.001368
  step:   9 bond rmsd: 0.001368
  step:  10 bond rmsd: 0.001368
  step:  11 bond rmsd: 0.001369
  step:  12 bond rmsd: 0.001369
  step:  13 bond rmsd: 0.001370
  step:  14 bond rmsd: 0.001370
  step:  15 bond rmsd: 0.001371
  step:  16 bond rmsd: 0.001372
  step:  17 bond rmsd: 0.001374
  step:  18 bond rmsd: 0.001375
  step:  19 bond rmsd: 0.001376
  step:  20 bond rmsd: 0.001377
  step:  21 bond rmsd: 0.001380
  step:  22 bond rmsd: 0.001381
  step:  23 bond rmsd: 0.001382
  step:  24 bond rmsd: 0.001384
  step:  25 bond rmsd: 0.001387
  step:  26 bond rmsd: 0.001388
  step:  27 bond rmsd: 0.001390
  step:  28 bond rmsd: 0.001391
  step:  29 bond rmsd: 0.001391
  step:  30 bond rmsd: 0.001392
  step:  31 bond rmsd: 0.001391
  step:  32 bond rmsd: 0.001391
  step:  33 bond rmsd: 0.001391
  step:  34 bond rmsd: 0.001388
  step:  35 bond rmsd: 0.001388
  step:  36 bond rmsd: 0.001388
  step:  37 bond rmsd: 0.001390
  step:  38 bond rmsd: 0.001389
  step:  39 bond rmsd: 0.001388
  step:  40 bond rmsd: 0.001387
  step:  41 bond rmsd: 0.001386
  step:  42 bond rmsd: 0.001383
  step:  43 bond rmsd: 0.001385
  step:  44 bond rmsd: 0.001383
  step:  45 bond rmsd: 0.001384
  step:  46 bond rmsd: 0.001382
  step:  47 bond rmsd: 0.001385
  step:  48 bond rmsd: 0.001389
  step:  49 bond rmsd: 0.001396
  step:  50 bond rmsd: 0.001406
  step:  51 bond rmsd: 0.001421
  step:  52 bond rmsd: 0.001434
micro_cycle  49 rmsd(b):  0.0014 rws:  1.000 n_fev: 2554
  step:   1 bond rmsd: 0.001434
  step:   2 bond rmsd: 0.069286
  step:   3 bond rmsd: 0.002339
  step:   4 bond rmsd: 0.002070
  step:   5 bond rmsd: 0.001873
  step:   6 bond rmsd: 0.001732
  step:   7 bond rmsd: 0.001633
  step:   8 bond rmsd: 0.001563
  step:   9 bond rmsd: 0.001514
  step:  10 bond rmsd: 0.001480
  step:  11 bond rmsd: 0.001456
  step:  12 bond rmsd: 0.001439
  step:  13 bond rmsd: 0.001426
  step:  14 bond rmsd: 0.001418
  step:  15 bond rmsd: 0.001411
  step:  16 bond rmsd: 0.001406
  step:  17 bond rmsd: 0.001402
  step:  18 bond rmsd: 0.001399
  step:  19 bond rmsd: 0.001396
  step:  20 bond rmsd: 0.001393
  step:  21 bond rmsd: 0.001391
  step:  22 bond rmsd: 0.001388
  step:  23 bond rmsd: 0.001386
  step:  24 bond rmsd: 0.001382
  step:  25 bond rmsd: 0.001378
  step:  26 bond rmsd: 0.001372
  step:  27 bond rmsd: 0.001366
  step:  28 bond rmsd: 0.001364
  step:  29 bond rmsd: 0.001361
  step:  30 bond rmsd: 0.001357
  step:  31 bond rmsd: 0.001355
  step:  32 bond rmsd: 0.001353
  step:  33 bond rmsd: 0.001351
  step:  34 bond rmsd: 0.001347
  step:  35 bond rmsd: 0.001346
  step:  36 bond rmsd: 0.001345
  step:  37 bond rmsd: 0.001344
  step:  38 bond rmsd: 0.001344
  step:  39 bond rmsd: 0.001344
  step:  40 bond rmsd: 0.001345
  step:  41 bond rmsd: 0.001346
  step:  42 bond rmsd: 0.001349
  step:  43 bond rmsd: 0.001351
  step:  44 bond rmsd: 0.001355
  step:  45 bond rmsd: 0.001358
  step:  46 bond rmsd: 0.001360
  step:  47 bond rmsd: 0.001365
  step:  48 bond rmsd: 0.001368
  step:  49 bond rmsd: 0.001377
  step:  50 bond rmsd: 0.001380
  step:  51 bond rmsd: 0.001384
  step:  52 bond rmsd: 0.001388
micro_cycle  50 rmsd(b):  0.0014 rws:  1.000 n_fev: 2606
See 5_refined.pdb in pdb folder.
Time: 35.7629
