Starting Q|R
version:   v1.0-22-g4c4e7c  
Running refinement
   input {
     xray_data {
       file_name = None
       labels = None
       high_resolution = None
       low_resolution = None
       outliers_rejection = True
       french_wilson_scale = True
       french_wilson {
         max_bins = 60
         min_bin_size = 40
       }
       sigma_fobs_rejection_criterion = None
       sigma_iobs_rejection_criterion = None
       ignore_all_zeros = True
       force_anomalous_flag_to_be_equal_to = None
       convert_to_non_anomalous_if_ratio_pairs_lone_less_than_threshold = 0.5
       r_free_flags {
         file_name = None
         label = None
         test_flag_value = None
         ignore_r_free_flags = False
         disable_suitability_test = False
         ignore_pdb_hexdigest = False
         generate = False
         fraction = 0.1
         max_free = 2000
         lattice_symmetry_max_delta = 5
         use_lattice_symmetry = True
         use_dataman_shells = False
         n_shells = 20
       }
     }
     pdb {
       file_name = None
     }
     monomers {
       file_name = None
     }
     maps {
       map_file_name = None
       d_min = None
       map_coefficients_file_name = None
       map_coefficients_label = None
     }
     sequence = None
     scattering_table = wk1995 it1992 *n_gaussian neutron electron
     wavelength = None
     energy = None
     twin_law = Auto
   }
   max_atoms = 15000
   debug = False
   cluster {
     charge_cutoff = 8.0
     clustering = false
     charge_embedding = False
     two_buffers = False
     maxnum_residues_in_cluster = 15
     clustering_method = gnc *bcc
     altloc_method = *average subtract
     g_scan = 10 15 20
     g_ref = None
     g_mode = None
   }
   restraints = cctbx *qm
   quantum {
     engine_name = *mopac ani torchani terachem turbomole pyscf orca gaussian \
                   xtb
     charge = None
     basis = Auto
     method = Auto
     memory = None
     nproc = 8
     qm_addon = gcp dftd3 gcp-d3
     qm_addon_method = None
   }
   refine {
     dry_run = False
     sf_algorithm = *direct fft
     refinement_target_name = *ml ls_wunit_k1
     mode = *opt refine gtest
     number_of_macro_cycles = 1
     number_of_weight_search_cycles = 50
     number_of_refine_cycles = 5
     number_of_micro_cycles = 50
     data_weight = None
     choose_best_use_r_work = False
     skip_initial_weight_optimization = False
     adjust_restraints_weight_scale_value = 2
     max_iterations_weight = 50
     max_iterations_refine = 50
     use_ase_lbfgs = False
     line_search = True
     stpmax = 0.2
     gradient_only = true
     update_all_scales = True
     refine_sites = True
     refine_adp = False
     restraints_weight_scale = 1.0
     shake_sites = False
     use_convergence_test = true
     max_bond_rmsd = 0.03
     max_r_work_r_free_gap = 5.0
     r_tolerance = 0.001
     rmsd_tolerance = 0.001
     opt_log = False
     pre_opt = False
     pre_opt_stpmax = 0.1
     pre_opt_iter = 10
     pre_opt_switch = 2
     pre_opt_gconv = 3000
   }
   parallel {
     method = *multiprocessing slurm pbs sge lsf threading
     nproc = None
     qsub_command = None
   }
   output_file_name_prefix = None
   output_folder_name = "pdb"
   shared_disk = True
   rst_file = None
   dump_gradients = None

Setting QM defaults
  Setting QM method to PM7


***********************************************************
restart info will be stored in /home/lum/mopac_opt/3_0-4/mopac_opt/pdb/1.rst.pickle
***********************************************************

start   0 rmsd(b):  0.0172 rws:  1.000 n_fev: 0
  step:   1 bond rmsd: 0.017237
  step:   2 bond rmsd: 0.096562
  step:   3 bond rmsd: 0.102536
  step:   4 bond rmsd: 0.087155
  step:   5 bond rmsd: 0.072992
  step:   6 bond rmsd: 0.059295
  step:   7 bond rmsd: 0.048666
  step:   8 bond rmsd: 0.040892
  step:   9 bond rmsd: 0.035034
  step:  10 bond rmsd: 0.030593
  step:  11 bond rmsd: 0.027033
  step:  12 bond rmsd: 0.024187
  step:  13 bond rmsd: 0.021932
  step:  14 bond rmsd: 0.020191
  step:  15 bond rmsd: 0.018877
  step:  16 bond rmsd: 0.017935
  step:  17 bond rmsd: 0.017375
  step:  18 bond rmsd: 0.017156
  step:  19 bond rmsd: 0.017401
  step:  20 bond rmsd: 0.017730
  step:  21 bond rmsd: 0.018091
  step:  22 bond rmsd: 0.018415
  step:  23 bond rmsd: 0.018931
  step:  24 bond rmsd: 0.019289
  step:  25 bond rmsd: 0.019476
  step:  26 bond rmsd: 0.020056
  step:  27 bond rmsd: 0.020266
  step:  28 bond rmsd: 0.020325
  step:  29 bond rmsd: 0.020485
  step:  30 bond rmsd: 0.020672
  step:  31 bond rmsd: 0.020829
  step:  32 bond rmsd: 0.020926
  step:  33 bond rmsd: 0.021046
  step:  34 bond rmsd: 0.021143
  step:  35 bond rmsd: 0.021242
  step:  36 bond rmsd: 0.021258
  step:  37 bond rmsd: 0.021258
  step:  38 bond rmsd: 0.021287
  step:  39 bond rmsd: 0.021220
  step:  40 bond rmsd: 0.021254
  step:  41 bond rmsd: 0.021178
  step:  42 bond rmsd: 0.020990
  step:  43 bond rmsd: 0.021291
  step:  44 bond rmsd: 0.021219
  step:  45 bond rmsd: 0.021098
  step:  46 bond rmsd: 0.020913
  step:  47 bond rmsd: 0.020819
  step:  48 bond rmsd: 0.020653
  step:  49 bond rmsd: 0.020664
  step:  50 bond rmsd: 0.020589
  step:  51 bond rmsd: 0.020480
  step:  52 bond rmsd: 0.020552
  step:  53 bond rmsd: 0.020442
micro_cycle   1 rmsd(b):  0.0204 rws:  1.000 n_fev: 53
  step:   1 bond rmsd: 0.020442
  step:   2 bond rmsd: 0.057040
  step:   3 bond rmsd: 0.056033
  step:   4 bond rmsd: 0.047236
  step:   5 bond rmsd: 0.041432
  step:   6 bond rmsd: 0.036622
  step:   7 bond rmsd: 0.032876
  step:   8 bond rmsd: 0.029959
  step:   9 bond rmsd: 0.027702
  step:  10 bond rmsd: 0.025958
  step:  11 bond rmsd: 0.024626
  step:  12 bond rmsd: 0.023610
  step:  13 bond rmsd: 0.022854
  step:  14 bond rmsd: 0.022288
  step:  15 bond rmsd: 0.021858
  step:  16 bond rmsd: 0.021539
  step:  17 bond rmsd: 0.021296
  step:  18 bond rmsd: 0.021111
  step:  19 bond rmsd: 0.020970
  step:  20 bond rmsd: 0.020860
  step:  21 bond rmsd: 0.020774
  step:  22 bond rmsd: 0.020706
  step:  23 bond rmsd: 0.020652
  step:  24 bond rmsd: 0.020606
  step:  25 bond rmsd: 0.020569
  step:  26 bond rmsd: 0.020537
  step:  27 bond rmsd: 0.020522
  step:  28 bond rmsd: 0.020519
  step:  29 bond rmsd: 0.020539
  step:  30 bond rmsd: 0.020602
  step:  31 bond rmsd: 0.020684
  step:  32 bond rmsd: 0.020817
  step:  33 bond rmsd: 0.020937
  step:  34 bond rmsd: 0.020990
  step:  35 bond rmsd: 0.021042
  step:  36 bond rmsd: 0.021035
  step:  37 bond rmsd: 0.021049
  step:  38 bond rmsd: 0.021025
  step:  39 bond rmsd: 0.020960
  step:  40 bond rmsd: 0.020962
  step:  41 bond rmsd: 0.020874
  step:  42 bond rmsd: 0.020875
  step:  43 bond rmsd: 0.020736
  step:  44 bond rmsd: 0.020661
  step:  45 bond rmsd: 0.020495
  step:  46 bond rmsd: 0.020418
  step:  47 bond rmsd: 0.020361
  step:  48 bond rmsd: 0.020268
  step:  49 bond rmsd: 0.020256
  step:  50 bond rmsd: 0.020158
  step:  51 bond rmsd: 0.020195
  step:  52 bond rmsd: 0.020170
micro_cycle   2 rmsd(b):  0.0202 rws:  1.000 n_fev: 105
  step:   1 bond rmsd: 0.020170
  step:   2 bond rmsd: 0.032895
  step:   3 bond rmsd: 0.032895
  step:   4 bond rmsd: 0.029440
  step:   5 bond rmsd: 0.026952
  step:   6 bond rmsd: 0.025167
  step:   7 bond rmsd: 0.023844
  step:   8 bond rmsd: 0.022882
  step:   9 bond rmsd: 0.022181
  step:  10 bond rmsd: 0.021663
  step:  11 bond rmsd: 0.021297
  step:  12 bond rmsd: 0.021026
  step:  13 bond rmsd: 0.020838
  step:  14 bond rmsd: 0.020701
  step:  15 bond rmsd: 0.020601
  step:  16 bond rmsd: 0.020527
  step:  17 bond rmsd: 0.020473
  step:  18 bond rmsd: 0.020434
  step:  19 bond rmsd: 0.020406
  step:  20 bond rmsd: 0.020382
  step:  21 bond rmsd: 0.020369
  step:  22 bond rmsd: 0.020360
  step:  23 bond rmsd: 0.020358
  step:  24 bond rmsd: 0.020365
  step:  25 bond rmsd: 0.020361
  step:  26 bond rmsd: 0.020402
  step:  27 bond rmsd: 0.020460
  step:  28 bond rmsd: 0.020428
  step:  29 bond rmsd: 0.020555
  step:  30 bond rmsd: 0.020521
  step:  31 bond rmsd: 0.020499
  step:  32 bond rmsd: 0.020615
minimization failed: MOPAC: could not find total energy
See 1_refined.pdb in pdb folder.
Time: 15162.2345
