Starting Q|R
version:   v1.0-22-g4c4e7c  
Running refinement
   input {
     xray_data {
       file_name = None
       labels = None
       high_resolution = None
       low_resolution = None
       outliers_rejection = True
       french_wilson_scale = True
       french_wilson {
         max_bins = 60
         min_bin_size = 40
       }
       sigma_fobs_rejection_criterion = None
       sigma_iobs_rejection_criterion = None
       ignore_all_zeros = True
       force_anomalous_flag_to_be_equal_to = None
       convert_to_non_anomalous_if_ratio_pairs_lone_less_than_threshold = 0.5
       r_free_flags {
         file_name = None
         label = None
         test_flag_value = None
         ignore_r_free_flags = False
         disable_suitability_test = False
         ignore_pdb_hexdigest = False
         generate = False
         fraction = 0.1
         max_free = 2000
         lattice_symmetry_max_delta = 5
         use_lattice_symmetry = True
         use_dataman_shells = False
         n_shells = 20
       }
     }
     pdb {
       file_name = None
     }
     monomers {
       file_name = None
     }
     maps {
       map_file_name = None
       d_min = None
       map_coefficients_file_name = None
       map_coefficients_label = None
     }
     sequence = None
     scattering_table = wk1995 it1992 *n_gaussian neutron electron
     wavelength = None
     energy = None
     twin_law = Auto
   }
   max_atoms = 15000
   debug = False
   cluster {
     charge_cutoff = 8.0
     clustering = false
     charge_embedding = False
     two_buffers = False
     maxnum_residues_in_cluster = 15
     clustering_method = gnc *bcc
     altloc_method = *average subtract
     g_scan = 10 15 20
     g_ref = None
     g_mode = None
   }
   restraints = cctbx *qm
   quantum {
     engine_name = *mopac ani torchani terachem turbomole pyscf orca gaussian \
                   xtb
     charge = None
     basis = Auto
     method = Auto
     memory = None
     nproc = 8
     qm_addon = gcp dftd3 gcp-d3
     qm_addon_method = None
   }
   refine {
     dry_run = False
     sf_algorithm = *direct fft
     refinement_target_name = *ml ls_wunit_k1
     mode = *opt refine gtest
     number_of_macro_cycles = 1
     number_of_weight_search_cycles = 50
     number_of_refine_cycles = 5
     number_of_micro_cycles = 50
     data_weight = None
     choose_best_use_r_work = False
     skip_initial_weight_optimization = False
     adjust_restraints_weight_scale_value = 2
     max_iterations_weight = 50
     max_iterations_refine = 50
     use_ase_lbfgs = False
     line_search = True
     stpmax = 0.2
     gradient_only = true
     update_all_scales = True
     refine_sites = True
     refine_adp = False
     restraints_weight_scale = 1.0
     shake_sites = False
     use_convergence_test = true
     max_bond_rmsd = 0.03
     max_r_work_r_free_gap = 5.0
     r_tolerance = 0.001
     rmsd_tolerance = 0.001
     opt_log = False
     pre_opt = False
     pre_opt_stpmax = 0.1
     pre_opt_iter = 10
     pre_opt_switch = 2
     pre_opt_gconv = 3000
   }
   parallel {
     method = *multiprocessing slurm pbs sge lsf threading
     nproc = None
     qsub_command = None
   }
   output_file_name_prefix = None
   output_folder_name = "pdb"
   shared_disk = True
   rst_file = None
   dump_gradients = None

Setting QM defaults
  Setting QM method to PM7


***********************************************************
restart info will be stored in /home/lum/mopac_opt/3_0-4/mopac_opt/pdb/3.rst.pickle
***********************************************************

start   0 rmsd(b):  0.0173 rws:  1.000 n_fev: 0
  step:   1 bond rmsd: 0.017274
  step:   2 bond rmsd: 0.094186
  step:   3 bond rmsd: 0.094186
  step:   4 bond rmsd: 0.080269
  step:   5 bond rmsd: 0.067257
  step:   6 bond rmsd: 0.055291
  step:   7 bond rmsd: 0.045899
  step:   8 bond rmsd: 0.038845
  step:   9 bond rmsd: 0.033462
  step:  10 bond rmsd: 0.029363
  step:  11 bond rmsd: 0.026082
  step:  12 bond rmsd: 0.023518
  step:  13 bond rmsd: 0.021522
  step:  14 bond rmsd: 0.019963
  step:  15 bond rmsd: 0.018818
  step:  16 bond rmsd: 0.017994
  step:  17 bond rmsd: 0.017544
  step:  18 bond rmsd: 0.017500
  step:  19 bond rmsd: 0.017649
  step:  20 bond rmsd: 0.018049
  step:  21 bond rmsd: 0.018296
  step:  22 bond rmsd: 0.018810
  step:  23 bond rmsd: 0.019328
  step:  24 bond rmsd: 0.019557
  step:  25 bond rmsd: 0.020079
  step:  26 bond rmsd: 0.020378
  step:  27 bond rmsd: 0.020598
  step:  28 bond rmsd: 0.020860
  step:  29 bond rmsd: 0.021008
  step:  30 bond rmsd: 0.021268
  step:  31 bond rmsd: 0.021283
  step:  32 bond rmsd: 0.021492
  step:  33 bond rmsd: 0.021530
  step:  34 bond rmsd: 0.021542
  step:  35 bond rmsd: 0.021731
  step:  36 bond rmsd: 0.021677
  step:  37 bond rmsd: 0.021557
  step:  38 bond rmsd: 0.021607
  step:  39 bond rmsd: 0.021554
  step:  40 bond rmsd: 0.021459
  step:  41 bond rmsd: 0.021126
  step:  42 bond rmsd: 0.021087
  step:  43 bond rmsd: 0.021017
  step:  44 bond rmsd: 0.020908
  step:  45 bond rmsd: 0.020851
  step:  46 bond rmsd: 0.020710
  step:  47 bond rmsd: 0.020737
  step:  48 bond rmsd: 0.020661
  step:  49 bond rmsd: 0.020563
  step:  50 bond rmsd: 0.020491
  step:  51 bond rmsd: 0.020463
  step:  52 bond rmsd: 0.020263
micro_cycle   1 rmsd(b):  0.0203 rws:  1.000 n_fev: 52
  step:   1 bond rmsd: 0.020263
  step:   2 bond rmsd: 0.066818
  step:   3 bond rmsd: 0.066061
  step:   4 bond rmsd: 0.054536
  step:   5 bond rmsd: 0.048567
  step:   6 bond rmsd: 0.042463
  step:   7 bond rmsd: 0.037408
  step:   8 bond rmsd: 0.033496
  step:   9 bond rmsd: 0.030473
  step:  10 bond rmsd: 0.028095
  step:  11 bond rmsd: 0.026202
  step:  12 bond rmsd: 0.024733
  step:  13 bond rmsd: 0.023602
  step:  14 bond rmsd: 0.022755
  step:  15 bond rmsd: 0.022125
  step:  16 bond rmsd: 0.021659
  step:  17 bond rmsd: 0.021316
  step:  18 bond rmsd: 0.021066
  step:  19 bond rmsd: 0.020884
  step:  20 bond rmsd: 0.020752
  step:  21 bond rmsd: 0.020652
  step:  22 bond rmsd: 0.020582
  step:  23 bond rmsd: 0.020530
  step:  24 bond rmsd: 0.020494
  step:  25 bond rmsd: 0.020469
  step:  26 bond rmsd: 0.020452
  step:  27 bond rmsd: 0.020446
  step:  28 bond rmsd: 0.020450
  step:  29 bond rmsd: 0.020472
  step:  30 bond rmsd: 0.020526
  step:  31 bond rmsd: 0.020580
  step:  32 bond rmsd: 0.020961
  step:  33 bond rmsd: 0.021024
  step:  34 bond rmsd: 0.021064
  step:  35 bond rmsd: 0.021188
  step:  36 bond rmsd: 0.021244
  step:  37 bond rmsd: 0.021245
  step:  38 bond rmsd: 0.021319
  step:  39 bond rmsd: 0.021339
  step:  40 bond rmsd: 0.021197
  step:  41 bond rmsd: 0.021200
  step:  42 bond rmsd: 0.021145
  step:  43 bond rmsd: 0.021096
  step:  44 bond rmsd: 0.021082
  step:  45 bond rmsd: 0.020991
  step:  46 bond rmsd: 0.020947
  step:  47 bond rmsd: 0.020700
  step:  48 bond rmsd: 0.020652
  step:  49 bond rmsd: 0.020545
  step:  50 bond rmsd: 0.020462
  step:  51 bond rmsd: 0.020396
  step:  52 bond rmsd: 0.020287
micro_cycle   2 rmsd(b):  0.0203 rws:  1.000 n_fev: 104
  step:   1 bond rmsd: 0.020287
  step:   2 bond rmsd: 0.090832
  step:   3 bond rmsd: 0.025284
  step:   4 bond rmsd: 0.023807
  step:   5 bond rmsd: 0.022807
  step:   6 bond rmsd: 0.022096
  step:   7 bond rmsd: 0.021593
  step:   8 bond rmsd: 0.021242
  step:   9 bond rmsd: 0.020991
  step:  10 bond rmsd: 0.020815
  step:  11 bond rmsd: 0.020689
  step:  12 bond rmsd: 0.020598
  step:  13 bond rmsd: 0.020533
  step:  14 bond rmsd: 0.020484
  step:  15 bond rmsd: 0.020449
  step:  16 bond rmsd: 0.020423
  step:  17 bond rmsd: 0.020401
  step:  18 bond rmsd: 0.020385
  step:  19 bond rmsd: 0.020372
  step:  20 bond rmsd: 0.020364
  step:  21 bond rmsd: 0.020362
  step:  22 bond rmsd: 0.020362
  step:  23 bond rmsd: 0.020377
  step:  24 bond rmsd: 0.020418
  step:  25 bond rmsd: 0.020487
  step:  26 bond rmsd: 0.020558
  step:  27 bond rmsd: 0.020611
minimization failed: MOPAC: could not find total energy
See 3_refined.pdb in pdb folder.
Time: 15022.2798
