Starting Q|R
version:   v1.0-22-g4c4e7c  
Running refinement
   input {
     xray_data {
       file_name = None
       labels = None
       high_resolution = None
       low_resolution = None
       outliers_rejection = True
       french_wilson_scale = True
       french_wilson {
         max_bins = 60
         min_bin_size = 40
       }
       sigma_fobs_rejection_criterion = None
       sigma_iobs_rejection_criterion = None
       ignore_all_zeros = True
       force_anomalous_flag_to_be_equal_to = None
       convert_to_non_anomalous_if_ratio_pairs_lone_less_than_threshold = 0.5
       r_free_flags {
         file_name = None
         label = None
         test_flag_value = None
         ignore_r_free_flags = False
         disable_suitability_test = False
         ignore_pdb_hexdigest = False
         generate = False
         fraction = 0.1
         max_free = 2000
         lattice_symmetry_max_delta = 5
         use_lattice_symmetry = True
         use_dataman_shells = False
         n_shells = 20
       }
     }
     pdb {
       file_name = None
     }
     monomers {
       file_name = None
     }
     maps {
       map_file_name = None
       d_min = None
       map_coefficients_file_name = None
       map_coefficients_label = None
     }
     sequence = None
     scattering_table = wk1995 it1992 *n_gaussian neutron electron
     wavelength = None
     energy = None
     twin_law = Auto
   }
   max_atoms = 15000
   debug = False
   cluster {
     charge_cutoff = 8.0
     clustering = false
     charge_embedding = False
     two_buffers = False
     maxnum_residues_in_cluster = 15
     clustering_method = gnc *bcc
     altloc_method = *average subtract
     g_scan = 10 15 20
     g_ref = None
     g_mode = None
   }
   restraints = cctbx *qm
   quantum {
     engine_name = *mopac ani torchani terachem turbomole pyscf orca gaussian \
                   xtb
     charge = None
     basis = Auto
     method = Auto
     memory = None
     nproc = 8
     qm_addon = gcp dftd3 gcp-d3
     qm_addon_method = None
   }
   refine {
     dry_run = False
     sf_algorithm = *direct fft
     refinement_target_name = *ml ls_wunit_k1
     mode = *opt refine gtest
     number_of_macro_cycles = 1
     number_of_weight_search_cycles = 50
     number_of_refine_cycles = 5
     number_of_micro_cycles = 50
     data_weight = None
     choose_best_use_r_work = False
     skip_initial_weight_optimization = False
     adjust_restraints_weight_scale_value = 2
     max_iterations_weight = 50
     max_iterations_refine = 50
     use_ase_lbfgs = False
     line_search = True
     stpmax = 0.2
     gradient_only = true
     update_all_scales = True
     refine_sites = True
     refine_adp = False
     restraints_weight_scale = 1.0
     shake_sites = False
     use_convergence_test = true
     max_bond_rmsd = 0.03
     max_r_work_r_free_gap = 5.0
     r_tolerance = 0.001
     rmsd_tolerance = 0.001
     opt_log = False
     pre_opt = False
     pre_opt_stpmax = 0.1
     pre_opt_iter = 10
     pre_opt_switch = 2
     pre_opt_gconv = 3000
   }
   parallel {
     method = *multiprocessing slurm pbs sge lsf threading
     nproc = None
     qsub_command = None
   }
   output_file_name_prefix = None
   output_folder_name = "pdb"
   shared_disk = True
   rst_file = None
   dump_gradients = None

Setting QM defaults
  Setting QM method to PM7


***********************************************************
restart info will be stored in /home/lum/mopac_opt/3_5-9/mopac_opt/pdb/6.rst.pickle
***********************************************************

start   0 rmsd(b):  0.0161 rws:  1.000 n_fev: 0
  step:   1 bond rmsd: 0.016084
  step:   2 bond rmsd: 0.081288
  step:   3 bond rmsd: 0.081288
  step:   4 bond rmsd: 0.069956
  step:   5 bond rmsd: 0.057894
  step:   6 bond rmsd: 0.047546
  step:   7 bond rmsd: 0.039674
  step:   8 bond rmsd: 0.033882
  step:   9 bond rmsd: 0.029414
  step:  10 bond rmsd: 0.025989
  step:  11 bond rmsd: 0.023312
  step:  12 bond rmsd: 0.021246
  step:  13 bond rmsd: 0.019645
  step:  14 bond rmsd: 0.018500
  step:  15 bond rmsd: 0.017760
  step:  16 bond rmsd: 0.017440
  step:  17 bond rmsd: 0.017551
  step:  18 bond rmsd: 0.017822
  step:  19 bond rmsd: 0.018136
  step:  20 bond rmsd: 0.018543
  step:  21 bond rmsd: 0.018974
  step:  22 bond rmsd: 0.019358
  step:  23 bond rmsd: 0.019678
  step:  24 bond rmsd: 0.019892
  step:  25 bond rmsd: 0.020331
  step:  26 bond rmsd: 0.020414
  step:  27 bond rmsd: 0.020785
  step:  28 bond rmsd: 0.020924
  step:  29 bond rmsd: 0.021030
  step:  30 bond rmsd: 0.021146
  step:  31 bond rmsd: 0.021163
  step:  32 bond rmsd: 0.021154
  step:  33 bond rmsd: 0.021154
  step:  34 bond rmsd: 0.021374
  step:  35 bond rmsd: 0.021257
  step:  36 bond rmsd: 0.021150
  step:  37 bond rmsd: 0.021028
  step:  38 bond rmsd: 0.020991
  step:  39 bond rmsd: 0.020915
  step:  40 bond rmsd: 0.020870
  step:  41 bond rmsd: 0.020806
  step:  42 bond rmsd: 0.020704
  step:  43 bond rmsd: 0.020661
  step:  44 bond rmsd: 0.020555
  step:  45 bond rmsd: 0.020503
  step:  46 bond rmsd: 0.020427
  step:  47 bond rmsd: 0.020392
  step:  48 bond rmsd: 0.020408
  step:  49 bond rmsd: 0.020386
  step:  50 bond rmsd: 0.020474
  step:  51 bond rmsd: 0.020461
  step:  52 bond rmsd: 0.020479
micro_cycle   1 rmsd(b):  0.0205 rws:  1.000 n_fev: 52
  step:   1 bond rmsd: 0.020479
  step:   2 bond rmsd: 0.090792
  step:   3 bond rmsd: 0.063880
  step:   4 bond rmsd: 0.052576
  step:   5 bond rmsd: 0.043253
  step:   6 bond rmsd: 0.036150
  step:   7 bond rmsd: 0.031484
  step:   8 bond rmsd: 0.028269
  step:   9 bond rmsd: 0.025958
  step:  10 bond rmsd: 0.024258
  step:  11 bond rmsd: 0.023042
  step:  12 bond rmsd: 0.022186
  step:  13 bond rmsd: 0.021597
  step:  14 bond rmsd: 0.021190
  step:  15 bond rmsd: 0.020915
  step:  16 bond rmsd: 0.020730
  step:  17 bond rmsd: 0.020608
  step:  18 bond rmsd: 0.020529
  step:  19 bond rmsd: 0.020479
  step:  20 bond rmsd: 0.020450
  step:  21 bond rmsd: 0.020436
  step:  22 bond rmsd: 0.020432
  step:  23 bond rmsd: 0.020439
  step:  24 bond rmsd: 0.020454
  step:  25 bond rmsd: 0.020474
  step:  26 bond rmsd: 0.020517
  step:  27 bond rmsd: 0.020589
  step:  28 bond rmsd: 0.020667
  step:  29 bond rmsd: 0.020802
  step:  30 bond rmsd: 0.020944
  step:  31 bond rmsd: 0.020992
  step:  32 bond rmsd: 0.021073
  step:  33 bond rmsd: 0.021134
  step:  34 bond rmsd: 0.021131
  step:  35 bond rmsd: 0.021186
  step:  36 bond rmsd: 0.021191
  step:  37 bond rmsd: 0.021157
  step:  38 bond rmsd: 0.021172
  step:  39 bond rmsd: 0.021150
  step:  40 bond rmsd: 0.021040
  step:  41 bond rmsd: 0.020998
  step:  42 bond rmsd: 0.020902
  step:  43 bond rmsd: 0.020817
  step:  44 bond rmsd: 0.020682
  step:  45 bond rmsd: 0.020614
  step:  46 bond rmsd: 0.020556
  step:  47 bond rmsd: 0.020515
  step:  48 bond rmsd: 0.020404
  step:  49 bond rmsd: 0.020342
  step:  50 bond rmsd: 0.020257
  step:  51 bond rmsd: 0.020176
  step:  52 bond rmsd: 0.020117
micro_cycle   2 rmsd(b):  0.0201 rws:  1.000 n_fev: 104
  step:   1 bond rmsd: 0.020117
  step:   2 bond rmsd: 0.025523
  step:   3 bond rmsd: 0.025523
  step:   4 bond rmsd: 0.023860
  step:   5 bond rmsd: 0.022720
  step:   6 bond rmsd: 0.021909
  step:   7 bond rmsd: 0.021379
  step:   8 bond rmsd: 0.021013
  step:   9 bond rmsd: 0.020785
  step:  10 bond rmsd: 0.020641
  step:  11 bond rmsd: 0.020552
minimization failed: MOPAC: could not find total energy
See 6_refined.pdb in pdb folder.
Time: 12190.7918
