Starting Q|R
version:   v1.0-114-g3318f9  
Running refinement
   input {
     xray_data {
       file_name = None
       labels = None
       high_resolution = None
       low_resolution = None
       outliers_rejection = True
       french_wilson_scale = True
       french_wilson {
         max_bins = 60
         min_bin_size = 40
       }
       sigma_fobs_rejection_criterion = None
       sigma_iobs_rejection_criterion = None
       ignore_all_zeros = True
       force_anomalous_flag_to_be_equal_to = None
       convert_to_non_anomalous_if_ratio_pairs_lone_less_than_threshold = 0.5
       r_free_flags {
         file_name = None
         label = None
         test_flag_value = None
         ignore_r_free_flags = False
         disable_suitability_test = False
         ignore_pdb_hexdigest = False
         generate = False
         fraction = 0.1
         max_free = 2000
         lattice_symmetry_max_delta = 5
         use_lattice_symmetry = True
         use_dataman_shells = False
         n_shells = 20
       }
     }
     pdb {
       file_name = None
     }
     monomers {
       file_name = None
     }
     maps {
       map_file_name = None
       d_min = None
       map_coefficients_file_name = None
       map_coefficients_label = None
     }
     sequence = None
     scattering_table = wk1995 it1992 *n_gaussian neutron electron
     wavelength = None
     energy = None
     twin_law = Auto
   }
   max_atoms = 15000
   debug = False
   cluster {
     charge_cutoff = 8.0
     clustering = false
     charge_embedding = False
     two_buffers = False
     maxnum_residues_in_cluster = 15
     clustering_method = gnc *bcc
     altloc_method = *average subtract
     g_scan = 10 15 20
     g_mode = None
   }
   restraints = cctbx *qm
   quantum {
     engine_name = mopac ani torchani terachem turbomole pyscf orca gaussian \
                   *xtb
     charge = None
     basis = Auto
     method = Auto
     memory = None
     nproc = 8
     qm_addon = gcp dftd3 gcp-d3
     qm_addon_method = None
   }
   refine {
     dry_run = False
     sf_algorithm = *direct fft
     refinement_target_name = *ml ls_wunit_k1
     mode = *opt refine gtest
     number_of_macro_cycles = 1
     number_of_weight_search_cycles = 50
     number_of_refine_cycles = 5
     number_of_micro_cycles = 1
     data_weight = None
     choose_best_use_r_work = False
     skip_weight_search = False
     adjust_restraints_weight_scale_value = 2
     max_iterations_weight = 50
     max_iterations_refine = 400
     use_ase_lbfgs = False
     line_search = True
     stpmax = 0.7
     gradient_only = true
     update_all_scales = True
     refine_sites = True
     refine_adp = False
     restraints_weight_scale = 1.0
     shake_sites = False
     use_convergence_test = true
     max_bond_rmsd = 0.03
     max_r_work_r_free_gap = 5.0
     r_tolerance = 0.001
     rmsd_tolerance = 0.001
     opt_log = False
     pre_opt = False
     pre_opt_stpmax = 0.1
     pre_opt_iter = 10
     pre_opt_switch = 2
     pre_opt_gconv = 3000
   }
   parallel {
     method = *multiprocessing slurm pbs sge lsf threading
     nproc = None
     qsub_command = None
   }
   output_file_name_prefix = None
   output_folder_name = "pdb"
   shared_disk = True
   rst_file = None
   dump_gradients = None
  Default method for xtb is  --gfn 2 --etemp 500 --acc 0.1 --gbsa h2o

***********************************************************
restart info will be stored in /home/lum/xtb_opt_final/0.9/xtb_opt/pdb/4.rst.pickle
***********************************************************

start   0 rmsd(b):  0.0201 rws:  1.000 n_fev: 0
  step:   1 bond rmsd: 0.020099
Running:  /home/lum/install/xtb/xtb-190329/bin/xtb  xtb_tmp.xyz --chrg 2 --grad  --gfn 2 --etemp 500 --acc 0.1 --gbsa h2o --parallel 8 > xtb.out
  step:   2 bond rmsd: 0.080699
Running:  /home/lum/install/xtb/xtb-190329/bin/xtb  xtb_tmp.xyz --chrg 2 --grad  --gfn 2 --etemp 500 --acc 0.1 --gbsa h2o --parallel 8 > xtb.out
  step:   3 bond rmsd: 0.413584
Running:  /home/lum/install/xtb/xtb-190329/bin/xtb  xtb_tmp.xyz --chrg 2 --grad  --gfn 2 --etemp 500 --acc 0.1 --gbsa h2o --parallel 8 > xtb.out
  step:   4 bond rmsd: 0.117186
Running:  /home/lum/install/xtb/xtb-190329/bin/xtb  xtb_tmp.xyz --chrg 2 --grad  --gfn 2 --etemp 500 --acc 0.1 --gbsa h2o --parallel 8 > xtb.out
  step:   5 bond rmsd: 0.100309
Running:  /home/lum/install/xtb/xtb-190329/bin/xtb  xtb_tmp.xyz --chrg 2 --grad  --gfn 2 --etemp 500 --acc 0.1 --gbsa h2o --parallel 8 > xtb.out
  step:   6 bond rmsd: 0.048678
Running:  /home/lum/install/xtb/xtb-190329/bin/xtb  xtb_tmp.xyz --chrg 2 --grad  --gfn 2 --etemp 500 --acc 0.1 --gbsa h2o --parallel 8 > xtb.out
  step:   7 bond rmsd: 0.026551
Running:  /home/lum/install/xtb/xtb-190329/bin/xtb  xtb_tmp.xyz --chrg 2 --grad  --gfn 2 --etemp 500 --acc 0.1 --gbsa h2o --parallel 8 > xtb.out
  step:   8 bond rmsd: 0.018253
Running:  /home/lum/install/xtb/xtb-190329/bin/xtb  xtb_tmp.xyz --chrg 2 --grad  --gfn 2 --etemp 500 --acc 0.1 --gbsa h2o --parallel 8 > xtb.out
  step:   9 bond rmsd: 0.014042
Running:  /home/lum/install/xtb/xtb-190329/bin/xtb  xtb_tmp.xyz --chrg 2 --grad  --gfn 2 --etemp 500 --acc 0.1 --gbsa h2o --parallel 8 > xtb.out
  step:  10 bond rmsd: 0.012769
Running:  /home/lum/install/xtb/xtb-190329/bin/xtb  xtb_tmp.xyz --chrg 2 --grad  --gfn 2 --etemp 500 --acc 0.1 --gbsa h2o --parallel 8 > xtb.out
  step:  11 bond rmsd: 0.012987
Running:  /home/lum/install/xtb/xtb-190329/bin/xtb  xtb_tmp.xyz --chrg 2 --grad  --gfn 2 --etemp 500 --acc 0.1 --gbsa h2o --parallel 8 > xtb.out
  step:  12 bond rmsd: 0.013332
Running:  /home/lum/install/xtb/xtb-190329/bin/xtb  xtb_tmp.xyz --chrg 2 --grad  --gfn 2 --etemp 500 --acc 0.1 --gbsa h2o --parallel 8 > xtb.out
  step:  13 bond rmsd: 0.013486
Running:  /home/lum/install/xtb/xtb-190329/bin/xtb  xtb_tmp.xyz --chrg 2 --grad  --gfn 2 --etemp 500 --acc 0.1 --gbsa h2o --parallel 8 > xtb.out
  step:  14 bond rmsd: 0.015309
Running:  /home/lum/install/xtb/xtb-190329/bin/xtb  xtb_tmp.xyz --chrg 2 --grad  --gfn 2 --etemp 500 --acc 0.1 --gbsa h2o --parallel 8 > xtb.out
  step:  15 bond rmsd: 0.013324
Running:  /home/lum/install/xtb/xtb-190329/bin/xtb  xtb_tmp.xyz --chrg 2 --grad  --gfn 2 --etemp 500 --acc 0.1 --gbsa h2o --parallel 8 > xtb.out
  step:  16 bond rmsd: 0.012946
Running:  /home/lum/install/xtb/xtb-190329/bin/xtb  xtb_tmp.xyz --chrg 2 --grad  --gfn 2 --etemp 500 --acc 0.1 --gbsa h2o --parallel 8 > xtb.out
  step:  17 bond rmsd: 0.012625
Running:  /home/lum/install/xtb/xtb-190329/bin/xtb  xtb_tmp.xyz --chrg 2 --grad  --gfn 2 --etemp 500 --acc 0.1 --gbsa h2o --parallel 8 > xtb.out
  step:  18 bond rmsd: 0.012465
Running:  /home/lum/install/xtb/xtb-190329/bin/xtb  xtb_tmp.xyz --chrg 2 --grad  --gfn 2 --etemp 500 --acc 0.1 --gbsa h2o --parallel 8 > xtb.out
  step:  19 bond rmsd: 0.011970
Running:  /home/lum/install/xtb/xtb-190329/bin/xtb  xtb_tmp.xyz --chrg 2 --grad  --gfn 2 --etemp 500 --acc 0.1 --gbsa h2o --parallel 8 > xtb.out
  step:  20 bond rmsd: 0.012494
Running:  /home/lum/install/xtb/xtb-190329/bin/xtb  xtb_tmp.xyz --chrg 2 --grad  --gfn 2 --etemp 500 --acc 0.1 --gbsa h2o --parallel 8 > xtb.out
  step:  21 bond rmsd: 0.012108
Running:  /home/lum/install/xtb/xtb-190329/bin/xtb  xtb_tmp.xyz --chrg 2 --grad  --gfn 2 --etemp 500 --acc 0.1 --gbsa h2o --parallel 8 > xtb.out
  step:  22 bond rmsd: 0.012069
Running:  /home/lum/install/xtb/xtb-190329/bin/xtb  xtb_tmp.xyz --chrg 2 --grad  --gfn 2 --etemp 500 --acc 0.1 --gbsa h2o --parallel 8 > xtb.out
  step:  23 bond rmsd: 0.012143
Running:  /home/lum/install/xtb/xtb-190329/bin/xtb  xtb_tmp.xyz --chrg 2 --grad  --gfn 2 --etemp 500 --acc 0.1 --gbsa h2o --parallel 8 > xtb.out
  step:  24 bond rmsd: 0.012200
Running:  /home/lum/install/xtb/xtb-190329/bin/xtb  xtb_tmp.xyz --chrg 2 --grad  --gfn 2 --etemp 500 --acc 0.1 --gbsa h2o --parallel 8 > xtb.out
  step:  25 bond rmsd: 0.012113
Running:  /home/lum/install/xtb/xtb-190329/bin/xtb  xtb_tmp.xyz --chrg 2 --grad  --gfn 2 --etemp 500 --acc 0.1 --gbsa h2o --parallel 8 > xtb.out
  step:  26 bond rmsd: 0.011929
Running:  /home/lum/install/xtb/xtb-190329/bin/xtb  xtb_tmp.xyz --chrg 2 --grad  --gfn 2 --etemp 500 --acc 0.1 --gbsa h2o --parallel 8 > xtb.out
  step:  27 bond rmsd: 0.011772
Running:  /home/lum/install/xtb/xtb-190329/bin/xtb  xtb_tmp.xyz --chrg 2 --grad  --gfn 2 --etemp 500 --acc 0.1 --gbsa h2o --parallel 8 > xtb.out
  step:  28 bond rmsd: 0.011808
Running:  /home/lum/install/xtb/xtb-190329/bin/xtb  xtb_tmp.xyz --chrg 2 --grad  --gfn 2 --etemp 500 --acc 0.1 --gbsa h2o --parallel 8 > xtb.out
  step:  29 bond rmsd: 0.011601
Running:  /home/lum/install/xtb/xtb-190329/bin/xtb  xtb_tmp.xyz --chrg 2 --grad  --gfn 2 --etemp 500 --acc 0.1 --gbsa h2o --parallel 8 > xtb.out
  step:  30 bond rmsd: 0.011755
Running:  /home/lum/install/xtb/xtb-190329/bin/xtb  xtb_tmp.xyz --chrg 2 --grad  --gfn 2 --etemp 500 --acc 0.1 --gbsa h2o --parallel 8 > xtb.out
  step:  31 bond rmsd: 0.011794
Running:  /home/lum/install/xtb/xtb-190329/bin/xtb  xtb_tmp.xyz --chrg 2 --grad  --gfn 2 --etemp 500 --acc 0.1 --gbsa h2o --parallel 8 > xtb.out
  step:  32 bond rmsd: 0.011800
Running:  /home/lum/install/xtb/xtb-190329/bin/xtb  xtb_tmp.xyz --chrg 2 --grad  --gfn 2 --etemp 500 --acc 0.1 --gbsa h2o --parallel 8 > xtb.out
  step:  33 bond rmsd: 0.011826
Running:  /home/lum/install/xtb/xtb-190329/bin/xtb  xtb_tmp.xyz --chrg 2 --grad  --gfn 2 --etemp 500 --acc 0.1 --gbsa h2o --parallel 8 > xtb.out
  step:  34 bond rmsd: 0.012022
Running:  /home/lum/install/xtb/xtb-190329/bin/xtb  xtb_tmp.xyz --chrg 2 --grad  --gfn 2 --etemp 500 --acc 0.1 --gbsa h2o --parallel 8 > xtb.out
  step:  35 bond rmsd: 0.011851
Running:  /home/lum/install/xtb/xtb-190329/bin/xtb  xtb_tmp.xyz --chrg 2 --grad  --gfn 2 --etemp 500 --acc 0.1 --gbsa h2o --parallel 8 > xtb.out
  step:  36 bond rmsd: 0.011849
Running:  /home/lum/install/xtb/xtb-190329/bin/xtb  xtb_tmp.xyz --chrg 2 --grad  --gfn 2 --etemp 500 --acc 0.1 --gbsa h2o --parallel 8 > xtb.out
  step:  37 bond rmsd: 0.011633
Running:  /home/lum/install/xtb/xtb-190329/bin/xtb  xtb_tmp.xyz --chrg 2 --grad  --gfn 2 --etemp 500 --acc 0.1 --gbsa h2o --parallel 8 > xtb.out
  step:  38 bond rmsd: 0.011705
Running:  /home/lum/install/xtb/xtb-190329/bin/xtb  xtb_tmp.xyz --chrg 2 --grad  --gfn 2 --etemp 500 --acc 0.1 --gbsa h2o --parallel 8 > xtb.out
  step:  39 bond rmsd: 0.011629
Running:  /home/lum/install/xtb/xtb-190329/bin/xtb  xtb_tmp.xyz --chrg 2 --grad  --gfn 2 --etemp 500 --acc 0.1 --gbsa h2o --parallel 8 > xtb.out
  step:  40 bond rmsd: 0.011744
Running:  /home/lum/install/xtb/xtb-190329/bin/xtb  xtb_tmp.xyz --chrg 2 --grad  --gfn 2 --etemp 500 --acc 0.1 --gbsa h2o --parallel 8 > xtb.out
  step:  41 bond rmsd: 0.011602
Running:  /home/lum/install/xtb/xtb-190329/bin/xtb  xtb_tmp.xyz --chrg 2 --grad  --gfn 2 --etemp 500 --acc 0.1 --gbsa h2o --parallel 8 > xtb.out
  step:  42 bond rmsd: 0.011569
Running:  /home/lum/install/xtb/xtb-190329/bin/xtb  xtb_tmp.xyz --chrg 2 --grad  --gfn 2 --etemp 500 --acc 0.1 --gbsa h2o --parallel 8 > xtb.out
  step:  43 bond rmsd: 0.011537
Running:  /home/lum/install/xtb/xtb-190329/bin/xtb  xtb_tmp.xyz --chrg 2 --grad  --gfn 2 --etemp 500 --acc 0.1 --gbsa h2o --parallel 8 > xtb.out
  step:  44 bond rmsd: 0.011450
Running:  /home/lum/install/xtb/xtb-190329/bin/xtb  xtb_tmp.xyz --chrg 2 --grad  --gfn 2 --etemp 500 --acc 0.1 --gbsa h2o --parallel 8 > xtb.out
  step:  45 bond rmsd: 0.011491
Running:  /home/lum/install/xtb/xtb-190329/bin/xtb  xtb_tmp.xyz --chrg 2 --grad  --gfn 2 --etemp 500 --acc 0.1 --gbsa h2o --parallel 8 > xtb.out
  step:  46 bond rmsd: 0.011480
Running:  /home/lum/install/xtb/xtb-190329/bin/xtb  xtb_tmp.xyz --chrg 2 --grad  --gfn 2 --etemp 500 --acc 0.1 --gbsa h2o --parallel 8 > xtb.out
  step:  47 bond rmsd: 0.011461
Running:  /home/lum/install/xtb/xtb-190329/bin/xtb  xtb_tmp.xyz --chrg 2 --grad  --gfn 2 --etemp 500 --acc 0.1 --gbsa h2o --parallel 8 > xtb.out
  step:  48 bond rmsd: 0.011923
Running:  /home/lum/install/xtb/xtb-190329/bin/xtb  xtb_tmp.xyz --chrg 2 --grad  --gfn 2 --etemp 500 --acc 0.1 --gbsa h2o --parallel 8 > xtb.out
  step:  49 bond rmsd: 0.011695
Running:  /home/lum/install/xtb/xtb-190329/bin/xtb  xtb_tmp.xyz --chrg 2 --grad  --gfn 2 --etemp 500 --acc 0.1 --gbsa h2o --parallel 8 > xtb.out
  step:  50 bond rmsd: 0.011615
Running:  /home/lum/install/xtb/xtb-190329/bin/xtb  xtb_tmp.xyz --chrg 2 --grad  --gfn 2 --etemp 500 --acc 0.1 --gbsa h2o --parallel 8 > xtb.out
  step:  51 bond rmsd: 0.011544
Running:  /home/lum/install/xtb/xtb-190329/bin/xtb  xtb_tmp.xyz --chrg 2 --grad  --gfn 2 --etemp 500 --acc 0.1 --gbsa h2o --parallel 8 > xtb.out
  step:  52 bond rmsd: 0.011553
Running:  /home/lum/install/xtb/xtb-190329/bin/xtb  xtb_tmp.xyz --chrg 2 --grad  --gfn 2 --etemp 500 --acc 0.1 --gbsa h2o --parallel 8 > xtb.out
  step:  53 bond rmsd: 0.011506
Running:  /home/lum/install/xtb/xtb-190329/bin/xtb  xtb_tmp.xyz --chrg 2 --grad  --gfn 2 --etemp 500 --acc 0.1 --gbsa h2o --parallel 8 > xtb.out
  step:  54 bond rmsd: 0.011482
Running:  /home/lum/install/xtb/xtb-190329/bin/xtb  xtb_tmp.xyz --chrg 2 --grad  --gfn 2 --etemp 500 --acc 0.1 --gbsa h2o --parallel 8 > xtb.out
  step:  55 bond rmsd: 0.011450
Running:  /home/lum/install/xtb/xtb-190329/bin/xtb  xtb_tmp.xyz --chrg 2 --grad  --gfn 2 --etemp 500 --acc 0.1 --gbsa h2o --parallel 8 > xtb.out
  step:  56 bond rmsd: 0.011423
Running:  /home/lum/install/xtb/xtb-190329/bin/xtb  xtb_tmp.xyz --chrg 2 --grad  --gfn 2 --etemp 500 --acc 0.1 --gbsa h2o --parallel 8 > xtb.out
  step:  57 bond rmsd: 0.011358
Running:  /home/lum/install/xtb/xtb-190329/bin/xtb  xtb_tmp.xyz --chrg 2 --grad  --gfn 2 --etemp 500 --acc 0.1 --gbsa h2o --parallel 8 > xtb.out
  step:  58 bond rmsd: 0.011376
Running:  /home/lum/install/xtb/xtb-190329/bin/xtb  xtb_tmp.xyz --chrg 2 --grad  --gfn 2 --etemp 500 --acc 0.1 --gbsa h2o --parallel 8 > xtb.out
  step:  59 bond rmsd: 0.011440
Running:  /home/lum/install/xtb/xtb-190329/bin/xtb  xtb_tmp.xyz --chrg 2 --grad  --gfn 2 --etemp 500 --acc 0.1 --gbsa h2o --parallel 8 > xtb.out
  step:  60 bond rmsd: 0.011514
Running:  /home/lum/install/xtb/xtb-190329/bin/xtb  xtb_tmp.xyz --chrg 2 --grad  --gfn 2 --etemp 500 --acc 0.1 --gbsa h2o --parallel 8 > xtb.out
  step:  61 bond rmsd: 0.011537
Running:  /home/lum/install/xtb/xtb-190329/bin/xtb  xtb_tmp.xyz --chrg 2 --grad  --gfn 2 --etemp 500 --acc 0.1 --gbsa h2o --parallel 8 > xtb.out
  step:  62 bond rmsd: 0.011532
Running:  /home/lum/install/xtb/xtb-190329/bin/xtb  xtb_tmp.xyz --chrg 2 --grad  --gfn 2 --etemp 500 --acc 0.1 --gbsa h2o --parallel 8 > xtb.out
  step:  63 bond rmsd: 0.011525
Running:  /home/lum/install/xtb/xtb-190329/bin/xtb  xtb_tmp.xyz --chrg 2 --grad  --gfn 2 --etemp 500 --acc 0.1 --gbsa h2o --parallel 8 > xtb.out
  step:  64 bond rmsd: 0.011470
Running:  /home/lum/install/xtb/xtb-190329/bin/xtb  xtb_tmp.xyz --chrg 2 --grad  --gfn 2 --etemp 500 --acc 0.1 --gbsa h2o --parallel 8 > xtb.out
  step:  65 bond rmsd: 0.011413
Running:  /home/lum/install/xtb/xtb-190329/bin/xtb  xtb_tmp.xyz --chrg 2 --grad  --gfn 2 --etemp 500 --acc 0.1 --gbsa h2o --parallel 8 > xtb.out
  step:  66 bond rmsd: 0.011384
Running:  /home/lum/install/xtb/xtb-190329/bin/xtb  xtb_tmp.xyz --chrg 2 --grad  --gfn 2 --etemp 500 --acc 0.1 --gbsa h2o --parallel 8 > xtb.out
  step:  67 bond rmsd: 0.011354
Running:  /home/lum/install/xtb/xtb-190329/bin/xtb  xtb_tmp.xyz --chrg 2 --grad  --gfn 2 --etemp 500 --acc 0.1 --gbsa h2o --parallel 8 > xtb.out
  step:  68 bond rmsd: 0.011291
Running:  /home/lum/install/xtb/xtb-190329/bin/xtb  xtb_tmp.xyz --chrg 2 --grad  --gfn 2 --etemp 500 --acc 0.1 --gbsa h2o --parallel 8 > xtb.out
  step:  69 bond rmsd: 0.011346
Running:  /home/lum/install/xtb/xtb-190329/bin/xtb  xtb_tmp.xyz --chrg 2 --grad  --gfn 2 --etemp 500 --acc 0.1 --gbsa h2o --parallel 8 > xtb.out
  step:  70 bond rmsd: 0.011364
Running:  /home/lum/install/xtb/xtb-190329/bin/xtb  xtb_tmp.xyz --chrg 2 --grad  --gfn 2 --etemp 500 --acc 0.1 --gbsa h2o --parallel 8 > xtb.out
  step:  71 bond rmsd: 0.011392
Running:  /home/lum/install/xtb/xtb-190329/bin/xtb  xtb_tmp.xyz --chrg 2 --grad  --gfn 2 --etemp 500 --acc 0.1 --gbsa h2o --parallel 8 > xtb.out
  step:  72 bond rmsd: 0.011478
Running:  /home/lum/install/xtb/xtb-190329/bin/xtb  xtb_tmp.xyz --chrg 2 --grad  --gfn 2 --etemp 500 --acc 0.1 --gbsa h2o --parallel 8 > xtb.out
  step:  73 bond rmsd: 0.011530
Running:  /home/lum/install/xtb/xtb-190329/bin/xtb  xtb_tmp.xyz --chrg 2 --grad  --gfn 2 --etemp 500 --acc 0.1 --gbsa h2o --parallel 8 > xtb.out
  step:  74 bond rmsd: 0.011569
Running:  /home/lum/install/xtb/xtb-190329/bin/xtb  xtb_tmp.xyz --chrg 2 --grad  --gfn 2 --etemp 500 --acc 0.1 --gbsa h2o --parallel 8 > xtb.out
  step:  75 bond rmsd: 0.011542
Running:  /home/lum/install/xtb/xtb-190329/bin/xtb  xtb_tmp.xyz --chrg 2 --grad  --gfn 2 --etemp 500 --acc 0.1 --gbsa h2o --parallel 8 > xtb.out
  step:  76 bond rmsd: 0.011551
Running:  /home/lum/install/xtb/xtb-190329/bin/xtb  xtb_tmp.xyz --chrg 2 --grad  --gfn 2 --etemp 500 --acc 0.1 --gbsa h2o --parallel 8 > xtb.out
  step:  77 bond rmsd: 0.011490
Running:  /home/lum/install/xtb/xtb-190329/bin/xtb  xtb_tmp.xyz --chrg 2 --grad  --gfn 2 --etemp 500 --acc 0.1 --gbsa h2o --parallel 8 > xtb.out
  step:  78 bond rmsd: 0.011418
Running:  /home/lum/install/xtb/xtb-190329/bin/xtb  xtb_tmp.xyz --chrg 2 --grad  --gfn 2 --etemp 500 --acc 0.1 --gbsa h2o --parallel 8 > xtb.out
  step:  79 bond rmsd: 0.011366
Running:  /home/lum/install/xtb/xtb-190329/bin/xtb  xtb_tmp.xyz --chrg 2 --grad  --gfn 2 --etemp 500 --acc 0.1 --gbsa h2o --parallel 8 > xtb.out
  step:  80 bond rmsd: 0.011332
Running:  /home/lum/install/xtb/xtb-190329/bin/xtb  xtb_tmp.xyz --chrg 2 --grad  --gfn 2 --etemp 500 --acc 0.1 --gbsa h2o --parallel 8 > xtb.out
  step:  81 bond rmsd: 0.011293
Running:  /home/lum/install/xtb/xtb-190329/bin/xtb  xtb_tmp.xyz --chrg 2 --grad  --gfn 2 --etemp 500 --acc 0.1 --gbsa h2o --parallel 8 > xtb.out
  step:  82 bond rmsd: 0.011317
Running:  /home/lum/install/xtb/xtb-190329/bin/xtb  xtb_tmp.xyz --chrg 2 --grad  --gfn 2 --etemp 500 --acc 0.1 --gbsa h2o --parallel 8 > xtb.out
  step:  83 bond rmsd: 0.011329
Running:  /home/lum/install/xtb/xtb-190329/bin/xtb  xtb_tmp.xyz --chrg 2 --grad  --gfn 2 --etemp 500 --acc 0.1 --gbsa h2o --parallel 8 > xtb.out
  step:  84 bond rmsd: 0.011449
Running:  /home/lum/install/xtb/xtb-190329/bin/xtb  xtb_tmp.xyz --chrg 2 --grad  --gfn 2 --etemp 500 --acc 0.1 --gbsa h2o --parallel 8 > xtb.out
  step:  85 bond rmsd: 0.011499
Running:  /home/lum/install/xtb/xtb-190329/bin/xtb  xtb_tmp.xyz --chrg 2 --grad  --gfn 2 --etemp 500 --acc 0.1 --gbsa h2o --parallel 8 > xtb.out
  step:  86 bond rmsd: 0.011600
Running:  /home/lum/install/xtb/xtb-190329/bin/xtb  xtb_tmp.xyz --chrg 2 --grad  --gfn 2 --etemp 500 --acc 0.1 --gbsa h2o --parallel 8 > xtb.out
  step:  87 bond rmsd: 0.011786
Running:  /home/lum/install/xtb/xtb-190329/bin/xtb  xtb_tmp.xyz --chrg 2 --grad  --gfn 2 --etemp 500 --acc 0.1 --gbsa h2o --parallel 8 > xtb.out
  step:  88 bond rmsd: 0.011743
Running:  /home/lum/install/xtb/xtb-190329/bin/xtb  xtb_tmp.xyz --chrg 2 --grad  --gfn 2 --etemp 500 --acc 0.1 --gbsa h2o --parallel 8 > xtb.out
  step:  89 bond rmsd: 0.011685
Running:  /home/lum/install/xtb/xtb-190329/bin/xtb  xtb_tmp.xyz --chrg 2 --grad  --gfn 2 --etemp 500 --acc 0.1 --gbsa h2o --parallel 8 > xtb.out
  step:  90 bond rmsd: 0.011477
Running:  /home/lum/install/xtb/xtb-190329/bin/xtb  xtb_tmp.xyz --chrg 2 --grad  --gfn 2 --etemp 500 --acc 0.1 --gbsa h2o --parallel 8 > xtb.out
  step:  91 bond rmsd: 0.011485
Running:  /home/lum/install/xtb/xtb-190329/bin/xtb  xtb_tmp.xyz --chrg 2 --grad  --gfn 2 --etemp 500 --acc 0.1 --gbsa h2o --parallel 8 > xtb.out
  step:  92 bond rmsd: 0.011403
Running:  /home/lum/install/xtb/xtb-190329/bin/xtb  xtb_tmp.xyz --chrg 2 --grad  --gfn 2 --etemp 500 --acc 0.1 --gbsa h2o --parallel 8 > xtb.out
  step:  93 bond rmsd: 0.011440
Running:  /home/lum/install/xtb/xtb-190329/bin/xtb  xtb_tmp.xyz --chrg 2 --grad  --gfn 2 --etemp 500 --acc 0.1 --gbsa h2o --parallel 8 > xtb.out
  step:  94 bond rmsd: 0.011264
Running:  /home/lum/install/xtb/xtb-190329/bin/xtb  xtb_tmp.xyz --chrg 2 --grad  --gfn 2 --etemp 500 --acc 0.1 --gbsa h2o --parallel 8 > xtb.out
  step:  95 bond rmsd: 0.011231
Running:  /home/lum/install/xtb/xtb-190329/bin/xtb  xtb_tmp.xyz --chrg 2 --grad  --gfn 2 --etemp 500 --acc 0.1 --gbsa h2o --parallel 8 > xtb.out
  step:  96 bond rmsd: 0.011200
Running:  /home/lum/install/xtb/xtb-190329/bin/xtb  xtb_tmp.xyz --chrg 2 --grad  --gfn 2 --etemp 500 --acc 0.1 --gbsa h2o --parallel 8 > xtb.out
  step:  97 bond rmsd: 0.011265
Running:  /home/lum/install/xtb/xtb-190329/bin/xtb  xtb_tmp.xyz --chrg 2 --grad  --gfn 2 --etemp 500 --acc 0.1 --gbsa h2o --parallel 8 > xtb.out
  step:  98 bond rmsd: 0.011288
Running:  /home/lum/install/xtb/xtb-190329/bin/xtb  xtb_tmp.xyz --chrg 2 --grad  --gfn 2 --etemp 500 --acc 0.1 --gbsa h2o --parallel 8 > xtb.out
  step:  99 bond rmsd: 0.011350
Running:  /home/lum/install/xtb/xtb-190329/bin/xtb  xtb_tmp.xyz --chrg 2 --grad  --gfn 2 --etemp 500 --acc 0.1 --gbsa h2o --parallel 8 > xtb.out
  step: 100 bond rmsd: 0.011421
Running:  /home/lum/install/xtb/xtb-190329/bin/xtb  xtb_tmp.xyz --chrg 2 --grad  --gfn 2 --etemp 500 --acc 0.1 --gbsa h2o --parallel 8 > xtb.out
  step: 101 bond rmsd: 0.011487
Running:  /home/lum/install/xtb/xtb-190329/bin/xtb  xtb_tmp.xyz --chrg 2 --grad  --gfn 2 --etemp 500 --acc 0.1 --gbsa h2o --parallel 8 > xtb.out
  step: 102 bond rmsd: 0.011476
Running:  /home/lum/install/xtb/xtb-190329/bin/xtb  xtb_tmp.xyz --chrg 2 --grad  --gfn 2 --etemp 500 --acc 0.1 --gbsa h2o --parallel 8 > xtb.out
  step: 103 bond rmsd: 0.011408
Running:  /home/lum/install/xtb/xtb-190329/bin/xtb  xtb_tmp.xyz --chrg 2 --grad  --gfn 2 --etemp 500 --acc 0.1 --gbsa h2o --parallel 8 > xtb.out
  step: 104 bond rmsd: 0.011402
Running:  /home/lum/install/xtb/xtb-190329/bin/xtb  xtb_tmp.xyz --chrg 2 --grad  --gfn 2 --etemp 500 --acc 0.1 --gbsa h2o --parallel 8 > xtb.out
  step: 105 bond rmsd: 0.011282
Running:  /home/lum/install/xtb/xtb-190329/bin/xtb  xtb_tmp.xyz --chrg 2 --grad  --gfn 2 --etemp 500 --acc 0.1 --gbsa h2o --parallel 8 > xtb.out
  step: 106 bond rmsd: 0.011233
Running:  /home/lum/install/xtb/xtb-190329/bin/xtb  xtb_tmp.xyz --chrg 2 --grad  --gfn 2 --etemp 500 --acc 0.1 --gbsa h2o --parallel 8 > xtb.out
  step: 107 bond rmsd: 0.011240
Running:  /home/lum/install/xtb/xtb-190329/bin/xtb  xtb_tmp.xyz --chrg 2 --grad  --gfn 2 --etemp 500 --acc 0.1 --gbsa h2o --parallel 8 > xtb.out
  step: 108 bond rmsd: 0.011266
Running:  /home/lum/install/xtb/xtb-190329/bin/xtb  xtb_tmp.xyz --chrg 2 --grad  --gfn 2 --etemp 500 --acc 0.1 --gbsa h2o --parallel 8 > xtb.out
  step: 109 bond rmsd: 0.011283
Running:  /home/lum/install/xtb/xtb-190329/bin/xtb  xtb_tmp.xyz --chrg 2 --grad  --gfn 2 --etemp 500 --acc 0.1 --gbsa h2o --parallel 8 > xtb.out
  step: 110 bond rmsd: 0.011325
Running:  /home/lum/install/xtb/xtb-190329/bin/xtb  xtb_tmp.xyz --chrg 2 --grad  --gfn 2 --etemp 500 --acc 0.1 --gbsa h2o --parallel 8 > xtb.out
  step: 111 bond rmsd: 0.011481
Running:  /home/lum/install/xtb/xtb-190329/bin/xtb  xtb_tmp.xyz --chrg 2 --grad  --gfn 2 --etemp 500 --acc 0.1 --gbsa h2o --parallel 8 > xtb.out
  step: 112 bond rmsd: 0.011449
Running:  /home/lum/install/xtb/xtb-190329/bin/xtb  xtb_tmp.xyz --chrg 2 --grad  --gfn 2 --etemp 500 --acc 0.1 --gbsa h2o --parallel 8 > xtb.out
  step: 113 bond rmsd: 0.011428
Running:  /home/lum/install/xtb/xtb-190329/bin/xtb  xtb_tmp.xyz --chrg 2 --grad  --gfn 2 --etemp 500 --acc 0.1 --gbsa h2o --parallel 8 > xtb.out
  step: 114 bond rmsd: 0.011393
Running:  /home/lum/install/xtb/xtb-190329/bin/xtb  xtb_tmp.xyz --chrg 2 --grad  --gfn 2 --etemp 500 --acc 0.1 --gbsa h2o --parallel 8 > xtb.out
  step: 115 bond rmsd: 0.011321
Running:  /home/lum/install/xtb/xtb-190329/bin/xtb  xtb_tmp.xyz --chrg 2 --grad  --gfn 2 --etemp 500 --acc 0.1 --gbsa h2o --parallel 8 > xtb.out
  step: 116 bond rmsd: 0.011306
Running:  /home/lum/install/xtb/xtb-190329/bin/xtb  xtb_tmp.xyz --chrg 2 --grad  --gfn 2 --etemp 500 --acc 0.1 --gbsa h2o --parallel 8 > xtb.out
  step: 117 bond rmsd: 0.011240
Running:  /home/lum/install/xtb/xtb-190329/bin/xtb  xtb_tmp.xyz --chrg 2 --grad  --gfn 2 --etemp 500 --acc 0.1 --gbsa h2o --parallel 8 > xtb.out
  step: 118 bond rmsd: 0.011200
Running:  /home/lum/install/xtb/xtb-190329/bin/xtb  xtb_tmp.xyz --chrg 2 --grad  --gfn 2 --etemp 500 --acc 0.1 --gbsa h2o --parallel 8 > xtb.out
  step: 119 bond rmsd: 0.011171
Running:  /home/lum/install/xtb/xtb-190329/bin/xtb  xtb_tmp.xyz --chrg 2 --grad  --gfn 2 --etemp 500 --acc 0.1 --gbsa h2o --parallel 8 > xtb.out
  step: 120 bond rmsd: 0.011146
Running:  /home/lum/install/xtb/xtb-190329/bin/xtb  xtb_tmp.xyz --chrg 2 --grad  --gfn 2 --etemp 500 --acc 0.1 --gbsa h2o --parallel 8 > xtb.out
  step: 121 bond rmsd: 0.011132
Running:  /home/lum/install/xtb/xtb-190329/bin/xtb  xtb_tmp.xyz --chrg 2 --grad  --gfn 2 --etemp 500 --acc 0.1 --gbsa h2o --parallel 8 > xtb.out
  step: 122 bond rmsd: 0.011071
Running:  /home/lum/install/xtb/xtb-190329/bin/xtb  xtb_tmp.xyz --chrg 2 --grad  --gfn 2 --etemp 500 --acc 0.1 --gbsa h2o --parallel 8 > xtb.out
  step: 123 bond rmsd: 0.011099
Running:  /home/lum/install/xtb/xtb-190329/bin/xtb  xtb_tmp.xyz --chrg 2 --grad  --gfn 2 --etemp 500 --acc 0.1 --gbsa h2o --parallel 8 > xtb.out
  step: 124 bond rmsd: 0.011127
Running:  /home/lum/install/xtb/xtb-190329/bin/xtb  xtb_tmp.xyz --chrg 2 --grad  --gfn 2 --etemp 500 --acc 0.1 --gbsa h2o --parallel 8 > xtb.out
  step: 125 bond rmsd: 0.011193
Running:  /home/lum/install/xtb/xtb-190329/bin/xtb  xtb_tmp.xyz --chrg 2 --grad  --gfn 2 --etemp 500 --acc 0.1 --gbsa h2o --parallel 8 > xtb.out
  step: 126 bond rmsd: 0.011190
Running:  /home/lum/install/xtb/xtb-190329/bin/xtb  xtb_tmp.xyz --chrg 2 --grad  --gfn 2 --etemp 500 --acc 0.1 --gbsa h2o --parallel 8 > xtb.out
  step: 127 bond rmsd: 0.011200
Running:  /home/lum/install/xtb/xtb-190329/bin/xtb  xtb_tmp.xyz --chrg 2 --grad  --gfn 2 --etemp 500 --acc 0.1 --gbsa h2o --parallel 8 > xtb.out
  step: 128 bond rmsd: 0.011173
Running:  /home/lum/install/xtb/xtb-190329/bin/xtb  xtb_tmp.xyz --chrg 2 --grad  --gfn 2 --etemp 500 --acc 0.1 --gbsa h2o --parallel 8 > xtb.out
  step: 129 bond rmsd: 0.011174
Running:  /home/lum/install/xtb/xtb-190329/bin/xtb  xtb_tmp.xyz --chrg 2 --grad  --gfn 2 --etemp 500 --acc 0.1 --gbsa h2o --parallel 8 > xtb.out
  step: 130 bond rmsd: 0.011191
Running:  /home/lum/install/xtb/xtb-190329/bin/xtb  xtb_tmp.xyz --chrg 2 --grad  --gfn 2 --etemp 500 --acc 0.1 --gbsa h2o --parallel 8 > xtb.out
  step: 131 bond rmsd: 0.011186
Running:  /home/lum/install/xtb/xtb-190329/bin/xtb  xtb_tmp.xyz --chrg 2 --grad  --gfn 2 --etemp 500 --acc 0.1 --gbsa h2o --parallel 8 > xtb.out
  step: 132 bond rmsd: 0.011156
Running:  /home/lum/install/xtb/xtb-190329/bin/xtb  xtb_tmp.xyz --chrg 2 --grad  --gfn 2 --etemp 500 --acc 0.1 --gbsa h2o --parallel 8 > xtb.out
  step: 133 bond rmsd: 0.011138
Running:  /home/lum/install/xtb/xtb-190329/bin/xtb  xtb_tmp.xyz --chrg 2 --grad  --gfn 2 --etemp 500 --acc 0.1 --gbsa h2o --parallel 8 > xtb.out
  step: 134 bond rmsd: 0.011103
Running:  /home/lum/install/xtb/xtb-190329/bin/xtb  xtb_tmp.xyz --chrg 2 --grad  --gfn 2 --etemp 500 --acc 0.1 --gbsa h2o --parallel 8 > xtb.out
  step: 135 bond rmsd: 0.011108
Running:  /home/lum/install/xtb/xtb-190329/bin/xtb  xtb_tmp.xyz --chrg 2 --grad  --gfn 2 --etemp 500 --acc 0.1 --gbsa h2o --parallel 8 > xtb.out
  step: 136 bond rmsd: 0.011114
Running:  /home/lum/install/xtb/xtb-190329/bin/xtb  xtb_tmp.xyz --chrg 2 --grad  --gfn 2 --etemp 500 --acc 0.1 --gbsa h2o --parallel 8 > xtb.out
  step: 137 bond rmsd: 0.011161
Running:  /home/lum/install/xtb/xtb-190329/bin/xtb  xtb_tmp.xyz --chrg 2 --grad  --gfn 2 --etemp 500 --acc 0.1 --gbsa h2o --parallel 8 > xtb.out
  step: 138 bond rmsd: 0.011147
Running:  /home/lum/install/xtb/xtb-190329/bin/xtb  xtb_tmp.xyz --chrg 2 --grad  --gfn 2 --etemp 500 --acc 0.1 --gbsa h2o --parallel 8 > xtb.out
  step: 139 bond rmsd: 0.011140
Running:  /home/lum/install/xtb/xtb-190329/bin/xtb  xtb_tmp.xyz --chrg 2 --grad  --gfn 2 --etemp 500 --acc 0.1 --gbsa h2o --parallel 8 > xtb.out
  step: 140 bond rmsd: 0.011076
Running:  /home/lum/install/xtb/xtb-190329/bin/xtb  xtb_tmp.xyz --chrg 2 --grad  --gfn 2 --etemp 500 --acc 0.1 --gbsa h2o --parallel 8 > xtb.out
  step: 141 bond rmsd: 0.011100
Running:  /home/lum/install/xtb/xtb-190329/bin/xtb  xtb_tmp.xyz --chrg 2 --grad  --gfn 2 --etemp 500 --acc 0.1 --gbsa h2o --parallel 8 > xtb.out
  step: 142 bond rmsd: 0.011085
Running:  /home/lum/install/xtb/xtb-190329/bin/xtb  xtb_tmp.xyz --chrg 2 --grad  --gfn 2 --etemp 500 --acc 0.1 --gbsa h2o --parallel 8 > xtb.out
  step: 143 bond rmsd: 0.011046
Running:  /home/lum/install/xtb/xtb-190329/bin/xtb  xtb_tmp.xyz --chrg 2 --grad  --gfn 2 --etemp 500 --acc 0.1 --gbsa h2o --parallel 8 > xtb.out
  step: 144 bond rmsd: 0.011052
Running:  /home/lum/install/xtb/xtb-190329/bin/xtb  xtb_tmp.xyz --chrg 2 --grad  --gfn 2 --etemp 500 --acc 0.1 --gbsa h2o --parallel 8 > xtb.out
  step: 145 bond rmsd: 0.011059
Running:  /home/lum/install/xtb/xtb-190329/bin/xtb  xtb_tmp.xyz --chrg 2 --grad  --gfn 2 --etemp 500 --acc 0.1 --gbsa h2o --parallel 8 > xtb.out
  step: 146 bond rmsd: 0.011087
Running:  /home/lum/install/xtb/xtb-190329/bin/xtb  xtb_tmp.xyz --chrg 2 --grad  --gfn 2 --etemp 500 --acc 0.1 --gbsa h2o --parallel 8 > xtb.out
  step: 147 bond rmsd: 0.011100
Running:  /home/lum/install/xtb/xtb-190329/bin/xtb  xtb_tmp.xyz --chrg 2 --grad  --gfn 2 --etemp 500 --acc 0.1 --gbsa h2o --parallel 8 > xtb.out
  step: 148 bond rmsd: 0.011091
Running:  /home/lum/install/xtb/xtb-190329/bin/xtb  xtb_tmp.xyz --chrg 2 --grad  --gfn 2 --etemp 500 --acc 0.1 --gbsa h2o --parallel 8 > xtb.out
  step: 149 bond rmsd: 0.011117
Running:  /home/lum/install/xtb/xtb-190329/bin/xtb  xtb_tmp.xyz --chrg 2 --grad  --gfn 2 --etemp 500 --acc 0.1 --gbsa h2o --parallel 8 > xtb.out
  step: 150 bond rmsd: 0.011129
Running:  /home/lum/install/xtb/xtb-190329/bin/xtb  xtb_tmp.xyz --chrg 2 --grad  --gfn 2 --etemp 500 --acc 0.1 --gbsa h2o --parallel 8 > xtb.out
  step: 151 bond rmsd: 0.011138
Running:  /home/lum/install/xtb/xtb-190329/bin/xtb  xtb_tmp.xyz --chrg 2 --grad  --gfn 2 --etemp 500 --acc 0.1 --gbsa h2o --parallel 8 > xtb.out
  step: 152 bond rmsd: 0.011103
Running:  /home/lum/install/xtb/xtb-190329/bin/xtb  xtb_tmp.xyz --chrg 2 --grad  --gfn 2 --etemp 500 --acc 0.1 --gbsa h2o --parallel 8 > xtb.out
  step: 153 bond rmsd: 0.011042
Running:  /home/lum/install/xtb/xtb-190329/bin/xtb  xtb_tmp.xyz --chrg 2 --grad  --gfn 2 --etemp 500 --acc 0.1 --gbsa h2o --parallel 8 > xtb.out
  step: 154 bond rmsd: 0.010966
Running:  /home/lum/install/xtb/xtb-190329/bin/xtb  xtb_tmp.xyz --chrg 2 --grad  --gfn 2 --etemp 500 --acc 0.1 --gbsa h2o --parallel 8 > xtb.out
  step: 155 bond rmsd: 0.010965
Running:  /home/lum/install/xtb/xtb-190329/bin/xtb  xtb_tmp.xyz --chrg 2 --grad  --gfn 2 --etemp 500 --acc 0.1 --gbsa h2o --parallel 8 > xtb.out
  step: 156 bond rmsd: 0.010981
Running:  /home/lum/install/xtb/xtb-190329/bin/xtb  xtb_tmp.xyz --chrg 2 --grad  --gfn 2 --etemp 500 --acc 0.1 --gbsa h2o --parallel 8 > xtb.out
  step: 157 bond rmsd: 0.010982
Running:  /home/lum/install/xtb/xtb-190329/bin/xtb  xtb_tmp.xyz --chrg 2 --grad  --gfn 2 --etemp 500 --acc 0.1 --gbsa h2o --parallel 8 > xtb.out
  step: 158 bond rmsd: 0.011026
Running:  /home/lum/install/xtb/xtb-190329/bin/xtb  xtb_tmp.xyz --chrg 2 --grad  --gfn 2 --etemp 500 --acc 0.1 --gbsa h2o --parallel 8 > xtb.out
  step: 159 bond rmsd: 0.010980
Running:  /home/lum/install/xtb/xtb-190329/bin/xtb  xtb_tmp.xyz --chrg 2 --grad  --gfn 2 --etemp 500 --acc 0.1 --gbsa h2o --parallel 8 > xtb.out
  step: 160 bond rmsd: 0.011013
Running:  /home/lum/install/xtb/xtb-190329/bin/xtb  xtb_tmp.xyz --chrg 2 --grad  --gfn 2 --etemp 500 --acc 0.1 --gbsa h2o --parallel 8 > xtb.out
  step: 161 bond rmsd: 0.011031
Running:  /home/lum/install/xtb/xtb-190329/bin/xtb  xtb_tmp.xyz --chrg 2 --grad  --gfn 2 --etemp 500 --acc 0.1 --gbsa h2o --parallel 8 > xtb.out
  step: 162 bond rmsd: 0.011044
Running:  /home/lum/install/xtb/xtb-190329/bin/xtb  xtb_tmp.xyz --chrg 2 --grad  --gfn 2 --etemp 500 --acc 0.1 --gbsa h2o --parallel 8 > xtb.out
  step: 163 bond rmsd: 0.011034
Running:  /home/lum/install/xtb/xtb-190329/bin/xtb  xtb_tmp.xyz --chrg 2 --grad  --gfn 2 --etemp 500 --acc 0.1 --gbsa h2o --parallel 8 > xtb.out
  step: 164 bond rmsd: 0.011048
Running:  /home/lum/install/xtb/xtb-190329/bin/xtb  xtb_tmp.xyz --chrg 2 --grad  --gfn 2 --etemp 500 --acc 0.1 --gbsa h2o --parallel 8 > xtb.out
  step: 165 bond rmsd: 0.010988
Running:  /home/lum/install/xtb/xtb-190329/bin/xtb  xtb_tmp.xyz --chrg 2 --grad  --gfn 2 --etemp 500 --acc 0.1 --gbsa h2o --parallel 8 > xtb.out
  step: 166 bond rmsd: 0.010964
Running:  /home/lum/install/xtb/xtb-190329/bin/xtb  xtb_tmp.xyz --chrg 2 --grad  --gfn 2 --etemp 500 --acc 0.1 --gbsa h2o --parallel 8 > xtb.out
  step: 167 bond rmsd: 0.010893
Running:  /home/lum/install/xtb/xtb-190329/bin/xtb  xtb_tmp.xyz --chrg 2 --grad  --gfn 2 --etemp 500 --acc 0.1 --gbsa h2o --parallel 8 > xtb.out
  step: 168 bond rmsd: 0.010878
Running:  /home/lum/install/xtb/xtb-190329/bin/xtb  xtb_tmp.xyz --chrg 2 --grad  --gfn 2 --etemp 500 --acc 0.1 --gbsa h2o --parallel 8 > xtb.out
  step: 169 bond rmsd: 0.010868
Running:  /home/lum/install/xtb/xtb-190329/bin/xtb  xtb_tmp.xyz --chrg 2 --grad  --gfn 2 --etemp 500 --acc 0.1 --gbsa h2o --parallel 8 > xtb.out
  step: 170 bond rmsd: 0.010868
Running:  /home/lum/install/xtb/xtb-190329/bin/xtb  xtb_tmp.xyz --chrg 2 --grad  --gfn 2 --etemp 500 --acc 0.1 --gbsa h2o --parallel 8 > xtb.out
  step: 171 bond rmsd: 0.010845
Running:  /home/lum/install/xtb/xtb-190329/bin/xtb  xtb_tmp.xyz --chrg 2 --grad  --gfn 2 --etemp 500 --acc 0.1 --gbsa h2o --parallel 8 > xtb.out
  step: 172 bond rmsd: 0.010901
Running:  /home/lum/install/xtb/xtb-190329/bin/xtb  xtb_tmp.xyz --chrg 2 --grad  --gfn 2 --etemp 500 --acc 0.1 --gbsa h2o --parallel 8 > xtb.out
  step: 173 bond rmsd: 0.010926
Running:  /home/lum/install/xtb/xtb-190329/bin/xtb  xtb_tmp.xyz --chrg 2 --grad  --gfn 2 --etemp 500 --acc 0.1 --gbsa h2o --parallel 8 > xtb.out
  step: 174 bond rmsd: 0.010994
Running:  /home/lum/install/xtb/xtb-190329/bin/xtb  xtb_tmp.xyz --chrg 2 --grad  --gfn 2 --etemp 500 --acc 0.1 --gbsa h2o --parallel 8 > xtb.out
  step: 175 bond rmsd: 0.010944
Running:  /home/lum/install/xtb/xtb-190329/bin/xtb  xtb_tmp.xyz --chrg 2 --grad  --gfn 2 --etemp 500 --acc 0.1 --gbsa h2o --parallel 8 > xtb.out
  step: 176 bond rmsd: 0.010897
Running:  /home/lum/install/xtb/xtb-190329/bin/xtb  xtb_tmp.xyz --chrg 2 --grad  --gfn 2 --etemp 500 --acc 0.1 --gbsa h2o --parallel 8 > xtb.out
  step: 177 bond rmsd: 0.010827
Running:  /home/lum/install/xtb/xtb-190329/bin/xtb  xtb_tmp.xyz --chrg 2 --grad  --gfn 2 --etemp 500 --acc 0.1 --gbsa h2o --parallel 8 > xtb.out
  step: 178 bond rmsd: 0.010802
Running:  /home/lum/install/xtb/xtb-190329/bin/xtb  xtb_tmp.xyz --chrg 2 --grad  --gfn 2 --etemp 500 --acc 0.1 --gbsa h2o --parallel 8 > xtb.out
  step: 179 bond rmsd: 0.010708
Running:  /home/lum/install/xtb/xtb-190329/bin/xtb  xtb_tmp.xyz --chrg 2 --grad  --gfn 2 --etemp 500 --acc 0.1 --gbsa h2o --parallel 8 > xtb.out
  step: 180 bond rmsd: 0.010720
Running:  /home/lum/install/xtb/xtb-190329/bin/xtb  xtb_tmp.xyz --chrg 2 --grad  --gfn 2 --etemp 500 --acc 0.1 --gbsa h2o --parallel 8 > xtb.out
  step: 181 bond rmsd: 0.010749
Running:  /home/lum/install/xtb/xtb-190329/bin/xtb  xtb_tmp.xyz --chrg 2 --grad  --gfn 2 --etemp 500 --acc 0.1 --gbsa h2o --parallel 8 > xtb.out
  step: 182 bond rmsd: 0.010793
Running:  /home/lum/install/xtb/xtb-190329/bin/xtb  xtb_tmp.xyz --chrg 2 --grad  --gfn 2 --etemp 500 --acc 0.1 --gbsa h2o --parallel 8 > xtb.out
  step: 183 bond rmsd: 0.010837
Running:  /home/lum/install/xtb/xtb-190329/bin/xtb  xtb_tmp.xyz --chrg 2 --grad  --gfn 2 --etemp 500 --acc 0.1 --gbsa h2o --parallel 8 > xtb.out
  step: 184 bond rmsd: 0.010845
Running:  /home/lum/install/xtb/xtb-190329/bin/xtb  xtb_tmp.xyz --chrg 2 --grad  --gfn 2 --etemp 500 --acc 0.1 --gbsa h2o --parallel 8 > xtb.out
  step: 185 bond rmsd: 0.010871
Running:  /home/lum/install/xtb/xtb-190329/bin/xtb  xtb_tmp.xyz --chrg 2 --grad  --gfn 2 --etemp 500 --acc 0.1 --gbsa h2o --parallel 8 > xtb.out
  step: 186 bond rmsd: 0.010815
Running:  /home/lum/install/xtb/xtb-190329/bin/xtb  xtb_tmp.xyz --chrg 2 --grad  --gfn 2 --etemp 500 --acc 0.1 --gbsa h2o --parallel 8 > xtb.out
  step: 187 bond rmsd: 0.010707
Running:  /home/lum/install/xtb/xtb-190329/bin/xtb  xtb_tmp.xyz --chrg 2 --grad  --gfn 2 --etemp 500 --acc 0.1 --gbsa h2o --parallel 8 > xtb.out
  step: 188 bond rmsd: 0.010659
Running:  /home/lum/install/xtb/xtb-190329/bin/xtb  xtb_tmp.xyz --chrg 2 --grad  --gfn 2 --etemp 500 --acc 0.1 --gbsa h2o --parallel 8 > xtb.out
  step: 189 bond rmsd: 0.010649
Running:  /home/lum/install/xtb/xtb-190329/bin/xtb  xtb_tmp.xyz --chrg 2 --grad  --gfn 2 --etemp 500 --acc 0.1 --gbsa h2o --parallel 8 > xtb.out
  step: 190 bond rmsd: 0.010685
Running:  /home/lum/install/xtb/xtb-190329/bin/xtb  xtb_tmp.xyz --chrg 2 --grad  --gfn 2 --etemp 500 --acc 0.1 --gbsa h2o --parallel 8 > xtb.out
  step: 191 bond rmsd: 0.010694
Running:  /home/lum/install/xtb/xtb-190329/bin/xtb  xtb_tmp.xyz --chrg 2 --grad  --gfn 2 --etemp 500 --acc 0.1 --gbsa h2o --parallel 8 > xtb.out
  step: 192 bond rmsd: 0.010788
Running:  /home/lum/install/xtb/xtb-190329/bin/xtb  xtb_tmp.xyz --chrg 2 --grad  --gfn 2 --etemp 500 --acc 0.1 --gbsa h2o --parallel 8 > xtb.out
  step: 193 bond rmsd: 0.010780
Running:  /home/lum/install/xtb/xtb-190329/bin/xtb  xtb_tmp.xyz --chrg 2 --grad  --gfn 2 --etemp 500 --acc 0.1 --gbsa h2o --parallel 8 > xtb.out
  step: 194 bond rmsd: 0.010834
Running:  /home/lum/install/xtb/xtb-190329/bin/xtb  xtb_tmp.xyz --chrg 2 --grad  --gfn 2 --etemp 500 --acc 0.1 --gbsa h2o --parallel 8 > xtb.out
  step: 195 bond rmsd: 0.010794
Running:  /home/lum/install/xtb/xtb-190329/bin/xtb  xtb_tmp.xyz --chrg 2 --grad  --gfn 2 --etemp 500 --acc 0.1 --gbsa h2o --parallel 8 > xtb.out
  step: 196 bond rmsd: 0.010774
Running:  /home/lum/install/xtb/xtb-190329/bin/xtb  xtb_tmp.xyz --chrg 2 --grad  --gfn 2 --etemp 500 --acc 0.1 --gbsa h2o --parallel 8 > xtb.out
  step: 197 bond rmsd: 0.010768
Running:  /home/lum/install/xtb/xtb-190329/bin/xtb  xtb_tmp.xyz --chrg 2 --grad  --gfn 2 --etemp 500 --acc 0.1 --gbsa h2o --parallel 8 > xtb.out
  step: 198 bond rmsd: 0.010747
Running:  /home/lum/install/xtb/xtb-190329/bin/xtb  xtb_tmp.xyz --chrg 2 --grad  --gfn 2 --etemp 500 --acc 0.1 --gbsa h2o --parallel 8 > xtb.out
  step: 199 bond rmsd: 0.010747
Running:  /home/lum/install/xtb/xtb-190329/bin/xtb  xtb_tmp.xyz --chrg 2 --grad  --gfn 2 --etemp 500 --acc 0.1 --gbsa h2o --parallel 8 > xtb.out
  step: 200 bond rmsd: 0.010754
Running:  /home/lum/install/xtb/xtb-190329/bin/xtb  xtb_tmp.xyz --chrg 2 --grad  --gfn 2 --etemp 500 --acc 0.1 --gbsa h2o --parallel 8 > xtb.out
  step: 201 bond rmsd: 0.010726
Running:  /home/lum/install/xtb/xtb-190329/bin/xtb  xtb_tmp.xyz --chrg 2 --grad  --gfn 2 --etemp 500 --acc 0.1 --gbsa h2o --parallel 8 > xtb.out
  step: 202 bond rmsd: 0.010696
Running:  /home/lum/install/xtb/xtb-190329/bin/xtb  xtb_tmp.xyz --chrg 2 --grad  --gfn 2 --etemp 500 --acc 0.1 --gbsa h2o --parallel 8 > xtb.out
  step: 203 bond rmsd: 0.010680
Running:  /home/lum/install/xtb/xtb-190329/bin/xtb  xtb_tmp.xyz --chrg 2 --grad  --gfn 2 --etemp 500 --acc 0.1 --gbsa h2o --parallel 8 > xtb.out
  step: 204 bond rmsd: 0.010673
Running:  /home/lum/install/xtb/xtb-190329/bin/xtb  xtb_tmp.xyz --chrg 2 --grad  --gfn 2 --etemp 500 --acc 0.1 --gbsa h2o --parallel 8 > xtb.out
  step: 205 bond rmsd: 0.010651
Running:  /home/lum/install/xtb/xtb-190329/bin/xtb  xtb_tmp.xyz --chrg 2 --grad  --gfn 2 --etemp 500 --acc 0.1 --gbsa h2o --parallel 8 > xtb.out
  step: 206 bond rmsd: 0.010636
Running:  /home/lum/install/xtb/xtb-190329/bin/xtb  xtb_tmp.xyz --chrg 2 --grad  --gfn 2 --etemp 500 --acc 0.1 --gbsa h2o --parallel 8 > xtb.out
  step: 207 bond rmsd: 0.010624
Running:  /home/lum/install/xtb/xtb-190329/bin/xtb  xtb_tmp.xyz --chrg 2 --grad  --gfn 2 --etemp 500 --acc 0.1 --gbsa h2o --parallel 8 > xtb.out
  step: 208 bond rmsd: 0.010638
Running:  /home/lum/install/xtb/xtb-190329/bin/xtb  xtb_tmp.xyz --chrg 2 --grad  --gfn 2 --etemp 500 --acc 0.1 --gbsa h2o --parallel 8 > xtb.out
  step: 209 bond rmsd: 0.010631
Running:  /home/lum/install/xtb/xtb-190329/bin/xtb  xtb_tmp.xyz --chrg 2 --grad  --gfn 2 --etemp 500 --acc 0.1 --gbsa h2o --parallel 8 > xtb.out
  step: 210 bond rmsd: 0.010644
Running:  /home/lum/install/xtb/xtb-190329/bin/xtb  xtb_tmp.xyz --chrg 2 --grad  --gfn 2 --etemp 500 --acc 0.1 --gbsa h2o --parallel 8 > xtb.out
  step: 211 bond rmsd: 0.010595
Running:  /home/lum/install/xtb/xtb-190329/bin/xtb  xtb_tmp.xyz --chrg 2 --grad  --gfn 2 --etemp 500 --acc 0.1 --gbsa h2o --parallel 8 > xtb.out
  step: 212 bond rmsd: 0.010670
Running:  /home/lum/install/xtb/xtb-190329/bin/xtb  xtb_tmp.xyz --chrg 2 --grad  --gfn 2 --etemp 500 --acc 0.1 --gbsa h2o --parallel 8 > xtb.out
  step: 213 bond rmsd: 0.010805
Running:  /home/lum/install/xtb/xtb-190329/bin/xtb  xtb_tmp.xyz --chrg 2 --grad  --gfn 2 --etemp 500 --acc 0.1 --gbsa h2o --parallel 8 > xtb.out
  step: 214 bond rmsd: 0.010776
Running:  /home/lum/install/xtb/xtb-190329/bin/xtb  xtb_tmp.xyz --chrg 2 --grad  --gfn 2 --etemp 500 --acc 0.1 --gbsa h2o --parallel 8 > xtb.out
  step: 215 bond rmsd: 0.010712
Running:  /home/lum/install/xtb/xtb-190329/bin/xtb  xtb_tmp.xyz --chrg 2 --grad  --gfn 2 --etemp 500 --acc 0.1 --gbsa h2o --parallel 8 > xtb.out
  step: 216 bond rmsd: 0.010664
Running:  /home/lum/install/xtb/xtb-190329/bin/xtb  xtb_tmp.xyz --chrg 2 --grad  --gfn 2 --etemp 500 --acc 0.1 --gbsa h2o --parallel 8 > xtb.out
  step: 217 bond rmsd: 0.010613
Running:  /home/lum/install/xtb/xtb-190329/bin/xtb  xtb_tmp.xyz --chrg 2 --grad  --gfn 2 --etemp 500 --acc 0.1 --gbsa h2o --parallel 8 > xtb.out
  step: 218 bond rmsd: 0.010610
Running:  /home/lum/install/xtb/xtb-190329/bin/xtb  xtb_tmp.xyz --chrg 2 --grad  --gfn 2 --etemp 500 --acc 0.1 --gbsa h2o --parallel 8 > xtb.out
  step: 219 bond rmsd: 0.010534
Running:  /home/lum/install/xtb/xtb-190329/bin/xtb  xtb_tmp.xyz --chrg 2 --grad  --gfn 2 --etemp 500 --acc 0.1 --gbsa h2o --parallel 8 > xtb.out
  step: 220 bond rmsd: 0.010615
Running:  /home/lum/install/xtb/xtb-190329/bin/xtb  xtb_tmp.xyz --chrg 2 --grad  --gfn 2 --etemp 500 --acc 0.1 --gbsa h2o --parallel 8 > xtb.out
  step: 221 bond rmsd: 0.010623
Running:  /home/lum/install/xtb/xtb-190329/bin/xtb  xtb_tmp.xyz --chrg 2 --grad  --gfn 2 --etemp 500 --acc 0.1 --gbsa h2o --parallel 8 > xtb.out
  step: 222 bond rmsd: 0.010686
Running:  /home/lum/install/xtb/xtb-190329/bin/xtb  xtb_tmp.xyz --chrg 2 --grad  --gfn 2 --etemp 500 --acc 0.1 --gbsa h2o --parallel 8 > xtb.out
  step: 223 bond rmsd: 0.010662
Running:  /home/lum/install/xtb/xtb-190329/bin/xtb  xtb_tmp.xyz --chrg 2 --grad  --gfn 2 --etemp 500 --acc 0.1 --gbsa h2o --parallel 8 > xtb.out
  step: 224 bond rmsd: 0.010646
Running:  /home/lum/install/xtb/xtb-190329/bin/xtb  xtb_tmp.xyz --chrg 2 --grad  --gfn 2 --etemp 500 --acc 0.1 --gbsa h2o --parallel 8 > xtb.out
  step: 225 bond rmsd: 0.010635
Running:  /home/lum/install/xtb/xtb-190329/bin/xtb  xtb_tmp.xyz --chrg 2 --grad  --gfn 2 --etemp 500 --acc 0.1 --gbsa h2o --parallel 8 > xtb.out
  step: 226 bond rmsd: 0.010602
Running:  /home/lum/install/xtb/xtb-190329/bin/xtb  xtb_tmp.xyz --chrg 2 --grad  --gfn 2 --etemp 500 --acc 0.1 --gbsa h2o --parallel 8 > xtb.out
  step: 227 bond rmsd: 0.010590
Running:  /home/lum/install/xtb/xtb-190329/bin/xtb  xtb_tmp.xyz --chrg 2 --grad  --gfn 2 --etemp 500 --acc 0.1 --gbsa h2o --parallel 8 > xtb.out
  step: 228 bond rmsd: 0.010680
Running:  /home/lum/install/xtb/xtb-190329/bin/xtb  xtb_tmp.xyz --chrg 2 --grad  --gfn 2 --etemp 500 --acc 0.1 --gbsa h2o --parallel 8 > xtb.out
  step: 229 bond rmsd: 0.010679
Running:  /home/lum/install/xtb/xtb-190329/bin/xtb  xtb_tmp.xyz --chrg 2 --grad  --gfn 2 --etemp 500 --acc 0.1 --gbsa h2o --parallel 8 > xtb.out
  step: 230 bond rmsd: 0.010677
Running:  /home/lum/install/xtb/xtb-190329/bin/xtb  xtb_tmp.xyz --chrg 2 --grad  --gfn 2 --etemp 500 --acc 0.1 --gbsa h2o --parallel 8 > xtb.out
  step: 231 bond rmsd: 0.010678
Running:  /home/lum/install/xtb/xtb-190329/bin/xtb  xtb_tmp.xyz --chrg 2 --grad  --gfn 2 --etemp 500 --acc 0.1 --gbsa h2o --parallel 8 > xtb.out
  step: 232 bond rmsd: 0.010653
Running:  /home/lum/install/xtb/xtb-190329/bin/xtb  xtb_tmp.xyz --chrg 2 --grad  --gfn 2 --etemp 500 --acc 0.1 --gbsa h2o --parallel 8 > xtb.out
  step: 233 bond rmsd: 0.010669
Running:  /home/lum/install/xtb/xtb-190329/bin/xtb  xtb_tmp.xyz --chrg 2 --grad  --gfn 2 --etemp 500 --acc 0.1 --gbsa h2o --parallel 8 > xtb.out
  step: 234 bond rmsd: 0.010667
Running:  /home/lum/install/xtb/xtb-190329/bin/xtb  xtb_tmp.xyz --chrg 2 --grad  --gfn 2 --etemp 500 --acc 0.1 --gbsa h2o --parallel 8 > xtb.out
  step: 235 bond rmsd: 0.010707
Running:  /home/lum/install/xtb/xtb-190329/bin/xtb  xtb_tmp.xyz --chrg 2 --grad  --gfn 2 --etemp 500 --acc 0.1 --gbsa h2o --parallel 8 > xtb.out
  step: 236 bond rmsd: 0.010785
Running:  /home/lum/install/xtb/xtb-190329/bin/xtb  xtb_tmp.xyz --chrg 2 --grad  --gfn 2 --etemp 500 --acc 0.1 --gbsa h2o --parallel 8 > xtb.out
  step: 237 bond rmsd: 0.010732
Running:  /home/lum/install/xtb/xtb-190329/bin/xtb  xtb_tmp.xyz --chrg 2 --grad  --gfn 2 --etemp 500 --acc 0.1 --gbsa h2o --parallel 8 > xtb.out
  step: 238 bond rmsd: 0.010722
Running:  /home/lum/install/xtb/xtb-190329/bin/xtb  xtb_tmp.xyz --chrg 2 --grad  --gfn 2 --etemp 500 --acc 0.1 --gbsa h2o --parallel 8 > xtb.out
  step: 239 bond rmsd: 0.010679
Running:  /home/lum/install/xtb/xtb-190329/bin/xtb  xtb_tmp.xyz --chrg 2 --grad  --gfn 2 --etemp 500 --acc 0.1 --gbsa h2o --parallel 8 > xtb.out
  step: 240 bond rmsd: 0.010682
Running:  /home/lum/install/xtb/xtb-190329/bin/xtb  xtb_tmp.xyz --chrg 2 --grad  --gfn 2 --etemp 500 --acc 0.1 --gbsa h2o --parallel 8 > xtb.out
  step: 241 bond rmsd: 0.010666
Running:  /home/lum/install/xtb/xtb-190329/bin/xtb  xtb_tmp.xyz --chrg 2 --grad  --gfn 2 --etemp 500 --acc 0.1 --gbsa h2o --parallel 8 > xtb.out
  step: 242 bond rmsd: 0.010667
Running:  /home/lum/install/xtb/xtb-190329/bin/xtb  xtb_tmp.xyz --chrg 2 --grad  --gfn 2 --etemp 500 --acc 0.1 --gbsa h2o --parallel 8 > xtb.out
  step: 243 bond rmsd: 0.010704
Running:  /home/lum/install/xtb/xtb-190329/bin/xtb  xtb_tmp.xyz --chrg 2 --grad  --gfn 2 --etemp 500 --acc 0.1 --gbsa h2o --parallel 8 > xtb.out
  step: 244 bond rmsd: 0.010729
Running:  /home/lum/install/xtb/xtb-190329/bin/xtb  xtb_tmp.xyz --chrg 2 --grad  --gfn 2 --etemp 500 --acc 0.1 --gbsa h2o --parallel 8 > xtb.out
  step: 245 bond rmsd: 0.010755
Running:  /home/lum/install/xtb/xtb-190329/bin/xtb  xtb_tmp.xyz --chrg 2 --grad  --gfn 2 --etemp 500 --acc 0.1 --gbsa h2o --parallel 8 > xtb.out
  step: 246 bond rmsd: 0.010749
Running:  /home/lum/install/xtb/xtb-190329/bin/xtb  xtb_tmp.xyz --chrg 2 --grad  --gfn 2 --etemp 500 --acc 0.1 --gbsa h2o --parallel 8 > xtb.out
  step: 247 bond rmsd: 0.010714
Running:  /home/lum/install/xtb/xtb-190329/bin/xtb  xtb_tmp.xyz --chrg 2 --grad  --gfn 2 --etemp 500 --acc 0.1 --gbsa h2o --parallel 8 > xtb.out
  step: 248 bond rmsd: 0.010698
Running:  /home/lum/install/xtb/xtb-190329/bin/xtb  xtb_tmp.xyz --chrg 2 --grad  --gfn 2 --etemp 500 --acc 0.1 --gbsa h2o --parallel 8 > xtb.out
  step: 249 bond rmsd: 0.010683
Running:  /home/lum/install/xtb/xtb-190329/bin/xtb  xtb_tmp.xyz --chrg 2 --grad  --gfn 2 --etemp 500 --acc 0.1 --gbsa h2o --parallel 8 > xtb.out
  step: 250 bond rmsd: 0.010621
Running:  /home/lum/install/xtb/xtb-190329/bin/xtb  xtb_tmp.xyz --chrg 2 --grad  --gfn 2 --etemp 500 --acc 0.1 --gbsa h2o --parallel 8 > xtb.out
  step: 251 bond rmsd: 0.010633
Running:  /home/lum/install/xtb/xtb-190329/bin/xtb  xtb_tmp.xyz --chrg 2 --grad  --gfn 2 --etemp 500 --acc 0.1 --gbsa h2o --parallel 8 > xtb.out
  step: 252 bond rmsd: 0.010650
Running:  /home/lum/install/xtb/xtb-190329/bin/xtb  xtb_tmp.xyz --chrg 2 --grad  --gfn 2 --etemp 500 --acc 0.1 --gbsa h2o --parallel 8 > xtb.out
  step: 253 bond rmsd: 0.010674
Running:  /home/lum/install/xtb/xtb-190329/bin/xtb  xtb_tmp.xyz --chrg 2 --grad  --gfn 2 --etemp 500 --acc 0.1 --gbsa h2o --parallel 8 > xtb.out
  step: 254 bond rmsd: 0.010688
Running:  /home/lum/install/xtb/xtb-190329/bin/xtb  xtb_tmp.xyz --chrg 2 --grad  --gfn 2 --etemp 500 --acc 0.1 --gbsa h2o --parallel 8 > xtb.out
  step: 255 bond rmsd: 0.010698
Running:  /home/lum/install/xtb/xtb-190329/bin/xtb  xtb_tmp.xyz --chrg 2 --grad  --gfn 2 --etemp 500 --acc 0.1 --gbsa h2o --parallel 8 > xtb.out
  step: 256 bond rmsd: 0.010677
Running:  /home/lum/install/xtb/xtb-190329/bin/xtb  xtb_tmp.xyz --chrg 2 --grad  --gfn 2 --etemp 500 --acc 0.1 --gbsa h2o --parallel 8 > xtb.out
  step: 257 bond rmsd: 0.010638
Running:  /home/lum/install/xtb/xtb-190329/bin/xtb  xtb_tmp.xyz --chrg 2 --grad  --gfn 2 --etemp 500 --acc 0.1 --gbsa h2o --parallel 8 > xtb.out
  step: 258 bond rmsd: 0.010649
Running:  /home/lum/install/xtb/xtb-190329/bin/xtb  xtb_tmp.xyz --chrg 2 --grad  --gfn 2 --etemp 500 --acc 0.1 --gbsa h2o --parallel 8 > xtb.out
  step: 259 bond rmsd: 0.010659
Running:  /home/lum/install/xtb/xtb-190329/bin/xtb  xtb_tmp.xyz --chrg 2 --grad  --gfn 2 --etemp 500 --acc 0.1 --gbsa h2o --parallel 8 > xtb.out
  step: 260 bond rmsd: 0.010666
Running:  /home/lum/install/xtb/xtb-190329/bin/xtb  xtb_tmp.xyz --chrg 2 --grad  --gfn 2 --etemp 500 --acc 0.1 --gbsa h2o --parallel 8 > xtb.out
  step: 261 bond rmsd: 0.010690
Running:  /home/lum/install/xtb/xtb-190329/bin/xtb  xtb_tmp.xyz --chrg 2 --grad  --gfn 2 --etemp 500 --acc 0.1 --gbsa h2o --parallel 8 > xtb.out
  step: 262 bond rmsd: 0.010701
Running:  /home/lum/install/xtb/xtb-190329/bin/xtb  xtb_tmp.xyz --chrg 2 --grad  --gfn 2 --etemp 500 --acc 0.1 --gbsa h2o --parallel 8 > xtb.out
  step: 263 bond rmsd: 0.010774
Running:  /home/lum/install/xtb/xtb-190329/bin/xtb  xtb_tmp.xyz --chrg 2 --grad  --gfn 2 --etemp 500 --acc 0.1 --gbsa h2o --parallel 8 > xtb.out
  step: 264 bond rmsd: 0.010738
Running:  /home/lum/install/xtb/xtb-190329/bin/xtb  xtb_tmp.xyz --chrg 2 --grad  --gfn 2 --etemp 500 --acc 0.1 --gbsa h2o --parallel 8 > xtb.out
  step: 265 bond rmsd: 0.010716
Running:  /home/lum/install/xtb/xtb-190329/bin/xtb  xtb_tmp.xyz --chrg 2 --grad  --gfn 2 --etemp 500 --acc 0.1 --gbsa h2o --parallel 8 > xtb.out
  step: 266 bond rmsd: 0.010715
Running:  /home/lum/install/xtb/xtb-190329/bin/xtb  xtb_tmp.xyz --chrg 2 --grad  --gfn 2 --etemp 500 --acc 0.1 --gbsa h2o --parallel 8 > xtb.out
  step: 267 bond rmsd: 0.010694
Running:  /home/lum/install/xtb/xtb-190329/bin/xtb  xtb_tmp.xyz --chrg 2 --grad  --gfn 2 --etemp 500 --acc 0.1 --gbsa h2o --parallel 8 > xtb.out
  step: 268 bond rmsd: 0.010690
Running:  /home/lum/install/xtb/xtb-190329/bin/xtb  xtb_tmp.xyz --chrg 2 --grad  --gfn 2 --etemp 500 --acc 0.1 --gbsa h2o --parallel 8 > xtb.out
  step: 269 bond rmsd: 0.010704
Running:  /home/lum/install/xtb/xtb-190329/bin/xtb  xtb_tmp.xyz --chrg 2 --grad  --gfn 2 --etemp 500 --acc 0.1 --gbsa h2o --parallel 8 > xtb.out
  step: 270 bond rmsd: 0.010740
Running:  /home/lum/install/xtb/xtb-190329/bin/xtb  xtb_tmp.xyz --chrg 2 --grad  --gfn 2 --etemp 500 --acc 0.1 --gbsa h2o --parallel 8 > xtb.out
  step: 271 bond rmsd: 0.010740
Running:  /home/lum/install/xtb/xtb-190329/bin/xtb  xtb_tmp.xyz --chrg 2 --grad  --gfn 2 --etemp 500 --acc 0.1 --gbsa h2o --parallel 8 > xtb.out
  step: 272 bond rmsd: 0.010723
Running:  /home/lum/install/xtb/xtb-190329/bin/xtb  xtb_tmp.xyz --chrg 2 --grad  --gfn 2 --etemp 500 --acc 0.1 --gbsa h2o --parallel 8 > xtb.out
  step: 273 bond rmsd: 0.010690
Running:  /home/lum/install/xtb/xtb-190329/bin/xtb  xtb_tmp.xyz --chrg 2 --grad  --gfn 2 --etemp 500 --acc 0.1 --gbsa h2o --parallel 8 > xtb.out
  step: 274 bond rmsd: 0.010699
Running:  /home/lum/install/xtb/xtb-190329/bin/xtb  xtb_tmp.xyz --chrg 2 --grad  --gfn 2 --etemp 500 --acc 0.1 --gbsa h2o --parallel 8 > xtb.out
  step: 275 bond rmsd: 0.010711
Running:  /home/lum/install/xtb/xtb-190329/bin/xtb  xtb_tmp.xyz --chrg 2 --grad  --gfn 2 --etemp 500 --acc 0.1 --gbsa h2o --parallel 8 > xtb.out
  step: 276 bond rmsd: 0.010719
Running:  /home/lum/install/xtb/xtb-190329/bin/xtb  xtb_tmp.xyz --chrg 2 --grad  --gfn 2 --etemp 500 --acc 0.1 --gbsa h2o --parallel 8 > xtb.out
  step: 277 bond rmsd: 0.010715
Running:  /home/lum/install/xtb/xtb-190329/bin/xtb  xtb_tmp.xyz --chrg 2 --grad  --gfn 2 --etemp 500 --acc 0.1 --gbsa h2o --parallel 8 > xtb.out
  step: 278 bond rmsd: 0.010730
Running:  /home/lum/install/xtb/xtb-190329/bin/xtb  xtb_tmp.xyz --chrg 2 --grad  --gfn 2 --etemp 500 --acc 0.1 --gbsa h2o --parallel 8 > xtb.out
  step: 279 bond rmsd: 0.010733
Running:  /home/lum/install/xtb/xtb-190329/bin/xtb  xtb_tmp.xyz --chrg 2 --grad  --gfn 2 --etemp 500 --acc 0.1 --gbsa h2o --parallel 8 > xtb.out
  step: 280 bond rmsd: 0.010738
Running:  /home/lum/install/xtb/xtb-190329/bin/xtb  xtb_tmp.xyz --chrg 2 --grad  --gfn 2 --etemp 500 --acc 0.1 --gbsa h2o --parallel 8 > xtb.out
  step: 281 bond rmsd: 0.010768
Running:  /home/lum/install/xtb/xtb-190329/bin/xtb  xtb_tmp.xyz --chrg 2 --grad  --gfn 2 --etemp 500 --acc 0.1 --gbsa h2o --parallel 8 > xtb.out
  step: 282 bond rmsd: 0.010796
Running:  /home/lum/install/xtb/xtb-190329/bin/xtb  xtb_tmp.xyz --chrg 2 --grad  --gfn 2 --etemp 500 --acc 0.1 --gbsa h2o --parallel 8 > xtb.out
  step: 283 bond rmsd: 0.010819
Running:  /home/lum/install/xtb/xtb-190329/bin/xtb  xtb_tmp.xyz --chrg 2 --grad  --gfn 2 --etemp 500 --acc 0.1 --gbsa h2o --parallel 8 > xtb.out
  step: 284 bond rmsd: 0.010832
Running:  /home/lum/install/xtb/xtb-190329/bin/xtb  xtb_tmp.xyz --chrg 2 --grad  --gfn 2 --etemp 500 --acc 0.1 --gbsa h2o --parallel 8 > xtb.out
  step: 285 bond rmsd: 0.010800
Running:  /home/lum/install/xtb/xtb-190329/bin/xtb  xtb_tmp.xyz --chrg 2 --grad  --gfn 2 --etemp 500 --acc 0.1 --gbsa h2o --parallel 8 > xtb.out
  step: 286 bond rmsd: 0.010798
Running:  /home/lum/install/xtb/xtb-190329/bin/xtb  xtb_tmp.xyz --chrg 2 --grad  --gfn 2 --etemp 500 --acc 0.1 --gbsa h2o --parallel 8 > xtb.out
  step: 287 bond rmsd: 0.010809
Running:  /home/lum/install/xtb/xtb-190329/bin/xtb  xtb_tmp.xyz --chrg 2 --grad  --gfn 2 --etemp 500 --acc 0.1 --gbsa h2o --parallel 8 > xtb.out
  step: 288 bond rmsd: 0.010806
Running:  /home/lum/install/xtb/xtb-190329/bin/xtb  xtb_tmp.xyz --chrg 2 --grad  --gfn 2 --etemp 500 --acc 0.1 --gbsa h2o --parallel 8 > xtb.out
  step: 289 bond rmsd: 0.010822
Running:  /home/lum/install/xtb/xtb-190329/bin/xtb  xtb_tmp.xyz --chrg 2 --grad  --gfn 2 --etemp 500 --acc 0.1 --gbsa h2o --parallel 8 > xtb.out
  step: 290 bond rmsd: 0.010830
Running:  /home/lum/install/xtb/xtb-190329/bin/xtb  xtb_tmp.xyz --chrg 2 --grad  --gfn 2 --etemp 500 --acc 0.1 --gbsa h2o --parallel 8 > xtb.out
  step: 291 bond rmsd: 0.010881
Running:  /home/lum/install/xtb/xtb-190329/bin/xtb  xtb_tmp.xyz --chrg 2 --grad  --gfn 2 --etemp 500 --acc 0.1 --gbsa h2o --parallel 8 > xtb.out
  step: 292 bond rmsd: 0.010898
Running:  /home/lum/install/xtb/xtb-190329/bin/xtb  xtb_tmp.xyz --chrg 2 --grad  --gfn 2 --etemp 500 --acc 0.1 --gbsa h2o --parallel 8 > xtb.out
  step: 293 bond rmsd: 0.010889
Running:  /home/lum/install/xtb/xtb-190329/bin/xtb  xtb_tmp.xyz --chrg 2 --grad  --gfn 2 --etemp 500 --acc 0.1 --gbsa h2o --parallel 8 > xtb.out
  step: 294 bond rmsd: 0.010863
Running:  /home/lum/install/xtb/xtb-190329/bin/xtb  xtb_tmp.xyz --chrg 2 --grad  --gfn 2 --etemp 500 --acc 0.1 --gbsa h2o --parallel 8 > xtb.out
  step: 295 bond rmsd: 0.010836
Running:  /home/lum/install/xtb/xtb-190329/bin/xtb  xtb_tmp.xyz --chrg 2 --grad  --gfn 2 --etemp 500 --acc 0.1 --gbsa h2o --parallel 8 > xtb.out
  step: 296 bond rmsd: 0.010815
Running:  /home/lum/install/xtb/xtb-190329/bin/xtb  xtb_tmp.xyz --chrg 2 --grad  --gfn 2 --etemp 500 --acc 0.1 --gbsa h2o --parallel 8 > xtb.out
  step: 297 bond rmsd: 0.010806
Running:  /home/lum/install/xtb/xtb-190329/bin/xtb  xtb_tmp.xyz --chrg 2 --grad  --gfn 2 --etemp 500 --acc 0.1 --gbsa h2o --parallel 8 > xtb.out
  step: 298 bond rmsd: 0.010846
Running:  /home/lum/install/xtb/xtb-190329/bin/xtb  xtb_tmp.xyz --chrg 2 --grad  --gfn 2 --etemp 500 --acc 0.1 --gbsa h2o --parallel 8 > xtb.out
  step: 299 bond rmsd: 0.010866
Running:  /home/lum/install/xtb/xtb-190329/bin/xtb  xtb_tmp.xyz --chrg 2 --grad  --gfn 2 --etemp 500 --acc 0.1 --gbsa h2o --parallel 8 > xtb.out
  step: 300 bond rmsd: 0.010910
Running:  /home/lum/install/xtb/xtb-190329/bin/xtb  xtb_tmp.xyz --chrg 2 --grad  --gfn 2 --etemp 500 --acc 0.1 --gbsa h2o --parallel 8 > xtb.out
  step: 301 bond rmsd: 0.010938
Running:  /home/lum/install/xtb/xtb-190329/bin/xtb  xtb_tmp.xyz --chrg 2 --grad  --gfn 2 --etemp 500 --acc 0.1 --gbsa h2o --parallel 8 > xtb.out
  step: 302 bond rmsd: 0.010935
Running:  /home/lum/install/xtb/xtb-190329/bin/xtb  xtb_tmp.xyz --chrg 2 --grad  --gfn 2 --etemp 500 --acc 0.1 --gbsa h2o --parallel 8 > xtb.out
  step: 303 bond rmsd: 0.010935
Running:  /home/lum/install/xtb/xtb-190329/bin/xtb  xtb_tmp.xyz --chrg 2 --grad  --gfn 2 --etemp 500 --acc 0.1 --gbsa h2o --parallel 8 > xtb.out
  step: 304 bond rmsd: 0.010914
Running:  /home/lum/install/xtb/xtb-190329/bin/xtb  xtb_tmp.xyz --chrg 2 --grad  --gfn 2 --etemp 500 --acc 0.1 --gbsa h2o --parallel 8 > xtb.out
  step: 305 bond rmsd: 0.010892
Running:  /home/lum/install/xtb/xtb-190329/bin/xtb  xtb_tmp.xyz --chrg 2 --grad  --gfn 2 --etemp 500 --acc 0.1 --gbsa h2o --parallel 8 > xtb.out
  step: 306 bond rmsd: 0.010865
Running:  /home/lum/install/xtb/xtb-190329/bin/xtb  xtb_tmp.xyz --chrg 2 --grad  --gfn 2 --etemp 500 --acc 0.1 --gbsa h2o --parallel 8 > xtb.out
  step: 307 bond rmsd: 0.010866
Running:  /home/lum/install/xtb/xtb-190329/bin/xtb  xtb_tmp.xyz --chrg 2 --grad  --gfn 2 --etemp 500 --acc 0.1 --gbsa h2o --parallel 8 > xtb.out
  step: 308 bond rmsd: 0.010893
Running:  /home/lum/install/xtb/xtb-190329/bin/xtb  xtb_tmp.xyz --chrg 2 --grad  --gfn 2 --etemp 500 --acc 0.1 --gbsa h2o --parallel 8 > xtb.out
  step: 309 bond rmsd: 0.010941
Running:  /home/lum/install/xtb/xtb-190329/bin/xtb  xtb_tmp.xyz --chrg 2 --grad  --gfn 2 --etemp 500 --acc 0.1 --gbsa h2o --parallel 8 > xtb.out
  step: 310 bond rmsd: 0.010949
Running:  /home/lum/install/xtb/xtb-190329/bin/xtb  xtb_tmp.xyz --chrg 2 --grad  --gfn 2 --etemp 500 --acc 0.1 --gbsa h2o --parallel 8 > xtb.out
  step: 311 bond rmsd: 0.010944
Running:  /home/lum/install/xtb/xtb-190329/bin/xtb  xtb_tmp.xyz --chrg 2 --grad  --gfn 2 --etemp 500 --acc 0.1 --gbsa h2o --parallel 8 > xtb.out
  step: 312 bond rmsd: 0.010918
Running:  /home/lum/install/xtb/xtb-190329/bin/xtb  xtb_tmp.xyz --chrg 2 --grad  --gfn 2 --etemp 500 --acc 0.1 --gbsa h2o --parallel 8 > xtb.out
  step: 313 bond rmsd: 0.010866
Running:  /home/lum/install/xtb/xtb-190329/bin/xtb  xtb_tmp.xyz --chrg 2 --grad  --gfn 2 --etemp 500 --acc 0.1 --gbsa h2o --parallel 8 > xtb.out
  step: 314 bond rmsd: 0.010921
Running:  /home/lum/install/xtb/xtb-190329/bin/xtb  xtb_tmp.xyz --chrg 2 --grad  --gfn 2 --etemp 500 --acc 0.1 --gbsa h2o --parallel 8 > xtb.out
  step: 315 bond rmsd: 0.010923
Running:  /home/lum/install/xtb/xtb-190329/bin/xtb  xtb_tmp.xyz --chrg 2 --grad  --gfn 2 --etemp 500 --acc 0.1 --gbsa h2o --parallel 8 > xtb.out
  step: 316 bond rmsd: 0.010932
Running:  /home/lum/install/xtb/xtb-190329/bin/xtb  xtb_tmp.xyz --chrg 2 --grad  --gfn 2 --etemp 500 --acc 0.1 --gbsa h2o --parallel 8 > xtb.out
  step: 317 bond rmsd: 0.010965
Running:  /home/lum/install/xtb/xtb-190329/bin/xtb  xtb_tmp.xyz --chrg 2 --grad  --gfn 2 --etemp 500 --acc 0.1 --gbsa h2o --parallel 8 > xtb.out
  step: 318 bond rmsd: 0.011021
Running:  /home/lum/install/xtb/xtb-190329/bin/xtb  xtb_tmp.xyz --chrg 2 --grad  --gfn 2 --etemp 500 --acc 0.1 --gbsa h2o --parallel 8 > xtb.out
  step: 319 bond rmsd: 0.011004
Running:  /home/lum/install/xtb/xtb-190329/bin/xtb  xtb_tmp.xyz --chrg 2 --grad  --gfn 2 --etemp 500 --acc 0.1 --gbsa h2o --parallel 8 > xtb.out
  step: 320 bond rmsd: 0.010998
Running:  /home/lum/install/xtb/xtb-190329/bin/xtb  xtb_tmp.xyz --chrg 2 --grad  --gfn 2 --etemp 500 --acc 0.1 --gbsa h2o --parallel 8 > xtb.out
  step: 321 bond rmsd: 0.010981
Running:  /home/lum/install/xtb/xtb-190329/bin/xtb  xtb_tmp.xyz --chrg 2 --grad  --gfn 2 --etemp 500 --acc 0.1 --gbsa h2o --parallel 8 > xtb.out
  step: 322 bond rmsd: 0.010969
Running:  /home/lum/install/xtb/xtb-190329/bin/xtb  xtb_tmp.xyz --chrg 2 --grad  --gfn 2 --etemp 500 --acc 0.1 --gbsa h2o --parallel 8 > xtb.out
  step: 323 bond rmsd: 0.010970
Running:  /home/lum/install/xtb/xtb-190329/bin/xtb  xtb_tmp.xyz --chrg 2 --grad  --gfn 2 --etemp 500 --acc 0.1 --gbsa h2o --parallel 8 > xtb.out
  step: 324 bond rmsd: 0.010952
Running:  /home/lum/install/xtb/xtb-190329/bin/xtb  xtb_tmp.xyz --chrg 2 --grad  --gfn 2 --etemp 500 --acc 0.1 --gbsa h2o --parallel 8 > xtb.out
  step: 325 bond rmsd: 0.010942
Running:  /home/lum/install/xtb/xtb-190329/bin/xtb  xtb_tmp.xyz --chrg 2 --grad  --gfn 2 --etemp 500 --acc 0.1 --gbsa h2o --parallel 8 > xtb.out
  step: 326 bond rmsd: 0.010956
Running:  /home/lum/install/xtb/xtb-190329/bin/xtb  xtb_tmp.xyz --chrg 2 --grad  --gfn 2 --etemp 500 --acc 0.1 --gbsa h2o --parallel 8 > xtb.out
  step: 327 bond rmsd: 0.010974
Running:  /home/lum/install/xtb/xtb-190329/bin/xtb  xtb_tmp.xyz --chrg 2 --grad  --gfn 2 --etemp 500 --acc 0.1 --gbsa h2o --parallel 8 > xtb.out
  step: 328 bond rmsd: 0.010978
Running:  /home/lum/install/xtb/xtb-190329/bin/xtb  xtb_tmp.xyz --chrg 2 --grad  --gfn 2 --etemp 500 --acc 0.1 --gbsa h2o --parallel 8 > xtb.out
  step: 329 bond rmsd: 0.010987
Running:  /home/lum/install/xtb/xtb-190329/bin/xtb  xtb_tmp.xyz --chrg 2 --grad  --gfn 2 --etemp 500 --acc 0.1 --gbsa h2o --parallel 8 > xtb.out
  step: 330 bond rmsd: 0.010996
Running:  /home/lum/install/xtb/xtb-190329/bin/xtb  xtb_tmp.xyz --chrg 2 --grad  --gfn 2 --etemp 500 --acc 0.1 --gbsa h2o --parallel 8 > xtb.out
  step: 331 bond rmsd: 0.011003
Running:  /home/lum/install/xtb/xtb-190329/bin/xtb  xtb_tmp.xyz --chrg 2 --grad  --gfn 2 --etemp 500 --acc 0.1 --gbsa h2o --parallel 8 > xtb.out
  step: 332 bond rmsd: 0.010993
Running:  /home/lum/install/xtb/xtb-190329/bin/xtb  xtb_tmp.xyz --chrg 2 --grad  --gfn 2 --etemp 500 --acc 0.1 --gbsa h2o --parallel 8 > xtb.out
  step: 333 bond rmsd: 0.010986
Running:  /home/lum/install/xtb/xtb-190329/bin/xtb  xtb_tmp.xyz --chrg 2 --grad  --gfn 2 --etemp 500 --acc 0.1 --gbsa h2o --parallel 8 > xtb.out
  step: 334 bond rmsd: 0.011004
Running:  /home/lum/install/xtb/xtb-190329/bin/xtb  xtb_tmp.xyz --chrg 2 --grad  --gfn 2 --etemp 500 --acc 0.1 --gbsa h2o --parallel 8 > xtb.out
  step: 335 bond rmsd: 0.011003
Running:  /home/lum/install/xtb/xtb-190329/bin/xtb  xtb_tmp.xyz --chrg 2 --grad  --gfn 2 --etemp 500 --acc 0.1 --gbsa h2o --parallel 8 > xtb.out
  step: 336 bond rmsd: 0.011011
Running:  /home/lum/install/xtb/xtb-190329/bin/xtb  xtb_tmp.xyz --chrg 2 --grad  --gfn 2 --etemp 500 --acc 0.1 --gbsa h2o --parallel 8 > xtb.out
  step: 337 bond rmsd: 0.011011
Running:  /home/lum/install/xtb/xtb-190329/bin/xtb  xtb_tmp.xyz --chrg 2 --grad  --gfn 2 --etemp 500 --acc 0.1 --gbsa h2o --parallel 8 > xtb.out
  step: 338 bond rmsd: 0.011030
Running:  /home/lum/install/xtb/xtb-190329/bin/xtb  xtb_tmp.xyz --chrg 2 --grad  --gfn 2 --etemp 500 --acc 0.1 --gbsa h2o --parallel 8 > xtb.out
  step: 339 bond rmsd: 0.011106
Running:  /home/lum/install/xtb/xtb-190329/bin/xtb  xtb_tmp.xyz --chrg 2 --grad  --gfn 2 --etemp 500 --acc 0.1 --gbsa h2o --parallel 8 > xtb.out
  step: 340 bond rmsd: 0.011081
Running:  /home/lum/install/xtb/xtb-190329/bin/xtb  xtb_tmp.xyz --chrg 2 --grad  --gfn 2 --etemp 500 --acc 0.1 --gbsa h2o --parallel 8 > xtb.out
  step: 341 bond rmsd: 0.011053
Running:  /home/lum/install/xtb/xtb-190329/bin/xtb  xtb_tmp.xyz --chrg 2 --grad  --gfn 2 --etemp 500 --acc 0.1 --gbsa h2o --parallel 8 > xtb.out
  step: 342 bond rmsd: 0.011028
Running:  /home/lum/install/xtb/xtb-190329/bin/xtb  xtb_tmp.xyz --chrg 2 --grad  --gfn 2 --etemp 500 --acc 0.1 --gbsa h2o --parallel 8 > xtb.out
  step: 343 bond rmsd: 0.011012
Running:  /home/lum/install/xtb/xtb-190329/bin/xtb  xtb_tmp.xyz --chrg 2 --grad  --gfn 2 --etemp 500 --acc 0.1 --gbsa h2o --parallel 8 > xtb.out
  step: 344 bond rmsd: 0.010968
Running:  /home/lum/install/xtb/xtb-190329/bin/xtb  xtb_tmp.xyz --chrg 2 --grad  --gfn 2 --etemp 500 --acc 0.1 --gbsa h2o --parallel 8 > xtb.out
  step: 345 bond rmsd: 0.010971
Running:  /home/lum/install/xtb/xtb-190329/bin/xtb  xtb_tmp.xyz --chrg 2 --grad  --gfn 2 --etemp 500 --acc 0.1 --gbsa h2o --parallel 8 > xtb.out
  step: 346 bond rmsd: 0.010983
Running:  /home/lum/install/xtb/xtb-190329/bin/xtb  xtb_tmp.xyz --chrg 2 --grad  --gfn 2 --etemp 500 --acc 0.1 --gbsa h2o --parallel 8 > xtb.out
  step: 347 bond rmsd: 0.011013
Running:  /home/lum/install/xtb/xtb-190329/bin/xtb  xtb_tmp.xyz --chrg 2 --grad  --gfn 2 --etemp 500 --acc 0.1 --gbsa h2o --parallel 8 > xtb.out
  step: 348 bond rmsd: 0.011052
Running:  /home/lum/install/xtb/xtb-190329/bin/xtb  xtb_tmp.xyz --chrg 2 --grad  --gfn 2 --etemp 500 --acc 0.1 --gbsa h2o --parallel 8 > xtb.out
  step: 349 bond rmsd: 0.011086
Running:  /home/lum/install/xtb/xtb-190329/bin/xtb  xtb_tmp.xyz --chrg 2 --grad  --gfn 2 --etemp 500 --acc 0.1 --gbsa h2o --parallel 8 > xtb.out
  step: 350 bond rmsd: 0.011117
Running:  /home/lum/install/xtb/xtb-190329/bin/xtb  xtb_tmp.xyz --chrg 2 --grad  --gfn 2 --etemp 500 --acc 0.1 --gbsa h2o --parallel 8 > xtb.out
  step: 351 bond rmsd: 0.011093
Running:  /home/lum/install/xtb/xtb-190329/bin/xtb  xtb_tmp.xyz --chrg 2 --grad  --gfn 2 --etemp 500 --acc 0.1 --gbsa h2o --parallel 8 > xtb.out
  step: 352 bond rmsd: 0.011032
Running:  /home/lum/install/xtb/xtb-190329/bin/xtb  xtb_tmp.xyz --chrg 2 --grad  --gfn 2 --etemp 500 --acc 0.1 --gbsa h2o --parallel 8 > xtb.out
  step: 353 bond rmsd: 0.011001
Running:  /home/lum/install/xtb/xtb-190329/bin/xtb  xtb_tmp.xyz --chrg 2 --grad  --gfn 2 --etemp 500 --acc 0.1 --gbsa h2o --parallel 8 > xtb.out
  step: 354 bond rmsd: 0.010991
Running:  /home/lum/install/xtb/xtb-190329/bin/xtb  xtb_tmp.xyz --chrg 2 --grad  --gfn 2 --etemp 500 --acc 0.1 --gbsa h2o --parallel 8 > xtb.out
  step: 355 bond rmsd: 0.010994
Running:  /home/lum/install/xtb/xtb-190329/bin/xtb  xtb_tmp.xyz --chrg 2 --grad  --gfn 2 --etemp 500 --acc 0.1 --gbsa h2o --parallel 8 > xtb.out
  step: 356 bond rmsd: 0.011040
Running:  /home/lum/install/xtb/xtb-190329/bin/xtb  xtb_tmp.xyz --chrg 2 --grad  --gfn 2 --etemp 500 --acc 0.1 --gbsa h2o --parallel 8 > xtb.out
  step: 357 bond rmsd: 0.011034
Running:  /home/lum/install/xtb/xtb-190329/bin/xtb  xtb_tmp.xyz --chrg 2 --grad  --gfn 2 --etemp 500 --acc 0.1 --gbsa h2o --parallel 8 > xtb.out
  step: 358 bond rmsd: 0.011029
Running:  /home/lum/install/xtb/xtb-190329/bin/xtb  xtb_tmp.xyz --chrg 2 --grad  --gfn 2 --etemp 500 --acc 0.1 --gbsa h2o --parallel 8 > xtb.out
  step: 359 bond rmsd: 0.011031
Running:  /home/lum/install/xtb/xtb-190329/bin/xtb  xtb_tmp.xyz --chrg 2 --grad  --gfn 2 --etemp 500 --acc 0.1 --gbsa h2o --parallel 8 > xtb.out
  step: 360 bond rmsd: 0.011045
Running:  /home/lum/install/xtb/xtb-190329/bin/xtb  xtb_tmp.xyz --chrg 2 --grad  --gfn 2 --etemp 500 --acc 0.1 --gbsa h2o --parallel 8 > xtb.out
  step: 361 bond rmsd: 0.011055
Running:  /home/lum/install/xtb/xtb-190329/bin/xtb  xtb_tmp.xyz --chrg 2 --grad  --gfn 2 --etemp 500 --acc 0.1 --gbsa h2o --parallel 8 > xtb.out
  step: 362 bond rmsd: 0.011048
Running:  /home/lum/install/xtb/xtb-190329/bin/xtb  xtb_tmp.xyz --chrg 2 --grad  --gfn 2 --etemp 500 --acc 0.1 --gbsa h2o --parallel 8 > xtb.out
  step: 363 bond rmsd: 0.011054
Running:  /home/lum/install/xtb/xtb-190329/bin/xtb  xtb_tmp.xyz --chrg 2 --grad  --gfn 2 --etemp 500 --acc 0.1 --gbsa h2o --parallel 8 > xtb.out
  step: 364 bond rmsd: 0.011048
Running:  /home/lum/install/xtb/xtb-190329/bin/xtb  xtb_tmp.xyz --chrg 2 --grad  --gfn 2 --etemp 500 --acc 0.1 --gbsa h2o --parallel 8 > xtb.out
  step: 365 bond rmsd: 0.011061
Running:  /home/lum/install/xtb/xtb-190329/bin/xtb  xtb_tmp.xyz --chrg 2 --grad  --gfn 2 --etemp 500 --acc 0.1 --gbsa h2o --parallel 8 > xtb.out
  step: 366 bond rmsd: 0.011045
Running:  /home/lum/install/xtb/xtb-190329/bin/xtb  xtb_tmp.xyz --chrg 2 --grad  --gfn 2 --etemp 500 --acc 0.1 --gbsa h2o --parallel 8 > xtb.out
  step: 367 bond rmsd: 0.011019
Running:  /home/lum/install/xtb/xtb-190329/bin/xtb  xtb_tmp.xyz --chrg 2 --grad  --gfn 2 --etemp 500 --acc 0.1 --gbsa h2o --parallel 8 > xtb.out
  step: 368 bond rmsd: 0.011004
Running:  /home/lum/install/xtb/xtb-190329/bin/xtb  xtb_tmp.xyz --chrg 2 --grad  --gfn 2 --etemp 500 --acc 0.1 --gbsa h2o --parallel 8 > xtb.out
  step: 369 bond rmsd: 0.010994
Running:  /home/lum/install/xtb/xtb-190329/bin/xtb  xtb_tmp.xyz --chrg 2 --grad  --gfn 2 --etemp 500 --acc 0.1 --gbsa h2o --parallel 8 > xtb.out
  step: 370 bond rmsd: 0.011003
Running:  /home/lum/install/xtb/xtb-190329/bin/xtb  xtb_tmp.xyz --chrg 2 --grad  --gfn 2 --etemp 500 --acc 0.1 --gbsa h2o --parallel 8 > xtb.out
  step: 371 bond rmsd: 0.011052
Running:  /home/lum/install/xtb/xtb-190329/bin/xtb  xtb_tmp.xyz --chrg 2 --grad  --gfn 2 --etemp 500 --acc 0.1 --gbsa h2o --parallel 8 > xtb.out
  step: 372 bond rmsd: 0.011036
Running:  /home/lum/install/xtb/xtb-190329/bin/xtb  xtb_tmp.xyz --chrg 2 --grad  --gfn 2 --etemp 500 --acc 0.1 --gbsa h2o --parallel 8 > xtb.out
  step: 373 bond rmsd: 0.011015
Running:  /home/lum/install/xtb/xtb-190329/bin/xtb  xtb_tmp.xyz --chrg 2 --grad  --gfn 2 --etemp 500 --acc 0.1 --gbsa h2o --parallel 8 > xtb.out
  step: 374 bond rmsd: 0.011016
Running:  /home/lum/install/xtb/xtb-190329/bin/xtb  xtb_tmp.xyz --chrg 2 --grad  --gfn 2 --etemp 500 --acc 0.1 --gbsa h2o --parallel 8 > xtb.out
  step: 375 bond rmsd: 0.011032
Running:  /home/lum/install/xtb/xtb-190329/bin/xtb  xtb_tmp.xyz --chrg 2 --grad  --gfn 2 --etemp 500 --acc 0.1 --gbsa h2o --parallel 8 > xtb.out
  step: 376 bond rmsd: 0.011052
Running:  /home/lum/install/xtb/xtb-190329/bin/xtb  xtb_tmp.xyz --chrg 2 --grad  --gfn 2 --etemp 500 --acc 0.1 --gbsa h2o --parallel 8 > xtb.out
  step: 377 bond rmsd: 0.011060
Running:  /home/lum/install/xtb/xtb-190329/bin/xtb  xtb_tmp.xyz --chrg 2 --grad  --gfn 2 --etemp 500 --acc 0.1 --gbsa h2o --parallel 8 > xtb.out
  step: 378 bond rmsd: 0.011095
Running:  /home/lum/install/xtb/xtb-190329/bin/xtb  xtb_tmp.xyz --chrg 2 --grad  --gfn 2 --etemp 500 --acc 0.1 --gbsa h2o --parallel 8 > xtb.out
  step: 379 bond rmsd: 0.011109
Running:  /home/lum/install/xtb/xtb-190329/bin/xtb  xtb_tmp.xyz --chrg 2 --grad  --gfn 2 --etemp 500 --acc 0.1 --gbsa h2o --parallel 8 > xtb.out
  step: 380 bond rmsd: 0.011115
Running:  /home/lum/install/xtb/xtb-190329/bin/xtb  xtb_tmp.xyz --chrg 2 --grad  --gfn 2 --etemp 500 --acc 0.1 --gbsa h2o --parallel 8 > xtb.out
  step: 381 bond rmsd: 0.011098
Running:  /home/lum/install/xtb/xtb-190329/bin/xtb  xtb_tmp.xyz --chrg 2 --grad  --gfn 2 --etemp 500 --acc 0.1 --gbsa h2o --parallel 8 > xtb.out
  step: 382 bond rmsd: 0.011094
Running:  /home/lum/install/xtb/xtb-190329/bin/xtb  xtb_tmp.xyz --chrg 2 --grad  --gfn 2 --etemp 500 --acc 0.1 --gbsa h2o --parallel 8 > xtb.out
  step: 383 bond rmsd: 0.011090
Running:  /home/lum/install/xtb/xtb-190329/bin/xtb  xtb_tmp.xyz --chrg 2 --grad  --gfn 2 --etemp 500 --acc 0.1 --gbsa h2o --parallel 8 > xtb.out
  step: 384 bond rmsd: 0.011060
Running:  /home/lum/install/xtb/xtb-190329/bin/xtb  xtb_tmp.xyz --chrg 2 --grad  --gfn 2 --etemp 500 --acc 0.1 --gbsa h2o --parallel 8 > xtb.out
  step: 385 bond rmsd: 0.011050
Running:  /home/lum/install/xtb/xtb-190329/bin/xtb  xtb_tmp.xyz --chrg 2 --grad  --gfn 2 --etemp 500 --acc 0.1 --gbsa h2o --parallel 8 > xtb.out
  step: 386 bond rmsd: 0.011040
Running:  /home/lum/install/xtb/xtb-190329/bin/xtb  xtb_tmp.xyz --chrg 2 --grad  --gfn 2 --etemp 500 --acc 0.1 --gbsa h2o --parallel 8 > xtb.out
  step: 387 bond rmsd: 0.011043
Running:  /home/lum/install/xtb/xtb-190329/bin/xtb  xtb_tmp.xyz --chrg 2 --grad  --gfn 2 --etemp 500 --acc 0.1 --gbsa h2o --parallel 8 > xtb.out
  step: 388 bond rmsd: 0.011043
Running:  /home/lum/install/xtb/xtb-190329/bin/xtb  xtb_tmp.xyz --chrg 2 --grad  --gfn 2 --etemp 500 --acc 0.1 --gbsa h2o --parallel 8 > xtb.out
  step: 389 bond rmsd: 0.011052
Running:  /home/lum/install/xtb/xtb-190329/bin/xtb  xtb_tmp.xyz --chrg 2 --grad  --gfn 2 --etemp 500 --acc 0.1 --gbsa h2o --parallel 8 > xtb.out
  step: 390 bond rmsd: 0.011051
Running:  /home/lum/install/xtb/xtb-190329/bin/xtb  xtb_tmp.xyz --chrg 2 --grad  --gfn 2 --etemp 500 --acc 0.1 --gbsa h2o --parallel 8 > xtb.out
  step: 391 bond rmsd: 0.011042
Running:  /home/lum/install/xtb/xtb-190329/bin/xtb  xtb_tmp.xyz --chrg 2 --grad  --gfn 2 --etemp 500 --acc 0.1 --gbsa h2o --parallel 8 > xtb.out
  step: 392 bond rmsd: 0.011033
Running:  /home/lum/install/xtb/xtb-190329/bin/xtb  xtb_tmp.xyz --chrg 2 --grad  --gfn 2 --etemp 500 --acc 0.1 --gbsa h2o --parallel 8 > xtb.out
  step: 393 bond rmsd: 0.011026
Running:  /home/lum/install/xtb/xtb-190329/bin/xtb  xtb_tmp.xyz --chrg 2 --grad  --gfn 2 --etemp 500 --acc 0.1 --gbsa h2o --parallel 8 > xtb.out
  step: 394 bond rmsd: 0.011033
Running:  /home/lum/install/xtb/xtb-190329/bin/xtb  xtb_tmp.xyz --chrg 2 --grad  --gfn 2 --etemp 500 --acc 0.1 --gbsa h2o --parallel 8 > xtb.out
  step: 395 bond rmsd: 0.011089
Running:  /home/lum/install/xtb/xtb-190329/bin/xtb  xtb_tmp.xyz --chrg 2 --grad  --gfn 2 --etemp 500 --acc 0.1 --gbsa h2o --parallel 8 > xtb.out
  step: 396 bond rmsd: 0.011063
Running:  /home/lum/install/xtb/xtb-190329/bin/xtb  xtb_tmp.xyz --chrg 2 --grad  --gfn 2 --etemp 500 --acc 0.1 --gbsa h2o --parallel 8 > xtb.out
  step: 397 bond rmsd: 0.011058
Running:  /home/lum/install/xtb/xtb-190329/bin/xtb  xtb_tmp.xyz --chrg 2 --grad  --gfn 2 --etemp 500 --acc 0.1 --gbsa h2o --parallel 8 > xtb.out
  step: 398 bond rmsd: 0.011052
Running:  /home/lum/install/xtb/xtb-190329/bin/xtb  xtb_tmp.xyz --chrg 2 --grad  --gfn 2 --etemp 500 --acc 0.1 --gbsa h2o --parallel 8 > xtb.out
  step: 399 bond rmsd: 0.011055
Running:  /home/lum/install/xtb/xtb-190329/bin/xtb  xtb_tmp.xyz --chrg 2 --grad  --gfn 2 --etemp 500 --acc 0.1 --gbsa h2o --parallel 8 > xtb.out
  step: 400 bond rmsd: 0.011063
Running:  /home/lum/install/xtb/xtb-190329/bin/xtb  xtb_tmp.xyz --chrg 2 --grad  --gfn 2 --etemp 500 --acc 0.1 --gbsa h2o --parallel 8 > xtb.out
  step: 401 bond rmsd: 0.011093
Running:  /home/lum/install/xtb/xtb-190329/bin/xtb  xtb_tmp.xyz --chrg 2 --grad  --gfn 2 --etemp 500 --acc 0.1 --gbsa h2o --parallel 8 > xtb.out
  step: 402 bond rmsd: 0.011070
Running:  /home/lum/install/xtb/xtb-190329/bin/xtb  xtb_tmp.xyz --chrg 2 --grad  --gfn 2 --etemp 500 --acc 0.1 --gbsa h2o --parallel 8 > xtb.out
  step: 403 bond rmsd: 0.011053
Running:  /home/lum/install/xtb/xtb-190329/bin/xtb  xtb_tmp.xyz --chrg 2 --grad  --gfn 2 --etemp 500 --acc 0.1 --gbsa h2o --parallel 8 > xtb.out
  step: 404 bond rmsd: 0.011046
Running:  /home/lum/install/xtb/xtb-190329/bin/xtb  xtb_tmp.xyz --chrg 2 --grad  --gfn 2 --etemp 500 --acc 0.1 --gbsa h2o --parallel 8 > xtb.out
  step: 405 bond rmsd: 0.011048
Running:  /home/lum/install/xtb/xtb-190329/bin/xtb  xtb_tmp.xyz --chrg 2 --grad  --gfn 2 --etemp 500 --acc 0.1 --gbsa h2o --parallel 8 > xtb.out
  step: 406 bond rmsd: 0.011046
Running:  /home/lum/install/xtb/xtb-190329/bin/xtb  xtb_tmp.xyz --chrg 2 --grad  --gfn 2 --etemp 500 --acc 0.1 --gbsa h2o --parallel 8 > xtb.out
  step: 407 bond rmsd: 0.011035
Running:  /home/lum/install/xtb/xtb-190329/bin/xtb  xtb_tmp.xyz --chrg 2 --grad  --gfn 2 --etemp 500 --acc 0.1 --gbsa h2o --parallel 8 > xtb.out
  step: 408 bond rmsd: 0.011030
Running:  /home/lum/install/xtb/xtb-190329/bin/xtb  xtb_tmp.xyz --chrg 2 --grad  --gfn 2 --etemp 500 --acc 0.1 --gbsa h2o --parallel 8 > xtb.out
micro_cycle   1 rmsd(b):  0.0110 rws:  1.000 n_fev: 408
See 4_refined.pdb in pdb folder.
Time: 419.0204
