Starting Q|R
version:   v1.0-114-g3318f9  
Running refinement
   input {
     xray_data {
       file_name = None
       labels = None
       high_resolution = None
       low_resolution = None
       outliers_rejection = True
       french_wilson_scale = True
       french_wilson {
         max_bins = 60
         min_bin_size = 40
       }
       sigma_fobs_rejection_criterion = None
       sigma_iobs_rejection_criterion = None
       ignore_all_zeros = True
       force_anomalous_flag_to_be_equal_to = None
       convert_to_non_anomalous_if_ratio_pairs_lone_less_than_threshold = 0.5
       r_free_flags {
         file_name = None
         label = None
         test_flag_value = None
         ignore_r_free_flags = False
         disable_suitability_test = False
         ignore_pdb_hexdigest = False
         generate = False
         fraction = 0.1
         max_free = 2000
         lattice_symmetry_max_delta = 5
         use_lattice_symmetry = True
         use_dataman_shells = False
         n_shells = 20
       }
     }
     pdb {
       file_name = None
     }
     monomers {
       file_name = None
     }
     maps {
       map_file_name = None
       d_min = None
       map_coefficients_file_name = None
       map_coefficients_label = None
     }
     sequence = None
     scattering_table = wk1995 it1992 *n_gaussian neutron electron
     wavelength = None
     energy = None
     twin_law = Auto
   }
   max_atoms = 15000
   debug = False
   cluster {
     charge_cutoff = 8.0
     clustering = false
     charge_embedding = False
     two_buffers = False
     maxnum_residues_in_cluster = 15
     clustering_method = gnc *bcc
     altloc_method = *average subtract
     g_scan = 10 15 20
     g_mode = None
   }
   restraints = cctbx *qm
   quantum {
     engine_name = mopac ani torchani terachem turbomole pyscf orca gaussian \
                   *xtb
     charge = None
     basis = Auto
     method = Auto
     memory = None
     nproc = 8
     qm_addon = gcp dftd3 gcp-d3
     qm_addon_method = None
   }
   refine {
     dry_run = False
     sf_algorithm = *direct fft
     refinement_target_name = *ml ls_wunit_k1
     mode = *opt refine gtest
     number_of_macro_cycles = 1
     number_of_weight_search_cycles = 50
     number_of_refine_cycles = 5
     number_of_micro_cycles = 1
     data_weight = None
     choose_best_use_r_work = False
     skip_weight_search = False
     adjust_restraints_weight_scale_value = 2
     max_iterations_weight = 50
     max_iterations_refine = 400
     use_ase_lbfgs = False
     line_search = True
     stpmax = 0.7
     gradient_only = true
     update_all_scales = True
     refine_sites = True
     refine_adp = False
     restraints_weight_scale = 1.0
     shake_sites = False
     use_convergence_test = true
     max_bond_rmsd = 0.03
     max_r_work_r_free_gap = 5.0
     r_tolerance = 0.001
     rmsd_tolerance = 0.001
     opt_log = False
     pre_opt = False
     pre_opt_stpmax = 0.1
     pre_opt_iter = 10
     pre_opt_switch = 2
     pre_opt_gconv = 3000
   }
   parallel {
     method = *multiprocessing slurm pbs sge lsf threading
     nproc = None
     qsub_command = None
   }
   output_file_name_prefix = None
   output_folder_name = "pdb"
   shared_disk = True
   rst_file = None
   dump_gradients = None
  Default method for xtb is  --gfn 2 --etemp 500 --acc 0.1 --gbsa h2o

***********************************************************
restart info will be stored in /home/lum/xtb_opt_final/0.9/xtb_opt/pdb/5.rst.pickle
***********************************************************

start   0 rmsd(b):  0.0221 rws:  1.000 n_fev: 0
  step:   1 bond rmsd: 0.022091
Running:  /home/lum/install/xtb/xtb-190329/bin/xtb  xtb_tmp.xyz --chrg 2 --grad  --gfn 2 --etemp 500 --acc 0.1 --gbsa h2o --parallel 8 > xtb.out
  step:   2 bond rmsd: 0.080907
Running:  /home/lum/install/xtb/xtb-190329/bin/xtb  xtb_tmp.xyz --chrg 2 --grad  --gfn 2 --etemp 500 --acc 0.1 --gbsa h2o --parallel 8 > xtb.out
  step:   3 bond rmsd: 0.335384
Running:  /home/lum/install/xtb/xtb-190329/bin/xtb  xtb_tmp.xyz --chrg 2 --grad  --gfn 2 --etemp 500 --acc 0.1 --gbsa h2o --parallel 8 > xtb.out
  step:   4 bond rmsd: 0.099953
Running:  /home/lum/install/xtb/xtb-190329/bin/xtb  xtb_tmp.xyz --chrg 2 --grad  --gfn 2 --etemp 500 --acc 0.1 --gbsa h2o --parallel 8 > xtb.out
  step:   5 bond rmsd: 0.075642
Running:  /home/lum/install/xtb/xtb-190329/bin/xtb  xtb_tmp.xyz --chrg 2 --grad  --gfn 2 --etemp 500 --acc 0.1 --gbsa h2o --parallel 8 > xtb.out
  step:   6 bond rmsd: 0.029701
Running:  /home/lum/install/xtb/xtb-190329/bin/xtb  xtb_tmp.xyz --chrg 2 --grad  --gfn 2 --etemp 500 --acc 0.1 --gbsa h2o --parallel 8 > xtb.out
  step:   7 bond rmsd: 0.019044
Running:  /home/lum/install/xtb/xtb-190329/bin/xtb  xtb_tmp.xyz --chrg 2 --grad  --gfn 2 --etemp 500 --acc 0.1 --gbsa h2o --parallel 8 > xtb.out
  step:   8 bond rmsd: 0.014849
Running:  /home/lum/install/xtb/xtb-190329/bin/xtb  xtb_tmp.xyz --chrg 2 --grad  --gfn 2 --etemp 500 --acc 0.1 --gbsa h2o --parallel 8 > xtb.out
  step:   9 bond rmsd: 0.013071
Running:  /home/lum/install/xtb/xtb-190329/bin/xtb  xtb_tmp.xyz --chrg 2 --grad  --gfn 2 --etemp 500 --acc 0.1 --gbsa h2o --parallel 8 > xtb.out
  step:  10 bond rmsd: 0.013222
Running:  /home/lum/install/xtb/xtb-190329/bin/xtb  xtb_tmp.xyz --chrg 2 --grad  --gfn 2 --etemp 500 --acc 0.1 --gbsa h2o --parallel 8 > xtb.out
  step:  11 bond rmsd: 0.013394
Running:  /home/lum/install/xtb/xtb-190329/bin/xtb  xtb_tmp.xyz --chrg 2 --grad  --gfn 2 --etemp 500 --acc 0.1 --gbsa h2o --parallel 8 > xtb.out
  step:  12 bond rmsd: 0.014069
Running:  /home/lum/install/xtb/xtb-190329/bin/xtb  xtb_tmp.xyz --chrg 2 --grad  --gfn 2 --etemp 500 --acc 0.1 --gbsa h2o --parallel 8 > xtb.out
  step:  13 bond rmsd: 0.013198
Running:  /home/lum/install/xtb/xtb-190329/bin/xtb  xtb_tmp.xyz --chrg 2 --grad  --gfn 2 --etemp 500 --acc 0.1 --gbsa h2o --parallel 8 > xtb.out
  step:  14 bond rmsd: 0.012942
Running:  /home/lum/install/xtb/xtb-190329/bin/xtb  xtb_tmp.xyz --chrg 2 --grad  --gfn 2 --etemp 500 --acc 0.1 --gbsa h2o --parallel 8 > xtb.out
  step:  15 bond rmsd: 0.012572
Running:  /home/lum/install/xtb/xtb-190329/bin/xtb  xtb_tmp.xyz --chrg 2 --grad  --gfn 2 --etemp 500 --acc 0.1 --gbsa h2o --parallel 8 > xtb.out
  step:  16 bond rmsd: 0.012222
Running:  /home/lum/install/xtb/xtb-190329/bin/xtb  xtb_tmp.xyz --chrg 2 --grad  --gfn 2 --etemp 500 --acc 0.1 --gbsa h2o --parallel 8 > xtb.out
  step:  17 bond rmsd: 0.012811
Running:  /home/lum/install/xtb/xtb-190329/bin/xtb  xtb_tmp.xyz --chrg 2 --grad  --gfn 2 --etemp 500 --acc 0.1 --gbsa h2o --parallel 8 > xtb.out
  step:  18 bond rmsd: 0.011915
Running:  /home/lum/install/xtb/xtb-190329/bin/xtb  xtb_tmp.xyz --chrg 2 --grad  --gfn 2 --etemp 500 --acc 0.1 --gbsa h2o --parallel 8 > xtb.out
  step:  19 bond rmsd: 0.011710
Running:  /home/lum/install/xtb/xtb-190329/bin/xtb  xtb_tmp.xyz --chrg 2 --grad  --gfn 2 --etemp 500 --acc 0.1 --gbsa h2o --parallel 8 > xtb.out
  step:  20 bond rmsd: 0.011676
Running:  /home/lum/install/xtb/xtb-190329/bin/xtb  xtb_tmp.xyz --chrg 2 --grad  --gfn 2 --etemp 500 --acc 0.1 --gbsa h2o --parallel 8 > xtb.out
  step:  21 bond rmsd: 0.012026
Running:  /home/lum/install/xtb/xtb-190329/bin/xtb  xtb_tmp.xyz --chrg 2 --grad  --gfn 2 --etemp 500 --acc 0.1 --gbsa h2o --parallel 8 > xtb.out
  step:  22 bond rmsd: 0.011878
Running:  /home/lum/install/xtb/xtb-190329/bin/xtb  xtb_tmp.xyz --chrg 2 --grad  --gfn 2 --etemp 500 --acc 0.1 --gbsa h2o --parallel 8 > xtb.out
  step:  23 bond rmsd: 0.011998
Running:  /home/lum/install/xtb/xtb-190329/bin/xtb  xtb_tmp.xyz --chrg 2 --grad  --gfn 2 --etemp 500 --acc 0.1 --gbsa h2o --parallel 8 > xtb.out
  step:  24 bond rmsd: 0.011987
Running:  /home/lum/install/xtb/xtb-190329/bin/xtb  xtb_tmp.xyz --chrg 2 --grad  --gfn 2 --etemp 500 --acc 0.1 --gbsa h2o --parallel 8 > xtb.out
  step:  25 bond rmsd: 0.011946
Running:  /home/lum/install/xtb/xtb-190329/bin/xtb  xtb_tmp.xyz --chrg 2 --grad  --gfn 2 --etemp 500 --acc 0.1 --gbsa h2o --parallel 8 > xtb.out
  step:  26 bond rmsd: 0.011915
Running:  /home/lum/install/xtb/xtb-190329/bin/xtb  xtb_tmp.xyz --chrg 2 --grad  --gfn 2 --etemp 500 --acc 0.1 --gbsa h2o --parallel 8 > xtb.out
  step:  27 bond rmsd: 0.011926
Running:  /home/lum/install/xtb/xtb-190329/bin/xtb  xtb_tmp.xyz --chrg 2 --grad  --gfn 2 --etemp 500 --acc 0.1 --gbsa h2o --parallel 8 > xtb.out
  step:  28 bond rmsd: 0.011712
Running:  /home/lum/install/xtb/xtb-190329/bin/xtb  xtb_tmp.xyz --chrg 2 --grad  --gfn 2 --etemp 500 --acc 0.1 --gbsa h2o --parallel 8 > xtb.out
  step:  29 bond rmsd: 0.011850
Running:  /home/lum/install/xtb/xtb-190329/bin/xtb  xtb_tmp.xyz --chrg 2 --grad  --gfn 2 --etemp 500 --acc 0.1 --gbsa h2o --parallel 8 > xtb.out
  step:  30 bond rmsd: 0.011637
Running:  /home/lum/install/xtb/xtb-190329/bin/xtb  xtb_tmp.xyz --chrg 2 --grad  --gfn 2 --etemp 500 --acc 0.1 --gbsa h2o --parallel 8 > xtb.out
  step:  31 bond rmsd: 0.012083
Running:  /home/lum/install/xtb/xtb-190329/bin/xtb  xtb_tmp.xyz --chrg 2 --grad  --gfn 2 --etemp 500 --acc 0.1 --gbsa h2o --parallel 8 > xtb.out
  step:  32 bond rmsd: 0.011851
Running:  /home/lum/install/xtb/xtb-190329/bin/xtb  xtb_tmp.xyz --chrg 2 --grad  --gfn 2 --etemp 500 --acc 0.1 --gbsa h2o --parallel 8 > xtb.out
  step:  33 bond rmsd: 0.011810
Running:  /home/lum/install/xtb/xtb-190329/bin/xtb  xtb_tmp.xyz --chrg 2 --grad  --gfn 2 --etemp 500 --acc 0.1 --gbsa h2o --parallel 8 > xtb.out
  step:  34 bond rmsd: 0.011494
Running:  /home/lum/install/xtb/xtb-190329/bin/xtb  xtb_tmp.xyz --chrg 2 --grad  --gfn 2 --etemp 500 --acc 0.1 --gbsa h2o --parallel 8 > xtb.out
  step:  35 bond rmsd: 0.011606
Running:  /home/lum/install/xtb/xtb-190329/bin/xtb  xtb_tmp.xyz --chrg 2 --grad  --gfn 2 --etemp 500 --acc 0.1 --gbsa h2o --parallel 8 > xtb.out
  step:  36 bond rmsd: 0.011764
Running:  /home/lum/install/xtb/xtb-190329/bin/xtb  xtb_tmp.xyz --chrg 2 --grad  --gfn 2 --etemp 500 --acc 0.1 --gbsa h2o --parallel 8 > xtb.out
  step:  37 bond rmsd: 0.011880
Running:  /home/lum/install/xtb/xtb-190329/bin/xtb  xtb_tmp.xyz --chrg 2 --grad  --gfn 2 --etemp 500 --acc 0.1 --gbsa h2o --parallel 8 > xtb.out
  step:  38 bond rmsd: 0.012024
Running:  /home/lum/install/xtb/xtb-190329/bin/xtb  xtb_tmp.xyz --chrg 2 --grad  --gfn 2 --etemp 500 --acc 0.1 --gbsa h2o --parallel 8 > xtb.out
  step:  39 bond rmsd: 0.011857
Running:  /home/lum/install/xtb/xtb-190329/bin/xtb  xtb_tmp.xyz --chrg 2 --grad  --gfn 2 --etemp 500 --acc 0.1 --gbsa h2o --parallel 8 > xtb.out
  step:  40 bond rmsd: 0.011891
Running:  /home/lum/install/xtb/xtb-190329/bin/xtb  xtb_tmp.xyz --chrg 2 --grad  --gfn 2 --etemp 500 --acc 0.1 --gbsa h2o --parallel 8 > xtb.out
  step:  41 bond rmsd: 0.011622
Running:  /home/lum/install/xtb/xtb-190329/bin/xtb  xtb_tmp.xyz --chrg 2 --grad  --gfn 2 --etemp 500 --acc 0.1 --gbsa h2o --parallel 8 > xtb.out
  step:  42 bond rmsd: 0.011738
Running:  /home/lum/install/xtb/xtb-190329/bin/xtb  xtb_tmp.xyz --chrg 2 --grad  --gfn 2 --etemp 500 --acc 0.1 --gbsa h2o --parallel 8 > xtb.out
  step:  43 bond rmsd: 0.011623
Running:  /home/lum/install/xtb/xtb-190329/bin/xtb  xtb_tmp.xyz --chrg 2 --grad  --gfn 2 --etemp 500 --acc 0.1 --gbsa h2o --parallel 8 > xtb.out
  step:  44 bond rmsd: 0.011726
Running:  /home/lum/install/xtb/xtb-190329/bin/xtb  xtb_tmp.xyz --chrg 2 --grad  --gfn 2 --etemp 500 --acc 0.1 --gbsa h2o --parallel 8 > xtb.out
  step:  45 bond rmsd: 0.011725
Running:  /home/lum/install/xtb/xtb-190329/bin/xtb  xtb_tmp.xyz --chrg 2 --grad  --gfn 2 --etemp 500 --acc 0.1 --gbsa h2o --parallel 8 > xtb.out
  step:  46 bond rmsd: 0.011761
Running:  /home/lum/install/xtb/xtb-190329/bin/xtb  xtb_tmp.xyz --chrg 2 --grad  --gfn 2 --etemp 500 --acc 0.1 --gbsa h2o --parallel 8 > xtb.out
  step:  47 bond rmsd: 0.011762
Running:  /home/lum/install/xtb/xtb-190329/bin/xtb  xtb_tmp.xyz --chrg 2 --grad  --gfn 2 --etemp 500 --acc 0.1 --gbsa h2o --parallel 8 > xtb.out
  step:  48 bond rmsd: 0.011782
Running:  /home/lum/install/xtb/xtb-190329/bin/xtb  xtb_tmp.xyz --chrg 2 --grad  --gfn 2 --etemp 500 --acc 0.1 --gbsa h2o --parallel 8 > xtb.out
  step:  49 bond rmsd: 0.011698
Running:  /home/lum/install/xtb/xtb-190329/bin/xtb  xtb_tmp.xyz --chrg 2 --grad  --gfn 2 --etemp 500 --acc 0.1 --gbsa h2o --parallel 8 > xtb.out
  step:  50 bond rmsd: 0.011794
Running:  /home/lum/install/xtb/xtb-190329/bin/xtb  xtb_tmp.xyz --chrg 2 --grad  --gfn 2 --etemp 500 --acc 0.1 --gbsa h2o --parallel 8 > xtb.out
  step:  51 bond rmsd: 0.011565
Running:  /home/lum/install/xtb/xtb-190329/bin/xtb  xtb_tmp.xyz --chrg 2 --grad  --gfn 2 --etemp 500 --acc 0.1 --gbsa h2o --parallel 8 > xtb.out
  step:  52 bond rmsd: 0.011651
Running:  /home/lum/install/xtb/xtb-190329/bin/xtb  xtb_tmp.xyz --chrg 2 --grad  --gfn 2 --etemp 500 --acc 0.1 --gbsa h2o --parallel 8 > xtb.out
  step:  53 bond rmsd: 0.011422
Running:  /home/lum/install/xtb/xtb-190329/bin/xtb  xtb_tmp.xyz --chrg 2 --grad  --gfn 2 --etemp 500 --acc 0.1 --gbsa h2o --parallel 8 > xtb.out
  step:  54 bond rmsd: 0.011391
Running:  /home/lum/install/xtb/xtb-190329/bin/xtb  xtb_tmp.xyz --chrg 2 --grad  --gfn 2 --etemp 500 --acc 0.1 --gbsa h2o --parallel 8 > xtb.out
  step:  55 bond rmsd: 0.011339
Running:  /home/lum/install/xtb/xtb-190329/bin/xtb  xtb_tmp.xyz --chrg 2 --grad  --gfn 2 --etemp 500 --acc 0.1 --gbsa h2o --parallel 8 > xtb.out
  step:  56 bond rmsd: 0.011503
Running:  /home/lum/install/xtb/xtb-190329/bin/xtb  xtb_tmp.xyz --chrg 2 --grad  --gfn 2 --etemp 500 --acc 0.1 --gbsa h2o --parallel 8 > xtb.out
  step:  57 bond rmsd: 0.011476
Running:  /home/lum/install/xtb/xtb-190329/bin/xtb  xtb_tmp.xyz --chrg 2 --grad  --gfn 2 --etemp 500 --acc 0.1 --gbsa h2o --parallel 8 > xtb.out
  step:  58 bond rmsd: 0.011540
Running:  /home/lum/install/xtb/xtb-190329/bin/xtb  xtb_tmp.xyz --chrg 2 --grad  --gfn 2 --etemp 500 --acc 0.1 --gbsa h2o --parallel 8 > xtb.out
  step:  59 bond rmsd: 0.011521
Running:  /home/lum/install/xtb/xtb-190329/bin/xtb  xtb_tmp.xyz --chrg 2 --grad  --gfn 2 --etemp 500 --acc 0.1 --gbsa h2o --parallel 8 > xtb.out
  step:  60 bond rmsd: 0.011621
Running:  /home/lum/install/xtb/xtb-190329/bin/xtb  xtb_tmp.xyz --chrg 2 --grad  --gfn 2 --etemp 500 --acc 0.1 --gbsa h2o --parallel 8 > xtb.out
  step:  61 bond rmsd: 0.011524
Running:  /home/lum/install/xtb/xtb-190329/bin/xtb  xtb_tmp.xyz --chrg 2 --grad  --gfn 2 --etemp 500 --acc 0.1 --gbsa h2o --parallel 8 > xtb.out
  step:  62 bond rmsd: 0.011497
Running:  /home/lum/install/xtb/xtb-190329/bin/xtb  xtb_tmp.xyz --chrg 2 --grad  --gfn 2 --etemp 500 --acc 0.1 --gbsa h2o --parallel 8 > xtb.out
  step:  63 bond rmsd: 0.011284
Running:  /home/lum/install/xtb/xtb-190329/bin/xtb  xtb_tmp.xyz --chrg 2 --grad  --gfn 2 --etemp 500 --acc 0.1 --gbsa h2o --parallel 8 > xtb.out
  step:  64 bond rmsd: 0.011352
Running:  /home/lum/install/xtb/xtb-190329/bin/xtb  xtb_tmp.xyz --chrg 2 --grad  --gfn 2 --etemp 500 --acc 0.1 --gbsa h2o --parallel 8 > xtb.out
  step:  65 bond rmsd: 0.011307
Running:  /home/lum/install/xtb/xtb-190329/bin/xtb  xtb_tmp.xyz --chrg 2 --grad  --gfn 2 --etemp 500 --acc 0.1 --gbsa h2o --parallel 8 > xtb.out
  step:  66 bond rmsd: 0.011309
Running:  /home/lum/install/xtb/xtb-190329/bin/xtb  xtb_tmp.xyz --chrg 2 --grad  --gfn 2 --etemp 500 --acc 0.1 --gbsa h2o --parallel 8 > xtb.out
  step:  67 bond rmsd: 0.011269
Running:  /home/lum/install/xtb/xtb-190329/bin/xtb  xtb_tmp.xyz --chrg 2 --grad  --gfn 2 --etemp 500 --acc 0.1 --gbsa h2o --parallel 8 > xtb.out
  step:  68 bond rmsd: 0.011230
Running:  /home/lum/install/xtb/xtb-190329/bin/xtb  xtb_tmp.xyz --chrg 2 --grad  --gfn 2 --etemp 500 --acc 0.1 --gbsa h2o --parallel 8 > xtb.out
  step:  69 bond rmsd: 0.011197
Running:  /home/lum/install/xtb/xtb-190329/bin/xtb  xtb_tmp.xyz --chrg 2 --grad  --gfn 2 --etemp 500 --acc 0.1 --gbsa h2o --parallel 8 > xtb.out
  step:  70 bond rmsd: 0.011397
Running:  /home/lum/install/xtb/xtb-190329/bin/xtb  xtb_tmp.xyz --chrg 2 --grad  --gfn 2 --etemp 500 --acc 0.1 --gbsa h2o --parallel 8 > xtb.out
  step:  71 bond rmsd: 0.011304
Running:  /home/lum/install/xtb/xtb-190329/bin/xtb  xtb_tmp.xyz --chrg 2 --grad  --gfn 2 --etemp 500 --acc 0.1 --gbsa h2o --parallel 8 > xtb.out
  step:  72 bond rmsd: 0.011335
Running:  /home/lum/install/xtb/xtb-190329/bin/xtb  xtb_tmp.xyz --chrg 2 --grad  --gfn 2 --etemp 500 --acc 0.1 --gbsa h2o --parallel 8 > xtb.out
  step:  73 bond rmsd: 0.011270
Running:  /home/lum/install/xtb/xtb-190329/bin/xtb  xtb_tmp.xyz --chrg 2 --grad  --gfn 2 --etemp 500 --acc 0.1 --gbsa h2o --parallel 8 > xtb.out
  step:  74 bond rmsd: 0.011294
Running:  /home/lum/install/xtb/xtb-190329/bin/xtb  xtb_tmp.xyz --chrg 2 --grad  --gfn 2 --etemp 500 --acc 0.1 --gbsa h2o --parallel 8 > xtb.out
  step:  75 bond rmsd: 0.011348
Running:  /home/lum/install/xtb/xtb-190329/bin/xtb  xtb_tmp.xyz --chrg 2 --grad  --gfn 2 --etemp 500 --acc 0.1 --gbsa h2o --parallel 8 > xtb.out
  step:  76 bond rmsd: 0.011266
Running:  /home/lum/install/xtb/xtb-190329/bin/xtb  xtb_tmp.xyz --chrg 2 --grad  --gfn 2 --etemp 500 --acc 0.1 --gbsa h2o --parallel 8 > xtb.out
  step:  77 bond rmsd: 0.011380
Running:  /home/lum/install/xtb/xtb-190329/bin/xtb  xtb_tmp.xyz --chrg 2 --grad  --gfn 2 --etemp 500 --acc 0.1 --gbsa h2o --parallel 8 > xtb.out
  step:  78 bond rmsd: 0.011287
Running:  /home/lum/install/xtb/xtb-190329/bin/xtb  xtb_tmp.xyz --chrg 2 --grad  --gfn 2 --etemp 500 --acc 0.1 --gbsa h2o --parallel 8 > xtb.out
  step:  79 bond rmsd: 0.011308
Running:  /home/lum/install/xtb/xtb-190329/bin/xtb  xtb_tmp.xyz --chrg 2 --grad  --gfn 2 --etemp 500 --acc 0.1 --gbsa h2o --parallel 8 > xtb.out
  step:  80 bond rmsd: 0.011312
Running:  /home/lum/install/xtb/xtb-190329/bin/xtb  xtb_tmp.xyz --chrg 2 --grad  --gfn 2 --etemp 500 --acc 0.1 --gbsa h2o --parallel 8 > xtb.out
  step:  81 bond rmsd: 0.011225
Running:  /home/lum/install/xtb/xtb-190329/bin/xtb  xtb_tmp.xyz --chrg 2 --grad  --gfn 2 --etemp 500 --acc 0.1 --gbsa h2o --parallel 8 > xtb.out
  step:  82 bond rmsd: 0.011320
Running:  /home/lum/install/xtb/xtb-190329/bin/xtb  xtb_tmp.xyz --chrg 2 --grad  --gfn 2 --etemp 500 --acc 0.1 --gbsa h2o --parallel 8 > xtb.out
  step:  83 bond rmsd: 0.011253
Running:  /home/lum/install/xtb/xtb-190329/bin/xtb  xtb_tmp.xyz --chrg 2 --grad  --gfn 2 --etemp 500 --acc 0.1 --gbsa h2o --parallel 8 > xtb.out
  step:  84 bond rmsd: 0.011268
Running:  /home/lum/install/xtb/xtb-190329/bin/xtb  xtb_tmp.xyz --chrg 2 --grad  --gfn 2 --etemp 500 --acc 0.1 --gbsa h2o --parallel 8 > xtb.out
  step:  85 bond rmsd: 0.011427
Running:  /home/lum/install/xtb/xtb-190329/bin/xtb  xtb_tmp.xyz --chrg 2 --grad  --gfn 2 --etemp 500 --acc 0.1 --gbsa h2o --parallel 8 > xtb.out
  step:  86 bond rmsd: 0.011366
Running:  /home/lum/install/xtb/xtb-190329/bin/xtb  xtb_tmp.xyz --chrg 2 --grad  --gfn 2 --etemp 500 --acc 0.1 --gbsa h2o --parallel 8 > xtb.out
  step:  87 bond rmsd: 0.011397
Running:  /home/lum/install/xtb/xtb-190329/bin/xtb  xtb_tmp.xyz --chrg 2 --grad  --gfn 2 --etemp 500 --acc 0.1 --gbsa h2o --parallel 8 > xtb.out
  step:  88 bond rmsd: 0.011360
Running:  /home/lum/install/xtb/xtb-190329/bin/xtb  xtb_tmp.xyz --chrg 2 --grad  --gfn 2 --etemp 500 --acc 0.1 --gbsa h2o --parallel 8 > xtb.out
  step:  89 bond rmsd: 0.011567
Running:  /home/lum/install/xtb/xtb-190329/bin/xtb  xtb_tmp.xyz --chrg 2 --grad  --gfn 2 --etemp 500 --acc 0.1 --gbsa h2o --parallel 8 > xtb.out
  step:  90 bond rmsd: 0.011443
Running:  /home/lum/install/xtb/xtb-190329/bin/xtb  xtb_tmp.xyz --chrg 2 --grad  --gfn 2 --etemp 500 --acc 0.1 --gbsa h2o --parallel 8 > xtb.out
  step:  91 bond rmsd: 0.011376
Running:  /home/lum/install/xtb/xtb-190329/bin/xtb  xtb_tmp.xyz --chrg 2 --grad  --gfn 2 --etemp 500 --acc 0.1 --gbsa h2o --parallel 8 > xtb.out
  step:  92 bond rmsd: 0.011326
Running:  /home/lum/install/xtb/xtb-190329/bin/xtb  xtb_tmp.xyz --chrg 2 --grad  --gfn 2 --etemp 500 --acc 0.1 --gbsa h2o --parallel 8 > xtb.out
  step:  93 bond rmsd: 0.011385
Running:  /home/lum/install/xtb/xtb-190329/bin/xtb  xtb_tmp.xyz --chrg 2 --grad  --gfn 2 --etemp 500 --acc 0.1 --gbsa h2o --parallel 8 > xtb.out
  step:  94 bond rmsd: 0.011341
Running:  /home/lum/install/xtb/xtb-190329/bin/xtb  xtb_tmp.xyz --chrg 2 --grad  --gfn 2 --etemp 500 --acc 0.1 --gbsa h2o --parallel 8 > xtb.out
  step:  95 bond rmsd: 0.011460
Running:  /home/lum/install/xtb/xtb-190329/bin/xtb  xtb_tmp.xyz --chrg 2 --grad  --gfn 2 --etemp 500 --acc 0.1 --gbsa h2o --parallel 8 > xtb.out
  step:  96 bond rmsd: 0.011447
Running:  /home/lum/install/xtb/xtb-190329/bin/xtb  xtb_tmp.xyz --chrg 2 --grad  --gfn 2 --etemp 500 --acc 0.1 --gbsa h2o --parallel 8 > xtb.out
  step:  97 bond rmsd: 0.011481
Running:  /home/lum/install/xtb/xtb-190329/bin/xtb  xtb_tmp.xyz --chrg 2 --grad  --gfn 2 --etemp 500 --acc 0.1 --gbsa h2o --parallel 8 > xtb.out
  step:  98 bond rmsd: 0.011561
Running:  /home/lum/install/xtb/xtb-190329/bin/xtb  xtb_tmp.xyz --chrg 2 --grad  --gfn 2 --etemp 500 --acc 0.1 --gbsa h2o --parallel 8 > xtb.out
  step:  99 bond rmsd: 0.011583
Running:  /home/lum/install/xtb/xtb-190329/bin/xtb  xtb_tmp.xyz --chrg 2 --grad  --gfn 2 --etemp 500 --acc 0.1 --gbsa h2o --parallel 8 > xtb.out
  step: 100 bond rmsd: 0.011648
Running:  /home/lum/install/xtb/xtb-190329/bin/xtb  xtb_tmp.xyz --chrg 2 --grad  --gfn 2 --etemp 500 --acc 0.1 --gbsa h2o --parallel 8 > xtb.out
  step: 101 bond rmsd: 0.011590
Running:  /home/lum/install/xtb/xtb-190329/bin/xtb  xtb_tmp.xyz --chrg 2 --grad  --gfn 2 --etemp 500 --acc 0.1 --gbsa h2o --parallel 8 > xtb.out
  step: 102 bond rmsd: 0.011537
Running:  /home/lum/install/xtb/xtb-190329/bin/xtb  xtb_tmp.xyz --chrg 2 --grad  --gfn 2 --etemp 500 --acc 0.1 --gbsa h2o --parallel 8 > xtb.out
  step: 103 bond rmsd: 0.011423
Running:  /home/lum/install/xtb/xtb-190329/bin/xtb  xtb_tmp.xyz --chrg 2 --grad  --gfn 2 --etemp 500 --acc 0.1 --gbsa h2o --parallel 8 > xtb.out
  step: 104 bond rmsd: 0.011410
Running:  /home/lum/install/xtb/xtb-190329/bin/xtb  xtb_tmp.xyz --chrg 2 --grad  --gfn 2 --etemp 500 --acc 0.1 --gbsa h2o --parallel 8 > xtb.out
  step: 105 bond rmsd: 0.011349
Running:  /home/lum/install/xtb/xtb-190329/bin/xtb  xtb_tmp.xyz --chrg 2 --grad  --gfn 2 --etemp 500 --acc 0.1 --gbsa h2o --parallel 8 > xtb.out
  step: 106 bond rmsd: 0.011395
Running:  /home/lum/install/xtb/xtb-190329/bin/xtb  xtb_tmp.xyz --chrg 2 --grad  --gfn 2 --etemp 500 --acc 0.1 --gbsa h2o --parallel 8 > xtb.out
  step: 107 bond rmsd: 0.011443
Running:  /home/lum/install/xtb/xtb-190329/bin/xtb  xtb_tmp.xyz --chrg 2 --grad  --gfn 2 --etemp 500 --acc 0.1 --gbsa h2o --parallel 8 > xtb.out
  step: 108 bond rmsd: 0.011518
Running:  /home/lum/install/xtb/xtb-190329/bin/xtb  xtb_tmp.xyz --chrg 2 --grad  --gfn 2 --etemp 500 --acc 0.1 --gbsa h2o --parallel 8 > xtb.out
  step: 109 bond rmsd: 0.011538
Running:  /home/lum/install/xtb/xtb-190329/bin/xtb  xtb_tmp.xyz --chrg 2 --grad  --gfn 2 --etemp 500 --acc 0.1 --gbsa h2o --parallel 8 > xtb.out
  step: 110 bond rmsd: 0.011528
Running:  /home/lum/install/xtb/xtb-190329/bin/xtb  xtb_tmp.xyz --chrg 2 --grad  --gfn 2 --etemp 500 --acc 0.1 --gbsa h2o --parallel 8 > xtb.out
  step: 111 bond rmsd: 0.011531
Running:  /home/lum/install/xtb/xtb-190329/bin/xtb  xtb_tmp.xyz --chrg 2 --grad  --gfn 2 --etemp 500 --acc 0.1 --gbsa h2o --parallel 8 > xtb.out
  step: 112 bond rmsd: 0.011521
Running:  /home/lum/install/xtb/xtb-190329/bin/xtb  xtb_tmp.xyz --chrg 2 --grad  --gfn 2 --etemp 500 --acc 0.1 --gbsa h2o --parallel 8 > xtb.out
  step: 113 bond rmsd: 0.011502
Running:  /home/lum/install/xtb/xtb-190329/bin/xtb  xtb_tmp.xyz --chrg 2 --grad  --gfn 2 --etemp 500 --acc 0.1 --gbsa h2o --parallel 8 > xtb.out
  step: 114 bond rmsd: 0.011406
Running:  /home/lum/install/xtb/xtb-190329/bin/xtb  xtb_tmp.xyz --chrg 2 --grad  --gfn 2 --etemp 500 --acc 0.1 --gbsa h2o --parallel 8 > xtb.out
  step: 115 bond rmsd: 0.011390
Running:  /home/lum/install/xtb/xtb-190329/bin/xtb  xtb_tmp.xyz --chrg 2 --grad  --gfn 2 --etemp 500 --acc 0.1 --gbsa h2o --parallel 8 > xtb.out
  step: 116 bond rmsd: 0.011260
Running:  /home/lum/install/xtb/xtb-190329/bin/xtb  xtb_tmp.xyz --chrg 2 --grad  --gfn 2 --etemp 500 --acc 0.1 --gbsa h2o --parallel 8 > xtb.out
  step: 117 bond rmsd: 0.011230
Running:  /home/lum/install/xtb/xtb-190329/bin/xtb  xtb_tmp.xyz --chrg 2 --grad  --gfn 2 --etemp 500 --acc 0.1 --gbsa h2o --parallel 8 > xtb.out
  step: 118 bond rmsd: 0.011140
Running:  /home/lum/install/xtb/xtb-190329/bin/xtb  xtb_tmp.xyz --chrg 2 --grad  --gfn 2 --etemp 500 --acc 0.1 --gbsa h2o --parallel 8 > xtb.out
  step: 119 bond rmsd: 0.011143
Running:  /home/lum/install/xtb/xtb-190329/bin/xtb  xtb_tmp.xyz --chrg 2 --grad  --gfn 2 --etemp 500 --acc 0.1 --gbsa h2o --parallel 8 > xtb.out
  step: 120 bond rmsd: 0.011178
Running:  /home/lum/install/xtb/xtb-190329/bin/xtb  xtb_tmp.xyz --chrg 2 --grad  --gfn 2 --etemp 500 --acc 0.1 --gbsa h2o --parallel 8 > xtb.out
  step: 121 bond rmsd: 0.011233
Running:  /home/lum/install/xtb/xtb-190329/bin/xtb  xtb_tmp.xyz --chrg 2 --grad  --gfn 2 --etemp 500 --acc 0.1 --gbsa h2o --parallel 8 > xtb.out
  step: 122 bond rmsd: 0.011222
Running:  /home/lum/install/xtb/xtb-190329/bin/xtb  xtb_tmp.xyz --chrg 2 --grad  --gfn 2 --etemp 500 --acc 0.1 --gbsa h2o --parallel 8 > xtb.out
  step: 123 bond rmsd: 0.011249
Running:  /home/lum/install/xtb/xtb-190329/bin/xtb  xtb_tmp.xyz --chrg 2 --grad  --gfn 2 --etemp 500 --acc 0.1 --gbsa h2o --parallel 8 > xtb.out
  step: 124 bond rmsd: 0.011296
Running:  /home/lum/install/xtb/xtb-190329/bin/xtb  xtb_tmp.xyz --chrg 2 --grad  --gfn 2 --etemp 500 --acc 0.1 --gbsa h2o --parallel 8 > xtb.out
  step: 125 bond rmsd: 0.011312
Running:  /home/lum/install/xtb/xtb-190329/bin/xtb  xtb_tmp.xyz --chrg 2 --grad  --gfn 2 --etemp 500 --acc 0.1 --gbsa h2o --parallel 8 > xtb.out
  step: 126 bond rmsd: 0.011287
Running:  /home/lum/install/xtb/xtb-190329/bin/xtb  xtb_tmp.xyz --chrg 2 --grad  --gfn 2 --etemp 500 --acc 0.1 --gbsa h2o --parallel 8 > xtb.out
  step: 127 bond rmsd: 0.011269
Running:  /home/lum/install/xtb/xtb-190329/bin/xtb  xtb_tmp.xyz --chrg 2 --grad  --gfn 2 --etemp 500 --acc 0.1 --gbsa h2o --parallel 8 > xtb.out
  step: 128 bond rmsd: 0.011212
Running:  /home/lum/install/xtb/xtb-190329/bin/xtb  xtb_tmp.xyz --chrg 2 --grad  --gfn 2 --etemp 500 --acc 0.1 --gbsa h2o --parallel 8 > xtb.out
  step: 129 bond rmsd: 0.011212
Running:  /home/lum/install/xtb/xtb-190329/bin/xtb  xtb_tmp.xyz --chrg 2 --grad  --gfn 2 --etemp 500 --acc 0.1 --gbsa h2o --parallel 8 > xtb.out
  step: 130 bond rmsd: 0.011204
Running:  /home/lum/install/xtb/xtb-190329/bin/xtb  xtb_tmp.xyz --chrg 2 --grad  --gfn 2 --etemp 500 --acc 0.1 --gbsa h2o --parallel 8 > xtb.out
  step: 131 bond rmsd: 0.011185
Running:  /home/lum/install/xtb/xtb-190329/bin/xtb  xtb_tmp.xyz --chrg 2 --grad  --gfn 2 --etemp 500 --acc 0.1 --gbsa h2o --parallel 8 > xtb.out
  step: 132 bond rmsd: 0.011181
Running:  /home/lum/install/xtb/xtb-190329/bin/xtb  xtb_tmp.xyz --chrg 2 --grad  --gfn 2 --etemp 500 --acc 0.1 --gbsa h2o --parallel 8 > xtb.out
  step: 133 bond rmsd: 0.011146
Running:  /home/lum/install/xtb/xtb-190329/bin/xtb  xtb_tmp.xyz --chrg 2 --grad  --gfn 2 --etemp 500 --acc 0.1 --gbsa h2o --parallel 8 > xtb.out
  step: 134 bond rmsd: 0.011157
Running:  /home/lum/install/xtb/xtb-190329/bin/xtb  xtb_tmp.xyz --chrg 2 --grad  --gfn 2 --etemp 500 --acc 0.1 --gbsa h2o --parallel 8 > xtb.out
  step: 135 bond rmsd: 0.011093
Running:  /home/lum/install/xtb/xtb-190329/bin/xtb  xtb_tmp.xyz --chrg 2 --grad  --gfn 2 --etemp 500 --acc 0.1 --gbsa h2o --parallel 8 > xtb.out
  step: 136 bond rmsd: 0.011139
Running:  /home/lum/install/xtb/xtb-190329/bin/xtb  xtb_tmp.xyz --chrg 2 --grad  --gfn 2 --etemp 500 --acc 0.1 --gbsa h2o --parallel 8 > xtb.out
  step: 137 bond rmsd: 0.011117
Running:  /home/lum/install/xtb/xtb-190329/bin/xtb  xtb_tmp.xyz --chrg 2 --grad  --gfn 2 --etemp 500 --acc 0.1 --gbsa h2o --parallel 8 > xtb.out
  step: 138 bond rmsd: 0.011204
Running:  /home/lum/install/xtb/xtb-190329/bin/xtb  xtb_tmp.xyz --chrg 2 --grad  --gfn 2 --etemp 500 --acc 0.1 --gbsa h2o --parallel 8 > xtb.out
  step: 139 bond rmsd: 0.011091
Running:  /home/lum/install/xtb/xtb-190329/bin/xtb  xtb_tmp.xyz --chrg 2 --grad  --gfn 2 --etemp 500 --acc 0.1 --gbsa h2o --parallel 8 > xtb.out
  step: 140 bond rmsd: 0.011115
Running:  /home/lum/install/xtb/xtb-190329/bin/xtb  xtb_tmp.xyz --chrg 2 --grad  --gfn 2 --etemp 500 --acc 0.1 --gbsa h2o --parallel 8 > xtb.out
  step: 141 bond rmsd: 0.011131
Running:  /home/lum/install/xtb/xtb-190329/bin/xtb  xtb_tmp.xyz --chrg 2 --grad  --gfn 2 --etemp 500 --acc 0.1 --gbsa h2o --parallel 8 > xtb.out
  step: 142 bond rmsd: 0.011103
Running:  /home/lum/install/xtb/xtb-190329/bin/xtb  xtb_tmp.xyz --chrg 2 --grad  --gfn 2 --etemp 500 --acc 0.1 --gbsa h2o --parallel 8 > xtb.out
  step: 143 bond rmsd: 0.011136
Running:  /home/lum/install/xtb/xtb-190329/bin/xtb  xtb_tmp.xyz --chrg 2 --grad  --gfn 2 --etemp 500 --acc 0.1 --gbsa h2o --parallel 8 > xtb.out
  step: 144 bond rmsd: 0.011148
Running:  /home/lum/install/xtb/xtb-190329/bin/xtb  xtb_tmp.xyz --chrg 2 --grad  --gfn 2 --etemp 500 --acc 0.1 --gbsa h2o --parallel 8 > xtb.out
  step: 145 bond rmsd: 0.011178
Running:  /home/lum/install/xtb/xtb-190329/bin/xtb  xtb_tmp.xyz --chrg 2 --grad  --gfn 2 --etemp 500 --acc 0.1 --gbsa h2o --parallel 8 > xtb.out
  step: 146 bond rmsd: 0.011159
Running:  /home/lum/install/xtb/xtb-190329/bin/xtb  xtb_tmp.xyz --chrg 2 --grad  --gfn 2 --etemp 500 --acc 0.1 --gbsa h2o --parallel 8 > xtb.out
  step: 147 bond rmsd: 0.011130
Running:  /home/lum/install/xtb/xtb-190329/bin/xtb  xtb_tmp.xyz --chrg 2 --grad  --gfn 2 --etemp 500 --acc 0.1 --gbsa h2o --parallel 8 > xtb.out
  step: 148 bond rmsd: 0.011079
Running:  /home/lum/install/xtb/xtb-190329/bin/xtb  xtb_tmp.xyz --chrg 2 --grad  --gfn 2 --etemp 500 --acc 0.1 --gbsa h2o --parallel 8 > xtb.out
  step: 149 bond rmsd: 0.011076
Running:  /home/lum/install/xtb/xtb-190329/bin/xtb  xtb_tmp.xyz --chrg 2 --grad  --gfn 2 --etemp 500 --acc 0.1 --gbsa h2o --parallel 8 > xtb.out
  step: 150 bond rmsd: 0.011070
Running:  /home/lum/install/xtb/xtb-190329/bin/xtb  xtb_tmp.xyz --chrg 2 --grad  --gfn 2 --etemp 500 --acc 0.1 --gbsa h2o --parallel 8 > xtb.out
  step: 151 bond rmsd: 0.011095
Running:  /home/lum/install/xtb/xtb-190329/bin/xtb  xtb_tmp.xyz --chrg 2 --grad  --gfn 2 --etemp 500 --acc 0.1 --gbsa h2o --parallel 8 > xtb.out
  step: 152 bond rmsd: 0.011138
Running:  /home/lum/install/xtb/xtb-190329/bin/xtb  xtb_tmp.xyz --chrg 2 --grad  --gfn 2 --etemp 500 --acc 0.1 --gbsa h2o --parallel 8 > xtb.out
  step: 153 bond rmsd: 0.011183
Running:  /home/lum/install/xtb/xtb-190329/bin/xtb  xtb_tmp.xyz --chrg 2 --grad  --gfn 2 --etemp 500 --acc 0.1 --gbsa h2o --parallel 8 > xtb.out
  step: 154 bond rmsd: 0.011198
Running:  /home/lum/install/xtb/xtb-190329/bin/xtb  xtb_tmp.xyz --chrg 2 --grad  --gfn 2 --etemp 500 --acc 0.1 --gbsa h2o --parallel 8 > xtb.out
  step: 155 bond rmsd: 0.011228
Running:  /home/lum/install/xtb/xtb-190329/bin/xtb  xtb_tmp.xyz --chrg 2 --grad  --gfn 2 --etemp 500 --acc 0.1 --gbsa h2o --parallel 8 > xtb.out
  step: 156 bond rmsd: 0.011189
Running:  /home/lum/install/xtb/xtb-190329/bin/xtb  xtb_tmp.xyz --chrg 2 --grad  --gfn 2 --etemp 500 --acc 0.1 --gbsa h2o --parallel 8 > xtb.out
  step: 157 bond rmsd: 0.011131
Running:  /home/lum/install/xtb/xtb-190329/bin/xtb  xtb_tmp.xyz --chrg 2 --grad  --gfn 2 --etemp 500 --acc 0.1 --gbsa h2o --parallel 8 > xtb.out
  step: 158 bond rmsd: 0.011100
Running:  /home/lum/install/xtb/xtb-190329/bin/xtb  xtb_tmp.xyz --chrg 2 --grad  --gfn 2 --etemp 500 --acc 0.1 --gbsa h2o --parallel 8 > xtb.out
  step: 159 bond rmsd: 0.011086
Running:  /home/lum/install/xtb/xtb-190329/bin/xtb  xtb_tmp.xyz --chrg 2 --grad  --gfn 2 --etemp 500 --acc 0.1 --gbsa h2o --parallel 8 > xtb.out
  step: 160 bond rmsd: 0.011096
Running:  /home/lum/install/xtb/xtb-190329/bin/xtb  xtb_tmp.xyz --chrg 2 --grad  --gfn 2 --etemp 500 --acc 0.1 --gbsa h2o --parallel 8 > xtb.out
  step: 161 bond rmsd: 0.011099
Running:  /home/lum/install/xtb/xtb-190329/bin/xtb  xtb_tmp.xyz --chrg 2 --grad  --gfn 2 --etemp 500 --acc 0.1 --gbsa h2o --parallel 8 > xtb.out
  step: 162 bond rmsd: 0.011099
Running:  /home/lum/install/xtb/xtb-190329/bin/xtb  xtb_tmp.xyz --chrg 2 --grad  --gfn 2 --etemp 500 --acc 0.1 --gbsa h2o --parallel 8 > xtb.out
  step: 163 bond rmsd: 0.011100
Running:  /home/lum/install/xtb/xtb-190329/bin/xtb  xtb_tmp.xyz --chrg 2 --grad  --gfn 2 --etemp 500 --acc 0.1 --gbsa h2o --parallel 8 > xtb.out
  step: 164 bond rmsd: 0.011094
Running:  /home/lum/install/xtb/xtb-190329/bin/xtb  xtb_tmp.xyz --chrg 2 --grad  --gfn 2 --etemp 500 --acc 0.1 --gbsa h2o --parallel 8 > xtb.out
  step: 165 bond rmsd: 0.011090
Running:  /home/lum/install/xtb/xtb-190329/bin/xtb  xtb_tmp.xyz --chrg 2 --grad  --gfn 2 --etemp 500 --acc 0.1 --gbsa h2o --parallel 8 > xtb.out
  step: 166 bond rmsd: 0.011107
Running:  /home/lum/install/xtb/xtb-190329/bin/xtb  xtb_tmp.xyz --chrg 2 --grad  --gfn 2 --etemp 500 --acc 0.1 --gbsa h2o --parallel 8 > xtb.out
  step: 167 bond rmsd: 0.011153
Running:  /home/lum/install/xtb/xtb-190329/bin/xtb  xtb_tmp.xyz --chrg 2 --grad  --gfn 2 --etemp 500 --acc 0.1 --gbsa h2o --parallel 8 > xtb.out
  step: 168 bond rmsd: 0.011172
Running:  /home/lum/install/xtb/xtb-190329/bin/xtb  xtb_tmp.xyz --chrg 2 --grad  --gfn 2 --etemp 500 --acc 0.1 --gbsa h2o --parallel 8 > xtb.out
  step: 169 bond rmsd: 0.011191
Running:  /home/lum/install/xtb/xtb-190329/bin/xtb  xtb_tmp.xyz --chrg 2 --grad  --gfn 2 --etemp 500 --acc 0.1 --gbsa h2o --parallel 8 > xtb.out
  step: 170 bond rmsd: 0.011212
Running:  /home/lum/install/xtb/xtb-190329/bin/xtb  xtb_tmp.xyz --chrg 2 --grad  --gfn 2 --etemp 500 --acc 0.1 --gbsa h2o --parallel 8 > xtb.out
  step: 171 bond rmsd: 0.011207
Running:  /home/lum/install/xtb/xtb-190329/bin/xtb  xtb_tmp.xyz --chrg 2 --grad  --gfn 2 --etemp 500 --acc 0.1 --gbsa h2o --parallel 8 > xtb.out
  step: 172 bond rmsd: 0.011185
Running:  /home/lum/install/xtb/xtb-190329/bin/xtb  xtb_tmp.xyz --chrg 2 --grad  --gfn 2 --etemp 500 --acc 0.1 --gbsa h2o --parallel 8 > xtb.out
  step: 173 bond rmsd: 0.011146
Running:  /home/lum/install/xtb/xtb-190329/bin/xtb  xtb_tmp.xyz --chrg 2 --grad  --gfn 2 --etemp 500 --acc 0.1 --gbsa h2o --parallel 8 > xtb.out
  step: 174 bond rmsd: 0.011147
Running:  /home/lum/install/xtb/xtb-190329/bin/xtb  xtb_tmp.xyz --chrg 2 --grad  --gfn 2 --etemp 500 --acc 0.1 --gbsa h2o --parallel 8 > xtb.out
  step: 175 bond rmsd: 0.011100
Running:  /home/lum/install/xtb/xtb-190329/bin/xtb  xtb_tmp.xyz --chrg 2 --grad  --gfn 2 --etemp 500 --acc 0.1 --gbsa h2o --parallel 8 > xtb.out
  step: 176 bond rmsd: 0.011075
Running:  /home/lum/install/xtb/xtb-190329/bin/xtb  xtb_tmp.xyz --chrg 2 --grad  --gfn 2 --etemp 500 --acc 0.1 --gbsa h2o --parallel 8 > xtb.out
  step: 177 bond rmsd: 0.011052
Running:  /home/lum/install/xtb/xtb-190329/bin/xtb  xtb_tmp.xyz --chrg 2 --grad  --gfn 2 --etemp 500 --acc 0.1 --gbsa h2o --parallel 8 > xtb.out
  step: 178 bond rmsd: 0.011059
Running:  /home/lum/install/xtb/xtb-190329/bin/xtb  xtb_tmp.xyz --chrg 2 --grad  --gfn 2 --etemp 500 --acc 0.1 --gbsa h2o --parallel 8 > xtb.out
  step: 179 bond rmsd: 0.011080
Running:  /home/lum/install/xtb/xtb-190329/bin/xtb  xtb_tmp.xyz --chrg 2 --grad  --gfn 2 --etemp 500 --acc 0.1 --gbsa h2o --parallel 8 > xtb.out
  step: 180 bond rmsd: 0.011087
Running:  /home/lum/install/xtb/xtb-190329/bin/xtb  xtb_tmp.xyz --chrg 2 --grad  --gfn 2 --etemp 500 --acc 0.1 --gbsa h2o --parallel 8 > xtb.out
  step: 181 bond rmsd: 0.011137
Running:  /home/lum/install/xtb/xtb-190329/bin/xtb  xtb_tmp.xyz --chrg 2 --grad  --gfn 2 --etemp 500 --acc 0.1 --gbsa h2o --parallel 8 > xtb.out
  step: 182 bond rmsd: 0.011170
Running:  /home/lum/install/xtb/xtb-190329/bin/xtb  xtb_tmp.xyz --chrg 2 --grad  --gfn 2 --etemp 500 --acc 0.1 --gbsa h2o --parallel 8 > xtb.out
  step: 183 bond rmsd: 0.011205
Running:  /home/lum/install/xtb/xtb-190329/bin/xtb  xtb_tmp.xyz --chrg 2 --grad  --gfn 2 --etemp 500 --acc 0.1 --gbsa h2o --parallel 8 > xtb.out
  step: 184 bond rmsd: 0.011192
Running:  /home/lum/install/xtb/xtb-190329/bin/xtb  xtb_tmp.xyz --chrg 2 --grad  --gfn 2 --etemp 500 --acc 0.1 --gbsa h2o --parallel 8 > xtb.out
  step: 185 bond rmsd: 0.011164
Running:  /home/lum/install/xtb/xtb-190329/bin/xtb  xtb_tmp.xyz --chrg 2 --grad  --gfn 2 --etemp 500 --acc 0.1 --gbsa h2o --parallel 8 > xtb.out
  step: 186 bond rmsd: 0.011192
Running:  /home/lum/install/xtb/xtb-190329/bin/xtb  xtb_tmp.xyz --chrg 2 --grad  --gfn 2 --etemp 500 --acc 0.1 --gbsa h2o --parallel 8 > xtb.out
  step: 187 bond rmsd: 0.011133
Running:  /home/lum/install/xtb/xtb-190329/bin/xtb  xtb_tmp.xyz --chrg 2 --grad  --gfn 2 --etemp 500 --acc 0.1 --gbsa h2o --parallel 8 > xtb.out
  step: 188 bond rmsd: 0.011088
Running:  /home/lum/install/xtb/xtb-190329/bin/xtb  xtb_tmp.xyz --chrg 2 --grad  --gfn 2 --etemp 500 --acc 0.1 --gbsa h2o --parallel 8 > xtb.out
  step: 189 bond rmsd: 0.011050
Running:  /home/lum/install/xtb/xtb-190329/bin/xtb  xtb_tmp.xyz --chrg 2 --grad  --gfn 2 --etemp 500 --acc 0.1 --gbsa h2o --parallel 8 > xtb.out
  step: 190 bond rmsd: 0.011007
Running:  /home/lum/install/xtb/xtb-190329/bin/xtb  xtb_tmp.xyz --chrg 2 --grad  --gfn 2 --etemp 500 --acc 0.1 --gbsa h2o --parallel 8 > xtb.out
  step: 191 bond rmsd: 0.010988
Running:  /home/lum/install/xtb/xtb-190329/bin/xtb  xtb_tmp.xyz --chrg 2 --grad  --gfn 2 --etemp 500 --acc 0.1 --gbsa h2o --parallel 8 > xtb.out
  step: 192 bond rmsd: 0.010955
Running:  /home/lum/install/xtb/xtb-190329/bin/xtb  xtb_tmp.xyz --chrg 2 --grad  --gfn 2 --etemp 500 --acc 0.1 --gbsa h2o --parallel 8 > xtb.out
  step: 193 bond rmsd: 0.011037
Running:  /home/lum/install/xtb/xtb-190329/bin/xtb  xtb_tmp.xyz --chrg 2 --grad  --gfn 2 --etemp 500 --acc 0.1 --gbsa h2o --parallel 8 > xtb.out
  step: 194 bond rmsd: 0.011007
Running:  /home/lum/install/xtb/xtb-190329/bin/xtb  xtb_tmp.xyz --chrg 2 --grad  --gfn 2 --etemp 500 --acc 0.1 --gbsa h2o --parallel 8 > xtb.out
  step: 195 bond rmsd: 0.011028
Running:  /home/lum/install/xtb/xtb-190329/bin/xtb  xtb_tmp.xyz --chrg 2 --grad  --gfn 2 --etemp 500 --acc 0.1 --gbsa h2o --parallel 8 > xtb.out
  step: 196 bond rmsd: 0.011036
Running:  /home/lum/install/xtb/xtb-190329/bin/xtb  xtb_tmp.xyz --chrg 2 --grad  --gfn 2 --etemp 500 --acc 0.1 --gbsa h2o --parallel 8 > xtb.out
  step: 197 bond rmsd: 0.011059
Running:  /home/lum/install/xtb/xtb-190329/bin/xtb  xtb_tmp.xyz --chrg 2 --grad  --gfn 2 --etemp 500 --acc 0.1 --gbsa h2o --parallel 8 > xtb.out
  step: 198 bond rmsd: 0.011135
Running:  /home/lum/install/xtb/xtb-190329/bin/xtb  xtb_tmp.xyz --chrg 2 --grad  --gfn 2 --etemp 500 --acc 0.1 --gbsa h2o --parallel 8 > xtb.out
  step: 199 bond rmsd: 0.011077
Running:  /home/lum/install/xtb/xtb-190329/bin/xtb  xtb_tmp.xyz --chrg 2 --grad  --gfn 2 --etemp 500 --acc 0.1 --gbsa h2o --parallel 8 > xtb.out
  step: 200 bond rmsd: 0.011042
Running:  /home/lum/install/xtb/xtb-190329/bin/xtb  xtb_tmp.xyz --chrg 2 --grad  --gfn 2 --etemp 500 --acc 0.1 --gbsa h2o --parallel 8 > xtb.out
  step: 201 bond rmsd: 0.011027
Running:  /home/lum/install/xtb/xtb-190329/bin/xtb  xtb_tmp.xyz --chrg 2 --grad  --gfn 2 --etemp 500 --acc 0.1 --gbsa h2o --parallel 8 > xtb.out
  step: 202 bond rmsd: 0.011023
Running:  /home/lum/install/xtb/xtb-190329/bin/xtb  xtb_tmp.xyz --chrg 2 --grad  --gfn 2 --etemp 500 --acc 0.1 --gbsa h2o --parallel 8 > xtb.out
  step: 203 bond rmsd: 0.010971
Running:  /home/lum/install/xtb/xtb-190329/bin/xtb  xtb_tmp.xyz --chrg 2 --grad  --gfn 2 --etemp 500 --acc 0.1 --gbsa h2o --parallel 8 > xtb.out
  step: 204 bond rmsd: 0.010940
Running:  /home/lum/install/xtb/xtb-190329/bin/xtb  xtb_tmp.xyz --chrg 2 --grad  --gfn 2 --etemp 500 --acc 0.1 --gbsa h2o --parallel 8 > xtb.out
  step: 205 bond rmsd: 0.010913
Running:  /home/lum/install/xtb/xtb-190329/bin/xtb  xtb_tmp.xyz --chrg 2 --grad  --gfn 2 --etemp 500 --acc 0.1 --gbsa h2o --parallel 8 > xtb.out
  step: 206 bond rmsd: 0.011007
Running:  /home/lum/install/xtb/xtb-190329/bin/xtb  xtb_tmp.xyz --chrg 2 --grad  --gfn 2 --etemp 500 --acc 0.1 --gbsa h2o --parallel 8 > xtb.out
  step: 207 bond rmsd: 0.011005
Running:  /home/lum/install/xtb/xtb-190329/bin/xtb  xtb_tmp.xyz --chrg 2 --grad  --gfn 2 --etemp 500 --acc 0.1 --gbsa h2o --parallel 8 > xtb.out
  step: 208 bond rmsd: 0.011028
Running:  /home/lum/install/xtb/xtb-190329/bin/xtb  xtb_tmp.xyz --chrg 2 --grad  --gfn 2 --etemp 500 --acc 0.1 --gbsa h2o --parallel 8 > xtb.out
  step: 209 bond rmsd: 0.011001
Running:  /home/lum/install/xtb/xtb-190329/bin/xtb  xtb_tmp.xyz --chrg 2 --grad  --gfn 2 --etemp 500 --acc 0.1 --gbsa h2o --parallel 8 > xtb.out
  step: 210 bond rmsd: 0.010959
Running:  /home/lum/install/xtb/xtb-190329/bin/xtb  xtb_tmp.xyz --chrg 2 --grad  --gfn 2 --etemp 500 --acc 0.1 --gbsa h2o --parallel 8 > xtb.out
  step: 211 bond rmsd: 0.010911
Running:  /home/lum/install/xtb/xtb-190329/bin/xtb  xtb_tmp.xyz --chrg 2 --grad  --gfn 2 --etemp 500 --acc 0.1 --gbsa h2o --parallel 8 > xtb.out
  step: 212 bond rmsd: 0.010922
Running:  /home/lum/install/xtb/xtb-190329/bin/xtb  xtb_tmp.xyz --chrg 2 --grad  --gfn 2 --etemp 500 --acc 0.1 --gbsa h2o --parallel 8 > xtb.out
  step: 213 bond rmsd: 0.010944
Running:  /home/lum/install/xtb/xtb-190329/bin/xtb  xtb_tmp.xyz --chrg 2 --grad  --gfn 2 --etemp 500 --acc 0.1 --gbsa h2o --parallel 8 > xtb.out
  step: 214 bond rmsd: 0.011014
Running:  /home/lum/install/xtb/xtb-190329/bin/xtb  xtb_tmp.xyz --chrg 2 --grad  --gfn 2 --etemp 500 --acc 0.1 --gbsa h2o --parallel 8 > xtb.out
  step: 215 bond rmsd: 0.011056
Running:  /home/lum/install/xtb/xtb-190329/bin/xtb  xtb_tmp.xyz --chrg 2 --grad  --gfn 2 --etemp 500 --acc 0.1 --gbsa h2o --parallel 8 > xtb.out
  step: 216 bond rmsd: 0.011113
Running:  /home/lum/install/xtb/xtb-190329/bin/xtb  xtb_tmp.xyz --chrg 2 --grad  --gfn 2 --etemp 500 --acc 0.1 --gbsa h2o --parallel 8 > xtb.out
  step: 217 bond rmsd: 0.011030
Running:  /home/lum/install/xtb/xtb-190329/bin/xtb  xtb_tmp.xyz --chrg 2 --grad  --gfn 2 --etemp 500 --acc 0.1 --gbsa h2o --parallel 8 > xtb.out
  step: 218 bond rmsd: 0.010990
Running:  /home/lum/install/xtb/xtb-190329/bin/xtb  xtb_tmp.xyz --chrg 2 --grad  --gfn 2 --etemp 500 --acc 0.1 --gbsa h2o --parallel 8 > xtb.out
  step: 219 bond rmsd: 0.010949
Running:  /home/lum/install/xtb/xtb-190329/bin/xtb  xtb_tmp.xyz --chrg 2 --grad  --gfn 2 --etemp 500 --acc 0.1 --gbsa h2o --parallel 8 > xtb.out
  step: 220 bond rmsd: 0.010935
Running:  /home/lum/install/xtb/xtb-190329/bin/xtb  xtb_tmp.xyz --chrg 2 --grad  --gfn 2 --etemp 500 --acc 0.1 --gbsa h2o --parallel 8 > xtb.out
  step: 221 bond rmsd: 0.010927
Running:  /home/lum/install/xtb/xtb-190329/bin/xtb  xtb_tmp.xyz --chrg 2 --grad  --gfn 2 --etemp 500 --acc 0.1 --gbsa h2o --parallel 8 > xtb.out
  step: 222 bond rmsd: 0.010948
Running:  /home/lum/install/xtb/xtb-190329/bin/xtb  xtb_tmp.xyz --chrg 2 --grad  --gfn 2 --etemp 500 --acc 0.1 --gbsa h2o --parallel 8 > xtb.out
  step: 223 bond rmsd: 0.010937
Running:  /home/lum/install/xtb/xtb-190329/bin/xtb  xtb_tmp.xyz --chrg 2 --grad  --gfn 2 --etemp 500 --acc 0.1 --gbsa h2o --parallel 8 > xtb.out
  step: 224 bond rmsd: 0.010954
Running:  /home/lum/install/xtb/xtb-190329/bin/xtb  xtb_tmp.xyz --chrg 2 --grad  --gfn 2 --etemp 500 --acc 0.1 --gbsa h2o --parallel 8 > xtb.out
  step: 225 bond rmsd: 0.010957
Running:  /home/lum/install/xtb/xtb-190329/bin/xtb  xtb_tmp.xyz --chrg 2 --grad  --gfn 2 --etemp 500 --acc 0.1 --gbsa h2o --parallel 8 > xtb.out
  step: 226 bond rmsd: 0.010996
Running:  /home/lum/install/xtb/xtb-190329/bin/xtb  xtb_tmp.xyz --chrg 2 --grad  --gfn 2 --etemp 500 --acc 0.1 --gbsa h2o --parallel 8 > xtb.out
  step: 227 bond rmsd: 0.010928
Running:  /home/lum/install/xtb/xtb-190329/bin/xtb  xtb_tmp.xyz --chrg 2 --grad  --gfn 2 --etemp 500 --acc 0.1 --gbsa h2o --parallel 8 > xtb.out
  step: 228 bond rmsd: 0.010798
Running:  /home/lum/install/xtb/xtb-190329/bin/xtb  xtb_tmp.xyz --chrg 2 --grad  --gfn 2 --etemp 500 --acc 0.1 --gbsa h2o --parallel 8 > xtb.out
  step: 229 bond rmsd: 0.010864
Running:  /home/lum/install/xtb/xtb-190329/bin/xtb  xtb_tmp.xyz --chrg 2 --grad  --gfn 2 --etemp 500 --acc 0.1 --gbsa h2o --parallel 8 > xtb.out
  step: 230 bond rmsd: 0.010848
Running:  /home/lum/install/xtb/xtb-190329/bin/xtb  xtb_tmp.xyz --chrg 2 --grad  --gfn 2 --etemp 500 --acc 0.1 --gbsa h2o --parallel 8 > xtb.out
  step: 231 bond rmsd: 0.010895
Running:  /home/lum/install/xtb/xtb-190329/bin/xtb  xtb_tmp.xyz --chrg 2 --grad  --gfn 2 --etemp 500 --acc 0.1 --gbsa h2o --parallel 8 > xtb.out
  step: 232 bond rmsd: 0.010905
Running:  /home/lum/install/xtb/xtb-190329/bin/xtb  xtb_tmp.xyz --chrg 2 --grad  --gfn 2 --etemp 500 --acc 0.1 --gbsa h2o --parallel 8 > xtb.out
  step: 233 bond rmsd: 0.010913
Running:  /home/lum/install/xtb/xtb-190329/bin/xtb  xtb_tmp.xyz --chrg 2 --grad  --gfn 2 --etemp 500 --acc 0.1 --gbsa h2o --parallel 8 > xtb.out
  step: 234 bond rmsd: 0.010938
Running:  /home/lum/install/xtb/xtb-190329/bin/xtb  xtb_tmp.xyz --chrg 2 --grad  --gfn 2 --etemp 500 --acc 0.1 --gbsa h2o --parallel 8 > xtb.out
  step: 235 bond rmsd: 0.010989
Running:  /home/lum/install/xtb/xtb-190329/bin/xtb  xtb_tmp.xyz --chrg 2 --grad  --gfn 2 --etemp 500 --acc 0.1 --gbsa h2o --parallel 8 > xtb.out
  step: 236 bond rmsd: 0.011046
Running:  /home/lum/install/xtb/xtb-190329/bin/xtb  xtb_tmp.xyz --chrg 2 --grad  --gfn 2 --etemp 500 --acc 0.1 --gbsa h2o --parallel 8 > xtb.out
  step: 237 bond rmsd: 0.011021
Running:  /home/lum/install/xtb/xtb-190329/bin/xtb  xtb_tmp.xyz --chrg 2 --grad  --gfn 2 --etemp 500 --acc 0.1 --gbsa h2o --parallel 8 > xtb.out
  step: 238 bond rmsd: 0.010945
Running:  /home/lum/install/xtb/xtb-190329/bin/xtb  xtb_tmp.xyz --chrg 2 --grad  --gfn 2 --etemp 500 --acc 0.1 --gbsa h2o --parallel 8 > xtb.out
  step: 239 bond rmsd: 0.010899
Running:  /home/lum/install/xtb/xtb-190329/bin/xtb  xtb_tmp.xyz --chrg 2 --grad  --gfn 2 --etemp 500 --acc 0.1 --gbsa h2o --parallel 8 > xtb.out
  step: 240 bond rmsd: 0.010842
Running:  /home/lum/install/xtb/xtb-190329/bin/xtb  xtb_tmp.xyz --chrg 2 --grad  --gfn 2 --etemp 500 --acc 0.1 --gbsa h2o --parallel 8 > xtb.out
  step: 241 bond rmsd: 0.010813
Running:  /home/lum/install/xtb/xtb-190329/bin/xtb  xtb_tmp.xyz --chrg 2 --grad  --gfn 2 --etemp 500 --acc 0.1 --gbsa h2o --parallel 8 > xtb.out
  step: 242 bond rmsd: 0.010791
Running:  /home/lum/install/xtb/xtb-190329/bin/xtb  xtb_tmp.xyz --chrg 2 --grad  --gfn 2 --etemp 500 --acc 0.1 --gbsa h2o --parallel 8 > xtb.out
  step: 243 bond rmsd: 0.010762
Running:  /home/lum/install/xtb/xtb-190329/bin/xtb  xtb_tmp.xyz --chrg 2 --grad  --gfn 2 --etemp 500 --acc 0.1 --gbsa h2o --parallel 8 > xtb.out
  step: 244 bond rmsd: 0.010769
Running:  /home/lum/install/xtb/xtb-190329/bin/xtb  xtb_tmp.xyz --chrg 2 --grad  --gfn 2 --etemp 500 --acc 0.1 --gbsa h2o --parallel 8 > xtb.out
  step: 245 bond rmsd: 0.010811
Running:  /home/lum/install/xtb/xtb-190329/bin/xtb  xtb_tmp.xyz --chrg 2 --grad  --gfn 2 --etemp 500 --acc 0.1 --gbsa h2o --parallel 8 > xtb.out
  step: 246 bond rmsd: 0.010850
Running:  /home/lum/install/xtb/xtb-190329/bin/xtb  xtb_tmp.xyz --chrg 2 --grad  --gfn 2 --etemp 500 --acc 0.1 --gbsa h2o --parallel 8 > xtb.out
  step: 247 bond rmsd: 0.010869
Running:  /home/lum/install/xtb/xtb-190329/bin/xtb  xtb_tmp.xyz --chrg 2 --grad  --gfn 2 --etemp 500 --acc 0.1 --gbsa h2o --parallel 8 > xtb.out
  step: 248 bond rmsd: 0.010883
Running:  /home/lum/install/xtb/xtb-190329/bin/xtb  xtb_tmp.xyz --chrg 2 --grad  --gfn 2 --etemp 500 --acc 0.1 --gbsa h2o --parallel 8 > xtb.out
  step: 249 bond rmsd: 0.010878
Running:  /home/lum/install/xtb/xtb-190329/bin/xtb  xtb_tmp.xyz --chrg 2 --grad  --gfn 2 --etemp 500 --acc 0.1 --gbsa h2o --parallel 8 > xtb.out
  step: 250 bond rmsd: 0.010884
Running:  /home/lum/install/xtb/xtb-190329/bin/xtb  xtb_tmp.xyz --chrg 2 --grad  --gfn 2 --etemp 500 --acc 0.1 --gbsa h2o --parallel 8 > xtb.out
  step: 251 bond rmsd: 0.010858
Running:  /home/lum/install/xtb/xtb-190329/bin/xtb  xtb_tmp.xyz --chrg 2 --grad  --gfn 2 --etemp 500 --acc 0.1 --gbsa h2o --parallel 8 > xtb.out
  step: 252 bond rmsd: 0.010872
Running:  /home/lum/install/xtb/xtb-190329/bin/xtb  xtb_tmp.xyz --chrg 2 --grad  --gfn 2 --etemp 500 --acc 0.1 --gbsa h2o --parallel 8 > xtb.out
  step: 253 bond rmsd: 0.010846
Running:  /home/lum/install/xtb/xtb-190329/bin/xtb  xtb_tmp.xyz --chrg 2 --grad  --gfn 2 --etemp 500 --acc 0.1 --gbsa h2o --parallel 8 > xtb.out
  step: 254 bond rmsd: 0.010909
Running:  /home/lum/install/xtb/xtb-190329/bin/xtb  xtb_tmp.xyz --chrg 2 --grad  --gfn 2 --etemp 500 --acc 0.1 --gbsa h2o --parallel 8 > xtb.out
  step: 255 bond rmsd: 0.010912
Running:  /home/lum/install/xtb/xtb-190329/bin/xtb  xtb_tmp.xyz --chrg 2 --grad  --gfn 2 --etemp 500 --acc 0.1 --gbsa h2o --parallel 8 > xtb.out
  step: 256 bond rmsd: 0.010910
Running:  /home/lum/install/xtb/xtb-190329/bin/xtb  xtb_tmp.xyz --chrg 2 --grad  --gfn 2 --etemp 500 --acc 0.1 --gbsa h2o --parallel 8 > xtb.out
  step: 257 bond rmsd: 0.010924
Running:  /home/lum/install/xtb/xtb-190329/bin/xtb  xtb_tmp.xyz --chrg 2 --grad  --gfn 2 --etemp 500 --acc 0.1 --gbsa h2o --parallel 8 > xtb.out
  step: 258 bond rmsd: 0.010882
Running:  /home/lum/install/xtb/xtb-190329/bin/xtb  xtb_tmp.xyz --chrg 2 --grad  --gfn 2 --etemp 500 --acc 0.1 --gbsa h2o --parallel 8 > xtb.out
  step: 259 bond rmsd: 0.010849
Running:  /home/lum/install/xtb/xtb-190329/bin/xtb  xtb_tmp.xyz --chrg 2 --grad  --gfn 2 --etemp 500 --acc 0.1 --gbsa h2o --parallel 8 > xtb.out
  step: 260 bond rmsd: 0.010831
Running:  /home/lum/install/xtb/xtb-190329/bin/xtb  xtb_tmp.xyz --chrg 2 --grad  --gfn 2 --etemp 500 --acc 0.1 --gbsa h2o --parallel 8 > xtb.out
  step: 261 bond rmsd: 0.010813
Running:  /home/lum/install/xtb/xtb-190329/bin/xtb  xtb_tmp.xyz --chrg 2 --grad  --gfn 2 --etemp 500 --acc 0.1 --gbsa h2o --parallel 8 > xtb.out
  step: 262 bond rmsd: 0.010769
Running:  /home/lum/install/xtb/xtb-190329/bin/xtb  xtb_tmp.xyz --chrg 2 --grad  --gfn 2 --etemp 500 --acc 0.1 --gbsa h2o --parallel 8 > xtb.out
  step: 263 bond rmsd: 0.010766
Running:  /home/lum/install/xtb/xtb-190329/bin/xtb  xtb_tmp.xyz --chrg 2 --grad  --gfn 2 --etemp 500 --acc 0.1 --gbsa h2o --parallel 8 > xtb.out
  step: 264 bond rmsd: 0.010797
Running:  /home/lum/install/xtb/xtb-190329/bin/xtb  xtb_tmp.xyz --chrg 2 --grad  --gfn 2 --etemp 500 --acc 0.1 --gbsa h2o --parallel 8 > xtb.out
  step: 265 bond rmsd: 0.010826
Running:  /home/lum/install/xtb/xtb-190329/bin/xtb  xtb_tmp.xyz --chrg 2 --grad  --gfn 2 --etemp 500 --acc 0.1 --gbsa h2o --parallel 8 > xtb.out
  step: 266 bond rmsd: 0.010872
Running:  /home/lum/install/xtb/xtb-190329/bin/xtb  xtb_tmp.xyz --chrg 2 --grad  --gfn 2 --etemp 500 --acc 0.1 --gbsa h2o --parallel 8 > xtb.out
  step: 267 bond rmsd: 0.010958
Running:  /home/lum/install/xtb/xtb-190329/bin/xtb  xtb_tmp.xyz --chrg 2 --grad  --gfn 2 --etemp 500 --acc 0.1 --gbsa h2o --parallel 8 > xtb.out
  step: 268 bond rmsd: 0.010955
Running:  /home/lum/install/xtb/xtb-190329/bin/xtb  xtb_tmp.xyz --chrg 2 --grad  --gfn 2 --etemp 500 --acc 0.1 --gbsa h2o --parallel 8 > xtb.out
  step: 269 bond rmsd: 0.010939
Running:  /home/lum/install/xtb/xtb-190329/bin/xtb  xtb_tmp.xyz --chrg 2 --grad  --gfn 2 --etemp 500 --acc 0.1 --gbsa h2o --parallel 8 > xtb.out
  step: 270 bond rmsd: 0.010885
Running:  /home/lum/install/xtb/xtb-190329/bin/xtb  xtb_tmp.xyz --chrg 2 --grad  --gfn 2 --etemp 500 --acc 0.1 --gbsa h2o --parallel 8 > xtb.out
  step: 271 bond rmsd: 0.010835
Running:  /home/lum/install/xtb/xtb-190329/bin/xtb  xtb_tmp.xyz --chrg 2 --grad  --gfn 2 --etemp 500 --acc 0.1 --gbsa h2o --parallel 8 > xtb.out
  step: 272 bond rmsd: 0.010851
Running:  /home/lum/install/xtb/xtb-190329/bin/xtb  xtb_tmp.xyz --chrg 2 --grad  --gfn 2 --etemp 500 --acc 0.1 --gbsa h2o --parallel 8 > xtb.out
  step: 273 bond rmsd: 0.010852
Running:  /home/lum/install/xtb/xtb-190329/bin/xtb  xtb_tmp.xyz --chrg 2 --grad  --gfn 2 --etemp 500 --acc 0.1 --gbsa h2o --parallel 8 > xtb.out
  step: 274 bond rmsd: 0.010905
Running:  /home/lum/install/xtb/xtb-190329/bin/xtb  xtb_tmp.xyz --chrg 2 --grad  --gfn 2 --etemp 500 --acc 0.1 --gbsa h2o --parallel 8 > xtb.out
  step: 275 bond rmsd: 0.010906
Running:  /home/lum/install/xtb/xtb-190329/bin/xtb  xtb_tmp.xyz --chrg 2 --grad  --gfn 2 --etemp 500 --acc 0.1 --gbsa h2o --parallel 8 > xtb.out
  step: 276 bond rmsd: 0.010926
Running:  /home/lum/install/xtb/xtb-190329/bin/xtb  xtb_tmp.xyz --chrg 2 --grad  --gfn 2 --etemp 500 --acc 0.1 --gbsa h2o --parallel 8 > xtb.out
  step: 277 bond rmsd: 0.010938
Running:  /home/lum/install/xtb/xtb-190329/bin/xtb  xtb_tmp.xyz --chrg 2 --grad  --gfn 2 --etemp 500 --acc 0.1 --gbsa h2o --parallel 8 > xtb.out
  step: 278 bond rmsd: 0.010925
Running:  /home/lum/install/xtb/xtb-190329/bin/xtb  xtb_tmp.xyz --chrg 2 --grad  --gfn 2 --etemp 500 --acc 0.1 --gbsa h2o --parallel 8 > xtb.out
  step: 279 bond rmsd: 0.010905
Running:  /home/lum/install/xtb/xtb-190329/bin/xtb  xtb_tmp.xyz --chrg 2 --grad  --gfn 2 --etemp 500 --acc 0.1 --gbsa h2o --parallel 8 > xtb.out
  step: 280 bond rmsd: 0.010866
Running:  /home/lum/install/xtb/xtb-190329/bin/xtb  xtb_tmp.xyz --chrg 2 --grad  --gfn 2 --etemp 500 --acc 0.1 --gbsa h2o --parallel 8 > xtb.out
  step: 281 bond rmsd: 0.010827
Running:  /home/lum/install/xtb/xtb-190329/bin/xtb  xtb_tmp.xyz --chrg 2 --grad  --gfn 2 --etemp 500 --acc 0.1 --gbsa h2o --parallel 8 > xtb.out
  step: 282 bond rmsd: 0.010832
Running:  /home/lum/install/xtb/xtb-190329/bin/xtb  xtb_tmp.xyz --chrg 2 --grad  --gfn 2 --etemp 500 --acc 0.1 --gbsa h2o --parallel 8 > xtb.out
  step: 283 bond rmsd: 0.010892
Running:  /home/lum/install/xtb/xtb-190329/bin/xtb  xtb_tmp.xyz --chrg 2 --grad  --gfn 2 --etemp 500 --acc 0.1 --gbsa h2o --parallel 8 > xtb.out
  step: 284 bond rmsd: 0.010920
Running:  /home/lum/install/xtb/xtb-190329/bin/xtb  xtb_tmp.xyz --chrg 2 --grad  --gfn 2 --etemp 500 --acc 0.1 --gbsa h2o --parallel 8 > xtb.out
  step: 285 bond rmsd: 0.010945
Running:  /home/lum/install/xtb/xtb-190329/bin/xtb  xtb_tmp.xyz --chrg 2 --grad  --gfn 2 --etemp 500 --acc 0.1 --gbsa h2o --parallel 8 > xtb.out
  step: 286 bond rmsd: 0.010957
Running:  /home/lum/install/xtb/xtb-190329/bin/xtb  xtb_tmp.xyz --chrg 2 --grad  --gfn 2 --etemp 500 --acc 0.1 --gbsa h2o --parallel 8 > xtb.out
  step: 287 bond rmsd: 0.010964
Running:  /home/lum/install/xtb/xtb-190329/bin/xtb  xtb_tmp.xyz --chrg 2 --grad  --gfn 2 --etemp 500 --acc 0.1 --gbsa h2o --parallel 8 > xtb.out
  step: 288 bond rmsd: 0.010958
Running:  /home/lum/install/xtb/xtb-190329/bin/xtb  xtb_tmp.xyz --chrg 2 --grad  --gfn 2 --etemp 500 --acc 0.1 --gbsa h2o --parallel 8 > xtb.out
  step: 289 bond rmsd: 0.010948
Running:  /home/lum/install/xtb/xtb-190329/bin/xtb  xtb_tmp.xyz --chrg 2 --grad  --gfn 2 --etemp 500 --acc 0.1 --gbsa h2o --parallel 8 > xtb.out
  step: 290 bond rmsd: 0.010956
Running:  /home/lum/install/xtb/xtb-190329/bin/xtb  xtb_tmp.xyz --chrg 2 --grad  --gfn 2 --etemp 500 --acc 0.1 --gbsa h2o --parallel 8 > xtb.out
  step: 291 bond rmsd: 0.010936
Running:  /home/lum/install/xtb/xtb-190329/bin/xtb  xtb_tmp.xyz --chrg 2 --grad  --gfn 2 --etemp 500 --acc 0.1 --gbsa h2o --parallel 8 > xtb.out
  step: 292 bond rmsd: 0.010927
Running:  /home/lum/install/xtb/xtb-190329/bin/xtb  xtb_tmp.xyz --chrg 2 --grad  --gfn 2 --etemp 500 --acc 0.1 --gbsa h2o --parallel 8 > xtb.out
  step: 293 bond rmsd: 0.010927
Running:  /home/lum/install/xtb/xtb-190329/bin/xtb  xtb_tmp.xyz --chrg 2 --grad  --gfn 2 --etemp 500 --acc 0.1 --gbsa h2o --parallel 8 > xtb.out
  step: 294 bond rmsd: 0.010962
Running:  /home/lum/install/xtb/xtb-190329/bin/xtb  xtb_tmp.xyz --chrg 2 --grad  --gfn 2 --etemp 500 --acc 0.1 --gbsa h2o --parallel 8 > xtb.out
  step: 295 bond rmsd: 0.010957
Running:  /home/lum/install/xtb/xtb-190329/bin/xtb  xtb_tmp.xyz --chrg 2 --grad  --gfn 2 --etemp 500 --acc 0.1 --gbsa h2o --parallel 8 > xtb.out
  step: 296 bond rmsd: 0.010964
Running:  /home/lum/install/xtb/xtb-190329/bin/xtb  xtb_tmp.xyz --chrg 2 --grad  --gfn 2 --etemp 500 --acc 0.1 --gbsa h2o --parallel 8 > xtb.out
  step: 297 bond rmsd: 0.010978
Running:  /home/lum/install/xtb/xtb-190329/bin/xtb  xtb_tmp.xyz --chrg 2 --grad  --gfn 2 --etemp 500 --acc 0.1 --gbsa h2o --parallel 8 > xtb.out
  step: 298 bond rmsd: 0.010989
Running:  /home/lum/install/xtb/xtb-190329/bin/xtb  xtb_tmp.xyz --chrg 2 --grad  --gfn 2 --etemp 500 --acc 0.1 --gbsa h2o --parallel 8 > xtb.out
  step: 299 bond rmsd: 0.010990
Running:  /home/lum/install/xtb/xtb-190329/bin/xtb  xtb_tmp.xyz --chrg 2 --grad  --gfn 2 --etemp 500 --acc 0.1 --gbsa h2o --parallel 8 > xtb.out
  step: 300 bond rmsd: 0.010989
Running:  /home/lum/install/xtb/xtb-190329/bin/xtb  xtb_tmp.xyz --chrg 2 --grad  --gfn 2 --etemp 500 --acc 0.1 --gbsa h2o --parallel 8 > xtb.out
  step: 301 bond rmsd: 0.010991
Running:  /home/lum/install/xtb/xtb-190329/bin/xtb  xtb_tmp.xyz --chrg 2 --grad  --gfn 2 --etemp 500 --acc 0.1 --gbsa h2o --parallel 8 > xtb.out
  step: 302 bond rmsd: 0.010987
Running:  /home/lum/install/xtb/xtb-190329/bin/xtb  xtb_tmp.xyz --chrg 2 --grad  --gfn 2 --etemp 500 --acc 0.1 --gbsa h2o --parallel 8 > xtb.out
  step: 303 bond rmsd: 0.011000
Running:  /home/lum/install/xtb/xtb-190329/bin/xtb  xtb_tmp.xyz --chrg 2 --grad  --gfn 2 --etemp 500 --acc 0.1 --gbsa h2o --parallel 8 > xtb.out
  step: 304 bond rmsd: 0.011003
Running:  /home/lum/install/xtb/xtb-190329/bin/xtb  xtb_tmp.xyz --chrg 2 --grad  --gfn 2 --etemp 500 --acc 0.1 --gbsa h2o --parallel 8 > xtb.out
  step: 305 bond rmsd: 0.011006
Running:  /home/lum/install/xtb/xtb-190329/bin/xtb  xtb_tmp.xyz --chrg 2 --grad  --gfn 2 --etemp 500 --acc 0.1 --gbsa h2o --parallel 8 > xtb.out
  step: 306 bond rmsd: 0.011031
Running:  /home/lum/install/xtb/xtb-190329/bin/xtb  xtb_tmp.xyz --chrg 2 --grad  --gfn 2 --etemp 500 --acc 0.1 --gbsa h2o --parallel 8 > xtb.out
  step: 307 bond rmsd: 0.011051
Running:  /home/lum/install/xtb/xtb-190329/bin/xtb  xtb_tmp.xyz --chrg 2 --grad  --gfn 2 --etemp 500 --acc 0.1 --gbsa h2o --parallel 8 > xtb.out
  step: 308 bond rmsd: 0.011055
Running:  /home/lum/install/xtb/xtb-190329/bin/xtb  xtb_tmp.xyz --chrg 2 --grad  --gfn 2 --etemp 500 --acc 0.1 --gbsa h2o --parallel 8 > xtb.out
  step: 309 bond rmsd: 0.011061
Running:  /home/lum/install/xtb/xtb-190329/bin/xtb  xtb_tmp.xyz --chrg 2 --grad  --gfn 2 --etemp 500 --acc 0.1 --gbsa h2o --parallel 8 > xtb.out
  step: 310 bond rmsd: 0.011041
Running:  /home/lum/install/xtb/xtb-190329/bin/xtb  xtb_tmp.xyz --chrg 2 --grad  --gfn 2 --etemp 500 --acc 0.1 --gbsa h2o --parallel 8 > xtb.out
  step: 311 bond rmsd: 0.011038
Running:  /home/lum/install/xtb/xtb-190329/bin/xtb  xtb_tmp.xyz --chrg 2 --grad  --gfn 2 --etemp 500 --acc 0.1 --gbsa h2o --parallel 8 > xtb.out
  step: 312 bond rmsd: 0.011036
Running:  /home/lum/install/xtb/xtb-190329/bin/xtb  xtb_tmp.xyz --chrg 2 --grad  --gfn 2 --etemp 500 --acc 0.1 --gbsa h2o --parallel 8 > xtb.out
  step: 313 bond rmsd: 0.011029
Running:  /home/lum/install/xtb/xtb-190329/bin/xtb  xtb_tmp.xyz --chrg 2 --grad  --gfn 2 --etemp 500 --acc 0.1 --gbsa h2o --parallel 8 > xtb.out
  step: 314 bond rmsd: 0.011034
Running:  /home/lum/install/xtb/xtb-190329/bin/xtb  xtb_tmp.xyz --chrg 2 --grad  --gfn 2 --etemp 500 --acc 0.1 --gbsa h2o --parallel 8 > xtb.out
  step: 315 bond rmsd: 0.011043
Running:  /home/lum/install/xtb/xtb-190329/bin/xtb  xtb_tmp.xyz --chrg 2 --grad  --gfn 2 --etemp 500 --acc 0.1 --gbsa h2o --parallel 8 > xtb.out
  step: 316 bond rmsd: 0.011066
Running:  /home/lum/install/xtb/xtb-190329/bin/xtb  xtb_tmp.xyz --chrg 2 --grad  --gfn 2 --etemp 500 --acc 0.1 --gbsa h2o --parallel 8 > xtb.out
  step: 317 bond rmsd: 0.011069
Running:  /home/lum/install/xtb/xtb-190329/bin/xtb  xtb_tmp.xyz --chrg 2 --grad  --gfn 2 --etemp 500 --acc 0.1 --gbsa h2o --parallel 8 > xtb.out
  step: 318 bond rmsd: 0.011075
Running:  /home/lum/install/xtb/xtb-190329/bin/xtb  xtb_tmp.xyz --chrg 2 --grad  --gfn 2 --etemp 500 --acc 0.1 --gbsa h2o --parallel 8 > xtb.out
  step: 319 bond rmsd: 0.011077
Running:  /home/lum/install/xtb/xtb-190329/bin/xtb  xtb_tmp.xyz --chrg 2 --grad  --gfn 2 --etemp 500 --acc 0.1 --gbsa h2o --parallel 8 > xtb.out
  step: 320 bond rmsd: 0.011073
Running:  /home/lum/install/xtb/xtb-190329/bin/xtb  xtb_tmp.xyz --chrg 2 --grad  --gfn 2 --etemp 500 --acc 0.1 --gbsa h2o --parallel 8 > xtb.out
  step: 321 bond rmsd: 0.011076
Running:  /home/lum/install/xtb/xtb-190329/bin/xtb  xtb_tmp.xyz --chrg 2 --grad  --gfn 2 --etemp 500 --acc 0.1 --gbsa h2o --parallel 8 > xtb.out
  step: 322 bond rmsd: 0.011060
Running:  /home/lum/install/xtb/xtb-190329/bin/xtb  xtb_tmp.xyz --chrg 2 --grad  --gfn 2 --etemp 500 --acc 0.1 --gbsa h2o --parallel 8 > xtb.out
  step: 323 bond rmsd: 0.011044
Running:  /home/lum/install/xtb/xtb-190329/bin/xtb  xtb_tmp.xyz --chrg 2 --grad  --gfn 2 --etemp 500 --acc 0.1 --gbsa h2o --parallel 8 > xtb.out
  step: 324 bond rmsd: 0.011029
Running:  /home/lum/install/xtb/xtb-190329/bin/xtb  xtb_tmp.xyz --chrg 2 --grad  --gfn 2 --etemp 500 --acc 0.1 --gbsa h2o --parallel 8 > xtb.out
  step: 325 bond rmsd: 0.011022
Running:  /home/lum/install/xtb/xtb-190329/bin/xtb  xtb_tmp.xyz --chrg 2 --grad  --gfn 2 --etemp 500 --acc 0.1 --gbsa h2o --parallel 8 > xtb.out
  step: 326 bond rmsd: 0.011023
Running:  /home/lum/install/xtb/xtb-190329/bin/xtb  xtb_tmp.xyz --chrg 2 --grad  --gfn 2 --etemp 500 --acc 0.1 --gbsa h2o --parallel 8 > xtb.out
  step: 327 bond rmsd: 0.011051
Running:  /home/lum/install/xtb/xtb-190329/bin/xtb  xtb_tmp.xyz --chrg 2 --grad  --gfn 2 --etemp 500 --acc 0.1 --gbsa h2o --parallel 8 > xtb.out
  step: 328 bond rmsd: 0.011105
Running:  /home/lum/install/xtb/xtb-190329/bin/xtb  xtb_tmp.xyz --chrg 2 --grad  --gfn 2 --etemp 500 --acc 0.1 --gbsa h2o --parallel 8 > xtb.out
  step: 329 bond rmsd: 0.011106
Running:  /home/lum/install/xtb/xtb-190329/bin/xtb  xtb_tmp.xyz --chrg 2 --grad  --gfn 2 --etemp 500 --acc 0.1 --gbsa h2o --parallel 8 > xtb.out
  step: 330 bond rmsd: 0.011107
Running:  /home/lum/install/xtb/xtb-190329/bin/xtb  xtb_tmp.xyz --chrg 2 --grad  --gfn 2 --etemp 500 --acc 0.1 --gbsa h2o --parallel 8 > xtb.out
  step: 331 bond rmsd: 0.011118
Running:  /home/lum/install/xtb/xtb-190329/bin/xtb  xtb_tmp.xyz --chrg 2 --grad  --gfn 2 --etemp 500 --acc 0.1 --gbsa h2o --parallel 8 > xtb.out
  step: 332 bond rmsd: 0.011105
Running:  /home/lum/install/xtb/xtb-190329/bin/xtb  xtb_tmp.xyz --chrg 2 --grad  --gfn 2 --etemp 500 --acc 0.1 --gbsa h2o --parallel 8 > xtb.out
  step: 333 bond rmsd: 0.011094
Running:  /home/lum/install/xtb/xtb-190329/bin/xtb  xtb_tmp.xyz --chrg 2 --grad  --gfn 2 --etemp 500 --acc 0.1 --gbsa h2o --parallel 8 > xtb.out
  step: 334 bond rmsd: 0.011073
Running:  /home/lum/install/xtb/xtb-190329/bin/xtb  xtb_tmp.xyz --chrg 2 --grad  --gfn 2 --etemp 500 --acc 0.1 --gbsa h2o --parallel 8 > xtb.out
  step: 335 bond rmsd: 0.011061
Running:  /home/lum/install/xtb/xtb-190329/bin/xtb  xtb_tmp.xyz --chrg 2 --grad  --gfn 2 --etemp 500 --acc 0.1 --gbsa h2o --parallel 8 > xtb.out
  step: 336 bond rmsd: 0.011039
Running:  /home/lum/install/xtb/xtb-190329/bin/xtb  xtb_tmp.xyz --chrg 2 --grad  --gfn 2 --etemp 500 --acc 0.1 --gbsa h2o --parallel 8 > xtb.out
  step: 337 bond rmsd: 0.011059
Running:  /home/lum/install/xtb/xtb-190329/bin/xtb  xtb_tmp.xyz --chrg 2 --grad  --gfn 2 --etemp 500 --acc 0.1 --gbsa h2o --parallel 8 > xtb.out
  step: 338 bond rmsd: 0.011087
Running:  /home/lum/install/xtb/xtb-190329/bin/xtb  xtb_tmp.xyz --chrg 2 --grad  --gfn 2 --etemp 500 --acc 0.1 --gbsa h2o --parallel 8 > xtb.out
  step: 339 bond rmsd: 0.011093
Running:  /home/lum/install/xtb/xtb-190329/bin/xtb  xtb_tmp.xyz --chrg 2 --grad  --gfn 2 --etemp 500 --acc 0.1 --gbsa h2o --parallel 8 > xtb.out
  step: 340 bond rmsd: 0.011090
Running:  /home/lum/install/xtb/xtb-190329/bin/xtb  xtb_tmp.xyz --chrg 2 --grad  --gfn 2 --etemp 500 --acc 0.1 --gbsa h2o --parallel 8 > xtb.out
  step: 341 bond rmsd: 0.011077
Running:  /home/lum/install/xtb/xtb-190329/bin/xtb  xtb_tmp.xyz --chrg 2 --grad  --gfn 2 --etemp 500 --acc 0.1 --gbsa h2o --parallel 8 > xtb.out
  step: 342 bond rmsd: 0.011072
Running:  /home/lum/install/xtb/xtb-190329/bin/xtb  xtb_tmp.xyz --chrg 2 --grad  --gfn 2 --etemp 500 --acc 0.1 --gbsa h2o --parallel 8 > xtb.out
  step: 343 bond rmsd: 0.011052
Running:  /home/lum/install/xtb/xtb-190329/bin/xtb  xtb_tmp.xyz --chrg 2 --grad  --gfn 2 --etemp 500 --acc 0.1 --gbsa h2o --parallel 8 > xtb.out
  step: 344 bond rmsd: 0.011042
Running:  /home/lum/install/xtb/xtb-190329/bin/xtb  xtb_tmp.xyz --chrg 2 --grad  --gfn 2 --etemp 500 --acc 0.1 --gbsa h2o --parallel 8 > xtb.out
  step: 345 bond rmsd: 0.011039
Running:  /home/lum/install/xtb/xtb-190329/bin/xtb  xtb_tmp.xyz --chrg 2 --grad  --gfn 2 --etemp 500 --acc 0.1 --gbsa h2o --parallel 8 > xtb.out
  step: 346 bond rmsd: 0.011037
Running:  /home/lum/install/xtb/xtb-190329/bin/xtb  xtb_tmp.xyz --chrg 2 --grad  --gfn 2 --etemp 500 --acc 0.1 --gbsa h2o --parallel 8 > xtb.out
  step: 347 bond rmsd: 0.011052
Running:  /home/lum/install/xtb/xtb-190329/bin/xtb  xtb_tmp.xyz --chrg 2 --grad  --gfn 2 --etemp 500 --acc 0.1 --gbsa h2o --parallel 8 > xtb.out
  step: 348 bond rmsd: 0.011075
Running:  /home/lum/install/xtb/xtb-190329/bin/xtb  xtb_tmp.xyz --chrg 2 --grad  --gfn 2 --etemp 500 --acc 0.1 --gbsa h2o --parallel 8 > xtb.out
  step: 349 bond rmsd: 0.011106
Running:  /home/lum/install/xtb/xtb-190329/bin/xtb  xtb_tmp.xyz --chrg 2 --grad  --gfn 2 --etemp 500 --acc 0.1 --gbsa h2o --parallel 8 > xtb.out
  step: 350 bond rmsd: 0.011136
Running:  /home/lum/install/xtb/xtb-190329/bin/xtb  xtb_tmp.xyz --chrg 2 --grad  --gfn 2 --etemp 500 --acc 0.1 --gbsa h2o --parallel 8 > xtb.out
  step: 351 bond rmsd: 0.011170
Running:  /home/lum/install/xtb/xtb-190329/bin/xtb  xtb_tmp.xyz --chrg 2 --grad  --gfn 2 --etemp 500 --acc 0.1 --gbsa h2o --parallel 8 > xtb.out
  step: 352 bond rmsd: 0.011130
Running:  /home/lum/install/xtb/xtb-190329/bin/xtb  xtb_tmp.xyz --chrg 2 --grad  --gfn 2 --etemp 500 --acc 0.1 --gbsa h2o --parallel 8 > xtb.out
  step: 353 bond rmsd: 0.011089
Running:  /home/lum/install/xtb/xtb-190329/bin/xtb  xtb_tmp.xyz --chrg 2 --grad  --gfn 2 --etemp 500 --acc 0.1 --gbsa h2o --parallel 8 > xtb.out
  step: 354 bond rmsd: 0.011060
Running:  /home/lum/install/xtb/xtb-190329/bin/xtb  xtb_tmp.xyz --chrg 2 --grad  --gfn 2 --etemp 500 --acc 0.1 --gbsa h2o --parallel 8 > xtb.out
  step: 355 bond rmsd: 0.011024
Running:  /home/lum/install/xtb/xtb-190329/bin/xtb  xtb_tmp.xyz --chrg 2 --grad  --gfn 2 --etemp 500 --acc 0.1 --gbsa h2o --parallel 8 > xtb.out
  step: 356 bond rmsd: 0.011018
Running:  /home/lum/install/xtb/xtb-190329/bin/xtb  xtb_tmp.xyz --chrg 2 --grad  --gfn 2 --etemp 500 --acc 0.1 --gbsa h2o --parallel 8 > xtb.out
  step: 357 bond rmsd: 0.011011
Running:  /home/lum/install/xtb/xtb-190329/bin/xtb  xtb_tmp.xyz --chrg 2 --grad  --gfn 2 --etemp 500 --acc 0.1 --gbsa h2o --parallel 8 > xtb.out
  step: 358 bond rmsd: 0.011039
Running:  /home/lum/install/xtb/xtb-190329/bin/xtb  xtb_tmp.xyz --chrg 2 --grad  --gfn 2 --etemp 500 --acc 0.1 --gbsa h2o --parallel 8 > xtb.out
  step: 359 bond rmsd: 0.011058
Running:  /home/lum/install/xtb/xtb-190329/bin/xtb  xtb_tmp.xyz --chrg 2 --grad  --gfn 2 --etemp 500 --acc 0.1 --gbsa h2o --parallel 8 > xtb.out
  step: 360 bond rmsd: 0.011078
Running:  /home/lum/install/xtb/xtb-190329/bin/xtb  xtb_tmp.xyz --chrg 2 --grad  --gfn 2 --etemp 500 --acc 0.1 --gbsa h2o --parallel 8 > xtb.out
  step: 361 bond rmsd: 0.011086
Running:  /home/lum/install/xtb/xtb-190329/bin/xtb  xtb_tmp.xyz --chrg 2 --grad  --gfn 2 --etemp 500 --acc 0.1 --gbsa h2o --parallel 8 > xtb.out
  step: 362 bond rmsd: 0.011101
Running:  /home/lum/install/xtb/xtb-190329/bin/xtb  xtb_tmp.xyz --chrg 2 --grad  --gfn 2 --etemp 500 --acc 0.1 --gbsa h2o --parallel 8 > xtb.out
  step: 363 bond rmsd: 0.011099
Running:  /home/lum/install/xtb/xtb-190329/bin/xtb  xtb_tmp.xyz --chrg 2 --grad  --gfn 2 --etemp 500 --acc 0.1 --gbsa h2o --parallel 8 > xtb.out
  step: 364 bond rmsd: 0.011088
Running:  /home/lum/install/xtb/xtb-190329/bin/xtb  xtb_tmp.xyz --chrg 2 --grad  --gfn 2 --etemp 500 --acc 0.1 --gbsa h2o --parallel 8 > xtb.out
  step: 365 bond rmsd: 0.011082
Running:  /home/lum/install/xtb/xtb-190329/bin/xtb  xtb_tmp.xyz --chrg 2 --grad  --gfn 2 --etemp 500 --acc 0.1 --gbsa h2o --parallel 8 > xtb.out
  step: 366 bond rmsd: 0.011074
Running:  /home/lum/install/xtb/xtb-190329/bin/xtb  xtb_tmp.xyz --chrg 2 --grad  --gfn 2 --etemp 500 --acc 0.1 --gbsa h2o --parallel 8 > xtb.out
  step: 367 bond rmsd: 0.011077
Running:  /home/lum/install/xtb/xtb-190329/bin/xtb  xtb_tmp.xyz --chrg 2 --grad  --gfn 2 --etemp 500 --acc 0.1 --gbsa h2o --parallel 8 > xtb.out
  step: 368 bond rmsd: 0.011080
Running:  /home/lum/install/xtb/xtb-190329/bin/xtb  xtb_tmp.xyz --chrg 2 --grad  --gfn 2 --etemp 500 --acc 0.1 --gbsa h2o --parallel 8 > xtb.out
  step: 369 bond rmsd: 0.011087
Running:  /home/lum/install/xtb/xtb-190329/bin/xtb  xtb_tmp.xyz --chrg 2 --grad  --gfn 2 --etemp 500 --acc 0.1 --gbsa h2o --parallel 8 > xtb.out
  step: 370 bond rmsd: 0.011089
Running:  /home/lum/install/xtb/xtb-190329/bin/xtb  xtb_tmp.xyz --chrg 2 --grad  --gfn 2 --etemp 500 --acc 0.1 --gbsa h2o --parallel 8 > xtb.out
  step: 371 bond rmsd: 0.011086
Running:  /home/lum/install/xtb/xtb-190329/bin/xtb  xtb_tmp.xyz --chrg 2 --grad  --gfn 2 --etemp 500 --acc 0.1 --gbsa h2o --parallel 8 > xtb.out
  step: 372 bond rmsd: 0.011073
Running:  /home/lum/install/xtb/xtb-190329/bin/xtb  xtb_tmp.xyz --chrg 2 --grad  --gfn 2 --etemp 500 --acc 0.1 --gbsa h2o --parallel 8 > xtb.out
  step: 373 bond rmsd: 0.011033
Running:  /home/lum/install/xtb/xtb-190329/bin/xtb  xtb_tmp.xyz --chrg 2 --grad  --gfn 2 --etemp 500 --acc 0.1 --gbsa h2o --parallel 8 > xtb.out
  step: 374 bond rmsd: 0.011049
Running:  /home/lum/install/xtb/xtb-190329/bin/xtb  xtb_tmp.xyz --chrg 2 --grad  --gfn 2 --etemp 500 --acc 0.1 --gbsa h2o --parallel 8 > xtb.out
  step: 375 bond rmsd: 0.011043
Running:  /home/lum/install/xtb/xtb-190329/bin/xtb  xtb_tmp.xyz --chrg 2 --grad  --gfn 2 --etemp 500 --acc 0.1 --gbsa h2o --parallel 8 > xtb.out
  step: 376 bond rmsd: 0.011046
Running:  /home/lum/install/xtb/xtb-190329/bin/xtb  xtb_tmp.xyz --chrg 2 --grad  --gfn 2 --etemp 500 --acc 0.1 --gbsa h2o --parallel 8 > xtb.out
  step: 377 bond rmsd: 0.011073
Running:  /home/lum/install/xtb/xtb-190329/bin/xtb  xtb_tmp.xyz --chrg 2 --grad  --gfn 2 --etemp 500 --acc 0.1 --gbsa h2o --parallel 8 > xtb.out
  step: 378 bond rmsd: 0.011057
Running:  /home/lum/install/xtb/xtb-190329/bin/xtb  xtb_tmp.xyz --chrg 2 --grad  --gfn 2 --etemp 500 --acc 0.1 --gbsa h2o --parallel 8 > xtb.out
  step: 379 bond rmsd: 0.011032
Running:  /home/lum/install/xtb/xtb-190329/bin/xtb  xtb_tmp.xyz --chrg 2 --grad  --gfn 2 --etemp 500 --acc 0.1 --gbsa h2o --parallel 8 > xtb.out
  step: 380 bond rmsd: 0.011024
Running:  /home/lum/install/xtb/xtb-190329/bin/xtb  xtb_tmp.xyz --chrg 2 --grad  --gfn 2 --etemp 500 --acc 0.1 --gbsa h2o --parallel 8 > xtb.out
  step: 381 bond rmsd: 0.011019
Running:  /home/lum/install/xtb/xtb-190329/bin/xtb  xtb_tmp.xyz --chrg 2 --grad  --gfn 2 --etemp 500 --acc 0.1 --gbsa h2o --parallel 8 > xtb.out
  step: 382 bond rmsd: 0.011007
Running:  /home/lum/install/xtb/xtb-190329/bin/xtb  xtb_tmp.xyz --chrg 2 --grad  --gfn 2 --etemp 500 --acc 0.1 --gbsa h2o --parallel 8 > xtb.out
  step: 383 bond rmsd: 0.011008
Running:  /home/lum/install/xtb/xtb-190329/bin/xtb  xtb_tmp.xyz --chrg 2 --grad  --gfn 2 --etemp 500 --acc 0.1 --gbsa h2o --parallel 8 > xtb.out
  step: 384 bond rmsd: 0.011033
Running:  /home/lum/install/xtb/xtb-190329/bin/xtb  xtb_tmp.xyz --chrg 2 --grad  --gfn 2 --etemp 500 --acc 0.1 --gbsa h2o --parallel 8 > xtb.out
  step: 385 bond rmsd: 0.011048
Running:  /home/lum/install/xtb/xtb-190329/bin/xtb  xtb_tmp.xyz --chrg 2 --grad  --gfn 2 --etemp 500 --acc 0.1 --gbsa h2o --parallel 8 > xtb.out
  step: 386 bond rmsd: 0.011058
Running:  /home/lum/install/xtb/xtb-190329/bin/xtb  xtb_tmp.xyz --chrg 2 --grad  --gfn 2 --etemp 500 --acc 0.1 --gbsa h2o --parallel 8 > xtb.out
  step: 387 bond rmsd: 0.011072
Running:  /home/lum/install/xtb/xtb-190329/bin/xtb  xtb_tmp.xyz --chrg 2 --grad  --gfn 2 --etemp 500 --acc 0.1 --gbsa h2o --parallel 8 > xtb.out
  step: 388 bond rmsd: 0.011069
Running:  /home/lum/install/xtb/xtb-190329/bin/xtb  xtb_tmp.xyz --chrg 2 --grad  --gfn 2 --etemp 500 --acc 0.1 --gbsa h2o --parallel 8 > xtb.out
  step: 389 bond rmsd: 0.011068
Running:  /home/lum/install/xtb/xtb-190329/bin/xtb  xtb_tmp.xyz --chrg 2 --grad  --gfn 2 --etemp 500 --acc 0.1 --gbsa h2o --parallel 8 > xtb.out
  step: 390 bond rmsd: 0.011051
Running:  /home/lum/install/xtb/xtb-190329/bin/xtb  xtb_tmp.xyz --chrg 2 --grad  --gfn 2 --etemp 500 --acc 0.1 --gbsa h2o --parallel 8 > xtb.out
  step: 391 bond rmsd: 0.011025
Running:  /home/lum/install/xtb/xtb-190329/bin/xtb  xtb_tmp.xyz --chrg 2 --grad  --gfn 2 --etemp 500 --acc 0.1 --gbsa h2o --parallel 8 > xtb.out
  step: 392 bond rmsd: 0.011053
Running:  /home/lum/install/xtb/xtb-190329/bin/xtb  xtb_tmp.xyz --chrg 2 --grad  --gfn 2 --etemp 500 --acc 0.1 --gbsa h2o --parallel 8 > xtb.out
  step: 393 bond rmsd: 0.011058
Running:  /home/lum/install/xtb/xtb-190329/bin/xtb  xtb_tmp.xyz --chrg 2 --grad  --gfn 2 --etemp 500 --acc 0.1 --gbsa h2o --parallel 8 > xtb.out
  step: 394 bond rmsd: 0.011058
Running:  /home/lum/install/xtb/xtb-190329/bin/xtb  xtb_tmp.xyz --chrg 2 --grad  --gfn 2 --etemp 500 --acc 0.1 --gbsa h2o --parallel 8 > xtb.out
  step: 395 bond rmsd: 0.011059
Running:  /home/lum/install/xtb/xtb-190329/bin/xtb  xtb_tmp.xyz --chrg 2 --grad  --gfn 2 --etemp 500 --acc 0.1 --gbsa h2o --parallel 8 > xtb.out
  step: 396 bond rmsd: 0.011059
Running:  /home/lum/install/xtb/xtb-190329/bin/xtb  xtb_tmp.xyz --chrg 2 --grad  --gfn 2 --etemp 500 --acc 0.1 --gbsa h2o --parallel 8 > xtb.out
  step: 397 bond rmsd: 0.011046
Running:  /home/lum/install/xtb/xtb-190329/bin/xtb  xtb_tmp.xyz --chrg 2 --grad  --gfn 2 --etemp 500 --acc 0.1 --gbsa h2o --parallel 8 > xtb.out
  step: 398 bond rmsd: 0.011019
Running:  /home/lum/install/xtb/xtb-190329/bin/xtb  xtb_tmp.xyz --chrg 2 --grad  --gfn 2 --etemp 500 --acc 0.1 --gbsa h2o --parallel 8 > xtb.out
  step: 399 bond rmsd: 0.010994
Running:  /home/lum/install/xtb/xtb-190329/bin/xtb  xtb_tmp.xyz --chrg 2 --grad  --gfn 2 --etemp 500 --acc 0.1 --gbsa h2o --parallel 8 > xtb.out
  step: 400 bond rmsd: 0.011000
Running:  /home/lum/install/xtb/xtb-190329/bin/xtb  xtb_tmp.xyz --chrg 2 --grad  --gfn 2 --etemp 500 --acc 0.1 --gbsa h2o --parallel 8 > xtb.out
  step: 401 bond rmsd: 0.011008
Running:  /home/lum/install/xtb/xtb-190329/bin/xtb  xtb_tmp.xyz --chrg 2 --grad  --gfn 2 --etemp 500 --acc 0.1 --gbsa h2o --parallel 8 > xtb.out
  step: 402 bond rmsd: 0.011025
Running:  /home/lum/install/xtb/xtb-190329/bin/xtb  xtb_tmp.xyz --chrg 2 --grad  --gfn 2 --etemp 500 --acc 0.1 --gbsa h2o --parallel 8 > xtb.out
  step: 403 bond rmsd: 0.011042
Running:  /home/lum/install/xtb/xtb-190329/bin/xtb  xtb_tmp.xyz --chrg 2 --grad  --gfn 2 --etemp 500 --acc 0.1 --gbsa h2o --parallel 8 > xtb.out
micro_cycle   1 rmsd(b):  0.0110 rws:  1.000 n_fev: 403
See 5_refined.pdb in pdb folder.
Time: 408.1485
