Starting Q|R
version:   v1.0-22-g4c4e7c  
Running refinement
   input {
     xray_data {
       file_name = None
       labels = None
       high_resolution = None
       low_resolution = None
       outliers_rejection = True
       french_wilson_scale = True
       french_wilson {
         max_bins = 60
         min_bin_size = 40
       }
       sigma_fobs_rejection_criterion = None
       sigma_iobs_rejection_criterion = None
       ignore_all_zeros = True
       force_anomalous_flag_to_be_equal_to = None
       convert_to_non_anomalous_if_ratio_pairs_lone_less_than_threshold = 0.5
       r_free_flags {
         file_name = None
         label = None
         test_flag_value = None
         ignore_r_free_flags = False
         disable_suitability_test = False
         ignore_pdb_hexdigest = False
         generate = False
         fraction = 0.1
         max_free = 2000
         lattice_symmetry_max_delta = 5
         use_lattice_symmetry = True
         use_dataman_shells = False
         n_shells = 20
       }
     }
     pdb {
       file_name = None
     }
     monomers {
       file_name = None
     }
     maps {
       map_file_name = None
       d_min = None
       map_coefficients_file_name = None
       map_coefficients_label = None
     }
     sequence = None
     scattering_table = wk1995 it1992 *n_gaussian neutron electron
     wavelength = None
     energy = None
     twin_law = Auto
   }
   max_atoms = 15000
   debug = False
   cluster {
     charge_cutoff = 8.0
     clustering = false
     charge_embedding = False
     two_buffers = False
     maxnum_residues_in_cluster = 15
     clustering_method = gnc *bcc
     altloc_method = *average subtract
     g_scan = 10 15 20
     g_ref = None
     g_mode = None
   }
   restraints = cctbx *qm
   quantum {
     engine_name = *mopac ani torchani terachem turbomole pyscf orca gaussian \
                   xtb
     charge = None
     basis = Auto
     method = Auto
     memory = None
     nproc = 8
     qm_addon = gcp dftd3 gcp-d3
     qm_addon_method = None
   }
   refine {
     dry_run = False
     sf_algorithm = *direct fft
     refinement_target_name = *ml ls_wunit_k1
     mode = *opt refine gtest
     number_of_macro_cycles = 1
     number_of_weight_search_cycles = 50
     number_of_refine_cycles = 5
     number_of_micro_cycles = 50
     data_weight = None
     choose_best_use_r_work = False
     skip_initial_weight_optimization = False
     adjust_restraints_weight_scale_value = 2
     max_iterations_weight = 50
     max_iterations_refine = 50
     use_ase_lbfgs = False
     line_search = True
     stpmax = 0.2
     gradient_only = true
     update_all_scales = True
     refine_sites = True
     refine_adp = False
     restraints_weight_scale = 1.0
     shake_sites = False
     use_convergence_test = true
     max_bond_rmsd = 0.03
     max_r_work_r_free_gap = 5.0
     r_tolerance = 0.001
     rmsd_tolerance = 0.001
     opt_log = False
     pre_opt = False
     pre_opt_stpmax = 0.1
     pre_opt_iter = 10
     pre_opt_switch = 2
     pre_opt_gconv = 3000
   }
   parallel {
     method = *multiprocessing slurm pbs sge lsf threading
     nproc = None
     qsub_command = None
   }
   output_file_name_prefix = None
   output_folder_name = "pdb"
   shared_disk = True
   rst_file = None
   dump_gradients = None

Setting QM defaults
  Setting QM method to PM7


***********************************************************
restart info will be stored in /home/lum/mopac_opt/15_5-9/mopac_opt/pdb/5.rst.pickle
***********************************************************

start   0 rmsd(b):  0.0194 rws:  1.000 n_fev: 0
  step:   1 bond rmsd: 0.019442
  step:   2 bond rmsd: 0.094132
  step:   3 bond rmsd: 0.094132
  step:   4 bond rmsd: 0.080564
  step:   5 bond rmsd: 0.068454
  step:   6 bond rmsd: 0.056864
  step:   7 bond rmsd: 0.047677
  step:   8 bond rmsd: 0.040734
  step:   9 bond rmsd: 0.035456
  step:  10 bond rmsd: 0.031436
  step:  11 bond rmsd: 0.028215
  step:  12 bond rmsd: 0.025659
  step:  13 bond rmsd: 0.023585
  step:  14 bond rmsd: 0.021985
  step:  15 bond rmsd: 0.020754
  step:  16 bond rmsd: 0.019889
  step:  17 bond rmsd: 0.019397
  step:  18 bond rmsd: 0.019327
  step:  19 bond rmsd: 0.019694
  step:  20 bond rmsd: 0.020153
  step:  21 bond rmsd: 0.020485
  step:  22 bond rmsd: 0.020818
  step:  23 bond rmsd: 0.021270
  step:  24 bond rmsd: 0.021592
  step:  25 bond rmsd: 0.021895
  step:  26 bond rmsd: 0.022103
  step:  27 bond rmsd: 0.022307
  step:  28 bond rmsd: 0.022596
  step:  29 bond rmsd: 0.022702
  step:  30 bond rmsd: 0.023312
  step:  31 bond rmsd: 0.023331
  step:  32 bond rmsd: 0.023460
  step:  33 bond rmsd: 0.023406
  step:  34 bond rmsd: 0.023357
  step:  35 bond rmsd: 0.023280
  step:  36 bond rmsd: 0.023233
  step:  37 bond rmsd: 0.023163
  step:  38 bond rmsd: 0.023068
  step:  39 bond rmsd: 0.023018
  step:  40 bond rmsd: 0.022976
  step:  41 bond rmsd: 0.022968
  step:  42 bond rmsd: 0.022955
  step:  43 bond rmsd: 0.022954
  step:  44 bond rmsd: 0.022894
  step:  45 bond rmsd: 0.022922
  step:  46 bond rmsd: 0.022721
  step:  47 bond rmsd: 0.022651
  step:  48 bond rmsd: 0.022685
  step:  49 bond rmsd: 0.022558
  step:  50 bond rmsd: 0.022468
  step:  51 bond rmsd: 0.022243
  step:  52 bond rmsd: 0.022214
micro_cycle   1 rmsd(b):  0.0222 rws:  1.000 n_fev: 52
  step:   1 bond rmsd: 0.022214
  step:   2 bond rmsd: 0.028713
  step:   3 bond rmsd: 0.028713
  step:   4 bond rmsd: 0.026495
  step:   5 bond rmsd: 0.024557
  step:   6 bond rmsd: 0.023447
  step:   7 bond rmsd: 0.022897
  step:   8 bond rmsd: 0.022492
  step:   9 bond rmsd: 0.022314
  step:  10 bond rmsd: 0.022180
  step:  11 bond rmsd: 0.022131
  step:  12 bond rmsd: 0.022099
  step:  13 bond rmsd: 0.022101
  step:  14 bond rmsd: 0.022105
  step:  15 bond rmsd: 0.022127
  step:  16 bond rmsd: 0.022144
  step:  17 bond rmsd: 0.022173
  step:  18 bond rmsd: 0.022193
  step:  19 bond rmsd: 0.022219
  step:  20 bond rmsd: 0.022245
  step:  21 bond rmsd: 0.022263
  step:  22 bond rmsd: 0.022311
  step:  23 bond rmsd: 0.022315
  step:  24 bond rmsd: 0.022315
  step:  25 bond rmsd: 0.022320
  step:  26 bond rmsd: 0.022331
  step:  27 bond rmsd: 0.022334
  step:  28 bond rmsd: 0.022318
  step:  29 bond rmsd: 0.022288
  step:  30 bond rmsd: 0.022236
  step:  31 bond rmsd: 0.022215
  step:  32 bond rmsd: 0.022202
  step:  33 bond rmsd: 0.022202
  step:  34 bond rmsd: 0.022152
  step:  35 bond rmsd: 0.022012
  step:  36 bond rmsd: 0.021963
  step:  37 bond rmsd: 0.021892
  step:  38 bond rmsd: 0.021791
  step:  39 bond rmsd: 0.021795
  step:  40 bond rmsd: 0.021731
  step:  41 bond rmsd: 0.021657
  step:  42 bond rmsd: 0.021615
  step:  43 bond rmsd: 0.021576
  step:  44 bond rmsd: 0.021477
  step:  45 bond rmsd: 0.021467
  step:  46 bond rmsd: 0.021419
  step:  47 bond rmsd: 0.021416
  step:  48 bond rmsd: 0.021421
  step:  49 bond rmsd: 0.021402
  step:  50 bond rmsd: 0.021452
  step:  51 bond rmsd: 0.021425
  step:  52 bond rmsd: 0.021493
  step:  53 bond rmsd: 0.021503
  step:  54 bond rmsd: 0.021592
micro_cycle   2 rmsd(b):  0.0216 rws:  1.000 n_fev: 106
  step:   1 bond rmsd: 0.021592
  step:   2 bond rmsd: 0.048557
  step:   3 bond rmsd: 0.048557
  step:   4 bond rmsd: 0.040743
  step:   5 bond rmsd: 0.033453
  step:   6 bond rmsd: 0.028967
  step:   7 bond rmsd: 0.026330
  step:   8 bond rmsd: 0.024623
  step:   9 bond rmsd: 0.023498
  step:  10 bond rmsd: 0.022735
  step:  11 bond rmsd: 0.022239
  step:  12 bond rmsd: 0.021912
  step:  13 bond rmsd: 0.021707
  step:  14 bond rmsd: 0.021578
  step:  15 bond rmsd: 0.021500
  step:  16 bond rmsd: 0.021455
  step:  17 bond rmsd: 0.021431
  step:  18 bond rmsd: 0.021422
  step:  19 bond rmsd: 0.021423
  step:  20 bond rmsd: 0.021429
  step:  21 bond rmsd: 0.021440
  step:  22 bond rmsd: 0.021454
  step:  23 bond rmsd: 0.021470
  step:  24 bond rmsd: 0.021495
  step:  25 bond rmsd: 0.021528
  step:  26 bond rmsd: 0.021566
  step:  27 bond rmsd: 0.021622
  step:  28 bond rmsd: 0.021681
  step:  29 bond rmsd: 0.021796
  step:  30 bond rmsd: 0.021827
  step:  31 bond rmsd: 0.021846
  step:  32 bond rmsd: 0.021886
  step:  33 bond rmsd: 0.021885
  step:  34 bond rmsd: 0.021849
  step:  35 bond rmsd: 0.021819
  step:  36 bond rmsd: 0.021848
  step:  37 bond rmsd: 0.021784
  step:  38 bond rmsd: 0.021777
  step:  39 bond rmsd: 0.021748
  step:  40 bond rmsd: 0.021746
  step:  41 bond rmsd: 0.021734
  step:  42 bond rmsd: 0.021728
  step:  43 bond rmsd: 0.021738
  step:  44 bond rmsd: 0.021866
  step:  45 bond rmsd: 0.021871
  step:  46 bond rmsd: 0.021792
  step:  47 bond rmsd: 0.021892
  step:  48 bond rmsd: 0.021910
  step:  49 bond rmsd: 0.021946
  step:  50 bond rmsd: 0.022000
  step:  51 bond rmsd: 0.022074
  step:  52 bond rmsd: 0.022070
minimization failed: MOPAC: could not find total energy
See 5_refined.pdb in pdb folder.
Time: 19549.3667
