Starting Q|R
Running refinement
   input {
     xray_data {
       file_name = None
       labels = None
       high_resolution = None
       low_resolution = None
       outliers_rejection = True
       french_wilson_scale = True
       french_wilson {
         max_bins = 60
         min_bin_size = 40
       }
       sigma_fobs_rejection_criterion = None
       sigma_iobs_rejection_criterion = None
       ignore_all_zeros = True
       force_anomalous_flag_to_be_equal_to = None
       convert_to_non_anomalous_if_ratio_pairs_lone_less_than_threshold = 0.5
       r_free_flags {
         file_name = None
         label = None
         test_flag_value = None
         ignore_r_free_flags = False
         disable_suitability_test = False
         ignore_pdb_hexdigest = False
         generate = False
         fraction = 0.1
         max_free = 2000
         lattice_symmetry_max_delta = 5
         use_lattice_symmetry = True
         use_dataman_shells = False
         n_shells = 20
       }
     }
     pdb {
       file_name = None
     }
     monomers {
       file_name = None
     }
     maps {
       map_file_name = None
       d_min = None
       map_coefficients_file_name = None
       map_coefficients_label = None
     }
     sequence = None
     scattering_table = wk1995 it1992 *n_gaussian neutron electron
     wavelength = None
     energy = None
     twin_law = Auto
   }
   max_atoms = 15000
   debug = False
   cluster {
     charge_cutoff = 8.0
     clustering = false
     charge_embedding = False
     two_buffers = False
     maxnum_residues_in_cluster = 15
     clustering_method = gnc *bcc
     altloc_method = *average subtract
   }
   restraints = *cctbx qm
   quantum {
     engine_name = *mopac ani torchani terachem turbomole pyscf orca gaussian \
                   xtb
     charge = None
     basis = Auto
     method = Auto
     memory = None
     nproc = None
     qm_addon = gcp dftd3 gcp-d3
     qm_addon_method = None
   }
   refine {
     dry_run = False
     sf_algorithm = *direct fft
     refinement_target_name = *ml ls_wunit_k1
     mode = *opt refine
     number_of_macro_cycles = 1
     number_of_weight_search_cycles = 50
     number_of_refine_cycles = 5
     number_of_micro_cycles = 50
     data_weight = None
     choose_best_use_r_work = False
     skip_initial_weight_optimization = False
     adjust_restraints_weight_scale_value = 2
     max_iterations_weight = 50
     max_iterations_refine = 50
     use_ase_lbfgs = False
     line_search = True
     stpmax = 0.2
     gradient_only = true
     update_all_scales = True
     refine_sites = True
     refine_adp = False
     restraints_weight_scale = 1.0
     shake_sites = False
     use_convergence_test = true
     max_bond_rmsd = 0.03
     max_r_work_r_free_gap = 5.0
     r_tolerance = 0.001
     rmsd_tolerance = 0.001
     opt_log = False
     pre_opt = False
     pre_opt_stpmax = 0.1
     pre_opt_iter = 10
     pre_opt_switch = 2
     pre_opt_gconv = 3000
   }
   parallel {
     method = *multiprocessing slurm pbs sge lsf threading
     nproc = None
     qsub_command = None
   }
   output_file_name_prefix = None
   output_folder_name = "pdb"
   shared_disk = True
   rst_file = None
   dump_gradients = None

Setting QM defaults
  Setting QM method to PM7


***********************************************************
restart info will be stored in /home/lum/3nir/cctbx_opt/pdb/1.rst.pickle
***********************************************************

start   0 rmsd(b):  0.0172 rws:  1.000 n_fev: 0
  step:   1 bond rmsd: 0.017237
  step:   2 bond rmsd: 0.065552
  step:   3 bond rmsd: 0.065552
  step:   4 bond rmsd: 0.053416
  step:   5 bond rmsd: 0.043477
  step:   6 bond rmsd: 0.035585
  step:   7 bond rmsd: 0.029306
  step:   8 bond rmsd: 0.024312
  step:   9 bond rmsd: 0.020341
  step:  10 bond rmsd: 0.017191
  step:  11 bond rmsd: 0.014697
  step:  12 bond rmsd: 0.012727
  step:  13 bond rmsd: 0.011170
  step:  14 bond rmsd: 0.009935
  step:  15 bond rmsd: 0.008946
  step:  16 bond rmsd: 0.008139
  step:  17 bond rmsd: 0.007463
  step:  18 bond rmsd: 0.006874
  step:  19 bond rmsd: 0.006336
  step:  20 bond rmsd: 0.005817
  step:  21 bond rmsd: 0.005288
  step:  22 bond rmsd: 0.004681
  step:  23 bond rmsd: 0.003964
  step:  24 bond rmsd: 0.003312
  step:  25 bond rmsd: 0.003080
  step:  26 bond rmsd: 0.002993
  step:  27 bond rmsd: 0.003027
  step:  28 bond rmsd: 0.003057
  step:  29 bond rmsd: 0.003089
  step:  30 bond rmsd: 0.003147
  step:  31 bond rmsd: 0.003193
  step:  32 bond rmsd: 0.003220
  step:  33 bond rmsd: 0.003253
  step:  34 bond rmsd: 0.003277
  step:  35 bond rmsd: 0.003255
  step:  36 bond rmsd: 0.003250
  step:  37 bond rmsd: 0.003214
  step:  38 bond rmsd: 0.003176
  step:  39 bond rmsd: 0.003085
  step:  40 bond rmsd: 0.002993
  step:  41 bond rmsd: 0.002912
  step:  42 bond rmsd: 0.002808
  step:  43 bond rmsd: 0.002715
  step:  44 bond rmsd: 0.002653
  step:  45 bond rmsd: 0.002578
  step:  46 bond rmsd: 0.002535
  step:  47 bond rmsd: 0.002488
  step:  48 bond rmsd: 0.002415
  step:  49 bond rmsd: 0.002362
  step:  50 bond rmsd: 0.002318
  step:  51 bond rmsd: 0.002272
  step:  52 bond rmsd: 0.002246
micro_cycle   1 rmsd(b):  0.0022 rws:  1.000 n_fev: 52
  step:   1 bond rmsd: 0.002246
  step:   2 bond rmsd: 0.029674
  step:   3 bond rmsd: 0.025070
  step:   4 bond rmsd: 0.020137
  step:   5 bond rmsd: 0.016203
  step:   6 bond rmsd: 0.013062
  step:   7 bond rmsd: 0.010565
  step:   8 bond rmsd: 0.008586
  step:   9 bond rmsd: 0.007023
  step:  10 bond rmsd: 0.005798
  step:  11 bond rmsd: 0.004846
  step:  12 bond rmsd: 0.004113
  step:  13 bond rmsd: 0.003558
  step:  14 bond rmsd: 0.003143
  step:  15 bond rmsd: 0.002839
  step:  16 bond rmsd: 0.002619
  step:  17 bond rmsd: 0.002463
  step:  18 bond rmsd: 0.002352
  step:  19 bond rmsd: 0.002273
  step:  20 bond rmsd: 0.002218
  step:  21 bond rmsd: 0.002177
  step:  22 bond rmsd: 0.002148
  step:  23 bond rmsd: 0.002126
  step:  24 bond rmsd: 0.002108
  step:  25 bond rmsd: 0.002093
  step:  26 bond rmsd: 0.002080
  step:  27 bond rmsd: 0.002068
  step:  28 bond rmsd: 0.002056
  step:  29 bond rmsd: 0.002042
  step:  30 bond rmsd: 0.002028
  step:  31 bond rmsd: 0.002010
  step:  32 bond rmsd: 0.001988
  step:  33 bond rmsd: 0.001967
  step:  34 bond rmsd: 0.001940
  step:  35 bond rmsd: 0.001916
  step:  36 bond rmsd: 0.001882
  step:  37 bond rmsd: 0.001855
  step:  38 bond rmsd: 0.001811
  step:  39 bond rmsd: 0.001779
  step:  40 bond rmsd: 0.001759
  step:  41 bond rmsd: 0.001761
  step:  42 bond rmsd: 0.001742
  step:  43 bond rmsd: 0.001737
  step:  44 bond rmsd: 0.001730
  step:  45 bond rmsd: 0.001735
  step:  46 bond rmsd: 0.001760
  step:  47 bond rmsd: 0.001772
  step:  48 bond rmsd: 0.001806
  step:  49 bond rmsd: 0.001827
  step:  50 bond rmsd: 0.001855
  step:  51 bond rmsd: 0.001883
  step:  52 bond rmsd: 0.001926
micro_cycle   2 rmsd(b):  0.0019 rws:  1.000 n_fev: 104
  step:   1 bond rmsd: 0.001926
  step:   2 bond rmsd: 0.058699
  step:   3 bond rmsd: 0.011161
  step:   4 bond rmsd: 0.009030
  step:   5 bond rmsd: 0.007341
  step:   6 bond rmsd: 0.006010
  step:   7 bond rmsd: 0.004968
  step:   8 bond rmsd: 0.004158
  step:   9 bond rmsd: 0.003537
  step:  10 bond rmsd: 0.003067
  step:  11 bond rmsd: 0.002718
  step:  12 bond rmsd: 0.002462
  step:  13 bond rmsd: 0.002278
  step:  14 bond rmsd: 0.002147
  step:  15 bond rmsd: 0.002055
  step:  16 bond rmsd: 0.001990
  step:  17 bond rmsd: 0.001944
  step:  18 bond rmsd: 0.001911
  step:  19 bond rmsd: 0.001887
  step:  20 bond rmsd: 0.001869
  step:  21 bond rmsd: 0.001855
  step:  22 bond rmsd: 0.001845
  step:  23 bond rmsd: 0.001836
  step:  24 bond rmsd: 0.001828
  step:  25 bond rmsd: 0.001821
  step:  26 bond rmsd: 0.001813
  step:  27 bond rmsd: 0.001803
  step:  28 bond rmsd: 0.001790
  step:  29 bond rmsd: 0.001772
  step:  30 bond rmsd: 0.001745
  step:  31 bond rmsd: 0.001700
  step:  32 bond rmsd: 0.001669
  step:  33 bond rmsd: 0.001645
  step:  34 bond rmsd: 0.001670
  step:  35 bond rmsd: 0.001659
  step:  36 bond rmsd: 0.001651
  step:  37 bond rmsd: 0.001646
  step:  38 bond rmsd: 0.001643
  step:  39 bond rmsd: 0.001641
  step:  40 bond rmsd: 0.001639
  step:  41 bond rmsd: 0.001642
  step:  42 bond rmsd: 0.001639
  step:  43 bond rmsd: 0.001641
  step:  44 bond rmsd: 0.001644
  step:  45 bond rmsd: 0.001650
  step:  46 bond rmsd: 0.001647
  step:  47 bond rmsd: 0.001651
  step:  48 bond rmsd: 0.001654
  step:  49 bond rmsd: 0.001657
  step:  50 bond rmsd: 0.001659
  step:  51 bond rmsd: 0.001661
  step:  52 bond rmsd: 0.001663
micro_cycle   3 rmsd(b):  0.0017 rws:  1.000 n_fev: 156
  step:   1 bond rmsd: 0.001663
  step:   2 bond rmsd: 0.078742
  step:   3 bond rmsd: 0.003991
  step:   4 bond rmsd: 0.003344
  step:   5 bond rmsd: 0.002853
  step:   6 bond rmsd: 0.002489
  step:   7 bond rmsd: 0.002224
  step:   8 bond rmsd: 0.002037
  step:   9 bond rmsd: 0.001907
  step:  10 bond rmsd: 0.001818
  step:  11 bond rmsd: 0.001759
  step:  12 bond rmsd: 0.001720
  step:  13 bond rmsd: 0.001694
  step:  14 bond rmsd: 0.001677
  step:  15 bond rmsd: 0.001665
  step:  16 bond rmsd: 0.001658
  step:  17 bond rmsd: 0.001653
  step:  18 bond rmsd: 0.001649
  step:  19 bond rmsd: 0.001647
  step:  20 bond rmsd: 0.001645
  step:  21 bond rmsd: 0.001644
  step:  22 bond rmsd: 0.001643
  step:  23 bond rmsd: 0.001642
  step:  24 bond rmsd: 0.001641
  step:  25 bond rmsd: 0.001639
  step:  26 bond rmsd: 0.001637
  step:  27 bond rmsd: 0.001634
  step:  28 bond rmsd: 0.001629
  step:  29 bond rmsd: 0.001618
  step:  30 bond rmsd: 0.001614
  step:  31 bond rmsd: 0.001614
  step:  32 bond rmsd: 0.001631
  step:  33 bond rmsd: 0.001631
  step:  34 bond rmsd: 0.001627
  step:  35 bond rmsd: 0.001625
  step:  36 bond rmsd: 0.001625
  step:  37 bond rmsd: 0.001627
  step:  38 bond rmsd: 0.001630
  step:  39 bond rmsd: 0.001632
  step:  40 bond rmsd: 0.001635
  step:  41 bond rmsd: 0.001638
  step:  42 bond rmsd: 0.001642
  step:  43 bond rmsd: 0.001646
  step:  44 bond rmsd: 0.001651
  step:  45 bond rmsd: 0.001647
  step:  46 bond rmsd: 0.001652
  step:  47 bond rmsd: 0.001656
  step:  48 bond rmsd: 0.001660
  step:  49 bond rmsd: 0.001660
  step:  50 bond rmsd: 0.001664
  step:  51 bond rmsd: 0.001663
  step:  52 bond rmsd: 0.001662
  step:  53 bond rmsd: 0.001669
micro_cycle   4 rmsd(b):  0.0017 rws:  1.000 n_fev: 209
  step:   1 bond rmsd: 0.001669
  step:   2 bond rmsd: 0.055513
  step:   3 bond rmsd: 0.011591
  step:   4 bond rmsd: 0.009299
  step:   5 bond rmsd: 0.007476
  step:   6 bond rmsd: 0.006031
  step:   7 bond rmsd: 0.004894
  step:   8 bond rmsd: 0.004006
  step:   9 bond rmsd: 0.003322
  step:  10 bond rmsd: 0.002805
  step:  11 bond rmsd: 0.002422
  step:  12 bond rmsd: 0.002147
  step:  13 bond rmsd: 0.001956
  step:  14 bond rmsd: 0.001828
  step:  15 bond rmsd: 0.001744
  step:  16 bond rmsd: 0.001692
  step:  17 bond rmsd: 0.001659
  step:  18 bond rmsd: 0.001640
  step:  19 bond rmsd: 0.001629
  step:  20 bond rmsd: 0.001623
  step:  21 bond rmsd: 0.001620
  step:  22 bond rmsd: 0.001619
  step:  23 bond rmsd: 0.001619
  step:  24 bond rmsd: 0.001620
  step:  25 bond rmsd: 0.001621
  step:  26 bond rmsd: 0.001621
  step:  27 bond rmsd: 0.001622
  step:  28 bond rmsd: 0.001623
  step:  29 bond rmsd: 0.001624
  step:  30 bond rmsd: 0.001624
  step:  31 bond rmsd: 0.001623
  step:  32 bond rmsd: 0.001621
  step:  33 bond rmsd: 0.001613
  step:  34 bond rmsd: 0.001599
  step:  35 bond rmsd: 0.001590
  step:  36 bond rmsd: 0.001586
  step:  37 bond rmsd: 0.001576
  step:  38 bond rmsd: 0.001574
  step:  39 bond rmsd: 0.001574
  step:  40 bond rmsd: 0.001573
  step:  41 bond rmsd: 0.001574
  step:  42 bond rmsd: 0.001574
  step:  43 bond rmsd: 0.001573
  step:  44 bond rmsd: 0.001574
  step:  45 bond rmsd: 0.001572
  step:  46 bond rmsd: 0.001573
  step:  47 bond rmsd: 0.001572
  step:  48 bond rmsd: 0.001574
  step:  49 bond rmsd: 0.001573
  step:  50 bond rmsd: 0.001576
  step:  51 bond rmsd: 0.001576
  step:  52 bond rmsd: 0.001573
micro_cycle   5 rmsd(b):  0.0016 rws:  1.000 n_fev: 261
  step:   1 bond rmsd: 0.001573
  step:   2 bond rmsd: 0.058016
  step:   3 bond rmsd: 0.002911
  step:   4 bond rmsd: 0.002506
  step:   5 bond rmsd: 0.002209
  step:   6 bond rmsd: 0.001997
  step:   7 bond rmsd: 0.001850
  step:   8 bond rmsd: 0.001750
  step:   9 bond rmsd: 0.001683
  step:  10 bond rmsd: 0.001640
  step:  11 bond rmsd: 0.001611
  step:  12 bond rmsd: 0.001593
  step:  13 bond rmsd: 0.001582
  step:  14 bond rmsd: 0.001575
  step:  15 bond rmsd: 0.001570
  step:  16 bond rmsd: 0.001567
  step:  17 bond rmsd: 0.001565
  step:  18 bond rmsd: 0.001564
  step:  19 bond rmsd: 0.001564
  step:  20 bond rmsd: 0.001563
  step:  21 bond rmsd: 0.001563
  step:  22 bond rmsd: 0.001563
  step:  23 bond rmsd: 0.001562
  step:  24 bond rmsd: 0.001562
  step:  25 bond rmsd: 0.001562
  step:  26 bond rmsd: 0.001561
  step:  27 bond rmsd: 0.001560
  step:  28 bond rmsd: 0.001558
  step:  29 bond rmsd: 0.001553
  step:  30 bond rmsd: 0.001551
  step:  31 bond rmsd: 0.001550
  step:  32 bond rmsd: 0.001548
  step:  33 bond rmsd: 0.001550
  step:  34 bond rmsd: 0.001550
  step:  35 bond rmsd: 0.001557
  step:  36 bond rmsd: 0.001558
  step:  37 bond rmsd: 0.001562
  step:  38 bond rmsd: 0.001566
  step:  39 bond rmsd: 0.001569
  step:  40 bond rmsd: 0.001574
  step:  41 bond rmsd: 0.001576
  step:  42 bond rmsd: 0.001589
  step:  43 bond rmsd: 0.001590
  step:  44 bond rmsd: 0.001591
  step:  45 bond rmsd: 0.001590
  step:  46 bond rmsd: 0.001589
  step:  47 bond rmsd: 0.001586
  step:  48 bond rmsd: 0.001583
  step:  49 bond rmsd: 0.001583
  step:  50 bond rmsd: 0.001578
  step:  51 bond rmsd: 0.001576
  step:  52 bond rmsd: 0.001567
micro_cycle   6 rmsd(b):  0.0016 rws:  1.000 n_fev: 313
  step:   1 bond rmsd: 0.001567
  step:   2 bond rmsd: 0.055099
  step:   3 bond rmsd: 0.010606
  step:   4 bond rmsd: 0.008561
  step:   5 bond rmsd: 0.006932
  step:   6 bond rmsd: 0.005648
  step:   7 bond rmsd: 0.004640
  step:   8 bond rmsd: 0.003854
  step:   9 bond rmsd: 0.003248
  step:  10 bond rmsd: 0.002786
  step:  11 bond rmsd: 0.002440
  step:  12 bond rmsd: 0.002184
  step:  13 bond rmsd: 0.001999
  step:  14 bond rmsd: 0.001868
  step:  15 bond rmsd: 0.001775
  step:  16 bond rmsd: 0.001710
  step:  17 bond rmsd: 0.001664
  step:  18 bond rmsd: 0.001633
  step:  19 bond rmsd: 0.001610
  step:  20 bond rmsd: 0.001594
  step:  21 bond rmsd: 0.001583
  step:  22 bond rmsd: 0.001575
  step:  23 bond rmsd: 0.001568
  step:  24 bond rmsd: 0.001563
  step:  25 bond rmsd: 0.001560
  step:  26 bond rmsd: 0.001556
  step:  27 bond rmsd: 0.001554
  step:  28 bond rmsd: 0.001551
  step:  29 bond rmsd: 0.001549
  step:  30 bond rmsd: 0.001546
  step:  31 bond rmsd: 0.001544
  step:  32 bond rmsd: 0.001542
  step:  33 bond rmsd: 0.001542
  step:  34 bond rmsd: 0.001542
  step:  35 bond rmsd: 0.001541
  step:  36 bond rmsd: 0.001548
  step:  37 bond rmsd: 0.001548
  step:  38 bond rmsd: 0.001547
  step:  39 bond rmsd: 0.001547
  step:  40 bond rmsd: 0.001547
  step:  41 bond rmsd: 0.001547
  step:  42 bond rmsd: 0.001546
  step:  43 bond rmsd: 0.001548
  step:  44 bond rmsd: 0.001542
  step:  45 bond rmsd: 0.001543
  step:  46 bond rmsd: 0.001543
  step:  47 bond rmsd: 0.001545
  step:  48 bond rmsd: 0.001545
  step:  49 bond rmsd: 0.001544
  step:  50 bond rmsd: 0.001543
  step:  51 bond rmsd: 0.001541
  step:  52 bond rmsd: 0.001547
micro_cycle   7 rmsd(b):  0.0015 rws:  1.000 n_fev: 365
  step:   1 bond rmsd: 0.001547
  step:   2 bond rmsd: 0.042598
  step:   3 bond rmsd: 0.004757
  step:   4 bond rmsd: 0.003882
  step:   5 bond rmsd: 0.003207
  step:   6 bond rmsd: 0.002694
  step:   7 bond rmsd: 0.002314
  step:   8 bond rmsd: 0.002040
  step:   9 bond rmsd: 0.001849
  step:  10 bond rmsd: 0.001721
  step:  11 bond rmsd: 0.001638
  step:  12 bond rmsd: 0.001586
  step:  13 bond rmsd: 0.001555
  step:  14 bond rmsd: 0.001538
  step:  15 bond rmsd: 0.001528
  step:  16 bond rmsd: 0.001523
  step:  17 bond rmsd: 0.001522
  step:  18 bond rmsd: 0.001522
  step:  19 bond rmsd: 0.001522
  step:  20 bond rmsd: 0.001523
  step:  21 bond rmsd: 0.001525
  step:  22 bond rmsd: 0.001526
  step:  23 bond rmsd: 0.001527
  step:  24 bond rmsd: 0.001528
  step:  25 bond rmsd: 0.001529
  step:  26 bond rmsd: 0.001530
  step:  27 bond rmsd: 0.001531
  step:  28 bond rmsd: 0.001532
  step:  29 bond rmsd: 0.001533
  step:  30 bond rmsd: 0.001534
  step:  31 bond rmsd: 0.001535
  step:  32 bond rmsd: 0.001535
  step:  33 bond rmsd: 0.001533
  step:  34 bond rmsd: 0.001527
  step:  35 bond rmsd: 0.001521
  step:  36 bond rmsd: 0.001518
  step:  37 bond rmsd: 0.001518
  step:  38 bond rmsd: 0.001517
  step:  39 bond rmsd: 0.001518
  step:  40 bond rmsd: 0.001522
  step:  41 bond rmsd: 0.001524
  step:  42 bond rmsd: 0.001527
  step:  43 bond rmsd: 0.001530
  step:  44 bond rmsd: 0.001534
  step:  45 bond rmsd: 0.001540
  step:  46 bond rmsd: 0.001544
  step:  47 bond rmsd: 0.001554
  step:  48 bond rmsd: 0.001560
  step:  49 bond rmsd: 0.001569
  step:  50 bond rmsd: 0.001577
  step:  51 bond rmsd: 0.001588
  step:  52 bond rmsd: 0.001599
micro_cycle   8 rmsd(b):  0.0016 rws:  1.000 n_fev: 417
  step:   1 bond rmsd: 0.001599
  step:   2 bond rmsd: 0.058136
  step:   3 bond rmsd: 0.001700
  step:   4 bond rmsd: 0.001652
  step:   5 bond rmsd: 0.001622
  step:   6 bond rmsd: 0.001603
  step:   7 bond rmsd: 0.001592
  step:   8 bond rmsd: 0.001585
  step:   9 bond rmsd: 0.001581
  step:  10 bond rmsd: 0.001579
  step:  11 bond rmsd: 0.001578
  step:  12 bond rmsd: 0.001577
  step:  13 bond rmsd: 0.001577
  step:  14 bond rmsd: 0.001577
  step:  15 bond rmsd: 0.001577
  step:  16 bond rmsd: 0.001576
  step:  17 bond rmsd: 0.001576
  step:  18 bond rmsd: 0.001576
  step:  19 bond rmsd: 0.001576
  step:  20 bond rmsd: 0.001574
  step:  21 bond rmsd: 0.001572
  step:  22 bond rmsd: 0.001569
  step:  23 bond rmsd: 0.001562
  step:  24 bond rmsd: 0.001550
  step:  25 bond rmsd: 0.001531
  step:  26 bond rmsd: 0.001523
  step:  27 bond rmsd: 0.001518
  step:  28 bond rmsd: 0.001518
  step:  29 bond rmsd: 0.001514
  step:  30 bond rmsd: 0.001516
  step:  31 bond rmsd: 0.001517
  step:  32 bond rmsd: 0.001518
  step:  33 bond rmsd: 0.001519
  step:  34 bond rmsd: 0.001519
  step:  35 bond rmsd: 0.001521
  step:  36 bond rmsd: 0.001521
  step:  37 bond rmsd: 0.001524
  step:  38 bond rmsd: 0.001524
  step:  39 bond rmsd: 0.001521
  step:  40 bond rmsd: 0.001521
  step:  41 bond rmsd: 0.001520
  step:  42 bond rmsd: 0.001516
  step:  43 bond rmsd: 0.001515
  step:  44 bond rmsd: 0.001512
  step:  45 bond rmsd: 0.001511
  step:  46 bond rmsd: 0.001509
  step:  47 bond rmsd: 0.001508
  step:  48 bond rmsd: 0.001508
  step:  49 bond rmsd: 0.001506
  step:  50 bond rmsd: 0.001508
  step:  51 bond rmsd: 0.001504
  step:  52 bond rmsd: 0.001506
micro_cycle   9 rmsd(b):  0.0015 rws:  1.000 n_fev: 469
  step:   1 bond rmsd: 0.001506
  step:   2 bond rmsd: 0.045701
  step:   3 bond rmsd: 0.007555
  step:   4 bond rmsd: 0.006139
  step:   5 bond rmsd: 0.005019
  step:   6 bond rmsd: 0.004144
  step:   7 bond rmsd: 0.003464
  step:   8 bond rmsd: 0.002941
  step:   9 bond rmsd: 0.002546
  step:  10 bond rmsd: 0.002251
  step:  11 bond rmsd: 0.002035
  step:  12 bond rmsd: 0.001880
  step:  13 bond rmsd: 0.001769
  step:  14 bond rmsd: 0.001691
  step:  15 bond rmsd: 0.001637
  step:  16 bond rmsd: 0.001598
  step:  17 bond rmsd: 0.001572
  step:  18 bond rmsd: 0.001553
  step:  19 bond rmsd: 0.001539
  step:  20 bond rmsd: 0.001529
  step:  21 bond rmsd: 0.001522
  step:  22 bond rmsd: 0.001517
  step:  23 bond rmsd: 0.001512
  step:  24 bond rmsd: 0.001509
  step:  25 bond rmsd: 0.001506
  step:  26 bond rmsd: 0.001504
  step:  27 bond rmsd: 0.001502
  step:  28 bond rmsd: 0.001500
  step:  29 bond rmsd: 0.001499
  step:  30 bond rmsd: 0.001497
  step:  31 bond rmsd: 0.001497
  step:  32 bond rmsd: 0.001499
  step:  33 bond rmsd: 0.001501
  step:  34 bond rmsd: 0.001502
  step:  35 bond rmsd: 0.001523
  step:  36 bond rmsd: 0.001522
  step:  37 bond rmsd: 0.001520
  step:  38 bond rmsd: 0.001519
  step:  39 bond rmsd: 0.001518
  step:  40 bond rmsd: 0.001518
  step:  41 bond rmsd: 0.001516
  step:  42 bond rmsd: 0.001516
  step:  43 bond rmsd: 0.001516
  step:  44 bond rmsd: 0.001517
  step:  45 bond rmsd: 0.001517
  step:  46 bond rmsd: 0.001520
  step:  47 bond rmsd: 0.001520
  step:  48 bond rmsd: 0.001520
  step:  49 bond rmsd: 0.001521
  step:  50 bond rmsd: 0.001520
  step:  51 bond rmsd: 0.001521
  step:  52 bond rmsd: 0.001521
micro_cycle  10 rmsd(b):  0.0015 rws:  1.000 n_fev: 521
  step:   1 bond rmsd: 0.001521
  step:   2 bond rmsd: 0.037208
  step:   3 bond rmsd: 0.001526
  step:   4 bond rmsd: 0.001524
  step:   5 bond rmsd: 0.001523
  step:   6 bond rmsd: 0.001522
  step:   7 bond rmsd: 0.001521
  step:   8 bond rmsd: 0.001521
  step:   9 bond rmsd: 0.001520
  step:  10 bond rmsd: 0.001520
  step:  11 bond rmsd: 0.001520
  step:  12 bond rmsd: 0.001520
  step:  13 bond rmsd: 0.001520
  step:  14 bond rmsd: 0.001520
  step:  15 bond rmsd: 0.001520
  step:  16 bond rmsd: 0.001520
  step:  17 bond rmsd: 0.001520
  step:  18 bond rmsd: 0.001519
  step:  19 bond rmsd: 0.001509
  step:  20 bond rmsd: 0.001509
  step:  21 bond rmsd: 0.001509
  step:  22 bond rmsd: 0.001510
  step:  23 bond rmsd: 0.001511
  step:  24 bond rmsd: 0.001511
  step:  25 bond rmsd: 0.001512
  step:  26 bond rmsd: 0.001512
  step:  27 bond rmsd: 0.001513
  step:  28 bond rmsd: 0.001513
  step:  29 bond rmsd: 0.001513
  step:  30 bond rmsd: 0.001513
  step:  31 bond rmsd: 0.001512
  step:  32 bond rmsd: 0.001516
  step:  33 bond rmsd: 0.001514
  step:  34 bond rmsd: 0.001509
  step:  35 bond rmsd: 0.001503
  step:  36 bond rmsd: 0.001493
  step:  37 bond rmsd: 0.001488
  step:  38 bond rmsd: 0.001483
  step:  39 bond rmsd: 0.001480
  step:  40 bond rmsd: 0.001476
  step:  41 bond rmsd: 0.001475
  step:  42 bond rmsd: 0.001480
  step:  43 bond rmsd: 0.001480
  step:  44 bond rmsd: 0.001484
  step:  45 bond rmsd: 0.001490
  step:  46 bond rmsd: 0.001493
  step:  47 bond rmsd: 0.001505
  step:  48 bond rmsd: 0.001514
  step:  49 bond rmsd: 0.001533
  step:  50 bond rmsd: 0.001546
  step:  51 bond rmsd: 0.001564
  step:  52 bond rmsd: 0.001582
  step:  53 bond rmsd: 0.001595
micro_cycle  11 rmsd(b):  0.0016 rws:  1.000 n_fev: 574
  step:   1 bond rmsd: 0.001595
  step:   2 bond rmsd: 0.084959
  step:   3 bond rmsd: 0.003091
  step:   4 bond rmsd: 0.002651
  step:   5 bond rmsd: 0.002325
  step:   6 bond rmsd: 0.002090
  step:   7 bond rmsd: 0.001924
  step:   8 bond rmsd: 0.001809
  step:   9 bond rmsd: 0.001731
  step:  10 bond rmsd: 0.001678
  step:  11 bond rmsd: 0.001643
  step:  12 bond rmsd: 0.001619
  step:  13 bond rmsd: 0.001603
  step:  14 bond rmsd: 0.001592
  step:  15 bond rmsd: 0.001585
  step:  16 bond rmsd: 0.001579
  step:  17 bond rmsd: 0.001575
  step:  18 bond rmsd: 0.001572
  step:  19 bond rmsd: 0.001570
  step:  20 bond rmsd: 0.001568
  step:  21 bond rmsd: 0.001566
  step:  22 bond rmsd: 0.001563
  step:  23 bond rmsd: 0.001561
  step:  24 bond rmsd: 0.001558
  step:  25 bond rmsd: 0.001554
  step:  26 bond rmsd: 0.001547
  step:  27 bond rmsd: 0.001539
  step:  28 bond rmsd: 0.001528
  step:  29 bond rmsd: 0.001522
  step:  30 bond rmsd: 0.001515
  step:  31 bond rmsd: 0.001509
  step:  32 bond rmsd: 0.001502
  step:  33 bond rmsd: 0.001501
  step:  34 bond rmsd: 0.001498
  step:  35 bond rmsd: 0.001498
  step:  36 bond rmsd: 0.001498
  step:  37 bond rmsd: 0.001497
  step:  38 bond rmsd: 0.001497
  step:  39 bond rmsd: 0.001496
  step:  40 bond rmsd: 0.001496
  step:  41 bond rmsd: 0.001496
  step:  42 bond rmsd: 0.001494
  step:  43 bond rmsd: 0.001495
  step:  44 bond rmsd: 0.001494
  step:  45 bond rmsd: 0.001495
  step:  46 bond rmsd: 0.001495
  step:  47 bond rmsd: 0.001496
  step:  48 bond rmsd: 0.001496
  step:  49 bond rmsd: 0.001497
  step:  50 bond rmsd: 0.001499
  step:  51 bond rmsd: 0.001501
  step:  52 bond rmsd: 0.001503
micro_cycle  12 rmsd(b):  0.0015 rws:  1.000 n_fev: 626
  step:   1 bond rmsd: 0.001503
  step:   2 bond rmsd: 0.053985
  step:   3 bond rmsd: 0.001514
  step:   4 bond rmsd: 0.001511
  step:   5 bond rmsd: 0.001508
  step:   6 bond rmsd: 0.001507
  step:   7 bond rmsd: 0.001506
  step:   8 bond rmsd: 0.001505
  step:   9 bond rmsd: 0.001505
  step:  10 bond rmsd: 0.001505
  step:  11 bond rmsd: 0.001505
  step:  12 bond rmsd: 0.001505
  step:  13 bond rmsd: 0.001504
  step:  14 bond rmsd: 0.001504
  step:  15 bond rmsd: 0.001505
  step:  16 bond rmsd: 0.001505
  step:  17 bond rmsd: 0.001505
  step:  18 bond rmsd: 0.001505
  step:  19 bond rmsd: 0.001505
  step:  20 bond rmsd: 0.001505
  step:  21 bond rmsd: 0.001506
  step:  22 bond rmsd: 0.001507
  step:  23 bond rmsd: 0.001508
  step:  24 bond rmsd: 0.001509
  step:  25 bond rmsd: 0.001509
  step:  26 bond rmsd: 0.001511
  step:  27 bond rmsd: 0.001511
  step:  28 bond rmsd: 0.001511
  step:  29 bond rmsd: 0.001511
  step:  30 bond rmsd: 0.001511
  step:  31 bond rmsd: 0.001510
  step:  32 bond rmsd: 0.001509
  step:  33 bond rmsd: 0.001509
  step:  34 bond rmsd: 0.001506
  step:  35 bond rmsd: 0.001505
  step:  36 bond rmsd: 0.001503
  step:  37 bond rmsd: 0.001502
  step:  38 bond rmsd: 0.001499
  step:  39 bond rmsd: 0.001497
  step:  40 bond rmsd: 0.001494
  step:  41 bond rmsd: 0.001493
  step:  42 bond rmsd: 0.001491
  step:  43 bond rmsd: 0.001492
  step:  44 bond rmsd: 0.001491
  step:  45 bond rmsd: 0.001488
  step:  46 bond rmsd: 0.001487
  step:  47 bond rmsd: 0.001486
  step:  48 bond rmsd: 0.001484
  step:  49 bond rmsd: 0.001484
  step:  50 bond rmsd: 0.001486
  step:  51 bond rmsd: 0.001487
  step:  52 bond rmsd: 0.001489
micro_cycle  13 rmsd(b):  0.0015 rws:  1.000 n_fev: 678
  step:   1 bond rmsd: 0.001489
  step:   2 bond rmsd: 0.051328
  step:   3 bond rmsd: 0.001953
  step:   4 bond rmsd: 0.001816
  step:   5 bond rmsd: 0.001720
  step:   6 bond rmsd: 0.001653
  step:   7 bond rmsd: 0.001606
  step:   8 bond rmsd: 0.001574
  step:   9 bond rmsd: 0.001551
  step:  10 bond rmsd: 0.001535
  step:  11 bond rmsd: 0.001523
  step:  12 bond rmsd: 0.001515
  step:  13 bond rmsd: 0.001509
  step:  14 bond rmsd: 0.001504
  step:  15 bond rmsd: 0.001501
  step:  16 bond rmsd: 0.001498
  step:  17 bond rmsd: 0.001496
  step:  18 bond rmsd: 0.001494
  step:  19 bond rmsd: 0.001492
  step:  20 bond rmsd: 0.001491
  step:  21 bond rmsd: 0.001489
  step:  22 bond rmsd: 0.001488
  step:  23 bond rmsd: 0.001487
  step:  24 bond rmsd: 0.001486
  step:  25 bond rmsd: 0.001485
  step:  26 bond rmsd: 0.001489
  step:  27 bond rmsd: 0.001490
  step:  28 bond rmsd: 0.001490
  step:  29 bond rmsd: 0.001494
  step:  30 bond rmsd: 0.001494
  step:  31 bond rmsd: 0.001495
  step:  32 bond rmsd: 0.001495
  step:  33 bond rmsd: 0.001496
  step:  34 bond rmsd: 0.001496
  step:  35 bond rmsd: 0.001497
  step:  36 bond rmsd: 0.001497
  step:  37 bond rmsd: 0.001498
  step:  38 bond rmsd: 0.001498
  step:  39 bond rmsd: 0.001498
  step:  40 bond rmsd: 0.001499
  step:  41 bond rmsd: 0.001499
  step:  42 bond rmsd: 0.001500
  step:  43 bond rmsd: 0.001499
  step:  44 bond rmsd: 0.001500
  step:  45 bond rmsd: 0.001499
  step:  46 bond rmsd: 0.001500
  step:  47 bond rmsd: 0.001499
  step:  48 bond rmsd: 0.001499
  step:  49 bond rmsd: 0.001499
  step:  50 bond rmsd: 0.001500
  step:  51 bond rmsd: 0.001499
  step:  52 bond rmsd: 0.001500
micro_cycle  14 rmsd(b):  0.0015 rws:  1.000 n_fev: 730
  step:   1 bond rmsd: 0.001500
  step:   2 bond rmsd: 0.047718
  step:   3 bond rmsd: 0.001492
  step:   4 bond rmsd: 0.001493
  step:   5 bond rmsd: 0.001494
  step:   6 bond rmsd: 0.001495
  step:   7 bond rmsd: 0.001496
  step:   8 bond rmsd: 0.001497
  step:   9 bond rmsd: 0.001497
  step:  10 bond rmsd: 0.001498
  step:  11 bond rmsd: 0.001498
  step:  12 bond rmsd: 0.001499
  step:  13 bond rmsd: 0.001500
  step:  14 bond rmsd: 0.001500
  step:  15 bond rmsd: 0.001501
  step:  16 bond rmsd: 0.001502
  step:  17 bond rmsd: 0.001503
  step:  18 bond rmsd: 0.001504
  step:  19 bond rmsd: 0.001505
  step:  20 bond rmsd: 0.001505
  step:  21 bond rmsd: 0.001505
  step:  22 bond rmsd: 0.001505
  step:  23 bond rmsd: 0.001502
  step:  24 bond rmsd: 0.001502
  step:  25 bond rmsd: 0.001503
  step:  26 bond rmsd: 0.001503
  step:  27 bond rmsd: 0.001503
  step:  28 bond rmsd: 0.001503
  step:  29 bond rmsd: 0.001503
  step:  30 bond rmsd: 0.001502
  step:  31 bond rmsd: 0.001502
  step:  32 bond rmsd: 0.001501
  step:  33 bond rmsd: 0.001500
  step:  34 bond rmsd: 0.001498
  step:  35 bond rmsd: 0.001496
  step:  36 bond rmsd: 0.001495
  step:  37 bond rmsd: 0.001491
  step:  38 bond rmsd: 0.001489
  step:  39 bond rmsd: 0.001487
  step:  40 bond rmsd: 0.001485
  step:  41 bond rmsd: 0.001483
  step:  42 bond rmsd: 0.001478
  step:  43 bond rmsd: 0.001476
  step:  44 bond rmsd: 0.001474
  step:  45 bond rmsd: 0.001474
  step:  46 bond rmsd: 0.001472
  step:  47 bond rmsd: 0.001471
  step:  48 bond rmsd: 0.001471
  step:  49 bond rmsd: 0.001470
  step:  50 bond rmsd: 0.001476
  step:  51 bond rmsd: 0.001477
  step:  52 bond rmsd: 0.001484
micro_cycle  15 rmsd(b):  0.0015 rws:  1.000 n_fev: 782
  step:   1 bond rmsd: 0.001484
  step:   2 bond rmsd: 0.041892
  step:   3 bond rmsd: 0.003313
  step:   4 bond rmsd: 0.002767
  step:   5 bond rmsd: 0.002359
  step:   6 bond rmsd: 0.002061
  step:   7 bond rmsd: 0.001850
  step:   8 bond rmsd: 0.001706
  step:   9 bond rmsd: 0.001611
  step:  10 bond rmsd: 0.001550
  step:  11 bond rmsd: 0.001513
  step:  12 bond rmsd: 0.001491
  step:  13 bond rmsd: 0.001478
  step:  14 bond rmsd: 0.001472
  step:  15 bond rmsd: 0.001469
  step:  16 bond rmsd: 0.001469
  step:  17 bond rmsd: 0.001469
  step:  18 bond rmsd: 0.001470
  step:  19 bond rmsd: 0.001471
  step:  20 bond rmsd: 0.001473
  step:  21 bond rmsd: 0.001474
  step:  22 bond rmsd: 0.001476
  step:  23 bond rmsd: 0.001478
  step:  24 bond rmsd: 0.001479
  step:  25 bond rmsd: 0.001481
  step:  26 bond rmsd: 0.001483
  step:  27 bond rmsd: 0.001485
  step:  28 bond rmsd: 0.001488
  step:  29 bond rmsd: 0.001491
  step:  30 bond rmsd: 0.001491
  step:  31 bond rmsd: 0.001493
  step:  32 bond rmsd: 0.001495
  step:  33 bond rmsd: 0.001492
  step:  34 bond rmsd: 0.001494
  step:  35 bond rmsd: 0.001496
  step:  36 bond rmsd: 0.001498
  step:  37 bond rmsd: 0.001499
  step:  38 bond rmsd: 0.001500
  step:  39 bond rmsd: 0.001502
  step:  40 bond rmsd: 0.001503
  step:  41 bond rmsd: 0.001505
  step:  42 bond rmsd: 0.001505
  step:  43 bond rmsd: 0.001505
  step:  44 bond rmsd: 0.001505
  step:  45 bond rmsd: 0.001505
  step:  46 bond rmsd: 0.001504
  step:  47 bond rmsd: 0.001503
  step:  48 bond rmsd: 0.001501
  step:  49 bond rmsd: 0.001500
  step:  50 bond rmsd: 0.001498
  step:  51 bond rmsd: 0.001497
  step:  52 bond rmsd: 0.001496
micro_cycle  16 rmsd(b):  0.0015 rws:  1.000 n_fev: 834
  step:   1 bond rmsd: 0.001496
  step:   2 bond rmsd: 0.048452
  step:   3 bond rmsd: 0.001508
  step:   4 bond rmsd: 0.001505
  step:   5 bond rmsd: 0.001504
  step:   6 bond rmsd: 0.001502
  step:   7 bond rmsd: 0.001501
  step:   8 bond rmsd: 0.001500
  step:   9 bond rmsd: 0.001499
  step:  10 bond rmsd: 0.001499
  step:  11 bond rmsd: 0.001498
  step:  12 bond rmsd: 0.001498
  step:  13 bond rmsd: 0.001497
  step:  14 bond rmsd: 0.001497
  step:  15 bond rmsd: 0.001496
  step:  16 bond rmsd: 0.001496
  step:  17 bond rmsd: 0.001496
  step:  18 bond rmsd: 0.001495
  step:  19 bond rmsd: 0.001495
  step:  20 bond rmsd: 0.001495
  step:  21 bond rmsd: 0.001496
  step:  22 bond rmsd: 0.001497
  step:  23 bond rmsd: 0.001497
  step:  24 bond rmsd: 0.001499
  step:  25 bond rmsd: 0.001499
  step:  26 bond rmsd: 0.001500
  step:  27 bond rmsd: 0.001500
  step:  28 bond rmsd: 0.001500
  step:  29 bond rmsd: 0.001500
  step:  30 bond rmsd: 0.001501
  step:  31 bond rmsd: 0.001500
  step:  32 bond rmsd: 0.001500
  step:  33 bond rmsd: 0.001500
  step:  34 bond rmsd: 0.001499
  step:  35 bond rmsd: 0.001498
  step:  36 bond rmsd: 0.001497
  step:  37 bond rmsd: 0.001495
  step:  38 bond rmsd: 0.001494
  step:  39 bond rmsd: 0.001494
  step:  40 bond rmsd: 0.001491
  step:  41 bond rmsd: 0.001490
  step:  42 bond rmsd: 0.001488
  step:  43 bond rmsd: 0.001488
  step:  44 bond rmsd: 0.001487
  step:  45 bond rmsd: 0.001487
  step:  46 bond rmsd: 0.001486
  step:  47 bond rmsd: 0.001484
  step:  48 bond rmsd: 0.001484
  step:  49 bond rmsd: 0.001484
  step:  50 bond rmsd: 0.001484
  step:  51 bond rmsd: 0.001486
  step:  52 bond rmsd: 0.001488
micro_cycle  17 rmsd(b):  0.0015 rws:  1.000 n_fev: 886
  step:   1 bond rmsd: 0.001488
  step:   2 bond rmsd: 0.059465
  step:   3 bond rmsd: 0.001717
  step:   4 bond rmsd: 0.001651
  step:   5 bond rmsd: 0.001604
  step:   6 bond rmsd: 0.001572
  step:   7 bond rmsd: 0.001549
  step:   8 bond rmsd: 0.001533
  step:   9 bond rmsd: 0.001521
  step:  10 bond rmsd: 0.001513
  step:  11 bond rmsd: 0.001506
  step:  12 bond rmsd: 0.001502
  step:  13 bond rmsd: 0.001498
  step:  14 bond rmsd: 0.001495
  step:  15 bond rmsd: 0.001493
  step:  16 bond rmsd: 0.001491
  step:  17 bond rmsd: 0.001489
  step:  18 bond rmsd: 0.001488
  step:  19 bond rmsd: 0.001487
  step:  20 bond rmsd: 0.001485
  step:  21 bond rmsd: 0.001484
  step:  22 bond rmsd: 0.001482
  step:  23 bond rmsd: 0.001481
  step:  24 bond rmsd: 0.001480
  step:  25 bond rmsd: 0.001482
  step:  26 bond rmsd: 0.001483
  step:  27 bond rmsd: 0.001483
  step:  28 bond rmsd: 0.001498
  step:  29 bond rmsd: 0.001498
  step:  30 bond rmsd: 0.001496
  step:  31 bond rmsd: 0.001495
  step:  32 bond rmsd: 0.001493
  step:  33 bond rmsd: 0.001493
  step:  34 bond rmsd: 0.001492
  step:  35 bond rmsd: 0.001491
  step:  36 bond rmsd: 0.001491
  step:  37 bond rmsd: 0.001491
  step:  38 bond rmsd: 0.001491
  step:  39 bond rmsd: 0.001491
  step:  40 bond rmsd: 0.001491
  step:  41 bond rmsd: 0.001491
  step:  42 bond rmsd: 0.001491
  step:  43 bond rmsd: 0.001491
  step:  44 bond rmsd: 0.001492
  step:  45 bond rmsd: 0.001493
  step:  46 bond rmsd: 0.001492
  step:  47 bond rmsd: 0.001494
  step:  48 bond rmsd: 0.001494
  step:  49 bond rmsd: 0.001495
  step:  50 bond rmsd: 0.001496
  step:  51 bond rmsd: 0.001496
  step:  52 bond rmsd: 0.001497
  step:  53 bond rmsd: 0.001497
micro_cycle  18 rmsd(b):  0.0015 rws:  1.000 n_fev: 939
  step:   1 bond rmsd: 0.001497
  step:   2 bond rmsd: 0.017992
  step:   3 bond rmsd: 0.001496
  step:   4 bond rmsd: 0.001496
  step:   5 bond rmsd: 0.001496
  step:   6 bond rmsd: 0.001496
  step:   7 bond rmsd: 0.001496
  step:   8 bond rmsd: 0.001496
  step:   9 bond rmsd: 0.001496
  step:  10 bond rmsd: 0.001496
  step:  11 bond rmsd: 0.001496
  step:  12 bond rmsd: 0.001496
  step:  13 bond rmsd: 0.001495
  step:  14 bond rmsd: 0.001495
  step:  15 bond rmsd: 0.001495
  step:  16 bond rmsd: 0.001495
  step:  17 bond rmsd: 0.001494
  step:  18 bond rmsd: 0.001493
  step:  19 bond rmsd: 0.001492
  step:  20 bond rmsd: 0.001489
  step:  21 bond rmsd: 0.001489
  step:  22 bond rmsd: 0.001489
  step:  23 bond rmsd: 0.001489
  step:  24 bond rmsd: 0.001488
  step:  25 bond rmsd: 0.001488
  step:  26 bond rmsd: 0.001488
  step:  27 bond rmsd: 0.001487
  step:  28 bond rmsd: 0.001487
  step:  29 bond rmsd: 0.001486
  step:  30 bond rmsd: 0.001485
  step:  31 bond rmsd: 0.001485
  step:  32 bond rmsd: 0.001486
  step:  33 bond rmsd: 0.001485
  step:  34 bond rmsd: 0.001484
  step:  35 bond rmsd: 0.001483
  step:  36 bond rmsd: 0.001482
  step:  37 bond rmsd: 0.001481
  step:  38 bond rmsd: 0.001481
  step:  39 bond rmsd: 0.001482
  step:  40 bond rmsd: 0.001483
  step:  41 bond rmsd: 0.001484
  step:  42 bond rmsd: 0.001487
  step:  43 bond rmsd: 0.001490
  step:  44 bond rmsd: 0.001494
  step:  45 bond rmsd: 0.001498
  step:  46 bond rmsd: 0.001506
  step:  47 bond rmsd: 0.001517
  step:  48 bond rmsd: 0.001524
  step:  49 bond rmsd: 0.001539
  step:  50 bond rmsd: 0.001548
  step:  51 bond rmsd: 0.001558
  step:  52 bond rmsd: 0.001572
micro_cycle  19 rmsd(b):  0.0016 rws:  1.000 n_fev: 991
  step:   1 bond rmsd: 0.001572
  step:   2 bond rmsd: 0.073252
  step:   3 bond rmsd: 0.001700
  step:   4 bond rmsd: 0.001649
  step:   5 bond rmsd: 0.001616
  step:   6 bond rmsd: 0.001595
  step:   7 bond rmsd: 0.001581
  step:   8 bond rmsd: 0.001572
  step:   9 bond rmsd: 0.001566
  step:  10 bond rmsd: 0.001562
  step:  11 bond rmsd: 0.001560
  step:  12 bond rmsd: 0.001558
  step:  13 bond rmsd: 0.001556
  step:  14 bond rmsd: 0.001555
  step:  15 bond rmsd: 0.001554
  step:  16 bond rmsd: 0.001553
  step:  17 bond rmsd: 0.001552
  step:  18 bond rmsd: 0.001551
  step:  19 bond rmsd: 0.001550
  step:  20 bond rmsd: 0.001548
  step:  21 bond rmsd: 0.001545
  step:  22 bond rmsd: 0.001541
  step:  23 bond rmsd: 0.001534
  step:  24 bond rmsd: 0.001523
  step:  25 bond rmsd: 0.001519
  step:  26 bond rmsd: 0.001515
  step:  27 bond rmsd: 0.001510
  step:  28 bond rmsd: 0.001507
  step:  29 bond rmsd: 0.001505
  step:  30 bond rmsd: 0.001503
  step:  31 bond rmsd: 0.001501
  step:  32 bond rmsd: 0.001501
  step:  33 bond rmsd: 0.001500
  step:  34 bond rmsd: 0.001499
  step:  35 bond rmsd: 0.001498
  step:  36 bond rmsd: 0.001497
  step:  37 bond rmsd: 0.001496
  step:  38 bond rmsd: 0.001494
  step:  39 bond rmsd: 0.001494
  step:  40 bond rmsd: 0.001493
  step:  41 bond rmsd: 0.001492
  step:  42 bond rmsd: 0.001491
  step:  43 bond rmsd: 0.001491
  step:  44 bond rmsd: 0.001490
  step:  45 bond rmsd: 0.001490
  step:  46 bond rmsd: 0.001490
  step:  47 bond rmsd: 0.001490
  step:  48 bond rmsd: 0.001490
  step:  49 bond rmsd: 0.001492
  step:  50 bond rmsd: 0.001493
  step:  51 bond rmsd: 0.001494
  step:  52 bond rmsd: 0.001496
micro_cycle  20 rmsd(b):  0.0015 rws:  1.000 n_fev: 1043
  step:   1 bond rmsd: 0.001496
  step:   2 bond rmsd: 0.042679
  step:   3 bond rmsd: 0.001488
  step:   4 bond rmsd: 0.001489
  step:   5 bond rmsd: 0.001490
  step:   6 bond rmsd: 0.001490
  step:   7 bond rmsd: 0.001491
  step:   8 bond rmsd: 0.001492
  step:   9 bond rmsd: 0.001492
  step:  10 bond rmsd: 0.001493
  step:  11 bond rmsd: 0.001493
  step:  12 bond rmsd: 0.001494
  step:  13 bond rmsd: 0.001494
  step:  14 bond rmsd: 0.001495
  step:  15 bond rmsd: 0.001495
  step:  16 bond rmsd: 0.001495
  step:  17 bond rmsd: 0.001495
  step:  18 bond rmsd: 0.001494
  step:  19 bond rmsd: 0.001494
  step:  20 bond rmsd: 0.001491
  step:  21 bond rmsd: 0.001491
  step:  22 bond rmsd: 0.001491
  step:  23 bond rmsd: 0.001491
  step:  24 bond rmsd: 0.001491
  step:  25 bond rmsd: 0.001490
  step:  26 bond rmsd: 0.001491
  step:  27 bond rmsd: 0.001490
  step:  28 bond rmsd: 0.001490
  step:  29 bond rmsd: 0.001490
  step:  30 bond rmsd: 0.001490
  step:  31 bond rmsd: 0.001490
  step:  32 bond rmsd: 0.001490
  step:  33 bond rmsd: 0.001489
  step:  34 bond rmsd: 0.001490
  step:  35 bond rmsd: 0.001490
  step:  36 bond rmsd: 0.001490
  step:  37 bond rmsd: 0.001492
  step:  38 bond rmsd: 0.001492
  step:  39 bond rmsd: 0.001492
  step:  40 bond rmsd: 0.001494
  step:  41 bond rmsd: 0.001495
  step:  42 bond rmsd: 0.001495
  step:  43 bond rmsd: 0.001496
  step:  44 bond rmsd: 0.001499
  step:  45 bond rmsd: 0.001500
  step:  46 bond rmsd: 0.001501
  step:  47 bond rmsd: 0.001505
  step:  48 bond rmsd: 0.001506
  step:  49 bond rmsd: 0.001509
  step:  50 bond rmsd: 0.001510
  step:  51 bond rmsd: 0.001513
  step:  52 bond rmsd: 0.001515
micro_cycle  21 rmsd(b):  0.0015 rws:  1.000 n_fev: 1095
  step:   1 bond rmsd: 0.001515
  step:   2 bond rmsd: 0.052067
  step:   3 bond rmsd: 0.001490
  step:   4 bond rmsd: 0.001492
  step:   5 bond rmsd: 0.001493
  step:   6 bond rmsd: 0.001494
  step:   7 bond rmsd: 0.001496
  step:   8 bond rmsd: 0.001497
  step:   9 bond rmsd: 0.001497
  step:  10 bond rmsd: 0.001498
  step:  11 bond rmsd: 0.001499
  step:  12 bond rmsd: 0.001499
  step:  13 bond rmsd: 0.001500
  step:  14 bond rmsd: 0.001500
  step:  15 bond rmsd: 0.001501
  step:  16 bond rmsd: 0.001500
  step:  17 bond rmsd: 0.001500
  step:  18 bond rmsd: 0.001499
  step:  19 bond rmsd: 0.001495
  step:  20 bond rmsd: 0.001493
  step:  21 bond rmsd: 0.001494
  step:  22 bond rmsd: 0.001493
  step:  23 bond rmsd: 0.001492
  step:  24 bond rmsd: 0.001491
  step:  25 bond rmsd: 0.001490
  step:  26 bond rmsd: 0.001489
  step:  27 bond rmsd: 0.001489
  step:  28 bond rmsd: 0.001489
  step:  29 bond rmsd: 0.001488
  step:  30 bond rmsd: 0.001488
  step:  31 bond rmsd: 0.001487
  step:  32 bond rmsd: 0.001487
  step:  33 bond rmsd: 0.001487
  step:  34 bond rmsd: 0.001488
  step:  35 bond rmsd: 0.001489
  step:  36 bond rmsd: 0.001490
  step:  37 bond rmsd: 0.001491
  step:  38 bond rmsd: 0.001494
  step:  39 bond rmsd: 0.001495
  step:  40 bond rmsd: 0.001495
  step:  41 bond rmsd: 0.001496
  step:  42 bond rmsd: 0.001497
  step:  43 bond rmsd: 0.001497
  step:  44 bond rmsd: 0.001498
  step:  45 bond rmsd: 0.001498
  step:  46 bond rmsd: 0.001500
  step:  47 bond rmsd: 0.001499
  step:  48 bond rmsd: 0.001500
  step:  49 bond rmsd: 0.001501
  step:  50 bond rmsd: 0.001501
  step:  51 bond rmsd: 0.001500
  step:  52 bond rmsd: 0.001500
micro_cycle  22 rmsd(b):  0.0015 rws:  1.000 n_fev: 1147
  step:   1 bond rmsd: 0.001500
  step:   2 bond rmsd: 0.053702
  step:   3 bond rmsd: 0.001509
  step:   4 bond rmsd: 0.001506
  step:   5 bond rmsd: 0.001503
  step:   6 bond rmsd: 0.001502
  step:   7 bond rmsd: 0.001501
  step:   8 bond rmsd: 0.001500
  step:   9 bond rmsd: 0.001499
  step:  10 bond rmsd: 0.001499
  step:  11 bond rmsd: 0.001498
  step:  12 bond rmsd: 0.001498
  step:  13 bond rmsd: 0.001498
  step:  14 bond rmsd: 0.001498
  step:  15 bond rmsd: 0.001497
  step:  16 bond rmsd: 0.001497
  step:  17 bond rmsd: 0.001496
  step:  18 bond rmsd: 0.001496
  step:  19 bond rmsd: 0.001495
  step:  20 bond rmsd: 0.001493
  step:  21 bond rmsd: 0.001492
  step:  22 bond rmsd: 0.001491
  step:  23 bond rmsd: 0.001493
  step:  24 bond rmsd: 0.001492
  step:  25 bond rmsd: 0.001491
  step:  26 bond rmsd: 0.001490
  step:  27 bond rmsd: 0.001489
  step:  28 bond rmsd: 0.001488
  step:  29 bond rmsd: 0.001487
  step:  30 bond rmsd: 0.001486
  step:  31 bond rmsd: 0.001486
  step:  32 bond rmsd: 0.001485
  step:  33 bond rmsd: 0.001485
  step:  34 bond rmsd: 0.001486
  step:  35 bond rmsd: 0.001486
  step:  36 bond rmsd: 0.001487
  step:  37 bond rmsd: 0.001487
  step:  38 bond rmsd: 0.001487
  step:  39 bond rmsd: 0.001489
  step:  40 bond rmsd: 0.001489
  step:  41 bond rmsd: 0.001492
  step:  42 bond rmsd: 0.001493
  step:  43 bond rmsd: 0.001494
  step:  44 bond rmsd: 0.001495
  step:  45 bond rmsd: 0.001496
  step:  46 bond rmsd: 0.001497
  step:  47 bond rmsd: 0.001499
  step:  48 bond rmsd: 0.001500
  step:  49 bond rmsd: 0.001501
  step:  50 bond rmsd: 0.001503
  step:  51 bond rmsd: 0.001504
  step:  52 bond rmsd: 0.001506
micro_cycle  23 rmsd(b):  0.0015 rws:  1.000 n_fev: 1199
  step:   1 bond rmsd: 0.001506
  step:   2 bond rmsd: 0.050913
  step:   3 bond rmsd: 0.001520
  step:   4 bond rmsd: 0.001517
  step:   5 bond rmsd: 0.001515
  step:   6 bond rmsd: 0.001513
  step:   7 bond rmsd: 0.001511
  step:   8 bond rmsd: 0.001510
  step:   9 bond rmsd: 0.001509
  step:  10 bond rmsd: 0.001508
  step:  11 bond rmsd: 0.001507
  step:  12 bond rmsd: 0.001506
  step:  13 bond rmsd: 0.001505
  step:  14 bond rmsd: 0.001504
  step:  15 bond rmsd: 0.001503
  step:  16 bond rmsd: 0.001502
  step:  17 bond rmsd: 0.001501
  step:  18 bond rmsd: 0.001499
  step:  19 bond rmsd: 0.001497
  step:  20 bond rmsd: 0.001495
  step:  21 bond rmsd: 0.001493
  step:  22 bond rmsd: 0.001492
  step:  23 bond rmsd: 0.001491
  step:  24 bond rmsd: 0.001490
  step:  25 bond rmsd: 0.001489
  step:  26 bond rmsd: 0.001488
  step:  27 bond rmsd: 0.001488
  step:  28 bond rmsd: 0.001487
  step:  29 bond rmsd: 0.001486
  step:  30 bond rmsd: 0.001485
  step:  31 bond rmsd: 0.001486
  step:  32 bond rmsd: 0.001486
  step:  33 bond rmsd: 0.001486
  step:  34 bond rmsd: 0.001486
  step:  35 bond rmsd: 0.001487
  step:  36 bond rmsd: 0.001488
  step:  37 bond rmsd: 0.001489
  step:  38 bond rmsd: 0.001490
  step:  39 bond rmsd: 0.001491
  step:  40 bond rmsd: 0.001492
  step:  41 bond rmsd: 0.001493
  step:  42 bond rmsd: 0.001493
  step:  43 bond rmsd: 0.001495
  step:  44 bond rmsd: 0.001495
  step:  45 bond rmsd: 0.001496
  step:  46 bond rmsd: 0.001497
  step:  47 bond rmsd: 0.001497
  step:  48 bond rmsd: 0.001498
  step:  49 bond rmsd: 0.001499
  step:  50 bond rmsd: 0.001499
  step:  51 bond rmsd: 0.001500
  step:  52 bond rmsd: 0.001504
micro_cycle  24 rmsd(b):  0.0015 rws:  1.000 n_fev: 1251
  step:   1 bond rmsd: 0.001504
  step:   2 bond rmsd: 0.079117
  step:   3 bond rmsd: 0.002009
  step:   4 bond rmsd: 0.001840
  step:   5 bond rmsd: 0.001724
  step:   6 bond rmsd: 0.001646
  step:   7 bond rmsd: 0.001594
  step:   8 bond rmsd: 0.001560
  step:   9 bond rmsd: 0.001538
  step:  10 bond rmsd: 0.001524
  step:  11 bond rmsd: 0.001515
  step:  12 bond rmsd: 0.001510
  step:  13 bond rmsd: 0.001506
  step:  14 bond rmsd: 0.001504
  step:  15 bond rmsd: 0.001502
  step:  16 bond rmsd: 0.001501
  step:  17 bond rmsd: 0.001501
  step:  18 bond rmsd: 0.001501
  step:  19 bond rmsd: 0.001500
  step:  20 bond rmsd: 0.001500
  step:  21 bond rmsd: 0.001500
  step:  22 bond rmsd: 0.001500
  step:  23 bond rmsd: 0.001500
  step:  24 bond rmsd: 0.001499
  step:  25 bond rmsd: 0.001499
  step:  26 bond rmsd: 0.001498
  step:  27 bond rmsd: 0.001498
  step:  28 bond rmsd: 0.001496
  step:  29 bond rmsd: 0.001495
  step:  30 bond rmsd: 0.001494
  step:  31 bond rmsd: 0.001491
  step:  32 bond rmsd: 0.001491
  step:  33 bond rmsd: 0.001489
  step:  34 bond rmsd: 0.001489
  step:  35 bond rmsd: 0.001488
  step:  36 bond rmsd: 0.001488
  step:  37 bond rmsd: 0.001487
  step:  38 bond rmsd: 0.001487
  step:  39 bond rmsd: 0.001486
  step:  40 bond rmsd: 0.001485
  step:  41 bond rmsd: 0.001485
  step:  42 bond rmsd: 0.001484
  step:  43 bond rmsd: 0.001484
  step:  44 bond rmsd: 0.001484
  step:  45 bond rmsd: 0.001484
  step:  46 bond rmsd: 0.001483
  step:  47 bond rmsd: 0.001484
  step:  48 bond rmsd: 0.001484
  step:  49 bond rmsd: 0.001485
  step:  50 bond rmsd: 0.001487
  step:  51 bond rmsd: 0.001489
  step:  52 bond rmsd: 0.001491
micro_cycle  25 rmsd(b):  0.0015 rws:  1.000 n_fev: 1303
  step:   1 bond rmsd: 0.001491
  step:   2 bond rmsd: 0.063035
  step:   3 bond rmsd: 0.001492
  step:   4 bond rmsd: 0.001491
  step:   5 bond rmsd: 0.001491
  step:   6 bond rmsd: 0.001491
  step:   7 bond rmsd: 0.001491
  step:   8 bond rmsd: 0.001491
  step:   9 bond rmsd: 0.001491
  step:  10 bond rmsd: 0.001491
  step:  11 bond rmsd: 0.001491
  step:  12 bond rmsd: 0.001491
  step:  13 bond rmsd: 0.001491
  step:  14 bond rmsd: 0.001491
  step:  15 bond rmsd: 0.001492
  step:  16 bond rmsd: 0.001492
  step:  17 bond rmsd: 0.001492
  step:  18 bond rmsd: 0.001493
  step:  19 bond rmsd: 0.001493
  step:  20 bond rmsd: 0.001494
  step:  21 bond rmsd: 0.001494
  step:  22 bond rmsd: 0.001495
  step:  23 bond rmsd: 0.001496
  step:  24 bond rmsd: 0.001496
  step:  25 bond rmsd: 0.001497
  step:  26 bond rmsd: 0.001496
  step:  27 bond rmsd: 0.001496
  step:  28 bond rmsd: 0.001496
  step:  29 bond rmsd: 0.001496
  step:  30 bond rmsd: 0.001496
  step:  31 bond rmsd: 0.001494
  step:  32 bond rmsd: 0.001494
  step:  33 bond rmsd: 0.001494
  step:  34 bond rmsd: 0.001493
  step:  35 bond rmsd: 0.001492
  step:  36 bond rmsd: 0.001491
  step:  37 bond rmsd: 0.001491
  step:  38 bond rmsd: 0.001489
  step:  39 bond rmsd: 0.001488
  step:  40 bond rmsd: 0.001486
  step:  41 bond rmsd: 0.001485
  step:  42 bond rmsd: 0.001483
  step:  43 bond rmsd: 0.001480
  step:  44 bond rmsd: 0.001478
  step:  45 bond rmsd: 0.001476
  step:  46 bond rmsd: 0.001472
  step:  47 bond rmsd: 0.001469
  step:  48 bond rmsd: 0.001467
  step:  49 bond rmsd: 0.001465
  step:  50 bond rmsd: 0.001464
  step:  51 bond rmsd: 0.001462
  step:  52 bond rmsd: 0.001464
micro_cycle  26 rmsd(b):  0.0015 rws:  1.000 n_fev: 1355
  step:   1 bond rmsd: 0.001464
  step:   2 bond rmsd: 0.046124
  step:   3 bond rmsd: 0.001537
  step:   4 bond rmsd: 0.001499
  step:   5 bond rmsd: 0.001476
  step:   6 bond rmsd: 0.001463
  step:   7 bond rmsd: 0.001456
  step:   8 bond rmsd: 0.001453
  step:   9 bond rmsd: 0.001452
  step:  10 bond rmsd: 0.001452
  step:  11 bond rmsd: 0.001453
  step:  12 bond rmsd: 0.001454
  step:  13 bond rmsd: 0.001456
  step:  14 bond rmsd: 0.001457
  step:  15 bond rmsd: 0.001458
  step:  16 bond rmsd: 0.001460
  step:  17 bond rmsd: 0.001461
  step:  18 bond rmsd: 0.001462
  step:  19 bond rmsd: 0.001464
  step:  20 bond rmsd: 0.001465
  step:  21 bond rmsd: 0.001467
  step:  22 bond rmsd: 0.001469
  step:  23 bond rmsd: 0.001471
  step:  24 bond rmsd: 0.001474
  step:  25 bond rmsd: 0.001476
  step:  26 bond rmsd: 0.001479
  step:  27 bond rmsd: 0.001481
  step:  28 bond rmsd: 0.001482
  step:  29 bond rmsd: 0.001485
  step:  30 bond rmsd: 0.001486
  step:  31 bond rmsd: 0.001487
  step:  32 bond rmsd: 0.001487
  step:  33 bond rmsd: 0.001488
  step:  34 bond rmsd: 0.001490
  step:  35 bond rmsd: 0.001491
  step:  36 bond rmsd: 0.001494
  step:  37 bond rmsd: 0.001496
  step:  38 bond rmsd: 0.001496
  step:  39 bond rmsd: 0.001498
  step:  40 bond rmsd: 0.001499
  step:  41 bond rmsd: 0.001499
  step:  42 bond rmsd: 0.001499
  step:  43 bond rmsd: 0.001500
  step:  44 bond rmsd: 0.001499
  step:  45 bond rmsd: 0.001499
  step:  46 bond rmsd: 0.001498
  step:  47 bond rmsd: 0.001498
  step:  48 bond rmsd: 0.001498
  step:  49 bond rmsd: 0.001497
  step:  50 bond rmsd: 0.001497
  step:  51 bond rmsd: 0.001496
  step:  52 bond rmsd: 0.001495
micro_cycle  27 rmsd(b):  0.0015 rws:  1.000 n_fev: 1407
  step:   1 bond rmsd: 0.001495
  step:   2 bond rmsd: 0.023370
  step:   3 bond rmsd: 0.001495
  step:   4 bond rmsd: 0.001495
  step:   5 bond rmsd: 0.001495
  step:   6 bond rmsd: 0.001495
  step:   7 bond rmsd: 0.001495
  step:   8 bond rmsd: 0.001495
  step:   9 bond rmsd: 0.001495
  step:  10 bond rmsd: 0.001495
  step:  11 bond rmsd: 0.001495
  step:  12 bond rmsd: 0.001495
  step:  13 bond rmsd: 0.001495
  step:  14 bond rmsd: 0.001495
  step:  15 bond rmsd: 0.001495
  step:  16 bond rmsd: 0.001495
  step:  17 bond rmsd: 0.001496
  step:  18 bond rmsd: 0.001496
  step:  19 bond rmsd: 0.001495
  step:  20 bond rmsd: 0.001495
  step:  21 bond rmsd: 0.001493
  step:  22 bond rmsd: 0.001493
  step:  23 bond rmsd: 0.001493
  step:  24 bond rmsd: 0.001493
  step:  25 bond rmsd: 0.001493
  step:  26 bond rmsd: 0.001493
  step:  27 bond rmsd: 0.001492
  step:  28 bond rmsd: 0.001492
  step:  29 bond rmsd: 0.001492
  step:  30 bond rmsd: 0.001491
  step:  31 bond rmsd: 0.001490
  step:  32 bond rmsd: 0.001489
  step:  33 bond rmsd: 0.001489
  step:  34 bond rmsd: 0.001487
  step:  35 bond rmsd: 0.001486
  step:  36 bond rmsd: 0.001484
  step:  37 bond rmsd: 0.001482
  step:  38 bond rmsd: 0.001481
  step:  39 bond rmsd: 0.001481
  step:  40 bond rmsd: 0.001479
  step:  41 bond rmsd: 0.001478
  step:  42 bond rmsd: 0.001477
  step:  43 bond rmsd: 0.001476
  step:  44 bond rmsd: 0.001475
  step:  45 bond rmsd: 0.001475
  step:  46 bond rmsd: 0.001475
  step:  47 bond rmsd: 0.001475
  step:  48 bond rmsd: 0.001480
  step:  49 bond rmsd: 0.001480
  step:  50 bond rmsd: 0.001483
  step:  51 bond rmsd: 0.001484
  step:  52 bond rmsd: 0.001488
micro_cycle  28 rmsd(b):  0.0015 rws:  1.000 n_fev: 1459
  step:   1 bond rmsd: 0.001488
  step:   2 bond rmsd: 0.043864
  step:   3 bond rmsd: 0.001546
  step:   4 bond rmsd: 0.001514
  step:   5 bond rmsd: 0.001495
  step:   6 bond rmsd: 0.001485
  step:   7 bond rmsd: 0.001479
  step:   8 bond rmsd: 0.001476
  step:   9 bond rmsd: 0.001476
  step:  10 bond rmsd: 0.001476
  step:  11 bond rmsd: 0.001477
  step:  12 bond rmsd: 0.001478
  step:  13 bond rmsd: 0.001479
  step:  14 bond rmsd: 0.001480
  step:  15 bond rmsd: 0.001481
  step:  16 bond rmsd: 0.001482
  step:  17 bond rmsd: 0.001483
  step:  18 bond rmsd: 0.001484
  step:  19 bond rmsd: 0.001485
  step:  20 bond rmsd: 0.001486
  step:  21 bond rmsd: 0.001488
  step:  22 bond rmsd: 0.001489
  step:  23 bond rmsd: 0.001490
  step:  24 bond rmsd: 0.001491
  step:  25 bond rmsd: 0.001487
  step:  26 bond rmsd: 0.001487
  step:  27 bond rmsd: 0.001488
  step:  28 bond rmsd: 0.001490
  step:  29 bond rmsd: 0.001490
  step:  30 bond rmsd: 0.001492
  step:  31 bond rmsd: 0.001492
  step:  32 bond rmsd: 0.001492
  step:  33 bond rmsd: 0.001493
  step:  34 bond rmsd: 0.001493
  step:  35 bond rmsd: 0.001494
  step:  36 bond rmsd: 0.001494
  step:  37 bond rmsd: 0.001494
  step:  38 bond rmsd: 0.001494
  step:  39 bond rmsd: 0.001495
  step:  40 bond rmsd: 0.001494
  step:  41 bond rmsd: 0.001494
  step:  42 bond rmsd: 0.001493
  step:  43 bond rmsd: 0.001492
  step:  44 bond rmsd: 0.001492
  step:  45 bond rmsd: 0.001490
  step:  46 bond rmsd: 0.001490
  step:  47 bond rmsd: 0.001489
  step:  48 bond rmsd: 0.001489
  step:  49 bond rmsd: 0.001488
  step:  50 bond rmsd: 0.001487
  step:  51 bond rmsd: 0.001487
  step:  52 bond rmsd: 0.001487
micro_cycle  29 rmsd(b):  0.0015 rws:  1.000 n_fev: 1511
  step:   1 bond rmsd: 0.001487
  step:   2 bond rmsd: 0.055283
  step:   3 bond rmsd: 0.001490
  step:   4 bond rmsd: 0.001489
  step:   5 bond rmsd: 0.001489
  step:   6 bond rmsd: 0.001489
  step:   7 bond rmsd: 0.001488
  step:   8 bond rmsd: 0.001488
  step:   9 bond rmsd: 0.001488
  step:  10 bond rmsd: 0.001488
  step:  11 bond rmsd: 0.001488
  step:  12 bond rmsd: 0.001488
  step:  13 bond rmsd: 0.001488
  step:  14 bond rmsd: 0.001488
  step:  15 bond rmsd: 0.001488
  step:  16 bond rmsd: 0.001489
  step:  17 bond rmsd: 0.001489
  step:  18 bond rmsd: 0.001490
  step:  19 bond rmsd: 0.001491
  step:  20 bond rmsd: 0.001492
  step:  21 bond rmsd: 0.001493
  step:  22 bond rmsd: 0.001494
  step:  23 bond rmsd: 0.001495
  step:  24 bond rmsd: 0.001496
  step:  25 bond rmsd: 0.001496
  step:  26 bond rmsd: 0.001497
  step:  27 bond rmsd: 0.001498
  step:  28 bond rmsd: 0.001498
  step:  29 bond rmsd: 0.001499
  step:  30 bond rmsd: 0.001499
  step:  31 bond rmsd: 0.001499
  step:  32 bond rmsd: 0.001499
  step:  33 bond rmsd: 0.001499
  step:  34 bond rmsd: 0.001498
  step:  35 bond rmsd: 0.001498
  step:  36 bond rmsd: 0.001497
  step:  37 bond rmsd: 0.001496
  step:  38 bond rmsd: 0.001495
  step:  39 bond rmsd: 0.001493
  step:  40 bond rmsd: 0.001491
  step:  41 bond rmsd: 0.001489
  step:  42 bond rmsd: 0.001488
  step:  43 bond rmsd: 0.001487
  step:  44 bond rmsd: 0.001485
  step:  45 bond rmsd: 0.001483
  step:  46 bond rmsd: 0.001481
  step:  47 bond rmsd: 0.001480
  step:  48 bond rmsd: 0.001478
  step:  49 bond rmsd: 0.001478
  step:  50 bond rmsd: 0.001477
  step:  51 bond rmsd: 0.001477
  step:  52 bond rmsd: 0.001475
micro_cycle  30 rmsd(b):  0.0015 rws:  1.000 n_fev: 1563
  step:   1 bond rmsd: 0.001475
  step:   2 bond rmsd: 0.059149
  step:   3 bond rmsd: 0.001520
  step:   4 bond rmsd: 0.001510
  step:   5 bond rmsd: 0.001502
  step:   6 bond rmsd: 0.001496
  step:   7 bond rmsd: 0.001492
  step:   8 bond rmsd: 0.001488
  step:   9 bond rmsd: 0.001486
  step:  10 bond rmsd: 0.001484
  step:  11 bond rmsd: 0.001483
  step:  12 bond rmsd: 0.001481
  step:  13 bond rmsd: 0.001480
  step:  14 bond rmsd: 0.001480
  step:  15 bond rmsd: 0.001479
  step:  16 bond rmsd: 0.001478
  step:  17 bond rmsd: 0.001478
  step:  18 bond rmsd: 0.001477
  step:  19 bond rmsd: 0.001477
  step:  20 bond rmsd: 0.001477
  step:  21 bond rmsd: 0.001478
  step:  22 bond rmsd: 0.001481
  step:  23 bond rmsd: 0.001483
  step:  24 bond rmsd: 0.001484
  step:  25 bond rmsd: 0.001493
  step:  26 bond rmsd: 0.001493
  step:  27 bond rmsd: 0.001493
  step:  28 bond rmsd: 0.001493
  step:  29 bond rmsd: 0.001493
  step:  30 bond rmsd: 0.001494
  step:  31 bond rmsd: 0.001494
  step:  32 bond rmsd: 0.001494
  step:  33 bond rmsd: 0.001494
  step:  34 bond rmsd: 0.001495
  step:  35 bond rmsd: 0.001495
  step:  36 bond rmsd: 0.001496
  step:  37 bond rmsd: 0.001497
  step:  38 bond rmsd: 0.001498
  step:  39 bond rmsd: 0.001498
  step:  40 bond rmsd: 0.001500
  step:  41 bond rmsd: 0.001501
  step:  42 bond rmsd: 0.001501
  step:  43 bond rmsd: 0.001501
  step:  44 bond rmsd: 0.001501
  step:  45 bond rmsd: 0.001501
  step:  46 bond rmsd: 0.001500
  step:  47 bond rmsd: 0.001499
  step:  48 bond rmsd: 0.001499
  step:  49 bond rmsd: 0.001498
  step:  50 bond rmsd: 0.001497
  step:  51 bond rmsd: 0.001497
  step:  52 bond rmsd: 0.001496
  step:  53 bond rmsd: 0.001496
micro_cycle  31 rmsd(b):  0.0015 rws:  1.000 n_fev: 1616
  step:   1 bond rmsd: 0.001496
  step:   2 bond rmsd: 0.050291
  step:   3 bond rmsd: 0.001490
  step:   4 bond rmsd: 0.001491
  step:   5 bond rmsd: 0.001491
  step:   6 bond rmsd: 0.001492
  step:   7 bond rmsd: 0.001492
  step:   8 bond rmsd: 0.001493
  step:   9 bond rmsd: 0.001493
  step:  10 bond rmsd: 0.001494
  step:  11 bond rmsd: 0.001494
  step:  12 bond rmsd: 0.001494
  step:  13 bond rmsd: 0.001494
  step:  14 bond rmsd: 0.001495
  step:  15 bond rmsd: 0.001495
  step:  16 bond rmsd: 0.001495
  step:  17 bond rmsd: 0.001496
  step:  18 bond rmsd: 0.001496
  step:  19 bond rmsd: 0.001496
  step:  20 bond rmsd: 0.001494
  step:  21 bond rmsd: 0.001494
  step:  22 bond rmsd: 0.001494
  step:  23 bond rmsd: 0.001489
  step:  24 bond rmsd: 0.001489
  step:  25 bond rmsd: 0.001489
  step:  26 bond rmsd: 0.001490
  step:  27 bond rmsd: 0.001490
  step:  28 bond rmsd: 0.001491
  step:  29 bond rmsd: 0.001491
  step:  30 bond rmsd: 0.001491
  step:  31 bond rmsd: 0.001492
  step:  32 bond rmsd: 0.001492
  step:  33 bond rmsd: 0.001492
  step:  34 bond rmsd: 0.001492
  step:  35 bond rmsd: 0.001492
  step:  36 bond rmsd: 0.001494
  step:  37 bond rmsd: 0.001493
  step:  38 bond rmsd: 0.001493
  step:  39 bond rmsd: 0.001492
  step:  40 bond rmsd: 0.001492
  step:  41 bond rmsd: 0.001491
  step:  42 bond rmsd: 0.001490
  step:  43 bond rmsd: 0.001489
  step:  44 bond rmsd: 0.001488
  step:  45 bond rmsd: 0.001488
  step:  46 bond rmsd: 0.001487
  step:  47 bond rmsd: 0.001487
  step:  48 bond rmsd: 0.001487
  step:  49 bond rmsd: 0.001483
  step:  50 bond rmsd: 0.001483
  step:  51 bond rmsd: 0.001484
  step:  52 bond rmsd: 0.001484
  step:  53 bond rmsd: 0.001485
micro_cycle  32 rmsd(b):  0.0015 rws:  1.000 n_fev: 1669
  step:   1 bond rmsd: 0.001485
  step:   2 bond rmsd: 0.064333
  step:   3 bond rmsd: 0.001507
  step:   4 bond rmsd: 0.001502
  step:   5 bond rmsd: 0.001498
  step:   6 bond rmsd: 0.001496
  step:   7 bond rmsd: 0.001494
  step:   8 bond rmsd: 0.001492
  step:   9 bond rmsd: 0.001491
  step:  10 bond rmsd: 0.001490
  step:  11 bond rmsd: 0.001489
  step:  12 bond rmsd: 0.001488
  step:  13 bond rmsd: 0.001488
  step:  14 bond rmsd: 0.001487
  step:  15 bond rmsd: 0.001487
  step:  16 bond rmsd: 0.001487
  step:  17 bond rmsd: 0.001486
  step:  18 bond rmsd: 0.001486
  step:  19 bond rmsd: 0.001487
  step:  20 bond rmsd: 0.001487
  step:  21 bond rmsd: 0.001491
  step:  22 bond rmsd: 0.001492
  step:  23 bond rmsd: 0.001492
  step:  24 bond rmsd: 0.001494
  step:  25 bond rmsd: 0.001493
  step:  26 bond rmsd: 0.001494
  step:  27 bond rmsd: 0.001494
  step:  28 bond rmsd: 0.001494
  step:  29 bond rmsd: 0.001493
  step:  30 bond rmsd: 0.001493
  step:  31 bond rmsd: 0.001493
  step:  32 bond rmsd: 0.001493
  step:  33 bond rmsd: 0.001493
  step:  34 bond rmsd: 0.001493
  step:  35 bond rmsd: 0.001494
  step:  36 bond rmsd: 0.001494
  step:  37 bond rmsd: 0.001495
  step:  38 bond rmsd: 0.001494
  step:  39 bond rmsd: 0.001494
  step:  40 bond rmsd: 0.001493
  step:  41 bond rmsd: 0.001492
  step:  42 bond rmsd: 0.001491
  step:  43 bond rmsd: 0.001490
  step:  44 bond rmsd: 0.001490
  step:  45 bond rmsd: 0.001490
  step:  46 bond rmsd: 0.001488
  step:  47 bond rmsd: 0.001488
  step:  48 bond rmsd: 0.001488
  step:  49 bond rmsd: 0.001488
  step:  50 bond rmsd: 0.001488
  step:  51 bond rmsd: 0.001489
  step:  52 bond rmsd: 0.001489
micro_cycle  33 rmsd(b):  0.0015 rws:  1.000 n_fev: 1721
  step:   1 bond rmsd: 0.001489
  step:   2 bond rmsd: 0.039730
  step:   3 bond rmsd: 0.001494
  step:   4 bond rmsd: 0.001493
  step:   5 bond rmsd: 0.001492
  step:   6 bond rmsd: 0.001492
  step:   7 bond rmsd: 0.001491
  step:   8 bond rmsd: 0.001491
  step:   9 bond rmsd: 0.001491
  step:  10 bond rmsd: 0.001491
  step:  11 bond rmsd: 0.001490
  step:  12 bond rmsd: 0.001490
  step:  13 bond rmsd: 0.001490
  step:  14 bond rmsd: 0.001490
  step:  15 bond rmsd: 0.001490
  step:  16 bond rmsd: 0.001491
  step:  17 bond rmsd: 0.001491
  step:  18 bond rmsd: 0.001492
  step:  19 bond rmsd: 0.001493
  step:  20 bond rmsd: 0.001494
  step:  21 bond rmsd: 0.001494
  step:  22 bond rmsd: 0.001495
  step:  23 bond rmsd: 0.001495
  step:  24 bond rmsd: 0.001496
  step:  25 bond rmsd: 0.001496
  step:  26 bond rmsd: 0.001496
  step:  27 bond rmsd: 0.001496
  step:  28 bond rmsd: 0.001496
  step:  29 bond rmsd: 0.001497
  step:  30 bond rmsd: 0.001496
  step:  31 bond rmsd: 0.001497
  step:  32 bond rmsd: 0.001495
  step:  33 bond rmsd: 0.001495
  step:  34 bond rmsd: 0.001494
  step:  35 bond rmsd: 0.001493
  step:  36 bond rmsd: 0.001492
  step:  37 bond rmsd: 0.001491
  step:  38 bond rmsd: 0.001490
  step:  39 bond rmsd: 0.001488
  step:  40 bond rmsd: 0.001487
  step:  41 bond rmsd: 0.001487
  step:  42 bond rmsd: 0.001486
  step:  43 bond rmsd: 0.001484
  step:  44 bond rmsd: 0.001486
  step:  45 bond rmsd: 0.001485
  step:  46 bond rmsd: 0.001484
  step:  47 bond rmsd: 0.001483
  step:  48 bond rmsd: 0.001483
  step:  49 bond rmsd: 0.001481
  step:  50 bond rmsd: 0.001481
  step:  51 bond rmsd: 0.001482
  step:  52 bond rmsd: 0.001483
micro_cycle  34 rmsd(b):  0.0015 rws:  1.000 n_fev: 1773
  step:   1 bond rmsd: 0.001483
  step:   2 bond rmsd: 0.048344
  step:   3 bond rmsd: 0.001491
  step:   4 bond rmsd: 0.001489
  step:   5 bond rmsd: 0.001488
  step:   6 bond rmsd: 0.001487
  step:   7 bond rmsd: 0.001487
  step:   8 bond rmsd: 0.001486
  step:   9 bond rmsd: 0.001486
  step:  10 bond rmsd: 0.001485
  step:  11 bond rmsd: 0.001485
  step:  12 bond rmsd: 0.001485
  step:  13 bond rmsd: 0.001485
  step:  14 bond rmsd: 0.001485
  step:  15 bond rmsd: 0.001485
  step:  16 bond rmsd: 0.001486
  step:  17 bond rmsd: 0.001487
  step:  18 bond rmsd: 0.001489
  step:  19 bond rmsd: 0.001490
  step:  20 bond rmsd: 0.001491
  step:  21 bond rmsd: 0.001491
  step:  22 bond rmsd: 0.001493
  step:  23 bond rmsd: 0.001493
  step:  24 bond rmsd: 0.001494
  step:  25 bond rmsd: 0.001494
  step:  26 bond rmsd: 0.001495
  step:  27 bond rmsd: 0.001495
  step:  28 bond rmsd: 0.001495
  step:  29 bond rmsd: 0.001494
  step:  30 bond rmsd: 0.001495
  step:  31 bond rmsd: 0.001495
  step:  32 bond rmsd: 0.001495
  step:  33 bond rmsd: 0.001495
  step:  34 bond rmsd: 0.001495
  step:  35 bond rmsd: 0.001495
  step:  36 bond rmsd: 0.001495
  step:  37 bond rmsd: 0.001495
  step:  38 bond rmsd: 0.001494
  step:  39 bond rmsd: 0.001494
  step:  40 bond rmsd: 0.001494
  step:  41 bond rmsd: 0.001493
  step:  42 bond rmsd: 0.001492
  step:  43 bond rmsd: 0.001492
  step:  44 bond rmsd: 0.001491
  step:  45 bond rmsd: 0.001490
  step:  46 bond rmsd: 0.001491
  step:  47 bond rmsd: 0.001490
  step:  48 bond rmsd: 0.001489
  step:  49 bond rmsd: 0.001488
  step:  50 bond rmsd: 0.001489
  step:  51 bond rmsd: 0.001486
  step:  52 bond rmsd: 0.001486
micro_cycle  35 rmsd(b):  0.0015 rws:  1.000 n_fev: 1825
  step:   1 bond rmsd: 0.001486
  step:   2 bond rmsd: 0.037124
  step:   3 bond rmsd: 0.001513
  step:   4 bond rmsd: 0.001508
  step:   5 bond rmsd: 0.001504
  step:   6 bond rmsd: 0.001501
  step:   7 bond rmsd: 0.001499
  step:   8 bond rmsd: 0.001497
  step:   9 bond rmsd: 0.001495
  step:  10 bond rmsd: 0.001494
  step:  11 bond rmsd: 0.001493
  step:  12 bond rmsd: 0.001491
  step:  13 bond rmsd: 0.001490
  step:  14 bond rmsd: 0.001490
  step:  15 bond rmsd: 0.001489
  step:  16 bond rmsd: 0.001489
  step:  17 bond rmsd: 0.001489
  step:  18 bond rmsd: 0.001493
  step:  19 bond rmsd: 0.001494
  step:  20 bond rmsd: 0.001496
  step:  21 bond rmsd: 0.001497
  step:  22 bond rmsd: 0.001497
  step:  23 bond rmsd: 0.001497
  step:  24 bond rmsd: 0.001497
  step:  25 bond rmsd: 0.001497
  step:  26 bond rmsd: 0.001497
  step:  27 bond rmsd: 0.001497
  step:  28 bond rmsd: 0.001497
  step:  29 bond rmsd: 0.001497
  step:  30 bond rmsd: 0.001497
  step:  31 bond rmsd: 0.001497
  step:  32 bond rmsd: 0.001494
  step:  33 bond rmsd: 0.001494
  step:  34 bond rmsd: 0.001494
  step:  35 bond rmsd: 0.001493
  step:  36 bond rmsd: 0.001493
  step:  37 bond rmsd: 0.001492
  step:  38 bond rmsd: 0.001492
  step:  39 bond rmsd: 0.001491
  step:  40 bond rmsd: 0.001492
  step:  41 bond rmsd: 0.001491
  step:  42 bond rmsd: 0.001490
  step:  43 bond rmsd: 0.001489
  step:  44 bond rmsd: 0.001488
  step:  45 bond rmsd: 0.001488
  step:  46 bond rmsd: 0.001487
  step:  47 bond rmsd: 0.001486
  step:  48 bond rmsd: 0.001486
  step:  49 bond rmsd: 0.001486
  step:  50 bond rmsd: 0.001485
  step:  51 bond rmsd: 0.001485
  step:  52 bond rmsd: 0.001485
micro_cycle  36 rmsd(b):  0.0015 rws:  1.000 n_fev: 1877
  step:   1 bond rmsd: 0.001485
  step:   2 bond rmsd: 0.035634
  step:   3 bond rmsd: 0.001490
  step:   4 bond rmsd: 0.001489
  step:   5 bond rmsd: 0.001488
  step:   6 bond rmsd: 0.001488
  step:   7 bond rmsd: 0.001487
  step:   8 bond rmsd: 0.001487
  step:   9 bond rmsd: 0.001487
  step:  10 bond rmsd: 0.001487
  step:  11 bond rmsd: 0.001487
  step:  12 bond rmsd: 0.001486
  step:  13 bond rmsd: 0.001487
  step:  14 bond rmsd: 0.001487
  step:  15 bond rmsd: 0.001487
  step:  16 bond rmsd: 0.001487
  step:  17 bond rmsd: 0.001488
  step:  18 bond rmsd: 0.001489
  step:  19 bond rmsd: 0.001490
  step:  20 bond rmsd: 0.001491
  step:  21 bond rmsd: 0.001491
  step:  22 bond rmsd: 0.001493
  step:  23 bond rmsd: 0.001493
  step:  24 bond rmsd: 0.001496
  step:  25 bond rmsd: 0.001496
  step:  26 bond rmsd: 0.001496
  step:  27 bond rmsd: 0.001497
  step:  28 bond rmsd: 0.001497
  step:  29 bond rmsd: 0.001498
  step:  30 bond rmsd: 0.001498
  step:  31 bond rmsd: 0.001498
  step:  32 bond rmsd: 0.001498
  step:  33 bond rmsd: 0.001499
  step:  34 bond rmsd: 0.001500
  step:  35 bond rmsd: 0.001499
  step:  36 bond rmsd: 0.001499
  step:  37 bond rmsd: 0.001498
  step:  38 bond rmsd: 0.001498
  step:  39 bond rmsd: 0.001498
  step:  40 bond rmsd: 0.001498
  step:  41 bond rmsd: 0.001496
  step:  42 bond rmsd: 0.001496
  step:  43 bond rmsd: 0.001495
  step:  44 bond rmsd: 0.001494
  step:  45 bond rmsd: 0.001494
  step:  46 bond rmsd: 0.001493
  step:  47 bond rmsd: 0.001494
  step:  48 bond rmsd: 0.001493
  step:  49 bond rmsd: 0.001492
  step:  50 bond rmsd: 0.001491
  step:  51 bond rmsd: 0.001489
  step:  52 bond rmsd: 0.001485
micro_cycle  37 rmsd(b):  0.0015 rws:  1.000 n_fev: 1929
  step:   1 bond rmsd: 0.001485
  step:   2 bond rmsd: 0.062069
  step:   3 bond rmsd: 0.001492
  step:   4 bond rmsd: 0.001491
  step:   5 bond rmsd: 0.001489
  step:   6 bond rmsd: 0.001489
  step:   7 bond rmsd: 0.001488
  step:   8 bond rmsd: 0.001488
  step:   9 bond rmsd: 0.001487
  step:  10 bond rmsd: 0.001487
  step:  11 bond rmsd: 0.001487
  step:  12 bond rmsd: 0.001487
  step:  13 bond rmsd: 0.001487
  step:  14 bond rmsd: 0.001487
  step:  15 bond rmsd: 0.001488
  step:  16 bond rmsd: 0.001488
  step:  17 bond rmsd: 0.001489
  step:  18 bond rmsd: 0.001490
  step:  19 bond rmsd: 0.001491
  step:  20 bond rmsd: 0.001492
  step:  21 bond rmsd: 0.001494
  step:  22 bond rmsd: 0.001494
  step:  23 bond rmsd: 0.001495
  step:  24 bond rmsd: 0.001496
  step:  25 bond rmsd: 0.001497
  step:  26 bond rmsd: 0.001497
  step:  27 bond rmsd: 0.001498
  step:  28 bond rmsd: 0.001498
  step:  29 bond rmsd: 0.001499
  step:  30 bond rmsd: 0.001499
  step:  31 bond rmsd: 0.001500
  step:  32 bond rmsd: 0.001500
  step:  33 bond rmsd: 0.001500
  step:  34 bond rmsd: 0.001499
  step:  35 bond rmsd: 0.001499
  step:  36 bond rmsd: 0.001499
  step:  37 bond rmsd: 0.001498
  step:  38 bond rmsd: 0.001497
  step:  39 bond rmsd: 0.001497
  step:  40 bond rmsd: 0.001495
  step:  41 bond rmsd: 0.001494
  step:  42 bond rmsd: 0.001491
  step:  43 bond rmsd: 0.001491
  step:  44 bond rmsd: 0.001490
  step:  45 bond rmsd: 0.001489
  step:  46 bond rmsd: 0.001489
  step:  47 bond rmsd: 0.001489
  step:  48 bond rmsd: 0.001488
  step:  49 bond rmsd: 0.001488
  step:  50 bond rmsd: 0.001489
  step:  51 bond rmsd: 0.001489
  step:  52 bond rmsd: 0.001488
micro_cycle  38 rmsd(b):  0.0015 rws:  1.000 n_fev: 1981
  step:   1 bond rmsd: 0.001488
  step:   2 bond rmsd: 0.041616
  step:   3 bond rmsd: 0.001471
  step:   4 bond rmsd: 0.001472
  step:   5 bond rmsd: 0.001473
  step:   6 bond rmsd: 0.001475
  step:   7 bond rmsd: 0.001477
  step:   8 bond rmsd: 0.001478
  step:   9 bond rmsd: 0.001480
  step:  10 bond rmsd: 0.001481
  step:  11 bond rmsd: 0.001482
  step:  12 bond rmsd: 0.001483
  step:  13 bond rmsd: 0.001483
  step:  14 bond rmsd: 0.001484
  step:  15 bond rmsd: 0.001485
  step:  16 bond rmsd: 0.001485
  step:  17 bond rmsd: 0.001486
  step:  18 bond rmsd: 0.001486
  step:  19 bond rmsd: 0.001487
  step:  20 bond rmsd: 0.001488
  step:  21 bond rmsd: 0.001489
  step:  22 bond rmsd: 0.001489
  step:  23 bond rmsd: 0.001490
  step:  24 bond rmsd: 0.001490
  step:  25 bond rmsd: 0.001491
  step:  26 bond rmsd: 0.001491
  step:  27 bond rmsd: 0.001490
  step:  28 bond rmsd: 0.001491
  step:  29 bond rmsd: 0.001492
  step:  30 bond rmsd: 0.001492
  step:  31 bond rmsd: 0.001493
  step:  32 bond rmsd: 0.001494
  step:  33 bond rmsd: 0.001495
  step:  34 bond rmsd: 0.001495
  step:  35 bond rmsd: 0.001497
  step:  36 bond rmsd: 0.001497
  step:  37 bond rmsd: 0.001498
  step:  38 bond rmsd: 0.001498
  step:  39 bond rmsd: 0.001498
  step:  40 bond rmsd: 0.001498
  step:  41 bond rmsd: 0.001497
  step:  42 bond rmsd: 0.001497
  step:  43 bond rmsd: 0.001497
  step:  44 bond rmsd: 0.001496
  step:  45 bond rmsd: 0.001495
  step:  46 bond rmsd: 0.001495
  step:  47 bond rmsd: 0.001494
  step:  48 bond rmsd: 0.001493
  step:  49 bond rmsd: 0.001493
  step:  50 bond rmsd: 0.001492
  step:  51 bond rmsd: 0.001492
  step:  52 bond rmsd: 0.001492
micro_cycle  39 rmsd(b):  0.0015 rws:  1.000 n_fev: 2033
  step:   1 bond rmsd: 0.001492
  step:   2 bond rmsd: 0.036015
  step:   3 bond rmsd: 0.001488
  step:   4 bond rmsd: 0.001489
  step:   5 bond rmsd: 0.001489
  step:   6 bond rmsd: 0.001489
  step:   7 bond rmsd: 0.001490
  step:   8 bond rmsd: 0.001490
  step:   9 bond rmsd: 0.001490
  step:  10 bond rmsd: 0.001491
  step:  11 bond rmsd: 0.001491
  step:  12 bond rmsd: 0.001491
  step:  13 bond rmsd: 0.001492
  step:  14 bond rmsd: 0.001492
  step:  15 bond rmsd: 0.001492
  step:  16 bond rmsd: 0.001493
  step:  17 bond rmsd: 0.001493
  step:  18 bond rmsd: 0.001494
  step:  19 bond rmsd: 0.001494
  step:  20 bond rmsd: 0.001494
  step:  21 bond rmsd: 0.001495
  step:  22 bond rmsd: 0.001495
  step:  23 bond rmsd: 0.001495
  step:  24 bond rmsd: 0.001496
  step:  25 bond rmsd: 0.001496
  step:  26 bond rmsd: 0.001497
  step:  27 bond rmsd: 0.001498
  step:  28 bond rmsd: 0.001498
  step:  29 bond rmsd: 0.001499
  step:  30 bond rmsd: 0.001500
  step:  31 bond rmsd: 0.001500
  step:  32 bond rmsd: 0.001501
  step:  33 bond rmsd: 0.001501
  step:  34 bond rmsd: 0.001501
  step:  35 bond rmsd: 0.001500
  step:  36 bond rmsd: 0.001499
  step:  37 bond rmsd: 0.001497
  step:  38 bond rmsd: 0.001496
  step:  39 bond rmsd: 0.001495
  step:  40 bond rmsd: 0.001494
  step:  41 bond rmsd: 0.001493
  step:  42 bond rmsd: 0.001492
  step:  43 bond rmsd: 0.001491
  step:  44 bond rmsd: 0.001491
  step:  45 bond rmsd: 0.001490
  step:  46 bond rmsd: 0.001489
  step:  47 bond rmsd: 0.001488
  step:  48 bond rmsd: 0.001486
  step:  49 bond rmsd: 0.001484
  step:  50 bond rmsd: 0.001484
  step:  51 bond rmsd: 0.001481
  step:  52 bond rmsd: 0.001481
micro_cycle  40 rmsd(b):  0.0015 rws:  1.000 n_fev: 2085
  step:   1 bond rmsd: 0.001481
  step:   2 bond rmsd: 0.070113
  step:   3 bond rmsd: 0.001577
  step:   4 bond rmsd: 0.001528
  step:   5 bond rmsd: 0.001499
  step:   6 bond rmsd: 0.001482
  step:   7 bond rmsd: 0.001473
  step:   8 bond rmsd: 0.001468
  step:   9 bond rmsd: 0.001467
  step:  10 bond rmsd: 0.001467
  step:  11 bond rmsd: 0.001467
  step:  12 bond rmsd: 0.001469
  step:  13 bond rmsd: 0.001470
  step:  14 bond rmsd: 0.001471
  step:  15 bond rmsd: 0.001472
  step:  16 bond rmsd: 0.001474
  step:  17 bond rmsd: 0.001475
  step:  18 bond rmsd: 0.001476
  step:  19 bond rmsd: 0.001477
  step:  20 bond rmsd: 0.001478
  step:  21 bond rmsd: 0.001479
  step:  22 bond rmsd: 0.001480
  step:  23 bond rmsd: 0.001481
  step:  24 bond rmsd: 0.001483
  step:  25 bond rmsd: 0.001484
  step:  26 bond rmsd: 0.001485
  step:  27 bond rmsd: 0.001486
  step:  28 bond rmsd: 0.001488
  step:  29 bond rmsd: 0.001488
  step:  30 bond rmsd: 0.001489
  step:  31 bond rmsd: 0.001490
  step:  32 bond rmsd: 0.001491
  step:  33 bond rmsd: 0.001492
  step:  34 bond rmsd: 0.001493
  step:  35 bond rmsd: 0.001493
  step:  36 bond rmsd: 0.001494
  step:  37 bond rmsd: 0.001495
  step:  38 bond rmsd: 0.001496
  step:  39 bond rmsd: 0.001496
  step:  40 bond rmsd: 0.001497
  step:  41 bond rmsd: 0.001497
  step:  42 bond rmsd: 0.001498
  step:  43 bond rmsd: 0.001498
  step:  44 bond rmsd: 0.001499
  step:  45 bond rmsd: 0.001499
  step:  46 bond rmsd: 0.001499
  step:  47 bond rmsd: 0.001497
  step:  48 bond rmsd: 0.001497
  step:  49 bond rmsd: 0.001496
  step:  50 bond rmsd: 0.001496
  step:  51 bond rmsd: 0.001496
  step:  52 bond rmsd: 0.001495
micro_cycle  41 rmsd(b):  0.0015 rws:  1.000 n_fev: 2137
  step:   1 bond rmsd: 0.001495
  step:   2 bond rmsd: 0.028339
  step:   3 bond rmsd: 0.001496
  step:   4 bond rmsd: 0.001496
  step:   5 bond rmsd: 0.001496
  step:   6 bond rmsd: 0.001495
  step:   7 bond rmsd: 0.001495
  step:   8 bond rmsd: 0.001495
  step:   9 bond rmsd: 0.001495
  step:  10 bond rmsd: 0.001495
  step:  11 bond rmsd: 0.001495
  step:  12 bond rmsd: 0.001495
  step:  13 bond rmsd: 0.001495
  step:  14 bond rmsd: 0.001495
  step:  15 bond rmsd: 0.001495
  step:  16 bond rmsd: 0.001495
  step:  17 bond rmsd: 0.001495
  step:  18 bond rmsd: 0.001495
  step:  19 bond rmsd: 0.001495
  step:  20 bond rmsd: 0.001497
  step:  21 bond rmsd: 0.001496
  step:  22 bond rmsd: 0.001496
  step:  23 bond rmsd: 0.001495
  step:  24 bond rmsd: 0.001494
  step:  25 bond rmsd: 0.001494
  step:  26 bond rmsd: 0.001493
  step:  27 bond rmsd: 0.001493
  step:  28 bond rmsd: 0.001492
  step:  29 bond rmsd: 0.001491
  step:  30 bond rmsd: 0.001490
  step:  31 bond rmsd: 0.001490
  step:  32 bond rmsd: 0.001490
  step:  33 bond rmsd: 0.001490
  step:  34 bond rmsd: 0.001488
  step:  35 bond rmsd: 0.001488
  step:  36 bond rmsd: 0.001488
  step:  37 bond rmsd: 0.001489
  step:  38 bond rmsd: 0.001489
  step:  39 bond rmsd: 0.001490
  step:  40 bond rmsd: 0.001491
  step:  41 bond rmsd: 0.001492
  step:  42 bond rmsd: 0.001493
  step:  43 bond rmsd: 0.001495
  step:  44 bond rmsd: 0.001496
  step:  45 bond rmsd: 0.001500
  step:  46 bond rmsd: 0.001501
  step:  47 bond rmsd: 0.001505
  step:  48 bond rmsd: 0.001507
  step:  49 bond rmsd: 0.001509
  step:  50 bond rmsd: 0.001512
  step:  51 bond rmsd: 0.001517
  step:  52 bond rmsd: 0.001519
micro_cycle  42 rmsd(b):  0.0015 rws:  1.000 n_fev: 2189
  step:   1 bond rmsd: 0.001519
  step:   2 bond rmsd: 0.065318
  step:   3 bond rmsd: 0.001554
  step:   4 bond rmsd: 0.001544
  step:   5 bond rmsd: 0.001536
  step:   6 bond rmsd: 0.001529
  step:   7 bond rmsd: 0.001524
  step:   8 bond rmsd: 0.001520
  step:   9 bond rmsd: 0.001517
  step:  10 bond rmsd: 0.001514
  step:  11 bond rmsd: 0.001511
  step:  12 bond rmsd: 0.001509
  step:  13 bond rmsd: 0.001507
  step:  14 bond rmsd: 0.001506
  step:  15 bond rmsd: 0.001504
  step:  16 bond rmsd: 0.001502
  step:  17 bond rmsd: 0.001500
  step:  18 bond rmsd: 0.001498
  step:  19 bond rmsd: 0.001496
  step:  20 bond rmsd: 0.001494
  step:  21 bond rmsd: 0.001489
  step:  22 bond rmsd: 0.001489
  step:  23 bond rmsd: 0.001488
  step:  24 bond rmsd: 0.001488
  step:  25 bond rmsd: 0.001488
  step:  26 bond rmsd: 0.001488
  step:  27 bond rmsd: 0.001488
  step:  28 bond rmsd: 0.001488
  step:  29 bond rmsd: 0.001489
  step:  30 bond rmsd: 0.001489
  step:  31 bond rmsd: 0.001489
  step:  32 bond rmsd: 0.001489
  step:  33 bond rmsd: 0.001490
  step:  34 bond rmsd: 0.001490
  step:  35 bond rmsd: 0.001490
  step:  36 bond rmsd: 0.001491
  step:  37 bond rmsd: 0.001491
  step:  38 bond rmsd: 0.001492
  step:  39 bond rmsd: 0.001492
  step:  40 bond rmsd: 0.001493
  step:  41 bond rmsd: 0.001493
  step:  42 bond rmsd: 0.001494
  step:  43 bond rmsd: 0.001495
  step:  44 bond rmsd: 0.001495
  step:  45 bond rmsd: 0.001495
  step:  46 bond rmsd: 0.001496
  step:  47 bond rmsd: 0.001497
  step:  48 bond rmsd: 0.001497
  step:  49 bond rmsd: 0.001497
  step:  50 bond rmsd: 0.001498
  step:  51 bond rmsd: 0.001499
  step:  52 bond rmsd: 0.001500
micro_cycle  43 rmsd(b):  0.0015 rws:  1.000 n_fev: 2241
  step:   1 bond rmsd: 0.001500
  step:   2 bond rmsd: 0.047173
  step:   3 bond rmsd: 0.001520
  step:   4 bond rmsd: 0.001515
  step:   5 bond rmsd: 0.001512
  step:   6 bond rmsd: 0.001510
  step:   7 bond rmsd: 0.001508
  step:   8 bond rmsd: 0.001507
  step:   9 bond rmsd: 0.001505
  step:  10 bond rmsd: 0.001505
  step:  11 bond rmsd: 0.001504
  step:  12 bond rmsd: 0.001503
  step:  13 bond rmsd: 0.001503
  step:  14 bond rmsd: 0.001502
  step:  15 bond rmsd: 0.001502
  step:  16 bond rmsd: 0.001501
  step:  17 bond rmsd: 0.001501
  step:  18 bond rmsd: 0.001500
  step:  19 bond rmsd: 0.001500
  step:  20 bond rmsd: 0.001499
  step:  21 bond rmsd: 0.001499
  step:  22 bond rmsd: 0.001498
  step:  23 bond rmsd: 0.001497
  step:  24 bond rmsd: 0.001497
  step:  25 bond rmsd: 0.001496
  step:  26 bond rmsd: 0.001495
  step:  27 bond rmsd: 0.001494
  step:  28 bond rmsd: 0.001495
  step:  29 bond rmsd: 0.001494
  step:  30 bond rmsd: 0.001493
  step:  31 bond rmsd: 0.001492
  step:  32 bond rmsd: 0.001492
  step:  33 bond rmsd: 0.001491
  step:  34 bond rmsd: 0.001490
  step:  35 bond rmsd: 0.001490
  step:  36 bond rmsd: 0.001489
  step:  37 bond rmsd: 0.001489
  step:  38 bond rmsd: 0.001489
  step:  39 bond rmsd: 0.001489
  step:  40 bond rmsd: 0.001490
  step:  41 bond rmsd: 0.001490
  step:  42 bond rmsd: 0.001492
  step:  43 bond rmsd: 0.001492
  step:  44 bond rmsd: 0.001492
  step:  45 bond rmsd: 0.001493
  step:  46 bond rmsd: 0.001493
  step:  47 bond rmsd: 0.001494
  step:  48 bond rmsd: 0.001495
  step:  49 bond rmsd: 0.001496
  step:  50 bond rmsd: 0.001497
  step:  51 bond rmsd: 0.001498
  step:  52 bond rmsd: 0.001497
micro_cycle  44 rmsd(b):  0.0015 rws:  1.000 n_fev: 2293
  step:   1 bond rmsd: 0.001497
  step:   2 bond rmsd: 0.045544
  step:   3 bond rmsd: 0.001518
  step:   4 bond rmsd: 0.001513
  step:   5 bond rmsd: 0.001510
  step:   6 bond rmsd: 0.001507
  step:   7 bond rmsd: 0.001505
  step:   8 bond rmsd: 0.001504
  step:   9 bond rmsd: 0.001502
  step:  10 bond rmsd: 0.001501
  step:  11 bond rmsd: 0.001500
  step:  12 bond rmsd: 0.001499
  step:  13 bond rmsd: 0.001499
  step:  14 bond rmsd: 0.001498
  step:  15 bond rmsd: 0.001497
  step:  16 bond rmsd: 0.001497
  step:  17 bond rmsd: 0.001496
  step:  18 bond rmsd: 0.001495
  step:  19 bond rmsd: 0.001494
  step:  20 bond rmsd: 0.001493
  step:  21 bond rmsd: 0.001492
  step:  22 bond rmsd: 0.001492
  step:  23 bond rmsd: 0.001491
  step:  24 bond rmsd: 0.001493
  step:  25 bond rmsd: 0.001493
  step:  26 bond rmsd: 0.001492
  step:  27 bond rmsd: 0.001491
  step:  28 bond rmsd: 0.001491
  step:  29 bond rmsd: 0.001490
  step:  30 bond rmsd: 0.001490
  step:  31 bond rmsd: 0.001489
  step:  32 bond rmsd: 0.001489
  step:  33 bond rmsd: 0.001489
  step:  34 bond rmsd: 0.001488
  step:  35 bond rmsd: 0.001488
  step:  36 bond rmsd: 0.001488
  step:  37 bond rmsd: 0.001488
  step:  38 bond rmsd: 0.001488
  step:  39 bond rmsd: 0.001489
  step:  40 bond rmsd: 0.001489
  step:  41 bond rmsd: 0.001490
  step:  42 bond rmsd: 0.001491
  step:  43 bond rmsd: 0.001491
  step:  44 bond rmsd: 0.001492
  step:  45 bond rmsd: 0.001493
  step:  46 bond rmsd: 0.001494
  step:  47 bond rmsd: 0.001495
  step:  48 bond rmsd: 0.001496
  step:  49 bond rmsd: 0.001497
  step:  50 bond rmsd: 0.001498
  step:  51 bond rmsd: 0.001498
  step:  52 bond rmsd: 0.001499
  step:  53 bond rmsd: 0.001500
micro_cycle  45 rmsd(b):  0.0015 rws:  1.000 n_fev: 2346
  step:   1 bond rmsd: 0.001500
  step:   2 bond rmsd: 0.053963
  step:   3 bond rmsd: 0.001505
  step:   4 bond rmsd: 0.001504
  step:   5 bond rmsd: 0.001503
  step:   6 bond rmsd: 0.001503
  step:   7 bond rmsd: 0.001502
  step:   8 bond rmsd: 0.001502
  step:   9 bond rmsd: 0.001501
  step:  10 bond rmsd: 0.001501
  step:  11 bond rmsd: 0.001501
  step:  12 bond rmsd: 0.001500
  step:  13 bond rmsd: 0.001500
  step:  14 bond rmsd: 0.001500
  step:  15 bond rmsd: 0.001499
  step:  16 bond rmsd: 0.001499
  step:  17 bond rmsd: 0.001498
  step:  18 bond rmsd: 0.001498
  step:  19 bond rmsd: 0.001497
  step:  20 bond rmsd: 0.001496
  step:  21 bond rmsd: 0.001495
  step:  22 bond rmsd: 0.001494
  step:  23 bond rmsd: 0.001496
  step:  24 bond rmsd: 0.001495
  step:  25 bond rmsd: 0.001494
  step:  26 bond rmsd: 0.001493
  step:  27 bond rmsd: 0.001493
  step:  28 bond rmsd: 0.001492
  step:  29 bond rmsd: 0.001492
  step:  30 bond rmsd: 0.001491
  step:  31 bond rmsd: 0.001490
  step:  32 bond rmsd: 0.001490
  step:  33 bond rmsd: 0.001490
  step:  34 bond rmsd: 0.001491
  step:  35 bond rmsd: 0.001491
  step:  36 bond rmsd: 0.001491
  step:  37 bond rmsd: 0.001492
  step:  38 bond rmsd: 0.001493
  step:  39 bond rmsd: 0.001493
  step:  40 bond rmsd: 0.001494
  step:  41 bond rmsd: 0.001495
  step:  42 bond rmsd: 0.001496
  step:  43 bond rmsd: 0.001497
  step:  44 bond rmsd: 0.001498
  step:  45 bond rmsd: 0.001499
  step:  46 bond rmsd: 0.001500
  step:  47 bond rmsd: 0.001500
  step:  48 bond rmsd: 0.001500
  step:  49 bond rmsd: 0.001501
  step:  50 bond rmsd: 0.001501
  step:  51 bond rmsd: 0.001502
  step:  52 bond rmsd: 0.001501
micro_cycle  46 rmsd(b):  0.0015 rws:  1.000 n_fev: 2398
  step:   1 bond rmsd: 0.001501
  step:   2 bond rmsd: 0.054468
  step:   3 bond rmsd: 0.001512
  step:   4 bond rmsd: 0.001509
  step:   5 bond rmsd: 0.001507
  step:   6 bond rmsd: 0.001506
  step:   7 bond rmsd: 0.001505
  step:   8 bond rmsd: 0.001503
  step:   9 bond rmsd: 0.001502
  step:  10 bond rmsd: 0.001501
  step:  11 bond rmsd: 0.001501
  step:  12 bond rmsd: 0.001500
  step:  13 bond rmsd: 0.001499
  step:  14 bond rmsd: 0.001498
  step:  15 bond rmsd: 0.001497
  step:  16 bond rmsd: 0.001496
  step:  17 bond rmsd: 0.001495
  step:  18 bond rmsd: 0.001495
  step:  19 bond rmsd: 0.001493
  step:  20 bond rmsd: 0.001494
  step:  21 bond rmsd: 0.001493
  step:  22 bond rmsd: 0.001492
  step:  23 bond rmsd: 0.001492
  step:  24 bond rmsd: 0.001491
  step:  25 bond rmsd: 0.001491
  step:  26 bond rmsd: 0.001491
  step:  27 bond rmsd: 0.001490
  step:  28 bond rmsd: 0.001490
  step:  29 bond rmsd: 0.001490
  step:  30 bond rmsd: 0.001490
  step:  31 bond rmsd: 0.001489
  step:  32 bond rmsd: 0.001489
  step:  33 bond rmsd: 0.001489
  step:  34 bond rmsd: 0.001489
  step:  35 bond rmsd: 0.001490
  step:  36 bond rmsd: 0.001490
  step:  37 bond rmsd: 0.001490
  step:  38 bond rmsd: 0.001492
  step:  39 bond rmsd: 0.001494
  step:  40 bond rmsd: 0.001498
  step:  41 bond rmsd: 0.001500
  step:  42 bond rmsd: 0.001501
  step:  43 bond rmsd: 0.001504
  step:  44 bond rmsd: 0.001505
  step:  45 bond rmsd: 0.001507
  step:  46 bond rmsd: 0.001508
  step:  47 bond rmsd: 0.001509
  step:  48 bond rmsd: 0.001510
  step:  49 bond rmsd: 0.001512
  step:  50 bond rmsd: 0.001513
  step:  51 bond rmsd: 0.001514
  step:  52 bond rmsd: 0.001517
micro_cycle  47 rmsd(b):  0.0015 rws:  1.000 n_fev: 2450
  step:   1 bond rmsd: 0.001517
  step:   2 bond rmsd: 0.072553
  step:   3 bond rmsd: 0.001515
  step:   4 bond rmsd: 0.001515
  step:   5 bond rmsd: 0.001515
  step:   6 bond rmsd: 0.001515
  step:   7 bond rmsd: 0.001515
  step:   8 bond rmsd: 0.001515
  step:   9 bond rmsd: 0.001515
  step:  10 bond rmsd: 0.001515
  step:  11 bond rmsd: 0.001515
  step:  12 bond rmsd: 0.001515
  step:  13 bond rmsd: 0.001515
  step:  14 bond rmsd: 0.001515
  step:  15 bond rmsd: 0.001515
  step:  16 bond rmsd: 0.001514
  step:  17 bond rmsd: 0.001514
  step:  18 bond rmsd: 0.001513
  step:  19 bond rmsd: 0.001511
  step:  20 bond rmsd: 0.001508
  step:  21 bond rmsd: 0.001503
  step:  22 bond rmsd: 0.001501
  step:  23 bond rmsd: 0.001499
  step:  24 bond rmsd: 0.001497
  step:  25 bond rmsd: 0.001496
  step:  26 bond rmsd: 0.001495
  step:  27 bond rmsd: 0.001493
  step:  28 bond rmsd: 0.001493
  step:  29 bond rmsd: 0.001491
  step:  30 bond rmsd: 0.001491
  step:  31 bond rmsd: 0.001491
  step:  32 bond rmsd: 0.001490
  step:  33 bond rmsd: 0.001490
  step:  34 bond rmsd: 0.001490
  step:  35 bond rmsd: 0.001490
  step:  36 bond rmsd: 0.001490
  step:  37 bond rmsd: 0.001490
  step:  38 bond rmsd: 0.001490
  step:  39 bond rmsd: 0.001491
  step:  40 bond rmsd: 0.001491
  step:  41 bond rmsd: 0.001491
  step:  42 bond rmsd: 0.001491
  step:  43 bond rmsd: 0.001491
  step:  44 bond rmsd: 0.001491
  step:  45 bond rmsd: 0.001492
  step:  46 bond rmsd: 0.001492
  step:  47 bond rmsd: 0.001493
  step:  48 bond rmsd: 0.001494
  step:  49 bond rmsd: 0.001495
  step:  50 bond rmsd: 0.001497
  step:  51 bond rmsd: 0.001497
  step:  52 bond rmsd: 0.001499
micro_cycle  48 rmsd(b):  0.0015 rws:  1.000 n_fev: 2502
  step:   1 bond rmsd: 0.001499
  step:   2 bond rmsd: 0.048959
  step:   3 bond rmsd: 0.001512
  step:   4 bond rmsd: 0.001509
  step:   5 bond rmsd: 0.001507
  step:   6 bond rmsd: 0.001506
  step:   7 bond rmsd: 0.001504
  step:   8 bond rmsd: 0.001503
  step:   9 bond rmsd: 0.001502
  step:  10 bond rmsd: 0.001502
  step:  11 bond rmsd: 0.001501
  step:  12 bond rmsd: 0.001501
  step:  13 bond rmsd: 0.001500
  step:  14 bond rmsd: 0.001500
  step:  15 bond rmsd: 0.001499
  step:  16 bond rmsd: 0.001499
  step:  17 bond rmsd: 0.001499
  step:  18 bond rmsd: 0.001498
  step:  19 bond rmsd: 0.001497
  step:  20 bond rmsd: 0.001497
  step:  21 bond rmsd: 0.001496
  step:  22 bond rmsd: 0.001496
  step:  23 bond rmsd: 0.001495
  step:  24 bond rmsd: 0.001496
  step:  25 bond rmsd: 0.001496
  step:  26 bond rmsd: 0.001496
  step:  27 bond rmsd: 0.001495
  step:  28 bond rmsd: 0.001495
  step:  29 bond rmsd: 0.001494
  step:  30 bond rmsd: 0.001494
  step:  31 bond rmsd: 0.001494
  step:  32 bond rmsd: 0.001493
  step:  33 bond rmsd: 0.001493
  step:  34 bond rmsd: 0.001493
  step:  35 bond rmsd: 0.001492
  step:  36 bond rmsd: 0.001492
  step:  37 bond rmsd: 0.001492
  step:  38 bond rmsd: 0.001491
  step:  39 bond rmsd: 0.001491
  step:  40 bond rmsd: 0.001490
  step:  41 bond rmsd: 0.001490
  step:  42 bond rmsd: 0.001490
  step:  43 bond rmsd: 0.001488
  step:  44 bond rmsd: 0.001488
  step:  45 bond rmsd: 0.001487
  step:  46 bond rmsd: 0.001488
  step:  47 bond rmsd: 0.001487
  step:  48 bond rmsd: 0.001488
  step:  49 bond rmsd: 0.001490
  step:  50 bond rmsd: 0.001487
  step:  51 bond rmsd: 0.001489
  step:  52 bond rmsd: 0.001492
  step:  53 bond rmsd: 0.001499
micro_cycle  49 rmsd(b):  0.0015 rws:  1.000 n_fev: 2555
  step:   1 bond rmsd: 0.001499
  step:   2 bond rmsd: 0.053888
  step:   3 bond rmsd: 0.001595
  step:   4 bond rmsd: 0.001566
  step:   5 bond rmsd: 0.001546
  step:   6 bond rmsd: 0.001532
  step:   7 bond rmsd: 0.001523
  step:   8 bond rmsd: 0.001516
  step:   9 bond rmsd: 0.001512
  step:  10 bond rmsd: 0.001508
  step:  11 bond rmsd: 0.001506
  step:  12 bond rmsd: 0.001505
  step:  13 bond rmsd: 0.001503
  step:  14 bond rmsd: 0.001502
  step:  15 bond rmsd: 0.001502
  step:  16 bond rmsd: 0.001501
  step:  17 bond rmsd: 0.001501
  step:  18 bond rmsd: 0.001501
  step:  19 bond rmsd: 0.001501
  step:  20 bond rmsd: 0.001501
  step:  21 bond rmsd: 0.001501
  step:  22 bond rmsd: 0.001501
  step:  23 bond rmsd: 0.001503
  step:  24 bond rmsd: 0.001504
  step:  25 bond rmsd: 0.001505
  step:  26 bond rmsd: 0.001506
  step:  27 bond rmsd: 0.001507
  step:  28 bond rmsd: 0.001508
  step:  29 bond rmsd: 0.001509
  step:  30 bond rmsd: 0.001509
  step:  31 bond rmsd: 0.001509
  step:  32 bond rmsd: 0.001509
  step:  33 bond rmsd: 0.001509
  step:  34 bond rmsd: 0.001509
  step:  35 bond rmsd: 0.001509
  step:  36 bond rmsd: 0.001508
  step:  37 bond rmsd: 0.001508
  step:  38 bond rmsd: 0.001506
  step:  39 bond rmsd: 0.001505
  step:  40 bond rmsd: 0.001505
  step:  41 bond rmsd: 0.001503
  step:  42 bond rmsd: 0.001502
  step:  43 bond rmsd: 0.001500
  step:  44 bond rmsd: 0.001499
  step:  45 bond rmsd: 0.001497
  step:  46 bond rmsd: 0.001497
  step:  47 bond rmsd: 0.001495
  step:  48 bond rmsd: 0.001494
  step:  49 bond rmsd: 0.001494
  step:  50 bond rmsd: 0.001493
  step:  51 bond rmsd: 0.001493
  step:  52 bond rmsd: 0.001493
micro_cycle  50 rmsd(b):  0.0015 rws:  1.000 n_fev: 2607
See 1_refined.pdb in pdb folder.
Time: 42.6907
