Starting Q|R
Running refinement
   input {
     xray_data {
       file_name = None
       labels = None
       high_resolution = None
       low_resolution = None
       outliers_rejection = True
       french_wilson_scale = True
       french_wilson {
         max_bins = 60
         min_bin_size = 40
       }
       sigma_fobs_rejection_criterion = None
       sigma_iobs_rejection_criterion = None
       ignore_all_zeros = True
       force_anomalous_flag_to_be_equal_to = None
       convert_to_non_anomalous_if_ratio_pairs_lone_less_than_threshold = 0.5
       r_free_flags {
         file_name = None
         label = None
         test_flag_value = None
         ignore_r_free_flags = False
         disable_suitability_test = False
         ignore_pdb_hexdigest = False
         generate = False
         fraction = 0.1
         max_free = 2000
         lattice_symmetry_max_delta = 5
         use_lattice_symmetry = True
         use_dataman_shells = False
         n_shells = 20
       }
     }
     pdb {
       file_name = None
     }
     monomers {
       file_name = None
     }
     maps {
       map_file_name = None
       d_min = None
       map_coefficients_file_name = None
       map_coefficients_label = None
     }
     sequence = None
     scattering_table = wk1995 it1992 *n_gaussian neutron electron
     wavelength = None
     energy = None
     twin_law = Auto
   }
   max_atoms = 15000
   debug = False
   cluster {
     charge_cutoff = 8.0
     clustering = false
     charge_embedding = False
     two_buffers = False
     maxnum_residues_in_cluster = 15
     clustering_method = gnc *bcc
     altloc_method = *average subtract
   }
   restraints = *cctbx qm
   quantum {
     engine_name = *mopac ani torchani terachem turbomole pyscf orca gaussian \
                   xtb
     charge = None
     basis = Auto
     method = Auto
     memory = None
     nproc = None
     qm_addon = gcp dftd3 gcp-d3
     qm_addon_method = None
   }
   refine {
     dry_run = False
     sf_algorithm = *direct fft
     refinement_target_name = *ml ls_wunit_k1
     mode = *opt refine
     number_of_macro_cycles = 1
     number_of_weight_search_cycles = 50
     number_of_refine_cycles = 5
     number_of_micro_cycles = 50
     data_weight = None
     choose_best_use_r_work = False
     skip_initial_weight_optimization = False
     adjust_restraints_weight_scale_value = 2
     max_iterations_weight = 50
     max_iterations_refine = 50
     use_ase_lbfgs = False
     line_search = True
     stpmax = 0.2
     gradient_only = true
     update_all_scales = True
     refine_sites = True
     refine_adp = False
     restraints_weight_scale = 1.0
     shake_sites = False
     use_convergence_test = true
     max_bond_rmsd = 0.03
     max_r_work_r_free_gap = 5.0
     r_tolerance = 0.001
     rmsd_tolerance = 0.001
     opt_log = False
     pre_opt = False
     pre_opt_stpmax = 0.1
     pre_opt_iter = 10
     pre_opt_switch = 2
     pre_opt_gconv = 3000
   }
   parallel {
     method = *multiprocessing slurm pbs sge lsf threading
     nproc = None
     qsub_command = None
   }
   output_file_name_prefix = None
   output_folder_name = "pdb"
   shared_disk = True
   rst_file = None
   dump_gradients = None

Setting QM defaults
  Setting QM method to PM7


***********************************************************
restart info will be stored in /home/lum/3nir/cctbx_improve/cctbx_refine/pdb/4.rst.pickle
***********************************************************

start   0 rmsd(b):  0.0203 rws:  1.000 n_fev: 0
  step:   1 bond rmsd: 0.020293
  step:   2 bond rmsd: 0.089632
  step:   3 bond rmsd: 0.089632
  step:   4 bond rmsd: 0.072708
  step:   5 bond rmsd: 0.059024
  step:   6 bond rmsd: 0.048103
  step:   7 bond rmsd: 0.039369
  step:   8 bond rmsd: 0.032411
  step:   9 bond rmsd: 0.026878
  step:  10 bond rmsd: 0.022502
  step:  11 bond rmsd: 0.019060
  step:  12 bond rmsd: 0.016371
  step:  13 bond rmsd: 0.014283
  step:  14 bond rmsd: 0.012670
  step:  15 bond rmsd: 0.011425
  step:  16 bond rmsd: 0.010458
  step:  17 bond rmsd: 0.009693
  step:  18 bond rmsd: 0.009070
  step:  19 bond rmsd: 0.008534
  step:  20 bond rmsd: 0.008039
  step:  21 bond rmsd: 0.007536
  step:  22 bond rmsd: 0.006968
  step:  23 bond rmsd: 0.006268
  step:  24 bond rmsd: 0.005372
  step:  25 bond rmsd: 0.004581
  step:  26 bond rmsd: 0.004111
  step:  27 bond rmsd: 0.003810
  step:  28 bond rmsd: 0.003554
  step:  29 bond rmsd: 0.003418
  step:  30 bond rmsd: 0.003358
  step:  31 bond rmsd: 0.003361
  step:  32 bond rmsd: 0.003366
  step:  33 bond rmsd: 0.003384
  step:  34 bond rmsd: 0.003430
  step:  35 bond rmsd: 0.003465
  step:  36 bond rmsd: 0.003538
  step:  37 bond rmsd: 0.003535
  step:  38 bond rmsd: 0.003522
  step:  39 bond rmsd: 0.003461
  step:  40 bond rmsd: 0.003354
  step:  41 bond rmsd: 0.003265
  step:  42 bond rmsd: 0.003162
  step:  43 bond rmsd: 0.003057
  step:  44 bond rmsd: 0.002933
  step:  45 bond rmsd: 0.002850
  step:  46 bond rmsd: 0.002721
  step:  47 bond rmsd: 0.002654
  step:  48 bond rmsd: 0.002593
  step:  49 bond rmsd: 0.002489
  step:  50 bond rmsd: 0.002422
  step:  51 bond rmsd: 0.002356
  step:  52 bond rmsd: 0.002312
micro_cycle   1 rmsd(b):  0.0023 rws:  1.000 n_fev: 52
  step:   1 bond rmsd: 0.002312
  step:   2 bond rmsd: 0.060248
  step:   3 bond rmsd: 0.032967
  step:   4 bond rmsd: 0.026375
  step:   5 bond rmsd: 0.021076
  step:   6 bond rmsd: 0.016881
  step:   7 bond rmsd: 0.013555
  step:   8 bond rmsd: 0.010920
  step:   9 bond rmsd: 0.008835
  step:  10 bond rmsd: 0.007190
  step:  11 bond rmsd: 0.005900
  step:  12 bond rmsd: 0.004897
  step:  13 bond rmsd: 0.004124
  step:  14 bond rmsd: 0.003538
  step:  15 bond rmsd: 0.003100
  step:  16 bond rmsd: 0.002779
  step:  17 bond rmsd: 0.002548
  step:  18 bond rmsd: 0.002385
  step:  19 bond rmsd: 0.002270
  step:  20 bond rmsd: 0.002190
  step:  21 bond rmsd: 0.002135
  step:  22 bond rmsd: 0.002097
  step:  23 bond rmsd: 0.002070
  step:  24 bond rmsd: 0.002051
  step:  25 bond rmsd: 0.002037
  step:  26 bond rmsd: 0.002027
  step:  27 bond rmsd: 0.002019
  step:  28 bond rmsd: 0.002013
  step:  29 bond rmsd: 0.002007
  step:  30 bond rmsd: 0.002001
  step:  31 bond rmsd: 0.001994
  step:  32 bond rmsd: 0.001986
  step:  33 bond rmsd: 0.001971
  step:  34 bond rmsd: 0.001940
  step:  35 bond rmsd: 0.001874
  step:  36 bond rmsd: 0.001884
  step:  37 bond rmsd: 0.001928
  step:  38 bond rmsd: 0.001962
  step:  39 bond rmsd: 0.002000
  step:  40 bond rmsd: 0.002049
  step:  41 bond rmsd: 0.002081
  step:  42 bond rmsd: 0.002109
  step:  43 bond rmsd: 0.002155
  step:  44 bond rmsd: 0.002181
  step:  45 bond rmsd: 0.002233
  step:  46 bond rmsd: 0.002257
  step:  47 bond rmsd: 0.002280
  step:  48 bond rmsd: 0.002317
  step:  49 bond rmsd: 0.002332
  step:  50 bond rmsd: 0.002371
  step:  51 bond rmsd: 0.002371
  step:  52 bond rmsd: 0.002380
micro_cycle   2 rmsd(b):  0.0024 rws:  1.000 n_fev: 104
  step:   1 bond rmsd: 0.002380
  step:   2 bond rmsd: 0.069266
  step:   3 bond rmsd: 0.056162
  step:   4 bond rmsd: 0.044766
  step:   5 bond rmsd: 0.035325
  step:   6 bond rmsd: 0.027966
  step:   7 bond rmsd: 0.022207
  step:   8 bond rmsd: 0.017684
  step:   9 bond rmsd: 0.014122
  step:  10 bond rmsd: 0.011315
  step:  11 bond rmsd: 0.009104
  step:  12 bond rmsd: 0.007370
  step:  13 bond rmsd: 0.006017
  step:  14 bond rmsd: 0.004971
  step:  15 bond rmsd: 0.004173
  step:  16 bond rmsd: 0.003575
  step:  17 bond rmsd: 0.003136
  step:  18 bond rmsd: 0.002822
  step:  19 bond rmsd: 0.002603
  step:  20 bond rmsd: 0.002452
  step:  21 bond rmsd: 0.002351
  step:  22 bond rmsd: 0.002284
  step:  23 bond rmsd: 0.002239
  step:  24 bond rmsd: 0.002209
  step:  25 bond rmsd: 0.002189
  step:  26 bond rmsd: 0.002174
  step:  27 bond rmsd: 0.002163
  step:  28 bond rmsd: 0.002154
  step:  29 bond rmsd: 0.002146
  step:  30 bond rmsd: 0.002137
  step:  31 bond rmsd: 0.002126
  step:  32 bond rmsd: 0.002112
  step:  33 bond rmsd: 0.002092
  step:  34 bond rmsd: 0.002063
  step:  35 bond rmsd: 0.002006
  step:  36 bond rmsd: 0.001942
  step:  37 bond rmsd: 0.001848
  step:  38 bond rmsd: 0.001819
  step:  39 bond rmsd: 0.001849
  step:  40 bond rmsd: 0.001827
  step:  41 bond rmsd: 0.001812
  step:  42 bond rmsd: 0.001800
  step:  43 bond rmsd: 0.001793
  step:  44 bond rmsd: 0.001782
  step:  45 bond rmsd: 0.001777
  step:  46 bond rmsd: 0.001773
  step:  47 bond rmsd: 0.001770
  step:  48 bond rmsd: 0.001767
  step:  49 bond rmsd: 0.001764
  step:  50 bond rmsd: 0.001765
  step:  51 bond rmsd: 0.001761
  step:  52 bond rmsd: 0.001763
micro_cycle   3 rmsd(b):  0.0018 rws:  1.000 n_fev: 156
  step:   1 bond rmsd: 0.001763
  step:   2 bond rmsd: 0.074644
  step:   3 bond rmsd: 0.005785
  step:   4 bond rmsd: 0.004740
  step:   5 bond rmsd: 0.003927
  step:   6 bond rmsd: 0.003305
  step:   7 bond rmsd: 0.002837
  step:   8 bond rmsd: 0.002494
  step:   9 bond rmsd: 0.002247
  step:  10 bond rmsd: 0.002074
  step:  11 bond rmsd: 0.001955
  step:  12 bond rmsd: 0.001876
  step:  13 bond rmsd: 0.001823
  step:  14 bond rmsd: 0.001789
  step:  15 bond rmsd: 0.001767
  step:  16 bond rmsd: 0.001752
  step:  17 bond rmsd: 0.001743
  step:  18 bond rmsd: 0.001737
  step:  19 bond rmsd: 0.001734
  step:  20 bond rmsd: 0.001732
  step:  21 bond rmsd: 0.001731
  step:  22 bond rmsd: 0.001730
  step:  23 bond rmsd: 0.001730
  step:  24 bond rmsd: 0.001731
  step:  25 bond rmsd: 0.001732
  step:  26 bond rmsd: 0.001734
  step:  27 bond rmsd: 0.001736
  step:  28 bond rmsd: 0.001738
  step:  29 bond rmsd: 0.001737
  step:  30 bond rmsd: 0.001710
  step:  31 bond rmsd: 0.001714
  step:  32 bond rmsd: 0.001724
  step:  33 bond rmsd: 0.001791
  step:  34 bond rmsd: 0.001791
  step:  35 bond rmsd: 0.001784
  step:  36 bond rmsd: 0.001783
  step:  37 bond rmsd: 0.001787
  step:  38 bond rmsd: 0.001794
  step:  39 bond rmsd: 0.001804
  step:  40 bond rmsd: 0.001812
  step:  41 bond rmsd: 0.001822
  step:  42 bond rmsd: 0.001835
  step:  43 bond rmsd: 0.001852
  step:  44 bond rmsd: 0.001873
  step:  45 bond rmsd: 0.001897
  step:  46 bond rmsd: 0.001939
  step:  47 bond rmsd: 0.001965
  step:  48 bond rmsd: 0.001988
  step:  49 bond rmsd: 0.002017
  step:  50 bond rmsd: 0.002051
  step:  51 bond rmsd: 0.002074
  step:  52 bond rmsd: 0.002142
  step:  53 bond rmsd: 0.002148
micro_cycle   4 rmsd(b):  0.0021 rws:  1.000 n_fev: 209
  step:   1 bond rmsd: 0.002148
  step:   2 bond rmsd: 0.067575
  step:   3 bond rmsd: 0.043062
  step:   4 bond rmsd: 0.034441
  step:   5 bond rmsd: 0.027505
  step:   6 bond rmsd: 0.021994
  step:   7 bond rmsd: 0.017612
  step:   8 bond rmsd: 0.014125
  step:   9 bond rmsd: 0.011351
  step:  10 bond rmsd: 0.009149
  step:  11 bond rmsd: 0.007406
  step:  12 bond rmsd: 0.006035
  step:  13 bond rmsd: 0.004965
  step:  14 bond rmsd: 0.004141
  step:  15 bond rmsd: 0.003516
  step:  16 bond rmsd: 0.003051
  step:  17 bond rmsd: 0.002715
  step:  18 bond rmsd: 0.002477
  step:  19 bond rmsd: 0.002313
  step:  20 bond rmsd: 0.002203
  step:  21 bond rmsd: 0.002130
  step:  22 bond rmsd: 0.002083
  step:  23 bond rmsd: 0.002051
  step:  24 bond rmsd: 0.002031
  step:  25 bond rmsd: 0.002018
  step:  26 bond rmsd: 0.002009
  step:  27 bond rmsd: 0.002003
  step:  28 bond rmsd: 0.001998
  step:  29 bond rmsd: 0.001994
  step:  30 bond rmsd: 0.001990
  step:  31 bond rmsd: 0.001984
  step:  32 bond rmsd: 0.001976
  step:  33 bond rmsd: 0.001964
  step:  34 bond rmsd: 0.001941
  step:  35 bond rmsd: 0.001897
  step:  36 bond rmsd: 0.001792
  step:  37 bond rmsd: 0.001743
  step:  38 bond rmsd: 0.001716
  step:  39 bond rmsd: 0.001698
  step:  40 bond rmsd: 0.001698
  step:  41 bond rmsd: 0.001671
  step:  42 bond rmsd: 0.001654
  step:  43 bond rmsd: 0.001644
  step:  44 bond rmsd: 0.001639
  step:  45 bond rmsd: 0.001636
  step:  46 bond rmsd: 0.001635
  step:  47 bond rmsd: 0.001634
  step:  48 bond rmsd: 0.001635
  step:  49 bond rmsd: 0.001635
  step:  50 bond rmsd: 0.001636
  step:  51 bond rmsd: 0.001637
  step:  52 bond rmsd: 0.001638
  step:  53 bond rmsd: 0.001638
micro_cycle   5 rmsd(b):  0.0016 rws:  1.000 n_fev: 262
  step:   1 bond rmsd: 0.001638
  step:   2 bond rmsd: 0.045394
  step:   3 bond rmsd: 0.002029
  step:   4 bond rmsd: 0.001890
  step:   5 bond rmsd: 0.001796
  step:   6 bond rmsd: 0.001733
  step:   7 bond rmsd: 0.001691
  step:   8 bond rmsd: 0.001665
  step:   9 bond rmsd: 0.001648
  step:  10 bond rmsd: 0.001638
  step:  11 bond rmsd: 0.001632
  step:  12 bond rmsd: 0.001629
  step:  13 bond rmsd: 0.001629
  step:  14 bond rmsd: 0.001629
  step:  15 bond rmsd: 0.001630
  step:  16 bond rmsd: 0.001631
  step:  17 bond rmsd: 0.001633
  step:  18 bond rmsd: 0.001635
  step:  19 bond rmsd: 0.001638
  step:  20 bond rmsd: 0.001641
  step:  21 bond rmsd: 0.001646
  step:  22 bond rmsd: 0.001651
  step:  23 bond rmsd: 0.001658
  step:  24 bond rmsd: 0.001665
  step:  25 bond rmsd: 0.001687
  step:  26 bond rmsd: 0.001693
  step:  27 bond rmsd: 0.001710
  step:  28 bond rmsd: 0.001727
  step:  29 bond rmsd: 0.001743
  step:  30 bond rmsd: 0.001773
  step:  31 bond rmsd: 0.001793
  step:  32 bond rmsd: 0.001816
  step:  33 bond rmsd: 0.001845
  step:  34 bond rmsd: 0.001884
  step:  35 bond rmsd: 0.001923
  step:  36 bond rmsd: 0.001962
  step:  37 bond rmsd: 0.002006
  step:  38 bond rmsd: 0.002063
  step:  39 bond rmsd: 0.002103
  step:  40 bond rmsd: 0.002131
  step:  41 bond rmsd: 0.002164
  step:  42 bond rmsd: 0.002198
  step:  43 bond rmsd: 0.002172
  step:  44 bond rmsd: 0.002171
  step:  45 bond rmsd: 0.002130
  step:  46 bond rmsd: 0.002088
  step:  47 bond rmsd: 0.002044
  step:  48 bond rmsd: 0.001986
  step:  49 bond rmsd: 0.001932
  step:  50 bond rmsd: 0.001881
  step:  51 bond rmsd: 0.001831
  step:  52 bond rmsd: 0.001799
micro_cycle   6 rmsd(b):  0.0018 rws:  1.000 n_fev: 314
  step:   1 bond rmsd: 0.001799
  step:   2 bond rmsd: 0.048291
  step:   3 bond rmsd: 0.008722
  step:   4 bond rmsd: 0.007029
  step:   5 bond rmsd: 0.005683
  step:   6 bond rmsd: 0.004634
  step:   7 bond rmsd: 0.003825
  step:   8 bond rmsd: 0.003212
  step:   9 bond rmsd: 0.002755
  step:  10 bond rmsd: 0.002424
  step:  11 bond rmsd: 0.002190
  step:  12 bond rmsd: 0.002029
  step:  13 bond rmsd: 0.001921
  step:  14 bond rmsd: 0.001851
  step:  15 bond rmsd: 0.001806
  step:  16 bond rmsd: 0.001777
  step:  17 bond rmsd: 0.001758
  step:  18 bond rmsd: 0.001747
  step:  19 bond rmsd: 0.001740
  step:  20 bond rmsd: 0.001735
  step:  21 bond rmsd: 0.001732
  step:  22 bond rmsd: 0.001730
  step:  23 bond rmsd: 0.001729
  step:  24 bond rmsd: 0.001727
  step:  25 bond rmsd: 0.001726
  step:  26 bond rmsd: 0.001724
  step:  27 bond rmsd: 0.001721
  step:  28 bond rmsd: 0.001716
  step:  29 bond rmsd: 0.001708
  step:  30 bond rmsd: 0.001694
  step:  31 bond rmsd: 0.001672
  step:  32 bond rmsd: 0.001633
  step:  33 bond rmsd: 0.001616
  step:  34 bond rmsd: 0.001602
  step:  35 bond rmsd: 0.001610
  step:  36 bond rmsd: 0.001610
  step:  37 bond rmsd: 0.001593
  step:  38 bond rmsd: 0.001581
  step:  39 bond rmsd: 0.001572
  step:  40 bond rmsd: 0.001566
  step:  41 bond rmsd: 0.001561
  step:  42 bond rmsd: 0.001557
  step:  43 bond rmsd: 0.001555
  step:  44 bond rmsd: 0.001552
  step:  45 bond rmsd: 0.001550
  step:  46 bond rmsd: 0.001546
  step:  47 bond rmsd: 0.001550
  step:  48 bond rmsd: 0.001547
  step:  49 bond rmsd: 0.001546
  step:  50 bond rmsd: 0.001540
  step:  51 bond rmsd: 0.001540
  step:  52 bond rmsd: 0.001544
  step:  53 bond rmsd: 0.001549
micro_cycle   7 rmsd(b):  0.0015 rws:  1.000 n_fev: 367
  step:   1 bond rmsd: 0.001549
  step:   2 bond rmsd: 0.061266
  step:   3 bond rmsd: 0.002402
  step:   4 bond rmsd: 0.002157
  step:   5 bond rmsd: 0.001979
  step:   6 bond rmsd: 0.001853
  step:   7 bond rmsd: 0.001764
  step:   8 bond rmsd: 0.001702
  step:   9 bond rmsd: 0.001659
  step:  10 bond rmsd: 0.001628
  step:  11 bond rmsd: 0.001607
  step:  12 bond rmsd: 0.001592
  step:  13 bond rmsd: 0.001581
  step:  14 bond rmsd: 0.001573
  step:  15 bond rmsd: 0.001568
  step:  16 bond rmsd: 0.001563
  step:  17 bond rmsd: 0.001560
  step:  18 bond rmsd: 0.001557
  step:  19 bond rmsd: 0.001555
  step:  20 bond rmsd: 0.001553
  step:  21 bond rmsd: 0.001551
  step:  22 bond rmsd: 0.001550
  step:  23 bond rmsd: 0.001548
  step:  24 bond rmsd: 0.001547
  step:  25 bond rmsd: 0.001546
  step:  26 bond rmsd: 0.001547
  step:  27 bond rmsd: 0.001550
  step:  28 bond rmsd: 0.001562
  step:  29 bond rmsd: 0.001566
  step:  30 bond rmsd: 0.001560
  step:  31 bond rmsd: 0.001558
  step:  32 bond rmsd: 0.001562
  step:  33 bond rmsd: 0.001560
  step:  34 bond rmsd: 0.001562
  step:  35 bond rmsd: 0.001561
  step:  36 bond rmsd: 0.001558
  step:  37 bond rmsd: 0.001562
  step:  38 bond rmsd: 0.001559
  step:  39 bond rmsd: 0.001561
  step:  40 bond rmsd: 0.001560
  step:  41 bond rmsd: 0.001560
  step:  42 bond rmsd: 0.001557
  step:  43 bond rmsd: 0.001557
  step:  44 bond rmsd: 0.001562
  step:  45 bond rmsd: 0.001560
  step:  46 bond rmsd: 0.001563
  step:  47 bond rmsd: 0.001563
  step:  48 bond rmsd: 0.001572
  step:  49 bond rmsd: 0.001578
  step:  50 bond rmsd: 0.001592
  step:  51 bond rmsd: 0.001605
  step:  52 bond rmsd: 0.001640
micro_cycle   8 rmsd(b):  0.0016 rws:  1.000 n_fev: 419
  step:   1 bond rmsd: 0.001640
  step:   2 bond rmsd: 0.056328
  step:   3 bond rmsd: 0.027669
  step:   4 bond rmsd: 0.022097
  step:   5 bond rmsd: 0.017576
  step:   6 bond rmsd: 0.014025
  step:   7 bond rmsd: 0.011227
  step:   8 bond rmsd: 0.009018
  step:   9 bond rmsd: 0.007273
  step:  10 bond rmsd: 0.005896
  step:  11 bond rmsd: 0.004814
  step:  12 bond rmsd: 0.003970
  step:  13 bond rmsd: 0.003319
  step:  14 bond rmsd: 0.002823
  step:  15 bond rmsd: 0.002453
  step:  16 bond rmsd: 0.002183
  step:  17 bond rmsd: 0.001990
  step:  18 bond rmsd: 0.001856
  step:  19 bond rmsd: 0.001764
  step:  20 bond rmsd: 0.001703
  step:  21 bond rmsd: 0.001662
  step:  22 bond rmsd: 0.001635
  step:  23 bond rmsd: 0.001617
  step:  24 bond rmsd: 0.001605
  step:  25 bond rmsd: 0.001597
  step:  26 bond rmsd: 0.001591
  step:  27 bond rmsd: 0.001587
  step:  28 bond rmsd: 0.001585
  step:  29 bond rmsd: 0.001582
  step:  30 bond rmsd: 0.001580
  step:  31 bond rmsd: 0.001578
  step:  32 bond rmsd: 0.001576
  step:  33 bond rmsd: 0.001573
  step:  34 bond rmsd: 0.001569
  step:  35 bond rmsd: 0.001563
  step:  36 bond rmsd: 0.001553
  step:  37 bond rmsd: 0.001545
  step:  38 bond rmsd: 0.001531
  step:  39 bond rmsd: 0.001529
  step:  40 bond rmsd: 0.001527
  step:  41 bond rmsd: 0.001526
  step:  42 bond rmsd: 0.001526
  step:  43 bond rmsd: 0.001527
  step:  44 bond rmsd: 0.001526
  step:  45 bond rmsd: 0.001527
  step:  46 bond rmsd: 0.001525
  step:  47 bond rmsd: 0.001526
  step:  48 bond rmsd: 0.001524
  step:  49 bond rmsd: 0.001524
  step:  50 bond rmsd: 0.001523
  step:  51 bond rmsd: 0.001523
  step:  52 bond rmsd: 0.001522
micro_cycle   9 rmsd(b):  0.0015 rws:  1.000 n_fev: 471
  step:   1 bond rmsd: 0.001522
  step:   2 bond rmsd: 0.046639
  step:   3 bond rmsd: 0.001639
  step:   4 bond rmsd: 0.001605
  step:   5 bond rmsd: 0.001581
  step:   6 bond rmsd: 0.001565
  step:   7 bond rmsd: 0.001553
  step:   8 bond rmsd: 0.001545
  step:   9 bond rmsd: 0.001539
  step:  10 bond rmsd: 0.001535
  step:  11 bond rmsd: 0.001531
  step:  12 bond rmsd: 0.001529
  step:  13 bond rmsd: 0.001527
  step:  14 bond rmsd: 0.001526
  step:  15 bond rmsd: 0.001524
  step:  16 bond rmsd: 0.001523
  step:  17 bond rmsd: 0.001522
  step:  18 bond rmsd: 0.001521
  step:  19 bond rmsd: 0.001521
  step:  20 bond rmsd: 0.001520
  step:  21 bond rmsd: 0.001519
  step:  22 bond rmsd: 0.001517
  step:  23 bond rmsd: 0.001516
  step:  24 bond rmsd: 0.001515
  step:  25 bond rmsd: 0.001514
  step:  26 bond rmsd: 0.001515
  step:  27 bond rmsd: 0.001517
  step:  28 bond rmsd: 0.001518
  step:  29 bond rmsd: 0.001528
  step:  30 bond rmsd: 0.001528
  step:  31 bond rmsd: 0.001526
  step:  32 bond rmsd: 0.001526
  step:  33 bond rmsd: 0.001527
  step:  34 bond rmsd: 0.001529
  step:  35 bond rmsd: 0.001531
  step:  36 bond rmsd: 0.001534
  step:  37 bond rmsd: 0.001537
  step:  38 bond rmsd: 0.001540
  step:  39 bond rmsd: 0.001544
  step:  40 bond rmsd: 0.001548
  step:  41 bond rmsd: 0.001554
  step:  42 bond rmsd: 0.001562
  step:  43 bond rmsd: 0.001570
  step:  44 bond rmsd: 0.001577
  step:  45 bond rmsd: 0.001612
  step:  46 bond rmsd: 0.001621
  step:  47 bond rmsd: 0.001639
  step:  48 bond rmsd: 0.001656
  step:  49 bond rmsd: 0.001672
  step:  50 bond rmsd: 0.001704
  step:  51 bond rmsd: 0.001717
  step:  52 bond rmsd: 0.001742
  step:  53 bond rmsd: 0.001746
micro_cycle  10 rmsd(b):  0.0017 rws:  1.000 n_fev: 524
  step:   1 bond rmsd: 0.001746
  step:   2 bond rmsd: 0.064503
  step:   3 bond rmsd: 0.008569
  step:   4 bond rmsd: 0.006972
  step:   5 bond rmsd: 0.005710
  step:   6 bond rmsd: 0.004720
  step:   7 bond rmsd: 0.003949
  step:   8 bond rmsd: 0.003357
  step:   9 bond rmsd: 0.002907
  step:  10 bond rmsd: 0.002571
  step:  11 bond rmsd: 0.002324
  step:  12 bond rmsd: 0.002145
  step:  13 bond rmsd: 0.002018
  step:  14 bond rmsd: 0.001928
  step:  15 bond rmsd: 0.001864
  step:  16 bond rmsd: 0.001818
  step:  17 bond rmsd: 0.001786
  step:  18 bond rmsd: 0.001762
  step:  19 bond rmsd: 0.001744
  step:  20 bond rmsd: 0.001731
  step:  21 bond rmsd: 0.001720
  step:  22 bond rmsd: 0.001712
  step:  23 bond rmsd: 0.001704
  step:  24 bond rmsd: 0.001698
  step:  25 bond rmsd: 0.001691
  step:  26 bond rmsd: 0.001684
  step:  27 bond rmsd: 0.001675
  step:  28 bond rmsd: 0.001665
  step:  29 bond rmsd: 0.001650
  step:  30 bond rmsd: 0.001631
  step:  31 bond rmsd: 0.001607
  step:  32 bond rmsd: 0.001585
  step:  33 bond rmsd: 0.001570
  step:  34 bond rmsd: 0.001547
  step:  35 bond rmsd: 0.001536
  step:  36 bond rmsd: 0.001526
  step:  37 bond rmsd: 0.001527
  step:  38 bond rmsd: 0.001522
  step:  39 bond rmsd: 0.001519
  step:  40 bond rmsd: 0.001514
  step:  41 bond rmsd: 0.001511
  step:  42 bond rmsd: 0.001509
  step:  43 bond rmsd: 0.001507
  step:  44 bond rmsd: 0.001506
  step:  45 bond rmsd: 0.001504
  step:  46 bond rmsd: 0.001503
  step:  47 bond rmsd: 0.001502
  step:  48 bond rmsd: 0.001504
  step:  49 bond rmsd: 0.001503
  step:  50 bond rmsd: 0.001507
  step:  51 bond rmsd: 0.001509
  step:  52 bond rmsd: 0.001513
micro_cycle  11 rmsd(b):  0.0015 rws:  1.000 n_fev: 576
  step:   1 bond rmsd: 0.001513
  step:   2 bond rmsd: 0.050611
  step:   3 bond rmsd: 0.001695
  step:   4 bond rmsd: 0.001642
  step:   5 bond rmsd: 0.001605
  step:   6 bond rmsd: 0.001579
  step:   7 bond rmsd: 0.001560
  step:   8 bond rmsd: 0.001547
  step:   9 bond rmsd: 0.001537
  step:  10 bond rmsd: 0.001530
  step:  11 bond rmsd: 0.001525
  step:  12 bond rmsd: 0.001521
  step:  13 bond rmsd: 0.001518
  step:  14 bond rmsd: 0.001516
  step:  15 bond rmsd: 0.001514
  step:  16 bond rmsd: 0.001512
  step:  17 bond rmsd: 0.001511
  step:  18 bond rmsd: 0.001510
  step:  19 bond rmsd: 0.001508
  step:  20 bond rmsd: 0.001507
  step:  21 bond rmsd: 0.001506
  step:  22 bond rmsd: 0.001504
  step:  23 bond rmsd: 0.001503
  step:  24 bond rmsd: 0.001502
  step:  25 bond rmsd: 0.001502
  step:  26 bond rmsd: 0.001502
  step:  27 bond rmsd: 0.001503
  step:  28 bond rmsd: 0.001522
  step:  29 bond rmsd: 0.001520
  step:  30 bond rmsd: 0.001518
  step:  31 bond rmsd: 0.001517
  step:  32 bond rmsd: 0.001516
  step:  33 bond rmsd: 0.001515
  step:  34 bond rmsd: 0.001515
  step:  35 bond rmsd: 0.001515
  step:  36 bond rmsd: 0.001516
  step:  37 bond rmsd: 0.001517
  step:  38 bond rmsd: 0.001520
  step:  39 bond rmsd: 0.001521
  step:  40 bond rmsd: 0.001524
  step:  41 bond rmsd: 0.001524
  step:  42 bond rmsd: 0.001528
  step:  43 bond rmsd: 0.001533
  step:  44 bond rmsd: 0.001543
  step:  45 bond rmsd: 0.001552
  step:  46 bond rmsd: 0.001563
  step:  47 bond rmsd: 0.001582
  step:  48 bond rmsd: 0.001599
  step:  49 bond rmsd: 0.001633
  step:  50 bond rmsd: 0.001650
  step:  51 bond rmsd: 0.001679
  step:  52 bond rmsd: 0.001699
micro_cycle  12 rmsd(b):  0.0017 rws:  1.000 n_fev: 628
  step:   1 bond rmsd: 0.001699
  step:   2 bond rmsd: 0.044485
  step:   3 bond rmsd: 0.013014
  step:   4 bond rmsd: 0.010437
  step:   5 bond rmsd: 0.008388
  step:   6 bond rmsd: 0.006756
  step:   7 bond rmsd: 0.005465
  step:   8 bond rmsd: 0.004452
  step:   9 bond rmsd: 0.003664
  step:  10 bond rmsd: 0.003063
  step:  11 bond rmsd: 0.002612
  step:  12 bond rmsd: 0.002283
  step:  13 bond rmsd: 0.002050
  step:  14 bond rmsd: 0.001891
  step:  15 bond rmsd: 0.001786
  step:  16 bond rmsd: 0.001718
  step:  17 bond rmsd: 0.001676
  step:  18 bond rmsd: 0.001650
  step:  19 bond rmsd: 0.001635
  step:  20 bond rmsd: 0.001626
  step:  21 bond rmsd: 0.001622
  step:  22 bond rmsd: 0.001619
  step:  23 bond rmsd: 0.001618
  step:  24 bond rmsd: 0.001617
  step:  25 bond rmsd: 0.001617
  step:  26 bond rmsd: 0.001617
  step:  27 bond rmsd: 0.001617
  step:  28 bond rmsd: 0.001616
  step:  29 bond rmsd: 0.001615
  step:  30 bond rmsd: 0.001612
  step:  31 bond rmsd: 0.001607
  step:  32 bond rmsd: 0.001598
  step:  33 bond rmsd: 0.001582
  step:  34 bond rmsd: 0.001544
  step:  35 bond rmsd: 0.001534
  step:  36 bond rmsd: 0.001522
  step:  37 bond rmsd: 0.001509
  step:  38 bond rmsd: 0.001502
  step:  39 bond rmsd: 0.001494
  step:  40 bond rmsd: 0.001488
  step:  41 bond rmsd: 0.001481
  step:  42 bond rmsd: 0.001478
  step:  43 bond rmsd: 0.001474
  step:  44 bond rmsd: 0.001473
  step:  45 bond rmsd: 0.001471
  step:  46 bond rmsd: 0.001470
  step:  47 bond rmsd: 0.001468
  step:  48 bond rmsd: 0.001467
  step:  49 bond rmsd: 0.001468
  step:  50 bond rmsd: 0.001467
  step:  51 bond rmsd: 0.001469
  step:  52 bond rmsd: 0.001470
micro_cycle  13 rmsd(b):  0.0015 rws:  1.000 n_fev: 680
  step:   1 bond rmsd: 0.001470
  step:   2 bond rmsd: 0.050375
  step:   3 bond rmsd: 0.001499
  step:   4 bond rmsd: 0.001491
  step:   5 bond rmsd: 0.001485
  step:   6 bond rmsd: 0.001482
  step:   7 bond rmsd: 0.001479
  step:   8 bond rmsd: 0.001478
  step:   9 bond rmsd: 0.001477
  step:  10 bond rmsd: 0.001477
  step:  11 bond rmsd: 0.001476
  step:  12 bond rmsd: 0.001477
  step:  13 bond rmsd: 0.001477
  step:  14 bond rmsd: 0.001477
  step:  15 bond rmsd: 0.001478
  step:  16 bond rmsd: 0.001479
  step:  17 bond rmsd: 0.001480
  step:  18 bond rmsd: 0.001483
  step:  19 bond rmsd: 0.001487
  step:  20 bond rmsd: 0.001492
  step:  21 bond rmsd: 0.001499
  step:  22 bond rmsd: 0.001505
  step:  23 bond rmsd: 0.001512
  step:  24 bond rmsd: 0.001522
  step:  25 bond rmsd: 0.001526
  step:  26 bond rmsd: 0.001530
  step:  27 bond rmsd: 0.001535
  step:  28 bond rmsd: 0.001539
  step:  29 bond rmsd: 0.001543
  step:  30 bond rmsd: 0.001550
  step:  31 bond rmsd: 0.001552
  step:  32 bond rmsd: 0.001558
  step:  33 bond rmsd: 0.001561
  step:  34 bond rmsd: 0.001564
  step:  35 bond rmsd: 0.001566
  step:  36 bond rmsd: 0.001571
  step:  37 bond rmsd: 0.001570
  step:  38 bond rmsd: 0.001574
  step:  39 bond rmsd: 0.001572
  step:  40 bond rmsd: 0.001572
  step:  41 bond rmsd: 0.001568
  step:  42 bond rmsd: 0.001566
  step:  43 bond rmsd: 0.001561
  step:  44 bond rmsd: 0.001549
  step:  45 bond rmsd: 0.001542
  step:  46 bond rmsd: 0.001527
  step:  47 bond rmsd: 0.001516
  step:  48 bond rmsd: 0.001503
  step:  49 bond rmsd: 0.001504
  step:  50 bond rmsd: 0.001496
  step:  51 bond rmsd: 0.001494
  step:  52 bond rmsd: 0.001488
micro_cycle  14 rmsd(b):  0.0015 rws:  1.000 n_fev: 732
  step:   1 bond rmsd: 0.001488
  step:   2 bond rmsd: 0.048008
  step:   3 bond rmsd: 0.003404
  step:   4 bond rmsd: 0.002842
  step:   5 bond rmsd: 0.002420
  step:   6 bond rmsd: 0.002110
  step:   7 bond rmsd: 0.001889
  step:   8 bond rmsd: 0.001737
  step:   9 bond rmsd: 0.001635
  step:  10 bond rmsd: 0.001570
  step:  11 bond rmsd: 0.001529
  step:  12 bond rmsd: 0.001504
  step:  13 bond rmsd: 0.001489
  step:  14 bond rmsd: 0.001481
  step:  15 bond rmsd: 0.001477
  step:  16 bond rmsd: 0.001475
  step:  17 bond rmsd: 0.001475
  step:  18 bond rmsd: 0.001476
  step:  19 bond rmsd: 0.001477
  step:  20 bond rmsd: 0.001478
  step:  21 bond rmsd: 0.001480
  step:  22 bond rmsd: 0.001481
  step:  23 bond rmsd: 0.001483
  step:  24 bond rmsd: 0.001485
  step:  25 bond rmsd: 0.001487
  step:  26 bond rmsd: 0.001490
  step:  27 bond rmsd: 0.001494
  step:  28 bond rmsd: 0.001499
  step:  29 bond rmsd: 0.001504
  step:  30 bond rmsd: 0.001501
  step:  31 bond rmsd: 0.001506
  step:  32 bond rmsd: 0.001512
  step:  33 bond rmsd: 0.001515
  step:  34 bond rmsd: 0.001520
  step:  35 bond rmsd: 0.001523
  step:  36 bond rmsd: 0.001527
  step:  37 bond rmsd: 0.001530
  step:  38 bond rmsd: 0.001531
  step:  39 bond rmsd: 0.001535
  step:  40 bond rmsd: 0.001535
  step:  41 bond rmsd: 0.001535
  step:  42 bond rmsd: 0.001534
  step:  43 bond rmsd: 0.001532
  step:  44 bond rmsd: 0.001528
  step:  45 bond rmsd: 0.001520
  step:  46 bond rmsd: 0.001513
  step:  47 bond rmsd: 0.001506
  step:  48 bond rmsd: 0.001493
  step:  49 bond rmsd: 0.001487
  step:  50 bond rmsd: 0.001481
  step:  51 bond rmsd: 0.001476
  step:  52 bond rmsd: 0.001471
micro_cycle  15 rmsd(b):  0.0015 rws:  1.000 n_fev: 784
  step:   1 bond rmsd: 0.001471
  step:   2 bond rmsd: 0.053423
  step:   3 bond rmsd: 0.001527
  step:   4 bond rmsd: 0.001514
  step:   5 bond rmsd: 0.001505
  step:   6 bond rmsd: 0.001498
  step:   7 bond rmsd: 0.001493
  step:   8 bond rmsd: 0.001489
  step:   9 bond rmsd: 0.001486
  step:  10 bond rmsd: 0.001483
  step:  11 bond rmsd: 0.001482
  step:  12 bond rmsd: 0.001480
  step:  13 bond rmsd: 0.001479
  step:  14 bond rmsd: 0.001478
  step:  15 bond rmsd: 0.001477
  step:  16 bond rmsd: 0.001477
  step:  17 bond rmsd: 0.001476
  step:  18 bond rmsd: 0.001476
  step:  19 bond rmsd: 0.001477
  step:  20 bond rmsd: 0.001479
  step:  21 bond rmsd: 0.001483
  step:  22 bond rmsd: 0.001494
  step:  23 bond rmsd: 0.001499
  step:  24 bond rmsd: 0.001501
  step:  25 bond rmsd: 0.001511
  step:  26 bond rmsd: 0.001512
  step:  27 bond rmsd: 0.001513
  step:  28 bond rmsd: 0.001513
  step:  29 bond rmsd: 0.001513
  step:  30 bond rmsd: 0.001513
  step:  31 bond rmsd: 0.001513
  step:  32 bond rmsd: 0.001513
  step:  33 bond rmsd: 0.001510
  step:  34 bond rmsd: 0.001510
  step:  35 bond rmsd: 0.001509
  step:  36 bond rmsd: 0.001508
  step:  37 bond rmsd: 0.001502
  step:  38 bond rmsd: 0.001499
  step:  39 bond rmsd: 0.001497
  step:  40 bond rmsd: 0.001492
  step:  41 bond rmsd: 0.001489
  step:  42 bond rmsd: 0.001484
  step:  43 bond rmsd: 0.001479
  step:  44 bond rmsd: 0.001468
  step:  45 bond rmsd: 0.001462
  step:  46 bond rmsd: 0.001455
  step:  47 bond rmsd: 0.001448
  step:  48 bond rmsd: 0.001441
  step:  49 bond rmsd: 0.001434
  step:  50 bond rmsd: 0.001428
  step:  51 bond rmsd: 0.001427
  step:  52 bond rmsd: 0.001423
micro_cycle  16 rmsd(b):  0.0014 rws:  1.000 n_fev: 836
  step:   1 bond rmsd: 0.001423
  step:   2 bond rmsd: 0.068034
  step:   3 bond rmsd: 0.006506
  step:   4 bond rmsd: 0.005288
  step:   5 bond rmsd: 0.004327
  step:   6 bond rmsd: 0.003578
  step:   7 bond rmsd: 0.002999
  step:   8 bond rmsd: 0.002559
  step:   9 bond rmsd: 0.002229
  step:  10 bond rmsd: 0.001987
  step:  11 bond rmsd: 0.001814
  step:  12 bond rmsd: 0.001692
  step:  13 bond rmsd: 0.001607
  step:  14 bond rmsd: 0.001550
  step:  15 bond rmsd: 0.001511
  step:  16 bond rmsd: 0.001485
  step:  17 bond rmsd: 0.001467
  step:  18 bond rmsd: 0.001455
  step:  19 bond rmsd: 0.001448
  step:  20 bond rmsd: 0.001442
  step:  21 bond rmsd: 0.001439
  step:  22 bond rmsd: 0.001437
  step:  23 bond rmsd: 0.001435
  step:  24 bond rmsd: 0.001434
  step:  25 bond rmsd: 0.001434
  step:  26 bond rmsd: 0.001434
  step:  27 bond rmsd: 0.001434
  step:  28 bond rmsd: 0.001435
  step:  29 bond rmsd: 0.001436
  step:  30 bond rmsd: 0.001439
  step:  31 bond rmsd: 0.001444
  step:  32 bond rmsd: 0.001452
  step:  33 bond rmsd: 0.001463
  step:  34 bond rmsd: 0.001470
  step:  35 bond rmsd: 0.001478
  step:  36 bond rmsd: 0.001486
  step:  37 bond rmsd: 0.001498
  step:  38 bond rmsd: 0.001507
  step:  39 bond rmsd: 0.001511
  step:  40 bond rmsd: 0.001518
  step:  41 bond rmsd: 0.001521
  step:  42 bond rmsd: 0.001524
  step:  43 bond rmsd: 0.001526
  step:  44 bond rmsd: 0.001528
  step:  45 bond rmsd: 0.001530
  step:  46 bond rmsd: 0.001531
  step:  47 bond rmsd: 0.001530
  step:  48 bond rmsd: 0.001529
  step:  49 bond rmsd: 0.001527
  step:  50 bond rmsd: 0.001525
  step:  51 bond rmsd: 0.001521
  step:  52 bond rmsd: 0.001519
micro_cycle  17 rmsd(b):  0.0015 rws:  1.000 n_fev: 888
  step:   1 bond rmsd: 0.001519
  step:   2 bond rmsd: 0.046166
  step:   3 bond rmsd: 0.001535
  step:   4 bond rmsd: 0.001520
  step:   5 bond rmsd: 0.001512
  step:   6 bond rmsd: 0.001508
  step:   7 bond rmsd: 0.001507
  step:   8 bond rmsd: 0.001506
  step:   9 bond rmsd: 0.001507
  step:  10 bond rmsd: 0.001508
  step:  11 bond rmsd: 0.001509
  step:  12 bond rmsd: 0.001510
  step:  13 bond rmsd: 0.001511
  step:  14 bond rmsd: 0.001511
  step:  15 bond rmsd: 0.001512
  step:  16 bond rmsd: 0.001513
  step:  17 bond rmsd: 0.001513
  step:  18 bond rmsd: 0.001514
  step:  19 bond rmsd: 0.001514
  step:  20 bond rmsd: 0.001515
  step:  21 bond rmsd: 0.001515
  step:  22 bond rmsd: 0.001515
  step:  23 bond rmsd: 0.001514
  step:  24 bond rmsd: 0.001513
  step:  25 bond rmsd: 0.001510
  step:  26 bond rmsd: 0.001502
  step:  27 bond rmsd: 0.001497
  step:  28 bond rmsd: 0.001493
  step:  29 bond rmsd: 0.001479
  step:  30 bond rmsd: 0.001479
  step:  31 bond rmsd: 0.001478
  step:  32 bond rmsd: 0.001476
  step:  33 bond rmsd: 0.001475
  step:  34 bond rmsd: 0.001474
  step:  35 bond rmsd: 0.001473
  step:  36 bond rmsd: 0.001473
  step:  37 bond rmsd: 0.001472
  step:  38 bond rmsd: 0.001471
  step:  39 bond rmsd: 0.001470
  step:  40 bond rmsd: 0.001469
  step:  41 bond rmsd: 0.001467
  step:  42 bond rmsd: 0.001465
  step:  43 bond rmsd: 0.001463
  step:  44 bond rmsd: 0.001464
  step:  45 bond rmsd: 0.001462
  step:  46 bond rmsd: 0.001456
  step:  47 bond rmsd: 0.001456
  step:  48 bond rmsd: 0.001456
  step:  49 bond rmsd: 0.001457
  step:  50 bond rmsd: 0.001459
  step:  51 bond rmsd: 0.001464
  step:  52 bond rmsd: 0.001469
  step:  53 bond rmsd: 0.001474
micro_cycle  18 rmsd(b):  0.0015 rws:  1.000 n_fev: 941
  step:   1 bond rmsd: 0.001474
  step:   2 bond rmsd: 0.049243
  step:   3 bond rmsd: 0.001951
  step:   4 bond rmsd: 0.001810
  step:   5 bond rmsd: 0.001711
  step:   6 bond rmsd: 0.001641
  step:   7 bond rmsd: 0.001593
  step:   8 bond rmsd: 0.001560
  step:   9 bond rmsd: 0.001536
  step:  10 bond rmsd: 0.001520
  step:  11 bond rmsd: 0.001508
  step:  12 bond rmsd: 0.001500
  step:  13 bond rmsd: 0.001494
  step:  14 bond rmsd: 0.001489
  step:  15 bond rmsd: 0.001486
  step:  16 bond rmsd: 0.001484
  step:  17 bond rmsd: 0.001482
  step:  18 bond rmsd: 0.001480
  step:  19 bond rmsd: 0.001479
  step:  20 bond rmsd: 0.001478
  step:  21 bond rmsd: 0.001477
  step:  22 bond rmsd: 0.001476
  step:  23 bond rmsd: 0.001475
  step:  24 bond rmsd: 0.001475
  step:  25 bond rmsd: 0.001475
  step:  26 bond rmsd: 0.001475
  step:  27 bond rmsd: 0.001478
  step:  28 bond rmsd: 0.001480
  step:  29 bond rmsd: 0.001482
  step:  30 bond rmsd: 0.001487
  step:  31 bond rmsd: 0.001489
  step:  32 bond rmsd: 0.001491
  step:  33 bond rmsd: 0.001493
  step:  34 bond rmsd: 0.001494
  step:  35 bond rmsd: 0.001495
  step:  36 bond rmsd: 0.001495
  step:  37 bond rmsd: 0.001497
  step:  38 bond rmsd: 0.001495
  step:  39 bond rmsd: 0.001495
  step:  40 bond rmsd: 0.001494
  step:  41 bond rmsd: 0.001494
  step:  42 bond rmsd: 0.001492
  step:  43 bond rmsd: 0.001491
  step:  44 bond rmsd: 0.001490
  step:  45 bond rmsd: 0.001488
  step:  46 bond rmsd: 0.001487
  step:  47 bond rmsd: 0.001486
  step:  48 bond rmsd: 0.001487
  step:  49 bond rmsd: 0.001486
  step:  50 bond rmsd: 0.001485
  step:  51 bond rmsd: 0.001485
  step:  52 bond rmsd: 0.001483
micro_cycle  19 rmsd(b):  0.0015 rws:  1.000 n_fev: 993
  step:   1 bond rmsd: 0.001483
  step:   2 bond rmsd: 0.060514
  step:   3 bond rmsd: 0.001474
  step:   4 bond rmsd: 0.001474
  step:   5 bond rmsd: 0.001475
  step:   6 bond rmsd: 0.001475
  step:   7 bond rmsd: 0.001476
  step:   8 bond rmsd: 0.001477
  step:   9 bond rmsd: 0.001478
  step:  10 bond rmsd: 0.001479
  step:  11 bond rmsd: 0.001480
  step:  12 bond rmsd: 0.001480
  step:  13 bond rmsd: 0.001481
  step:  14 bond rmsd: 0.001482
  step:  15 bond rmsd: 0.001483
  step:  16 bond rmsd: 0.001484
  step:  17 bond rmsd: 0.001485
  step:  18 bond rmsd: 0.001486
  step:  19 bond rmsd: 0.001487
  step:  20 bond rmsd: 0.001489
  step:  21 bond rmsd: 0.001490
  step:  22 bond rmsd: 0.001491
  step:  23 bond rmsd: 0.001493
  step:  24 bond rmsd: 0.001490
  step:  25 bond rmsd: 0.001490
  step:  26 bond rmsd: 0.001492
  step:  27 bond rmsd: 0.001493
  step:  28 bond rmsd: 0.001495
  step:  29 bond rmsd: 0.001496
  step:  30 bond rmsd: 0.001497
  step:  31 bond rmsd: 0.001498
  step:  32 bond rmsd: 0.001499
  step:  33 bond rmsd: 0.001500
  step:  34 bond rmsd: 0.001500
  step:  35 bond rmsd: 0.001499
  step:  36 bond rmsd: 0.001499
  step:  37 bond rmsd: 0.001491
  step:  38 bond rmsd: 0.001488
  step:  39 bond rmsd: 0.001483
  step:  40 bond rmsd: 0.001478
  step:  41 bond rmsd: 0.001475
  step:  42 bond rmsd: 0.001472
  step:  43 bond rmsd: 0.001468
  step:  44 bond rmsd: 0.001467
  step:  45 bond rmsd: 0.001465
  step:  46 bond rmsd: 0.001463
  step:  47 bond rmsd: 0.001459
  step:  48 bond rmsd: 0.001458
  step:  49 bond rmsd: 0.001456
  step:  50 bond rmsd: 0.001454
  step:  51 bond rmsd: 0.001456
  step:  52 bond rmsd: 0.001454
  step:  53 bond rmsd: 0.001453
micro_cycle  20 rmsd(b):  0.0015 rws:  1.000 n_fev: 1046
  step:   1 bond rmsd: 0.001453
  step:   2 bond rmsd: 0.062784
  step:   3 bond rmsd: 0.002148
  step:   4 bond rmsd: 0.001917
  step:   5 bond rmsd: 0.001755
  step:   6 bond rmsd: 0.001645
  step:   7 bond rmsd: 0.001571
  step:   8 bond rmsd: 0.001523
  step:   9 bond rmsd: 0.001492
  step:  10 bond rmsd: 0.001472
  step:  11 bond rmsd: 0.001460
  step:  12 bond rmsd: 0.001453
  step:  13 bond rmsd: 0.001449
  step:  14 bond rmsd: 0.001446
  step:  15 bond rmsd: 0.001445
  step:  16 bond rmsd: 0.001444
  step:  17 bond rmsd: 0.001444
  step:  18 bond rmsd: 0.001444
  step:  19 bond rmsd: 0.001444
  step:  20 bond rmsd: 0.001445
  step:  21 bond rmsd: 0.001445
  step:  22 bond rmsd: 0.001446
  step:  23 bond rmsd: 0.001447
  step:  24 bond rmsd: 0.001448
  step:  25 bond rmsd: 0.001450
  step:  26 bond rmsd: 0.001453
  step:  27 bond rmsd: 0.001454
  step:  28 bond rmsd: 0.001457
  step:  29 bond rmsd: 0.001461
  step:  30 bond rmsd: 0.001470
  step:  31 bond rmsd: 0.001473
  step:  32 bond rmsd: 0.001478
  step:  33 bond rmsd: 0.001481
  step:  34 bond rmsd: 0.001485
  step:  35 bond rmsd: 0.001489
  step:  36 bond rmsd: 0.001494
  step:  37 bond rmsd: 0.001499
  step:  38 bond rmsd: 0.001502
  step:  39 bond rmsd: 0.001506
  step:  40 bond rmsd: 0.001507
  step:  41 bond rmsd: 0.001511
  step:  42 bond rmsd: 0.001513
  step:  43 bond rmsd: 0.001515
  step:  44 bond rmsd: 0.001515
  step:  45 bond rmsd: 0.001515
  step:  46 bond rmsd: 0.001514
  step:  47 bond rmsd: 0.001512
  step:  48 bond rmsd: 0.001512
  step:  49 bond rmsd: 0.001510
  step:  50 bond rmsd: 0.001506
  step:  51 bond rmsd: 0.001502
  step:  52 bond rmsd: 0.001498
micro_cycle  21 rmsd(b):  0.0015 rws:  1.000 n_fev: 1098
  step:   1 bond rmsd: 0.001498
  step:   2 bond rmsd: 0.044329
  step:   3 bond rmsd: 0.001479
  step:   4 bond rmsd: 0.001481
  step:   5 bond rmsd: 0.001483
  step:   6 bond rmsd: 0.001485
  step:   7 bond rmsd: 0.001487
  step:   8 bond rmsd: 0.001488
  step:   9 bond rmsd: 0.001490
  step:  10 bond rmsd: 0.001491
  step:  11 bond rmsd: 0.001492
  step:  12 bond rmsd: 0.001493
  step:  13 bond rmsd: 0.001494
  step:  14 bond rmsd: 0.001495
  step:  15 bond rmsd: 0.001496
  step:  16 bond rmsd: 0.001497
  step:  17 bond rmsd: 0.001498
  step:  18 bond rmsd: 0.001499
  step:  19 bond rmsd: 0.001499
  step:  20 bond rmsd: 0.001498
  step:  21 bond rmsd: 0.001487
  step:  22 bond rmsd: 0.001485
  step:  23 bond rmsd: 0.001482
  step:  24 bond rmsd: 0.001477
  step:  25 bond rmsd: 0.001477
  step:  26 bond rmsd: 0.001473
  step:  27 bond rmsd: 0.001470
  step:  28 bond rmsd: 0.001468
  step:  29 bond rmsd: 0.001466
  step:  30 bond rmsd: 0.001464
  step:  31 bond rmsd: 0.001462
  step:  32 bond rmsd: 0.001461
  step:  33 bond rmsd: 0.001459
  step:  34 bond rmsd: 0.001458
  step:  35 bond rmsd: 0.001457
  step:  36 bond rmsd: 0.001454
  step:  37 bond rmsd: 0.001454
  step:  38 bond rmsd: 0.001452
  step:  39 bond rmsd: 0.001450
  step:  40 bond rmsd: 0.001448
  step:  41 bond rmsd: 0.001447
  step:  42 bond rmsd: 0.001446
  step:  43 bond rmsd: 0.001447
  step:  44 bond rmsd: 0.001446
  step:  45 bond rmsd: 0.001449
  step:  46 bond rmsd: 0.001453
  step:  47 bond rmsd: 0.001458
  step:  48 bond rmsd: 0.001466
  step:  49 bond rmsd: 0.001488
  step:  50 bond rmsd: 0.001498
  step:  51 bond rmsd: 0.001513
  step:  52 bond rmsd: 0.001546
  step:  53 bond rmsd: 0.001566
micro_cycle  22 rmsd(b):  0.0016 rws:  1.000 n_fev: 1151
  step:   1 bond rmsd: 0.001566
  step:   2 bond rmsd: 0.053058
  step:   3 bond rmsd: 0.003136
  step:   4 bond rmsd: 0.002656
  step:   5 bond rmsd: 0.002299
  step:   6 bond rmsd: 0.002041
  step:   7 bond rmsd: 0.001859
  step:   8 bond rmsd: 0.001735
  step:   9 bond rmsd: 0.001652
  step:  10 bond rmsd: 0.001598
  step:  11 bond rmsd: 0.001563
  step:  12 bond rmsd: 0.001541
  step:  13 bond rmsd: 0.001527
  step:  14 bond rmsd: 0.001518
  step:  15 bond rmsd: 0.001512
  step:  16 bond rmsd: 0.001509
  step:  17 bond rmsd: 0.001507
  step:  18 bond rmsd: 0.001506
  step:  19 bond rmsd: 0.001506
  step:  20 bond rmsd: 0.001505
  step:  21 bond rmsd: 0.001505
  step:  22 bond rmsd: 0.001505
  step:  23 bond rmsd: 0.001505
  step:  24 bond rmsd: 0.001505
  step:  25 bond rmsd: 0.001505
  step:  26 bond rmsd: 0.001505
  step:  27 bond rmsd: 0.001505
  step:  28 bond rmsd: 0.001498
  step:  29 bond rmsd: 0.001478
  step:  30 bond rmsd: 0.001477
  step:  31 bond rmsd: 0.001479
  step:  32 bond rmsd: 0.001480
  step:  33 bond rmsd: 0.001482
  step:  34 bond rmsd: 0.001484
  step:  35 bond rmsd: 0.001485
  step:  36 bond rmsd: 0.001485
  step:  37 bond rmsd: 0.001487
  step:  38 bond rmsd: 0.001486
  step:  39 bond rmsd: 0.001485
  step:  40 bond rmsd: 0.001483
  step:  41 bond rmsd: 0.001481
  step:  42 bond rmsd: 0.001477
  step:  43 bond rmsd: 0.001474
  step:  44 bond rmsd: 0.001472
  step:  45 bond rmsd: 0.001468
  step:  46 bond rmsd: 0.001467
  step:  47 bond rmsd: 0.001462
  step:  48 bond rmsd: 0.001461
  step:  49 bond rmsd: 0.001458
  step:  50 bond rmsd: 0.001457
  step:  51 bond rmsd: 0.001457
  step:  52 bond rmsd: 0.001455
micro_cycle  23 rmsd(b):  0.0015 rws:  1.000 n_fev: 1203
  step:   1 bond rmsd: 0.001455
  step:   2 bond rmsd: 0.076308
  step:   3 bond rmsd: 0.001465
  step:   4 bond rmsd: 0.001463
  step:   5 bond rmsd: 0.001461
  step:   6 bond rmsd: 0.001460
  step:   7 bond rmsd: 0.001459
  step:   8 bond rmsd: 0.001459
  step:   9 bond rmsd: 0.001458
  step:  10 bond rmsd: 0.001458
  step:  11 bond rmsd: 0.001458
  step:  12 bond rmsd: 0.001457
  step:  13 bond rmsd: 0.001457
  step:  14 bond rmsd: 0.001457
  step:  15 bond rmsd: 0.001457
  step:  16 bond rmsd: 0.001457
  step:  17 bond rmsd: 0.001458
  step:  18 bond rmsd: 0.001459
  step:  19 bond rmsd: 0.001461
  step:  20 bond rmsd: 0.001467
  step:  21 bond rmsd: 0.001470
  step:  22 bond rmsd: 0.001472
  step:  23 bond rmsd: 0.001482
  step:  24 bond rmsd: 0.001483
  step:  25 bond rmsd: 0.001484
  step:  26 bond rmsd: 0.001485
  step:  27 bond rmsd: 0.001486
  step:  28 bond rmsd: 0.001486
  step:  29 bond rmsd: 0.001487
  step:  30 bond rmsd: 0.001488
  step:  31 bond rmsd: 0.001490
  step:  32 bond rmsd: 0.001491
  step:  33 bond rmsd: 0.001491
  step:  34 bond rmsd: 0.001492
  step:  35 bond rmsd: 0.001490
  step:  36 bond rmsd: 0.001491
  step:  37 bond rmsd: 0.001489
  step:  38 bond rmsd: 0.001489
  step:  39 bond rmsd: 0.001484
  step:  40 bond rmsd: 0.001484
  step:  41 bond rmsd: 0.001482
  step:  42 bond rmsd: 0.001483
  step:  43 bond rmsd: 0.001480
  step:  44 bond rmsd: 0.001483
  step:  45 bond rmsd: 0.001483
  step:  46 bond rmsd: 0.001489
  step:  47 bond rmsd: 0.001490
  step:  48 bond rmsd: 0.001490
  step:  49 bond rmsd: 0.001492
  step:  50 bond rmsd: 0.001490
  step:  51 bond rmsd: 0.001488
  step:  52 bond rmsd: 0.001478
micro_cycle  24 rmsd(b):  0.0015 rws:  1.000 n_fev: 1255
  step:   1 bond rmsd: 0.001478
  step:   2 bond rmsd: 0.060355
  step:   3 bond rmsd: 0.002295
  step:   4 bond rmsd: 0.002021
  step:   5 bond rmsd: 0.001825
  step:   6 bond rmsd: 0.001691
  step:   7 bond rmsd: 0.001600
  step:   8 bond rmsd: 0.001540
  step:   9 bond rmsd: 0.001501
  step:  10 bond rmsd: 0.001477
  step:  11 bond rmsd: 0.001461
  step:  12 bond rmsd: 0.001451
  step:  13 bond rmsd: 0.001445
  step:  14 bond rmsd: 0.001441
  step:  15 bond rmsd: 0.001438
  step:  16 bond rmsd: 0.001437
  step:  17 bond rmsd: 0.001436
  step:  18 bond rmsd: 0.001436
  step:  19 bond rmsd: 0.001436
  step:  20 bond rmsd: 0.001436
  step:  21 bond rmsd: 0.001437
  step:  22 bond rmsd: 0.001437
  step:  23 bond rmsd: 0.001438
  step:  24 bond rmsd: 0.001440
  step:  25 bond rmsd: 0.001442
  step:  26 bond rmsd: 0.001444
  step:  27 bond rmsd: 0.001444
  step:  28 bond rmsd: 0.001447
  step:  29 bond rmsd: 0.001446
  step:  30 bond rmsd: 0.001453
  step:  31 bond rmsd: 0.001463
  step:  32 bond rmsd: 0.001466
  step:  33 bond rmsd: 0.001473
  step:  34 bond rmsd: 0.001479
  step:  35 bond rmsd: 0.001486
  step:  36 bond rmsd: 0.001492
  step:  37 bond rmsd: 0.001503
  step:  38 bond rmsd: 0.001510
  step:  39 bond rmsd: 0.001523
  step:  40 bond rmsd: 0.001528
  step:  41 bond rmsd: 0.001532
  step:  42 bond rmsd: 0.001536
  step:  43 bond rmsd: 0.001538
  step:  44 bond rmsd: 0.001539
  step:  45 bond rmsd: 0.001537
  step:  46 bond rmsd: 0.001537
  step:  47 bond rmsd: 0.001525
  step:  48 bond rmsd: 0.001524
  step:  49 bond rmsd: 0.001522
  step:  50 bond rmsd: 0.001518
  step:  51 bond rmsd: 0.001514
  step:  52 bond rmsd: 0.001507
micro_cycle  25 rmsd(b):  0.0015 rws:  1.000 n_fev: 1307
  step:   1 bond rmsd: 0.001507
  step:   2 bond rmsd: 0.045196
  step:   3 bond rmsd: 0.001615
  step:   4 bond rmsd: 0.001585
  step:   5 bond rmsd: 0.001563
  step:   6 bond rmsd: 0.001548
  step:   7 bond rmsd: 0.001537
  step:   8 bond rmsd: 0.001530
  step:   9 bond rmsd: 0.001524
  step:  10 bond rmsd: 0.001519
  step:  11 bond rmsd: 0.001516
  step:  12 bond rmsd: 0.001513
  step:  13 bond rmsd: 0.001511
  step:  14 bond rmsd: 0.001509
  step:  15 bond rmsd: 0.001508
  step:  16 bond rmsd: 0.001507
  step:  17 bond rmsd: 0.001505
  step:  18 bond rmsd: 0.001504
  step:  19 bond rmsd: 0.001503
  step:  20 bond rmsd: 0.001501
  step:  21 bond rmsd: 0.001499
  step:  22 bond rmsd: 0.001496
  step:  23 bond rmsd: 0.001492
  step:  24 bond rmsd: 0.001487
  step:  25 bond rmsd: 0.001480
  step:  26 bond rmsd: 0.001474
  step:  27 bond rmsd: 0.001467
  step:  28 bond rmsd: 0.001459
  step:  29 bond rmsd: 0.001463
  step:  30 bond rmsd: 0.001454
  step:  31 bond rmsd: 0.001445
  step:  32 bond rmsd: 0.001437
  step:  33 bond rmsd: 0.001429
  step:  34 bond rmsd: 0.001422
  step:  35 bond rmsd: 0.001416
  step:  36 bond rmsd: 0.001412
  step:  37 bond rmsd: 0.001408
  step:  38 bond rmsd: 0.001404
  step:  39 bond rmsd: 0.001402
  step:  40 bond rmsd: 0.001401
  step:  41 bond rmsd: 0.001399
  step:  42 bond rmsd: 0.001402
  step:  43 bond rmsd: 0.001405
  step:  44 bond rmsd: 0.001411
  step:  45 bond rmsd: 0.001420
  step:  46 bond rmsd: 0.001434
  step:  47 bond rmsd: 0.001443
  step:  48 bond rmsd: 0.001459
  step:  49 bond rmsd: 0.001471
  step:  50 bond rmsd: 0.001479
  step:  51 bond rmsd: 0.001495
  step:  52 bond rmsd: 0.001518
micro_cycle  26 rmsd(b):  0.0015 rws:  1.000 n_fev: 1359
  step:   1 bond rmsd: 0.001518
  step:   2 bond rmsd: 0.091010
  step:   3 bond rmsd: 0.003407
  step:   4 bond rmsd: 0.002892
  step:   5 bond rmsd: 0.002502
  step:   6 bond rmsd: 0.002213
  step:   7 bond rmsd: 0.002003
  step:   8 bond rmsd: 0.001852
  step:   9 bond rmsd: 0.001746
  step:  10 bond rmsd: 0.001672
  step:  11 bond rmsd: 0.001620
  step:  12 bond rmsd: 0.001584
  step:  13 bond rmsd: 0.001559
  step:  14 bond rmsd: 0.001541
  step:  15 bond rmsd: 0.001528
  step:  16 bond rmsd: 0.001519
  step:  17 bond rmsd: 0.001511
  step:  18 bond rmsd: 0.001506
  step:  19 bond rmsd: 0.001501
  step:  20 bond rmsd: 0.001497
  step:  21 bond rmsd: 0.001493
  step:  22 bond rmsd: 0.001490
  step:  23 bond rmsd: 0.001486
  step:  24 bond rmsd: 0.001482
  step:  25 bond rmsd: 0.001476
  step:  26 bond rmsd: 0.001469
  step:  27 bond rmsd: 0.001460
  step:  28 bond rmsd: 0.001450
  step:  29 bond rmsd: 0.001447
  step:  30 bond rmsd: 0.001444
  step:  31 bond rmsd: 0.001442
  step:  32 bond rmsd: 0.001444
  step:  33 bond rmsd: 0.001445
  step:  34 bond rmsd: 0.001445
  step:  35 bond rmsd: 0.001448
  step:  36 bond rmsd: 0.001449
  step:  37 bond rmsd: 0.001453
  step:  38 bond rmsd: 0.001455
  step:  39 bond rmsd: 0.001458
  step:  40 bond rmsd: 0.001461
  step:  41 bond rmsd: 0.001464
  step:  42 bond rmsd: 0.001469
  step:  43 bond rmsd: 0.001472
  step:  44 bond rmsd: 0.001476
  step:  45 bond rmsd: 0.001479
  step:  46 bond rmsd: 0.001483
  step:  47 bond rmsd: 0.001489
  step:  48 bond rmsd: 0.001492
  step:  49 bond rmsd: 0.001496
  step:  50 bond rmsd: 0.001498
  step:  51 bond rmsd: 0.001501
  step:  52 bond rmsd: 0.001503
micro_cycle  27 rmsd(b):  0.0015 rws:  1.000 n_fev: 1411
  step:   1 bond rmsd: 0.001503
  step:   2 bond rmsd: 0.058488
  step:   3 bond rmsd: 0.001506
  step:   4 bond rmsd: 0.001504
  step:   5 bond rmsd: 0.001503
  step:   6 bond rmsd: 0.001502
  step:   7 bond rmsd: 0.001502
  step:   8 bond rmsd: 0.001501
  step:   9 bond rmsd: 0.001501
  step:  10 bond rmsd: 0.001501
  step:  11 bond rmsd: 0.001501
  step:  12 bond rmsd: 0.001500
  step:  13 bond rmsd: 0.001500
  step:  14 bond rmsd: 0.001500
  step:  15 bond rmsd: 0.001500
  step:  16 bond rmsd: 0.001500
  step:  17 bond rmsd: 0.001499
  step:  18 bond rmsd: 0.001498
  step:  19 bond rmsd: 0.001496
  step:  20 bond rmsd: 0.001493
  step:  21 bond rmsd: 0.001487
  step:  22 bond rmsd: 0.001478
  step:  23 bond rmsd: 0.001473
  step:  24 bond rmsd: 0.001468
  step:  25 bond rmsd: 0.001453
  step:  26 bond rmsd: 0.001449
  step:  27 bond rmsd: 0.001446
  step:  28 bond rmsd: 0.001445
  step:  29 bond rmsd: 0.001443
  step:  30 bond rmsd: 0.001443
  step:  31 bond rmsd: 0.001443
  step:  32 bond rmsd: 0.001443
  step:  33 bond rmsd: 0.001444
  step:  34 bond rmsd: 0.001444
  step:  35 bond rmsd: 0.001446
  step:  36 bond rmsd: 0.001447
  step:  37 bond rmsd: 0.001451
  step:  38 bond rmsd: 0.001453
  step:  39 bond rmsd: 0.001458
  step:  40 bond rmsd: 0.001465
  step:  41 bond rmsd: 0.001474
  step:  42 bond rmsd: 0.001478
  step:  43 bond rmsd: 0.001487
  step:  44 bond rmsd: 0.001493
  step:  45 bond rmsd: 0.001498
  step:  46 bond rmsd: 0.001503
  step:  47 bond rmsd: 0.001505
  step:  48 bond rmsd: 0.001497
  step:  49 bond rmsd: 0.001493
  step:  50 bond rmsd: 0.001492
  step:  51 bond rmsd: 0.001490
  step:  52 bond rmsd: 0.001490
micro_cycle  28 rmsd(b):  0.0015 rws:  1.000 n_fev: 1463
  step:   1 bond rmsd: 0.001490
  step:   2 bond rmsd: 0.045681
  step:   3 bond rmsd: 0.002439
  step:   4 bond rmsd: 0.002157
  step:   5 bond rmsd: 0.001952
  step:   6 bond rmsd: 0.001806
  step:   7 bond rmsd: 0.001704
  step:   8 bond rmsd: 0.001632
  step:   9 bond rmsd: 0.001583
  step:  10 bond rmsd: 0.001550
  step:  11 bond rmsd: 0.001527
  step:  12 bond rmsd: 0.001511
  step:  13 bond rmsd: 0.001500
  step:  14 bond rmsd: 0.001492
  step:  15 bond rmsd: 0.001487
  step:  16 bond rmsd: 0.001483
  step:  17 bond rmsd: 0.001481
  step:  18 bond rmsd: 0.001479
  step:  19 bond rmsd: 0.001478
  step:  20 bond rmsd: 0.001477
  step:  21 bond rmsd: 0.001477
  step:  22 bond rmsd: 0.001477
  step:  23 bond rmsd: 0.001478
  step:  24 bond rmsd: 0.001481
  step:  25 bond rmsd: 0.001484
  step:  26 bond rmsd: 0.001491
  step:  27 bond rmsd: 0.001501
  step:  28 bond rmsd: 0.001499
  step:  29 bond rmsd: 0.001543
  step:  30 bond rmsd: 0.001541
  step:  31 bond rmsd: 0.001540
  step:  32 bond rmsd: 0.001539
  step:  33 bond rmsd: 0.001539
  step:  34 bond rmsd: 0.001538
  step:  35 bond rmsd: 0.001538
  step:  36 bond rmsd: 0.001537
  step:  37 bond rmsd: 0.001539
  step:  38 bond rmsd: 0.001538
  step:  39 bond rmsd: 0.001539
  step:  40 bond rmsd: 0.001545
  step:  41 bond rmsd: 0.001547
  step:  42 bond rmsd: 0.001546
  step:  43 bond rmsd: 0.001548
  step:  44 bond rmsd: 0.001553
  step:  45 bond rmsd: 0.001554
  step:  46 bond rmsd: 0.001552
  step:  47 bond rmsd: 0.001553
  step:  48 bond rmsd: 0.001551
  step:  49 bond rmsd: 0.001550
  step:  50 bond rmsd: 0.001545
  step:  51 bond rmsd: 0.001543
  step:  52 bond rmsd: 0.001541
micro_cycle  29 rmsd(b):  0.0015 rws:  1.000 n_fev: 1515
  step:   1 bond rmsd: 0.001541
  step:   2 bond rmsd: 0.052712
  step:   3 bond rmsd: 0.001734
  step:   4 bond rmsd: 0.001674
  step:   5 bond rmsd: 0.001633
  step:   6 bond rmsd: 0.001605
  step:   7 bond rmsd: 0.001586
  step:   8 bond rmsd: 0.001573
  step:   9 bond rmsd: 0.001563
  step:  10 bond rmsd: 0.001557
  step:  11 bond rmsd: 0.001552
  step:  12 bond rmsd: 0.001549
  step:  13 bond rmsd: 0.001547
  step:  14 bond rmsd: 0.001545
  step:  15 bond rmsd: 0.001544
  step:  16 bond rmsd: 0.001542
  step:  17 bond rmsd: 0.001542
  step:  18 bond rmsd: 0.001541
  step:  19 bond rmsd: 0.001540
  step:  20 bond rmsd: 0.001540
  step:  21 bond rmsd: 0.001539
  step:  22 bond rmsd: 0.001538
  step:  23 bond rmsd: 0.001538
  step:  24 bond rmsd: 0.001537
  step:  25 bond rmsd: 0.001536
  step:  26 bond rmsd: 0.001534
  step:  27 bond rmsd: 0.001533
  step:  28 bond rmsd: 0.001531
  step:  29 bond rmsd: 0.001530
  step:  30 bond rmsd: 0.001528
  step:  31 bond rmsd: 0.001529
  step:  32 bond rmsd: 0.001528
  step:  33 bond rmsd: 0.001526
  step:  34 bond rmsd: 0.001524
  step:  35 bond rmsd: 0.001522
  step:  36 bond rmsd: 0.001519
  step:  37 bond rmsd: 0.001516
  step:  38 bond rmsd: 0.001513
  step:  39 bond rmsd: 0.001506
  step:  40 bond rmsd: 0.001504
  step:  41 bond rmsd: 0.001502
  step:  42 bond rmsd: 0.001498
  step:  43 bond rmsd: 0.001492
  step:  44 bond rmsd: 0.001488
  step:  45 bond rmsd: 0.001485
  step:  46 bond rmsd: 0.001480
  step:  47 bond rmsd: 0.001477
  step:  48 bond rmsd: 0.001475
  step:  49 bond rmsd: 0.001476
  step:  50 bond rmsd: 0.001475
  step:  51 bond rmsd: 0.001475
  step:  52 bond rmsd: 0.001476
micro_cycle  30 rmsd(b):  0.0015 rws:  1.000 n_fev: 1567
  step:   1 bond rmsd: 0.001476
  step:   2 bond rmsd: 0.055580
  step:   3 bond rmsd: 0.001645
  step:   4 bond rmsd: 0.001581
  step:   5 bond rmsd: 0.001539
  step:   6 bond rmsd: 0.001513
  step:   7 bond rmsd: 0.001497
  step:   8 bond rmsd: 0.001487
  step:   9 bond rmsd: 0.001481
  step:  10 bond rmsd: 0.001478
  step:  11 bond rmsd: 0.001476
  step:  12 bond rmsd: 0.001475
  step:  13 bond rmsd: 0.001475
  step:  14 bond rmsd: 0.001475
  step:  15 bond rmsd: 0.001476
  step:  16 bond rmsd: 0.001476
  step:  17 bond rmsd: 0.001477
  step:  18 bond rmsd: 0.001477
  step:  19 bond rmsd: 0.001478
  step:  20 bond rmsd: 0.001479
  step:  21 bond rmsd: 0.001480
  step:  22 bond rmsd: 0.001481
  step:  23 bond rmsd: 0.001482
  step:  24 bond rmsd: 0.001485
  step:  25 bond rmsd: 0.001488
  step:  26 bond rmsd: 0.001492
  step:  27 bond rmsd: 0.001498
  step:  28 bond rmsd: 0.001503
  step:  29 bond rmsd: 0.001508
  step:  30 bond rmsd: 0.001514
  step:  31 bond rmsd: 0.001524
  step:  32 bond rmsd: 0.001528
  step:  33 bond rmsd: 0.001535
  step:  34 bond rmsd: 0.001541
  step:  35 bond rmsd: 0.001545
  step:  36 bond rmsd: 0.001548
  step:  37 bond rmsd: 0.001552
  step:  38 bond rmsd: 0.001555
  step:  39 bond rmsd: 0.001556
  step:  40 bond rmsd: 0.001560
  step:  41 bond rmsd: 0.001561
  step:  42 bond rmsd: 0.001559
  step:  43 bond rmsd: 0.001559
  step:  44 bond rmsd: 0.001559
  step:  45 bond rmsd: 0.001557
  step:  46 bond rmsd: 0.001555
  step:  47 bond rmsd: 0.001554
  step:  48 bond rmsd: 0.001549
  step:  49 bond rmsd: 0.001547
  step:  50 bond rmsd: 0.001542
  step:  51 bond rmsd: 0.001539
  step:  52 bond rmsd: 0.001535
micro_cycle  31 rmsd(b):  0.0015 rws:  1.000 n_fev: 1619
  step:   1 bond rmsd: 0.001535
  step:   2 bond rmsd: 0.062082
  step:   3 bond rmsd: 0.001913
  step:   4 bond rmsd: 0.001786
  step:   5 bond rmsd: 0.001700
  step:   6 bond rmsd: 0.001642
  step:   7 bond rmsd: 0.001604
  step:   8 bond rmsd: 0.001579
  step:   9 bond rmsd: 0.001563
  step:  10 bond rmsd: 0.001552
  step:  11 bond rmsd: 0.001546
  step:  12 bond rmsd: 0.001541
  step:  13 bond rmsd: 0.001538
  step:  14 bond rmsd: 0.001537
  step:  15 bond rmsd: 0.001535
  step:  16 bond rmsd: 0.001535
  step:  17 bond rmsd: 0.001534
  step:  18 bond rmsd: 0.001534
  step:  19 bond rmsd: 0.001533
  step:  20 bond rmsd: 0.001533
  step:  21 bond rmsd: 0.001533
  step:  22 bond rmsd: 0.001533
  step:  23 bond rmsd: 0.001533
  step:  24 bond rmsd: 0.001533
  step:  25 bond rmsd: 0.001533
  step:  26 bond rmsd: 0.001533
  step:  27 bond rmsd: 0.001533
  step:  28 bond rmsd: 0.001533
  step:  29 bond rmsd: 0.001532
  step:  30 bond rmsd: 0.001532
  step:  31 bond rmsd: 0.001533
  step:  32 bond rmsd: 0.001531
  step:  33 bond rmsd: 0.001534
  step:  34 bond rmsd: 0.001533
  step:  35 bond rmsd: 0.001530
  step:  36 bond rmsd: 0.001528
  step:  37 bond rmsd: 0.001526
  step:  38 bond rmsd: 0.001523
  step:  39 bond rmsd: 0.001520
  step:  40 bond rmsd: 0.001518
  step:  41 bond rmsd: 0.001516
  step:  42 bond rmsd: 0.001512
  step:  43 bond rmsd: 0.001511
  step:  44 bond rmsd: 0.001507
  step:  45 bond rmsd: 0.001503
  step:  46 bond rmsd: 0.001499
  step:  47 bond rmsd: 0.001497
  step:  48 bond rmsd: 0.001492
  step:  49 bond rmsd: 0.001489
  step:  50 bond rmsd: 0.001484
  step:  51 bond rmsd: 0.001481
  step:  52 bond rmsd: 0.001477
micro_cycle  32 rmsd(b):  0.0015 rws:  1.000 n_fev: 1671
  step:   1 bond rmsd: 0.001477
  step:   2 bond rmsd: 0.053554
  step:   3 bond rmsd: 0.001502
  step:   4 bond rmsd: 0.001494
  step:   5 bond rmsd: 0.001489
  step:   6 bond rmsd: 0.001487
  step:   7 bond rmsd: 0.001485
  step:   8 bond rmsd: 0.001484
  step:   9 bond rmsd: 0.001484
  step:  10 bond rmsd: 0.001484
  step:  11 bond rmsd: 0.001484
  step:  12 bond rmsd: 0.001485
  step:  13 bond rmsd: 0.001486
  step:  14 bond rmsd: 0.001486
  step:  15 bond rmsd: 0.001488
  step:  16 bond rmsd: 0.001489
  step:  17 bond rmsd: 0.001491
  step:  18 bond rmsd: 0.001495
  step:  19 bond rmsd: 0.001500
  step:  20 bond rmsd: 0.001505
  step:  21 bond rmsd: 0.001509
  step:  22 bond rmsd: 0.001516
  step:  23 bond rmsd: 0.001521
  step:  24 bond rmsd: 0.001527
  step:  25 bond rmsd: 0.001530
  step:  26 bond rmsd: 0.001534
  step:  27 bond rmsd: 0.001536
  step:  28 bond rmsd: 0.001540
  step:  29 bond rmsd: 0.001542
  step:  30 bond rmsd: 0.001543
  step:  31 bond rmsd: 0.001544
  step:  32 bond rmsd: 0.001545
  step:  33 bond rmsd: 0.001545
  step:  34 bond rmsd: 0.001545
  step:  35 bond rmsd: 0.001545
  step:  36 bond rmsd: 0.001546
  step:  37 bond rmsd: 0.001545
  step:  38 bond rmsd: 0.001544
  step:  39 bond rmsd: 0.001543
  step:  40 bond rmsd: 0.001540
  step:  41 bond rmsd: 0.001538
  step:  42 bond rmsd: 0.001535
  step:  43 bond rmsd: 0.001533
  step:  44 bond rmsd: 0.001527
  step:  45 bond rmsd: 0.001525
  step:  46 bond rmsd: 0.001516
  step:  47 bond rmsd: 0.001513
  step:  48 bond rmsd: 0.001507
  step:  49 bond rmsd: 0.001498
  step:  50 bond rmsd: 0.001489
  step:  51 bond rmsd: 0.001480
  step:  52 bond rmsd: 0.001474
micro_cycle  33 rmsd(b):  0.0015 rws:  1.000 n_fev: 1723
  step:   1 bond rmsd: 0.001474
  step:   2 bond rmsd: 0.041889
  step:   3 bond rmsd: 0.001552
  step:   4 bond rmsd: 0.001528
  step:   5 bond rmsd: 0.001512
  step:   6 bond rmsd: 0.001501
  step:   7 bond rmsd: 0.001494
  step:   8 bond rmsd: 0.001490
  step:   9 bond rmsd: 0.001486
  step:  10 bond rmsd: 0.001485
  step:  11 bond rmsd: 0.001484
  step:  12 bond rmsd: 0.001483
  step:  13 bond rmsd: 0.001483
  step:  14 bond rmsd: 0.001483
  step:  15 bond rmsd: 0.001483
  step:  16 bond rmsd: 0.001484
  step:  17 bond rmsd: 0.001484
  step:  18 bond rmsd: 0.001485
  step:  19 bond rmsd: 0.001486
  step:  20 bond rmsd: 0.001488
  step:  21 bond rmsd: 0.001491
  step:  22 bond rmsd: 0.001494
  step:  23 bond rmsd: 0.001498
  step:  24 bond rmsd: 0.001501
  step:  25 bond rmsd: 0.001505
  step:  26 bond rmsd: 0.001510
  step:  27 bond rmsd: 0.001514
  step:  28 bond rmsd: 0.001518
  step:  29 bond rmsd: 0.001522
  step:  30 bond rmsd: 0.001526
  step:  31 bond rmsd: 0.001530
  step:  32 bond rmsd: 0.001534
  step:  33 bond rmsd: 0.001540
  step:  34 bond rmsd: 0.001544
  step:  35 bond rmsd: 0.001548
  step:  36 bond rmsd: 0.001552
  step:  37 bond rmsd: 0.001555
  step:  38 bond rmsd: 0.001559
  step:  39 bond rmsd: 0.001560
  step:  40 bond rmsd: 0.001560
  step:  41 bond rmsd: 0.001559
  step:  42 bond rmsd: 0.001558
  step:  43 bond rmsd: 0.001556
  step:  44 bond rmsd: 0.001553
  step:  45 bond rmsd: 0.001552
  step:  46 bond rmsd: 0.001544
  step:  47 bond rmsd: 0.001543
  step:  48 bond rmsd: 0.001541
  step:  49 bond rmsd: 0.001538
  step:  50 bond rmsd: 0.001534
  step:  51 bond rmsd: 0.001529
  step:  52 bond rmsd: 0.001524
micro_cycle  34 rmsd(b):  0.0015 rws:  1.000 n_fev: 1775
  step:   1 bond rmsd: 0.001524
  step:   2 bond rmsd: 0.070500
  step:   3 bond rmsd: 0.001541
  step:   4 bond rmsd: 0.001535
  step:   5 bond rmsd: 0.001531
  step:   6 bond rmsd: 0.001528
  step:   7 bond rmsd: 0.001526
  step:   8 bond rmsd: 0.001525
  step:   9 bond rmsd: 0.001525
  step:  10 bond rmsd: 0.001524
  step:  11 bond rmsd: 0.001524
  step:  12 bond rmsd: 0.001524
  step:  13 bond rmsd: 0.001524
  step:  14 bond rmsd: 0.001524
  step:  15 bond rmsd: 0.001524
  step:  16 bond rmsd: 0.001525
  step:  17 bond rmsd: 0.001525
  step:  18 bond rmsd: 0.001525
  step:  19 bond rmsd: 0.001526
  step:  20 bond rmsd: 0.001527
  step:  21 bond rmsd: 0.001528
  step:  22 bond rmsd: 0.001528
  step:  23 bond rmsd: 0.001530
  step:  24 bond rmsd: 0.001529
  step:  25 bond rmsd: 0.001530
  step:  26 bond rmsd: 0.001531
  step:  27 bond rmsd: 0.001533
  step:  28 bond rmsd: 0.001533
  step:  29 bond rmsd: 0.001533
  step:  30 bond rmsd: 0.001533
  step:  31 bond rmsd: 0.001532
  step:  32 bond rmsd: 0.001530
  step:  33 bond rmsd: 0.001527
  step:  34 bond rmsd: 0.001525
  step:  35 bond rmsd: 0.001517
  step:  36 bond rmsd: 0.001514
  step:  37 bond rmsd: 0.001506
  step:  38 bond rmsd: 0.001502
  step:  39 bond rmsd: 0.001493
  step:  40 bond rmsd: 0.001482
  step:  41 bond rmsd: 0.001472
  step:  42 bond rmsd: 0.001462
  step:  43 bond rmsd: 0.001455
  step:  44 bond rmsd: 0.001447
  step:  45 bond rmsd: 0.001437
  step:  46 bond rmsd: 0.001432
  step:  47 bond rmsd: 0.001428
  step:  48 bond rmsd: 0.001421
  step:  49 bond rmsd: 0.001417
  step:  50 bond rmsd: 0.001413
  step:  51 bond rmsd: 0.001412
  step:  52 bond rmsd: 0.001414
micro_cycle  35 rmsd(b):  0.0014 rws:  1.000 n_fev: 1827
  step:   1 bond rmsd: 0.001414
  step:   2 bond rmsd: 0.091313
  step:   3 bond rmsd: 0.002581
  step:   4 bond rmsd: 0.002245
  step:   5 bond rmsd: 0.001997
  step:   6 bond rmsd: 0.001819
  step:   7 bond rmsd: 0.001694
  step:   8 bond rmsd: 0.001607
  step:   9 bond rmsd: 0.001547
  step:  10 bond rmsd: 0.001507
  step:  11 bond rmsd: 0.001479
  step:  12 bond rmsd: 0.001461
  step:  13 bond rmsd: 0.001449
  step:  14 bond rmsd: 0.001441
  step:  15 bond rmsd: 0.001435
  step:  16 bond rmsd: 0.001431
  step:  17 bond rmsd: 0.001429
  step:  18 bond rmsd: 0.001427
  step:  19 bond rmsd: 0.001426
  step:  20 bond rmsd: 0.001426
  step:  21 bond rmsd: 0.001425
  step:  22 bond rmsd: 0.001425
  step:  23 bond rmsd: 0.001426
  step:  24 bond rmsd: 0.001427
  step:  25 bond rmsd: 0.001429
  step:  26 bond rmsd: 0.001432
  step:  27 bond rmsd: 0.001438
  step:  28 bond rmsd: 0.001446
  step:  29 bond rmsd: 0.001455
  step:  30 bond rmsd: 0.001464
  step:  31 bond rmsd: 0.001474
  step:  32 bond rmsd: 0.001483
  step:  33 bond rmsd: 0.001490
  step:  34 bond rmsd: 0.001497
  step:  35 bond rmsd: 0.001503
  step:  36 bond rmsd: 0.001507
  step:  37 bond rmsd: 0.001511
  step:  38 bond rmsd: 0.001514
  step:  39 bond rmsd: 0.001515
  step:  40 bond rmsd: 0.001518
  step:  41 bond rmsd: 0.001520
  step:  42 bond rmsd: 0.001521
  step:  43 bond rmsd: 0.001521
  step:  44 bond rmsd: 0.001521
  step:  45 bond rmsd: 0.001522
  step:  46 bond rmsd: 0.001522
  step:  47 bond rmsd: 0.001522
  step:  48 bond rmsd: 0.001522
  step:  49 bond rmsd: 0.001522
  step:  50 bond rmsd: 0.001522
  step:  51 bond rmsd: 0.001521
  step:  52 bond rmsd: 0.001521
micro_cycle  36 rmsd(b):  0.0015 rws:  1.000 n_fev: 1879
  step:   1 bond rmsd: 0.001521
  step:   2 bond rmsd: 0.046334
  step:   3 bond rmsd: 0.001515
  step:   4 bond rmsd: 0.001516
  step:   5 bond rmsd: 0.001516
  step:   6 bond rmsd: 0.001517
  step:   7 bond rmsd: 0.001518
  step:   8 bond rmsd: 0.001518
  step:   9 bond rmsd: 0.001518
  step:  10 bond rmsd: 0.001519
  step:  11 bond rmsd: 0.001519
  step:  12 bond rmsd: 0.001520
  step:  13 bond rmsd: 0.001520
  step:  14 bond rmsd: 0.001520
  step:  15 bond rmsd: 0.001521
  step:  16 bond rmsd: 0.001521
  step:  17 bond rmsd: 0.001522
  step:  18 bond rmsd: 0.001523
  step:  19 bond rmsd: 0.001523
  step:  20 bond rmsd: 0.001521
  step:  21 bond rmsd: 0.001520
  step:  22 bond rmsd: 0.001519
  step:  23 bond rmsd: 0.001517
  step:  24 bond rmsd: 0.001515
  step:  25 bond rmsd: 0.001514
  step:  26 bond rmsd: 0.001511
  step:  27 bond rmsd: 0.001509
  step:  28 bond rmsd: 0.001505
  step:  29 bond rmsd: 0.001502
  step:  30 bond rmsd: 0.001499
  step:  31 bond rmsd: 0.001494
  step:  32 bond rmsd: 0.001490
  step:  33 bond rmsd: 0.001484
  step:  34 bond rmsd: 0.001481
  step:  35 bond rmsd: 0.001476
  step:  36 bond rmsd: 0.001469
  step:  37 bond rmsd: 0.001464
  step:  38 bond rmsd: 0.001455
  step:  39 bond rmsd: 0.001451
  step:  40 bond rmsd: 0.001445
  step:  41 bond rmsd: 0.001439
  step:  42 bond rmsd: 0.001434
  step:  43 bond rmsd: 0.001430
  step:  44 bond rmsd: 0.001427
  step:  45 bond rmsd: 0.001424
  step:  46 bond rmsd: 0.001424
  step:  47 bond rmsd: 0.001428
  step:  48 bond rmsd: 0.001433
  step:  49 bond rmsd: 0.001444
  step:  50 bond rmsd: 0.001458
  step:  51 bond rmsd: 0.001474
  step:  52 bond rmsd: 0.001490
micro_cycle  37 rmsd(b):  0.0015 rws:  1.000 n_fev: 1931
  step:   1 bond rmsd: 0.001490
  step:   2 bond rmsd: 0.057453
  step:   3 bond rmsd: 0.004113
  step:   4 bond rmsd: 0.003426
  step:   5 bond rmsd: 0.002899
  step:   6 bond rmsd: 0.002499
  step:   7 bond rmsd: 0.002203
  step:   8 bond rmsd: 0.001987
  step:   9 bond rmsd: 0.001832
  step:  10 bond rmsd: 0.001723
  step:  11 bond rmsd: 0.001648
  step:  12 bond rmsd: 0.001596
  step:  13 bond rmsd: 0.001560
  step:  14 bond rmsd: 0.001535
  step:  15 bond rmsd: 0.001518
  step:  16 bond rmsd: 0.001506
  step:  17 bond rmsd: 0.001497
  step:  18 bond rmsd: 0.001491
  step:  19 bond rmsd: 0.001486
  step:  20 bond rmsd: 0.001483
  step:  21 bond rmsd: 0.001480
  step:  22 bond rmsd: 0.001478
  step:  23 bond rmsd: 0.001476
  step:  24 bond rmsd: 0.001474
  step:  25 bond rmsd: 0.001473
  step:  26 bond rmsd: 0.001471
  step:  27 bond rmsd: 0.001470
  step:  28 bond rmsd: 0.001470
  step:  29 bond rmsd: 0.001472
  step:  30 bond rmsd: 0.001475
  step:  31 bond rmsd: 0.001477
  step:  32 bond rmsd: 0.001485
  step:  33 bond rmsd: 0.001487
  step:  34 bond rmsd: 0.001490
  step:  35 bond rmsd: 0.001492
  step:  36 bond rmsd: 0.001494
  step:  37 bond rmsd: 0.001495
  step:  38 bond rmsd: 0.001496
  step:  39 bond rmsd: 0.001497
  step:  40 bond rmsd: 0.001498
  step:  41 bond rmsd: 0.001499
  step:  42 bond rmsd: 0.001500
  step:  43 bond rmsd: 0.001501
  step:  44 bond rmsd: 0.001502
  step:  45 bond rmsd: 0.001504
  step:  46 bond rmsd: 0.001504
  step:  47 bond rmsd: 0.001506
  step:  48 bond rmsd: 0.001506
  step:  49 bond rmsd: 0.001506
  step:  50 bond rmsd: 0.001506
  step:  51 bond rmsd: 0.001506
  step:  52 bond rmsd: 0.001506
micro_cycle  38 rmsd(b):  0.0015 rws:  1.000 n_fev: 1983
  step:   1 bond rmsd: 0.001506
  step:   2 bond rmsd: 0.042191
  step:   3 bond rmsd: 0.001493
  step:   4 bond rmsd: 0.001494
  step:   5 bond rmsd: 0.001495
  step:   6 bond rmsd: 0.001497
  step:   7 bond rmsd: 0.001498
  step:   8 bond rmsd: 0.001499
  step:   9 bond rmsd: 0.001499
  step:  10 bond rmsd: 0.001500
  step:  11 bond rmsd: 0.001501
  step:  12 bond rmsd: 0.001501
  step:  13 bond rmsd: 0.001501
  step:  14 bond rmsd: 0.001502
  step:  15 bond rmsd: 0.001502
  step:  16 bond rmsd: 0.001502
  step:  17 bond rmsd: 0.001502
  step:  18 bond rmsd: 0.001502
  step:  19 bond rmsd: 0.001502
  step:  20 bond rmsd: 0.001502
  step:  21 bond rmsd: 0.001502
  step:  22 bond rmsd: 0.001501
  step:  23 bond rmsd: 0.001499
  step:  24 bond rmsd: 0.001495
  step:  25 bond rmsd: 0.001493
  step:  26 bond rmsd: 0.001493
  step:  27 bond rmsd: 0.001494
  step:  28 bond rmsd: 0.001495
  step:  29 bond rmsd: 0.001497
  step:  30 bond rmsd: 0.001500
  step:  31 bond rmsd: 0.001503
  step:  32 bond rmsd: 0.001505
  step:  33 bond rmsd: 0.001508
  step:  34 bond rmsd: 0.001511
  step:  35 bond rmsd: 0.001515
  step:  36 bond rmsd: 0.001519
  step:  37 bond rmsd: 0.001523
  step:  38 bond rmsd: 0.001529
  step:  39 bond rmsd: 0.001533
  step:  40 bond rmsd: 0.001538
  step:  41 bond rmsd: 0.001541
  step:  42 bond rmsd: 0.001545
  step:  43 bond rmsd: 0.001548
  step:  44 bond rmsd: 0.001551
  step:  45 bond rmsd: 0.001553
  step:  46 bond rmsd: 0.001552
  step:  47 bond rmsd: 0.001553
  step:  48 bond rmsd: 0.001546
  step:  49 bond rmsd: 0.001547
  step:  50 bond rmsd: 0.001547
  step:  51 bond rmsd: 0.001547
  step:  52 bond rmsd: 0.001546
micro_cycle  39 rmsd(b):  0.0015 rws:  1.000 n_fev: 2035
  step:   1 bond rmsd: 0.001546
  step:   2 bond rmsd: 0.049106
  step:   3 bond rmsd: 0.002740
  step:   4 bond rmsd: 0.002406
  step:   5 bond rmsd: 0.002160
  step:   6 bond rmsd: 0.001981
  step:   7 bond rmsd: 0.001854
  step:   8 bond rmsd: 0.001764
  step:   9 bond rmsd: 0.001701
  step:  10 bond rmsd: 0.001656
  step:  11 bond rmsd: 0.001625
  step:  12 bond rmsd: 0.001603
  step:  13 bond rmsd: 0.001588
  step:  14 bond rmsd: 0.001576
  step:  15 bond rmsd: 0.001568
  step:  16 bond rmsd: 0.001562
  step:  17 bond rmsd: 0.001557
  step:  18 bond rmsd: 0.001553
  step:  19 bond rmsd: 0.001550
  step:  20 bond rmsd: 0.001547
  step:  21 bond rmsd: 0.001545
  step:  22 bond rmsd: 0.001543
  step:  23 bond rmsd: 0.001541
  step:  24 bond rmsd: 0.001539
  step:  25 bond rmsd: 0.001536
  step:  26 bond rmsd: 0.001533
  step:  27 bond rmsd: 0.001528
  step:  28 bond rmsd: 0.001523
  step:  29 bond rmsd: 0.001517
  step:  30 bond rmsd: 0.001511
  step:  31 bond rmsd: 0.001507
  step:  32 bond rmsd: 0.001503
  step:  33 bond rmsd: 0.001498
  step:  34 bond rmsd: 0.001496
  step:  35 bond rmsd: 0.001493
  step:  36 bond rmsd: 0.001497
  step:  37 bond rmsd: 0.001495
  step:  38 bond rmsd: 0.001493
  step:  39 bond rmsd: 0.001492
  step:  40 bond rmsd: 0.001490
  step:  41 bond rmsd: 0.001489
  step:  42 bond rmsd: 0.001488
  step:  43 bond rmsd: 0.001488
  step:  44 bond rmsd: 0.001488
  step:  45 bond rmsd: 0.001488
  step:  46 bond rmsd: 0.001489
  step:  47 bond rmsd: 0.001490
  step:  48 bond rmsd: 0.001492
  step:  49 bond rmsd: 0.001493
  step:  50 bond rmsd: 0.001494
  step:  51 bond rmsd: 0.001496
  step:  52 bond rmsd: 0.001498
micro_cycle  40 rmsd(b):  0.0015 rws:  1.000 n_fev: 2087
  step:   1 bond rmsd: 0.001498
  step:   2 bond rmsd: 0.023514
  step:   3 bond rmsd: 0.001499
  step:   4 bond rmsd: 0.001499
  step:   5 bond rmsd: 0.001499
  step:   6 bond rmsd: 0.001498
  step:   7 bond rmsd: 0.001498
  step:   8 bond rmsd: 0.001498
  step:   9 bond rmsd: 0.001498
  step:  10 bond rmsd: 0.001498
  step:  11 bond rmsd: 0.001498
  step:  12 bond rmsd: 0.001498
  step:  13 bond rmsd: 0.001498
  step:  14 bond rmsd: 0.001498
  step:  15 bond rmsd: 0.001498
  step:  16 bond rmsd: 0.001499
  step:  17 bond rmsd: 0.001499
  step:  18 bond rmsd: 0.001499
  step:  19 bond rmsd: 0.001499
  step:  20 bond rmsd: 0.001498
  step:  21 bond rmsd: 0.001499
  step:  22 bond rmsd: 0.001499
  step:  23 bond rmsd: 0.001500
  step:  24 bond rmsd: 0.001501
  step:  25 bond rmsd: 0.001501
  step:  26 bond rmsd: 0.001501
  step:  27 bond rmsd: 0.001502
  step:  28 bond rmsd: 0.001502
  step:  29 bond rmsd: 0.001503
  step:  30 bond rmsd: 0.001503
  step:  31 bond rmsd: 0.001504
  step:  32 bond rmsd: 0.001505
  step:  33 bond rmsd: 0.001505
  step:  34 bond rmsd: 0.001508
  step:  35 bond rmsd: 0.001509
  step:  36 bond rmsd: 0.001512
  step:  37 bond rmsd: 0.001514
  step:  38 bond rmsd: 0.001518
  step:  39 bond rmsd: 0.001523
  step:  40 bond rmsd: 0.001527
  step:  41 bond rmsd: 0.001541
  step:  42 bond rmsd: 0.001544
  step:  43 bond rmsd: 0.001549
  step:  44 bond rmsd: 0.001554
  step:  45 bond rmsd: 0.001560
  step:  46 bond rmsd: 0.001565
  step:  47 bond rmsd: 0.001569
  step:  48 bond rmsd: 0.001575
  step:  49 bond rmsd: 0.001568
  step:  50 bond rmsd: 0.001571
  step:  51 bond rmsd: 0.001568
  step:  52 bond rmsd: 0.001566
micro_cycle  41 rmsd(b):  0.0016 rws:  1.000 n_fev: 2139
  step:   1 bond rmsd: 0.001566
  step:   2 bond rmsd: 0.048963
  step:   3 bond rmsd: 0.002556
  step:   4 bond rmsd: 0.002271
  step:   5 bond rmsd: 0.002064
  step:   6 bond rmsd: 0.001915
  step:   7 bond rmsd: 0.001810
  step:   8 bond rmsd: 0.001737
  step:   9 bond rmsd: 0.001685
  step:  10 bond rmsd: 0.001649
  step:  11 bond rmsd: 0.001624
  step:  12 bond rmsd: 0.001606
  step:  13 bond rmsd: 0.001594
  step:  14 bond rmsd: 0.001584
  step:  15 bond rmsd: 0.001577
  step:  16 bond rmsd: 0.001572
  step:  17 bond rmsd: 0.001568
  step:  18 bond rmsd: 0.001564
  step:  19 bond rmsd: 0.001561
  step:  20 bond rmsd: 0.001559
  step:  21 bond rmsd: 0.001557
  step:  22 bond rmsd: 0.001554
  step:  23 bond rmsd: 0.001552
  step:  24 bond rmsd: 0.001550
  step:  25 bond rmsd: 0.001547
  step:  26 bond rmsd: 0.001543
  step:  27 bond rmsd: 0.001538
  step:  28 bond rmsd: 0.001531
  step:  29 bond rmsd: 0.001525
  step:  30 bond rmsd: 0.001519
  step:  31 bond rmsd: 0.001515
  step:  32 bond rmsd: 0.001512
  step:  33 bond rmsd: 0.001509
  step:  34 bond rmsd: 0.001508
  step:  35 bond rmsd: 0.001504
  step:  36 bond rmsd: 0.001503
  step:  37 bond rmsd: 0.001502
  step:  38 bond rmsd: 0.001501
  step:  39 bond rmsd: 0.001501
  step:  40 bond rmsd: 0.001499
  step:  41 bond rmsd: 0.001499
  step:  42 bond rmsd: 0.001500
  step:  43 bond rmsd: 0.001501
  step:  44 bond rmsd: 0.001502
  step:  45 bond rmsd: 0.001504
  step:  46 bond rmsd: 0.001506
  step:  47 bond rmsd: 0.001509
  step:  48 bond rmsd: 0.001510
  step:  49 bond rmsd: 0.001510
  step:  50 bond rmsd: 0.001511
  step:  51 bond rmsd: 0.001512
  step:  52 bond rmsd: 0.001511
micro_cycle  42 rmsd(b):  0.0015 rws:  1.000 n_fev: 2191
  step:   1 bond rmsd: 0.001511
  step:   2 bond rmsd: 0.056899
  step:   3 bond rmsd: 0.001504
  step:   4 bond rmsd: 0.001505
  step:   5 bond rmsd: 0.001506
  step:   6 bond rmsd: 0.001506
  step:   7 bond rmsd: 0.001507
  step:   8 bond rmsd: 0.001507
  step:   9 bond rmsd: 0.001507
  step:  10 bond rmsd: 0.001507
  step:  11 bond rmsd: 0.001507
  step:  12 bond rmsd: 0.001507
  step:  13 bond rmsd: 0.001507
  step:  14 bond rmsd: 0.001506
  step:  15 bond rmsd: 0.001506
  step:  16 bond rmsd: 0.001504
  step:  17 bond rmsd: 0.001502
  step:  18 bond rmsd: 0.001500
  step:  19 bond rmsd: 0.001497
  step:  20 bond rmsd: 0.001493
  step:  21 bond rmsd: 0.001491
  step:  22 bond rmsd: 0.001489
  step:  23 bond rmsd: 0.001488
  step:  24 bond rmsd: 0.001487
  step:  25 bond rmsd: 0.001488
  step:  26 bond rmsd: 0.001488
  step:  27 bond rmsd: 0.001487
  step:  28 bond rmsd: 0.001488
  step:  29 bond rmsd: 0.001488
  step:  30 bond rmsd: 0.001491
  step:  31 bond rmsd: 0.001491
  step:  32 bond rmsd: 0.001493
  step:  33 bond rmsd: 0.001494
  step:  34 bond rmsd: 0.001495
  step:  35 bond rmsd: 0.001497
  step:  36 bond rmsd: 0.001500
  step:  37 bond rmsd: 0.001502
  step:  38 bond rmsd: 0.001505
  step:  39 bond rmsd: 0.001508
  step:  40 bond rmsd: 0.001512
  step:  41 bond rmsd: 0.001516
  step:  42 bond rmsd: 0.001518
  step:  43 bond rmsd: 0.001524
  step:  44 bond rmsd: 0.001526
  step:  45 bond rmsd: 0.001528
  step:  46 bond rmsd: 0.001530
  step:  47 bond rmsd: 0.001532
  step:  48 bond rmsd: 0.001533
  step:  49 bond rmsd: 0.001535
  step:  50 bond rmsd: 0.001535
  step:  51 bond rmsd: 0.001535
  step:  52 bond rmsd: 0.001535
micro_cycle  43 rmsd(b):  0.0015 rws:  1.000 n_fev: 2243
  step:   1 bond rmsd: 0.001535
  step:   2 bond rmsd: 0.071480
  step:   3 bond rmsd: 0.001532
  step:   4 bond rmsd: 0.001532
  step:   5 bond rmsd: 0.001532
  step:   6 bond rmsd: 0.001532
  step:   7 bond rmsd: 0.001531
  step:   8 bond rmsd: 0.001531
  step:   9 bond rmsd: 0.001531
  step:  10 bond rmsd: 0.001531
  step:  11 bond rmsd: 0.001530
  step:  12 bond rmsd: 0.001530
  step:  13 bond rmsd: 0.001529
  step:  14 bond rmsd: 0.001528
  step:  15 bond rmsd: 0.001527
  step:  16 bond rmsd: 0.001526
  step:  17 bond rmsd: 0.001523
  step:  18 bond rmsd: 0.001520
  step:  19 bond rmsd: 0.001516
  step:  20 bond rmsd: 0.001513
  step:  21 bond rmsd: 0.001509
  step:  22 bond rmsd: 0.001505
  step:  23 bond rmsd: 0.001501
  step:  24 bond rmsd: 0.001499
  step:  25 bond rmsd: 0.001494
  step:  26 bond rmsd: 0.001491
  step:  27 bond rmsd: 0.001489
  step:  28 bond rmsd: 0.001486
  step:  29 bond rmsd: 0.001484
  step:  30 bond rmsd: 0.001480
  step:  31 bond rmsd: 0.001479
  step:  32 bond rmsd: 0.001476
  step:  33 bond rmsd: 0.001474
  step:  34 bond rmsd: 0.001473
  step:  35 bond rmsd: 0.001472
  step:  36 bond rmsd: 0.001471
  step:  37 bond rmsd: 0.001471
  step:  38 bond rmsd: 0.001472
  step:  39 bond rmsd: 0.001474
  step:  40 bond rmsd: 0.001476
  step:  41 bond rmsd: 0.001478
  step:  42 bond rmsd: 0.001483
  step:  43 bond rmsd: 0.001485
  step:  44 bond rmsd: 0.001490
  step:  45 bond rmsd: 0.001494
  step:  46 bond rmsd: 0.001498
  step:  47 bond rmsd: 0.001504
  step:  48 bond rmsd: 0.001508
  step:  49 bond rmsd: 0.001512
  step:  50 bond rmsd: 0.001515
  step:  51 bond rmsd: 0.001520
  step:  52 bond rmsd: 0.001523
micro_cycle  44 rmsd(b):  0.0015 rws:  1.000 n_fev: 2295
  step:   1 bond rmsd: 0.001523
  step:   2 bond rmsd: 0.038279
  step:   3 bond rmsd: 0.001525
  step:   4 bond rmsd: 0.001524
  step:   5 bond rmsd: 0.001522
  step:   6 bond rmsd: 0.001521
  step:   7 bond rmsd: 0.001519
  step:   8 bond rmsd: 0.001517
  step:   9 bond rmsd: 0.001516
  step:  10 bond rmsd: 0.001514
  step:  11 bond rmsd: 0.001512
  step:  12 bond rmsd: 0.001511
  step:  13 bond rmsd: 0.001510
  step:  14 bond rmsd: 0.001508
  step:  15 bond rmsd: 0.001506
  step:  16 bond rmsd: 0.001504
  step:  17 bond rmsd: 0.001500
  step:  18 bond rmsd: 0.001497
  step:  19 bond rmsd: 0.001494
  step:  20 bond rmsd: 0.001494
  step:  21 bond rmsd: 0.001491
  step:  22 bond rmsd: 0.001490
  step:  23 bond rmsd: 0.001488
  step:  24 bond rmsd: 0.001487
  step:  25 bond rmsd: 0.001485
  step:  26 bond rmsd: 0.001485
  step:  27 bond rmsd: 0.001484
  step:  28 bond rmsd: 0.001484
  step:  29 bond rmsd: 0.001484
  step:  30 bond rmsd: 0.001484
  step:  31 bond rmsd: 0.001485
  step:  32 bond rmsd: 0.001486
  step:  33 bond rmsd: 0.001487
  step:  34 bond rmsd: 0.001490
  step:  35 bond rmsd: 0.001491
  step:  36 bond rmsd: 0.001497
  step:  37 bond rmsd: 0.001499
  step:  38 bond rmsd: 0.001501
  step:  39 bond rmsd: 0.001504
  step:  40 bond rmsd: 0.001507
  step:  41 bond rmsd: 0.001511
  step:  42 bond rmsd: 0.001513
  step:  43 bond rmsd: 0.001516
  step:  44 bond rmsd: 0.001517
  step:  45 bond rmsd: 0.001519
  step:  46 bond rmsd: 0.001521
  step:  47 bond rmsd: 0.001524
  step:  48 bond rmsd: 0.001525
  step:  49 bond rmsd: 0.001526
  step:  50 bond rmsd: 0.001527
  step:  51 bond rmsd: 0.001527
  step:  52 bond rmsd: 0.001526
micro_cycle  45 rmsd(b):  0.0015 rws:  1.000 n_fev: 2347
  step:   1 bond rmsd: 0.001526
  step:   2 bond rmsd: 0.044292
  step:   3 bond rmsd: 0.001516
  step:   4 bond rmsd: 0.001514
  step:   5 bond rmsd: 0.001513
  step:   6 bond rmsd: 0.001514
  step:   7 bond rmsd: 0.001515
  step:   8 bond rmsd: 0.001516
  step:   9 bond rmsd: 0.001517
  step:  10 bond rmsd: 0.001518
  step:  11 bond rmsd: 0.001518
  step:  12 bond rmsd: 0.001519
  step:  13 bond rmsd: 0.001519
  step:  14 bond rmsd: 0.001520
  step:  15 bond rmsd: 0.001520
  step:  16 bond rmsd: 0.001520
  step:  17 bond rmsd: 0.001520
  step:  18 bond rmsd: 0.001520
  step:  19 bond rmsd: 0.001520
  step:  20 bond rmsd: 0.001520
  step:  21 bond rmsd: 0.001520
  step:  22 bond rmsd: 0.001519
  step:  23 bond rmsd: 0.001518
  step:  24 bond rmsd: 0.001516
  step:  25 bond rmsd: 0.001513
  step:  26 bond rmsd: 0.001511
  step:  27 bond rmsd: 0.001508
  step:  28 bond rmsd: 0.001504
  step:  29 bond rmsd: 0.001500
  step:  30 bond rmsd: 0.001497
  step:  31 bond rmsd: 0.001495
  step:  32 bond rmsd: 0.001490
  step:  33 bond rmsd: 0.001489
  step:  34 bond rmsd: 0.001487
  step:  35 bond rmsd: 0.001483
  step:  36 bond rmsd: 0.001480
  step:  37 bond rmsd: 0.001478
  step:  38 bond rmsd: 0.001476
  step:  39 bond rmsd: 0.001472
  step:  40 bond rmsd: 0.001471
  step:  41 bond rmsd: 0.001470
  step:  42 bond rmsd: 0.001473
  step:  43 bond rmsd: 0.001472
  step:  44 bond rmsd: 0.001472
  step:  45 bond rmsd: 0.001474
  step:  46 bond rmsd: 0.001476
  step:  47 bond rmsd: 0.001479
  step:  48 bond rmsd: 0.001482
  step:  49 bond rmsd: 0.001486
  step:  50 bond rmsd: 0.001490
  step:  51 bond rmsd: 0.001494
  step:  52 bond rmsd: 0.001499
micro_cycle  46 rmsd(b):  0.0015 rws:  1.000 n_fev: 2399
  step:   1 bond rmsd: 0.001499
  step:   2 bond rmsd: 0.071140
  step:   3 bond rmsd: 0.001505
  step:   4 bond rmsd: 0.001503
  step:   5 bond rmsd: 0.001501
  step:   6 bond rmsd: 0.001500
  step:   7 bond rmsd: 0.001499
  step:   8 bond rmsd: 0.001499
  step:   9 bond rmsd: 0.001498
  step:  10 bond rmsd: 0.001498
  step:  11 bond rmsd: 0.001498
  step:  12 bond rmsd: 0.001498
  step:  13 bond rmsd: 0.001497
  step:  14 bond rmsd: 0.001497
  step:  15 bond rmsd: 0.001497
  step:  16 bond rmsd: 0.001496
  step:  17 bond rmsd: 0.001496
  step:  18 bond rmsd: 0.001495
  step:  19 bond rmsd: 0.001494
  step:  20 bond rmsd: 0.001492
  step:  21 bond rmsd: 0.001490
  step:  22 bond rmsd: 0.001489
  step:  23 bond rmsd: 0.001488
  step:  24 bond rmsd: 0.001488
  step:  25 bond rmsd: 0.001488
  step:  26 bond rmsd: 0.001488
  step:  27 bond rmsd: 0.001488
  step:  28 bond rmsd: 0.001489
  step:  29 bond rmsd: 0.001489
  step:  30 bond rmsd: 0.001490
  step:  31 bond rmsd: 0.001491
  step:  32 bond rmsd: 0.001492
  step:  33 bond rmsd: 0.001493
  step:  34 bond rmsd: 0.001495
  step:  35 bond rmsd: 0.001497
  step:  36 bond rmsd: 0.001499
  step:  37 bond rmsd: 0.001501
  step:  38 bond rmsd: 0.001503
  step:  39 bond rmsd: 0.001505
  step:  40 bond rmsd: 0.001506
  step:  41 bond rmsd: 0.001508
  step:  42 bond rmsd: 0.001509
  step:  43 bond rmsd: 0.001511
  step:  44 bond rmsd: 0.001513
  step:  45 bond rmsd: 0.001515
  step:  46 bond rmsd: 0.001516
  step:  47 bond rmsd: 0.001518
  step:  48 bond rmsd: 0.001520
  step:  49 bond rmsd: 0.001521
  step:  50 bond rmsd: 0.001522
  step:  51 bond rmsd: 0.001523
  step:  52 bond rmsd: 0.001526
micro_cycle  47 rmsd(b):  0.0015 rws:  1.000 n_fev: 2451
  step:   1 bond rmsd: 0.001526
  step:   2 bond rmsd: 0.039943
  step:   3 bond rmsd: 0.001496
  step:   4 bond rmsd: 0.001496
  step:   5 bond rmsd: 0.001497
  step:   6 bond rmsd: 0.001499
  step:   7 bond rmsd: 0.001502
  step:   8 bond rmsd: 0.001505
  step:   9 bond rmsd: 0.001507
  step:  10 bond rmsd: 0.001509
  step:  11 bond rmsd: 0.001511
  step:  12 bond rmsd: 0.001512
  step:  13 bond rmsd: 0.001514
  step:  14 bond rmsd: 0.001515
  step:  15 bond rmsd: 0.001515
  step:  16 bond rmsd: 0.001516
  step:  17 bond rmsd: 0.001517
  step:  18 bond rmsd: 0.001517
  step:  19 bond rmsd: 0.001517
  step:  20 bond rmsd: 0.001517
  step:  21 bond rmsd: 0.001518
  step:  22 bond rmsd: 0.001517
  step:  23 bond rmsd: 0.001517
  step:  24 bond rmsd: 0.001516
  step:  25 bond rmsd: 0.001515
  step:  26 bond rmsd: 0.001511
  step:  27 bond rmsd: 0.001508
  step:  28 bond rmsd: 0.001506
  step:  29 bond rmsd: 0.001502
  step:  30 bond rmsd: 0.001500
  step:  31 bond rmsd: 0.001499
  step:  32 bond rmsd: 0.001492
  step:  33 bond rmsd: 0.001492
  step:  34 bond rmsd: 0.001492
  step:  35 bond rmsd: 0.001492
  step:  36 bond rmsd: 0.001492
  step:  37 bond rmsd: 0.001492
  step:  38 bond rmsd: 0.001493
  step:  39 bond rmsd: 0.001493
  step:  40 bond rmsd: 0.001493
  step:  41 bond rmsd: 0.001493
  step:  42 bond rmsd: 0.001493
  step:  43 bond rmsd: 0.001493
  step:  44 bond rmsd: 0.001492
  step:  45 bond rmsd: 0.001492
  step:  46 bond rmsd: 0.001492
  step:  47 bond rmsd: 0.001491
  step:  48 bond rmsd: 0.001492
  step:  49 bond rmsd: 0.001495
  step:  50 bond rmsd: 0.001496
  step:  51 bond rmsd: 0.001498
  step:  52 bond rmsd: 0.001499
micro_cycle  48 rmsd(b):  0.0015 rws:  1.000 n_fev: 2503
  step:   1 bond rmsd: 0.001499
  step:   2 bond rmsd: 0.068595
  step:   3 bond rmsd: 0.001506
  step:   4 bond rmsd: 0.001504
  step:   5 bond rmsd: 0.001503
  step:   6 bond rmsd: 0.001502
  step:   7 bond rmsd: 0.001501
  step:   8 bond rmsd: 0.001500
  step:   9 bond rmsd: 0.001499
  step:  10 bond rmsd: 0.001499
  step:  11 bond rmsd: 0.001498
  step:  12 bond rmsd: 0.001498
  step:  13 bond rmsd: 0.001498
  step:  14 bond rmsd: 0.001497
  step:  15 bond rmsd: 0.001497
  step:  16 bond rmsd: 0.001496
  step:  17 bond rmsd: 0.001495
  step:  18 bond rmsd: 0.001494
  step:  19 bond rmsd: 0.001493
  step:  20 bond rmsd: 0.001493
  step:  21 bond rmsd: 0.001492
  step:  22 bond rmsd: 0.001493
  step:  23 bond rmsd: 0.001493
  step:  24 bond rmsd: 0.001495
  step:  25 bond rmsd: 0.001495
  step:  26 bond rmsd: 0.001495
  step:  27 bond rmsd: 0.001496
  step:  28 bond rmsd: 0.001496
  step:  29 bond rmsd: 0.001497
  step:  30 bond rmsd: 0.001498
  step:  31 bond rmsd: 0.001500
  step:  32 bond rmsd: 0.001501
  step:  33 bond rmsd: 0.001501
  step:  34 bond rmsd: 0.001504
  step:  35 bond rmsd: 0.001505
  step:  36 bond rmsd: 0.001506
  step:  37 bond rmsd: 0.001507
  step:  38 bond rmsd: 0.001508
  step:  39 bond rmsd: 0.001508
  step:  40 bond rmsd: 0.001509
  step:  41 bond rmsd: 0.001510
  step:  42 bond rmsd: 0.001511
  step:  43 bond rmsd: 0.001512
  step:  44 bond rmsd: 0.001514
  step:  45 bond rmsd: 0.001514
  step:  46 bond rmsd: 0.001514
  step:  47 bond rmsd: 0.001514
  step:  48 bond rmsd: 0.001516
  step:  49 bond rmsd: 0.001516
  step:  50 bond rmsd: 0.001515
  step:  51 bond rmsd: 0.001514
  step:  52 bond rmsd: 0.001514
micro_cycle  49 rmsd(b):  0.0015 rws:  1.000 n_fev: 2555
  step:   1 bond rmsd: 0.001514
  step:   2 bond rmsd: 0.042455
  step:   3 bond rmsd: 0.001506
  step:   4 bond rmsd: 0.001507
  step:   5 bond rmsd: 0.001508
  step:   6 bond rmsd: 0.001509
  step:   7 bond rmsd: 0.001509
  step:   8 bond rmsd: 0.001510
  step:   9 bond rmsd: 0.001510
  step:  10 bond rmsd: 0.001511
  step:  11 bond rmsd: 0.001511
  step:  12 bond rmsd: 0.001511
  step:  13 bond rmsd: 0.001511
  step:  14 bond rmsd: 0.001511
  step:  15 bond rmsd: 0.001511
  step:  16 bond rmsd: 0.001511
  step:  17 bond rmsd: 0.001510
  step:  18 bond rmsd: 0.001508
  step:  19 bond rmsd: 0.001507
  step:  20 bond rmsd: 0.001505
  step:  21 bond rmsd: 0.001504
  step:  22 bond rmsd: 0.001503
  step:  23 bond rmsd: 0.001502
  step:  24 bond rmsd: 0.001501
  step:  25 bond rmsd: 0.001500
  step:  26 bond rmsd: 0.001500
  step:  27 bond rmsd: 0.001499
  step:  28 bond rmsd: 0.001499
  step:  29 bond rmsd: 0.001498
  step:  30 bond rmsd: 0.001498
  step:  31 bond rmsd: 0.001497
  step:  32 bond rmsd: 0.001497
  step:  33 bond rmsd: 0.001497
  step:  34 bond rmsd: 0.001495
  step:  35 bond rmsd: 0.001495
  step:  36 bond rmsd: 0.001494
  step:  37 bond rmsd: 0.001494
  step:  38 bond rmsd: 0.001492
  step:  39 bond rmsd: 0.001493
  step:  40 bond rmsd: 0.001492
  step:  41 bond rmsd: 0.001492
  step:  42 bond rmsd: 0.001493
  step:  43 bond rmsd: 0.001494
  step:  44 bond rmsd: 0.001495
  step:  45 bond rmsd: 0.001496
  step:  46 bond rmsd: 0.001497
  step:  47 bond rmsd: 0.001497
  step:  48 bond rmsd: 0.001499
  step:  49 bond rmsd: 0.001500
  step:  50 bond rmsd: 0.001503
  step:  51 bond rmsd: 0.001504
  step:  52 bond rmsd: 0.001507
micro_cycle  50 rmsd(b):  0.0015 rws:  1.000 n_fev: 2607
See 4_refined.pdb in pdb folder.
Time: 39.7363
