Starting Q|R
Running refinement
   input {
     xray_data {
       file_name = None
       labels = None
       high_resolution = None
       low_resolution = None
       outliers_rejection = True
       french_wilson_scale = True
       french_wilson {
         max_bins = 60
         min_bin_size = 40
       }
       sigma_fobs_rejection_criterion = None
       sigma_iobs_rejection_criterion = None
       ignore_all_zeros = True
       force_anomalous_flag_to_be_equal_to = None
       convert_to_non_anomalous_if_ratio_pairs_lone_less_than_threshold = 0.5
       r_free_flags {
         file_name = None
         label = None
         test_flag_value = None
         ignore_r_free_flags = False
         disable_suitability_test = False
         ignore_pdb_hexdigest = False
         generate = False
         fraction = 0.1
         max_free = 2000
         lattice_symmetry_max_delta = 5
         use_lattice_symmetry = True
         use_dataman_shells = False
         n_shells = 20
       }
     }
     pdb {
       file_name = None
     }
     monomers {
       file_name = None
     }
     maps {
       map_file_name = None
       d_min = None
       map_coefficients_file_name = None
       map_coefficients_label = None
     }
     sequence = None
     scattering_table = wk1995 it1992 *n_gaussian neutron electron
     wavelength = None
     energy = None
     twin_law = Auto
   }
   max_atoms = 15000
   debug = False
   cluster {
     charge_cutoff = 8.0
     clustering = false
     charge_embedding = False
     two_buffers = False
     maxnum_residues_in_cluster = 15
     clustering_method = gnc *bcc
     altloc_method = *average subtract
   }
   restraints = *cctbx qm
   quantum {
     engine_name = *mopac ani torchani terachem turbomole pyscf orca gaussian \
                   xtb
     charge = None
     basis = Auto
     method = Auto
     memory = None
     nproc = None
     qm_addon = gcp dftd3 gcp-d3
     qm_addon_method = None
   }
   refine {
     dry_run = False
     sf_algorithm = *direct fft
     refinement_target_name = *ml ls_wunit_k1
     mode = *opt refine
     number_of_macro_cycles = 1
     number_of_weight_search_cycles = 50
     number_of_refine_cycles = 5
     number_of_micro_cycles = 50
     data_weight = None
     choose_best_use_r_work = False
     skip_initial_weight_optimization = False
     adjust_restraints_weight_scale_value = 2
     max_iterations_weight = 50
     max_iterations_refine = 50
     use_ase_lbfgs = False
     line_search = True
     stpmax = 0.2
     gradient_only = true
     update_all_scales = True
     refine_sites = True
     refine_adp = False
     restraints_weight_scale = 1.0
     shake_sites = False
     use_convergence_test = true
     max_bond_rmsd = 0.03
     max_r_work_r_free_gap = 5.0
     r_tolerance = 0.001
     rmsd_tolerance = 0.001
     opt_log = False
     pre_opt = False
     pre_opt_stpmax = 0.1
     pre_opt_iter = 10
     pre_opt_switch = 2
     pre_opt_gconv = 3000
   }
   parallel {
     method = *multiprocessing slurm pbs sge lsf threading
     nproc = None
     qsub_command = None
   }
   output_file_name_prefix = None
   output_folder_name = "pdb"
   shared_disk = True
   rst_file = None
   dump_gradients = None

Setting QM defaults
  Setting QM method to PM7


***********************************************************
restart info will be stored in /home/lum/3nir/cctbx_improve/cctbx_refine/pdb/6.rst.pickle
***********************************************************

start   0 rmsd(b):  0.0218 rws:  1.000 n_fev: 0
  step:   1 bond rmsd: 0.021775
  step:   2 bond rmsd: 0.081715
  step:   3 bond rmsd: 0.081715
  step:   4 bond rmsd: 0.066593
  step:   5 bond rmsd: 0.054370
  step:   6 bond rmsd: 0.044577
  step:   7 bond rmsd: 0.036759
  step:   8 bond rmsd: 0.030542
  step:   9 bond rmsd: 0.025621
  step:  10 bond rmsd: 0.021753
  step:  11 bond rmsd: 0.018733
  step:  12 bond rmsd: 0.016390
  step:  13 bond rmsd: 0.014581
  step:  14 bond rmsd: 0.013184
  step:  15 bond rmsd: 0.012096
  step:  16 bond rmsd: 0.011232
  step:  17 bond rmsd: 0.010520
  step:  18 bond rmsd: 0.009901
  step:  19 bond rmsd: 0.009317
  step:  20 bond rmsd: 0.008710
  step:  21 bond rmsd: 0.008009
  step:  22 bond rmsd: 0.007117
  step:  23 bond rmsd: 0.005923
  step:  24 bond rmsd: 0.005318
  step:  25 bond rmsd: 0.004505
  step:  26 bond rmsd: 0.003929
  step:  27 bond rmsd: 0.003534
  step:  28 bond rmsd: 0.003267
  step:  29 bond rmsd: 0.003117
  step:  30 bond rmsd: 0.003062
  step:  31 bond rmsd: 0.003069
  step:  32 bond rmsd: 0.003103
  step:  33 bond rmsd: 0.003195
  step:  34 bond rmsd: 0.003291
  step:  35 bond rmsd: 0.003405
  step:  36 bond rmsd: 0.003562
  step:  37 bond rmsd: 0.003688
  step:  38 bond rmsd: 0.003822
  step:  39 bond rmsd: 0.003921
  step:  40 bond rmsd: 0.003932
  step:  41 bond rmsd: 0.003937
  step:  42 bond rmsd: 0.003863
  step:  43 bond rmsd: 0.003790
  step:  44 bond rmsd: 0.003617
  step:  45 bond rmsd: 0.003471
  step:  46 bond rmsd: 0.003314
  step:  47 bond rmsd: 0.003133
  step:  48 bond rmsd: 0.002973
  step:  49 bond rmsd: 0.002837
  step:  50 bond rmsd: 0.002636
  step:  51 bond rmsd: 0.002538
  step:  52 bond rmsd: 0.002417
micro_cycle   1 rmsd(b):  0.0024 rws:  1.000 n_fev: 52
  step:   1 bond rmsd: 0.002417
  step:   2 bond rmsd: 0.059228
  step:   3 bond rmsd: 0.059228
  step:   4 bond rmsd: 0.047268
  step:   5 bond rmsd: 0.037597
  step:   6 bond rmsd: 0.029990
  step:   7 bond rmsd: 0.023984
  step:   8 bond rmsd: 0.019226
  step:   9 bond rmsd: 0.015451
  step:  10 bond rmsd: 0.012454
  step:  11 bond rmsd: 0.010078
  step:  12 bond rmsd: 0.008199
  step:  13 bond rmsd: 0.006721
  step:  14 bond rmsd: 0.005565
  step:  15 bond rmsd: 0.004671
  step:  16 bond rmsd: 0.003988
  step:  17 bond rmsd: 0.003474
  step:  18 bond rmsd: 0.003094
  step:  19 bond rmsd: 0.002819
  step:  20 bond rmsd: 0.002622
  step:  21 bond rmsd: 0.002482
  step:  22 bond rmsd: 0.002384
  step:  23 bond rmsd: 0.002315
  step:  24 bond rmsd: 0.002265
  step:  25 bond rmsd: 0.002229
  step:  26 bond rmsd: 0.002202
  step:  27 bond rmsd: 0.002181
  step:  28 bond rmsd: 0.002164
  step:  29 bond rmsd: 0.002148
  step:  30 bond rmsd: 0.002133
  step:  31 bond rmsd: 0.002117
  step:  32 bond rmsd: 0.002098
  step:  33 bond rmsd: 0.002072
  step:  34 bond rmsd: 0.002036
  step:  35 bond rmsd: 0.001984
  step:  36 bond rmsd: 0.001902
  step:  37 bond rmsd: 0.001819
  step:  38 bond rmsd: 0.001828
  step:  39 bond rmsd: 0.001788
  step:  40 bond rmsd: 0.001753
  step:  41 bond rmsd: 0.001756
  step:  42 bond rmsd: 0.001743
  step:  43 bond rmsd: 0.001743
  step:  44 bond rmsd: 0.001741
  step:  45 bond rmsd: 0.001757
  step:  46 bond rmsd: 0.001772
  step:  47 bond rmsd: 0.001804
  step:  48 bond rmsd: 0.001843
  step:  49 bond rmsd: 0.001866
  step:  50 bond rmsd: 0.001898
  step:  51 bond rmsd: 0.001923
  step:  52 bond rmsd: 0.001949
micro_cycle   2 rmsd(b):  0.0019 rws:  1.000 n_fev: 104
  step:   1 bond rmsd: 0.001949
  step:   2 bond rmsd: 0.057980
  step:   3 bond rmsd: 0.057980
  step:   4 bond rmsd: 0.046274
  step:   5 bond rmsd: 0.036845
  step:   6 bond rmsd: 0.029421
  step:   7 bond rmsd: 0.023552
  step:   8 bond rmsd: 0.018897
  step:   9 bond rmsd: 0.015198
  step:  10 bond rmsd: 0.012259
  step:  11 bond rmsd: 0.009924
  step:  12 bond rmsd: 0.008073
  step:  13 bond rmsd: 0.006611
  step:  14 bond rmsd: 0.005462
  step:  15 bond rmsd: 0.004565
  step:  16 bond rmsd: 0.003872
  step:  17 bond rmsd: 0.003343
  step:  18 bond rmsd: 0.002944
  step:  19 bond rmsd: 0.002649
  step:  20 bond rmsd: 0.002432
  step:  21 bond rmsd: 0.002276
  step:  22 bond rmsd: 0.002163
  step:  23 bond rmsd: 0.002082
  step:  24 bond rmsd: 0.002023
  step:  25 bond rmsd: 0.001980
  step:  26 bond rmsd: 0.001948
  step:  27 bond rmsd: 0.001923
  step:  28 bond rmsd: 0.001904
  step:  29 bond rmsd: 0.001887
  step:  30 bond rmsd: 0.001873
  step:  31 bond rmsd: 0.001859
  step:  32 bond rmsd: 0.001846
  step:  33 bond rmsd: 0.001831
  step:  34 bond rmsd: 0.001816
  step:  35 bond rmsd: 0.001801
  step:  36 bond rmsd: 0.001785
  step:  37 bond rmsd: 0.001780
  step:  38 bond rmsd: 0.001908
  step:  39 bond rmsd: 0.001895
  step:  40 bond rmsd: 0.001887
  step:  41 bond rmsd: 0.001885
  step:  42 bond rmsd: 0.001879
  step:  43 bond rmsd: 0.001883
  step:  44 bond rmsd: 0.001878
  step:  45 bond rmsd: 0.001878
  step:  46 bond rmsd: 0.001875
  step:  47 bond rmsd: 0.001876
  step:  48 bond rmsd: 0.001874
  step:  49 bond rmsd: 0.001873
  step:  50 bond rmsd: 0.001870
  step:  51 bond rmsd: 0.001864
  step:  52 bond rmsd: 0.001861
micro_cycle   3 rmsd(b):  0.0019 rws:  1.000 n_fev: 156
  step:   1 bond rmsd: 0.001861
  step:   2 bond rmsd: 0.065758
  step:   3 bond rmsd: 0.017095
  step:   4 bond rmsd: 0.013727
  step:   5 bond rmsd: 0.011049
  step:   6 bond rmsd: 0.008915
  step:   7 bond rmsd: 0.007222
  step:   8 bond rmsd: 0.005885
  step:   9 bond rmsd: 0.004836
  step:  10 bond rmsd: 0.004023
  step:  11 bond rmsd: 0.003400
  step:  12 bond rmsd: 0.002932
  step:  13 bond rmsd: 0.002588
  step:  14 bond rmsd: 0.002340
  step:  15 bond rmsd: 0.002165
  step:  16 bond rmsd: 0.002045
  step:  17 bond rmsd: 0.001963
  step:  18 bond rmsd: 0.001908
  step:  19 bond rmsd: 0.001871
  step:  20 bond rmsd: 0.001846
  step:  21 bond rmsd: 0.001828
  step:  22 bond rmsd: 0.001816
  step:  23 bond rmsd: 0.001808
  step:  24 bond rmsd: 0.001801
  step:  25 bond rmsd: 0.001795
  step:  26 bond rmsd: 0.001791
  step:  27 bond rmsd: 0.001786
  step:  28 bond rmsd: 0.001780
  step:  29 bond rmsd: 0.001773
  step:  30 bond rmsd: 0.001763
  step:  31 bond rmsd: 0.001748
  step:  32 bond rmsd: 0.001724
  step:  33 bond rmsd: 0.001686
  step:  34 bond rmsd: 0.001630
  step:  35 bond rmsd: 0.001604
  step:  36 bond rmsd: 0.001585
  step:  37 bond rmsd: 0.001700
  step:  38 bond rmsd: 0.001700
  step:  39 bond rmsd: 0.001660
  step:  40 bond rmsd: 0.001634
  step:  41 bond rmsd: 0.001616
  step:  42 bond rmsd: 0.001604
  step:  43 bond rmsd: 0.001598
  step:  44 bond rmsd: 0.001593
  step:  45 bond rmsd: 0.001591
  step:  46 bond rmsd: 0.001592
  step:  47 bond rmsd: 0.001596
  step:  48 bond rmsd: 0.001604
  step:  49 bond rmsd: 0.001616
  step:  50 bond rmsd: 0.001633
  step:  51 bond rmsd: 0.001742
  step:  52 bond rmsd: 0.001754
  step:  53 bond rmsd: 0.001772
micro_cycle   4 rmsd(b):  0.0018 rws:  1.000 n_fev: 209
  step:   1 bond rmsd: 0.001772
  step:   2 bond rmsd: 0.048882
  step:   3 bond rmsd: 0.038480
  step:   4 bond rmsd: 0.030788
  step:   5 bond rmsd: 0.024504
  step:   6 bond rmsd: 0.019547
  step:   7 bond rmsd: 0.015636
  step:   8 bond rmsd: 0.012539
  step:   9 bond rmsd: 0.010084
  step:  10 bond rmsd: 0.008137
  step:  11 bond rmsd: 0.006599
  step:  12 bond rmsd: 0.005389
  step:  13 bond rmsd: 0.004444
  step:  14 bond rmsd: 0.003713
  step:  15 bond rmsd: 0.003157
  step:  16 bond rmsd: 0.002741
  step:  17 bond rmsd: 0.002436
  step:  18 bond rmsd: 0.002216
  step:  19 bond rmsd: 0.002062
  step:  20 bond rmsd: 0.001956
  step:  21 bond rmsd: 0.001883
  step:  22 bond rmsd: 0.001833
  step:  23 bond rmsd: 0.001799
  step:  24 bond rmsd: 0.001776
  step:  25 bond rmsd: 0.001760
  step:  26 bond rmsd: 0.001748
  step:  27 bond rmsd: 0.001740
  step:  28 bond rmsd: 0.001733
  step:  29 bond rmsd: 0.001728
  step:  30 bond rmsd: 0.001723
  step:  31 bond rmsd: 0.001718
  step:  32 bond rmsd: 0.001713
  step:  33 bond rmsd: 0.001708
  step:  34 bond rmsd: 0.001703
  step:  35 bond rmsd: 0.001699
  step:  36 bond rmsd: 0.001692
  step:  37 bond rmsd: 0.001692
  step:  38 bond rmsd: 0.001691
  step:  39 bond rmsd: 0.001689
  step:  40 bond rmsd: 0.001693
  step:  41 bond rmsd: 0.001696
  step:  42 bond rmsd: 0.001703
  step:  43 bond rmsd: 0.001707
  step:  44 bond rmsd: 0.001711
  step:  45 bond rmsd: 0.001713
  step:  46 bond rmsd: 0.001717
  step:  47 bond rmsd: 0.001719
  step:  48 bond rmsd: 0.001731
  step:  49 bond rmsd: 0.001731
  step:  50 bond rmsd: 0.001729
  step:  51 bond rmsd: 0.001720
  step:  52 bond rmsd: 0.001712
micro_cycle   5 rmsd(b):  0.0017 rws:  1.000 n_fev: 261
  step:   1 bond rmsd: 0.001712
  step:   2 bond rmsd: 0.082012
  step:   3 bond rmsd: 0.003760
  step:   4 bond rmsd: 0.003185
  step:   5 bond rmsd: 0.002752
  step:   6 bond rmsd: 0.002433
  step:   7 bond rmsd: 0.002203
  step:   8 bond rmsd: 0.002039
  step:   9 bond rmsd: 0.001926
  step:  10 bond rmsd: 0.001848
  step:  11 bond rmsd: 0.001795
  step:  12 bond rmsd: 0.001758
  step:  13 bond rmsd: 0.001734
  step:  14 bond rmsd: 0.001716
  step:  15 bond rmsd: 0.001704
  step:  16 bond rmsd: 0.001696
  step:  17 bond rmsd: 0.001690
  step:  18 bond rmsd: 0.001685
  step:  19 bond rmsd: 0.001681
  step:  20 bond rmsd: 0.001678
  step:  21 bond rmsd: 0.001675
  step:  22 bond rmsd: 0.001672
  step:  23 bond rmsd: 0.001668
  step:  24 bond rmsd: 0.001664
  step:  25 bond rmsd: 0.001657
  step:  26 bond rmsd: 0.001647
  step:  27 bond rmsd: 0.001632
  step:  28 bond rmsd: 0.001604
  step:  29 bond rmsd: 0.001593
  step:  30 bond rmsd: 0.001589
  step:  31 bond rmsd: 0.001593
  step:  32 bond rmsd: 0.001593
  step:  33 bond rmsd: 0.001586
  step:  34 bond rmsd: 0.001583
  step:  35 bond rmsd: 0.001583
  step:  36 bond rmsd: 0.001585
  step:  37 bond rmsd: 0.001588
  step:  38 bond rmsd: 0.001592
  step:  39 bond rmsd: 0.001597
  step:  40 bond rmsd: 0.001602
  step:  41 bond rmsd: 0.001608
  step:  42 bond rmsd: 0.001616
  step:  43 bond rmsd: 0.001625
  step:  44 bond rmsd: 0.001640
  step:  45 bond rmsd: 0.001669
  step:  46 bond rmsd: 0.001707
  step:  47 bond rmsd: 0.001745
  step:  48 bond rmsd: 0.001817
  step:  49 bond rmsd: 0.001865
  step:  50 bond rmsd: 0.001952
  step:  51 bond rmsd: 0.002009
  step:  52 bond rmsd: 0.002070
  step:  53 bond rmsd: 0.002142
micro_cycle   6 rmsd(b):  0.0021 rws:  1.000 n_fev: 314
  step:   1 bond rmsd: 0.002142
  step:   2 bond rmsd: 0.050995
  step:   3 bond rmsd: 0.011645
  step:   4 bond rmsd: 0.009374
  step:   5 bond rmsd: 0.007574
  step:   6 bond rmsd: 0.006156
  step:   7 bond rmsd: 0.005047
  step:   8 bond rmsd: 0.004189
  step:   9 bond rmsd: 0.003537
  step:  10 bond rmsd: 0.003050
  step:  11 bond rmsd: 0.002695
  step:  12 bond rmsd: 0.002443
  step:  13 bond rmsd: 0.002269
  step:  14 bond rmsd: 0.002151
  step:  15 bond rmsd: 0.002072
  step:  16 bond rmsd: 0.002020
  step:  17 bond rmsd: 0.001985
  step:  18 bond rmsd: 0.001962
  step:  19 bond rmsd: 0.001947
  step:  20 bond rmsd: 0.001936
  step:  21 bond rmsd: 0.001927
  step:  22 bond rmsd: 0.001921
  step:  23 bond rmsd: 0.001915
  step:  24 bond rmsd: 0.001909
  step:  25 bond rmsd: 0.001902
  step:  26 bond rmsd: 0.001893
  step:  27 bond rmsd: 0.001880
  step:  28 bond rmsd: 0.001860
  step:  29 bond rmsd: 0.001830
  step:  30 bond rmsd: 0.001781
  step:  31 bond rmsd: 0.001702
  step:  32 bond rmsd: 0.001661
  step:  33 bond rmsd: 0.001635
  step:  34 bond rmsd: 0.001595
  step:  35 bond rmsd: 0.001581
  step:  36 bond rmsd: 0.001569
  step:  37 bond rmsd: 0.001563
  step:  38 bond rmsd: 0.001558
  step:  39 bond rmsd: 0.001557
  step:  40 bond rmsd: 0.001554
  step:  41 bond rmsd: 0.001552
  step:  42 bond rmsd: 0.001551
  step:  43 bond rmsd: 0.001551
  step:  44 bond rmsd: 0.001551
  step:  45 bond rmsd: 0.001552
  step:  46 bond rmsd: 0.001554
  step:  47 bond rmsd: 0.001560
  step:  48 bond rmsd: 0.001565
  step:  49 bond rmsd: 0.001579
  step:  50 bond rmsd: 0.001588
  step:  51 bond rmsd: 0.001605
  step:  52 bond rmsd: 0.001624
micro_cycle   7 rmsd(b):  0.0016 rws:  1.000 n_fev: 366
  step:   1 bond rmsd: 0.001624
  step:   2 bond rmsd: 0.056031
  step:   3 bond rmsd: 0.002116
  step:   4 bond rmsd: 0.001953
  step:   5 bond rmsd: 0.001839
  step:   6 bond rmsd: 0.001761
  step:   7 bond rmsd: 0.001708
  step:   8 bond rmsd: 0.001671
  step:   9 bond rmsd: 0.001646
  step:  10 bond rmsd: 0.001629
  step:  11 bond rmsd: 0.001616
  step:  12 bond rmsd: 0.001608
  step:  13 bond rmsd: 0.001602
  step:  14 bond rmsd: 0.001597
  step:  15 bond rmsd: 0.001594
  step:  16 bond rmsd: 0.001592
  step:  17 bond rmsd: 0.001591
  step:  18 bond rmsd: 0.001589
  step:  19 bond rmsd: 0.001589
  step:  20 bond rmsd: 0.001588
  step:  21 bond rmsd: 0.001587
  step:  22 bond rmsd: 0.001586
  step:  23 bond rmsd: 0.001585
  step:  24 bond rmsd: 0.001583
  step:  25 bond rmsd: 0.001576
  step:  26 bond rmsd: 0.001568
  step:  27 bond rmsd: 0.001604
  step:  28 bond rmsd: 0.001604
  step:  29 bond rmsd: 0.001591
  step:  30 bond rmsd: 0.001583
  step:  31 bond rmsd: 0.001578
  step:  32 bond rmsd: 0.001575
  step:  33 bond rmsd: 0.001573
  step:  34 bond rmsd: 0.001572
  step:  35 bond rmsd: 0.001572
  step:  36 bond rmsd: 0.001572
  step:  37 bond rmsd: 0.001572
  step:  38 bond rmsd: 0.001573
  step:  39 bond rmsd: 0.001575
  step:  40 bond rmsd: 0.001577
  step:  41 bond rmsd: 0.001584
  step:  42 bond rmsd: 0.001588
  step:  43 bond rmsd: 0.001597
  step:  44 bond rmsd: 0.001607
  step:  45 bond rmsd: 0.001617
  step:  46 bond rmsd: 0.001628
  step:  47 bond rmsd: 0.001655
  step:  48 bond rmsd: 0.001668
  step:  49 bond rmsd: 0.001689
  step:  50 bond rmsd: 0.001725
  step:  51 bond rmsd: 0.001748
  step:  52 bond rmsd: 0.001773
  step:  53 bond rmsd: 0.001823
micro_cycle   8 rmsd(b):  0.0018 rws:  1.000 n_fev: 419
  step:   1 bond rmsd: 0.001823
  step:   2 bond rmsd: 0.054096
  step:   3 bond rmsd: 0.005433
  step:   4 bond rmsd: 0.004471
  step:   5 bond rmsd: 0.003731
  step:   6 bond rmsd: 0.003167
  step:   7 bond rmsd: 0.002746
  step:   8 bond rmsd: 0.002439
  step:   9 bond rmsd: 0.002221
  step:  10 bond rmsd: 0.002070
  step:  11 bond rmsd: 0.001967
  step:  12 bond rmsd: 0.001899
  step:  13 bond rmsd: 0.001853
  step:  14 bond rmsd: 0.001824
  step:  15 bond rmsd: 0.001804
  step:  16 bond rmsd: 0.001791
  step:  17 bond rmsd: 0.001782
  step:  18 bond rmsd: 0.001776
  step:  19 bond rmsd: 0.001771
  step:  20 bond rmsd: 0.001768
  step:  21 bond rmsd: 0.001765
  step:  22 bond rmsd: 0.001762
  step:  23 bond rmsd: 0.001759
  step:  24 bond rmsd: 0.001755
  step:  25 bond rmsd: 0.001751
  step:  26 bond rmsd: 0.001744
  step:  27 bond rmsd: 0.001734
  step:  28 bond rmsd: 0.001718
  step:  29 bond rmsd: 0.001693
  step:  30 bond rmsd: 0.001654
  step:  31 bond rmsd: 0.001620
  step:  32 bond rmsd: 0.001612
  step:  33 bond rmsd: 0.001612
  step:  34 bond rmsd: 0.001589
  step:  35 bond rmsd: 0.001573
  step:  36 bond rmsd: 0.001562
  step:  37 bond rmsd: 0.001554
  step:  38 bond rmsd: 0.001546
  step:  39 bond rmsd: 0.001543
  step:  40 bond rmsd: 0.001539
  step:  41 bond rmsd: 0.001537
  step:  42 bond rmsd: 0.001535
  step:  43 bond rmsd: 0.001534
  step:  44 bond rmsd: 0.001532
  step:  45 bond rmsd: 0.001531
  step:  46 bond rmsd: 0.001531
  step:  47 bond rmsd: 0.001529
  step:  48 bond rmsd: 0.001530
  step:  49 bond rmsd: 0.001531
  step:  50 bond rmsd: 0.001535
  step:  51 bond rmsd: 0.001538
  step:  52 bond rmsd: 0.001545
  step:  53 bond rmsd: 0.001551
micro_cycle   9 rmsd(b):  0.0016 rws:  1.000 n_fev: 472
  step:   1 bond rmsd: 0.001551
  step:   2 bond rmsd: 0.067804
  step:   3 bond rmsd: 0.001645
  step:   4 bond rmsd: 0.001611
  step:   5 bond rmsd: 0.001589
  step:   6 bond rmsd: 0.001575
  step:   7 bond rmsd: 0.001566
  step:   8 bond rmsd: 0.001560
  step:   9 bond rmsd: 0.001556
  step:  10 bond rmsd: 0.001554
  step:  11 bond rmsd: 0.001553
  step:  12 bond rmsd: 0.001552
  step:  13 bond rmsd: 0.001551
  step:  14 bond rmsd: 0.001551
  step:  15 bond rmsd: 0.001551
  step:  16 bond rmsd: 0.001551
  step:  17 bond rmsd: 0.001551
  step:  18 bond rmsd: 0.001552
  step:  19 bond rmsd: 0.001552
  step:  20 bond rmsd: 0.001553
  step:  21 bond rmsd: 0.001554
  step:  22 bond rmsd: 0.001555
  step:  23 bond rmsd: 0.001557
  step:  24 bond rmsd: 0.001560
  step:  25 bond rmsd: 0.001562
  step:  26 bond rmsd: 0.001567
  step:  27 bond rmsd: 0.001571
  step:  28 bond rmsd: 0.001575
  step:  29 bond rmsd: 0.001628
  step:  30 bond rmsd: 0.001628
  step:  31 bond rmsd: 0.001622
  step:  32 bond rmsd: 0.001616
  step:  33 bond rmsd: 0.001612
  step:  34 bond rmsd: 0.001610
  step:  35 bond rmsd: 0.001609
  step:  36 bond rmsd: 0.001608
  step:  37 bond rmsd: 0.001609
  step:  38 bond rmsd: 0.001611
  step:  39 bond rmsd: 0.001615
  step:  40 bond rmsd: 0.001618
  step:  41 bond rmsd: 0.001630
  step:  42 bond rmsd: 0.001638
  step:  43 bond rmsd: 0.001648
  step:  44 bond rmsd: 0.001668
  step:  45 bond rmsd: 0.001678
  step:  46 bond rmsd: 0.001685
  step:  47 bond rmsd: 0.001701
  step:  48 bond rmsd: 0.001709
  step:  49 bond rmsd: 0.001736
  step:  50 bond rmsd: 0.001740
  step:  51 bond rmsd: 0.001745
  step:  52 bond rmsd: 0.001748
  step:  53 bond rmsd: 0.001751
micro_cycle  10 rmsd(b):  0.0018 rws:  1.000 n_fev: 525
  step:   1 bond rmsd: 0.001751
  step:   2 bond rmsd: 0.067975
  step:   3 bond rmsd: 0.003944
  step:   4 bond rmsd: 0.003287
  step:   5 bond rmsd: 0.002792
  step:   6 bond rmsd: 0.002430
  step:   7 bond rmsd: 0.002171
  step:   8 bond rmsd: 0.001993
  step:   9 bond rmsd: 0.001873
  step:  10 bond rmsd: 0.001796
  step:  11 bond rmsd: 0.001747
  step:  12 bond rmsd: 0.001716
  step:  13 bond rmsd: 0.001698
  step:  14 bond rmsd: 0.001687
  step:  15 bond rmsd: 0.001682
  step:  16 bond rmsd: 0.001679
  step:  17 bond rmsd: 0.001678
  step:  18 bond rmsd: 0.001678
  step:  19 bond rmsd: 0.001678
  step:  20 bond rmsd: 0.001679
  step:  21 bond rmsd: 0.001680
  step:  22 bond rmsd: 0.001681
  step:  23 bond rmsd: 0.001682
  step:  24 bond rmsd: 0.001682
  step:  25 bond rmsd: 0.001680
  step:  26 bond rmsd: 0.001675
  step:  27 bond rmsd: 0.001662
  step:  28 bond rmsd: 0.001623
  step:  29 bond rmsd: 0.001603
  step:  30 bond rmsd: 0.001591
  step:  31 bond rmsd: 0.001560
  step:  32 bond rmsd: 0.001555
  step:  33 bond rmsd: 0.001552
  step:  34 bond rmsd: 0.001550
  step:  35 bond rmsd: 0.001548
  step:  36 bond rmsd: 0.001547
  step:  37 bond rmsd: 0.001547
  step:  38 bond rmsd: 0.001546
  step:  39 bond rmsd: 0.001546
  step:  40 bond rmsd: 0.001546
  step:  41 bond rmsd: 0.001546
  step:  42 bond rmsd: 0.001545
  step:  43 bond rmsd: 0.001546
  step:  44 bond rmsd: 0.001546
  step:  45 bond rmsd: 0.001546
  step:  46 bond rmsd: 0.001545
  step:  47 bond rmsd: 0.001542
  step:  48 bond rmsd: 0.001539
  step:  49 bond rmsd: 0.001540
  step:  50 bond rmsd: 0.001534
  step:  51 bond rmsd: 0.001531
  step:  52 bond rmsd: 0.001529
micro_cycle  11 rmsd(b):  0.0015 rws:  1.000 n_fev: 577
  step:   1 bond rmsd: 0.001529
  step:   2 bond rmsd: 0.076787
  step:   3 bond rmsd: 0.001974
  step:   4 bond rmsd: 0.001824
  step:   5 bond rmsd: 0.001722
  step:   6 bond rmsd: 0.001653
  step:   7 bond rmsd: 0.001608
  step:   8 bond rmsd: 0.001578
  step:   9 bond rmsd: 0.001559
  step:  10 bond rmsd: 0.001547
  step:  11 bond rmsd: 0.001539
  step:  12 bond rmsd: 0.001534
  step:  13 bond rmsd: 0.001531
  step:  14 bond rmsd: 0.001529
  step:  15 bond rmsd: 0.001528
  step:  16 bond rmsd: 0.001527
  step:  17 bond rmsd: 0.001527
  step:  18 bond rmsd: 0.001526
  step:  19 bond rmsd: 0.001526
  step:  20 bond rmsd: 0.001526
  step:  21 bond rmsd: 0.001526
  step:  22 bond rmsd: 0.001527
  step:  23 bond rmsd: 0.001527
  step:  24 bond rmsd: 0.001528
  step:  25 bond rmsd: 0.001528
  step:  26 bond rmsd: 0.001529
  step:  27 bond rmsd: 0.001530
  step:  28 bond rmsd: 0.001531
  step:  29 bond rmsd: 0.001533
  step:  30 bond rmsd: 0.001545
  step:  31 bond rmsd: 0.001545
  step:  32 bond rmsd: 0.001547
  step:  33 bond rmsd: 0.001548
  step:  34 bond rmsd: 0.001551
  step:  35 bond rmsd: 0.001552
  step:  36 bond rmsd: 0.001555
  step:  37 bond rmsd: 0.001557
  step:  38 bond rmsd: 0.001561
  step:  39 bond rmsd: 0.001563
  step:  40 bond rmsd: 0.001565
  step:  41 bond rmsd: 0.001569
  step:  42 bond rmsd: 0.001570
  step:  43 bond rmsd: 0.001573
  step:  44 bond rmsd: 0.001573
  step:  45 bond rmsd: 0.001572
  step:  46 bond rmsd: 0.001570
  step:  47 bond rmsd: 0.001570
  step:  48 bond rmsd: 0.001565
  step:  49 bond rmsd: 0.001565
  step:  50 bond rmsd: 0.001564
  step:  51 bond rmsd: 0.001565
  step:  52 bond rmsd: 0.001568
micro_cycle  12 rmsd(b):  0.0016 rws:  1.000 n_fev: 629
  step:   1 bond rmsd: 0.001568
  step:   2 bond rmsd: 0.052087
  step:   3 bond rmsd: 0.002080
  step:   4 bond rmsd: 0.001916
  step:   5 bond rmsd: 0.001801
  step:   6 bond rmsd: 0.001722
  step:   7 bond rmsd: 0.001668
  step:   8 bond rmsd: 0.001631
  step:   9 bond rmsd: 0.001606
  step:  10 bond rmsd: 0.001589
  step:  11 bond rmsd: 0.001577
  step:  12 bond rmsd: 0.001569
  step:  13 bond rmsd: 0.001563
  step:  14 bond rmsd: 0.001559
  step:  15 bond rmsd: 0.001556
  step:  16 bond rmsd: 0.001554
  step:  17 bond rmsd: 0.001552
  step:  18 bond rmsd: 0.001551
  step:  19 bond rmsd: 0.001550
  step:  20 bond rmsd: 0.001549
  step:  21 bond rmsd: 0.001548
  step:  22 bond rmsd: 0.001547
  step:  23 bond rmsd: 0.001546
  step:  24 bond rmsd: 0.001545
  step:  25 bond rmsd: 0.001544
  step:  26 bond rmsd: 0.001543
  step:  27 bond rmsd: 0.001542
  step:  28 bond rmsd: 0.001540
  step:  29 bond rmsd: 0.001543
  step:  30 bond rmsd: 0.001543
  step:  31 bond rmsd: 0.001546
  step:  32 bond rmsd: 0.001548
  step:  33 bond rmsd: 0.001551
  step:  34 bond rmsd: 0.001552
  step:  35 bond rmsd: 0.001552
  step:  36 bond rmsd: 0.001552
  step:  37 bond rmsd: 0.001551
  step:  38 bond rmsd: 0.001550
  step:  39 bond rmsd: 0.001548
  step:  40 bond rmsd: 0.001547
  step:  41 bond rmsd: 0.001541
  step:  42 bond rmsd: 0.001540
  step:  43 bond rmsd: 0.001538
  step:  44 bond rmsd: 0.001536
  step:  45 bond rmsd: 0.001533
  step:  46 bond rmsd: 0.001530
  step:  47 bond rmsd: 0.001527
  step:  48 bond rmsd: 0.001524
  step:  49 bond rmsd: 0.001525
  step:  50 bond rmsd: 0.001523
  step:  51 bond rmsd: 0.001525
  step:  52 bond rmsd: 0.001524
micro_cycle  13 rmsd(b):  0.0015 rws:  1.000 n_fev: 681
  step:   1 bond rmsd: 0.001524
  step:   2 bond rmsd: 0.047785
  step:   3 bond rmsd: 0.002225
  step:   4 bond rmsd: 0.001979
  step:   5 bond rmsd: 0.001808
  step:   6 bond rmsd: 0.001693
  step:   7 bond rmsd: 0.001618
  step:   8 bond rmsd: 0.001571
  step:   9 bond rmsd: 0.001542
  step:  10 bond rmsd: 0.001524
  step:  11 bond rmsd: 0.001515
  step:  12 bond rmsd: 0.001509
  step:  13 bond rmsd: 0.001507
  step:  14 bond rmsd: 0.001506
  step:  15 bond rmsd: 0.001506
  step:  16 bond rmsd: 0.001506
  step:  17 bond rmsd: 0.001507
  step:  18 bond rmsd: 0.001508
  step:  19 bond rmsd: 0.001508
  step:  20 bond rmsd: 0.001509
  step:  21 bond rmsd: 0.001510
  step:  22 bond rmsd: 0.001511
  step:  23 bond rmsd: 0.001512
  step:  24 bond rmsd: 0.001512
  step:  25 bond rmsd: 0.001513
  step:  26 bond rmsd: 0.001514
  step:  27 bond rmsd: 0.001515
  step:  28 bond rmsd: 0.001514
  step:  29 bond rmsd: 0.001515
  step:  30 bond rmsd: 0.001518
  step:  31 bond rmsd: 0.001516
  step:  32 bond rmsd: 0.001519
  step:  33 bond rmsd: 0.001523
  step:  34 bond rmsd: 0.001527
  step:  35 bond rmsd: 0.001531
  step:  36 bond rmsd: 0.001536
  step:  37 bond rmsd: 0.001540
  step:  38 bond rmsd: 0.001545
  step:  39 bond rmsd: 0.001551
  step:  40 bond rmsd: 0.001556
  step:  41 bond rmsd: 0.001563
  step:  42 bond rmsd: 0.001568
  step:  43 bond rmsd: 0.001577
  step:  44 bond rmsd: 0.001583
  step:  45 bond rmsd: 0.001587
  step:  46 bond rmsd: 0.001591
  step:  47 bond rmsd: 0.001590
  step:  48 bond rmsd: 0.001591
  step:  49 bond rmsd: 0.001600
  step:  50 bond rmsd: 0.001597
  step:  51 bond rmsd: 0.001592
  step:  52 bond rmsd: 0.001586
micro_cycle  14 rmsd(b):  0.0016 rws:  1.000 n_fev: 733
  step:   1 bond rmsd: 0.001586
  step:   2 bond rmsd: 0.062650
  step:   3 bond rmsd: 0.002022
  step:   4 bond rmsd: 0.001859
  step:   5 bond rmsd: 0.001749
  step:   6 bond rmsd: 0.001679
  step:   7 bond rmsd: 0.001634
  step:   8 bond rmsd: 0.001606
  step:   9 bond rmsd: 0.001590
  step:  10 bond rmsd: 0.001580
  step:  11 bond rmsd: 0.001575
  step:  12 bond rmsd: 0.001572
  step:  13 bond rmsd: 0.001571
  step:  14 bond rmsd: 0.001570
  step:  15 bond rmsd: 0.001570
  step:  16 bond rmsd: 0.001570
  step:  17 bond rmsd: 0.001570
  step:  18 bond rmsd: 0.001571
  step:  19 bond rmsd: 0.001571
  step:  20 bond rmsd: 0.001571
  step:  21 bond rmsd: 0.001571
  step:  22 bond rmsd: 0.001571
  step:  23 bond rmsd: 0.001570
  step:  24 bond rmsd: 0.001570
  step:  25 bond rmsd: 0.001568
  step:  26 bond rmsd: 0.001565
  step:  27 bond rmsd: 0.001560
  step:  28 bond rmsd: 0.001552
  step:  29 bond rmsd: 0.001537
  step:  30 bond rmsd: 0.001529
  step:  31 bond rmsd: 0.001524
  step:  32 bond rmsd: 0.001512
  step:  33 bond rmsd: 0.001512
  step:  34 bond rmsd: 0.001507
  step:  35 bond rmsd: 0.001505
  step:  36 bond rmsd: 0.001503
  step:  37 bond rmsd: 0.001502
  step:  38 bond rmsd: 0.001502
  step:  39 bond rmsd: 0.001502
  step:  40 bond rmsd: 0.001502
  step:  41 bond rmsd: 0.001503
  step:  42 bond rmsd: 0.001503
  step:  43 bond rmsd: 0.001503
  step:  44 bond rmsd: 0.001503
  step:  45 bond rmsd: 0.001504
  step:  46 bond rmsd: 0.001503
  step:  47 bond rmsd: 0.001503
  step:  48 bond rmsd: 0.001507
  step:  49 bond rmsd: 0.001512
  step:  50 bond rmsd: 0.001514
  step:  51 bond rmsd: 0.001522
  step:  52 bond rmsd: 0.001530
  step:  53 bond rmsd: 0.001540
micro_cycle  15 rmsd(b):  0.0015 rws:  1.000 n_fev: 786
  step:   1 bond rmsd: 0.001540
  step:   2 bond rmsd: 0.073109
  step:   3 bond rmsd: 0.001580
  step:   4 bond rmsd: 0.001568
  step:   5 bond rmsd: 0.001560
  step:   6 bond rmsd: 0.001554
  step:   7 bond rmsd: 0.001550
  step:   8 bond rmsd: 0.001547
  step:   9 bond rmsd: 0.001544
  step:  10 bond rmsd: 0.001542
  step:  11 bond rmsd: 0.001541
  step:  12 bond rmsd: 0.001539
  step:  13 bond rmsd: 0.001538
  step:  14 bond rmsd: 0.001537
  step:  15 bond rmsd: 0.001536
  step:  16 bond rmsd: 0.001535
  step:  17 bond rmsd: 0.001534
  step:  18 bond rmsd: 0.001532
  step:  19 bond rmsd: 0.001530
  step:  20 bond rmsd: 0.001528
  step:  21 bond rmsd: 0.001524
  step:  22 bond rmsd: 0.001520
  step:  23 bond rmsd: 0.001516
  step:  24 bond rmsd: 0.001511
  step:  25 bond rmsd: 0.001514
  step:  26 bond rmsd: 0.001511
  step:  27 bond rmsd: 0.001509
  step:  28 bond rmsd: 0.001508
  step:  29 bond rmsd: 0.001507
  step:  30 bond rmsd: 0.001506
  step:  31 bond rmsd: 0.001506
  step:  32 bond rmsd: 0.001507
  step:  33 bond rmsd: 0.001505
  step:  34 bond rmsd: 0.001506
  step:  35 bond rmsd: 0.001510
  step:  36 bond rmsd: 0.001514
  step:  37 bond rmsd: 0.001520
  step:  38 bond rmsd: 0.001529
  step:  39 bond rmsd: 0.001537
  step:  40 bond rmsd: 0.001547
  step:  41 bond rmsd: 0.001561
  step:  42 bond rmsd: 0.001570
  step:  43 bond rmsd: 0.001583
  step:  44 bond rmsd: 0.001595
  step:  45 bond rmsd: 0.001633
  step:  46 bond rmsd: 0.001647
  step:  47 bond rmsd: 0.001668
  step:  48 bond rmsd: 0.001689
  step:  49 bond rmsd: 0.001713
  step:  50 bond rmsd: 0.001722
  step:  51 bond rmsd: 0.001740
  step:  52 bond rmsd: 0.001760
micro_cycle  16 rmsd(b):  0.0018 rws:  1.000 n_fev: 838
  step:   1 bond rmsd: 0.001760
  step:   2 bond rmsd: 0.059851
  step:   3 bond rmsd: 0.002114
  step:   4 bond rmsd: 0.001971
  step:   5 bond rmsd: 0.001876
  step:   6 bond rmsd: 0.001814
  step:   7 bond rmsd: 0.001773
  step:   8 bond rmsd: 0.001747
  step:   9 bond rmsd: 0.001729
  step:  10 bond rmsd: 0.001716
  step:  11 bond rmsd: 0.001707
  step:  12 bond rmsd: 0.001701
  step:  13 bond rmsd: 0.001695
  step:  14 bond rmsd: 0.001691
  step:  15 bond rmsd: 0.001687
  step:  16 bond rmsd: 0.001683
  step:  17 bond rmsd: 0.001680
  step:  18 bond rmsd: 0.001676
  step:  19 bond rmsd: 0.001672
  step:  20 bond rmsd: 0.001668
  step:  21 bond rmsd: 0.001662
  step:  22 bond rmsd: 0.001654
  step:  23 bond rmsd: 0.001643
  step:  24 bond rmsd: 0.001627
  step:  25 bond rmsd: 0.001605
  step:  26 bond rmsd: 0.001580
  step:  27 bond rmsd: 0.001565
  step:  28 bond rmsd: 0.001553
  step:  29 bond rmsd: 0.001541
  step:  30 bond rmsd: 0.001530
  step:  31 bond rmsd: 0.001522
  step:  32 bond rmsd: 0.001517
  step:  33 bond rmsd: 0.001511
  step:  34 bond rmsd: 0.001506
  step:  35 bond rmsd: 0.001501
  step:  36 bond rmsd: 0.001498
  step:  37 bond rmsd: 0.001492
  step:  38 bond rmsd: 0.001489
  step:  39 bond rmsd: 0.001485
  step:  40 bond rmsd: 0.001481
  step:  41 bond rmsd: 0.001478
  step:  42 bond rmsd: 0.001474
  step:  43 bond rmsd: 0.001472
  step:  44 bond rmsd: 0.001469
  step:  45 bond rmsd: 0.001469
  step:  46 bond rmsd: 0.001468
  step:  47 bond rmsd: 0.001470
  step:  48 bond rmsd: 0.001473
  step:  49 bond rmsd: 0.001480
  step:  50 bond rmsd: 0.001485
  step:  51 bond rmsd: 0.001498
  step:  52 bond rmsd: 0.001508
micro_cycle  17 rmsd(b):  0.0015 rws:  1.000 n_fev: 890
  step:   1 bond rmsd: 0.001508
  step:   2 bond rmsd: 0.067662
  step:   3 bond rmsd: 0.001589
  step:   4 bond rmsd: 0.001555
  step:   5 bond rmsd: 0.001533
  step:   6 bond rmsd: 0.001519
  step:   7 bond rmsd: 0.001511
  step:   8 bond rmsd: 0.001505
  step:   9 bond rmsd: 0.001502
  step:  10 bond rmsd: 0.001500
  step:  11 bond rmsd: 0.001499
  step:  12 bond rmsd: 0.001498
  step:  13 bond rmsd: 0.001498
  step:  14 bond rmsd: 0.001498
  step:  15 bond rmsd: 0.001498
  step:  16 bond rmsd: 0.001499
  step:  17 bond rmsd: 0.001499
  step:  18 bond rmsd: 0.001500
  step:  19 bond rmsd: 0.001500
  step:  20 bond rmsd: 0.001501
  step:  21 bond rmsd: 0.001502
  step:  22 bond rmsd: 0.001503
  step:  23 bond rmsd: 0.001503
  step:  24 bond rmsd: 0.001505
  step:  25 bond rmsd: 0.001508
  step:  26 bond rmsd: 0.001514
  step:  27 bond rmsd: 0.001515
  step:  28 bond rmsd: 0.001518
  step:  29 bond rmsd: 0.001517
  step:  30 bond rmsd: 0.001519
  step:  31 bond rmsd: 0.001519
  step:  32 bond rmsd: 0.001520
  step:  33 bond rmsd: 0.001521
  step:  34 bond rmsd: 0.001522
  step:  35 bond rmsd: 0.001523
  step:  36 bond rmsd: 0.001523
  step:  37 bond rmsd: 0.001525
  step:  38 bond rmsd: 0.001525
  step:  39 bond rmsd: 0.001524
  step:  40 bond rmsd: 0.001522
  step:  41 bond rmsd: 0.001520
  step:  42 bond rmsd: 0.001519
  step:  43 bond rmsd: 0.001517
  step:  44 bond rmsd: 0.001516
  step:  45 bond rmsd: 0.001514
  step:  46 bond rmsd: 0.001514
  step:  47 bond rmsd: 0.001511
  step:  48 bond rmsd: 0.001511
  step:  49 bond rmsd: 0.001512
  step:  50 bond rmsd: 0.001514
  step:  51 bond rmsd: 0.001515
  step:  52 bond rmsd: 0.001518
micro_cycle  18 rmsd(b):  0.0015 rws:  1.000 n_fev: 942
  step:   1 bond rmsd: 0.001518
  step:   2 bond rmsd: 0.061398
  step:   3 bond rmsd: 0.001597
  step:   4 bond rmsd: 0.001576
  step:   5 bond rmsd: 0.001561
  step:   6 bond rmsd: 0.001550
  step:   7 bond rmsd: 0.001542
  step:   8 bond rmsd: 0.001536
  step:   9 bond rmsd: 0.001532
  step:  10 bond rmsd: 0.001528
  step:  11 bond rmsd: 0.001526
  step:  12 bond rmsd: 0.001524
  step:  13 bond rmsd: 0.001522
  step:  14 bond rmsd: 0.001521
  step:  15 bond rmsd: 0.001519
  step:  16 bond rmsd: 0.001518
  step:  17 bond rmsd: 0.001517
  step:  18 bond rmsd: 0.001517
  step:  19 bond rmsd: 0.001516
  step:  20 bond rmsd: 0.001515
  step:  21 bond rmsd: 0.001515
  step:  22 bond rmsd: 0.001516
  step:  23 bond rmsd: 0.001517
  step:  24 bond rmsd: 0.001518
  step:  25 bond rmsd: 0.001522
  step:  26 bond rmsd: 0.001523
  step:  27 bond rmsd: 0.001524
  step:  28 bond rmsd: 0.001524
  step:  29 bond rmsd: 0.001525
  step:  30 bond rmsd: 0.001526
  step:  31 bond rmsd: 0.001526
  step:  32 bond rmsd: 0.001526
  step:  33 bond rmsd: 0.001525
  step:  34 bond rmsd: 0.001525
  step:  35 bond rmsd: 0.001523
  step:  36 bond rmsd: 0.001523
  step:  37 bond rmsd: 0.001522
  step:  38 bond rmsd: 0.001522
  step:  39 bond rmsd: 0.001520
  step:  40 bond rmsd: 0.001516
  step:  41 bond rmsd: 0.001512
  step:  42 bond rmsd: 0.001507
  step:  43 bond rmsd: 0.001503
  step:  44 bond rmsd: 0.001498
  step:  45 bond rmsd: 0.001493
  step:  46 bond rmsd: 0.001487
  step:  47 bond rmsd: 0.001483
  step:  48 bond rmsd: 0.001478
  step:  49 bond rmsd: 0.001474
  step:  50 bond rmsd: 0.001471
  step:  51 bond rmsd: 0.001468
  step:  52 bond rmsd: 0.001464
  step:  53 bond rmsd: 0.001460
micro_cycle  19 rmsd(b):  0.0015 rws:  1.000 n_fev: 995
  step:   1 bond rmsd: 0.001460
  step:   2 bond rmsd: 0.038725
  step:   3 bond rmsd: 0.001526
  step:   4 bond rmsd: 0.001506
  step:   5 bond rmsd: 0.001493
  step:   6 bond rmsd: 0.001485
  step:   7 bond rmsd: 0.001479
  step:   8 bond rmsd: 0.001476
  step:   9 bond rmsd: 0.001474
  step:  10 bond rmsd: 0.001473
  step:  11 bond rmsd: 0.001473
  step:  12 bond rmsd: 0.001473
  step:  13 bond rmsd: 0.001474
  step:  14 bond rmsd: 0.001475
  step:  15 bond rmsd: 0.001477
  step:  16 bond rmsd: 0.001479
  step:  17 bond rmsd: 0.001482
  step:  18 bond rmsd: 0.001486
  step:  19 bond rmsd: 0.001492
  step:  20 bond rmsd: 0.001500
  step:  21 bond rmsd: 0.001503
  step:  22 bond rmsd: 0.001508
  step:  23 bond rmsd: 0.001513
  step:  24 bond rmsd: 0.001518
  step:  25 bond rmsd: 0.001520
  step:  26 bond rmsd: 0.001523
  step:  27 bond rmsd: 0.001524
  step:  28 bond rmsd: 0.001525
  step:  29 bond rmsd: 0.001524
  step:  30 bond rmsd: 0.001525
  step:  31 bond rmsd: 0.001524
  step:  32 bond rmsd: 0.001524
  step:  33 bond rmsd: 0.001522
  step:  34 bond rmsd: 0.001521
  step:  35 bond rmsd: 0.001519
  step:  36 bond rmsd: 0.001517
  step:  37 bond rmsd: 0.001515
  step:  38 bond rmsd: 0.001511
  step:  39 bond rmsd: 0.001509
  step:  40 bond rmsd: 0.001506
  step:  41 bond rmsd: 0.001504
  step:  42 bond rmsd: 0.001500
  step:  43 bond rmsd: 0.001498
  step:  44 bond rmsd: 0.001498
  step:  45 bond rmsd: 0.001497
  step:  46 bond rmsd: 0.001497
  step:  47 bond rmsd: 0.001500
  step:  48 bond rmsd: 0.001503
  step:  49 bond rmsd: 0.001507
  step:  50 bond rmsd: 0.001520
  step:  51 bond rmsd: 0.001525
  step:  52 bond rmsd: 0.001534
micro_cycle  20 rmsd(b):  0.0015 rws:  1.000 n_fev: 1047
  step:   1 bond rmsd: 0.001534
  step:   2 bond rmsd: 0.041982
  step:   3 bond rmsd: 0.006502
  step:   4 bond rmsd: 0.005259
  step:   5 bond rmsd: 0.004282
  step:   6 bond rmsd: 0.003522
  step:   7 bond rmsd: 0.002939
  step:   8 bond rmsd: 0.002501
  step:   9 bond rmsd: 0.002179
  step:  10 bond rmsd: 0.001950
  step:  11 bond rmsd: 0.001791
  step:  12 bond rmsd: 0.001686
  step:  13 bond rmsd: 0.001617
  step:  14 bond rmsd: 0.001574
  step:  15 bond rmsd: 0.001547
  step:  16 bond rmsd: 0.001532
  step:  17 bond rmsd: 0.001523
  step:  18 bond rmsd: 0.001518
  step:  19 bond rmsd: 0.001516
  step:  20 bond rmsd: 0.001515
  step:  21 bond rmsd: 0.001516
  step:  22 bond rmsd: 0.001516
  step:  23 bond rmsd: 0.001517
  step:  24 bond rmsd: 0.001518
  step:  25 bond rmsd: 0.001519
  step:  26 bond rmsd: 0.001521
  step:  27 bond rmsd: 0.001522
  step:  28 bond rmsd: 0.001524
  step:  29 bond rmsd: 0.001526
  step:  30 bond rmsd: 0.001529
  step:  31 bond rmsd: 0.001533
  step:  32 bond rmsd: 0.001538
  step:  33 bond rmsd: 0.001542
  step:  34 bond rmsd: 0.001548
  step:  35 bond rmsd: 0.001552
  step:  36 bond rmsd: 0.001556
  step:  37 bond rmsd: 0.001563
  step:  38 bond rmsd: 0.001565
  step:  39 bond rmsd: 0.001569
  step:  40 bond rmsd: 0.001562
  step:  41 bond rmsd: 0.001565
  step:  42 bond rmsd: 0.001566
  step:  43 bond rmsd: 0.001566
  step:  44 bond rmsd: 0.001565
  step:  45 bond rmsd: 0.001562
  step:  46 bond rmsd: 0.001557
  step:  47 bond rmsd: 0.001552
  step:  48 bond rmsd: 0.001545
  step:  49 bond rmsd: 0.001532
  step:  50 bond rmsd: 0.001526
  step:  51 bond rmsd: 0.001520
  step:  52 bond rmsd: 0.001514
micro_cycle  21 rmsd(b):  0.0015 rws:  1.000 n_fev: 1099
  step:   1 bond rmsd: 0.001514
  step:   2 bond rmsd: 0.060195
  step:   3 bond rmsd: 0.001529
  step:   4 bond rmsd: 0.001521
  step:   5 bond rmsd: 0.001517
  step:   6 bond rmsd: 0.001514
  step:   7 bond rmsd: 0.001513
  step:   8 bond rmsd: 0.001512
  step:   9 bond rmsd: 0.001511
  step:  10 bond rmsd: 0.001511
  step:  11 bond rmsd: 0.001511
  step:  12 bond rmsd: 0.001510
  step:  13 bond rmsd: 0.001510
  step:  14 bond rmsd: 0.001510
  step:  15 bond rmsd: 0.001510
  step:  16 bond rmsd: 0.001510
  step:  17 bond rmsd: 0.001510
  step:  18 bond rmsd: 0.001510
  step:  19 bond rmsd: 0.001510
  step:  20 bond rmsd: 0.001509
  step:  21 bond rmsd: 0.001508
  step:  22 bond rmsd: 0.001507
  step:  23 bond rmsd: 0.001505
  step:  24 bond rmsd: 0.001502
  step:  25 bond rmsd: 0.001497
  step:  26 bond rmsd: 0.001494
  step:  27 bond rmsd: 0.001492
  step:  28 bond rmsd: 0.001489
  step:  29 bond rmsd: 0.001489
  step:  30 bond rmsd: 0.001488
  step:  31 bond rmsd: 0.001487
  step:  32 bond rmsd: 0.001487
  step:  33 bond rmsd: 0.001488
  step:  34 bond rmsd: 0.001488
  step:  35 bond rmsd: 0.001488
  step:  36 bond rmsd: 0.001489
  step:  37 bond rmsd: 0.001490
  step:  38 bond rmsd: 0.001491
  step:  39 bond rmsd: 0.001492
  step:  40 bond rmsd: 0.001493
  step:  41 bond rmsd: 0.001517
  step:  42 bond rmsd: 0.001516
  step:  43 bond rmsd: 0.001516
  step:  44 bond rmsd: 0.001518
  step:  45 bond rmsd: 0.001521
  step:  46 bond rmsd: 0.001526
  step:  47 bond rmsd: 0.001531
  step:  48 bond rmsd: 0.001539
  step:  49 bond rmsd: 0.001550
  step:  50 bond rmsd: 0.001562
  step:  51 bond rmsd: 0.001574
  step:  52 bond rmsd: 0.001589
  step:  53 bond rmsd: 0.001602
micro_cycle  22 rmsd(b):  0.0016 rws:  1.000 n_fev: 1152
  step:   1 bond rmsd: 0.001602
  step:   2 bond rmsd: 0.063551
  step:   3 bond rmsd: 0.001647
  step:   4 bond rmsd: 0.001631
  step:   5 bond rmsd: 0.001619
  step:   6 bond rmsd: 0.001611
  step:   7 bond rmsd: 0.001605
  step:   8 bond rmsd: 0.001601
  step:   9 bond rmsd: 0.001597
  step:  10 bond rmsd: 0.001594
  step:  11 bond rmsd: 0.001591
  step:  12 bond rmsd: 0.001589
  step:  13 bond rmsd: 0.001587
  step:  14 bond rmsd: 0.001585
  step:  15 bond rmsd: 0.001583
  step:  16 bond rmsd: 0.001581
  step:  17 bond rmsd: 0.001579
  step:  18 bond rmsd: 0.001575
  step:  19 bond rmsd: 0.001571
  step:  20 bond rmsd: 0.001564
  step:  21 bond rmsd: 0.001553
  step:  22 bond rmsd: 0.001538
  step:  23 bond rmsd: 0.001518
  step:  24 bond rmsd: 0.001504
  step:  25 bond rmsd: 0.001494
  step:  26 bond rmsd: 0.001496
  step:  27 bond rmsd: 0.001489
  step:  28 bond rmsd: 0.001485
  step:  29 bond rmsd: 0.001480
  step:  30 bond rmsd: 0.001478
  step:  31 bond rmsd: 0.001478
  step:  32 bond rmsd: 0.001478
  step:  33 bond rmsd: 0.001479
  step:  34 bond rmsd: 0.001480
  step:  35 bond rmsd: 0.001482
  step:  36 bond rmsd: 0.001484
  step:  37 bond rmsd: 0.001487
  step:  38 bond rmsd: 0.001489
  step:  39 bond rmsd: 0.001494
  step:  40 bond rmsd: 0.001498
  step:  41 bond rmsd: 0.001504
  step:  42 bond rmsd: 0.001513
  step:  43 bond rmsd: 0.001519
  step:  44 bond rmsd: 0.001527
  step:  45 bond rmsd: 0.001532
  step:  46 bond rmsd: 0.001540
  step:  47 bond rmsd: 0.001550
  step:  48 bond rmsd: 0.001558
  step:  49 bond rmsd: 0.001567
  step:  50 bond rmsd: 0.001569
  step:  51 bond rmsd: 0.001576
  step:  52 bond rmsd: 0.001571
micro_cycle  23 rmsd(b):  0.0016 rws:  1.000 n_fev: 1204
  step:   1 bond rmsd: 0.001571
  step:   2 bond rmsd: 0.050336
  step:   3 bond rmsd: 0.005970
  step:   4 bond rmsd: 0.004883
  step:   5 bond rmsd: 0.004031
  step:   6 bond rmsd: 0.003373
  step:   7 bond rmsd: 0.002872
  step:   8 bond rmsd: 0.002495
  step:   9 bond rmsd: 0.002218
  step:  10 bond rmsd: 0.002018
  step:  11 bond rmsd: 0.001877
  step:  12 bond rmsd: 0.001778
  step:  13 bond rmsd: 0.001710
  step:  14 bond rmsd: 0.001663
  step:  15 bond rmsd: 0.001631
  step:  16 bond rmsd: 0.001609
  step:  17 bond rmsd: 0.001594
  step:  18 bond rmsd: 0.001583
  step:  19 bond rmsd: 0.001575
  step:  20 bond rmsd: 0.001570
  step:  21 bond rmsd: 0.001566
  step:  22 bond rmsd: 0.001562
  step:  23 bond rmsd: 0.001560
  step:  24 bond rmsd: 0.001557
  step:  25 bond rmsd: 0.001556
  step:  26 bond rmsd: 0.001554
  step:  27 bond rmsd: 0.001552
  step:  28 bond rmsd: 0.001550
  step:  29 bond rmsd: 0.001548
  step:  30 bond rmsd: 0.001546
  step:  31 bond rmsd: 0.001543
  step:  32 bond rmsd: 0.001538
  step:  33 bond rmsd: 0.001532
  step:  34 bond rmsd: 0.001522
  step:  35 bond rmsd: 0.001510
  step:  36 bond rmsd: 0.001502
  step:  37 bond rmsd: 0.001495
  step:  38 bond rmsd: 0.001497
  step:  39 bond rmsd: 0.001497
  step:  40 bond rmsd: 0.001490
  step:  41 bond rmsd: 0.001485
  step:  42 bond rmsd: 0.001481
  step:  43 bond rmsd: 0.001478
  step:  44 bond rmsd: 0.001475
  step:  45 bond rmsd: 0.001473
  step:  46 bond rmsd: 0.001471
  step:  47 bond rmsd: 0.001470
  step:  48 bond rmsd: 0.001468
  step:  49 bond rmsd: 0.001467
  step:  50 bond rmsd: 0.001466
  step:  51 bond rmsd: 0.001467
  step:  52 bond rmsd: 0.001471
  step:  53 bond rmsd: 0.001479
micro_cycle  24 rmsd(b):  0.0015 rws:  1.000 n_fev: 1257
  step:   1 bond rmsd: 0.001479
  step:   2 bond rmsd: 0.051614
  step:   3 bond rmsd: 0.001547
  step:   4 bond rmsd: 0.001529
  step:   5 bond rmsd: 0.001516
  step:   6 bond rmsd: 0.001506
  step:   7 bond rmsd: 0.001500
  step:   8 bond rmsd: 0.001495
  step:   9 bond rmsd: 0.001492
  step:  10 bond rmsd: 0.001490
  step:  11 bond rmsd: 0.001488
  step:  12 bond rmsd: 0.001487
  step:  13 bond rmsd: 0.001486
  step:  14 bond rmsd: 0.001485
  step:  15 bond rmsd: 0.001485
  step:  16 bond rmsd: 0.001485
  step:  17 bond rmsd: 0.001485
  step:  18 bond rmsd: 0.001485
  step:  19 bond rmsd: 0.001485
  step:  20 bond rmsd: 0.001485
  step:  21 bond rmsd: 0.001485
  step:  22 bond rmsd: 0.001486
  step:  23 bond rmsd: 0.001488
  step:  24 bond rmsd: 0.001491
  step:  25 bond rmsd: 0.001496
  step:  26 bond rmsd: 0.001505
  step:  27 bond rmsd: 0.001511
  step:  28 bond rmsd: 0.001516
  step:  29 bond rmsd: 0.001530
  step:  30 bond rmsd: 0.001530
  step:  31 bond rmsd: 0.001533
  step:  32 bond rmsd: 0.001535
  step:  33 bond rmsd: 0.001537
  step:  34 bond rmsd: 0.001539
  step:  35 bond rmsd: 0.001541
  step:  36 bond rmsd: 0.001542
  step:  37 bond rmsd: 0.001543
  step:  38 bond rmsd: 0.001545
  step:  39 bond rmsd: 0.001547
  step:  40 bond rmsd: 0.001550
  step:  41 bond rmsd: 0.001554
  step:  42 bond rmsd: 0.001556
  step:  43 bond rmsd: 0.001559
  step:  44 bond rmsd: 0.001560
  step:  45 bond rmsd: 0.001564
  step:  46 bond rmsd: 0.001563
  step:  47 bond rmsd: 0.001560
  step:  48 bond rmsd: 0.001550
  step:  49 bond rmsd: 0.001539
  step:  50 bond rmsd: 0.001527
  step:  51 bond rmsd: 0.001510
  step:  52 bond rmsd: 0.001495
  step:  53 bond rmsd: 0.001478
micro_cycle  25 rmsd(b):  0.0015 rws:  1.000 n_fev: 1310
  step:   1 bond rmsd: 0.001478
  step:   2 bond rmsd: 0.077901
  step:   3 bond rmsd: 0.001538
  step:   4 bond rmsd: 0.001514
  step:   5 bond rmsd: 0.001499
  step:   6 bond rmsd: 0.001489
  step:   7 bond rmsd: 0.001483
  step:   8 bond rmsd: 0.001479
  step:   9 bond rmsd: 0.001476
  step:  10 bond rmsd: 0.001475
  step:  11 bond rmsd: 0.001475
  step:  12 bond rmsd: 0.001475
  step:  13 bond rmsd: 0.001475
  step:  14 bond rmsd: 0.001475
  step:  15 bond rmsd: 0.001476
  step:  16 bond rmsd: 0.001477
  step:  17 bond rmsd: 0.001478
  step:  18 bond rmsd: 0.001479
  step:  19 bond rmsd: 0.001482
  step:  20 bond rmsd: 0.001485
  step:  21 bond rmsd: 0.001488
  step:  22 bond rmsd: 0.001487
  step:  23 bond rmsd: 0.001491
  step:  24 bond rmsd: 0.001495
  step:  25 bond rmsd: 0.001494
  step:  26 bond rmsd: 0.001496
  step:  27 bond rmsd: 0.001497
  step:  28 bond rmsd: 0.001501
  step:  29 bond rmsd: 0.001501
  step:  30 bond rmsd: 0.001502
  step:  31 bond rmsd: 0.001503
  step:  32 bond rmsd: 0.001503
  step:  33 bond rmsd: 0.001504
  step:  34 bond rmsd: 0.001504
  step:  35 bond rmsd: 0.001505
  step:  36 bond rmsd: 0.001504
  step:  37 bond rmsd: 0.001504
  step:  38 bond rmsd: 0.001502
  step:  39 bond rmsd: 0.001501
  step:  40 bond rmsd: 0.001500
  step:  41 bond rmsd: 0.001498
  step:  42 bond rmsd: 0.001498
  step:  43 bond rmsd: 0.001495
  step:  44 bond rmsd: 0.001495
  step:  45 bond rmsd: 0.001498
  step:  46 bond rmsd: 0.001499
  step:  47 bond rmsd: 0.001500
  step:  48 bond rmsd: 0.001503
  step:  49 bond rmsd: 0.001505
  step:  50 bond rmsd: 0.001508
  step:  51 bond rmsd: 0.001510
  step:  52 bond rmsd: 0.001513
micro_cycle  26 rmsd(b):  0.0015 rws:  1.000 n_fev: 1362
  step:   1 bond rmsd: 0.001513
  step:   2 bond rmsd: 0.086985
  step:   3 bond rmsd: 0.001506
  step:   4 bond rmsd: 0.001506
  step:   5 bond rmsd: 0.001506
  step:   6 bond rmsd: 0.001507
  step:   7 bond rmsd: 0.001508
  step:   8 bond rmsd: 0.001508
  step:   9 bond rmsd: 0.001509
  step:  10 bond rmsd: 0.001509
  step:  11 bond rmsd: 0.001510
  step:  12 bond rmsd: 0.001510
  step:  13 bond rmsd: 0.001510
  step:  14 bond rmsd: 0.001511
  step:  15 bond rmsd: 0.001511
  step:  16 bond rmsd: 0.001511
  step:  17 bond rmsd: 0.001512
  step:  18 bond rmsd: 0.001512
  step:  19 bond rmsd: 0.001512
  step:  20 bond rmsd: 0.001511
  step:  21 bond rmsd: 0.001510
  step:  22 bond rmsd: 0.001509
  step:  23 bond rmsd: 0.001508
  step:  24 bond rmsd: 0.001507
  step:  25 bond rmsd: 0.001507
  step:  26 bond rmsd: 0.001504
  step:  27 bond rmsd: 0.001504
  step:  28 bond rmsd: 0.001504
  step:  29 bond rmsd: 0.001503
  step:  30 bond rmsd: 0.001502
  step:  31 bond rmsd: 0.001502
  step:  32 bond rmsd: 0.001500
  step:  33 bond rmsd: 0.001499
  step:  34 bond rmsd: 0.001497
  step:  35 bond rmsd: 0.001495
  step:  36 bond rmsd: 0.001500
  step:  37 bond rmsd: 0.001497
  step:  38 bond rmsd: 0.001494
  step:  39 bond rmsd: 0.001488
  step:  40 bond rmsd: 0.001483
  step:  41 bond rmsd: 0.001478
  step:  42 bond rmsd: 0.001473
  step:  43 bond rmsd: 0.001469
  step:  44 bond rmsd: 0.001467
  step:  45 bond rmsd: 0.001463
  step:  46 bond rmsd: 0.001461
  step:  47 bond rmsd: 0.001464
  step:  48 bond rmsd: 0.001464
  step:  49 bond rmsd: 0.001467
  step:  50 bond rmsd: 0.001469
  step:  51 bond rmsd: 0.001473
  step:  52 bond rmsd: 0.001480
micro_cycle  27 rmsd(b):  0.0015 rws:  1.000 n_fev: 1414
  step:   1 bond rmsd: 0.001480
  step:   2 bond rmsd: 0.094462
  step:   3 bond rmsd: 0.001512
  step:   4 bond rmsd: 0.001498
  step:   5 bond rmsd: 0.001490
  step:   6 bond rmsd: 0.001485
  step:   7 bond rmsd: 0.001482
  step:   8 bond rmsd: 0.001480
  step:   9 bond rmsd: 0.001479
  step:  10 bond rmsd: 0.001479
  step:  11 bond rmsd: 0.001478
  step:  12 bond rmsd: 0.001479
  step:  13 bond rmsd: 0.001479
  step:  14 bond rmsd: 0.001479
  step:  15 bond rmsd: 0.001480
  step:  16 bond rmsd: 0.001481
  step:  17 bond rmsd: 0.001481
  step:  18 bond rmsd: 0.001483
  step:  19 bond rmsd: 0.001484
  step:  20 bond rmsd: 0.001486
  step:  21 bond rmsd: 0.001490
  step:  22 bond rmsd: 0.001492
  step:  23 bond rmsd: 0.001496
  step:  24 bond rmsd: 0.001498
  step:  25 bond rmsd: 0.001503
  step:  26 bond rmsd: 0.001505
  step:  27 bond rmsd: 0.001506
  step:  28 bond rmsd: 0.001508
  step:  29 bond rmsd: 0.001509
  step:  30 bond rmsd: 0.001510
  step:  31 bond rmsd: 0.001510
  step:  32 bond rmsd: 0.001511
  step:  33 bond rmsd: 0.001511
  step:  34 bond rmsd: 0.001512
  step:  35 bond rmsd: 0.001512
  step:  36 bond rmsd: 0.001512
  step:  37 bond rmsd: 0.001512
  step:  38 bond rmsd: 0.001511
  step:  39 bond rmsd: 0.001510
  step:  40 bond rmsd: 0.001509
  step:  41 bond rmsd: 0.001507
  step:  42 bond rmsd: 0.001506
  step:  43 bond rmsd: 0.001503
  step:  44 bond rmsd: 0.001502
  step:  45 bond rmsd: 0.001500
  step:  46 bond rmsd: 0.001498
  step:  47 bond rmsd: 0.001497
  step:  48 bond rmsd: 0.001495
  step:  49 bond rmsd: 0.001494
  step:  50 bond rmsd: 0.001493
  step:  51 bond rmsd: 0.001493
  step:  52 bond rmsd: 0.001494
micro_cycle  28 rmsd(b):  0.0015 rws:  1.000 n_fev: 1466
  step:   1 bond rmsd: 0.001494
  step:   2 bond rmsd: 0.083349
  step:   3 bond rmsd: 0.001494
  step:   4 bond rmsd: 0.001494
  step:   5 bond rmsd: 0.001494
  step:   6 bond rmsd: 0.001494
  step:   7 bond rmsd: 0.001494
  step:   8 bond rmsd: 0.001494
  step:   9 bond rmsd: 0.001494
  step:  10 bond rmsd: 0.001494
  step:  11 bond rmsd: 0.001495
  step:  12 bond rmsd: 0.001495
  step:  13 bond rmsd: 0.001495
  step:  14 bond rmsd: 0.001496
  step:  15 bond rmsd: 0.001496
  step:  16 bond rmsd: 0.001497
  step:  17 bond rmsd: 0.001498
  step:  18 bond rmsd: 0.001500
  step:  19 bond rmsd: 0.001502
  step:  20 bond rmsd: 0.001505
  step:  21 bond rmsd: 0.001508
  step:  22 bond rmsd: 0.001511
  step:  23 bond rmsd: 0.001512
  step:  24 bond rmsd: 0.001515
  step:  25 bond rmsd: 0.001515
  step:  26 bond rmsd: 0.001517
  step:  27 bond rmsd: 0.001518
  step:  28 bond rmsd: 0.001518
  step:  29 bond rmsd: 0.001519
  step:  30 bond rmsd: 0.001519
  step:  31 bond rmsd: 0.001519
  step:  32 bond rmsd: 0.001518
  step:  33 bond rmsd: 0.001516
  step:  34 bond rmsd: 0.001514
  step:  35 bond rmsd: 0.001507
  step:  36 bond rmsd: 0.001500
  step:  37 bond rmsd: 0.001493
  step:  38 bond rmsd: 0.001479
  step:  39 bond rmsd: 0.001472
  step:  40 bond rmsd: 0.001461
  step:  41 bond rmsd: 0.001456
  step:  42 bond rmsd: 0.001451
  step:  43 bond rmsd: 0.001448
  step:  44 bond rmsd: 0.001445
  step:  45 bond rmsd: 0.001442
  step:  46 bond rmsd: 0.001444
  step:  47 bond rmsd: 0.001442
  step:  48 bond rmsd: 0.001442
  step:  49 bond rmsd: 0.001446
  step:  50 bond rmsd: 0.001448
  step:  51 bond rmsd: 0.001452
  step:  52 bond rmsd: 0.001465
micro_cycle  29 rmsd(b):  0.0015 rws:  1.000 n_fev: 1518
  step:   1 bond rmsd: 0.001465
  step:   2 bond rmsd: 0.057485
  step:   3 bond rmsd: 0.002207
  step:   4 bond rmsd: 0.001964
  step:   5 bond rmsd: 0.001794
  step:   6 bond rmsd: 0.001677
  step:   7 bond rmsd: 0.001599
  step:   8 bond rmsd: 0.001547
  step:   9 bond rmsd: 0.001515
  step:  10 bond rmsd: 0.001494
  step:  11 bond rmsd: 0.001481
  step:  12 bond rmsd: 0.001474
  step:  13 bond rmsd: 0.001469
  step:  14 bond rmsd: 0.001466
  step:  15 bond rmsd: 0.001465
  step:  16 bond rmsd: 0.001465
  step:  17 bond rmsd: 0.001465
  step:  18 bond rmsd: 0.001465
  step:  19 bond rmsd: 0.001465
  step:  20 bond rmsd: 0.001466
  step:  21 bond rmsd: 0.001467
  step:  22 bond rmsd: 0.001467
  step:  23 bond rmsd: 0.001469
  step:  24 bond rmsd: 0.001470
  step:  25 bond rmsd: 0.001472
  step:  26 bond rmsd: 0.001475
  step:  27 bond rmsd: 0.001480
  step:  28 bond rmsd: 0.001485
  step:  29 bond rmsd: 0.001490
  step:  30 bond rmsd: 0.001496
  step:  31 bond rmsd: 0.001495
  step:  32 bond rmsd: 0.001500
  step:  33 bond rmsd: 0.001503
  step:  34 bond rmsd: 0.001506
  step:  35 bond rmsd: 0.001508
  step:  36 bond rmsd: 0.001511
  step:  37 bond rmsd: 0.001512
  step:  38 bond rmsd: 0.001514
  step:  39 bond rmsd: 0.001516
  step:  40 bond rmsd: 0.001517
  step:  41 bond rmsd: 0.001518
  step:  42 bond rmsd: 0.001518
  step:  43 bond rmsd: 0.001516
  step:  44 bond rmsd: 0.001513
  step:  45 bond rmsd: 0.001510
  step:  46 bond rmsd: 0.001505
  step:  47 bond rmsd: 0.001501
  step:  48 bond rmsd: 0.001494
  step:  49 bond rmsd: 0.001491
  step:  50 bond rmsd: 0.001488
  step:  51 bond rmsd: 0.001485
  step:  52 bond rmsd: 0.001483
micro_cycle  30 rmsd(b):  0.0015 rws:  1.000 n_fev: 1570
  step:   1 bond rmsd: 0.001483
  step:   2 bond rmsd: 0.069396
  step:   3 bond rmsd: 0.001484
  step:   4 bond rmsd: 0.001484
  step:   5 bond rmsd: 0.001483
  step:   6 bond rmsd: 0.001484
  step:   7 bond rmsd: 0.001484
  step:   8 bond rmsd: 0.001484
  step:   9 bond rmsd: 0.001484
  step:  10 bond rmsd: 0.001484
  step:  11 bond rmsd: 0.001485
  step:  12 bond rmsd: 0.001485
  step:  13 bond rmsd: 0.001486
  step:  14 bond rmsd: 0.001486
  step:  15 bond rmsd: 0.001487
  step:  16 bond rmsd: 0.001489
  step:  17 bond rmsd: 0.001491
  step:  18 bond rmsd: 0.001494
  step:  19 bond rmsd: 0.001498
  step:  20 bond rmsd: 0.001502
  step:  21 bond rmsd: 0.001506
  step:  22 bond rmsd: 0.001510
  step:  23 bond rmsd: 0.001517
  step:  24 bond rmsd: 0.001520
  step:  25 bond rmsd: 0.001522
  step:  26 bond rmsd: 0.001525
  step:  27 bond rmsd: 0.001526
  step:  28 bond rmsd: 0.001527
  step:  29 bond rmsd: 0.001526
  step:  30 bond rmsd: 0.001527
  step:  31 bond rmsd: 0.001527
  step:  32 bond rmsd: 0.001526
  step:  33 bond rmsd: 0.001525
  step:  34 bond rmsd: 0.001524
  step:  35 bond rmsd: 0.001522
  step:  36 bond rmsd: 0.001517
  step:  37 bond rmsd: 0.001511
  step:  38 bond rmsd: 0.001504
  step:  39 bond rmsd: 0.001497
  step:  40 bond rmsd: 0.001483
  step:  41 bond rmsd: 0.001476
  step:  42 bond rmsd: 0.001470
  step:  43 bond rmsd: 0.001458
  step:  44 bond rmsd: 0.001450
  step:  45 bond rmsd: 0.001439
  step:  46 bond rmsd: 0.001433
  step:  47 bond rmsd: 0.001424
  step:  48 bond rmsd: 0.001421
  step:  49 bond rmsd: 0.001415
  step:  50 bond rmsd: 0.001416
  step:  51 bond rmsd: 0.001418
  step:  52 bond rmsd: 0.001426
micro_cycle  31 rmsd(b):  0.0014 rws:  1.000 n_fev: 1622
  step:   1 bond rmsd: 0.001426
  step:   2 bond rmsd: 0.067377
  step:   3 bond rmsd: 0.002516
  step:   4 bond rmsd: 0.002194
  step:   5 bond rmsd: 0.001959
  step:   6 bond rmsd: 0.001791
  step:   7 bond rmsd: 0.001674
  step:   8 bond rmsd: 0.001594
  step:   9 bond rmsd: 0.001539
  step:  10 bond rmsd: 0.001503
  step:  11 bond rmsd: 0.001479
  step:  12 bond rmsd: 0.001464
  step:  13 bond rmsd: 0.001453
  step:  14 bond rmsd: 0.001447
  step:  15 bond rmsd: 0.001442
  step:  16 bond rmsd: 0.001439
  step:  17 bond rmsd: 0.001438
  step:  18 bond rmsd: 0.001437
  step:  19 bond rmsd: 0.001436
  step:  20 bond rmsd: 0.001436
  step:  21 bond rmsd: 0.001437
  step:  22 bond rmsd: 0.001437
  step:  23 bond rmsd: 0.001438
  step:  24 bond rmsd: 0.001440
  step:  25 bond rmsd: 0.001443
  step:  26 bond rmsd: 0.001448
  step:  27 bond rmsd: 0.001457
  step:  28 bond rmsd: 0.001470
  step:  29 bond rmsd: 0.001479
  step:  30 bond rmsd: 0.001488
  step:  31 bond rmsd: 0.001496
  step:  32 bond rmsd: 0.001504
  step:  33 bond rmsd: 0.001510
  step:  34 bond rmsd: 0.001520
  step:  35 bond rmsd: 0.001524
  step:  36 bond rmsd: 0.001528
  step:  37 bond rmsd: 0.001531
  step:  38 bond rmsd: 0.001533
  step:  39 bond rmsd: 0.001533
  step:  40 bond rmsd: 0.001534
  step:  41 bond rmsd: 0.001535
  step:  42 bond rmsd: 0.001534
  step:  43 bond rmsd: 0.001532
  step:  44 bond rmsd: 0.001527
  step:  45 bond rmsd: 0.001522
  step:  46 bond rmsd: 0.001517
  step:  47 bond rmsd: 0.001511
  step:  48 bond rmsd: 0.001506
  step:  49 bond rmsd: 0.001501
  step:  50 bond rmsd: 0.001498
  step:  51 bond rmsd: 0.001494
  step:  52 bond rmsd: 0.001490
micro_cycle  32 rmsd(b):  0.0015 rws:  1.000 n_fev: 1674
  step:   1 bond rmsd: 0.001490
  step:   2 bond rmsd: 0.054836
  step:   3 bond rmsd: 0.001495
  step:   4 bond rmsd: 0.001494
  step:   5 bond rmsd: 0.001494
  step:   6 bond rmsd: 0.001493
  step:   7 bond rmsd: 0.001493
  step:   8 bond rmsd: 0.001493
  step:   9 bond rmsd: 0.001492
  step:  10 bond rmsd: 0.001492
  step:  11 bond rmsd: 0.001492
  step:  12 bond rmsd: 0.001492
  step:  13 bond rmsd: 0.001492
  step:  14 bond rmsd: 0.001492
  step:  15 bond rmsd: 0.001493
  step:  16 bond rmsd: 0.001493
  step:  17 bond rmsd: 0.001494
  step:  18 bond rmsd: 0.001496
  step:  19 bond rmsd: 0.001498
  step:  20 bond rmsd: 0.001502
  step:  21 bond rmsd: 0.001505
  step:  22 bond rmsd: 0.001508
  step:  23 bond rmsd: 0.001522
  step:  24 bond rmsd: 0.001522
  step:  25 bond rmsd: 0.001523
  step:  26 bond rmsd: 0.001524
  step:  27 bond rmsd: 0.001525
  step:  28 bond rmsd: 0.001526
  step:  29 bond rmsd: 0.001527
  step:  30 bond rmsd: 0.001528
  step:  31 bond rmsd: 0.001529
  step:  32 bond rmsd: 0.001530
  step:  33 bond rmsd: 0.001531
  step:  34 bond rmsd: 0.001531
  step:  35 bond rmsd: 0.001531
  step:  36 bond rmsd: 0.001532
  step:  37 bond rmsd: 0.001528
  step:  38 bond rmsd: 0.001525
  step:  39 bond rmsd: 0.001518
  step:  40 bond rmsd: 0.001511
  step:  41 bond rmsd: 0.001502
  step:  42 bond rmsd: 0.001492
  step:  43 bond rmsd: 0.001483
  step:  44 bond rmsd: 0.001475
  step:  45 bond rmsd: 0.001466
  step:  46 bond rmsd: 0.001455
  step:  47 bond rmsd: 0.001438
  step:  48 bond rmsd: 0.001423
  step:  49 bond rmsd: 0.001411
  step:  50 bond rmsd: 0.001400
  step:  51 bond rmsd: 0.001390
  step:  52 bond rmsd: 0.001384
  step:  53 bond rmsd: 0.001380
micro_cycle  33 rmsd(b):  0.0014 rws:  1.000 n_fev: 1727
  step:   1 bond rmsd: 0.001380
  step:   2 bond rmsd: 0.053813
  step:   3 bond rmsd: 0.002435
  step:   4 bond rmsd: 0.002146
  step:   5 bond rmsd: 0.001933
  step:   6 bond rmsd: 0.001778
  step:   7 bond rmsd: 0.001668
  step:   8 bond rmsd: 0.001589
  step:   9 bond rmsd: 0.001534
  step:  10 bond rmsd: 0.001496
  step:  11 bond rmsd: 0.001469
  step:  12 bond rmsd: 0.001450
  step:  13 bond rmsd: 0.001437
  step:  14 bond rmsd: 0.001427
  step:  15 bond rmsd: 0.001421
  step:  16 bond rmsd: 0.001416
  step:  17 bond rmsd: 0.001413
  step:  18 bond rmsd: 0.001411
  step:  19 bond rmsd: 0.001409
  step:  20 bond rmsd: 0.001409
  step:  21 bond rmsd: 0.001408
  step:  22 bond rmsd: 0.001408
  step:  23 bond rmsd: 0.001409
  step:  24 bond rmsd: 0.001411
  step:  25 bond rmsd: 0.001415
  step:  26 bond rmsd: 0.001422
  step:  27 bond rmsd: 0.001434
  step:  28 bond rmsd: 0.001455
  step:  29 bond rmsd: 0.001472
  step:  30 bond rmsd: 0.001487
  step:  31 bond rmsd: 0.001501
  step:  32 bond rmsd: 0.001512
  step:  33 bond rmsd: 0.001522
  step:  34 bond rmsd: 0.001529
  step:  35 bond rmsd: 0.001535
  step:  36 bond rmsd: 0.001540
  step:  37 bond rmsd: 0.001544
  step:  38 bond rmsd: 0.001545
  step:  39 bond rmsd: 0.001547
  step:  40 bond rmsd: 0.001547
  step:  41 bond rmsd: 0.001547
  step:  42 bond rmsd: 0.001547
  step:  43 bond rmsd: 0.001544
  step:  44 bond rmsd: 0.001542
  step:  45 bond rmsd: 0.001538
  step:  46 bond rmsd: 0.001535
  step:  47 bond rmsd: 0.001529
  step:  48 bond rmsd: 0.001524
  step:  49 bond rmsd: 0.001518
  step:  50 bond rmsd: 0.001510
  step:  51 bond rmsd: 0.001506
  step:  52 bond rmsd: 0.001501
micro_cycle  34 rmsd(b):  0.0015 rws:  1.000 n_fev: 1779
  step:   1 bond rmsd: 0.001501
  step:   2 bond rmsd: 0.047771
  step:   3 bond rmsd: 0.001500
  step:   4 bond rmsd: 0.001500
  step:   5 bond rmsd: 0.001500
  step:   6 bond rmsd: 0.001500
  step:   7 bond rmsd: 0.001500
  step:   8 bond rmsd: 0.001501
  step:   9 bond rmsd: 0.001501
  step:  10 bond rmsd: 0.001501
  step:  11 bond rmsd: 0.001501
  step:  12 bond rmsd: 0.001501
  step:  13 bond rmsd: 0.001501
  step:  14 bond rmsd: 0.001501
  step:  15 bond rmsd: 0.001501
  step:  16 bond rmsd: 0.001501
  step:  17 bond rmsd: 0.001502
  step:  18 bond rmsd: 0.001502
  step:  19 bond rmsd: 0.001502
  step:  20 bond rmsd: 0.001502
  step:  21 bond rmsd: 0.001503
  step:  22 bond rmsd: 0.001504
  step:  23 bond rmsd: 0.001503
  step:  24 bond rmsd: 0.001504
  step:  25 bond rmsd: 0.001504
  step:  26 bond rmsd: 0.001504
  step:  27 bond rmsd: 0.001504
  step:  28 bond rmsd: 0.001505
  step:  29 bond rmsd: 0.001504
  step:  30 bond rmsd: 0.001503
  step:  31 bond rmsd: 0.001502
  step:  32 bond rmsd: 0.001501
  step:  33 bond rmsd: 0.001500
  step:  34 bond rmsd: 0.001498
  step:  35 bond rmsd: 0.001497
  step:  36 bond rmsd: 0.001493
  step:  37 bond rmsd: 0.001491
  step:  38 bond rmsd: 0.001490
  step:  39 bond rmsd: 0.001488
  step:  40 bond rmsd: 0.001486
  step:  41 bond rmsd: 0.001482
  step:  42 bond rmsd: 0.001474
  step:  43 bond rmsd: 0.001472
  step:  44 bond rmsd: 0.001472
  step:  45 bond rmsd: 0.001472
  step:  46 bond rmsd: 0.001473
  step:  47 bond rmsd: 0.001476
  step:  48 bond rmsd: 0.001479
  step:  49 bond rmsd: 0.001483
  step:  50 bond rmsd: 0.001499
  step:  51 bond rmsd: 0.001502
  step:  52 bond rmsd: 0.001508
micro_cycle  35 rmsd(b):  0.0015 rws:  1.000 n_fev: 1831
  step:   1 bond rmsd: 0.001508
  step:   2 bond rmsd: 0.102467
  step:   3 bond rmsd: 0.002386
  step:   4 bond rmsd: 0.002101
  step:   5 bond rmsd: 0.001899
  step:   6 bond rmsd: 0.001759
  step:   7 bond rmsd: 0.001665
  step:   8 bond rmsd: 0.001602
  step:   9 bond rmsd: 0.001562
  step:  10 bond rmsd: 0.001537
  step:  11 bond rmsd: 0.001521
  step:  12 bond rmsd: 0.001511
  step:  13 bond rmsd: 0.001505
  step:  14 bond rmsd: 0.001502
  step:  15 bond rmsd: 0.001500
  step:  16 bond rmsd: 0.001499
  step:  17 bond rmsd: 0.001498
  step:  18 bond rmsd: 0.001498
  step:  19 bond rmsd: 0.001498
  step:  20 bond rmsd: 0.001498
  step:  21 bond rmsd: 0.001499
  step:  22 bond rmsd: 0.001499
  step:  23 bond rmsd: 0.001499
  step:  24 bond rmsd: 0.001500
  step:  25 bond rmsd: 0.001500
  step:  26 bond rmsd: 0.001501
  step:  27 bond rmsd: 0.001501
  step:  28 bond rmsd: 0.001498
  step:  29 bond rmsd: 0.001499
  step:  30 bond rmsd: 0.001500
  step:  31 bond rmsd: 0.001500
  step:  32 bond rmsd: 0.001501
  step:  33 bond rmsd: 0.001503
  step:  34 bond rmsd: 0.001503
  step:  35 bond rmsd: 0.001503
  step:  36 bond rmsd: 0.001505
  step:  37 bond rmsd: 0.001505
  step:  38 bond rmsd: 0.001505
  step:  39 bond rmsd: 0.001505
  step:  40 bond rmsd: 0.001506
  step:  41 bond rmsd: 0.001505
  step:  42 bond rmsd: 0.001505
  step:  43 bond rmsd: 0.001505
  step:  44 bond rmsd: 0.001504
  step:  45 bond rmsd: 0.001504
  step:  46 bond rmsd: 0.001503
  step:  47 bond rmsd: 0.001503
  step:  48 bond rmsd: 0.001500
  step:  49 bond rmsd: 0.001500
  step:  50 bond rmsd: 0.001500
  step:  51 bond rmsd: 0.001499
  step:  52 bond rmsd: 0.001498
micro_cycle  36 rmsd(b):  0.0015 rws:  1.000 n_fev: 1883
  step:   1 bond rmsd: 0.001498
  step:   2 bond rmsd: 0.040293
  step:   3 bond rmsd: 0.001508
  step:   4 bond rmsd: 0.001506
  step:   5 bond rmsd: 0.001505
  step:   6 bond rmsd: 0.001504
  step:   7 bond rmsd: 0.001503
  step:   8 bond rmsd: 0.001502
  step:   9 bond rmsd: 0.001501
  step:  10 bond rmsd: 0.001501
  step:  11 bond rmsd: 0.001500
  step:  12 bond rmsd: 0.001500
  step:  13 bond rmsd: 0.001499
  step:  14 bond rmsd: 0.001499
  step:  15 bond rmsd: 0.001499
  step:  16 bond rmsd: 0.001498
  step:  17 bond rmsd: 0.001498
  step:  18 bond rmsd: 0.001499
  step:  19 bond rmsd: 0.001501
  step:  20 bond rmsd: 0.001502
  step:  21 bond rmsd: 0.001503
  step:  22 bond rmsd: 0.001505
  step:  23 bond rmsd: 0.001506
  step:  24 bond rmsd: 0.001507
  step:  25 bond rmsd: 0.001507
  step:  26 bond rmsd: 0.001509
  step:  27 bond rmsd: 0.001509
  step:  28 bond rmsd: 0.001506
  step:  29 bond rmsd: 0.001505
  step:  30 bond rmsd: 0.001503
  step:  31 bond rmsd: 0.001500
  step:  32 bond rmsd: 0.001498
  step:  33 bond rmsd: 0.001494
  step:  34 bond rmsd: 0.001490
  step:  35 bond rmsd: 0.001484
  step:  36 bond rmsd: 0.001481
  step:  37 bond rmsd: 0.001477
  step:  38 bond rmsd: 0.001475
  step:  39 bond rmsd: 0.001474
  step:  40 bond rmsd: 0.001472
  step:  41 bond rmsd: 0.001470
  step:  42 bond rmsd: 0.001471
  step:  43 bond rmsd: 0.001473
  step:  44 bond rmsd: 0.001476
  step:  45 bond rmsd: 0.001482
  step:  46 bond rmsd: 0.001487
  step:  47 bond rmsd: 0.001495
  step:  48 bond rmsd: 0.001502
  step:  49 bond rmsd: 0.001512
  step:  50 bond rmsd: 0.001522
  step:  51 bond rmsd: 0.001536
  step:  52 bond rmsd: 0.001550
micro_cycle  37 rmsd(b):  0.0015 rws:  1.000 n_fev: 1935
  step:   1 bond rmsd: 0.001550
  step:   2 bond rmsd: 0.065557
  step:   3 bond rmsd: 0.001559
  step:   4 bond rmsd: 0.001551
  step:   5 bond rmsd: 0.001546
  step:   6 bond rmsd: 0.001543
  step:   7 bond rmsd: 0.001540
  step:   8 bond rmsd: 0.001539
  step:   9 bond rmsd: 0.001538
  step:  10 bond rmsd: 0.001537
  step:  11 bond rmsd: 0.001536
  step:  12 bond rmsd: 0.001536
  step:  13 bond rmsd: 0.001535
  step:  14 bond rmsd: 0.001535
  step:  15 bond rmsd: 0.001534
  step:  16 bond rmsd: 0.001533
  step:  17 bond rmsd: 0.001532
  step:  18 bond rmsd: 0.001530
  step:  19 bond rmsd: 0.001527
  step:  20 bond rmsd: 0.001522
  step:  21 bond rmsd: 0.001514
  step:  22 bond rmsd: 0.001510
  step:  23 bond rmsd: 0.001509
  step:  24 bond rmsd: 0.001505
  step:  25 bond rmsd: 0.001503
  step:  26 bond rmsd: 0.001501
  step:  27 bond rmsd: 0.001500
  step:  28 bond rmsd: 0.001499
  step:  29 bond rmsd: 0.001499
  step:  30 bond rmsd: 0.001498
  step:  31 bond rmsd: 0.001498
  step:  32 bond rmsd: 0.001497
  step:  33 bond rmsd: 0.001497
  step:  34 bond rmsd: 0.001497
  step:  35 bond rmsd: 0.001497
  step:  36 bond rmsd: 0.001497
  step:  37 bond rmsd: 0.001498
  step:  38 bond rmsd: 0.001498
  step:  39 bond rmsd: 0.001499
  step:  40 bond rmsd: 0.001499
  step:  41 bond rmsd: 0.001500
  step:  42 bond rmsd: 0.001501
  step:  43 bond rmsd: 0.001503
  step:  44 bond rmsd: 0.001503
  step:  45 bond rmsd: 0.001505
  step:  46 bond rmsd: 0.001506
  step:  47 bond rmsd: 0.001508
  step:  48 bond rmsd: 0.001508
  step:  49 bond rmsd: 0.001509
  step:  50 bond rmsd: 0.001509
  step:  51 bond rmsd: 0.001509
  step:  52 bond rmsd: 0.001509
micro_cycle  38 rmsd(b):  0.0015 rws:  1.000 n_fev: 1987
  step:   1 bond rmsd: 0.001509
  step:   2 bond rmsd: 0.052094
  step:   3 bond rmsd: 0.001531
  step:   4 bond rmsd: 0.001526
  step:   5 bond rmsd: 0.001522
  step:   6 bond rmsd: 0.001519
  step:   7 bond rmsd: 0.001517
  step:   8 bond rmsd: 0.001515
  step:   9 bond rmsd: 0.001514
  step:  10 bond rmsd: 0.001513
  step:  11 bond rmsd: 0.001512
  step:  12 bond rmsd: 0.001511
  step:  13 bond rmsd: 0.001511
  step:  14 bond rmsd: 0.001510
  step:  15 bond rmsd: 0.001509
  step:  16 bond rmsd: 0.001509
  step:  17 bond rmsd: 0.001508
  step:  18 bond rmsd: 0.001507
  step:  19 bond rmsd: 0.001507
  step:  20 bond rmsd: 0.001505
  step:  21 bond rmsd: 0.001504
  step:  22 bond rmsd: 0.001501
  step:  23 bond rmsd: 0.001498
  step:  24 bond rmsd: 0.001500
  step:  25 bond rmsd: 0.001497
  step:  26 bond rmsd: 0.001496
  step:  27 bond rmsd: 0.001495
  step:  28 bond rmsd: 0.001493
  step:  29 bond rmsd: 0.001494
  step:  30 bond rmsd: 0.001493
  step:  31 bond rmsd: 0.001494
  step:  32 bond rmsd: 0.001493
  step:  33 bond rmsd: 0.001493
  step:  34 bond rmsd: 0.001494
  step:  35 bond rmsd: 0.001494
  step:  36 bond rmsd: 0.001496
  step:  37 bond rmsd: 0.001497
  step:  38 bond rmsd: 0.001500
  step:  39 bond rmsd: 0.001502
  step:  40 bond rmsd: 0.001505
  step:  41 bond rmsd: 0.001508
  step:  42 bond rmsd: 0.001511
  step:  43 bond rmsd: 0.001515
  step:  44 bond rmsd: 0.001523
  step:  45 bond rmsd: 0.001527
  step:  46 bond rmsd: 0.001533
  step:  47 bond rmsd: 0.001541
  step:  48 bond rmsd: 0.001551
  step:  49 bond rmsd: 0.001559
  step:  50 bond rmsd: 0.001566
  step:  51 bond rmsd: 0.001576
  step:  52 bond rmsd: 0.001585
micro_cycle  39 rmsd(b):  0.0016 rws:  1.000 n_fev: 2039
  step:   1 bond rmsd: 0.001585
  step:   2 bond rmsd: 0.045901
  step:   3 bond rmsd: 0.001772
  step:   4 bond rmsd: 0.001716
  step:   5 bond rmsd: 0.001677
  step:   6 bond rmsd: 0.001650
  step:   7 bond rmsd: 0.001630
  step:   8 bond rmsd: 0.001616
  step:   9 bond rmsd: 0.001606
  step:  10 bond rmsd: 0.001599
  step:  11 bond rmsd: 0.001593
  step:  12 bond rmsd: 0.001588
  step:  13 bond rmsd: 0.001584
  step:  14 bond rmsd: 0.001581
  step:  15 bond rmsd: 0.001579
  step:  16 bond rmsd: 0.001576
  step:  17 bond rmsd: 0.001574
  step:  18 bond rmsd: 0.001572
  step:  19 bond rmsd: 0.001569
  step:  20 bond rmsd: 0.001567
  step:  21 bond rmsd: 0.001564
  step:  22 bond rmsd: 0.001560
  step:  23 bond rmsd: 0.001554
  step:  24 bond rmsd: 0.001546
  step:  25 bond rmsd: 0.001534
  step:  26 bond rmsd: 0.001521
  step:  27 bond rmsd: 0.001510
  step:  28 bond rmsd: 0.001501
  step:  29 bond rmsd: 0.001499
  step:  30 bond rmsd: 0.001492
  step:  31 bond rmsd: 0.001487
  step:  32 bond rmsd: 0.001482
  step:  33 bond rmsd: 0.001478
  step:  34 bond rmsd: 0.001474
  step:  35 bond rmsd: 0.001472
  step:  36 bond rmsd: 0.001470
  step:  37 bond rmsd: 0.001468
  step:  38 bond rmsd: 0.001467
  step:  39 bond rmsd: 0.001467
  step:  40 bond rmsd: 0.001468
  step:  41 bond rmsd: 0.001468
  step:  42 bond rmsd: 0.001470
  step:  43 bond rmsd: 0.001473
  step:  44 bond rmsd: 0.001476
  step:  45 bond rmsd: 0.001480
  step:  46 bond rmsd: 0.001485
  step:  47 bond rmsd: 0.001489
  step:  48 bond rmsd: 0.001495
  step:  49 bond rmsd: 0.001499
  step:  50 bond rmsd: 0.001503
  step:  51 bond rmsd: 0.001507
  step:  52 bond rmsd: 0.001511
micro_cycle  40 rmsd(b):  0.0015 rws:  1.000 n_fev: 2091
  step:   1 bond rmsd: 0.001511
  step:   2 bond rmsd: 0.043894
  step:   3 bond rmsd: 0.001515
  step:   4 bond rmsd: 0.001514
  step:   5 bond rmsd: 0.001513
  step:   6 bond rmsd: 0.001513
  step:   7 bond rmsd: 0.001512
  step:   8 bond rmsd: 0.001512
  step:   9 bond rmsd: 0.001511
  step:  10 bond rmsd: 0.001511
  step:  11 bond rmsd: 0.001511
  step:  12 bond rmsd: 0.001510
  step:  13 bond rmsd: 0.001510
  step:  14 bond rmsd: 0.001509
  step:  15 bond rmsd: 0.001509
  step:  16 bond rmsd: 0.001508
  step:  17 bond rmsd: 0.001506
  step:  18 bond rmsd: 0.001504
  step:  19 bond rmsd: 0.001501
  step:  20 bond rmsd: 0.001498
  step:  21 bond rmsd: 0.001495
  step:  22 bond rmsd: 0.001492
  step:  23 bond rmsd: 0.001494
  step:  24 bond rmsd: 0.001494
  step:  25 bond rmsd: 0.001491
  step:  26 bond rmsd: 0.001488
  step:  27 bond rmsd: 0.001486
  step:  28 bond rmsd: 0.001484
  step:  29 bond rmsd: 0.001483
  step:  30 bond rmsd: 0.001481
  step:  31 bond rmsd: 0.001480
  step:  32 bond rmsd: 0.001479
  step:  33 bond rmsd: 0.001477
  step:  34 bond rmsd: 0.001476
  step:  35 bond rmsd: 0.001476
  step:  36 bond rmsd: 0.001473
  step:  37 bond rmsd: 0.001473
  step:  38 bond rmsd: 0.001474
  step:  39 bond rmsd: 0.001475
  step:  40 bond rmsd: 0.001477
  step:  41 bond rmsd: 0.001479
  step:  42 bond rmsd: 0.001482
  step:  43 bond rmsd: 0.001485
  step:  44 bond rmsd: 0.001487
  step:  45 bond rmsd: 0.001490
  step:  46 bond rmsd: 0.001494
  step:  47 bond rmsd: 0.001498
  step:  48 bond rmsd: 0.001506
  step:  49 bond rmsd: 0.001519
  step:  50 bond rmsd: 0.001526
  step:  51 bond rmsd: 0.001534
  step:  52 bond rmsd: 0.001543
  step:  53 bond rmsd: 0.001558
  step:  54 bond rmsd: 0.001567
micro_cycle  41 rmsd(b):  0.0016 rws:  1.000 n_fev: 2145
  step:   1 bond rmsd: 0.001567
  step:   2 bond rmsd: 0.084185
  step:   3 bond rmsd: 0.001566
  step:   4 bond rmsd: 0.001562
  step:   5 bond rmsd: 0.001560
  step:   6 bond rmsd: 0.001559
  step:   7 bond rmsd: 0.001559
  step:   8 bond rmsd: 0.001558
  step:   9 bond rmsd: 0.001558
  step:  10 bond rmsd: 0.001557
  step:  11 bond rmsd: 0.001557
  step:  12 bond rmsd: 0.001557
  step:  13 bond rmsd: 0.001556
  step:  14 bond rmsd: 0.001556
  step:  15 bond rmsd: 0.001555
  step:  16 bond rmsd: 0.001554
  step:  17 bond rmsd: 0.001553
  step:  18 bond rmsd: 0.001551
  step:  19 bond rmsd: 0.001548
  step:  20 bond rmsd: 0.001543
  step:  21 bond rmsd: 0.001535
  step:  22 bond rmsd: 0.001524
  step:  23 bond rmsd: 0.001516
  step:  24 bond rmsd: 0.001509
  step:  25 bond rmsd: 0.001498
  step:  26 bond rmsd: 0.001493
  step:  27 bond rmsd: 0.001489
  step:  28 bond rmsd: 0.001486
  step:  29 bond rmsd: 0.001482
  step:  30 bond rmsd: 0.001480
  step:  31 bond rmsd: 0.001478
  step:  32 bond rmsd: 0.001476
  step:  33 bond rmsd: 0.001475
  step:  34 bond rmsd: 0.001474
  step:  35 bond rmsd: 0.001475
  step:  36 bond rmsd: 0.001475
  step:  37 bond rmsd: 0.001477
  step:  38 bond rmsd: 0.001478
  step:  39 bond rmsd: 0.001480
  step:  40 bond rmsd: 0.001483
  step:  41 bond rmsd: 0.001485
  step:  42 bond rmsd: 0.001489
  step:  43 bond rmsd: 0.001491
  step:  44 bond rmsd: 0.001494
  step:  45 bond rmsd: 0.001498
  step:  46 bond rmsd: 0.001501
  step:  47 bond rmsd: 0.001506
  step:  48 bond rmsd: 0.001509
  step:  49 bond rmsd: 0.001513
  step:  50 bond rmsd: 0.001518
  step:  51 bond rmsd: 0.001521
  step:  52 bond rmsd: 0.001525
micro_cycle  42 rmsd(b):  0.0015 rws:  1.000 n_fev: 2197
  step:   1 bond rmsd: 0.001525
  step:   2 bond rmsd: 0.043752
  step:   3 bond rmsd: 0.001511
  step:   4 bond rmsd: 0.001513
  step:   5 bond rmsd: 0.001515
  step:   6 bond rmsd: 0.001516
  step:   7 bond rmsd: 0.001517
  step:   8 bond rmsd: 0.001518
  step:   9 bond rmsd: 0.001519
  step:  10 bond rmsd: 0.001519
  step:  11 bond rmsd: 0.001520
  step:  12 bond rmsd: 0.001520
  step:  13 bond rmsd: 0.001520
  step:  14 bond rmsd: 0.001520
  step:  15 bond rmsd: 0.001520
  step:  16 bond rmsd: 0.001520
  step:  17 bond rmsd: 0.001520
  step:  18 bond rmsd: 0.001519
  step:  19 bond rmsd: 0.001519
  step:  20 bond rmsd: 0.001517
  step:  21 bond rmsd: 0.001515
  step:  22 bond rmsd: 0.001511
  step:  23 bond rmsd: 0.001504
  step:  24 bond rmsd: 0.001501
  step:  25 bond rmsd: 0.001498
  step:  26 bond rmsd: 0.001493
  step:  27 bond rmsd: 0.001488
  step:  28 bond rmsd: 0.001485
  step:  29 bond rmsd: 0.001481
  step:  30 bond rmsd: 0.001478
  step:  31 bond rmsd: 0.001474
  step:  32 bond rmsd: 0.001471
  step:  33 bond rmsd: 0.001470
  step:  34 bond rmsd: 0.001468
  step:  35 bond rmsd: 0.001468
  step:  36 bond rmsd: 0.001468
  step:  37 bond rmsd: 0.001468
  step:  38 bond rmsd: 0.001468
  step:  39 bond rmsd: 0.001470
  step:  40 bond rmsd: 0.001473
  step:  41 bond rmsd: 0.001478
  step:  42 bond rmsd: 0.001482
  step:  43 bond rmsd: 0.001487
  step:  44 bond rmsd: 0.001492
  step:  45 bond rmsd: 0.001501
  step:  46 bond rmsd: 0.001509
  step:  47 bond rmsd: 0.001517
  step:  48 bond rmsd: 0.001524
  step:  49 bond rmsd: 0.001531
  step:  50 bond rmsd: 0.001540
  step:  51 bond rmsd: 0.001557
  step:  52 bond rmsd: 0.001571
micro_cycle  43 rmsd(b):  0.0016 rws:  1.000 n_fev: 2249
  step:   1 bond rmsd: 0.001571
  step:   2 bond rmsd: 0.077137
  step:   3 bond rmsd: 0.001588
  step:   4 bond rmsd: 0.001580
  step:   5 bond rmsd: 0.001574
  step:   6 bond rmsd: 0.001571
  step:   7 bond rmsd: 0.001569
  step:   8 bond rmsd: 0.001567
  step:   9 bond rmsd: 0.001566
  step:  10 bond rmsd: 0.001564
  step:  11 bond rmsd: 0.001563
  step:  12 bond rmsd: 0.001563
  step:  13 bond rmsd: 0.001562
  step:  14 bond rmsd: 0.001561
  step:  15 bond rmsd: 0.001560
  step:  16 bond rmsd: 0.001559
  step:  17 bond rmsd: 0.001557
  step:  18 bond rmsd: 0.001555
  step:  19 bond rmsd: 0.001552
  step:  20 bond rmsd: 0.001548
  step:  21 bond rmsd: 0.001541
  step:  22 bond rmsd: 0.001530
  step:  23 bond rmsd: 0.001516
  step:  24 bond rmsd: 0.001506
  step:  25 bond rmsd: 0.001498
  step:  26 bond rmsd: 0.001497
  step:  27 bond rmsd: 0.001497
  step:  28 bond rmsd: 0.001490
  step:  29 bond rmsd: 0.001486
  step:  30 bond rmsd: 0.001482
  step:  31 bond rmsd: 0.001479
  step:  32 bond rmsd: 0.001477
  step:  33 bond rmsd: 0.001475
  step:  34 bond rmsd: 0.001474
  step:  35 bond rmsd: 0.001473
  step:  36 bond rmsd: 0.001473
  step:  37 bond rmsd: 0.001472
  step:  38 bond rmsd: 0.001471
  step:  39 bond rmsd: 0.001472
  step:  40 bond rmsd: 0.001472
  step:  41 bond rmsd: 0.001472
  step:  42 bond rmsd: 0.001473
  step:  43 bond rmsd: 0.001475
  step:  44 bond rmsd: 0.001477
  step:  45 bond rmsd: 0.001479
  step:  46 bond rmsd: 0.001481
  step:  47 bond rmsd: 0.001483
  step:  48 bond rmsd: 0.001485
  step:  49 bond rmsd: 0.001487
  step:  50 bond rmsd: 0.001489
  step:  51 bond rmsd: 0.001490
  step:  52 bond rmsd: 0.001492
  step:  53 bond rmsd: 0.001494
  step:  54 bond rmsd: 0.001497
micro_cycle  44 rmsd(b):  0.0015 rws:  1.000 n_fev: 2303
  step:   1 bond rmsd: 0.001497
  step:   2 bond rmsd: 0.037364
  step:   3 bond rmsd: 0.001499
  step:   4 bond rmsd: 0.001499
  step:   5 bond rmsd: 0.001499
  step:   6 bond rmsd: 0.001498
  step:   7 bond rmsd: 0.001498
  step:   8 bond rmsd: 0.001498
  step:   9 bond rmsd: 0.001498
  step:  10 bond rmsd: 0.001498
  step:  11 bond rmsd: 0.001498
  step:  12 bond rmsd: 0.001498
  step:  13 bond rmsd: 0.001498
  step:  14 bond rmsd: 0.001498
  step:  15 bond rmsd: 0.001498
  step:  16 bond rmsd: 0.001498
  step:  17 bond rmsd: 0.001499
  step:  18 bond rmsd: 0.001499
  step:  19 bond rmsd: 0.001500
  step:  20 bond rmsd: 0.001503
  step:  21 bond rmsd: 0.001506
  step:  22 bond rmsd: 0.001510
  step:  23 bond rmsd: 0.001513
  step:  24 bond rmsd: 0.001512
  step:  25 bond rmsd: 0.001513
  step:  26 bond rmsd: 0.001512
  step:  27 bond rmsd: 0.001511
  step:  28 bond rmsd: 0.001511
  step:  29 bond rmsd: 0.001509
  step:  30 bond rmsd: 0.001508
  step:  31 bond rmsd: 0.001507
  step:  32 bond rmsd: 0.001504
  step:  33 bond rmsd: 0.001502
  step:  34 bond rmsd: 0.001501
  step:  35 bond rmsd: 0.001498
  step:  36 bond rmsd: 0.001495
  step:  37 bond rmsd: 0.001490
  step:  38 bond rmsd: 0.001485
  step:  39 bond rmsd: 0.001479
  step:  40 bond rmsd: 0.001474
  step:  41 bond rmsd: 0.001468
  step:  42 bond rmsd: 0.001461
  step:  43 bond rmsd: 0.001456
  step:  44 bond rmsd: 0.001448
  step:  45 bond rmsd: 0.001445
  step:  46 bond rmsd: 0.001442
  step:  47 bond rmsd: 0.001441
  step:  48 bond rmsd: 0.001441
  step:  49 bond rmsd: 0.001446
  step:  50 bond rmsd: 0.001452
  step:  51 bond rmsd: 0.001463
  step:  52 bond rmsd: 0.001476
micro_cycle  45 rmsd(b):  0.0015 rws:  1.000 n_fev: 2355
  step:   1 bond rmsd: 0.001476
  step:   2 bond rmsd: 0.074568
  step:   3 bond rmsd: 0.002327
  step:   4 bond rmsd: 0.002056
  step:   5 bond rmsd: 0.001863
  step:   6 bond rmsd: 0.001729
  step:   7 bond rmsd: 0.001638
  step:   8 bond rmsd: 0.001578
  step:   9 bond rmsd: 0.001539
  step:  10 bond rmsd: 0.001514
  step:  11 bond rmsd: 0.001498
  step:  12 bond rmsd: 0.001488
  step:  13 bond rmsd: 0.001482
  step:  14 bond rmsd: 0.001479
  step:  15 bond rmsd: 0.001477
  step:  16 bond rmsd: 0.001476
  step:  17 bond rmsd: 0.001476
  step:  18 bond rmsd: 0.001476
  step:  19 bond rmsd: 0.001477
  step:  20 bond rmsd: 0.001478
  step:  21 bond rmsd: 0.001479
  step:  22 bond rmsd: 0.001481
  step:  23 bond rmsd: 0.001483
  step:  24 bond rmsd: 0.001486
  step:  25 bond rmsd: 0.001490
  step:  26 bond rmsd: 0.001496
  step:  27 bond rmsd: 0.001502
  step:  28 bond rmsd: 0.001508
  step:  29 bond rmsd: 0.001516
  step:  30 bond rmsd: 0.001523
  step:  31 bond rmsd: 0.001537
  step:  32 bond rmsd: 0.001544
  step:  33 bond rmsd: 0.001556
  step:  34 bond rmsd: 0.001562
  step:  35 bond rmsd: 0.001567
  step:  36 bond rmsd: 0.001571
  step:  37 bond rmsd: 0.001573
  step:  38 bond rmsd: 0.001574
  step:  39 bond rmsd: 0.001574
  step:  40 bond rmsd: 0.001571
  step:  41 bond rmsd: 0.001569
  step:  42 bond rmsd: 0.001562
  step:  43 bond rmsd: 0.001560
  step:  44 bond rmsd: 0.001555
  step:  45 bond rmsd: 0.001549
  step:  46 bond rmsd: 0.001542
  step:  47 bond rmsd: 0.001536
  step:  48 bond rmsd: 0.001530
  step:  49 bond rmsd: 0.001525
  step:  50 bond rmsd: 0.001521
  step:  51 bond rmsd: 0.001516
  step:  52 bond rmsd: 0.001513
micro_cycle  46 rmsd(b):  0.0015 rws:  1.000 n_fev: 2407
  step:   1 bond rmsd: 0.001513
  step:   2 bond rmsd: 0.037023
  step:   3 bond rmsd: 0.001508
  step:   4 bond rmsd: 0.001509
  step:   5 bond rmsd: 0.001509
  step:   6 bond rmsd: 0.001510
  step:   7 bond rmsd: 0.001510
  step:   8 bond rmsd: 0.001510
  step:   9 bond rmsd: 0.001511
  step:  10 bond rmsd: 0.001511
  step:  11 bond rmsd: 0.001511
  step:  12 bond rmsd: 0.001511
  step:  13 bond rmsd: 0.001511
  step:  14 bond rmsd: 0.001511
  step:  15 bond rmsd: 0.001511
  step:  16 bond rmsd: 0.001511
  step:  17 bond rmsd: 0.001511
  step:  18 bond rmsd: 0.001510
  step:  19 bond rmsd: 0.001509
  step:  20 bond rmsd: 0.001507
  step:  21 bond rmsd: 0.001505
  step:  22 bond rmsd: 0.001503
  step:  23 bond rmsd: 0.001496
  step:  24 bond rmsd: 0.001495
  step:  25 bond rmsd: 0.001493
  step:  26 bond rmsd: 0.001492
  step:  27 bond rmsd: 0.001490
  step:  28 bond rmsd: 0.001487
  step:  29 bond rmsd: 0.001485
  step:  30 bond rmsd: 0.001483
  step:  31 bond rmsd: 0.001479
  step:  32 bond rmsd: 0.001475
  step:  33 bond rmsd: 0.001472
  step:  34 bond rmsd: 0.001466
  step:  35 bond rmsd: 0.001464
  step:  36 bond rmsd: 0.001464
  step:  37 bond rmsd: 0.001463
  step:  38 bond rmsd: 0.001464
  step:  39 bond rmsd: 0.001465
  step:  40 bond rmsd: 0.001469
  step:  41 bond rmsd: 0.001471
  step:  42 bond rmsd: 0.001474
  step:  43 bond rmsd: 0.001479
  step:  44 bond rmsd: 0.001482
  step:  45 bond rmsd: 0.001486
  step:  46 bond rmsd: 0.001496
  step:  47 bond rmsd: 0.001502
  step:  48 bond rmsd: 0.001515
  step:  49 bond rmsd: 0.001526
  step:  50 bond rmsd: 0.001542
  step:  51 bond rmsd: 0.001560
  step:  52 bond rmsd: 0.001575
micro_cycle  47 rmsd(b):  0.0016 rws:  1.000 n_fev: 2459
  step:   1 bond rmsd: 0.001575
  step:   2 bond rmsd: 0.060911
  step:   3 bond rmsd: 0.001626
  step:   4 bond rmsd: 0.001607
  step:   5 bond rmsd: 0.001595
  step:   6 bond rmsd: 0.001586
  step:   7 bond rmsd: 0.001580
  step:   8 bond rmsd: 0.001576
  step:   9 bond rmsd: 0.001573
  step:  10 bond rmsd: 0.001571
  step:  11 bond rmsd: 0.001569
  step:  12 bond rmsd: 0.001567
  step:  13 bond rmsd: 0.001565
  step:  14 bond rmsd: 0.001564
  step:  15 bond rmsd: 0.001562
  step:  16 bond rmsd: 0.001561
  step:  17 bond rmsd: 0.001559
  step:  18 bond rmsd: 0.001557
  step:  19 bond rmsd: 0.001555
  step:  20 bond rmsd: 0.001553
  step:  21 bond rmsd: 0.001549
  step:  22 bond rmsd: 0.001543
  step:  23 bond rmsd: 0.001535
  step:  24 bond rmsd: 0.001524
  step:  25 bond rmsd: 0.001514
  step:  26 bond rmsd: 0.001504
  step:  27 bond rmsd: 0.001494
  step:  28 bond rmsd: 0.001476
  step:  29 bond rmsd: 0.001471
  step:  30 bond rmsd: 0.001466
  step:  31 bond rmsd: 0.001462
  step:  32 bond rmsd: 0.001457
  step:  33 bond rmsd: 0.001454
  step:  34 bond rmsd: 0.001451
  step:  35 bond rmsd: 0.001448
  step:  36 bond rmsd: 0.001445
  step:  37 bond rmsd: 0.001443
  step:  38 bond rmsd: 0.001442
  step:  39 bond rmsd: 0.001440
  step:  40 bond rmsd: 0.001441
  step:  41 bond rmsd: 0.001447
  step:  42 bond rmsd: 0.001455
  step:  43 bond rmsd: 0.001463
  step:  44 bond rmsd: 0.001475
  step:  45 bond rmsd: 0.001482
  step:  46 bond rmsd: 0.001488
  step:  47 bond rmsd: 0.001496
  step:  48 bond rmsd: 0.001502
  step:  49 bond rmsd: 0.001510
  step:  50 bond rmsd: 0.001515
  step:  51 bond rmsd: 0.001521
  step:  52 bond rmsd: 0.001528
micro_cycle  48 rmsd(b):  0.0015 rws:  1.000 n_fev: 2511
  step:   1 bond rmsd: 0.001528
  step:   2 bond rmsd: 0.035020
  step:   3 bond rmsd: 0.001524
  step:   4 bond rmsd: 0.001524
  step:   5 bond rmsd: 0.001525
  step:   6 bond rmsd: 0.001525
  step:   7 bond rmsd: 0.001525
  step:   8 bond rmsd: 0.001524
  step:   9 bond rmsd: 0.001524
  step:  10 bond rmsd: 0.001524
  step:  11 bond rmsd: 0.001523
  step:  12 bond rmsd: 0.001523
  step:  13 bond rmsd: 0.001522
  step:  14 bond rmsd: 0.001521
  step:  15 bond rmsd: 0.001520
  step:  16 bond rmsd: 0.001518
  step:  17 bond rmsd: 0.001515
  step:  18 bond rmsd: 0.001511
  step:  19 bond rmsd: 0.001508
  step:  20 bond rmsd: 0.001498
  step:  21 bond rmsd: 0.001495
  step:  22 bond rmsd: 0.001492
  step:  23 bond rmsd: 0.001488
  step:  24 bond rmsd: 0.001485
  step:  25 bond rmsd: 0.001483
  step:  26 bond rmsd: 0.001481
  step:  27 bond rmsd: 0.001479
  step:  28 bond rmsd: 0.001478
  step:  29 bond rmsd: 0.001477
  step:  30 bond rmsd: 0.001477
  step:  31 bond rmsd: 0.001478
  step:  32 bond rmsd: 0.001478
  step:  33 bond rmsd: 0.001480
  step:  34 bond rmsd: 0.001483
  step:  35 bond rmsd: 0.001487
  step:  36 bond rmsd: 0.001493
  step:  37 bond rmsd: 0.001498
  step:  38 bond rmsd: 0.001504
  step:  39 bond rmsd: 0.001512
  step:  40 bond rmsd: 0.001519
  step:  41 bond rmsd: 0.001529
  step:  42 bond rmsd: 0.001536
  step:  43 bond rmsd: 0.001545
  step:  44 bond rmsd: 0.001561
  step:  45 bond rmsd: 0.001570
  step:  46 bond rmsd: 0.001582
  step:  47 bond rmsd: 0.001592
  step:  48 bond rmsd: 0.001602
  step:  49 bond rmsd: 0.001612
  step:  50 bond rmsd: 0.001618
  step:  51 bond rmsd: 0.001624
  step:  52 bond rmsd: 0.001626
micro_cycle  49 rmsd(b):  0.0016 rws:  1.000 n_fev: 2563
  step:   1 bond rmsd: 0.001626
  step:   2 bond rmsd: 0.069937
  step:   3 bond rmsd: 0.001618
  step:   4 bond rmsd: 0.001617
  step:   5 bond rmsd: 0.001617
  step:   6 bond rmsd: 0.001616
  step:   7 bond rmsd: 0.001615
  step:   8 bond rmsd: 0.001614
  step:   9 bond rmsd: 0.001613
  step:  10 bond rmsd: 0.001611
  step:  11 bond rmsd: 0.001609
  step:  12 bond rmsd: 0.001607
  step:  13 bond rmsd: 0.001605
  step:  14 bond rmsd: 0.001603
  step:  15 bond rmsd: 0.001600
  step:  16 bond rmsd: 0.001596
  step:  17 bond rmsd: 0.001591
  step:  18 bond rmsd: 0.001582
  step:  19 bond rmsd: 0.001570
  step:  20 bond rmsd: 0.001553
  step:  21 bond rmsd: 0.001540
  step:  22 bond rmsd: 0.001528
  step:  23 bond rmsd: 0.001519
  step:  24 bond rmsd: 0.001511
  step:  25 bond rmsd: 0.001504
  step:  26 bond rmsd: 0.001497
  step:  27 bond rmsd: 0.001494
  step:  28 bond rmsd: 0.001489
  step:  29 bond rmsd: 0.001486
  step:  30 bond rmsd: 0.001484
  step:  31 bond rmsd: 0.001481
  step:  32 bond rmsd: 0.001479
  step:  33 bond rmsd: 0.001477
  step:  34 bond rmsd: 0.001476
  step:  35 bond rmsd: 0.001475
  step:  36 bond rmsd: 0.001475
  step:  37 bond rmsd: 0.001476
  step:  38 bond rmsd: 0.001478
  step:  39 bond rmsd: 0.001481
  step:  40 bond rmsd: 0.001485
  step:  41 bond rmsd: 0.001491
  step:  42 bond rmsd: 0.001496
  step:  43 bond rmsd: 0.001510
  step:  44 bond rmsd: 0.001513
  step:  45 bond rmsd: 0.001517
  step:  46 bond rmsd: 0.001522
  step:  47 bond rmsd: 0.001527
  step:  48 bond rmsd: 0.001534
  step:  49 bond rmsd: 0.001539
  step:  50 bond rmsd: 0.001545
  step:  51 bond rmsd: 0.001551
  step:  52 bond rmsd: 0.001559
micro_cycle  50 rmsd(b):  0.0016 rws:  1.000 n_fev: 2615
See 6_refined.pdb in pdb folder.
Time: 39.8210
