Starting Q|R
Running refinement
   input {
     xray_data {
       file_name = None
       labels = None
       high_resolution = None
       low_resolution = None
       outliers_rejection = True
       french_wilson_scale = True
       french_wilson {
         max_bins = 60
         min_bin_size = 40
       }
       sigma_fobs_rejection_criterion = None
       sigma_iobs_rejection_criterion = None
       ignore_all_zeros = True
       force_anomalous_flag_to_be_equal_to = None
       convert_to_non_anomalous_if_ratio_pairs_lone_less_than_threshold = 0.5
       r_free_flags {
         file_name = None
         label = None
         test_flag_value = None
         ignore_r_free_flags = False
         disable_suitability_test = False
         ignore_pdb_hexdigest = False
         generate = False
         fraction = 0.1
         max_free = 2000
         lattice_symmetry_max_delta = 5
         use_lattice_symmetry = True
         use_dataman_shells = False
         n_shells = 20
       }
     }
     pdb {
       file_name = None
     }
     monomers {
       file_name = None
     }
     maps {
       map_file_name = None
       d_min = None
       map_coefficients_file_name = None
       map_coefficients_label = None
     }
     sequence = None
     scattering_table = wk1995 it1992 *n_gaussian neutron electron
     wavelength = None
     energy = None
     twin_law = Auto
   }
   max_atoms = 15000
   debug = False
   cluster {
     charge_cutoff = 8.0
     clustering = false
     charge_embedding = False
     two_buffers = False
     maxnum_residues_in_cluster = 15
     clustering_method = gnc *bcc
     altloc_method = *average subtract
   }
   restraints = *cctbx qm
   quantum {
     engine_name = *mopac ani torchani terachem turbomole pyscf orca gaussian \
                   xtb
     charge = None
     basis = Auto
     method = Auto
     memory = None
     nproc = None
     qm_addon = gcp dftd3 gcp-d3
     qm_addon_method = None
   }
   refine {
     dry_run = False
     sf_algorithm = *direct fft
     refinement_target_name = *ml ls_wunit_k1
     mode = *opt refine
     number_of_macro_cycles = 1
     number_of_weight_search_cycles = 50
     number_of_refine_cycles = 5
     number_of_micro_cycles = 50
     data_weight = None
     choose_best_use_r_work = False
     skip_initial_weight_optimization = False
     adjust_restraints_weight_scale_value = 2
     max_iterations_weight = 50
     max_iterations_refine = 50
     use_ase_lbfgs = False
     line_search = True
     stpmax = 0.2
     gradient_only = true
     update_all_scales = True
     refine_sites = True
     refine_adp = False
     restraints_weight_scale = 1.0
     shake_sites = False
     use_convergence_test = true
     max_bond_rmsd = 0.03
     max_r_work_r_free_gap = 5.0
     r_tolerance = 0.001
     rmsd_tolerance = 0.001
     opt_log = False
     pre_opt = False
     pre_opt_stpmax = 0.1
     pre_opt_iter = 10
     pre_opt_switch = 2
     pre_opt_gconv = 3000
   }
   parallel {
     method = *multiprocessing slurm pbs sge lsf threading
     nproc = None
     qsub_command = None
   }
   output_file_name_prefix = None
   output_folder_name = "pdb"
   shared_disk = True
   rst_file = None
   dump_gradients = None

Setting QM defaults
  Setting QM method to PM7


***********************************************************
restart info will be stored in /home/lum/3nir/cctbx_improve/cctbx_refine/pdb/7.rst.pickle
***********************************************************

start   0 rmsd(b):  0.0192 rws:  1.000 n_fev: 0
  step:   1 bond rmsd: 0.019226
  step:   2 bond rmsd: 0.065568
  step:   3 bond rmsd: 0.065568
  step:   4 bond rmsd: 0.053457
  step:   5 bond rmsd: 0.043528
  step:   6 bond rmsd: 0.035630
  step:   7 bond rmsd: 0.029322
  step:   8 bond rmsd: 0.024307
  step:   9 bond rmsd: 0.020327
  step:  10 bond rmsd: 0.017190
  step:  11 bond rmsd: 0.014728
  step:  12 bond rmsd: 0.012810
  step:  13 bond rmsd: 0.011321
  step:  14 bond rmsd: 0.010167
  step:  15 bond rmsd: 0.009268
  step:  16 bond rmsd: 0.008558
  step:  17 bond rmsd: 0.007983
  step:  18 bond rmsd: 0.007496
  step:  19 bond rmsd: 0.007056
  step:  20 bond rmsd: 0.006622
  step:  21 bond rmsd: 0.006155
  step:  22 bond rmsd: 0.005566
  step:  23 bond rmsd: 0.006056
  step:  24 bond rmsd: 0.005537
  step:  25 bond rmsd: 0.005173
  step:  26 bond rmsd: 0.004925
  step:  27 bond rmsd: 0.004745
  step:  28 bond rmsd: 0.004639
  step:  29 bond rmsd: 0.004544
  step:  30 bond rmsd: 0.004509
  step:  31 bond rmsd: 0.004489
  step:  32 bond rmsd: 0.004488
  step:  33 bond rmsd: 0.004490
  step:  34 bond rmsd: 0.004487
  step:  35 bond rmsd: 0.004506
  step:  36 bond rmsd: 0.004488
  step:  37 bond rmsd: 0.004484
  step:  38 bond rmsd: 0.004440
  step:  39 bond rmsd: 0.004362
  step:  40 bond rmsd: 0.004287
  step:  41 bond rmsd: 0.004221
  step:  42 bond rmsd: 0.004132
  step:  43 bond rmsd: 0.004023
  step:  44 bond rmsd: 0.003897
  step:  45 bond rmsd: 0.003740
  step:  46 bond rmsd: 0.003580
  step:  47 bond rmsd: 0.003438
  step:  48 bond rmsd: 0.003219
  step:  49 bond rmsd: 0.003108
  step:  50 bond rmsd: 0.002968
  step:  51 bond rmsd: 0.002725
  step:  52 bond rmsd: 0.002567
micro_cycle   1 rmsd(b):  0.0026 rws:  1.000 n_fev: 52
  step:   1 bond rmsd: 0.002567
  step:   2 bond rmsd: 0.047391
  step:   3 bond rmsd: 0.045262
  step:   4 bond rmsd: 0.036501
  step:   5 bond rmsd: 0.029512
  step:   6 bond rmsd: 0.023851
  step:   7 bond rmsd: 0.019281
  step:   8 bond rmsd: 0.015598
  step:   9 bond rmsd: 0.012639
  step:  10 bond rmsd: 0.010270
  step:  11 bond rmsd: 0.008382
  step:  12 bond rmsd: 0.006888
  step:  13 bond rmsd: 0.005717
  step:  14 bond rmsd: 0.004809
  step:  15 bond rmsd: 0.004117
  step:  16 bond rmsd: 0.003599
  step:  17 bond rmsd: 0.003219
  step:  18 bond rmsd: 0.002947
  step:  19 bond rmsd: 0.002755
  step:  20 bond rmsd: 0.002622
  step:  21 bond rmsd: 0.002531
  step:  22 bond rmsd: 0.002470
  step:  23 bond rmsd: 0.002428
  step:  24 bond rmsd: 0.002400
  step:  25 bond rmsd: 0.002381
  step:  26 bond rmsd: 0.002367
  step:  27 bond rmsd: 0.002358
  step:  28 bond rmsd: 0.002351
  step:  29 bond rmsd: 0.002347
  step:  30 bond rmsd: 0.002343
  step:  31 bond rmsd: 0.002339
  step:  32 bond rmsd: 0.002336
  step:  33 bond rmsd: 0.002332
  step:  34 bond rmsd: 0.002325
  step:  35 bond rmsd: 0.002305
  step:  36 bond rmsd: 0.002202
  step:  37 bond rmsd: 0.002176
  step:  38 bond rmsd: 0.002187
  step:  39 bond rmsd: 0.002202
  step:  40 bond rmsd: 0.002243
  step:  41 bond rmsd: 0.002246
  step:  42 bond rmsd: 0.002277
  step:  43 bond rmsd: 0.002322
  step:  44 bond rmsd: 0.002337
  step:  45 bond rmsd: 0.002332
  step:  46 bond rmsd: 0.002333
  step:  47 bond rmsd: 0.002356
  step:  48 bond rmsd: 0.002341
  step:  49 bond rmsd: 0.002354
  step:  50 bond rmsd: 0.002356
  step:  51 bond rmsd: 0.002409
  step:  52 bond rmsd: 0.002415
micro_cycle   2 rmsd(b):  0.0024 rws:  1.000 n_fev: 104
  step:   1 bond rmsd: 0.002415
  step:   2 bond rmsd: 0.057451
  step:   3 bond rmsd: 0.057451
  step:   4 bond rmsd: 0.045719
  step:   5 bond rmsd: 0.035987
  step:   6 bond rmsd: 0.028461
  step:   7 bond rmsd: 0.022605
  step:   8 bond rmsd: 0.018016
  step:   9 bond rmsd: 0.014404
  step:  10 bond rmsd: 0.011556
  step:  11 bond rmsd: 0.009311
  step:  12 bond rmsd: 0.007546
  step:  13 bond rmsd: 0.006167
  step:  14 bond rmsd: 0.005097
  step:  15 bond rmsd: 0.004279
  step:  16 bond rmsd: 0.003663
  step:  17 bond rmsd: 0.003210
  step:  18 bond rmsd: 0.002884
  step:  19 bond rmsd: 0.002655
  step:  20 bond rmsd: 0.002499
  step:  21 bond rmsd: 0.002393
  step:  22 bond rmsd: 0.002323
  step:  23 bond rmsd: 0.002276
  step:  24 bond rmsd: 0.002245
  step:  25 bond rmsd: 0.002225
  step:  26 bond rmsd: 0.002211
  step:  27 bond rmsd: 0.002200
  step:  28 bond rmsd: 0.002192
  step:  29 bond rmsd: 0.002185
  step:  30 bond rmsd: 0.002177
  step:  31 bond rmsd: 0.002168
  step:  32 bond rmsd: 0.002154
  step:  33 bond rmsd: 0.002132
  step:  34 bond rmsd: 0.002093
  step:  35 bond rmsd: 0.002014
  step:  36 bond rmsd: 0.001951
  step:  37 bond rmsd: 0.001864
  step:  38 bond rmsd: 0.001828
  step:  39 bond rmsd: 0.001816
  step:  40 bond rmsd: 0.001790
  step:  41 bond rmsd: 0.001786
  step:  42 bond rmsd: 0.001786
  step:  43 bond rmsd: 0.001788
  step:  44 bond rmsd: 0.001791
  step:  45 bond rmsd: 0.001796
  step:  46 bond rmsd: 0.001809
  step:  47 bond rmsd: 0.001812
  step:  48 bond rmsd: 0.001816
  step:  49 bond rmsd: 0.001820
  step:  50 bond rmsd: 0.001827
  step:  51 bond rmsd: 0.001830
  step:  52 bond rmsd: 0.001846
micro_cycle   3 rmsd(b):  0.0018 rws:  1.000 n_fev: 156
  step:   1 bond rmsd: 0.001846
  step:   2 bond rmsd: 0.052277
  step:   3 bond rmsd: 0.005605
  step:   4 bond rmsd: 0.004624
  step:   5 bond rmsd: 0.003867
  step:   6 bond rmsd: 0.003288
  step:   7 bond rmsd: 0.002852
  step:   8 bond rmsd: 0.002531
  step:   9 bond rmsd: 0.002300
  step:  10 bond rmsd: 0.002137
  step:  11 bond rmsd: 0.002025
  step:  12 bond rmsd: 0.001948
  step:  13 bond rmsd: 0.001897
  step:  14 bond rmsd: 0.001863
  step:  15 bond rmsd: 0.001840
  step:  16 bond rmsd: 0.001825
  step:  17 bond rmsd: 0.001815
  step:  18 bond rmsd: 0.001809
  step:  19 bond rmsd: 0.001805
  step:  20 bond rmsd: 0.001803
  step:  21 bond rmsd: 0.001802
  step:  22 bond rmsd: 0.001801
  step:  23 bond rmsd: 0.001802
  step:  24 bond rmsd: 0.001803
  step:  25 bond rmsd: 0.001805
  step:  26 bond rmsd: 0.001808
  step:  27 bond rmsd: 0.001812
  step:  28 bond rmsd: 0.001817
  step:  29 bond rmsd: 0.001817
  step:  30 bond rmsd: 0.001774
  step:  31 bond rmsd: 0.001782
  step:  32 bond rmsd: 0.001798
  step:  33 bond rmsd: 0.001820
  step:  34 bond rmsd: 0.001842
  step:  35 bond rmsd: 0.001892
  step:  36 bond rmsd: 0.001919
  step:  37 bond rmsd: 0.001954
  step:  38 bond rmsd: 0.001986
  step:  39 bond rmsd: 0.002036
  step:  40 bond rmsd: 0.002062
  step:  41 bond rmsd: 0.002109
  step:  42 bond rmsd: 0.002144
  step:  43 bond rmsd: 0.002191
  step:  44 bond rmsd: 0.002215
  step:  45 bond rmsd: 0.002242
  step:  46 bond rmsd: 0.002266
  step:  47 bond rmsd: 0.002236
  step:  48 bond rmsd: 0.002246
  step:  49 bond rmsd: 0.002246
  step:  50 bond rmsd: 0.002247
  step:  51 bond rmsd: 0.002215
  step:  52 bond rmsd: 0.002220
micro_cycle   4 rmsd(b):  0.0022 rws:  1.000 n_fev: 208
  step:   1 bond rmsd: 0.002220
  step:   2 bond rmsd: 0.062284
  step:   3 bond rmsd: 0.034253
  step:   4 bond rmsd: 0.027350
  step:   5 bond rmsd: 0.021754
  step:   6 bond rmsd: 0.017370
  step:   7 bond rmsd: 0.013923
  step:   8 bond rmsd: 0.011208
  step:   9 bond rmsd: 0.009069
  step:  10 bond rmsd: 0.007387
  step:  11 bond rmsd: 0.006070
  step:  12 bond rmsd: 0.005045
  step:  13 bond rmsd: 0.004256
  step:  14 bond rmsd: 0.003656
  step:  15 bond rmsd: 0.003206
  step:  16 bond rmsd: 0.002875
  step:  17 bond rmsd: 0.002635
  step:  18 bond rmsd: 0.002463
  step:  19 bond rmsd: 0.002342
  step:  20 bond rmsd: 0.002256
  step:  21 bond rmsd: 0.002195
  step:  22 bond rmsd: 0.002151
  step:  23 bond rmsd: 0.002120
  step:  24 bond rmsd: 0.002096
  step:  25 bond rmsd: 0.002078
  step:  26 bond rmsd: 0.002064
  step:  27 bond rmsd: 0.002052
  step:  28 bond rmsd: 0.002041
  step:  29 bond rmsd: 0.002030
  step:  30 bond rmsd: 0.002019
  step:  31 bond rmsd: 0.002004
  step:  32 bond rmsd: 0.001986
  step:  33 bond rmsd: 0.001958
  step:  34 bond rmsd: 0.001914
  step:  35 bond rmsd: 0.001829
  step:  36 bond rmsd: 0.001796
  step:  37 bond rmsd: 0.001773
  step:  38 bond rmsd: 0.001783
  step:  39 bond rmsd: 0.001775
  step:  40 bond rmsd: 0.001769
  step:  41 bond rmsd: 0.001757
  step:  42 bond rmsd: 0.001754
  step:  43 bond rmsd: 0.001748
  step:  44 bond rmsd: 0.001744
  step:  45 bond rmsd: 0.001742
  step:  46 bond rmsd: 0.001728
  step:  47 bond rmsd: 0.001727
  step:  48 bond rmsd: 0.001724
  step:  49 bond rmsd: 0.001724
  step:  50 bond rmsd: 0.001720
  step:  51 bond rmsd: 0.001721
  step:  52 bond rmsd: 0.001721
micro_cycle   5 rmsd(b):  0.0017 rws:  1.000 n_fev: 260
  step:   1 bond rmsd: 0.001721
  step:   2 bond rmsd: 0.060077
  step:   3 bond rmsd: 0.002270
  step:   4 bond rmsd: 0.002078
  step:   5 bond rmsd: 0.001947
  step:   6 bond rmsd: 0.001860
  step:   7 bond rmsd: 0.001803
  step:   8 bond rmsd: 0.001766
  step:   9 bond rmsd: 0.001744
  step:  10 bond rmsd: 0.001730
  step:  11 bond rmsd: 0.001722
  step:  12 bond rmsd: 0.001717
  step:  13 bond rmsd: 0.001715
  step:  14 bond rmsd: 0.001714
  step:  15 bond rmsd: 0.001714
  step:  16 bond rmsd: 0.001714
  step:  17 bond rmsd: 0.001715
  step:  18 bond rmsd: 0.001716
  step:  19 bond rmsd: 0.001718
  step:  20 bond rmsd: 0.001720
  step:  21 bond rmsd: 0.001722
  step:  22 bond rmsd: 0.001725
  step:  23 bond rmsd: 0.001729
  step:  24 bond rmsd: 0.001735
  step:  25 bond rmsd: 0.001742
  step:  26 bond rmsd: 0.001748
  step:  27 bond rmsd: 0.001741
  step:  28 bond rmsd: 0.001744
  step:  29 bond rmsd: 0.001749
  step:  30 bond rmsd: 0.001769
  step:  31 bond rmsd: 0.001769
  step:  32 bond rmsd: 0.001761
  step:  33 bond rmsd: 0.001758
  step:  34 bond rmsd: 0.001758
  step:  35 bond rmsd: 0.001759
  step:  36 bond rmsd: 0.001761
  step:  37 bond rmsd: 0.001764
  step:  38 bond rmsd: 0.001768
  step:  39 bond rmsd: 0.001771
  step:  40 bond rmsd: 0.001775
  step:  41 bond rmsd: 0.001780
  step:  42 bond rmsd: 0.001784
  step:  43 bond rmsd: 0.001789
  step:  44 bond rmsd: 0.001804
  step:  45 bond rmsd: 0.001810
  step:  46 bond rmsd: 0.001816
  step:  47 bond rmsd: 0.001824
  step:  48 bond rmsd: 0.001835
  step:  49 bond rmsd: 0.001847
  step:  50 bond rmsd: 0.001866
  step:  51 bond rmsd: 0.001882
  step:  52 bond rmsd: 0.001915
  step:  53 bond rmsd: 0.001928
micro_cycle   6 rmsd(b):  0.0019 rws:  1.000 n_fev: 313
  step:   1 bond rmsd: 0.001928
  step:   2 bond rmsd: 0.049939
  step:   3 bond rmsd: 0.029795
  step:   4 bond rmsd: 0.023904
  step:   5 bond rmsd: 0.019168
  step:   6 bond rmsd: 0.015381
  step:   7 bond rmsd: 0.012358
  step:   8 bond rmsd: 0.009948
  step:   9 bond rmsd: 0.008032
  step:  10 bond rmsd: 0.006515
  step:  11 bond rmsd: 0.005321
  step:  12 bond rmsd: 0.004388
  step:  13 bond rmsd: 0.003670
  step:  14 bond rmsd: 0.003124
  step:  15 bond rmsd: 0.002718
  step:  16 bond rmsd: 0.002423
  step:  17 bond rmsd: 0.002215
  step:  18 bond rmsd: 0.002070
  step:  19 bond rmsd: 0.001972
  step:  20 bond rmsd: 0.001907
  step:  21 bond rmsd: 0.001864
  step:  22 bond rmsd: 0.001835
  step:  23 bond rmsd: 0.001816
  step:  24 bond rmsd: 0.001804
  step:  25 bond rmsd: 0.001796
  step:  26 bond rmsd: 0.001790
  step:  27 bond rmsd: 0.001786
  step:  28 bond rmsd: 0.001783
  step:  29 bond rmsd: 0.001781
  step:  30 bond rmsd: 0.001779
  step:  31 bond rmsd: 0.001776
  step:  32 bond rmsd: 0.001773
  step:  33 bond rmsd: 0.001768
  step:  34 bond rmsd: 0.001760
  step:  35 bond rmsd: 0.001741
  step:  36 bond rmsd: 0.001711
  step:  37 bond rmsd: 0.001683
  step:  38 bond rmsd: 0.001669
  step:  39 bond rmsd: 0.001677
  step:  40 bond rmsd: 0.001670
  step:  41 bond rmsd: 0.001669
  step:  42 bond rmsd: 0.001659
  step:  43 bond rmsd: 0.001655
  step:  44 bond rmsd: 0.001648
  step:  45 bond rmsd: 0.001637
  step:  46 bond rmsd: 0.001630
  step:  47 bond rmsd: 0.001623
  step:  48 bond rmsd: 0.001616
  step:  49 bond rmsd: 0.001609
  step:  50 bond rmsd: 0.001606
  step:  51 bond rmsd: 0.001601
  step:  52 bond rmsd: 0.001598
micro_cycle   7 rmsd(b):  0.0016 rws:  1.000 n_fev: 365
  step:   1 bond rmsd: 0.001598
  step:   2 bond rmsd: 0.068292
  step:   3 bond rmsd: 0.002443
  step:   4 bond rmsd: 0.002172
  step:   5 bond rmsd: 0.001981
  step:   6 bond rmsd: 0.001849
  step:   7 bond rmsd: 0.001760
  step:   8 bond rmsd: 0.001702
  step:   9 bond rmsd: 0.001664
  step:  10 bond rmsd: 0.001640
  step:  11 bond rmsd: 0.001624
  step:  12 bond rmsd: 0.001615
  step:  13 bond rmsd: 0.001609
  step:  14 bond rmsd: 0.001606
  step:  15 bond rmsd: 0.001604
  step:  16 bond rmsd: 0.001603
  step:  17 bond rmsd: 0.001603
  step:  18 bond rmsd: 0.001602
  step:  19 bond rmsd: 0.001603
  step:  20 bond rmsd: 0.001603
  step:  21 bond rmsd: 0.001603
  step:  22 bond rmsd: 0.001604
  step:  23 bond rmsd: 0.001604
  step:  24 bond rmsd: 0.001605
  step:  25 bond rmsd: 0.001606
  step:  26 bond rmsd: 0.001607
  step:  27 bond rmsd: 0.001607
  step:  28 bond rmsd: 0.001606
  step:  29 bond rmsd: 0.001621
  step:  30 bond rmsd: 0.001627
  step:  31 bond rmsd: 0.001623
  step:  32 bond rmsd: 0.001667
  step:  33 bond rmsd: 0.001667
  step:  34 bond rmsd: 0.001657
  step:  35 bond rmsd: 0.001650
  step:  36 bond rmsd: 0.001643
  step:  37 bond rmsd: 0.001638
  step:  38 bond rmsd: 0.001635
  step:  39 bond rmsd: 0.001632
  step:  40 bond rmsd: 0.001630
  step:  41 bond rmsd: 0.001630
  step:  42 bond rmsd: 0.001630
  step:  43 bond rmsd: 0.001634
  step:  44 bond rmsd: 0.001637
  step:  45 bond rmsd: 0.001643
  step:  46 bond rmsd: 0.001649
  step:  47 bond rmsd: 0.001656
  step:  48 bond rmsd: 0.001666
  step:  49 bond rmsd: 0.001676
  step:  50 bond rmsd: 0.001695
  step:  51 bond rmsd: 0.001714
  step:  52 bond rmsd: 0.001737
  step:  53 bond rmsd: 0.001751
micro_cycle   8 rmsd(b):  0.0018 rws:  1.000 n_fev: 418
  step:   1 bond rmsd: 0.001751
  step:   2 bond rmsd: 0.081823
  step:   3 bond rmsd: 0.005497
  step:   4 bond rmsd: 0.004506
  step:   5 bond rmsd: 0.003738
  step:   6 bond rmsd: 0.003151
  step:   7 bond rmsd: 0.002710
  step:   8 bond rmsd: 0.002386
  step:   9 bond rmsd: 0.002155
  step:  10 bond rmsd: 0.001994
  step:  11 bond rmsd: 0.001884
  step:  12 bond rmsd: 0.001811
  step:  13 bond rmsd: 0.001762
  step:  14 bond rmsd: 0.001731
  step:  15 bond rmsd: 0.001711
  step:  16 bond rmsd: 0.001698
  step:  17 bond rmsd: 0.001689
  step:  18 bond rmsd: 0.001684
  step:  19 bond rmsd: 0.001680
  step:  20 bond rmsd: 0.001678
  step:  21 bond rmsd: 0.001676
  step:  22 bond rmsd: 0.001675
  step:  23 bond rmsd: 0.001674
  step:  24 bond rmsd: 0.001673
  step:  25 bond rmsd: 0.001672
  step:  26 bond rmsd: 0.001669
  step:  27 bond rmsd: 0.001664
  step:  28 bond rmsd: 0.001656
  step:  29 bond rmsd: 0.001640
  step:  30 bond rmsd: 0.001583
  step:  31 bond rmsd: 0.001595
  step:  32 bond rmsd: 0.001577
  step:  33 bond rmsd: 0.001569
  step:  34 bond rmsd: 0.001556
  step:  35 bond rmsd: 0.001553
  step:  36 bond rmsd: 0.001551
  step:  37 bond rmsd: 0.001549
  step:  38 bond rmsd: 0.001548
  step:  39 bond rmsd: 0.001548
  step:  40 bond rmsd: 0.001549
  step:  41 bond rmsd: 0.001549
  step:  42 bond rmsd: 0.001550
  step:  43 bond rmsd: 0.001551
  step:  44 bond rmsd: 0.001554
  step:  45 bond rmsd: 0.001555
  step:  46 bond rmsd: 0.001558
  step:  47 bond rmsd: 0.001572
  step:  48 bond rmsd: 0.001573
  step:  49 bond rmsd: 0.001573
  step:  50 bond rmsd: 0.001575
  step:  51 bond rmsd: 0.001577
  step:  52 bond rmsd: 0.001583
micro_cycle   9 rmsd(b):  0.0016 rws:  1.000 n_fev: 470
  step:   1 bond rmsd: 0.001583
  step:   2 bond rmsd: 0.067283
  step:   3 bond rmsd: 0.001988
  step:   4 bond rmsd: 0.001847
  step:   5 bond rmsd: 0.001752
  step:   6 bond rmsd: 0.001688
  step:   7 bond rmsd: 0.001645
  step:   8 bond rmsd: 0.001618
  step:   9 bond rmsd: 0.001600
  step:  10 bond rmsd: 0.001588
  step:  11 bond rmsd: 0.001581
  step:  12 bond rmsd: 0.001576
  step:  13 bond rmsd: 0.001573
  step:  14 bond rmsd: 0.001571
  step:  15 bond rmsd: 0.001570
  step:  16 bond rmsd: 0.001570
  step:  17 bond rmsd: 0.001569
  step:  18 bond rmsd: 0.001569
  step:  19 bond rmsd: 0.001569
  step:  20 bond rmsd: 0.001570
  step:  21 bond rmsd: 0.001570
  step:  22 bond rmsd: 0.001570
  step:  23 bond rmsd: 0.001571
  step:  24 bond rmsd: 0.001571
  step:  25 bond rmsd: 0.001570
  step:  26 bond rmsd: 0.001569
  step:  27 bond rmsd: 0.001567
  step:  28 bond rmsd: 0.001576
  step:  29 bond rmsd: 0.001580
  step:  30 bond rmsd: 0.001580
  step:  31 bond rmsd: 0.001588
  step:  32 bond rmsd: 0.001588
  step:  33 bond rmsd: 0.001591
  step:  34 bond rmsd: 0.001589
  step:  35 bond rmsd: 0.001589
  step:  36 bond rmsd: 0.001590
  step:  37 bond rmsd: 0.001590
  step:  38 bond rmsd: 0.001589
  step:  39 bond rmsd: 0.001589
  step:  40 bond rmsd: 0.001589
  step:  41 bond rmsd: 0.001585
  step:  42 bond rmsd: 0.001585
  step:  43 bond rmsd: 0.001581
  step:  44 bond rmsd: 0.001583
  step:  45 bond rmsd: 0.001582
  step:  46 bond rmsd: 0.001585
  step:  47 bond rmsd: 0.001590
  step:  48 bond rmsd: 0.001597
  step:  49 bond rmsd: 0.001608
  step:  50 bond rmsd: 0.001617
  step:  51 bond rmsd: 0.001702
  step:  52 bond rmsd: 0.001702
micro_cycle  10 rmsd(b):  0.0017 rws:  1.000 n_fev: 522
  step:   1 bond rmsd: 0.001702
  step:   2 bond rmsd: 0.042470
  step:   3 bond rmsd: 0.042470
  step:   4 bond rmsd: 0.034197
  step:   5 bond rmsd: 0.027553
  step:   6 bond rmsd: 0.022178
  step:   7 bond rmsd: 0.017841
  step:   8 bond rmsd: 0.014345
  step:   9 bond rmsd: 0.011532
  step:  10 bond rmsd: 0.009272
  step:  11 bond rmsd: 0.007463
  step:  12 bond rmsd: 0.006021
  step:  13 bond rmsd: 0.004878
  step:  14 bond rmsd: 0.003980
  step:  15 bond rmsd: 0.003283
  step:  16 bond rmsd: 0.002752
  step:  17 bond rmsd: 0.002356
  step:  18 bond rmsd: 0.002070
  step:  19 bond rmsd: 0.001871
  step:  20 bond rmsd: 0.001736
  step:  21 bond rmsd: 0.001650
  step:  22 bond rmsd: 0.001596
  step:  23 bond rmsd: 0.001564
  step:  24 bond rmsd: 0.001547
  step:  25 bond rmsd: 0.001538
  step:  26 bond rmsd: 0.001534
  step:  27 bond rmsd: 0.001533
  step:  28 bond rmsd: 0.001534
  step:  29 bond rmsd: 0.001536
  step:  30 bond rmsd: 0.001539
  step:  31 bond rmsd: 0.001542
  step:  32 bond rmsd: 0.001546
  step:  33 bond rmsd: 0.001549
  step:  34 bond rmsd: 0.001554
  step:  35 bond rmsd: 0.001558
  step:  36 bond rmsd: 0.001562
  step:  37 bond rmsd: 0.001559
  step:  38 bond rmsd: 0.001541
  step:  39 bond rmsd: 0.001555
  step:  40 bond rmsd: 0.001553
  step:  41 bond rmsd: 0.001560
  step:  42 bond rmsd: 0.001562
  step:  43 bond rmsd: 0.001562
  step:  44 bond rmsd: 0.001567
  step:  45 bond rmsd: 0.001568
  step:  46 bond rmsd: 0.001566
  step:  47 bond rmsd: 0.001571
  step:  48 bond rmsd: 0.001571
  step:  49 bond rmsd: 0.001571
  step:  50 bond rmsd: 0.001569
  step:  51 bond rmsd: 0.001569
  step:  52 bond rmsd: 0.001566
micro_cycle  11 rmsd(b):  0.0016 rws:  1.000 n_fev: 574
  step:   1 bond rmsd: 0.001566
  step:   2 bond rmsd: 0.049803
  step:   3 bond rmsd: 0.001666
  step:   4 bond rmsd: 0.001626
  step:   5 bond rmsd: 0.001600
  step:   6 bond rmsd: 0.001584
  step:   7 bond rmsd: 0.001574
  step:   8 bond rmsd: 0.001568
  step:   9 bond rmsd: 0.001564
  step:  10 bond rmsd: 0.001562
  step:  11 bond rmsd: 0.001561
  step:  12 bond rmsd: 0.001560
  step:  13 bond rmsd: 0.001560
  step:  14 bond rmsd: 0.001559
  step:  15 bond rmsd: 0.001559
  step:  16 bond rmsd: 0.001558
  step:  17 bond rmsd: 0.001558
  step:  18 bond rmsd: 0.001557
  step:  19 bond rmsd: 0.001556
  step:  20 bond rmsd: 0.001554
  step:  21 bond rmsd: 0.001552
  step:  22 bond rmsd: 0.001548
  step:  23 bond rmsd: 0.001542
  step:  24 bond rmsd: 0.001534
  step:  25 bond rmsd: 0.001544
  step:  26 bond rmsd: 0.001544
  step:  27 bond rmsd: 0.001541
  step:  28 bond rmsd: 0.001523
  step:  29 bond rmsd: 0.001525
  step:  30 bond rmsd: 0.001529
  step:  31 bond rmsd: 0.001530
  step:  32 bond rmsd: 0.001535
  step:  33 bond rmsd: 0.001540
  step:  34 bond rmsd: 0.001547
  step:  35 bond rmsd: 0.001552
  step:  36 bond rmsd: 0.001561
  step:  37 bond rmsd: 0.001569
  step:  38 bond rmsd: 0.001576
  step:  39 bond rmsd: 0.001588
  step:  40 bond rmsd: 0.001598
  step:  41 bond rmsd: 0.001605
  step:  42 bond rmsd: 0.001622
  step:  43 bond rmsd: 0.001632
  step:  44 bond rmsd: 0.001644
  step:  45 bond rmsd: 0.001656
  step:  46 bond rmsd: 0.001671
  step:  47 bond rmsd: 0.001675
  step:  48 bond rmsd: 0.001688
  step:  49 bond rmsd: 0.001700
  step:  50 bond rmsd: 0.001711
  step:  51 bond rmsd: 0.001714
  step:  52 bond rmsd: 0.001723
micro_cycle  12 rmsd(b):  0.0017 rws:  1.000 n_fev: 626
  step:   1 bond rmsd: 0.001723
  step:   2 bond rmsd: 0.067162
  step:   3 bond rmsd: 0.003129
  step:   4 bond rmsd: 0.002706
  step:   5 bond rmsd: 0.002395
  step:   6 bond rmsd: 0.002171
  step:   7 bond rmsd: 0.002012
  step:   8 bond rmsd: 0.001902
  step:   9 bond rmsd: 0.001826
  step:  10 bond rmsd: 0.001774
  step:  11 bond rmsd: 0.001739
  step:  12 bond rmsd: 0.001714
  step:  13 bond rmsd: 0.001696
  step:  14 bond rmsd: 0.001684
  step:  15 bond rmsd: 0.001674
  step:  16 bond rmsd: 0.001667
  step:  17 bond rmsd: 0.001662
  step:  18 bond rmsd: 0.001657
  step:  19 bond rmsd: 0.001653
  step:  20 bond rmsd: 0.001649
  step:  21 bond rmsd: 0.001645
  step:  22 bond rmsd: 0.001641
  step:  23 bond rmsd: 0.001635
  step:  24 bond rmsd: 0.001626
  step:  25 bond rmsd: 0.001614
  step:  26 bond rmsd: 0.001596
  step:  27 bond rmsd: 0.001572
  step:  28 bond rmsd: 0.001558
  step:  29 bond rmsd: 0.001548
  step:  30 bond rmsd: 0.001557
  step:  31 bond rmsd: 0.001547
  step:  32 bond rmsd: 0.001540
  step:  33 bond rmsd: 0.001535
  step:  34 bond rmsd: 0.001532
  step:  35 bond rmsd: 0.001528
  step:  36 bond rmsd: 0.001527
  step:  37 bond rmsd: 0.001524
  step:  38 bond rmsd: 0.001524
  step:  39 bond rmsd: 0.001521
  step:  40 bond rmsd: 0.001522
  step:  41 bond rmsd: 0.001519
  step:  42 bond rmsd: 0.001519
  step:  43 bond rmsd: 0.001519
  step:  44 bond rmsd: 0.001519
  step:  45 bond rmsd: 0.001519
  step:  46 bond rmsd: 0.001521
  step:  47 bond rmsd: 0.001520
  step:  48 bond rmsd: 0.001526
  step:  49 bond rmsd: 0.001527
  step:  50 bond rmsd: 0.001529
  step:  51 bond rmsd: 0.001531
  step:  52 bond rmsd: 0.001533
micro_cycle  13 rmsd(b):  0.0015 rws:  1.000 n_fev: 678
  step:   1 bond rmsd: 0.001533
  step:   2 bond rmsd: 0.070942
  step:   3 bond rmsd: 0.001546
  step:   4 bond rmsd: 0.001538
  step:   5 bond rmsd: 0.001534
  step:   6 bond rmsd: 0.001531
  step:   7 bond rmsd: 0.001530
  step:   8 bond rmsd: 0.001529
  step:   9 bond rmsd: 0.001529
  step:  10 bond rmsd: 0.001529
  step:  11 bond rmsd: 0.001529
  step:  12 bond rmsd: 0.001529
  step:  13 bond rmsd: 0.001529
  step:  14 bond rmsd: 0.001529
  step:  15 bond rmsd: 0.001529
  step:  16 bond rmsd: 0.001529
  step:  17 bond rmsd: 0.001529
  step:  18 bond rmsd: 0.001529
  step:  19 bond rmsd: 0.001529
  step:  20 bond rmsd: 0.001529
  step:  21 bond rmsd: 0.001528
  step:  22 bond rmsd: 0.001527
  step:  23 bond rmsd: 0.001525
  step:  24 bond rmsd: 0.001520
  step:  25 bond rmsd: 0.001516
  step:  26 bond rmsd: 0.001514
  step:  27 bond rmsd: 0.001511
  step:  28 bond rmsd: 0.001510
  step:  29 bond rmsd: 0.001509
  step:  30 bond rmsd: 0.001510
  step:  31 bond rmsd: 0.001510
  step:  32 bond rmsd: 0.001512
  step:  33 bond rmsd: 0.001512
  step:  34 bond rmsd: 0.001514
  step:  35 bond rmsd: 0.001517
  step:  36 bond rmsd: 0.001520
  step:  37 bond rmsd: 0.001525
  step:  38 bond rmsd: 0.001529
  step:  39 bond rmsd: 0.001539
  step:  40 bond rmsd: 0.001543
  step:  41 bond rmsd: 0.001554
  step:  42 bond rmsd: 0.001560
  step:  43 bond rmsd: 0.001566
  step:  44 bond rmsd: 0.001573
  step:  45 bond rmsd: 0.001583
  step:  46 bond rmsd: 0.001591
  step:  47 bond rmsd: 0.001588
  step:  48 bond rmsd: 0.001594
  step:  49 bond rmsd: 0.001596
  step:  50 bond rmsd: 0.001601
  step:  51 bond rmsd: 0.001591
  step:  52 bond rmsd: 0.001586
micro_cycle  14 rmsd(b):  0.0016 rws:  1.000 n_fev: 730
  step:   1 bond rmsd: 0.001586
  step:   2 bond rmsd: 0.049863
  step:   3 bond rmsd: 0.006916
  step:   4 bond rmsd: 0.005635
  step:   5 bond rmsd: 0.004627
  step:   6 bond rmsd: 0.003842
  step:   7 bond rmsd: 0.003237
  step:   8 bond rmsd: 0.002777
  step:   9 bond rmsd: 0.002433
  step:  10 bond rmsd: 0.002180
  step:  11 bond rmsd: 0.001997
  step:  12 bond rmsd: 0.001867
  step:  13 bond rmsd: 0.001776
  step:  14 bond rmsd: 0.001713
  step:  15 bond rmsd: 0.001669
  step:  16 bond rmsd: 0.001638
  step:  17 bond rmsd: 0.001616
  step:  18 bond rmsd: 0.001600
  step:  19 bond rmsd: 0.001589
  step:  20 bond rmsd: 0.001580
  step:  21 bond rmsd: 0.001574
  step:  22 bond rmsd: 0.001569
  step:  23 bond rmsd: 0.001564
  step:  24 bond rmsd: 0.001560
  step:  25 bond rmsd: 0.001557
  step:  26 bond rmsd: 0.001553
  step:  27 bond rmsd: 0.001549
  step:  28 bond rmsd: 0.001544
  step:  29 bond rmsd: 0.001538
  step:  30 bond rmsd: 0.001530
  step:  31 bond rmsd: 0.001519
  step:  32 bond rmsd: 0.001506
  step:  33 bond rmsd: 0.001496
  step:  34 bond rmsd: 0.001490
  step:  35 bond rmsd: 0.001482
  step:  36 bond rmsd: 0.001475
  step:  37 bond rmsd: 0.001475
  step:  38 bond rmsd: 0.001472
  step:  39 bond rmsd: 0.001475
  step:  40 bond rmsd: 0.001473
  step:  41 bond rmsd: 0.001473
  step:  42 bond rmsd: 0.001471
  step:  43 bond rmsd: 0.001469
  step:  44 bond rmsd: 0.001473
  step:  45 bond rmsd: 0.001471
  step:  46 bond rmsd: 0.001475
  step:  47 bond rmsd: 0.001477
  step:  48 bond rmsd: 0.001481
  step:  49 bond rmsd: 0.001486
  step:  50 bond rmsd: 0.001492
  step:  51 bond rmsd: 0.001496
  step:  52 bond rmsd: 0.001502
micro_cycle  15 rmsd(b):  0.0015 rws:  1.000 n_fev: 782
  step:   1 bond rmsd: 0.001502
  step:   2 bond rmsd: 0.081870
  step:   3 bond rmsd: 0.001505
  step:   4 bond rmsd: 0.001503
  step:   5 bond rmsd: 0.001501
  step:   6 bond rmsd: 0.001501
  step:   7 bond rmsd: 0.001500
  step:   8 bond rmsd: 0.001500
  step:   9 bond rmsd: 0.001500
  step:  10 bond rmsd: 0.001501
  step:  11 bond rmsd: 0.001501
  step:  12 bond rmsd: 0.001501
  step:  13 bond rmsd: 0.001501
  step:  14 bond rmsd: 0.001501
  step:  15 bond rmsd: 0.001501
  step:  16 bond rmsd: 0.001501
  step:  17 bond rmsd: 0.001502
  step:  18 bond rmsd: 0.001502
  step:  19 bond rmsd: 0.001501
  step:  20 bond rmsd: 0.001501
  step:  21 bond rmsd: 0.001500
  step:  22 bond rmsd: 0.001499
  step:  23 bond rmsd: 0.001499
  step:  24 bond rmsd: 0.001499
  step:  25 bond rmsd: 0.001499
  step:  26 bond rmsd: 0.001500
  step:  27 bond rmsd: 0.001500
  step:  28 bond rmsd: 0.001501
  step:  29 bond rmsd: 0.001502
  step:  30 bond rmsd: 0.001503
  step:  31 bond rmsd: 0.001504
  step:  32 bond rmsd: 0.001505
  step:  33 bond rmsd: 0.001509
  step:  34 bond rmsd: 0.001511
  step:  35 bond rmsd: 0.001514
  step:  36 bond rmsd: 0.001516
  step:  37 bond rmsd: 0.001517
  step:  38 bond rmsd: 0.001520
  step:  39 bond rmsd: 0.001521
  step:  40 bond rmsd: 0.001523
  step:  41 bond rmsd: 0.001526
  step:  42 bond rmsd: 0.001527
  step:  43 bond rmsd: 0.001529
  step:  44 bond rmsd: 0.001529
  step:  45 bond rmsd: 0.001530
  step:  46 bond rmsd: 0.001529
  step:  47 bond rmsd: 0.001528
  step:  48 bond rmsd: 0.001526
  step:  49 bond rmsd: 0.001524
  step:  50 bond rmsd: 0.001522
  step:  51 bond rmsd: 0.001517
  step:  52 bond rmsd: 0.001516
micro_cycle  16 rmsd(b):  0.0015 rws:  1.000 n_fev: 834
  step:   1 bond rmsd: 0.001516
  step:   2 bond rmsd: 0.041472
  step:   3 bond rmsd: 0.004603
  step:   4 bond rmsd: 0.003766
  step:   5 bond rmsd: 0.003121
  step:   6 bond rmsd: 0.002630
  step:   7 bond rmsd: 0.002265
  step:   8 bond rmsd: 0.002002
  step:   9 bond rmsd: 0.001818
  step:  10 bond rmsd: 0.001694
  step:  11 bond rmsd: 0.001613
  step:  12 bond rmsd: 0.001562
  step:  13 bond rmsd: 0.001530
  step:  14 bond rmsd: 0.001511
  step:  15 bond rmsd: 0.001501
  step:  16 bond rmsd: 0.001495
  step:  17 bond rmsd: 0.001492
  step:  18 bond rmsd: 0.001491
  step:  19 bond rmsd: 0.001491
  step:  20 bond rmsd: 0.001492
  step:  21 bond rmsd: 0.001493
  step:  22 bond rmsd: 0.001494
  step:  23 bond rmsd: 0.001495
  step:  24 bond rmsd: 0.001496
  step:  25 bond rmsd: 0.001497
  step:  26 bond rmsd: 0.001498
  step:  27 bond rmsd: 0.001499
  step:  28 bond rmsd: 0.001500
  step:  29 bond rmsd: 0.001500
  step:  30 bond rmsd: 0.001500
  step:  31 bond rmsd: 0.001497
  step:  32 bond rmsd: 0.001495
  step:  33 bond rmsd: 0.001495
  step:  34 bond rmsd: 0.001495
  step:  35 bond rmsd: 0.001497
  step:  36 bond rmsd: 0.001497
  step:  37 bond rmsd: 0.001498
  step:  38 bond rmsd: 0.001498
  step:  39 bond rmsd: 0.001500
  step:  40 bond rmsd: 0.001497
  step:  41 bond rmsd: 0.001499
  step:  42 bond rmsd: 0.001501
  step:  43 bond rmsd: 0.001505
  step:  44 bond rmsd: 0.001508
  step:  45 bond rmsd: 0.001514
  step:  46 bond rmsd: 0.001519
  step:  47 bond rmsd: 0.001523
  step:  48 bond rmsd: 0.001533
  step:  49 bond rmsd: 0.001535
  step:  50 bond rmsd: 0.001537
  step:  51 bond rmsd: 0.001537
  step:  52 bond rmsd: 0.001537
micro_cycle  17 rmsd(b):  0.0015 rws:  1.000 n_fev: 886
  step:   1 bond rmsd: 0.001537
  step:   2 bond rmsd: 0.053263
  step:   3 bond rmsd: 0.001518
  step:   4 bond rmsd: 0.001518
  step:   5 bond rmsd: 0.001518
  step:   6 bond rmsd: 0.001520
  step:   7 bond rmsd: 0.001521
  step:   8 bond rmsd: 0.001522
  step:   9 bond rmsd: 0.001524
  step:  10 bond rmsd: 0.001525
  step:  11 bond rmsd: 0.001525
  step:  12 bond rmsd: 0.001526
  step:  13 bond rmsd: 0.001527
  step:  14 bond rmsd: 0.001527
  step:  15 bond rmsd: 0.001528
  step:  16 bond rmsd: 0.001528
  step:  17 bond rmsd: 0.001528
  step:  18 bond rmsd: 0.001528
  step:  19 bond rmsd: 0.001527
  step:  20 bond rmsd: 0.001526
  step:  21 bond rmsd: 0.001524
  step:  22 bond rmsd: 0.001520
  step:  23 bond rmsd: 0.001513
  step:  24 bond rmsd: 0.001508
  step:  25 bond rmsd: 0.001504
  step:  26 bond rmsd: 0.001496
  step:  27 bond rmsd: 0.001493
  step:  28 bond rmsd: 0.001491
  step:  29 bond rmsd: 0.001488
  step:  30 bond rmsd: 0.001486
  step:  31 bond rmsd: 0.001484
  step:  32 bond rmsd: 0.001482
  step:  33 bond rmsd: 0.001480
  step:  34 bond rmsd: 0.001479
  step:  35 bond rmsd: 0.001478
  step:  36 bond rmsd: 0.001478
  step:  37 bond rmsd: 0.001476
  step:  38 bond rmsd: 0.001474
  step:  39 bond rmsd: 0.001473
  step:  40 bond rmsd: 0.001475
  step:  41 bond rmsd: 0.001475
  step:  42 bond rmsd: 0.001477
  step:  43 bond rmsd: 0.001481
  step:  44 bond rmsd: 0.001484
  step:  45 bond rmsd: 0.001487
  step:  46 bond rmsd: 0.001495
  step:  47 bond rmsd: 0.001499
  step:  48 bond rmsd: 0.001503
  step:  49 bond rmsd: 0.001515
  step:  50 bond rmsd: 0.001521
  step:  51 bond rmsd: 0.001529
  step:  52 bond rmsd: 0.001537
micro_cycle  18 rmsd(b):  0.0015 rws:  1.000 n_fev: 938
  step:   1 bond rmsd: 0.001537
  step:   2 bond rmsd: 0.046711
  step:   3 bond rmsd: 0.001805
  step:   4 bond rmsd: 0.001697
  step:   5 bond rmsd: 0.001626
  step:   6 bond rmsd: 0.001582
  step:   7 bond rmsd: 0.001554
  step:   8 bond rmsd: 0.001538
  step:   9 bond rmsd: 0.001528
  step:  10 bond rmsd: 0.001523
  step:  11 bond rmsd: 0.001520
  step:  12 bond rmsd: 0.001519
  step:  13 bond rmsd: 0.001518
  step:  14 bond rmsd: 0.001518
  step:  15 bond rmsd: 0.001518
  step:  16 bond rmsd: 0.001518
  step:  17 bond rmsd: 0.001519
  step:  18 bond rmsd: 0.001519
  step:  19 bond rmsd: 0.001519
  step:  20 bond rmsd: 0.001519
  step:  21 bond rmsd: 0.001519
  step:  22 bond rmsd: 0.001519
  step:  23 bond rmsd: 0.001518
  step:  24 bond rmsd: 0.001516
  step:  25 bond rmsd: 0.001512
  step:  26 bond rmsd: 0.001505
  step:  27 bond rmsd: 0.001500
  step:  28 bond rmsd: 0.001496
  step:  29 bond rmsd: 0.001491
  step:  30 bond rmsd: 0.001489
  step:  31 bond rmsd: 0.001487
  step:  32 bond rmsd: 0.001486
  step:  33 bond rmsd: 0.001484
  step:  34 bond rmsd: 0.001483
  step:  35 bond rmsd: 0.001489
  step:  36 bond rmsd: 0.001490
  step:  37 bond rmsd: 0.001493
  step:  38 bond rmsd: 0.001493
  step:  39 bond rmsd: 0.001494
  step:  40 bond rmsd: 0.001495
  step:  41 bond rmsd: 0.001496
  step:  42 bond rmsd: 0.001497
  step:  43 bond rmsd: 0.001498
  step:  44 bond rmsd: 0.001499
  step:  45 bond rmsd: 0.001500
  step:  46 bond rmsd: 0.001501
  step:  47 bond rmsd: 0.001502
  step:  48 bond rmsd: 0.001503
  step:  49 bond rmsd: 0.001504
  step:  50 bond rmsd: 0.001503
  step:  51 bond rmsd: 0.001505
  step:  52 bond rmsd: 0.001500
micro_cycle  19 rmsd(b):  0.0015 rws:  1.000 n_fev: 990
  step:   1 bond rmsd: 0.001500
  step:   2 bond rmsd: 0.044204
  step:   3 bond rmsd: 0.002008
  step:   4 bond rmsd: 0.001862
  step:   5 bond rmsd: 0.001759
  step:   6 bond rmsd: 0.001685
  step:   7 bond rmsd: 0.001634
  step:   8 bond rmsd: 0.001598
  step:   9 bond rmsd: 0.001572
  step:  10 bond rmsd: 0.001554
  step:  11 bond rmsd: 0.001541
  step:  12 bond rmsd: 0.001531
  step:  13 bond rmsd: 0.001524
  step:  14 bond rmsd: 0.001519
  step:  15 bond rmsd: 0.001515
  step:  16 bond rmsd: 0.001512
  step:  17 bond rmsd: 0.001510
  step:  18 bond rmsd: 0.001508
  step:  19 bond rmsd: 0.001506
  step:  20 bond rmsd: 0.001505
  step:  21 bond rmsd: 0.001504
  step:  22 bond rmsd: 0.001503
  step:  23 bond rmsd: 0.001502
  step:  24 bond rmsd: 0.001501
  step:  25 bond rmsd: 0.001500
  step:  26 bond rmsd: 0.001499
  step:  27 bond rmsd: 0.001497
  step:  28 bond rmsd: 0.001495
  step:  29 bond rmsd: 0.001492
  step:  30 bond rmsd: 0.001490
  step:  31 bond rmsd: 0.001489
  step:  32 bond rmsd: 0.001488
  step:  33 bond rmsd: 0.001486
  step:  34 bond rmsd: 0.001489
  step:  35 bond rmsd: 0.001489
  step:  36 bond rmsd: 0.001488
  step:  37 bond rmsd: 0.001486
  step:  38 bond rmsd: 0.001485
  step:  39 bond rmsd: 0.001484
  step:  40 bond rmsd: 0.001483
  step:  41 bond rmsd: 0.001483
  step:  42 bond rmsd: 0.001483
  step:  43 bond rmsd: 0.001483
  step:  44 bond rmsd: 0.001483
  step:  45 bond rmsd: 0.001483
  step:  46 bond rmsd: 0.001484
  step:  47 bond rmsd: 0.001478
  step:  48 bond rmsd: 0.001478
  step:  49 bond rmsd: 0.001480
  step:  50 bond rmsd: 0.001481
  step:  51 bond rmsd: 0.001483
  step:  52 bond rmsd: 0.001485
  step:  53 bond rmsd: 0.001488
  step:  54 bond rmsd: 0.001490
micro_cycle  20 rmsd(b):  0.0015 rws:  1.000 n_fev: 1044
  step:   1 bond rmsd: 0.001490
  step:   2 bond rmsd: 0.042938
  step:   3 bond rmsd: 0.001512
  step:   4 bond rmsd: 0.001508
  step:   5 bond rmsd: 0.001505
  step:   6 bond rmsd: 0.001502
  step:   7 bond rmsd: 0.001500
  step:   8 bond rmsd: 0.001498
  step:   9 bond rmsd: 0.001497
  step:  10 bond rmsd: 0.001495
  step:  11 bond rmsd: 0.001494
  step:  12 bond rmsd: 0.001493
  step:  13 bond rmsd: 0.001492
  step:  14 bond rmsd: 0.001491
  step:  15 bond rmsd: 0.001490
  step:  16 bond rmsd: 0.001490
  step:  17 bond rmsd: 0.001490
  step:  18 bond rmsd: 0.001492
  step:  19 bond rmsd: 0.001493
  step:  20 bond rmsd: 0.001495
  step:  21 bond rmsd: 0.001496
  step:  22 bond rmsd: 0.001498
  step:  23 bond rmsd: 0.001498
  step:  24 bond rmsd: 0.001499
  step:  25 bond rmsd: 0.001500
  step:  26 bond rmsd: 0.001500
  step:  27 bond rmsd: 0.001500
  step:  28 bond rmsd: 0.001500
  step:  29 bond rmsd: 0.001500
  step:  30 bond rmsd: 0.001499
  step:  31 bond rmsd: 0.001498
  step:  32 bond rmsd: 0.001497
  step:  33 bond rmsd: 0.001496
  step:  34 bond rmsd: 0.001495
  step:  35 bond rmsd: 0.001492
  step:  36 bond rmsd: 0.001491
  step:  37 bond rmsd: 0.001488
  step:  38 bond rmsd: 0.001486
  step:  39 bond rmsd: 0.001485
  step:  40 bond rmsd: 0.001483
  step:  41 bond rmsd: 0.001481
  step:  42 bond rmsd: 0.001479
  step:  43 bond rmsd: 0.001478
  step:  44 bond rmsd: 0.001476
  step:  45 bond rmsd: 0.001492
  step:  46 bond rmsd: 0.001488
  step:  47 bond rmsd: 0.001485
  step:  48 bond rmsd: 0.001481
  step:  49 bond rmsd: 0.001479
  step:  50 bond rmsd: 0.001478
  step:  51 bond rmsd: 0.001477
  step:  52 bond rmsd: 0.001477
micro_cycle  21 rmsd(b):  0.0015 rws:  1.000 n_fev: 1096
  step:   1 bond rmsd: 0.001477
  step:   2 bond rmsd: 0.047276
  step:   3 bond rmsd: 0.001618
  step:   4 bond rmsd: 0.001579
  step:   5 bond rmsd: 0.001552
  step:   6 bond rmsd: 0.001533
  step:   7 bond rmsd: 0.001519
  step:   8 bond rmsd: 0.001508
  step:   9 bond rmsd: 0.001500
  step:  10 bond rmsd: 0.001494
  step:  11 bond rmsd: 0.001490
  step:  12 bond rmsd: 0.001487
  step:  13 bond rmsd: 0.001484
  step:  14 bond rmsd: 0.001482
  step:  15 bond rmsd: 0.001480
  step:  16 bond rmsd: 0.001479
  step:  17 bond rmsd: 0.001478
  step:  18 bond rmsd: 0.001477
  step:  19 bond rmsd: 0.001476
  step:  20 bond rmsd: 0.001475
  step:  21 bond rmsd: 0.001475
  step:  22 bond rmsd: 0.001476
  step:  23 bond rmsd: 0.001484
  step:  24 bond rmsd: 0.001485
  step:  25 bond rmsd: 0.001485
  step:  26 bond rmsd: 0.001487
  step:  27 bond rmsd: 0.001488
  step:  28 bond rmsd: 0.001489
  step:  29 bond rmsd: 0.001490
  step:  30 bond rmsd: 0.001491
  step:  31 bond rmsd: 0.001489
  step:  32 bond rmsd: 0.001491
  step:  33 bond rmsd: 0.001492
  step:  34 bond rmsd: 0.001493
  step:  35 bond rmsd: 0.001495
  step:  36 bond rmsd: 0.001497
  step:  37 bond rmsd: 0.001500
  step:  38 bond rmsd: 0.001501
  step:  39 bond rmsd: 0.001503
  step:  40 bond rmsd: 0.001506
  step:  41 bond rmsd: 0.001508
  step:  42 bond rmsd: 0.001509
  step:  43 bond rmsd: 0.001510
  step:  44 bond rmsd: 0.001514
  step:  45 bond rmsd: 0.001515
  step:  46 bond rmsd: 0.001517
  step:  47 bond rmsd: 0.001519
  step:  48 bond rmsd: 0.001520
  step:  49 bond rmsd: 0.001521
  step:  50 bond rmsd: 0.001522
  step:  51 bond rmsd: 0.001526
  step:  52 bond rmsd: 0.001524
micro_cycle  22 rmsd(b):  0.0015 rws:  1.000 n_fev: 1148
  step:   1 bond rmsd: 0.001524
  step:   2 bond rmsd: 0.053441
  step:   3 bond rmsd: 0.001632
  step:   4 bond rmsd: 0.001602
  step:   5 bond rmsd: 0.001581
  step:   6 bond rmsd: 0.001565
  step:   7 bond rmsd: 0.001554
  step:   8 bond rmsd: 0.001545
  step:   9 bond rmsd: 0.001538
  step:  10 bond rmsd: 0.001532
  step:  11 bond rmsd: 0.001527
  step:  12 bond rmsd: 0.001523
  step:  13 bond rmsd: 0.001520
  step:  14 bond rmsd: 0.001517
  step:  15 bond rmsd: 0.001515
  step:  16 bond rmsd: 0.001512
  step:  17 bond rmsd: 0.001510
  step:  18 bond rmsd: 0.001508
  step:  19 bond rmsd: 0.001505
  step:  20 bond rmsd: 0.001501
  step:  21 bond rmsd: 0.001497
  step:  22 bond rmsd: 0.001494
  step:  23 bond rmsd: 0.001492
  step:  24 bond rmsd: 0.001490
  step:  25 bond rmsd: 0.001491
  step:  26 bond rmsd: 0.001490
  step:  27 bond rmsd: 0.001489
  step:  28 bond rmsd: 0.001488
  step:  29 bond rmsd: 0.001488
  step:  30 bond rmsd: 0.001488
  step:  31 bond rmsd: 0.001487
  step:  32 bond rmsd: 0.001487
  step:  33 bond rmsd: 0.001486
  step:  34 bond rmsd: 0.001486
  step:  35 bond rmsd: 0.001488
  step:  36 bond rmsd: 0.001488
  step:  37 bond rmsd: 0.001488
  step:  38 bond rmsd: 0.001488
  step:  39 bond rmsd: 0.001489
  step:  40 bond rmsd: 0.001490
  step:  41 bond rmsd: 0.001491
  step:  42 bond rmsd: 0.001491
  step:  43 bond rmsd: 0.001493
  step:  44 bond rmsd: 0.001493
  step:  45 bond rmsd: 0.001494
  step:  46 bond rmsd: 0.001495
  step:  47 bond rmsd: 0.001496
  step:  48 bond rmsd: 0.001497
  step:  49 bond rmsd: 0.001498
  step:  50 bond rmsd: 0.001500
  step:  51 bond rmsd: 0.001501
  step:  52 bond rmsd: 0.001502
micro_cycle  23 rmsd(b):  0.0015 rws:  1.000 n_fev: 1200
  step:   1 bond rmsd: 0.001502
  step:   2 bond rmsd: 0.070525
  step:   3 bond rmsd: 0.001509
  step:   4 bond rmsd: 0.001504
  step:   5 bond rmsd: 0.001502
  step:   6 bond rmsd: 0.001501
  step:   7 bond rmsd: 0.001500
  step:   8 bond rmsd: 0.001499
  step:   9 bond rmsd: 0.001499
  step:  10 bond rmsd: 0.001499
  step:  11 bond rmsd: 0.001499
  step:  12 bond rmsd: 0.001499
  step:  13 bond rmsd: 0.001499
  step:  14 bond rmsd: 0.001499
  step:  15 bond rmsd: 0.001499
  step:  16 bond rmsd: 0.001499
  step:  17 bond rmsd: 0.001499
  step:  18 bond rmsd: 0.001499
  step:  19 bond rmsd: 0.001498
  step:  20 bond rmsd: 0.001498
  step:  21 bond rmsd: 0.001497
  step:  22 bond rmsd: 0.001495
  step:  23 bond rmsd: 0.001493
  step:  24 bond rmsd: 0.001491
  step:  25 bond rmsd: 0.001489
  step:  26 bond rmsd: 0.001488
  step:  27 bond rmsd: 0.001487
  step:  28 bond rmsd: 0.001486
  step:  29 bond rmsd: 0.001486
  step:  30 bond rmsd: 0.001485
  step:  31 bond rmsd: 0.001485
  step:  32 bond rmsd: 0.001485
  step:  33 bond rmsd: 0.001484
  step:  34 bond rmsd: 0.001485
  step:  35 bond rmsd: 0.001485
  step:  36 bond rmsd: 0.001490
  step:  37 bond rmsd: 0.001490
  step:  38 bond rmsd: 0.001489
  step:  39 bond rmsd: 0.001490
  step:  40 bond rmsd: 0.001490
  step:  41 bond rmsd: 0.001490
  step:  42 bond rmsd: 0.001491
  step:  43 bond rmsd: 0.001492
  step:  44 bond rmsd: 0.001492
  step:  45 bond rmsd: 0.001494
  step:  46 bond rmsd: 0.001494
  step:  47 bond rmsd: 0.001496
  step:  48 bond rmsd: 0.001502
  step:  49 bond rmsd: 0.001507
  step:  50 bond rmsd: 0.001511
  step:  51 bond rmsd: 0.001520
  step:  52 bond rmsd: 0.001524
micro_cycle  24 rmsd(b):  0.0015 rws:  1.000 n_fev: 1252
  step:   1 bond rmsd: 0.001524
  step:   2 bond rmsd: 0.070111
  step:   3 bond rmsd: 0.001513
  step:   4 bond rmsd: 0.001513
  step:   5 bond rmsd: 0.001513
  step:   6 bond rmsd: 0.001514
  step:   7 bond rmsd: 0.001514
  step:   8 bond rmsd: 0.001514
  step:   9 bond rmsd: 0.001515
  step:  10 bond rmsd: 0.001515
  step:  11 bond rmsd: 0.001515
  step:  12 bond rmsd: 0.001515
  step:  13 bond rmsd: 0.001515
  step:  14 bond rmsd: 0.001515
  step:  15 bond rmsd: 0.001514
  step:  16 bond rmsd: 0.001514
  step:  17 bond rmsd: 0.001512
  step:  18 bond rmsd: 0.001510
  step:  19 bond rmsd: 0.001507
  step:  20 bond rmsd: 0.001500
  step:  21 bond rmsd: 0.001498
  step:  22 bond rmsd: 0.001495
  step:  23 bond rmsd: 0.001493
  step:  24 bond rmsd: 0.001490
  step:  25 bond rmsd: 0.001489
  step:  26 bond rmsd: 0.001486
  step:  27 bond rmsd: 0.001486
  step:  28 bond rmsd: 0.001484
  step:  29 bond rmsd: 0.001484
  step:  30 bond rmsd: 0.001483
  step:  31 bond rmsd: 0.001483
  step:  32 bond rmsd: 0.001483
  step:  33 bond rmsd: 0.001483
  step:  34 bond rmsd: 0.001482
  step:  35 bond rmsd: 0.001482
  step:  36 bond rmsd: 0.001481
  step:  37 bond rmsd: 0.001481
  step:  38 bond rmsd: 0.001482
  step:  39 bond rmsd: 0.001482
  step:  40 bond rmsd: 0.001483
  step:  41 bond rmsd: 0.001484
  step:  42 bond rmsd: 0.001488
  step:  43 bond rmsd: 0.001489
  step:  44 bond rmsd: 0.001493
  step:  45 bond rmsd: 0.001495
  step:  46 bond rmsd: 0.001501
  step:  47 bond rmsd: 0.001505
  step:  48 bond rmsd: 0.001505
  step:  49 bond rmsd: 0.001510
  step:  50 bond rmsd: 0.001521
  step:  51 bond rmsd: 0.001526
  step:  52 bond rmsd: 0.001533
micro_cycle  25 rmsd(b):  0.0015 rws:  1.000 n_fev: 1304
  step:   1 bond rmsd: 0.001533
  step:   2 bond rmsd: 0.059437
  step:   3 bond rmsd: 0.005408
  step:   4 bond rmsd: 0.004441
  step:   5 bond rmsd: 0.003686
  step:   6 bond rmsd: 0.003105
  step:   7 bond rmsd: 0.002664
  step:   8 bond rmsd: 0.002335
  step:   9 bond rmsd: 0.002094
  step:  10 bond rmsd: 0.001922
  step:  11 bond rmsd: 0.001800
  step:  12 bond rmsd: 0.001716
  step:  13 bond rmsd: 0.001657
  step:  14 bond rmsd: 0.001618
  step:  15 bond rmsd: 0.001590
  step:  16 bond rmsd: 0.001571
  step:  17 bond rmsd: 0.001558
  step:  18 bond rmsd: 0.001549
  step:  19 bond rmsd: 0.001542
  step:  20 bond rmsd: 0.001537
  step:  21 bond rmsd: 0.001534
  step:  22 bond rmsd: 0.001531
  step:  23 bond rmsd: 0.001529
  step:  24 bond rmsd: 0.001527
  step:  25 bond rmsd: 0.001525
  step:  26 bond rmsd: 0.001524
  step:  27 bond rmsd: 0.001522
  step:  28 bond rmsd: 0.001520
  step:  29 bond rmsd: 0.001518
  step:  30 bond rmsd: 0.001515
  step:  31 bond rmsd: 0.001511
  step:  32 bond rmsd: 0.001507
  step:  33 bond rmsd: 0.001502
  step:  34 bond rmsd: 0.001500
  step:  35 bond rmsd: 0.001498
  step:  36 bond rmsd: 0.001495
  step:  37 bond rmsd: 0.001493
  step:  38 bond rmsd: 0.001495
  step:  39 bond rmsd: 0.001494
  step:  40 bond rmsd: 0.001494
  step:  41 bond rmsd: 0.001493
  step:  42 bond rmsd: 0.001493
  step:  43 bond rmsd: 0.001492
  step:  44 bond rmsd: 0.001492
  step:  45 bond rmsd: 0.001491
  step:  46 bond rmsd: 0.001491
  step:  47 bond rmsd: 0.001491
  step:  48 bond rmsd: 0.001491
  step:  49 bond rmsd: 0.001490
  step:  50 bond rmsd: 0.001490
  step:  51 bond rmsd: 0.001490
  step:  52 bond rmsd: 0.001490
micro_cycle  26 rmsd(b):  0.0015 rws:  1.000 n_fev: 1356
  step:   1 bond rmsd: 0.001490
  step:   2 bond rmsd: 0.070886
  step:   3 bond rmsd: 0.001495
  step:   4 bond rmsd: 0.001494
  step:   5 bond rmsd: 0.001493
  step:   6 bond rmsd: 0.001493
  step:   7 bond rmsd: 0.001492
  step:   8 bond rmsd: 0.001492
  step:   9 bond rmsd: 0.001492
  step:  10 bond rmsd: 0.001491
  step:  11 bond rmsd: 0.001491
  step:  12 bond rmsd: 0.001491
  step:  13 bond rmsd: 0.001491
  step:  14 bond rmsd: 0.001491
  step:  15 bond rmsd: 0.001491
  step:  16 bond rmsd: 0.001491
  step:  17 bond rmsd: 0.001491
  step:  18 bond rmsd: 0.001492
  step:  19 bond rmsd: 0.001492
  step:  20 bond rmsd: 0.001493
  step:  21 bond rmsd: 0.001493
  step:  22 bond rmsd: 0.001494
  step:  23 bond rmsd: 0.001494
  step:  24 bond rmsd: 0.001493
  step:  25 bond rmsd: 0.001494
  step:  26 bond rmsd: 0.001493
  step:  27 bond rmsd: 0.001494
  step:  28 bond rmsd: 0.001494
  step:  29 bond rmsd: 0.001493
  step:  30 bond rmsd: 0.001494
  step:  31 bond rmsd: 0.001493
  step:  32 bond rmsd: 0.001494
  step:  33 bond rmsd: 0.001494
  step:  34 bond rmsd: 0.001497
  step:  35 bond rmsd: 0.001496
  step:  36 bond rmsd: 0.001494
  step:  37 bond rmsd: 0.001493
  step:  38 bond rmsd: 0.001492
  step:  39 bond rmsd: 0.001488
  step:  40 bond rmsd: 0.001488
  step:  41 bond rmsd: 0.001488
  step:  42 bond rmsd: 0.001487
  step:  43 bond rmsd: 0.001487
  step:  44 bond rmsd: 0.001488
  step:  45 bond rmsd: 0.001488
  step:  46 bond rmsd: 0.001486
  step:  47 bond rmsd: 0.001488
  step:  48 bond rmsd: 0.001489
  step:  49 bond rmsd: 0.001494
  step:  50 bond rmsd: 0.001495
  step:  51 bond rmsd: 0.001496
  step:  52 bond rmsd: 0.001499
micro_cycle  27 rmsd(b):  0.0015 rws:  1.000 n_fev: 1408
  step:   1 bond rmsd: 0.001499
  step:   2 bond rmsd: 0.065427
  step:   3 bond rmsd: 0.001927
  step:   4 bond rmsd: 0.001773
  step:   5 bond rmsd: 0.001668
  step:   6 bond rmsd: 0.001600
  step:   7 bond rmsd: 0.001556
  step:   8 bond rmsd: 0.001528
  step:   9 bond rmsd: 0.001511
  step:  10 bond rmsd: 0.001501
  step:  11 bond rmsd: 0.001494
  step:  12 bond rmsd: 0.001491
  step:  13 bond rmsd: 0.001489
  step:  14 bond rmsd: 0.001488
  step:  15 bond rmsd: 0.001488
  step:  16 bond rmsd: 0.001488
  step:  17 bond rmsd: 0.001488
  step:  18 bond rmsd: 0.001488
  step:  19 bond rmsd: 0.001489
  step:  20 bond rmsd: 0.001489
  step:  21 bond rmsd: 0.001489
  step:  22 bond rmsd: 0.001489
  step:  23 bond rmsd: 0.001489
  step:  24 bond rmsd: 0.001489
  step:  25 bond rmsd: 0.001488
  step:  26 bond rmsd: 0.001487
  step:  27 bond rmsd: 0.001486
  step:  28 bond rmsd: 0.001487
  step:  29 bond rmsd: 0.001486
  step:  30 bond rmsd: 0.001488
  step:  31 bond rmsd: 0.001488
  step:  32 bond rmsd: 0.001490
  step:  33 bond rmsd: 0.001491
  step:  34 bond rmsd: 0.001492
  step:  35 bond rmsd: 0.001493
  step:  36 bond rmsd: 0.001494
  step:  37 bond rmsd: 0.001496
  step:  38 bond rmsd: 0.001497
  step:  39 bond rmsd: 0.001502
  step:  40 bond rmsd: 0.001502
  step:  41 bond rmsd: 0.001502
  step:  42 bond rmsd: 0.001502
  step:  43 bond rmsd: 0.001502
  step:  44 bond rmsd: 0.001502
  step:  45 bond rmsd: 0.001502
  step:  46 bond rmsd: 0.001501
  step:  47 bond rmsd: 0.001501
  step:  48 bond rmsd: 0.001501
  step:  49 bond rmsd: 0.001502
  step:  50 bond rmsd: 0.001502
  step:  51 bond rmsd: 0.001502
  step:  52 bond rmsd: 0.001502
  step:  53 bond rmsd: 0.001501
micro_cycle  28 rmsd(b):  0.0015 rws:  1.000 n_fev: 1461
  step:   1 bond rmsd: 0.001501
  step:   2 bond rmsd: 0.063693
  step:   3 bond rmsd: 0.001503
  step:   4 bond rmsd: 0.001503
  step:   5 bond rmsd: 0.001502
  step:   6 bond rmsd: 0.001502
  step:   7 bond rmsd: 0.001502
  step:   8 bond rmsd: 0.001502
  step:   9 bond rmsd: 0.001501
  step:  10 bond rmsd: 0.001501
  step:  11 bond rmsd: 0.001501
  step:  12 bond rmsd: 0.001501
  step:  13 bond rmsd: 0.001501
  step:  14 bond rmsd: 0.001500
  step:  15 bond rmsd: 0.001500
  step:  16 bond rmsd: 0.001499
  step:  17 bond rmsd: 0.001499
  step:  18 bond rmsd: 0.001497
  step:  19 bond rmsd: 0.001496
  step:  20 bond rmsd: 0.001494
  step:  21 bond rmsd: 0.001493
  step:  22 bond rmsd: 0.001491
  step:  23 bond rmsd: 0.001490
  step:  24 bond rmsd: 0.001490
  step:  25 bond rmsd: 0.001489
  step:  26 bond rmsd: 0.001487
  step:  27 bond rmsd: 0.001486
  step:  28 bond rmsd: 0.001486
  step:  29 bond rmsd: 0.001485
  step:  30 bond rmsd: 0.001484
  step:  31 bond rmsd: 0.001484
  step:  32 bond rmsd: 0.001483
  step:  33 bond rmsd: 0.001483
  step:  34 bond rmsd: 0.001483
  step:  35 bond rmsd: 0.001482
  step:  36 bond rmsd: 0.001482
  step:  37 bond rmsd: 0.001481
  step:  38 bond rmsd: 0.001482
  step:  39 bond rmsd: 0.001481
  step:  40 bond rmsd: 0.001481
  step:  41 bond rmsd: 0.001481
  step:  42 bond rmsd: 0.001481
  step:  43 bond rmsd: 0.001482
  step:  44 bond rmsd: 0.001483
  step:  45 bond rmsd: 0.001485
  step:  46 bond rmsd: 0.001486
  step:  47 bond rmsd: 0.001488
  step:  48 bond rmsd: 0.001490
  step:  49 bond rmsd: 0.001493
  step:  50 bond rmsd: 0.001496
  step:  51 bond rmsd: 0.001501
  step:  52 bond rmsd: 0.001504
  step:  53 bond rmsd: 0.001511
micro_cycle  29 rmsd(b):  0.0015 rws:  1.000 n_fev: 1514
  step:   1 bond rmsd: 0.001511
  step:   2 bond rmsd: 0.067223
  step:   3 bond rmsd: 0.001518
  step:   4 bond rmsd: 0.001511
  step:   5 bond rmsd: 0.001507
  step:   6 bond rmsd: 0.001505
  step:   7 bond rmsd: 0.001504
  step:   8 bond rmsd: 0.001504
  step:   9 bond rmsd: 0.001504
  step:  10 bond rmsd: 0.001504
  step:  11 bond rmsd: 0.001505
  step:  12 bond rmsd: 0.001505
  step:  13 bond rmsd: 0.001505
  step:  14 bond rmsd: 0.001506
  step:  15 bond rmsd: 0.001506
  step:  16 bond rmsd: 0.001506
  step:  17 bond rmsd: 0.001506
  step:  18 bond rmsd: 0.001506
  step:  19 bond rmsd: 0.001507
  step:  20 bond rmsd: 0.001506
  step:  21 bond rmsd: 0.001505
  step:  22 bond rmsd: 0.001504
  step:  23 bond rmsd: 0.001497
  step:  24 bond rmsd: 0.001496
  step:  25 bond rmsd: 0.001494
  step:  26 bond rmsd: 0.001493
  step:  27 bond rmsd: 0.001494
  step:  28 bond rmsd: 0.001493
  step:  29 bond rmsd: 0.001493
  step:  30 bond rmsd: 0.001492
  step:  31 bond rmsd: 0.001492
  step:  32 bond rmsd: 0.001492
  step:  33 bond rmsd: 0.001492
  step:  34 bond rmsd: 0.001492
  step:  35 bond rmsd: 0.001492
  step:  36 bond rmsd: 0.001493
  step:  37 bond rmsd: 0.001492
  step:  38 bond rmsd: 0.001493
  step:  39 bond rmsd: 0.001493
  step:  40 bond rmsd: 0.001494
  step:  41 bond rmsd: 0.001495
  step:  42 bond rmsd: 0.001496
  step:  43 bond rmsd: 0.001497
  step:  44 bond rmsd: 0.001497
  step:  45 bond rmsd: 0.001498
  step:  46 bond rmsd: 0.001498
  step:  47 bond rmsd: 0.001499
  step:  48 bond rmsd: 0.001499
  step:  49 bond rmsd: 0.001500
  step:  50 bond rmsd: 0.001499
  step:  51 bond rmsd: 0.001500
  step:  52 bond rmsd: 0.001499
micro_cycle  30 rmsd(b):  0.0015 rws:  1.000 n_fev: 1566
  step:   1 bond rmsd: 0.001499
  step:   2 bond rmsd: 0.030089
  step:   3 bond rmsd: 0.001502
  step:   4 bond rmsd: 0.001501
  step:   5 bond rmsd: 0.001500
  step:   6 bond rmsd: 0.001500
  step:   7 bond rmsd: 0.001499
  step:   8 bond rmsd: 0.001499
  step:   9 bond rmsd: 0.001498
  step:  10 bond rmsd: 0.001498
  step:  11 bond rmsd: 0.001498
  step:  12 bond rmsd: 0.001497
  step:  13 bond rmsd: 0.001497
  step:  14 bond rmsd: 0.001497
  step:  15 bond rmsd: 0.001496
  step:  16 bond rmsd: 0.001495
  step:  17 bond rmsd: 0.001495
  step:  18 bond rmsd: 0.001494
  step:  19 bond rmsd: 0.001493
  step:  20 bond rmsd: 0.001493
  step:  21 bond rmsd: 0.001491
  step:  22 bond rmsd: 0.001491
  step:  23 bond rmsd: 0.001492
  step:  24 bond rmsd: 0.001492
  step:  25 bond rmsd: 0.001492
  step:  26 bond rmsd: 0.001493
  step:  27 bond rmsd: 0.001493
  step:  28 bond rmsd: 0.001493
  step:  29 bond rmsd: 0.001496
  step:  30 bond rmsd: 0.001496
  step:  31 bond rmsd: 0.001497
  step:  32 bond rmsd: 0.001496
  step:  33 bond rmsd: 0.001497
  step:  34 bond rmsd: 0.001496
  step:  35 bond rmsd: 0.001496
  step:  36 bond rmsd: 0.001497
  step:  37 bond rmsd: 0.001494
  step:  38 bond rmsd: 0.001495
  step:  39 bond rmsd: 0.001496
  step:  40 bond rmsd: 0.001500
  step:  41 bond rmsd: 0.001500
  step:  42 bond rmsd: 0.001503
  step:  43 bond rmsd: 0.001504
  step:  44 bond rmsd: 0.001504
  step:  45 bond rmsd: 0.001512
  step:  46 bond rmsd: 0.001512
  step:  47 bond rmsd: 0.001513
  step:  48 bond rmsd: 0.001511
  step:  49 bond rmsd: 0.001512
  step:  50 bond rmsd: 0.001512
  step:  51 bond rmsd: 0.001515
  step:  52 bond rmsd: 0.001518
micro_cycle  31 rmsd(b):  0.0015 rws:  1.000 n_fev: 1618
  step:   1 bond rmsd: 0.001518
  step:   2 bond rmsd: 0.060960
  step:   3 bond rmsd: 0.001624
  step:   4 bond rmsd: 0.001592
  step:   5 bond rmsd: 0.001570
  step:   6 bond rmsd: 0.001555
  step:   7 bond rmsd: 0.001544
  step:   8 bond rmsd: 0.001537
  step:   9 bond rmsd: 0.001531
  step:  10 bond rmsd: 0.001527
  step:  11 bond rmsd: 0.001524
  step:  12 bond rmsd: 0.001521
  step:  13 bond rmsd: 0.001519
  step:  14 bond rmsd: 0.001517
  step:  15 bond rmsd: 0.001516
  step:  16 bond rmsd: 0.001515
  step:  17 bond rmsd: 0.001514
  step:  18 bond rmsd: 0.001513
  step:  19 bond rmsd: 0.001511
  step:  20 bond rmsd: 0.001510
  step:  21 bond rmsd: 0.001508
  step:  22 bond rmsd: 0.001506
  step:  23 bond rmsd: 0.001504
  step:  24 bond rmsd: 0.001502
  step:  25 bond rmsd: 0.001501
  step:  26 bond rmsd: 0.001498
  step:  27 bond rmsd: 0.001497
  step:  28 bond rmsd: 0.001498
  step:  29 bond rmsd: 0.001496
  step:  30 bond rmsd: 0.001496
  step:  31 bond rmsd: 0.001496
  step:  32 bond rmsd: 0.001497
  step:  33 bond rmsd: 0.001497
  step:  34 bond rmsd: 0.001497
  step:  35 bond rmsd: 0.001497
  step:  36 bond rmsd: 0.001497
  step:  37 bond rmsd: 0.001497
  step:  38 bond rmsd: 0.001496
  step:  39 bond rmsd: 0.001497
  step:  40 bond rmsd: 0.001495
  step:  41 bond rmsd: 0.001495
  step:  42 bond rmsd: 0.001495
  step:  43 bond rmsd: 0.001496
  step:  44 bond rmsd: 0.001496
  step:  45 bond rmsd: 0.001496
  step:  46 bond rmsd: 0.001496
  step:  47 bond rmsd: 0.001496
  step:  48 bond rmsd: 0.001497
  step:  49 bond rmsd: 0.001497
  step:  50 bond rmsd: 0.001497
  step:  51 bond rmsd: 0.001497
  step:  52 bond rmsd: 0.001498
micro_cycle  32 rmsd(b):  0.0015 rws:  1.000 n_fev: 1670
  step:   1 bond rmsd: 0.001498
  step:   2 bond rmsd: 0.028536
  step:   3 bond rmsd: 0.001498
  step:   4 bond rmsd: 0.001498
  step:   5 bond rmsd: 0.001498
  step:   6 bond rmsd: 0.001498
  step:   7 bond rmsd: 0.001497
  step:   8 bond rmsd: 0.001497
  step:   9 bond rmsd: 0.001497
  step:  10 bond rmsd: 0.001497
  step:  11 bond rmsd: 0.001497
  step:  12 bond rmsd: 0.001497
  step:  13 bond rmsd: 0.001497
  step:  14 bond rmsd: 0.001497
  step:  15 bond rmsd: 0.001497
  step:  16 bond rmsd: 0.001496
  step:  17 bond rmsd: 0.001496
  step:  18 bond rmsd: 0.001496
  step:  19 bond rmsd: 0.001495
  step:  20 bond rmsd: 0.001494
  step:  21 bond rmsd: 0.001493
  step:  22 bond rmsd: 0.001495
  step:  23 bond rmsd: 0.001494
  step:  24 bond rmsd: 0.001494
  step:  25 bond rmsd: 0.001494
  step:  26 bond rmsd: 0.001494
  step:  27 bond rmsd: 0.001494
  step:  28 bond rmsd: 0.001494
  step:  29 bond rmsd: 0.001495
  step:  30 bond rmsd: 0.001495
  step:  31 bond rmsd: 0.001495
  step:  32 bond rmsd: 0.001496
  step:  33 bond rmsd: 0.001496
  step:  34 bond rmsd: 0.001497
  step:  35 bond rmsd: 0.001498
  step:  36 bond rmsd: 0.001499
  step:  37 bond rmsd: 0.001499
  step:  38 bond rmsd: 0.001501
  step:  39 bond rmsd: 0.001502
  step:  40 bond rmsd: 0.001504
  step:  41 bond rmsd: 0.001504
  step:  42 bond rmsd: 0.001508
  step:  43 bond rmsd: 0.001508
  step:  44 bond rmsd: 0.001508
  step:  45 bond rmsd: 0.001509
  step:  46 bond rmsd: 0.001510
  step:  47 bond rmsd: 0.001510
  step:  48 bond rmsd: 0.001511
  step:  49 bond rmsd: 0.001514
  step:  50 bond rmsd: 0.001516
  step:  51 bond rmsd: 0.001518
  step:  52 bond rmsd: 0.001528
micro_cycle  33 rmsd(b):  0.0015 rws:  1.000 n_fev: 1722
  step:   1 bond rmsd: 0.001528
  step:   2 bond rmsd: 0.066876
  step:   3 bond rmsd: 0.001752
  step:   4 bond rmsd: 0.001665
  step:   5 bond rmsd: 0.001607
  step:   6 bond rmsd: 0.001571
  step:   7 bond rmsd: 0.001548
  step:   8 bond rmsd: 0.001535
  step:   9 bond rmsd: 0.001526
  step:  10 bond rmsd: 0.001521
  step:  11 bond rmsd: 0.001519
  step:  12 bond rmsd: 0.001517
  step:  13 bond rmsd: 0.001517
  step:  14 bond rmsd: 0.001516
  step:  15 bond rmsd: 0.001516
  step:  16 bond rmsd: 0.001516
  step:  17 bond rmsd: 0.001516
  step:  18 bond rmsd: 0.001516
  step:  19 bond rmsd: 0.001516
  step:  20 bond rmsd: 0.001516
  step:  21 bond rmsd: 0.001516
  step:  22 bond rmsd: 0.001516
  step:  23 bond rmsd: 0.001516
  step:  24 bond rmsd: 0.001515
  step:  25 bond rmsd: 0.001513
  step:  26 bond rmsd: 0.001508
  step:  27 bond rmsd: 0.001506
  step:  28 bond rmsd: 0.001505
  step:  29 bond rmsd: 0.001503
  step:  30 bond rmsd: 0.001502
  step:  31 bond rmsd: 0.001500
  step:  32 bond rmsd: 0.001500
  step:  33 bond rmsd: 0.001500
  step:  34 bond rmsd: 0.001500
  step:  35 bond rmsd: 0.001499
  step:  36 bond rmsd: 0.001499
  step:  37 bond rmsd: 0.001499
  step:  38 bond rmsd: 0.001499
  step:  39 bond rmsd: 0.001499
  step:  40 bond rmsd: 0.001498
  step:  41 bond rmsd: 0.001498
  step:  42 bond rmsd: 0.001498
  step:  43 bond rmsd: 0.001498
  step:  44 bond rmsd: 0.001497
  step:  45 bond rmsd: 0.001497
  step:  46 bond rmsd: 0.001497
  step:  47 bond rmsd: 0.001495
  step:  48 bond rmsd: 0.001495
  step:  49 bond rmsd: 0.001493
  step:  50 bond rmsd: 0.001493
  step:  51 bond rmsd: 0.001488
  step:  52 bond rmsd: 0.001488
micro_cycle  34 rmsd(b):  0.0015 rws:  1.000 n_fev: 1774
  step:   1 bond rmsd: 0.001488
  step:   2 bond rmsd: 0.053015
  step:   3 bond rmsd: 0.001608
  step:   4 bond rmsd: 0.001575
  step:   5 bond rmsd: 0.001552
  step:   6 bond rmsd: 0.001536
  step:   7 bond rmsd: 0.001524
  step:   8 bond rmsd: 0.001516
  step:   9 bond rmsd: 0.001510
  step:  10 bond rmsd: 0.001505
  step:  11 bond rmsd: 0.001502
  step:  12 bond rmsd: 0.001499
  step:  13 bond rmsd: 0.001497
  step:  14 bond rmsd: 0.001496
  step:  15 bond rmsd: 0.001494
  step:  16 bond rmsd: 0.001493
  step:  17 bond rmsd: 0.001492
  step:  18 bond rmsd: 0.001492
  step:  19 bond rmsd: 0.001491
  step:  20 bond rmsd: 0.001490
  step:  21 bond rmsd: 0.001490
  step:  22 bond rmsd: 0.001489
  step:  23 bond rmsd: 0.001489
  step:  24 bond rmsd: 0.001489
  step:  25 bond rmsd: 0.001490
  step:  26 bond rmsd: 0.001490
  step:  27 bond rmsd: 0.001490
  step:  28 bond rmsd: 0.001497
  step:  29 bond rmsd: 0.001497
  step:  30 bond rmsd: 0.001497
  step:  31 bond rmsd: 0.001496
  step:  32 bond rmsd: 0.001496
  step:  33 bond rmsd: 0.001495
  step:  34 bond rmsd: 0.001495
  step:  35 bond rmsd: 0.001495
  step:  36 bond rmsd: 0.001495
  step:  37 bond rmsd: 0.001495
  step:  38 bond rmsd: 0.001495
  step:  39 bond rmsd: 0.001495
  step:  40 bond rmsd: 0.001496
  step:  41 bond rmsd: 0.001496
  step:  42 bond rmsd: 0.001497
  step:  43 bond rmsd: 0.001498
  step:  44 bond rmsd: 0.001498
  step:  45 bond rmsd: 0.001499
  step:  46 bond rmsd: 0.001500
  step:  47 bond rmsd: 0.001501
  step:  48 bond rmsd: 0.001502
  step:  49 bond rmsd: 0.001503
  step:  50 bond rmsd: 0.001503
  step:  51 bond rmsd: 0.001504
  step:  52 bond rmsd: 0.001505
  step:  53 bond rmsd: 0.001506
micro_cycle  35 rmsd(b):  0.0015 rws:  1.000 n_fev: 1827
  step:   1 bond rmsd: 0.001506
  step:   2 bond rmsd: 0.048740
  step:   3 bond rmsd: 0.001511
  step:   4 bond rmsd: 0.001510
  step:   5 bond rmsd: 0.001509
  step:   6 bond rmsd: 0.001509
  step:   7 bond rmsd: 0.001508
  step:   8 bond rmsd: 0.001508
  step:   9 bond rmsd: 0.001507
  step:  10 bond rmsd: 0.001507
  step:  11 bond rmsd: 0.001507
  step:  12 bond rmsd: 0.001506
  step:  13 bond rmsd: 0.001506
  step:  14 bond rmsd: 0.001506
  step:  15 bond rmsd: 0.001506
  step:  16 bond rmsd: 0.001506
  step:  17 bond rmsd: 0.001505
  step:  18 bond rmsd: 0.001505
  step:  19 bond rmsd: 0.001505
  step:  20 bond rmsd: 0.001506
  step:  21 bond rmsd: 0.001506
  step:  22 bond rmsd: 0.001504
  step:  23 bond rmsd: 0.001503
  step:  24 bond rmsd: 0.001501
  step:  25 bond rmsd: 0.001499
  step:  26 bond rmsd: 0.001498
  step:  27 bond rmsd: 0.001497
  step:  28 bond rmsd: 0.001495
  step:  29 bond rmsd: 0.001494
  step:  30 bond rmsd: 0.001494
  step:  31 bond rmsd: 0.001493
  step:  32 bond rmsd: 0.001492
  step:  33 bond rmsd: 0.001492
  step:  34 bond rmsd: 0.001491
  step:  35 bond rmsd: 0.001491
  step:  36 bond rmsd: 0.001490
  step:  37 bond rmsd: 0.001489
  step:  38 bond rmsd: 0.001487
  step:  39 bond rmsd: 0.001487
  step:  40 bond rmsd: 0.001486
  step:  41 bond rmsd: 0.001485
  step:  42 bond rmsd: 0.001484
  step:  43 bond rmsd: 0.001484
  step:  44 bond rmsd: 0.001484
  step:  45 bond rmsd: 0.001484
  step:  46 bond rmsd: 0.001486
  step:  47 bond rmsd: 0.001487
  step:  48 bond rmsd: 0.001491
  step:  49 bond rmsd: 0.001493
  step:  50 bond rmsd: 0.001499
  step:  51 bond rmsd: 0.001502
  step:  52 bond rmsd: 0.001510
micro_cycle  36 rmsd(b):  0.0015 rws:  1.000 n_fev: 1879
  step:   1 bond rmsd: 0.001510
  step:   2 bond rmsd: 0.041407
  step:   3 bond rmsd: 0.002425
  step:   4 bond rmsd: 0.002109
  step:   5 bond rmsd: 0.001887
  step:   6 bond rmsd: 0.001734
  step:   7 bond rmsd: 0.001634
  step:   8 bond rmsd: 0.001571
  step:   9 bond rmsd: 0.001532
  step:  10 bond rmsd: 0.001509
  step:  11 bond rmsd: 0.001497
  step:  12 bond rmsd: 0.001490
  step:  13 bond rmsd: 0.001488
  step:  14 bond rmsd: 0.001487
  step:  15 bond rmsd: 0.001487
  step:  16 bond rmsd: 0.001488
  step:  17 bond rmsd: 0.001490
  step:  18 bond rmsd: 0.001491
  step:  19 bond rmsd: 0.001492
  step:  20 bond rmsd: 0.001493
  step:  21 bond rmsd: 0.001494
  step:  22 bond rmsd: 0.001495
  step:  23 bond rmsd: 0.001496
  step:  24 bond rmsd: 0.001497
  step:  25 bond rmsd: 0.001498
  step:  26 bond rmsd: 0.001499
  step:  27 bond rmsd: 0.001499
  step:  28 bond rmsd: 0.001499
  step:  29 bond rmsd: 0.001498
  step:  30 bond rmsd: 0.001494
  step:  31 bond rmsd: 0.001493
  step:  32 bond rmsd: 0.001493
  step:  33 bond rmsd: 0.001490
  step:  34 bond rmsd: 0.001490
  step:  35 bond rmsd: 0.001490
  step:  36 bond rmsd: 0.001491
  step:  37 bond rmsd: 0.001492
  step:  38 bond rmsd: 0.001493
  step:  39 bond rmsd: 0.001494
  step:  40 bond rmsd: 0.001495
  step:  41 bond rmsd: 0.001496
  step:  42 bond rmsd: 0.001497
  step:  43 bond rmsd: 0.001497
  step:  44 bond rmsd: 0.001498
  step:  45 bond rmsd: 0.001499
  step:  46 bond rmsd: 0.001500
  step:  47 bond rmsd: 0.001501
  step:  48 bond rmsd: 0.001501
  step:  49 bond rmsd: 0.001502
  step:  50 bond rmsd: 0.001503
  step:  51 bond rmsd: 0.001503
  step:  52 bond rmsd: 0.001504
  step:  53 bond rmsd: 0.001503
micro_cycle  37 rmsd(b):  0.0015 rws:  1.000 n_fev: 1932
  step:   1 bond rmsd: 0.001503
  step:   2 bond rmsd: 0.055005
  step:   3 bond rmsd: 0.001511
  step:   4 bond rmsd: 0.001509
  step:   5 bond rmsd: 0.001508
  step:   6 bond rmsd: 0.001507
  step:   7 bond rmsd: 0.001506
  step:   8 bond rmsd: 0.001506
  step:   9 bond rmsd: 0.001505
  step:  10 bond rmsd: 0.001505
  step:  11 bond rmsd: 0.001504
  step:  12 bond rmsd: 0.001504
  step:  13 bond rmsd: 0.001504
  step:  14 bond rmsd: 0.001503
  step:  15 bond rmsd: 0.001503
  step:  16 bond rmsd: 0.001503
  step:  17 bond rmsd: 0.001502
  step:  18 bond rmsd: 0.001502
  step:  19 bond rmsd: 0.001501
  step:  20 bond rmsd: 0.001500
  step:  21 bond rmsd: 0.001500
  step:  22 bond rmsd: 0.001499
  step:  23 bond rmsd: 0.001500
  step:  24 bond rmsd: 0.001500
  step:  25 bond rmsd: 0.001500
  step:  26 bond rmsd: 0.001499
  step:  27 bond rmsd: 0.001499
  step:  28 bond rmsd: 0.001499
  step:  29 bond rmsd: 0.001498
  step:  30 bond rmsd: 0.001498
  step:  31 bond rmsd: 0.001497
  step:  32 bond rmsd: 0.001497
  step:  33 bond rmsd: 0.001495
  step:  34 bond rmsd: 0.001495
  step:  35 bond rmsd: 0.001496
  step:  36 bond rmsd: 0.001497
  step:  37 bond rmsd: 0.001498
  step:  38 bond rmsd: 0.001499
  step:  39 bond rmsd: 0.001502
  step:  40 bond rmsd: 0.001503
  step:  41 bond rmsd: 0.001506
  step:  42 bond rmsd: 0.001507
  step:  43 bond rmsd: 0.001510
  step:  44 bond rmsd: 0.001511
  step:  45 bond rmsd: 0.001509
  step:  46 bond rmsd: 0.001510
  step:  47 bond rmsd: 0.001511
  step:  48 bond rmsd: 0.001513
  step:  49 bond rmsd: 0.001511
  step:  50 bond rmsd: 0.001514
  step:  51 bond rmsd: 0.001514
  step:  52 bond rmsd: 0.001517
micro_cycle  38 rmsd(b):  0.0015 rws:  1.000 n_fev: 1984
  step:   1 bond rmsd: 0.001517
  step:   2 bond rmsd: 0.051218
  step:   3 bond rmsd: 0.002153
  step:   4 bond rmsd: 0.001966
  step:   5 bond rmsd: 0.001832
  step:   6 bond rmsd: 0.001738
  step:   7 bond rmsd: 0.001672
  step:   8 bond rmsd: 0.001627
  step:   9 bond rmsd: 0.001595
  step:  10 bond rmsd: 0.001573
  step:  11 bond rmsd: 0.001558
  step:  12 bond rmsd: 0.001547
  step:  13 bond rmsd: 0.001539
  step:  14 bond rmsd: 0.001533
  step:  15 bond rmsd: 0.001529
  step:  16 bond rmsd: 0.001525
  step:  17 bond rmsd: 0.001523
  step:  18 bond rmsd: 0.001521
  step:  19 bond rmsd: 0.001519
  step:  20 bond rmsd: 0.001517
  step:  21 bond rmsd: 0.001516
  step:  22 bond rmsd: 0.001515
  step:  23 bond rmsd: 0.001513
  step:  24 bond rmsd: 0.001511
  step:  25 bond rmsd: 0.001509
  step:  26 bond rmsd: 0.001507
  step:  27 bond rmsd: 0.001504
  step:  28 bond rmsd: 0.001501
  step:  29 bond rmsd: 0.001500
  step:  30 bond rmsd: 0.001500
  step:  31 bond rmsd: 0.001499
  step:  32 bond rmsd: 0.001499
  step:  33 bond rmsd: 0.001501
  step:  34 bond rmsd: 0.001500
  step:  35 bond rmsd: 0.001502
  step:  36 bond rmsd: 0.001502
  step:  37 bond rmsd: 0.001502
  step:  38 bond rmsd: 0.001502
  step:  39 bond rmsd: 0.001503
  step:  40 bond rmsd: 0.001503
  step:  41 bond rmsd: 0.001503
  step:  42 bond rmsd: 0.001503
  step:  43 bond rmsd: 0.001503
  step:  44 bond rmsd: 0.001503
  step:  45 bond rmsd: 0.001504
  step:  46 bond rmsd: 0.001504
  step:  47 bond rmsd: 0.001504
  step:  48 bond rmsd: 0.001504
  step:  49 bond rmsd: 0.001504
  step:  50 bond rmsd: 0.001504
  step:  51 bond rmsd: 0.001504
  step:  52 bond rmsd: 0.001505
micro_cycle  39 rmsd(b):  0.0015 rws:  1.000 n_fev: 2036
  step:   1 bond rmsd: 0.001505
  step:   2 bond rmsd: 0.045365
  step:   3 bond rmsd: 0.001507
  step:   4 bond rmsd: 0.001506
  step:   5 bond rmsd: 0.001506
  step:   6 bond rmsd: 0.001506
  step:   7 bond rmsd: 0.001506
  step:   8 bond rmsd: 0.001505
  step:   9 bond rmsd: 0.001505
  step:  10 bond rmsd: 0.001505
  step:  11 bond rmsd: 0.001505
  step:  12 bond rmsd: 0.001505
  step:  13 bond rmsd: 0.001505
  step:  14 bond rmsd: 0.001504
  step:  15 bond rmsd: 0.001504
  step:  16 bond rmsd: 0.001504
  step:  17 bond rmsd: 0.001504
  step:  18 bond rmsd: 0.001503
  step:  19 bond rmsd: 0.001503
  step:  20 bond rmsd: 0.001503
  step:  21 bond rmsd: 0.001503
  step:  22 bond rmsd: 0.001502
  step:  23 bond rmsd: 0.001503
  step:  24 bond rmsd: 0.001502
  step:  25 bond rmsd: 0.001503
  step:  26 bond rmsd: 0.001502
  step:  27 bond rmsd: 0.001502
  step:  28 bond rmsd: 0.001502
  step:  29 bond rmsd: 0.001502
  step:  30 bond rmsd: 0.001502
  step:  31 bond rmsd: 0.001501
  step:  32 bond rmsd: 0.001501
  step:  33 bond rmsd: 0.001500
  step:  34 bond rmsd: 0.001501
  step:  35 bond rmsd: 0.001500
  step:  36 bond rmsd: 0.001501
  step:  37 bond rmsd: 0.001502
  step:  38 bond rmsd: 0.001503
  step:  39 bond rmsd: 0.001504
  step:  40 bond rmsd: 0.001505
  step:  41 bond rmsd: 0.001507
  step:  42 bond rmsd: 0.001508
  step:  43 bond rmsd: 0.001509
  step:  44 bond rmsd: 0.001509
  step:  45 bond rmsd: 0.001511
  step:  46 bond rmsd: 0.001511
  step:  47 bond rmsd: 0.001513
  step:  48 bond rmsd: 0.001514
  step:  49 bond rmsd: 0.001517
  step:  50 bond rmsd: 0.001519
  step:  51 bond rmsd: 0.001523
  step:  52 bond rmsd: 0.001530
micro_cycle  40 rmsd(b):  0.0015 rws:  1.000 n_fev: 2088
  step:   1 bond rmsd: 0.001530
  step:   2 bond rmsd: 0.064636
  step:   3 bond rmsd: 0.001611
  step:   4 bond rmsd: 0.001578
  step:   5 bond rmsd: 0.001556
  step:   6 bond rmsd: 0.001543
  step:   7 bond rmsd: 0.001535
  step:   8 bond rmsd: 0.001529
  step:   9 bond rmsd: 0.001526
  step:  10 bond rmsd: 0.001524
  step:  11 bond rmsd: 0.001523
  step:  12 bond rmsd: 0.001522
  step:  13 bond rmsd: 0.001522
  step:  14 bond rmsd: 0.001522
  step:  15 bond rmsd: 0.001522
  step:  16 bond rmsd: 0.001521
  step:  17 bond rmsd: 0.001521
  step:  18 bond rmsd: 0.001521
  step:  19 bond rmsd: 0.001521
  step:  20 bond rmsd: 0.001520
  step:  21 bond rmsd: 0.001519
  step:  22 bond rmsd: 0.001518
  step:  23 bond rmsd: 0.001515
  step:  24 bond rmsd: 0.001510
  step:  25 bond rmsd: 0.001508
  step:  26 bond rmsd: 0.001506
  step:  27 bond rmsd: 0.001505
  step:  28 bond rmsd: 0.001503
  step:  29 bond rmsd: 0.001503
  step:  30 bond rmsd: 0.001503
  step:  31 bond rmsd: 0.001502
  step:  32 bond rmsd: 0.001502
  step:  33 bond rmsd: 0.001501
  step:  34 bond rmsd: 0.001501
  step:  35 bond rmsd: 0.001501
  step:  36 bond rmsd: 0.001502
  step:  37 bond rmsd: 0.001501
  step:  38 bond rmsd: 0.001502
  step:  39 bond rmsd: 0.001502
  step:  40 bond rmsd: 0.001503
  step:  41 bond rmsd: 0.001503
  step:  42 bond rmsd: 0.001503
  step:  43 bond rmsd: 0.001504
  step:  44 bond rmsd: 0.001505
  step:  45 bond rmsd: 0.001505
  step:  46 bond rmsd: 0.001505
  step:  47 bond rmsd: 0.001506
  step:  48 bond rmsd: 0.001507
  step:  49 bond rmsd: 0.001507
  step:  50 bond rmsd: 0.001507
  step:  51 bond rmsd: 0.001508
  step:  52 bond rmsd: 0.001508
micro_cycle  41 rmsd(b):  0.0015 rws:  1.000 n_fev: 2140
  step:   1 bond rmsd: 0.001508
  step:   2 bond rmsd: 0.039629
  step:   3 bond rmsd: 0.001511
  step:   4 bond rmsd: 0.001510
  step:   5 bond rmsd: 0.001510
  step:   6 bond rmsd: 0.001510
  step:   7 bond rmsd: 0.001509
  step:   8 bond rmsd: 0.001509
  step:   9 bond rmsd: 0.001509
  step:  10 bond rmsd: 0.001508
  step:  11 bond rmsd: 0.001508
  step:  12 bond rmsd: 0.001508
  step:  13 bond rmsd: 0.001508
  step:  14 bond rmsd: 0.001508
  step:  15 bond rmsd: 0.001507
  step:  16 bond rmsd: 0.001507
  step:  17 bond rmsd: 0.001507
  step:  18 bond rmsd: 0.001506
  step:  19 bond rmsd: 0.001506
  step:  20 bond rmsd: 0.001506
  step:  21 bond rmsd: 0.001505
  step:  22 bond rmsd: 0.001506
  step:  23 bond rmsd: 0.001505
  step:  24 bond rmsd: 0.001505
  step:  25 bond rmsd: 0.001504
  step:  26 bond rmsd: 0.001504
  step:  27 bond rmsd: 0.001504
  step:  28 bond rmsd: 0.001503
  step:  29 bond rmsd: 0.001503
  step:  30 bond rmsd: 0.001502
  step:  31 bond rmsd: 0.001502
  step:  32 bond rmsd: 0.001501
  step:  33 bond rmsd: 0.001500
  step:  34 bond rmsd: 0.001500
  step:  35 bond rmsd: 0.001500
  step:  36 bond rmsd: 0.001500
  step:  37 bond rmsd: 0.001501
  step:  38 bond rmsd: 0.001501
  step:  39 bond rmsd: 0.001501
  step:  40 bond rmsd: 0.001500
  step:  41 bond rmsd: 0.001500
  step:  42 bond rmsd: 0.001500
  step:  43 bond rmsd: 0.001500
  step:  44 bond rmsd: 0.001501
  step:  45 bond rmsd: 0.001501
  step:  46 bond rmsd: 0.001502
  step:  47 bond rmsd: 0.001503
  step:  48 bond rmsd: 0.001505
  step:  49 bond rmsd: 0.001506
  step:  50 bond rmsd: 0.001508
  step:  51 bond rmsd: 0.001509
  step:  52 bond rmsd: 0.001512
micro_cycle  42 rmsd(b):  0.0015 rws:  1.000 n_fev: 2192
  step:   1 bond rmsd: 0.001512
  step:   2 bond rmsd: 0.054306
  step:   3 bond rmsd: 0.001525
  step:   4 bond rmsd: 0.001522
  step:   5 bond rmsd: 0.001520
  step:   6 bond rmsd: 0.001518
  step:   7 bond rmsd: 0.001517
  step:   8 bond rmsd: 0.001515
  step:   9 bond rmsd: 0.001514
  step:  10 bond rmsd: 0.001513
  step:  11 bond rmsd: 0.001512
  step:  12 bond rmsd: 0.001511
  step:  13 bond rmsd: 0.001510
  step:  14 bond rmsd: 0.001510
  step:  15 bond rmsd: 0.001509
  step:  16 bond rmsd: 0.001508
  step:  17 bond rmsd: 0.001507
  step:  18 bond rmsd: 0.001506
  step:  19 bond rmsd: 0.001505
  step:  20 bond rmsd: 0.001505
  step:  21 bond rmsd: 0.001504
  step:  22 bond rmsd: 0.001504
  step:  23 bond rmsd: 0.001504
  step:  24 bond rmsd: 0.001504
  step:  25 bond rmsd: 0.001504
  step:  26 bond rmsd: 0.001504
  step:  27 bond rmsd: 0.001505
  step:  28 bond rmsd: 0.001505
  step:  29 bond rmsd: 0.001504
  step:  30 bond rmsd: 0.001505
  step:  31 bond rmsd: 0.001505
  step:  32 bond rmsd: 0.001504
  step:  33 bond rmsd: 0.001504
  step:  34 bond rmsd: 0.001503
  step:  35 bond rmsd: 0.001503
  step:  36 bond rmsd: 0.001503
  step:  37 bond rmsd: 0.001504
  step:  38 bond rmsd: 0.001504
  step:  39 bond rmsd: 0.001505
  step:  40 bond rmsd: 0.001506
  step:  41 bond rmsd: 0.001506
  step:  42 bond rmsd: 0.001507
  step:  43 bond rmsd: 0.001507
  step:  44 bond rmsd: 0.001508
  step:  45 bond rmsd: 0.001509
  step:  46 bond rmsd: 0.001509
  step:  47 bond rmsd: 0.001510
  step:  48 bond rmsd: 0.001511
  step:  49 bond rmsd: 0.001511
  step:  50 bond rmsd: 0.001512
  step:  51 bond rmsd: 0.001512
  step:  52 bond rmsd: 0.001512
micro_cycle  43 rmsd(b):  0.0015 rws:  1.000 n_fev: 2244
  step:   1 bond rmsd: 0.001512
  step:   2 bond rmsd: 0.040282
  step:   3 bond rmsd: 0.001517
  step:   4 bond rmsd: 0.001516
  step:   5 bond rmsd: 0.001516
  step:   6 bond rmsd: 0.001515
  step:   7 bond rmsd: 0.001514
  step:   8 bond rmsd: 0.001514
  step:   9 bond rmsd: 0.001513
  step:  10 bond rmsd: 0.001513
  step:  11 bond rmsd: 0.001512
  step:  12 bond rmsd: 0.001512
  step:  13 bond rmsd: 0.001512
  step:  14 bond rmsd: 0.001511
  step:  15 bond rmsd: 0.001511
  step:  16 bond rmsd: 0.001510
  step:  17 bond rmsd: 0.001509
  step:  18 bond rmsd: 0.001508
  step:  19 bond rmsd: 0.001508
  step:  20 bond rmsd: 0.001507
  step:  21 bond rmsd: 0.001506
  step:  22 bond rmsd: 0.001507
  step:  23 bond rmsd: 0.001507
  step:  24 bond rmsd: 0.001506
  step:  25 bond rmsd: 0.001505
  step:  26 bond rmsd: 0.001505
  step:  27 bond rmsd: 0.001504
  step:  28 bond rmsd: 0.001504
  step:  29 bond rmsd: 0.001504
  step:  30 bond rmsd: 0.001503
  step:  31 bond rmsd: 0.001503
  step:  32 bond rmsd: 0.001503
  step:  33 bond rmsd: 0.001503
  step:  34 bond rmsd: 0.001503
  step:  35 bond rmsd: 0.001503
  step:  36 bond rmsd: 0.001503
  step:  37 bond rmsd: 0.001504
  step:  38 bond rmsd: 0.001504
  step:  39 bond rmsd: 0.001504
  step:  40 bond rmsd: 0.001503
  step:  41 bond rmsd: 0.001504
  step:  42 bond rmsd: 0.001504
  step:  43 bond rmsd: 0.001504
  step:  44 bond rmsd: 0.001505
  step:  45 bond rmsd: 0.001505
  step:  46 bond rmsd: 0.001505
  step:  47 bond rmsd: 0.001505
  step:  48 bond rmsd: 0.001507
  step:  49 bond rmsd: 0.001507
  step:  50 bond rmsd: 0.001508
  step:  51 bond rmsd: 0.001509
  step:  52 bond rmsd: 0.001510
micro_cycle  44 rmsd(b):  0.0015 rws:  1.000 n_fev: 2296
  step:   1 bond rmsd: 0.001510
  step:   2 bond rmsd: 0.039452
  step:   3 bond rmsd: 0.001503
  step:   4 bond rmsd: 0.001504
  step:   5 bond rmsd: 0.001504
  step:   6 bond rmsd: 0.001505
  step:   7 bond rmsd: 0.001506
  step:   8 bond rmsd: 0.001506
  step:   9 bond rmsd: 0.001507
  step:  10 bond rmsd: 0.001507
  step:  11 bond rmsd: 0.001508
  step:  12 bond rmsd: 0.001508
  step:  13 bond rmsd: 0.001508
  step:  14 bond rmsd: 0.001508
  step:  15 bond rmsd: 0.001509
  step:  16 bond rmsd: 0.001509
  step:  17 bond rmsd: 0.001508
  step:  18 bond rmsd: 0.001506
  step:  19 bond rmsd: 0.001506
  step:  20 bond rmsd: 0.001506
  step:  21 bond rmsd: 0.001506
  step:  22 bond rmsd: 0.001505
  step:  23 bond rmsd: 0.001505
  step:  24 bond rmsd: 0.001504
  step:  25 bond rmsd: 0.001504
  step:  26 bond rmsd: 0.001504
  step:  27 bond rmsd: 0.001504
  step:  28 bond rmsd: 0.001504
  step:  29 bond rmsd: 0.001504
  step:  30 bond rmsd: 0.001504
  step:  31 bond rmsd: 0.001504
  step:  32 bond rmsd: 0.001504
  step:  33 bond rmsd: 0.001504
  step:  34 bond rmsd: 0.001504
  step:  35 bond rmsd: 0.001505
  step:  36 bond rmsd: 0.001505
  step:  37 bond rmsd: 0.001505
  step:  38 bond rmsd: 0.001505
  step:  39 bond rmsd: 0.001505
  step:  40 bond rmsd: 0.001505
  step:  41 bond rmsd: 0.001507
  step:  42 bond rmsd: 0.001508
  step:  43 bond rmsd: 0.001509
  step:  44 bond rmsd: 0.001510
  step:  45 bond rmsd: 0.001511
  step:  46 bond rmsd: 0.001512
  step:  47 bond rmsd: 0.001512
  step:  48 bond rmsd: 0.001516
  step:  49 bond rmsd: 0.001516
  step:  50 bond rmsd: 0.001517
  step:  51 bond rmsd: 0.001517
  step:  52 bond rmsd: 0.001518
micro_cycle  45 rmsd(b):  0.0015 rws:  1.000 n_fev: 2348
  step:   1 bond rmsd: 0.001518
  step:   2 bond rmsd: 0.033433
  step:   3 bond rmsd: 0.001506
  step:   4 bond rmsd: 0.001508
  step:   5 bond rmsd: 0.001509
  step:   6 bond rmsd: 0.001510
  step:   7 bond rmsd: 0.001510
  step:   8 bond rmsd: 0.001511
  step:   9 bond rmsd: 0.001512
  step:  10 bond rmsd: 0.001512
  step:  11 bond rmsd: 0.001513
  step:  12 bond rmsd: 0.001513
  step:  13 bond rmsd: 0.001513
  step:  14 bond rmsd: 0.001513
  step:  15 bond rmsd: 0.001513
  step:  16 bond rmsd: 0.001513
  step:  17 bond rmsd: 0.001512
  step:  18 bond rmsd: 0.001510
  step:  19 bond rmsd: 0.001509
  step:  20 bond rmsd: 0.001507
  step:  21 bond rmsd: 0.001507
  step:  22 bond rmsd: 0.001506
  step:  23 bond rmsd: 0.001506
  step:  24 bond rmsd: 0.001506
  step:  25 bond rmsd: 0.001506
  step:  26 bond rmsd: 0.001506
  step:  27 bond rmsd: 0.001506
  step:  28 bond rmsd: 0.001505
  step:  29 bond rmsd: 0.001505
  step:  30 bond rmsd: 0.001505
  step:  31 bond rmsd: 0.001505
  step:  32 bond rmsd: 0.001504
  step:  33 bond rmsd: 0.001504
  step:  34 bond rmsd: 0.001504
  step:  35 bond rmsd: 0.001504
  step:  36 bond rmsd: 0.001504
  step:  37 bond rmsd: 0.001504
  step:  38 bond rmsd: 0.001503
  step:  39 bond rmsd: 0.001504
  step:  40 bond rmsd: 0.001504
  step:  41 bond rmsd: 0.001504
  step:  42 bond rmsd: 0.001505
  step:  43 bond rmsd: 0.001505
  step:  44 bond rmsd: 0.001506
  step:  45 bond rmsd: 0.001506
  step:  46 bond rmsd: 0.001507
  step:  47 bond rmsd: 0.001507
  step:  48 bond rmsd: 0.001508
  step:  49 bond rmsd: 0.001509
  step:  50 bond rmsd: 0.001510
  step:  51 bond rmsd: 0.001511
  step:  52 bond rmsd: 0.001512
micro_cycle  46 rmsd(b):  0.0015 rws:  1.000 n_fev: 2400
  step:   1 bond rmsd: 0.001512
  step:   2 bond rmsd: 0.024926
  step:   3 bond rmsd: 0.001505
  step:   4 bond rmsd: 0.001505
  step:   5 bond rmsd: 0.001506
  step:   6 bond rmsd: 0.001506
  step:   7 bond rmsd: 0.001507
  step:   8 bond rmsd: 0.001507
  step:   9 bond rmsd: 0.001508
  step:  10 bond rmsd: 0.001508
  step:  11 bond rmsd: 0.001508
  step:  12 bond rmsd: 0.001508
  step:  13 bond rmsd: 0.001509
  step:  14 bond rmsd: 0.001509
  step:  15 bond rmsd: 0.001509
  step:  16 bond rmsd: 0.001509
  step:  17 bond rmsd: 0.001508
  step:  18 bond rmsd: 0.001508
  step:  19 bond rmsd: 0.001507
  step:  20 bond rmsd: 0.001506
  step:  21 bond rmsd: 0.001506
  step:  22 bond rmsd: 0.001505
  step:  23 bond rmsd: 0.001506
  step:  24 bond rmsd: 0.001505
  step:  25 bond rmsd: 0.001505
  step:  26 bond rmsd: 0.001505
  step:  27 bond rmsd: 0.001505
  step:  28 bond rmsd: 0.001505
  step:  29 bond rmsd: 0.001505
  step:  30 bond rmsd: 0.001505
  step:  31 bond rmsd: 0.001504
  step:  32 bond rmsd: 0.001504
  step:  33 bond rmsd: 0.001505
  step:  34 bond rmsd: 0.001505
  step:  35 bond rmsd: 0.001506
  step:  36 bond rmsd: 0.001506
  step:  37 bond rmsd: 0.001506
  step:  38 bond rmsd: 0.001506
  step:  39 bond rmsd: 0.001507
  step:  40 bond rmsd: 0.001507
  step:  41 bond rmsd: 0.001507
  step:  42 bond rmsd: 0.001507
  step:  43 bond rmsd: 0.001507
  step:  44 bond rmsd: 0.001508
  step:  45 bond rmsd: 0.001507
  step:  46 bond rmsd: 0.001508
  step:  47 bond rmsd: 0.001508
  step:  48 bond rmsd: 0.001509
  step:  49 bond rmsd: 0.001509
  step:  50 bond rmsd: 0.001510
  step:  51 bond rmsd: 0.001511
  step:  52 bond rmsd: 0.001512
micro_cycle  47 rmsd(b):  0.0015 rws:  1.000 n_fev: 2452
  step:   1 bond rmsd: 0.001512
  step:   2 bond rmsd: 0.061191
  step:   3 bond rmsd: 0.001518
  step:   4 bond rmsd: 0.001517
  step:   5 bond rmsd: 0.001516
  step:   6 bond rmsd: 0.001515
  step:   7 bond rmsd: 0.001514
  step:   8 bond rmsd: 0.001514
  step:   9 bond rmsd: 0.001513
  step:  10 bond rmsd: 0.001513
  step:  11 bond rmsd: 0.001512
  step:  12 bond rmsd: 0.001512
  step:  13 bond rmsd: 0.001511
  step:  14 bond rmsd: 0.001511
  step:  15 bond rmsd: 0.001511
  step:  16 bond rmsd: 0.001510
  step:  17 bond rmsd: 0.001510
  step:  18 bond rmsd: 0.001509
  step:  19 bond rmsd: 0.001509
  step:  20 bond rmsd: 0.001508
  step:  21 bond rmsd: 0.001507
  step:  22 bond rmsd: 0.001506
  step:  23 bond rmsd: 0.001506
  step:  24 bond rmsd: 0.001507
  step:  25 bond rmsd: 0.001506
  step:  26 bond rmsd: 0.001506
  step:  27 bond rmsd: 0.001506
  step:  28 bond rmsd: 0.001505
  step:  29 bond rmsd: 0.001505
  step:  30 bond rmsd: 0.001505
  step:  31 bond rmsd: 0.001505
  step:  32 bond rmsd: 0.001504
  step:  33 bond rmsd: 0.001504
  step:  34 bond rmsd: 0.001503
  step:  35 bond rmsd: 0.001503
  step:  36 bond rmsd: 0.001504
  step:  37 bond rmsd: 0.001504
  step:  38 bond rmsd: 0.001504
  step:  39 bond rmsd: 0.001504
  step:  40 bond rmsd: 0.001504
  step:  41 bond rmsd: 0.001505
  step:  42 bond rmsd: 0.001506
  step:  43 bond rmsd: 0.001506
  step:  44 bond rmsd: 0.001510
  step:  45 bond rmsd: 0.001510
  step:  46 bond rmsd: 0.001510
  step:  47 bond rmsd: 0.001511
  step:  48 bond rmsd: 0.001511
  step:  49 bond rmsd: 0.001512
  step:  50 bond rmsd: 0.001512
  step:  51 bond rmsd: 0.001513
  step:  52 bond rmsd: 0.001511
micro_cycle  48 rmsd(b):  0.0015 rws:  1.000 n_fev: 2504
  step:   1 bond rmsd: 0.001511
  step:   2 bond rmsd: 0.052509
  step:   3 bond rmsd: 0.001537
  step:   4 bond rmsd: 0.001531
  step:   5 bond rmsd: 0.001527
  step:   6 bond rmsd: 0.001524
  step:   7 bond rmsd: 0.001521
  step:   8 bond rmsd: 0.001519
  step:   9 bond rmsd: 0.001518
  step:  10 bond rmsd: 0.001517
  step:  11 bond rmsd: 0.001516
  step:  12 bond rmsd: 0.001515
  step:  13 bond rmsd: 0.001514
  step:  14 bond rmsd: 0.001513
  step:  15 bond rmsd: 0.001513
  step:  16 bond rmsd: 0.001512
  step:  17 bond rmsd: 0.001512
  step:  18 bond rmsd: 0.001511
  step:  19 bond rmsd: 0.001510
  step:  20 bond rmsd: 0.001509
  step:  21 bond rmsd: 0.001508
  step:  22 bond rmsd: 0.001507
  step:  23 bond rmsd: 0.001509
  step:  24 bond rmsd: 0.001508
  step:  25 bond rmsd: 0.001507
  step:  26 bond rmsd: 0.001507
  step:  27 bond rmsd: 0.001506
  step:  28 bond rmsd: 0.001506
  step:  29 bond rmsd: 0.001506
  step:  30 bond rmsd: 0.001506
  step:  31 bond rmsd: 0.001506
  step:  32 bond rmsd: 0.001506
  step:  33 bond rmsd: 0.001505
  step:  34 bond rmsd: 0.001505
  step:  35 bond rmsd: 0.001505
  step:  36 bond rmsd: 0.001505
  step:  37 bond rmsd: 0.001505
  step:  38 bond rmsd: 0.001505
  step:  39 bond rmsd: 0.001505
  step:  40 bond rmsd: 0.001506
  step:  41 bond rmsd: 0.001506
  step:  42 bond rmsd: 0.001506
  step:  43 bond rmsd: 0.001507
  step:  44 bond rmsd: 0.001507
  step:  45 bond rmsd: 0.001507
  step:  46 bond rmsd: 0.001508
  step:  47 bond rmsd: 0.001507
  step:  48 bond rmsd: 0.001508
  step:  49 bond rmsd: 0.001508
  step:  50 bond rmsd: 0.001509
  step:  51 bond rmsd: 0.001509
  step:  52 bond rmsd: 0.001511
micro_cycle  49 rmsd(b):  0.0015 rws:  1.000 n_fev: 2556
  step:   1 bond rmsd: 0.001511
  step:   2 bond rmsd: 0.034134
  step:   3 bond rmsd: 0.001517
  step:   4 bond rmsd: 0.001516
  step:   5 bond rmsd: 0.001515
  step:   6 bond rmsd: 0.001514
  step:   7 bond rmsd: 0.001513
  step:   8 bond rmsd: 0.001512
  step:   9 bond rmsd: 0.001512
  step:  10 bond rmsd: 0.001511
  step:  11 bond rmsd: 0.001511
  step:  12 bond rmsd: 0.001510
  step:  13 bond rmsd: 0.001510
  step:  14 bond rmsd: 0.001509
  step:  15 bond rmsd: 0.001509
  step:  16 bond rmsd: 0.001508
  step:  17 bond rmsd: 0.001507
  step:  18 bond rmsd: 0.001507
  step:  19 bond rmsd: 0.001507
  step:  20 bond rmsd: 0.001507
  step:  21 bond rmsd: 0.001507
  step:  22 bond rmsd: 0.001506
  step:  23 bond rmsd: 0.001506
  step:  24 bond rmsd: 0.001506
  step:  25 bond rmsd: 0.001506
  step:  26 bond rmsd: 0.001505
  step:  27 bond rmsd: 0.001505
  step:  28 bond rmsd: 0.001505
  step:  29 bond rmsd: 0.001505
  step:  30 bond rmsd: 0.001505
  step:  31 bond rmsd: 0.001505
  step:  32 bond rmsd: 0.001505
  step:  33 bond rmsd: 0.001505
  step:  34 bond rmsd: 0.001505
  step:  35 bond rmsd: 0.001505
  step:  36 bond rmsd: 0.001505
  step:  37 bond rmsd: 0.001506
  step:  38 bond rmsd: 0.001506
  step:  39 bond rmsd: 0.001507
  step:  40 bond rmsd: 0.001507
  step:  41 bond rmsd: 0.001507
  step:  42 bond rmsd: 0.001508
  step:  43 bond rmsd: 0.001509
  step:  44 bond rmsd: 0.001509
  step:  45 bond rmsd: 0.001510
  step:  46 bond rmsd: 0.001510
  step:  47 bond rmsd: 0.001511
  step:  48 bond rmsd: 0.001512
  step:  49 bond rmsd: 0.001513
  step:  50 bond rmsd: 0.001515
  step:  51 bond rmsd: 0.001516
  step:  52 bond rmsd: 0.001517
micro_cycle  50 rmsd(b):  0.0015 rws:  1.000 n_fev: 2608
See 7_refined.pdb in pdb folder.
Time: 39.5858
