Starting Q|R
Running refinement
   input {
     xray_data {
       file_name = None
       labels = None
       high_resolution = None
       low_resolution = None
       outliers_rejection = True
       french_wilson_scale = True
       french_wilson {
         max_bins = 60
         min_bin_size = 40
       }
       sigma_fobs_rejection_criterion = None
       sigma_iobs_rejection_criterion = None
       ignore_all_zeros = True
       force_anomalous_flag_to_be_equal_to = None
       convert_to_non_anomalous_if_ratio_pairs_lone_less_than_threshold = 0.5
       r_free_flags {
         file_name = None
         label = None
         test_flag_value = None
         ignore_r_free_flags = False
         disable_suitability_test = False
         ignore_pdb_hexdigest = False
         generate = False
         fraction = 0.1
         max_free = 2000
         lattice_symmetry_max_delta = 5
         use_lattice_symmetry = True
         use_dataman_shells = False
         n_shells = 20
       }
     }
     pdb {
       file_name = None
     }
     monomers {
       file_name = None
     }
     maps {
       map_file_name = None
       d_min = None
       map_coefficients_file_name = None
       map_coefficients_label = None
     }
     sequence = None
     scattering_table = wk1995 it1992 *n_gaussian neutron electron
     wavelength = None
     energy = None
     twin_law = Auto
   }
   max_atoms = 15000
   debug = False
   cluster {
     charge_cutoff = 8.0
     clustering = false
     charge_embedding = False
     two_buffers = False
     maxnum_residues_in_cluster = 15
     clustering_method = gnc *bcc
     altloc_method = *average subtract
   }
   restraints = *cctbx qm
   quantum {
     engine_name = *mopac ani torchani terachem turbomole pyscf orca gaussian \
                   xtb
     charge = None
     basis = Auto
     method = Auto
     memory = None
     nproc = None
     qm_addon = gcp dftd3 gcp-d3
     qm_addon_method = None
   }
   refine {
     dry_run = False
     sf_algorithm = *direct fft
     refinement_target_name = *ml ls_wunit_k1
     mode = *opt refine
     number_of_macro_cycles = 1
     number_of_weight_search_cycles = 50
     number_of_refine_cycles = 5
     number_of_micro_cycles = 50
     data_weight = None
     choose_best_use_r_work = False
     skip_initial_weight_optimization = False
     adjust_restraints_weight_scale_value = 2
     max_iterations_weight = 50
     max_iterations_refine = 50
     use_ase_lbfgs = False
     line_search = True
     stpmax = 0.2
     gradient_only = true
     update_all_scales = True
     refine_sites = True
     refine_adp = False
     restraints_weight_scale = 1.0
     shake_sites = False
     use_convergence_test = true
     max_bond_rmsd = 0.03
     max_r_work_r_free_gap = 5.0
     r_tolerance = 0.001
     rmsd_tolerance = 0.001
     opt_log = False
     pre_opt = False
     pre_opt_stpmax = 0.1
     pre_opt_iter = 10
     pre_opt_switch = 2
     pre_opt_gconv = 3000
   }
   parallel {
     method = *multiprocessing slurm pbs sge lsf threading
     nproc = None
     qsub_command = None
   }
   output_file_name_prefix = None
   output_folder_name = "pdb"
   shared_disk = True
   rst_file = None
   dump_gradients = None

Setting QM defaults
  Setting QM method to PM7


***********************************************************
restart info will be stored in /home/lum/3nir/cctbx_improve/cctbx_refine/pdb/8.rst.pickle
***********************************************************

start   0 rmsd(b):  0.0178 rws:  1.000 n_fev: 0
  step:   1 bond rmsd: 0.017838
  step:   2 bond rmsd: 0.093976
  step:   3 bond rmsd: 0.094690
  step:   4 bond rmsd: 0.076454
  step:   5 bond rmsd: 0.061634
  step:   6 bond rmsd: 0.049796
  step:   7 bond rmsd: 0.040348
  step:   8 bond rmsd: 0.032813
  step:   9 bond rmsd: 0.026809
  step:  10 bond rmsd: 0.022036
  step:  11 bond rmsd: 0.018253
  step:  12 bond rmsd: 0.015270
  step:  13 bond rmsd: 0.012930
  step:  14 bond rmsd: 0.011108
  step:  15 bond rmsd: 0.009698
  step:  16 bond rmsd: 0.008614
  step:  17 bond rmsd: 0.007780
  step:  18 bond rmsd: 0.007136
  step:  19 bond rmsd: 0.006629
  step:  20 bond rmsd: 0.006217
  step:  21 bond rmsd: 0.005859
  step:  22 bond rmsd: 0.005508
  step:  23 bond rmsd: 0.005102
  step:  24 bond rmsd: 0.004553
  step:  25 bond rmsd: 0.004522
  step:  26 bond rmsd: 0.004126
  step:  27 bond rmsd: 0.003872
  step:  28 bond rmsd: 0.003704
  step:  29 bond rmsd: 0.003620
  step:  30 bond rmsd: 0.003587
  step:  31 bond rmsd: 0.003578
  step:  32 bond rmsd: 0.003609
  step:  33 bond rmsd: 0.003645
  step:  34 bond rmsd: 0.003699
  step:  35 bond rmsd: 0.003776
  step:  36 bond rmsd: 0.003816
  step:  37 bond rmsd: 0.003877
  step:  38 bond rmsd: 0.003886
  step:  39 bond rmsd: 0.003917
  step:  40 bond rmsd: 0.003917
  step:  41 bond rmsd: 0.003892
  step:  42 bond rmsd: 0.003856
  step:  43 bond rmsd: 0.003814
  step:  44 bond rmsd: 0.003759
  step:  45 bond rmsd: 0.003685
  step:  46 bond rmsd: 0.003605
  step:  47 bond rmsd: 0.003510
  step:  48 bond rmsd: 0.003429
  step:  49 bond rmsd: 0.003345
  step:  50 bond rmsd: 0.003250
  step:  51 bond rmsd: 0.003145
  step:  52 bond rmsd: 0.003060
micro_cycle   1 rmsd(b):  0.0031 rws:  1.000 n_fev: 52
  step:   1 bond rmsd: 0.003060
  step:   2 bond rmsd: 0.040681
  step:   3 bond rmsd: 0.040681
  step:   4 bond rmsd: 0.032828
  step:   5 bond rmsd: 0.026545
  step:   6 bond rmsd: 0.021455
  step:   7 bond rmsd: 0.017346
  step:   8 bond rmsd: 0.014039
  step:   9 bond rmsd: 0.011386
  step:  10 bond rmsd: 0.009270
  step:  11 bond rmsd: 0.007595
  step:  12 bond rmsd: 0.006282
  step:  13 bond rmsd: 0.005267
  step:  14 bond rmsd: 0.004497
  step:  15 bond rmsd: 0.003925
  step:  16 bond rmsd: 0.003511
  step:  17 bond rmsd: 0.003219
  step:  18 bond rmsd: 0.003019
  step:  19 bond rmsd: 0.002884
  step:  20 bond rmsd: 0.002795
  step:  21 bond rmsd: 0.002737
  step:  22 bond rmsd: 0.002699
  step:  23 bond rmsd: 0.002675
  step:  24 bond rmsd: 0.002660
  step:  25 bond rmsd: 0.002650
  step:  26 bond rmsd: 0.002644
  step:  27 bond rmsd: 0.002641
  step:  28 bond rmsd: 0.002638
  step:  29 bond rmsd: 0.002635
  step:  30 bond rmsd: 0.002633
  step:  31 bond rmsd: 0.002628
  step:  32 bond rmsd: 0.002619
  step:  33 bond rmsd: 0.002601
  step:  34 bond rmsd: 0.002564
  step:  35 bond rmsd: 0.002481
  step:  36 bond rmsd: 0.002224
  step:  37 bond rmsd: 0.002159
  step:  38 bond rmsd: 0.002142
  step:  39 bond rmsd: 0.002137
  step:  40 bond rmsd: 0.002171
  step:  41 bond rmsd: 0.002210
  step:  42 bond rmsd: 0.002248
  step:  43 bond rmsd: 0.002303
  step:  44 bond rmsd: 0.002361
  step:  45 bond rmsd: 0.002420
  step:  46 bond rmsd: 0.002470
  step:  47 bond rmsd: 0.002538
  step:  48 bond rmsd: 0.002581
  step:  49 bond rmsd: 0.002661
  step:  50 bond rmsd: 0.002684
  step:  51 bond rmsd: 0.002670
  step:  52 bond rmsd: 0.002647
micro_cycle   2 rmsd(b):  0.0026 rws:  1.000 n_fev: 104
  step:   1 bond rmsd: 0.002647
  step:   2 bond rmsd: 0.061248
  step:   3 bond rmsd: 0.061248
  step:   4 bond rmsd: 0.049137
  step:   5 bond rmsd: 0.039406
  step:   6 bond rmsd: 0.031630
  step:   7 bond rmsd: 0.025409
  step:   8 bond rmsd: 0.020423
  step:   9 bond rmsd: 0.016427
  step:  10 bond rmsd: 0.013230
  step:  11 bond rmsd: 0.010679
  step:  12 bond rmsd: 0.008652
  step:  13 bond rmsd: 0.007052
  step:  14 bond rmsd: 0.005801
  step:  15 bond rmsd: 0.004836
  step:  16 bond rmsd: 0.004105
  step:  17 bond rmsd: 0.003564
  step:  18 bond rmsd: 0.003174
  step:  19 bond rmsd: 0.002900
  step:  20 bond rmsd: 0.002714
  step:  21 bond rmsd: 0.002591
  step:  22 bond rmsd: 0.002511
  step:  23 bond rmsd: 0.002459
  step:  24 bond rmsd: 0.002427
  step:  25 bond rmsd: 0.002407
  step:  26 bond rmsd: 0.002394
  step:  27 bond rmsd: 0.002385
  step:  28 bond rmsd: 0.002380
  step:  29 bond rmsd: 0.002375
  step:  30 bond rmsd: 0.002371
  step:  31 bond rmsd: 0.002366
  step:  32 bond rmsd: 0.002358
  step:  33 bond rmsd: 0.002343
  step:  34 bond rmsd: 0.002317
  step:  35 bond rmsd: 0.002267
  step:  36 bond rmsd: 0.002154
  step:  37 bond rmsd: 0.002062
  step:  38 bond rmsd: 0.002074
  step:  39 bond rmsd: 0.002004
  step:  40 bond rmsd: 0.001963
  step:  41 bond rmsd: 0.001934
  step:  42 bond rmsd: 0.001924
  step:  43 bond rmsd: 0.001913
  step:  44 bond rmsd: 0.001915
  step:  45 bond rmsd: 0.001914
  step:  46 bond rmsd: 0.001917
  step:  47 bond rmsd: 0.001921
  step:  48 bond rmsd: 0.001928
  step:  49 bond rmsd: 0.001940
  step:  50 bond rmsd: 0.001953
  step:  51 bond rmsd: 0.001971
  step:  52 bond rmsd: 0.001995
micro_cycle   3 rmsd(b):  0.0020 rws:  1.000 n_fev: 156
  step:   1 bond rmsd: 0.001995
  step:   2 bond rmsd: 0.061726
  step:   3 bond rmsd: 0.012913
  step:   4 bond rmsd: 0.010399
  step:   5 bond rmsd: 0.008398
  step:   6 bond rmsd: 0.006823
  step:   7 bond rmsd: 0.005589
  step:   8 bond rmsd: 0.004630
  step:   9 bond rmsd: 0.003894
  step:  10 bond rmsd: 0.003338
  step:  11 bond rmsd: 0.002925
  step:  12 bond rmsd: 0.002626
  step:  13 bond rmsd: 0.002413
  step:  14 bond rmsd: 0.002265
  step:  15 bond rmsd: 0.002164
  step:  16 bond rmsd: 0.002095
  step:  17 bond rmsd: 0.002049
  step:  18 bond rmsd: 0.002017
  step:  19 bond rmsd: 0.001996
  step:  20 bond rmsd: 0.001981
  step:  21 bond rmsd: 0.001971
  step:  22 bond rmsd: 0.001964
  step:  23 bond rmsd: 0.001958
  step:  24 bond rmsd: 0.001954
  step:  25 bond rmsd: 0.001950
  step:  26 bond rmsd: 0.001947
  step:  27 bond rmsd: 0.001943
  step:  28 bond rmsd: 0.001938
  step:  29 bond rmsd: 0.001932
  step:  30 bond rmsd: 0.001923
  step:  31 bond rmsd: 0.001911
  step:  32 bond rmsd: 0.001893
  step:  33 bond rmsd: 0.001866
  step:  34 bond rmsd: 0.001875
  step:  35 bond rmsd: 0.001877
  step:  36 bond rmsd: 0.001950
  step:  37 bond rmsd: 0.001965
  step:  38 bond rmsd: 0.001977
  step:  39 bond rmsd: 0.002022
  step:  40 bond rmsd: 0.002050
  step:  41 bond rmsd: 0.002079
  step:  42 bond rmsd: 0.002119
  step:  43 bond rmsd: 0.002172
  step:  44 bond rmsd: 0.002214
  step:  45 bond rmsd: 0.002256
  step:  46 bond rmsd: 0.002360
  step:  47 bond rmsd: 0.002397
  step:  48 bond rmsd: 0.002453
  step:  49 bond rmsd: 0.002476
  step:  50 bond rmsd: 0.002507
  step:  51 bond rmsd: 0.002498
  step:  52 bond rmsd: 0.002478
micro_cycle   4 rmsd(b):  0.0025 rws:  1.000 n_fev: 208
  step:   1 bond rmsd: 0.002478
  step:   2 bond rmsd: 0.047382
  step:   3 bond rmsd: 0.047382
  step:   4 bond rmsd: 0.038074
  step:   5 bond rmsd: 0.030569
  step:   6 bond rmsd: 0.024535
  step:   7 bond rmsd: 0.019695
  step:   8 bond rmsd: 0.015819
  step:   9 bond rmsd: 0.012719
  step:  10 bond rmsd: 0.010246
  step:  11 bond rmsd: 0.008283
  step:  12 bond rmsd: 0.006733
  step:  13 bond rmsd: 0.005521
  step:  14 bond rmsd: 0.004583
  step:  15 bond rmsd: 0.003871
  step:  16 bond rmsd: 0.003342
  step:  17 bond rmsd: 0.002958
  step:  18 bond rmsd: 0.002689
  step:  19 bond rmsd: 0.002504
  step:  20 bond rmsd: 0.002381
  step:  21 bond rmsd: 0.002301
  step:  22 bond rmsd: 0.002250
  step:  23 bond rmsd: 0.002218
  step:  24 bond rmsd: 0.002198
  step:  25 bond rmsd: 0.002185
  step:  26 bond rmsd: 0.002177
  step:  27 bond rmsd: 0.002172
  step:  28 bond rmsd: 0.002168
  step:  29 bond rmsd: 0.002164
  step:  30 bond rmsd: 0.002160
  step:  31 bond rmsd: 0.002152
  step:  32 bond rmsd: 0.002139
  step:  33 bond rmsd: 0.002114
  step:  34 bond rmsd: 0.002066
  step:  35 bond rmsd: 0.001967
  step:  36 bond rmsd: 0.001865
  step:  37 bond rmsd: 0.001798
  step:  38 bond rmsd: 0.001749
  step:  39 bond rmsd: 0.001717
  step:  40 bond rmsd: 0.001691
  step:  41 bond rmsd: 0.001675
  step:  42 bond rmsd: 0.001662
  step:  43 bond rmsd: 0.001657
  step:  44 bond rmsd: 0.001649
  step:  45 bond rmsd: 0.001646
  step:  46 bond rmsd: 0.001642
  step:  47 bond rmsd: 0.001634
  step:  48 bond rmsd: 0.001631
  step:  49 bond rmsd: 0.001623
  step:  50 bond rmsd: 0.001619
  step:  51 bond rmsd: 0.001640
  step:  52 bond rmsd: 0.001638
micro_cycle   5 rmsd(b):  0.0016 rws:  1.000 n_fev: 260
  step:   1 bond rmsd: 0.001638
  step:   2 bond rmsd: 0.086843
  step:   3 bond rmsd: 0.012467
  step:   4 bond rmsd: 0.010018
  step:   5 bond rmsd: 0.008064
  step:   6 bond rmsd: 0.006520
  step:   7 bond rmsd: 0.005304
  step:   8 bond rmsd: 0.004353
  step:   9 bond rmsd: 0.003616
  step:  10 bond rmsd: 0.003053
  step:  11 bond rmsd: 0.002630
  step:  12 bond rmsd: 0.002319
  step:  13 bond rmsd: 0.002097
  step:  14 bond rmsd: 0.001940
  step:  15 bond rmsd: 0.001833
  step:  16 bond rmsd: 0.001761
  step:  17 bond rmsd: 0.001714
  step:  18 bond rmsd: 0.001682
  step:  19 bond rmsd: 0.001662
  step:  20 bond rmsd: 0.001649
  step:  21 bond rmsd: 0.001640
  step:  22 bond rmsd: 0.001635
  step:  23 bond rmsd: 0.001631
  step:  24 bond rmsd: 0.001629
  step:  25 bond rmsd: 0.001628
  step:  26 bond rmsd: 0.001627
  step:  27 bond rmsd: 0.001626
  step:  28 bond rmsd: 0.001626
  step:  29 bond rmsd: 0.001626
  step:  30 bond rmsd: 0.001627
  step:  31 bond rmsd: 0.001628
  step:  32 bond rmsd: 0.001631
  step:  33 bond rmsd: 0.001635
  step:  34 bond rmsd: 0.001642
  step:  35 bond rmsd: 0.001647
  step:  36 bond rmsd: 0.001659
  step:  37 bond rmsd: 0.001673
  step:  38 bond rmsd: 0.001691
  step:  39 bond rmsd: 0.001733
  step:  40 bond rmsd: 0.001747
  step:  41 bond rmsd: 0.001768
  step:  42 bond rmsd: 0.001779
  step:  43 bond rmsd: 0.001797
  step:  44 bond rmsd: 0.001815
  step:  45 bond rmsd: 0.001873
  step:  46 bond rmsd: 0.001901
  step:  47 bond rmsd: 0.001938
  step:  48 bond rmsd: 0.001978
  step:  49 bond rmsd: 0.002019
  step:  50 bond rmsd: 0.002050
  step:  51 bond rmsd: 0.002150
  step:  52 bond rmsd: 0.002162
micro_cycle   6 rmsd(b):  0.0022 rws:  1.000 n_fev: 312
  step:   1 bond rmsd: 0.002162
  step:   2 bond rmsd: 0.055673
  step:   3 bond rmsd: 0.055673
  step:   4 bond rmsd: 0.044783
  step:   5 bond rmsd: 0.036115
  step:   6 bond rmsd: 0.029101
  step:   7 bond rmsd: 0.023443
  step:   8 bond rmsd: 0.018883
  step:   9 bond rmsd: 0.015213
  step:  10 bond rmsd: 0.012266
  step:  11 bond rmsd: 0.009905
  step:  12 bond rmsd: 0.008021
  step:  13 bond rmsd: 0.006527
  step:  14 bond rmsd: 0.005351
  step:  15 bond rmsd: 0.004435
  step:  16 bond rmsd: 0.003732
  step:  17 bond rmsd: 0.003204
  step:  18 bond rmsd: 0.002816
  step:  19 bond rmsd: 0.002539
  step:  20 bond rmsd: 0.002345
  step:  21 bond rmsd: 0.002215
  step:  22 bond rmsd: 0.002128
  step:  23 bond rmsd: 0.002071
  step:  24 bond rmsd: 0.002034
  step:  25 bond rmsd: 0.002010
  step:  26 bond rmsd: 0.001994
  step:  27 bond rmsd: 0.001984
  step:  28 bond rmsd: 0.001976
  step:  29 bond rmsd: 0.001970
  step:  30 bond rmsd: 0.001965
  step:  31 bond rmsd: 0.001959
  step:  32 bond rmsd: 0.001952
  step:  33 bond rmsd: 0.001941
  step:  34 bond rmsd: 0.001924
  step:  35 bond rmsd: 0.001896
  step:  36 bond rmsd: 0.001845
  step:  37 bond rmsd: 0.001774
  step:  38 bond rmsd: 0.001691
  step:  39 bond rmsd: 0.001667
  step:  40 bond rmsd: 0.001662
  step:  41 bond rmsd: 0.001642
  step:  42 bond rmsd: 0.001632
  step:  43 bond rmsd: 0.001618
  step:  44 bond rmsd: 0.001613
  step:  45 bond rmsd: 0.001608
  step:  46 bond rmsd: 0.001605
  step:  47 bond rmsd: 0.001603
  step:  48 bond rmsd: 0.001600
  step:  49 bond rmsd: 0.001598
  step:  50 bond rmsd: 0.001598
  step:  51 bond rmsd: 0.001595
  step:  52 bond rmsd: 0.001595
micro_cycle   7 rmsd(b):  0.0016 rws:  1.000 n_fev: 364
  step:   1 bond rmsd: 0.001595
  step:   2 bond rmsd: 0.054518
  step:   3 bond rmsd: 0.002176
  step:   4 bond rmsd: 0.001999
  step:   5 bond rmsd: 0.001875
  step:   6 bond rmsd: 0.001789
  step:   7 bond rmsd: 0.001729
  step:   8 bond rmsd: 0.001688
  step:   9 bond rmsd: 0.001660
  step:  10 bond rmsd: 0.001640
  step:  11 bond rmsd: 0.001627
  step:  12 bond rmsd: 0.001617
  step:  13 bond rmsd: 0.001610
  step:  14 bond rmsd: 0.001605
  step:  15 bond rmsd: 0.001601
  step:  16 bond rmsd: 0.001598
  step:  17 bond rmsd: 0.001596
  step:  18 bond rmsd: 0.001593
  step:  19 bond rmsd: 0.001592
  step:  20 bond rmsd: 0.001590
  step:  21 bond rmsd: 0.001588
  step:  22 bond rmsd: 0.001586
  step:  23 bond rmsd: 0.001583
  step:  24 bond rmsd: 0.001580
  step:  25 bond rmsd: 0.001576
  step:  26 bond rmsd: 0.001572
  step:  27 bond rmsd: 0.001570
  step:  28 bond rmsd: 0.001580
  step:  29 bond rmsd: 0.001585
  step:  30 bond rmsd: 0.001594
  step:  31 bond rmsd: 0.001605
  step:  32 bond rmsd: 0.001618
  step:  33 bond rmsd: 0.001637
  step:  34 bond rmsd: 0.001656
  step:  35 bond rmsd: 0.001672
  step:  36 bond rmsd: 0.001700
  step:  37 bond rmsd: 0.001720
  step:  38 bond rmsd: 0.001760
  step:  39 bond rmsd: 0.001782
  step:  40 bond rmsd: 0.001826
  step:  41 bond rmsd: 0.001851
  step:  42 bond rmsd: 0.001899
  step:  43 bond rmsd: 0.001922
  step:  44 bond rmsd: 0.001947
  step:  45 bond rmsd: 0.001965
  step:  46 bond rmsd: 0.001977
  step:  47 bond rmsd: 0.001989
  step:  48 bond rmsd: 0.001979
  step:  49 bond rmsd: 0.001988
  step:  50 bond rmsd: 0.001943
  step:  51 bond rmsd: 0.001932
  step:  52 bond rmsd: 0.001913
micro_cycle   8 rmsd(b):  0.0019 rws:  1.000 n_fev: 416
  step:   1 bond rmsd: 0.001913
  step:   2 bond rmsd: 0.044595
  step:   3 bond rmsd: 0.037810
  step:   4 bond rmsd: 0.030154
  step:   5 bond rmsd: 0.024005
  step:   6 bond rmsd: 0.019167
  step:   7 bond rmsd: 0.015346
  step:   8 bond rmsd: 0.012323
  step:   9 bond rmsd: 0.009929
  step:  10 bond rmsd: 0.008035
  step:  11 bond rmsd: 0.006542
  step:  12 bond rmsd: 0.005369
  step:  13 bond rmsd: 0.004456
  step:  14 bond rmsd: 0.003753
  step:  15 bond rmsd: 0.003218
  step:  16 bond rmsd: 0.002818
  step:  17 bond rmsd: 0.002524
  step:  18 bond rmsd: 0.002312
  step:  19 bond rmsd: 0.002162
  step:  20 bond rmsd: 0.002057
  step:  21 bond rmsd: 0.001983
  step:  22 bond rmsd: 0.001931
  step:  23 bond rmsd: 0.001895
  step:  24 bond rmsd: 0.001869
  step:  25 bond rmsd: 0.001850
  step:  26 bond rmsd: 0.001836
  step:  27 bond rmsd: 0.001825
  step:  28 bond rmsd: 0.001815
  step:  29 bond rmsd: 0.001807
  step:  30 bond rmsd: 0.001798
  step:  31 bond rmsd: 0.001789
  step:  32 bond rmsd: 0.001778
  step:  33 bond rmsd: 0.001764
  step:  34 bond rmsd: 0.001743
  step:  35 bond rmsd: 0.001712
  step:  36 bond rmsd: 0.001665
  step:  37 bond rmsd: 0.001584
  step:  38 bond rmsd: 0.001536
  step:  39 bond rmsd: 0.001508
  step:  40 bond rmsd: 0.001569
  step:  41 bond rmsd: 0.001569
  step:  42 bond rmsd: 0.001538
  step:  43 bond rmsd: 0.001517
  step:  44 bond rmsd: 0.001502
  step:  45 bond rmsd: 0.001491
  step:  46 bond rmsd: 0.001483
  step:  47 bond rmsd: 0.001477
  step:  48 bond rmsd: 0.001472
  step:  49 bond rmsd: 0.001469
  step:  50 bond rmsd: 0.001467
  step:  51 bond rmsd: 0.001466
  step:  52 bond rmsd: 0.001466
  step:  53 bond rmsd: 0.001468
micro_cycle   9 rmsd(b):  0.0015 rws:  1.000 n_fev: 469
  step:   1 bond rmsd: 0.001468
  step:   2 bond rmsd: 0.047263
  step:   3 bond rmsd: 0.002236
  step:   4 bond rmsd: 0.002028
  step:   5 bond rmsd: 0.001876
  step:   6 bond rmsd: 0.001767
  step:   7 bond rmsd: 0.001688
  step:   8 bond rmsd: 0.001633
  step:   9 bond rmsd: 0.001593
  step:  10 bond rmsd: 0.001564
  step:  11 bond rmsd: 0.001544
  step:  12 bond rmsd: 0.001529
  step:  13 bond rmsd: 0.001519
  step:  14 bond rmsd: 0.001511
  step:  15 bond rmsd: 0.001505
  step:  16 bond rmsd: 0.001501
  step:  17 bond rmsd: 0.001498
  step:  18 bond rmsd: 0.001496
  step:  19 bond rmsd: 0.001494
  step:  20 bond rmsd: 0.001494
  step:  21 bond rmsd: 0.001493
  step:  22 bond rmsd: 0.001494
  step:  23 bond rmsd: 0.001498
  step:  24 bond rmsd: 0.001504
  step:  25 bond rmsd: 0.001518
  step:  26 bond rmsd: 0.001542
  step:  27 bond rmsd: 0.001568
  step:  28 bond rmsd: 0.001614
  step:  29 bond rmsd: 0.001629
  step:  30 bond rmsd: 0.001642
  step:  31 bond rmsd: 0.001653
  step:  32 bond rmsd: 0.001666
  step:  33 bond rmsd: 0.001675
  step:  34 bond rmsd: 0.001678
  step:  35 bond rmsd: 0.001686
  step:  36 bond rmsd: 0.001684
  step:  37 bond rmsd: 0.001688
  step:  38 bond rmsd: 0.001680
  step:  39 bond rmsd: 0.001678
  step:  40 bond rmsd: 0.001656
  step:  41 bond rmsd: 0.001656
  step:  42 bond rmsd: 0.001647
  step:  43 bond rmsd: 0.001631
  step:  44 bond rmsd: 0.001613
  step:  45 bond rmsd: 0.001591
  step:  46 bond rmsd: 0.001572
  step:  47 bond rmsd: 0.001551
  step:  48 bond rmsd: 0.001536
  step:  49 bond rmsd: 0.001521
  step:  50 bond rmsd: 0.001509
  step:  51 bond rmsd: 0.001493
  step:  52 bond rmsd: 0.001478
  step:  53 bond rmsd: 0.001468
micro_cycle  10 rmsd(b):  0.0015 rws:  1.000 n_fev: 522
  step:   1 bond rmsd: 0.001468
  step:   2 bond rmsd: 0.060425
  step:   3 bond rmsd: 0.001615
  step:   4 bond rmsd: 0.001560
  step:   5 bond rmsd: 0.001524
  step:   6 bond rmsd: 0.001502
  step:   7 bond rmsd: 0.001489
  step:   8 bond rmsd: 0.001481
  step:   9 bond rmsd: 0.001477
  step:  10 bond rmsd: 0.001475
  step:  11 bond rmsd: 0.001475
  step:  12 bond rmsd: 0.001475
  step:  13 bond rmsd: 0.001476
  step:  14 bond rmsd: 0.001478
  step:  15 bond rmsd: 0.001480
  step:  16 bond rmsd: 0.001481
  step:  17 bond rmsd: 0.001484
  step:  18 bond rmsd: 0.001486
  step:  19 bond rmsd: 0.001490
  step:  20 bond rmsd: 0.001495
  step:  21 bond rmsd: 0.001502
  step:  22 bond rmsd: 0.001512
  step:  23 bond rmsd: 0.001528
  step:  24 bond rmsd: 0.001545
  step:  25 bond rmsd: 0.001561
  step:  26 bond rmsd: 0.001569
  step:  27 bond rmsd: 0.001582
  step:  28 bond rmsd: 0.001613
  step:  29 bond rmsd: 0.001621
  step:  30 bond rmsd: 0.001629
  step:  31 bond rmsd: 0.001640
  step:  32 bond rmsd: 0.001649
  step:  33 bond rmsd: 0.001652
  step:  34 bond rmsd: 0.001659
  step:  35 bond rmsd: 0.001661
  step:  36 bond rmsd: 0.001665
  step:  37 bond rmsd: 0.001662
  step:  38 bond rmsd: 0.001660
  step:  39 bond rmsd: 0.001657
  step:  40 bond rmsd: 0.001650
  step:  41 bond rmsd: 0.001626
  step:  42 bond rmsd: 0.001594
  step:  43 bond rmsd: 0.001557
  step:  44 bond rmsd: 0.001524
  step:  45 bond rmsd: 0.001496
  step:  46 bond rmsd: 0.001471
  step:  47 bond rmsd: 0.001450
  step:  48 bond rmsd: 0.001435
  step:  49 bond rmsd: 0.001415
  step:  50 bond rmsd: 0.001408
  step:  51 bond rmsd: 0.001402
  step:  52 bond rmsd: 0.001399
micro_cycle  11 rmsd(b):  0.0014 rws:  1.000 n_fev: 574
  step:   1 bond rmsd: 0.001399
  step:   2 bond rmsd: 0.068776
  step:   3 bond rmsd: 0.002393
  step:   4 bond rmsd: 0.002122
  step:   5 bond rmsd: 0.001923
  step:   6 bond rmsd: 0.001779
  step:   7 bond rmsd: 0.001677
  step:   8 bond rmsd: 0.001604
  step:   9 bond rmsd: 0.001553
  step:  10 bond rmsd: 0.001517
  step:  11 bond rmsd: 0.001492
  step:  12 bond rmsd: 0.001475
  step:  13 bond rmsd: 0.001463
  step:  14 bond rmsd: 0.001454
  step:  15 bond rmsd: 0.001449
  step:  16 bond rmsd: 0.001445
  step:  17 bond rmsd: 0.001442
  step:  18 bond rmsd: 0.001440
  step:  19 bond rmsd: 0.001439
  step:  20 bond rmsd: 0.001439
  step:  21 bond rmsd: 0.001440
  step:  22 bond rmsd: 0.001442
  step:  23 bond rmsd: 0.001447
  step:  24 bond rmsd: 0.001455
  step:  25 bond rmsd: 0.001471
  step:  26 bond rmsd: 0.001497
  step:  27 bond rmsd: 0.001524
  step:  28 bond rmsd: 0.001556
  step:  29 bond rmsd: 0.001601
  step:  30 bond rmsd: 0.001628
  step:  31 bond rmsd: 0.001655
  step:  32 bond rmsd: 0.001682
  step:  33 bond rmsd: 0.001704
  step:  34 bond rmsd: 0.001723
  step:  35 bond rmsd: 0.001725
  step:  36 bond rmsd: 0.001736
  step:  37 bond rmsd: 0.001732
  step:  38 bond rmsd: 0.001722
  step:  39 bond rmsd: 0.001689
  step:  40 bond rmsd: 0.001666
  step:  41 bond rmsd: 0.001641
  step:  42 bond rmsd: 0.001619
  step:  43 bond rmsd: 0.001601
  step:  44 bond rmsd: 0.001583
  step:  45 bond rmsd: 0.001566
  step:  46 bond rmsd: 0.001553
  step:  47 bond rmsd: 0.001537
  step:  48 bond rmsd: 0.001524
  step:  49 bond rmsd: 0.001512
  step:  50 bond rmsd: 0.001499
  step:  51 bond rmsd: 0.001490
  step:  52 bond rmsd: 0.001485
micro_cycle  12 rmsd(b):  0.0015 rws:  1.000 n_fev: 626
  step:   1 bond rmsd: 0.001485
  step:   2 bond rmsd: 0.090265
  step:   3 bond rmsd: 0.001682
  step:   4 bond rmsd: 0.001604
  step:   5 bond rmsd: 0.001555
  step:   6 bond rmsd: 0.001523
  step:   7 bond rmsd: 0.001504
  step:   8 bond rmsd: 0.001493
  step:   9 bond rmsd: 0.001487
  step:  10 bond rmsd: 0.001483
  step:  11 bond rmsd: 0.001482
  step:  12 bond rmsd: 0.001482
  step:  13 bond rmsd: 0.001482
  step:  14 bond rmsd: 0.001483
  step:  15 bond rmsd: 0.001484
  step:  16 bond rmsd: 0.001485
  step:  17 bond rmsd: 0.001486
  step:  18 bond rmsd: 0.001487
  step:  19 bond rmsd: 0.001488
  step:  20 bond rmsd: 0.001490
  step:  21 bond rmsd: 0.001491
  step:  22 bond rmsd: 0.001494
  step:  23 bond rmsd: 0.001497
  step:  24 bond rmsd: 0.001503
  step:  25 bond rmsd: 0.001510
  step:  26 bond rmsd: 0.001521
  step:  27 bond rmsd: 0.001534
  step:  28 bond rmsd: 0.001545
  step:  29 bond rmsd: 0.001559
  step:  30 bond rmsd: 0.001573
  step:  31 bond rmsd: 0.001573
  step:  32 bond rmsd: 0.001584
  step:  33 bond rmsd: 0.001595
  step:  34 bond rmsd: 0.001606
  step:  35 bond rmsd: 0.001617
  step:  36 bond rmsd: 0.001629
  step:  37 bond rmsd: 0.001638
  step:  38 bond rmsd: 0.001649
  step:  39 bond rmsd: 0.001661
  step:  40 bond rmsd: 0.001674
  step:  41 bond rmsd: 0.001685
  step:  42 bond rmsd: 0.001695
  step:  43 bond rmsd: 0.001679
  step:  44 bond rmsd: 0.001678
  step:  45 bond rmsd: 0.001654
  step:  46 bond rmsd: 0.001641
  step:  47 bond rmsd: 0.001628
  step:  48 bond rmsd: 0.001611
  step:  49 bond rmsd: 0.001597
  step:  50 bond rmsd: 0.001587
  step:  51 bond rmsd: 0.001577
  step:  52 bond rmsd: 0.001565
  step:  53 bond rmsd: 0.001543
micro_cycle  13 rmsd(b):  0.0015 rws:  1.000 n_fev: 679
  step:   1 bond rmsd: 0.001543
  step:   2 bond rmsd: 0.104123
  step:   3 bond rmsd: 0.003138
  step:   4 bond rmsd: 0.002676
  step:   5 bond rmsd: 0.002333
  step:   6 bond rmsd: 0.002083
  step:   7 bond rmsd: 0.001906
  step:   8 bond rmsd: 0.001784
  step:   9 bond rmsd: 0.001701
  step:  10 bond rmsd: 0.001645
  step:  11 bond rmsd: 0.001608
  step:  12 bond rmsd: 0.001585
  step:  13 bond rmsd: 0.001569
  step:  14 bond rmsd: 0.001559
  step:  15 bond rmsd: 0.001553
  step:  16 bond rmsd: 0.001548
  step:  17 bond rmsd: 0.001546
  step:  18 bond rmsd: 0.001544
  step:  19 bond rmsd: 0.001543
  step:  20 bond rmsd: 0.001542
  step:  21 bond rmsd: 0.001542
  step:  22 bond rmsd: 0.001542
  step:  23 bond rmsd: 0.001542
  step:  24 bond rmsd: 0.001542
  step:  25 bond rmsd: 0.001543
  step:  26 bond rmsd: 0.001543
  step:  27 bond rmsd: 0.001544
  step:  28 bond rmsd: 0.001546
  step:  29 bond rmsd: 0.001549
  step:  30 bond rmsd: 0.001550
  step:  31 bond rmsd: 0.001553
  step:  32 bond rmsd: 0.001554
  step:  33 bond rmsd: 0.001564
  step:  34 bond rmsd: 0.001564
  step:  35 bond rmsd: 0.001563
  step:  36 bond rmsd: 0.001560
  step:  37 bond rmsd: 0.001559
  step:  38 bond rmsd: 0.001555
  step:  39 bond rmsd: 0.001552
  step:  40 bond rmsd: 0.001548
  step:  41 bond rmsd: 0.001547
  step:  42 bond rmsd: 0.001543
  step:  43 bond rmsd: 0.001539
  step:  44 bond rmsd: 0.001535
  step:  45 bond rmsd: 0.001530
  step:  46 bond rmsd: 0.001526
  step:  47 bond rmsd: 0.001520
  step:  48 bond rmsd: 0.001516
  step:  49 bond rmsd: 0.001510
  step:  50 bond rmsd: 0.001506
  step:  51 bond rmsd: 0.001500
  step:  52 bond rmsd: 0.001497
micro_cycle  14 rmsd(b):  0.0015 rws:  1.000 n_fev: 731
  step:   1 bond rmsd: 0.001497
  step:   2 bond rmsd: 0.067199
  step:   3 bond rmsd: 0.001729
  step:   4 bond rmsd: 0.001661
  step:   5 bond rmsd: 0.001614
  step:   6 bond rmsd: 0.001581
  step:   7 bond rmsd: 0.001559
  step:   8 bond rmsd: 0.001543
  step:   9 bond rmsd: 0.001532
  step:  10 bond rmsd: 0.001524
  step:  11 bond rmsd: 0.001518
  step:  12 bond rmsd: 0.001514
  step:  13 bond rmsd: 0.001511
  step:  14 bond rmsd: 0.001509
  step:  15 bond rmsd: 0.001507
  step:  16 bond rmsd: 0.001506
  step:  17 bond rmsd: 0.001505
  step:  18 bond rmsd: 0.001504
  step:  19 bond rmsd: 0.001503
  step:  20 bond rmsd: 0.001503
  step:  21 bond rmsd: 0.001503
  step:  22 bond rmsd: 0.001503
  step:  23 bond rmsd: 0.001503
  step:  24 bond rmsd: 0.001505
  step:  25 bond rmsd: 0.001508
  step:  26 bond rmsd: 0.001513
  step:  27 bond rmsd: 0.001518
  step:  28 bond rmsd: 0.001524
  step:  29 bond rmsd: 0.001529
  step:  30 bond rmsd: 0.001534
  step:  31 bond rmsd: 0.001539
  step:  32 bond rmsd: 0.001541
  step:  33 bond rmsd: 0.001544
  step:  34 bond rmsd: 0.001546
  step:  35 bond rmsd: 0.001548
  step:  36 bond rmsd: 0.001549
  step:  37 bond rmsd: 0.001552
  step:  38 bond rmsd: 0.001552
  step:  39 bond rmsd: 0.001553
  step:  40 bond rmsd: 0.001553
  step:  41 bond rmsd: 0.001553
  step:  42 bond rmsd: 0.001552
  step:  43 bond rmsd: 0.001550
  step:  44 bond rmsd: 0.001548
  step:  45 bond rmsd: 0.001545
  step:  46 bond rmsd: 0.001543
  step:  47 bond rmsd: 0.001539
  step:  48 bond rmsd: 0.001538
  step:  49 bond rmsd: 0.001537
  step:  50 bond rmsd: 0.001536
  step:  51 bond rmsd: 0.001539
  step:  52 bond rmsd: 0.001538
micro_cycle  15 rmsd(b):  0.0015 rws:  1.000 n_fev: 783
  step:   1 bond rmsd: 0.001538
  step:   2 bond rmsd: 0.054127
  step:   3 bond rmsd: 0.006140
  step:   4 bond rmsd: 0.004990
  step:   5 bond rmsd: 0.004088
  step:   6 bond rmsd: 0.003391
  step:   7 bond rmsd: 0.002858
  step:   8 bond rmsd: 0.002459
  step:   9 bond rmsd: 0.002167
  step:  10 bond rmsd: 0.001958
  step:  11 bond rmsd: 0.001813
  step:  12 bond rmsd: 0.001714
  step:  13 bond rmsd: 0.001648
  step:  14 bond rmsd: 0.001605
  step:  15 bond rmsd: 0.001578
  step:  16 bond rmsd: 0.001560
  step:  17 bond rmsd: 0.001549
  step:  18 bond rmsd: 0.001542
  step:  19 bond rmsd: 0.001537
  step:  20 bond rmsd: 0.001535
  step:  21 bond rmsd: 0.001533
  step:  22 bond rmsd: 0.001532
  step:  23 bond rmsd: 0.001532
  step:  24 bond rmsd: 0.001532
  step:  25 bond rmsd: 0.001532
  step:  26 bond rmsd: 0.001532
  step:  27 bond rmsd: 0.001532
  step:  28 bond rmsd: 0.001533
  step:  29 bond rmsd: 0.001534
  step:  30 bond rmsd: 0.001535
  step:  31 bond rmsd: 0.001537
  step:  32 bond rmsd: 0.001538
  step:  33 bond rmsd: 0.001540
  step:  34 bond rmsd: 0.001542
  step:  35 bond rmsd: 0.001541
  step:  36 bond rmsd: 0.001543
  step:  37 bond rmsd: 0.001544
  step:  38 bond rmsd: 0.001547
  step:  39 bond rmsd: 0.001547
  step:  40 bond rmsd: 0.001548
  step:  41 bond rmsd: 0.001548
  step:  42 bond rmsd: 0.001548
  step:  43 bond rmsd: 0.001547
  step:  44 bond rmsd: 0.001546
  step:  45 bond rmsd: 0.001545
  step:  46 bond rmsd: 0.001543
  step:  47 bond rmsd: 0.001542
  step:  48 bond rmsd: 0.001539
  step:  49 bond rmsd: 0.001535
  step:  50 bond rmsd: 0.001528
  step:  51 bond rmsd: 0.001523
  step:  52 bond rmsd: 0.001518
micro_cycle  16 rmsd(b):  0.0015 rws:  1.000 n_fev: 835
  step:   1 bond rmsd: 0.001518
  step:   2 bond rmsd: 0.066789
  step:   3 bond rmsd: 0.001514
  step:   4 bond rmsd: 0.001513
  step:   5 bond rmsd: 0.001513
  step:   6 bond rmsd: 0.001513
  step:   7 bond rmsd: 0.001514
  step:   8 bond rmsd: 0.001514
  step:   9 bond rmsd: 0.001514
  step:  10 bond rmsd: 0.001515
  step:  11 bond rmsd: 0.001515
  step:  12 bond rmsd: 0.001516
  step:  13 bond rmsd: 0.001516
  step:  14 bond rmsd: 0.001516
  step:  15 bond rmsd: 0.001517
  step:  16 bond rmsd: 0.001517
  step:  17 bond rmsd: 0.001517
  step:  18 bond rmsd: 0.001517
  step:  19 bond rmsd: 0.001517
  step:  20 bond rmsd: 0.001514
  step:  21 bond rmsd: 0.001513
  step:  22 bond rmsd: 0.001514
  step:  23 bond rmsd: 0.001511
  step:  24 bond rmsd: 0.001511
  step:  25 bond rmsd: 0.001512
  step:  26 bond rmsd: 0.001514
  step:  27 bond rmsd: 0.001516
  step:  28 bond rmsd: 0.001518
  step:  29 bond rmsd: 0.001521
  step:  30 bond rmsd: 0.001523
  step:  31 bond rmsd: 0.001526
  step:  32 bond rmsd: 0.001530
  step:  33 bond rmsd: 0.001538
  step:  34 bond rmsd: 0.001541
  step:  35 bond rmsd: 0.001547
  step:  36 bond rmsd: 0.001551
  step:  37 bond rmsd: 0.001559
  step:  38 bond rmsd: 0.001564
  step:  39 bond rmsd: 0.001571
  step:  40 bond rmsd: 0.001579
  step:  41 bond rmsd: 0.001585
  step:  42 bond rmsd: 0.001595
  step:  43 bond rmsd: 0.001605
  step:  44 bond rmsd: 0.001622
  step:  45 bond rmsd: 0.001634
  step:  46 bond rmsd: 0.001650
  step:  47 bond rmsd: 0.001674
  step:  48 bond rmsd: 0.001686
  step:  49 bond rmsd: 0.001716
  step:  50 bond rmsd: 0.001724
  step:  51 bond rmsd: 0.001731
  step:  52 bond rmsd: 0.001726
micro_cycle  17 rmsd(b):  0.0017 rws:  1.000 n_fev: 887
  step:   1 bond rmsd: 0.001726
  step:   2 bond rmsd: 0.042581
  step:   3 bond rmsd: 0.015946
  step:   4 bond rmsd: 0.012789
  step:   5 bond rmsd: 0.010271
  step:   6 bond rmsd: 0.008257
  step:   7 bond rmsd: 0.006653
  step:   8 bond rmsd: 0.005384
  step:   9 bond rmsd: 0.004387
  step:  10 bond rmsd: 0.003612
  step:  11 bond rmsd: 0.003020
  step:  12 bond rmsd: 0.002577
  step:  13 bond rmsd: 0.002254
  step:  14 bond rmsd: 0.002026
  step:  15 bond rmsd: 0.001870
  step:  16 bond rmsd: 0.001767
  step:  17 bond rmsd: 0.001701
  step:  18 bond rmsd: 0.001660
  step:  19 bond rmsd: 0.001635
  step:  20 bond rmsd: 0.001620
  step:  21 bond rmsd: 0.001612
  step:  22 bond rmsd: 0.001607
  step:  23 bond rmsd: 0.001605
  step:  24 bond rmsd: 0.001604
  step:  25 bond rmsd: 0.001603
  step:  26 bond rmsd: 0.001603
  step:  27 bond rmsd: 0.001603
  step:  28 bond rmsd: 0.001603
  step:  29 bond rmsd: 0.001602
  step:  30 bond rmsd: 0.001600
  step:  31 bond rmsd: 0.001597
  step:  32 bond rmsd: 0.001590
  step:  33 bond rmsd: 0.001577
  step:  34 bond rmsd: 0.001544
  step:  35 bond rmsd: 0.001534
  step:  36 bond rmsd: 0.001526
  step:  37 bond rmsd: 0.001518
  step:  38 bond rmsd: 0.001513
  step:  39 bond rmsd: 0.001508
  step:  40 bond rmsd: 0.001504
  step:  41 bond rmsd: 0.001499
  step:  42 bond rmsd: 0.001498
  step:  43 bond rmsd: 0.001495
  step:  44 bond rmsd: 0.001493
  step:  45 bond rmsd: 0.001491
  step:  46 bond rmsd: 0.001489
  step:  47 bond rmsd: 0.001487
  step:  48 bond rmsd: 0.001484
  step:  49 bond rmsd: 0.001483
  step:  50 bond rmsd: 0.001482
  step:  51 bond rmsd: 0.001482
  step:  52 bond rmsd: 0.001482
micro_cycle  18 rmsd(b):  0.0015 rws:  1.000 n_fev: 939
  step:   1 bond rmsd: 0.001482
  step:   2 bond rmsd: 0.047983
  step:   3 bond rmsd: 0.001691
  step:   4 bond rmsd: 0.001631
  step:   5 bond rmsd: 0.001589
  step:   6 bond rmsd: 0.001560
  step:   7 bond rmsd: 0.001540
  step:   8 bond rmsd: 0.001525
  step:   9 bond rmsd: 0.001515
  step:  10 bond rmsd: 0.001508
  step:  11 bond rmsd: 0.001503
  step:  12 bond rmsd: 0.001499
  step:  13 bond rmsd: 0.001496
  step:  14 bond rmsd: 0.001494
  step:  15 bond rmsd: 0.001492
  step:  16 bond rmsd: 0.001491
  step:  17 bond rmsd: 0.001490
  step:  18 bond rmsd: 0.001489
  step:  19 bond rmsd: 0.001489
  step:  20 bond rmsd: 0.001488
  step:  21 bond rmsd: 0.001488
  step:  22 bond rmsd: 0.001488
  step:  23 bond rmsd: 0.001488
  step:  24 bond rmsd: 0.001488
  step:  25 bond rmsd: 0.001488
  step:  26 bond rmsd: 0.001490
  step:  27 bond rmsd: 0.001493
  step:  28 bond rmsd: 0.001496
  step:  29 bond rmsd: 0.001498
  step:  30 bond rmsd: 0.001503
  step:  31 bond rmsd: 0.001505
  step:  32 bond rmsd: 0.001508
  step:  33 bond rmsd: 0.001510
  step:  34 bond rmsd: 0.001515
  step:  35 bond rmsd: 0.001516
  step:  36 bond rmsd: 0.001517
  step:  37 bond rmsd: 0.001518
  step:  38 bond rmsd: 0.001517
  step:  39 bond rmsd: 0.001518
  step:  40 bond rmsd: 0.001518
  step:  41 bond rmsd: 0.001518
  step:  42 bond rmsd: 0.001520
  step:  43 bond rmsd: 0.001518
  step:  44 bond rmsd: 0.001517
  step:  45 bond rmsd: 0.001517
  step:  46 bond rmsd: 0.001516
  step:  47 bond rmsd: 0.001514
  step:  48 bond rmsd: 0.001509
  step:  49 bond rmsd: 0.001507
  step:  50 bond rmsd: 0.001503
  step:  51 bond rmsd: 0.001499
  step:  52 bond rmsd: 0.001493
micro_cycle  19 rmsd(b):  0.0015 rws:  1.000 n_fev: 991
  step:   1 bond rmsd: 0.001493
  step:   2 bond rmsd: 0.080833
  step:   3 bond rmsd: 0.001543
  step:   4 bond rmsd: 0.001524
  step:   5 bond rmsd: 0.001513
  step:   6 bond rmsd: 0.001505
  step:   7 bond rmsd: 0.001500
  step:   8 bond rmsd: 0.001497
  step:   9 bond rmsd: 0.001495
  step:  10 bond rmsd: 0.001494
  step:  11 bond rmsd: 0.001493
  step:  12 bond rmsd: 0.001493
  step:  13 bond rmsd: 0.001493
  step:  14 bond rmsd: 0.001493
  step:  15 bond rmsd: 0.001494
  step:  16 bond rmsd: 0.001494
  step:  17 bond rmsd: 0.001495
  step:  18 bond rmsd: 0.001495
  step:  19 bond rmsd: 0.001496
  step:  20 bond rmsd: 0.001498
  step:  21 bond rmsd: 0.001499
  step:  22 bond rmsd: 0.001497
  step:  23 bond rmsd: 0.001499
  step:  24 bond rmsd: 0.001499
  step:  25 bond rmsd: 0.001498
  step:  26 bond rmsd: 0.001503
  step:  27 bond rmsd: 0.001501
  step:  28 bond rmsd: 0.001500
  step:  29 bond rmsd: 0.001498
  step:  30 bond rmsd: 0.001498
  step:  31 bond rmsd: 0.001496
  step:  32 bond rmsd: 0.001495
  step:  33 bond rmsd: 0.001494
  step:  34 bond rmsd: 0.001494
  step:  35 bond rmsd: 0.001493
  step:  36 bond rmsd: 0.001492
  step:  37 bond rmsd: 0.001492
  step:  38 bond rmsd: 0.001491
  step:  39 bond rmsd: 0.001490
  step:  40 bond rmsd: 0.001490
  step:  41 bond rmsd: 0.001489
  step:  42 bond rmsd: 0.001489
  step:  43 bond rmsd: 0.001490
  step:  44 bond rmsd: 0.001489
  step:  45 bond rmsd: 0.001491
  step:  46 bond rmsd: 0.001493
  step:  47 bond rmsd: 0.001505
  step:  48 bond rmsd: 0.001505
  step:  49 bond rmsd: 0.001506
  step:  50 bond rmsd: 0.001508
  step:  51 bond rmsd: 0.001509
  step:  52 bond rmsd: 0.001511
micro_cycle  20 rmsd(b):  0.0015 rws:  1.000 n_fev: 1043
  step:   1 bond rmsd: 0.001511
  step:   2 bond rmsd: 0.047070
  step:   3 bond rmsd: 0.001504
  step:   4 bond rmsd: 0.001500
  step:   5 bond rmsd: 0.001498
  step:   6 bond rmsd: 0.001498
  step:   7 bond rmsd: 0.001499
  step:   8 bond rmsd: 0.001500
  step:   9 bond rmsd: 0.001501
  step:  10 bond rmsd: 0.001502
  step:  11 bond rmsd: 0.001504
  step:  12 bond rmsd: 0.001505
  step:  13 bond rmsd: 0.001506
  step:  14 bond rmsd: 0.001507
  step:  15 bond rmsd: 0.001508
  step:  16 bond rmsd: 0.001509
  step:  17 bond rmsd: 0.001510
  step:  18 bond rmsd: 0.001510
  step:  19 bond rmsd: 0.001511
  step:  20 bond rmsd: 0.001512
  step:  21 bond rmsd: 0.001513
  step:  22 bond rmsd: 0.001513
  step:  23 bond rmsd: 0.001511
  step:  24 bond rmsd: 0.001510
  step:  25 bond rmsd: 0.001509
  step:  26 bond rmsd: 0.001505
  step:  27 bond rmsd: 0.001505
  step:  28 bond rmsd: 0.001504
  step:  29 bond rmsd: 0.001503
  step:  30 bond rmsd: 0.001502
  step:  31 bond rmsd: 0.001502
  step:  32 bond rmsd: 0.001500
  step:  33 bond rmsd: 0.001501
  step:  34 bond rmsd: 0.001499
  step:  35 bond rmsd: 0.001498
  step:  36 bond rmsd: 0.001496
  step:  37 bond rmsd: 0.001494
  step:  38 bond rmsd: 0.001491
  step:  39 bond rmsd: 0.001488
  step:  40 bond rmsd: 0.001486
  step:  41 bond rmsd: 0.001484
  step:  42 bond rmsd: 0.001483
  step:  43 bond rmsd: 0.001482
  step:  44 bond rmsd: 0.001480
  step:  45 bond rmsd: 0.001479
  step:  46 bond rmsd: 0.001479
  step:  47 bond rmsd: 0.001478
  step:  48 bond rmsd: 0.001479
  step:  49 bond rmsd: 0.001479
  step:  50 bond rmsd: 0.001480
  step:  51 bond rmsd: 0.001481
  step:  52 bond rmsd: 0.001484
micro_cycle  21 rmsd(b):  0.0015 rws:  1.000 n_fev: 1095
  step:   1 bond rmsd: 0.001484
  step:   2 bond rmsd: 0.073777
  step:   3 bond rmsd: 0.001566
  step:   4 bond rmsd: 0.001535
  step:   5 bond rmsd: 0.001515
  step:   6 bond rmsd: 0.001502
  step:   7 bond rmsd: 0.001494
  step:   8 bond rmsd: 0.001489
  step:   9 bond rmsd: 0.001486
  step:  10 bond rmsd: 0.001485
  step:  11 bond rmsd: 0.001484
  step:  12 bond rmsd: 0.001483
  step:  13 bond rmsd: 0.001483
  step:  14 bond rmsd: 0.001483
  step:  15 bond rmsd: 0.001483
  step:  16 bond rmsd: 0.001483
  step:  17 bond rmsd: 0.001483
  step:  18 bond rmsd: 0.001483
  step:  19 bond rmsd: 0.001484
  step:  20 bond rmsd: 0.001484
  step:  21 bond rmsd: 0.001485
  step:  22 bond rmsd: 0.001485
  step:  23 bond rmsd: 0.001486
  step:  24 bond rmsd: 0.001487
  step:  25 bond rmsd: 0.001488
  step:  26 bond rmsd: 0.001489
  step:  27 bond rmsd: 0.001490
  step:  28 bond rmsd: 0.001495
  step:  29 bond rmsd: 0.001495
  step:  30 bond rmsd: 0.001497
  step:  31 bond rmsd: 0.001497
  step:  32 bond rmsd: 0.001498
  step:  33 bond rmsd: 0.001498
  step:  34 bond rmsd: 0.001501
  step:  35 bond rmsd: 0.001502
  step:  36 bond rmsd: 0.001503
  step:  37 bond rmsd: 0.001504
  step:  38 bond rmsd: 0.001505
  step:  39 bond rmsd: 0.001507
  step:  40 bond rmsd: 0.001506
  step:  41 bond rmsd: 0.001508
  step:  42 bond rmsd: 0.001508
  step:  43 bond rmsd: 0.001508
  step:  44 bond rmsd: 0.001509
  step:  45 bond rmsd: 0.001509
  step:  46 bond rmsd: 0.001509
  step:  47 bond rmsd: 0.001509
  step:  48 bond rmsd: 0.001512
  step:  49 bond rmsd: 0.001511
  step:  50 bond rmsd: 0.001510
  step:  51 bond rmsd: 0.001509
  step:  52 bond rmsd: 0.001508
micro_cycle  22 rmsd(b):  0.0015 rws:  1.000 n_fev: 1147
  step:   1 bond rmsd: 0.001508
  step:   2 bond rmsd: 0.044050
  step:   3 bond rmsd: 0.001497
  step:   4 bond rmsd: 0.001495
  step:   5 bond rmsd: 0.001495
  step:   6 bond rmsd: 0.001496
  step:   7 bond rmsd: 0.001497
  step:   8 bond rmsd: 0.001498
  step:   9 bond rmsd: 0.001499
  step:  10 bond rmsd: 0.001500
  step:  11 bond rmsd: 0.001502
  step:  12 bond rmsd: 0.001503
  step:  13 bond rmsd: 0.001503
  step:  14 bond rmsd: 0.001504
  step:  15 bond rmsd: 0.001505
  step:  16 bond rmsd: 0.001506
  step:  17 bond rmsd: 0.001507
  step:  18 bond rmsd: 0.001507
  step:  19 bond rmsd: 0.001508
  step:  20 bond rmsd: 0.001509
  step:  21 bond rmsd: 0.001511
  step:  22 bond rmsd: 0.001512
  step:  23 bond rmsd: 0.001511
  step:  24 bond rmsd: 0.001511
  step:  25 bond rmsd: 0.001511
  step:  26 bond rmsd: 0.001510
  step:  27 bond rmsd: 0.001509
  step:  28 bond rmsd: 0.001508
  step:  29 bond rmsd: 0.001509
  step:  30 bond rmsd: 0.001508
  step:  31 bond rmsd: 0.001507
  step:  32 bond rmsd: 0.001506
  step:  33 bond rmsd: 0.001505
  step:  34 bond rmsd: 0.001504
  step:  35 bond rmsd: 0.001502
  step:  36 bond rmsd: 0.001501
  step:  37 bond rmsd: 0.001498
  step:  38 bond rmsd: 0.001497
  step:  39 bond rmsd: 0.001495
  step:  40 bond rmsd: 0.001493
  step:  41 bond rmsd: 0.001491
  step:  42 bond rmsd: 0.001490
  step:  43 bond rmsd: 0.001489
  step:  44 bond rmsd: 0.001485
  step:  45 bond rmsd: 0.001483
  step:  46 bond rmsd: 0.001482
  step:  47 bond rmsd: 0.001480
  step:  48 bond rmsd: 0.001478
  step:  49 bond rmsd: 0.001478
  step:  50 bond rmsd: 0.001477
  step:  51 bond rmsd: 0.001478
  step:  52 bond rmsd: 0.001476
micro_cycle  23 rmsd(b):  0.0015 rws:  1.000 n_fev: 1199
  step:   1 bond rmsd: 0.001476
  step:   2 bond rmsd: 0.068501
  step:   3 bond rmsd: 0.001533
  step:   4 bond rmsd: 0.001518
  step:   5 bond rmsd: 0.001508
  step:   6 bond rmsd: 0.001501
  step:   7 bond rmsd: 0.001495
  step:   8 bond rmsd: 0.001491
  step:   9 bond rmsd: 0.001488
  step:  10 bond rmsd: 0.001486
  step:  11 bond rmsd: 0.001485
  step:  12 bond rmsd: 0.001483
  step:  13 bond rmsd: 0.001482
  step:  14 bond rmsd: 0.001482
  step:  15 bond rmsd: 0.001481
  step:  16 bond rmsd: 0.001481
  step:  17 bond rmsd: 0.001480
  step:  18 bond rmsd: 0.001480
  step:  19 bond rmsd: 0.001480
  step:  20 bond rmsd: 0.001480
  step:  21 bond rmsd: 0.001481
  step:  22 bond rmsd: 0.001483
  step:  23 bond rmsd: 0.001485
  step:  24 bond rmsd: 0.001486
  step:  25 bond rmsd: 0.001489
  step:  26 bond rmsd: 0.001489
  step:  27 bond rmsd: 0.001491
  step:  28 bond rmsd: 0.001493
  step:  29 bond rmsd: 0.001498
  step:  30 bond rmsd: 0.001499
  step:  31 bond rmsd: 0.001500
  step:  32 bond rmsd: 0.001503
  step:  33 bond rmsd: 0.001505
  step:  34 bond rmsd: 0.001508
  step:  35 bond rmsd: 0.001510
  step:  36 bond rmsd: 0.001515
  step:  37 bond rmsd: 0.001513
  step:  38 bond rmsd: 0.001516
  step:  39 bond rmsd: 0.001520
  step:  40 bond rmsd: 0.001523
  step:  41 bond rmsd: 0.001526
  step:  42 bond rmsd: 0.001529
  step:  43 bond rmsd: 0.001530
  step:  44 bond rmsd: 0.001531
  step:  45 bond rmsd: 0.001534
  step:  46 bond rmsd: 0.001534
  step:  47 bond rmsd: 0.001533
  step:  48 bond rmsd: 0.001532
  step:  49 bond rmsd: 0.001532
  step:  50 bond rmsd: 0.001530
  step:  51 bond rmsd: 0.001527
  step:  52 bond rmsd: 0.001524
micro_cycle  24 rmsd(b):  0.0015 rws:  1.000 n_fev: 1251
  step:   1 bond rmsd: 0.001524
  step:   2 bond rmsd: 0.050558
  step:   3 bond rmsd: 0.001517
  step:   4 bond rmsd: 0.001514
  step:   5 bond rmsd: 0.001514
  step:   6 bond rmsd: 0.001514
  step:   7 bond rmsd: 0.001514
  step:   8 bond rmsd: 0.001515
  step:   9 bond rmsd: 0.001516
  step:  10 bond rmsd: 0.001517
  step:  11 bond rmsd: 0.001518
  step:  12 bond rmsd: 0.001519
  step:  13 bond rmsd: 0.001520
  step:  14 bond rmsd: 0.001521
  step:  15 bond rmsd: 0.001521
  step:  16 bond rmsd: 0.001522
  step:  17 bond rmsd: 0.001523
  step:  18 bond rmsd: 0.001524
  step:  19 bond rmsd: 0.001524
  step:  20 bond rmsd: 0.001525
  step:  21 bond rmsd: 0.001525
  step:  22 bond rmsd: 0.001518
  step:  23 bond rmsd: 0.001517
  step:  24 bond rmsd: 0.001516
  step:  25 bond rmsd: 0.001512
  step:  26 bond rmsd: 0.001511
  step:  27 bond rmsd: 0.001506
  step:  28 bond rmsd: 0.001504
  step:  29 bond rmsd: 0.001502
  step:  30 bond rmsd: 0.001500
  step:  31 bond rmsd: 0.001498
  step:  32 bond rmsd: 0.001496
  step:  33 bond rmsd: 0.001494
  step:  34 bond rmsd: 0.001492
  step:  35 bond rmsd: 0.001492
  step:  36 bond rmsd: 0.001491
  step:  37 bond rmsd: 0.001489
  step:  38 bond rmsd: 0.001487
  step:  39 bond rmsd: 0.001486
  step:  40 bond rmsd: 0.001484
  step:  41 bond rmsd: 0.001482
  step:  42 bond rmsd: 0.001482
  step:  43 bond rmsd: 0.001480
  step:  44 bond rmsd: 0.001480
  step:  45 bond rmsd: 0.001479
  step:  46 bond rmsd: 0.001479
  step:  47 bond rmsd: 0.001478
  step:  48 bond rmsd: 0.001478
  step:  49 bond rmsd: 0.001481
  step:  50 bond rmsd: 0.001484
  step:  51 bond rmsd: 0.001485
  step:  52 bond rmsd: 0.001489
micro_cycle  25 rmsd(b):  0.0015 rws:  1.000 n_fev: 1303
  step:   1 bond rmsd: 0.001489
  step:   2 bond rmsd: 0.072752
  step:   3 bond rmsd: 0.001504
  step:   4 bond rmsd: 0.001498
  step:   5 bond rmsd: 0.001494
  step:   6 bond rmsd: 0.001492
  step:   7 bond rmsd: 0.001490
  step:   8 bond rmsd: 0.001489
  step:   9 bond rmsd: 0.001489
  step:  10 bond rmsd: 0.001489
  step:  11 bond rmsd: 0.001489
  step:  12 bond rmsd: 0.001489
  step:  13 bond rmsd: 0.001489
  step:  14 bond rmsd: 0.001489
  step:  15 bond rmsd: 0.001490
  step:  16 bond rmsd: 0.001490
  step:  17 bond rmsd: 0.001491
  step:  18 bond rmsd: 0.001491
  step:  19 bond rmsd: 0.001492
  step:  20 bond rmsd: 0.001493
  step:  21 bond rmsd: 0.001493
  step:  22 bond rmsd: 0.001495
  step:  23 bond rmsd: 0.001496
  step:  24 bond rmsd: 0.001497
  step:  25 bond rmsd: 0.001499
  step:  26 bond rmsd: 0.001501
  step:  27 bond rmsd: 0.001501
  step:  28 bond rmsd: 0.001504
  step:  29 bond rmsd: 0.001504
  step:  30 bond rmsd: 0.001505
  step:  31 bond rmsd: 0.001505
  step:  32 bond rmsd: 0.001506
  step:  33 bond rmsd: 0.001505
  step:  34 bond rmsd: 0.001505
  step:  35 bond rmsd: 0.001504
  step:  36 bond rmsd: 0.001503
  step:  37 bond rmsd: 0.001503
  step:  38 bond rmsd: 0.001501
  step:  39 bond rmsd: 0.001500
  step:  40 bond rmsd: 0.001498
  step:  41 bond rmsd: 0.001497
  step:  42 bond rmsd: 0.001495
  step:  43 bond rmsd: 0.001493
  step:  44 bond rmsd: 0.001492
  step:  45 bond rmsd: 0.001490
  step:  46 bond rmsd: 0.001491
  step:  47 bond rmsd: 0.001490
  step:  48 bond rmsd: 0.001489
  step:  49 bond rmsd: 0.001489
  step:  50 bond rmsd: 0.001492
  step:  51 bond rmsd: 0.001493
  step:  52 bond rmsd: 0.001495
micro_cycle  26 rmsd(b):  0.0015 rws:  1.000 n_fev: 1355
  step:   1 bond rmsd: 0.001495
  step:   2 bond rmsd: 0.065743
  step:   3 bond rmsd: 0.001521
  step:   4 bond rmsd: 0.001514
  step:   5 bond rmsd: 0.001509
  step:   6 bond rmsd: 0.001506
  step:   7 bond rmsd: 0.001504
  step:   8 bond rmsd: 0.001502
  step:   9 bond rmsd: 0.001501
  step:  10 bond rmsd: 0.001500
  step:  11 bond rmsd: 0.001499
  step:  12 bond rmsd: 0.001499
  step:  13 bond rmsd: 0.001498
  step:  14 bond rmsd: 0.001498
  step:  15 bond rmsd: 0.001498
  step:  16 bond rmsd: 0.001498
  step:  17 bond rmsd: 0.001498
  step:  18 bond rmsd: 0.001498
  step:  19 bond rmsd: 0.001500
  step:  20 bond rmsd: 0.001502
  step:  21 bond rmsd: 0.001505
  step:  22 bond rmsd: 0.001506
  step:  23 bond rmsd: 0.001512
  step:  24 bond rmsd: 0.001513
  step:  25 bond rmsd: 0.001514
  step:  26 bond rmsd: 0.001519
  step:  27 bond rmsd: 0.001519
  step:  28 bond rmsd: 0.001519
  step:  29 bond rmsd: 0.001519
  step:  30 bond rmsd: 0.001519
  step:  31 bond rmsd: 0.001517
  step:  32 bond rmsd: 0.001517
  step:  33 bond rmsd: 0.001515
  step:  34 bond rmsd: 0.001514
  step:  35 bond rmsd: 0.001512
  step:  36 bond rmsd: 0.001510
  step:  37 bond rmsd: 0.001508
  step:  38 bond rmsd: 0.001506
  step:  39 bond rmsd: 0.001505
  step:  40 bond rmsd: 0.001504
  step:  41 bond rmsd: 0.001502
  step:  42 bond rmsd: 0.001500
  step:  43 bond rmsd: 0.001499
  step:  44 bond rmsd: 0.001496
  step:  45 bond rmsd: 0.001495
  step:  46 bond rmsd: 0.001494
  step:  47 bond rmsd: 0.001493
  step:  48 bond rmsd: 0.001492
  step:  49 bond rmsd: 0.001492
  step:  50 bond rmsd: 0.001491
  step:  51 bond rmsd: 0.001491
  step:  52 bond rmsd: 0.001490
micro_cycle  27 rmsd(b):  0.0015 rws:  1.000 n_fev: 1407
  step:   1 bond rmsd: 0.001490
  step:   2 bond rmsd: 0.040063
  step:   3 bond rmsd: 0.001500
  step:   4 bond rmsd: 0.001498
  step:   5 bond rmsd: 0.001496
  step:   6 bond rmsd: 0.001495
  step:   7 bond rmsd: 0.001494
  step:   8 bond rmsd: 0.001494
  step:   9 bond rmsd: 0.001493
  step:  10 bond rmsd: 0.001493
  step:  11 bond rmsd: 0.001493
  step:  12 bond rmsd: 0.001493
  step:  13 bond rmsd: 0.001493
  step:  14 bond rmsd: 0.001493
  step:  15 bond rmsd: 0.001494
  step:  16 bond rmsd: 0.001494
  step:  17 bond rmsd: 0.001496
  step:  18 bond rmsd: 0.001498
  step:  19 bond rmsd: 0.001499
  step:  20 bond rmsd: 0.001501
  step:  21 bond rmsd: 0.001502
  step:  22 bond rmsd: 0.001504
  step:  23 bond rmsd: 0.001506
  step:  24 bond rmsd: 0.001506
  step:  25 bond rmsd: 0.001508
  step:  26 bond rmsd: 0.001509
  step:  27 bond rmsd: 0.001509
  step:  28 bond rmsd: 0.001509
  step:  29 bond rmsd: 0.001512
  step:  30 bond rmsd: 0.001512
  step:  31 bond rmsd: 0.001511
  step:  32 bond rmsd: 0.001509
  step:  33 bond rmsd: 0.001510
  step:  34 bond rmsd: 0.001508
  step:  35 bond rmsd: 0.001505
  step:  36 bond rmsd: 0.001503
  step:  37 bond rmsd: 0.001498
  step:  38 bond rmsd: 0.001496
  step:  39 bond rmsd: 0.001494
  step:  40 bond rmsd: 0.001493
  step:  41 bond rmsd: 0.001491
  step:  42 bond rmsd: 0.001489
  step:  43 bond rmsd: 0.001490
  step:  44 bond rmsd: 0.001490
  step:  45 bond rmsd: 0.001491
  step:  46 bond rmsd: 0.001492
  step:  47 bond rmsd: 0.001492
  step:  48 bond rmsd: 0.001493
  step:  49 bond rmsd: 0.001499
  step:  50 bond rmsd: 0.001500
  step:  51 bond rmsd: 0.001503
  step:  52 bond rmsd: 0.001505
micro_cycle  28 rmsd(b):  0.0015 rws:  1.000 n_fev: 1459
  step:   1 bond rmsd: 0.001505
  step:   2 bond rmsd: 0.067045
  step:   3 bond rmsd: 0.001528
  step:   4 bond rmsd: 0.001515
  step:   5 bond rmsd: 0.001507
  step:   6 bond rmsd: 0.001503
  step:   7 bond rmsd: 0.001500
  step:   8 bond rmsd: 0.001499
  step:   9 bond rmsd: 0.001499
  step:  10 bond rmsd: 0.001499
  step:  11 bond rmsd: 0.001500
  step:  12 bond rmsd: 0.001500
  step:  13 bond rmsd: 0.001501
  step:  14 bond rmsd: 0.001501
  step:  15 bond rmsd: 0.001502
  step:  16 bond rmsd: 0.001503
  step:  17 bond rmsd: 0.001503
  step:  18 bond rmsd: 0.001504
  step:  19 bond rmsd: 0.001504
  step:  20 bond rmsd: 0.001505
  step:  21 bond rmsd: 0.001506
  step:  22 bond rmsd: 0.001507
  step:  23 bond rmsd: 0.001508
  step:  24 bond rmsd: 0.001505
  step:  25 bond rmsd: 0.001505
  step:  26 bond rmsd: 0.001506
  step:  27 bond rmsd: 0.001506
  step:  28 bond rmsd: 0.001503
  step:  29 bond rmsd: 0.001503
  step:  30 bond rmsd: 0.001503
  step:  31 bond rmsd: 0.001503
  step:  32 bond rmsd: 0.001502
  step:  33 bond rmsd: 0.001502
  step:  34 bond rmsd: 0.001501
  step:  35 bond rmsd: 0.001500
  step:  36 bond rmsd: 0.001500
  step:  37 bond rmsd: 0.001498
  step:  38 bond rmsd: 0.001497
  step:  39 bond rmsd: 0.001494
  step:  40 bond rmsd: 0.001493
  step:  41 bond rmsd: 0.001490
  step:  42 bond rmsd: 0.001488
  step:  43 bond rmsd: 0.001488
  step:  44 bond rmsd: 0.001486
  step:  45 bond rmsd: 0.001486
  step:  46 bond rmsd: 0.001486
  step:  47 bond rmsd: 0.001486
  step:  48 bond rmsd: 0.001484
  step:  49 bond rmsd: 0.001484
  step:  50 bond rmsd: 0.001485
  step:  51 bond rmsd: 0.001487
  step:  52 bond rmsd: 0.001488
micro_cycle  29 rmsd(b):  0.0015 rws:  1.000 n_fev: 1511
  step:   1 bond rmsd: 0.001488
  step:   2 bond rmsd: 0.047713
  step:   3 bond rmsd: 0.001512
  step:   4 bond rmsd: 0.001507
  step:   5 bond rmsd: 0.001504
  step:   6 bond rmsd: 0.001501
  step:   7 bond rmsd: 0.001499
  step:   8 bond rmsd: 0.001497
  step:   9 bond rmsd: 0.001495
  step:  10 bond rmsd: 0.001493
  step:  11 bond rmsd: 0.001492
  step:  12 bond rmsd: 0.001490
  step:  13 bond rmsd: 0.001489
  step:  14 bond rmsd: 0.001488
  step:  15 bond rmsd: 0.001487
  step:  16 bond rmsd: 0.001487
  step:  17 bond rmsd: 0.001486
  step:  18 bond rmsd: 0.001488
  step:  19 bond rmsd: 0.001490
  step:  20 bond rmsd: 0.001498
  step:  21 bond rmsd: 0.001498
  step:  22 bond rmsd: 0.001498
  step:  23 bond rmsd: 0.001499
  step:  24 bond rmsd: 0.001499
  step:  25 bond rmsd: 0.001500
  step:  26 bond rmsd: 0.001501
  step:  27 bond rmsd: 0.001501
  step:  28 bond rmsd: 0.001502
  step:  29 bond rmsd: 0.001503
  step:  30 bond rmsd: 0.001505
  step:  31 bond rmsd: 0.001506
  step:  32 bond rmsd: 0.001507
  step:  33 bond rmsd: 0.001509
  step:  34 bond rmsd: 0.001510
  step:  35 bond rmsd: 0.001513
  step:  36 bond rmsd: 0.001513
  step:  37 bond rmsd: 0.001511
  step:  38 bond rmsd: 0.001512
  step:  39 bond rmsd: 0.001511
  step:  40 bond rmsd: 0.001509
  step:  41 bond rmsd: 0.001508
  step:  42 bond rmsd: 0.001508
  step:  43 bond rmsd: 0.001507
  step:  44 bond rmsd: 0.001505
  step:  45 bond rmsd: 0.001505
  step:  46 bond rmsd: 0.001503
  step:  47 bond rmsd: 0.001502
  step:  48 bond rmsd: 0.001505
  step:  49 bond rmsd: 0.001504
  step:  50 bond rmsd: 0.001504
  step:  51 bond rmsd: 0.001502
  step:  52 bond rmsd: 0.001501
  step:  53 bond rmsd: 0.001501
micro_cycle  30 rmsd(b):  0.0015 rws:  1.000 n_fev: 1564
  step:   1 bond rmsd: 0.001501
  step:   2 bond rmsd: 0.041235
  step:   3 bond rmsd: 0.001493
  step:   4 bond rmsd: 0.001493
  step:   5 bond rmsd: 0.001494
  step:   6 bond rmsd: 0.001494
  step:   7 bond rmsd: 0.001495
  step:   8 bond rmsd: 0.001496
  step:   9 bond rmsd: 0.001497
  step:  10 bond rmsd: 0.001498
  step:  11 bond rmsd: 0.001499
  step:  12 bond rmsd: 0.001500
  step:  13 bond rmsd: 0.001501
  step:  14 bond rmsd: 0.001502
  step:  15 bond rmsd: 0.001503
  step:  16 bond rmsd: 0.001504
  step:  17 bond rmsd: 0.001505
  step:  18 bond rmsd: 0.001503
  step:  19 bond rmsd: 0.001502
  step:  20 bond rmsd: 0.001502
  step:  21 bond rmsd: 0.001503
  step:  22 bond rmsd: 0.001502
  step:  23 bond rmsd: 0.001502
  step:  24 bond rmsd: 0.001501
  step:  25 bond rmsd: 0.001502
  step:  26 bond rmsd: 0.001501
  step:  27 bond rmsd: 0.001501
  step:  28 bond rmsd: 0.001501
  step:  29 bond rmsd: 0.001500
  step:  30 bond rmsd: 0.001499
  step:  31 bond rmsd: 0.001499
  step:  32 bond rmsd: 0.001496
  step:  33 bond rmsd: 0.001495
  step:  34 bond rmsd: 0.001496
  step:  35 bond rmsd: 0.001495
  step:  36 bond rmsd: 0.001493
  step:  37 bond rmsd: 0.001493
  step:  38 bond rmsd: 0.001491
  step:  39 bond rmsd: 0.001492
  step:  40 bond rmsd: 0.001490
  step:  41 bond rmsd: 0.001491
  step:  42 bond rmsd: 0.001491
  step:  43 bond rmsd: 0.001491
  step:  44 bond rmsd: 0.001491
  step:  45 bond rmsd: 0.001494
  step:  46 bond rmsd: 0.001494
  step:  47 bond rmsd: 0.001493
  step:  48 bond rmsd: 0.001495
  step:  49 bond rmsd: 0.001496
  step:  50 bond rmsd: 0.001495
  step:  51 bond rmsd: 0.001497
  step:  52 bond rmsd: 0.001501
micro_cycle  31 rmsd(b):  0.0015 rws:  1.000 n_fev: 1616
  step:   1 bond rmsd: 0.001501
  step:   2 bond rmsd: 0.065324
  step:   3 bond rmsd: 0.001530
  step:   4 bond rmsd: 0.001519
  step:   5 bond rmsd: 0.001511
  step:   6 bond rmsd: 0.001506
  step:   7 bond rmsd: 0.001502
  step:   8 bond rmsd: 0.001500
  step:   9 bond rmsd: 0.001498
  step:  10 bond rmsd: 0.001496
  step:  11 bond rmsd: 0.001495
  step:  12 bond rmsd: 0.001495
  step:  13 bond rmsd: 0.001494
  step:  14 bond rmsd: 0.001494
  step:  15 bond rmsd: 0.001493
  step:  16 bond rmsd: 0.001493
  step:  17 bond rmsd: 0.001493
  step:  18 bond rmsd: 0.001492
  step:  19 bond rmsd: 0.001491
  step:  20 bond rmsd: 0.001490
  step:  21 bond rmsd: 0.001487
  step:  22 bond rmsd: 0.001486
  step:  23 bond rmsd: 0.001486
  step:  24 bond rmsd: 0.001485
  step:  25 bond rmsd: 0.001485
  step:  26 bond rmsd: 0.001487
  step:  27 bond rmsd: 0.001488
  step:  28 bond rmsd: 0.001489
  step:  29 bond rmsd: 0.001492
  step:  30 bond rmsd: 0.001493
  step:  31 bond rmsd: 0.001495
  step:  32 bond rmsd: 0.001496
  step:  33 bond rmsd: 0.001499
  step:  34 bond rmsd: 0.001499
  step:  35 bond rmsd: 0.001501
  step:  36 bond rmsd: 0.001503
  step:  37 bond rmsd: 0.001505
  step:  38 bond rmsd: 0.001504
  step:  39 bond rmsd: 0.001506
  step:  40 bond rmsd: 0.001506
  step:  41 bond rmsd: 0.001507
  step:  42 bond rmsd: 0.001508
  step:  43 bond rmsd: 0.001509
  step:  44 bond rmsd: 0.001509
  step:  45 bond rmsd: 0.001509
  step:  46 bond rmsd: 0.001509
  step:  47 bond rmsd: 0.001509
  step:  48 bond rmsd: 0.001508
  step:  49 bond rmsd: 0.001508
  step:  50 bond rmsd: 0.001508
  step:  51 bond rmsd: 0.001507
  step:  52 bond rmsd: 0.001507
micro_cycle  32 rmsd(b):  0.0015 rws:  1.000 n_fev: 1668
  step:   1 bond rmsd: 0.001507
  step:   2 bond rmsd: 0.027893
  step:   3 bond rmsd: 0.001510
  step:   4 bond rmsd: 0.001509
  step:   5 bond rmsd: 0.001509
  step:   6 bond rmsd: 0.001508
  step:   7 bond rmsd: 0.001508
  step:   8 bond rmsd: 0.001508
  step:   9 bond rmsd: 0.001507
  step:  10 bond rmsd: 0.001507
  step:  11 bond rmsd: 0.001507
  step:  12 bond rmsd: 0.001507
  step:  13 bond rmsd: 0.001507
  step:  14 bond rmsd: 0.001507
  step:  15 bond rmsd: 0.001506
  step:  16 bond rmsd: 0.001506
  step:  17 bond rmsd: 0.001506
  step:  18 bond rmsd: 0.001506
  step:  19 bond rmsd: 0.001505
  step:  20 bond rmsd: 0.001505
  step:  21 bond rmsd: 0.001503
  step:  22 bond rmsd: 0.001502
  step:  23 bond rmsd: 0.001502
  step:  24 bond rmsd: 0.001501
  step:  25 bond rmsd: 0.001500
  step:  26 bond rmsd: 0.001499
  step:  27 bond rmsd: 0.001497
  step:  28 bond rmsd: 0.001495
  step:  29 bond rmsd: 0.001493
  step:  30 bond rmsd: 0.001490
  step:  31 bond rmsd: 0.001487
  step:  32 bond rmsd: 0.001483
  step:  33 bond rmsd: 0.001481
  step:  34 bond rmsd: 0.001475
  step:  35 bond rmsd: 0.001474
  step:  36 bond rmsd: 0.001472
  step:  37 bond rmsd: 0.001472
  step:  38 bond rmsd: 0.001472
  step:  39 bond rmsd: 0.001473
  step:  40 bond rmsd: 0.001474
  step:  41 bond rmsd: 0.001476
  step:  42 bond rmsd: 0.001481
  step:  43 bond rmsd: 0.001482
  step:  44 bond rmsd: 0.001486
  step:  45 bond rmsd: 0.001489
  step:  46 bond rmsd: 0.001493
  step:  47 bond rmsd: 0.001497
  step:  48 bond rmsd: 0.001502
  step:  49 bond rmsd: 0.001508
  step:  50 bond rmsd: 0.001513
  step:  51 bond rmsd: 0.001521
  step:  52 bond rmsd: 0.001526
micro_cycle  33 rmsd(b):  0.0015 rws:  1.000 n_fev: 1720
  step:   1 bond rmsd: 0.001526
  step:   2 bond rmsd: 0.080691
  step:   3 bond rmsd: 0.001541
  step:   4 bond rmsd: 0.001534
  step:   5 bond rmsd: 0.001530
  step:   6 bond rmsd: 0.001527
  step:   7 bond rmsd: 0.001525
  step:   8 bond rmsd: 0.001523
  step:   9 bond rmsd: 0.001521
  step:  10 bond rmsd: 0.001520
  step:  11 bond rmsd: 0.001519
  step:  12 bond rmsd: 0.001518
  step:  13 bond rmsd: 0.001517
  step:  14 bond rmsd: 0.001516
  step:  15 bond rmsd: 0.001515
  step:  16 bond rmsd: 0.001514
  step:  17 bond rmsd: 0.001513
  step:  18 bond rmsd: 0.001511
  step:  19 bond rmsd: 0.001508
  step:  20 bond rmsd: 0.001504
  step:  21 bond rmsd: 0.001501
  step:  22 bond rmsd: 0.001498
  step:  23 bond rmsd: 0.001495
  step:  24 bond rmsd: 0.001492
  step:  25 bond rmsd: 0.001490
  step:  26 bond rmsd: 0.001489
  step:  27 bond rmsd: 0.001487
  step:  28 bond rmsd: 0.001486
  step:  29 bond rmsd: 0.001485
  step:  30 bond rmsd: 0.001485
  step:  31 bond rmsd: 0.001484
  step:  32 bond rmsd: 0.001485
  step:  33 bond rmsd: 0.001485
  step:  34 bond rmsd: 0.001487
  step:  35 bond rmsd: 0.001488
  step:  36 bond rmsd: 0.001489
  step:  37 bond rmsd: 0.001492
  step:  38 bond rmsd: 0.001493
  step:  39 bond rmsd: 0.001497
  step:  40 bond rmsd: 0.001498
  step:  41 bond rmsd: 0.001501
  step:  42 bond rmsd: 0.001503
  step:  43 bond rmsd: 0.001504
  step:  44 bond rmsd: 0.001505
  step:  45 bond rmsd: 0.001506
  step:  46 bond rmsd: 0.001508
  step:  47 bond rmsd: 0.001506
  step:  48 bond rmsd: 0.001507
  step:  49 bond rmsd: 0.001508
  step:  50 bond rmsd: 0.001509
  step:  51 bond rmsd: 0.001507
  step:  52 bond rmsd: 0.001507
micro_cycle  34 rmsd(b):  0.0015 rws:  1.000 n_fev: 1772
  step:   1 bond rmsd: 0.001507
  step:   2 bond rmsd: 0.063738
  step:   3 bond rmsd: 0.001520
  step:   4 bond rmsd: 0.001518
  step:   5 bond rmsd: 0.001516
  step:   6 bond rmsd: 0.001514
  step:   7 bond rmsd: 0.001513
  step:   8 bond rmsd: 0.001512
  step:   9 bond rmsd: 0.001511
  step:  10 bond rmsd: 0.001511
  step:  11 bond rmsd: 0.001510
  step:  12 bond rmsd: 0.001510
  step:  13 bond rmsd: 0.001509
  step:  14 bond rmsd: 0.001509
  step:  15 bond rmsd: 0.001508
  step:  16 bond rmsd: 0.001508
  step:  17 bond rmsd: 0.001507
  step:  18 bond rmsd: 0.001506
  step:  19 bond rmsd: 0.001505
  step:  20 bond rmsd: 0.001504
  step:  21 bond rmsd: 0.001502
  step:  22 bond rmsd: 0.001502
  step:  23 bond rmsd: 0.001501
  step:  24 bond rmsd: 0.001499
  step:  25 bond rmsd: 0.001501
  step:  26 bond rmsd: 0.001499
  step:  27 bond rmsd: 0.001499
  step:  28 bond rmsd: 0.001497
  step:  29 bond rmsd: 0.001499
  step:  30 bond rmsd: 0.001498
  step:  31 bond rmsd: 0.001488
  step:  32 bond rmsd: 0.001488
  step:  33 bond rmsd: 0.001488
  step:  34 bond rmsd: 0.001487
  step:  35 bond rmsd: 0.001487
  step:  36 bond rmsd: 0.001488
  step:  37 bond rmsd: 0.001489
  step:  38 bond rmsd: 0.001489
  step:  39 bond rmsd: 0.001491
  step:  40 bond rmsd: 0.001491
  step:  41 bond rmsd: 0.001492
  step:  42 bond rmsd: 0.001493
  step:  43 bond rmsd: 0.001495
  step:  44 bond rmsd: 0.001496
  step:  45 bond rmsd: 0.001498
  step:  46 bond rmsd: 0.001501
  step:  47 bond rmsd: 0.001503
  step:  48 bond rmsd: 0.001505
  step:  49 bond rmsd: 0.001509
  step:  50 bond rmsd: 0.001513
  step:  51 bond rmsd: 0.001514
  step:  52 bond rmsd: 0.001519
micro_cycle  35 rmsd(b):  0.0015 rws:  1.000 n_fev: 1824
  step:   1 bond rmsd: 0.001519
  step:   2 bond rmsd: 0.096431
  step:   3 bond rmsd: 0.001584
  step:   4 bond rmsd: 0.001568
  step:   5 bond rmsd: 0.001556
  step:   6 bond rmsd: 0.001548
  step:   7 bond rmsd: 0.001541
  step:   8 bond rmsd: 0.001536
  step:   9 bond rmsd: 0.001532
  step:  10 bond rmsd: 0.001529
  step:  11 bond rmsd: 0.001526
  step:  12 bond rmsd: 0.001524
  step:  13 bond rmsd: 0.001522
  step:  14 bond rmsd: 0.001520
  step:  15 bond rmsd: 0.001519
  step:  16 bond rmsd: 0.001517
  step:  17 bond rmsd: 0.001515
  step:  18 bond rmsd: 0.001513
  step:  19 bond rmsd: 0.001511
  step:  20 bond rmsd: 0.001508
  step:  21 bond rmsd: 0.001504
  step:  22 bond rmsd: 0.001503
  step:  23 bond rmsd: 0.001500
  step:  24 bond rmsd: 0.001498
  step:  25 bond rmsd: 0.001496
  step:  26 bond rmsd: 0.001494
  step:  27 bond rmsd: 0.001492
  step:  28 bond rmsd: 0.001491
  step:  29 bond rmsd: 0.001490
  step:  30 bond rmsd: 0.001489
  step:  31 bond rmsd: 0.001488
  step:  32 bond rmsd: 0.001488
  step:  33 bond rmsd: 0.001487
  step:  34 bond rmsd: 0.001486
  step:  35 bond rmsd: 0.001487
  step:  36 bond rmsd: 0.001486
  step:  37 bond rmsd: 0.001485
  step:  38 bond rmsd: 0.001485
  step:  39 bond rmsd: 0.001487
  step:  40 bond rmsd: 0.001489
  step:  41 bond rmsd: 0.001489
  step:  42 bond rmsd: 0.001493
  step:  43 bond rmsd: 0.001496
  step:  44 bond rmsd: 0.001495
  step:  45 bond rmsd: 0.001497
  step:  46 bond rmsd: 0.001499
  step:  47 bond rmsd: 0.001502
  step:  48 bond rmsd: 0.001503
  step:  49 bond rmsd: 0.001506
  step:  50 bond rmsd: 0.001507
  step:  51 bond rmsd: 0.001508
  step:  52 bond rmsd: 0.001512
micro_cycle  36 rmsd(b):  0.0015 rws:  1.000 n_fev: 1876
  step:   1 bond rmsd: 0.001512
  step:   2 bond rmsd: 0.062839
  step:   3 bond rmsd: 0.001498
  step:   4 bond rmsd: 0.001499
  step:   5 bond rmsd: 0.001500
  step:   6 bond rmsd: 0.001502
  step:   7 bond rmsd: 0.001503
  step:   8 bond rmsd: 0.001504
  step:   9 bond rmsd: 0.001505
  step:  10 bond rmsd: 0.001505
  step:  11 bond rmsd: 0.001506
  step:  12 bond rmsd: 0.001507
  step:  13 bond rmsd: 0.001507
  step:  14 bond rmsd: 0.001507
  step:  15 bond rmsd: 0.001508
  step:  16 bond rmsd: 0.001508
  step:  17 bond rmsd: 0.001509
  step:  18 bond rmsd: 0.001509
  step:  19 bond rmsd: 0.001510
  step:  20 bond rmsd: 0.001510
  step:  21 bond rmsd: 0.001510
  step:  22 bond rmsd: 0.001511
  step:  23 bond rmsd: 0.001510
  step:  24 bond rmsd: 0.001506
  step:  25 bond rmsd: 0.001504
  step:  26 bond rmsd: 0.001503
  step:  27 bond rmsd: 0.001513
  step:  28 bond rmsd: 0.001510
  step:  29 bond rmsd: 0.001508
  step:  30 bond rmsd: 0.001507
  step:  31 bond rmsd: 0.001505
  step:  32 bond rmsd: 0.001504
  step:  33 bond rmsd: 0.001503
  step:  34 bond rmsd: 0.001502
  step:  35 bond rmsd: 0.001502
  step:  36 bond rmsd: 0.001500
  step:  37 bond rmsd: 0.001500
  step:  38 bond rmsd: 0.001499
  step:  39 bond rmsd: 0.001498
  step:  40 bond rmsd: 0.001497
  step:  41 bond rmsd: 0.001496
  step:  42 bond rmsd: 0.001495
  step:  43 bond rmsd: 0.001492
  step:  44 bond rmsd: 0.001491
  step:  45 bond rmsd: 0.001490
  step:  46 bond rmsd: 0.001489
  step:  47 bond rmsd: 0.001488
  step:  48 bond rmsd: 0.001486
  step:  49 bond rmsd: 0.001485
  step:  50 bond rmsd: 0.001485
  step:  51 bond rmsd: 0.001483
  step:  52 bond rmsd: 0.001483
micro_cycle  37 rmsd(b):  0.0015 rws:  1.000 n_fev: 1928
  step:   1 bond rmsd: 0.001483
  step:   2 bond rmsd: 0.026693
  step:   3 bond rmsd: 0.001481
  step:   4 bond rmsd: 0.001481
  step:   5 bond rmsd: 0.001481
  step:   6 bond rmsd: 0.001481
  step:   7 bond rmsd: 0.001482
  step:   8 bond rmsd: 0.001483
  step:   9 bond rmsd: 0.001484
  step:  10 bond rmsd: 0.001485
  step:  11 bond rmsd: 0.001486
  step:  12 bond rmsd: 0.001487
  step:  13 bond rmsd: 0.001488
  step:  14 bond rmsd: 0.001489
  step:  15 bond rmsd: 0.001490
  step:  16 bond rmsd: 0.001492
  step:  17 bond rmsd: 0.001495
  step:  18 bond rmsd: 0.001495
  step:  19 bond rmsd: 0.001496
  step:  20 bond rmsd: 0.001499
  step:  21 bond rmsd: 0.001505
  step:  22 bond rmsd: 0.001505
  step:  23 bond rmsd: 0.001505
  step:  24 bond rmsd: 0.001505
  step:  25 bond rmsd: 0.001505
  step:  26 bond rmsd: 0.001505
  step:  27 bond rmsd: 0.001506
  step:  28 bond rmsd: 0.001506
  step:  29 bond rmsd: 0.001507
  step:  30 bond rmsd: 0.001507
  step:  31 bond rmsd: 0.001506
  step:  32 bond rmsd: 0.001507
  step:  33 bond rmsd: 0.001507
  step:  34 bond rmsd: 0.001508
  step:  35 bond rmsd: 0.001507
  step:  36 bond rmsd: 0.001508
  step:  37 bond rmsd: 0.001508
  step:  38 bond rmsd: 0.001508
  step:  39 bond rmsd: 0.001508
  step:  40 bond rmsd: 0.001508
  step:  41 bond rmsd: 0.001509
  step:  42 bond rmsd: 0.001509
  step:  43 bond rmsd: 0.001512
  step:  44 bond rmsd: 0.001511
  step:  45 bond rmsd: 0.001509
  step:  46 bond rmsd: 0.001506
  step:  47 bond rmsd: 0.001504
  step:  48 bond rmsd: 0.001500
  step:  49 bond rmsd: 0.001498
  step:  50 bond rmsd: 0.001497
  step:  51 bond rmsd: 0.001495
  step:  52 bond rmsd: 0.001495
micro_cycle  38 rmsd(b):  0.0015 rws:  1.000 n_fev: 1980
  step:   1 bond rmsd: 0.001495
  step:   2 bond rmsd: 0.037016
  step:   3 bond rmsd: 0.001496
  step:   4 bond rmsd: 0.001495
  step:   5 bond rmsd: 0.001495
  step:   6 bond rmsd: 0.001495
  step:   7 bond rmsd: 0.001495
  step:   8 bond rmsd: 0.001495
  step:   9 bond rmsd: 0.001495
  step:  10 bond rmsd: 0.001495
  step:  11 bond rmsd: 0.001495
  step:  12 bond rmsd: 0.001495
  step:  13 bond rmsd: 0.001495
  step:  14 bond rmsd: 0.001496
  step:  15 bond rmsd: 0.001496
  step:  16 bond rmsd: 0.001496
  step:  17 bond rmsd: 0.001497
  step:  18 bond rmsd: 0.001497
  step:  19 bond rmsd: 0.001498
  step:  20 bond rmsd: 0.001497
  step:  21 bond rmsd: 0.001498
  step:  22 bond rmsd: 0.001499
  step:  23 bond rmsd: 0.001500
  step:  24 bond rmsd: 0.001500
  step:  25 bond rmsd: 0.001502
  step:  26 bond rmsd: 0.001503
  step:  27 bond rmsd: 0.001503
  step:  28 bond rmsd: 0.001508
  step:  29 bond rmsd: 0.001509
  step:  30 bond rmsd: 0.001510
  step:  31 bond rmsd: 0.001511
  step:  32 bond rmsd: 0.001512
  step:  33 bond rmsd: 0.001513
  step:  34 bond rmsd: 0.001515
  step:  35 bond rmsd: 0.001519
  step:  36 bond rmsd: 0.001518
  step:  37 bond rmsd: 0.001521
  step:  38 bond rmsd: 0.001525
  step:  39 bond rmsd: 0.001532
  step:  40 bond rmsd: 0.001535
  step:  41 bond rmsd: 0.001539
  step:  42 bond rmsd: 0.001543
  step:  43 bond rmsd: 0.001545
  step:  44 bond rmsd: 0.001555
  step:  45 bond rmsd: 0.001556
  step:  46 bond rmsd: 0.001556
  step:  47 bond rmsd: 0.001554
  step:  48 bond rmsd: 0.001554
  step:  49 bond rmsd: 0.001552
  step:  50 bond rmsd: 0.001550
  step:  51 bond rmsd: 0.001551
  step:  52 bond rmsd: 0.001544
micro_cycle  39 rmsd(b):  0.0015 rws:  1.000 n_fev: 2032
  step:   1 bond rmsd: 0.001544
  step:   2 bond rmsd: 0.053799
  step:   3 bond rmsd: 0.002295
  step:   4 bond rmsd: 0.002078
  step:   5 bond rmsd: 0.001922
  step:   6 bond rmsd: 0.001811
  step:   7 bond rmsd: 0.001733
  step:   8 bond rmsd: 0.001679
  step:   9 bond rmsd: 0.001640
  step:  10 bond rmsd: 0.001614
  step:  11 bond rmsd: 0.001595
  step:  12 bond rmsd: 0.001581
  step:  13 bond rmsd: 0.001571
  step:  14 bond rmsd: 0.001564
  step:  15 bond rmsd: 0.001559
  step:  16 bond rmsd: 0.001554
  step:  17 bond rmsd: 0.001551
  step:  18 bond rmsd: 0.001548
  step:  19 bond rmsd: 0.001546
  step:  20 bond rmsd: 0.001544
  step:  21 bond rmsd: 0.001542
  step:  22 bond rmsd: 0.001540
  step:  23 bond rmsd: 0.001538
  step:  24 bond rmsd: 0.001536
  step:  25 bond rmsd: 0.001533
  step:  26 bond rmsd: 0.001530
  step:  27 bond rmsd: 0.001526
  step:  28 bond rmsd: 0.001522
  step:  29 bond rmsd: 0.001520
  step:  30 bond rmsd: 0.001518
  step:  31 bond rmsd: 0.001519
  step:  32 bond rmsd: 0.001517
  step:  33 bond rmsd: 0.001517
  step:  34 bond rmsd: 0.001516
  step:  35 bond rmsd: 0.001515
  step:  36 bond rmsd: 0.001514
  step:  37 bond rmsd: 0.001515
  step:  38 bond rmsd: 0.001514
  step:  39 bond rmsd: 0.001512
  step:  40 bond rmsd: 0.001508
  step:  41 bond rmsd: 0.001505
  step:  42 bond rmsd: 0.001503
  step:  43 bond rmsd: 0.001499
  step:  44 bond rmsd: 0.001498
  step:  45 bond rmsd: 0.001497
  step:  46 bond rmsd: 0.001496
  step:  47 bond rmsd: 0.001496
  step:  48 bond rmsd: 0.001495
  step:  49 bond rmsd: 0.001495
  step:  50 bond rmsd: 0.001494
  step:  51 bond rmsd: 0.001494
  step:  52 bond rmsd: 0.001494
micro_cycle  40 rmsd(b):  0.0015 rws:  1.000 n_fev: 2084
  step:   1 bond rmsd: 0.001494
  step:   2 bond rmsd: 0.048584
  step:   3 bond rmsd: 0.001490
  step:   4 bond rmsd: 0.001491
  step:   5 bond rmsd: 0.001491
  step:   6 bond rmsd: 0.001492
  step:   7 bond rmsd: 0.001492
  step:   8 bond rmsd: 0.001492
  step:   9 bond rmsd: 0.001492
  step:  10 bond rmsd: 0.001493
  step:  11 bond rmsd: 0.001493
  step:  12 bond rmsd: 0.001493
  step:  13 bond rmsd: 0.001494
  step:  14 bond rmsd: 0.001494
  step:  15 bond rmsd: 0.001494
  step:  16 bond rmsd: 0.001495
  step:  17 bond rmsd: 0.001496
  step:  18 bond rmsd: 0.001496
  step:  19 bond rmsd: 0.001498
  step:  20 bond rmsd: 0.001498
  step:  21 bond rmsd: 0.001499
  step:  22 bond rmsd: 0.001500
  step:  23 bond rmsd: 0.001500
  step:  24 bond rmsd: 0.001501
  step:  25 bond rmsd: 0.001502
  step:  26 bond rmsd: 0.001504
  step:  27 bond rmsd: 0.001506
  step:  28 bond rmsd: 0.001507
  step:  29 bond rmsd: 0.001509
  step:  30 bond rmsd: 0.001510
  step:  31 bond rmsd: 0.001511
  step:  32 bond rmsd: 0.001512
  step:  33 bond rmsd: 0.001514
  step:  34 bond rmsd: 0.001515
  step:  35 bond rmsd: 0.001516
  step:  36 bond rmsd: 0.001516
  step:  37 bond rmsd: 0.001517
  step:  38 bond rmsd: 0.001518
  step:  39 bond rmsd: 0.001519
  step:  40 bond rmsd: 0.001520
  step:  41 bond rmsd: 0.001522
  step:  42 bond rmsd: 0.001523
  step:  43 bond rmsd: 0.001525
  step:  44 bond rmsd: 0.001527
  step:  45 bond rmsd: 0.001530
  step:  46 bond rmsd: 0.001532
  step:  47 bond rmsd: 0.001537
  step:  48 bond rmsd: 0.001540
  step:  49 bond rmsd: 0.001546
  step:  50 bond rmsd: 0.001550
  step:  51 bond rmsd: 0.001558
  step:  52 bond rmsd: 0.001564
micro_cycle  41 rmsd(b):  0.0016 rws:  1.000 n_fev: 2136
  step:   1 bond rmsd: 0.001564
  step:   2 bond rmsd: 0.054051
  step:   3 bond rmsd: 0.001815
  step:   4 bond rmsd: 0.001739
  step:   5 bond rmsd: 0.001685
  step:   6 bond rmsd: 0.001647
  step:   7 bond rmsd: 0.001620
  step:   8 bond rmsd: 0.001601
  step:   9 bond rmsd: 0.001586
  step:  10 bond rmsd: 0.001576
  step:  11 bond rmsd: 0.001567
  step:  12 bond rmsd: 0.001561
  step:  13 bond rmsd: 0.001556
  step:  14 bond rmsd: 0.001552
  step:  15 bond rmsd: 0.001549
  step:  16 bond rmsd: 0.001546
  step:  17 bond rmsd: 0.001544
  step:  18 bond rmsd: 0.001541
  step:  19 bond rmsd: 0.001539
  step:  20 bond rmsd: 0.001537
  step:  21 bond rmsd: 0.001534
  step:  22 bond rmsd: 0.001531
  step:  23 bond rmsd: 0.001527
  step:  24 bond rmsd: 0.001524
  step:  25 bond rmsd: 0.001522
  step:  26 bond rmsd: 0.001519
  step:  27 bond rmsd: 0.001522
  step:  28 bond rmsd: 0.001520
  step:  29 bond rmsd: 0.001519
  step:  30 bond rmsd: 0.001517
  step:  31 bond rmsd: 0.001516
  step:  32 bond rmsd: 0.001515
  step:  33 bond rmsd: 0.001515
  step:  34 bond rmsd: 0.001514
  step:  35 bond rmsd: 0.001513
  step:  36 bond rmsd: 0.001513
  step:  37 bond rmsd: 0.001512
  step:  38 bond rmsd: 0.001511
  step:  39 bond rmsd: 0.001510
  step:  40 bond rmsd: 0.001509
  step:  41 bond rmsd: 0.001508
  step:  42 bond rmsd: 0.001506
  step:  43 bond rmsd: 0.001504
  step:  44 bond rmsd: 0.001503
  step:  45 bond rmsd: 0.001498
  step:  46 bond rmsd: 0.001497
  step:  47 bond rmsd: 0.001495
  step:  48 bond rmsd: 0.001493
  step:  49 bond rmsd: 0.001491
  step:  50 bond rmsd: 0.001490
  step:  51 bond rmsd: 0.001488
  step:  52 bond rmsd: 0.001486
micro_cycle  42 rmsd(b):  0.0015 rws:  1.000 n_fev: 2188
  step:   1 bond rmsd: 0.001486
  step:   2 bond rmsd: 0.045050
  step:   3 bond rmsd: 0.001489
  step:   4 bond rmsd: 0.001488
  step:   5 bond rmsd: 0.001488
  step:   6 bond rmsd: 0.001488
  step:   7 bond rmsd: 0.001487
  step:   8 bond rmsd: 0.001487
  step:   9 bond rmsd: 0.001487
  step:  10 bond rmsd: 0.001487
  step:  11 bond rmsd: 0.001487
  step:  12 bond rmsd: 0.001487
  step:  13 bond rmsd: 0.001487
  step:  14 bond rmsd: 0.001488
  step:  15 bond rmsd: 0.001488
  step:  16 bond rmsd: 0.001488
  step:  17 bond rmsd: 0.001489
  step:  18 bond rmsd: 0.001491
  step:  19 bond rmsd: 0.001493
  step:  20 bond rmsd: 0.001495
  step:  21 bond rmsd: 0.001497
  step:  22 bond rmsd: 0.001499
  step:  23 bond rmsd: 0.001501
  step:  24 bond rmsd: 0.001503
  step:  25 bond rmsd: 0.001506
  step:  26 bond rmsd: 0.001508
  step:  27 bond rmsd: 0.001510
  step:  28 bond rmsd: 0.001513
  step:  29 bond rmsd: 0.001515
  step:  30 bond rmsd: 0.001517
  step:  31 bond rmsd: 0.001519
  step:  32 bond rmsd: 0.001522
  step:  33 bond rmsd: 0.001524
  step:  34 bond rmsd: 0.001526
  step:  35 bond rmsd: 0.001529
  step:  36 bond rmsd: 0.001530
  step:  37 bond rmsd: 0.001533
  step:  38 bond rmsd: 0.001534
  step:  39 bond rmsd: 0.001536
  step:  40 bond rmsd: 0.001537
  step:  41 bond rmsd: 0.001538
  step:  42 bond rmsd: 0.001538
  step:  43 bond rmsd: 0.001538
  step:  44 bond rmsd: 0.001539
  step:  45 bond rmsd: 0.001537
  step:  46 bond rmsd: 0.001538
  step:  47 bond rmsd: 0.001537
  step:  48 bond rmsd: 0.001535
  step:  49 bond rmsd: 0.001534
  step:  50 bond rmsd: 0.001534
  step:  51 bond rmsd: 0.001533
  step:  52 bond rmsd: 0.001527
micro_cycle  43 rmsd(b):  0.0015 rws:  1.000 n_fev: 2240
  step:   1 bond rmsd: 0.001527
  step:   2 bond rmsd: 0.095123
  step:   3 bond rmsd: 0.001705
  step:   4 bond rmsd: 0.001651
  step:   5 bond rmsd: 0.001615
  step:   6 bond rmsd: 0.001589
  step:   7 bond rmsd: 0.001572
  step:   8 bond rmsd: 0.001560
  step:   9 bond rmsd: 0.001551
  step:  10 bond rmsd: 0.001545
  step:  11 bond rmsd: 0.001540
  step:  12 bond rmsd: 0.001537
  step:  13 bond rmsd: 0.001534
  step:  14 bond rmsd: 0.001533
  step:  15 bond rmsd: 0.001531
  step:  16 bond rmsd: 0.001530
  step:  17 bond rmsd: 0.001528
  step:  18 bond rmsd: 0.001527
  step:  19 bond rmsd: 0.001526
  step:  20 bond rmsd: 0.001525
  step:  21 bond rmsd: 0.001524
  step:  22 bond rmsd: 0.001523
  step:  23 bond rmsd: 0.001521
  step:  24 bond rmsd: 0.001520
  step:  25 bond rmsd: 0.001521
  step:  26 bond rmsd: 0.001521
  step:  27 bond rmsd: 0.001521
  step:  28 bond rmsd: 0.001529
  step:  29 bond rmsd: 0.001529
  step:  30 bond rmsd: 0.001528
  step:  31 bond rmsd: 0.001527
  step:  32 bond rmsd: 0.001527
  step:  33 bond rmsd: 0.001526
  step:  34 bond rmsd: 0.001525
  step:  35 bond rmsd: 0.001525
  step:  36 bond rmsd: 0.001524
  step:  37 bond rmsd: 0.001524
  step:  38 bond rmsd: 0.001523
  step:  39 bond rmsd: 0.001523
  step:  40 bond rmsd: 0.001522
  step:  41 bond rmsd: 0.001521
  step:  42 bond rmsd: 0.001520
  step:  43 bond rmsd: 0.001519
  step:  44 bond rmsd: 0.001514
  step:  45 bond rmsd: 0.001513
  step:  46 bond rmsd: 0.001511
  step:  47 bond rmsd: 0.001509
  step:  48 bond rmsd: 0.001506
  step:  49 bond rmsd: 0.001504
  step:  50 bond rmsd: 0.001503
  step:  51 bond rmsd: 0.001500
  step:  52 bond rmsd: 0.001499
  step:  53 bond rmsd: 0.001497
micro_cycle  44 rmsd(b):  0.0015 rws:  1.000 n_fev: 2293
  step:   1 bond rmsd: 0.001497
  step:   2 bond rmsd: 0.029039
  step:   3 bond rmsd: 0.001494
  step:   4 bond rmsd: 0.001494
  step:   5 bond rmsd: 0.001495
  step:   6 bond rmsd: 0.001495
  step:   7 bond rmsd: 0.001495
  step:   8 bond rmsd: 0.001496
  step:   9 bond rmsd: 0.001496
  step:  10 bond rmsd: 0.001497
  step:  11 bond rmsd: 0.001497
  step:  12 bond rmsd: 0.001497
  step:  13 bond rmsd: 0.001497
  step:  14 bond rmsd: 0.001498
  step:  15 bond rmsd: 0.001498
  step:  16 bond rmsd: 0.001499
  step:  17 bond rmsd: 0.001499
  step:  18 bond rmsd: 0.001500
  step:  19 bond rmsd: 0.001501
  step:  20 bond rmsd: 0.001501
  step:  21 bond rmsd: 0.001503
  step:  22 bond rmsd: 0.001503
  step:  23 bond rmsd: 0.001504
  step:  24 bond rmsd: 0.001506
  step:  25 bond rmsd: 0.001507
  step:  26 bond rmsd: 0.001509
  step:  27 bond rmsd: 0.001510
  step:  28 bond rmsd: 0.001511
  step:  29 bond rmsd: 0.001513
  step:  30 bond rmsd: 0.001514
  step:  31 bond rmsd: 0.001515
  step:  32 bond rmsd: 0.001515
  step:  33 bond rmsd: 0.001513
  step:  34 bond rmsd: 0.001512
  step:  35 bond rmsd: 0.001511
  step:  36 bond rmsd: 0.001509
  step:  37 bond rmsd: 0.001509
  step:  38 bond rmsd: 0.001507
  step:  39 bond rmsd: 0.001506
  step:  40 bond rmsd: 0.001506
  step:  41 bond rmsd: 0.001505
  step:  42 bond rmsd: 0.001504
  step:  43 bond rmsd: 0.001499
  step:  44 bond rmsd: 0.001500
  step:  45 bond rmsd: 0.001500
  step:  46 bond rmsd: 0.001504
  step:  47 bond rmsd: 0.001508
  step:  48 bond rmsd: 0.001512
  step:  49 bond rmsd: 0.001517
  step:  50 bond rmsd: 0.001520
  step:  51 bond rmsd: 0.001526
  step:  52 bond rmsd: 0.001528
micro_cycle  45 rmsd(b):  0.0015 rws:  1.000 n_fev: 2345
  step:   1 bond rmsd: 0.001528
  step:   2 bond rmsd: 0.053856
  step:   3 bond rmsd: 0.001670
  step:   4 bond rmsd: 0.001628
  step:   5 bond rmsd: 0.001598
  step:   6 bond rmsd: 0.001577
  step:   7 bond rmsd: 0.001562
  step:   8 bond rmsd: 0.001551
  step:   9 bond rmsd: 0.001543
  step:  10 bond rmsd: 0.001537
  step:  11 bond rmsd: 0.001533
  step:  12 bond rmsd: 0.001529
  step:  13 bond rmsd: 0.001526
  step:  14 bond rmsd: 0.001523
  step:  15 bond rmsd: 0.001521
  step:  16 bond rmsd: 0.001519
  step:  17 bond rmsd: 0.001517
  step:  18 bond rmsd: 0.001515
  step:  19 bond rmsd: 0.001513
  step:  20 bond rmsd: 0.001511
  step:  21 bond rmsd: 0.001508
  step:  22 bond rmsd: 0.001504
  step:  23 bond rmsd: 0.001500
  step:  24 bond rmsd: 0.001501
  step:  25 bond rmsd: 0.001499
  step:  26 bond rmsd: 0.001497
  step:  27 bond rmsd: 0.001496
  step:  28 bond rmsd: 0.001495
  step:  29 bond rmsd: 0.001495
  step:  30 bond rmsd: 0.001495
  step:  31 bond rmsd: 0.001495
  step:  32 bond rmsd: 0.001494
  step:  33 bond rmsd: 0.001495
  step:  34 bond rmsd: 0.001494
  step:  35 bond rmsd: 0.001494
  step:  36 bond rmsd: 0.001495
  step:  37 bond rmsd: 0.001495
  step:  38 bond rmsd: 0.001495
  step:  39 bond rmsd: 0.001495
  step:  40 bond rmsd: 0.001496
  step:  41 bond rmsd: 0.001496
  step:  42 bond rmsd: 0.001496
  step:  43 bond rmsd: 0.001497
  step:  44 bond rmsd: 0.001497
  step:  45 bond rmsd: 0.001497
  step:  46 bond rmsd: 0.001497
  step:  47 bond rmsd: 0.001497
  step:  48 bond rmsd: 0.001497
  step:  49 bond rmsd: 0.001498
  step:  50 bond rmsd: 0.001499
  step:  51 bond rmsd: 0.001499
  step:  52 bond rmsd: 0.001501
micro_cycle  46 rmsd(b):  0.0015 rws:  1.000 n_fev: 2397
  step:   1 bond rmsd: 0.001501
  step:   2 bond rmsd: 0.046067
  step:   3 bond rmsd: 0.001504
  step:   4 bond rmsd: 0.001503
  step:   5 bond rmsd: 0.001503
  step:   6 bond rmsd: 0.001502
  step:   7 bond rmsd: 0.001502
  step:   8 bond rmsd: 0.001502
  step:   9 bond rmsd: 0.001502
  step:  10 bond rmsd: 0.001502
  step:  11 bond rmsd: 0.001502
  step:  12 bond rmsd: 0.001502
  step:  13 bond rmsd: 0.001502
  step:  14 bond rmsd: 0.001502
  step:  15 bond rmsd: 0.001502
  step:  16 bond rmsd: 0.001502
  step:  17 bond rmsd: 0.001502
  step:  18 bond rmsd: 0.001503
  step:  19 bond rmsd: 0.001503
  step:  20 bond rmsd: 0.001505
  step:  21 bond rmsd: 0.001506
  step:  22 bond rmsd: 0.001506
  step:  23 bond rmsd: 0.001507
  step:  24 bond rmsd: 0.001506
  step:  25 bond rmsd: 0.001506
  step:  26 bond rmsd: 0.001505
  step:  27 bond rmsd: 0.001505
  step:  28 bond rmsd: 0.001504
  step:  29 bond rmsd: 0.001504
  step:  30 bond rmsd: 0.001503
  step:  31 bond rmsd: 0.001502
  step:  32 bond rmsd: 0.001501
  step:  33 bond rmsd: 0.001500
  step:  34 bond rmsd: 0.001499
  step:  35 bond rmsd: 0.001497
  step:  36 bond rmsd: 0.001495
  step:  37 bond rmsd: 0.001493
  step:  38 bond rmsd: 0.001492
  step:  39 bond rmsd: 0.001489
  step:  40 bond rmsd: 0.001486
  step:  41 bond rmsd: 0.001483
  step:  42 bond rmsd: 0.001479
  step:  43 bond rmsd: 0.001475
  step:  44 bond rmsd: 0.001472
  step:  45 bond rmsd: 0.001467
  step:  46 bond rmsd: 0.001463
  step:  47 bond rmsd: 0.001460
  step:  48 bond rmsd: 0.001451
  step:  49 bond rmsd: 0.001450
  step:  50 bond rmsd: 0.001448
  step:  51 bond rmsd: 0.001450
  step:  52 bond rmsd: 0.001452
micro_cycle  47 rmsd(b):  0.0015 rws:  1.000 n_fev: 2449
  step:   1 bond rmsd: 0.001452
  step:   2 bond rmsd: 0.048873
  step:   3 bond rmsd: 0.001781
  step:   4 bond rmsd: 0.001690
  step:   5 bond rmsd: 0.001625
  step:   6 bond rmsd: 0.001579
  step:   7 bond rmsd: 0.001547
  step:   8 bond rmsd: 0.001523
  step:   9 bond rmsd: 0.001507
  step:  10 bond rmsd: 0.001495
  step:  11 bond rmsd: 0.001486
  step:  12 bond rmsd: 0.001480
  step:  13 bond rmsd: 0.001475
  step:  14 bond rmsd: 0.001472
  step:  15 bond rmsd: 0.001469
  step:  16 bond rmsd: 0.001467
  step:  17 bond rmsd: 0.001466
  step:  18 bond rmsd: 0.001465
  step:  19 bond rmsd: 0.001464
  step:  20 bond rmsd: 0.001463
  step:  21 bond rmsd: 0.001463
  step:  22 bond rmsd: 0.001464
  step:  23 bond rmsd: 0.001466
  step:  24 bond rmsd: 0.001470
  step:  25 bond rmsd: 0.001479
  step:  26 bond rmsd: 0.001483
  step:  27 bond rmsd: 0.001486
  step:  28 bond rmsd: 0.001492
  step:  29 bond rmsd: 0.001495
  step:  30 bond rmsd: 0.001498
  step:  31 bond rmsd: 0.001501
  step:  32 bond rmsd: 0.001503
  step:  33 bond rmsd: 0.001505
  step:  34 bond rmsd: 0.001506
  step:  35 bond rmsd: 0.001508
  step:  36 bond rmsd: 0.001509
  step:  37 bond rmsd: 0.001511
  step:  38 bond rmsd: 0.001512
  step:  39 bond rmsd: 0.001513
  step:  40 bond rmsd: 0.001515
  step:  41 bond rmsd: 0.001516
  step:  42 bond rmsd: 0.001516
  step:  43 bond rmsd: 0.001517
  step:  44 bond rmsd: 0.001517
  step:  45 bond rmsd: 0.001517
  step:  46 bond rmsd: 0.001516
  step:  47 bond rmsd: 0.001515
  step:  48 bond rmsd: 0.001514
  step:  49 bond rmsd: 0.001513
  step:  50 bond rmsd: 0.001511
  step:  51 bond rmsd: 0.001510
  step:  52 bond rmsd: 0.001509
micro_cycle  48 rmsd(b):  0.0015 rws:  1.000 n_fev: 2501
  step:   1 bond rmsd: 0.001509
  step:   2 bond rmsd: 0.026246
  step:   3 bond rmsd: 0.001505
  step:   4 bond rmsd: 0.001505
  step:   5 bond rmsd: 0.001506
  step:   6 bond rmsd: 0.001506
  step:   7 bond rmsd: 0.001506
  step:   8 bond rmsd: 0.001507
  step:   9 bond rmsd: 0.001507
  step:  10 bond rmsd: 0.001507
  step:  11 bond rmsd: 0.001507
  step:  12 bond rmsd: 0.001508
  step:  13 bond rmsd: 0.001508
  step:  14 bond rmsd: 0.001508
  step:  15 bond rmsd: 0.001508
  step:  16 bond rmsd: 0.001508
  step:  17 bond rmsd: 0.001508
  step:  18 bond rmsd: 0.001507
  step:  19 bond rmsd: 0.001504
  step:  20 bond rmsd: 0.001504
  step:  21 bond rmsd: 0.001504
  step:  22 bond rmsd: 0.001504
  step:  23 bond rmsd: 0.001503
  step:  24 bond rmsd: 0.001502
  step:  25 bond rmsd: 0.001501
  step:  26 bond rmsd: 0.001499
  step:  27 bond rmsd: 0.001499
  step:  28 bond rmsd: 0.001498
  step:  29 bond rmsd: 0.001497
  step:  30 bond rmsd: 0.001497
  step:  31 bond rmsd: 0.001495
  step:  32 bond rmsd: 0.001494
  step:  33 bond rmsd: 0.001494
  step:  34 bond rmsd: 0.001493
  step:  35 bond rmsd: 0.001494
  step:  36 bond rmsd: 0.001493
  step:  37 bond rmsd: 0.001492
  step:  38 bond rmsd: 0.001493
  step:  39 bond rmsd: 0.001493
  step:  40 bond rmsd: 0.001494
  step:  41 bond rmsd: 0.001495
  step:  42 bond rmsd: 0.001494
  step:  43 bond rmsd: 0.001495
  step:  44 bond rmsd: 0.001496
  step:  45 bond rmsd: 0.001500
  step:  46 bond rmsd: 0.001502
  step:  47 bond rmsd: 0.001505
  step:  48 bond rmsd: 0.001508
  step:  49 bond rmsd: 0.001510
  step:  50 bond rmsd: 0.001514
  step:  51 bond rmsd: 0.001517
  step:  52 bond rmsd: 0.001520
micro_cycle  49 rmsd(b):  0.0015 rws:  1.000 n_fev: 2553
  step:   1 bond rmsd: 0.001520
  step:   2 bond rmsd: 0.055599
  step:   3 bond rmsd: 0.001511
  step:   4 bond rmsd: 0.001511
  step:   5 bond rmsd: 0.001512
  step:   6 bond rmsd: 0.001512
  step:   7 bond rmsd: 0.001513
  step:   8 bond rmsd: 0.001513
  step:   9 bond rmsd: 0.001514
  step:  10 bond rmsd: 0.001514
  step:  11 bond rmsd: 0.001515
  step:  12 bond rmsd: 0.001515
  step:  13 bond rmsd: 0.001515
  step:  14 bond rmsd: 0.001516
  step:  15 bond rmsd: 0.001516
  step:  16 bond rmsd: 0.001516
  step:  17 bond rmsd: 0.001516
  step:  18 bond rmsd: 0.001516
  step:  19 bond rmsd: 0.001515
  step:  20 bond rmsd: 0.001514
  step:  21 bond rmsd: 0.001511
  step:  22 bond rmsd: 0.001507
  step:  23 bond rmsd: 0.001505
  step:  24 bond rmsd: 0.001503
  step:  25 bond rmsd: 0.001501
  step:  26 bond rmsd: 0.001500
  step:  27 bond rmsd: 0.001499
  step:  28 bond rmsd: 0.001499
  step:  29 bond rmsd: 0.001499
  step:  30 bond rmsd: 0.001498
  step:  31 bond rmsd: 0.001498
  step:  32 bond rmsd: 0.001498
  step:  33 bond rmsd: 0.001497
  step:  34 bond rmsd: 0.001498
  step:  35 bond rmsd: 0.001498
  step:  36 bond rmsd: 0.001498
  step:  37 bond rmsd: 0.001498
  step:  38 bond rmsd: 0.001498
  step:  39 bond rmsd: 0.001498
  step:  40 bond rmsd: 0.001498
  step:  41 bond rmsd: 0.001500
  step:  42 bond rmsd: 0.001500
  step:  43 bond rmsd: 0.001501
  step:  44 bond rmsd: 0.001502
  step:  45 bond rmsd: 0.001503
  step:  46 bond rmsd: 0.001504
  step:  47 bond rmsd: 0.001504
  step:  48 bond rmsd: 0.001505
  step:  49 bond rmsd: 0.001506
  step:  50 bond rmsd: 0.001507
  step:  51 bond rmsd: 0.001507
  step:  52 bond rmsd: 0.001507
micro_cycle  50 rmsd(b):  0.0015 rws:  1.000 n_fev: 2605
See 8_refined.pdb in pdb folder.
Time: 39.9412
