Starting Q|R
version:   v1.0-22-g4c4e7c  
Running refinement
   input {
     xray_data {
       file_name = None
       labels = None
       high_resolution = None
       low_resolution = None
       outliers_rejection = True
       french_wilson_scale = True
       french_wilson {
         max_bins = 60
         min_bin_size = 40
       }
       sigma_fobs_rejection_criterion = None
       sigma_iobs_rejection_criterion = None
       ignore_all_zeros = True
       force_anomalous_flag_to_be_equal_to = None
       convert_to_non_anomalous_if_ratio_pairs_lone_less_than_threshold = 0.5
       r_free_flags {
         file_name = None
         label = None
         test_flag_value = None
         ignore_r_free_flags = False
         disable_suitability_test = False
         ignore_pdb_hexdigest = False
         generate = False
         fraction = 0.1
         max_free = 2000
         lattice_symmetry_max_delta = 5
         use_lattice_symmetry = True
         use_dataman_shells = False
         n_shells = 20
       }
     }
     pdb {
       file_name = None
     }
     monomers {
       file_name = None
     }
     maps {
       map_file_name = None
       d_min = None
       map_coefficients_file_name = None
       map_coefficients_label = None
     }
     sequence = None
     scattering_table = wk1995 it1992 *n_gaussian neutron electron
     wavelength = None
     energy = None
     twin_law = Auto
   }
   max_atoms = 15000
   debug = False
   cluster {
     charge_cutoff = 8.0
     clustering = false
     charge_embedding = False
     two_buffers = False
     maxnum_residues_in_cluster = 15
     clustering_method = gnc *bcc
     altloc_method = *average subtract
     g_scan = 10 15 20
     g_ref = None
     g_mode = None
   }
   restraints = cctbx *qm
   quantum {
     engine_name = *mopac ani torchani terachem turbomole pyscf orca gaussian \
                   xtb
     charge = None
     basis = Auto
     method = Auto
     memory = None
     nproc = 8
     qm_addon = gcp dftd3 gcp-d3
     qm_addon_method = None
   }
   refine {
     dry_run = False
     sf_algorithm = *direct fft
     refinement_target_name = *ml ls_wunit_k1
     mode = *opt refine gtest
     number_of_macro_cycles = 1
     number_of_weight_search_cycles = 50
     number_of_refine_cycles = 5
     number_of_micro_cycles = 50
     data_weight = None
     choose_best_use_r_work = False
     skip_initial_weight_optimization = False
     adjust_restraints_weight_scale_value = 2
     max_iterations_weight = 50
     max_iterations_refine = 50
     use_ase_lbfgs = False
     line_search = True
     stpmax = 0.2
     gradient_only = true
     update_all_scales = True
     refine_sites = True
     refine_adp = False
     restraints_weight_scale = 1.0
     shake_sites = False
     use_convergence_test = true
     max_bond_rmsd = 0.03
     max_r_work_r_free_gap = 5.0
     r_tolerance = 0.001
     rmsd_tolerance = 0.001
     opt_log = False
     pre_opt = False
     pre_opt_stpmax = 0.1
     pre_opt_iter = 10
     pre_opt_switch = 2
     pre_opt_gconv = 3000
   }
   parallel {
     method = *multiprocessing slurm pbs sge lsf threading
     nproc = None
     qsub_command = None
   }
   output_file_name_prefix = None
   output_folder_name = "pdb"
   shared_disk = True
   rst_file = None
   dump_gradients = None

Setting QM defaults
  Setting QM method to PM7


***********************************************************
restart info will be stored in /home/lum/mopac_opt/12_5-9/mopac_opt/pdb/7.rst.pickle
***********************************************************

start   0 rmsd(b):  0.0163 rws:  1.000 n_fev: 0
  step:   1 bond rmsd: 0.016318
  step:   2 bond rmsd: 0.101513
  step:   3 bond rmsd: 0.104957
  step:   4 bond rmsd: 0.089435
  step:   5 bond rmsd: 0.076565
  step:   6 bond rmsd: 0.063769
  step:   7 bond rmsd: 0.053384
  step:   8 bond rmsd: 0.045435
  step:   9 bond rmsd: 0.039280
  step:  10 bond rmsd: 0.034591
  step:  11 bond rmsd: 0.030797
  step:  12 bond rmsd: 0.027772
  step:  13 bond rmsd: 0.025316
  step:  14 bond rmsd: 0.023365
  step:  15 bond rmsd: 0.021790
  step:  16 bond rmsd: 0.020597
  step:  17 bond rmsd: 0.019740
  step:  18 bond rmsd: 0.019277
  step:  19 bond rmsd: 0.019128
  step:  20 bond rmsd: 0.019612
  step:  21 bond rmsd: 0.019990
  step:  22 bond rmsd: 0.020190
  step:  23 bond rmsd: 0.020794
  step:  24 bond rmsd: 0.021247
  step:  25 bond rmsd: 0.021428
  step:  26 bond rmsd: 0.021887
  step:  27 bond rmsd: 0.022178
  step:  28 bond rmsd: 0.022445
  step:  29 bond rmsd: 0.022735
  step:  30 bond rmsd: 0.023012
  step:  31 bond rmsd: 0.023191
  step:  32 bond rmsd: 0.023253
  step:  33 bond rmsd: 0.023409
  step:  34 bond rmsd: 0.023425
  step:  35 bond rmsd: 0.023452
  step:  36 bond rmsd: 0.023385
  step:  37 bond rmsd: 0.023394
  step:  38 bond rmsd: 0.023180
  step:  39 bond rmsd: 0.023159
  step:  40 bond rmsd: 0.023042
  step:  41 bond rmsd: 0.022950
  step:  42 bond rmsd: 0.022919
  step:  43 bond rmsd: 0.022767
  step:  44 bond rmsd: 0.022788
  step:  45 bond rmsd: 0.022596
  step:  46 bond rmsd: 0.022656
  step:  47 bond rmsd: 0.022483
  step:  48 bond rmsd: 0.022418
  step:  49 bond rmsd: 0.022257
  step:  50 bond rmsd: 0.022066
  step:  51 bond rmsd: 0.021923
  step:  52 bond rmsd: 0.021822
micro_cycle   1 rmsd(b):  0.0218 rws:  1.000 n_fev: 52
  step:   1 bond rmsd: 0.021822
  step:   2 bond rmsd: 0.074248
  step:   3 bond rmsd: 0.063105
  step:   4 bond rmsd: 0.052541
  step:   5 bond rmsd: 0.043910
  step:   6 bond rmsd: 0.037103
  step:   7 bond rmsd: 0.032792
  step:   8 bond rmsd: 0.029903
  step:   9 bond rmsd: 0.027762
  step:  10 bond rmsd: 0.026122
  step:  11 bond rmsd: 0.024910
  step:  12 bond rmsd: 0.024028
  step:  13 bond rmsd: 0.023395
  step:  14 bond rmsd: 0.022941
  step:  15 bond rmsd: 0.022619
  step:  16 bond rmsd: 0.022390
  step:  17 bond rmsd: 0.022228
  step:  18 bond rmsd: 0.022111
  step:  19 bond rmsd: 0.022028
  step:  20 bond rmsd: 0.021969
  step:  21 bond rmsd: 0.021927
  step:  22 bond rmsd: 0.021899
  step:  23 bond rmsd: 0.021878
  step:  24 bond rmsd: 0.021868
  step:  25 bond rmsd: 0.021856
  step:  26 bond rmsd: 0.021864
  step:  27 bond rmsd: 0.021894
  step:  28 bond rmsd: 0.021935
  step:  29 bond rmsd: 0.022036
  step:  30 bond rmsd: 0.022074
  step:  31 bond rmsd: 0.022166
  step:  32 bond rmsd: 0.022151
  step:  33 bond rmsd: 0.022224
  step:  34 bond rmsd: 0.022231
  step:  35 bond rmsd: 0.022208
  step:  36 bond rmsd: 0.022204
  step:  37 bond rmsd: 0.022120
  step:  38 bond rmsd: 0.022116
  step:  39 bond rmsd: 0.021951
  step:  40 bond rmsd: 0.022014
  step:  41 bond rmsd: 0.021935
  step:  42 bond rmsd: 0.021825
  step:  43 bond rmsd: 0.021708
  step:  44 bond rmsd: 0.021808
  step:  45 bond rmsd: 0.021689
  step:  46 bond rmsd: 0.021594
  step:  47 bond rmsd: 0.021514
  step:  48 bond rmsd: 0.021454
minimization failed: MOPAC: could not find total energy
See 7_refined.pdb in pdb folder.
Time: 19627.8266
