Starting Q|R
version:   v1.0-22-g4c4e7c  
Running refinement
   input {
     xray_data {
       file_name = None
       labels = None
       high_resolution = None
       low_resolution = None
       outliers_rejection = True
       french_wilson_scale = True
       french_wilson {
         max_bins = 60
         min_bin_size = 40
       }
       sigma_fobs_rejection_criterion = None
       sigma_iobs_rejection_criterion = None
       ignore_all_zeros = True
       force_anomalous_flag_to_be_equal_to = None
       convert_to_non_anomalous_if_ratio_pairs_lone_less_than_threshold = 0.5
       r_free_flags {
         file_name = None
         label = None
         test_flag_value = None
         ignore_r_free_flags = False
         disable_suitability_test = False
         ignore_pdb_hexdigest = False
         generate = False
         fraction = 0.1
         max_free = 2000
         lattice_symmetry_max_delta = 5
         use_lattice_symmetry = True
         use_dataman_shells = False
         n_shells = 20
       }
     }
     pdb {
       file_name = None
     }
     monomers {
       file_name = None
     }
     maps {
       map_file_name = None
       d_min = None
       map_coefficients_file_name = None
       map_coefficients_label = None
     }
     sequence = None
     scattering_table = wk1995 it1992 *n_gaussian neutron electron
     wavelength = None
     energy = None
     twin_law = Auto
   }
   max_atoms = 15000
   debug = False
   cluster {
     charge_cutoff = 8.0
     clustering = false
     charge_embedding = False
     two_buffers = False
     maxnum_residues_in_cluster = 15
     clustering_method = gnc *bcc
     altloc_method = *average subtract
     g_scan = 10 15 20
     g_ref = None
     g_mode = None
   }
   restraints = cctbx *qm
   quantum {
     engine_name = *mopac ani torchani terachem turbomole pyscf orca gaussian \
                   xtb
     charge = None
     basis = Auto
     method = Auto
     memory = None
     nproc = 8
     qm_addon = gcp dftd3 gcp-d3
     qm_addon_method = None
   }
   refine {
     dry_run = False
     sf_algorithm = *direct fft
     refinement_target_name = *ml ls_wunit_k1
     mode = *opt refine gtest
     number_of_macro_cycles = 1
     number_of_weight_search_cycles = 50
     number_of_refine_cycles = 5
     number_of_micro_cycles = 50
     data_weight = None
     choose_best_use_r_work = False
     skip_initial_weight_optimization = False
     adjust_restraints_weight_scale_value = 2
     max_iterations_weight = 50
     max_iterations_refine = 50
     use_ase_lbfgs = False
     line_search = True
     stpmax = 0.2
     gradient_only = true
     update_all_scales = True
     refine_sites = True
     refine_adp = False
     restraints_weight_scale = 1.0
     shake_sites = False
     use_convergence_test = true
     max_bond_rmsd = 0.03
     max_r_work_r_free_gap = 5.0
     r_tolerance = 0.001
     rmsd_tolerance = 0.001
     opt_log = False
     pre_opt = False
     pre_opt_stpmax = 0.1
     pre_opt_iter = 10
     pre_opt_switch = 2
     pre_opt_gconv = 3000
   }
   parallel {
     method = *multiprocessing slurm pbs sge lsf threading
     nproc = None
     qsub_command = None
   }
   output_file_name_prefix = None
   output_folder_name = "pdb"
   shared_disk = True
   rst_file = None
   dump_gradients = None

Setting QM defaults
  Setting QM method to PM7


***********************************************************
restart info will be stored in /home/lum/mopac_opt/12_5-9/mopac_opt/pdb/8.rst.pickle
***********************************************************

start   0 rmsd(b):  0.0191 rws:  1.000 n_fev: 0
  step:   1 bond rmsd: 0.019116
  step:   2 bond rmsd: 0.100626
  step:   3 bond rmsd: 0.100626
  step:   4 bond rmsd: 0.085845
  step:   5 bond rmsd: 0.072199
  step:   6 bond rmsd: 0.059124
  step:   7 bond rmsd: 0.048983
  step:   8 bond rmsd: 0.041673
  step:   9 bond rmsd: 0.036142
  step:  10 bond rmsd: 0.031981
  step:  11 bond rmsd: 0.028631
  step:  12 bond rmsd: 0.026004
  step:  13 bond rmsd: 0.023882
  step:  14 bond rmsd: 0.022173
  step:  15 bond rmsd: 0.020893
  step:  16 bond rmsd: 0.019926
  step:  17 bond rmsd: 0.019335
  step:  18 bond rmsd: 0.019056
  step:  19 bond rmsd: 0.019257
  step:  20 bond rmsd: 0.019542
  step:  21 bond rmsd: 0.019829
  step:  22 bond rmsd: 0.020270
  step:  23 bond rmsd: 0.020725
  step:  24 bond rmsd: 0.020943
  step:  25 bond rmsd: 0.021568
  step:  26 bond rmsd: 0.021741
  step:  27 bond rmsd: 0.022149
  step:  28 bond rmsd: 0.022339
  step:  29 bond rmsd: 0.022621
  step:  30 bond rmsd: 0.022698
  step:  31 bond rmsd: 0.022919
  step:  32 bond rmsd: 0.023014
  step:  33 bond rmsd: 0.023032
  step:  34 bond rmsd: 0.023167
  step:  35 bond rmsd: 0.022928
  step:  36 bond rmsd: 0.023013
  step:  37 bond rmsd: 0.022881
  step:  38 bond rmsd: 0.022949
  step:  39 bond rmsd: 0.022976
  step:  40 bond rmsd: 0.022831
  step:  41 bond rmsd: 0.022884
  step:  42 bond rmsd: 0.022726
  step:  43 bond rmsd: 0.022934
  step:  44 bond rmsd: 0.022794
  step:  45 bond rmsd: 0.022513
  step:  46 bond rmsd: 0.022332
  step:  47 bond rmsd: 0.022264
  step:  48 bond rmsd: 0.022027
  step:  49 bond rmsd: 0.021782
  step:  50 bond rmsd: 0.021704
  step:  51 bond rmsd: 0.021600
  step:  52 bond rmsd: 0.021496
micro_cycle   1 rmsd(b):  0.0215 rws:  1.000 n_fev: 52
  step:   1 bond rmsd: 0.021496
  step:   2 bond rmsd: 0.040650
  step:   3 bond rmsd: 0.040650
  step:   4 bond rmsd: 0.035252
  step:   5 bond rmsd: 0.031715
  step:   6 bond rmsd: 0.028947
  step:   7 bond rmsd: 0.026897
  step:   8 bond rmsd: 0.025380
  step:   9 bond rmsd: 0.024284
  step:  10 bond rmsd: 0.023487
  step:  11 bond rmsd: 0.022925
  step:  12 bond rmsd: 0.022530
  step:  13 bond rmsd: 0.022259
  step:  14 bond rmsd: 0.022070
  step:  15 bond rmsd: 0.021942
  step:  16 bond rmsd: 0.021856
  step:  17 bond rmsd: 0.021796
  step:  18 bond rmsd: 0.021756
  step:  19 bond rmsd: 0.021730
  step:  20 bond rmsd: 0.021711
  step:  21 bond rmsd: 0.021702
  step:  22 bond rmsd: 0.021699
  step:  23 bond rmsd: 0.021701
  step:  24 bond rmsd: 0.021705
  step:  25 bond rmsd: 0.021749
  step:  26 bond rmsd: 0.021763
  step:  27 bond rmsd: 0.021763
  step:  28 bond rmsd: 0.021790
  step:  29 bond rmsd: 0.021861
  step:  30 bond rmsd: 0.021863
  step:  31 bond rmsd: 0.022029
  step:  32 bond rmsd: 0.022032
  step:  33 bond rmsd: 0.022195
  step:  34 bond rmsd: 0.022126
  step:  35 bond rmsd: 0.022167
  step:  36 bond rmsd: 0.022083
  step:  37 bond rmsd: 0.022071
  step:  38 bond rmsd: 0.021984
  step:  39 bond rmsd: 0.021949
  step:  40 bond rmsd: 0.021931
  step:  41 bond rmsd: 0.021894
  step:  42 bond rmsd: 0.021846
  step:  43 bond rmsd: 0.021803
  step:  44 bond rmsd: 0.021794
  step:  45 bond rmsd: 0.021686
  step:  46 bond rmsd: 0.021656
  step:  47 bond rmsd: 0.021548
  step:  48 bond rmsd: 0.021601
  step:  49 bond rmsd: 0.021529
  step:  50 bond rmsd: 0.021598
  step:  51 bond rmsd: 0.021519
  step:  52 bond rmsd: 0.021390
micro_cycle   2 rmsd(b):  0.0214 rws:  1.000 n_fev: 104
  step:   1 bond rmsd: 0.021390
  step:   2 bond rmsd: 0.065131
  step:   3 bond rmsd: 0.053522
  step:   4 bond rmsd: 0.044303
  step:   5 bond rmsd: 0.037218
  step:   6 bond rmsd: 0.031690
  step:   7 bond rmsd: 0.028260
  step:   8 bond rmsd: 0.026069
  step:   9 bond rmsd: 0.024558
  step:  10 bond rmsd: 0.023457
  step:  11 bond rmsd: 0.022684
  step:  12 bond rmsd: 0.022153
  step:  13 bond rmsd: 0.021795
minimization failed: MOPAC: could not find total energy
See 8_refined.pdb in pdb folder.
Time: 14370.1711
