Starting Q|R
Running refinement
   input {
     xray_data {
       file_name = None
       labels = None
       high_resolution = None
       low_resolution = None
       outliers_rejection = True
       french_wilson_scale = True
       french_wilson {
         max_bins = 60
         min_bin_size = 40
       }
       sigma_fobs_rejection_criterion = None
       sigma_iobs_rejection_criterion = None
       ignore_all_zeros = True
       force_anomalous_flag_to_be_equal_to = None
       convert_to_non_anomalous_if_ratio_pairs_lone_less_than_threshold = 0.5
       r_free_flags {
         file_name = None
         label = None
         test_flag_value = None
         ignore_r_free_flags = False
         disable_suitability_test = False
         ignore_pdb_hexdigest = False
         generate = False
         fraction = 0.1
         max_free = 2000
         lattice_symmetry_max_delta = 5
         use_lattice_symmetry = True
         use_dataman_shells = False
         n_shells = 20
       }
     }
     pdb {
       file_name = None
     }
     monomers {
       file_name = None
     }
     maps {
       map_file_name = None
       d_min = None
       map_coefficients_file_name = None
       map_coefficients_label = None
     }
     sequence = None
     scattering_table = wk1995 it1992 *n_gaussian neutron electron
     wavelength = None
     energy = None
     twin_law = Auto
   }
   max_atoms = 15000
   debug = False
   cluster {
     charge_cutoff = 8.0
     clustering = false
     charge_embedding = False
     two_buffers = False
     maxnum_residues_in_cluster = 15
     clustering_method = gnc *bcc
     altloc_method = *average subtract
   }
   restraints = cctbx *qm
   quantum {
     engine_name = mopac *ani torchani terachem turbomole pyscf orca gaussian \
                   xtb
     charge = None
     basis = Auto
     method = Auto
     memory = None
     nproc = None
     qm_addon = gcp dftd3 gcp-d3
     qm_addon_method = None
   }
   refine {
     dry_run = False
     sf_algorithm = *direct fft
     refinement_target_name = *ml ls_wunit_k1
     mode = *opt refine
     number_of_macro_cycles = 1
     number_of_weight_search_cycles = 50
     number_of_refine_cycles = 5
     number_of_micro_cycles = 50
     data_weight = None
     choose_best_use_r_work = False
     skip_initial_weight_optimization = False
     adjust_restraints_weight_scale_value = 2
     max_iterations_weight = 50
     max_iterations_refine = 50
     use_ase_lbfgs = False
     line_search = True
     stpmax = 0.2
     gradient_only = False
     update_all_scales = True
     refine_sites = True
     refine_adp = False
     restraints_weight_scale = 1.0
     shake_sites = False
     use_convergence_test = true
     max_bond_rmsd = 0.03
     max_r_work_r_free_gap = 5.0
     r_tolerance = 0.001
     rmsd_tolerance = 0.001
     opt_log = False
     pre_opt = False
     pre_opt_stpmax = 0.1
     pre_opt_iter = 10
     pre_opt_switch = 2
     pre_opt_gconv = 3000
   }
   parallel {
     method = *multiprocessing slurm pbs sge lsf threading
     nproc = None
     qsub_command = None
   }
   output_file_name_prefix = None
   output_folder_name = "pdb"
   shared_disk = True
   rst_file = None
   dump_gradients = None

Setting QM defaults
  Setting QM method to HF
  Setting QM basis to STO-3G


***********************************************************
restart info will be stored in /home/lum/3nir/ani_opt/pdb/0.rst.pickle
***********************************************************

van Der Waals correction will be unavailable. Please install ased3
  No function available to set charge to 2
  No function available to set basis to STO-3G
  No function available to set method to HF
start   0 rmsd(b):  0.0192 rws:  1.000 n_fev: 0
  step:   1 bond rmsd: 0.019166
 RUNNING ANI
Atoms(symbols='C68H116N22O19S', pbc=False, calculator=ANI(...))
('Final Energy: ', -154874.0642120438)
  step:   2 bond rmsd: 0.105390
 RUNNING ANI
Atoms(symbols='C68H116N22O19S', pbc=False, calculator=ANI(...))
('Final Energy: ', -154853.3229530355)
  step:   3 bond rmsd: 0.025205
 RUNNING ANI
Atoms(symbols='C68H116N22O19S', pbc=False, calculator=ANI(...))
('Final Energy: ', -154877.09549082548)
  step:   4 bond rmsd: 0.024673
 RUNNING ANI
Atoms(symbols='C68H116N22O19S', pbc=False, calculator=ANI(...))
('Final Energy: ', -154877.59364636752)
micro_cycle   1 rmsd(b):  0.0247 rws:  1.000 n_fev: 4
  step:   1 bond rmsd: 0.024673
 RUNNING ANI
Atoms(symbols='C68H116N22O19S', pbc=False, calculator=ANI(...))
('Final Energy: ', -154877.59364636752)
  step:   2 bond rmsd: 0.097832
 RUNNING ANI
Atoms(symbols='C68H116N22O19S', pbc=False, calculator=ANI(...))
('Final Energy: ', -154861.61062365377)
  step:   3 bond rmsd: 0.019517
 RUNNING ANI
Atoms(symbols='C68H116N22O19S', pbc=False, calculator=ANI(...))
('Final Energy: ', -154878.24415805639)
  step:   4 bond rmsd: 0.018670
 RUNNING ANI
Atoms(symbols='C68H116N22O19S', pbc=False, calculator=ANI(...))
('Final Energy: ', -154878.5683741614)
micro_cycle   2 rmsd(b):  0.0187 rws:  1.000 n_fev: 8
  step:   1 bond rmsd: 0.018670
 RUNNING ANI
Atoms(symbols='C68H116N22O19S', pbc=False, calculator=ANI(...))
('Final Energy: ', -154878.5683741614)
  step:   2 bond rmsd: 0.114179
 RUNNING ANI
Atoms(symbols='C68H116N22O19S', pbc=False, calculator=ANI(...))
('Final Energy: ', -154858.37305495696)
  step:   3 bond rmsd: 0.020123
 RUNNING ANI
Atoms(symbols='C68H116N22O19S', pbc=False, calculator=ANI(...))
('Final Energy: ', -154879.68588352401)
  step:   4 bond rmsd: 0.019331
 RUNNING ANI
Atoms(symbols='C68H116N22O19S', pbc=False, calculator=ANI(...))
('Final Energy: ', -154879.99830084736)
micro_cycle   3 rmsd(b):  0.0193 rws:  1.000 n_fev: 12
  step:   1 bond rmsd: 0.019331
 RUNNING ANI
Atoms(symbols='C68H116N22O19S', pbc=False, calculator=ANI(...))
('Final Energy: ', -154879.99830084736)
  step:   2 bond rmsd: 0.140893
 RUNNING ANI
Atoms(symbols='C68H116N22O19S', pbc=False, calculator=ANI(...))
('Final Energy: ', -154870.07965713021)
  step:   3 bond rmsd: 0.023398
 RUNNING ANI
Atoms(symbols='C68H116N22O19S', pbc=False, calculator=ANI(...))
('Final Energy: ', -154878.6766919666)
  step:   4 bond rmsd: 0.017399
 RUNNING ANI
Atoms(symbols='C68H116N22O19S', pbc=False, calculator=ANI(...))
('Final Energy: ', -154880.56023293664)
  step:   5 bond rmsd: 0.017363
 RUNNING ANI
Atoms(symbols='C68H116N22O19S', pbc=False, calculator=ANI(...))
('Final Energy: ', -154880.59479159545)
micro_cycle   4 rmsd(b):  0.0174 rws:  1.000 n_fev: 17
  step:   1 bond rmsd: 0.017363
 RUNNING ANI
Atoms(symbols='C68H116N22O19S', pbc=False, calculator=ANI(...))
('Final Energy: ', -154880.59479159545)
  step:   2 bond rmsd: 0.093730
 RUNNING ANI
Atoms(symbols='C68H116N22O19S', pbc=False, calculator=ANI(...))
('Final Energy: ', -154868.66752047569)
  step:   3 bond rmsd: 0.020049
 RUNNING ANI
Atoms(symbols='C68H116N22O19S', pbc=False, calculator=ANI(...))
('Final Energy: ', -154879.66546026419)
  step:   4 bond rmsd: 0.017373
 RUNNING ANI
Atoms(symbols='C68H116N22O19S', pbc=False, calculator=ANI(...))
('Final Energy: ', -154880.7820089467)
  step:   5 bond rmsd: 0.017330
 RUNNING ANI
Atoms(symbols='C68H116N22O19S', pbc=False, calculator=ANI(...))
('Final Energy: ', -154880.81778627937)
micro_cycle   5 rmsd(b):  0.0173 rws:  1.000 n_fev: 22
  step:   1 bond rmsd: 0.017330
 RUNNING ANI
Atoms(symbols='C68H116N22O19S', pbc=False, calculator=ANI(...))
('Final Energy: ', -154880.81778627937)
  step:   2 bond rmsd: 0.111393
 RUNNING ANI
Atoms(symbols='C68H116N22O19S', pbc=False, calculator=ANI(...))
('Final Energy: ', -154872.81536729651)
  step:   3 bond rmsd: 0.023293
 RUNNING ANI
Atoms(symbols='C68H116N22O19S', pbc=False, calculator=ANI(...))
('Final Energy: ', -154879.62649413839)
  step:   4 bond rmsd: 0.016961
 RUNNING ANI
Atoms(symbols='C68H116N22O19S', pbc=False, calculator=ANI(...))
('Final Energy: ', -154880.93676177235)
  step:   5 bond rmsd: 0.016944
 RUNNING ANI
Atoms(symbols='C68H116N22O19S', pbc=False, calculator=ANI(...))
('Final Energy: ', -154880.97791568481)
micro_cycle   6 rmsd(b):  0.0169 rws:  1.000 n_fev: 27
  step:   1 bond rmsd: 0.016944
 RUNNING ANI
Atoms(symbols='C68H116N22O19S', pbc=False, calculator=ANI(...))
('Final Energy: ', -154880.97791568481)
  step:   2 bond rmsd: 0.110240
 RUNNING ANI
Atoms(symbols='C68H116N22O19S', pbc=False, calculator=ANI(...))
('Final Energy: ', -154870.63774030926)
  step:   3 bond rmsd: 0.026650
 RUNNING ANI
Atoms(symbols='C68H116N22O19S', pbc=False, calculator=ANI(...))
('Final Energy: ', -154878.05133644759)
  step:   4 bond rmsd: 0.017091
 RUNNING ANI
Atoms(symbols='C68H116N22O19S', pbc=False, calculator=ANI(...))
('Final Energy: ', -154881.19671898524)
  step:   5 bond rmsd: 0.017105
 RUNNING ANI
Atoms(symbols='C68H116N22O19S', pbc=False, calculator=ANI(...))
('Final Energy: ', -154881.21745359764)
micro_cycle   7 rmsd(b):  0.0171 rws:  1.000 n_fev: 32
  step:   1 bond rmsd: 0.017105
 RUNNING ANI
Atoms(symbols='C68H116N22O19S', pbc=False, calculator=ANI(...))
('Final Energy: ', -154881.21745359764)
  step:   2 bond rmsd: 0.078784
 RUNNING ANI
Atoms(symbols='C68H116N22O19S', pbc=False, calculator=ANI(...))
('Final Energy: ', -154871.40676618018)
  step:   3 bond rmsd: 0.019627
 RUNNING ANI
Atoms(symbols='C68H116N22O19S', pbc=False, calculator=ANI(...))
('Final Energy: ', -154881.24369429081)
  step:   4 bond rmsd: 0.019496
 RUNNING ANI
Atoms(symbols='C68H116N22O19S', pbc=False, calculator=ANI(...))
('Final Energy: ', -154881.39361486988)
micro_cycle   8 rmsd(b):  0.0195 rws:  1.000 n_fev: 36
  step:   1 bond rmsd: 0.019496
 RUNNING ANI
Atoms(symbols='C68H116N22O19S', pbc=False, calculator=ANI(...))
('Final Energy: ', -154881.39361486988)
  step:   2 bond rmsd: 0.122784
 RUNNING ANI
Atoms(symbols='C68H116N22O19S', pbc=False, calculator=ANI(...))
('Final Energy: ', -154872.24551091279)
  step:   3 bond rmsd: 0.028384
 RUNNING ANI
Atoms(symbols='C68H116N22O19S', pbc=False, calculator=ANI(...))
('Final Energy: ', -154879.03560117952)
  step:   4 bond rmsd: 0.018528
 RUNNING ANI
Atoms(symbols='C68H116N22O19S', pbc=False, calculator=ANI(...))
('Final Energy: ', -154882.10611727121)
  step:   5 bond rmsd: 0.018701
 RUNNING ANI
Atoms(symbols='C68H116N22O19S', pbc=False, calculator=ANI(...))
('Final Energy: ', -154882.31100802895)
  step:   6 bond rmsd: 0.018705
 RUNNING ANI
Atoms(symbols='C68H116N22O19S', pbc=False, calculator=ANI(...))
('Final Energy: ', -154882.33079414471)
micro_cycle   9 rmsd(b):  0.0187 rws:  1.000 n_fev: 42
  step:   1 bond rmsd: 0.018705
 RUNNING ANI
Atoms(symbols='C68H116N22O19S', pbc=False, calculator=ANI(...))
('Final Energy: ', -154882.33079414471)
  step:   2 bond rmsd: 0.097197
 RUNNING ANI
Atoms(symbols='C68H116N22O19S', pbc=False, calculator=ANI(...))
('Final Energy: ', -154871.23940848251)
  step:   3 bond rmsd: 0.028535
 RUNNING ANI
Atoms(symbols='C68H116N22O19S', pbc=False, calculator=ANI(...))
('Final Energy: ', -154879.81287524203)
  step:   4 bond rmsd: 0.018960
 RUNNING ANI
Atoms(symbols='C68H116N22O19S', pbc=False, calculator=ANI(...))
('Final Energy: ', -154882.41204906159)
  step:   5 bond rmsd: 0.018981
 RUNNING ANI
Atoms(symbols='C68H116N22O19S', pbc=False, calculator=ANI(...))
('Final Energy: ', -154882.45576923943)
micro_cycle  10 rmsd(b):  0.0190 rws:  1.000 n_fev: 47
  step:   1 bond rmsd: 0.018981
 RUNNING ANI
Atoms(symbols='C68H116N22O19S', pbc=False, calculator=ANI(...))
('Final Energy: ', -154882.45576923943)
  step:   2 bond rmsd: 0.119052
 RUNNING ANI
Atoms(symbols='C68H116N22O19S', pbc=False, calculator=ANI(...))
('Final Energy: ', -154870.11255923979)
  step:   3 bond rmsd: 0.027021
 RUNNING ANI
Atoms(symbols='C68H116N22O19S', pbc=False, calculator=ANI(...))
('Final Energy: ', -154879.823858772)
  step:   4 bond rmsd: 0.019094
 RUNNING ANI
Atoms(symbols='C68H116N22O19S', pbc=False, calculator=ANI(...))
('Final Energy: ', -154882.67785435292)
  step:   5 bond rmsd: 0.019143
 RUNNING ANI
Atoms(symbols='C68H116N22O19S', pbc=False, calculator=ANI(...))
('Final Energy: ', -154882.69558034523)
micro_cycle  11 rmsd(b):  0.0191 rws:  1.000 n_fev: 52
  step:   1 bond rmsd: 0.019143
 RUNNING ANI
Atoms(symbols='C68H116N22O19S', pbc=False, calculator=ANI(...))
('Final Energy: ', -154882.69558034523)
  step:   2 bond rmsd: 0.064772
 RUNNING ANI
Atoms(symbols='C68H116N22O19S', pbc=False, calculator=ANI(...))
('Final Energy: ', -154869.35183797299)
  step:   3 bond rmsd: 0.021616
 RUNNING ANI
Atoms(symbols='C68H116N22O19S', pbc=False, calculator=ANI(...))
('Final Energy: ', -154883.00230094866)
  step:   4 bond rmsd: 0.021520
 RUNNING ANI
Atoms(symbols='C68H116N22O19S', pbc=False, calculator=ANI(...))
('Final Energy: ', -154883.11744360495)
micro_cycle  12 rmsd(b):  0.0215 rws:  1.000 n_fev: 56
  step:   1 bond rmsd: 0.021520
 RUNNING ANI
Atoms(symbols='C68H116N22O19S', pbc=False, calculator=ANI(...))
('Final Energy: ', -154883.11744360495)
  step:   2 bond rmsd: 0.117889
 RUNNING ANI
Atoms(symbols='C68H116N22O19S', pbc=False, calculator=ANI(...))
('Final Energy: ', -154859.78775802418)
  step:   3 bond rmsd: 0.020581
 RUNNING ANI
Atoms(symbols='C68H116N22O19S', pbc=False, calculator=ANI(...))
('Final Energy: ', -154881.31774393917)
  step:   4 bond rmsd: 0.020000
 RUNNING ANI
Atoms(symbols='C68H116N22O19S', pbc=False, calculator=ANI(...))
('Final Energy: ', -154883.42653098967)
  step:   5 bond rmsd: 0.020056
 RUNNING ANI
Atoms(symbols='C68H116N22O19S', pbc=False, calculator=ANI(...))
('Final Energy: ', -154883.45159322728)
micro_cycle  13 rmsd(b):  0.0201 rws:  1.000 n_fev: 61
  step:   1 bond rmsd: 0.020056
 RUNNING ANI
Atoms(symbols='C68H116N22O19S', pbc=False, calculator=ANI(...))
('Final Energy: ', -154883.45159322728)
  step:   2 bond rmsd: 0.119576
 RUNNING ANI
Atoms(symbols='C68H116N22O19S', pbc=False, calculator=ANI(...))
('Final Energy: ', -154859.98489084569)
  step:   3 bond rmsd: 0.025504
 RUNNING ANI
Atoms(symbols='C68H116N22O19S', pbc=False, calculator=ANI(...))
('Final Energy: ', -154881.99896080862)
  step:   4 bond rmsd: 0.020538
 RUNNING ANI
Atoms(symbols='C68H116N22O19S', pbc=False, calculator=ANI(...))
('Final Energy: ', -154883.52623430171)
  step:   5 bond rmsd: 0.020588
 RUNNING ANI
Atoms(symbols='C68H116N22O19S', pbc=False, calculator=ANI(...))
('Final Energy: ', -154883.54153564296)
micro_cycle  14 rmsd(b):  0.0206 rws:  1.000 n_fev: 66
 Convergence at micro_cycle: 14
See 0_refined.pdb in pdb folder.
Time: 7.9546
