Starting Q|R
version:   v1.0-114-g3318f9  
Running refinement
   input {
     xray_data {
       file_name = None
       labels = None
       high_resolution = None
       low_resolution = None
       outliers_rejection = True
       french_wilson_scale = True
       french_wilson {
         max_bins = 60
         min_bin_size = 40
       }
       sigma_fobs_rejection_criterion = None
       sigma_iobs_rejection_criterion = None
       ignore_all_zeros = True
       force_anomalous_flag_to_be_equal_to = None
       convert_to_non_anomalous_if_ratio_pairs_lone_less_than_threshold = 0.5
       r_free_flags {
         file_name = None
         label = None
         test_flag_value = None
         ignore_r_free_flags = False
         disable_suitability_test = False
         ignore_pdb_hexdigest = False
         generate = False
         fraction = 0.1
         max_free = 2000
         lattice_symmetry_max_delta = 5
         use_lattice_symmetry = True
         use_dataman_shells = False
         n_shells = 20
       }
     }
     pdb {
       file_name = None
     }
     monomers {
       file_name = None
     }
     maps {
       map_file_name = None
       d_min = None
       map_coefficients_file_name = None
       map_coefficients_label = None
     }
     sequence = None
     scattering_table = wk1995 it1992 *n_gaussian neutron electron
     wavelength = None
     energy = None
     twin_law = Auto
   }
   max_atoms = 15000
   debug = False
   cluster {
     charge_cutoff = 8.0
     clustering = false
     charge_embedding = False
     two_buffers = False
     maxnum_residues_in_cluster = 15
     clustering_method = gnc *bcc
     altloc_method = *average subtract
     g_scan = 10 15 20
     g_mode = None
   }
   restraints = *cctbx qm
   quantum {
     engine_name = *mopac ani torchani terachem turbomole pyscf orca gaussian \
                   xtb
     charge = None
     basis = Auto
     method = Auto
     memory = None
     nproc = None
     qm_addon = gcp dftd3 gcp-d3
     qm_addon_method = None
   }
   refine {
     dry_run = False
     sf_algorithm = *direct fft
     refinement_target_name = *ml ls_wunit_k1
     mode = *opt refine gtest
     number_of_macro_cycles = 1
     number_of_weight_search_cycles = 50
     number_of_refine_cycles = 5
     number_of_micro_cycles = 1
     data_weight = None
     choose_best_use_r_work = False
     skip_weight_search = False
     adjust_restraints_weight_scale_value = 2
     max_iterations_weight = 50
     max_iterations_refine = 150
     use_ase_lbfgs = False
     line_search = True
     stpmax = 3
     gradient_only = true
     update_all_scales = True
     refine_sites = True
     refine_adp = False
     restraints_weight_scale = 1.0
     shake_sites = False
     use_convergence_test = true
     max_bond_rmsd = 0.03
     max_r_work_r_free_gap = 5.0
     r_tolerance = 0.001
     rmsd_tolerance = 0.001
     opt_log = False
     pre_opt = False
     pre_opt_stpmax = 0.1
     pre_opt_iter = 10
     pre_opt_switch = 2
     pre_opt_gconv = 3000
   }
   parallel {
     method = *multiprocessing slurm pbs sge lsf threading
     nproc = None
     qsub_command = None
   }
   output_file_name_prefix = None
   output_folder_name = "pdb"
   shared_disk = True
   rst_file = None
   dump_gradients = None

Setting QM defaults
  Setting QM method to PM7


***********************************************************
restart info will be stored in /home/lum/cctbx_opt_final/0.3/cctbx_opt/pdb/6.rst.pickle
***********************************************************

start   0 rmsd(b):  0.0161 rws:  1.000 n_fev: 0
  step:   1 bond rmsd: 0.016084
  step:   2 bond rmsd: 0.087507
  step:   3 bond rmsd: 1.507652
  step:   4 bond rmsd: 0.013310
  step:   5 bond rmsd: 0.009254
  step:   6 bond rmsd: 0.009045
  step:   7 bond rmsd: 0.008988
  step:   8 bond rmsd: 0.007583
  step:   9 bond rmsd: 0.008095
  step:  10 bond rmsd: 0.006840
  step:  11 bond rmsd: 0.005398
  step:  12 bond rmsd: 0.004645
  step:  13 bond rmsd: 0.004300
  step:  14 bond rmsd: 0.003790
  step:  15 bond rmsd: 0.003573
  step:  16 bond rmsd: 0.003426
  step:  17 bond rmsd: 0.003532
  step:  18 bond rmsd: 0.003372
  step:  19 bond rmsd: 0.003384
  step:  20 bond rmsd: 0.003460
  step:  21 bond rmsd: 0.003644
  step:  22 bond rmsd: 0.003595
  step:  23 bond rmsd: 0.003469
  step:  24 bond rmsd: 0.003266
  step:  25 bond rmsd: 0.003234
  step:  26 bond rmsd: 0.003133
  step:  27 bond rmsd: 0.003021
  step:  28 bond rmsd: 0.002918
  step:  29 bond rmsd: 0.002881
  step:  30 bond rmsd: 0.002774
  step:  31 bond rmsd: 0.002643
  step:  32 bond rmsd: 0.002561
  step:  33 bond rmsd: 0.002534
  step:  34 bond rmsd: 0.002476
  step:  35 bond rmsd: 0.002439
  step:  36 bond rmsd: 0.002387
  step:  37 bond rmsd: 0.002338
  step:  38 bond rmsd: 0.002289
  step:  39 bond rmsd: 0.002250
  step:  40 bond rmsd: 0.002162
  step:  41 bond rmsd: 0.002235
  step:  42 bond rmsd: 0.001976
  step:  43 bond rmsd: 0.001939
  step:  44 bond rmsd: 0.001885
  step:  45 bond rmsd: 0.001978
  step:  46 bond rmsd: 0.001899
  step:  47 bond rmsd: 0.001895
  step:  48 bond rmsd: 0.001909
  step:  49 bond rmsd: 0.001956
  step:  50 bond rmsd: 0.001965
  step:  51 bond rmsd: 0.001953
  step:  52 bond rmsd: 0.001949
  step:  53 bond rmsd: 0.001980
  step:  54 bond rmsd: 0.002103
  step:  55 bond rmsd: 0.002100
  step:  56 bond rmsd: 0.002115
  step:  57 bond rmsd: 0.002156
  step:  58 bond rmsd: 0.002234
  step:  59 bond rmsd: 0.002137
  step:  60 bond rmsd: 0.002168
  step:  61 bond rmsd: 0.002161
  step:  62 bond rmsd: 0.002146
  step:  63 bond rmsd: 0.002070
  step:  64 bond rmsd: 0.002010
  step:  65 bond rmsd: 0.001950
  step:  66 bond rmsd: 0.001916
  step:  67 bond rmsd: 0.001880
  step:  68 bond rmsd: 0.001806
  step:  69 bond rmsd: 0.001778
  step:  70 bond rmsd: 0.001744
  step:  71 bond rmsd: 0.001681
  step:  72 bond rmsd: 0.001694
  step:  73 bond rmsd: 0.001604
  step:  74 bond rmsd: 0.001601
  step:  75 bond rmsd: 0.001609
  step:  76 bond rmsd: 0.001702
  step:  77 bond rmsd: 0.001626
  step:  78 bond rmsd: 0.001620
  step:  79 bond rmsd: 0.001607
  step:  80 bond rmsd: 0.001593
  step:  81 bond rmsd: 0.001604
  step:  82 bond rmsd: 0.001578
  step:  83 bond rmsd: 0.001576
  step:  84 bond rmsd: 0.001593
  step:  85 bond rmsd: 0.001696
  step:  86 bond rmsd: 0.001607
  step:  87 bond rmsd: 0.001628
  step:  88 bond rmsd: 0.001641
  step:  89 bond rmsd: 0.001666
  step:  90 bond rmsd: 0.001685
  step:  91 bond rmsd: 0.001698
  step:  92 bond rmsd: 0.001754
  step:  93 bond rmsd: 0.001716
  step:  94 bond rmsd: 0.001702
  step:  95 bond rmsd: 0.001677
  step:  96 bond rmsd: 0.001689
  step:  97 bond rmsd: 0.001672
  step:  98 bond rmsd: 0.001648
  step:  99 bond rmsd: 0.001619
  step: 100 bond rmsd: 0.001618
  step: 101 bond rmsd: 0.001608
  step: 102 bond rmsd: 0.001625
  step: 103 bond rmsd: 0.001597
  step: 104 bond rmsd: 0.001577
  step: 105 bond rmsd: 0.001546
  step: 106 bond rmsd: 0.001545
  step: 107 bond rmsd: 0.001532
  step: 108 bond rmsd: 0.001533
  step: 109 bond rmsd: 0.001534
  step: 110 bond rmsd: 0.001566
  step: 111 bond rmsd: 0.001550
  step: 112 bond rmsd: 0.001546
  step: 113 bond rmsd: 0.001545
  step: 114 bond rmsd: 0.001581
  step: 115 bond rmsd: 0.001552
  step: 116 bond rmsd: 0.001547
  step: 117 bond rmsd: 0.001549
  step: 118 bond rmsd: 0.001552
  step: 119 bond rmsd: 0.001595
  step: 120 bond rmsd: 0.001601
  step: 121 bond rmsd: 0.001628
  step: 122 bond rmsd: 0.001633
  step: 123 bond rmsd: 0.001643
  step: 124 bond rmsd: 0.001649
  step: 125 bond rmsd: 0.001649
  step: 126 bond rmsd: 0.001646
  step: 127 bond rmsd: 0.001650
  step: 128 bond rmsd: 0.001656
  step: 129 bond rmsd: 0.001668
  step: 130 bond rmsd: 0.001676
  step: 131 bond rmsd: 0.001682
  step: 132 bond rmsd: 0.001675
  step: 133 bond rmsd: 0.001663
  step: 134 bond rmsd: 0.001639
  step: 135 bond rmsd: 0.001611
  step: 136 bond rmsd: 0.001559
  step: 137 bond rmsd: 0.001534
  step: 138 bond rmsd: 0.001522
  step: 139 bond rmsd: 0.001514
  step: 140 bond rmsd: 0.001497
  step: 141 bond rmsd: 0.001464
  step: 142 bond rmsd: 0.001431
  step: 143 bond rmsd: 0.001402
  step: 144 bond rmsd: 0.001398
  step: 145 bond rmsd: 0.001386
  step: 146 bond rmsd: 0.001402
  step: 147 bond rmsd: 0.001402
  step: 148 bond rmsd: 0.001404
  step: 149 bond rmsd: 0.001396
  step: 150 bond rmsd: 0.001394
  step: 151 bond rmsd: 0.001394
  step: 152 bond rmsd: 0.001414
  step: 153 bond rmsd: 0.001426
  step: 154 bond rmsd: 0.001457
  step: 155 bond rmsd: 0.001485
  step: 156 bond rmsd: 0.001555
  step: 157 bond rmsd: 0.001545
  step: 158 bond rmsd: 0.001530
  step: 159 bond rmsd: 0.001524
micro_cycle   1 rmsd(b):  0.0015 rws:  1.000 n_fev: 159
See 6_refined.pdb in pdb folder.
Time: 2.7705
