Starting Q|R
version:   v1.0-22-g4c4e7c  
Running refinement
   input {
     xray_data {
       file_name = None
       labels = None
       high_resolution = None
       low_resolution = None
       outliers_rejection = True
       french_wilson_scale = True
       french_wilson {
         max_bins = 60
         min_bin_size = 40
       }
       sigma_fobs_rejection_criterion = None
       sigma_iobs_rejection_criterion = None
       ignore_all_zeros = True
       force_anomalous_flag_to_be_equal_to = None
       convert_to_non_anomalous_if_ratio_pairs_lone_less_than_threshold = 0.5
       r_free_flags {
         file_name = None
         label = None
         test_flag_value = None
         ignore_r_free_flags = False
         disable_suitability_test = False
         ignore_pdb_hexdigest = False
         generate = False
         fraction = 0.1
         max_free = 2000
         lattice_symmetry_max_delta = 5
         use_lattice_symmetry = True
         use_dataman_shells = False
         n_shells = 20
       }
     }
     pdb {
       file_name = None
     }
     monomers {
       file_name = None
     }
     maps {
       map_file_name = None
       d_min = None
       map_coefficients_file_name = None
       map_coefficients_label = None
     }
     sequence = None
     scattering_table = wk1995 it1992 *n_gaussian neutron electron
     wavelength = None
     energy = None
     twin_law = Auto
   }
   max_atoms = 15000
   debug = False
   cluster {
     charge_cutoff = 8.0
     clustering = false
     charge_embedding = False
     two_buffers = False
     maxnum_residues_in_cluster = 15
     clustering_method = gnc *bcc
     altloc_method = *average subtract
     g_scan = 10 15 20
     g_ref = None
     g_mode = None
   }
   restraints = cctbx *qm
   quantum {
     engine_name = *mopac ani torchani terachem turbomole pyscf orca gaussian \
                   xtb
     charge = None
     basis = Auto
     method = Auto
     memory = None
     nproc = 8
     qm_addon = gcp dftd3 gcp-d3
     qm_addon_method = None
   }
   refine {
     dry_run = False
     sf_algorithm = *direct fft
     refinement_target_name = *ml ls_wunit_k1
     mode = *opt refine gtest
     number_of_macro_cycles = 1
     number_of_weight_search_cycles = 50
     number_of_refine_cycles = 5
     number_of_micro_cycles = 50
     data_weight = None
     choose_best_use_r_work = False
     skip_initial_weight_optimization = False
     adjust_restraints_weight_scale_value = 2
     max_iterations_weight = 50
     max_iterations_refine = 50
     use_ase_lbfgs = False
     line_search = True
     stpmax = 0.2
     gradient_only = true
     update_all_scales = True
     refine_sites = True
     refine_adp = False
     restraints_weight_scale = 1.0
     shake_sites = False
     use_convergence_test = true
     max_bond_rmsd = 0.03
     max_r_work_r_free_gap = 5.0
     r_tolerance = 0.001
     rmsd_tolerance = 0.001
     opt_log = False
     pre_opt = False
     pre_opt_stpmax = 0.1
     pre_opt_iter = 10
     pre_opt_switch = 2
     pre_opt_gconv = 3000
   }
   parallel {
     method = *multiprocessing slurm pbs sge lsf threading
     nproc = None
     qsub_command = None
   }
   output_file_name_prefix = None
   output_folder_name = "pdb"
   shared_disk = True
   rst_file = None
   dump_gradients = None

Setting QM defaults
  Setting QM method to PM7


***********************************************************
restart info will be stored in /home/lum/mopac_opt/6_5-9/mopac_opt/pdb/7.rst.pickle
***********************************************************

start   0 rmsd(b):  0.0184 rws:  1.000 n_fev: 0
  step:   1 bond rmsd: 0.018434
  step:   2 bond rmsd: 0.100954
  step:   3 bond rmsd: 0.103020
  step:   4 bond rmsd: 0.087210
  step:   5 bond rmsd: 0.073223
  step:   6 bond rmsd: 0.060100
  step:   7 bond rmsd: 0.049926
  step:   8 bond rmsd: 0.042306
  step:   9 bond rmsd: 0.036504
  step:  10 bond rmsd: 0.032038
  step:  11 bond rmsd: 0.028472
  step:  12 bond rmsd: 0.025601
  step:  13 bond rmsd: 0.023328
  step:  14 bond rmsd: 0.021548
  step:  15 bond rmsd: 0.020139
  step:  16 bond rmsd: 0.019132
  step:  17 bond rmsd: 0.018478
  step:  18 bond rmsd: 0.018187
  step:  19 bond rmsd: 0.018326
  step:  20 bond rmsd: 0.018879
  step:  21 bond rmsd: 0.019168
  step:  22 bond rmsd: 0.019560
  step:  23 bond rmsd: 0.019909
  step:  24 bond rmsd: 0.020195
  step:  25 bond rmsd: 0.020382
  step:  26 bond rmsd: 0.020719
  step:  27 bond rmsd: 0.020898
  step:  28 bond rmsd: 0.021133
  step:  29 bond rmsd: 0.021276
  step:  30 bond rmsd: 0.021397
  step:  31 bond rmsd: 0.021495
  step:  32 bond rmsd: 0.021631
  step:  33 bond rmsd: 0.021735
  step:  34 bond rmsd: 0.021756
  step:  35 bond rmsd: 0.021946
  step:  36 bond rmsd: 0.021853
  step:  37 bond rmsd: 0.021765
  step:  38 bond rmsd: 0.021726
  step:  39 bond rmsd: 0.021636
  step:  40 bond rmsd: 0.021636
  step:  41 bond rmsd: 0.021740
  step:  42 bond rmsd: 0.021740
  step:  43 bond rmsd: 0.021403
  step:  44 bond rmsd: 0.021373
  step:  45 bond rmsd: 0.021203
  step:  46 bond rmsd: 0.021136
  step:  47 bond rmsd: 0.021186
  step:  48 bond rmsd: 0.021147
  step:  49 bond rmsd: 0.021143
  step:  50 bond rmsd: 0.021175
  step:  51 bond rmsd: 0.021129
  step:  52 bond rmsd: 0.021158
  step:  53 bond rmsd: 0.021169
  step:  54 bond rmsd: 0.021164
micro_cycle   1 rmsd(b):  0.0212 rws:  1.000 n_fev: 54
  step:   1 bond rmsd: 0.021164
  step:   2 bond rmsd: 0.037468
  step:   3 bond rmsd: 0.030332
  step:   4 bond rmsd: 0.027740
  step:   5 bond rmsd: 0.026025
  step:   6 bond rmsd: 0.024718
  step:   7 bond rmsd: 0.023743
  step:   8 bond rmsd: 0.023033
  step:   9 bond rmsd: 0.022514
  step:  10 bond rmsd: 0.022137
  step:  11 bond rmsd: 0.021864
  step:  12 bond rmsd: 0.021667
  step:  13 bond rmsd: 0.021522
  step:  14 bond rmsd: 0.021416
  step:  15 bond rmsd: 0.021338
  step:  16 bond rmsd: 0.021279
  step:  17 bond rmsd: 0.021233
  step:  18 bond rmsd: 0.021197
  step:  19 bond rmsd: 0.021168
  step:  20 bond rmsd: 0.021143
  step:  21 bond rmsd: 0.021119
  step:  22 bond rmsd: 0.021096
  step:  23 bond rmsd: 0.021071
  step:  24 bond rmsd: 0.021044
  step:  25 bond rmsd: 0.021011
  step:  26 bond rmsd: 0.020984
  step:  27 bond rmsd: 0.020855
  step:  28 bond rmsd: 0.020840
  step:  29 bond rmsd: 0.020798
  step:  30 bond rmsd: 0.020748
  step:  31 bond rmsd: 0.020730
  step:  32 bond rmsd: 0.020733
  step:  33 bond rmsd: 0.020740
  step:  34 bond rmsd: 0.020711
  step:  35 bond rmsd: 0.021096
  step:  36 bond rmsd: 0.021042
  step:  37 bond rmsd: 0.020963
  step:  38 bond rmsd: 0.020937
  step:  39 bond rmsd: 0.020955
  step:  40 bond rmsd: 0.020982
  step:  41 bond rmsd: 0.020943
  step:  42 bond rmsd: 0.021068
  step:  43 bond rmsd: 0.021029
  step:  44 bond rmsd: 0.021120
  step:  45 bond rmsd: 0.021103
  step:  46 bond rmsd: 0.021100
  step:  47 bond rmsd: 0.021116
  step:  48 bond rmsd: 0.021124
  step:  49 bond rmsd: 0.021095
  step:  50 bond rmsd: 0.021167
  step:  51 bond rmsd: 0.021124
  step:  52 bond rmsd: 0.021119
micro_cycle   2 rmsd(b):  0.0211 rws:  1.000 n_fev: 106
  step:   1 bond rmsd: 0.021119
  step:   2 bond rmsd: 0.036606
  step:   3 bond rmsd: 0.036606
  step:   4 bond rmsd: 0.031335
  step:   5 bond rmsd: 0.026953
  step:   6 bond rmsd: 0.024101
  step:   7 bond rmsd: 0.022541
  step:   8 bond rmsd: 0.021606
  step:   9 bond rmsd: 0.021081
  step:  10 bond rmsd: 0.020789
  step:  11 bond rmsd: 0.020651
  step:  12 bond rmsd: 0.020596
  step:  13 bond rmsd: 0.020593
  step:  14 bond rmsd: 0.020613
  step:  15 bond rmsd: 0.020650
  step:  16 bond rmsd: 0.020691
  step:  17 bond rmsd: 0.020732
  step:  18 bond rmsd: 0.020776
  step:  19 bond rmsd: 0.020817
  step:  20 bond rmsd: 0.020851
  step:  21 bond rmsd: 0.020885
  step:  22 bond rmsd: 0.020917
  step:  23 bond rmsd: 0.020949
  step:  24 bond rmsd: 0.020979
  step:  25 bond rmsd: 0.021005
  step:  26 bond rmsd: 0.021043
  step:  27 bond rmsd: 0.021066
  step:  28 bond rmsd: 0.021075
  step:  29 bond rmsd: 0.021108
  step:  30 bond rmsd: 0.021074
  step:  31 bond rmsd: 0.021101
  step:  32 bond rmsd: 0.021017
  step:  33 bond rmsd: 0.020989
  step:  34 bond rmsd: 0.020948
  step:  35 bond rmsd: 0.020917
  step:  36 bond rmsd: 0.020889
  step:  37 bond rmsd: 0.020855
  step:  38 bond rmsd: 0.020848
  step:  39 bond rmsd: 0.020776
  step:  40 bond rmsd: 0.020826
  step:  41 bond rmsd: 0.020786
  step:  42 bond rmsd: 0.020815
  step:  43 bond rmsd: 0.020806
  step:  44 bond rmsd: 0.020835
  step:  45 bond rmsd: 0.020832
  step:  46 bond rmsd: 0.020608
  step:  47 bond rmsd: 0.020605
  step:  48 bond rmsd: 0.020689
  step:  49 bond rmsd: 0.020487
  step:  50 bond rmsd: 0.020508
  step:  51 bond rmsd: 0.020529
  step:  52 bond rmsd: 0.020548
micro_cycle   3 rmsd(b):  0.0205 rws:  1.000 n_fev: 158
  step:   1 bond rmsd: 0.020548
  step:   2 bond rmsd: 0.067368
  step:   3 bond rmsd: 0.045621
  step:   4 bond rmsd: 0.038994
  step:   5 bond rmsd: 0.034128
  step:   6 bond rmsd: 0.030385
  step:   7 bond rmsd: 0.027761
  step:   8 bond rmsd: 0.025884
  step:   9 bond rmsd: 0.024512
  step:  10 bond rmsd: 0.023492
  step:  11 bond rmsd: 0.022737
  step:  12 bond rmsd: 0.022183
minimization failed: MOPAC: could not find total energy
See 7_refined.pdb in pdb folder.
Time: 16814.1445
