Starting Q|R
version:   v1.0-22-g4c4e7c  
Running refinement
   input {
     xray_data {
       file_name = None
       labels = None
       high_resolution = None
       low_resolution = None
       outliers_rejection = True
       french_wilson_scale = True
       french_wilson {
         max_bins = 60
         min_bin_size = 40
       }
       sigma_fobs_rejection_criterion = None
       sigma_iobs_rejection_criterion = None
       ignore_all_zeros = True
       force_anomalous_flag_to_be_equal_to = None
       convert_to_non_anomalous_if_ratio_pairs_lone_less_than_threshold = 0.5
       r_free_flags {
         file_name = None
         label = None
         test_flag_value = None
         ignore_r_free_flags = False
         disable_suitability_test = False
         ignore_pdb_hexdigest = False
         generate = False
         fraction = 0.1
         max_free = 2000
         lattice_symmetry_max_delta = 5
         use_lattice_symmetry = True
         use_dataman_shells = False
         n_shells = 20
       }
     }
     pdb {
       file_name = None
     }
     monomers {
       file_name = None
     }
     maps {
       map_file_name = None
       d_min = None
       map_coefficients_file_name = None
       map_coefficients_label = None
     }
     sequence = None
     scattering_table = wk1995 it1992 *n_gaussian neutron electron
     wavelength = None
     energy = None
     twin_law = Auto
   }
   max_atoms = 15000
   debug = False
   cluster {
     charge_cutoff = 8.0
     clustering = false
     charge_embedding = False
     two_buffers = False
     maxnum_residues_in_cluster = 15
     clustering_method = gnc *bcc
     altloc_method = *average subtract
     g_scan = 10 15 20
     g_ref = None
     g_mode = None
   }
   restraints = cctbx *qm
   quantum {
     engine_name = *mopac ani torchani terachem turbomole pyscf orca gaussian \
                   xtb
     charge = None
     basis = Auto
     method = Auto
     memory = None
     nproc = 8
     qm_addon = gcp dftd3 gcp-d3
     qm_addon_method = None
   }
   refine {
     dry_run = False
     sf_algorithm = *direct fft
     refinement_target_name = *ml ls_wunit_k1
     mode = *opt refine gtest
     number_of_macro_cycles = 1
     number_of_weight_search_cycles = 50
     number_of_refine_cycles = 5
     number_of_micro_cycles = 50
     data_weight = None
     choose_best_use_r_work = False
     skip_initial_weight_optimization = False
     adjust_restraints_weight_scale_value = 2
     max_iterations_weight = 50
     max_iterations_refine = 50
     use_ase_lbfgs = False
     line_search = True
     stpmax = 0.2
     gradient_only = true
     update_all_scales = True
     refine_sites = True
     refine_adp = False
     restraints_weight_scale = 1.0
     shake_sites = False
     use_convergence_test = true
     max_bond_rmsd = 0.03
     max_r_work_r_free_gap = 5.0
     r_tolerance = 0.001
     rmsd_tolerance = 0.001
     opt_log = False
     pre_opt = False
     pre_opt_stpmax = 0.1
     pre_opt_iter = 10
     pre_opt_switch = 2
     pre_opt_gconv = 3000
   }
   parallel {
     method = *multiprocessing slurm pbs sge lsf threading
     nproc = None
     qsub_command = None
   }
   output_file_name_prefix = None
   output_folder_name = "pdb"
   shared_disk = True
   rst_file = None
   dump_gradients = None

Setting QM defaults
  Setting QM method to PM7


***********************************************************
restart info will be stored in /home/lum/mopac_opt/6_5-9/mopac_opt/pdb/8.rst.pickle
***********************************************************

start   0 rmsd(b):  0.0173 rws:  1.000 n_fev: 0
  step:   1 bond rmsd: 0.017316
  step:   2 bond rmsd: 0.094826
  step:   3 bond rmsd: 0.094826
  step:   4 bond rmsd: 0.080773
  step:   5 bond rmsd: 0.067723
  step:   6 bond rmsd: 0.055798
  step:   7 bond rmsd: 0.046545
  step:   8 bond rmsd: 0.039702
  step:   9 bond rmsd: 0.034462
  step:  10 bond rmsd: 0.030483
  step:  11 bond rmsd: 0.027237
  step:  12 bond rmsd: 0.024713
  step:  13 bond rmsd: 0.022696
  step:  14 bond rmsd: 0.021107
  step:  15 bond rmsd: 0.019888
  step:  16 bond rmsd: 0.018985
  step:  17 bond rmsd: 0.018419
  step:  18 bond rmsd: 0.018182
  step:  19 bond rmsd: 0.018382
  step:  20 bond rmsd: 0.018817
  step:  21 bond rmsd: 0.019102
  step:  22 bond rmsd: 0.019483
  step:  23 bond rmsd: 0.019907
  step:  24 bond rmsd: 0.020191
  step:  25 bond rmsd: 0.020848
  step:  26 bond rmsd: 0.021032
  step:  27 bond rmsd: 0.021202
  step:  28 bond rmsd: 0.021430
  step:  29 bond rmsd: 0.021579
  step:  30 bond rmsd: 0.021549
  step:  31 bond rmsd: 0.021655
  step:  32 bond rmsd: 0.021790
  step:  33 bond rmsd: 0.021701
  step:  34 bond rmsd: 0.021744
  step:  35 bond rmsd: 0.021747
  step:  36 bond rmsd: 0.021747
  step:  37 bond rmsd: 0.021747
  step:  38 bond rmsd: 0.021944
  step:  39 bond rmsd: 0.021901
  step:  40 bond rmsd: 0.021799
  step:  41 bond rmsd: 0.021740
  step:  42 bond rmsd: 0.021555
  step:  43 bond rmsd: 0.021433
  step:  44 bond rmsd: 0.021349
  step:  45 bond rmsd: 0.021111
  step:  46 bond rmsd: 0.021042
  step:  47 bond rmsd: 0.020964
  step:  48 bond rmsd: 0.020913
  step:  49 bond rmsd: 0.020852
minimization failed: MOPAC: could not find total energy
See 8_refined.pdb in pdb folder.
Time: 5215.3842
