Starting Q|R
version:   v1.0-22-g4c4e7c  
Running refinement
   input {
     xray_data {
       file_name = None
       labels = None
       high_resolution = None
       low_resolution = None
       outliers_rejection = True
       french_wilson_scale = True
       french_wilson {
         max_bins = 60
         min_bin_size = 40
       }
       sigma_fobs_rejection_criterion = None
       sigma_iobs_rejection_criterion = None
       ignore_all_zeros = True
       force_anomalous_flag_to_be_equal_to = None
       convert_to_non_anomalous_if_ratio_pairs_lone_less_than_threshold = 0.5
       r_free_flags {
         file_name = None
         label = None
         test_flag_value = None
         ignore_r_free_flags = False
         disable_suitability_test = False
         ignore_pdb_hexdigest = False
         generate = False
         fraction = 0.1
         max_free = 2000
         lattice_symmetry_max_delta = 5
         use_lattice_symmetry = True
         use_dataman_shells = False
         n_shells = 20
       }
     }
     pdb {
       file_name = None
     }
     monomers {
       file_name = None
     }
     maps {
       map_file_name = None
       d_min = None
       map_coefficients_file_name = None
       map_coefficients_label = None
     }
     sequence = None
     scattering_table = wk1995 it1992 *n_gaussian neutron electron
     wavelength = None
     energy = None
     twin_law = Auto
   }
   max_atoms = 15000
   debug = False
   cluster {
     charge_cutoff = 8.0
     clustering = false
     charge_embedding = False
     two_buffers = False
     maxnum_residues_in_cluster = 15
     clustering_method = gnc *bcc
     altloc_method = *average subtract
     g_scan = 10 15 20
     g_ref = None
     g_mode = None
   }
   restraints = cctbx *qm
   quantum {
     engine_name = *mopac ani torchani terachem turbomole pyscf orca gaussian \
                   xtb
     charge = None
     basis = Auto
     method = Auto
     memory = None
     nproc = 8
     qm_addon = gcp dftd3 gcp-d3
     qm_addon_method = None
   }
   refine {
     dry_run = False
     sf_algorithm = *direct fft
     refinement_target_name = *ml ls_wunit_k1
     mode = *opt refine gtest
     number_of_macro_cycles = 1
     number_of_weight_search_cycles = 50
     number_of_refine_cycles = 5
     number_of_micro_cycles = 50
     data_weight = None
     choose_best_use_r_work = False
     skip_initial_weight_optimization = False
     adjust_restraints_weight_scale_value = 2
     max_iterations_weight = 50
     max_iterations_refine = 50
     use_ase_lbfgs = False
     line_search = True
     stpmax = 0.2
     gradient_only = true
     update_all_scales = True
     refine_sites = True
     refine_adp = False
     restraints_weight_scale = 1.0
     shake_sites = False
     use_convergence_test = true
     max_bond_rmsd = 0.03
     max_r_work_r_free_gap = 5.0
     r_tolerance = 0.001
     rmsd_tolerance = 0.001
     opt_log = False
     pre_opt = False
     pre_opt_stpmax = 0.1
     pre_opt_iter = 10
     pre_opt_switch = 2
     pre_opt_gconv = 3000
   }
   parallel {
     method = *multiprocessing slurm pbs sge lsf threading
     nproc = None
     qsub_command = None
   }
   output_file_name_prefix = None
   output_folder_name = "pdb"
   shared_disk = True
   rst_file = None
   dump_gradients = None

Setting QM defaults
  Setting QM method to PM7


***********************************************************
restart info will be stored in /home/lum/mopac_opt/6_5-9/mopac_opt/pdb/9.rst.pickle
***********************************************************

start   0 rmsd(b):  0.0199 rws:  1.000 n_fev: 0
  step:   1 bond rmsd: 0.019887
  step:   2 bond rmsd: 0.090917
  step:   3 bond rmsd: 0.090917
  step:   4 bond rmsd: 0.078408
  step:   5 bond rmsd: 0.064180
  step:   6 bond rmsd: 0.051267
  step:   7 bond rmsd: 0.041696
  step:   8 bond rmsd: 0.035341
  step:   9 bond rmsd: 0.030636
  step:  10 bond rmsd: 0.027205
  step:  11 bond rmsd: 0.024486
  step:  12 bond rmsd: 0.022398
  step:  13 bond rmsd: 0.020804
  step:  14 bond rmsd: 0.019614
  step:  15 bond rmsd: 0.018853
  step:  16 bond rmsd: 0.018494
  step:  17 bond rmsd: 0.018583
  step:  18 bond rmsd: 0.018817
  step:  19 bond rmsd: 0.019187
  step:  20 bond rmsd: 0.019523
  step:  21 bond rmsd: 0.020003
  step:  22 bond rmsd: 0.020160
  step:  23 bond rmsd: 0.020589
  step:  24 bond rmsd: 0.020777
  step:  25 bond rmsd: 0.020929
  step:  26 bond rmsd: 0.021248
  step:  27 bond rmsd: 0.021332
  step:  28 bond rmsd: 0.021557
  step:  29 bond rmsd: 0.021635
  step:  30 bond rmsd: 0.021747
  step:  31 bond rmsd: 0.021787
  step:  32 bond rmsd: 0.021842
  step:  33 bond rmsd: 0.021822
  step:  34 bond rmsd: 0.021840
  step:  35 bond rmsd: 0.021707
  step:  36 bond rmsd: 0.021687
  step:  37 bond rmsd: 0.021824
  step:  38 bond rmsd: 0.021811
  step:  39 bond rmsd: 0.021714
  step:  40 bond rmsd: 0.021620
  step:  41 bond rmsd: 0.021536
  step:  42 bond rmsd: 0.021394
  step:  43 bond rmsd: 0.021292
  step:  44 bond rmsd: 0.021211
  step:  45 bond rmsd: 0.021080
  step:  46 bond rmsd: 0.021019
  step:  47 bond rmsd: 0.021104
  step:  48 bond rmsd: 0.021022
  step:  49 bond rmsd: 0.021022
  step:  50 bond rmsd: 0.020875
  step:  51 bond rmsd: 0.020682
  step:  52 bond rmsd: 0.020699
  step:  53 bond rmsd: 0.020663
micro_cycle   1 rmsd(b):  0.0207 rws:  1.000 n_fev: 53
  step:   1 bond rmsd: 0.020663
  step:   2 bond rmsd: 0.079829
  step:   3 bond rmsd: 0.037464
  step:   4 bond rmsd: 0.033019
  step:   5 bond rmsd: 0.030204
  step:   6 bond rmsd: 0.027899
  step:   7 bond rmsd: 0.026120
  step:   8 bond rmsd: 0.024763
  step:   9 bond rmsd: 0.023745
  step:  10 bond rmsd: 0.022962
  step:  11 bond rmsd: 0.022395
  step:  12 bond rmsd: 0.021977
  step:  13 bond rmsd: 0.021670
  step:  14 bond rmsd: 0.021441
  step:  15 bond rmsd: 0.021272
  step:  16 bond rmsd: 0.021148
  step:  17 bond rmsd: 0.021053
  step:  18 bond rmsd: 0.020981
  step:  19 bond rmsd: 0.020928
  step:  20 bond rmsd: 0.020887
  step:  21 bond rmsd: 0.020858
  step:  22 bond rmsd: 0.020839
  step:  23 bond rmsd: 0.020829
  step:  24 bond rmsd: 0.020831
  step:  25 bond rmsd: 0.020859
  step:  26 bond rmsd: 0.020922
  step:  27 bond rmsd: 0.021002
  step:  28 bond rmsd: 0.021127
  step:  29 bond rmsd: 0.021233
  step:  30 bond rmsd: 0.021252
  step:  31 bond rmsd: 0.021323
  step:  32 bond rmsd: 0.021365
  step:  33 bond rmsd: 0.021416
  step:  34 bond rmsd: 0.021456
  step:  35 bond rmsd: 0.021463
  step:  36 bond rmsd: 0.021540
  step:  37 bond rmsd: 0.021545
  step:  38 bond rmsd: 0.021414
  step:  39 bond rmsd: 0.021492
  step:  40 bond rmsd: 0.021392
  step:  41 bond rmsd: 0.021367
  step:  42 bond rmsd: 0.021285
  step:  43 bond rmsd: 0.021208
  step:  44 bond rmsd: 0.021084
  step:  45 bond rmsd: 0.021027
  step:  46 bond rmsd: 0.020909
  step:  47 bond rmsd: 0.020831
  step:  48 bond rmsd: 0.020693
  step:  49 bond rmsd: 0.020669
  step:  50 bond rmsd: 0.020514
  step:  51 bond rmsd: 0.020424
  step:  52 bond rmsd: 0.020379
micro_cycle   2 rmsd(b):  0.0204 rws:  1.000 n_fev: 105
  step:   1 bond rmsd: 0.020379
  step:   2 bond rmsd: 0.037925
  step:   3 bond rmsd: 0.037925
  step:   4 bond rmsd: 0.032435
  step:   5 bond rmsd: 0.028575
  step:   6 bond rmsd: 0.025685
  step:   7 bond rmsd: 0.023716
  step:   8 bond rmsd: 0.022360
  step:   9 bond rmsd: 0.021465
  step:  10 bond rmsd: 0.020899
  step:  11 bond rmsd: 0.020565
  step:  12 bond rmsd: 0.020378
  step:  13 bond rmsd: 0.020288
  step:  14 bond rmsd: 0.020258
  step:  15 bond rmsd: 0.020263
  step:  16 bond rmsd: 0.020289
  step:  17 bond rmsd: 0.020325
  step:  18 bond rmsd: 0.020366
  step:  19 bond rmsd: 0.020409
  step:  20 bond rmsd: 0.020452
  step:  21 bond rmsd: 0.020496
  step:  22 bond rmsd: 0.020540
  step:  23 bond rmsd: 0.020586
  step:  24 bond rmsd: 0.020632
  step:  25 bond rmsd: 0.020689
  step:  26 bond rmsd: 0.020754
  step:  27 bond rmsd: 0.020833
  step:  28 bond rmsd: 0.020891
  step:  29 bond rmsd: 0.020998
  step:  30 bond rmsd: 0.021070
  step:  31 bond rmsd: 0.021061
  step:  32 bond rmsd: 0.021052
  step:  33 bond rmsd: 0.021100
  step:  34 bond rmsd: 0.021042
  step:  35 bond rmsd: 0.021033
  step:  36 bond rmsd: 0.020926
  step:  37 bond rmsd: 0.020910
  step:  38 bond rmsd: 0.020910
  step:  39 bond rmsd: 0.020887
  step:  40 bond rmsd: 0.020821
  step:  41 bond rmsd: 0.020806
  step:  42 bond rmsd: 0.020808
  step:  43 bond rmsd: 0.020796
  step:  44 bond rmsd: 0.020748
  step:  45 bond rmsd: 0.020751
  step:  46 bond rmsd: 0.020714
  step:  47 bond rmsd: 0.020655
  step:  48 bond rmsd: 0.020635
  step:  49 bond rmsd: 0.020613
  step:  50 bond rmsd: 0.020491
  step:  51 bond rmsd: 0.020413
  step:  52 bond rmsd: 0.020408
  step:  53 bond rmsd: 0.020411
micro_cycle   3 rmsd(b):  0.0204 rws:  1.000 n_fev: 158
  step:   1 bond rmsd: 0.020411
  step:   2 bond rmsd: 0.049416
  step:   3 bond rmsd: 0.049416
  step:   4 bond rmsd: 0.041859
  step:   5 bond rmsd: 0.035894
  step:   6 bond rmsd: 0.031474
  step:   7 bond rmsd: 0.028392
  step:   8 bond rmsd: 0.026187
  step:   9 bond rmsd: 0.024585
  step:  10 bond rmsd: 0.023391
  step:  11 bond rmsd: 0.022545
  step:  12 bond rmsd: 0.021942
  step:  13 bond rmsd: 0.021515
  step:  14 bond rmsd: 0.021213
  step:  15 bond rmsd: 0.020999
  step:  16 bond rmsd: 0.020850
  step:  17 bond rmsd: 0.020742
  step:  18 bond rmsd: 0.020668
  step:  19 bond rmsd: 0.020615
  step:  20 bond rmsd: 0.020579
  step:  21 bond rmsd: 0.020554
  step:  22 bond rmsd: 0.020536
  step:  23 bond rmsd: 0.020527
  step:  24 bond rmsd: 0.020522
  step:  25 bond rmsd: 0.020528
  step:  26 bond rmsd: 0.020540
  step:  27 bond rmsd: 0.020579
  step:  28 bond rmsd: 0.020619
  step:  29 bond rmsd: 0.020670
  step:  30 bond rmsd: 0.020743
  step:  31 bond rmsd: 0.020795
  step:  32 bond rmsd: 0.020776
  step:  33 bond rmsd: 0.020789
minimization failed: MOPAC: could not find total energy
See 9_refined.pdb in pdb folder.
Time: 29191.1205
