Starting Q|R
version:   v1.0-114-g3318f9  
Running refinement
   input {
     xray_data {
       file_name = None
       labels = None
       high_resolution = None
       low_resolution = None
       outliers_rejection = True
       french_wilson_scale = True
       french_wilson {
         max_bins = 60
         min_bin_size = 40
       }
       sigma_fobs_rejection_criterion = None
       sigma_iobs_rejection_criterion = None
       ignore_all_zeros = True
       force_anomalous_flag_to_be_equal_to = None
       convert_to_non_anomalous_if_ratio_pairs_lone_less_than_threshold = 0.5
       r_free_flags {
         file_name = None
         label = None
         test_flag_value = None
         ignore_r_free_flags = False
         disable_suitability_test = False
         ignore_pdb_hexdigest = False
         generate = False
         fraction = 0.1
         max_free = 2000
         lattice_symmetry_max_delta = 5
         use_lattice_symmetry = True
         use_dataman_shells = False
         n_shells = 20
       }
     }
     pdb {
       file_name = None
     }
     monomers {
       file_name = None
     }
     maps {
       map_file_name = None
       d_min = None
       map_coefficients_file_name = None
       map_coefficients_label = None
     }
     sequence = None
     scattering_table = wk1995 it1992 *n_gaussian neutron electron
     wavelength = None
     energy = None
     twin_law = Auto
   }
   max_atoms = 15000
   debug = False
   cluster {
     charge_cutoff = 8.0
     clustering = false
     charge_embedding = False
     two_buffers = False
     maxnum_residues_in_cluster = 15
     clustering_method = gnc *bcc
     altloc_method = *average subtract
     g_scan = 10 15 20
     g_mode = None
   }
   restraints = *cctbx qm
   quantum {
     engine_name = *mopac ani torchani terachem turbomole pyscf orca gaussian \
                   xtb
     charge = None
     basis = Auto
     method = Auto
     memory = None
     nproc = None
     qm_addon = gcp dftd3 gcp-d3
     qm_addon_method = None
   }
   refine {
     dry_run = False
     sf_algorithm = *direct fft
     refinement_target_name = *ml ls_wunit_k1
     mode = *opt refine gtest
     number_of_macro_cycles = 1
     number_of_weight_search_cycles = 50
     number_of_refine_cycles = 5
     number_of_micro_cycles = 1
     data_weight = None
     choose_best_use_r_work = False
     skip_weight_search = False
     adjust_restraints_weight_scale_value = 2
     max_iterations_weight = 50
     max_iterations_refine = 250
     use_ase_lbfgs = False
     line_search = True
     stpmax = 3
     gradient_only = true
     update_all_scales = True
     refine_sites = True
     refine_adp = False
     restraints_weight_scale = 1.0
     shake_sites = False
     use_convergence_test = true
     max_bond_rmsd = 0.03
     max_r_work_r_free_gap = 5.0
     r_tolerance = 0.001
     rmsd_tolerance = 0.001
     opt_log = False
     pre_opt = False
     pre_opt_stpmax = 0.1
     pre_opt_iter = 10
     pre_opt_switch = 2
     pre_opt_gconv = 3000
   }
   parallel {
     method = *multiprocessing slurm pbs sge lsf threading
     nproc = None
     qsub_command = None
   }
   output_file_name_prefix = None
   output_folder_name = "pdb"
   shared_disk = True
   rst_file = None
   dump_gradients = None

Setting QM defaults
  Setting QM method to PM7


***********************************************************
restart info will be stored in /home/lum/cctbx_opt_final/0.6/cctbx_opt/pdb/3.rst.pickle
***********************************************************

start   0 rmsd(b):  0.0176 rws:  1.000 n_fev: 0
  step:   1 bond rmsd: 0.017650
  step:   2 bond rmsd: 0.085270
  step:   3 bond rmsd: 1.258843
  step:   4 bond rmsd: 0.016647
  step:   5 bond rmsd: 0.013106
  step:   6 bond rmsd: 0.011213
  step:   7 bond rmsd: 0.010877
  step:   8 bond rmsd: 0.009418
  step:   9 bond rmsd: 0.007803
  step:  10 bond rmsd: 0.005906
  step:  11 bond rmsd: 0.005629
  step:  12 bond rmsd: 0.005468
  step:  13 bond rmsd: 0.006046
  step:  14 bond rmsd: 0.005500
  step:  15 bond rmsd: 0.005337
  step:  16 bond rmsd: 0.005060
  step:  17 bond rmsd: 0.004870
  step:  18 bond rmsd: 0.004459
  step:  19 bond rmsd: 0.004192
  step:  20 bond rmsd: 0.003878
  step:  21 bond rmsd: 0.003819
  step:  22 bond rmsd: 0.003777
  step:  23 bond rmsd: 0.003732
  step:  24 bond rmsd: 0.003449
  step:  25 bond rmsd: 0.003403
  step:  26 bond rmsd: 0.003148
  step:  27 bond rmsd: 0.003083
  step:  28 bond rmsd: 0.003043
  step:  29 bond rmsd: 0.003167
  step:  30 bond rmsd: 0.002984
  step:  31 bond rmsd: 0.002945
  step:  32 bond rmsd: 0.002911
  step:  33 bond rmsd: 0.002984
  step:  34 bond rmsd: 0.002844
  step:  35 bond rmsd: 0.002783
  step:  36 bond rmsd: 0.002721
  step:  37 bond rmsd: 0.002655
  step:  38 bond rmsd: 0.002520
  step:  39 bond rmsd: 0.002493
  step:  40 bond rmsd: 0.002445
  step:  41 bond rmsd: 0.002394
  step:  42 bond rmsd: 0.002306
  step:  43 bond rmsd: 0.002212
  step:  44 bond rmsd: 0.002157
  step:  45 bond rmsd: 0.002048
  step:  46 bond rmsd: 0.002021
  step:  47 bond rmsd: 0.002009
  step:  48 bond rmsd: 0.001999
  step:  49 bond rmsd: 0.002021
  step:  50 bond rmsd: 0.001946
  step:  51 bond rmsd: 0.001934
  step:  52 bond rmsd: 0.001935
  step:  53 bond rmsd: 0.001929
  step:  54 bond rmsd: 0.001972
  step:  55 bond rmsd: 0.001910
  step:  56 bond rmsd: 0.001884
  step:  57 bond rmsd: 0.001891
  step:  58 bond rmsd: 0.001957
  step:  59 bond rmsd: 0.001946
  step:  60 bond rmsd: 0.001968
  step:  61 bond rmsd: 0.002005
  step:  62 bond rmsd: 0.002025
  step:  63 bond rmsd: 0.002197
  step:  64 bond rmsd: 0.002068
  step:  65 bond rmsd: 0.002050
  step:  66 bond rmsd: 0.002033
  step:  67 bond rmsd: 0.002030
  step:  68 bond rmsd: 0.002025
  step:  69 bond rmsd: 0.001989
  step:  70 bond rmsd: 0.002035
  step:  71 bond rmsd: 0.001954
  step:  72 bond rmsd: 0.001922
  step:  73 bond rmsd: 0.001917
  step:  74 bond rmsd: 0.001996
  step:  75 bond rmsd: 0.001920
  step:  76 bond rmsd: 0.001937
  step:  77 bond rmsd: 0.001982
  step:  78 bond rmsd: 0.002038
  step:  79 bond rmsd: 0.002013
  step:  80 bond rmsd: 0.001966
  step:  81 bond rmsd: 0.001901
  step:  82 bond rmsd: 0.001866
  step:  83 bond rmsd: 0.001867
  step:  84 bond rmsd: 0.001858
  step:  85 bond rmsd: 0.001865
  step:  86 bond rmsd: 0.001895
  step:  87 bond rmsd: 0.001926
  step:  88 bond rmsd: 0.001909
  step:  89 bond rmsd: 0.001900
  step:  90 bond rmsd: 0.001898
  step:  91 bond rmsd: 0.001877
  step:  92 bond rmsd: 0.001865
  step:  93 bond rmsd: 0.001853
  step:  94 bond rmsd: 0.001841
  step:  95 bond rmsd: 0.001835
  step:  96 bond rmsd: 0.001941
  step:  97 bond rmsd: 0.001855
  step:  98 bond rmsd: 0.001853
  step:  99 bond rmsd: 0.001855
  step: 100 bond rmsd: 0.001853
  step: 101 bond rmsd: 0.001854
  step: 102 bond rmsd: 0.001821
  step: 103 bond rmsd: 0.001803
  step: 104 bond rmsd: 0.001785
  step: 105 bond rmsd: 0.001802
  step: 106 bond rmsd: 0.001824
  step: 107 bond rmsd: 0.001876
  step: 108 bond rmsd: 0.001884
  step: 109 bond rmsd: 0.001882
  step: 110 bond rmsd: 0.001838
  step: 111 bond rmsd: 0.001792
  step: 112 bond rmsd: 0.001745
  step: 113 bond rmsd: 0.001756
  step: 114 bond rmsd: 0.001759
  step: 115 bond rmsd: 0.001826
  step: 116 bond rmsd: 0.001848
  step: 117 bond rmsd: 0.001827
  step: 118 bond rmsd: 0.001815
  step: 119 bond rmsd: 0.001807
  step: 120 bond rmsd: 0.001813
  step: 121 bond rmsd: 0.001887
  step: 122 bond rmsd: 0.001819
  step: 123 bond rmsd: 0.001827
  step: 124 bond rmsd: 0.001818
  step: 125 bond rmsd: 0.001803
  step: 126 bond rmsd: 0.001759
  step: 127 bond rmsd: 0.001744
  step: 128 bond rmsd: 0.001724
  step: 129 bond rmsd: 0.001715
  step: 130 bond rmsd: 0.001726
  step: 131 bond rmsd: 0.001711
  step: 132 bond rmsd: 0.001708
  step: 133 bond rmsd: 0.001711
  step: 134 bond rmsd: 0.001707
  step: 135 bond rmsd: 0.001711
  step: 136 bond rmsd: 0.001721
  step: 137 bond rmsd: 0.001731
  step: 138 bond rmsd: 0.001729
  step: 139 bond rmsd: 0.001752
  step: 140 bond rmsd: 0.001731
  step: 141 bond rmsd: 0.001716
  step: 142 bond rmsd: 0.001702
  step: 143 bond rmsd: 0.001675
  step: 144 bond rmsd: 0.001672
  step: 145 bond rmsd: 0.001655
  step: 146 bond rmsd: 0.001656
  step: 147 bond rmsd: 0.001658
  step: 148 bond rmsd: 0.001684
  step: 149 bond rmsd: 0.001672
  step: 150 bond rmsd: 0.001673
  step: 151 bond rmsd: 0.001667
  step: 152 bond rmsd: 0.001666
  step: 153 bond rmsd: 0.001654
  step: 154 bond rmsd: 0.001643
  step: 155 bond rmsd: 0.001640
  step: 156 bond rmsd: 0.001644
  step: 157 bond rmsd: 0.001662
  step: 158 bond rmsd: 0.001689
  step: 159 bond rmsd: 0.001675
  step: 160 bond rmsd: 0.001673
  step: 161 bond rmsd: 0.001674
  step: 162 bond rmsd: 0.001681
  step: 163 bond rmsd: 0.001692
  step: 164 bond rmsd: 0.001701
  step: 165 bond rmsd: 0.001694
  step: 166 bond rmsd: 0.001697
  step: 167 bond rmsd: 0.001669
  step: 168 bond rmsd: 0.001665
  step: 169 bond rmsd: 0.001657
  step: 170 bond rmsd: 0.001647
  step: 171 bond rmsd: 0.001602
  step: 172 bond rmsd: 0.001577
  step: 173 bond rmsd: 0.001563
  step: 174 bond rmsd: 0.001546
  step: 175 bond rmsd: 0.001545
  step: 176 bond rmsd: 0.001536
  step: 177 bond rmsd: 0.001548
  step: 178 bond rmsd: 0.001546
  step: 179 bond rmsd: 0.001531
  step: 180 bond rmsd: 0.001534
  step: 181 bond rmsd: 0.001529
  step: 182 bond rmsd: 0.001536
  step: 183 bond rmsd: 0.001560
  step: 184 bond rmsd: 0.001592
  step: 185 bond rmsd: 0.001600
  step: 186 bond rmsd: 0.001606
  step: 187 bond rmsd: 0.001617
  step: 188 bond rmsd: 0.001626
  step: 189 bond rmsd: 0.001653
  step: 190 bond rmsd: 0.001655
  step: 191 bond rmsd: 0.001681
  step: 192 bond rmsd: 0.001695
  step: 193 bond rmsd: 0.001695
  step: 194 bond rmsd: 0.001719
  step: 195 bond rmsd: 0.001727
  step: 196 bond rmsd: 0.001742
  step: 197 bond rmsd: 0.001736
  step: 198 bond rmsd: 0.001716
  step: 199 bond rmsd: 0.001693
  step: 200 bond rmsd: 0.001674
  step: 201 bond rmsd: 0.001653
  step: 202 bond rmsd: 0.001649
  step: 203 bond rmsd: 0.001654
  step: 204 bond rmsd: 0.001647
  step: 205 bond rmsd: 0.001624
  step: 206 bond rmsd: 0.001600
  step: 207 bond rmsd: 0.001580
  step: 208 bond rmsd: 0.001568
  step: 209 bond rmsd: 0.001580
  step: 210 bond rmsd: 0.001584
  step: 211 bond rmsd: 0.001596
  step: 212 bond rmsd: 0.001604
  step: 213 bond rmsd: 0.001594
  step: 214 bond rmsd: 0.001586
  step: 215 bond rmsd: 0.001572
  step: 216 bond rmsd: 0.001555
  step: 217 bond rmsd: 0.001557
  step: 218 bond rmsd: 0.001586
  step: 219 bond rmsd: 0.001587
  step: 220 bond rmsd: 0.001593
  step: 221 bond rmsd: 0.001600
  step: 222 bond rmsd: 0.001592
  step: 223 bond rmsd: 0.001589
  step: 224 bond rmsd: 0.001581
  step: 225 bond rmsd: 0.001573
  step: 226 bond rmsd: 0.001588
  step: 227 bond rmsd: 0.001607
  step: 228 bond rmsd: 0.001615
  step: 229 bond rmsd: 0.001617
  step: 230 bond rmsd: 0.001617
  step: 231 bond rmsd: 0.001575
  step: 232 bond rmsd: 0.001577
  step: 233 bond rmsd: 0.001569
  step: 234 bond rmsd: 0.001558
  step: 235 bond rmsd: 0.001561
  step: 236 bond rmsd: 0.001579
  step: 237 bond rmsd: 0.001567
  step: 238 bond rmsd: 0.001583
  step: 239 bond rmsd: 0.001594
  step: 240 bond rmsd: 0.001595
  step: 241 bond rmsd: 0.001608
  step: 242 bond rmsd: 0.001585
  step: 243 bond rmsd: 0.001567
  step: 244 bond rmsd: 0.001550
  step: 245 bond rmsd: 0.001571
  step: 246 bond rmsd: 0.001559
  step: 247 bond rmsd: 0.001571
  step: 248 bond rmsd: 0.001586
  step: 249 bond rmsd: 0.001600
  step: 250 bond rmsd: 0.001619
  step: 251 bond rmsd: 0.001608
  step: 252 bond rmsd: 0.001592
  step: 253 bond rmsd: 0.001575
  step: 254 bond rmsd: 0.001590
  step: 255 bond rmsd: 0.001594
  step: 256 bond rmsd: 0.001605
  step: 257 bond rmsd: 0.001620
  step: 258 bond rmsd: 0.001635
  step: 259 bond rmsd: 0.001627
micro_cycle   1 rmsd(b):  0.0016 rws:  1.000 n_fev: 259
See 3_refined.pdb in pdb folder.
Time: 3.6815
