Starting Q|R
version:   v1.0-37-gb8d9a6  
Running refinement
   input {
     xray_data {
       file_name = None
       labels = None
       high_resolution = None
       low_resolution = None
       outliers_rejection = True
       french_wilson_scale = True
       french_wilson {
         max_bins = 60
         min_bin_size = 40
       }
       sigma_fobs_rejection_criterion = None
       sigma_iobs_rejection_criterion = None
       ignore_all_zeros = True
       force_anomalous_flag_to_be_equal_to = None
       convert_to_non_anomalous_if_ratio_pairs_lone_less_than_threshold = 0.5
       r_free_flags {
         file_name = None
         label = None
         test_flag_value = None
         ignore_r_free_flags = False
         disable_suitability_test = False
         ignore_pdb_hexdigest = False
         generate = False
         fraction = 0.1
         max_free = 2000
         lattice_symmetry_max_delta = 5
         use_lattice_symmetry = True
         use_dataman_shells = False
         n_shells = 20
       }
     }
     pdb {
       file_name = None
     }
     monomers {
       file_name = None
     }
     maps {
       map_file_name = None
       d_min = None
       map_coefficients_file_name = None
       map_coefficients_label = None
     }
     sequence = None
     scattering_table = wk1995 it1992 *n_gaussian neutron electron
     wavelength = None
     energy = None
     twin_law = Auto
   }
   max_atoms = 15000
   debug = False
   cluster {
     charge_cutoff = 8.0
     clustering = false
     charge_embedding = False
     two_buffers = False
     maxnum_residues_in_cluster = 15
     clustering_method = gnc *bcc
     altloc_method = *average subtract
     g_scan = 10 15 20
     g_ref = None
     g_mode = None
   }
   restraints = cctbx *qm
   quantum {
     engine_name = mopac ani torchani *terachem turbomole pyscf orca gaussian \
                   xtb
     charge = None
     basis = 6-31g
     method = Auto
     memory = None
     nproc = None
     qm_addon = gcp dftd3 gcp-d3
     qm_addon_method = None
   }
   refine {
     dry_run = False
     sf_algorithm = *direct fft
     refinement_target_name = *ml ls_wunit_k1
     mode = *opt refine gtest
     number_of_macro_cycles = 1
     number_of_weight_search_cycles = 50
     number_of_refine_cycles = 5
     number_of_micro_cycles = 1
     data_weight = None
     choose_best_use_r_work = False
     skip_weight_search = False
     adjust_restraints_weight_scale_value = 2
     max_iterations_weight = 50
     max_iterations_refine = 150
     use_ase_lbfgs = False
     line_search = True
     stpmax = 0.7
     gradient_only = true
     update_all_scales = True
     refine_sites = True
     refine_adp = False
     restraints_weight_scale = 1.0
     shake_sites = False
     use_convergence_test = true
     max_bond_rmsd = 0.03
     max_r_work_r_free_gap = 5.0
     r_tolerance = 0.001
     rmsd_tolerance = 0.001
     opt_log = False
     pre_opt = False
     pre_opt_stpmax = 0.1
     pre_opt_iter = 10
     pre_opt_switch = 2
     pre_opt_gconv = 3000
   }
   parallel {
     method = *multiprocessing slurm pbs sge lsf threading
     nproc = None
     qsub_command = None
   }
   output_file_name_prefix = None
   output_folder_name = "pdb"
   shared_disk = True
   rst_file = None
   dump_gradients = None

Setting QM defaults
  Setting QM method to HF


***********************************************************
restart info will be stored in /home/lum/terachem_opt_final/0.3/terachem_opt/pdb/5.rst.pickle
***********************************************************

  No function available to set charge to 2
  No function available to set basis to 6-31g
  No function available to set method to HF
start   0 rmsd(b):  0.0172 rws:  1.000 n_fev: 0
  step:   1 bond rmsd: 0.017184
/public/qmsoft/TeraChem/bin/terachem ./ase/tmp_ase.sp  >     ./ase/tmp_ase.out  2>&1
  step:   2 bond rmsd: 0.078639
/public/qmsoft/TeraChem/bin/terachem ./ase/tmp_ase.sp  >     ./ase/tmp_ase.out  2>&1
  step:   3 bond rmsd: 0.365789
/public/qmsoft/TeraChem/bin/terachem ./ase/tmp_ase.sp  >     ./ase/tmp_ase.out  2>&1
  step:   4 bond rmsd: 0.131105
/public/qmsoft/TeraChem/bin/terachem ./ase/tmp_ase.sp  >     ./ase/tmp_ase.out  2>&1
  step:   5 bond rmsd: 0.017285
/public/qmsoft/TeraChem/bin/terachem ./ase/tmp_ase.sp  >     ./ase/tmp_ase.out  2>&1
  step:   6 bond rmsd: 0.015851
/public/qmsoft/TeraChem/bin/terachem ./ase/tmp_ase.sp  >     ./ase/tmp_ase.out  2>&1
  step:   7 bond rmsd: 0.015332
/public/qmsoft/TeraChem/bin/terachem ./ase/tmp_ase.sp  >     ./ase/tmp_ase.out  2>&1
  step:   8 bond rmsd: 0.014994
/public/qmsoft/TeraChem/bin/terachem ./ase/tmp_ase.sp  >     ./ase/tmp_ase.out  2>&1
  step:   9 bond rmsd: 0.014777
/public/qmsoft/TeraChem/bin/terachem ./ase/tmp_ase.sp  >     ./ase/tmp_ase.out  2>&1
  step:  10 bond rmsd: 0.015190
/public/qmsoft/TeraChem/bin/terachem ./ase/tmp_ase.sp  >     ./ase/tmp_ase.out  2>&1
  step:  11 bond rmsd: 0.014864
/public/qmsoft/TeraChem/bin/terachem ./ase/tmp_ase.sp  >     ./ase/tmp_ase.out  2>&1
  step:  12 bond rmsd: 0.014415
/public/qmsoft/TeraChem/bin/terachem ./ase/tmp_ase.sp  >     ./ase/tmp_ase.out  2>&1
  step:  13 bond rmsd: 0.014331
/public/qmsoft/TeraChem/bin/terachem ./ase/tmp_ase.sp  >     ./ase/tmp_ase.out  2>&1
  step:  14 bond rmsd: 0.013307
/public/qmsoft/TeraChem/bin/terachem ./ase/tmp_ase.sp  >     ./ase/tmp_ase.out  2>&1
  step:  15 bond rmsd: 0.013169
/public/qmsoft/TeraChem/bin/terachem ./ase/tmp_ase.sp  >     ./ase/tmp_ase.out  2>&1
  step:  16 bond rmsd: 0.013072
/public/qmsoft/TeraChem/bin/terachem ./ase/tmp_ase.sp  >     ./ase/tmp_ase.out  2>&1
  step:  17 bond rmsd: 0.013949
/public/qmsoft/TeraChem/bin/terachem ./ase/tmp_ase.sp  >     ./ase/tmp_ase.out  2>&1
  step:  18 bond rmsd: 0.014171
/public/qmsoft/TeraChem/bin/terachem ./ase/tmp_ase.sp  >     ./ase/tmp_ase.out  2>&1
  step:  19 bond rmsd: 0.014425
/public/qmsoft/TeraChem/bin/terachem ./ase/tmp_ase.sp  >     ./ase/tmp_ase.out  2>&1
  step:  20 bond rmsd: 0.015131
/public/qmsoft/TeraChem/bin/terachem ./ase/tmp_ase.sp  >     ./ase/tmp_ase.out  2>&1
  step:  21 bond rmsd: 0.015032
/public/qmsoft/TeraChem/bin/terachem ./ase/tmp_ase.sp  >     ./ase/tmp_ase.out  2>&1
  step:  22 bond rmsd: 0.015097
/public/qmsoft/TeraChem/bin/terachem ./ase/tmp_ase.sp  >     ./ase/tmp_ase.out  2>&1
  step:  23 bond rmsd: 0.015068
/public/qmsoft/TeraChem/bin/terachem ./ase/tmp_ase.sp  >     ./ase/tmp_ase.out  2>&1
  step:  24 bond rmsd: 0.014806
/public/qmsoft/TeraChem/bin/terachem ./ase/tmp_ase.sp  >     ./ase/tmp_ase.out  2>&1
  step:  25 bond rmsd: 0.014805
/public/qmsoft/TeraChem/bin/terachem ./ase/tmp_ase.sp  >     ./ase/tmp_ase.out  2>&1
  step:  26 bond rmsd: 0.014721
/public/qmsoft/TeraChem/bin/terachem ./ase/tmp_ase.sp  >     ./ase/tmp_ase.out  2>&1
  step:  27 bond rmsd: 0.014656
/public/qmsoft/TeraChem/bin/terachem ./ase/tmp_ase.sp  >     ./ase/tmp_ase.out  2>&1
  step:  28 bond rmsd: 0.014863
/public/qmsoft/TeraChem/bin/terachem ./ase/tmp_ase.sp  >     ./ase/tmp_ase.out  2>&1
  step:  29 bond rmsd: 0.014787
/public/qmsoft/TeraChem/bin/terachem ./ase/tmp_ase.sp  >     ./ase/tmp_ase.out  2>&1
  step:  30 bond rmsd: 0.014899
/public/qmsoft/TeraChem/bin/terachem ./ase/tmp_ase.sp  >     ./ase/tmp_ase.out  2>&1
  step:  31 bond rmsd: 0.014660
/public/qmsoft/TeraChem/bin/terachem ./ase/tmp_ase.sp  >     ./ase/tmp_ase.out  2>&1
  step:  32 bond rmsd: 0.014666
/public/qmsoft/TeraChem/bin/terachem ./ase/tmp_ase.sp  >     ./ase/tmp_ase.out  2>&1
  step:  33 bond rmsd: 0.014717
/public/qmsoft/TeraChem/bin/terachem ./ase/tmp_ase.sp  >     ./ase/tmp_ase.out  2>&1
  step:  34 bond rmsd: 0.014686
/public/qmsoft/TeraChem/bin/terachem ./ase/tmp_ase.sp  >     ./ase/tmp_ase.out  2>&1
  step:  35 bond rmsd: 0.014897
/public/qmsoft/TeraChem/bin/terachem ./ase/tmp_ase.sp  >     ./ase/tmp_ase.out  2>&1
  step:  36 bond rmsd: 0.014807
/public/qmsoft/TeraChem/bin/terachem ./ase/tmp_ase.sp  >     ./ase/tmp_ase.out  2>&1
  step:  37 bond rmsd: 0.014679
/public/qmsoft/TeraChem/bin/terachem ./ase/tmp_ase.sp  >     ./ase/tmp_ase.out  2>&1
  step:  38 bond rmsd: 0.014700
/public/qmsoft/TeraChem/bin/terachem ./ase/tmp_ase.sp  >     ./ase/tmp_ase.out  2>&1
  step:  39 bond rmsd: 0.014340
/public/qmsoft/TeraChem/bin/terachem ./ase/tmp_ase.sp  >     ./ase/tmp_ase.out  2>&1
  step:  40 bond rmsd: 0.014327
/public/qmsoft/TeraChem/bin/terachem ./ase/tmp_ase.sp  >     ./ase/tmp_ase.out  2>&1
  step:  41 bond rmsd: 0.014307
/public/qmsoft/TeraChem/bin/terachem ./ase/tmp_ase.sp  >     ./ase/tmp_ase.out  2>&1
  step:  42 bond rmsd: 0.014269
/public/qmsoft/TeraChem/bin/terachem ./ase/tmp_ase.sp  >     ./ase/tmp_ase.out  2>&1
  step:  43 bond rmsd: 0.014317
/public/qmsoft/TeraChem/bin/terachem ./ase/tmp_ase.sp  >     ./ase/tmp_ase.out  2>&1
  step:  44 bond rmsd: 0.014350
/public/qmsoft/TeraChem/bin/terachem ./ase/tmp_ase.sp  >     ./ase/tmp_ase.out  2>&1
  step:  45 bond rmsd: 0.014664
/public/qmsoft/TeraChem/bin/terachem ./ase/tmp_ase.sp  >     ./ase/tmp_ase.out  2>&1
  step:  46 bond rmsd: 0.014785
/public/qmsoft/TeraChem/bin/terachem ./ase/tmp_ase.sp  >     ./ase/tmp_ase.out  2>&1
  step:  47 bond rmsd: 0.014904
/public/qmsoft/TeraChem/bin/terachem ./ase/tmp_ase.sp  >     ./ase/tmp_ase.out  2>&1
  step:  48 bond rmsd: 0.015203
/public/qmsoft/TeraChem/bin/terachem ./ase/tmp_ase.sp  >     ./ase/tmp_ase.out  2>&1
  step:  49 bond rmsd: 0.015184
/public/qmsoft/TeraChem/bin/terachem ./ase/tmp_ase.sp  >     ./ase/tmp_ase.out  2>&1
  step:  50 bond rmsd: 0.015208
/public/qmsoft/TeraChem/bin/terachem ./ase/tmp_ase.sp  >     ./ase/tmp_ase.out  2>&1
  step:  51 bond rmsd: 0.015159
/public/qmsoft/TeraChem/bin/terachem ./ase/tmp_ase.sp  >     ./ase/tmp_ase.out  2>&1
  step:  52 bond rmsd: 0.015058
/public/qmsoft/TeraChem/bin/terachem ./ase/tmp_ase.sp  >     ./ase/tmp_ase.out  2>&1
  step:  53 bond rmsd: 0.015055
/public/qmsoft/TeraChem/bin/terachem ./ase/tmp_ase.sp  >     ./ase/tmp_ase.out  2>&1
  step:  54 bond rmsd: 0.015036
/public/qmsoft/TeraChem/bin/terachem ./ase/tmp_ase.sp  >     ./ase/tmp_ase.out  2>&1
  step:  55 bond rmsd: 0.015082
/public/qmsoft/TeraChem/bin/terachem ./ase/tmp_ase.sp  >     ./ase/tmp_ase.out  2>&1
  step:  56 bond rmsd: 0.015065
/public/qmsoft/TeraChem/bin/terachem ./ase/tmp_ase.sp  >     ./ase/tmp_ase.out  2>&1
  step:  57 bond rmsd: 0.015083
/public/qmsoft/TeraChem/bin/terachem ./ase/tmp_ase.sp  >     ./ase/tmp_ase.out  2>&1
  step:  58 bond rmsd: 0.015122
/public/qmsoft/TeraChem/bin/terachem ./ase/tmp_ase.sp  >     ./ase/tmp_ase.out  2>&1
  step:  59 bond rmsd: 0.015195
/public/qmsoft/TeraChem/bin/terachem ./ase/tmp_ase.sp  >     ./ase/tmp_ase.out  2>&1
  step:  60 bond rmsd: 0.015217
/public/qmsoft/TeraChem/bin/terachem ./ase/tmp_ase.sp  >     ./ase/tmp_ase.out  2>&1
  step:  61 bond rmsd: 0.015199
/public/qmsoft/TeraChem/bin/terachem ./ase/tmp_ase.sp  >     ./ase/tmp_ase.out  2>&1
  step:  62 bond rmsd: 0.015212
/public/qmsoft/TeraChem/bin/terachem ./ase/tmp_ase.sp  >     ./ase/tmp_ase.out  2>&1
  step:  63 bond rmsd: 0.015133
/public/qmsoft/TeraChem/bin/terachem ./ase/tmp_ase.sp  >     ./ase/tmp_ase.out  2>&1
  step:  64 bond rmsd: 0.015097
/public/qmsoft/TeraChem/bin/terachem ./ase/tmp_ase.sp  >     ./ase/tmp_ase.out  2>&1
  step:  65 bond rmsd: 0.015103
/public/qmsoft/TeraChem/bin/terachem ./ase/tmp_ase.sp  >     ./ase/tmp_ase.out  2>&1
  step:  66 bond rmsd: 0.014955
/public/qmsoft/TeraChem/bin/terachem ./ase/tmp_ase.sp  >     ./ase/tmp_ase.out  2>&1
  step:  67 bond rmsd: 0.014986
/public/qmsoft/TeraChem/bin/terachem ./ase/tmp_ase.sp  >     ./ase/tmp_ase.out  2>&1
  step:  68 bond rmsd: 0.014979
/public/qmsoft/TeraChem/bin/terachem ./ase/tmp_ase.sp  >     ./ase/tmp_ase.out  2>&1
  step:  69 bond rmsd: 0.014936
/public/qmsoft/TeraChem/bin/terachem ./ase/tmp_ase.sp  >     ./ase/tmp_ase.out  2>&1
  step:  70 bond rmsd: 0.014904
/public/qmsoft/TeraChem/bin/terachem ./ase/tmp_ase.sp  >     ./ase/tmp_ase.out  2>&1
  step:  71 bond rmsd: 0.014821
/public/qmsoft/TeraChem/bin/terachem ./ase/tmp_ase.sp  >     ./ase/tmp_ase.out  2>&1
  step:  72 bond rmsd: 0.014764
/public/qmsoft/TeraChem/bin/terachem ./ase/tmp_ase.sp  >     ./ase/tmp_ase.out  2>&1
  step:  73 bond rmsd: 0.014731
/public/qmsoft/TeraChem/bin/terachem ./ase/tmp_ase.sp  >     ./ase/tmp_ase.out  2>&1
  step:  74 bond rmsd: 0.014736
/public/qmsoft/TeraChem/bin/terachem ./ase/tmp_ase.sp  >     ./ase/tmp_ase.out  2>&1
  step:  75 bond rmsd: 0.014813
/public/qmsoft/TeraChem/bin/terachem ./ase/tmp_ase.sp  >     ./ase/tmp_ase.out  2>&1
  step:  76 bond rmsd: 0.014889
/public/qmsoft/TeraChem/bin/terachem ./ase/tmp_ase.sp  >     ./ase/tmp_ase.out  2>&1
  step:  77 bond rmsd: 0.015077
/public/qmsoft/TeraChem/bin/terachem ./ase/tmp_ase.sp  >     ./ase/tmp_ase.out  2>&1
  step:  78 bond rmsd: 0.015102
/public/qmsoft/TeraChem/bin/terachem ./ase/tmp_ase.sp  >     ./ase/tmp_ase.out  2>&1
  step:  79 bond rmsd: 0.015117
/public/qmsoft/TeraChem/bin/terachem ./ase/tmp_ase.sp  >     ./ase/tmp_ase.out  2>&1
  step:  80 bond rmsd: 0.015104
/public/qmsoft/TeraChem/bin/terachem ./ase/tmp_ase.sp  >     ./ase/tmp_ase.out  2>&1
  step:  81 bond rmsd: 0.015167
/public/qmsoft/TeraChem/bin/terachem ./ase/tmp_ase.sp  >     ./ase/tmp_ase.out  2>&1
  step:  82 bond rmsd: 0.015122
/public/qmsoft/TeraChem/bin/terachem ./ase/tmp_ase.sp  >     ./ase/tmp_ase.out  2>&1
  step:  83 bond rmsd: 0.015064
/public/qmsoft/TeraChem/bin/terachem ./ase/tmp_ase.sp  >     ./ase/tmp_ase.out  2>&1
  step:  84 bond rmsd: 0.014997
/public/qmsoft/TeraChem/bin/terachem ./ase/tmp_ase.sp  >     ./ase/tmp_ase.out  2>&1
  step:  85 bond rmsd: 0.014944
/public/qmsoft/TeraChem/bin/terachem ./ase/tmp_ase.sp  >     ./ase/tmp_ase.out  2>&1
  step:  86 bond rmsd: 0.014959
/public/qmsoft/TeraChem/bin/terachem ./ase/tmp_ase.sp  >     ./ase/tmp_ase.out  2>&1
  step:  87 bond rmsd: 0.014856
/public/qmsoft/TeraChem/bin/terachem ./ase/tmp_ase.sp  >     ./ase/tmp_ase.out  2>&1
  step:  88 bond rmsd: 0.014911
/public/qmsoft/TeraChem/bin/terachem ./ase/tmp_ase.sp  >     ./ase/tmp_ase.out  2>&1
  step:  89 bond rmsd: 0.014906
/public/qmsoft/TeraChem/bin/terachem ./ase/tmp_ase.sp  >     ./ase/tmp_ase.out  2>&1
  step:  90 bond rmsd: 0.014905
/public/qmsoft/TeraChem/bin/terachem ./ase/tmp_ase.sp  >     ./ase/tmp_ase.out  2>&1
  step:  91 bond rmsd: 0.014901
/public/qmsoft/TeraChem/bin/terachem ./ase/tmp_ase.sp  >     ./ase/tmp_ase.out  2>&1
  step:  92 bond rmsd: 0.014902
/public/qmsoft/TeraChem/bin/terachem ./ase/tmp_ase.sp  >     ./ase/tmp_ase.out  2>&1
  step:  93 bond rmsd: 0.014894
/public/qmsoft/TeraChem/bin/terachem ./ase/tmp_ase.sp  >     ./ase/tmp_ase.out  2>&1
  step:  94 bond rmsd: 0.014954
/public/qmsoft/TeraChem/bin/terachem ./ase/tmp_ase.sp  >     ./ase/tmp_ase.out  2>&1
  step:  95 bond rmsd: 0.014948
/public/qmsoft/TeraChem/bin/terachem ./ase/tmp_ase.sp  >     ./ase/tmp_ase.out  2>&1
  step:  96 bond rmsd: 0.014956
/public/qmsoft/TeraChem/bin/terachem ./ase/tmp_ase.sp  >     ./ase/tmp_ase.out  2>&1
  step:  97 bond rmsd: 0.014966
/public/qmsoft/TeraChem/bin/terachem ./ase/tmp_ase.sp  >     ./ase/tmp_ase.out  2>&1
  step:  98 bond rmsd: 0.014974
/public/qmsoft/TeraChem/bin/terachem ./ase/tmp_ase.sp  >     ./ase/tmp_ase.out  2>&1
  step:  99 bond rmsd: 0.014962
/public/qmsoft/TeraChem/bin/terachem ./ase/tmp_ase.sp  >     ./ase/tmp_ase.out  2>&1
  step: 100 bond rmsd: 0.014945
/public/qmsoft/TeraChem/bin/terachem ./ase/tmp_ase.sp  >     ./ase/tmp_ase.out  2>&1
  step: 101 bond rmsd: 0.014869
/public/qmsoft/TeraChem/bin/terachem ./ase/tmp_ase.sp  >     ./ase/tmp_ase.out  2>&1
  step: 102 bond rmsd: 0.014852
/public/qmsoft/TeraChem/bin/terachem ./ase/tmp_ase.sp  >     ./ase/tmp_ase.out  2>&1
  step: 103 bond rmsd: 0.014834
/public/qmsoft/TeraChem/bin/terachem ./ase/tmp_ase.sp  >     ./ase/tmp_ase.out  2>&1
  step: 104 bond rmsd: 0.014821
/public/qmsoft/TeraChem/bin/terachem ./ase/tmp_ase.sp  >     ./ase/tmp_ase.out  2>&1
  step: 105 bond rmsd: 0.014806
/public/qmsoft/TeraChem/bin/terachem ./ase/tmp_ase.sp  >     ./ase/tmp_ase.out  2>&1
  step: 106 bond rmsd: 0.014807
/public/qmsoft/TeraChem/bin/terachem ./ase/tmp_ase.sp  >     ./ase/tmp_ase.out  2>&1
  step: 107 bond rmsd: 0.014847
/public/qmsoft/TeraChem/bin/terachem ./ase/tmp_ase.sp  >     ./ase/tmp_ase.out  2>&1
  step: 108 bond rmsd: 0.014874
/public/qmsoft/TeraChem/bin/terachem ./ase/tmp_ase.sp  >     ./ase/tmp_ase.out  2>&1
  step: 109 bond rmsd: 0.014898
/public/qmsoft/TeraChem/bin/terachem ./ase/tmp_ase.sp  >     ./ase/tmp_ase.out  2>&1
  step: 110 bond rmsd: 0.014932
/public/qmsoft/TeraChem/bin/terachem ./ase/tmp_ase.sp  >     ./ase/tmp_ase.out  2>&1
  step: 111 bond rmsd: 0.014973
/public/qmsoft/TeraChem/bin/terachem ./ase/tmp_ase.sp  >     ./ase/tmp_ase.out  2>&1
  step: 112 bond rmsd: 0.014975
/public/qmsoft/TeraChem/bin/terachem ./ase/tmp_ase.sp  >     ./ase/tmp_ase.out  2>&1
  step: 113 bond rmsd: 0.014991
/public/qmsoft/TeraChem/bin/terachem ./ase/tmp_ase.sp  >     ./ase/tmp_ase.out  2>&1
  step: 114 bond rmsd: 0.014991
/public/qmsoft/TeraChem/bin/terachem ./ase/tmp_ase.sp  >     ./ase/tmp_ase.out  2>&1
  step: 115 bond rmsd: 0.014938
/public/qmsoft/TeraChem/bin/terachem ./ase/tmp_ase.sp  >     ./ase/tmp_ase.out  2>&1
  step: 116 bond rmsd: 0.014933
/public/qmsoft/TeraChem/bin/terachem ./ase/tmp_ase.sp  >     ./ase/tmp_ase.out  2>&1
  step: 117 bond rmsd: 0.014911
/public/qmsoft/TeraChem/bin/terachem ./ase/tmp_ase.sp  >     ./ase/tmp_ase.out  2>&1
  step: 118 bond rmsd: 0.014901
/public/qmsoft/TeraChem/bin/terachem ./ase/tmp_ase.sp  >     ./ase/tmp_ase.out  2>&1
  step: 119 bond rmsd: 0.014834
/public/qmsoft/TeraChem/bin/terachem ./ase/tmp_ase.sp  >     ./ase/tmp_ase.out  2>&1
  step: 120 bond rmsd: 0.014831
/public/qmsoft/TeraChem/bin/terachem ./ase/tmp_ase.sp  >     ./ase/tmp_ase.out  2>&1
  step: 121 bond rmsd: 0.014843
/public/qmsoft/TeraChem/bin/terachem ./ase/tmp_ase.sp  >     ./ase/tmp_ase.out  2>&1
  step: 122 bond rmsd: 0.014843
/public/qmsoft/TeraChem/bin/terachem ./ase/tmp_ase.sp  >     ./ase/tmp_ase.out  2>&1
  step: 123 bond rmsd: 0.014859
/public/qmsoft/TeraChem/bin/terachem ./ase/tmp_ase.sp  >     ./ase/tmp_ase.out  2>&1
  step: 124 bond rmsd: 0.014848
/public/qmsoft/TeraChem/bin/terachem ./ase/tmp_ase.sp  >     ./ase/tmp_ase.out  2>&1
  step: 125 bond rmsd: 0.014822
/public/qmsoft/TeraChem/bin/terachem ./ase/tmp_ase.sp  >     ./ase/tmp_ase.out  2>&1
  step: 126 bond rmsd: 0.014835
/public/qmsoft/TeraChem/bin/terachem ./ase/tmp_ase.sp  >     ./ase/tmp_ase.out  2>&1
  step: 127 bond rmsd: 0.014823
/public/qmsoft/TeraChem/bin/terachem ./ase/tmp_ase.sp  >     ./ase/tmp_ase.out  2>&1
  step: 128 bond rmsd: 0.014820
/public/qmsoft/TeraChem/bin/terachem ./ase/tmp_ase.sp  >     ./ase/tmp_ase.out  2>&1
  step: 129 bond rmsd: 0.014836
/public/qmsoft/TeraChem/bin/terachem ./ase/tmp_ase.sp  >     ./ase/tmp_ase.out  2>&1
  step: 130 bond rmsd: 0.014835
/public/qmsoft/TeraChem/bin/terachem ./ase/tmp_ase.sp  >     ./ase/tmp_ase.out  2>&1
  step: 131 bond rmsd: 0.014865
/public/qmsoft/TeraChem/bin/terachem ./ase/tmp_ase.sp  >     ./ase/tmp_ase.out  2>&1
  step: 132 bond rmsd: 0.014891
/public/qmsoft/TeraChem/bin/terachem ./ase/tmp_ase.sp  >     ./ase/tmp_ase.out  2>&1
  step: 133 bond rmsd: 0.014924
/public/qmsoft/TeraChem/bin/terachem ./ase/tmp_ase.sp  >     ./ase/tmp_ase.out  2>&1
  step: 134 bond rmsd: 0.014926
/public/qmsoft/TeraChem/bin/terachem ./ase/tmp_ase.sp  >     ./ase/tmp_ase.out  2>&1
  step: 135 bond rmsd: 0.014926
/public/qmsoft/TeraChem/bin/terachem ./ase/tmp_ase.sp  >     ./ase/tmp_ase.out  2>&1
  step: 136 bond rmsd: 0.014918
/public/qmsoft/TeraChem/bin/terachem ./ase/tmp_ase.sp  >     ./ase/tmp_ase.out  2>&1
  step: 137 bond rmsd: 0.014945
/public/qmsoft/TeraChem/bin/terachem ./ase/tmp_ase.sp  >     ./ase/tmp_ase.out  2>&1
  step: 138 bond rmsd: 0.014924
/public/qmsoft/TeraChem/bin/terachem ./ase/tmp_ase.sp  >     ./ase/tmp_ase.out  2>&1
  step: 139 bond rmsd: 0.014959
/public/qmsoft/TeraChem/bin/terachem ./ase/tmp_ase.sp  >     ./ase/tmp_ase.out  2>&1
  step: 140 bond rmsd: 0.014984
/public/qmsoft/TeraChem/bin/terachem ./ase/tmp_ase.sp  >     ./ase/tmp_ase.out  2>&1
  step: 141 bond rmsd: 0.014992
/public/qmsoft/TeraChem/bin/terachem ./ase/tmp_ase.sp  >     ./ase/tmp_ase.out  2>&1
  step: 142 bond rmsd: 0.015046
/public/qmsoft/TeraChem/bin/terachem ./ase/tmp_ase.sp  >     ./ase/tmp_ase.out  2>&1
  step: 143 bond rmsd: 0.015084
/public/qmsoft/TeraChem/bin/terachem ./ase/tmp_ase.sp  >     ./ase/tmp_ase.out  2>&1
  step: 144 bond rmsd: 0.015137
/public/qmsoft/TeraChem/bin/terachem ./ase/tmp_ase.sp  >     ./ase/tmp_ase.out  2>&1
  step: 145 bond rmsd: 0.015165
/public/qmsoft/TeraChem/bin/terachem ./ase/tmp_ase.sp  >     ./ase/tmp_ase.out  2>&1
  step: 146 bond rmsd: 0.015156
/public/qmsoft/TeraChem/bin/terachem ./ase/tmp_ase.sp  >     ./ase/tmp_ase.out  2>&1
  step: 147 bond rmsd: 0.015154
/public/qmsoft/TeraChem/bin/terachem ./ase/tmp_ase.sp  >     ./ase/tmp_ase.out  2>&1
  step: 148 bond rmsd: 0.015107
/public/qmsoft/TeraChem/bin/terachem ./ase/tmp_ase.sp  >     ./ase/tmp_ase.out  2>&1
  step: 149 bond rmsd: 0.015096
/public/qmsoft/TeraChem/bin/terachem ./ase/tmp_ase.sp  >     ./ase/tmp_ase.out  2>&1
  step: 150 bond rmsd: 0.015083
/public/qmsoft/TeraChem/bin/terachem ./ase/tmp_ase.sp  >     ./ase/tmp_ase.out  2>&1
  step: 151 bond rmsd: 0.015078
/public/qmsoft/TeraChem/bin/terachem ./ase/tmp_ase.sp  >     ./ase/tmp_ase.out  2>&1
  step: 152 bond rmsd: 0.015039
/public/qmsoft/TeraChem/bin/terachem ./ase/tmp_ase.sp  >     ./ase/tmp_ase.out  2>&1
micro_cycle   1 rmsd(b):  0.0150 rws:  1.000 n_fev: 152
See 5_refined.pdb in pdb folder.
Time: 8748.4579
