Starting Q|R
version:   v1.0-37-gb8d9a6  
Running refinement
   input {
     xray_data {
       file_name = None
       labels = None
       high_resolution = None
       low_resolution = None
       outliers_rejection = True
       french_wilson_scale = True
       french_wilson {
         max_bins = 60
         min_bin_size = 40
       }
       sigma_fobs_rejection_criterion = None
       sigma_iobs_rejection_criterion = None
       ignore_all_zeros = True
       force_anomalous_flag_to_be_equal_to = None
       convert_to_non_anomalous_if_ratio_pairs_lone_less_than_threshold = 0.5
       r_free_flags {
         file_name = None
         label = None
         test_flag_value = None
         ignore_r_free_flags = False
         disable_suitability_test = False
         ignore_pdb_hexdigest = False
         generate = False
         fraction = 0.1
         max_free = 2000
         lattice_symmetry_max_delta = 5
         use_lattice_symmetry = True
         use_dataman_shells = False
         n_shells = 20
       }
     }
     pdb {
       file_name = None
     }
     monomers {
       file_name = None
     }
     maps {
       map_file_name = None
       d_min = None
       map_coefficients_file_name = None
       map_coefficients_label = None
     }
     sequence = None
     scattering_table = wk1995 it1992 *n_gaussian neutron electron
     wavelength = None
     energy = None
     twin_law = Auto
   }
   max_atoms = 15000
   debug = False
   cluster {
     charge_cutoff = 8.0
     clustering = false
     charge_embedding = False
     two_buffers = False
     maxnum_residues_in_cluster = 15
     clustering_method = gnc *bcc
     altloc_method = *average subtract
     g_scan = 10 15 20
     g_ref = None
     g_mode = None
   }
   restraints = cctbx *qm
   quantum {
     engine_name = mopac ani torchani *terachem turbomole pyscf orca gaussian \
                   xtb
     charge = None
     basis = 6-31g
     method = Auto
     memory = None
     nproc = None
     qm_addon = gcp dftd3 gcp-d3
     qm_addon_method = None
   }
   refine {
     dry_run = False
     sf_algorithm = *direct fft
     refinement_target_name = *ml ls_wunit_k1
     mode = *opt refine gtest
     number_of_macro_cycles = 1
     number_of_weight_search_cycles = 50
     number_of_refine_cycles = 5
     number_of_micro_cycles = 1
     data_weight = None
     choose_best_use_r_work = False
     skip_weight_search = False
     adjust_restraints_weight_scale_value = 2
     max_iterations_weight = 50
     max_iterations_refine = 150
     use_ase_lbfgs = False
     line_search = True
     stpmax = 0.7
     gradient_only = true
     update_all_scales = True
     refine_sites = True
     refine_adp = False
     restraints_weight_scale = 1.0
     shake_sites = False
     use_convergence_test = true
     max_bond_rmsd = 0.03
     max_r_work_r_free_gap = 5.0
     r_tolerance = 0.001
     rmsd_tolerance = 0.001
     opt_log = False
     pre_opt = False
     pre_opt_stpmax = 0.1
     pre_opt_iter = 10
     pre_opt_switch = 2
     pre_opt_gconv = 3000
   }
   parallel {
     method = *multiprocessing slurm pbs sge lsf threading
     nproc = None
     qsub_command = None
   }
   output_file_name_prefix = None
   output_folder_name = "pdb"
   shared_disk = True
   rst_file = None
   dump_gradients = None

Setting QM defaults
  Setting QM method to HF


***********************************************************
restart info will be stored in /home/lum/terachem_opt_final/0.3/terachem_opt/pdb/8.rst.pickle
***********************************************************

  No function available to set charge to 2
  No function available to set basis to 6-31g
  No function available to set method to HF
start   0 rmsd(b):  0.0187 rws:  1.000 n_fev: 0
  step:   1 bond rmsd: 0.018690
/public/qmsoft/TeraChem/bin/terachem ./ase/tmp_ase.sp  >     ./ase/tmp_ase.out  2>&1
  step:   2 bond rmsd: 0.076198
/public/qmsoft/TeraChem/bin/terachem ./ase/tmp_ase.sp  >     ./ase/tmp_ase.out  2>&1
  step:   3 bond rmsd: 0.347810
/public/qmsoft/TeraChem/bin/terachem ./ase/tmp_ase.sp  >     ./ase/tmp_ase.out  2>&1
  step:   4 bond rmsd: 0.104626
/public/qmsoft/TeraChem/bin/terachem ./ase/tmp_ase.sp  >     ./ase/tmp_ase.out  2>&1
  step:   5 bond rmsd: 0.067719
/public/qmsoft/TeraChem/bin/terachem ./ase/tmp_ase.sp  >     ./ase/tmp_ase.out  2>&1
  step:   6 bond rmsd: 0.023543
/public/qmsoft/TeraChem/bin/terachem ./ase/tmp_ase.sp  >     ./ase/tmp_ase.out  2>&1
  step:   7 bond rmsd: 0.014481
/public/qmsoft/TeraChem/bin/terachem ./ase/tmp_ase.sp  >     ./ase/tmp_ase.out  2>&1
  step:   8 bond rmsd: 0.012313
/public/qmsoft/TeraChem/bin/terachem ./ase/tmp_ase.sp  >     ./ase/tmp_ase.out  2>&1
  step:   9 bond rmsd: 0.012301
/public/qmsoft/TeraChem/bin/terachem ./ase/tmp_ase.sp  >     ./ase/tmp_ase.out  2>&1
  step:  10 bond rmsd: 0.013103
/public/qmsoft/TeraChem/bin/terachem ./ase/tmp_ase.sp  >     ./ase/tmp_ase.out  2>&1
  step:  11 bond rmsd: 0.014022
/public/qmsoft/TeraChem/bin/terachem ./ase/tmp_ase.sp  >     ./ase/tmp_ase.out  2>&1
  step:  12 bond rmsd: 0.015548
/public/qmsoft/TeraChem/bin/terachem ./ase/tmp_ase.sp  >     ./ase/tmp_ase.out  2>&1
  step:  13 bond rmsd: 0.015041
/public/qmsoft/TeraChem/bin/terachem ./ase/tmp_ase.sp  >     ./ase/tmp_ase.out  2>&1
  step:  14 bond rmsd: 0.014595
/public/qmsoft/TeraChem/bin/terachem ./ase/tmp_ase.sp  >     ./ase/tmp_ase.out  2>&1
  step:  15 bond rmsd: 0.014110
/public/qmsoft/TeraChem/bin/terachem ./ase/tmp_ase.sp  >     ./ase/tmp_ase.out  2>&1
  step:  16 bond rmsd: 0.013595
/public/qmsoft/TeraChem/bin/terachem ./ase/tmp_ase.sp  >     ./ase/tmp_ase.out  2>&1
  step:  17 bond rmsd: 0.014118
/public/qmsoft/TeraChem/bin/terachem ./ase/tmp_ase.sp  >     ./ase/tmp_ase.out  2>&1
  step:  18 bond rmsd: 0.013978
/public/qmsoft/TeraChem/bin/terachem ./ase/tmp_ase.sp  >     ./ase/tmp_ase.out  2>&1
  step:  19 bond rmsd: 0.014433
/public/qmsoft/TeraChem/bin/terachem ./ase/tmp_ase.sp  >     ./ase/tmp_ase.out  2>&1
  step:  20 bond rmsd: 0.014610
/public/qmsoft/TeraChem/bin/terachem ./ase/tmp_ase.sp  >     ./ase/tmp_ase.out  2>&1
  step:  21 bond rmsd: 0.014720
/public/qmsoft/TeraChem/bin/terachem ./ase/tmp_ase.sp  >     ./ase/tmp_ase.out  2>&1
  step:  22 bond rmsd: 0.014999
/public/qmsoft/TeraChem/bin/terachem ./ase/tmp_ase.sp  >     ./ase/tmp_ase.out  2>&1
  step:  23 bond rmsd: 0.014885
/public/qmsoft/TeraChem/bin/terachem ./ase/tmp_ase.sp  >     ./ase/tmp_ase.out  2>&1
  step:  24 bond rmsd: 0.014794
/public/qmsoft/TeraChem/bin/terachem ./ase/tmp_ase.sp  >     ./ase/tmp_ase.out  2>&1
  step:  25 bond rmsd: 0.014746
/public/qmsoft/TeraChem/bin/terachem ./ase/tmp_ase.sp  >     ./ase/tmp_ase.out  2>&1
  step:  26 bond rmsd: 0.014516
/public/qmsoft/TeraChem/bin/terachem ./ase/tmp_ase.sp  >     ./ase/tmp_ase.out  2>&1
  step:  27 bond rmsd: 0.014678
/public/qmsoft/TeraChem/bin/terachem ./ase/tmp_ase.sp  >     ./ase/tmp_ase.out  2>&1
  step:  28 bond rmsd: 0.014598
/public/qmsoft/TeraChem/bin/terachem ./ase/tmp_ase.sp  >     ./ase/tmp_ase.out  2>&1
  step:  29 bond rmsd: 0.014710
/public/qmsoft/TeraChem/bin/terachem ./ase/tmp_ase.sp  >     ./ase/tmp_ase.out  2>&1
  step:  30 bond rmsd: 0.014797
/public/qmsoft/TeraChem/bin/terachem ./ase/tmp_ase.sp  >     ./ase/tmp_ase.out  2>&1
  step:  31 bond rmsd: 0.014749
/public/qmsoft/TeraChem/bin/terachem ./ase/tmp_ase.sp  >     ./ase/tmp_ase.out  2>&1
  step:  32 bond rmsd: 0.014800
/public/qmsoft/TeraChem/bin/terachem ./ase/tmp_ase.sp  >     ./ase/tmp_ase.out  2>&1
  step:  33 bond rmsd: 0.014741
/public/qmsoft/TeraChem/bin/terachem ./ase/tmp_ase.sp  >     ./ase/tmp_ase.out  2>&1
  step:  34 bond rmsd: 0.014623
/public/qmsoft/TeraChem/bin/terachem ./ase/tmp_ase.sp  >     ./ase/tmp_ase.out  2>&1
  step:  35 bond rmsd: 0.014661
/public/qmsoft/TeraChem/bin/terachem ./ase/tmp_ase.sp  >     ./ase/tmp_ase.out  2>&1
  step:  36 bond rmsd: 0.014563
/public/qmsoft/TeraChem/bin/terachem ./ase/tmp_ase.sp  >     ./ase/tmp_ase.out  2>&1
  step:  37 bond rmsd: 0.014825
/public/qmsoft/TeraChem/bin/terachem ./ase/tmp_ase.sp  >     ./ase/tmp_ase.out  2>&1
  step:  38 bond rmsd: 0.014700
/public/qmsoft/TeraChem/bin/terachem ./ase/tmp_ase.sp  >     ./ase/tmp_ase.out  2>&1
  step:  39 bond rmsd: 0.014548
/public/qmsoft/TeraChem/bin/terachem ./ase/tmp_ase.sp  >     ./ase/tmp_ase.out  2>&1
  step:  40 bond rmsd: 0.014560
/public/qmsoft/TeraChem/bin/terachem ./ase/tmp_ase.sp  >     ./ase/tmp_ase.out  2>&1
  step:  41 bond rmsd: 0.014361
/public/qmsoft/TeraChem/bin/terachem ./ase/tmp_ase.sp  >     ./ase/tmp_ase.out  2>&1
  step:  42 bond rmsd: 0.014397
/public/qmsoft/TeraChem/bin/terachem ./ase/tmp_ase.sp  >     ./ase/tmp_ase.out  2>&1
  step:  43 bond rmsd: 0.014392
/public/qmsoft/TeraChem/bin/terachem ./ase/tmp_ase.sp  >     ./ase/tmp_ase.out  2>&1
  step:  44 bond rmsd: 0.014552
/public/qmsoft/TeraChem/bin/terachem ./ase/tmp_ase.sp  >     ./ase/tmp_ase.out  2>&1
  step:  45 bond rmsd: 0.014578
/public/qmsoft/TeraChem/bin/terachem ./ase/tmp_ase.sp  >     ./ase/tmp_ase.out  2>&1
  step:  46 bond rmsd: 0.014647
/public/qmsoft/TeraChem/bin/terachem ./ase/tmp_ase.sp  >     ./ase/tmp_ase.out  2>&1
  step:  47 bond rmsd: 0.014827
/public/qmsoft/TeraChem/bin/terachem ./ase/tmp_ase.sp  >     ./ase/tmp_ase.out  2>&1
  step:  48 bond rmsd: 0.014994
/public/qmsoft/TeraChem/bin/terachem ./ase/tmp_ase.sp  >     ./ase/tmp_ase.out  2>&1
  step:  49 bond rmsd: 0.015127
/public/qmsoft/TeraChem/bin/terachem ./ase/tmp_ase.sp  >     ./ase/tmp_ase.out  2>&1
  step:  50 bond rmsd: 0.015156
/public/qmsoft/TeraChem/bin/terachem ./ase/tmp_ase.sp  >     ./ase/tmp_ase.out  2>&1
  step:  51 bond rmsd: 0.015317
/public/qmsoft/TeraChem/bin/terachem ./ase/tmp_ase.sp  >     ./ase/tmp_ase.out  2>&1
  step:  52 bond rmsd: 0.015168
/public/qmsoft/TeraChem/bin/terachem ./ase/tmp_ase.sp  >     ./ase/tmp_ase.out  2>&1
  step:  53 bond rmsd: 0.015047
/public/qmsoft/TeraChem/bin/terachem ./ase/tmp_ase.sp  >     ./ase/tmp_ase.out  2>&1
  step:  54 bond rmsd: 0.015012
/public/qmsoft/TeraChem/bin/terachem ./ase/tmp_ase.sp  >     ./ase/tmp_ase.out  2>&1
  step:  55 bond rmsd: 0.014872
/public/qmsoft/TeraChem/bin/terachem ./ase/tmp_ase.sp  >     ./ase/tmp_ase.out  2>&1
  step:  56 bond rmsd: 0.014929
/public/qmsoft/TeraChem/bin/terachem ./ase/tmp_ase.sp  >     ./ase/tmp_ase.out  2>&1
  step:  57 bond rmsd: 0.014935
/public/qmsoft/TeraChem/bin/terachem ./ase/tmp_ase.sp  >     ./ase/tmp_ase.out  2>&1
  step:  58 bond rmsd: 0.015116
/public/qmsoft/TeraChem/bin/terachem ./ase/tmp_ase.sp  >     ./ase/tmp_ase.out  2>&1
  step:  59 bond rmsd: 0.015164
/public/qmsoft/TeraChem/bin/terachem ./ase/tmp_ase.sp  >     ./ase/tmp_ase.out  2>&1
  step:  60 bond rmsd: 0.015212
/public/qmsoft/TeraChem/bin/terachem ./ase/tmp_ase.sp  >     ./ase/tmp_ase.out  2>&1
  step:  61 bond rmsd: 0.015115
/public/qmsoft/TeraChem/bin/terachem ./ase/tmp_ase.sp  >     ./ase/tmp_ase.out  2>&1
  step:  62 bond rmsd: 0.015219
/public/qmsoft/TeraChem/bin/terachem ./ase/tmp_ase.sp  >     ./ase/tmp_ase.out  2>&1
  step:  63 bond rmsd: 0.015162
/public/qmsoft/TeraChem/bin/terachem ./ase/tmp_ase.sp  >     ./ase/tmp_ase.out  2>&1
  step:  64 bond rmsd: 0.015187
/public/qmsoft/TeraChem/bin/terachem ./ase/tmp_ase.sp  >     ./ase/tmp_ase.out  2>&1
  step:  65 bond rmsd: 0.015175
/public/qmsoft/TeraChem/bin/terachem ./ase/tmp_ase.sp  >     ./ase/tmp_ase.out  2>&1
  step:  66 bond rmsd: 0.015127
/public/qmsoft/TeraChem/bin/terachem ./ase/tmp_ase.sp  >     ./ase/tmp_ase.out  2>&1
  step:  67 bond rmsd: 0.015128
/public/qmsoft/TeraChem/bin/terachem ./ase/tmp_ase.sp  >     ./ase/tmp_ase.out  2>&1
  step:  68 bond rmsd: 0.015083
/public/qmsoft/TeraChem/bin/terachem ./ase/tmp_ase.sp  >     ./ase/tmp_ase.out  2>&1
  step:  69 bond rmsd: 0.015016
/public/qmsoft/TeraChem/bin/terachem ./ase/tmp_ase.sp  >     ./ase/tmp_ase.out  2>&1
  step:  70 bond rmsd: 0.014912
/public/qmsoft/TeraChem/bin/terachem ./ase/tmp_ase.sp  >     ./ase/tmp_ase.out  2>&1
  step:  71 bond rmsd: 0.014856
/public/qmsoft/TeraChem/bin/terachem ./ase/tmp_ase.sp  >     ./ase/tmp_ase.out  2>&1
  step:  72 bond rmsd: 0.014705
/public/qmsoft/TeraChem/bin/terachem ./ase/tmp_ase.sp  >     ./ase/tmp_ase.out  2>&1
  step:  73 bond rmsd: 0.014679
/public/qmsoft/TeraChem/bin/terachem ./ase/tmp_ase.sp  >     ./ase/tmp_ase.out  2>&1
  step:  74 bond rmsd: 0.014617
/public/qmsoft/TeraChem/bin/terachem ./ase/tmp_ase.sp  >     ./ase/tmp_ase.out  2>&1
  step:  75 bond rmsd: 0.014680
/public/qmsoft/TeraChem/bin/terachem ./ase/tmp_ase.sp  >     ./ase/tmp_ase.out  2>&1
  step:  76 bond rmsd: 0.014738
/public/qmsoft/TeraChem/bin/terachem ./ase/tmp_ase.sp  >     ./ase/tmp_ase.out  2>&1
  step:  77 bond rmsd: 0.014822
/public/qmsoft/TeraChem/bin/terachem ./ase/tmp_ase.sp  >     ./ase/tmp_ase.out  2>&1
  step:  78 bond rmsd: 0.014918
/public/qmsoft/TeraChem/bin/terachem ./ase/tmp_ase.sp  >     ./ase/tmp_ase.out  2>&1
  step:  79 bond rmsd: 0.015045
/public/qmsoft/TeraChem/bin/terachem ./ase/tmp_ase.sp  >     ./ase/tmp_ase.out  2>&1
  step:  80 bond rmsd: 0.015067
/public/qmsoft/TeraChem/bin/terachem ./ase/tmp_ase.sp  >     ./ase/tmp_ase.out  2>&1
  step:  81 bond rmsd: 0.015065
/public/qmsoft/TeraChem/bin/terachem ./ase/tmp_ase.sp  >     ./ase/tmp_ase.out  2>&1
  step:  82 bond rmsd: 0.015029
/public/qmsoft/TeraChem/bin/terachem ./ase/tmp_ase.sp  >     ./ase/tmp_ase.out  2>&1
  step:  83 bond rmsd: 0.015033
/public/qmsoft/TeraChem/bin/terachem ./ase/tmp_ase.sp  >     ./ase/tmp_ase.out  2>&1
  step:  84 bond rmsd: 0.014981
/public/qmsoft/TeraChem/bin/terachem ./ase/tmp_ase.sp  >     ./ase/tmp_ase.out  2>&1
  step:  85 bond rmsd: 0.014922
/public/qmsoft/TeraChem/bin/terachem ./ase/tmp_ase.sp  >     ./ase/tmp_ase.out  2>&1
  step:  86 bond rmsd: 0.014946
/public/qmsoft/TeraChem/bin/terachem ./ase/tmp_ase.sp  >     ./ase/tmp_ase.out  2>&1
  step:  87 bond rmsd: 0.014891
/public/qmsoft/TeraChem/bin/terachem ./ase/tmp_ase.sp  >     ./ase/tmp_ase.out  2>&1
  step:  88 bond rmsd: 0.014901
/public/qmsoft/TeraChem/bin/terachem ./ase/tmp_ase.sp  >     ./ase/tmp_ase.out  2>&1
  step:  89 bond rmsd: 0.014911
/public/qmsoft/TeraChem/bin/terachem ./ase/tmp_ase.sp  >     ./ase/tmp_ase.out  2>&1
  step:  90 bond rmsd: 0.014938
/public/qmsoft/TeraChem/bin/terachem ./ase/tmp_ase.sp  >     ./ase/tmp_ase.out  2>&1
  step:  91 bond rmsd: 0.015027
/public/qmsoft/TeraChem/bin/terachem ./ase/tmp_ase.sp  >     ./ase/tmp_ase.out  2>&1
  step:  92 bond rmsd: 0.015040
/public/qmsoft/TeraChem/bin/terachem ./ase/tmp_ase.sp  >     ./ase/tmp_ase.out  2>&1
  step:  93 bond rmsd: 0.015105
/public/qmsoft/TeraChem/bin/terachem ./ase/tmp_ase.sp  >     ./ase/tmp_ase.out  2>&1
  step:  94 bond rmsd: 0.015151
/public/qmsoft/TeraChem/bin/terachem ./ase/tmp_ase.sp  >     ./ase/tmp_ase.out  2>&1
  step:  95 bond rmsd: 0.015133
/public/qmsoft/TeraChem/bin/terachem ./ase/tmp_ase.sp  >     ./ase/tmp_ase.out  2>&1
  step:  96 bond rmsd: 0.015134
/public/qmsoft/TeraChem/bin/terachem ./ase/tmp_ase.sp  >     ./ase/tmp_ase.out  2>&1
  step:  97 bond rmsd: 0.015123
/public/qmsoft/TeraChem/bin/terachem ./ase/tmp_ase.sp  >     ./ase/tmp_ase.out  2>&1
  step:  98 bond rmsd: 0.015072
/public/qmsoft/TeraChem/bin/terachem ./ase/tmp_ase.sp  >     ./ase/tmp_ase.out  2>&1
  step:  99 bond rmsd: 0.015032
/public/qmsoft/TeraChem/bin/terachem ./ase/tmp_ase.sp  >     ./ase/tmp_ase.out  2>&1
  step: 100 bond rmsd: 0.014975
/public/qmsoft/TeraChem/bin/terachem ./ase/tmp_ase.sp  >     ./ase/tmp_ase.out  2>&1
  step: 101 bond rmsd: 0.014913
/public/qmsoft/TeraChem/bin/terachem ./ase/tmp_ase.sp  >     ./ase/tmp_ase.out  2>&1
  step: 102 bond rmsd: 0.014909
/public/qmsoft/TeraChem/bin/terachem ./ase/tmp_ase.sp  >     ./ase/tmp_ase.out  2>&1
  step: 103 bond rmsd: 0.014861
/public/qmsoft/TeraChem/bin/terachem ./ase/tmp_ase.sp  >     ./ase/tmp_ase.out  2>&1
  step: 104 bond rmsd: 0.014884
/public/qmsoft/TeraChem/bin/terachem ./ase/tmp_ase.sp  >     ./ase/tmp_ase.out  2>&1
  step: 105 bond rmsd: 0.014867
/public/qmsoft/TeraChem/bin/terachem ./ase/tmp_ase.sp  >     ./ase/tmp_ase.out  2>&1
  step: 106 bond rmsd: 0.014849
/public/qmsoft/TeraChem/bin/terachem ./ase/tmp_ase.sp  >     ./ase/tmp_ase.out  2>&1
  step: 107 bond rmsd: 0.014861
/public/qmsoft/TeraChem/bin/terachem ./ase/tmp_ase.sp  >     ./ase/tmp_ase.out  2>&1
  step: 108 bond rmsd: 0.014871
/public/qmsoft/TeraChem/bin/terachem ./ase/tmp_ase.sp  >     ./ase/tmp_ase.out  2>&1
  step: 109 bond rmsd: 0.014879
/public/qmsoft/TeraChem/bin/terachem ./ase/tmp_ase.sp  >     ./ase/tmp_ase.out  2>&1
  step: 110 bond rmsd: 0.014899
/public/qmsoft/TeraChem/bin/terachem ./ase/tmp_ase.sp  >     ./ase/tmp_ase.out  2>&1
  step: 111 bond rmsd: 0.014899
/public/qmsoft/TeraChem/bin/terachem ./ase/tmp_ase.sp  >     ./ase/tmp_ase.out  2>&1
  step: 112 bond rmsd: 0.014969
/public/qmsoft/TeraChem/bin/terachem ./ase/tmp_ase.sp  >     ./ase/tmp_ase.out  2>&1
  step: 113 bond rmsd: 0.014938
/public/qmsoft/TeraChem/bin/terachem ./ase/tmp_ase.sp  >     ./ase/tmp_ase.out  2>&1
  step: 114 bond rmsd: 0.014906
/public/qmsoft/TeraChem/bin/terachem ./ase/tmp_ase.sp  >     ./ase/tmp_ase.out  2>&1
  step: 115 bond rmsd: 0.014890
/public/qmsoft/TeraChem/bin/terachem ./ase/tmp_ase.sp  >     ./ase/tmp_ase.out  2>&1
  step: 116 bond rmsd: 0.014869
/public/qmsoft/TeraChem/bin/terachem ./ase/tmp_ase.sp  >     ./ase/tmp_ase.out  2>&1
  step: 117 bond rmsd: 0.014870
/public/qmsoft/TeraChem/bin/terachem ./ase/tmp_ase.sp  >     ./ase/tmp_ase.out  2>&1
  step: 118 bond rmsd: 0.014871
/public/qmsoft/TeraChem/bin/terachem ./ase/tmp_ase.sp  >     ./ase/tmp_ase.out  2>&1
  step: 119 bond rmsd: 0.014882
/public/qmsoft/TeraChem/bin/terachem ./ase/tmp_ase.sp  >     ./ase/tmp_ase.out  2>&1
  step: 120 bond rmsd: 0.014876
/public/qmsoft/TeraChem/bin/terachem ./ase/tmp_ase.sp  >     ./ase/tmp_ase.out  2>&1
  step: 121 bond rmsd: 0.014871
/public/qmsoft/TeraChem/bin/terachem ./ase/tmp_ase.sp  >     ./ase/tmp_ase.out  2>&1
  step: 122 bond rmsd: 0.014865
/public/qmsoft/TeraChem/bin/terachem ./ase/tmp_ase.sp  >     ./ase/tmp_ase.out  2>&1
  step: 123 bond rmsd: 0.014868
/public/qmsoft/TeraChem/bin/terachem ./ase/tmp_ase.sp  >     ./ase/tmp_ase.out  2>&1
  step: 124 bond rmsd: 0.014851
/public/qmsoft/TeraChem/bin/terachem ./ase/tmp_ase.sp  >     ./ase/tmp_ase.out  2>&1
  step: 125 bond rmsd: 0.014862
/public/qmsoft/TeraChem/bin/terachem ./ase/tmp_ase.sp  >     ./ase/tmp_ase.out  2>&1
  step: 126 bond rmsd: 0.014881
/public/qmsoft/TeraChem/bin/terachem ./ase/tmp_ase.sp  >     ./ase/tmp_ase.out  2>&1
  step: 127 bond rmsd: 0.014895
/public/qmsoft/TeraChem/bin/terachem ./ase/tmp_ase.sp  >     ./ase/tmp_ase.out  2>&1
  step: 128 bond rmsd: 0.014928
/public/qmsoft/TeraChem/bin/terachem ./ase/tmp_ase.sp  >     ./ase/tmp_ase.out  2>&1
  step: 129 bond rmsd: 0.014943
/public/qmsoft/TeraChem/bin/terachem ./ase/tmp_ase.sp  >     ./ase/tmp_ase.out  2>&1
  step: 130 bond rmsd: 0.014990
/public/qmsoft/TeraChem/bin/terachem ./ase/tmp_ase.sp  >     ./ase/tmp_ase.out  2>&1
  step: 131 bond rmsd: 0.014974
/public/qmsoft/TeraChem/bin/terachem ./ase/tmp_ase.sp  >     ./ase/tmp_ase.out  2>&1
  step: 132 bond rmsd: 0.014964
/public/qmsoft/TeraChem/bin/terachem ./ase/tmp_ase.sp  >     ./ase/tmp_ase.out  2>&1
  step: 133 bond rmsd: 0.014950
/public/qmsoft/TeraChem/bin/terachem ./ase/tmp_ase.sp  >     ./ase/tmp_ase.out  2>&1
  step: 134 bond rmsd: 0.014908
/public/qmsoft/TeraChem/bin/terachem ./ase/tmp_ase.sp  >     ./ase/tmp_ase.out  2>&1
  step: 135 bond rmsd: 0.014882
/public/qmsoft/TeraChem/bin/terachem ./ase/tmp_ase.sp  >     ./ase/tmp_ase.out  2>&1
  step: 136 bond rmsd: 0.014860
/public/qmsoft/TeraChem/bin/terachem ./ase/tmp_ase.sp  >     ./ase/tmp_ase.out  2>&1
  step: 137 bond rmsd: 0.014825
/public/qmsoft/TeraChem/bin/terachem ./ase/tmp_ase.sp  >     ./ase/tmp_ase.out  2>&1
  step: 138 bond rmsd: 0.014843
/public/qmsoft/TeraChem/bin/terachem ./ase/tmp_ase.sp  >     ./ase/tmp_ase.out  2>&1
  step: 139 bond rmsd: 0.014853
/public/qmsoft/TeraChem/bin/terachem ./ase/tmp_ase.sp  >     ./ase/tmp_ase.out  2>&1
  step: 140 bond rmsd: 0.014922
/public/qmsoft/TeraChem/bin/terachem ./ase/tmp_ase.sp  >     ./ase/tmp_ase.out  2>&1
  step: 141 bond rmsd: 0.014912
/public/qmsoft/TeraChem/bin/terachem ./ase/tmp_ase.sp  >     ./ase/tmp_ase.out  2>&1
  step: 142 bond rmsd: 0.014949
/public/qmsoft/TeraChem/bin/terachem ./ase/tmp_ase.sp  >     ./ase/tmp_ase.out  2>&1
  step: 143 bond rmsd: 0.015001
/public/qmsoft/TeraChem/bin/terachem ./ase/tmp_ase.sp  >     ./ase/tmp_ase.out  2>&1
  step: 144 bond rmsd: 0.015034
/public/qmsoft/TeraChem/bin/terachem ./ase/tmp_ase.sp  >     ./ase/tmp_ase.out  2>&1
  step: 145 bond rmsd: 0.015078
/public/qmsoft/TeraChem/bin/terachem ./ase/tmp_ase.sp  >     ./ase/tmp_ase.out  2>&1
  step: 146 bond rmsd: 0.015073
/public/qmsoft/TeraChem/bin/terachem ./ase/tmp_ase.sp  >     ./ase/tmp_ase.out  2>&1
  step: 147 bond rmsd: 0.015053
/public/qmsoft/TeraChem/bin/terachem ./ase/tmp_ase.sp  >     ./ase/tmp_ase.out  2>&1
  step: 148 bond rmsd: 0.015025
/public/qmsoft/TeraChem/bin/terachem ./ase/tmp_ase.sp  >     ./ase/tmp_ase.out  2>&1
  step: 149 bond rmsd: 0.015027
/public/qmsoft/TeraChem/bin/terachem ./ase/tmp_ase.sp  >     ./ase/tmp_ase.out  2>&1
  step: 150 bond rmsd: 0.014997
/public/qmsoft/TeraChem/bin/terachem ./ase/tmp_ase.sp  >     ./ase/tmp_ase.out  2>&1
  step: 151 bond rmsd: 0.015002
/public/qmsoft/TeraChem/bin/terachem ./ase/tmp_ase.sp  >     ./ase/tmp_ase.out  2>&1
  step: 152 bond rmsd: 0.014999
/public/qmsoft/TeraChem/bin/terachem ./ase/tmp_ase.sp  >     ./ase/tmp_ase.out  2>&1
micro_cycle   1 rmsd(b):  0.0150 rws:  1.000 n_fev: 152
See 8_refined.pdb in pdb folder.
Time: 7182.5801
