Starting Q|R
Running refinement
   input {
     xray_data {
       file_name = None
       labels = None
       high_resolution = None
       low_resolution = None
       outliers_rejection = True
       french_wilson_scale = True
       french_wilson {
         max_bins = 60
         min_bin_size = 40
       }
       sigma_fobs_rejection_criterion = None
       sigma_iobs_rejection_criterion = None
       ignore_all_zeros = True
       force_anomalous_flag_to_be_equal_to = None
       convert_to_non_anomalous_if_ratio_pairs_lone_less_than_threshold = 0.5
       r_free_flags {
         file_name = None
         label = None
         test_flag_value = None
         ignore_r_free_flags = False
         disable_suitability_test = False
         ignore_pdb_hexdigest = False
         generate = False
         fraction = 0.1
         max_free = 2000
         lattice_symmetry_max_delta = 5
         use_lattice_symmetry = True
         use_dataman_shells = False
         n_shells = 20
       }
     }
     pdb {
       file_name = None
     }
     monomers {
       file_name = None
     }
     maps {
       map_file_name = None
       d_min = None
       map_coefficients_file_name = None
       map_coefficients_label = None
     }
     sequence = None
     scattering_table = wk1995 it1992 *n_gaussian neutron electron
     wavelength = None
     energy = None
     twin_law = Auto
   }
   max_atoms = 15000
   debug = False
   cluster {
     charge_cutoff = 8.0
     clustering = false
     charge_embedding = False
     two_buffers = False
     maxnum_residues_in_cluster = 15
     clustering_method = gnc *bcc
     altloc_method = *average subtract
   }
   restraints = *cctbx qm
   quantum {
     engine_name = *mopac ani torchani terachem turbomole pyscf orca gaussian \
                   xtb
     charge = None
     basis = Auto
     method = Auto
     memory = None
     nproc = None
     qm_addon = gcp dftd3 gcp-d3
     qm_addon_method = None
   }
   refine {
     dry_run = False
     sf_algorithm = *direct fft
     refinement_target_name = *ml ls_wunit_k1
     mode = *opt refine
     number_of_macro_cycles = 1
     number_of_weight_search_cycles = 50
     number_of_refine_cycles = 5
     number_of_micro_cycles = 50
     data_weight = None
     choose_best_use_r_work = False
     skip_initial_weight_optimization = False
     adjust_restraints_weight_scale_value = 2
     max_iterations_weight = 50
     max_iterations_refine = 50
     use_ase_lbfgs = False
     line_search = True
     stpmax = 0.2
     gradient_only = true
     update_all_scales = True
     refine_sites = True
     refine_adp = False
     restraints_weight_scale = 1.0
     shake_sites = False
     use_convergence_test = true
     max_bond_rmsd = 0.03
     max_r_work_r_free_gap = 5.0
     r_tolerance = 0.001
     rmsd_tolerance = 0.001
     opt_log = False
     pre_opt = False
     pre_opt_stpmax = 0.1
     pre_opt_iter = 10
     pre_opt_switch = 2
     pre_opt_gconv = 3000
   }
   parallel {
     method = *multiprocessing slurm pbs sge lsf threading
     nproc = None
     qsub_command = None
   }
   output_file_name_prefix = None
   output_folder_name = "pdb"
   shared_disk = True
   rst_file = None
   dump_gradients = None

Setting QM defaults
  Setting QM method to PM7


***********************************************************
restart info will be stored in /home/lum/3nir/cctbx_opt/pdb/2.rst.pickle
***********************************************************

start   0 rmsd(b):  0.0193 rws:  1.000 n_fev: 0
  step:   1 bond rmsd: 0.019252
  step:   2 bond rmsd: 0.069706
  step:   3 bond rmsd: 0.069706
  step:   4 bond rmsd: 0.056744
  step:   5 bond rmsd: 0.046214
  step:   6 bond rmsd: 0.037826
  step:   7 bond rmsd: 0.031138
  step:   8 bond rmsd: 0.025834
  step:   9 bond rmsd: 0.021645
  step:  10 bond rmsd: 0.018357
  step:  11 bond rmsd: 0.015795
  step:  12 bond rmsd: 0.013814
  step:  13 bond rmsd: 0.012293
  step:  14 bond rmsd: 0.011127
  step:  15 bond rmsd: 0.010230
  step:  16 bond rmsd: 0.009529
  step:  17 bond rmsd: 0.008966
  step:  18 bond rmsd: 0.008492
  step:  19 bond rmsd: 0.008066
  step:  20 bond rmsd: 0.007652
  step:  21 bond rmsd: 0.007215
  step:  22 bond rmsd: 0.006715
  step:  23 bond rmsd: 0.006112
  step:  24 bond rmsd: 0.005441
  step:  25 bond rmsd: 0.005006
  step:  26 bond rmsd: 0.004684
  step:  27 bond rmsd: 0.004442
  step:  28 bond rmsd: 0.004171
  step:  29 bond rmsd: 0.004034
  step:  30 bond rmsd: 0.003929
  step:  31 bond rmsd: 0.003837
  step:  32 bond rmsd: 0.003756
  step:  33 bond rmsd: 0.003676
  step:  34 bond rmsd: 0.003625
  step:  35 bond rmsd: 0.003512
  step:  36 bond rmsd: 0.003489
  step:  37 bond rmsd: 0.003408
  step:  38 bond rmsd: 0.003372
  step:  39 bond rmsd: 0.003316
  step:  40 bond rmsd: 0.003192
  step:  41 bond rmsd: 0.003127
  step:  42 bond rmsd: 0.003071
  step:  43 bond rmsd: 0.002977
  step:  44 bond rmsd: 0.002962
  step:  45 bond rmsd: 0.002922
  step:  46 bond rmsd: 0.002918
  step:  47 bond rmsd: 0.002932
  step:  48 bond rmsd: 0.002925
  step:  49 bond rmsd: 0.002933
  step:  50 bond rmsd: 0.002962
  step:  51 bond rmsd: 0.002968
  step:  52 bond rmsd: 0.002942
micro_cycle   1 rmsd(b):  0.0029 rws:  1.000 n_fev: 52
  step:   1 bond rmsd: 0.002942
  step:   2 bond rmsd: 0.088730
  step:   3 bond rmsd: 0.045592
  step:   4 bond rmsd: 0.036490
  step:   5 bond rmsd: 0.029093
  step:   6 bond rmsd: 0.023267
  step:   7 bond rmsd: 0.018664
  step:   8 bond rmsd: 0.015023
  step:   9 bond rmsd: 0.012145
  step:  10 bond rmsd: 0.009876
  step:  11 bond rmsd: 0.008095
  step:  12 bond rmsd: 0.006708
  step:  13 bond rmsd: 0.005640
  step:  14 bond rmsd: 0.004828
  step:  15 bond rmsd: 0.004222
  step:  16 bond rmsd: 0.003778
  step:  17 bond rmsd: 0.003459
  step:  18 bond rmsd: 0.003233
  step:  19 bond rmsd: 0.003075
  step:  20 bond rmsd: 0.002965
  step:  21 bond rmsd: 0.002889
  step:  22 bond rmsd: 0.002836
  step:  23 bond rmsd: 0.002797
  step:  24 bond rmsd: 0.002769
  step:  25 bond rmsd: 0.002748
  step:  26 bond rmsd: 0.002731
  step:  27 bond rmsd: 0.002716
  step:  28 bond rmsd: 0.002703
  step:  29 bond rmsd: 0.002689
  step:  30 bond rmsd: 0.002672
  step:  31 bond rmsd: 0.002651
  step:  32 bond rmsd: 0.002623
  step:  33 bond rmsd: 0.002581
  step:  34 bond rmsd: 0.002521
  step:  35 bond rmsd: 0.002413
  step:  36 bond rmsd: 0.002342
  step:  37 bond rmsd: 0.002275
  step:  38 bond rmsd: 0.002227
  step:  39 bond rmsd: 0.002216
  step:  40 bond rmsd: 0.002198
  step:  41 bond rmsd: 0.002214
  step:  42 bond rmsd: 0.002226
  step:  43 bond rmsd: 0.002268
  step:  44 bond rmsd: 0.002303
  step:  45 bond rmsd: 0.002366
  step:  46 bond rmsd: 0.002409
  step:  47 bond rmsd: 0.002458
  step:  48 bond rmsd: 0.002509
  step:  49 bond rmsd: 0.002539
  step:  50 bond rmsd: 0.002617
  step:  51 bond rmsd: 0.002626
  step:  52 bond rmsd: 0.002651
micro_cycle   2 rmsd(b):  0.0027 rws:  1.000 n_fev: 104
  step:   1 bond rmsd: 0.002651
  step:   2 bond rmsd: 0.039282
  step:   3 bond rmsd: 0.039282
  step:   4 bond rmsd: 0.031657
  step:   5 bond rmsd: 0.025544
  step:   6 bond rmsd: 0.020588
  step:   7 bond rmsd: 0.016584
  step:   8 bond rmsd: 0.013357
  step:   9 bond rmsd: 0.010767
  step:  10 bond rmsd: 0.008698
  step:  11 bond rmsd: 0.007058
  step:  12 bond rmsd: 0.005772
  step:  13 bond rmsd: 0.004779
  step:  14 bond rmsd: 0.004027
  step:  15 bond rmsd: 0.003474
  step:  16 bond rmsd: 0.003080
  step:  17 bond rmsd: 0.002810
  step:  18 bond rmsd: 0.002632
  step:  19 bond rmsd: 0.002520
  step:  20 bond rmsd: 0.002452
  step:  21 bond rmsd: 0.002412
  step:  22 bond rmsd: 0.002391
  step:  23 bond rmsd: 0.002380
  step:  24 bond rmsd: 0.002376
  step:  25 bond rmsd: 0.002375
  step:  26 bond rmsd: 0.002376
  step:  27 bond rmsd: 0.002377
  step:  28 bond rmsd: 0.002379
  step:  29 bond rmsd: 0.002380
  step:  30 bond rmsd: 0.002380
  step:  31 bond rmsd: 0.002376
  step:  32 bond rmsd: 0.002366
  step:  33 bond rmsd: 0.002342
  step:  34 bond rmsd: 0.002294
  step:  35 bond rmsd: 0.002186
  step:  36 bond rmsd: 0.002112
  step:  37 bond rmsd: 0.002059
  step:  38 bond rmsd: 0.002026
  step:  39 bond rmsd: 0.002018
  step:  40 bond rmsd: 0.002003
  step:  41 bond rmsd: 0.001997
  step:  42 bond rmsd: 0.001992
  step:  43 bond rmsd: 0.001996
  step:  44 bond rmsd: 0.001996
  step:  45 bond rmsd: 0.002002
  step:  46 bond rmsd: 0.002008
  step:  47 bond rmsd: 0.002021
  step:  48 bond rmsd: 0.002031
  step:  49 bond rmsd: 0.002049
  step:  50 bond rmsd: 0.002074
  step:  51 bond rmsd: 0.002093
  step:  52 bond rmsd: 0.002115
micro_cycle   3 rmsd(b):  0.0021 rws:  1.000 n_fev: 156
  step:   1 bond rmsd: 0.002115
  step:   2 bond rmsd: 0.069631
  step:   3 bond rmsd: 0.004599
  step:   4 bond rmsd: 0.003910
  step:   5 bond rmsd: 0.003391
  step:   6 bond rmsd: 0.003007
  step:   7 bond rmsd: 0.002727
  step:   8 bond rmsd: 0.002527
  step:   9 bond rmsd: 0.002385
  step:  10 bond rmsd: 0.002286
  step:  11 bond rmsd: 0.002216
  step:  12 bond rmsd: 0.002166
  step:  13 bond rmsd: 0.002131
  step:  14 bond rmsd: 0.002106
  step:  15 bond rmsd: 0.002088
  step:  16 bond rmsd: 0.002074
  step:  17 bond rmsd: 0.002063
  step:  18 bond rmsd: 0.002054
  step:  19 bond rmsd: 0.002047
  step:  20 bond rmsd: 0.002041
  step:  21 bond rmsd: 0.002035
  step:  22 bond rmsd: 0.002029
  step:  23 bond rmsd: 0.002021
  step:  24 bond rmsd: 0.002012
  step:  25 bond rmsd: 0.001999
  step:  26 bond rmsd: 0.001981
  step:  27 bond rmsd: 0.001957
  step:  28 bond rmsd: 0.001926
  step:  29 bond rmsd: 0.001907
  step:  30 bond rmsd: 0.001911
  step:  31 bond rmsd: 0.001901
  step:  32 bond rmsd: 0.001912
  step:  33 bond rmsd: 0.001928
  step:  34 bond rmsd: 0.001946
  step:  35 bond rmsd: 0.001960
  step:  36 bond rmsd: 0.001991
  step:  37 bond rmsd: 0.002012
  step:  38 bond rmsd: 0.002058
  step:  39 bond rmsd: 0.002091
  step:  40 bond rmsd: 0.002140
  step:  41 bond rmsd: 0.002249
  step:  42 bond rmsd: 0.002292
  step:  43 bond rmsd: 0.002356
  step:  44 bond rmsd: 0.002403
  step:  45 bond rmsd: 0.002490
  step:  46 bond rmsd: 0.002527
  step:  47 bond rmsd: 0.002484
  step:  48 bond rmsd: 0.002485
  step:  49 bond rmsd: 0.002456
  step:  50 bond rmsd: 0.002420
  step:  51 bond rmsd: 0.002325
  step:  52 bond rmsd: 0.002300
micro_cycle   4 rmsd(b):  0.0023 rws:  1.000 n_fev: 208
  step:   1 bond rmsd: 0.002300
  step:   2 bond rmsd: 0.067776
  step:   3 bond rmsd: 0.025827
  step:   4 bond rmsd: 0.020776
  step:   5 bond rmsd: 0.016746
  step:   6 bond rmsd: 0.013536
  step:   7 bond rmsd: 0.010982
  step:   8 bond rmsd: 0.008957
  step:   9 bond rmsd: 0.007357
  step:  10 bond rmsd: 0.006101
  step:  11 bond rmsd: 0.005123
  step:  12 bond rmsd: 0.004369
  step:  13 bond rmsd: 0.003796
  step:  14 bond rmsd: 0.003367
  step:  15 bond rmsd: 0.003049
  step:  16 bond rmsd: 0.002817
  step:  17 bond rmsd: 0.002649
  step:  18 bond rmsd: 0.002527
  step:  19 bond rmsd: 0.002439
  step:  20 bond rmsd: 0.002375
  step:  21 bond rmsd: 0.002327
  step:  22 bond rmsd: 0.002290
  step:  23 bond rmsd: 0.002262
  step:  24 bond rmsd: 0.002239
  step:  25 bond rmsd: 0.002219
  step:  26 bond rmsd: 0.002201
  step:  27 bond rmsd: 0.002183
  step:  28 bond rmsd: 0.002164
  step:  29 bond rmsd: 0.002143
  step:  30 bond rmsd: 0.002116
  step:  31 bond rmsd: 0.002079
  step:  32 bond rmsd: 0.002030
  step:  33 bond rmsd: 0.001964
  step:  34 bond rmsd: 0.001882
  step:  35 bond rmsd: 0.001810
  step:  36 bond rmsd: 0.001811
  step:  37 bond rmsd: 0.001773
  step:  38 bond rmsd: 0.001732
  step:  39 bond rmsd: 0.001714
  step:  40 bond rmsd: 0.001701
  step:  41 bond rmsd: 0.001695
  step:  42 bond rmsd: 0.001685
  step:  43 bond rmsd: 0.001682
  step:  44 bond rmsd: 0.001676
  step:  45 bond rmsd: 0.001676
  step:  46 bond rmsd: 0.001680
  step:  47 bond rmsd: 0.001676
  step:  48 bond rmsd: 0.001681
  step:  49 bond rmsd: 0.001689
  step:  50 bond rmsd: 0.001696
  step:  51 bond rmsd: 0.001703
  step:  52 bond rmsd: 0.001724
micro_cycle   5 rmsd(b):  0.0017 rws:  1.000 n_fev: 260
  step:   1 bond rmsd: 0.001724
  step:   2 bond rmsd: 0.047765
  step:   3 bond rmsd: 0.003437
  step:   4 bond rmsd: 0.002974
  step:   5 bond rmsd: 0.002626
  step:   6 bond rmsd: 0.002370
  step:   7 bond rmsd: 0.002185
  step:   8 bond rmsd: 0.002052
  step:   9 bond rmsd: 0.001958
  step:  10 bond rmsd: 0.001892
  step:  11 bond rmsd: 0.001845
  step:  12 bond rmsd: 0.001812
  step:  13 bond rmsd: 0.001788
  step:  14 bond rmsd: 0.001771
  step:  15 bond rmsd: 0.001758
  step:  16 bond rmsd: 0.001748
  step:  17 bond rmsd: 0.001741
  step:  18 bond rmsd: 0.001735
  step:  19 bond rmsd: 0.001731
  step:  20 bond rmsd: 0.001727
  step:  21 bond rmsd: 0.001723
  step:  22 bond rmsd: 0.001720
  step:  23 bond rmsd: 0.001716
  step:  24 bond rmsd: 0.001713
  step:  25 bond rmsd: 0.001708
  step:  26 bond rmsd: 0.001704
  step:  27 bond rmsd: 0.001698
  step:  28 bond rmsd: 0.001694
  step:  29 bond rmsd: 0.001697
  step:  30 bond rmsd: 0.001702
  step:  31 bond rmsd: 0.001702
  step:  32 bond rmsd: 0.001713
  step:  33 bond rmsd: 0.001721
  step:  34 bond rmsd: 0.001744
  step:  35 bond rmsd: 0.001750
  step:  36 bond rmsd: 0.001752
  step:  37 bond rmsd: 0.001757
  step:  38 bond rmsd: 0.001762
  step:  39 bond rmsd: 0.001769
  step:  40 bond rmsd: 0.001776
  step:  41 bond rmsd: 0.001782
  step:  42 bond rmsd: 0.001790
  step:  43 bond rmsd: 0.001803
  step:  44 bond rmsd: 0.001813
  step:  45 bond rmsd: 0.001817
  step:  46 bond rmsd: 0.001834
  step:  47 bond rmsd: 0.001836
  step:  48 bond rmsd: 0.001858
  step:  49 bond rmsd: 0.001861
  step:  50 bond rmsd: 0.001873
  step:  51 bond rmsd: 0.001867
  step:  52 bond rmsd: 0.001863
micro_cycle   6 rmsd(b):  0.0019 rws:  1.000 n_fev: 312
  step:   1 bond rmsd: 0.001863
  step:   2 bond rmsd: 0.077792
  step:   3 bond rmsd: 0.012514
  step:   4 bond rmsd: 0.010055
  step:   5 bond rmsd: 0.008097
  step:   6 bond rmsd: 0.006551
  step:   7 bond rmsd: 0.005337
  step:   8 bond rmsd: 0.004391
  step:   9 bond rmsd: 0.003662
  step:  10 bond rmsd: 0.003110
  step:  11 bond rmsd: 0.002699
  step:  12 bond rmsd: 0.002401
  step:  13 bond rmsd: 0.002191
  step:  14 bond rmsd: 0.002045
  step:  15 bond rmsd: 0.001947
  step:  16 bond rmsd: 0.001881
  step:  17 bond rmsd: 0.001838
  step:  18 bond rmsd: 0.001810
  step:  19 bond rmsd: 0.001792
  step:  20 bond rmsd: 0.001780
  step:  21 bond rmsd: 0.001772
  step:  22 bond rmsd: 0.001767
  step:  23 bond rmsd: 0.001764
  step:  24 bond rmsd: 0.001761
  step:  25 bond rmsd: 0.001760
  step:  26 bond rmsd: 0.001758
  step:  27 bond rmsd: 0.001756
  step:  28 bond rmsd: 0.001754
  step:  29 bond rmsd: 0.001751
  step:  30 bond rmsd: 0.001746
  step:  31 bond rmsd: 0.001736
  step:  32 bond rmsd: 0.001713
  step:  33 bond rmsd: 0.001706
  step:  34 bond rmsd: 0.001690
  step:  35 bond rmsd: 0.001689
  step:  36 bond rmsd: 0.001696
  step:  37 bond rmsd: 0.001693
  step:  38 bond rmsd: 0.001699
  step:  39 bond rmsd: 0.001704
  step:  40 bond rmsd: 0.001712
  step:  41 bond rmsd: 0.001716
  step:  42 bond rmsd: 0.001719
  step:  43 bond rmsd: 0.001722
  step:  44 bond rmsd: 0.001721
  step:  45 bond rmsd: 0.001719
  step:  46 bond rmsd: 0.001717
  step:  47 bond rmsd: 0.001713
  step:  48 bond rmsd: 0.001708
  step:  49 bond rmsd: 0.001706
  step:  50 bond rmsd: 0.001697
  step:  51 bond rmsd: 0.001691
  step:  52 bond rmsd: 0.001682
micro_cycle   7 rmsd(b):  0.0017 rws:  1.000 n_fev: 364
  step:   1 bond rmsd: 0.001682
  step:   2 bond rmsd: 0.067511
  step:   3 bond rmsd: 0.002259
  step:   4 bond rmsd: 0.002081
  step:   5 bond rmsd: 0.001955
  step:   6 bond rmsd: 0.001869
  step:   7 bond rmsd: 0.001809
  step:   8 bond rmsd: 0.001768
  step:   9 bond rmsd: 0.001741
  step:  10 bond rmsd: 0.001722
  step:  11 bond rmsd: 0.001708
  step:  12 bond rmsd: 0.001699
  step:  13 bond rmsd: 0.001693
  step:  14 bond rmsd: 0.001688
  step:  15 bond rmsd: 0.001685
  step:  16 bond rmsd: 0.001682
  step:  17 bond rmsd: 0.001680
  step:  18 bond rmsd: 0.001679
  step:  19 bond rmsd: 0.001677
  step:  20 bond rmsd: 0.001676
  step:  21 bond rmsd: 0.001675
  step:  22 bond rmsd: 0.001674
  step:  23 bond rmsd: 0.001673
  step:  24 bond rmsd: 0.001672
  step:  25 bond rmsd: 0.001671
  step:  26 bond rmsd: 0.001670
  step:  27 bond rmsd: 0.001658
  step:  28 bond rmsd: 0.001657
  step:  29 bond rmsd: 0.001657
  step:  30 bond rmsd: 0.001661
  step:  31 bond rmsd: 0.001659
  step:  32 bond rmsd: 0.001658
  step:  33 bond rmsd: 0.001662
  step:  34 bond rmsd: 0.001658
  step:  35 bond rmsd: 0.001661
  step:  36 bond rmsd: 0.001662
  step:  37 bond rmsd: 0.001665
  step:  38 bond rmsd: 0.001662
  step:  39 bond rmsd: 0.001663
  step:  40 bond rmsd: 0.001691
  step:  41 bond rmsd: 0.001692
  step:  42 bond rmsd: 0.001690
  step:  43 bond rmsd: 0.001690
  step:  44 bond rmsd: 0.001705
  step:  45 bond rmsd: 0.001701
  step:  46 bond rmsd: 0.001694
  step:  47 bond rmsd: 0.001685
  step:  48 bond rmsd: 0.001683
  step:  49 bond rmsd: 0.001667
  step:  50 bond rmsd: 0.001663
  step:  51 bond rmsd: 0.001659
  step:  52 bond rmsd: 0.001655
micro_cycle   8 rmsd(b):  0.0017 rws:  1.000 n_fev: 416
  step:   1 bond rmsd: 0.001655
  step:   2 bond rmsd: 0.080373
  step:   3 bond rmsd: 0.006646
  step:   4 bond rmsd: 0.005430
  step:   5 bond rmsd: 0.004477
  step:   6 bond rmsd: 0.003735
  step:   7 bond rmsd: 0.003166
  step:   8 bond rmsd: 0.002735
  step:   9 bond rmsd: 0.002415
  step:  10 bond rmsd: 0.002182
  step:  11 bond rmsd: 0.002016
  step:  12 bond rmsd: 0.001899
  step:  13 bond rmsd: 0.001817
  step:  14 bond rmsd: 0.001761
  step:  15 bond rmsd: 0.001723
  step:  16 bond rmsd: 0.001696
  step:  17 bond rmsd: 0.001678
  step:  18 bond rmsd: 0.001665
  step:  19 bond rmsd: 0.001655
  step:  20 bond rmsd: 0.001648
  step:  21 bond rmsd: 0.001643
  step:  22 bond rmsd: 0.001639
  step:  23 bond rmsd: 0.001636
  step:  24 bond rmsd: 0.001633
  step:  25 bond rmsd: 0.001630
  step:  26 bond rmsd: 0.001627
  step:  27 bond rmsd: 0.001623
  step:  28 bond rmsd: 0.001619
  step:  29 bond rmsd: 0.001615
  step:  30 bond rmsd: 0.001608
  step:  31 bond rmsd: 0.001601
  step:  32 bond rmsd: 0.001590
  step:  33 bond rmsd: 0.001598
  step:  34 bond rmsd: 0.001593
  step:  35 bond rmsd: 0.001593
  step:  36 bond rmsd: 0.001593
  step:  37 bond rmsd: 0.001608
  step:  38 bond rmsd: 0.001607
  step:  39 bond rmsd: 0.001603
  step:  40 bond rmsd: 0.001602
  step:  41 bond rmsd: 0.001598
  step:  42 bond rmsd: 0.001594
  step:  43 bond rmsd: 0.001586
  step:  44 bond rmsd: 0.001584
  step:  45 bond rmsd: 0.001579
  step:  46 bond rmsd: 0.001578
  step:  47 bond rmsd: 0.001575
  step:  48 bond rmsd: 0.001576
  step:  49 bond rmsd: 0.001575
  step:  50 bond rmsd: 0.001571
  step:  51 bond rmsd: 0.001574
  step:  52 bond rmsd: 0.001573
micro_cycle   9 rmsd(b):  0.0016 rws:  1.000 n_fev: 468
  step:   1 bond rmsd: 0.001573
  step:   2 bond rmsd: 0.043204
  step:   3 bond rmsd: 0.001904
  step:   4 bond rmsd: 0.001795
  step:   5 bond rmsd: 0.001721
  step:   6 bond rmsd: 0.001671
  step:   7 bond rmsd: 0.001638
  step:   8 bond rmsd: 0.001617
  step:   9 bond rmsd: 0.001603
  step:  10 bond rmsd: 0.001594
  step:  11 bond rmsd: 0.001588
  step:  12 bond rmsd: 0.001585
  step:  13 bond rmsd: 0.001583
  step:  14 bond rmsd: 0.001582
  step:  15 bond rmsd: 0.001582
  step:  16 bond rmsd: 0.001582
  step:  17 bond rmsd: 0.001582
  step:  18 bond rmsd: 0.001582
  step:  19 bond rmsd: 0.001582
  step:  20 bond rmsd: 0.001583
  step:  21 bond rmsd: 0.001584
  step:  22 bond rmsd: 0.001585
  step:  23 bond rmsd: 0.001587
  step:  24 bond rmsd: 0.001589
  step:  25 bond rmsd: 0.001593
  step:  26 bond rmsd: 0.001599
  step:  27 bond rmsd: 0.001593
  step:  28 bond rmsd: 0.001603
  step:  29 bond rmsd: 0.001599
  step:  30 bond rmsd: 0.001604
  step:  31 bond rmsd: 0.001612
  step:  32 bond rmsd: 0.001616
  step:  33 bond rmsd: 0.001618
  step:  34 bond rmsd: 0.001622
  step:  35 bond rmsd: 0.001625
  step:  36 bond rmsd: 0.001627
  step:  37 bond rmsd: 0.001630
  step:  38 bond rmsd: 0.001630
  step:  39 bond rmsd: 0.001632
  step:  40 bond rmsd: 0.001631
  step:  41 bond rmsd: 0.001640
  step:  42 bond rmsd: 0.001637
  step:  43 bond rmsd: 0.001629
  step:  44 bond rmsd: 0.001618
  step:  45 bond rmsd: 0.001610
  step:  46 bond rmsd: 0.001591
  step:  47 bond rmsd: 0.001577
  step:  48 bond rmsd: 0.001568
  step:  49 bond rmsd: 0.001557
  step:  50 bond rmsd: 0.001542
  step:  51 bond rmsd: 0.001538
  step:  52 bond rmsd: 0.001534
micro_cycle  10 rmsd(b):  0.0015 rws:  1.000 n_fev: 520
  step:   1 bond rmsd: 0.001534
  step:   2 bond rmsd: 0.044688
  step:   3 bond rmsd: 0.005215
  step:   4 bond rmsd: 0.004305
  step:   5 bond rmsd: 0.003595
  step:   6 bond rmsd: 0.003048
  step:   7 bond rmsd: 0.002631
  step:   8 bond rmsd: 0.002318
  step:   9 bond rmsd: 0.002089
  step:  10 bond rmsd: 0.001923
  step:  11 bond rmsd: 0.001805
  step:  12 bond rmsd: 0.001722
  step:  13 bond rmsd: 0.001665
  step:  14 bond rmsd: 0.001625
  step:  15 bond rmsd: 0.001597
  step:  16 bond rmsd: 0.001579
  step:  17 bond rmsd: 0.001566
  step:  18 bond rmsd: 0.001557
  step:  19 bond rmsd: 0.001550
  step:  20 bond rmsd: 0.001546
  step:  21 bond rmsd: 0.001543
  step:  22 bond rmsd: 0.001542
  step:  23 bond rmsd: 0.001540
  step:  24 bond rmsd: 0.001540
  step:  25 bond rmsd: 0.001540
  step:  26 bond rmsd: 0.001541
  step:  27 bond rmsd: 0.001543
  step:  28 bond rmsd: 0.001546
  step:  29 bond rmsd: 0.001552
  step:  30 bond rmsd: 0.001561
  step:  31 bond rmsd: 0.001573
  step:  32 bond rmsd: 0.001579
  step:  33 bond rmsd: 0.001596
  step:  34 bond rmsd: 0.001602
  step:  35 bond rmsd: 0.001611
  step:  36 bond rmsd: 0.001616
  step:  37 bond rmsd: 0.001622
  step:  38 bond rmsd: 0.001628
  step:  39 bond rmsd: 0.001635
  step:  40 bond rmsd: 0.001639
  step:  41 bond rmsd: 0.001645
  step:  42 bond rmsd: 0.001648
  step:  43 bond rmsd: 0.001650
  step:  44 bond rmsd: 0.001652
  step:  45 bond rmsd: 0.001651
  step:  46 bond rmsd: 0.001644
  step:  47 bond rmsd: 0.001641
  step:  48 bond rmsd: 0.001637
  step:  49 bond rmsd: 0.001632
  step:  50 bond rmsd: 0.001623
  step:  51 bond rmsd: 0.001618
  step:  52 bond rmsd: 0.001610
micro_cycle  11 rmsd(b):  0.0016 rws:  1.000 n_fev: 572
  step:   1 bond rmsd: 0.001610
  step:   2 bond rmsd: 0.043693
  step:   3 bond rmsd: 0.001636
  step:   4 bond rmsd: 0.001626
  step:   5 bond rmsd: 0.001619
  step:   6 bond rmsd: 0.001614
  step:   7 bond rmsd: 0.001610
  step:   8 bond rmsd: 0.001607
  step:   9 bond rmsd: 0.001604
  step:  10 bond rmsd: 0.001603
  step:  11 bond rmsd: 0.001601
  step:  12 bond rmsd: 0.001601
  step:  13 bond rmsd: 0.001600
  step:  14 bond rmsd: 0.001600
  step:  15 bond rmsd: 0.001599
  step:  16 bond rmsd: 0.001598
  step:  17 bond rmsd: 0.001597
  step:  18 bond rmsd: 0.001594
  step:  19 bond rmsd: 0.001585
  step:  20 bond rmsd: 0.001582
  step:  21 bond rmsd: 0.001574
  step:  22 bond rmsd: 0.001573
  step:  23 bond rmsd: 0.001572
  step:  24 bond rmsd: 0.001572
  step:  25 bond rmsd: 0.001571
  step:  26 bond rmsd: 0.001570
  step:  27 bond rmsd: 0.001570
  step:  28 bond rmsd: 0.001568
  step:  29 bond rmsd: 0.001570
  step:  30 bond rmsd: 0.001569
  step:  31 bond rmsd: 0.001571
  step:  32 bond rmsd: 0.001571
  step:  33 bond rmsd: 0.001566
  step:  34 bond rmsd: 0.001565
  step:  35 bond rmsd: 0.001569
  step:  36 bond rmsd: 0.001568
  step:  37 bond rmsd: 0.001569
  step:  38 bond rmsd: 0.001575
  step:  39 bond rmsd: 0.001578
  step:  40 bond rmsd: 0.001578
  step:  41 bond rmsd: 0.001586
  step:  42 bond rmsd: 0.001590
  step:  43 bond rmsd: 0.001590
  step:  44 bond rmsd: 0.001596
  step:  45 bond rmsd: 0.001601
  step:  46 bond rmsd: 0.001613
  step:  47 bond rmsd: 0.001615
  step:  48 bond rmsd: 0.001621
  step:  49 bond rmsd: 0.001617
  step:  50 bond rmsd: 0.001618
  step:  51 bond rmsd: 0.001618
  step:  52 bond rmsd: 0.001616
micro_cycle  12 rmsd(b):  0.0016 rws:  1.000 n_fev: 624
  step:   1 bond rmsd: 0.001616
  step:   2 bond rmsd: 0.047109
  step:   3 bond rmsd: 0.001813
  step:   4 bond rmsd: 0.001744
  step:   5 bond rmsd: 0.001698
  step:   6 bond rmsd: 0.001666
  step:   7 bond rmsd: 0.001643
  step:   8 bond rmsd: 0.001628
  step:   9 bond rmsd: 0.001616
  step:  10 bond rmsd: 0.001608
  step:  11 bond rmsd: 0.001602
  step:  12 bond rmsd: 0.001597
  step:  13 bond rmsd: 0.001593
  step:  14 bond rmsd: 0.001590
  step:  15 bond rmsd: 0.001587
  step:  16 bond rmsd: 0.001585
  step:  17 bond rmsd: 0.001583
  step:  18 bond rmsd: 0.001581
  step:  19 bond rmsd: 0.001579
  step:  20 bond rmsd: 0.001576
  step:  21 bond rmsd: 0.001572
  step:  22 bond rmsd: 0.001566
  step:  23 bond rmsd: 0.001559
  step:  24 bond rmsd: 0.001549
  step:  25 bond rmsd: 0.001543
  step:  26 bond rmsd: 0.001538
  step:  27 bond rmsd: 0.001539
  step:  28 bond rmsd: 0.001537
  step:  29 bond rmsd: 0.001535
  step:  30 bond rmsd: 0.001533
  step:  31 bond rmsd: 0.001532
  step:  32 bond rmsd: 0.001531
  step:  33 bond rmsd: 0.001531
  step:  34 bond rmsd: 0.001531
  step:  35 bond rmsd: 0.001532
  step:  36 bond rmsd: 0.001533
  step:  37 bond rmsd: 0.001534
  step:  38 bond rmsd: 0.001536
  step:  39 bond rmsd: 0.001537
  step:  40 bond rmsd: 0.001541
  step:  41 bond rmsd: 0.001549
  step:  42 bond rmsd: 0.001560
  step:  43 bond rmsd: 0.001571
  step:  44 bond rmsd: 0.001591
  step:  45 bond rmsd: 0.001601
  step:  46 bond rmsd: 0.001612
  step:  47 bond rmsd: 0.001624
  step:  48 bond rmsd: 0.001634
  step:  49 bond rmsd: 0.001646
  step:  50 bond rmsd: 0.001654
  step:  51 bond rmsd: 0.001665
  step:  52 bond rmsd: 0.001675
micro_cycle  13 rmsd(b):  0.0017 rws:  1.000 n_fev: 676
  step:   1 bond rmsd: 0.001675
  step:   2 bond rmsd: 0.065725
  step:   3 bond rmsd: 0.001676
  step:   4 bond rmsd: 0.001671
  step:   5 bond rmsd: 0.001668
  step:   6 bond rmsd: 0.001666
  step:   7 bond rmsd: 0.001664
  step:   8 bond rmsd: 0.001662
  step:   9 bond rmsd: 0.001661
  step:  10 bond rmsd: 0.001659
  step:  11 bond rmsd: 0.001658
  step:  12 bond rmsd: 0.001657
  step:  13 bond rmsd: 0.001656
  step:  14 bond rmsd: 0.001654
  step:  15 bond rmsd: 0.001652
  step:  16 bond rmsd: 0.001650
  step:  17 bond rmsd: 0.001646
  step:  18 bond rmsd: 0.001640
  step:  19 bond rmsd: 0.001630
  step:  20 bond rmsd: 0.001616
  step:  21 bond rmsd: 0.001608
  step:  22 bond rmsd: 0.001595
  step:  23 bond rmsd: 0.001584
  step:  24 bond rmsd: 0.001573
  step:  25 bond rmsd: 0.001565
  step:  26 bond rmsd: 0.001560
  step:  27 bond rmsd: 0.001554
  step:  28 bond rmsd: 0.001550
  step:  29 bond rmsd: 0.001549
  step:  30 bond rmsd: 0.001545
  step:  31 bond rmsd: 0.001543
  step:  32 bond rmsd: 0.001540
  step:  33 bond rmsd: 0.001542
  step:  34 bond rmsd: 0.001540
  step:  35 bond rmsd: 0.001537
  step:  36 bond rmsd: 0.001535
  step:  37 bond rmsd: 0.001533
  step:  38 bond rmsd: 0.001531
  step:  39 bond rmsd: 0.001531
  step:  40 bond rmsd: 0.001531
  step:  41 bond rmsd: 0.001530
  step:  42 bond rmsd: 0.001531
  step:  43 bond rmsd: 0.001534
  step:  44 bond rmsd: 0.001536
  step:  45 bond rmsd: 0.001533
  step:  46 bond rmsd: 0.001535
  step:  47 bond rmsd: 0.001540
  step:  48 bond rmsd: 0.001544
  step:  49 bond rmsd: 0.001549
  step:  50 bond rmsd: 0.001558
  step:  51 bond rmsd: 0.001564
  step:  52 bond rmsd: 0.001567
micro_cycle  14 rmsd(b):  0.0016 rws:  1.000 n_fev: 728
  step:   1 bond rmsd: 0.001567
  step:   2 bond rmsd: 0.082127
  step:   3 bond rmsd: 0.001630
  step:   4 bond rmsd: 0.001607
  step:   5 bond rmsd: 0.001591
  step:   6 bond rmsd: 0.001581
  step:   7 bond rmsd: 0.001574
  step:   8 bond rmsd: 0.001570
  step:   9 bond rmsd: 0.001566
  step:  10 bond rmsd: 0.001564
  step:  11 bond rmsd: 0.001562
  step:  12 bond rmsd: 0.001561
  step:  13 bond rmsd: 0.001560
  step:  14 bond rmsd: 0.001559
  step:  15 bond rmsd: 0.001558
  step:  16 bond rmsd: 0.001557
  step:  17 bond rmsd: 0.001556
  step:  18 bond rmsd: 0.001555
  step:  19 bond rmsd: 0.001554
  step:  20 bond rmsd: 0.001551
  step:  21 bond rmsd: 0.001548
  step:  22 bond rmsd: 0.001543
  step:  23 bond rmsd: 0.001540
  step:  24 bond rmsd: 0.001537
  step:  25 bond rmsd: 0.001537
  step:  26 bond rmsd: 0.001531
  step:  27 bond rmsd: 0.001531
  step:  28 bond rmsd: 0.001532
  step:  29 bond rmsd: 0.001532
  step:  30 bond rmsd: 0.001533
  step:  31 bond rmsd: 0.001535
  step:  32 bond rmsd: 0.001536
  step:  33 bond rmsd: 0.001537
  step:  34 bond rmsd: 0.001542
  step:  35 bond rmsd: 0.001545
  step:  36 bond rmsd: 0.001548
  step:  37 bond rmsd: 0.001552
  step:  38 bond rmsd: 0.001558
  step:  39 bond rmsd: 0.001561
  step:  40 bond rmsd: 0.001567
  step:  41 bond rmsd: 0.001573
  step:  42 bond rmsd: 0.001579
  step:  43 bond rmsd: 0.001586
  step:  44 bond rmsd: 0.001592
  step:  45 bond rmsd: 0.001599
  step:  46 bond rmsd: 0.001605
  step:  47 bond rmsd: 0.001609
  step:  48 bond rmsd: 0.001615
  step:  49 bond rmsd: 0.001620
  step:  50 bond rmsd: 0.001625
  step:  51 bond rmsd: 0.001628
  step:  52 bond rmsd: 0.001632
micro_cycle  15 rmsd(b):  0.0016 rws:  1.000 n_fev: 780
  step:   1 bond rmsd: 0.001632
  step:   2 bond rmsd: 0.054480
  step:   3 bond rmsd: 0.001628
  step:   4 bond rmsd: 0.001627
  step:   5 bond rmsd: 0.001626
  step:   6 bond rmsd: 0.001625
  step:   7 bond rmsd: 0.001624
  step:   8 bond rmsd: 0.001623
  step:   9 bond rmsd: 0.001621
  step:  10 bond rmsd: 0.001620
  step:  11 bond rmsd: 0.001619
  step:  12 bond rmsd: 0.001617
  step:  13 bond rmsd: 0.001616
  step:  14 bond rmsd: 0.001614
  step:  15 bond rmsd: 0.001612
  step:  16 bond rmsd: 0.001608
  step:  17 bond rmsd: 0.001602
  step:  18 bond rmsd: 0.001593
  step:  19 bond rmsd: 0.001586
  step:  20 bond rmsd: 0.001582
  step:  21 bond rmsd: 0.001577
  step:  22 bond rmsd: 0.001572
  step:  23 bond rmsd: 0.001567
  step:  24 bond rmsd: 0.001561
  step:  25 bond rmsd: 0.001556
  step:  26 bond rmsd: 0.001551
  step:  27 bond rmsd: 0.001545
  step:  28 bond rmsd: 0.001541
  step:  29 bond rmsd: 0.001536
  step:  30 bond rmsd: 0.001532
  step:  31 bond rmsd: 0.001527
  step:  32 bond rmsd: 0.001525
  step:  33 bond rmsd: 0.001524
  step:  34 bond rmsd: 0.001523
  step:  35 bond rmsd: 0.001522
  step:  36 bond rmsd: 0.001523
  step:  37 bond rmsd: 0.001524
  step:  38 bond rmsd: 0.001527
  step:  39 bond rmsd: 0.001528
  step:  40 bond rmsd: 0.001530
  step:  41 bond rmsd: 0.001533
  step:  42 bond rmsd: 0.001535
  step:  43 bond rmsd: 0.001538
  step:  44 bond rmsd: 0.001542
  step:  45 bond rmsd: 0.001546
  step:  46 bond rmsd: 0.001548
  step:  47 bond rmsd: 0.001552
  step:  48 bond rmsd: 0.001556
  step:  49 bond rmsd: 0.001558
  step:  50 bond rmsd: 0.001563
  step:  51 bond rmsd: 0.001566
  step:  52 bond rmsd: 0.001563
micro_cycle  16 rmsd(b):  0.0016 rws:  1.000 n_fev: 832
  step:   1 bond rmsd: 0.001563
  step:   2 bond rmsd: 0.062882
  step:   3 bond rmsd: 0.001702
  step:   4 bond rmsd: 0.001665
  step:   5 bond rmsd: 0.001639
  step:   6 bond rmsd: 0.001620
  step:   7 bond rmsd: 0.001606
  step:   8 bond rmsd: 0.001596
  step:   9 bond rmsd: 0.001589
  step:  10 bond rmsd: 0.001583
  step:  11 bond rmsd: 0.001579
  step:  12 bond rmsd: 0.001575
  step:  13 bond rmsd: 0.001572
  step:  14 bond rmsd: 0.001570
  step:  15 bond rmsd: 0.001568
  step:  16 bond rmsd: 0.001566
  step:  17 bond rmsd: 0.001565
  step:  18 bond rmsd: 0.001563
  step:  19 bond rmsd: 0.001562
  step:  20 bond rmsd: 0.001560
  step:  21 bond rmsd: 0.001558
  step:  22 bond rmsd: 0.001555
  step:  23 bond rmsd: 0.001552
  step:  24 bond rmsd: 0.001549
  step:  25 bond rmsd: 0.001550
  step:  26 bond rmsd: 0.001548
  step:  27 bond rmsd: 0.001545
  step:  28 bond rmsd: 0.001544
  step:  29 bond rmsd: 0.001538
  step:  30 bond rmsd: 0.001539
  step:  31 bond rmsd: 0.001541
  step:  32 bond rmsd: 0.001543
  step:  33 bond rmsd: 0.001545
  step:  34 bond rmsd: 0.001547
  step:  35 bond rmsd: 0.001550
  step:  36 bond rmsd: 0.001552
  step:  37 bond rmsd: 0.001555
  step:  38 bond rmsd: 0.001558
  step:  39 bond rmsd: 0.001563
  step:  40 bond rmsd: 0.001566
  step:  41 bond rmsd: 0.001574
  step:  42 bond rmsd: 0.001577
  step:  43 bond rmsd: 0.001583
  step:  44 bond rmsd: 0.001586
  step:  45 bond rmsd: 0.001592
  step:  46 bond rmsd: 0.001595
  step:  47 bond rmsd: 0.001599
  step:  48 bond rmsd: 0.001602
  step:  49 bond rmsd: 0.001606
  step:  50 bond rmsd: 0.001609
  step:  51 bond rmsd: 0.001612
  step:  52 bond rmsd: 0.001617
micro_cycle  17 rmsd(b):  0.0016 rws:  1.000 n_fev: 884
  step:   1 bond rmsd: 0.001617
  step:   2 bond rmsd: 0.048837
  step:   3 bond rmsd: 0.001613
  step:   4 bond rmsd: 0.001612
  step:   5 bond rmsd: 0.001611
  step:   6 bond rmsd: 0.001610
  step:   7 bond rmsd: 0.001610
  step:   8 bond rmsd: 0.001609
  step:   9 bond rmsd: 0.001608
  step:  10 bond rmsd: 0.001607
  step:  11 bond rmsd: 0.001606
  step:  12 bond rmsd: 0.001605
  step:  13 bond rmsd: 0.001604
  step:  14 bond rmsd: 0.001602
  step:  15 bond rmsd: 0.001600
  step:  16 bond rmsd: 0.001598
  step:  17 bond rmsd: 0.001593
  step:  18 bond rmsd: 0.001586
  step:  19 bond rmsd: 0.001580
  step:  20 bond rmsd: 0.001575
  step:  21 bond rmsd: 0.001565
  step:  22 bond rmsd: 0.001560
  step:  23 bond rmsd: 0.001554
  step:  24 bond rmsd: 0.001548
  step:  25 bond rmsd: 0.001542
  step:  26 bond rmsd: 0.001538
  step:  27 bond rmsd: 0.001536
  step:  28 bond rmsd: 0.001532
  step:  29 bond rmsd: 0.001530
  step:  30 bond rmsd: 0.001528
  step:  31 bond rmsd: 0.001528
  step:  32 bond rmsd: 0.001527
  step:  33 bond rmsd: 0.001529
  step:  34 bond rmsd: 0.001529
  step:  35 bond rmsd: 0.001529
  step:  36 bond rmsd: 0.001530
  step:  37 bond rmsd: 0.001532
  step:  38 bond rmsd: 0.001534
  step:  39 bond rmsd: 0.001536
  step:  40 bond rmsd: 0.001540
  step:  41 bond rmsd: 0.001543
  step:  42 bond rmsd: 0.001547
  step:  43 bond rmsd: 0.001554
  step:  44 bond rmsd: 0.001557
  step:  45 bond rmsd: 0.001560
  step:  46 bond rmsd: 0.001565
  step:  47 bond rmsd: 0.001569
  step:  48 bond rmsd: 0.001574
  step:  49 bond rmsd: 0.001580
  step:  50 bond rmsd: 0.001587
  step:  51 bond rmsd: 0.001591
  step:  52 bond rmsd: 0.001598
micro_cycle  18 rmsd(b):  0.0016 rws:  1.000 n_fev: 936
  step:   1 bond rmsd: 0.001598
  step:   2 bond rmsd: 0.067714
  step:   3 bond rmsd: 0.001599
  step:   4 bond rmsd: 0.001595
  step:   5 bond rmsd: 0.001593
  step:   6 bond rmsd: 0.001591
  step:   7 bond rmsd: 0.001591
  step:   8 bond rmsd: 0.001590
  step:   9 bond rmsd: 0.001590
  step:  10 bond rmsd: 0.001590
  step:  11 bond rmsd: 0.001590
  step:  12 bond rmsd: 0.001590
  step:  13 bond rmsd: 0.001589
  step:  14 bond rmsd: 0.001589
  step:  15 bond rmsd: 0.001589
  step:  16 bond rmsd: 0.001588
  step:  17 bond rmsd: 0.001587
  step:  18 bond rmsd: 0.001586
  step:  19 bond rmsd: 0.001584
  step:  20 bond rmsd: 0.001580
  step:  21 bond rmsd: 0.001574
  step:  22 bond rmsd: 0.001570
  step:  23 bond rmsd: 0.001567
  step:  24 bond rmsd: 0.001563
  step:  25 bond rmsd: 0.001560
  step:  26 bond rmsd: 0.001558
  step:  27 bond rmsd: 0.001557
  step:  28 bond rmsd: 0.001555
  step:  29 bond rmsd: 0.001554
  step:  30 bond rmsd: 0.001553
  step:  31 bond rmsd: 0.001551
  step:  32 bond rmsd: 0.001550
  step:  33 bond rmsd: 0.001549
  step:  34 bond rmsd: 0.001548
  step:  35 bond rmsd: 0.001546
  step:  36 bond rmsd: 0.001545
  step:  37 bond rmsd: 0.001543
  step:  38 bond rmsd: 0.001542
  step:  39 bond rmsd: 0.001539
  step:  40 bond rmsd: 0.001537
  step:  41 bond rmsd: 0.001535
  step:  42 bond rmsd: 0.001535
  step:  43 bond rmsd: 0.001533
  step:  44 bond rmsd: 0.001533
  step:  45 bond rmsd: 0.001533
  step:  46 bond rmsd: 0.001533
  step:  47 bond rmsd: 0.001534
  step:  48 bond rmsd: 0.001534
  step:  49 bond rmsd: 0.001536
  step:  50 bond rmsd: 0.001536
  step:  51 bond rmsd: 0.001538
  step:  52 bond rmsd: 0.001539
micro_cycle  19 rmsd(b):  0.0015 rws:  1.000 n_fev: 988
  step:   1 bond rmsd: 0.001539
  step:   2 bond rmsd: 0.053144
  step:   3 bond rmsd: 0.001534
  step:   4 bond rmsd: 0.001533
  step:   5 bond rmsd: 0.001533
  step:   6 bond rmsd: 0.001534
  step:   7 bond rmsd: 0.001534
  step:   8 bond rmsd: 0.001534
  step:   9 bond rmsd: 0.001534
  step:  10 bond rmsd: 0.001535
  step:  11 bond rmsd: 0.001535
  step:  12 bond rmsd: 0.001536
  step:  13 bond rmsd: 0.001536
  step:  14 bond rmsd: 0.001536
  step:  15 bond rmsd: 0.001537
  step:  16 bond rmsd: 0.001537
  step:  17 bond rmsd: 0.001537
  step:  18 bond rmsd: 0.001535
  step:  19 bond rmsd: 0.001535
  step:  20 bond rmsd: 0.001534
  step:  21 bond rmsd: 0.001536
  step:  22 bond rmsd: 0.001537
  step:  23 bond rmsd: 0.001539
  step:  24 bond rmsd: 0.001541
  step:  25 bond rmsd: 0.001542
  step:  26 bond rmsd: 0.001544
  step:  27 bond rmsd: 0.001546
  step:  28 bond rmsd: 0.001550
  step:  29 bond rmsd: 0.001552
  step:  30 bond rmsd: 0.001556
  step:  31 bond rmsd: 0.001558
  step:  32 bond rmsd: 0.001560
  step:  33 bond rmsd: 0.001564
  step:  34 bond rmsd: 0.001566
  step:  35 bond rmsd: 0.001569
  step:  36 bond rmsd: 0.001570
  step:  37 bond rmsd: 0.001573
  step:  38 bond rmsd: 0.001573
  step:  39 bond rmsd: 0.001574
  step:  40 bond rmsd: 0.001576
  step:  41 bond rmsd: 0.001578
  step:  42 bond rmsd: 0.001579
  step:  43 bond rmsd: 0.001579
  step:  44 bond rmsd: 0.001580
  step:  45 bond rmsd: 0.001580
  step:  46 bond rmsd: 0.001580
  step:  47 bond rmsd: 0.001580
  step:  48 bond rmsd: 0.001578
  step:  49 bond rmsd: 0.001577
  step:  50 bond rmsd: 0.001573
  step:  51 bond rmsd: 0.001571
  step:  52 bond rmsd: 0.001566
micro_cycle  20 rmsd(b):  0.0016 rws:  1.000 n_fev: 1040
  step:   1 bond rmsd: 0.001566
  step:   2 bond rmsd: 0.047658
  step:   3 bond rmsd: 0.001556
  step:   4 bond rmsd: 0.001557
  step:   5 bond rmsd: 0.001558
  step:   6 bond rmsd: 0.001558
  step:   7 bond rmsd: 0.001559
  step:   8 bond rmsd: 0.001560
  step:   9 bond rmsd: 0.001560
  step:  10 bond rmsd: 0.001560
  step:  11 bond rmsd: 0.001560
  step:  12 bond rmsd: 0.001561
  step:  13 bond rmsd: 0.001561
  step:  14 bond rmsd: 0.001561
  step:  15 bond rmsd: 0.001560
  step:  16 bond rmsd: 0.001559
  step:  17 bond rmsd: 0.001557
  step:  18 bond rmsd: 0.001554
  step:  19 bond rmsd: 0.001552
  step:  20 bond rmsd: 0.001549
  step:  21 bond rmsd: 0.001549
  step:  22 bond rmsd: 0.001547
  step:  23 bond rmsd: 0.001548
  step:  24 bond rmsd: 0.001547
  step:  25 bond rmsd: 0.001546
  step:  26 bond rmsd: 0.001546
  step:  27 bond rmsd: 0.001546
  step:  28 bond rmsd: 0.001546
  step:  29 bond rmsd: 0.001545
  step:  30 bond rmsd: 0.001546
  step:  31 bond rmsd: 0.001545
  step:  32 bond rmsd: 0.001546
  step:  33 bond rmsd: 0.001547
  step:  34 bond rmsd: 0.001548
  step:  35 bond rmsd: 0.001552
  step:  36 bond rmsd: 0.001554
  step:  37 bond rmsd: 0.001556
  step:  38 bond rmsd: 0.001557
  step:  39 bond rmsd: 0.001563
  step:  40 bond rmsd: 0.001564
  step:  41 bond rmsd: 0.001565
  step:  42 bond rmsd: 0.001565
  step:  43 bond rmsd: 0.001567
  step:  44 bond rmsd: 0.001566
  step:  45 bond rmsd: 0.001566
  step:  46 bond rmsd: 0.001566
  step:  47 bond rmsd: 0.001567
  step:  48 bond rmsd: 0.001568
  step:  49 bond rmsd: 0.001569
  step:  50 bond rmsd: 0.001573
  step:  51 bond rmsd: 0.001572
  step:  52 bond rmsd: 0.001575
micro_cycle  21 rmsd(b):  0.0016 rws:  1.000 n_fev: 1092
  step:   1 bond rmsd: 0.001575
  step:   2 bond rmsd: 0.064299
  step:   3 bond rmsd: 0.001597
  step:   4 bond rmsd: 0.001584
  step:   5 bond rmsd: 0.001576
  step:   6 bond rmsd: 0.001571
  step:   7 bond rmsd: 0.001567
  step:   8 bond rmsd: 0.001565
  step:   9 bond rmsd: 0.001563
  step:  10 bond rmsd: 0.001562
  step:  11 bond rmsd: 0.001561
  step:  12 bond rmsd: 0.001560
  step:  13 bond rmsd: 0.001560
  step:  14 bond rmsd: 0.001560
  step:  15 bond rmsd: 0.001559
  step:  16 bond rmsd: 0.001559
  step:  17 bond rmsd: 0.001558
  step:  18 bond rmsd: 0.001557
  step:  19 bond rmsd: 0.001555
  step:  20 bond rmsd: 0.001552
  step:  21 bond rmsd: 0.001546
  step:  22 bond rmsd: 0.001544
  step:  23 bond rmsd: 0.001545
  step:  24 bond rmsd: 0.001544
  step:  25 bond rmsd: 0.001546
  step:  26 bond rmsd: 0.001546
  step:  27 bond rmsd: 0.001548
  step:  28 bond rmsd: 0.001548
  step:  29 bond rmsd: 0.001550
  step:  30 bond rmsd: 0.001550
  step:  31 bond rmsd: 0.001551
  step:  32 bond rmsd: 0.001552
  step:  33 bond rmsd: 0.001552
  step:  34 bond rmsd: 0.001553
  step:  35 bond rmsd: 0.001552
  step:  36 bond rmsd: 0.001553
  step:  37 bond rmsd: 0.001551
  step:  38 bond rmsd: 0.001552
  step:  39 bond rmsd: 0.001552
  step:  40 bond rmsd: 0.001553
  step:  41 bond rmsd: 0.001553
  step:  42 bond rmsd: 0.001553
  step:  43 bond rmsd: 0.001554
  step:  44 bond rmsd: 0.001553
  step:  45 bond rmsd: 0.001555
  step:  46 bond rmsd: 0.001554
  step:  47 bond rmsd: 0.001554
  step:  48 bond rmsd: 0.001551
  step:  49 bond rmsd: 0.001551
  step:  50 bond rmsd: 0.001551
  step:  51 bond rmsd: 0.001550
  step:  52 bond rmsd: 0.001549
micro_cycle  22 rmsd(b):  0.0015 rws:  1.000 n_fev: 1144
  step:   1 bond rmsd: 0.001549
  step:   2 bond rmsd: 0.038028
  step:   3 bond rmsd: 0.001555
  step:   4 bond rmsd: 0.001554
  step:   5 bond rmsd: 0.001552
  step:   6 bond rmsd: 0.001552
  step:   7 bond rmsd: 0.001551
  step:   8 bond rmsd: 0.001550
  step:   9 bond rmsd: 0.001550
  step:  10 bond rmsd: 0.001549
  step:  11 bond rmsd: 0.001548
  step:  12 bond rmsd: 0.001548
  step:  13 bond rmsd: 0.001548
  step:  14 bond rmsd: 0.001547
  step:  15 bond rmsd: 0.001547
  step:  16 bond rmsd: 0.001546
  step:  17 bond rmsd: 0.001546
  step:  18 bond rmsd: 0.001545
  step:  19 bond rmsd: 0.001545
  step:  20 bond rmsd: 0.001547
  step:  21 bond rmsd: 0.001546
  step:  22 bond rmsd: 0.001546
  step:  23 bond rmsd: 0.001545
  step:  24 bond rmsd: 0.001545
  step:  25 bond rmsd: 0.001544
  step:  26 bond rmsd: 0.001543
  step:  27 bond rmsd: 0.001544
  step:  28 bond rmsd: 0.001542
  step:  29 bond rmsd: 0.001542
  step:  30 bond rmsd: 0.001542
  step:  31 bond rmsd: 0.001542
  step:  32 bond rmsd: 0.001543
  step:  33 bond rmsd: 0.001543
  step:  34 bond rmsd: 0.001543
  step:  35 bond rmsd: 0.001544
  step:  36 bond rmsd: 0.001544
  step:  37 bond rmsd: 0.001544
  step:  38 bond rmsd: 0.001542
  step:  39 bond rmsd: 0.001542
  step:  40 bond rmsd: 0.001540
  step:  41 bond rmsd: 0.001541
  step:  42 bond rmsd: 0.001540
  step:  43 bond rmsd: 0.001541
  step:  44 bond rmsd: 0.001542
  step:  45 bond rmsd: 0.001542
  step:  46 bond rmsd: 0.001543
  step:  47 bond rmsd: 0.001543
  step:  48 bond rmsd: 0.001545
  step:  49 bond rmsd: 0.001545
  step:  50 bond rmsd: 0.001549
  step:  51 bond rmsd: 0.001550
  step:  52 bond rmsd: 0.001552
micro_cycle  23 rmsd(b):  0.0016 rws:  1.000 n_fev: 1196
  step:   1 bond rmsd: 0.001552
  step:   2 bond rmsd: 0.044941
  step:   3 bond rmsd: 0.001645
  step:   4 bond rmsd: 0.001597
  step:   5 bond rmsd: 0.001568
  step:   6 bond rmsd: 0.001552
  step:   7 bond rmsd: 0.001543
  step:   8 bond rmsd: 0.001538
  step:   9 bond rmsd: 0.001536
  step:  10 bond rmsd: 0.001536
  step:  11 bond rmsd: 0.001537
  step:  12 bond rmsd: 0.001537
  step:  13 bond rmsd: 0.001539
  step:  14 bond rmsd: 0.001540
  step:  15 bond rmsd: 0.001541
  step:  16 bond rmsd: 0.001542
  step:  17 bond rmsd: 0.001543
  step:  18 bond rmsd: 0.001544
  step:  19 bond rmsd: 0.001544
  step:  20 bond rmsd: 0.001545
  step:  21 bond rmsd: 0.001546
  step:  22 bond rmsd: 0.001547
  step:  23 bond rmsd: 0.001548
  step:  24 bond rmsd: 0.001548
  step:  25 bond rmsd: 0.001548
  step:  26 bond rmsd: 0.001545
  step:  27 bond rmsd: 0.001543
  step:  28 bond rmsd: 0.001542
  step:  29 bond rmsd: 0.001540
  step:  30 bond rmsd: 0.001540
  step:  31 bond rmsd: 0.001539
  step:  32 bond rmsd: 0.001540
  step:  33 bond rmsd: 0.001535
  step:  34 bond rmsd: 0.001536
  step:  35 bond rmsd: 0.001537
  step:  36 bond rmsd: 0.001538
  step:  37 bond rmsd: 0.001541
  step:  38 bond rmsd: 0.001542
  step:  39 bond rmsd: 0.001545
  step:  40 bond rmsd: 0.001546
  step:  41 bond rmsd: 0.001545
  step:  42 bond rmsd: 0.001547
  step:  43 bond rmsd: 0.001548
  step:  44 bond rmsd: 0.001548
  step:  45 bond rmsd: 0.001549
  step:  46 bond rmsd: 0.001548
  step:  47 bond rmsd: 0.001548
  step:  48 bond rmsd: 0.001548
  step:  49 bond rmsd: 0.001549
  step:  50 bond rmsd: 0.001549
  step:  51 bond rmsd: 0.001549
  step:  52 bond rmsd: 0.001549
micro_cycle  24 rmsd(b):  0.0015 rws:  1.000 n_fev: 1248
  step:   1 bond rmsd: 0.001549
  step:   2 bond rmsd: 0.011396
  step:   3 bond rmsd: 0.001539
  step:   4 bond rmsd: 0.001540
  step:   5 bond rmsd: 0.001541
  step:   6 bond rmsd: 0.001542
  step:   7 bond rmsd: 0.001543
  step:   8 bond rmsd: 0.001544
  step:   9 bond rmsd: 0.001544
  step:  10 bond rmsd: 0.001544
  step:  11 bond rmsd: 0.001545
  step:  12 bond rmsd: 0.001545
  step:  13 bond rmsd: 0.001545
  step:  14 bond rmsd: 0.001545
  step:  15 bond rmsd: 0.001545
  step:  16 bond rmsd: 0.001545
  step:  17 bond rmsd: 0.001544
  step:  18 bond rmsd: 0.001541
  step:  19 bond rmsd: 0.001539
  step:  20 bond rmsd: 0.001534
  step:  21 bond rmsd: 0.001531
  step:  22 bond rmsd: 0.001525
  step:  23 bond rmsd: 0.001523
  step:  24 bond rmsd: 0.001521
  step:  25 bond rmsd: 0.001518
  step:  26 bond rmsd: 0.001518
  step:  27 bond rmsd: 0.001517
  step:  28 bond rmsd: 0.001518
  step:  29 bond rmsd: 0.001517
  step:  30 bond rmsd: 0.001519
  step:  31 bond rmsd: 0.001520
  step:  32 bond rmsd: 0.001523
  step:  33 bond rmsd: 0.001525
  step:  34 bond rmsd: 0.001530
  step:  35 bond rmsd: 0.001532
  step:  36 bond rmsd: 0.001536
  step:  37 bond rmsd: 0.001540
  step:  38 bond rmsd: 0.001544
  step:  39 bond rmsd: 0.001554
  step:  40 bond rmsd: 0.001559
  step:  41 bond rmsd: 0.001569
  step:  42 bond rmsd: 0.001577
  step:  43 bond rmsd: 0.001585
  step:  44 bond rmsd: 0.001601
  step:  45 bond rmsd: 0.001610
  step:  46 bond rmsd: 0.001628
  step:  47 bond rmsd: 0.001642
  step:  48 bond rmsd: 0.001656
  step:  49 bond rmsd: 0.001677
  step:  50 bond rmsd: 0.001690
  step:  51 bond rmsd: 0.001712
  step:  52 bond rmsd: 0.001720
micro_cycle  25 rmsd(b):  0.0017 rws:  1.000 n_fev: 1300
  step:   1 bond rmsd: 0.001720
  step:   2 bond rmsd: 0.055446
  step:   3 bond rmsd: 0.003218
  step:   4 bond rmsd: 0.002794
  step:   5 bond rmsd: 0.002479
  step:   6 bond rmsd: 0.002249
  step:   7 bond rmsd: 0.002083
  step:   8 bond rmsd: 0.001966
  step:   9 bond rmsd: 0.001883
  step:  10 bond rmsd: 0.001825
  step:  11 bond rmsd: 0.001784
  step:  12 bond rmsd: 0.001755
  step:  13 bond rmsd: 0.001734
  step:  14 bond rmsd: 0.001718
  step:  15 bond rmsd: 0.001707
  step:  16 bond rmsd: 0.001698
  step:  17 bond rmsd: 0.001691
  step:  18 bond rmsd: 0.001685
  step:  19 bond rmsd: 0.001681
  step:  20 bond rmsd: 0.001676
  step:  21 bond rmsd: 0.001673
  step:  22 bond rmsd: 0.001669
  step:  23 bond rmsd: 0.001665
  step:  24 bond rmsd: 0.001660
  step:  25 bond rmsd: 0.001655
  step:  26 bond rmsd: 0.001648
  step:  27 bond rmsd: 0.001639
  step:  28 bond rmsd: 0.001630
  step:  29 bond rmsd: 0.001623
  step:  30 bond rmsd: 0.001614
  step:  31 bond rmsd: 0.001606
  step:  32 bond rmsd: 0.001596
  step:  33 bond rmsd: 0.001591
  step:  34 bond rmsd: 0.001582
  step:  35 bond rmsd: 0.001578
  step:  36 bond rmsd: 0.001572
  step:  37 bond rmsd: 0.001568
  step:  38 bond rmsd: 0.001562
  step:  39 bond rmsd: 0.001557
  step:  40 bond rmsd: 0.001553
  step:  41 bond rmsd: 0.001549
  step:  42 bond rmsd: 0.001541
  step:  43 bond rmsd: 0.001537
  step:  44 bond rmsd: 0.001533
  step:  45 bond rmsd: 0.001529
  step:  46 bond rmsd: 0.001527
  step:  47 bond rmsd: 0.001523
  step:  48 bond rmsd: 0.001522
  step:  49 bond rmsd: 0.001519
  step:  50 bond rmsd: 0.001519
  step:  51 bond rmsd: 0.001517
  step:  52 bond rmsd: 0.001517
micro_cycle  26 rmsd(b):  0.0015 rws:  1.000 n_fev: 1352
  step:   1 bond rmsd: 0.001517
  step:   2 bond rmsd: 0.046646
  step:   3 bond rmsd: 0.001509
  step:   4 bond rmsd: 0.001508
  step:   5 bond rmsd: 0.001508
  step:   6 bond rmsd: 0.001509
  step:   7 bond rmsd: 0.001510
  step:   8 bond rmsd: 0.001511
  step:   9 bond rmsd: 0.001512
  step:  10 bond rmsd: 0.001512
  step:  11 bond rmsd: 0.001513
  step:  12 bond rmsd: 0.001514
  step:  13 bond rmsd: 0.001514
  step:  14 bond rmsd: 0.001515
  step:  15 bond rmsd: 0.001515
  step:  16 bond rmsd: 0.001516
  step:  17 bond rmsd: 0.001516
  step:  18 bond rmsd: 0.001516
  step:  19 bond rmsd: 0.001517
  step:  20 bond rmsd: 0.001517
  step:  21 bond rmsd: 0.001518
  step:  22 bond rmsd: 0.001519
  step:  23 bond rmsd: 0.001520
  step:  24 bond rmsd: 0.001521
  step:  25 bond rmsd: 0.001522
  step:  26 bond rmsd: 0.001523
  step:  27 bond rmsd: 0.001524
  step:  28 bond rmsd: 0.001524
  step:  29 bond rmsd: 0.001525
  step:  30 bond rmsd: 0.001527
  step:  31 bond rmsd: 0.001529
  step:  32 bond rmsd: 0.001531
  step:  33 bond rmsd: 0.001533
  step:  34 bond rmsd: 0.001536
  step:  35 bond rmsd: 0.001539
  step:  36 bond rmsd: 0.001544
  step:  37 bond rmsd: 0.001546
  step:  38 bond rmsd: 0.001550
  step:  39 bond rmsd: 0.001552
  step:  40 bond rmsd: 0.001556
  step:  41 bond rmsd: 0.001559
  step:  42 bond rmsd: 0.001562
  step:  43 bond rmsd: 0.001565
  step:  44 bond rmsd: 0.001568
  step:  45 bond rmsd: 0.001570
  step:  46 bond rmsd: 0.001573
  step:  47 bond rmsd: 0.001576
  step:  48 bond rmsd: 0.001581
  step:  49 bond rmsd: 0.001583
  step:  50 bond rmsd: 0.001589
  step:  51 bond rmsd: 0.001592
  step:  52 bond rmsd: 0.001595
micro_cycle  27 rmsd(b):  0.0016 rws:  1.000 n_fev: 1404
  step:   1 bond rmsd: 0.001595
  step:   2 bond rmsd: 0.024059
  step:   3 bond rmsd: 0.001589
  step:   4 bond rmsd: 0.001583
  step:   5 bond rmsd: 0.001580
  step:   6 bond rmsd: 0.001578
  step:   7 bond rmsd: 0.001577
  step:   8 bond rmsd: 0.001577
  step:   9 bond rmsd: 0.001577
  step:  10 bond rmsd: 0.001577
  step:  11 bond rmsd: 0.001577
  step:  12 bond rmsd: 0.001577
  step:  13 bond rmsd: 0.001577
  step:  14 bond rmsd: 0.001577
  step:  15 bond rmsd: 0.001578
  step:  16 bond rmsd: 0.001578
  step:  17 bond rmsd: 0.001578
  step:  18 bond rmsd: 0.001578
  step:  19 bond rmsd: 0.001578
  step:  20 bond rmsd: 0.001577
  step:  21 bond rmsd: 0.001576
  step:  22 bond rmsd: 0.001575
  step:  23 bond rmsd: 0.001573
  step:  24 bond rmsd: 0.001568
  step:  25 bond rmsd: 0.001560
  step:  26 bond rmsd: 0.001554
  step:  27 bond rmsd: 0.001548
  step:  28 bond rmsd: 0.001537
  step:  29 bond rmsd: 0.001537
  step:  30 bond rmsd: 0.001535
  step:  31 bond rmsd: 0.001532
  step:  32 bond rmsd: 0.001530
  step:  33 bond rmsd: 0.001528
  step:  34 bond rmsd: 0.001527
  step:  35 bond rmsd: 0.001525
  step:  36 bond rmsd: 0.001524
  step:  37 bond rmsd: 0.001523
  step:  38 bond rmsd: 0.001522
  step:  39 bond rmsd: 0.001521
  step:  40 bond rmsd: 0.001519
  step:  41 bond rmsd: 0.001518
  step:  42 bond rmsd: 0.001516
  step:  43 bond rmsd: 0.001513
  step:  44 bond rmsd: 0.001511
  step:  45 bond rmsd: 0.001510
  step:  46 bond rmsd: 0.001508
  step:  47 bond rmsd: 0.001508
  step:  48 bond rmsd: 0.001507
  step:  49 bond rmsd: 0.001506
  step:  50 bond rmsd: 0.001506
  step:  51 bond rmsd: 0.001505
  step:  52 bond rmsd: 0.001505
  step:  53 bond rmsd: 0.001507
micro_cycle  28 rmsd(b):  0.0015 rws:  1.000 n_fev: 1457
  step:   1 bond rmsd: 0.001507
  step:   2 bond rmsd: 0.070139
  step:   3 bond rmsd: 0.001513
  step:   4 bond rmsd: 0.001511
  step:   5 bond rmsd: 0.001510
  step:   6 bond rmsd: 0.001509
  step:   7 bond rmsd: 0.001509
  step:   8 bond rmsd: 0.001508
  step:   9 bond rmsd: 0.001508
  step:  10 bond rmsd: 0.001508
  step:  11 bond rmsd: 0.001507
  step:  12 bond rmsd: 0.001507
  step:  13 bond rmsd: 0.001507
  step:  14 bond rmsd: 0.001507
  step:  15 bond rmsd: 0.001507
  step:  16 bond rmsd: 0.001507
  step:  17 bond rmsd: 0.001507
  step:  18 bond rmsd: 0.001507
  step:  19 bond rmsd: 0.001508
  step:  20 bond rmsd: 0.001509
  step:  21 bond rmsd: 0.001509
  step:  22 bond rmsd: 0.001516
  step:  23 bond rmsd: 0.001516
  step:  24 bond rmsd: 0.001516
  step:  25 bond rmsd: 0.001517
  step:  26 bond rmsd: 0.001518
  step:  27 bond rmsd: 0.001518
  step:  28 bond rmsd: 0.001519
  step:  29 bond rmsd: 0.001521
  step:  30 bond rmsd: 0.001523
  step:  31 bond rmsd: 0.001525
  step:  32 bond rmsd: 0.001528
  step:  33 bond rmsd: 0.001531
  step:  34 bond rmsd: 0.001535
  step:  35 bond rmsd: 0.001539
  step:  36 bond rmsd: 0.001544
  step:  37 bond rmsd: 0.001547
  step:  38 bond rmsd: 0.001553
  step:  39 bond rmsd: 0.001555
  step:  40 bond rmsd: 0.001556
  step:  41 bond rmsd: 0.001559
  step:  42 bond rmsd: 0.001560
  step:  43 bond rmsd: 0.001562
  step:  44 bond rmsd: 0.001562
  step:  45 bond rmsd: 0.001564
  step:  46 bond rmsd: 0.001564
  step:  47 bond rmsd: 0.001565
  step:  48 bond rmsd: 0.001565
  step:  49 bond rmsd: 0.001566
  step:  50 bond rmsd: 0.001565
  step:  51 bond rmsd: 0.001564
  step:  52 bond rmsd: 0.001561
micro_cycle  29 rmsd(b):  0.0016 rws:  1.000 n_fev: 1509
  step:   1 bond rmsd: 0.001561
  step:   2 bond rmsd: 0.077370
  step:   3 bond rmsd: 0.001579
  step:   4 bond rmsd: 0.001574
  step:   5 bond rmsd: 0.001571
  step:   6 bond rmsd: 0.001569
  step:   7 bond rmsd: 0.001567
  step:   8 bond rmsd: 0.001566
  step:   9 bond rmsd: 0.001565
  step:  10 bond rmsd: 0.001564
  step:  11 bond rmsd: 0.001563
  step:  12 bond rmsd: 0.001562
  step:  13 bond rmsd: 0.001562
  step:  14 bond rmsd: 0.001561
  step:  15 bond rmsd: 0.001560
  step:  16 bond rmsd: 0.001560
  step:  17 bond rmsd: 0.001559
  step:  18 bond rmsd: 0.001558
  step:  19 bond rmsd: 0.001557
  step:  20 bond rmsd: 0.001555
  step:  21 bond rmsd: 0.001553
  step:  22 bond rmsd: 0.001552
  step:  23 bond rmsd: 0.001550
  step:  24 bond rmsd: 0.001547
  step:  25 bond rmsd: 0.001543
  step:  26 bond rmsd: 0.001546
  step:  27 bond rmsd: 0.001546
  step:  28 bond rmsd: 0.001542
  step:  29 bond rmsd: 0.001538
  step:  30 bond rmsd: 0.001534
  step:  31 bond rmsd: 0.001531
  step:  32 bond rmsd: 0.001527
  step:  33 bond rmsd: 0.001524
  step:  34 bond rmsd: 0.001521
  step:  35 bond rmsd: 0.001519
  step:  36 bond rmsd: 0.001515
  step:  37 bond rmsd: 0.001512
  step:  38 bond rmsd: 0.001509
  step:  39 bond rmsd: 0.001505
  step:  40 bond rmsd: 0.001503
  step:  41 bond rmsd: 0.001499
  step:  42 bond rmsd: 0.001496
  step:  43 bond rmsd: 0.001493
  step:  44 bond rmsd: 0.001490
  step:  45 bond rmsd: 0.001488
  step:  46 bond rmsd: 0.001486
  step:  47 bond rmsd: 0.001483
  step:  48 bond rmsd: 0.001483
  step:  49 bond rmsd: 0.001482
  step:  50 bond rmsd: 0.001481
  step:  51 bond rmsd: 0.001481
  step:  52 bond rmsd: 0.001481
  step:  53 bond rmsd: 0.001483
micro_cycle  30 rmsd(b):  0.0015 rws:  1.000 n_fev: 1562
  step:   1 bond rmsd: 0.001483
  step:   2 bond rmsd: 0.051589
  step:   3 bond rmsd: 0.001478
  step:   4 bond rmsd: 0.001478
  step:   5 bond rmsd: 0.001479
  step:   6 bond rmsd: 0.001479
  step:   7 bond rmsd: 0.001480
  step:   8 bond rmsd: 0.001481
  step:   9 bond rmsd: 0.001482
  step:  10 bond rmsd: 0.001483
  step:  11 bond rmsd: 0.001484
  step:  12 bond rmsd: 0.001485
  step:  13 bond rmsd: 0.001486
  step:  14 bond rmsd: 0.001487
  step:  15 bond rmsd: 0.001489
  step:  16 bond rmsd: 0.001491
  step:  17 bond rmsd: 0.001493
  step:  18 bond rmsd: 0.001495
  step:  19 bond rmsd: 0.001498
  step:  20 bond rmsd: 0.001501
  step:  21 bond rmsd: 0.001508
  step:  22 bond rmsd: 0.001511
  step:  23 bond rmsd: 0.001515
  step:  24 bond rmsd: 0.001521
  step:  25 bond rmsd: 0.001523
  step:  26 bond rmsd: 0.001526
  step:  27 bond rmsd: 0.001528
  step:  28 bond rmsd: 0.001530
  step:  29 bond rmsd: 0.001531
  step:  30 bond rmsd: 0.001534
  step:  31 bond rmsd: 0.001536
  step:  32 bond rmsd: 0.001538
  step:  33 bond rmsd: 0.001541
  step:  34 bond rmsd: 0.001543
  step:  35 bond rmsd: 0.001547
  step:  36 bond rmsd: 0.001548
  step:  37 bond rmsd: 0.001551
  step:  38 bond rmsd: 0.001552
  step:  39 bond rmsd: 0.001553
  step:  40 bond rmsd: 0.001554
  step:  41 bond rmsd: 0.001555
  step:  42 bond rmsd: 0.001555
  step:  43 bond rmsd: 0.001556
  step:  44 bond rmsd: 0.001556
  step:  45 bond rmsd: 0.001555
  step:  46 bond rmsd: 0.001556
  step:  47 bond rmsd: 0.001555
  step:  48 bond rmsd: 0.001555
  step:  49 bond rmsd: 0.001553
  step:  50 bond rmsd: 0.001552
  step:  51 bond rmsd: 0.001548
  step:  52 bond rmsd: 0.001546
micro_cycle  31 rmsd(b):  0.0015 rws:  1.000 n_fev: 1614
  step:   1 bond rmsd: 0.001546
  step:   2 bond rmsd: 0.075577
  step:   3 bond rmsd: 0.001537
  step:   4 bond rmsd: 0.001536
  step:   5 bond rmsd: 0.001536
  step:   6 bond rmsd: 0.001536
  step:   7 bond rmsd: 0.001536
  step:   8 bond rmsd: 0.001537
  step:   9 bond rmsd: 0.001537
  step:  10 bond rmsd: 0.001538
  step:  11 bond rmsd: 0.001538
  step:  12 bond rmsd: 0.001539
  step:  13 bond rmsd: 0.001539
  step:  14 bond rmsd: 0.001539
  step:  15 bond rmsd: 0.001539
  step:  16 bond rmsd: 0.001539
  step:  17 bond rmsd: 0.001539
  step:  18 bond rmsd: 0.001538
  step:  19 bond rmsd: 0.001537
  step:  20 bond rmsd: 0.001533
  step:  21 bond rmsd: 0.001532
  step:  22 bond rmsd: 0.001531
  step:  23 bond rmsd: 0.001531
  step:  24 bond rmsd: 0.001529
  step:  25 bond rmsd: 0.001529
  step:  26 bond rmsd: 0.001528
  step:  27 bond rmsd: 0.001528
  step:  28 bond rmsd: 0.001528
  step:  29 bond rmsd: 0.001527
  step:  30 bond rmsd: 0.001526
  step:  31 bond rmsd: 0.001526
  step:  32 bond rmsd: 0.001526
  step:  33 bond rmsd: 0.001524
  step:  34 bond rmsd: 0.001525
  step:  35 bond rmsd: 0.001524
  step:  36 bond rmsd: 0.001523
  step:  37 bond rmsd: 0.001521
  step:  38 bond rmsd: 0.001519
  step:  39 bond rmsd: 0.001517
  step:  40 bond rmsd: 0.001515
  step:  41 bond rmsd: 0.001510
  step:  42 bond rmsd: 0.001508
  step:  43 bond rmsd: 0.001501
  step:  44 bond rmsd: 0.001499
  step:  45 bond rmsd: 0.001496
  step:  46 bond rmsd: 0.001494
  step:  47 bond rmsd: 0.001493
  step:  48 bond rmsd: 0.001492
  step:  49 bond rmsd: 0.001492
  step:  50 bond rmsd: 0.001490
  step:  51 bond rmsd: 0.001492
  step:  52 bond rmsd: 0.001493
micro_cycle  32 rmsd(b):  0.0015 rws:  1.000 n_fev: 1666
  step:   1 bond rmsd: 0.001493
  step:   2 bond rmsd: 0.049554
  step:   3 bond rmsd: 0.001491
  step:   4 bond rmsd: 0.001490
  step:   5 bond rmsd: 0.001489
  step:   6 bond rmsd: 0.001489
  step:   7 bond rmsd: 0.001490
  step:   8 bond rmsd: 0.001490
  step:   9 bond rmsd: 0.001491
  step:  10 bond rmsd: 0.001492
  step:  11 bond rmsd: 0.001493
  step:  12 bond rmsd: 0.001494
  step:  13 bond rmsd: 0.001495
  step:  14 bond rmsd: 0.001497
  step:  15 bond rmsd: 0.001498
  step:  16 bond rmsd: 0.001501
  step:  17 bond rmsd: 0.001504
  step:  18 bond rmsd: 0.001508
  step:  19 bond rmsd: 0.001513
  step:  20 bond rmsd: 0.001504
  step:  21 bond rmsd: 0.001510
  step:  22 bond rmsd: 0.001514
  step:  23 bond rmsd: 0.001521
  step:  24 bond rmsd: 0.001524
  step:  25 bond rmsd: 0.001527
  step:  26 bond rmsd: 0.001529
  step:  27 bond rmsd: 0.001531
  step:  28 bond rmsd: 0.001532
  step:  29 bond rmsd: 0.001532
  step:  30 bond rmsd: 0.001533
  step:  31 bond rmsd: 0.001533
  step:  32 bond rmsd: 0.001533
  step:  33 bond rmsd: 0.001533
  step:  34 bond rmsd: 0.001532
  step:  35 bond rmsd: 0.001531
  step:  36 bond rmsd: 0.001530
  step:  37 bond rmsd: 0.001529
  step:  38 bond rmsd: 0.001528
  step:  39 bond rmsd: 0.001528
  step:  40 bond rmsd: 0.001526
  step:  41 bond rmsd: 0.001526
  step:  42 bond rmsd: 0.001525
  step:  43 bond rmsd: 0.001523
  step:  44 bond rmsd: 0.001522
  step:  45 bond rmsd: 0.001521
  step:  46 bond rmsd: 0.001519
  step:  47 bond rmsd: 0.001520
  step:  48 bond rmsd: 0.001518
  step:  49 bond rmsd: 0.001518
  step:  50 bond rmsd: 0.001518
  step:  51 bond rmsd: 0.001518
  step:  52 bond rmsd: 0.001519
micro_cycle  33 rmsd(b):  0.0015 rws:  1.000 n_fev: 1718
  step:   1 bond rmsd: 0.001519
  step:   2 bond rmsd: 0.059302
  step:   3 bond rmsd: 0.001513
  step:   4 bond rmsd: 0.001514
  step:   5 bond rmsd: 0.001514
  step:   6 bond rmsd: 0.001515
  step:   7 bond rmsd: 0.001515
  step:   8 bond rmsd: 0.001516
  step:   9 bond rmsd: 0.001516
  step:  10 bond rmsd: 0.001517
  step:  11 bond rmsd: 0.001517
  step:  12 bond rmsd: 0.001518
  step:  13 bond rmsd: 0.001518
  step:  14 bond rmsd: 0.001519
  step:  15 bond rmsd: 0.001519
  step:  16 bond rmsd: 0.001520
  step:  17 bond rmsd: 0.001521
  step:  18 bond rmsd: 0.001522
  step:  19 bond rmsd: 0.001521
  step:  20 bond rmsd: 0.001522
  step:  21 bond rmsd: 0.001524
  step:  22 bond rmsd: 0.001525
  step:  23 bond rmsd: 0.001527
  step:  24 bond rmsd: 0.001527
  step:  25 bond rmsd: 0.001529
  step:  26 bond rmsd: 0.001530
  step:  27 bond rmsd: 0.001530
  step:  28 bond rmsd: 0.001531
  step:  29 bond rmsd: 0.001532
  step:  30 bond rmsd: 0.001532
  step:  31 bond rmsd: 0.001533
  step:  32 bond rmsd: 0.001533
  step:  33 bond rmsd: 0.001534
  step:  34 bond rmsd: 0.001533
  step:  35 bond rmsd: 0.001533
  step:  36 bond rmsd: 0.001532
  step:  37 bond rmsd: 0.001532
  step:  38 bond rmsd: 0.001531
  step:  39 bond rmsd: 0.001530
  step:  40 bond rmsd: 0.001529
  step:  41 bond rmsd: 0.001527
  step:  42 bond rmsd: 0.001526
  step:  43 bond rmsd: 0.001524
  step:  44 bond rmsd: 0.001523
  step:  45 bond rmsd: 0.001521
  step:  46 bond rmsd: 0.001522
  step:  47 bond rmsd: 0.001521
  step:  48 bond rmsd: 0.001519
  step:  49 bond rmsd: 0.001518
  step:  50 bond rmsd: 0.001516
  step:  51 bond rmsd: 0.001515
  step:  52 bond rmsd: 0.001514
micro_cycle  34 rmsd(b):  0.0015 rws:  1.000 n_fev: 1770
  step:   1 bond rmsd: 0.001514
  step:   2 bond rmsd: 0.063962
  step:   3 bond rmsd: 0.001600
  step:   4 bond rmsd: 0.001576
  step:   5 bond rmsd: 0.001560
  step:   6 bond rmsd: 0.001548
  step:   7 bond rmsd: 0.001540
  step:   8 bond rmsd: 0.001534
  step:   9 bond rmsd: 0.001530
  step:  10 bond rmsd: 0.001527
  step:  11 bond rmsd: 0.001524
  step:  12 bond rmsd: 0.001522
  step:  13 bond rmsd: 0.001521
  step:  14 bond rmsd: 0.001520
  step:  15 bond rmsd: 0.001519
  step:  16 bond rmsd: 0.001519
  step:  17 bond rmsd: 0.001518
  step:  18 bond rmsd: 0.001518
  step:  19 bond rmsd: 0.001518
  step:  20 bond rmsd: 0.001517
  step:  21 bond rmsd: 0.001517
  step:  22 bond rmsd: 0.001518
  step:  23 bond rmsd: 0.001519
  step:  24 bond rmsd: 0.001521
  step:  25 bond rmsd: 0.001524
  step:  26 bond rmsd: 0.001527
  step:  27 bond rmsd: 0.001527
  step:  28 bond rmsd: 0.001533
  step:  29 bond rmsd: 0.001534
  step:  30 bond rmsd: 0.001535
  step:  31 bond rmsd: 0.001535
  step:  32 bond rmsd: 0.001536
  step:  33 bond rmsd: 0.001536
  step:  34 bond rmsd: 0.001537
  step:  35 bond rmsd: 0.001536
  step:  36 bond rmsd: 0.001536
  step:  37 bond rmsd: 0.001535
  step:  38 bond rmsd: 0.001534
  step:  39 bond rmsd: 0.001534
  step:  40 bond rmsd: 0.001533
  step:  41 bond rmsd: 0.001531
  step:  42 bond rmsd: 0.001530
  step:  43 bond rmsd: 0.001528
  step:  44 bond rmsd: 0.001527
  step:  45 bond rmsd: 0.001525
  step:  46 bond rmsd: 0.001524
  step:  47 bond rmsd: 0.001522
  step:  48 bond rmsd: 0.001521
  step:  49 bond rmsd: 0.001520
  step:  50 bond rmsd: 0.001519
  step:  51 bond rmsd: 0.001518
  step:  52 bond rmsd: 0.001517
micro_cycle  35 rmsd(b):  0.0015 rws:  1.000 n_fev: 1822
  step:   1 bond rmsd: 0.001517
  step:   2 bond rmsd: 0.024815
  step:   3 bond rmsd: 0.001520
  step:   4 bond rmsd: 0.001520
  step:   5 bond rmsd: 0.001519
  step:   6 bond rmsd: 0.001519
  step:   7 bond rmsd: 0.001519
  step:   8 bond rmsd: 0.001518
  step:   9 bond rmsd: 0.001518
  step:  10 bond rmsd: 0.001518
  step:  11 bond rmsd: 0.001518
  step:  12 bond rmsd: 0.001518
  step:  13 bond rmsd: 0.001518
  step:  14 bond rmsd: 0.001518
  step:  15 bond rmsd: 0.001519
  step:  16 bond rmsd: 0.001519
  step:  17 bond rmsd: 0.001520
  step:  18 bond rmsd: 0.001521
  step:  19 bond rmsd: 0.001523
  step:  20 bond rmsd: 0.001524
  step:  21 bond rmsd: 0.001525
  step:  22 bond rmsd: 0.001530
  step:  23 bond rmsd: 0.001531
  step:  24 bond rmsd: 0.001532
  step:  25 bond rmsd: 0.001532
  step:  26 bond rmsd: 0.001533
  step:  27 bond rmsd: 0.001534
  step:  28 bond rmsd: 0.001534
  step:  29 bond rmsd: 0.001534
  step:  30 bond rmsd: 0.001532
  step:  31 bond rmsd: 0.001532
  step:  32 bond rmsd: 0.001532
  step:  33 bond rmsd: 0.001532
  step:  34 bond rmsd: 0.001531
  step:  35 bond rmsd: 0.001530
  step:  36 bond rmsd: 0.001529
  step:  37 bond rmsd: 0.001527
  step:  38 bond rmsd: 0.001527
  step:  39 bond rmsd: 0.001526
  step:  40 bond rmsd: 0.001524
  step:  41 bond rmsd: 0.001521
  step:  42 bond rmsd: 0.001520
  step:  43 bond rmsd: 0.001518
  step:  44 bond rmsd: 0.001517
  step:  45 bond rmsd: 0.001516
  step:  46 bond rmsd: 0.001514
  step:  47 bond rmsd: 0.001514
  step:  48 bond rmsd: 0.001514
  step:  49 bond rmsd: 0.001514
  step:  50 bond rmsd: 0.001514
  step:  51 bond rmsd: 0.001515
  step:  52 bond rmsd: 0.001516
micro_cycle  36 rmsd(b):  0.0015 rws:  1.000 n_fev: 1874
  step:   1 bond rmsd: 0.001516
  step:   2 bond rmsd: 0.044528
  step:   3 bond rmsd: 0.001799
  step:   4 bond rmsd: 0.001719
  step:   5 bond rmsd: 0.001662
  step:   6 bond rmsd: 0.001623
  step:   7 bond rmsd: 0.001595
  step:   8 bond rmsd: 0.001575
  step:   9 bond rmsd: 0.001561
  step:  10 bond rmsd: 0.001550
  step:  11 bond rmsd: 0.001543
  step:  12 bond rmsd: 0.001537
  step:  13 bond rmsd: 0.001533
  step:  14 bond rmsd: 0.001530
  step:  15 bond rmsd: 0.001527
  step:  16 bond rmsd: 0.001525
  step:  17 bond rmsd: 0.001524
  step:  18 bond rmsd: 0.001522
  step:  19 bond rmsd: 0.001521
  step:  20 bond rmsd: 0.001520
  step:  21 bond rmsd: 0.001519
  step:  22 bond rmsd: 0.001519
  step:  23 bond rmsd: 0.001518
  step:  24 bond rmsd: 0.001517
  step:  25 bond rmsd: 0.001517
  step:  26 bond rmsd: 0.001516
  step:  27 bond rmsd: 0.001518
  step:  28 bond rmsd: 0.001519
  step:  29 bond rmsd: 0.001520
  step:  30 bond rmsd: 0.001522
  step:  31 bond rmsd: 0.001523
  step:  32 bond rmsd: 0.001524
  step:  33 bond rmsd: 0.001525
  step:  34 bond rmsd: 0.001525
  step:  35 bond rmsd: 0.001527
  step:  36 bond rmsd: 0.001528
  step:  37 bond rmsd: 0.001528
  step:  38 bond rmsd: 0.001528
  step:  39 bond rmsd: 0.001529
  step:  40 bond rmsd: 0.001529
  step:  41 bond rmsd: 0.001529
  step:  42 bond rmsd: 0.001530
  step:  43 bond rmsd: 0.001529
  step:  44 bond rmsd: 0.001530
  step:  45 bond rmsd: 0.001529
  step:  46 bond rmsd: 0.001529
  step:  47 bond rmsd: 0.001528
  step:  48 bond rmsd: 0.001528
  step:  49 bond rmsd: 0.001527
  step:  50 bond rmsd: 0.001525
  step:  51 bond rmsd: 0.001524
  step:  52 bond rmsd: 0.001522
micro_cycle  37 rmsd(b):  0.0015 rws:  1.000 n_fev: 1926
  step:   1 bond rmsd: 0.001522
  step:   2 bond rmsd: 0.047597
  step:   3 bond rmsd: 0.001518
  step:   4 bond rmsd: 0.001518
  step:   5 bond rmsd: 0.001518
  step:   6 bond rmsd: 0.001519
  step:   7 bond rmsd: 0.001519
  step:   8 bond rmsd: 0.001520
  step:   9 bond rmsd: 0.001520
  step:  10 bond rmsd: 0.001520
  step:  11 bond rmsd: 0.001520
  step:  12 bond rmsd: 0.001520
  step:  13 bond rmsd: 0.001521
  step:  14 bond rmsd: 0.001521
  step:  15 bond rmsd: 0.001521
  step:  16 bond rmsd: 0.001521
  step:  17 bond rmsd: 0.001520
  step:  18 bond rmsd: 0.001519
  step:  19 bond rmsd: 0.001519
  step:  20 bond rmsd: 0.001518
  step:  21 bond rmsd: 0.001518
  step:  22 bond rmsd: 0.001517
  step:  23 bond rmsd: 0.001517
  step:  24 bond rmsd: 0.001518
  step:  25 bond rmsd: 0.001518
  step:  26 bond rmsd: 0.001518
  step:  27 bond rmsd: 0.001519
  step:  28 bond rmsd: 0.001520
  step:  29 bond rmsd: 0.001520
  step:  30 bond rmsd: 0.001522
  step:  31 bond rmsd: 0.001522
  step:  32 bond rmsd: 0.001523
  step:  33 bond rmsd: 0.001524
  step:  34 bond rmsd: 0.001525
  step:  35 bond rmsd: 0.001526
  step:  36 bond rmsd: 0.001527
  step:  37 bond rmsd: 0.001529
  step:  38 bond rmsd: 0.001530
  step:  39 bond rmsd: 0.001531
  step:  40 bond rmsd: 0.001532
  step:  41 bond rmsd: 0.001534
  step:  42 bond rmsd: 0.001535
  step:  43 bond rmsd: 0.001536
  step:  44 bond rmsd: 0.001538
  step:  45 bond rmsd: 0.001539
  step:  46 bond rmsd: 0.001541
  step:  47 bond rmsd: 0.001541
  step:  48 bond rmsd: 0.001543
  step:  49 bond rmsd: 0.001543
  step:  50 bond rmsd: 0.001544
  step:  51 bond rmsd: 0.001544
  step:  52 bond rmsd: 0.001543
micro_cycle  38 rmsd(b):  0.0015 rws:  1.000 n_fev: 1978
  step:   1 bond rmsd: 0.001543
  step:   2 bond rmsd: 0.062505
  step:   3 bond rmsd: 0.001563
  step:   4 bond rmsd: 0.001555
  step:   5 bond rmsd: 0.001550
  step:   6 bond rmsd: 0.001547
  step:   7 bond rmsd: 0.001545
  step:   8 bond rmsd: 0.001544
  step:   9 bond rmsd: 0.001543
  step:  10 bond rmsd: 0.001542
  step:  11 bond rmsd: 0.001541
  step:  12 bond rmsd: 0.001541
  step:  13 bond rmsd: 0.001541
  step:  14 bond rmsd: 0.001540
  step:  15 bond rmsd: 0.001540
  step:  16 bond rmsd: 0.001540
  step:  17 bond rmsd: 0.001539
  step:  18 bond rmsd: 0.001539
  step:  19 bond rmsd: 0.001538
  step:  20 bond rmsd: 0.001538
  step:  21 bond rmsd: 0.001536
  step:  22 bond rmsd: 0.001534
  step:  23 bond rmsd: 0.001532
  step:  24 bond rmsd: 0.001529
  step:  25 bond rmsd: 0.001527
  step:  26 bond rmsd: 0.001525
  step:  27 bond rmsd: 0.001523
  step:  28 bond rmsd: 0.001522
  step:  29 bond rmsd: 0.001520
  step:  30 bond rmsd: 0.001519
  step:  31 bond rmsd: 0.001518
  step:  32 bond rmsd: 0.001518
  step:  33 bond rmsd: 0.001517
  step:  34 bond rmsd: 0.001517
  step:  35 bond rmsd: 0.001517
  step:  36 bond rmsd: 0.001516
  step:  37 bond rmsd: 0.001516
  step:  38 bond rmsd: 0.001515
  step:  39 bond rmsd: 0.001516
  step:  40 bond rmsd: 0.001515
  step:  41 bond rmsd: 0.001516
  step:  42 bond rmsd: 0.001515
  step:  43 bond rmsd: 0.001516
  step:  44 bond rmsd: 0.001516
  step:  45 bond rmsd: 0.001516
  step:  46 bond rmsd: 0.001518
  step:  47 bond rmsd: 0.001518
  step:  48 bond rmsd: 0.001519
  step:  49 bond rmsd: 0.001520
  step:  50 bond rmsd: 0.001521
  step:  51 bond rmsd: 0.001521
  step:  52 bond rmsd: 0.001523
micro_cycle  39 rmsd(b):  0.0015 rws:  1.000 n_fev: 2030
  step:   1 bond rmsd: 0.001523
  step:   2 bond rmsd: 0.015846
  step:   3 bond rmsd: 0.001526
  step:   4 bond rmsd: 0.001525
  step:   5 bond rmsd: 0.001524
  step:   6 bond rmsd: 0.001523
  step:   7 bond rmsd: 0.001523
  step:   8 bond rmsd: 0.001522
  step:   9 bond rmsd: 0.001522
  step:  10 bond rmsd: 0.001521
  step:  11 bond rmsd: 0.001521
  step:  12 bond rmsd: 0.001521
  step:  13 bond rmsd: 0.001521
  step:  14 bond rmsd: 0.001521
  step:  15 bond rmsd: 0.001521
  step:  16 bond rmsd: 0.001520
  step:  17 bond rmsd: 0.001520
  step:  18 bond rmsd: 0.001520
  step:  19 bond rmsd: 0.001517
  step:  20 bond rmsd: 0.001518
  step:  21 bond rmsd: 0.001518
  step:  22 bond rmsd: 0.001518
  step:  23 bond rmsd: 0.001518
  step:  24 bond rmsd: 0.001519
  step:  25 bond rmsd: 0.001519
  step:  26 bond rmsd: 0.001519
  step:  27 bond rmsd: 0.001519
  step:  28 bond rmsd: 0.001519
  step:  29 bond rmsd: 0.001520
  step:  30 bond rmsd: 0.001520
  step:  31 bond rmsd: 0.001522
  step:  32 bond rmsd: 0.001521
  step:  33 bond rmsd: 0.001521
  step:  34 bond rmsd: 0.001521
  step:  35 bond rmsd: 0.001521
  step:  36 bond rmsd: 0.001522
  step:  37 bond rmsd: 0.001521
  step:  38 bond rmsd: 0.001522
  step:  39 bond rmsd: 0.001521
  step:  40 bond rmsd: 0.001522
  step:  41 bond rmsd: 0.001523
  step:  42 bond rmsd: 0.001524
  step:  43 bond rmsd: 0.001525
  step:  44 bond rmsd: 0.001527
  step:  45 bond rmsd: 0.001528
  step:  46 bond rmsd: 0.001528
  step:  47 bond rmsd: 0.001529
  step:  48 bond rmsd: 0.001530
  step:  49 bond rmsd: 0.001530
  step:  50 bond rmsd: 0.001530
  step:  51 bond rmsd: 0.001533
  step:  52 bond rmsd: 0.001533
micro_cycle  40 rmsd(b):  0.0015 rws:  1.000 n_fev: 2082
  step:   1 bond rmsd: 0.001533
  step:   2 bond rmsd: 0.044845
  step:   3 bond rmsd: 0.001533
  step:   4 bond rmsd: 0.001526
  step:   5 bond rmsd: 0.001522
  step:   6 bond rmsd: 0.001521
  step:   7 bond rmsd: 0.001521
  step:   8 bond rmsd: 0.001522
  step:   9 bond rmsd: 0.001523
  step:  10 bond rmsd: 0.001523
  step:  11 bond rmsd: 0.001524
  step:  12 bond rmsd: 0.001525
  step:  13 bond rmsd: 0.001526
  step:  14 bond rmsd: 0.001526
  step:  15 bond rmsd: 0.001527
  step:  16 bond rmsd: 0.001527
  step:  17 bond rmsd: 0.001528
  step:  18 bond rmsd: 0.001528
  step:  19 bond rmsd: 0.001528
  step:  20 bond rmsd: 0.001529
  step:  21 bond rmsd: 0.001529
  step:  22 bond rmsd: 0.001529
  step:  23 bond rmsd: 0.001529
  step:  24 bond rmsd: 0.001528
  step:  25 bond rmsd: 0.001528
  step:  26 bond rmsd: 0.001526
  step:  27 bond rmsd: 0.001525
  step:  28 bond rmsd: 0.001524
  step:  29 bond rmsd: 0.001521
  step:  30 bond rmsd: 0.001521
  step:  31 bond rmsd: 0.001520
  step:  32 bond rmsd: 0.001519
  step:  33 bond rmsd: 0.001519
  step:  34 bond rmsd: 0.001518
  step:  35 bond rmsd: 0.001518
  step:  36 bond rmsd: 0.001517
  step:  37 bond rmsd: 0.001517
  step:  38 bond rmsd: 0.001517
  step:  39 bond rmsd: 0.001517
  step:  40 bond rmsd: 0.001517
  step:  41 bond rmsd: 0.001517
  step:  42 bond rmsd: 0.001516
  step:  43 bond rmsd: 0.001515
  step:  44 bond rmsd: 0.001515
  step:  45 bond rmsd: 0.001515
  step:  46 bond rmsd: 0.001515
  step:  47 bond rmsd: 0.001514
  step:  48 bond rmsd: 0.001515
  step:  49 bond rmsd: 0.001517
  step:  50 bond rmsd: 0.001518
  step:  51 bond rmsd: 0.001519
  step:  52 bond rmsd: 0.001520
micro_cycle  41 rmsd(b):  0.0015 rws:  1.000 n_fev: 2134
  step:   1 bond rmsd: 0.001520
  step:   2 bond rmsd: 0.042189
  step:   3 bond rmsd: 0.001557
  step:   4 bond rmsd: 0.001545
  step:   5 bond rmsd: 0.001537
  step:   6 bond rmsd: 0.001531
  step:   7 bond rmsd: 0.001528
  step:   8 bond rmsd: 0.001525
  step:   9 bond rmsd: 0.001524
  step:  10 bond rmsd: 0.001522
  step:  11 bond rmsd: 0.001522
  step:  12 bond rmsd: 0.001521
  step:  13 bond rmsd: 0.001521
  step:  14 bond rmsd: 0.001520
  step:  15 bond rmsd: 0.001520
  step:  16 bond rmsd: 0.001520
  step:  17 bond rmsd: 0.001520
  step:  18 bond rmsd: 0.001520
  step:  19 bond rmsd: 0.001520
  step:  20 bond rmsd: 0.001519
  step:  21 bond rmsd: 0.001519
  step:  22 bond rmsd: 0.001519
  step:  23 bond rmsd: 0.001519
  step:  24 bond rmsd: 0.001519
  step:  25 bond rmsd: 0.001519
  step:  26 bond rmsd: 0.001519
  step:  27 bond rmsd: 0.001519
  step:  28 bond rmsd: 0.001519
  step:  29 bond rmsd: 0.001520
  step:  30 bond rmsd: 0.001521
  step:  31 bond rmsd: 0.001520
  step:  32 bond rmsd: 0.001521
  step:  33 bond rmsd: 0.001521
  step:  34 bond rmsd: 0.001522
  step:  35 bond rmsd: 0.001522
  step:  36 bond rmsd: 0.001523
  step:  37 bond rmsd: 0.001522
  step:  38 bond rmsd: 0.001522
  step:  39 bond rmsd: 0.001522
  step:  40 bond rmsd: 0.001523
  step:  41 bond rmsd: 0.001523
  step:  42 bond rmsd: 0.001523
  step:  43 bond rmsd: 0.001523
  step:  44 bond rmsd: 0.001523
  step:  45 bond rmsd: 0.001524
  step:  46 bond rmsd: 0.001524
  step:  47 bond rmsd: 0.001524
  step:  48 bond rmsd: 0.001523
  step:  49 bond rmsd: 0.001524
  step:  50 bond rmsd: 0.001523
  step:  51 bond rmsd: 0.001523
  step:  52 bond rmsd: 0.001522
micro_cycle  42 rmsd(b):  0.0015 rws:  1.000 n_fev: 2186
  step:   1 bond rmsd: 0.001522
  step:   2 bond rmsd: 0.044332
  step:   3 bond rmsd: 0.001533
  step:   4 bond rmsd: 0.001531
  step:   5 bond rmsd: 0.001529
  step:   6 bond rmsd: 0.001528
  step:   7 bond rmsd: 0.001527
  step:   8 bond rmsd: 0.001526
  step:   9 bond rmsd: 0.001525
  step:  10 bond rmsd: 0.001524
  step:  11 bond rmsd: 0.001524
  step:  12 bond rmsd: 0.001523
  step:  13 bond rmsd: 0.001522
  step:  14 bond rmsd: 0.001522
  step:  15 bond rmsd: 0.001521
  step:  16 bond rmsd: 0.001521
  step:  17 bond rmsd: 0.001521
  step:  18 bond rmsd: 0.001521
  step:  19 bond rmsd: 0.001521
  step:  20 bond rmsd: 0.001522
  step:  21 bond rmsd: 0.001521
  step:  22 bond rmsd: 0.001521
  step:  23 bond rmsd: 0.001521
  step:  24 bond rmsd: 0.001521
  step:  25 bond rmsd: 0.001522
  step:  26 bond rmsd: 0.001521
  step:  27 bond rmsd: 0.001521
  step:  28 bond rmsd: 0.001521
  step:  29 bond rmsd: 0.001521
  step:  30 bond rmsd: 0.001521
  step:  31 bond rmsd: 0.001520
  step:  32 bond rmsd: 0.001520
  step:  33 bond rmsd: 0.001520
  step:  34 bond rmsd: 0.001520
  step:  35 bond rmsd: 0.001520
  step:  36 bond rmsd: 0.001520
  step:  37 bond rmsd: 0.001520
  step:  38 bond rmsd: 0.001520
  step:  39 bond rmsd: 0.001520
  step:  40 bond rmsd: 0.001520
  step:  41 bond rmsd: 0.001520
  step:  42 bond rmsd: 0.001520
  step:  43 bond rmsd: 0.001520
  step:  44 bond rmsd: 0.001519
  step:  45 bond rmsd: 0.001519
  step:  46 bond rmsd: 0.001517
  step:  47 bond rmsd: 0.001517
  step:  48 bond rmsd: 0.001517
  step:  49 bond rmsd: 0.001515
  step:  50 bond rmsd: 0.001515
  step:  51 bond rmsd: 0.001515
  step:  52 bond rmsd: 0.001515
micro_cycle  43 rmsd(b):  0.0015 rws:  1.000 n_fev: 2238
  step:   1 bond rmsd: 0.001515
  step:   2 bond rmsd: 0.054583
  step:   3 bond rmsd: 0.001553
  step:   4 bond rmsd: 0.001543
  step:   5 bond rmsd: 0.001536
  step:   6 bond rmsd: 0.001531
  step:   7 bond rmsd: 0.001527
  step:   8 bond rmsd: 0.001525
  step:   9 bond rmsd: 0.001523
  step:  10 bond rmsd: 0.001521
  step:  11 bond rmsd: 0.001520
  step:  12 bond rmsd: 0.001519
  step:  13 bond rmsd: 0.001519
  step:  14 bond rmsd: 0.001518
  step:  15 bond rmsd: 0.001518
  step:  16 bond rmsd: 0.001518
  step:  17 bond rmsd: 0.001517
  step:  18 bond rmsd: 0.001517
  step:  19 bond rmsd: 0.001517
  step:  20 bond rmsd: 0.001517
  step:  21 bond rmsd: 0.001516
  step:  22 bond rmsd: 0.001516
  step:  23 bond rmsd: 0.001517
  step:  24 bond rmsd: 0.001517
  step:  25 bond rmsd: 0.001519
  step:  26 bond rmsd: 0.001520
  step:  27 bond rmsd: 0.001521
  step:  28 bond rmsd: 0.001523
  step:  29 bond rmsd: 0.001523
  step:  30 bond rmsd: 0.001524
  step:  31 bond rmsd: 0.001524
  step:  32 bond rmsd: 0.001525
  step:  33 bond rmsd: 0.001525
  step:  34 bond rmsd: 0.001525
  step:  35 bond rmsd: 0.001525
  step:  36 bond rmsd: 0.001525
  step:  37 bond rmsd: 0.001525
  step:  38 bond rmsd: 0.001524
  step:  39 bond rmsd: 0.001524
  step:  40 bond rmsd: 0.001523
  step:  41 bond rmsd: 0.001522
  step:  42 bond rmsd: 0.001521
  step:  43 bond rmsd: 0.001520
  step:  44 bond rmsd: 0.001518
  step:  45 bond rmsd: 0.001517
  step:  46 bond rmsd: 0.001516
  step:  47 bond rmsd: 0.001515
  step:  48 bond rmsd: 0.001514
  step:  49 bond rmsd: 0.001513
  step:  50 bond rmsd: 0.001511
  step:  51 bond rmsd: 0.001509
  step:  52 bond rmsd: 0.001507
micro_cycle  44 rmsd(b):  0.0015 rws:  1.000 n_fev: 2290
  step:   1 bond rmsd: 0.001507
  step:   2 bond rmsd: 0.058656
  step:   3 bond rmsd: 0.001505
  step:   4 bond rmsd: 0.001505
  step:   5 bond rmsd: 0.001505
  step:   6 bond rmsd: 0.001506
  step:   7 bond rmsd: 0.001506
  step:   8 bond rmsd: 0.001506
  step:   9 bond rmsd: 0.001507
  step:  10 bond rmsd: 0.001507
  step:  11 bond rmsd: 0.001508
  step:  12 bond rmsd: 0.001508
  step:  13 bond rmsd: 0.001509
  step:  14 bond rmsd: 0.001510
  step:  15 bond rmsd: 0.001510
  step:  16 bond rmsd: 0.001511
  step:  17 bond rmsd: 0.001513
  step:  18 bond rmsd: 0.001514
  step:  19 bond rmsd: 0.001515
  step:  20 bond rmsd: 0.001516
  step:  21 bond rmsd: 0.001517
  step:  22 bond rmsd: 0.001518
  step:  23 bond rmsd: 0.001520
  step:  24 bond rmsd: 0.001522
  step:  25 bond rmsd: 0.001523
  step:  26 bond rmsd: 0.001524
  step:  27 bond rmsd: 0.001526
  step:  28 bond rmsd: 0.001527
  step:  29 bond rmsd: 0.001529
  step:  30 bond rmsd: 0.001530
  step:  31 bond rmsd: 0.001531
  step:  32 bond rmsd: 0.001532
  step:  33 bond rmsd: 0.001532
  step:  34 bond rmsd: 0.001532
  step:  35 bond rmsd: 0.001532
  step:  36 bond rmsd: 0.001532
  step:  37 bond rmsd: 0.001530
  step:  38 bond rmsd: 0.001529
  step:  39 bond rmsd: 0.001525
  step:  40 bond rmsd: 0.001524
  step:  41 bond rmsd: 0.001522
  step:  42 bond rmsd: 0.001520
  step:  43 bond rmsd: 0.001517
  step:  44 bond rmsd: 0.001515
  step:  45 bond rmsd: 0.001513
  step:  46 bond rmsd: 0.001511
  step:  47 bond rmsd: 0.001508
  step:  48 bond rmsd: 0.001507
  step:  49 bond rmsd: 0.001505
  step:  50 bond rmsd: 0.001503
  step:  51 bond rmsd: 0.001501
  step:  52 bond rmsd: 0.001500
micro_cycle  45 rmsd(b):  0.0015 rws:  1.000 n_fev: 2342
  step:   1 bond rmsd: 0.001500
  step:   2 bond rmsd: 0.039064
  step:   3 bond rmsd: 0.001511
  step:   4 bond rmsd: 0.001509
  step:   5 bond rmsd: 0.001508
  step:   6 bond rmsd: 0.001507
  step:   7 bond rmsd: 0.001506
  step:   8 bond rmsd: 0.001506
  step:   9 bond rmsd: 0.001505
  step:  10 bond rmsd: 0.001505
  step:  11 bond rmsd: 0.001505
  step:  12 bond rmsd: 0.001505
  step:  13 bond rmsd: 0.001505
  step:  14 bond rmsd: 0.001506
  step:  15 bond rmsd: 0.001506
  step:  16 bond rmsd: 0.001508
  step:  17 bond rmsd: 0.001510
  step:  18 bond rmsd: 0.001513
  step:  19 bond rmsd: 0.001516
  step:  20 bond rmsd: 0.001519
  step:  21 bond rmsd: 0.001521
  step:  22 bond rmsd: 0.001522
  step:  23 bond rmsd: 0.001524
  step:  24 bond rmsd: 0.001525
  step:  25 bond rmsd: 0.001527
  step:  26 bond rmsd: 0.001528
  step:  27 bond rmsd: 0.001529
  step:  28 bond rmsd: 0.001530
  step:  29 bond rmsd: 0.001531
  step:  30 bond rmsd: 0.001532
  step:  31 bond rmsd: 0.001533
  step:  32 bond rmsd: 0.001533
  step:  33 bond rmsd: 0.001534
  step:  34 bond rmsd: 0.001533
  step:  35 bond rmsd: 0.001533
  step:  36 bond rmsd: 0.001532
  step:  37 bond rmsd: 0.001530
  step:  38 bond rmsd: 0.001528
  step:  39 bond rmsd: 0.001526
  step:  40 bond rmsd: 0.001526
  step:  41 bond rmsd: 0.001524
  step:  42 bond rmsd: 0.001522
  step:  43 bond rmsd: 0.001521
  step:  44 bond rmsd: 0.001520
  step:  45 bond rmsd: 0.001519
  step:  46 bond rmsd: 0.001517
  step:  47 bond rmsd: 0.001517
  step:  48 bond rmsd: 0.001515
  step:  49 bond rmsd: 0.001515
  step:  50 bond rmsd: 0.001513
  step:  51 bond rmsd: 0.001513
  step:  52 bond rmsd: 0.001511
micro_cycle  46 rmsd(b):  0.0015 rws:  1.000 n_fev: 2394
  step:   1 bond rmsd: 0.001511
  step:   2 bond rmsd: 0.068996
  step:   3 bond rmsd: 0.001523
  step:   4 bond rmsd: 0.001520
  step:   5 bond rmsd: 0.001518
  step:   6 bond rmsd: 0.001517
  step:   7 bond rmsd: 0.001516
  step:   8 bond rmsd: 0.001515
  step:   9 bond rmsd: 0.001514
  step:  10 bond rmsd: 0.001514
  step:  11 bond rmsd: 0.001513
  step:  12 bond rmsd: 0.001513
  step:  13 bond rmsd: 0.001513
  step:  14 bond rmsd: 0.001513
  step:  15 bond rmsd: 0.001513
  step:  16 bond rmsd: 0.001513
  step:  17 bond rmsd: 0.001513
  step:  18 bond rmsd: 0.001514
  step:  19 bond rmsd: 0.001516
  step:  20 bond rmsd: 0.001518
  step:  21 bond rmsd: 0.001520
  step:  22 bond rmsd: 0.001523
  step:  23 bond rmsd: 0.001524
  step:  24 bond rmsd: 0.001527
  step:  25 bond rmsd: 0.001528
  step:  26 bond rmsd: 0.001529
  step:  27 bond rmsd: 0.001531
  step:  28 bond rmsd: 0.001530
  step:  29 bond rmsd: 0.001531
  step:  30 bond rmsd: 0.001531
  step:  31 bond rmsd: 0.001531
  step:  32 bond rmsd: 0.001531
  step:  33 bond rmsd: 0.001531
  step:  34 bond rmsd: 0.001530
  step:  35 bond rmsd: 0.001529
  step:  36 bond rmsd: 0.001529
  step:  37 bond rmsd: 0.001528
  step:  38 bond rmsd: 0.001527
  step:  39 bond rmsd: 0.001526
  step:  40 bond rmsd: 0.001525
  step:  41 bond rmsd: 0.001523
  step:  42 bond rmsd: 0.001522
  step:  43 bond rmsd: 0.001520
  step:  44 bond rmsd: 0.001519
  step:  45 bond rmsd: 0.001517
  step:  46 bond rmsd: 0.001515
  step:  47 bond rmsd: 0.001515
  step:  48 bond rmsd: 0.001514
  step:  49 bond rmsd: 0.001513
  step:  50 bond rmsd: 0.001512
  step:  51 bond rmsd: 0.001512
  step:  52 bond rmsd: 0.001510
micro_cycle  47 rmsd(b):  0.0015 rws:  1.000 n_fev: 2446
  step:   1 bond rmsd: 0.001510
  step:   2 bond rmsd: 0.042283
  step:   3 bond rmsd: 0.001503
  step:   4 bond rmsd: 0.001504
  step:   5 bond rmsd: 0.001504
  step:   6 bond rmsd: 0.001505
  step:   7 bond rmsd: 0.001506
  step:   8 bond rmsd: 0.001507
  step:   9 bond rmsd: 0.001507
  step:  10 bond rmsd: 0.001508
  step:  11 bond rmsd: 0.001509
  step:  12 bond rmsd: 0.001509
  step:  13 bond rmsd: 0.001509
  step:  14 bond rmsd: 0.001510
  step:  15 bond rmsd: 0.001510
  step:  16 bond rmsd: 0.001511
  step:  17 bond rmsd: 0.001512
  step:  18 bond rmsd: 0.001513
  step:  19 bond rmsd: 0.001514
  step:  20 bond rmsd: 0.001515
  step:  21 bond rmsd: 0.001517
  step:  22 bond rmsd: 0.001518
  step:  23 bond rmsd: 0.001520
  step:  24 bond rmsd: 0.001522
  step:  25 bond rmsd: 0.001523
  step:  26 bond rmsd: 0.001525
  step:  27 bond rmsd: 0.001526
  step:  28 bond rmsd: 0.001528
  step:  29 bond rmsd: 0.001529
  step:  30 bond rmsd: 0.001531
  step:  31 bond rmsd: 0.001533
  step:  32 bond rmsd: 0.001534
  step:  33 bond rmsd: 0.001536
  step:  34 bond rmsd: 0.001537
  step:  35 bond rmsd: 0.001540
  step:  36 bond rmsd: 0.001540
  step:  37 bond rmsd: 0.001539
  step:  38 bond rmsd: 0.001537
  step:  39 bond rmsd: 0.001536
  step:  40 bond rmsd: 0.001534
  step:  41 bond rmsd: 0.001531
  step:  42 bond rmsd: 0.001529
  step:  43 bond rmsd: 0.001527
  step:  44 bond rmsd: 0.001525
  step:  45 bond rmsd: 0.001520
  step:  46 bond rmsd: 0.001519
  step:  47 bond rmsd: 0.001517
  step:  48 bond rmsd: 0.001515
  step:  49 bond rmsd: 0.001514
  step:  50 bond rmsd: 0.001513
  step:  51 bond rmsd: 0.001512
  step:  52 bond rmsd: 0.001511
micro_cycle  48 rmsd(b):  0.0015 rws:  1.000 n_fev: 2498
  step:   1 bond rmsd: 0.001511
  step:   2 bond rmsd: 0.017956
  step:   3 bond rmsd: 0.001516
  step:   4 bond rmsd: 0.001515
  step:   5 bond rmsd: 0.001514
  step:   6 bond rmsd: 0.001514
  step:   7 bond rmsd: 0.001514
  step:   8 bond rmsd: 0.001514
  step:   9 bond rmsd: 0.001515
  step:  10 bond rmsd: 0.001515
  step:  11 bond rmsd: 0.001516
  step:  12 bond rmsd: 0.001517
  step:  13 bond rmsd: 0.001517
  step:  14 bond rmsd: 0.001518
  step:  15 bond rmsd: 0.001519
  step:  16 bond rmsd: 0.001520
  step:  17 bond rmsd: 0.001521
  step:  18 bond rmsd: 0.001523
  step:  19 bond rmsd: 0.001525
  step:  20 bond rmsd: 0.001524
  step:  21 bond rmsd: 0.001526
  step:  22 bond rmsd: 0.001527
  step:  23 bond rmsd: 0.001529
  step:  24 bond rmsd: 0.001529
  step:  25 bond rmsd: 0.001530
  step:  26 bond rmsd: 0.001531
  step:  27 bond rmsd: 0.001530
  step:  28 bond rmsd: 0.001531
  step:  29 bond rmsd: 0.001531
  step:  30 bond rmsd: 0.001529
  step:  31 bond rmsd: 0.001528
  step:  32 bond rmsd: 0.001526
  step:  33 bond rmsd: 0.001524
  step:  34 bond rmsd: 0.001522
  step:  35 bond rmsd: 0.001519
  step:  36 bond rmsd: 0.001518
  step:  37 bond rmsd: 0.001516
  step:  38 bond rmsd: 0.001515
  step:  39 bond rmsd: 0.001514
  step:  40 bond rmsd: 0.001513
  step:  41 bond rmsd: 0.001512
  step:  42 bond rmsd: 0.001511
  step:  43 bond rmsd: 0.001509
  step:  44 bond rmsd: 0.001509
  step:  45 bond rmsd: 0.001508
  step:  46 bond rmsd: 0.001506
  step:  47 bond rmsd: 0.001506
  step:  48 bond rmsd: 0.001503
  step:  49 bond rmsd: 0.001503
  step:  50 bond rmsd: 0.001503
  step:  51 bond rmsd: 0.001504
  step:  52 bond rmsd: 0.001505
micro_cycle  49 rmsd(b):  0.0015 rws:  1.000 n_fev: 2550
  step:   1 bond rmsd: 0.001505
  step:   2 bond rmsd: 0.043716
  step:   3 bond rmsd: 0.001517
  step:   4 bond rmsd: 0.001514
  step:   5 bond rmsd: 0.001512
  step:   6 bond rmsd: 0.001511
  step:   7 bond rmsd: 0.001510
  step:   8 bond rmsd: 0.001509
  step:   9 bond rmsd: 0.001509
  step:  10 bond rmsd: 0.001509
  step:  11 bond rmsd: 0.001509
  step:  12 bond rmsd: 0.001509
  step:  13 bond rmsd: 0.001509
  step:  14 bond rmsd: 0.001509
  step:  15 bond rmsd: 0.001509
  step:  16 bond rmsd: 0.001510
  step:  17 bond rmsd: 0.001511
  step:  18 bond rmsd: 0.001513
  step:  19 bond rmsd: 0.001514
  step:  20 bond rmsd: 0.001517
  step:  21 bond rmsd: 0.001518
  step:  22 bond rmsd: 0.001519
  step:  23 bond rmsd: 0.001519
  step:  24 bond rmsd: 0.001520
  step:  25 bond rmsd: 0.001521
  step:  26 bond rmsd: 0.001521
  step:  27 bond rmsd: 0.001522
  step:  28 bond rmsd: 0.001524
  step:  29 bond rmsd: 0.001524
  step:  30 bond rmsd: 0.001526
  step:  31 bond rmsd: 0.001527
  step:  32 bond rmsd: 0.001528
  step:  33 bond rmsd: 0.001529
  step:  34 bond rmsd: 0.001530
  step:  35 bond rmsd: 0.001531
  step:  36 bond rmsd: 0.001532
  step:  37 bond rmsd: 0.001534
  step:  38 bond rmsd: 0.001534
  step:  39 bond rmsd: 0.001536
  step:  40 bond rmsd: 0.001537
  step:  41 bond rmsd: 0.001537
  step:  42 bond rmsd: 0.001541
  step:  43 bond rmsd: 0.001541
  step:  44 bond rmsd: 0.001540
  step:  45 bond rmsd: 0.001536
  step:  46 bond rmsd: 0.001530
  step:  47 bond rmsd: 0.001519
  step:  48 bond rmsd: 0.001513
  step:  49 bond rmsd: 0.001506
  step:  50 bond rmsd: 0.001498
  step:  51 bond rmsd: 0.001496
  step:  52 bond rmsd: 0.001488
micro_cycle  50 rmsd(b):  0.0015 rws:  1.000 n_fev: 2602
See 2_refined.pdb in pdb folder.
Time: 39.7199
