Starting Q|R
Running refinement
   input {
     xray_data {
       file_name = None
       labels = None
       high_resolution = None
       low_resolution = None
       outliers_rejection = True
       french_wilson_scale = True
       french_wilson {
         max_bins = 60
         min_bin_size = 40
       }
       sigma_fobs_rejection_criterion = None
       sigma_iobs_rejection_criterion = None
       ignore_all_zeros = True
       force_anomalous_flag_to_be_equal_to = None
       convert_to_non_anomalous_if_ratio_pairs_lone_less_than_threshold = 0.5
       r_free_flags {
         file_name = None
         label = None
         test_flag_value = None
         ignore_r_free_flags = False
         disable_suitability_test = False
         ignore_pdb_hexdigest = False
         generate = False
         fraction = 0.1
         max_free = 2000
         lattice_symmetry_max_delta = 5
         use_lattice_symmetry = True
         use_dataman_shells = False
         n_shells = 20
       }
     }
     pdb {
       file_name = None
     }
     monomers {
       file_name = None
     }
     maps {
       map_file_name = None
       d_min = None
       map_coefficients_file_name = None
       map_coefficients_label = None
     }
     sequence = None
     scattering_table = wk1995 it1992 *n_gaussian neutron electron
     wavelength = None
     energy = None
     twin_law = Auto
   }
   max_atoms = 15000
   debug = False
   cluster {
     charge_cutoff = 8.0
     clustering = false
     charge_embedding = False
     two_buffers = False
     maxnum_residues_in_cluster = 15
     clustering_method = gnc *bcc
     altloc_method = *average subtract
   }
   restraints = *cctbx qm
   quantum {
     engine_name = *mopac ani torchani terachem turbomole pyscf orca gaussian \
                   xtb
     charge = None
     basis = Auto
     method = Auto
     memory = None
     nproc = None
     qm_addon = gcp dftd3 gcp-d3
     qm_addon_method = None
   }
   refine {
     dry_run = False
     sf_algorithm = *direct fft
     refinement_target_name = *ml ls_wunit_k1
     mode = *opt refine
     number_of_macro_cycles = 1
     number_of_weight_search_cycles = 50
     number_of_refine_cycles = 5
     number_of_micro_cycles = 50
     data_weight = None
     choose_best_use_r_work = False
     skip_initial_weight_optimization = False
     adjust_restraints_weight_scale_value = 2
     max_iterations_weight = 50
     max_iterations_refine = 50
     use_ase_lbfgs = False
     line_search = True
     stpmax = 0.2
     gradient_only = true
     update_all_scales = True
     refine_sites = True
     refine_adp = False
     restraints_weight_scale = 1.0
     shake_sites = False
     use_convergence_test = true
     max_bond_rmsd = 0.03
     max_r_work_r_free_gap = 5.0
     r_tolerance = 0.001
     rmsd_tolerance = 0.001
     opt_log = False
     pre_opt = False
     pre_opt_stpmax = 0.1
     pre_opt_iter = 10
     pre_opt_switch = 2
     pre_opt_gconv = 3000
   }
   parallel {
     method = *multiprocessing slurm pbs sge lsf threading
     nproc = None
     qsub_command = None
   }
   output_file_name_prefix = None
   output_folder_name = "pdb"
   shared_disk = True
   rst_file = None
   dump_gradients = None

Setting QM defaults
  Setting QM method to PM7


***********************************************************
restart info will be stored in /home/lum/3nir/cctbx_opt/pdb/6.rst.pickle
***********************************************************

start   0 rmsd(b):  0.0190 rws:  1.000 n_fev: 0
  step:   1 bond rmsd: 0.019032
  step:   2 bond rmsd: 0.073839
  step:   3 bond rmsd: 0.073839
  step:   4 bond rmsd: 0.059992
  step:   5 bond rmsd: 0.048630
  step:   6 bond rmsd: 0.039617
  step:   7 bond rmsd: 0.032437
  step:   8 bond rmsd: 0.026760
  step:   9 bond rmsd: 0.022290
  step:  10 bond rmsd: 0.018801
  step:  11 bond rmsd: 0.016101
  step:  12 bond rmsd: 0.014032
  step:  13 bond rmsd: 0.012463
  step:  14 bond rmsd: 0.011282
  step:  15 bond rmsd: 0.010395
  step:  16 bond rmsd: 0.009723
  step:  17 bond rmsd: 0.009204
  step:  18 bond rmsd: 0.008787
  step:  19 bond rmsd: 0.008429
  step:  20 bond rmsd: 0.008092
  step:  21 bond rmsd: 0.007735
  step:  22 bond rmsd: 0.007298
  step:  23 bond rmsd: 0.006653
  step:  24 bond rmsd: 0.005893
  step:  25 bond rmsd: 0.005161
  step:  26 bond rmsd: 0.004681
  step:  27 bond rmsd: 0.004360
  step:  28 bond rmsd: 0.004056
  step:  29 bond rmsd: 0.003881
  step:  30 bond rmsd: 0.003720
  step:  31 bond rmsd: 0.003649
  step:  32 bond rmsd: 0.003624
  step:  33 bond rmsd: 0.003633
  step:  34 bond rmsd: 0.003704
  step:  35 bond rmsd: 0.003792
  step:  36 bond rmsd: 0.003882
  step:  37 bond rmsd: 0.004002
  step:  38 bond rmsd: 0.004078
  step:  39 bond rmsd: 0.004107
  step:  40 bond rmsd: 0.004135
  step:  41 bond rmsd: 0.004090
  step:  42 bond rmsd: 0.004054
  step:  43 bond rmsd: 0.003973
  step:  44 bond rmsd: 0.003850
  step:  45 bond rmsd: 0.003756
  step:  46 bond rmsd: 0.003593
  step:  47 bond rmsd: 0.003471
  step:  48 bond rmsd: 0.003339
  step:  49 bond rmsd: 0.003181
  step:  50 bond rmsd: 0.003050
  step:  51 bond rmsd: 0.002929
  step:  52 bond rmsd: 0.002811
micro_cycle   1 rmsd(b):  0.0028 rws:  1.000 n_fev: 52
  step:   1 bond rmsd: 0.002811
  step:   2 bond rmsd: 0.043802
  step:   3 bond rmsd: 0.026599
  step:   4 bond rmsd: 0.021283
  step:   5 bond rmsd: 0.017005
  step:   6 bond rmsd: 0.013615
  step:   7 bond rmsd: 0.010932
  step:   8 bond rmsd: 0.008816
  step:   9 bond rmsd: 0.007156
  step:  10 bond rmsd: 0.005864
  step:  11 bond rmsd: 0.004872
  step:  12 bond rmsd: 0.004123
  step:  13 bond rmsd: 0.003570
  step:  14 bond rmsd: 0.003173
  step:  15 bond rmsd: 0.002897
  step:  16 bond rmsd: 0.002711
  step:  17 bond rmsd: 0.002589
  step:  18 bond rmsd: 0.002511
  step:  19 bond rmsd: 0.002463
  step:  20 bond rmsd: 0.002434
  step:  21 bond rmsd: 0.002417
  step:  22 bond rmsd: 0.002407
  step:  23 bond rmsd: 0.002402
  step:  24 bond rmsd: 0.002401
  step:  25 bond rmsd: 0.002401
  step:  26 bond rmsd: 0.002401
  step:  27 bond rmsd: 0.002403
  step:  28 bond rmsd: 0.002405
  step:  29 bond rmsd: 0.002406
  step:  30 bond rmsd: 0.002407
  step:  31 bond rmsd: 0.002404
  step:  32 bond rmsd: 0.002393
  step:  33 bond rmsd: 0.002365
  step:  34 bond rmsd: 0.002308
  step:  35 bond rmsd: 0.002296
  step:  36 bond rmsd: 0.002236
  step:  37 bond rmsd: 0.002219
  step:  38 bond rmsd: 0.002187
  step:  39 bond rmsd: 0.002186
  step:  40 bond rmsd: 0.002190
  step:  41 bond rmsd: 0.002203
  step:  42 bond rmsd: 0.002198
  step:  43 bond rmsd: 0.002232
  step:  44 bond rmsd: 0.002240
  step:  45 bond rmsd: 0.002244
  step:  46 bond rmsd: 0.002258
  step:  47 bond rmsd: 0.002260
  step:  48 bond rmsd: 0.002269
  step:  49 bond rmsd: 0.002247
  step:  50 bond rmsd: 0.002274
  step:  51 bond rmsd: 0.002237
  step:  52 bond rmsd: 0.002187
micro_cycle   2 rmsd(b):  0.0022 rws:  1.000 n_fev: 104
  step:   1 bond rmsd: 0.002187
  step:   2 bond rmsd: 0.044663
  step:   3 bond rmsd: 0.044663
  step:   4 bond rmsd: 0.035926
  step:   5 bond rmsd: 0.028926
  step:   6 bond rmsd: 0.023270
  step:   7 bond rmsd: 0.018718
  step:   8 bond rmsd: 0.015058
  step:   9 bond rmsd: 0.012121
  step:  10 bond rmsd: 0.009771
  step:  11 bond rmsd: 0.007898
  step:  12 bond rmsd: 0.006414
  step:  13 bond rmsd: 0.005248
  step:  14 bond rmsd: 0.004342
  step:  15 bond rmsd: 0.003649
  step:  16 bond rmsd: 0.003131
  step:  17 bond rmsd: 0.002754
  step:  18 bond rmsd: 0.002487
  step:  19 bond rmsd: 0.002304
  step:  20 bond rmsd: 0.002182
  step:  21 bond rmsd: 0.002104
  step:  22 bond rmsd: 0.002055
  step:  23 bond rmsd: 0.002025
  step:  24 bond rmsd: 0.002008
  step:  25 bond rmsd: 0.001998
  step:  26 bond rmsd: 0.001993
  step:  27 bond rmsd: 0.001991
  step:  28 bond rmsd: 0.001991
  step:  29 bond rmsd: 0.001993
  step:  30 bond rmsd: 0.001995
  step:  31 bond rmsd: 0.001998
  step:  32 bond rmsd: 0.002000
  step:  33 bond rmsd: 0.001999
  step:  34 bond rmsd: 0.001987
  step:  35 bond rmsd: 0.001933
  step:  36 bond rmsd: 0.001888
  step:  37 bond rmsd: 0.001937
  step:  38 bond rmsd: 0.001911
  step:  39 bond rmsd: 0.001890
  step:  40 bond rmsd: 0.001838
  step:  41 bond rmsd: 0.001834
  step:  42 bond rmsd: 0.001831
  step:  43 bond rmsd: 0.001823
  step:  44 bond rmsd: 0.001818
  step:  45 bond rmsd: 0.001815
  step:  46 bond rmsd: 0.001819
  step:  47 bond rmsd: 0.001819
  step:  48 bond rmsd: 0.001828
  step:  49 bond rmsd: 0.001832
  step:  50 bond rmsd: 0.001848
  step:  51 bond rmsd: 0.001854
  step:  52 bond rmsd: 0.001851
micro_cycle   3 rmsd(b):  0.0019 rws:  1.000 n_fev: 156
  step:   1 bond rmsd: 0.001851
  step:   2 bond rmsd: 0.052182
  step:   3 bond rmsd: 0.013842
  step:   4 bond rmsd: 0.011123
  step:   5 bond rmsd: 0.008943
  step:   6 bond rmsd: 0.007222
  step:   7 bond rmsd: 0.005870
  step:   8 bond rmsd: 0.004815
  step:   9 bond rmsd: 0.004001
  step:  10 bond rmsd: 0.003382
  step:  11 bond rmsd: 0.002919
  step:  12 bond rmsd: 0.002581
  step:  13 bond rmsd: 0.002340
  step:  14 bond rmsd: 0.002172
  step:  15 bond rmsd: 0.002058
  step:  16 bond rmsd: 0.001982
  step:  17 bond rmsd: 0.001931
  step:  18 bond rmsd: 0.001898
  step:  19 bond rmsd: 0.001876
  step:  20 bond rmsd: 0.001862
  step:  21 bond rmsd: 0.001853
  step:  22 bond rmsd: 0.001847
  step:  23 bond rmsd: 0.001843
  step:  24 bond rmsd: 0.001840
  step:  25 bond rmsd: 0.001838
  step:  26 bond rmsd: 0.001836
  step:  27 bond rmsd: 0.001835
  step:  28 bond rmsd: 0.001834
  step:  29 bond rmsd: 0.001832
  step:  30 bond rmsd: 0.001830
  step:  31 bond rmsd: 0.001828
  step:  32 bond rmsd: 0.001824
  step:  33 bond rmsd: 0.001817
  step:  34 bond rmsd: 0.001807
  step:  35 bond rmsd: 0.001808
  step:  36 bond rmsd: 0.001814
  step:  37 bond rmsd: 0.001807
  step:  38 bond rmsd: 0.001820
  step:  39 bond rmsd: 0.001831
  step:  40 bond rmsd: 0.001857
  step:  41 bond rmsd: 0.001872
  step:  42 bond rmsd: 0.001889
  step:  43 bond rmsd: 0.001910
  step:  44 bond rmsd: 0.001928
  step:  45 bond rmsd: 0.001956
  step:  46 bond rmsd: 0.001974
  step:  47 bond rmsd: 0.002016
  step:  48 bond rmsd: 0.002029
  step:  49 bond rmsd: 0.002064
  step:  50 bond rmsd: 0.002077
  step:  51 bond rmsd: 0.002114
  step:  52 bond rmsd: 0.002111
micro_cycle   4 rmsd(b):  0.0021 rws:  1.000 n_fev: 208
  step:   1 bond rmsd: 0.002111
  step:   2 bond rmsd: 0.062988
  step:   3 bond rmsd: 0.021658
  step:   4 bond rmsd: 0.017321
  step:   5 bond rmsd: 0.013849
  step:   6 bond rmsd: 0.011089
  step:   7 bond rmsd: 0.008900
  step:   8 bond rmsd: 0.007170
  step:   9 bond rmsd: 0.005811
  step:  10 bond rmsd: 0.004753
  step:  11 bond rmsd: 0.003940
  step:  12 bond rmsd: 0.003329
  step:  13 bond rmsd: 0.002880
  step:  14 bond rmsd: 0.002562
  step:  15 bond rmsd: 0.002343
  step:  16 bond rmsd: 0.002199
  step:  17 bond rmsd: 0.002107
  step:  18 bond rmsd: 0.002051
  step:  19 bond rmsd: 0.002018
  step:  20 bond rmsd: 0.002000
  step:  21 bond rmsd: 0.001990
  step:  22 bond rmsd: 0.001986
  step:  23 bond rmsd: 0.001985
  step:  24 bond rmsd: 0.001986
  step:  25 bond rmsd: 0.001987
  step:  26 bond rmsd: 0.001990
  step:  27 bond rmsd: 0.001992
  step:  28 bond rmsd: 0.001994
  step:  29 bond rmsd: 0.001996
  step:  30 bond rmsd: 0.001996
  step:  31 bond rmsd: 0.001994
  step:  32 bond rmsd: 0.001985
  step:  33 bond rmsd: 0.001961
  step:  34 bond rmsd: 0.001882
  step:  35 bond rmsd: 0.001851
  step:  36 bond rmsd: 0.001835
  step:  37 bond rmsd: 0.001785
  step:  38 bond rmsd: 0.001785
  step:  39 bond rmsd: 0.001773
  step:  40 bond rmsd: 0.001766
  step:  41 bond rmsd: 0.001764
  step:  42 bond rmsd: 0.001763
  step:  43 bond rmsd: 0.001764
  step:  44 bond rmsd: 0.001765
  step:  45 bond rmsd: 0.001767
  step:  46 bond rmsd: 0.001768
  step:  47 bond rmsd: 0.001769
  step:  48 bond rmsd: 0.001770
  step:  49 bond rmsd: 0.001770
  step:  50 bond rmsd: 0.001772
  step:  51 bond rmsd: 0.001771
  step:  52 bond rmsd: 0.001769
  step:  53 bond rmsd: 0.001769
micro_cycle   5 rmsd(b):  0.0018 rws:  1.000 n_fev: 261
  step:   1 bond rmsd: 0.001769
  step:   2 bond rmsd: 0.044062
  step:   3 bond rmsd: 0.006764
  step:   4 bond rmsd: 0.005480
  step:   5 bond rmsd: 0.004476
  step:   6 bond rmsd: 0.003699
  step:   7 bond rmsd: 0.003107
  step:   8 bond rmsd: 0.002667
  step:   9 bond rmsd: 0.002349
  step:  10 bond rmsd: 0.002126
  step:  11 bond rmsd: 0.001977
  step:  12 bond rmsd: 0.001879
  step:  13 bond rmsd: 0.001818
  step:  14 bond rmsd: 0.001781
  step:  15 bond rmsd: 0.001760
  step:  16 bond rmsd: 0.001748
  step:  17 bond rmsd: 0.001742
  step:  18 bond rmsd: 0.001740
  step:  19 bond rmsd: 0.001740
  step:  20 bond rmsd: 0.001741
  step:  21 bond rmsd: 0.001743
  step:  22 bond rmsd: 0.001744
  step:  23 bond rmsd: 0.001746
  step:  24 bond rmsd: 0.001748
  step:  25 bond rmsd: 0.001751
  step:  26 bond rmsd: 0.001753
  step:  27 bond rmsd: 0.001756
  step:  28 bond rmsd: 0.001759
  step:  29 bond rmsd: 0.001763
  step:  30 bond rmsd: 0.001768
  step:  31 bond rmsd: 0.001773
  step:  32 bond rmsd: 0.001778
  step:  33 bond rmsd: 0.001775
  step:  34 bond rmsd: 0.001767
  step:  35 bond rmsd: 0.001769
  step:  36 bond rmsd: 0.001772
  step:  37 bond rmsd: 0.001783
  step:  38 bond rmsd: 0.001790
  step:  39 bond rmsd: 0.001800
  step:  40 bond rmsd: 0.001802
  step:  41 bond rmsd: 0.001813
  step:  42 bond rmsd: 0.001819
  step:  43 bond rmsd: 0.001837
  step:  44 bond rmsd: 0.001867
  step:  45 bond rmsd: 0.001892
  step:  46 bond rmsd: 0.001921
  step:  47 bond rmsd: 0.001965
  step:  48 bond rmsd: 0.002007
  step:  49 bond rmsd: 0.002025
  step:  50 bond rmsd: 0.002154
  step:  51 bond rmsd: 0.002149
  step:  52 bond rmsd: 0.002121
micro_cycle   6 rmsd(b):  0.0021 rws:  1.000 n_fev: 313
  step:   1 bond rmsd: 0.002121
  step:   2 bond rmsd: 0.060446
  step:   3 bond rmsd: 0.050640
  step:   4 bond rmsd: 0.040542
  step:   5 bond rmsd: 0.032343
  step:   6 bond rmsd: 0.025813
  step:   7 bond rmsd: 0.020614
  step:   8 bond rmsd: 0.016469
  step:   9 bond rmsd: 0.013162
  step:  10 bond rmsd: 0.010527
  step:  11 bond rmsd: 0.008434
  step:  12 bond rmsd: 0.006778
  step:  13 bond rmsd: 0.005477
  step:  14 bond rmsd: 0.004466
  step:  15 bond rmsd: 0.003692
  step:  16 bond rmsd: 0.003114
  step:  17 bond rmsd: 0.002693
  step:  18 bond rmsd: 0.002399
  step:  19 bond rmsd: 0.002201
  step:  20 bond rmsd: 0.002075
  step:  21 bond rmsd: 0.001997
  step:  22 bond rmsd: 0.001952
  step:  23 bond rmsd: 0.001927
  step:  24 bond rmsd: 0.001915
  step:  25 bond rmsd: 0.001911
  step:  26 bond rmsd: 0.001910
  step:  27 bond rmsd: 0.001911
  step:  28 bond rmsd: 0.001914
  step:  29 bond rmsd: 0.001916
  step:  30 bond rmsd: 0.001919
  step:  31 bond rmsd: 0.001921
  step:  32 bond rmsd: 0.001922
  step:  33 bond rmsd: 0.001921
  step:  34 bond rmsd: 0.001916
  step:  35 bond rmsd: 0.001904
  step:  36 bond rmsd: 0.001876
  step:  37 bond rmsd: 0.001803
  step:  38 bond rmsd: 0.001774
  step:  39 bond rmsd: 0.001731
  step:  40 bond rmsd: 0.001701
  step:  41 bond rmsd: 0.001680
  step:  42 bond rmsd: 0.001659
  step:  43 bond rmsd: 0.001650
  step:  44 bond rmsd: 0.001639
  step:  45 bond rmsd: 0.001632
  step:  46 bond rmsd: 0.001627
  step:  47 bond rmsd: 0.001621
  step:  48 bond rmsd: 0.001617
  step:  49 bond rmsd: 0.001613
  step:  50 bond rmsd: 0.001611
  step:  51 bond rmsd: 0.001608
  step:  52 bond rmsd: 0.001614
micro_cycle   7 rmsd(b):  0.0016 rws:  1.000 n_fev: 365
  step:   1 bond rmsd: 0.001614
  step:   2 bond rmsd: 0.049075
  step:   3 bond rmsd: 0.002358
  step:   4 bond rmsd: 0.002085
  step:   5 bond rmsd: 0.001897
  step:   6 bond rmsd: 0.001772
  step:   7 bond rmsd: 0.001693
  step:   8 bond rmsd: 0.001644
  step:   9 bond rmsd: 0.001616
  step:  10 bond rmsd: 0.001601
  step:  11 bond rmsd: 0.001593
  step:  12 bond rmsd: 0.001590
  step:  13 bond rmsd: 0.001590
  step:  14 bond rmsd: 0.001591
  step:  15 bond rmsd: 0.001593
  step:  16 bond rmsd: 0.001595
  step:  17 bond rmsd: 0.001597
  step:  18 bond rmsd: 0.001599
  step:  19 bond rmsd: 0.001601
  step:  20 bond rmsd: 0.001603
  step:  21 bond rmsd: 0.001605
  step:  22 bond rmsd: 0.001607
  step:  23 bond rmsd: 0.001609
  step:  24 bond rmsd: 0.001611
  step:  25 bond rmsd: 0.001614
  step:  26 bond rmsd: 0.001617
  step:  27 bond rmsd: 0.001622
  step:  28 bond rmsd: 0.001628
  step:  29 bond rmsd: 0.001635
  step:  30 bond rmsd: 0.001641
  step:  31 bond rmsd: 0.001631
  step:  32 bond rmsd: 0.001640
  step:  33 bond rmsd: 0.001670
  step:  34 bond rmsd: 0.001686
  step:  35 bond rmsd: 0.001726
  step:  36 bond rmsd: 0.001738
  step:  37 bond rmsd: 0.001749
  step:  38 bond rmsd: 0.001766
  step:  39 bond rmsd: 0.001782
  step:  40 bond rmsd: 0.001794
  step:  41 bond rmsd: 0.001826
  step:  42 bond rmsd: 0.001853
  step:  43 bond rmsd: 0.001883
  step:  44 bond rmsd: 0.001912
  step:  45 bond rmsd: 0.001945
  step:  46 bond rmsd: 0.001973
  step:  47 bond rmsd: 0.001982
  step:  48 bond rmsd: 0.002006
  step:  49 bond rmsd: 0.002018
  step:  50 bond rmsd: 0.002034
  step:  51 bond rmsd: 0.002030
  step:  52 bond rmsd: 0.002033
micro_cycle   8 rmsd(b):  0.0020 rws:  1.000 n_fev: 417
  step:   1 bond rmsd: 0.002033
  step:   2 bond rmsd: 0.083178
  step:   3 bond rmsd: 0.004159
  step:   4 bond rmsd: 0.003534
  step:   5 bond rmsd: 0.003067
  step:   6 bond rmsd: 0.002726
  step:   7 bond rmsd: 0.002483
  step:   8 bond rmsd: 0.002313
  step:   9 bond rmsd: 0.002197
  step:  10 bond rmsd: 0.002118
  step:  11 bond rmsd: 0.002065
  step:  12 bond rmsd: 0.002029
  step:  13 bond rmsd: 0.002005
  step:  14 bond rmsd: 0.001989
  step:  15 bond rmsd: 0.001978
  step:  16 bond rmsd: 0.001970
  step:  17 bond rmsd: 0.001964
  step:  18 bond rmsd: 0.001959
  step:  19 bond rmsd: 0.001956
  step:  20 bond rmsd: 0.001953
  step:  21 bond rmsd: 0.001949
  step:  22 bond rmsd: 0.001946
  step:  23 bond rmsd: 0.001941
  step:  24 bond rmsd: 0.001934
  step:  25 bond rmsd: 0.001922
  step:  26 bond rmsd: 0.001903
  step:  27 bond rmsd: 0.001872
  step:  28 bond rmsd: 0.001799
  step:  29 bond rmsd: 0.001772
  step:  30 bond rmsd: 0.001747
  step:  31 bond rmsd: 0.001727
  step:  32 bond rmsd: 0.001707
  step:  33 bond rmsd: 0.001700
  step:  34 bond rmsd: 0.001679
  step:  35 bond rmsd: 0.001672
  step:  36 bond rmsd: 0.001666
  step:  37 bond rmsd: 0.001659
  step:  38 bond rmsd: 0.001654
  step:  39 bond rmsd: 0.001647
  step:  40 bond rmsd: 0.001643
  step:  41 bond rmsd: 0.001635
  step:  42 bond rmsd: 0.001630
  step:  43 bond rmsd: 0.001621
  step:  44 bond rmsd: 0.001615
  step:  45 bond rmsd: 0.001605
  step:  46 bond rmsd: 0.001598
  step:  47 bond rmsd: 0.001591
  step:  48 bond rmsd: 0.001582
  step:  49 bond rmsd: 0.001578
  step:  50 bond rmsd: 0.001571
  step:  51 bond rmsd: 0.001571
  step:  52 bond rmsd: 0.001567
micro_cycle   9 rmsd(b):  0.0016 rws:  1.000 n_fev: 469
  step:   1 bond rmsd: 0.001567
  step:   2 bond rmsd: 0.057068
  step:   3 bond rmsd: 0.001954
  step:   4 bond rmsd: 0.001820
  step:   5 bond rmsd: 0.001730
  step:   6 bond rmsd: 0.001669
  step:   7 bond rmsd: 0.001630
  step:   8 bond rmsd: 0.001605
  step:   9 bond rmsd: 0.001589
  step:  10 bond rmsd: 0.001579
  step:  11 bond rmsd: 0.001572
  step:  12 bond rmsd: 0.001568
  step:  13 bond rmsd: 0.001565
  step:  14 bond rmsd: 0.001564
  step:  15 bond rmsd: 0.001563
  step:  16 bond rmsd: 0.001562
  step:  17 bond rmsd: 0.001562
  step:  18 bond rmsd: 0.001562
  step:  19 bond rmsd: 0.001562
  step:  20 bond rmsd: 0.001561
  step:  21 bond rmsd: 0.001561
  step:  22 bond rmsd: 0.001561
  step:  23 bond rmsd: 0.001561
  step:  24 bond rmsd: 0.001561
  step:  25 bond rmsd: 0.001560
  step:  26 bond rmsd: 0.001559
  step:  27 bond rmsd: 0.001559
  step:  28 bond rmsd: 0.001559
  step:  29 bond rmsd: 0.001563
  step:  30 bond rmsd: 0.001558
  step:  31 bond rmsd: 0.001563
  step:  32 bond rmsd: 0.001567
  step:  33 bond rmsd: 0.001575
  step:  34 bond rmsd: 0.001578
  step:  35 bond rmsd: 0.001584
  step:  36 bond rmsd: 0.001588
  step:  37 bond rmsd: 0.001591
  step:  38 bond rmsd: 0.001602
  step:  39 bond rmsd: 0.001605
  step:  40 bond rmsd: 0.001611
  step:  41 bond rmsd: 0.001615
  step:  42 bond rmsd: 0.001623
  step:  43 bond rmsd: 0.001628
  step:  44 bond rmsd: 0.001634
  step:  45 bond rmsd: 0.001639
  step:  46 bond rmsd: 0.001645
  step:  47 bond rmsd: 0.001654
  step:  48 bond rmsd: 0.001658
  step:  49 bond rmsd: 0.001666
  step:  50 bond rmsd: 0.001668
  step:  51 bond rmsd: 0.001674
  step:  52 bond rmsd: 0.001679
micro_cycle  10 rmsd(b):  0.0017 rws:  1.000 n_fev: 521
  step:   1 bond rmsd: 0.001679
  step:   2 bond rmsd: 0.050080
  step:   3 bond rmsd: 0.005015
  step:   4 bond rmsd: 0.004169
  step:   5 bond rmsd: 0.003515
  step:   6 bond rmsd: 0.003016
  step:   7 bond rmsd: 0.002641
  step:   8 bond rmsd: 0.002365
  step:   9 bond rmsd: 0.002164
  step:  10 bond rmsd: 0.002021
  step:  11 bond rmsd: 0.001920
  step:  12 bond rmsd: 0.001848
  step:  13 bond rmsd: 0.001799
  step:  14 bond rmsd: 0.001764
  step:  15 bond rmsd: 0.001739
  step:  16 bond rmsd: 0.001721
  step:  17 bond rmsd: 0.001708
  step:  18 bond rmsd: 0.001699
  step:  19 bond rmsd: 0.001691
  step:  20 bond rmsd: 0.001686
  step:  21 bond rmsd: 0.001681
  step:  22 bond rmsd: 0.001678
  step:  23 bond rmsd: 0.001674
  step:  24 bond rmsd: 0.001671
  step:  25 bond rmsd: 0.001668
  step:  26 bond rmsd: 0.001665
  step:  27 bond rmsd: 0.001661
  step:  28 bond rmsd: 0.001657
  step:  29 bond rmsd: 0.001650
  step:  30 bond rmsd: 0.001643
  step:  31 bond rmsd: 0.001635
  step:  32 bond rmsd: 0.001628
  step:  33 bond rmsd: 0.001620
  step:  34 bond rmsd: 0.001621
  step:  35 bond rmsd: 0.001615
  step:  36 bond rmsd: 0.001609
  step:  37 bond rmsd: 0.001602
  step:  38 bond rmsd: 0.001597
  step:  39 bond rmsd: 0.001591
  step:  40 bond rmsd: 0.001587
  step:  41 bond rmsd: 0.001582
  step:  42 bond rmsd: 0.001576
  step:  43 bond rmsd: 0.001573
  step:  44 bond rmsd: 0.001562
  step:  45 bond rmsd: 0.001560
  step:  46 bond rmsd: 0.001558
  step:  47 bond rmsd: 0.001557
  step:  48 bond rmsd: 0.001555
  step:  49 bond rmsd: 0.001554
  step:  50 bond rmsd: 0.001557
  step:  51 bond rmsd: 0.001557
  step:  52 bond rmsd: 0.001558
micro_cycle  11 rmsd(b):  0.0016 rws:  1.000 n_fev: 573
  step:   1 bond rmsd: 0.001558
  step:   2 bond rmsd: 0.048491
  step:   3 bond rmsd: 0.001615
  step:   4 bond rmsd: 0.001587
  step:   5 bond rmsd: 0.001570
  step:   6 bond rmsd: 0.001561
  step:   7 bond rmsd: 0.001555
  step:   8 bond rmsd: 0.001553
  step:   9 bond rmsd: 0.001552
  step:  10 bond rmsd: 0.001552
  step:  11 bond rmsd: 0.001552
  step:  12 bond rmsd: 0.001553
  step:  13 bond rmsd: 0.001554
  step:  14 bond rmsd: 0.001555
  step:  15 bond rmsd: 0.001556
  step:  16 bond rmsd: 0.001557
  step:  17 bond rmsd: 0.001558
  step:  18 bond rmsd: 0.001559
  step:  19 bond rmsd: 0.001560
  step:  20 bond rmsd: 0.001561
  step:  21 bond rmsd: 0.001562
  step:  22 bond rmsd: 0.001565
  step:  23 bond rmsd: 0.001567
  step:  24 bond rmsd: 0.001571
  step:  25 bond rmsd: 0.001577
  step:  26 bond rmsd: 0.001581
  step:  27 bond rmsd: 0.001586
  step:  28 bond rmsd: 0.001590
  step:  29 bond rmsd: 0.001590
  step:  30 bond rmsd: 0.001594
  step:  31 bond rmsd: 0.001597
  step:  32 bond rmsd: 0.001600
  step:  33 bond rmsd: 0.001602
  step:  34 bond rmsd: 0.001605
  step:  35 bond rmsd: 0.001606
  step:  36 bond rmsd: 0.001608
  step:  37 bond rmsd: 0.001607
  step:  38 bond rmsd: 0.001607
  step:  39 bond rmsd: 0.001606
  step:  40 bond rmsd: 0.001602
  step:  41 bond rmsd: 0.001600
  step:  42 bond rmsd: 0.001593
  step:  43 bond rmsd: 0.001588
  step:  44 bond rmsd: 0.001580
  step:  45 bond rmsd: 0.001569
  step:  46 bond rmsd: 0.001560
  step:  47 bond rmsd: 0.001550
  step:  48 bond rmsd: 0.001540
  step:  49 bond rmsd: 0.001527
  step:  50 bond rmsd: 0.001508
  step:  51 bond rmsd: 0.001495
  step:  52 bond rmsd: 0.001479
micro_cycle  12 rmsd(b):  0.0015 rws:  1.000 n_fev: 625
  step:   1 bond rmsd: 0.001479
  step:   2 bond rmsd: 0.062027
  step:   3 bond rmsd: 0.004272
  step:   4 bond rmsd: 0.003554
  step:   5 bond rmsd: 0.003001
  step:   6 bond rmsd: 0.002580
  step:   7 bond rmsd: 0.002266
  step:   8 bond rmsd: 0.002035
  step:   9 bond rmsd: 0.001870
  step:  10 bond rmsd: 0.001752
  step:  11 bond rmsd: 0.001671
  step:  12 bond rmsd: 0.001615
  step:  13 bond rmsd: 0.001576
  step:  14 bond rmsd: 0.001550
  step:  15 bond rmsd: 0.001532
  step:  16 bond rmsd: 0.001519
  step:  17 bond rmsd: 0.001511
  step:  18 bond rmsd: 0.001505
  step:  19 bond rmsd: 0.001501
  step:  20 bond rmsd: 0.001498
  step:  21 bond rmsd: 0.001496
  step:  22 bond rmsd: 0.001495
  step:  23 bond rmsd: 0.001495
  step:  24 bond rmsd: 0.001495
  step:  25 bond rmsd: 0.001496
  step:  26 bond rmsd: 0.001499
  step:  27 bond rmsd: 0.001504
  step:  28 bond rmsd: 0.001513
  step:  29 bond rmsd: 0.001528
  step:  30 bond rmsd: 0.001540
  step:  31 bond rmsd: 0.001550
  step:  32 bond rmsd: 0.001576
  step:  33 bond rmsd: 0.001582
  step:  34 bond rmsd: 0.001588
  step:  35 bond rmsd: 0.001593
  step:  36 bond rmsd: 0.001599
  step:  37 bond rmsd: 0.001603
  step:  38 bond rmsd: 0.001605
  step:  39 bond rmsd: 0.001610
  step:  40 bond rmsd: 0.001610
  step:  41 bond rmsd: 0.001611
  step:  42 bond rmsd: 0.001609
  step:  43 bond rmsd: 0.001609
  step:  44 bond rmsd: 0.001604
  step:  45 bond rmsd: 0.001600
  step:  46 bond rmsd: 0.001593
  step:  47 bond rmsd: 0.001587
  step:  48 bond rmsd: 0.001581
  step:  49 bond rmsd: 0.001575
  step:  50 bond rmsd: 0.001565
  step:  51 bond rmsd: 0.001561
  step:  52 bond rmsd: 0.001556
micro_cycle  13 rmsd(b):  0.0016 rws:  1.000 n_fev: 677
  step:   1 bond rmsd: 0.001556
  step:   2 bond rmsd: 0.067421
  step:   3 bond rmsd: 0.001581
  step:   4 bond rmsd: 0.001568
  step:   5 bond rmsd: 0.001561
  step:   6 bond rmsd: 0.001556
  step:   7 bond rmsd: 0.001554
  step:   8 bond rmsd: 0.001553
  step:   9 bond rmsd: 0.001552
  step:  10 bond rmsd: 0.001552
  step:  11 bond rmsd: 0.001552
  step:  12 bond rmsd: 0.001553
  step:  13 bond rmsd: 0.001553
  step:  14 bond rmsd: 0.001553
  step:  15 bond rmsd: 0.001554
  step:  16 bond rmsd: 0.001554
  step:  17 bond rmsd: 0.001554
  step:  18 bond rmsd: 0.001555
  step:  19 bond rmsd: 0.001555
  step:  20 bond rmsd: 0.001556
  step:  21 bond rmsd: 0.001556
  step:  22 bond rmsd: 0.001557
  step:  23 bond rmsd: 0.001557
  step:  24 bond rmsd: 0.001558
  step:  25 bond rmsd: 0.001559
  step:  26 bond rmsd: 0.001556
  step:  27 bond rmsd: 0.001557
  step:  28 bond rmsd: 0.001558
  step:  29 bond rmsd: 0.001552
  step:  30 bond rmsd: 0.001553
  step:  31 bond rmsd: 0.001551
  step:  32 bond rmsd: 0.001553
  step:  33 bond rmsd: 0.001551
  step:  34 bond rmsd: 0.001552
  step:  35 bond rmsd: 0.001552
  step:  36 bond rmsd: 0.001550
  step:  37 bond rmsd: 0.001551
  step:  38 bond rmsd: 0.001550
  step:  39 bond rmsd: 0.001550
  step:  40 bond rmsd: 0.001549
  step:  41 bond rmsd: 0.001549
  step:  42 bond rmsd: 0.001549
  step:  43 bond rmsd: 0.001546
  step:  44 bond rmsd: 0.001549
  step:  45 bond rmsd: 0.001548
  step:  46 bond rmsd: 0.001552
  step:  47 bond rmsd: 0.001539
  step:  48 bond rmsd: 0.001544
  step:  49 bond rmsd: 0.001568
  step:  50 bond rmsd: 0.001579
  step:  51 bond rmsd: 0.001586
  step:  52 bond rmsd: 0.001600
micro_cycle  14 rmsd(b):  0.0016 rws:  1.000 n_fev: 729
  step:   1 bond rmsd: 0.001600
  step:   2 bond rmsd: 0.064692
  step:   3 bond rmsd: 0.010104
  step:   4 bond rmsd: 0.008139
  step:   5 bond rmsd: 0.006577
  step:   6 bond rmsd: 0.005344
  step:   7 bond rmsd: 0.004377
  step:   8 bond rmsd: 0.003625
  step:   9 bond rmsd: 0.003049
  step:  10 bond rmsd: 0.002614
  step:  11 bond rmsd: 0.002293
  step:  12 bond rmsd: 0.002061
  step:  13 bond rmsd: 0.001898
  step:  14 bond rmsd: 0.001787
  step:  15 bond rmsd: 0.001711
  step:  16 bond rmsd: 0.001662
  step:  17 bond rmsd: 0.001629
  step:  18 bond rmsd: 0.001608
  step:  19 bond rmsd: 0.001594
  step:  20 bond rmsd: 0.001585
  step:  21 bond rmsd: 0.001579
  step:  22 bond rmsd: 0.001575
  step:  23 bond rmsd: 0.001573
  step:  24 bond rmsd: 0.001571
  step:  25 bond rmsd: 0.001570
  step:  26 bond rmsd: 0.001569
  step:  27 bond rmsd: 0.001569
  step:  28 bond rmsd: 0.001568
  step:  29 bond rmsd: 0.001567
  step:  30 bond rmsd: 0.001567
  step:  31 bond rmsd: 0.001566
  step:  32 bond rmsd: 0.001564
  step:  33 bond rmsd: 0.001563
  step:  34 bond rmsd: 0.001561
  step:  35 bond rmsd: 0.001568
  step:  36 bond rmsd: 0.001573
  step:  37 bond rmsd: 0.001573
  step:  38 bond rmsd: 0.001580
  step:  39 bond rmsd: 0.001580
  step:  40 bond rmsd: 0.001581
  step:  41 bond rmsd: 0.001577
  step:  42 bond rmsd: 0.001576
  step:  43 bond rmsd: 0.001576
  step:  44 bond rmsd: 0.001568
  step:  45 bond rmsd: 0.001565
  step:  46 bond rmsd: 0.001562
  step:  47 bond rmsd: 0.001559
  step:  48 bond rmsd: 0.001557
  step:  49 bond rmsd: 0.001554
  step:  50 bond rmsd: 0.001553
  step:  51 bond rmsd: 0.001551
  step:  52 bond rmsd: 0.001550
micro_cycle  15 rmsd(b):  0.0015 rws:  1.000 n_fev: 781
  step:   1 bond rmsd: 0.001550
  step:   2 bond rmsd: 0.067680
  step:   3 bond rmsd: 0.001551
  step:   4 bond rmsd: 0.001550
  step:   5 bond rmsd: 0.001550
  step:   6 bond rmsd: 0.001550
  step:   7 bond rmsd: 0.001549
  step:   8 bond rmsd: 0.001549
  step:   9 bond rmsd: 0.001549
  step:  10 bond rmsd: 0.001549
  step:  11 bond rmsd: 0.001549
  step:  12 bond rmsd: 0.001549
  step:  13 bond rmsd: 0.001549
  step:  14 bond rmsd: 0.001548
  step:  15 bond rmsd: 0.001548
  step:  16 bond rmsd: 0.001548
  step:  17 bond rmsd: 0.001547
  step:  18 bond rmsd: 0.001546
  step:  19 bond rmsd: 0.001544
  step:  20 bond rmsd: 0.001541
  step:  21 bond rmsd: 0.001540
  step:  22 bond rmsd: 0.001536
  step:  23 bond rmsd: 0.001534
  step:  24 bond rmsd: 0.001529
  step:  25 bond rmsd: 0.001526
  step:  26 bond rmsd: 0.001524
  step:  27 bond rmsd: 0.001521
  step:  28 bond rmsd: 0.001519
  step:  29 bond rmsd: 0.001514
  step:  30 bond rmsd: 0.001512
  step:  31 bond rmsd: 0.001509
  step:  32 bond rmsd: 0.001509
  step:  33 bond rmsd: 0.001505
  step:  34 bond rmsd: 0.001498
  step:  35 bond rmsd: 0.001494
  step:  36 bond rmsd: 0.001491
  step:  37 bond rmsd: 0.001487
  step:  38 bond rmsd: 0.001485
  step:  39 bond rmsd: 0.001483
  step:  40 bond rmsd: 0.001480
  step:  41 bond rmsd: 0.001481
  step:  42 bond rmsd: 0.001479
  step:  43 bond rmsd: 0.001481
  step:  44 bond rmsd: 0.001478
  step:  45 bond rmsd: 0.001478
  step:  46 bond rmsd: 0.001477
  step:  47 bond rmsd: 0.001477
  step:  48 bond rmsd: 0.001481
  step:  49 bond rmsd: 0.001480
  step:  50 bond rmsd: 0.001482
  step:  51 bond rmsd: 0.001482
  step:  52 bond rmsd: 0.001484
micro_cycle  16 rmsd(b):  0.0015 rws:  1.000 n_fev: 833
  step:   1 bond rmsd: 0.001484
  step:   2 bond rmsd: 0.061145
  step:   3 bond rmsd: 0.002113
  step:   4 bond rmsd: 0.001893
  step:   5 bond rmsd: 0.001741
  step:   6 bond rmsd: 0.001638
  step:   7 bond rmsd: 0.001572
  step:   8 bond rmsd: 0.001530
  step:   9 bond rmsd: 0.001503
  step:  10 bond rmsd: 0.001488
  step:  11 bond rmsd: 0.001478
  step:  12 bond rmsd: 0.001473
  step:  13 bond rmsd: 0.001470
  step:  14 bond rmsd: 0.001469
  step:  15 bond rmsd: 0.001469
  step:  16 bond rmsd: 0.001469
  step:  17 bond rmsd: 0.001469
  step:  18 bond rmsd: 0.001469
  step:  19 bond rmsd: 0.001470
  step:  20 bond rmsd: 0.001470
  step:  21 bond rmsd: 0.001471
  step:  22 bond rmsd: 0.001471
  step:  23 bond rmsd: 0.001472
  step:  24 bond rmsd: 0.001472
  step:  25 bond rmsd: 0.001472
  step:  26 bond rmsd: 0.001472
  step:  27 bond rmsd: 0.001470
  step:  28 bond rmsd: 0.001462
  step:  29 bond rmsd: 0.001462
  step:  30 bond rmsd: 0.001468
  step:  31 bond rmsd: 0.001473
  step:  32 bond rmsd: 0.001485
  step:  33 bond rmsd: 0.001493
  step:  34 bond rmsd: 0.001497
  step:  35 bond rmsd: 0.001505
  step:  36 bond rmsd: 0.001512
  step:  37 bond rmsd: 0.001519
  step:  38 bond rmsd: 0.001527
  step:  39 bond rmsd: 0.001534
  step:  40 bond rmsd: 0.001556
  step:  41 bond rmsd: 0.001560
  step:  42 bond rmsd: 0.001563
  step:  43 bond rmsd: 0.001566
  step:  44 bond rmsd: 0.001568
  step:  45 bond rmsd: 0.001570
  step:  46 bond rmsd: 0.001568
  step:  47 bond rmsd: 0.001570
  step:  48 bond rmsd: 0.001570
  step:  49 bond rmsd: 0.001571
  step:  50 bond rmsd: 0.001570
  step:  51 bond rmsd: 0.001570
  step:  52 bond rmsd: 0.001567
micro_cycle  17 rmsd(b):  0.0016 rws:  1.000 n_fev: 885
  step:   1 bond rmsd: 0.001567
  step:   2 bond rmsd: 0.061082
  step:   3 bond rmsd: 0.001891
  step:   4 bond rmsd: 0.001795
  step:   5 bond rmsd: 0.001728
  step:   6 bond rmsd: 0.001681
  step:   7 bond rmsd: 0.001649
  step:   8 bond rmsd: 0.001626
  step:   9 bond rmsd: 0.001610
  step:  10 bond rmsd: 0.001599
  step:  11 bond rmsd: 0.001591
  step:  12 bond rmsd: 0.001585
  step:  13 bond rmsd: 0.001581
  step:  14 bond rmsd: 0.001578
  step:  15 bond rmsd: 0.001575
  step:  16 bond rmsd: 0.001573
  step:  17 bond rmsd: 0.001572
  step:  18 bond rmsd: 0.001570
  step:  19 bond rmsd: 0.001569
  step:  20 bond rmsd: 0.001568
  step:  21 bond rmsd: 0.001567
  step:  22 bond rmsd: 0.001566
  step:  23 bond rmsd: 0.001565
  step:  24 bond rmsd: 0.001564
  step:  25 bond rmsd: 0.001562
  step:  26 bond rmsd: 0.001560
  step:  27 bond rmsd: 0.001557
  step:  28 bond rmsd: 0.001554
  step:  29 bond rmsd: 0.001550
  step:  30 bond rmsd: 0.001546
  step:  31 bond rmsd: 0.001541
  step:  32 bond rmsd: 0.001530
  step:  33 bond rmsd: 0.001524
  step:  34 bond rmsd: 0.001519
  step:  35 bond rmsd: 0.001505
  step:  36 bond rmsd: 0.001502
  step:  37 bond rmsd: 0.001499
  step:  38 bond rmsd: 0.001495
  step:  39 bond rmsd: 0.001492
  step:  40 bond rmsd: 0.001491
  step:  41 bond rmsd: 0.001488
  step:  42 bond rmsd: 0.001486
  step:  43 bond rmsd: 0.001484
  step:  44 bond rmsd: 0.001483
  step:  45 bond rmsd: 0.001480
  step:  46 bond rmsd: 0.001478
  step:  47 bond rmsd: 0.001478
  step:  48 bond rmsd: 0.001476
  step:  49 bond rmsd: 0.001475
  step:  50 bond rmsd: 0.001478
  step:  51 bond rmsd: 0.001478
  step:  52 bond rmsd: 0.001481
micro_cycle  18 rmsd(b):  0.0015 rws:  1.000 n_fev: 937
  step:   1 bond rmsd: 0.001481
  step:   2 bond rmsd: 0.060156
  step:   3 bond rmsd: 0.001786
  step:   4 bond rmsd: 0.001671
  step:   5 bond rmsd: 0.001595
  step:   6 bond rmsd: 0.001546
  step:   7 bond rmsd: 0.001516
  step:   8 bond rmsd: 0.001497
  step:   9 bond rmsd: 0.001486
  step:  10 bond rmsd: 0.001480
  step:  11 bond rmsd: 0.001476
  step:  12 bond rmsd: 0.001475
  step:  13 bond rmsd: 0.001474
  step:  14 bond rmsd: 0.001474
  step:  15 bond rmsd: 0.001474
  step:  16 bond rmsd: 0.001475
  step:  17 bond rmsd: 0.001476
  step:  18 bond rmsd: 0.001476
  step:  19 bond rmsd: 0.001477
  step:  20 bond rmsd: 0.001477
  step:  21 bond rmsd: 0.001478
  step:  22 bond rmsd: 0.001479
  step:  23 bond rmsd: 0.001479
  step:  24 bond rmsd: 0.001480
  step:  25 bond rmsd: 0.001481
  step:  26 bond rmsd: 0.001482
  step:  27 bond rmsd: 0.001482
  step:  28 bond rmsd: 0.001483
  step:  29 bond rmsd: 0.001485
  step:  30 bond rmsd: 0.001478
  step:  31 bond rmsd: 0.001481
  step:  32 bond rmsd: 0.001484
  step:  33 bond rmsd: 0.001488
  step:  34 bond rmsd: 0.001491
  step:  35 bond rmsd: 0.001495
  step:  36 bond rmsd: 0.001498
  step:  37 bond rmsd: 0.001501
  step:  38 bond rmsd: 0.001505
  step:  39 bond rmsd: 0.001508
  step:  40 bond rmsd: 0.001512
  step:  41 bond rmsd: 0.001514
  step:  42 bond rmsd: 0.001522
  step:  43 bond rmsd: 0.001523
  step:  44 bond rmsd: 0.001524
  step:  45 bond rmsd: 0.001526
  step:  46 bond rmsd: 0.001527
  step:  47 bond rmsd: 0.001528
  step:  48 bond rmsd: 0.001528
  step:  49 bond rmsd: 0.001530
  step:  50 bond rmsd: 0.001531
  step:  51 bond rmsd: 0.001533
  step:  52 bond rmsd: 0.001536
micro_cycle  19 rmsd(b):  0.0015 rws:  1.000 n_fev: 989
  step:   1 bond rmsd: 0.001536
  step:   2 bond rmsd: 0.058984
  step:   3 bond rmsd: 0.001577
  step:   4 bond rmsd: 0.001566
  step:   5 bond rmsd: 0.001558
  step:   6 bond rmsd: 0.001553
  step:   7 bond rmsd: 0.001549
  step:   8 bond rmsd: 0.001546
  step:   9 bond rmsd: 0.001544
  step:  10 bond rmsd: 0.001542
  step:  11 bond rmsd: 0.001541
  step:  12 bond rmsd: 0.001540
  step:  13 bond rmsd: 0.001539
  step:  14 bond rmsd: 0.001538
  step:  15 bond rmsd: 0.001537
  step:  16 bond rmsd: 0.001537
  step:  17 bond rmsd: 0.001536
  step:  18 bond rmsd: 0.001536
  step:  19 bond rmsd: 0.001535
  step:  20 bond rmsd: 0.001534
  step:  21 bond rmsd: 0.001533
  step:  22 bond rmsd: 0.001533
  step:  23 bond rmsd: 0.001532
  step:  24 bond rmsd: 0.001531
  step:  25 bond rmsd: 0.001529
  step:  26 bond rmsd: 0.001529
  step:  27 bond rmsd: 0.001526
  step:  28 bond rmsd: 0.001522
  step:  29 bond rmsd: 0.001517
  step:  30 bond rmsd: 0.001512
  step:  31 bond rmsd: 0.001508
  step:  32 bond rmsd: 0.001502
  step:  33 bond rmsd: 0.001498
  step:  34 bond rmsd: 0.001494
  step:  35 bond rmsd: 0.001491
  step:  36 bond rmsd: 0.001488
  step:  37 bond rmsd: 0.001486
  step:  38 bond rmsd: 0.001484
  step:  39 bond rmsd: 0.001482
  step:  40 bond rmsd: 0.001481
  step:  41 bond rmsd: 0.001480
  step:  42 bond rmsd: 0.001480
  step:  43 bond rmsd: 0.001480
  step:  44 bond rmsd: 0.001480
  step:  45 bond rmsd: 0.001480
  step:  46 bond rmsd: 0.001487
  step:  47 bond rmsd: 0.001489
  step:  48 bond rmsd: 0.001493
  step:  49 bond rmsd: 0.001498
  step:  50 bond rmsd: 0.001513
  step:  51 bond rmsd: 0.001522
  step:  52 bond rmsd: 0.001539
micro_cycle  20 rmsd(b):  0.0015 rws:  1.000 n_fev: 1041
  step:   1 bond rmsd: 0.001539
  step:   2 bond rmsd: 0.047958
  step:   3 bond rmsd: 0.006542
  step:   4 bond rmsd: 0.005293
  step:   5 bond rmsd: 0.004312
  step:   6 bond rmsd: 0.003548
  step:   7 bond rmsd: 0.002960
  step:   8 bond rmsd: 0.002518
  step:   9 bond rmsd: 0.002192
  step:  10 bond rmsd: 0.001959
  step:  11 bond rmsd: 0.001797
  step:  12 bond rmsd: 0.001689
  step:  13 bond rmsd: 0.001618
  step:  14 bond rmsd: 0.001573
  step:  15 bond rmsd: 0.001545
  step:  16 bond rmsd: 0.001529
  step:  17 bond rmsd: 0.001519
  step:  18 bond rmsd: 0.001513
  step:  19 bond rmsd: 0.001511
  step:  20 bond rmsd: 0.001509
  step:  21 bond rmsd: 0.001509
  step:  22 bond rmsd: 0.001509
  step:  23 bond rmsd: 0.001510
  step:  24 bond rmsd: 0.001510
  step:  25 bond rmsd: 0.001511
  step:  26 bond rmsd: 0.001511
  step:  27 bond rmsd: 0.001511
  step:  28 bond rmsd: 0.001512
  step:  29 bond rmsd: 0.001511
  step:  30 bond rmsd: 0.001510
  step:  31 bond rmsd: 0.001507
  step:  32 bond rmsd: 0.001505
  step:  33 bond rmsd: 0.001500
  step:  34 bond rmsd: 0.001499
  step:  35 bond rmsd: 0.001500
  step:  36 bond rmsd: 0.001499
  step:  37 bond rmsd: 0.001499
  step:  38 bond rmsd: 0.001499
  step:  39 bond rmsd: 0.001499
  step:  40 bond rmsd: 0.001500
  step:  41 bond rmsd: 0.001501
  step:  42 bond rmsd: 0.001503
  step:  43 bond rmsd: 0.001503
  step:  44 bond rmsd: 0.001505
  step:  45 bond rmsd: 0.001508
  step:  46 bond rmsd: 0.001511
  step:  47 bond rmsd: 0.001512
  step:  48 bond rmsd: 0.001517
  step:  49 bond rmsd: 0.001518
  step:  50 bond rmsd: 0.001521
  step:  51 bond rmsd: 0.001523
  step:  52 bond rmsd: 0.001525
micro_cycle  21 rmsd(b):  0.0015 rws:  1.000 n_fev: 1093
  step:   1 bond rmsd: 0.001525
  step:   2 bond rmsd: 0.060289
  step:   3 bond rmsd: 0.001522
  step:   4 bond rmsd: 0.001522
  step:   5 bond rmsd: 0.001523
  step:   6 bond rmsd: 0.001523
  step:   7 bond rmsd: 0.001523
  step:   8 bond rmsd: 0.001523
  step:   9 bond rmsd: 0.001524
  step:  10 bond rmsd: 0.001524
  step:  11 bond rmsd: 0.001524
  step:  12 bond rmsd: 0.001525
  step:  13 bond rmsd: 0.001525
  step:  14 bond rmsd: 0.001526
  step:  15 bond rmsd: 0.001526
  step:  16 bond rmsd: 0.001527
  step:  17 bond rmsd: 0.001528
  step:  18 bond rmsd: 0.001529
  step:  19 bond rmsd: 0.001530
  step:  20 bond rmsd: 0.001531
  step:  21 bond rmsd: 0.001533
  step:  22 bond rmsd: 0.001533
  step:  23 bond rmsd: 0.001534
  step:  24 bond rmsd: 0.001534
  step:  25 bond rmsd: 0.001534
  step:  26 bond rmsd: 0.001529
  step:  27 bond rmsd: 0.001529
  step:  28 bond rmsd: 0.001529
  step:  29 bond rmsd: 0.001525
  step:  30 bond rmsd: 0.001524
  step:  31 bond rmsd: 0.001520
  step:  32 bond rmsd: 0.001518
  step:  33 bond rmsd: 0.001515
  step:  34 bond rmsd: 0.001510
  step:  35 bond rmsd: 0.001503
  step:  36 bond rmsd: 0.001498
  step:  37 bond rmsd: 0.001491
  step:  38 bond rmsd: 0.001482
  step:  39 bond rmsd: 0.001475
  step:  40 bond rmsd: 0.001465
  step:  41 bond rmsd: 0.001459
  step:  42 bond rmsd: 0.001451
  step:  43 bond rmsd: 0.001445
  step:  44 bond rmsd: 0.001438
  step:  45 bond rmsd: 0.001432
  step:  46 bond rmsd: 0.001427
  step:  47 bond rmsd: 0.001421
  step:  48 bond rmsd: 0.001411
  step:  49 bond rmsd: 0.001407
  step:  50 bond rmsd: 0.001402
  step:  51 bond rmsd: 0.001402
  step:  52 bond rmsd: 0.001403
micro_cycle  22 rmsd(b):  0.0014 rws:  1.000 n_fev: 1145
  step:   1 bond rmsd: 0.001403
  step:   2 bond rmsd: 0.063048
  step:   3 bond rmsd: 0.002048
  step:   4 bond rmsd: 0.001867
  step:   5 bond rmsd: 0.001737
  step:   6 bond rmsd: 0.001643
  step:   7 bond rmsd: 0.001577
  step:   8 bond rmsd: 0.001530
  step:   9 bond rmsd: 0.001497
  step:  10 bond rmsd: 0.001474
  step:  11 bond rmsd: 0.001457
  step:  12 bond rmsd: 0.001446
  step:  13 bond rmsd: 0.001437
  step:  14 bond rmsd: 0.001431
  step:  15 bond rmsd: 0.001427
  step:  16 bond rmsd: 0.001423
  step:  17 bond rmsd: 0.001421
  step:  18 bond rmsd: 0.001419
  step:  19 bond rmsd: 0.001418
  step:  20 bond rmsd: 0.001418
  step:  21 bond rmsd: 0.001418
  step:  22 bond rmsd: 0.001418
  step:  23 bond rmsd: 0.001420
  step:  24 bond rmsd: 0.001424
  step:  25 bond rmsd: 0.001432
  step:  26 bond rmsd: 0.001445
  step:  27 bond rmsd: 0.001453
  step:  28 bond rmsd: 0.001462
  step:  29 bond rmsd: 0.001471
  step:  30 bond rmsd: 0.001487
  step:  31 bond rmsd: 0.001493
  step:  32 bond rmsd: 0.001497
  step:  33 bond rmsd: 0.001502
  step:  34 bond rmsd: 0.001507
  step:  35 bond rmsd: 0.001511
  step:  36 bond rmsd: 0.001515
  step:  37 bond rmsd: 0.001519
  step:  38 bond rmsd: 0.001524
  step:  39 bond rmsd: 0.001529
  step:  40 bond rmsd: 0.001535
  step:  41 bond rmsd: 0.001541
  step:  42 bond rmsd: 0.001546
  step:  43 bond rmsd: 0.001552
  step:  44 bond rmsd: 0.001556
  step:  45 bond rmsd: 0.001560
  step:  46 bond rmsd: 0.001562
  step:  47 bond rmsd: 0.001562
  step:  48 bond rmsd: 0.001562
  step:  49 bond rmsd: 0.001559
  step:  50 bond rmsd: 0.001558
  step:  51 bond rmsd: 0.001555
  step:  52 bond rmsd: 0.001553
micro_cycle  23 rmsd(b):  0.0016 rws:  1.000 n_fev: 1197
  step:   1 bond rmsd: 0.001553
  step:   2 bond rmsd: 0.065530
  step:   3 bond rmsd: 0.001555
  step:   4 bond rmsd: 0.001552
  step:   5 bond rmsd: 0.001550
  step:   6 bond rmsd: 0.001549
  step:   7 bond rmsd: 0.001549
  step:   8 bond rmsd: 0.001549
  step:   9 bond rmsd: 0.001549
  step:  10 bond rmsd: 0.001549
  step:  11 bond rmsd: 0.001549
  step:  12 bond rmsd: 0.001549
  step:  13 bond rmsd: 0.001549
  step:  14 bond rmsd: 0.001549
  step:  15 bond rmsd: 0.001549
  step:  16 bond rmsd: 0.001549
  step:  17 bond rmsd: 0.001549
  step:  18 bond rmsd: 0.001548
  step:  19 bond rmsd: 0.001548
  step:  20 bond rmsd: 0.001547
  step:  21 bond rmsd: 0.001546
  step:  22 bond rmsd: 0.001544
  step:  23 bond rmsd: 0.001540
  step:  24 bond rmsd: 0.001534
  step:  25 bond rmsd: 0.001530
  step:  26 bond rmsd: 0.001526
  step:  27 bond rmsd: 0.001519
  step:  28 bond rmsd: 0.001519
  step:  29 bond rmsd: 0.001516
  step:  30 bond rmsd: 0.001513
  step:  31 bond rmsd: 0.001511
  step:  32 bond rmsd: 0.001509
  step:  33 bond rmsd: 0.001507
  step:  34 bond rmsd: 0.001505
  step:  35 bond rmsd: 0.001504
  step:  36 bond rmsd: 0.001503
  step:  37 bond rmsd: 0.001501
  step:  38 bond rmsd: 0.001499
  step:  39 bond rmsd: 0.001498
  step:  40 bond rmsd: 0.001494
  step:  41 bond rmsd: 0.001492
  step:  42 bond rmsd: 0.001490
  step:  43 bond rmsd: 0.001489
  step:  44 bond rmsd: 0.001488
  step:  45 bond rmsd: 0.001486
  step:  46 bond rmsd: 0.001487
  step:  47 bond rmsd: 0.001486
  step:  48 bond rmsd: 0.001488
  step:  49 bond rmsd: 0.001488
  step:  50 bond rmsd: 0.001489
  step:  51 bond rmsd: 0.001489
  step:  52 bond rmsd: 0.001493
  step:  53 bond rmsd: 0.001494
micro_cycle  24 rmsd(b):  0.0015 rws:  1.000 n_fev: 1250
  step:   1 bond rmsd: 0.001494
  step:   2 bond rmsd: 0.053911
  step:   3 bond rmsd: 0.001485
  step:   4 bond rmsd: 0.001485
  step:   5 bond rmsd: 0.001485
  step:   6 bond rmsd: 0.001486
  step:   7 bond rmsd: 0.001486
  step:   8 bond rmsd: 0.001487
  step:   9 bond rmsd: 0.001488
  step:  10 bond rmsd: 0.001488
  step:  11 bond rmsd: 0.001489
  step:  12 bond rmsd: 0.001489
  step:  13 bond rmsd: 0.001489
  step:  14 bond rmsd: 0.001490
  step:  15 bond rmsd: 0.001490
  step:  16 bond rmsd: 0.001490
  step:  17 bond rmsd: 0.001490
  step:  18 bond rmsd: 0.001490
  step:  19 bond rmsd: 0.001488
  step:  20 bond rmsd: 0.001485
  step:  21 bond rmsd: 0.001484
  step:  22 bond rmsd: 0.001485
  step:  23 bond rmsd: 0.001485
  step:  24 bond rmsd: 0.001487
  step:  25 bond rmsd: 0.001489
  step:  26 bond rmsd: 0.001492
  step:  27 bond rmsd: 0.001494
  step:  28 bond rmsd: 0.001497
  step:  29 bond rmsd: 0.001499
  step:  30 bond rmsd: 0.001502
  step:  31 bond rmsd: 0.001505
  step:  32 bond rmsd: 0.001509
  step:  33 bond rmsd: 0.001513
  step:  34 bond rmsd: 0.001518
  step:  35 bond rmsd: 0.001523
  step:  36 bond rmsd: 0.001530
  step:  37 bond rmsd: 0.001534
  step:  38 bond rmsd: 0.001539
  step:  39 bond rmsd: 0.001547
  step:  40 bond rmsd: 0.001554
  step:  41 bond rmsd: 0.001561
  step:  42 bond rmsd: 0.001567
  step:  43 bond rmsd: 0.001573
  step:  44 bond rmsd: 0.001579
  step:  45 bond rmsd: 0.001585
  step:  46 bond rmsd: 0.001591
  step:  47 bond rmsd: 0.001596
  step:  48 bond rmsd: 0.001600
  step:  49 bond rmsd: 0.001603
  step:  50 bond rmsd: 0.001608
  step:  51 bond rmsd: 0.001608
  step:  52 bond rmsd: 0.001606
micro_cycle  25 rmsd(b):  0.0016 rws:  1.000 n_fev: 1302
  step:   1 bond rmsd: 0.001606
  step:   2 bond rmsd: 0.060637
  step:   3 bond rmsd: 0.001668
  step:   4 bond rmsd: 0.001633
  step:   5 bond rmsd: 0.001612
  step:   6 bond rmsd: 0.001600
  step:   7 bond rmsd: 0.001593
  step:   8 bond rmsd: 0.001590
  step:   9 bond rmsd: 0.001588
  step:  10 bond rmsd: 0.001587
  step:  11 bond rmsd: 0.001587
  step:  12 bond rmsd: 0.001587
  step:  13 bond rmsd: 0.001587
  step:  14 bond rmsd: 0.001587
  step:  15 bond rmsd: 0.001587
  step:  16 bond rmsd: 0.001586
  step:  17 bond rmsd: 0.001586
  step:  18 bond rmsd: 0.001585
  step:  19 bond rmsd: 0.001585
  step:  20 bond rmsd: 0.001583
  step:  21 bond rmsd: 0.001581
  step:  22 bond rmsd: 0.001578
  step:  23 bond rmsd: 0.001572
  step:  24 bond rmsd: 0.001564
  step:  25 bond rmsd: 0.001551
  step:  26 bond rmsd: 0.001544
  step:  27 bond rmsd: 0.001537
  step:  28 bond rmsd: 0.001530
  step:  29 bond rmsd: 0.001523
  step:  30 bond rmsd: 0.001518
  step:  31 bond rmsd: 0.001516
  step:  32 bond rmsd: 0.001512
  step:  33 bond rmsd: 0.001510
  step:  34 bond rmsd: 0.001508
  step:  35 bond rmsd: 0.001505
  step:  36 bond rmsd: 0.001504
  step:  37 bond rmsd: 0.001503
  step:  38 bond rmsd: 0.001501
  step:  39 bond rmsd: 0.001498
  step:  40 bond rmsd: 0.001497
  step:  41 bond rmsd: 0.001498
  step:  42 bond rmsd: 0.001498
  step:  43 bond rmsd: 0.001497
  step:  44 bond rmsd: 0.001502
  step:  45 bond rmsd: 0.001504
  step:  46 bond rmsd: 0.001506
  step:  47 bond rmsd: 0.001510
  step:  48 bond rmsd: 0.001514
  step:  49 bond rmsd: 0.001513
  step:  50 bond rmsd: 0.001516
  step:  51 bond rmsd: 0.001523
  step:  52 bond rmsd: 0.001525
micro_cycle  26 rmsd(b):  0.0015 rws:  1.000 n_fev: 1354
  step:   1 bond rmsd: 0.001525
  step:   2 bond rmsd: 0.064451
  step:   3 bond rmsd: 0.001525
  step:   4 bond rmsd: 0.001523
  step:   5 bond rmsd: 0.001521
  step:   6 bond rmsd: 0.001521
  step:   7 bond rmsd: 0.001521
  step:   8 bond rmsd: 0.001520
  step:   9 bond rmsd: 0.001520
  step:  10 bond rmsd: 0.001520
  step:  11 bond rmsd: 0.001520
  step:  12 bond rmsd: 0.001520
  step:  13 bond rmsd: 0.001520
  step:  14 bond rmsd: 0.001520
  step:  15 bond rmsd: 0.001519
  step:  16 bond rmsd: 0.001519
  step:  17 bond rmsd: 0.001518
  step:  18 bond rmsd: 0.001518
  step:  19 bond rmsd: 0.001516
  step:  20 bond rmsd: 0.001514
  step:  21 bond rmsd: 0.001510
  step:  22 bond rmsd: 0.001505
  step:  23 bond rmsd: 0.001501
  step:  24 bond rmsd: 0.001497
  step:  25 bond rmsd: 0.001494
  step:  26 bond rmsd: 0.001498
  step:  27 bond rmsd: 0.001498
  step:  28 bond rmsd: 0.001495
  step:  29 bond rmsd: 0.001493
  step:  30 bond rmsd: 0.001491
  step:  31 bond rmsd: 0.001490
  step:  32 bond rmsd: 0.001489
  step:  33 bond rmsd: 0.001489
  step:  34 bond rmsd: 0.001489
  step:  35 bond rmsd: 0.001489
  step:  36 bond rmsd: 0.001489
  step:  37 bond rmsd: 0.001489
  step:  38 bond rmsd: 0.001489
  step:  39 bond rmsd: 0.001490
  step:  40 bond rmsd: 0.001491
  step:  41 bond rmsd: 0.001491
  step:  42 bond rmsd: 0.001493
  step:  43 bond rmsd: 0.001496
  step:  44 bond rmsd: 0.001503
  step:  45 bond rmsd: 0.001512
  step:  46 bond rmsd: 0.001521
  step:  47 bond rmsd: 0.001530
  step:  48 bond rmsd: 0.001540
  step:  49 bond rmsd: 0.001555
  step:  50 bond rmsd: 0.001560
  step:  51 bond rmsd: 0.001565
  step:  52 bond rmsd: 0.001572
  step:  53 bond rmsd: 0.001578
micro_cycle  27 rmsd(b):  0.0016 rws:  1.000 n_fev: 1407
  step:   1 bond rmsd: 0.001578
  step:   2 bond rmsd: 0.046908
  step:   3 bond rmsd: 0.001555
  step:   4 bond rmsd: 0.001556
  step:   5 bond rmsd: 0.001558
  step:   6 bond rmsd: 0.001560
  step:   7 bond rmsd: 0.001562
  step:   8 bond rmsd: 0.001563
  step:   9 bond rmsd: 0.001564
  step:  10 bond rmsd: 0.001565
  step:  11 bond rmsd: 0.001566
  step:  12 bond rmsd: 0.001567
  step:  13 bond rmsd: 0.001567
  step:  14 bond rmsd: 0.001567
  step:  15 bond rmsd: 0.001567
  step:  16 bond rmsd: 0.001567
  step:  17 bond rmsd: 0.001567
  step:  18 bond rmsd: 0.001567
  step:  19 bond rmsd: 0.001566
  step:  20 bond rmsd: 0.001564
  step:  21 bond rmsd: 0.001561
  step:  22 bond rmsd: 0.001555
  step:  23 bond rmsd: 0.001546
  step:  24 bond rmsd: 0.001529
  step:  25 bond rmsd: 0.001522
  step:  26 bond rmsd: 0.001516
  step:  27 bond rmsd: 0.001511
  step:  28 bond rmsd: 0.001505
  step:  29 bond rmsd: 0.001498
  step:  30 bond rmsd: 0.001495
  step:  31 bond rmsd: 0.001491
  step:  32 bond rmsd: 0.001491
  step:  33 bond rmsd: 0.001488
  step:  34 bond rmsd: 0.001487
  step:  35 bond rmsd: 0.001485
  step:  36 bond rmsd: 0.001485
  step:  37 bond rmsd: 0.001486
  step:  38 bond rmsd: 0.001488
  step:  39 bond rmsd: 0.001490
  step:  40 bond rmsd: 0.001494
  step:  41 bond rmsd: 0.001498
  step:  42 bond rmsd: 0.001501
  step:  43 bond rmsd: 0.001506
  step:  44 bond rmsd: 0.001511
  step:  45 bond rmsd: 0.001514
  step:  46 bond rmsd: 0.001520
  step:  47 bond rmsd: 0.001530
  step:  48 bond rmsd: 0.001537
  step:  49 bond rmsd: 0.001544
  step:  50 bond rmsd: 0.001552
  step:  51 bond rmsd: 0.001560
  step:  52 bond rmsd: 0.001565
micro_cycle  28 rmsd(b):  0.0016 rws:  1.000 n_fev: 1459
  step:   1 bond rmsd: 0.001565
  step:   2 bond rmsd: 0.049517
  step:   3 bond rmsd: 0.001520
  step:   4 bond rmsd: 0.001523
  step:   5 bond rmsd: 0.001526
  step:   6 bond rmsd: 0.001528
  step:   7 bond rmsd: 0.001529
  step:   8 bond rmsd: 0.001530
  step:   9 bond rmsd: 0.001530
  step:  10 bond rmsd: 0.001530
  step:  11 bond rmsd: 0.001529
  step:  12 bond rmsd: 0.001529
  step:  13 bond rmsd: 0.001529
  step:  14 bond rmsd: 0.001528
  step:  15 bond rmsd: 0.001527
  step:  16 bond rmsd: 0.001524
  step:  17 bond rmsd: 0.001520
  step:  18 bond rmsd: 0.001513
  step:  19 bond rmsd: 0.001500
  step:  20 bond rmsd: 0.001493
  step:  21 bond rmsd: 0.001491
  step:  22 bond rmsd: 0.001485
  step:  23 bond rmsd: 0.001480
  step:  24 bond rmsd: 0.001479
  step:  25 bond rmsd: 0.001476
  step:  26 bond rmsd: 0.001473
  step:  27 bond rmsd: 0.001472
  step:  28 bond rmsd: 0.001474
  step:  29 bond rmsd: 0.001473
  step:  30 bond rmsd: 0.001474
  step:  31 bond rmsd: 0.001480
  step:  32 bond rmsd: 0.001484
  step:  33 bond rmsd: 0.001488
  step:  34 bond rmsd: 0.001495
  step:  35 bond rmsd: 0.001502
  step:  36 bond rmsd: 0.001509
  step:  37 bond rmsd: 0.001517
  step:  38 bond rmsd: 0.001524
  step:  39 bond rmsd: 0.001530
  step:  40 bond rmsd: 0.001535
  step:  41 bond rmsd: 0.001540
  step:  42 bond rmsd: 0.001545
  step:  43 bond rmsd: 0.001549
  step:  44 bond rmsd: 0.001554
  step:  45 bond rmsd: 0.001559
  step:  46 bond rmsd: 0.001561
  step:  47 bond rmsd: 0.001564
  step:  48 bond rmsd: 0.001565
  step:  49 bond rmsd: 0.001566
  step:  50 bond rmsd: 0.001566
  step:  51 bond rmsd: 0.001565
  step:  52 bond rmsd: 0.001563
micro_cycle  29 rmsd(b):  0.0016 rws:  1.000 n_fev: 1511
  step:   1 bond rmsd: 0.001563
  step:   2 bond rmsd: 0.022108
  step:   3 bond rmsd: 0.001537
  step:   4 bond rmsd: 0.001538
  step:   5 bond rmsd: 0.001539
  step:   6 bond rmsd: 0.001538
  step:   7 bond rmsd: 0.001538
  step:   8 bond rmsd: 0.001536
  step:   9 bond rmsd: 0.001535
  step:  10 bond rmsd: 0.001534
  step:  11 bond rmsd: 0.001533
  step:  12 bond rmsd: 0.001532
  step:  13 bond rmsd: 0.001531
  step:  14 bond rmsd: 0.001530
  step:  15 bond rmsd: 0.001529
  step:  16 bond rmsd: 0.001528
  step:  17 bond rmsd: 0.001527
  step:  18 bond rmsd: 0.001525
  step:  19 bond rmsd: 0.001522
  step:  20 bond rmsd: 0.001518
  step:  21 bond rmsd: 0.001513
  step:  22 bond rmsd: 0.001508
  step:  23 bond rmsd: 0.001500
  step:  24 bond rmsd: 0.001497
  step:  25 bond rmsd: 0.001495
  step:  26 bond rmsd: 0.001493
  step:  27 bond rmsd: 0.001491
  step:  28 bond rmsd: 0.001489
  step:  29 bond rmsd: 0.001488
  step:  30 bond rmsd: 0.001487
  step:  31 bond rmsd: 0.001485
  step:  32 bond rmsd: 0.001483
  step:  33 bond rmsd: 0.001482
  step:  34 bond rmsd: 0.001480
  step:  35 bond rmsd: 0.001479
  step:  36 bond rmsd: 0.001479
  step:  37 bond rmsd: 0.001480
  step:  38 bond rmsd: 0.001481
  step:  39 bond rmsd: 0.001484
  step:  40 bond rmsd: 0.001486
  step:  41 bond rmsd: 0.001490
  step:  42 bond rmsd: 0.001495
  step:  43 bond rmsd: 0.001503
  step:  44 bond rmsd: 0.001511
  step:  45 bond rmsd: 0.001518
  step:  46 bond rmsd: 0.001529
  step:  47 bond rmsd: 0.001536
  step:  48 bond rmsd: 0.001543
  step:  49 bond rmsd: 0.001550
  step:  50 bond rmsd: 0.001554
  step:  51 bond rmsd: 0.001559
  step:  52 bond rmsd: 0.001563
micro_cycle  30 rmsd(b):  0.0016 rws:  1.000 n_fev: 1563
  step:   1 bond rmsd: 0.001563
  step:   2 bond rmsd: 0.065851
  step:   3 bond rmsd: 0.001956
  step:   4 bond rmsd: 0.001808
  step:   5 bond rmsd: 0.001709
  step:   6 bond rmsd: 0.001645
  step:   7 bond rmsd: 0.001605
  step:   8 bond rmsd: 0.001580
  step:   9 bond rmsd: 0.001564
  step:  10 bond rmsd: 0.001555
  step:  11 bond rmsd: 0.001550
  step:  12 bond rmsd: 0.001547
  step:  13 bond rmsd: 0.001545
  step:  14 bond rmsd: 0.001544
  step:  15 bond rmsd: 0.001544
  step:  16 bond rmsd: 0.001543
  step:  17 bond rmsd: 0.001543
  step:  18 bond rmsd: 0.001543
  step:  19 bond rmsd: 0.001543
  step:  20 bond rmsd: 0.001542
  step:  21 bond rmsd: 0.001542
  step:  22 bond rmsd: 0.001541
  step:  23 bond rmsd: 0.001539
  step:  24 bond rmsd: 0.001537
  step:  25 bond rmsd: 0.001533
  step:  26 bond rmsd: 0.001527
  step:  27 bond rmsd: 0.001517
  step:  28 bond rmsd: 0.001501
  step:  29 bond rmsd: 0.001491
  step:  30 bond rmsd: 0.001482
  step:  31 bond rmsd: 0.001466
  step:  32 bond rmsd: 0.001466
  step:  33 bond rmsd: 0.001461
  step:  34 bond rmsd: 0.001458
  step:  35 bond rmsd: 0.001455
  step:  36 bond rmsd: 0.001454
  step:  37 bond rmsd: 0.001452
  step:  38 bond rmsd: 0.001452
  step:  39 bond rmsd: 0.001451
  step:  40 bond rmsd: 0.001451
  step:  41 bond rmsd: 0.001451
  step:  42 bond rmsd: 0.001451
  step:  43 bond rmsd: 0.001452
  step:  44 bond rmsd: 0.001456
  step:  45 bond rmsd: 0.001457
  step:  46 bond rmsd: 0.001460
  step:  47 bond rmsd: 0.001468
  step:  48 bond rmsd: 0.001473
  step:  49 bond rmsd: 0.001479
  step:  50 bond rmsd: 0.001486
  step:  51 bond rmsd: 0.001493
  step:  52 bond rmsd: 0.001501
  step:  53 bond rmsd: 0.001506
micro_cycle  31 rmsd(b):  0.0015 rws:  1.000 n_fev: 1616
  step:   1 bond rmsd: 0.001506
  step:   2 bond rmsd: 0.066196
  step:   3 bond rmsd: 0.001571
  step:   4 bond rmsd: 0.001549
  step:   5 bond rmsd: 0.001535
  step:   6 bond rmsd: 0.001525
  step:   7 bond rmsd: 0.001519
  step:   8 bond rmsd: 0.001515
  step:   9 bond rmsd: 0.001512
  step:  10 bond rmsd: 0.001511
  step:  11 bond rmsd: 0.001510
  step:  12 bond rmsd: 0.001509
  step:  13 bond rmsd: 0.001508
  step:  14 bond rmsd: 0.001508
  step:  15 bond rmsd: 0.001508
  step:  16 bond rmsd: 0.001508
  step:  17 bond rmsd: 0.001508
  step:  18 bond rmsd: 0.001508
  step:  19 bond rmsd: 0.001508
  step:  20 bond rmsd: 0.001508
  step:  21 bond rmsd: 0.001508
  step:  22 bond rmsd: 0.001508
  step:  23 bond rmsd: 0.001509
  step:  24 bond rmsd: 0.001509
  step:  25 bond rmsd: 0.001510
  step:  26 bond rmsd: 0.001511
  step:  27 bond rmsd: 0.001514
  step:  28 bond rmsd: 0.001516
  step:  29 bond rmsd: 0.001518
  step:  30 bond rmsd: 0.001520
  step:  31 bond rmsd: 0.001521
  step:  32 bond rmsd: 0.001522
  step:  33 bond rmsd: 0.001523
  step:  34 bond rmsd: 0.001523
  step:  35 bond rmsd: 0.001524
  step:  36 bond rmsd: 0.001523
  step:  37 bond rmsd: 0.001523
  step:  38 bond rmsd: 0.001523
  step:  39 bond rmsd: 0.001522
  step:  40 bond rmsd: 0.001520
  step:  41 bond rmsd: 0.001517
  step:  42 bond rmsd: 0.001515
  step:  43 bond rmsd: 0.001512
  step:  44 bond rmsd: 0.001506
  step:  45 bond rmsd: 0.001503
  step:  46 bond rmsd: 0.001497
  step:  47 bond rmsd: 0.001488
  step:  48 bond rmsd: 0.001480
  step:  49 bond rmsd: 0.001473
  step:  50 bond rmsd: 0.001459
  step:  51 bond rmsd: 0.001452
  step:  52 bond rmsd: 0.001439
micro_cycle  32 rmsd(b):  0.0014 rws:  1.000 n_fev: 1668
  step:   1 bond rmsd: 0.001439
  step:   2 bond rmsd: 0.049302
  step:   3 bond rmsd: 0.003447
  step:   4 bond rmsd: 0.002922
  step:   5 bond rmsd: 0.002523
  step:   6 bond rmsd: 0.002224
  step:   7 bond rmsd: 0.002003
  step:   8 bond rmsd: 0.001844
  step:   9 bond rmsd: 0.001730
  step:  10 bond rmsd: 0.001649
  step:  11 bond rmsd: 0.001593
  step:  12 bond rmsd: 0.001553
  step:  13 bond rmsd: 0.001525
  step:  14 bond rmsd: 0.001506
  step:  15 bond rmsd: 0.001492
  step:  16 bond rmsd: 0.001482
  step:  17 bond rmsd: 0.001475
  step:  18 bond rmsd: 0.001470
  step:  19 bond rmsd: 0.001467
  step:  20 bond rmsd: 0.001464
  step:  21 bond rmsd: 0.001462
  step:  22 bond rmsd: 0.001461
  step:  23 bond rmsd: 0.001460
  step:  24 bond rmsd: 0.001459
  step:  25 bond rmsd: 0.001459
  step:  26 bond rmsd: 0.001459
  step:  27 bond rmsd: 0.001459
  step:  28 bond rmsd: 0.001460
  step:  29 bond rmsd: 0.001462
  step:  30 bond rmsd: 0.001465
  step:  31 bond rmsd: 0.001471
  step:  32 bond rmsd: 0.001480
  step:  33 bond rmsd: 0.001498
  step:  34 bond rmsd: 0.001507
  step:  35 bond rmsd: 0.001514
  step:  36 bond rmsd: 0.001522
  step:  37 bond rmsd: 0.001530
  step:  38 bond rmsd: 0.001534
  step:  39 bond rmsd: 0.001537
  step:  40 bond rmsd: 0.001539
  step:  41 bond rmsd: 0.001540
  step:  42 bond rmsd: 0.001540
  step:  43 bond rmsd: 0.001541
  step:  44 bond rmsd: 0.001540
  step:  45 bond rmsd: 0.001539
  step:  46 bond rmsd: 0.001537
  step:  47 bond rmsd: 0.001532
  step:  48 bond rmsd: 0.001529
  step:  49 bond rmsd: 0.001524
  step:  50 bond rmsd: 0.001518
  step:  51 bond rmsd: 0.001511
  step:  52 bond rmsd: 0.001506
micro_cycle  33 rmsd(b):  0.0015 rws:  1.000 n_fev: 1720
  step:   1 bond rmsd: 0.001506
  step:   2 bond rmsd: 0.050780
  step:   3 bond rmsd: 0.001510
  step:   4 bond rmsd: 0.001509
  step:   5 bond rmsd: 0.001508
  step:   6 bond rmsd: 0.001508
  step:   7 bond rmsd: 0.001508
  step:   8 bond rmsd: 0.001507
  step:   9 bond rmsd: 0.001507
  step:  10 bond rmsd: 0.001507
  step:  11 bond rmsd: 0.001507
  step:  12 bond rmsd: 0.001507
  step:  13 bond rmsd: 0.001507
  step:  14 bond rmsd: 0.001508
  step:  15 bond rmsd: 0.001508
  step:  16 bond rmsd: 0.001509
  step:  17 bond rmsd: 0.001510
  step:  18 bond rmsd: 0.001511
  step:  19 bond rmsd: 0.001514
  step:  20 bond rmsd: 0.001519
  step:  21 bond rmsd: 0.001523
  step:  22 bond rmsd: 0.001525
  step:  23 bond rmsd: 0.001531
  step:  24 bond rmsd: 0.001533
  step:  25 bond rmsd: 0.001535
  step:  26 bond rmsd: 0.001537
  step:  27 bond rmsd: 0.001537
  step:  28 bond rmsd: 0.001538
  step:  29 bond rmsd: 0.001536
  step:  30 bond rmsd: 0.001534
  step:  31 bond rmsd: 0.001528
  step:  32 bond rmsd: 0.001524
  step:  33 bond rmsd: 0.001518
  step:  34 bond rmsd: 0.001513
  step:  35 bond rmsd: 0.001507
  step:  36 bond rmsd: 0.001497
  step:  37 bond rmsd: 0.001489
  step:  38 bond rmsd: 0.001479
  step:  39 bond rmsd: 0.001465
  step:  40 bond rmsd: 0.001455
  step:  41 bond rmsd: 0.001449
  step:  42 bond rmsd: 0.001437
  step:  43 bond rmsd: 0.001426
  step:  44 bond rmsd: 0.001414
  step:  45 bond rmsd: 0.001406
  step:  46 bond rmsd: 0.001395
  step:  47 bond rmsd: 0.001388
  step:  48 bond rmsd: 0.001385
  step:  49 bond rmsd: 0.001382
  step:  50 bond rmsd: 0.001383
  step:  51 bond rmsd: 0.001391
  step:  52 bond rmsd: 0.001397
micro_cycle  34 rmsd(b):  0.0014 rws:  1.000 n_fev: 1772
  step:   1 bond rmsd: 0.001397
  step:   2 bond rmsd: 0.050916
  step:   3 bond rmsd: 0.005239
  step:   4 bond rmsd: 0.004305
  step:   5 bond rmsd: 0.003574
  step:   6 bond rmsd: 0.003009
  step:   7 bond rmsd: 0.002577
  step:   8 bond rmsd: 0.002252
  step:   9 bond rmsd: 0.002012
  step:  10 bond rmsd: 0.001837
  step:  11 bond rmsd: 0.001712
  step:  12 bond rmsd: 0.001624
  step:  13 bond rmsd: 0.001563
  step:  14 bond rmsd: 0.001520
  step:  15 bond rmsd: 0.001490
  step:  16 bond rmsd: 0.001470
  step:  17 bond rmsd: 0.001456
  step:  18 bond rmsd: 0.001446
  step:  19 bond rmsd: 0.001439
  step:  20 bond rmsd: 0.001434
  step:  21 bond rmsd: 0.001430
  step:  22 bond rmsd: 0.001428
  step:  23 bond rmsd: 0.001427
  step:  24 bond rmsd: 0.001426
  step:  25 bond rmsd: 0.001425
  step:  26 bond rmsd: 0.001425
  step:  27 bond rmsd: 0.001426
  step:  28 bond rmsd: 0.001427
  step:  29 bond rmsd: 0.001430
  step:  30 bond rmsd: 0.001435
  step:  31 bond rmsd: 0.001444
  step:  32 bond rmsd: 0.001459
  step:  33 bond rmsd: 0.001471
  step:  34 bond rmsd: 0.001483
  step:  35 bond rmsd: 0.001498
  step:  36 bond rmsd: 0.001510
  step:  37 bond rmsd: 0.001520
  step:  38 bond rmsd: 0.001527
  step:  39 bond rmsd: 0.001535
  step:  40 bond rmsd: 0.001539
  step:  41 bond rmsd: 0.001542
  step:  42 bond rmsd: 0.001544
  step:  43 bond rmsd: 0.001545
  step:  44 bond rmsd: 0.001545
  step:  45 bond rmsd: 0.001541
  step:  46 bond rmsd: 0.001540
  step:  47 bond rmsd: 0.001538
  step:  48 bond rmsd: 0.001533
  step:  49 bond rmsd: 0.001530
  step:  50 bond rmsd: 0.001524
  step:  51 bond rmsd: 0.001520
  step:  52 bond rmsd: 0.001514
micro_cycle  35 rmsd(b):  0.0015 rws:  1.000 n_fev: 1824
  step:   1 bond rmsd: 0.001514
  step:   2 bond rmsd: 0.057029
  step:   3 bond rmsd: 0.001518
  step:   4 bond rmsd: 0.001517
  step:   5 bond rmsd: 0.001517
  step:   6 bond rmsd: 0.001516
  step:   7 bond rmsd: 0.001516
  step:   8 bond rmsd: 0.001515
  step:   9 bond rmsd: 0.001515
  step:  10 bond rmsd: 0.001515
  step:  11 bond rmsd: 0.001514
  step:  12 bond rmsd: 0.001514
  step:  13 bond rmsd: 0.001514
  step:  14 bond rmsd: 0.001513
  step:  15 bond rmsd: 0.001513
  step:  16 bond rmsd: 0.001513
  step:  17 bond rmsd: 0.001512
  step:  18 bond rmsd: 0.001512
  step:  19 bond rmsd: 0.001511
  step:  20 bond rmsd: 0.001510
  step:  21 bond rmsd: 0.001509
  step:  22 bond rmsd: 0.001511
  step:  23 bond rmsd: 0.001510
  step:  24 bond rmsd: 0.001508
  step:  25 bond rmsd: 0.001507
  step:  26 bond rmsd: 0.001505
  step:  27 bond rmsd: 0.001504
  step:  28 bond rmsd: 0.001502
  step:  29 bond rmsd: 0.001501
  step:  30 bond rmsd: 0.001500
  step:  31 bond rmsd: 0.001499
  step:  32 bond rmsd: 0.001500
  step:  33 bond rmsd: 0.001500
  step:  34 bond rmsd: 0.001499
  step:  35 bond rmsd: 0.001499
  step:  36 bond rmsd: 0.001500
  step:  37 bond rmsd: 0.001502
  step:  38 bond rmsd: 0.001505
  step:  39 bond rmsd: 0.001508
  step:  40 bond rmsd: 0.001514
  step:  41 bond rmsd: 0.001518
  step:  42 bond rmsd: 0.001530
  step:  43 bond rmsd: 0.001535
  step:  44 bond rmsd: 0.001543
  step:  45 bond rmsd: 0.001554
  step:  46 bond rmsd: 0.001572
  step:  47 bond rmsd: 0.001592
  step:  48 bond rmsd: 0.001622
  step:  49 bond rmsd: 0.001638
  step:  50 bond rmsd: 0.001649
  step:  51 bond rmsd: 0.001660
  step:  52 bond rmsd: 0.001667
micro_cycle  36 rmsd(b):  0.0017 rws:  1.000 n_fev: 1876
  step:   1 bond rmsd: 0.001667
  step:   2 bond rmsd: 0.078660
  step:   3 bond rmsd: 0.001746
  step:   4 bond rmsd: 0.001716
  step:   5 bond rmsd: 0.001696
  step:   6 bond rmsd: 0.001682
  step:   7 bond rmsd: 0.001672
  step:   8 bond rmsd: 0.001665
  step:   9 bond rmsd: 0.001660
  step:  10 bond rmsd: 0.001656
  step:  11 bond rmsd: 0.001652
  step:  12 bond rmsd: 0.001649
  step:  13 bond rmsd: 0.001646
  step:  14 bond rmsd: 0.001643
  step:  15 bond rmsd: 0.001641
  step:  16 bond rmsd: 0.001638
  step:  17 bond rmsd: 0.001635
  step:  18 bond rmsd: 0.001631
  step:  19 bond rmsd: 0.001626
  step:  20 bond rmsd: 0.001619
  step:  21 bond rmsd: 0.001609
  step:  22 bond rmsd: 0.001595
  step:  23 bond rmsd: 0.001575
  step:  24 bond rmsd: 0.001557
  step:  25 bond rmsd: 0.001540
  step:  26 bond rmsd: 0.001526
  step:  27 bond rmsd: 0.001501
  step:  28 bond rmsd: 0.001493
  step:  29 bond rmsd: 0.001485
  step:  30 bond rmsd: 0.001479
  step:  31 bond rmsd: 0.001474
  step:  32 bond rmsd: 0.001470
  step:  33 bond rmsd: 0.001468
  step:  34 bond rmsd: 0.001464
  step:  35 bond rmsd: 0.001463
  step:  36 bond rmsd: 0.001462
  step:  37 bond rmsd: 0.001464
  step:  38 bond rmsd: 0.001469
  step:  39 bond rmsd: 0.001473
  step:  40 bond rmsd: 0.001478
  step:  41 bond rmsd: 0.001484
  step:  42 bond rmsd: 0.001490
  step:  43 bond rmsd: 0.001497
  step:  44 bond rmsd: 0.001502
  step:  45 bond rmsd: 0.001508
  step:  46 bond rmsd: 0.001519
  step:  47 bond rmsd: 0.001522
  step:  48 bond rmsd: 0.001526
  step:  49 bond rmsd: 0.001529
  step:  50 bond rmsd: 0.001533
  step:  51 bond rmsd: 0.001536
  step:  52 bond rmsd: 0.001539
micro_cycle  37 rmsd(b):  0.0015 rws:  1.000 n_fev: 1928
  step:   1 bond rmsd: 0.001539
  step:   2 bond rmsd: 0.047120
  step:   3 bond rmsd: 0.001535
  step:   4 bond rmsd: 0.001535
  step:   5 bond rmsd: 0.001535
  step:   6 bond rmsd: 0.001535
  step:   7 bond rmsd: 0.001535
  step:   8 bond rmsd: 0.001535
  step:   9 bond rmsd: 0.001535
  step:  10 bond rmsd: 0.001534
  step:  11 bond rmsd: 0.001534
  step:  12 bond rmsd: 0.001533
  step:  13 bond rmsd: 0.001533
  step:  14 bond rmsd: 0.001532
  step:  15 bond rmsd: 0.001530
  step:  16 bond rmsd: 0.001528
  step:  17 bond rmsd: 0.001524
  step:  18 bond rmsd: 0.001518
  step:  19 bond rmsd: 0.001510
  step:  20 bond rmsd: 0.001505
  step:  21 bond rmsd: 0.001500
  step:  22 bond rmsd: 0.001495
  step:  23 bond rmsd: 0.001491
  step:  24 bond rmsd: 0.001487
  step:  25 bond rmsd: 0.001484
  step:  26 bond rmsd: 0.001481
  step:  27 bond rmsd: 0.001478
  step:  28 bond rmsd: 0.001476
  step:  29 bond rmsd: 0.001475
  step:  30 bond rmsd: 0.001475
  step:  31 bond rmsd: 0.001476
  step:  32 bond rmsd: 0.001478
  step:  33 bond rmsd: 0.001479
  step:  34 bond rmsd: 0.001484
  step:  35 bond rmsd: 0.001488
  step:  36 bond rmsd: 0.001494
  step:  37 bond rmsd: 0.001498
  step:  38 bond rmsd: 0.001503
  step:  39 bond rmsd: 0.001512
  step:  40 bond rmsd: 0.001519
  step:  41 bond rmsd: 0.001530
  step:  42 bond rmsd: 0.001537
  step:  43 bond rmsd: 0.001545
  step:  44 bond rmsd: 0.001554
  step:  45 bond rmsd: 0.001561
  step:  46 bond rmsd: 0.001564
  step:  47 bond rmsd: 0.001570
  step:  48 bond rmsd: 0.001576
  step:  49 bond rmsd: 0.001579
  step:  50 bond rmsd: 0.001578
  step:  51 bond rmsd: 0.001577
  step:  52 bond rmsd: 0.001576
micro_cycle  38 rmsd(b):  0.0016 rws:  1.000 n_fev: 1980
  step:   1 bond rmsd: 0.001576
  step:   2 bond rmsd: 0.088704
  step:   3 bond rmsd: 0.001559
  step:   4 bond rmsd: 0.001560
  step:   5 bond rmsd: 0.001561
  step:   6 bond rmsd: 0.001562
  step:   7 bond rmsd: 0.001563
  step:   8 bond rmsd: 0.001563
  step:   9 bond rmsd: 0.001563
  step:  10 bond rmsd: 0.001563
  step:  11 bond rmsd: 0.001563
  step:  12 bond rmsd: 0.001563
  step:  13 bond rmsd: 0.001563
  step:  14 bond rmsd: 0.001562
  step:  15 bond rmsd: 0.001561
  step:  16 bond rmsd: 0.001559
  step:  17 bond rmsd: 0.001556
  step:  18 bond rmsd: 0.001550
  step:  19 bond rmsd: 0.001542
  step:  20 bond rmsd: 0.001525
  step:  21 bond rmsd: 0.001518
  step:  22 bond rmsd: 0.001512
  step:  23 bond rmsd: 0.001504
  step:  24 bond rmsd: 0.001497
  step:  25 bond rmsd: 0.001494
  step:  26 bond rmsd: 0.001491
  step:  27 bond rmsd: 0.001489
  step:  28 bond rmsd: 0.001488
  step:  29 bond rmsd: 0.001487
  step:  30 bond rmsd: 0.001486
  step:  31 bond rmsd: 0.001487
  step:  32 bond rmsd: 0.001488
  step:  33 bond rmsd: 0.001489
  step:  34 bond rmsd: 0.001491
  step:  35 bond rmsd: 0.001494
  step:  36 bond rmsd: 0.001496
  step:  37 bond rmsd: 0.001500
  step:  38 bond rmsd: 0.001505
  step:  39 bond rmsd: 0.001509
  step:  40 bond rmsd: 0.001513
  step:  41 bond rmsd: 0.001519
  step:  42 bond rmsd: 0.001523
  step:  43 bond rmsd: 0.001527
  step:  44 bond rmsd: 0.001532
  step:  45 bond rmsd: 0.001535
  step:  46 bond rmsd: 0.001539
  step:  47 bond rmsd: 0.001541
  step:  48 bond rmsd: 0.001545
  step:  49 bond rmsd: 0.001545
  step:  50 bond rmsd: 0.001544
  step:  51 bond rmsd: 0.001543
  step:  52 bond rmsd: 0.001541
micro_cycle  39 rmsd(b):  0.0015 rws:  1.000 n_fev: 2032
  step:   1 bond rmsd: 0.001541
  step:   2 bond rmsd: 0.031871
  step:   3 bond rmsd: 0.001526
  step:   4 bond rmsd: 0.001528
  step:   5 bond rmsd: 0.001530
  step:   6 bond rmsd: 0.001531
  step:   7 bond rmsd: 0.001531
  step:   8 bond rmsd: 0.001532
  step:   9 bond rmsd: 0.001532
  step:  10 bond rmsd: 0.001532
  step:  11 bond rmsd: 0.001532
  step:  12 bond rmsd: 0.001531
  step:  13 bond rmsd: 0.001531
  step:  14 bond rmsd: 0.001530
  step:  15 bond rmsd: 0.001529
  step:  16 bond rmsd: 0.001526
  step:  17 bond rmsd: 0.001521
  step:  18 bond rmsd: 0.001512
  step:  19 bond rmsd: 0.001506
  step:  20 bond rmsd: 0.001501
  step:  21 bond rmsd: 0.001494
  step:  22 bond rmsd: 0.001489
  step:  23 bond rmsd: 0.001486
  step:  24 bond rmsd: 0.001483
  step:  25 bond rmsd: 0.001480
  step:  26 bond rmsd: 0.001477
  step:  27 bond rmsd: 0.001475
  step:  28 bond rmsd: 0.001473
  step:  29 bond rmsd: 0.001473
  step:  30 bond rmsd: 0.001473
  step:  31 bond rmsd: 0.001474
  step:  32 bond rmsd: 0.001476
  step:  33 bond rmsd: 0.001479
  step:  34 bond rmsd: 0.001486
  step:  35 bond rmsd: 0.001491
  step:  36 bond rmsd: 0.001499
  step:  37 bond rmsd: 0.001505
  step:  38 bond rmsd: 0.001511
  step:  39 bond rmsd: 0.001520
  step:  40 bond rmsd: 0.001525
  step:  41 bond rmsd: 0.001532
  step:  42 bond rmsd: 0.001538
  step:  43 bond rmsd: 0.001545
  step:  44 bond rmsd: 0.001551
  step:  45 bond rmsd: 0.001556
  step:  46 bond rmsd: 0.001562
  step:  47 bond rmsd: 0.001567
  step:  48 bond rmsd: 0.001571
  step:  49 bond rmsd: 0.001575
  step:  50 bond rmsd: 0.001579
  step:  51 bond rmsd: 0.001580
  step:  52 bond rmsd: 0.001580
micro_cycle  40 rmsd(b):  0.0016 rws:  1.000 n_fev: 2084
  step:   1 bond rmsd: 0.001580
  step:   2 bond rmsd: 0.042648
  step:   3 bond rmsd: 0.001566
  step:   4 bond rmsd: 0.001566
  step:   5 bond rmsd: 0.001566
  step:   6 bond rmsd: 0.001566
  step:   7 bond rmsd: 0.001565
  step:   8 bond rmsd: 0.001564
  step:   9 bond rmsd: 0.001562
  step:  10 bond rmsd: 0.001560
  step:  11 bond rmsd: 0.001558
  step:  12 bond rmsd: 0.001556
  step:  13 bond rmsd: 0.001554
  step:  14 bond rmsd: 0.001552
  step:  15 bond rmsd: 0.001548
  step:  16 bond rmsd: 0.001544
  step:  17 bond rmsd: 0.001537
  step:  18 bond rmsd: 0.001529
  step:  19 bond rmsd: 0.001522
  step:  20 bond rmsd: 0.001510
  step:  21 bond rmsd: 0.001505
  step:  22 bond rmsd: 0.001502
  step:  23 bond rmsd: 0.001498
  step:  24 bond rmsd: 0.001494
  step:  25 bond rmsd: 0.001490
  step:  26 bond rmsd: 0.001488
  step:  27 bond rmsd: 0.001485
  step:  28 bond rmsd: 0.001484
  step:  29 bond rmsd: 0.001482
  step:  30 bond rmsd: 0.001481
  step:  31 bond rmsd: 0.001481
  step:  32 bond rmsd: 0.001485
  step:  33 bond rmsd: 0.001488
  step:  34 bond rmsd: 0.001493
  step:  35 bond rmsd: 0.001498
  step:  36 bond rmsd: 0.001502
  step:  37 bond rmsd: 0.001508
  step:  38 bond rmsd: 0.001512
  step:  39 bond rmsd: 0.001515
  step:  40 bond rmsd: 0.001518
  step:  41 bond rmsd: 0.001522
  step:  42 bond rmsd: 0.001525
  step:  43 bond rmsd: 0.001529
  step:  44 bond rmsd: 0.001533
  step:  45 bond rmsd: 0.001535
  step:  46 bond rmsd: 0.001538
  step:  47 bond rmsd: 0.001540
  step:  48 bond rmsd: 0.001541
  step:  49 bond rmsd: 0.001541
  step:  50 bond rmsd: 0.001541
  step:  51 bond rmsd: 0.001539
  step:  52 bond rmsd: 0.001536
micro_cycle  41 rmsd(b):  0.0015 rws:  1.000 n_fev: 2136
  step:   1 bond rmsd: 0.001536
  step:   2 bond rmsd: 0.043665
  step:   3 bond rmsd: 0.001518
  step:   4 bond rmsd: 0.001520
  step:   5 bond rmsd: 0.001522
  step:   6 bond rmsd: 0.001524
  step:   7 bond rmsd: 0.001525
  step:   8 bond rmsd: 0.001526
  step:   9 bond rmsd: 0.001527
  step:  10 bond rmsd: 0.001528
  step:  11 bond rmsd: 0.001528
  step:  12 bond rmsd: 0.001529
  step:  13 bond rmsd: 0.001529
  step:  14 bond rmsd: 0.001529
  step:  15 bond rmsd: 0.001529
  step:  16 bond rmsd: 0.001529
  step:  17 bond rmsd: 0.001529
  step:  18 bond rmsd: 0.001528
  step:  19 bond rmsd: 0.001527
  step:  20 bond rmsd: 0.001525
  step:  21 bond rmsd: 0.001521
  step:  22 bond rmsd: 0.001517
  step:  23 bond rmsd: 0.001512
  step:  24 bond rmsd: 0.001503
  step:  25 bond rmsd: 0.001499
  step:  26 bond rmsd: 0.001496
  step:  27 bond rmsd: 0.001491
  step:  28 bond rmsd: 0.001488
  step:  29 bond rmsd: 0.001486
  step:  30 bond rmsd: 0.001483
  step:  31 bond rmsd: 0.001481
  step:  32 bond rmsd: 0.001479
  step:  33 bond rmsd: 0.001477
  step:  34 bond rmsd: 0.001476
  step:  35 bond rmsd: 0.001478
  step:  36 bond rmsd: 0.001477
  step:  37 bond rmsd: 0.001478
  step:  38 bond rmsd: 0.001479
  step:  39 bond rmsd: 0.001481
  step:  40 bond rmsd: 0.001484
  step:  41 bond rmsd: 0.001489
  step:  42 bond rmsd: 0.001493
  step:  43 bond rmsd: 0.001497
  step:  44 bond rmsd: 0.001502
  step:  45 bond rmsd: 0.001509
  step:  46 bond rmsd: 0.001514
  step:  47 bond rmsd: 0.001520
  step:  48 bond rmsd: 0.001528
  step:  49 bond rmsd: 0.001533
  step:  50 bond rmsd: 0.001537
  step:  51 bond rmsd: 0.001541
  step:  52 bond rmsd: 0.001545
micro_cycle  42 rmsd(b):  0.0015 rws:  1.000 n_fev: 2188
  step:   1 bond rmsd: 0.001545
  step:   2 bond rmsd: 0.063335
  step:   3 bond rmsd: 0.001538
  step:   4 bond rmsd: 0.001539
  step:   5 bond rmsd: 0.001539
  step:   6 bond rmsd: 0.001540
  step:   7 bond rmsd: 0.001540
  step:   8 bond rmsd: 0.001540
  step:   9 bond rmsd: 0.001540
  step:  10 bond rmsd: 0.001540
  step:  11 bond rmsd: 0.001540
  step:  12 bond rmsd: 0.001540
  step:  13 bond rmsd: 0.001539
  step:  14 bond rmsd: 0.001539
  step:  15 bond rmsd: 0.001538
  step:  16 bond rmsd: 0.001536
  step:  17 bond rmsd: 0.001533
  step:  18 bond rmsd: 0.001528
  step:  19 bond rmsd: 0.001521
  step:  20 bond rmsd: 0.001512
  step:  21 bond rmsd: 0.001506
  step:  22 bond rmsd: 0.001503
  step:  23 bond rmsd: 0.001499
  step:  24 bond rmsd: 0.001498
  step:  25 bond rmsd: 0.001496
  step:  26 bond rmsd: 0.001497
  step:  27 bond rmsd: 0.001496
  step:  28 bond rmsd: 0.001496
  step:  29 bond rmsd: 0.001496
  step:  30 bond rmsd: 0.001496
  step:  31 bond rmsd: 0.001497
  step:  32 bond rmsd: 0.001498
  step:  33 bond rmsd: 0.001500
  step:  34 bond rmsd: 0.001501
  step:  35 bond rmsd: 0.001502
  step:  36 bond rmsd: 0.001504
  step:  37 bond rmsd: 0.001506
  step:  38 bond rmsd: 0.001508
  step:  39 bond rmsd: 0.001509
  step:  40 bond rmsd: 0.001512
  step:  41 bond rmsd: 0.001515
  step:  42 bond rmsd: 0.001518
  step:  43 bond rmsd: 0.001522
  step:  44 bond rmsd: 0.001527
  step:  45 bond rmsd: 0.001534
  step:  46 bond rmsd: 0.001539
  step:  47 bond rmsd: 0.001552
  step:  48 bond rmsd: 0.001562
  step:  49 bond rmsd: 0.001572
  step:  50 bond rmsd: 0.001582
  step:  51 bond rmsd: 0.001593
  step:  52 bond rmsd: 0.001604
micro_cycle  43 rmsd(b):  0.0016 rws:  1.000 n_fev: 2240
  step:   1 bond rmsd: 0.001604
  step:   2 bond rmsd: 0.045882
  step:   3 bond rmsd: 0.001580
  step:   4 bond rmsd: 0.001574
  step:   5 bond rmsd: 0.001572
  step:   6 bond rmsd: 0.001572
  step:   7 bond rmsd: 0.001572
  step:   8 bond rmsd: 0.001572
  step:   9 bond rmsd: 0.001573
  step:  10 bond rmsd: 0.001573
  step:  11 bond rmsd: 0.001573
  step:  12 bond rmsd: 0.001573
  step:  13 bond rmsd: 0.001573
  step:  14 bond rmsd: 0.001572
  step:  15 bond rmsd: 0.001572
  step:  16 bond rmsd: 0.001571
  step:  17 bond rmsd: 0.001570
  step:  18 bond rmsd: 0.001569
  step:  19 bond rmsd: 0.001566
  step:  20 bond rmsd: 0.001563
  step:  21 bond rmsd: 0.001557
  step:  22 bond rmsd: 0.001548
  step:  23 bond rmsd: 0.001534
  step:  24 bond rmsd: 0.001527
  step:  25 bond rmsd: 0.001520
  step:  26 bond rmsd: 0.001510
  step:  27 bond rmsd: 0.001503
  step:  28 bond rmsd: 0.001498
  step:  29 bond rmsd: 0.001493
  step:  30 bond rmsd: 0.001490
  step:  31 bond rmsd: 0.001488
  step:  32 bond rmsd: 0.001485
  step:  33 bond rmsd: 0.001484
  step:  34 bond rmsd: 0.001481
  step:  35 bond rmsd: 0.001480
  step:  36 bond rmsd: 0.001479
  step:  37 bond rmsd: 0.001479
  step:  38 bond rmsd: 0.001479
  step:  39 bond rmsd: 0.001480
  step:  40 bond rmsd: 0.001482
  step:  41 bond rmsd: 0.001485
  step:  42 bond rmsd: 0.001487
  step:  43 bond rmsd: 0.001490
  step:  44 bond rmsd: 0.001495
  step:  45 bond rmsd: 0.001498
  step:  46 bond rmsd: 0.001501
  step:  47 bond rmsd: 0.001505
  step:  48 bond rmsd: 0.001509
  step:  49 bond rmsd: 0.001513
  step:  50 bond rmsd: 0.001515
  step:  51 bond rmsd: 0.001519
  step:  52 bond rmsd: 0.001521
micro_cycle  44 rmsd(b):  0.0015 rws:  1.000 n_fev: 2292
  step:   1 bond rmsd: 0.001521
  step:   2 bond rmsd: 0.023118
  step:   3 bond rmsd: 0.001521
  step:   4 bond rmsd: 0.001521
  step:   5 bond rmsd: 0.001521
  step:   6 bond rmsd: 0.001521
  step:   7 bond rmsd: 0.001520
  step:   8 bond rmsd: 0.001520
  step:   9 bond rmsd: 0.001520
  step:  10 bond rmsd: 0.001520
  step:  11 bond rmsd: 0.001520
  step:  12 bond rmsd: 0.001519
  step:  13 bond rmsd: 0.001519
  step:  14 bond rmsd: 0.001518
  step:  15 bond rmsd: 0.001518
  step:  16 bond rmsd: 0.001516
  step:  17 bond rmsd: 0.001514
  step:  18 bond rmsd: 0.001511
  step:  19 bond rmsd: 0.001508
  step:  20 bond rmsd: 0.001505
  step:  21 bond rmsd: 0.001502
  step:  22 bond rmsd: 0.001496
  step:  23 bond rmsd: 0.001494
  step:  24 bond rmsd: 0.001492
  step:  25 bond rmsd: 0.001490
  step:  26 bond rmsd: 0.001489
  step:  27 bond rmsd: 0.001488
  step:  28 bond rmsd: 0.001487
  step:  29 bond rmsd: 0.001487
  step:  30 bond rmsd: 0.001487
  step:  31 bond rmsd: 0.001488
  step:  32 bond rmsd: 0.001490
  step:  33 bond rmsd: 0.001492
  step:  34 bond rmsd: 0.001495
  step:  35 bond rmsd: 0.001497
  step:  36 bond rmsd: 0.001500
  step:  37 bond rmsd: 0.001505
  step:  38 bond rmsd: 0.001508
  step:  39 bond rmsd: 0.001511
  step:  40 bond rmsd: 0.001517
  step:  41 bond rmsd: 0.001522
  step:  42 bond rmsd: 0.001526
  step:  43 bond rmsd: 0.001531
  step:  44 bond rmsd: 0.001535
  step:  45 bond rmsd: 0.001538
  step:  46 bond rmsd: 0.001541
  step:  47 bond rmsd: 0.001544
  step:  48 bond rmsd: 0.001546
  step:  49 bond rmsd: 0.001547
  step:  50 bond rmsd: 0.001548
  step:  51 bond rmsd: 0.001549
  step:  52 bond rmsd: 0.001549
micro_cycle  45 rmsd(b):  0.0015 rws:  1.000 n_fev: 2344
  step:   1 bond rmsd: 0.001549
  step:   2 bond rmsd: 0.065529
  step:   3 bond rmsd: 0.001550
  step:   4 bond rmsd: 0.001549
  step:   5 bond rmsd: 0.001548
  step:   6 bond rmsd: 0.001547
  step:   7 bond rmsd: 0.001546
  step:   8 bond rmsd: 0.001545
  step:   9 bond rmsd: 0.001544
  step:  10 bond rmsd: 0.001543
  step:  11 bond rmsd: 0.001542
  step:  12 bond rmsd: 0.001540
  step:  13 bond rmsd: 0.001539
  step:  14 bond rmsd: 0.001537
  step:  15 bond rmsd: 0.001535
  step:  16 bond rmsd: 0.001532
  step:  17 bond rmsd: 0.001527
  step:  18 bond rmsd: 0.001522
  step:  19 bond rmsd: 0.001517
  step:  20 bond rmsd: 0.001513
  step:  21 bond rmsd: 0.001505
  step:  22 bond rmsd: 0.001502
  step:  23 bond rmsd: 0.001499
  step:  24 bond rmsd: 0.001498
  step:  25 bond rmsd: 0.001496
  step:  26 bond rmsd: 0.001495
  step:  27 bond rmsd: 0.001494
  step:  28 bond rmsd: 0.001493
  step:  29 bond rmsd: 0.001493
  step:  30 bond rmsd: 0.001493
  step:  31 bond rmsd: 0.001494
  step:  32 bond rmsd: 0.001494
  step:  33 bond rmsd: 0.001495
  step:  34 bond rmsd: 0.001498
  step:  35 bond rmsd: 0.001500
  step:  36 bond rmsd: 0.001502
  step:  37 bond rmsd: 0.001506
  step:  38 bond rmsd: 0.001510
  step:  39 bond rmsd: 0.001514
  step:  40 bond rmsd: 0.001518
  step:  41 bond rmsd: 0.001523
  step:  42 bond rmsd: 0.001527
  step:  43 bond rmsd: 0.001529
  step:  44 bond rmsd: 0.001532
  step:  45 bond rmsd: 0.001535
  step:  46 bond rmsd: 0.001537
  step:  47 bond rmsd: 0.001538
  step:  48 bond rmsd: 0.001539
  step:  49 bond rmsd: 0.001539
  step:  50 bond rmsd: 0.001539
  step:  51 bond rmsd: 0.001540
  step:  52 bond rmsd: 0.001538
micro_cycle  46 rmsd(b):  0.0015 rws:  1.000 n_fev: 2396
  step:   1 bond rmsd: 0.001538
  step:   2 bond rmsd: 0.060217
  step:   3 bond rmsd: 0.001523
  step:   4 bond rmsd: 0.001524
  step:   5 bond rmsd: 0.001526
  step:   6 bond rmsd: 0.001527
  step:   7 bond rmsd: 0.001528
  step:   8 bond rmsd: 0.001529
  step:   9 bond rmsd: 0.001530
  step:  10 bond rmsd: 0.001531
  step:  11 bond rmsd: 0.001531
  step:  12 bond rmsd: 0.001531
  step:  13 bond rmsd: 0.001531
  step:  14 bond rmsd: 0.001532
  step:  15 bond rmsd: 0.001532
  step:  16 bond rmsd: 0.001532
  step:  17 bond rmsd: 0.001531
  step:  18 bond rmsd: 0.001531
  step:  19 bond rmsd: 0.001529
  step:  20 bond rmsd: 0.001527
  step:  21 bond rmsd: 0.001523
  step:  22 bond rmsd: 0.001519
  step:  23 bond rmsd: 0.001515
  step:  24 bond rmsd: 0.001510
  step:  25 bond rmsd: 0.001506
  step:  26 bond rmsd: 0.001502
  step:  27 bond rmsd: 0.001499
  step:  28 bond rmsd: 0.001494
  step:  29 bond rmsd: 0.001491
  step:  30 bond rmsd: 0.001489
  step:  31 bond rmsd: 0.001486
  step:  32 bond rmsd: 0.001484
  step:  33 bond rmsd: 0.001483
  step:  34 bond rmsd: 0.001482
  step:  35 bond rmsd: 0.001482
  step:  36 bond rmsd: 0.001483
  step:  37 bond rmsd: 0.001484
  step:  38 bond rmsd: 0.001486
  step:  39 bond rmsd: 0.001488
  step:  40 bond rmsd: 0.001491
  step:  41 bond rmsd: 0.001494
  step:  42 bond rmsd: 0.001498
  step:  43 bond rmsd: 0.001502
  step:  44 bond rmsd: 0.001506
  step:  45 bond rmsd: 0.001509
  step:  46 bond rmsd: 0.001514
  step:  47 bond rmsd: 0.001516
  step:  48 bond rmsd: 0.001519
  step:  49 bond rmsd: 0.001522
  step:  50 bond rmsd: 0.001525
  step:  51 bond rmsd: 0.001527
  step:  52 bond rmsd: 0.001529
micro_cycle  47 rmsd(b):  0.0015 rws:  1.000 n_fev: 2448
  step:   1 bond rmsd: 0.001529
  step:   2 bond rmsd: 0.041018
  step:   3 bond rmsd: 0.001522
  step:   4 bond rmsd: 0.001523
  step:   5 bond rmsd: 0.001524
  step:   6 bond rmsd: 0.001525
  step:   7 bond rmsd: 0.001525
  step:   8 bond rmsd: 0.001525
  step:   9 bond rmsd: 0.001525
  step:  10 bond rmsd: 0.001525
  step:  11 bond rmsd: 0.001525
  step:  12 bond rmsd: 0.001525
  step:  13 bond rmsd: 0.001525
  step:  14 bond rmsd: 0.001525
  step:  15 bond rmsd: 0.001524
  step:  16 bond rmsd: 0.001522
  step:  17 bond rmsd: 0.001520
  step:  18 bond rmsd: 0.001516
  step:  19 bond rmsd: 0.001509
  step:  20 bond rmsd: 0.001505
  step:  21 bond rmsd: 0.001500
  step:  22 bond rmsd: 0.001491
  step:  23 bond rmsd: 0.001489
  step:  24 bond rmsd: 0.001487
  step:  25 bond rmsd: 0.001485
  step:  26 bond rmsd: 0.001484
  step:  27 bond rmsd: 0.001482
  step:  28 bond rmsd: 0.001481
  step:  29 bond rmsd: 0.001480
  step:  30 bond rmsd: 0.001479
  step:  31 bond rmsd: 0.001477
  step:  32 bond rmsd: 0.001477
  step:  33 bond rmsd: 0.001476
  step:  34 bond rmsd: 0.001477
  step:  35 bond rmsd: 0.001478
  step:  36 bond rmsd: 0.001480
  step:  37 bond rmsd: 0.001484
  step:  38 bond rmsd: 0.001487
  step:  39 bond rmsd: 0.001491
  step:  40 bond rmsd: 0.001495
  step:  41 bond rmsd: 0.001499
  step:  42 bond rmsd: 0.001504
  step:  43 bond rmsd: 0.001509
  step:  44 bond rmsd: 0.001514
  step:  45 bond rmsd: 0.001517
  step:  46 bond rmsd: 0.001522
  step:  47 bond rmsd: 0.001527
  step:  48 bond rmsd: 0.001529
  step:  49 bond rmsd: 0.001533
  step:  50 bond rmsd: 0.001537
  step:  51 bond rmsd: 0.001542
  step:  52 bond rmsd: 0.001545
micro_cycle  48 rmsd(b):  0.0015 rws:  1.000 n_fev: 2500
  step:   1 bond rmsd: 0.001545
  step:   2 bond rmsd: 0.045763
  step:   3 bond rmsd: 0.001532
  step:   4 bond rmsd: 0.001528
  step:   5 bond rmsd: 0.001527
  step:   6 bond rmsd: 0.001528
  step:   7 bond rmsd: 0.001529
  step:   8 bond rmsd: 0.001530
  step:   9 bond rmsd: 0.001531
  step:  10 bond rmsd: 0.001533
  step:  11 bond rmsd: 0.001534
  step:  12 bond rmsd: 0.001534
  step:  13 bond rmsd: 0.001535
  step:  14 bond rmsd: 0.001536
  step:  15 bond rmsd: 0.001536
  step:  16 bond rmsd: 0.001536
  step:  17 bond rmsd: 0.001536
  step:  18 bond rmsd: 0.001536
  step:  19 bond rmsd: 0.001536
  step:  20 bond rmsd: 0.001536
  step:  21 bond rmsd: 0.001536
  step:  22 bond rmsd: 0.001535
  step:  23 bond rmsd: 0.001533
  step:  24 bond rmsd: 0.001531
  step:  25 bond rmsd: 0.001526
  step:  26 bond rmsd: 0.001519
  step:  27 bond rmsd: 0.001515
  step:  28 bond rmsd: 0.001511
  step:  29 bond rmsd: 0.001506
  step:  30 bond rmsd: 0.001502
  step:  31 bond rmsd: 0.001499
  step:  32 bond rmsd: 0.001497
  step:  33 bond rmsd: 0.001494
  step:  34 bond rmsd: 0.001492
  step:  35 bond rmsd: 0.001489
  step:  36 bond rmsd: 0.001487
  step:  37 bond rmsd: 0.001485
  step:  38 bond rmsd: 0.001484
  step:  39 bond rmsd: 0.001482
  step:  40 bond rmsd: 0.001481
  step:  41 bond rmsd: 0.001481
  step:  42 bond rmsd: 0.001480
  step:  43 bond rmsd: 0.001481
  step:  44 bond rmsd: 0.001482
  step:  45 bond rmsd: 0.001485
  step:  46 bond rmsd: 0.001487
  step:  47 bond rmsd: 0.001492
  step:  48 bond rmsd: 0.001496
  step:  49 bond rmsd: 0.001499
  step:  50 bond rmsd: 0.001505
  step:  51 bond rmsd: 0.001509
  step:  52 bond rmsd: 0.001515
micro_cycle  49 rmsd(b):  0.0015 rws:  1.000 n_fev: 2552
  step:   1 bond rmsd: 0.001515
  step:   2 bond rmsd: 0.046708
  step:   3 bond rmsd: 0.001507
  step:   4 bond rmsd: 0.001508
  step:   5 bond rmsd: 0.001508
  step:   6 bond rmsd: 0.001509
  step:   7 bond rmsd: 0.001509
  step:   8 bond rmsd: 0.001510
  step:   9 bond rmsd: 0.001510
  step:  10 bond rmsd: 0.001511
  step:  11 bond rmsd: 0.001511
  step:  12 bond rmsd: 0.001511
  step:  13 bond rmsd: 0.001512
  step:  14 bond rmsd: 0.001512
  step:  15 bond rmsd: 0.001512
  step:  16 bond rmsd: 0.001512
  step:  17 bond rmsd: 0.001512
  step:  18 bond rmsd: 0.001512
  step:  19 bond rmsd: 0.001512
  step:  20 bond rmsd: 0.001512
  step:  21 bond rmsd: 0.001512
  step:  22 bond rmsd: 0.001511
  step:  23 bond rmsd: 0.001509
  step:  24 bond rmsd: 0.001507
  step:  25 bond rmsd: 0.001506
  step:  26 bond rmsd: 0.001505
  step:  27 bond rmsd: 0.001503
  step:  28 bond rmsd: 0.001501
  step:  29 bond rmsd: 0.001501
  step:  30 bond rmsd: 0.001499
  step:  31 bond rmsd: 0.001499
  step:  32 bond rmsd: 0.001499
  step:  33 bond rmsd: 0.001499
  step:  34 bond rmsd: 0.001500
  step:  35 bond rmsd: 0.001500
  step:  36 bond rmsd: 0.001501
  step:  37 bond rmsd: 0.001501
  step:  38 bond rmsd: 0.001502
  step:  39 bond rmsd: 0.001503
  step:  40 bond rmsd: 0.001505
  step:  41 bond rmsd: 0.001506
  step:  42 bond rmsd: 0.001508
  step:  43 bond rmsd: 0.001510
  step:  44 bond rmsd: 0.001511
  step:  45 bond rmsd: 0.001516
  step:  46 bond rmsd: 0.001518
  step:  47 bond rmsd: 0.001526
  step:  48 bond rmsd: 0.001529
  step:  49 bond rmsd: 0.001537
  step:  50 bond rmsd: 0.001544
  step:  51 bond rmsd: 0.001554
  step:  52 bond rmsd: 0.001560
micro_cycle  50 rmsd(b):  0.0016 rws:  1.000 n_fev: 2604
See 6_refined.pdb in pdb folder.
Time: 39.6381
