Starting Q|R
Running refinement
   input {
     xray_data {
       file_name = None
       labels = None
       high_resolution = None
       low_resolution = None
       outliers_rejection = True
       french_wilson_scale = True
       french_wilson {
         max_bins = 60
         min_bin_size = 40
       }
       sigma_fobs_rejection_criterion = None
       sigma_iobs_rejection_criterion = None
       ignore_all_zeros = True
       force_anomalous_flag_to_be_equal_to = None
       convert_to_non_anomalous_if_ratio_pairs_lone_less_than_threshold = 0.5
       r_free_flags {
         file_name = None
         label = None
         test_flag_value = None
         ignore_r_free_flags = False
         disable_suitability_test = False
         ignore_pdb_hexdigest = False
         generate = False
         fraction = 0.1
         max_free = 2000
         lattice_symmetry_max_delta = 5
         use_lattice_symmetry = True
         use_dataman_shells = False
         n_shells = 20
       }
     }
     pdb {
       file_name = None
     }
     monomers {
       file_name = None
     }
     maps {
       map_file_name = None
       d_min = None
       map_coefficients_file_name = None
       map_coefficients_label = None
     }
     sequence = None
     scattering_table = wk1995 it1992 *n_gaussian neutron electron
     wavelength = None
     energy = None
     twin_law = Auto
   }
   max_atoms = 15000
   debug = False
   cluster {
     charge_cutoff = 8.0
     clustering = false
     charge_embedding = False
     two_buffers = False
     maxnum_residues_in_cluster = 15
     clustering_method = gnc *bcc
     altloc_method = *average subtract
   }
   restraints = *cctbx qm
   quantum {
     engine_name = *mopac ani torchani terachem turbomole pyscf orca gaussian \
                   xtb
     charge = None
     basis = Auto
     method = Auto
     memory = None
     nproc = None
     qm_addon = gcp dftd3 gcp-d3
     qm_addon_method = None
   }
   refine {
     dry_run = False
     sf_algorithm = *direct fft
     refinement_target_name = *ml ls_wunit_k1
     mode = *opt refine
     number_of_macro_cycles = 1
     number_of_weight_search_cycles = 50
     number_of_refine_cycles = 5
     number_of_micro_cycles = 50
     data_weight = None
     choose_best_use_r_work = False
     skip_initial_weight_optimization = False
     adjust_restraints_weight_scale_value = 2
     max_iterations_weight = 50
     max_iterations_refine = 50
     use_ase_lbfgs = False
     line_search = True
     stpmax = 0.2
     gradient_only = true
     update_all_scales = True
     refine_sites = True
     refine_adp = False
     restraints_weight_scale = 1.0
     shake_sites = False
     use_convergence_test = true
     max_bond_rmsd = 0.03
     max_r_work_r_free_gap = 5.0
     r_tolerance = 0.001
     rmsd_tolerance = 0.001
     opt_log = False
     pre_opt = False
     pre_opt_stpmax = 0.1
     pre_opt_iter = 10
     pre_opt_switch = 2
     pre_opt_gconv = 3000
   }
   parallel {
     method = *multiprocessing slurm pbs sge lsf threading
     nproc = None
     qsub_command = None
   }
   output_file_name_prefix = None
   output_folder_name = "pdb"
   shared_disk = True
   rst_file = None
   dump_gradients = None

Setting QM defaults
  Setting QM method to PM7


***********************************************************
restart info will be stored in /home/lum/3nir/cctbx_opt/pdb/7.rst.pickle
***********************************************************

start   0 rmsd(b):  0.0163 rws:  1.000 n_fev: 0
  step:   1 bond rmsd: 0.016318
  step:   2 bond rmsd: 0.069354
  step:   3 bond rmsd: 0.069354
  step:   4 bond rmsd: 0.056796
  step:   5 bond rmsd: 0.046528
  step:   6 bond rmsd: 0.038372
  step:   7 bond rmsd: 0.031870
  step:   8 bond rmsd: 0.026695
  step:   9 bond rmsd: 0.022580
  step:  10 bond rmsd: 0.019315
  step:  11 bond rmsd: 0.016729
  step:  12 bond rmsd: 0.014682
  step:  13 bond rmsd: 0.013061
  step:  14 bond rmsd: 0.011771
  step:  15 bond rmsd: 0.010734
  step:  16 bond rmsd: 0.009885
  step:  17 bond rmsd: 0.009172
  step:  18 bond rmsd: 0.008552
  step:  19 bond rmsd: 0.007988
  step:  20 bond rmsd: 0.007450
  step:  21 bond rmsd: 0.006915
  step:  22 bond rmsd: 0.006371
  step:  23 bond rmsd: 0.005768
  step:  24 bond rmsd: 0.004977
  step:  25 bond rmsd: 0.004240
  step:  26 bond rmsd: 0.003877
  step:  27 bond rmsd: 0.003686
  step:  28 bond rmsd: 0.003509
  step:  29 bond rmsd: 0.003466
  step:  30 bond rmsd: 0.003417
  step:  31 bond rmsd: 0.003435
  step:  32 bond rmsd: 0.003427
  step:  33 bond rmsd: 0.003400
  step:  34 bond rmsd: 0.003388
  step:  35 bond rmsd: 0.003372
  step:  36 bond rmsd: 0.003344
  step:  37 bond rmsd: 0.003324
  step:  38 bond rmsd: 0.003326
  step:  39 bond rmsd: 0.003266
  step:  40 bond rmsd: 0.003218
  step:  41 bond rmsd: 0.003142
  step:  42 bond rmsd: 0.003098
  step:  43 bond rmsd: 0.003051
  step:  44 bond rmsd: 0.002990
  step:  45 bond rmsd: 0.002961
  step:  46 bond rmsd: 0.002897
  step:  47 bond rmsd: 0.002868
  step:  48 bond rmsd: 0.002803
  step:  49 bond rmsd: 0.002755
  step:  50 bond rmsd: 0.002708
  step:  51 bond rmsd: 0.002657
  step:  52 bond rmsd: 0.002624
micro_cycle   1 rmsd(b):  0.0026 rws:  1.000 n_fev: 52
  step:   1 bond rmsd: 0.002624
  step:   2 bond rmsd: 0.048015
  step:   3 bond rmsd: 0.035533
  step:   4 bond rmsd: 0.028435
  step:   5 bond rmsd: 0.022744
  step:   6 bond rmsd: 0.018248
  step:   7 bond rmsd: 0.014687
  step:   8 bond rmsd: 0.011865
  step:   9 bond rmsd: 0.009632
  step:  10 bond rmsd: 0.007870
  step:  11 bond rmsd: 0.006487
  step:  12 bond rmsd: 0.005410
  step:  13 bond rmsd: 0.004580
  step:  14 bond rmsd: 0.003949
  step:  15 bond rmsd: 0.003475
  step:  16 bond rmsd: 0.003127
  step:  17 bond rmsd: 0.002873
  step:  18 bond rmsd: 0.002692
  step:  19 bond rmsd: 0.002563
  step:  20 bond rmsd: 0.002471
  step:  21 bond rmsd: 0.002406
  step:  22 bond rmsd: 0.002360
  step:  23 bond rmsd: 0.002326
  step:  24 bond rmsd: 0.002302
  step:  25 bond rmsd: 0.002284
  step:  26 bond rmsd: 0.002270
  step:  27 bond rmsd: 0.002258
  step:  28 bond rmsd: 0.002249
  step:  29 bond rmsd: 0.002241
  step:  30 bond rmsd: 0.002233
  step:  31 bond rmsd: 0.002225
  step:  32 bond rmsd: 0.002217
  step:  33 bond rmsd: 0.002207
  step:  34 bond rmsd: 0.002196
  step:  35 bond rmsd: 0.002180
  step:  36 bond rmsd: 0.002114
  step:  37 bond rmsd: 0.002101
  step:  38 bond rmsd: 0.002115
  step:  39 bond rmsd: 0.002387
  step:  40 bond rmsd: 0.002382
  step:  41 bond rmsd: 0.002380
  step:  42 bond rmsd: 0.002377
  step:  43 bond rmsd: 0.002377
  step:  44 bond rmsd: 0.002376
  step:  45 bond rmsd: 0.002367
  step:  46 bond rmsd: 0.002371
  step:  47 bond rmsd: 0.002368
  step:  48 bond rmsd: 0.002383
  step:  49 bond rmsd: 0.002373
  step:  50 bond rmsd: 0.002374
  step:  51 bond rmsd: 0.002368
  step:  52 bond rmsd: 0.002354
micro_cycle   2 rmsd(b):  0.0024 rws:  1.000 n_fev: 104
  step:   1 bond rmsd: 0.002354
  step:   2 bond rmsd: 0.087974
  step:   3 bond rmsd: 0.019544
  step:   4 bond rmsd: 0.015759
  step:   5 bond rmsd: 0.012738
  step:   6 bond rmsd: 0.010340
  step:   7 bond rmsd: 0.008443
  step:   8 bond rmsd: 0.006949
  step:   9 bond rmsd: 0.005779
  step:  10 bond rmsd: 0.004872
  step:  11 bond rmsd: 0.004174
  step:  12 bond rmsd: 0.003646
  step:  13 bond rmsd: 0.003250
  step:  14 bond rmsd: 0.002958
  step:  15 bond rmsd: 0.002744
  step:  16 bond rmsd: 0.002588
  step:  17 bond rmsd: 0.002475
  step:  18 bond rmsd: 0.002392
  step:  19 bond rmsd: 0.002331
  step:  20 bond rmsd: 0.002284
  step:  21 bond rmsd: 0.002248
  step:  22 bond rmsd: 0.002219
  step:  23 bond rmsd: 0.002194
  step:  24 bond rmsd: 0.002173
  step:  25 bond rmsd: 0.002151
  step:  26 bond rmsd: 0.002129
  step:  27 bond rmsd: 0.002102
  step:  28 bond rmsd: 0.002068
  step:  29 bond rmsd: 0.002022
  step:  30 bond rmsd: 0.001958
  step:  31 bond rmsd: 0.001870
  step:  32 bond rmsd: 0.001772
  step:  33 bond rmsd: 0.001728
  step:  34 bond rmsd: 0.001698
  step:  35 bond rmsd: 0.001786
  step:  36 bond rmsd: 0.001786
  step:  37 bond rmsd: 0.001749
  step:  38 bond rmsd: 0.001727
  step:  39 bond rmsd: 0.001712
  step:  40 bond rmsd: 0.001703
  step:  41 bond rmsd: 0.001698
  step:  42 bond rmsd: 0.001696
  step:  43 bond rmsd: 0.001698
  step:  44 bond rmsd: 0.001704
  step:  45 bond rmsd: 0.001712
  step:  46 bond rmsd: 0.001728
  step:  47 bond rmsd: 0.001743
  step:  48 bond rmsd: 0.001765
  step:  49 bond rmsd: 0.001786
  step:  50 bond rmsd: 0.001815
  step:  51 bond rmsd: 0.001890
  step:  52 bond rmsd: 0.001927
  step:  53 bond rmsd: 0.002128
micro_cycle   3 rmsd(b):  0.0021 rws:  1.000 n_fev: 157
  step:   1 bond rmsd: 0.002128
  step:   2 bond rmsd: 0.093729
  step:   3 bond rmsd: 0.093729
  step:   4 bond rmsd: 0.074975
  step:   5 bond rmsd: 0.059813
  step:   6 bond rmsd: 0.047795
  step:   7 bond rmsd: 0.038249
  step:   8 bond rmsd: 0.030646
  step:   9 bond rmsd: 0.024581
  step:  10 bond rmsd: 0.019738
  step:  11 bond rmsd: 0.015872
  step:  12 bond rmsd: 0.012788
  step:  13 bond rmsd: 0.010332
  step:  14 bond rmsd: 0.008382
  step:  15 bond rmsd: 0.006839
  step:  16 bond rmsd: 0.005626
  step:  17 bond rmsd: 0.004680
  step:  18 bond rmsd: 0.003950
  step:  19 bond rmsd: 0.003395
  step:  20 bond rmsd: 0.002979
  step:  21 bond rmsd: 0.002675
  step:  22 bond rmsd: 0.002455
  step:  23 bond rmsd: 0.002299
  step:  24 bond rmsd: 0.002189
  step:  25 bond rmsd: 0.002112
  step:  26 bond rmsd: 0.002059
  step:  27 bond rmsd: 0.002021
  step:  28 bond rmsd: 0.001994
  step:  29 bond rmsd: 0.001974
  step:  30 bond rmsd: 0.001958
  step:  31 bond rmsd: 0.001946
  step:  32 bond rmsd: 0.001935
  step:  33 bond rmsd: 0.001926
  step:  34 bond rmsd: 0.001916
  step:  35 bond rmsd: 0.001905
  step:  36 bond rmsd: 0.001892
  step:  37 bond rmsd: 0.001877
  step:  38 bond rmsd: 0.001852
  step:  39 bond rmsd: 0.001821
  step:  40 bond rmsd: 0.001781
  step:  41 bond rmsd: 0.001760
  step:  42 bond rmsd: 0.001759
  step:  43 bond rmsd: 0.001754
  step:  44 bond rmsd: 0.001759
  step:  45 bond rmsd: 0.001758
  step:  46 bond rmsd: 0.001769
  step:  47 bond rmsd: 0.001772
  step:  48 bond rmsd: 0.001783
  step:  49 bond rmsd: 0.001789
  step:  50 bond rmsd: 0.001799
  step:  51 bond rmsd: 0.001813
  step:  52 bond rmsd: 0.001828
micro_cycle   4 rmsd(b):  0.0018 rws:  1.000 n_fev: 209
  step:   1 bond rmsd: 0.001828
  step:   2 bond rmsd: 0.058027
  step:   3 bond rmsd: 0.004060
  step:   4 bond rmsd: 0.003440
  step:   5 bond rmsd: 0.002971
  step:   6 bond rmsd: 0.002623
  step:   7 bond rmsd: 0.002369
  step:   8 bond rmsd: 0.002188
  step:   9 bond rmsd: 0.002061
  step:  10 bond rmsd: 0.001973
  step:  11 bond rmsd: 0.001911
  step:  12 bond rmsd: 0.001869
  step:  13 bond rmsd: 0.001840
  step:  14 bond rmsd: 0.001819
  step:  15 bond rmsd: 0.001805
  step:  16 bond rmsd: 0.001794
  step:  17 bond rmsd: 0.001787
  step:  18 bond rmsd: 0.001781
  step:  19 bond rmsd: 0.001776
  step:  20 bond rmsd: 0.001772
  step:  21 bond rmsd: 0.001768
  step:  22 bond rmsd: 0.001764
  step:  23 bond rmsd: 0.001759
  step:  24 bond rmsd: 0.001753
  step:  25 bond rmsd: 0.001745
  step:  26 bond rmsd: 0.001733
  step:  27 bond rmsd: 0.001716
  step:  28 bond rmsd: 0.001694
  step:  29 bond rmsd: 0.001674
  step:  30 bond rmsd: 0.001693
  step:  31 bond rmsd: 0.001689
  step:  32 bond rmsd: 0.001697
  step:  33 bond rmsd: 0.001705
  step:  34 bond rmsd: 0.001714
  step:  35 bond rmsd: 0.001722
  step:  36 bond rmsd: 0.001741
  step:  37 bond rmsd: 0.001756
  step:  38 bond rmsd: 0.001784
  step:  39 bond rmsd: 0.001806
  step:  40 bond rmsd: 0.001844
  step:  41 bond rmsd: 0.001908
  step:  42 bond rmsd: 0.001944
  step:  43 bond rmsd: 0.002065
  step:  44 bond rmsd: 0.002101
  step:  45 bond rmsd: 0.002150
  step:  46 bond rmsd: 0.002211
  step:  47 bond rmsd: 0.002241
  step:  48 bond rmsd: 0.002269
  step:  49 bond rmsd: 0.002258
  step:  50 bond rmsd: 0.002259
  step:  51 bond rmsd: 0.002229
  step:  52 bond rmsd: 0.002229
  step:  53 bond rmsd: 0.002179
micro_cycle   5 rmsd(b):  0.0022 rws:  1.000 n_fev: 262
  step:   1 bond rmsd: 0.002179
  step:   2 bond rmsd: 0.052759
  step:   3 bond rmsd: 0.052759
  step:   4 bond rmsd: 0.042006
  step:   5 bond rmsd: 0.033228
  step:   6 bond rmsd: 0.026397
  step:   7 bond rmsd: 0.021052
  step:   8 bond rmsd: 0.016846
  step:   9 bond rmsd: 0.013526
  step:  10 bond rmsd: 0.010902
  step:  11 bond rmsd: 0.008828
  step:  12 bond rmsd: 0.007192
  step:  13 bond rmsd: 0.005908
  step:  14 bond rmsd: 0.004906
  step:  15 bond rmsd: 0.004131
  step:  16 bond rmsd: 0.003539
  step:  17 bond rmsd: 0.003094
  step:  18 bond rmsd: 0.002764
  step:  19 bond rmsd: 0.002523
  step:  20 bond rmsd: 0.002350
  step:  21 bond rmsd: 0.002226
  step:  22 bond rmsd: 0.002139
  step:  23 bond rmsd: 0.002076
  step:  24 bond rmsd: 0.002031
  step:  25 bond rmsd: 0.001997
  step:  26 bond rmsd: 0.001972
  step:  27 bond rmsd: 0.001951
  step:  28 bond rmsd: 0.001934
  step:  29 bond rmsd: 0.001919
  step:  30 bond rmsd: 0.001903
  step:  31 bond rmsd: 0.001886
  step:  32 bond rmsd: 0.001866
  step:  33 bond rmsd: 0.001839
  step:  34 bond rmsd: 0.001804
  step:  35 bond rmsd: 0.001756
  step:  36 bond rmsd: 0.001682
  step:  37 bond rmsd: 0.001733
  step:  38 bond rmsd: 0.001719
  step:  39 bond rmsd: 0.001704
  step:  40 bond rmsd: 0.001693
  step:  41 bond rmsd: 0.001692
  step:  42 bond rmsd: 0.001692
  step:  43 bond rmsd: 0.001693
  step:  44 bond rmsd: 0.001696
  step:  45 bond rmsd: 0.001695
  step:  46 bond rmsd: 0.001698
  step:  47 bond rmsd: 0.001698
  step:  48 bond rmsd: 0.001700
  step:  49 bond rmsd: 0.001695
  step:  50 bond rmsd: 0.001697
  step:  51 bond rmsd: 0.001689
  step:  52 bond rmsd: 0.001680
micro_cycle   6 rmsd(b):  0.0017 rws:  1.000 n_fev: 314
  step:   1 bond rmsd: 0.001680
  step:   2 bond rmsd: 0.055249
  step:   3 bond rmsd: 0.001930
  step:   4 bond rmsd: 0.001829
  step:   5 bond rmsd: 0.001763
  step:   6 bond rmsd: 0.001720
  step:   7 bond rmsd: 0.001694
  step:   8 bond rmsd: 0.001677
  step:   9 bond rmsd: 0.001666
  step:  10 bond rmsd: 0.001660
  step:  11 bond rmsd: 0.001655
  step:  12 bond rmsd: 0.001652
  step:  13 bond rmsd: 0.001651
  step:  14 bond rmsd: 0.001649
  step:  15 bond rmsd: 0.001648
  step:  16 bond rmsd: 0.001647
  step:  17 bond rmsd: 0.001646
  step:  18 bond rmsd: 0.001645
  step:  19 bond rmsd: 0.001643
  step:  20 bond rmsd: 0.001640
  step:  21 bond rmsd: 0.001635
  step:  22 bond rmsd: 0.001627
  step:  23 bond rmsd: 0.001614
  step:  24 bond rmsd: 0.001595
  step:  25 bond rmsd: 0.001577
  step:  26 bond rmsd: 0.001548
  step:  27 bond rmsd: 0.001545
  step:  28 bond rmsd: 0.001549
  step:  29 bond rmsd: 0.001553
  step:  30 bond rmsd: 0.001555
  step:  31 bond rmsd: 0.001561
  step:  32 bond rmsd: 0.001571
  step:  33 bond rmsd: 0.001584
  step:  34 bond rmsd: 0.001588
  step:  35 bond rmsd: 0.001604
  step:  36 bond rmsd: 0.001617
  step:  37 bond rmsd: 0.001637
  step:  38 bond rmsd: 0.001651
  step:  39 bond rmsd: 0.001670
  step:  40 bond rmsd: 0.001684
  step:  41 bond rmsd: 0.001704
  step:  42 bond rmsd: 0.001715
  step:  43 bond rmsd: 0.001733
  step:  44 bond rmsd: 0.001746
  step:  45 bond rmsd: 0.001748
  step:  46 bond rmsd: 0.001763
  step:  47 bond rmsd: 0.001767
  step:  48 bond rmsd: 0.001777
  step:  49 bond rmsd: 0.001777
  step:  50 bond rmsd: 0.001786
  step:  51 bond rmsd: 0.001788
  step:  52 bond rmsd: 0.001792
micro_cycle   7 rmsd(b):  0.0018 rws:  1.000 n_fev: 366
  step:   1 bond rmsd: 0.001792
  step:   2 bond rmsd: 0.069540
  step:   3 bond rmsd: 0.005385
  step:   4 bond rmsd: 0.004443
  step:   5 bond rmsd: 0.003715
  step:   6 bond rmsd: 0.003160
  step:   7 bond rmsd: 0.002744
  step:   8 bond rmsd: 0.002438
  step:   9 bond rmsd: 0.002218
  step:  10 bond rmsd: 0.002062
  step:  11 bond rmsd: 0.001954
  step:  12 bond rmsd: 0.001879
  step:  13 bond rmsd: 0.001827
  step:  14 bond rmsd: 0.001791
  step:  15 bond rmsd: 0.001766
  step:  16 bond rmsd: 0.001749
  step:  17 bond rmsd: 0.001736
  step:  18 bond rmsd: 0.001726
  step:  19 bond rmsd: 0.001719
  step:  20 bond rmsd: 0.001713
  step:  21 bond rmsd: 0.001708
  step:  22 bond rmsd: 0.001703
  step:  23 bond rmsd: 0.001698
  step:  24 bond rmsd: 0.001692
  step:  25 bond rmsd: 0.001683
  step:  26 bond rmsd: 0.001672
  step:  27 bond rmsd: 0.001654
  step:  28 bond rmsd: 0.001627
  step:  29 bond rmsd: 0.001582
  step:  30 bond rmsd: 0.001566
  step:  31 bond rmsd: 0.001570
  step:  32 bond rmsd: 0.001558
  step:  33 bond rmsd: 0.001553
  step:  34 bond rmsd: 0.001533
  step:  35 bond rmsd: 0.001534
  step:  36 bond rmsd: 0.001535
  step:  37 bond rmsd: 0.001539
  step:  38 bond rmsd: 0.001543
  step:  39 bond rmsd: 0.001550
  step:  40 bond rmsd: 0.001557
  step:  41 bond rmsd: 0.001561
  step:  42 bond rmsd: 0.001579
  step:  43 bond rmsd: 0.001583
  step:  44 bond rmsd: 0.001600
  step:  45 bond rmsd: 0.001605
  step:  46 bond rmsd: 0.001613
  step:  47 bond rmsd: 0.001619
  step:  48 bond rmsd: 0.001626
  step:  49 bond rmsd: 0.001634
  step:  50 bond rmsd: 0.001636
  step:  51 bond rmsd: 0.001644
  step:  52 bond rmsd: 0.001639
micro_cycle   8 rmsd(b):  0.0016 rws:  1.000 n_fev: 418
  step:   1 bond rmsd: 0.001639
  step:   2 bond rmsd: 0.050182
  step:   3 bond rmsd: 0.005392
  step:   4 bond rmsd: 0.004452
  step:   5 bond rmsd: 0.003722
  step:   6 bond rmsd: 0.003162
  step:   7 bond rmsd: 0.002737
  step:   8 bond rmsd: 0.002421
  step:   9 bond rmsd: 0.002189
  step:  10 bond rmsd: 0.002022
  step:  11 bond rmsd: 0.001904
  step:  12 bond rmsd: 0.001821
  step:  13 bond rmsd: 0.001763
  step:  14 bond rmsd: 0.001722
  step:  15 bond rmsd: 0.001693
  step:  16 bond rmsd: 0.001672
  step:  17 bond rmsd: 0.001657
  step:  18 bond rmsd: 0.001646
  step:  19 bond rmsd: 0.001637
  step:  20 bond rmsd: 0.001630
  step:  21 bond rmsd: 0.001625
  step:  22 bond rmsd: 0.001620
  step:  23 bond rmsd: 0.001616
  step:  24 bond rmsd: 0.001612
  step:  25 bond rmsd: 0.001607
  step:  26 bond rmsd: 0.001602
  step:  27 bond rmsd: 0.001596
  step:  28 bond rmsd: 0.001587
  step:  29 bond rmsd: 0.001574
  step:  30 bond rmsd: 0.001557
  step:  31 bond rmsd: 0.001537
  step:  32 bond rmsd: 0.001525
  step:  33 bond rmsd: 0.001514
  step:  34 bond rmsd: 0.001554
  step:  35 bond rmsd: 0.001554
  step:  36 bond rmsd: 0.001539
  step:  37 bond rmsd: 0.001528
  step:  38 bond rmsd: 0.001519
  step:  39 bond rmsd: 0.001513
  step:  40 bond rmsd: 0.001508
  step:  41 bond rmsd: 0.001504
  step:  42 bond rmsd: 0.001502
  step:  43 bond rmsd: 0.001499
  step:  44 bond rmsd: 0.001498
  step:  45 bond rmsd: 0.001496
  step:  46 bond rmsd: 0.001496
  step:  47 bond rmsd: 0.001495
  step:  48 bond rmsd: 0.001496
  step:  49 bond rmsd: 0.001507
  step:  50 bond rmsd: 0.001507
  step:  51 bond rmsd: 0.001509
  step:  52 bond rmsd: 0.001513
  step:  53 bond rmsd: 0.001516
micro_cycle   9 rmsd(b):  0.0015 rws:  1.000 n_fev: 471
  step:   1 bond rmsd: 0.001516
  step:   2 bond rmsd: 0.077776
  step:   3 bond rmsd: 0.001704
  step:   4 bond rmsd: 0.001646
  step:   5 bond rmsd: 0.001607
  step:   6 bond rmsd: 0.001580
  step:   7 bond rmsd: 0.001562
  step:   8 bond rmsd: 0.001549
  step:   9 bond rmsd: 0.001541
  step:  10 bond rmsd: 0.001534
  step:  11 bond rmsd: 0.001530
  step:  12 bond rmsd: 0.001527
  step:  13 bond rmsd: 0.001525
  step:  14 bond rmsd: 0.001523
  step:  15 bond rmsd: 0.001522
  step:  16 bond rmsd: 0.001521
  step:  17 bond rmsd: 0.001520
  step:  18 bond rmsd: 0.001519
  step:  19 bond rmsd: 0.001519
  step:  20 bond rmsd: 0.001518
  step:  21 bond rmsd: 0.001518
  step:  22 bond rmsd: 0.001519
  step:  23 bond rmsd: 0.001520
  step:  24 bond rmsd: 0.001523
  step:  25 bond rmsd: 0.001528
  step:  26 bond rmsd: 0.001534
  step:  27 bond rmsd: 0.001539
  step:  28 bond rmsd: 0.001554
  step:  29 bond rmsd: 0.001558
  step:  30 bond rmsd: 0.001563
  step:  31 bond rmsd: 0.001565
  step:  32 bond rmsd: 0.001569
  step:  33 bond rmsd: 0.001572
  step:  34 bond rmsd: 0.001576
  step:  35 bond rmsd: 0.001580
  step:  36 bond rmsd: 0.001580
  step:  37 bond rmsd: 0.001583
  step:  38 bond rmsd: 0.001582
  step:  39 bond rmsd: 0.001585
  step:  40 bond rmsd: 0.001583
  step:  41 bond rmsd: 0.001584
  step:  42 bond rmsd: 0.001579
  step:  43 bond rmsd: 0.001575
  step:  44 bond rmsd: 0.001578
  step:  45 bond rmsd: 0.001571
  step:  46 bond rmsd: 0.001579
  step:  47 bond rmsd: 0.001573
  step:  48 bond rmsd: 0.001569
  step:  49 bond rmsd: 0.001562
  step:  50 bond rmsd: 0.001555
  step:  51 bond rmsd: 0.001541
  step:  52 bond rmsd: 0.001546
micro_cycle  10 rmsd(b):  0.0015 rws:  1.000 n_fev: 523
  step:   1 bond rmsd: 0.001546
  step:   2 bond rmsd: 0.058812
  step:   3 bond rmsd: 0.006695
  step:   4 bond rmsd: 0.005403
  step:   5 bond rmsd: 0.004388
  step:   6 bond rmsd: 0.003598
  step:   7 bond rmsd: 0.002991
  step:   8 bond rmsd: 0.002534
  step:   9 bond rmsd: 0.002198
  step:  10 bond rmsd: 0.001958
  step:  11 bond rmsd: 0.001793
  step:  12 bond rmsd: 0.001683
  step:  13 bond rmsd: 0.001612
  step:  14 bond rmsd: 0.001568
  step:  15 bond rmsd: 0.001542
  step:  16 bond rmsd: 0.001527
  step:  17 bond rmsd: 0.001519
  step:  18 bond rmsd: 0.001515
  step:  19 bond rmsd: 0.001513
  step:  20 bond rmsd: 0.001514
  step:  21 bond rmsd: 0.001515
  step:  22 bond rmsd: 0.001516
  step:  23 bond rmsd: 0.001518
  step:  24 bond rmsd: 0.001520
  step:  25 bond rmsd: 0.001522
  step:  26 bond rmsd: 0.001525
  step:  27 bond rmsd: 0.001528
  step:  28 bond rmsd: 0.001531
  step:  29 bond rmsd: 0.001535
  step:  30 bond rmsd: 0.001538
  step:  31 bond rmsd: 0.001534
  step:  32 bond rmsd: 0.001536
  step:  33 bond rmsd: 0.001539
  step:  34 bond rmsd: 0.001536
  step:  35 bond rmsd: 0.001539
  step:  36 bond rmsd: 0.001542
  step:  37 bond rmsd: 0.001545
  step:  38 bond rmsd: 0.001548
  step:  39 bond rmsd: 0.001551
  step:  40 bond rmsd: 0.001553
  step:  41 bond rmsd: 0.001555
  step:  42 bond rmsd: 0.001557
  step:  43 bond rmsd: 0.001558
  step:  44 bond rmsd: 0.001561
  step:  45 bond rmsd: 0.001561
  step:  46 bond rmsd: 0.001562
  step:  47 bond rmsd: 0.001561
  step:  48 bond rmsd: 0.001559
  step:  49 bond rmsd: 0.001557
  step:  50 bond rmsd: 0.001552
  step:  51 bond rmsd: 0.001543
  step:  52 bond rmsd: 0.001537
micro_cycle  11 rmsd(b):  0.0015 rws:  1.000 n_fev: 575
  step:   1 bond rmsd: 0.001537
  step:   2 bond rmsd: 0.060264
  step:   3 bond rmsd: 0.001562
  step:   4 bond rmsd: 0.001549
  step:   5 bond rmsd: 0.001541
  step:   6 bond rmsd: 0.001537
  step:   7 bond rmsd: 0.001534
  step:   8 bond rmsd: 0.001533
  step:   9 bond rmsd: 0.001532
  step:  10 bond rmsd: 0.001532
  step:  11 bond rmsd: 0.001532
  step:  12 bond rmsd: 0.001532
  step:  13 bond rmsd: 0.001532
  step:  14 bond rmsd: 0.001532
  step:  15 bond rmsd: 0.001532
  step:  16 bond rmsd: 0.001533
  step:  17 bond rmsd: 0.001533
  step:  18 bond rmsd: 0.001533
  step:  19 bond rmsd: 0.001533
  step:  20 bond rmsd: 0.001532
  step:  21 bond rmsd: 0.001532
  step:  22 bond rmsd: 0.001531
  step:  23 bond rmsd: 0.001529
  step:  24 bond rmsd: 0.001524
  step:  25 bond rmsd: 0.001520
  step:  26 bond rmsd: 0.001517
  step:  27 bond rmsd: 0.001514
  step:  28 bond rmsd: 0.001518
  step:  29 bond rmsd: 0.001516
  step:  30 bond rmsd: 0.001515
  step:  31 bond rmsd: 0.001512
  step:  32 bond rmsd: 0.001511
  step:  33 bond rmsd: 0.001511
  step:  34 bond rmsd: 0.001514
  step:  35 bond rmsd: 0.001514
  step:  36 bond rmsd: 0.001519
  step:  37 bond rmsd: 0.001521
  step:  38 bond rmsd: 0.001528
  step:  39 bond rmsd: 0.001532
  step:  40 bond rmsd: 0.001541
  step:  41 bond rmsd: 0.001548
  step:  42 bond rmsd: 0.001558
  step:  43 bond rmsd: 0.001565
  step:  44 bond rmsd: 0.001579
  step:  45 bond rmsd: 0.001586
  step:  46 bond rmsd: 0.001600
  step:  47 bond rmsd: 0.001606
  step:  48 bond rmsd: 0.001615
  step:  49 bond rmsd: 0.001618
  step:  50 bond rmsd: 0.001629
  step:  51 bond rmsd: 0.001630
  step:  52 bond rmsd: 0.001629
micro_cycle  12 rmsd(b):  0.0016 rws:  1.000 n_fev: 627
  step:   1 bond rmsd: 0.001629
  step:   2 bond rmsd: 0.060526
  step:   3 bond rmsd: 0.003149
  step:   4 bond rmsd: 0.002681
  step:   5 bond rmsd: 0.002336
  step:   6 bond rmsd: 0.002089
  step:   7 bond rmsd: 0.001917
  step:   8 bond rmsd: 0.001800
  step:   9 bond rmsd: 0.001723
  step:  10 bond rmsd: 0.001673
  step:  11 bond rmsd: 0.001641
  step:  12 bond rmsd: 0.001622
  step:  13 bond rmsd: 0.001609
  step:  14 bond rmsd: 0.001602
  step:  15 bond rmsd: 0.001597
  step:  16 bond rmsd: 0.001595
  step:  17 bond rmsd: 0.001593
  step:  18 bond rmsd: 0.001592
  step:  19 bond rmsd: 0.001592
  step:  20 bond rmsd: 0.001592
  step:  21 bond rmsd: 0.001591
  step:  22 bond rmsd: 0.001591
  step:  23 bond rmsd: 0.001590
  step:  24 bond rmsd: 0.001588
  step:  25 bond rmsd: 0.001584
  step:  26 bond rmsd: 0.001578
  step:  27 bond rmsd: 0.001566
  step:  28 bond rmsd: 0.001541
  step:  29 bond rmsd: 0.001533
  step:  30 bond rmsd: 0.001524
  step:  31 bond rmsd: 0.001517
  step:  32 bond rmsd: 0.001515
  step:  33 bond rmsd: 0.001509
  step:  34 bond rmsd: 0.001509
  step:  35 bond rmsd: 0.001507
  step:  36 bond rmsd: 0.001507
  step:  37 bond rmsd: 0.001507
  step:  38 bond rmsd: 0.001507
  step:  39 bond rmsd: 0.001507
  step:  40 bond rmsd: 0.001507
  step:  41 bond rmsd: 0.001508
  step:  42 bond rmsd: 0.001510
  step:  43 bond rmsd: 0.001511
  step:  44 bond rmsd: 0.001515
  step:  45 bond rmsd: 0.001516
  step:  46 bond rmsd: 0.001518
  step:  47 bond rmsd: 0.001519
  step:  48 bond rmsd: 0.001520
  step:  49 bond rmsd: 0.001523
  step:  50 bond rmsd: 0.001525
  step:  51 bond rmsd: 0.001527
  step:  52 bond rmsd: 0.001530
micro_cycle  13 rmsd(b):  0.0015 rws:  1.000 n_fev: 679
  step:   1 bond rmsd: 0.001530
  step:   2 bond rmsd: 0.044312
  step:   3 bond rmsd: 0.001557
  step:   4 bond rmsd: 0.001549
  step:   5 bond rmsd: 0.001543
  step:   6 bond rmsd: 0.001539
  step:   7 bond rmsd: 0.001536
  step:   8 bond rmsd: 0.001533
  step:   9 bond rmsd: 0.001531
  step:  10 bond rmsd: 0.001529
  step:  11 bond rmsd: 0.001528
  step:  12 bond rmsd: 0.001527
  step:  13 bond rmsd: 0.001526
  step:  14 bond rmsd: 0.001525
  step:  15 bond rmsd: 0.001525
  step:  16 bond rmsd: 0.001524
  step:  17 bond rmsd: 0.001523
  step:  18 bond rmsd: 0.001522
  step:  19 bond rmsd: 0.001520
  step:  20 bond rmsd: 0.001518
  step:  21 bond rmsd: 0.001516
  step:  22 bond rmsd: 0.001514
  step:  23 bond rmsd: 0.001508
  step:  24 bond rmsd: 0.001507
  step:  25 bond rmsd: 0.001506
  step:  26 bond rmsd: 0.001510
  step:  27 bond rmsd: 0.001509
  step:  28 bond rmsd: 0.001509
  step:  29 bond rmsd: 0.001510
  step:  30 bond rmsd: 0.001510
  step:  31 bond rmsd: 0.001510
  step:  32 bond rmsd: 0.001514
  step:  33 bond rmsd: 0.001514
  step:  34 bond rmsd: 0.001515
  step:  35 bond rmsd: 0.001514
  step:  36 bond rmsd: 0.001515
  step:  37 bond rmsd: 0.001516
  step:  38 bond rmsd: 0.001519
  step:  39 bond rmsd: 0.001521
  step:  40 bond rmsd: 0.001527
  step:  41 bond rmsd: 0.001531
  step:  42 bond rmsd: 0.001534
  step:  43 bond rmsd: 0.001542
  step:  44 bond rmsd: 0.001546
  step:  45 bond rmsd: 0.001560
  step:  46 bond rmsd: 0.001564
  step:  47 bond rmsd: 0.001569
  step:  48 bond rmsd: 0.001575
  step:  49 bond rmsd: 0.001578
  step:  50 bond rmsd: 0.001585
  step:  51 bond rmsd: 0.001587
  step:  52 bond rmsd: 0.001591
micro_cycle  14 rmsd(b):  0.0016 rws:  1.000 n_fev: 731
  step:   1 bond rmsd: 0.001591
  step:   2 bond rmsd: 0.060248
  step:   3 bond rmsd: 0.002627
  step:   4 bond rmsd: 0.002288
  step:   5 bond rmsd: 0.002045
  step:   6 bond rmsd: 0.001876
  step:   7 bond rmsd: 0.001762
  step:   8 bond rmsd: 0.001687
  step:   9 bond rmsd: 0.001639
  step:  10 bond rmsd: 0.001609
  step:  11 bond rmsd: 0.001591
  step:  12 bond rmsd: 0.001579
  step:  13 bond rmsd: 0.001573
  step:  14 bond rmsd: 0.001569
  step:  15 bond rmsd: 0.001567
  step:  16 bond rmsd: 0.001566
  step:  17 bond rmsd: 0.001565
  step:  18 bond rmsd: 0.001565
  step:  19 bond rmsd: 0.001565
  step:  20 bond rmsd: 0.001565
  step:  21 bond rmsd: 0.001565
  step:  22 bond rmsd: 0.001564
  step:  23 bond rmsd: 0.001564
  step:  24 bond rmsd: 0.001562
  step:  25 bond rmsd: 0.001560
  step:  26 bond rmsd: 0.001555
  step:  27 bond rmsd: 0.001546
  step:  28 bond rmsd: 0.001530
  step:  29 bond rmsd: 0.001524
  step:  30 bond rmsd: 0.001517
  step:  31 bond rmsd: 0.001513
  step:  32 bond rmsd: 0.001503
  step:  33 bond rmsd: 0.001503
  step:  34 bond rmsd: 0.001501
  step:  35 bond rmsd: 0.001500
  step:  36 bond rmsd: 0.001499
  step:  37 bond rmsd: 0.001498
  step:  38 bond rmsd: 0.001498
  step:  39 bond rmsd: 0.001498
  step:  40 bond rmsd: 0.001498
  step:  41 bond rmsd: 0.001498
  step:  42 bond rmsd: 0.001498
  step:  43 bond rmsd: 0.001497
  step:  44 bond rmsd: 0.001497
  step:  45 bond rmsd: 0.001497
  step:  46 bond rmsd: 0.001496
  step:  47 bond rmsd: 0.001498
  step:  48 bond rmsd: 0.001498
  step:  49 bond rmsd: 0.001500
  step:  50 bond rmsd: 0.001502
  step:  51 bond rmsd: 0.001502
  step:  52 bond rmsd: 0.001505
  step:  53 bond rmsd: 0.001507
micro_cycle  15 rmsd(b):  0.0015 rws:  1.000 n_fev: 784
  step:   1 bond rmsd: 0.001507
  step:   2 bond rmsd: 0.085722
  step:   3 bond rmsd: 0.001536
  step:   4 bond rmsd: 0.001528
  step:   5 bond rmsd: 0.001523
  step:   6 bond rmsd: 0.001519
  step:   7 bond rmsd: 0.001516
  step:   8 bond rmsd: 0.001514
  step:   9 bond rmsd: 0.001513
  step:  10 bond rmsd: 0.001511
  step:  11 bond rmsd: 0.001510
  step:  12 bond rmsd: 0.001510
  step:  13 bond rmsd: 0.001509
  step:  14 bond rmsd: 0.001509
  step:  15 bond rmsd: 0.001508
  step:  16 bond rmsd: 0.001508
  step:  17 bond rmsd: 0.001507
  step:  18 bond rmsd: 0.001507
  step:  19 bond rmsd: 0.001506
  step:  20 bond rmsd: 0.001506
  step:  21 bond rmsd: 0.001506
  step:  22 bond rmsd: 0.001507
  step:  23 bond rmsd: 0.001507
  step:  24 bond rmsd: 0.001508
  step:  25 bond rmsd: 0.001509
  step:  26 bond rmsd: 0.001509
  step:  27 bond rmsd: 0.001509
  step:  28 bond rmsd: 0.001510
  step:  29 bond rmsd: 0.001510
  step:  30 bond rmsd: 0.001511
  step:  31 bond rmsd: 0.001512
  step:  32 bond rmsd: 0.001513
  step:  33 bond rmsd: 0.001513
  step:  34 bond rmsd: 0.001515
  step:  35 bond rmsd: 0.001515
  step:  36 bond rmsd: 0.001516
  step:  37 bond rmsd: 0.001516
  step:  38 bond rmsd: 0.001518
  step:  39 bond rmsd: 0.001518
  step:  40 bond rmsd: 0.001518
  step:  41 bond rmsd: 0.001519
  step:  42 bond rmsd: 0.001521
  step:  43 bond rmsd: 0.001521
  step:  44 bond rmsd: 0.001526
  step:  45 bond rmsd: 0.001525
  step:  46 bond rmsd: 0.001525
  step:  47 bond rmsd: 0.001522
  step:  48 bond rmsd: 0.001521
  step:  49 bond rmsd: 0.001520
  step:  50 bond rmsd: 0.001518
  step:  51 bond rmsd: 0.001519
  step:  52 bond rmsd: 0.001516
  step:  53 bond rmsd: 0.001517
micro_cycle  16 rmsd(b):  0.0015 rws:  1.000 n_fev: 837
  step:   1 bond rmsd: 0.001517
  step:   2 bond rmsd: 0.045484
  step:   3 bond rmsd: 0.007990
  step:   4 bond rmsd: 0.006480
  step:   5 bond rmsd: 0.005285
  step:   6 bond rmsd: 0.004348
  step:   7 bond rmsd: 0.003619
  step:   8 bond rmsd: 0.003057
  step:   9 bond rmsd: 0.002631
  step:  10 bond rmsd: 0.002313
  step:  11 bond rmsd: 0.002079
  step:  12 bond rmsd: 0.001911
  step:  13 bond rmsd: 0.001792
  step:  14 bond rmsd: 0.001709
  step:  15 bond rmsd: 0.001652
  step:  16 bond rmsd: 0.001612
  step:  17 bond rmsd: 0.001584
  step:  18 bond rmsd: 0.001565
  step:  19 bond rmsd: 0.001552
  step:  20 bond rmsd: 0.001542
  step:  21 bond rmsd: 0.001535
  step:  22 bond rmsd: 0.001530
  step:  23 bond rmsd: 0.001526
  step:  24 bond rmsd: 0.001524
  step:  25 bond rmsd: 0.001521
  step:  26 bond rmsd: 0.001519
  step:  27 bond rmsd: 0.001518
  step:  28 bond rmsd: 0.001517
  step:  29 bond rmsd: 0.001515
  step:  30 bond rmsd: 0.001514
  step:  31 bond rmsd: 0.001513
  step:  32 bond rmsd: 0.001511
  step:  33 bond rmsd: 0.001510
  step:  34 bond rmsd: 0.001509
  step:  35 bond rmsd: 0.001508
  step:  36 bond rmsd: 0.001509
  step:  37 bond rmsd: 0.001508
  step:  38 bond rmsd: 0.001510
  step:  39 bond rmsd: 0.001511
  step:  40 bond rmsd: 0.001510
  step:  41 bond rmsd: 0.001511
  step:  42 bond rmsd: 0.001512
  step:  43 bond rmsd: 0.001512
  step:  44 bond rmsd: 0.001513
  step:  45 bond rmsd: 0.001513
  step:  46 bond rmsd: 0.001515
  step:  47 bond rmsd: 0.001515
  step:  48 bond rmsd: 0.001516
  step:  49 bond rmsd: 0.001516
  step:  50 bond rmsd: 0.001516
  step:  51 bond rmsd: 0.001515
  step:  52 bond rmsd: 0.001515
micro_cycle  17 rmsd(b):  0.0015 rws:  1.000 n_fev: 889
  step:   1 bond rmsd: 0.001515
  step:   2 bond rmsd: 0.070239
  step:   3 bond rmsd: 0.001552
  step:   4 bond rmsd: 0.001539
  step:   5 bond rmsd: 0.001530
  step:   6 bond rmsd: 0.001525
  step:   7 bond rmsd: 0.001521
  step:   8 bond rmsd: 0.001518
  step:   9 bond rmsd: 0.001517
  step:  10 bond rmsd: 0.001516
  step:  11 bond rmsd: 0.001515
  step:  12 bond rmsd: 0.001514
  step:  13 bond rmsd: 0.001514
  step:  14 bond rmsd: 0.001514
  step:  15 bond rmsd: 0.001513
  step:  16 bond rmsd: 0.001513
  step:  17 bond rmsd: 0.001513
  step:  18 bond rmsd: 0.001513
  step:  19 bond rmsd: 0.001513
  step:  20 bond rmsd: 0.001512
  step:  21 bond rmsd: 0.001512
  step:  22 bond rmsd: 0.001512
  step:  23 bond rmsd: 0.001511
  step:  24 bond rmsd: 0.001510
  step:  25 bond rmsd: 0.001508
  step:  26 bond rmsd: 0.001507
  step:  27 bond rmsd: 0.001504
  step:  28 bond rmsd: 0.001503
  step:  29 bond rmsd: 0.001503
  step:  30 bond rmsd: 0.001501
  step:  31 bond rmsd: 0.001501
  step:  32 bond rmsd: 0.001501
  step:  33 bond rmsd: 0.001502
  step:  34 bond rmsd: 0.001503
  step:  35 bond rmsd: 0.001505
  step:  36 bond rmsd: 0.001506
  step:  37 bond rmsd: 0.001506
  step:  38 bond rmsd: 0.001509
  step:  39 bond rmsd: 0.001511
  step:  40 bond rmsd: 0.001510
  step:  41 bond rmsd: 0.001513
  step:  42 bond rmsd: 0.001517
  step:  43 bond rmsd: 0.001522
  step:  44 bond rmsd: 0.001526
  step:  45 bond rmsd: 0.001537
  step:  46 bond rmsd: 0.001540
  step:  47 bond rmsd: 0.001547
  step:  48 bond rmsd: 0.001552
  step:  49 bond rmsd: 0.001557
  step:  50 bond rmsd: 0.001561
  step:  51 bond rmsd: 0.001565
  step:  52 bond rmsd: 0.001569
micro_cycle  18 rmsd(b):  0.0016 rws:  1.000 n_fev: 941
  step:   1 bond rmsd: 0.001569
  step:   2 bond rmsd: 0.055232
  step:   3 bond rmsd: 0.002045
  step:   4 bond rmsd: 0.001897
  step:   5 bond rmsd: 0.001794
  step:   6 bond rmsd: 0.001722
  step:   7 bond rmsd: 0.001673
  step:   8 bond rmsd: 0.001640
  step:   9 bond rmsd: 0.001617
  step:  10 bond rmsd: 0.001601
  step:  11 bond rmsd: 0.001590
  step:  12 bond rmsd: 0.001582
  step:  13 bond rmsd: 0.001576
  step:  14 bond rmsd: 0.001572
  step:  15 bond rmsd: 0.001569
  step:  16 bond rmsd: 0.001566
  step:  17 bond rmsd: 0.001564
  step:  18 bond rmsd: 0.001562
  step:  19 bond rmsd: 0.001561
  step:  20 bond rmsd: 0.001559
  step:  21 bond rmsd: 0.001557
  step:  22 bond rmsd: 0.001555
  step:  23 bond rmsd: 0.001553
  step:  24 bond rmsd: 0.001549
  step:  25 bond rmsd: 0.001543
  step:  26 bond rmsd: 0.001535
  step:  27 bond rmsd: 0.001522
  step:  28 bond rmsd: 0.001516
  step:  29 bond rmsd: 0.001511
  step:  30 bond rmsd: 0.001518
  step:  31 bond rmsd: 0.001513
  step:  32 bond rmsd: 0.001509
  step:  33 bond rmsd: 0.001506
  step:  34 bond rmsd: 0.001503
  step:  35 bond rmsd: 0.001502
  step:  36 bond rmsd: 0.001501
  step:  37 bond rmsd: 0.001499
  step:  38 bond rmsd: 0.001499
  step:  39 bond rmsd: 0.001498
  step:  40 bond rmsd: 0.001498
  step:  41 bond rmsd: 0.001497
  step:  42 bond rmsd: 0.001497
  step:  43 bond rmsd: 0.001497
  step:  44 bond rmsd: 0.001497
  step:  45 bond rmsd: 0.001497
  step:  46 bond rmsd: 0.001498
  step:  47 bond rmsd: 0.001499
  step:  48 bond rmsd: 0.001499
  step:  49 bond rmsd: 0.001501
  step:  50 bond rmsd: 0.001502
  step:  51 bond rmsd: 0.001505
  step:  52 bond rmsd: 0.001506
micro_cycle  19 rmsd(b):  0.0015 rws:  1.000 n_fev: 993
  step:   1 bond rmsd: 0.001506
  step:   2 bond rmsd: 0.061133
  step:   3 bond rmsd: 0.001506
  step:   4 bond rmsd: 0.001505
  step:   5 bond rmsd: 0.001505
  step:   6 bond rmsd: 0.001505
  step:   7 bond rmsd: 0.001505
  step:   8 bond rmsd: 0.001505
  step:   9 bond rmsd: 0.001505
  step:  10 bond rmsd: 0.001505
  step:  11 bond rmsd: 0.001505
  step:  12 bond rmsd: 0.001505
  step:  13 bond rmsd: 0.001505
  step:  14 bond rmsd: 0.001505
  step:  15 bond rmsd: 0.001505
  step:  16 bond rmsd: 0.001505
  step:  17 bond rmsd: 0.001505
  step:  18 bond rmsd: 0.001505
  step:  19 bond rmsd: 0.001504
  step:  20 bond rmsd: 0.001505
  step:  21 bond rmsd: 0.001505
  step:  22 bond rmsd: 0.001505
  step:  23 bond rmsd: 0.001505
  step:  24 bond rmsd: 0.001506
  step:  25 bond rmsd: 0.001506
  step:  26 bond rmsd: 0.001509
  step:  27 bond rmsd: 0.001509
  step:  28 bond rmsd: 0.001510
  step:  29 bond rmsd: 0.001510
  step:  30 bond rmsd: 0.001512
  step:  31 bond rmsd: 0.001513
  step:  32 bond rmsd: 0.001513
  step:  33 bond rmsd: 0.001517
  step:  34 bond rmsd: 0.001517
  step:  35 bond rmsd: 0.001518
  step:  36 bond rmsd: 0.001519
  step:  37 bond rmsd: 0.001520
  step:  38 bond rmsd: 0.001519
  step:  39 bond rmsd: 0.001520
  step:  40 bond rmsd: 0.001523
  step:  41 bond rmsd: 0.001524
  step:  42 bond rmsd: 0.001527
  step:  43 bond rmsd: 0.001532
  step:  44 bond rmsd: 0.001537
  step:  45 bond rmsd: 0.001540
  step:  46 bond rmsd: 0.001556
  step:  47 bond rmsd: 0.001561
  step:  48 bond rmsd: 0.001563
  step:  49 bond rmsd: 0.001566
  step:  50 bond rmsd: 0.001573
  step:  51 bond rmsd: 0.001571
  step:  52 bond rmsd: 0.001576
micro_cycle  20 rmsd(b):  0.0016 rws:  1.000 n_fev: 1045
  step:   1 bond rmsd: 0.001576
  step:   2 bond rmsd: 0.054528
  step:   3 bond rmsd: 0.002310
  step:   4 bond rmsd: 0.002067
  step:   5 bond rmsd: 0.001896
  step:   6 bond rmsd: 0.001779
  step:   7 bond rmsd: 0.001701
  step:   8 bond rmsd: 0.001649
  step:   9 bond rmsd: 0.001615
  step:  10 bond rmsd: 0.001594
  step:  11 bond rmsd: 0.001580
  step:  12 bond rmsd: 0.001571
  step:  13 bond rmsd: 0.001565
  step:  14 bond rmsd: 0.001561
  step:  15 bond rmsd: 0.001559
  step:  16 bond rmsd: 0.001557
  step:  17 bond rmsd: 0.001556
  step:  18 bond rmsd: 0.001555
  step:  19 bond rmsd: 0.001554
  step:  20 bond rmsd: 0.001553
  step:  21 bond rmsd: 0.001552
  step:  22 bond rmsd: 0.001551
  step:  23 bond rmsd: 0.001549
  step:  24 bond rmsd: 0.001546
  step:  25 bond rmsd: 0.001542
  step:  26 bond rmsd: 0.001535
  step:  27 bond rmsd: 0.001526
  step:  28 bond rmsd: 0.001521
  step:  29 bond rmsd: 0.001517
  step:  30 bond rmsd: 0.001504
  step:  31 bond rmsd: 0.001503
  step:  32 bond rmsd: 0.001502
  step:  33 bond rmsd: 0.001502
  step:  34 bond rmsd: 0.001502
  step:  35 bond rmsd: 0.001502
  step:  36 bond rmsd: 0.001502
  step:  37 bond rmsd: 0.001502
  step:  38 bond rmsd: 0.001503
  step:  39 bond rmsd: 0.001502
  step:  40 bond rmsd: 0.001502
  step:  41 bond rmsd: 0.001501
  step:  42 bond rmsd: 0.001501
  step:  43 bond rmsd: 0.001500
  step:  44 bond rmsd: 0.001499
  step:  45 bond rmsd: 0.001498
  step:  46 bond rmsd: 0.001503
  step:  47 bond rmsd: 0.001502
  step:  48 bond rmsd: 0.001502
  step:  49 bond rmsd: 0.001499
  step:  50 bond rmsd: 0.001500
  step:  51 bond rmsd: 0.001500
  step:  52 bond rmsd: 0.001501
micro_cycle  21 rmsd(b):  0.0015 rws:  1.000 n_fev: 1097
  step:   1 bond rmsd: 0.001501
  step:   2 bond rmsd: 0.078233
  step:   3 bond rmsd: 0.001514
  step:   4 bond rmsd: 0.001511
  step:   5 bond rmsd: 0.001509
  step:   6 bond rmsd: 0.001508
  step:   7 bond rmsd: 0.001507
  step:   8 bond rmsd: 0.001506
  step:   9 bond rmsd: 0.001505
  step:  10 bond rmsd: 0.001504
  step:  11 bond rmsd: 0.001504
  step:  12 bond rmsd: 0.001503
  step:  13 bond rmsd: 0.001503
  step:  14 bond rmsd: 0.001502
  step:  15 bond rmsd: 0.001502
  step:  16 bond rmsd: 0.001502
  step:  17 bond rmsd: 0.001502
  step:  18 bond rmsd: 0.001503
  step:  19 bond rmsd: 0.001505
  step:  20 bond rmsd: 0.001513
  step:  21 bond rmsd: 0.001514
  step:  22 bond rmsd: 0.001515
  step:  23 bond rmsd: 0.001515
  step:  24 bond rmsd: 0.001515
  step:  25 bond rmsd: 0.001515
  step:  26 bond rmsd: 0.001514
  step:  27 bond rmsd: 0.001514
  step:  28 bond rmsd: 0.001514
  step:  29 bond rmsd: 0.001514
  step:  30 bond rmsd: 0.001514
  step:  31 bond rmsd: 0.001514
  step:  32 bond rmsd: 0.001514
  step:  33 bond rmsd: 0.001515
  step:  34 bond rmsd: 0.001514
  step:  35 bond rmsd: 0.001514
  step:  36 bond rmsd: 0.001513
  step:  37 bond rmsd: 0.001512
  step:  38 bond rmsd: 0.001510
  step:  39 bond rmsd: 0.001509
  step:  40 bond rmsd: 0.001506
  step:  41 bond rmsd: 0.001505
  step:  42 bond rmsd: 0.001503
  step:  43 bond rmsd: 0.001500
  step:  44 bond rmsd: 0.001501
  step:  45 bond rmsd: 0.001498
  step:  46 bond rmsd: 0.001497
  step:  47 bond rmsd: 0.001493
  step:  48 bond rmsd: 0.001492
  step:  49 bond rmsd: 0.001490
  step:  50 bond rmsd: 0.001486
  step:  51 bond rmsd: 0.001485
  step:  52 bond rmsd: 0.001478
micro_cycle  22 rmsd(b):  0.0015 rws:  1.000 n_fev: 1149
  step:   1 bond rmsd: 0.001478
  step:   2 bond rmsd: 0.050696
  step:   3 bond rmsd: 0.003556
  step:   4 bond rmsd: 0.003007
  step:   5 bond rmsd: 0.002590
  step:   6 bond rmsd: 0.002278
  step:   7 bond rmsd: 0.002048
  step:   8 bond rmsd: 0.001882
  step:   9 bond rmsd: 0.001764
  step:  10 bond rmsd: 0.001681
  step:  11 bond rmsd: 0.001623
  step:  12 bond rmsd: 0.001583
  step:  13 bond rmsd: 0.001555
  step:  14 bond rmsd: 0.001535
  step:  15 bond rmsd: 0.001521
  step:  16 bond rmsd: 0.001512
  step:  17 bond rmsd: 0.001505
  step:  18 bond rmsd: 0.001499
  step:  19 bond rmsd: 0.001496
  step:  20 bond rmsd: 0.001493
  step:  21 bond rmsd: 0.001491
  step:  22 bond rmsd: 0.001489
  step:  23 bond rmsd: 0.001487
  step:  24 bond rmsd: 0.001486
  step:  25 bond rmsd: 0.001486
  step:  26 bond rmsd: 0.001485
  step:  27 bond rmsd: 0.001484
  step:  28 bond rmsd: 0.001484
  step:  29 bond rmsd: 0.001483
  step:  30 bond rmsd: 0.001483
  step:  31 bond rmsd: 0.001485
  step:  32 bond rmsd: 0.001488
  step:  33 bond rmsd: 0.001491
  step:  34 bond rmsd: 0.001494
  step:  35 bond rmsd: 0.001498
  step:  36 bond rmsd: 0.001501
  step:  37 bond rmsd: 0.001504
  step:  38 bond rmsd: 0.001506
  step:  39 bond rmsd: 0.001511
  step:  40 bond rmsd: 0.001512
  step:  41 bond rmsd: 0.001513
  step:  42 bond rmsd: 0.001515
  step:  43 bond rmsd: 0.001516
  step:  44 bond rmsd: 0.001518
  step:  45 bond rmsd: 0.001516
  step:  46 bond rmsd: 0.001517
  step:  47 bond rmsd: 0.001524
  step:  48 bond rmsd: 0.001524
  step:  49 bond rmsd: 0.001522
  step:  50 bond rmsd: 0.001523
  step:  51 bond rmsd: 0.001522
  step:  52 bond rmsd: 0.001521
micro_cycle  23 rmsd(b):  0.0015 rws:  1.000 n_fev: 1201
  step:   1 bond rmsd: 0.001521
  step:   2 bond rmsd: 0.054006
  step:   3 bond rmsd: 0.001507
  step:   4 bond rmsd: 0.001509
  step:   5 bond rmsd: 0.001510
  step:   6 bond rmsd: 0.001511
  step:   7 bond rmsd: 0.001513
  step:   8 bond rmsd: 0.001513
  step:   9 bond rmsd: 0.001514
  step:  10 bond rmsd: 0.001515
  step:  11 bond rmsd: 0.001516
  step:  12 bond rmsd: 0.001516
  step:  13 bond rmsd: 0.001517
  step:  14 bond rmsd: 0.001517
  step:  15 bond rmsd: 0.001518
  step:  16 bond rmsd: 0.001518
  step:  17 bond rmsd: 0.001518
  step:  18 bond rmsd: 0.001518
  step:  19 bond rmsd: 0.001518
  step:  20 bond rmsd: 0.001517
  step:  21 bond rmsd: 0.001514
  step:  22 bond rmsd: 0.001511
  step:  23 bond rmsd: 0.001509
  step:  24 bond rmsd: 0.001505
  step:  25 bond rmsd: 0.001504
  step:  26 bond rmsd: 0.001502
  step:  27 bond rmsd: 0.001502
  step:  28 bond rmsd: 0.001500
  step:  29 bond rmsd: 0.001499
  step:  30 bond rmsd: 0.001499
  step:  31 bond rmsd: 0.001499
  step:  32 bond rmsd: 0.001499
  step:  33 bond rmsd: 0.001499
  step:  34 bond rmsd: 0.001500
  step:  35 bond rmsd: 0.001501
  step:  36 bond rmsd: 0.001501
  step:  37 bond rmsd: 0.001503
  step:  38 bond rmsd: 0.001503
  step:  39 bond rmsd: 0.001505
  step:  40 bond rmsd: 0.001506
  step:  41 bond rmsd: 0.001507
  step:  42 bond rmsd: 0.001508
  step:  43 bond rmsd: 0.001509
  step:  44 bond rmsd: 0.001510
  step:  45 bond rmsd: 0.001511
  step:  46 bond rmsd: 0.001512
  step:  47 bond rmsd: 0.001513
  step:  48 bond rmsd: 0.001511
  step:  49 bond rmsd: 0.001513
  step:  50 bond rmsd: 0.001514
  step:  51 bond rmsd: 0.001517
  step:  52 bond rmsd: 0.001519
micro_cycle  24 rmsd(b):  0.0015 rws:  1.000 n_fev: 1253
  step:   1 bond rmsd: 0.001519
  step:   2 bond rmsd: 0.047753
  step:   3 bond rmsd: 0.001748
  step:   4 bond rmsd: 0.001682
  step:   5 bond rmsd: 0.001637
  step:   6 bond rmsd: 0.001604
  step:   7 bond rmsd: 0.001581
  step:   8 bond rmsd: 0.001565
  step:   9 bond rmsd: 0.001553
  step:  10 bond rmsd: 0.001544
  step:  11 bond rmsd: 0.001538
  step:  12 bond rmsd: 0.001533
  step:  13 bond rmsd: 0.001529
  step:  14 bond rmsd: 0.001526
  step:  15 bond rmsd: 0.001523
  step:  16 bond rmsd: 0.001521
  step:  17 bond rmsd: 0.001519
  step:  18 bond rmsd: 0.001518
  step:  19 bond rmsd: 0.001516
  step:  20 bond rmsd: 0.001514
  step:  21 bond rmsd: 0.001513
  step:  22 bond rmsd: 0.001511
  step:  23 bond rmsd: 0.001508
  step:  24 bond rmsd: 0.001506
  step:  25 bond rmsd: 0.001504
  step:  26 bond rmsd: 0.001503
  step:  27 bond rmsd: 0.001502
  step:  28 bond rmsd: 0.001501
  step:  29 bond rmsd: 0.001499
  step:  30 bond rmsd: 0.001499
  step:  31 bond rmsd: 0.001498
  step:  32 bond rmsd: 0.001503
  step:  33 bond rmsd: 0.001502
  step:  34 bond rmsd: 0.001501
  step:  35 bond rmsd: 0.001500
  step:  36 bond rmsd: 0.001499
  step:  37 bond rmsd: 0.001498
  step:  38 bond rmsd: 0.001497
  step:  39 bond rmsd: 0.001496
  step:  40 bond rmsd: 0.001496
  step:  41 bond rmsd: 0.001495
  step:  42 bond rmsd: 0.001495
  step:  43 bond rmsd: 0.001495
  step:  44 bond rmsd: 0.001495
  step:  45 bond rmsd: 0.001495
  step:  46 bond rmsd: 0.001497
  step:  47 bond rmsd: 0.001498
  step:  48 bond rmsd: 0.001499
  step:  49 bond rmsd: 0.001500
  step:  50 bond rmsd: 0.001503
  step:  51 bond rmsd: 0.001506
  step:  52 bond rmsd: 0.001509
micro_cycle  25 rmsd(b):  0.0015 rws:  1.000 n_fev: 1305
  step:   1 bond rmsd: 0.001509
  step:   2 bond rmsd: 0.047561
  step:   3 bond rmsd: 0.001518
  step:   4 bond rmsd: 0.001516
  step:   5 bond rmsd: 0.001514
  step:   6 bond rmsd: 0.001513
  step:   7 bond rmsd: 0.001512
  step:   8 bond rmsd: 0.001511
  step:   9 bond rmsd: 0.001511
  step:  10 bond rmsd: 0.001511
  step:  11 bond rmsd: 0.001510
  step:  12 bond rmsd: 0.001510
  step:  13 bond rmsd: 0.001510
  step:  14 bond rmsd: 0.001510
  step:  15 bond rmsd: 0.001510
  step:  16 bond rmsd: 0.001511
  step:  17 bond rmsd: 0.001511
  step:  18 bond rmsd: 0.001512
  step:  19 bond rmsd: 0.001513
  step:  20 bond rmsd: 0.001513
  step:  21 bond rmsd: 0.001513
  step:  22 bond rmsd: 0.001515
  step:  23 bond rmsd: 0.001515
  step:  24 bond rmsd: 0.001515
  step:  25 bond rmsd: 0.001515
  step:  26 bond rmsd: 0.001515
  step:  27 bond rmsd: 0.001514
  step:  28 bond rmsd: 0.001512
  step:  29 bond rmsd: 0.001512
  step:  30 bond rmsd: 0.001510
  step:  31 bond rmsd: 0.001508
  step:  32 bond rmsd: 0.001506
  step:  33 bond rmsd: 0.001504
  step:  34 bond rmsd: 0.001502
  step:  35 bond rmsd: 0.001499
  step:  36 bond rmsd: 0.001497
  step:  37 bond rmsd: 0.001496
  step:  38 bond rmsd: 0.001493
  step:  39 bond rmsd: 0.001490
  step:  40 bond rmsd: 0.001487
  step:  41 bond rmsd: 0.001485
  step:  42 bond rmsd: 0.001481
  step:  43 bond rmsd: 0.001481
  step:  44 bond rmsd: 0.001478
  step:  45 bond rmsd: 0.001476
  step:  46 bond rmsd: 0.001475
  step:  47 bond rmsd: 0.001474
  step:  48 bond rmsd: 0.001474
  step:  49 bond rmsd: 0.001473
  step:  50 bond rmsd: 0.001473
  step:  51 bond rmsd: 0.001473
  step:  52 bond rmsd: 0.001475
micro_cycle  26 rmsd(b):  0.0015 rws:  1.000 n_fev: 1357
  step:   1 bond rmsd: 0.001475
  step:   2 bond rmsd: 0.050213
  step:   3 bond rmsd: 0.001801
  step:   4 bond rmsd: 0.001706
  step:   5 bond rmsd: 0.001639
  step:   6 bond rmsd: 0.001592
  step:   7 bond rmsd: 0.001560
  step:   8 bond rmsd: 0.001537
  step:   9 bond rmsd: 0.001521
  step:  10 bond rmsd: 0.001510
  step:  11 bond rmsd: 0.001502
  step:  12 bond rmsd: 0.001496
  step:  13 bond rmsd: 0.001491
  step:  14 bond rmsd: 0.001488
  step:  15 bond rmsd: 0.001486
  step:  16 bond rmsd: 0.001484
  step:  17 bond rmsd: 0.001482
  step:  18 bond rmsd: 0.001481
  step:  19 bond rmsd: 0.001480
  step:  20 bond rmsd: 0.001479
  step:  21 bond rmsd: 0.001478
  step:  22 bond rmsd: 0.001478
  step:  23 bond rmsd: 0.001477
  step:  24 bond rmsd: 0.001477
  step:  25 bond rmsd: 0.001476
  step:  26 bond rmsd: 0.001477
  step:  27 bond rmsd: 0.001478
  step:  28 bond rmsd: 0.001480
  step:  29 bond rmsd: 0.001483
  step:  30 bond rmsd: 0.001487
  step:  31 bond rmsd: 0.001488
  step:  32 bond rmsd: 0.001490
  step:  33 bond rmsd: 0.001493
  step:  34 bond rmsd: 0.001496
  step:  35 bond rmsd: 0.001498
  step:  36 bond rmsd: 0.001500
  step:  37 bond rmsd: 0.001501
  step:  38 bond rmsd: 0.001503
  step:  39 bond rmsd: 0.001505
  step:  40 bond rmsd: 0.001506
  step:  41 bond rmsd: 0.001508
  step:  42 bond rmsd: 0.001510
  step:  43 bond rmsd: 0.001511
  step:  44 bond rmsd: 0.001512
  step:  45 bond rmsd: 0.001513
  step:  46 bond rmsd: 0.001514
  step:  47 bond rmsd: 0.001513
  step:  48 bond rmsd: 0.001513
  step:  49 bond rmsd: 0.001513
  step:  50 bond rmsd: 0.001513
  step:  51 bond rmsd: 0.001510
  step:  52 bond rmsd: 0.001510
micro_cycle  27 rmsd(b):  0.0015 rws:  1.000 n_fev: 1409
  step:   1 bond rmsd: 0.001510
  step:   2 bond rmsd: 0.048699
  step:   3 bond rmsd: 0.001549
  step:   4 bond rmsd: 0.001540
  step:   5 bond rmsd: 0.001533
  step:   6 bond rmsd: 0.001528
  step:   7 bond rmsd: 0.001525
  step:   8 bond rmsd: 0.001522
  step:   9 bond rmsd: 0.001520
  step:  10 bond rmsd: 0.001518
  step:  11 bond rmsd: 0.001517
  step:  12 bond rmsd: 0.001515
  step:  13 bond rmsd: 0.001515
  step:  14 bond rmsd: 0.001514
  step:  15 bond rmsd: 0.001513
  step:  16 bond rmsd: 0.001513
  step:  17 bond rmsd: 0.001512
  step:  18 bond rmsd: 0.001512
  step:  19 bond rmsd: 0.001511
  step:  20 bond rmsd: 0.001510
  step:  21 bond rmsd: 0.001510
  step:  22 bond rmsd: 0.001509
  step:  23 bond rmsd: 0.001508
  step:  24 bond rmsd: 0.001507
  step:  25 bond rmsd: 0.001507
  step:  26 bond rmsd: 0.001507
  step:  27 bond rmsd: 0.001507
  step:  28 bond rmsd: 0.001504
  step:  29 bond rmsd: 0.001504
  step:  30 bond rmsd: 0.001502
  step:  31 bond rmsd: 0.001501
  step:  32 bond rmsd: 0.001501
  step:  33 bond rmsd: 0.001500
  step:  34 bond rmsd: 0.001500
  step:  35 bond rmsd: 0.001500
  step:  36 bond rmsd: 0.001501
  step:  37 bond rmsd: 0.001500
  step:  38 bond rmsd: 0.001500
  step:  39 bond rmsd: 0.001498
  step:  40 bond rmsd: 0.001498
  step:  41 bond rmsd: 0.001497
  step:  42 bond rmsd: 0.001497
  step:  43 bond rmsd: 0.001496
  step:  44 bond rmsd: 0.001494
  step:  45 bond rmsd: 0.001493
  step:  46 bond rmsd: 0.001489
  step:  47 bond rmsd: 0.001488
  step:  48 bond rmsd: 0.001486
  step:  49 bond rmsd: 0.001484
  step:  50 bond rmsd: 0.001481
  step:  51 bond rmsd: 0.001480
  step:  52 bond rmsd: 0.001478
micro_cycle  28 rmsd(b):  0.0015 rws:  1.000 n_fev: 1461
  step:   1 bond rmsd: 0.001478
  step:   2 bond rmsd: 0.043356
  step:   3 bond rmsd: 0.001578
  step:   4 bond rmsd: 0.001544
  step:   5 bond rmsd: 0.001522
  step:   6 bond rmsd: 0.001507
  step:   7 bond rmsd: 0.001497
  step:   8 bond rmsd: 0.001490
  step:   9 bond rmsd: 0.001485
  step:  10 bond rmsd: 0.001482
  step:  11 bond rmsd: 0.001479
  step:  12 bond rmsd: 0.001478
  step:  13 bond rmsd: 0.001477
  step:  14 bond rmsd: 0.001476
  step:  15 bond rmsd: 0.001475
  step:  16 bond rmsd: 0.001475
  step:  17 bond rmsd: 0.001475
  step:  18 bond rmsd: 0.001475
  step:  19 bond rmsd: 0.001475
  step:  20 bond rmsd: 0.001475
  step:  21 bond rmsd: 0.001475
  step:  22 bond rmsd: 0.001475
  step:  23 bond rmsd: 0.001476
  step:  24 bond rmsd: 0.001479
  step:  25 bond rmsd: 0.001481
  step:  26 bond rmsd: 0.001484
  step:  27 bond rmsd: 0.001487
  step:  28 bond rmsd: 0.001493
  step:  29 bond rmsd: 0.001496
  step:  30 bond rmsd: 0.001501
  step:  31 bond rmsd: 0.001503
  step:  32 bond rmsd: 0.001508
  step:  33 bond rmsd: 0.001510
  step:  34 bond rmsd: 0.001511
  step:  35 bond rmsd: 0.001513
  step:  36 bond rmsd: 0.001515
  step:  37 bond rmsd: 0.001517
  step:  38 bond rmsd: 0.001518
  step:  39 bond rmsd: 0.001520
  step:  40 bond rmsd: 0.001520
  step:  41 bond rmsd: 0.001521
  step:  42 bond rmsd: 0.001519
  step:  43 bond rmsd: 0.001519
  step:  44 bond rmsd: 0.001519
  step:  45 bond rmsd: 0.001519
  step:  46 bond rmsd: 0.001518
  step:  47 bond rmsd: 0.001517
  step:  48 bond rmsd: 0.001516
  step:  49 bond rmsd: 0.001514
  step:  50 bond rmsd: 0.001512
  step:  51 bond rmsd: 0.001510
  step:  52 bond rmsd: 0.001508
micro_cycle  29 rmsd(b):  0.0015 rws:  1.000 n_fev: 1513
  step:   1 bond rmsd: 0.001508
  step:   2 bond rmsd: 0.033975
  step:   3 bond rmsd: 0.001503
  step:   4 bond rmsd: 0.001503
  step:   5 bond rmsd: 0.001504
  step:   6 bond rmsd: 0.001505
  step:   7 bond rmsd: 0.001505
  step:   8 bond rmsd: 0.001506
  step:   9 bond rmsd: 0.001507
  step:  10 bond rmsd: 0.001507
  step:  11 bond rmsd: 0.001508
  step:  12 bond rmsd: 0.001509
  step:  13 bond rmsd: 0.001509
  step:  14 bond rmsd: 0.001510
  step:  15 bond rmsd: 0.001511
  step:  16 bond rmsd: 0.001512
  step:  17 bond rmsd: 0.001514
  step:  18 bond rmsd: 0.001515
  step:  19 bond rmsd: 0.001516
  step:  20 bond rmsd: 0.001515
  step:  21 bond rmsd: 0.001516
  step:  22 bond rmsd: 0.001516
  step:  23 bond rmsd: 0.001517
  step:  24 bond rmsd: 0.001518
  step:  25 bond rmsd: 0.001516
  step:  26 bond rmsd: 0.001516
  step:  27 bond rmsd: 0.001515
  step:  28 bond rmsd: 0.001515
  step:  29 bond rmsd: 0.001514
  step:  30 bond rmsd: 0.001512
  step:  31 bond rmsd: 0.001511
  step:  32 bond rmsd: 0.001508
  step:  33 bond rmsd: 0.001505
  step:  34 bond rmsd: 0.001502
  step:  35 bond rmsd: 0.001498
  step:  36 bond rmsd: 0.001494
  step:  37 bond rmsd: 0.001491
  step:  38 bond rmsd: 0.001483
  step:  39 bond rmsd: 0.001481
  step:  40 bond rmsd: 0.001478
  step:  41 bond rmsd: 0.001475
  step:  42 bond rmsd: 0.001473
  step:  43 bond rmsd: 0.001471
  step:  44 bond rmsd: 0.001469
  step:  45 bond rmsd: 0.001467
  step:  46 bond rmsd: 0.001466
  step:  47 bond rmsd: 0.001465
  step:  48 bond rmsd: 0.001466
  step:  49 bond rmsd: 0.001465
  step:  50 bond rmsd: 0.001468
  step:  51 bond rmsd: 0.001469
  step:  52 bond rmsd: 0.001470
micro_cycle  30 rmsd(b):  0.0015 rws:  1.000 n_fev: 1565
  step:   1 bond rmsd: 0.001470
  step:   2 bond rmsd: 0.054612
  step:   3 bond rmsd: 0.001556
  step:   4 bond rmsd: 0.001518
  step:   5 bond rmsd: 0.001495
  step:   6 bond rmsd: 0.001481
  step:   7 bond rmsd: 0.001472
  step:   8 bond rmsd: 0.001468
  step:   9 bond rmsd: 0.001466
  step:  10 bond rmsd: 0.001465
  step:  11 bond rmsd: 0.001464
  step:  12 bond rmsd: 0.001465
  step:  13 bond rmsd: 0.001465
  step:  14 bond rmsd: 0.001466
  step:  15 bond rmsd: 0.001467
  step:  16 bond rmsd: 0.001467
  step:  17 bond rmsd: 0.001468
  step:  18 bond rmsd: 0.001469
  step:  19 bond rmsd: 0.001470
  step:  20 bond rmsd: 0.001471
  step:  21 bond rmsd: 0.001472
  step:  22 bond rmsd: 0.001473
  step:  23 bond rmsd: 0.001475
  step:  24 bond rmsd: 0.001477
  step:  25 bond rmsd: 0.001479
  step:  26 bond rmsd: 0.001481
  step:  27 bond rmsd: 0.001484
  step:  28 bond rmsd: 0.001483
  step:  29 bond rmsd: 0.001483
  step:  30 bond rmsd: 0.001486
  step:  31 bond rmsd: 0.001488
  step:  32 bond rmsd: 0.001490
  step:  33 bond rmsd: 0.001492
  step:  34 bond rmsd: 0.001494
  step:  35 bond rmsd: 0.001496
  step:  36 bond rmsd: 0.001497
  step:  37 bond rmsd: 0.001498
  step:  38 bond rmsd: 0.001499
  step:  39 bond rmsd: 0.001500
  step:  40 bond rmsd: 0.001502
  step:  41 bond rmsd: 0.001503
  step:  42 bond rmsd: 0.001505
  step:  43 bond rmsd: 0.001507
  step:  44 bond rmsd: 0.001510
  step:  45 bond rmsd: 0.001512
  step:  46 bond rmsd: 0.001514
  step:  47 bond rmsd: 0.001516
  step:  48 bond rmsd: 0.001517
  step:  49 bond rmsd: 0.001519
  step:  50 bond rmsd: 0.001520
  step:  51 bond rmsd: 0.001522
  step:  52 bond rmsd: 0.001524
  step:  53 bond rmsd: 0.001525
micro_cycle  31 rmsd(b):  0.0015 rws:  1.000 n_fev: 1618
  step:   1 bond rmsd: 0.001525
  step:   2 bond rmsd: 0.058934
  step:   3 bond rmsd: 0.001524
  step:   4 bond rmsd: 0.001524
  step:   5 bond rmsd: 0.001523
  step:   6 bond rmsd: 0.001523
  step:   7 bond rmsd: 0.001523
  step:   8 bond rmsd: 0.001523
  step:   9 bond rmsd: 0.001522
  step:  10 bond rmsd: 0.001522
  step:  11 bond rmsd: 0.001522
  step:  12 bond rmsd: 0.001522
  step:  13 bond rmsd: 0.001521
  step:  14 bond rmsd: 0.001521
  step:  15 bond rmsd: 0.001521
  step:  16 bond rmsd: 0.001520
  step:  17 bond rmsd: 0.001519
  step:  18 bond rmsd: 0.001517
  step:  19 bond rmsd: 0.001516
  step:  20 bond rmsd: 0.001515
  step:  21 bond rmsd: 0.001513
  step:  22 bond rmsd: 0.001511
  step:  23 bond rmsd: 0.001508
  step:  24 bond rmsd: 0.001506
  step:  25 bond rmsd: 0.001504
  step:  26 bond rmsd: 0.001502
  step:  27 bond rmsd: 0.001500
  step:  28 bond rmsd: 0.001497
  step:  29 bond rmsd: 0.001496
  step:  30 bond rmsd: 0.001492
  step:  31 bond rmsd: 0.001490
  step:  32 bond rmsd: 0.001488
  step:  33 bond rmsd: 0.001486
  step:  34 bond rmsd: 0.001484
  step:  35 bond rmsd: 0.001483
  step:  36 bond rmsd: 0.001482
  step:  37 bond rmsd: 0.001479
  step:  38 bond rmsd: 0.001478
  step:  39 bond rmsd: 0.001475
  step:  40 bond rmsd: 0.001474
  step:  41 bond rmsd: 0.001474
  step:  42 bond rmsd: 0.001474
  step:  43 bond rmsd: 0.001475
  step:  44 bond rmsd: 0.001474
  step:  45 bond rmsd: 0.001476
  step:  46 bond rmsd: 0.001477
  step:  47 bond rmsd: 0.001482
  step:  48 bond rmsd: 0.001483
  step:  49 bond rmsd: 0.001488
  step:  50 bond rmsd: 0.001490
  step:  51 bond rmsd: 0.001491
  step:  52 bond rmsd: 0.001494
micro_cycle  32 rmsd(b):  0.0015 rws:  1.000 n_fev: 1670
  step:   1 bond rmsd: 0.001494
  step:   2 bond rmsd: 0.063786
  step:   3 bond rmsd: 0.001492
  step:   4 bond rmsd: 0.001489
  step:   5 bond rmsd: 0.001488
  step:   6 bond rmsd: 0.001487
  step:   7 bond rmsd: 0.001487
  step:   8 bond rmsd: 0.001487
  step:   9 bond rmsd: 0.001488
  step:  10 bond rmsd: 0.001488
  step:  11 bond rmsd: 0.001488
  step:  12 bond rmsd: 0.001489
  step:  13 bond rmsd: 0.001489
  step:  14 bond rmsd: 0.001489
  step:  15 bond rmsd: 0.001489
  step:  16 bond rmsd: 0.001490
  step:  17 bond rmsd: 0.001490
  step:  18 bond rmsd: 0.001490
  step:  19 bond rmsd: 0.001490
  step:  20 bond rmsd: 0.001489
  step:  21 bond rmsd: 0.001486
  step:  22 bond rmsd: 0.001485
  step:  23 bond rmsd: 0.001485
  step:  24 bond rmsd: 0.001482
  step:  25 bond rmsd: 0.001483
  step:  26 bond rmsd: 0.001483
  step:  27 bond rmsd: 0.001484
  step:  28 bond rmsd: 0.001484
  step:  29 bond rmsd: 0.001484
  step:  30 bond rmsd: 0.001486
  step:  31 bond rmsd: 0.001487
  step:  32 bond rmsd: 0.001489
  step:  33 bond rmsd: 0.001490
  step:  34 bond rmsd: 0.001495
  step:  35 bond rmsd: 0.001496
  step:  36 bond rmsd: 0.001497
  step:  37 bond rmsd: 0.001499
  step:  38 bond rmsd: 0.001501
  step:  39 bond rmsd: 0.001503
  step:  40 bond rmsd: 0.001504
  step:  41 bond rmsd: 0.001506
  step:  42 bond rmsd: 0.001507
  step:  43 bond rmsd: 0.001509
  step:  44 bond rmsd: 0.001511
  step:  45 bond rmsd: 0.001513
  step:  46 bond rmsd: 0.001514
  step:  47 bond rmsd: 0.001517
  step:  48 bond rmsd: 0.001519
  step:  49 bond rmsd: 0.001521
  step:  50 bond rmsd: 0.001522
  step:  51 bond rmsd: 0.001525
  step:  52 bond rmsd: 0.001526
micro_cycle  33 rmsd(b):  0.0015 rws:  1.000 n_fev: 1722
  step:   1 bond rmsd: 0.001526
  step:   2 bond rmsd: 0.019329
  step:   3 bond rmsd: 0.001526
  step:   4 bond rmsd: 0.001525
  step:   5 bond rmsd: 0.001525
  step:   6 bond rmsd: 0.001524
  step:   7 bond rmsd: 0.001523
  step:   8 bond rmsd: 0.001522
  step:   9 bond rmsd: 0.001521
  step:  10 bond rmsd: 0.001521
  step:  11 bond rmsd: 0.001520
  step:  12 bond rmsd: 0.001519
  step:  13 bond rmsd: 0.001518
  step:  14 bond rmsd: 0.001518
  step:  15 bond rmsd: 0.001517
  step:  16 bond rmsd: 0.001515
  step:  17 bond rmsd: 0.001513
  step:  18 bond rmsd: 0.001511
  step:  19 bond rmsd: 0.001508
  step:  20 bond rmsd: 0.001508
  step:  21 bond rmsd: 0.001506
  step:  22 bond rmsd: 0.001504
  step:  23 bond rmsd: 0.001502
  step:  24 bond rmsd: 0.001499
  step:  25 bond rmsd: 0.001498
  step:  26 bond rmsd: 0.001496
  step:  27 bond rmsd: 0.001493
  step:  28 bond rmsd: 0.001492
  step:  29 bond rmsd: 0.001488
  step:  30 bond rmsd: 0.001487
  step:  31 bond rmsd: 0.001486
  step:  32 bond rmsd: 0.001484
  step:  33 bond rmsd: 0.001484
  step:  34 bond rmsd: 0.001482
  step:  35 bond rmsd: 0.001478
  step:  36 bond rmsd: 0.001478
  step:  37 bond rmsd: 0.001478
  step:  38 bond rmsd: 0.001479
  step:  39 bond rmsd: 0.001479
  step:  40 bond rmsd: 0.001480
  step:  41 bond rmsd: 0.001480
  step:  42 bond rmsd: 0.001481
  step:  43 bond rmsd: 0.001482
  step:  44 bond rmsd: 0.001486
  step:  45 bond rmsd: 0.001489
  step:  46 bond rmsd: 0.001493
  step:  47 bond rmsd: 0.001500
  step:  48 bond rmsd: 0.001507
  step:  49 bond rmsd: 0.001521
  step:  50 bond rmsd: 0.001529
  step:  51 bond rmsd: 0.001548
  step:  52 bond rmsd: 0.001558
micro_cycle  34 rmsd(b):  0.0016 rws:  1.000 n_fev: 1774
  step:   1 bond rmsd: 0.001558
  step:   2 bond rmsd: 0.056146
  step:   3 bond rmsd: 0.002074
  step:   4 bond rmsd: 0.001879
  step:   5 bond rmsd: 0.001748
  step:   6 bond rmsd: 0.001662
  step:   7 bond rmsd: 0.001607
  step:   8 bond rmsd: 0.001574
  step:   9 bond rmsd: 0.001554
  step:  10 bond rmsd: 0.001542
  step:  11 bond rmsd: 0.001536
  step:  12 bond rmsd: 0.001533
  step:  13 bond rmsd: 0.001532
  step:  14 bond rmsd: 0.001532
  step:  15 bond rmsd: 0.001532
  step:  16 bond rmsd: 0.001532
  step:  17 bond rmsd: 0.001533
  step:  18 bond rmsd: 0.001533
  step:  19 bond rmsd: 0.001534
  step:  20 bond rmsd: 0.001534
  step:  21 bond rmsd: 0.001534
  step:  22 bond rmsd: 0.001534
  step:  23 bond rmsd: 0.001534
  step:  24 bond rmsd: 0.001533
  step:  25 bond rmsd: 0.001530
  step:  26 bond rmsd: 0.001525
  step:  27 bond rmsd: 0.001512
  step:  28 bond rmsd: 0.001508
  step:  29 bond rmsd: 0.001504
  step:  30 bond rmsd: 0.001501
  step:  31 bond rmsd: 0.001498
  step:  32 bond rmsd: 0.001496
  step:  33 bond rmsd: 0.001496
  step:  34 bond rmsd: 0.001494
  step:  35 bond rmsd: 0.001494
  step:  36 bond rmsd: 0.001493
  step:  37 bond rmsd: 0.001493
  step:  38 bond rmsd: 0.001492
  step:  39 bond rmsd: 0.001492
  step:  40 bond rmsd: 0.001492
  step:  41 bond rmsd: 0.001491
  step:  42 bond rmsd: 0.001492
  step:  43 bond rmsd: 0.001491
  step:  44 bond rmsd: 0.001492
  step:  45 bond rmsd: 0.001494
  step:  46 bond rmsd: 0.001495
  step:  47 bond rmsd: 0.001498
  step:  48 bond rmsd: 0.001501
  step:  49 bond rmsd: 0.001505
  step:  50 bond rmsd: 0.001511
  step:  51 bond rmsd: 0.001516
  step:  52 bond rmsd: 0.001521
micro_cycle  35 rmsd(b):  0.0015 rws:  1.000 n_fev: 1826
  step:   1 bond rmsd: 0.001521
  step:   2 bond rmsd: 0.045972
  step:   3 bond rmsd: 0.001515
  step:   4 bond rmsd: 0.001516
  step:   5 bond rmsd: 0.001516
  step:   6 bond rmsd: 0.001517
  step:   7 bond rmsd: 0.001517
  step:   8 bond rmsd: 0.001518
  step:   9 bond rmsd: 0.001518
  step:  10 bond rmsd: 0.001519
  step:  11 bond rmsd: 0.001519
  step:  12 bond rmsd: 0.001519
  step:  13 bond rmsd: 0.001519
  step:  14 bond rmsd: 0.001519
  step:  15 bond rmsd: 0.001519
  step:  16 bond rmsd: 0.001519
  step:  17 bond rmsd: 0.001519
  step:  18 bond rmsd: 0.001518
  step:  19 bond rmsd: 0.001517
  step:  20 bond rmsd: 0.001513
  step:  21 bond rmsd: 0.001512
  step:  22 bond rmsd: 0.001512
  step:  23 bond rmsd: 0.001512
  step:  24 bond rmsd: 0.001511
  step:  25 bond rmsd: 0.001511
  step:  26 bond rmsd: 0.001510
  step:  27 bond rmsd: 0.001509
  step:  28 bond rmsd: 0.001508
  step:  29 bond rmsd: 0.001507
  step:  30 bond rmsd: 0.001506
  step:  31 bond rmsd: 0.001506
  step:  32 bond rmsd: 0.001504
  step:  33 bond rmsd: 0.001503
  step:  34 bond rmsd: 0.001501
  step:  35 bond rmsd: 0.001499
  step:  36 bond rmsd: 0.001498
  step:  37 bond rmsd: 0.001496
  step:  38 bond rmsd: 0.001494
  step:  39 bond rmsd: 0.001491
  step:  40 bond rmsd: 0.001489
  step:  41 bond rmsd: 0.001486
  step:  42 bond rmsd: 0.001484
  step:  43 bond rmsd: 0.001480
  step:  44 bond rmsd: 0.001478
  step:  45 bond rmsd: 0.001477
  step:  46 bond rmsd: 0.001474
  step:  47 bond rmsd: 0.001473
  step:  48 bond rmsd: 0.001472
  step:  49 bond rmsd: 0.001471
  step:  50 bond rmsd: 0.001470
  step:  51 bond rmsd: 0.001469
  step:  52 bond rmsd: 0.001469
micro_cycle  36 rmsd(b):  0.0015 rws:  1.000 n_fev: 1878
  step:   1 bond rmsd: 0.001469
  step:   2 bond rmsd: 0.041768
  step:   3 bond rmsd: 0.001464
  step:   4 bond rmsd: 0.001464
  step:   5 bond rmsd: 0.001465
  step:   6 bond rmsd: 0.001465
  step:   7 bond rmsd: 0.001466
  step:   8 bond rmsd: 0.001467
  step:   9 bond rmsd: 0.001469
  step:  10 bond rmsd: 0.001470
  step:  11 bond rmsd: 0.001471
  step:  12 bond rmsd: 0.001472
  step:  13 bond rmsd: 0.001473
  step:  14 bond rmsd: 0.001474
  step:  15 bond rmsd: 0.001476
  step:  16 bond rmsd: 0.001478
  step:  17 bond rmsd: 0.001481
  step:  18 bond rmsd: 0.001482
  step:  19 bond rmsd: 0.001485
  step:  20 bond rmsd: 0.001487
  step:  21 bond rmsd: 0.001492
  step:  22 bond rmsd: 0.001494
  step:  23 bond rmsd: 0.001497
  step:  24 bond rmsd: 0.001499
  step:  25 bond rmsd: 0.001500
  step:  26 bond rmsd: 0.001502
  step:  27 bond rmsd: 0.001503
  step:  28 bond rmsd: 0.001505
  step:  29 bond rmsd: 0.001508
  step:  30 bond rmsd: 0.001509
  step:  31 bond rmsd: 0.001512
  step:  32 bond rmsd: 0.001514
  step:  33 bond rmsd: 0.001515
  step:  34 bond rmsd: 0.001517
  step:  35 bond rmsd: 0.001518
  step:  36 bond rmsd: 0.001521
  step:  37 bond rmsd: 0.001521
  step:  38 bond rmsd: 0.001522
  step:  39 bond rmsd: 0.001521
  step:  40 bond rmsd: 0.001522
  step:  41 bond rmsd: 0.001522
  step:  42 bond rmsd: 0.001522
  step:  43 bond rmsd: 0.001522
  step:  44 bond rmsd: 0.001523
  step:  45 bond rmsd: 0.001523
  step:  46 bond rmsd: 0.001521
  step:  47 bond rmsd: 0.001521
  step:  48 bond rmsd: 0.001519
  step:  49 bond rmsd: 0.001518
  step:  50 bond rmsd: 0.001516
  step:  51 bond rmsd: 0.001513
  step:  52 bond rmsd: 0.001510
micro_cycle  37 rmsd(b):  0.0015 rws:  1.000 n_fev: 1930
  step:   1 bond rmsd: 0.001510
  step:   2 bond rmsd: 0.055723
  step:   3 bond rmsd: 0.001535
  step:   4 bond rmsd: 0.001527
  step:   5 bond rmsd: 0.001522
  step:   6 bond rmsd: 0.001519
  step:   7 bond rmsd: 0.001516
  step:   8 bond rmsd: 0.001515
  step:   9 bond rmsd: 0.001513
  step:  10 bond rmsd: 0.001512
  step:  11 bond rmsd: 0.001512
  step:  12 bond rmsd: 0.001511
  step:  13 bond rmsd: 0.001511
  step:  14 bond rmsd: 0.001510
  step:  15 bond rmsd: 0.001510
  step:  16 bond rmsd: 0.001510
  step:  17 bond rmsd: 0.001509
  step:  18 bond rmsd: 0.001509
  step:  19 bond rmsd: 0.001509
  step:  20 bond rmsd: 0.001509
  step:  21 bond rmsd: 0.001509
  step:  22 bond rmsd: 0.001510
  step:  23 bond rmsd: 0.001510
  step:  24 bond rmsd: 0.001510
  step:  25 bond rmsd: 0.001510
  step:  26 bond rmsd: 0.001510
  step:  27 bond rmsd: 0.001510
  step:  28 bond rmsd: 0.001511
  step:  29 bond rmsd: 0.001511
  step:  30 bond rmsd: 0.001510
  step:  31 bond rmsd: 0.001510
  step:  32 bond rmsd: 0.001508
  step:  33 bond rmsd: 0.001508
  step:  34 bond rmsd: 0.001507
  step:  35 bond rmsd: 0.001506
  step:  36 bond rmsd: 0.001505
  step:  37 bond rmsd: 0.001503
  step:  38 bond rmsd: 0.001502
  step:  39 bond rmsd: 0.001500
  step:  40 bond rmsd: 0.001497
  step:  41 bond rmsd: 0.001495
  step:  42 bond rmsd: 0.001491
  step:  43 bond rmsd: 0.001488
  step:  44 bond rmsd: 0.001485
  step:  45 bond rmsd: 0.001482
  step:  46 bond rmsd: 0.001479
  step:  47 bond rmsd: 0.001476
  step:  48 bond rmsd: 0.001474
  step:  49 bond rmsd: 0.001472
  step:  50 bond rmsd: 0.001471
  step:  51 bond rmsd: 0.001469
  step:  52 bond rmsd: 0.001469
micro_cycle  38 rmsd(b):  0.0015 rws:  1.000 n_fev: 1982
  step:   1 bond rmsd: 0.001469
  step:   2 bond rmsd: 0.044351
  step:   3 bond rmsd: 0.001459
  step:   4 bond rmsd: 0.001460
  step:   5 bond rmsd: 0.001461
  step:   6 bond rmsd: 0.001462
  step:   7 bond rmsd: 0.001463
  step:   8 bond rmsd: 0.001464
  step:   9 bond rmsd: 0.001465
  step:  10 bond rmsd: 0.001466
  step:  11 bond rmsd: 0.001467
  step:  12 bond rmsd: 0.001468
  step:  13 bond rmsd: 0.001468
  step:  14 bond rmsd: 0.001469
  step:  15 bond rmsd: 0.001470
  step:  16 bond rmsd: 0.001471
  step:  17 bond rmsd: 0.001472
  step:  18 bond rmsd: 0.001473
  step:  19 bond rmsd: 0.001475
  step:  20 bond rmsd: 0.001478
  step:  21 bond rmsd: 0.001482
  step:  22 bond rmsd: 0.001486
  step:  23 bond rmsd: 0.001489
  step:  24 bond rmsd: 0.001493
  step:  25 bond rmsd: 0.001496
  step:  26 bond rmsd: 0.001499
  step:  27 bond rmsd: 0.001502
  step:  28 bond rmsd: 0.001505
  step:  29 bond rmsd: 0.001507
  step:  30 bond rmsd: 0.001509
  step:  31 bond rmsd: 0.001510
  step:  32 bond rmsd: 0.001511
  step:  33 bond rmsd: 0.001512
  step:  34 bond rmsd: 0.001513
  step:  35 bond rmsd: 0.001515
  step:  36 bond rmsd: 0.001515
  step:  37 bond rmsd: 0.001514
  step:  38 bond rmsd: 0.001514
  step:  39 bond rmsd: 0.001513
  step:  40 bond rmsd: 0.001513
  step:  41 bond rmsd: 0.001512
  step:  42 bond rmsd: 0.001512
  step:  43 bond rmsd: 0.001508
  step:  44 bond rmsd: 0.001508
  step:  45 bond rmsd: 0.001507
  step:  46 bond rmsd: 0.001507
  step:  47 bond rmsd: 0.001505
  step:  48 bond rmsd: 0.001504
  step:  49 bond rmsd: 0.001502
  step:  50 bond rmsd: 0.001501
  step:  51 bond rmsd: 0.001498
  step:  52 bond rmsd: 0.001497
micro_cycle  39 rmsd(b):  0.0015 rws:  1.000 n_fev: 2034
  step:   1 bond rmsd: 0.001497
  step:   2 bond rmsd: 0.075084
  step:   3 bond rmsd: 0.001500
  step:   4 bond rmsd: 0.001494
  step:   5 bond rmsd: 0.001491
  step:   6 bond rmsd: 0.001490
  step:   7 bond rmsd: 0.001490
  step:   8 bond rmsd: 0.001490
  step:   9 bond rmsd: 0.001490
  step:  10 bond rmsd: 0.001491
  step:  11 bond rmsd: 0.001492
  step:  12 bond rmsd: 0.001492
  step:  13 bond rmsd: 0.001493
  step:  14 bond rmsd: 0.001493
  step:  15 bond rmsd: 0.001494
  step:  16 bond rmsd: 0.001494
  step:  17 bond rmsd: 0.001495
  step:  18 bond rmsd: 0.001496
  step:  19 bond rmsd: 0.001496
  step:  20 bond rmsd: 0.001497
  step:  21 bond rmsd: 0.001498
  step:  22 bond rmsd: 0.001499
  step:  23 bond rmsd: 0.001500
  step:  24 bond rmsd: 0.001501
  step:  25 bond rmsd: 0.001502
  step:  26 bond rmsd: 0.001502
  step:  27 bond rmsd: 0.001504
  step:  28 bond rmsd: 0.001505
  step:  29 bond rmsd: 0.001506
  step:  30 bond rmsd: 0.001506
  step:  31 bond rmsd: 0.001507
  step:  32 bond rmsd: 0.001507
  step:  33 bond rmsd: 0.001508
  step:  34 bond rmsd: 0.001509
  step:  35 bond rmsd: 0.001509
  step:  36 bond rmsd: 0.001510
  step:  37 bond rmsd: 0.001510
  step:  38 bond rmsd: 0.001509
  step:  39 bond rmsd: 0.001508
  step:  40 bond rmsd: 0.001505
  step:  41 bond rmsd: 0.001502
  step:  42 bond rmsd: 0.001497
  step:  43 bond rmsd: 0.001495
  step:  44 bond rmsd: 0.001486
  step:  45 bond rmsd: 0.001484
  step:  46 bond rmsd: 0.001480
  step:  47 bond rmsd: 0.001475
  step:  48 bond rmsd: 0.001472
  step:  49 bond rmsd: 0.001469
  step:  50 bond rmsd: 0.001467
  step:  51 bond rmsd: 0.001465
  step:  52 bond rmsd: 0.001468
micro_cycle  40 rmsd(b):  0.0015 rws:  1.000 n_fev: 2086
  step:   1 bond rmsd: 0.001468
  step:   2 bond rmsd: 0.044132
  step:   3 bond rmsd: 0.001633
  step:   4 bond rmsd: 0.001560
  step:   5 bond rmsd: 0.001515
  step:   6 bond rmsd: 0.001487
  step:   7 bond rmsd: 0.001471
  step:   8 bond rmsd: 0.001463
  step:   9 bond rmsd: 0.001459
  step:  10 bond rmsd: 0.001457
  step:  11 bond rmsd: 0.001457
  step:  12 bond rmsd: 0.001457
  step:  13 bond rmsd: 0.001458
  step:  14 bond rmsd: 0.001459
  step:  15 bond rmsd: 0.001460
  step:  16 bond rmsd: 0.001462
  step:  17 bond rmsd: 0.001463
  step:  18 bond rmsd: 0.001464
  step:  19 bond rmsd: 0.001464
  step:  20 bond rmsd: 0.001465
  step:  21 bond rmsd: 0.001466
  step:  22 bond rmsd: 0.001467
  step:  23 bond rmsd: 0.001468
  step:  24 bond rmsd: 0.001469
  step:  25 bond rmsd: 0.001471
  step:  26 bond rmsd: 0.001473
  step:  27 bond rmsd: 0.001477
  step:  28 bond rmsd: 0.001481
  step:  29 bond rmsd: 0.001487
  step:  30 bond rmsd: 0.001484
  step:  31 bond rmsd: 0.001489
  step:  32 bond rmsd: 0.001494
  step:  33 bond rmsd: 0.001498
  step:  34 bond rmsd: 0.001502
  step:  35 bond rmsd: 0.001505
  step:  36 bond rmsd: 0.001507
  step:  37 bond rmsd: 0.001509
  step:  38 bond rmsd: 0.001511
  step:  39 bond rmsd: 0.001512
  step:  40 bond rmsd: 0.001514
  step:  41 bond rmsd: 0.001515
  step:  42 bond rmsd: 0.001517
  step:  43 bond rmsd: 0.001518
  step:  44 bond rmsd: 0.001518
  step:  45 bond rmsd: 0.001518
  step:  46 bond rmsd: 0.001518
  step:  47 bond rmsd: 0.001516
  step:  48 bond rmsd: 0.001515
  step:  49 bond rmsd: 0.001514
  step:  50 bond rmsd: 0.001513
  step:  51 bond rmsd: 0.001512
  step:  52 bond rmsd: 0.001510
micro_cycle  41 rmsd(b):  0.0015 rws:  1.000 n_fev: 2138
  step:   1 bond rmsd: 0.001510
  step:   2 bond rmsd: 0.019656
  step:   3 bond rmsd: 0.001513
  step:   4 bond rmsd: 0.001512
  step:   5 bond rmsd: 0.001512
  step:   6 bond rmsd: 0.001511
  step:   7 bond rmsd: 0.001511
  step:   8 bond rmsd: 0.001511
  step:   9 bond rmsd: 0.001511
  step:  10 bond rmsd: 0.001510
  step:  11 bond rmsd: 0.001510
  step:  12 bond rmsd: 0.001510
  step:  13 bond rmsd: 0.001510
  step:  14 bond rmsd: 0.001509
  step:  15 bond rmsd: 0.001509
  step:  16 bond rmsd: 0.001509
  step:  17 bond rmsd: 0.001508
  step:  18 bond rmsd: 0.001508
  step:  19 bond rmsd: 0.001507
  step:  20 bond rmsd: 0.001507
  step:  21 bond rmsd: 0.001505
  step:  22 bond rmsd: 0.001507
  step:  23 bond rmsd: 0.001505
  step:  24 bond rmsd: 0.001503
  step:  25 bond rmsd: 0.001501
  step:  26 bond rmsd: 0.001499
  step:  27 bond rmsd: 0.001497
  step:  28 bond rmsd: 0.001495
  step:  29 bond rmsd: 0.001493
  step:  30 bond rmsd: 0.001491
  step:  31 bond rmsd: 0.001488
  step:  32 bond rmsd: 0.001486
  step:  33 bond rmsd: 0.001485
  step:  34 bond rmsd: 0.001482
  step:  35 bond rmsd: 0.001480
  step:  36 bond rmsd: 0.001478
  step:  37 bond rmsd: 0.001477
  step:  38 bond rmsd: 0.001474
  step:  39 bond rmsd: 0.001473
  step:  40 bond rmsd: 0.001470
  step:  41 bond rmsd: 0.001468
  step:  42 bond rmsd: 0.001467
  step:  43 bond rmsd: 0.001465
  step:  44 bond rmsd: 0.001466
  step:  45 bond rmsd: 0.001464
  step:  46 bond rmsd: 0.001465
  step:  47 bond rmsd: 0.001466
  step:  48 bond rmsd: 0.001469
  step:  49 bond rmsd: 0.001473
  step:  50 bond rmsd: 0.001479
  step:  51 bond rmsd: 0.001487
  step:  52 bond rmsd: 0.001493
micro_cycle  42 rmsd(b):  0.0015 rws:  1.000 n_fev: 2190
  step:   1 bond rmsd: 0.001493
  step:   2 bond rmsd: 0.078889
  step:   3 bond rmsd: 0.007290
  step:   4 bond rmsd: 0.005925
  step:   5 bond rmsd: 0.004848
  step:   6 bond rmsd: 0.004003
  step:   7 bond rmsd: 0.003348
  step:   8 bond rmsd: 0.002845
  step:   9 bond rmsd: 0.002465
  step:  10 bond rmsd: 0.002184
  step:  11 bond rmsd: 0.001979
  step:  12 bond rmsd: 0.001832
  step:  13 bond rmsd: 0.001728
  step:  14 bond rmsd: 0.001656
  step:  15 bond rmsd: 0.001606
  step:  16 bond rmsd: 0.001572
  step:  17 bond rmsd: 0.001548
  step:  18 bond rmsd: 0.001531
  step:  19 bond rmsd: 0.001520
  step:  20 bond rmsd: 0.001511
  step:  21 bond rmsd: 0.001505
  step:  22 bond rmsd: 0.001501
  step:  23 bond rmsd: 0.001497
  step:  24 bond rmsd: 0.001495
  step:  25 bond rmsd: 0.001492
  step:  26 bond rmsd: 0.001491
  step:  27 bond rmsd: 0.001489
  step:  28 bond rmsd: 0.001488
  step:  29 bond rmsd: 0.001486
  step:  30 bond rmsd: 0.001485
  step:  31 bond rmsd: 0.001485
  step:  32 bond rmsd: 0.001486
  step:  33 bond rmsd: 0.001487
  step:  34 bond rmsd: 0.001489
  step:  35 bond rmsd: 0.001492
  step:  36 bond rmsd: 0.001493
  step:  37 bond rmsd: 0.001495
  step:  38 bond rmsd: 0.001496
  step:  39 bond rmsd: 0.001498
  step:  40 bond rmsd: 0.001499
  step:  41 bond rmsd: 0.001500
  step:  42 bond rmsd: 0.001500
  step:  43 bond rmsd: 0.001500
  step:  44 bond rmsd: 0.001500
  step:  45 bond rmsd: 0.001499
  step:  46 bond rmsd: 0.001499
  step:  47 bond rmsd: 0.001498
  step:  48 bond rmsd: 0.001498
  step:  49 bond rmsd: 0.001497
  step:  50 bond rmsd: 0.001497
  step:  51 bond rmsd: 0.001497
  step:  52 bond rmsd: 0.001497
micro_cycle  43 rmsd(b):  0.0015 rws:  1.000 n_fev: 2242
  step:   1 bond rmsd: 0.001497
  step:   2 bond rmsd: 0.028935
  step:   3 bond rmsd: 0.001501
  step:   4 bond rmsd: 0.001500
  step:   5 bond rmsd: 0.001500
  step:   6 bond rmsd: 0.001499
  step:   7 bond rmsd: 0.001499
  step:   8 bond rmsd: 0.001499
  step:   9 bond rmsd: 0.001499
  step:  10 bond rmsd: 0.001499
  step:  11 bond rmsd: 0.001498
  step:  12 bond rmsd: 0.001498
  step:  13 bond rmsd: 0.001498
  step:  14 bond rmsd: 0.001498
  step:  15 bond rmsd: 0.001498
  step:  16 bond rmsd: 0.001499
  step:  17 bond rmsd: 0.001499
  step:  18 bond rmsd: 0.001500
  step:  19 bond rmsd: 0.001500
  step:  20 bond rmsd: 0.001503
  step:  21 bond rmsd: 0.001503
  step:  22 bond rmsd: 0.001503
  step:  23 bond rmsd: 0.001503
  step:  24 bond rmsd: 0.001503
  step:  25 bond rmsd: 0.001503
  step:  26 bond rmsd: 0.001503
  step:  27 bond rmsd: 0.001504
  step:  28 bond rmsd: 0.001502
  step:  29 bond rmsd: 0.001502
  step:  30 bond rmsd: 0.001502
  step:  31 bond rmsd: 0.001502
  step:  32 bond rmsd: 0.001502
  step:  33 bond rmsd: 0.001502
  step:  34 bond rmsd: 0.001501
  step:  35 bond rmsd: 0.001500
  step:  36 bond rmsd: 0.001500
  step:  37 bond rmsd: 0.001499
  step:  38 bond rmsd: 0.001501
  step:  39 bond rmsd: 0.001500
  step:  40 bond rmsd: 0.001499
  step:  41 bond rmsd: 0.001494
  step:  42 bond rmsd: 0.001492
  step:  43 bond rmsd: 0.001489
  step:  44 bond rmsd: 0.001487
  step:  45 bond rmsd: 0.001487
  step:  46 bond rmsd: 0.001482
  step:  47 bond rmsd: 0.001483
  step:  48 bond rmsd: 0.001475
  step:  49 bond rmsd: 0.001475
  step:  50 bond rmsd: 0.001479
  step:  51 bond rmsd: 0.001479
  step:  52 bond rmsd: 0.001479
micro_cycle  44 rmsd(b):  0.0015 rws:  1.000 n_fev: 2294
  step:   1 bond rmsd: 0.001479
  step:   2 bond rmsd: 0.052718
  step:   3 bond rmsd: 0.003181
  step:   4 bond rmsd: 0.002714
  step:   5 bond rmsd: 0.002362
  step:   6 bond rmsd: 0.002103
  step:   7 bond rmsd: 0.001915
  step:   8 bond rmsd: 0.001782
  step:   9 bond rmsd: 0.001688
  step:  10 bond rmsd: 0.001623
  step:  11 bond rmsd: 0.001579
  step:  12 bond rmsd: 0.001548
  step:  13 bond rmsd: 0.001526
  step:  14 bond rmsd: 0.001511
  step:  15 bond rmsd: 0.001501
  step:  16 bond rmsd: 0.001493
  step:  17 bond rmsd: 0.001488
  step:  18 bond rmsd: 0.001483
  step:  19 bond rmsd: 0.001480
  step:  20 bond rmsd: 0.001477
  step:  21 bond rmsd: 0.001475
  step:  22 bond rmsd: 0.001473
  step:  23 bond rmsd: 0.001472
  step:  24 bond rmsd: 0.001470
  step:  25 bond rmsd: 0.001468
  step:  26 bond rmsd: 0.001466
  step:  27 bond rmsd: 0.001463
  step:  28 bond rmsd: 0.001461
  step:  29 bond rmsd: 0.001462
  step:  30 bond rmsd: 0.001462
  step:  31 bond rmsd: 0.001462
  step:  32 bond rmsd: 0.001477
  step:  33 bond rmsd: 0.001476
  step:  34 bond rmsd: 0.001476
  step:  35 bond rmsd: 0.001475
  step:  36 bond rmsd: 0.001475
  step:  37 bond rmsd: 0.001476
  step:  38 bond rmsd: 0.001476
  step:  39 bond rmsd: 0.001476
  step:  40 bond rmsd: 0.001477
  step:  41 bond rmsd: 0.001479
  step:  42 bond rmsd: 0.001480
  step:  43 bond rmsd: 0.001483
  step:  44 bond rmsd: 0.001485
  step:  45 bond rmsd: 0.001487
  step:  46 bond rmsd: 0.001492
  step:  47 bond rmsd: 0.001493
  step:  48 bond rmsd: 0.001496
  step:  49 bond rmsd: 0.001498
  step:  50 bond rmsd: 0.001498
  step:  51 bond rmsd: 0.001499
  step:  52 bond rmsd: 0.001501
micro_cycle  45 rmsd(b):  0.0015 rws:  1.000 n_fev: 2346
  step:   1 bond rmsd: 0.001501
  step:   2 bond rmsd: 0.059243
  step:   3 bond rmsd: 0.001564
  step:   4 bond rmsd: 0.001546
  step:   5 bond rmsd: 0.001534
  step:   6 bond rmsd: 0.001525
  step:   7 bond rmsd: 0.001519
  step:   8 bond rmsd: 0.001514
  step:   9 bond rmsd: 0.001511
  step:  10 bond rmsd: 0.001509
  step:  11 bond rmsd: 0.001507
  step:  12 bond rmsd: 0.001506
  step:  13 bond rmsd: 0.001505
  step:  14 bond rmsd: 0.001504
  step:  15 bond rmsd: 0.001504
  step:  16 bond rmsd: 0.001503
  step:  17 bond rmsd: 0.001503
  step:  18 bond rmsd: 0.001502
  step:  19 bond rmsd: 0.001502
  step:  20 bond rmsd: 0.001502
  step:  21 bond rmsd: 0.001501
  step:  22 bond rmsd: 0.001501
  step:  23 bond rmsd: 0.001501
  step:  24 bond rmsd: 0.001500
  step:  25 bond rmsd: 0.001500
  step:  26 bond rmsd: 0.001499
  step:  27 bond rmsd: 0.001499
  step:  28 bond rmsd: 0.001499
  step:  29 bond rmsd: 0.001499
  step:  30 bond rmsd: 0.001498
  step:  31 bond rmsd: 0.001498
  step:  32 bond rmsd: 0.001498
  step:  33 bond rmsd: 0.001498
  step:  34 bond rmsd: 0.001498
  step:  35 bond rmsd: 0.001498
  step:  36 bond rmsd: 0.001498
  step:  37 bond rmsd: 0.001497
  step:  38 bond rmsd: 0.001497
  step:  39 bond rmsd: 0.001497
  step:  40 bond rmsd: 0.001497
  step:  41 bond rmsd: 0.001497
  step:  42 bond rmsd: 0.001497
  step:  43 bond rmsd: 0.001497
  step:  44 bond rmsd: 0.001495
  step:  45 bond rmsd: 0.001494
  step:  46 bond rmsd: 0.001493
  step:  47 bond rmsd: 0.001491
  step:  48 bond rmsd: 0.001489
  step:  49 bond rmsd: 0.001487
  step:  50 bond rmsd: 0.001486
  step:  51 bond rmsd: 0.001483
  step:  52 bond rmsd: 0.001483
  step:  53 bond rmsd: 0.001483
micro_cycle  46 rmsd(b):  0.0015 rws:  1.000 n_fev: 2399
  step:   1 bond rmsd: 0.001483
  step:   2 bond rmsd: 0.061860
  step:   3 bond rmsd: 0.001544
  step:   4 bond rmsd: 0.001527
  step:   5 bond rmsd: 0.001515
  step:   6 bond rmsd: 0.001507
  step:   7 bond rmsd: 0.001501
  step:   8 bond rmsd: 0.001496
  step:   9 bond rmsd: 0.001493
  step:  10 bond rmsd: 0.001491
  step:  11 bond rmsd: 0.001489
  step:  12 bond rmsd: 0.001488
  step:  13 bond rmsd: 0.001487
  step:  14 bond rmsd: 0.001486
  step:  15 bond rmsd: 0.001486
  step:  16 bond rmsd: 0.001485
  step:  17 bond rmsd: 0.001485
  step:  18 bond rmsd: 0.001485
  step:  19 bond rmsd: 0.001484
  step:  20 bond rmsd: 0.001484
  step:  21 bond rmsd: 0.001484
  step:  22 bond rmsd: 0.001484
  step:  23 bond rmsd: 0.001484
  step:  24 bond rmsd: 0.001486
  step:  25 bond rmsd: 0.001488
  step:  26 bond rmsd: 0.001489
  step:  27 bond rmsd: 0.001491
  step:  28 bond rmsd: 0.001491
  step:  29 bond rmsd: 0.001491
  step:  30 bond rmsd: 0.001492
  step:  31 bond rmsd: 0.001493
  step:  32 bond rmsd: 0.001494
  step:  33 bond rmsd: 0.001495
  step:  34 bond rmsd: 0.001496
  step:  35 bond rmsd: 0.001496
  step:  36 bond rmsd: 0.001497
  step:  37 bond rmsd: 0.001497
  step:  38 bond rmsd: 0.001498
  step:  39 bond rmsd: 0.001498
  step:  40 bond rmsd: 0.001499
  step:  41 bond rmsd: 0.001499
  step:  42 bond rmsd: 0.001500
  step:  43 bond rmsd: 0.001502
  step:  44 bond rmsd: 0.001503
  step:  45 bond rmsd: 0.001503
  step:  46 bond rmsd: 0.001503
  step:  47 bond rmsd: 0.001504
  step:  48 bond rmsd: 0.001504
  step:  49 bond rmsd: 0.001504
  step:  50 bond rmsd: 0.001504
  step:  51 bond rmsd: 0.001504
  step:  52 bond rmsd: 0.001504
  step:  53 bond rmsd: 0.001504
micro_cycle  47 rmsd(b):  0.0015 rws:  1.000 n_fev: 2452
  step:   1 bond rmsd: 0.001504
  step:   2 bond rmsd: 0.012055
  step:   3 bond rmsd: 0.001506
  step:   4 bond rmsd: 0.001506
  step:   5 bond rmsd: 0.001505
  step:   6 bond rmsd: 0.001505
  step:   7 bond rmsd: 0.001504
  step:   8 bond rmsd: 0.001504
  step:   9 bond rmsd: 0.001504
  step:  10 bond rmsd: 0.001504
  step:  11 bond rmsd: 0.001503
  step:  12 bond rmsd: 0.001503
  step:  13 bond rmsd: 0.001503
  step:  14 bond rmsd: 0.001502
  step:  15 bond rmsd: 0.001502
  step:  16 bond rmsd: 0.001502
  step:  17 bond rmsd: 0.001501
  step:  18 bond rmsd: 0.001501
  step:  19 bond rmsd: 0.001500
  step:  20 bond rmsd: 0.001500
  step:  21 bond rmsd: 0.001499
  step:  22 bond rmsd: 0.001498
  step:  23 bond rmsd: 0.001497
  step:  24 bond rmsd: 0.001496
  step:  25 bond rmsd: 0.001495
  step:  26 bond rmsd: 0.001494
  step:  27 bond rmsd: 0.001493
  step:  28 bond rmsd: 0.001492
  step:  29 bond rmsd: 0.001490
  step:  30 bond rmsd: 0.001489
  step:  31 bond rmsd: 0.001487
  step:  32 bond rmsd: 0.001486
  step:  33 bond rmsd: 0.001485
  step:  34 bond rmsd: 0.001484
  step:  35 bond rmsd: 0.001483
  step:  36 bond rmsd: 0.001482
  step:  37 bond rmsd: 0.001480
  step:  38 bond rmsd: 0.001480
  step:  39 bond rmsd: 0.001479
  step:  40 bond rmsd: 0.001480
  step:  41 bond rmsd: 0.001480
  step:  42 bond rmsd: 0.001480
  step:  43 bond rmsd: 0.001481
  step:  44 bond rmsd: 0.001481
  step:  45 bond rmsd: 0.001485
  step:  46 bond rmsd: 0.001485
  step:  47 bond rmsd: 0.001487
  step:  48 bond rmsd: 0.001487
  step:  49 bond rmsd: 0.001489
  step:  50 bond rmsd: 0.001490
  step:  51 bond rmsd: 0.001493
  step:  52 bond rmsd: 0.001496
micro_cycle  48 rmsd(b):  0.0015 rws:  1.000 n_fev: 2504
  step:   1 bond rmsd: 0.001496
  step:   2 bond rmsd: 0.073183
  step:   3 bond rmsd: 0.001545
  step:   4 bond rmsd: 0.001531
  step:   5 bond rmsd: 0.001521
  step:   6 bond rmsd: 0.001514
  step:   7 bond rmsd: 0.001509
  step:   8 bond rmsd: 0.001506
  step:   9 bond rmsd: 0.001503
  step:  10 bond rmsd: 0.001501
  step:  11 bond rmsd: 0.001500
  step:  12 bond rmsd: 0.001499
  step:  13 bond rmsd: 0.001498
  step:  14 bond rmsd: 0.001498
  step:  15 bond rmsd: 0.001497
  step:  16 bond rmsd: 0.001497
  step:  17 bond rmsd: 0.001496
  step:  18 bond rmsd: 0.001496
  step:  19 bond rmsd: 0.001495
  step:  20 bond rmsd: 0.001495
  step:  21 bond rmsd: 0.001494
  step:  22 bond rmsd: 0.001494
  step:  23 bond rmsd: 0.001495
  step:  24 bond rmsd: 0.001495
  step:  25 bond rmsd: 0.001495
  step:  26 bond rmsd: 0.001499
  step:  27 bond rmsd: 0.001498
  step:  28 bond rmsd: 0.001498
  step:  29 bond rmsd: 0.001497
  step:  30 bond rmsd: 0.001497
  step:  31 bond rmsd: 0.001497
  step:  32 bond rmsd: 0.001497
  step:  33 bond rmsd: 0.001497
  step:  34 bond rmsd: 0.001497
  step:  35 bond rmsd: 0.001497
  step:  36 bond rmsd: 0.001497
  step:  37 bond rmsd: 0.001497
  step:  38 bond rmsd: 0.001497
  step:  39 bond rmsd: 0.001498
  step:  40 bond rmsd: 0.001497
  step:  41 bond rmsd: 0.001498
  step:  42 bond rmsd: 0.001498
  step:  43 bond rmsd: 0.001498
  step:  44 bond rmsd: 0.001498
  step:  45 bond rmsd: 0.001498
  step:  46 bond rmsd: 0.001498
  step:  47 bond rmsd: 0.001498
  step:  48 bond rmsd: 0.001498
  step:  49 bond rmsd: 0.001498
  step:  50 bond rmsd: 0.001498
  step:  51 bond rmsd: 0.001498
  step:  52 bond rmsd: 0.001498
micro_cycle  49 rmsd(b):  0.0015 rws:  1.000 n_fev: 2556
  step:   1 bond rmsd: 0.001498
  step:   2 bond rmsd: 0.040096
  step:   3 bond rmsd: 0.001498
  step:   4 bond rmsd: 0.001498
  step:   5 bond rmsd: 0.001498
  step:   6 bond rmsd: 0.001498
  step:   7 bond rmsd: 0.001498
  step:   8 bond rmsd: 0.001498
  step:   9 bond rmsd: 0.001498
  step:  10 bond rmsd: 0.001498
  step:  11 bond rmsd: 0.001498
  step:  12 bond rmsd: 0.001498
  step:  13 bond rmsd: 0.001498
  step:  14 bond rmsd: 0.001498
  step:  15 bond rmsd: 0.001498
  step:  16 bond rmsd: 0.001498
  step:  17 bond rmsd: 0.001498
  step:  18 bond rmsd: 0.001498
  step:  19 bond rmsd: 0.001498
  step:  20 bond rmsd: 0.001498
  step:  21 bond rmsd: 0.001499
  step:  22 bond rmsd: 0.001499
  step:  23 bond rmsd: 0.001498
  step:  24 bond rmsd: 0.001498
  step:  25 bond rmsd: 0.001496
  step:  26 bond rmsd: 0.001496
  step:  27 bond rmsd: 0.001496
  step:  28 bond rmsd: 0.001496
  step:  29 bond rmsd: 0.001496
  step:  30 bond rmsd: 0.001496
  step:  31 bond rmsd: 0.001496
  step:  32 bond rmsd: 0.001496
  step:  33 bond rmsd: 0.001496
  step:  34 bond rmsd: 0.001497
  step:  35 bond rmsd: 0.001497
  step:  36 bond rmsd: 0.001496
  step:  37 bond rmsd: 0.001495
  step:  38 bond rmsd: 0.001492
  step:  39 bond rmsd: 0.001491
  step:  40 bond rmsd: 0.001491
  step:  41 bond rmsd: 0.001488
  step:  42 bond rmsd: 0.001487
  step:  43 bond rmsd: 0.001487
  step:  44 bond rmsd: 0.001485
  step:  45 bond rmsd: 0.001485
  step:  46 bond rmsd: 0.001482
  step:  47 bond rmsd: 0.001482
  step:  48 bond rmsd: 0.001480
  step:  49 bond rmsd: 0.001480
  step:  50 bond rmsd: 0.001479
  step:  51 bond rmsd: 0.001480
  step:  52 bond rmsd: 0.001481
micro_cycle  50 rmsd(b):  0.0015 rws:  1.000 n_fev: 2608
See 7_refined.pdb in pdb folder.
Time: 40.1743
