Starting Q|R
version:   v1.0-22-g4c4e7c  
Running refinement
   input {
     xray_data {
       file_name = None
       labels = None
       high_resolution = None
       low_resolution = None
       outliers_rejection = True
       french_wilson_scale = True
       french_wilson {
         max_bins = 60
         min_bin_size = 40
       }
       sigma_fobs_rejection_criterion = None
       sigma_iobs_rejection_criterion = None
       ignore_all_zeros = True
       force_anomalous_flag_to_be_equal_to = None
       convert_to_non_anomalous_if_ratio_pairs_lone_less_than_threshold = 0.5
       r_free_flags {
         file_name = None
         label = None
         test_flag_value = None
         ignore_r_free_flags = False
         disable_suitability_test = False
         ignore_pdb_hexdigest = False
         generate = False
         fraction = 0.1
         max_free = 2000
         lattice_symmetry_max_delta = 5
         use_lattice_symmetry = True
         use_dataman_shells = False
         n_shells = 20
       }
     }
     pdb {
       file_name = None
     }
     monomers {
       file_name = None
     }
     maps {
       map_file_name = None
       d_min = None
       map_coefficients_file_name = None
       map_coefficients_label = None
     }
     sequence = None
     scattering_table = wk1995 it1992 *n_gaussian neutron electron
     wavelength = None
     energy = None
     twin_law = Auto
   }
   max_atoms = 15000
   debug = False
   cluster {
     charge_cutoff = 8.0
     clustering = false
     charge_embedding = False
     two_buffers = False
     maxnum_residues_in_cluster = 15
     clustering_method = gnc *bcc
     altloc_method = *average subtract
     g_scan = 10 15 20
     g_ref = None
     g_mode = None
   }
   restraints = cctbx *qm
   quantum {
     engine_name = *mopac ani torchani terachem turbomole pyscf orca gaussian \
                   xtb
     charge = None
     basis = Auto
     method = Auto
     memory = None
     nproc = 8
     qm_addon = gcp dftd3 gcp-d3
     qm_addon_method = None
   }
   refine {
     dry_run = False
     sf_algorithm = *direct fft
     refinement_target_name = *ml ls_wunit_k1
     mode = *opt refine gtest
     number_of_macro_cycles = 1
     number_of_weight_search_cycles = 50
     number_of_refine_cycles = 5
     number_of_micro_cycles = 50
     data_weight = None
     choose_best_use_r_work = False
     skip_initial_weight_optimization = False
     adjust_restraints_weight_scale_value = 2
     max_iterations_weight = 50
     max_iterations_refine = 50
     use_ase_lbfgs = False
     line_search = True
     stpmax = 0.2
     gradient_only = true
     update_all_scales = True
     refine_sites = True
     refine_adp = False
     restraints_weight_scale = 1.0
     shake_sites = False
     use_convergence_test = true
     max_bond_rmsd = 0.03
     max_r_work_r_free_gap = 5.0
     r_tolerance = 0.001
     rmsd_tolerance = 0.001
     opt_log = False
     pre_opt = False
     pre_opt_stpmax = 0.1
     pre_opt_iter = 10
     pre_opt_switch = 2
     pre_opt_gconv = 3000
   }
   parallel {
     method = *multiprocessing slurm pbs sge lsf threading
     nproc = None
     qsub_command = None
   }
   output_file_name_prefix = None
   output_folder_name = "pdb"
   shared_disk = True
   rst_file = None
   dump_gradients = None

Setting QM defaults
  Setting QM method to PM7


***********************************************************
restart info will be stored in /home/lum/mopac_opt/9_5-9/mopac_opt/pdb/5.rst.pickle
***********************************************************

start   0 rmsd(b):  0.0221 rws:  1.000 n_fev: 0
  step:   1 bond rmsd: 0.022091
  step:   2 bond rmsd: 0.096600
  step:   3 bond rmsd: 0.108688
  step:   4 bond rmsd: 0.092729
  step:   5 bond rmsd: 0.076228
  step:   6 bond rmsd: 0.060979
  step:   7 bond rmsd: 0.049573
  step:   8 bond rmsd: 0.041503
  step:   9 bond rmsd: 0.035486
  step:  10 bond rmsd: 0.031001
  step:  11 bond rmsd: 0.027547
  step:  12 bond rmsd: 0.024899
  step:  13 bond rmsd: 0.022862
  step:  14 bond rmsd: 0.021316
  step:  15 bond rmsd: 0.020147
  step:  16 bond rmsd: 0.019383
  step:  17 bond rmsd: 0.018958
  step:  18 bond rmsd: 0.018811
  step:  19 bond rmsd: 0.018984
  step:  20 bond rmsd: 0.019340
  step:  21 bond rmsd: 0.019685
  step:  22 bond rmsd: 0.019951
  step:  23 bond rmsd: 0.020346
  step:  24 bond rmsd: 0.020597
  step:  25 bond rmsd: 0.020924
  step:  26 bond rmsd: 0.021156
  step:  27 bond rmsd: 0.021305
  step:  28 bond rmsd: 0.021597
  step:  29 bond rmsd: 0.021669
  step:  30 bond rmsd: 0.022042
  step:  31 bond rmsd: 0.022093
  step:  32 bond rmsd: 0.022120
  step:  33 bond rmsd: 0.022129
  step:  34 bond rmsd: 0.022142
  step:  35 bond rmsd: 0.022037
  step:  36 bond rmsd: 0.022003
  step:  37 bond rmsd: 0.021859
  step:  38 bond rmsd: 0.021878
  step:  39 bond rmsd: 0.021602
  step:  40 bond rmsd: 0.021626
  step:  41 bond rmsd: 0.021535
  step:  42 bond rmsd: 0.021582
  step:  43 bond rmsd: 0.021537
  step:  44 bond rmsd: 0.021584
  step:  45 bond rmsd: 0.021490
  step:  46 bond rmsd: 0.021574
  step:  47 bond rmsd: 0.021521
  step:  48 bond rmsd: 0.021448
  step:  49 bond rmsd: 0.021387
  step:  50 bond rmsd: 0.021333
  step:  51 bond rmsd: 0.021244
  step:  52 bond rmsd: 0.021228
micro_cycle   1 rmsd(b):  0.0212 rws:  1.000 n_fev: 52
  step:   1 bond rmsd: 0.021228
  step:   2 bond rmsd: 0.040352
  step:   3 bond rmsd: 0.040352
  step:   4 bond rmsd: 0.034652
  step:   5 bond rmsd: 0.029556
  step:   6 bond rmsd: 0.026352
  step:   7 bond rmsd: 0.024434
  step:   8 bond rmsd: 0.023203
  step:   9 bond rmsd: 0.022409
  step:  10 bond rmsd: 0.021877
  step:  11 bond rmsd: 0.021549
  step:  12 bond rmsd: 0.021345
  step:  13 bond rmsd: 0.021223
  step:  14 bond rmsd: 0.021152
  step:  15 bond rmsd: 0.021115
  step:  16 bond rmsd: 0.021101
  step:  17 bond rmsd: 0.021097
  step:  18 bond rmsd: 0.021101
  step:  19 bond rmsd: 0.021109
  step:  20 bond rmsd: 0.021123
  step:  21 bond rmsd: 0.021136
  step:  22 bond rmsd: 0.021151
  step:  23 bond rmsd: 0.021169
  step:  24 bond rmsd: 0.021191
minimization failed: MOPAC: could not find total energy
See 5_refined.pdb in pdb folder.
Time: 7491.0062
