Starting Q|R
Running refinement
   input {
     xray_data {
       file_name = None
       labels = None
       high_resolution = None
       low_resolution = None
       outliers_rejection = True
       french_wilson_scale = True
       french_wilson {
         max_bins = 60
         min_bin_size = 40
       }
       sigma_fobs_rejection_criterion = None
       sigma_iobs_rejection_criterion = None
       ignore_all_zeros = True
       force_anomalous_flag_to_be_equal_to = None
       convert_to_non_anomalous_if_ratio_pairs_lone_less_than_threshold = 0.5
       r_free_flags {
         file_name = None
         label = None
         test_flag_value = None
         ignore_r_free_flags = False
         disable_suitability_test = False
         ignore_pdb_hexdigest = False
         generate = False
         fraction = 0.1
         max_free = 2000
         lattice_symmetry_max_delta = 5
         use_lattice_symmetry = True
         use_dataman_shells = False
         n_shells = 20
       }
     }
     pdb {
       file_name = None
     }
     monomers {
       file_name = None
     }
     maps {
       map_file_name = None
       d_min = None
       map_coefficients_file_name = None
       map_coefficients_label = None
     }
     sequence = None
     scattering_table = wk1995 it1992 *n_gaussian neutron electron
     wavelength = None
     energy = None
     twin_law = Auto
   }
   max_atoms = 15000
   debug = False
   cluster {
     charge_cutoff = 8.0
     clustering = false
     charge_embedding = False
     two_buffers = False
     maxnum_residues_in_cluster = 15
     clustering_method = gnc *bcc
     altloc_method = *average subtract
   }
   restraints = *cctbx qm
   quantum {
     engine_name = *mopac ani torchani terachem turbomole pyscf orca gaussian \
                   xtb
     charge = None
     basis = Auto
     method = Auto
     memory = None
     nproc = None
     qm_addon = gcp dftd3 gcp-d3
     qm_addon_method = None
   }
   refine {
     dry_run = False
     sf_algorithm = *direct fft
     refinement_target_name = *ml ls_wunit_k1
     mode = *opt refine
     number_of_macro_cycles = 1
     number_of_weight_search_cycles = 50
     number_of_refine_cycles = 5
     number_of_micro_cycles = 50
     data_weight = None
     choose_best_use_r_work = False
     skip_initial_weight_optimization = False
     adjust_restraints_weight_scale_value = 2
     max_iterations_weight = 50
     max_iterations_refine = 50
     use_ase_lbfgs = False
     line_search = True
     stpmax = 0.2
     gradient_only = true
     update_all_scales = True
     refine_sites = True
     refine_adp = False
     restraints_weight_scale = 1.0
     shake_sites = False
     use_convergence_test = true
     max_bond_rmsd = 0.03
     max_r_work_r_free_gap = 5.0
     r_tolerance = 0.001
     rmsd_tolerance = 0.001
     opt_log = False
     pre_opt = False
     pre_opt_stpmax = 0.1
     pre_opt_iter = 10
     pre_opt_switch = 2
     pre_opt_gconv = 3000
   }
   parallel {
     method = *multiprocessing slurm pbs sge lsf threading
     nproc = None
     qsub_command = None
   }
   output_file_name_prefix = None
   output_folder_name = "pdb"
   shared_disk = True
   rst_file = None
   dump_gradients = None

Setting QM defaults
  Setting QM method to PM7


***********************************************************
restart info will be stored in /home/lum/3nir/cctbx_improve/cctbx_refine/pdb/1.rst.pickle
***********************************************************

start   0 rmsd(b):  0.0189 rws:  1.000 n_fev: 0
  step:   1 bond rmsd: 0.018902
  step:   2 bond rmsd: 0.083546
  step:   3 bond rmsd: 0.085950
  step:   4 bond rmsd: 0.069913
  step:   5 bond rmsd: 0.056911
  step:   6 bond rmsd: 0.046592
  step:   7 bond rmsd: 0.038392
  step:   8 bond rmsd: 0.031911
  step:   9 bond rmsd: 0.026803
  step:  10 bond rmsd: 0.022809
  step:  11 bond rmsd: 0.019705
  step:  12 bond rmsd: 0.017314
  step:  13 bond rmsd: 0.015484
  step:  14 bond rmsd: 0.014088
  step:  15 bond rmsd: 0.013020
  step:  16 bond rmsd: 0.012194
  step:  17 bond rmsd: 0.011539
  step:  18 bond rmsd: 0.010998
  step:  19 bond rmsd: 0.010527
  step:  20 bond rmsd: 0.010084
  step:  21 bond rmsd: 0.009630
  step:  22 bond rmsd: 0.009122
  step:  23 bond rmsd: 0.008500
  step:  24 bond rmsd: 0.007561
  step:  25 bond rmsd: 0.006811
  step:  26 bond rmsd: 0.006255
  step:  27 bond rmsd: 0.005846
  step:  28 bond rmsd: 0.005475
  step:  29 bond rmsd: 0.005139
  step:  30 bond rmsd: 0.004923
  step:  31 bond rmsd: 0.004779
  step:  32 bond rmsd: 0.004603
  step:  33 bond rmsd: 0.004495
  step:  34 bond rmsd: 0.004423
  step:  35 bond rmsd: 0.004377
  step:  36 bond rmsd: 0.004345
  step:  37 bond rmsd: 0.004325
  step:  38 bond rmsd: 0.004335
  step:  39 bond rmsd: 0.004324
  step:  40 bond rmsd: 0.004321
  step:  41 bond rmsd: 0.004321
  step:  42 bond rmsd: 0.004285
  step:  43 bond rmsd: 0.004224
  step:  44 bond rmsd: 0.004206
  step:  45 bond rmsd: 0.004131
  step:  46 bond rmsd: 0.004059
  step:  47 bond rmsd: 0.004003
  step:  48 bond rmsd: 0.003919
  step:  49 bond rmsd: 0.003861
  step:  50 bond rmsd: 0.003799
  step:  51 bond rmsd: 0.003761
  step:  52 bond rmsd: 0.003720
micro_cycle   1 rmsd(b):  0.0037 rws:  1.000 n_fev: 52
  step:   1 bond rmsd: 0.003720
  step:   2 bond rmsd: 0.034173
  step:   3 bond rmsd: 0.037400
  step:   4 bond rmsd: 0.030078
  step:   5 bond rmsd: 0.024176
  step:   6 bond rmsd: 0.019490
  step:   7 bond rmsd: 0.015760
  step:   8 bond rmsd: 0.012808
  step:   9 bond rmsd: 0.010478
  step:  10 bond rmsd: 0.008651
  step:  11 bond rmsd: 0.007231
  step:  12 bond rmsd: 0.006142
  step:  13 bond rmsd: 0.005318
  step:  14 bond rmsd: 0.004706
  step:  15 bond rmsd: 0.004260
  step:  16 bond rmsd: 0.003940
  step:  17 bond rmsd: 0.003714
  step:  18 bond rmsd: 0.003557
  step:  19 bond rmsd: 0.003447
  step:  20 bond rmsd: 0.003370
  step:  21 bond rmsd: 0.003317
  step:  22 bond rmsd: 0.003279
  step:  23 bond rmsd: 0.003251
  step:  24 bond rmsd: 0.003231
  step:  25 bond rmsd: 0.003216
  step:  26 bond rmsd: 0.003205
  step:  27 bond rmsd: 0.003196
  step:  28 bond rmsd: 0.003189
  step:  29 bond rmsd: 0.003185
  step:  30 bond rmsd: 0.003182
  step:  31 bond rmsd: 0.003175
  step:  32 bond rmsd: 0.003169
  step:  33 bond rmsd: 0.003150
  step:  34 bond rmsd: 0.003143
  step:  35 bond rmsd: 0.003179
  step:  36 bond rmsd: 0.003168
  step:  37 bond rmsd: 0.003150
  step:  38 bond rmsd: 0.003125
  step:  39 bond rmsd: 0.003124
  step:  40 bond rmsd: 0.003098
  step:  41 bond rmsd: 0.003095
  step:  42 bond rmsd: 0.003110
  step:  43 bond rmsd: 0.003092
  step:  44 bond rmsd: 0.003100
  step:  45 bond rmsd: 0.003080
  step:  46 bond rmsd: 0.003076
  step:  47 bond rmsd: 0.003040
  step:  48 bond rmsd: 0.003002
  step:  49 bond rmsd: 0.002954
  step:  50 bond rmsd: 0.002914
  step:  51 bond rmsd: 0.002850
  step:  52 bond rmsd: 0.002807
micro_cycle   2 rmsd(b):  0.0028 rws:  1.000 n_fev: 104
  step:   1 bond rmsd: 0.002807
  step:   2 bond rmsd: 0.031535
  step:   3 bond rmsd: 0.026360
  step:   4 bond rmsd: 0.021173
  step:   5 bond rmsd: 0.017070
  step:   6 bond rmsd: 0.013785
  step:   7 bond rmsd: 0.011175
  step:   8 bond rmsd: 0.009105
  step:   9 bond rmsd: 0.007478
  step:  10 bond rmsd: 0.006209
  step:  11 bond rmsd: 0.005230
  step:  12 bond rmsd: 0.004487
  step:  13 bond rmsd: 0.003932
  step:  14 bond rmsd: 0.003525
  step:  15 bond rmsd: 0.003233
  step:  16 bond rmsd: 0.003025
  step:  17 bond rmsd: 0.002880
  step:  18 bond rmsd: 0.002778
  step:  19 bond rmsd: 0.002706
  step:  20 bond rmsd: 0.002655
  step:  21 bond rmsd: 0.002618
  step:  22 bond rmsd: 0.002589
  step:  23 bond rmsd: 0.002567
  step:  24 bond rmsd: 0.002548
  step:  25 bond rmsd: 0.002531
  step:  26 bond rmsd: 0.002516
  step:  27 bond rmsd: 0.002499
  step:  28 bond rmsd: 0.002483
  step:  29 bond rmsd: 0.002465
  step:  30 bond rmsd: 0.002448
  step:  31 bond rmsd: 0.002435
  step:  32 bond rmsd: 0.002403
  step:  33 bond rmsd: 0.002395
  step:  34 bond rmsd: 0.002368
  step:  35 bond rmsd: 0.002361
  step:  36 bond rmsd: 0.002351
  step:  37 bond rmsd: 0.002352
  step:  38 bond rmsd: 0.002357
  step:  39 bond rmsd: 0.002384
  step:  40 bond rmsd: 0.002401
  step:  41 bond rmsd: 0.002416
  step:  42 bond rmsd: 0.002462
  step:  43 bond rmsd: 0.002505
  step:  44 bond rmsd: 0.002558
  step:  45 bond rmsd: 0.002594
  step:  46 bond rmsd: 0.002652
  step:  47 bond rmsd: 0.002684
  step:  48 bond rmsd: 0.002715
  step:  49 bond rmsd: 0.002751
  step:  50 bond rmsd: 0.002772
  step:  51 bond rmsd: 0.002788
  step:  52 bond rmsd: 0.002803
micro_cycle   3 rmsd(b):  0.0028 rws:  1.000 n_fev: 156
  step:   1 bond rmsd: 0.002803
  step:   2 bond rmsd: 0.056826
  step:   3 bond rmsd: 0.024744
  step:   4 bond rmsd: 0.019856
  step:   5 bond rmsd: 0.015952
  step:   6 bond rmsd: 0.012864
  step:   7 bond rmsd: 0.010428
  step:   8 bond rmsd: 0.008514
  step:   9 bond rmsd: 0.007019
  step:  10 bond rmsd: 0.005863
  step:  11 bond rmsd: 0.004981
  step:  12 bond rmsd: 0.004319
  step:  13 bond rmsd: 0.003831
  step:  14 bond rmsd: 0.003478
  step:  15 bond rmsd: 0.003228
  step:  16 bond rmsd: 0.003054
  step:  17 bond rmsd: 0.002933
  step:  18 bond rmsd: 0.002850
  step:  19 bond rmsd: 0.002792
  step:  20 bond rmsd: 0.002752
  step:  21 bond rmsd: 0.002723
  step:  22 bond rmsd: 0.002702
  step:  23 bond rmsd: 0.002687
  step:  24 bond rmsd: 0.002674
  step:  25 bond rmsd: 0.002663
  step:  26 bond rmsd: 0.002653
  step:  27 bond rmsd: 0.002643
  step:  28 bond rmsd: 0.002632
  step:  29 bond rmsd: 0.002618
  step:  30 bond rmsd: 0.002597
  step:  31 bond rmsd: 0.002567
  step:  32 bond rmsd: 0.002522
  step:  33 bond rmsd: 0.002455
  step:  34 bond rmsd: 0.002354
  step:  35 bond rmsd: 0.002311
  step:  36 bond rmsd: 0.002288
  step:  37 bond rmsd: 0.002273
  step:  38 bond rmsd: 0.002273
  step:  39 bond rmsd: 0.002251
  step:  40 bond rmsd: 0.002241
  step:  41 bond rmsd: 0.002239
  step:  42 bond rmsd: 0.002240
  step:  43 bond rmsd: 0.002243
  step:  44 bond rmsd: 0.002247
  step:  45 bond rmsd: 0.002253
  step:  46 bond rmsd: 0.002259
  step:  47 bond rmsd: 0.002267
  step:  48 bond rmsd: 0.002274
  step:  49 bond rmsd: 0.002282
  step:  50 bond rmsd: 0.002287
  step:  51 bond rmsd: 0.002303
  step:  52 bond rmsd: 0.002312
  step:  53 bond rmsd: 0.002334
micro_cycle   4 rmsd(b):  0.0023 rws:  1.000 n_fev: 209
  step:   1 bond rmsd: 0.002334
  step:   2 bond rmsd: 0.049587
  step:   3 bond rmsd: 0.013154
  step:   4 bond rmsd: 0.010549
  step:   5 bond rmsd: 0.008458
  step:   6 bond rmsd: 0.006835
  step:   7 bond rmsd: 0.005583
  step:   8 bond rmsd: 0.004627
  step:   9 bond rmsd: 0.003909
  step:  10 bond rmsd: 0.003382
  step:  11 bond rmsd: 0.003005
  step:  12 bond rmsd: 0.002744
  step:  13 bond rmsd: 0.002568
  step:  14 bond rmsd: 0.002454
  step:  15 bond rmsd: 0.002381
  step:  16 bond rmsd: 0.002335
  step:  17 bond rmsd: 0.002307
  step:  18 bond rmsd: 0.002291
  step:  19 bond rmsd: 0.002282
  step:  20 bond rmsd: 0.002277
  step:  21 bond rmsd: 0.002274
  step:  22 bond rmsd: 0.002273
  step:  23 bond rmsd: 0.002273
  step:  24 bond rmsd: 0.002273
  step:  25 bond rmsd: 0.002273
  step:  26 bond rmsd: 0.002274
  step:  27 bond rmsd: 0.002274
  step:  28 bond rmsd: 0.002274
  step:  29 bond rmsd: 0.002273
  step:  30 bond rmsd: 0.002270
  step:  31 bond rmsd: 0.002263
  step:  32 bond rmsd: 0.002250
  step:  33 bond rmsd: 0.002225
  step:  34 bond rmsd: 0.002176
  step:  35 bond rmsd: 0.002175
  step:  36 bond rmsd: 0.002181
  step:  37 bond rmsd: 0.002189
  step:  38 bond rmsd: 0.002226
  step:  39 bond rmsd: 0.002245
  step:  40 bond rmsd: 0.002266
  step:  41 bond rmsd: 0.002298
  step:  42 bond rmsd: 0.002323
  step:  43 bond rmsd: 0.002351
  step:  44 bond rmsd: 0.002405
  step:  45 bond rmsd: 0.002433
  step:  46 bond rmsd: 0.002494
  step:  47 bond rmsd: 0.002552
  step:  48 bond rmsd: 0.002639
  step:  49 bond rmsd: 0.002727
  step:  50 bond rmsd: 0.002794
  step:  51 bond rmsd: 0.002901
  step:  52 bond rmsd: 0.002931
micro_cycle   5 rmsd(b):  0.0029 rws:  1.000 n_fev: 261
  step:   1 bond rmsd: 0.002931
  step:   2 bond rmsd: 0.057178
  step:   3 bond rmsd: 0.057178
  step:   4 bond rmsd: 0.045648
  step:   5 bond rmsd: 0.036411
  step:   6 bond rmsd: 0.029103
  step:   7 bond rmsd: 0.023310
  step:   8 bond rmsd: 0.018711
  step:   9 bond rmsd: 0.015060
  step:  10 bond rmsd: 0.012166
  step:  11 bond rmsd: 0.009879
  step:  12 bond rmsd: 0.008081
  step:  13 bond rmsd: 0.006679
  step:  14 bond rmsd: 0.005597
  step:  15 bond rmsd: 0.004774
  step:  16 bond rmsd: 0.004159
  step:  17 bond rmsd: 0.003708
  step:  18 bond rmsd: 0.003385
  step:  19 bond rmsd: 0.003157
  step:  20 bond rmsd: 0.002999
  step:  21 bond rmsd: 0.002890
  step:  22 bond rmsd: 0.002815
  step:  23 bond rmsd: 0.002763
  step:  24 bond rmsd: 0.002726
  step:  25 bond rmsd: 0.002699
  step:  26 bond rmsd: 0.002679
  step:  27 bond rmsd: 0.002663
  step:  28 bond rmsd: 0.002650
  step:  29 bond rmsd: 0.002637
  step:  30 bond rmsd: 0.002624
  step:  31 bond rmsd: 0.002608
  step:  32 bond rmsd: 0.002587
  step:  33 bond rmsd: 0.002556
  step:  34 bond rmsd: 0.002509
  step:  35 bond rmsd: 0.002433
  step:  36 bond rmsd: 0.002282
  step:  37 bond rmsd: 0.002162
  step:  38 bond rmsd: 0.002057
  step:  39 bond rmsd: 0.002002
  step:  40 bond rmsd: 0.001975
  step:  41 bond rmsd: 0.001954
  step:  42 bond rmsd: 0.001941
  step:  43 bond rmsd: 0.001937
  step:  44 bond rmsd: 0.001927
  step:  45 bond rmsd: 0.001924
  step:  46 bond rmsd: 0.001927
  step:  47 bond rmsd: 0.001923
  step:  48 bond rmsd: 0.001924
  step:  49 bond rmsd: 0.001938
  step:  50 bond rmsd: 0.001942
  step:  51 bond rmsd: 0.001948
  step:  52 bond rmsd: 0.001953
micro_cycle   6 rmsd(b):  0.0020 rws:  1.000 n_fev: 313
  step:   1 bond rmsd: 0.001953
  step:   2 bond rmsd: 0.055950
  step:   3 bond rmsd: 0.003078
  step:   4 bond rmsd: 0.002678
  step:   5 bond rmsd: 0.002397
  step:   6 bond rmsd: 0.002207
  step:   7 bond rmsd: 0.002083
  step:   8 bond rmsd: 0.002005
  step:   9 bond rmsd: 0.001959
  step:  10 bond rmsd: 0.001933
  step:  11 bond rmsd: 0.001919
  step:  12 bond rmsd: 0.001913
  step:  13 bond rmsd: 0.001911
  step:  14 bond rmsd: 0.001912
  step:  15 bond rmsd: 0.001914
  step:  16 bond rmsd: 0.001917
  step:  17 bond rmsd: 0.001920
  step:  18 bond rmsd: 0.001923
  step:  19 bond rmsd: 0.001927
  step:  20 bond rmsd: 0.001930
  step:  21 bond rmsd: 0.001934
  step:  22 bond rmsd: 0.001937
  step:  23 bond rmsd: 0.001942
  step:  24 bond rmsd: 0.001947
  step:  25 bond rmsd: 0.001954
  step:  26 bond rmsd: 0.001963
  step:  27 bond rmsd: 0.001974
  step:  28 bond rmsd: 0.001985
  step:  29 bond rmsd: 0.001984
  step:  30 bond rmsd: 0.001992
  step:  31 bond rmsd: 0.002008
  step:  32 bond rmsd: 0.002029
  step:  33 bond rmsd: 0.002054
  step:  34 bond rmsd: 0.002065
  step:  35 bond rmsd: 0.002092
  step:  36 bond rmsd: 0.002119
  step:  37 bond rmsd: 0.002148
  step:  38 bond rmsd: 0.002193
  step:  39 bond rmsd: 0.002241
  step:  40 bond rmsd: 0.002310
  step:  41 bond rmsd: 0.002353
  step:  42 bond rmsd: 0.002408
  step:  43 bond rmsd: 0.002488
  step:  44 bond rmsd: 0.002558
  step:  45 bond rmsd: 0.002639
  step:  46 bond rmsd: 0.002694
  step:  47 bond rmsd: 0.002767
  step:  48 bond rmsd: 0.002809
  step:  49 bond rmsd: 0.002865
  step:  50 bond rmsd: 0.003077
  step:  51 bond rmsd: 0.003072
  step:  52 bond rmsd: 0.003004
micro_cycle   7 rmsd(b):  0.0030 rws:  1.000 n_fev: 365
  step:   1 bond rmsd: 0.003004
  step:   2 bond rmsd: 0.082857
  step:   3 bond rmsd: 0.082857
  step:   4 bond rmsd: 0.066657
  step:   5 bond rmsd: 0.053661
  step:   6 bond rmsd: 0.043264
  step:   7 bond rmsd: 0.034923
  step:   8 bond rmsd: 0.028211
  step:   9 bond rmsd: 0.022802
  step:  10 bond rmsd: 0.018446
  step:  11 bond rmsd: 0.014946
  step:  12 bond rmsd: 0.012143
  step:  13 bond rmsd: 0.009909
  step:  14 bond rmsd: 0.008139
  step:  15 bond rmsd: 0.006749
  step:  16 bond rmsd: 0.005668
  step:  17 bond rmsd: 0.004840
  step:  18 bond rmsd: 0.004214
  step:  19 bond rmsd: 0.003751
  step:  20 bond rmsd: 0.003414
  step:  21 bond rmsd: 0.003173
  step:  22 bond rmsd: 0.003002
  step:  23 bond rmsd: 0.002882
  step:  24 bond rmsd: 0.002797
  step:  25 bond rmsd: 0.002737
  step:  26 bond rmsd: 0.002692
  step:  27 bond rmsd: 0.002658
  step:  28 bond rmsd: 0.002632
  step:  29 bond rmsd: 0.002609
  step:  30 bond rmsd: 0.002587
  step:  31 bond rmsd: 0.002566
  step:  32 bond rmsd: 0.002541
  step:  33 bond rmsd: 0.002510
  step:  34 bond rmsd: 0.002468
  step:  35 bond rmsd: 0.002406
  step:  36 bond rmsd: 0.002313
  step:  37 bond rmsd: 0.002168
  step:  38 bond rmsd: 0.002095
  step:  39 bond rmsd: 0.002008
  step:  40 bond rmsd: 0.001959
  step:  41 bond rmsd: 0.001922
  step:  42 bond rmsd: 0.001875
  step:  43 bond rmsd: 0.001848
  step:  44 bond rmsd: 0.001827
  step:  45 bond rmsd: 0.001800
  step:  46 bond rmsd: 0.001786
  step:  47 bond rmsd: 0.001765
  step:  48 bond rmsd: 0.001755
  step:  49 bond rmsd: 0.001749
  step:  50 bond rmsd: 0.001744
  step:  51 bond rmsd: 0.001739
  step:  52 bond rmsd: 0.001738
micro_cycle   8 rmsd(b):  0.0017 rws:  1.000 n_fev: 417
  step:   1 bond rmsd: 0.001738
  step:   2 bond rmsd: 0.060799
  step:   3 bond rmsd: 0.002123
  step:   4 bond rmsd: 0.002006
  step:   5 bond rmsd: 0.001924
  step:   6 bond rmsd: 0.001869
  step:   7 bond rmsd: 0.001831
  step:   8 bond rmsd: 0.001805
  step:   9 bond rmsd: 0.001787
  step:  10 bond rmsd: 0.001775
  step:  11 bond rmsd: 0.001767
  step:  12 bond rmsd: 0.001761
  step:  13 bond rmsd: 0.001757
  step:  14 bond rmsd: 0.001754
  step:  15 bond rmsd: 0.001752
  step:  16 bond rmsd: 0.001751
  step:  17 bond rmsd: 0.001750
  step:  18 bond rmsd: 0.001750
  step:  19 bond rmsd: 0.001750
  step:  20 bond rmsd: 0.001750
  step:  21 bond rmsd: 0.001752
  step:  22 bond rmsd: 0.001754
  step:  23 bond rmsd: 0.001759
  step:  24 bond rmsd: 0.001768
  step:  25 bond rmsd: 0.001782
  step:  26 bond rmsd: 0.001803
  step:  27 bond rmsd: 0.001824
  step:  28 bond rmsd: 0.001843
  step:  29 bond rmsd: 0.001948
  step:  30 bond rmsd: 0.001951
  step:  31 bond rmsd: 0.001955
  step:  32 bond rmsd: 0.001959
  step:  33 bond rmsd: 0.001966
  step:  34 bond rmsd: 0.001973
  step:  35 bond rmsd: 0.001979
  step:  36 bond rmsd: 0.001989
  step:  37 bond rmsd: 0.002003
  step:  38 bond rmsd: 0.002021
  step:  39 bond rmsd: 0.002042
  step:  40 bond rmsd: 0.002063
  step:  41 bond rmsd: 0.002086
  step:  42 bond rmsd: 0.002103
  step:  43 bond rmsd: 0.002121
  step:  44 bond rmsd: 0.002135
  step:  45 bond rmsd: 0.002146
  step:  46 bond rmsd: 0.002153
  step:  47 bond rmsd: 0.002168
  step:  48 bond rmsd: 0.002168
  step:  49 bond rmsd: 0.002175
  step:  50 bond rmsd: 0.002164
  step:  51 bond rmsd: 0.002145
  step:  52 bond rmsd: 0.002112
micro_cycle   9 rmsd(b):  0.0021 rws:  1.000 n_fev: 469
  step:   1 bond rmsd: 0.002112
  step:   2 bond rmsd: 0.078680
  step:   3 bond rmsd: 0.025278
  step:   4 bond rmsd: 0.020205
  step:   5 bond rmsd: 0.016146
  step:   6 bond rmsd: 0.012918
  step:   7 bond rmsd: 0.010353
  step:   8 bond rmsd: 0.008320
  step:   9 bond rmsd: 0.006716
  step:  10 bond rmsd: 0.005459
  step:  11 bond rmsd: 0.004484
  step:  12 bond rmsd: 0.003739
  step:  13 bond rmsd: 0.003182
  step:  14 bond rmsd: 0.002776
  step:  15 bond rmsd: 0.002490
  step:  16 bond rmsd: 0.002295
  step:  17 bond rmsd: 0.002166
  step:  18 bond rmsd: 0.002084
  step:  19 bond rmsd: 0.002033
  step:  20 bond rmsd: 0.002003
  step:  21 bond rmsd: 0.001985
  step:  22 bond rmsd: 0.001976
  step:  23 bond rmsd: 0.001971
  step:  24 bond rmsd: 0.001969
  step:  25 bond rmsd: 0.001968
  step:  26 bond rmsd: 0.001968
  step:  27 bond rmsd: 0.001969
  step:  28 bond rmsd: 0.001969
  step:  29 bond rmsd: 0.001969
  step:  30 bond rmsd: 0.001967
  step:  31 bond rmsd: 0.001961
  step:  32 bond rmsd: 0.001949
  step:  33 bond rmsd: 0.001924
  step:  34 bond rmsd: 0.001863
  step:  35 bond rmsd: 0.001832
  step:  36 bond rmsd: 0.001809
  step:  37 bond rmsd: 0.001793
  step:  38 bond rmsd: 0.001793
  step:  39 bond rmsd: 0.001775
  step:  40 bond rmsd: 0.001761
  step:  41 bond rmsd: 0.001750
  step:  42 bond rmsd: 0.001742
  step:  43 bond rmsd: 0.001735
  step:  44 bond rmsd: 0.001730
  step:  45 bond rmsd: 0.001725
  step:  46 bond rmsd: 0.001720
  step:  47 bond rmsd: 0.001716
  step:  48 bond rmsd: 0.001708
  step:  49 bond rmsd: 0.001704
  step:  50 bond rmsd: 0.001697
  step:  51 bond rmsd: 0.001692
  step:  52 bond rmsd: 0.001682
  step:  53 bond rmsd: 0.001670
micro_cycle  10 rmsd(b):  0.0017 rws:  1.000 n_fev: 522
  step:   1 bond rmsd: 0.001670
  step:   2 bond rmsd: 0.071618
  step:   3 bond rmsd: 0.002531
  step:   4 bond rmsd: 0.002252
  step:   5 bond rmsd: 0.002054
  step:   6 bond rmsd: 0.001918
  step:   7 bond rmsd: 0.001827
  step:   8 bond rmsd: 0.001766
  step:   9 bond rmsd: 0.001727
  step:  10 bond rmsd: 0.001701
  step:  11 bond rmsd: 0.001685
  step:  12 bond rmsd: 0.001675
  step:  13 bond rmsd: 0.001668
  step:  14 bond rmsd: 0.001664
  step:  15 bond rmsd: 0.001661
  step:  16 bond rmsd: 0.001660
  step:  17 bond rmsd: 0.001659
  step:  18 bond rmsd: 0.001658
  step:  19 bond rmsd: 0.001658
  step:  20 bond rmsd: 0.001657
  step:  21 bond rmsd: 0.001657
  step:  22 bond rmsd: 0.001657
  step:  23 bond rmsd: 0.001657
  step:  24 bond rmsd: 0.001656
  step:  25 bond rmsd: 0.001655
  step:  26 bond rmsd: 0.001653
  step:  27 bond rmsd: 0.001650
  step:  28 bond rmsd: 0.001644
  step:  29 bond rmsd: 0.001642
  step:  30 bond rmsd: 0.001643
  step:  31 bond rmsd: 0.001646
  step:  32 bond rmsd: 0.001657
  step:  33 bond rmsd: 0.001663
  step:  34 bond rmsd: 0.001676
  step:  35 bond rmsd: 0.001687
  step:  36 bond rmsd: 0.001698
  step:  37 bond rmsd: 0.001715
  step:  38 bond rmsd: 0.001730
  step:  39 bond rmsd: 0.001747
  step:  40 bond rmsd: 0.001766
  step:  41 bond rmsd: 0.001802
  step:  42 bond rmsd: 0.001825
  step:  43 bond rmsd: 0.001855
  step:  44 bond rmsd: 0.001891
  step:  45 bond rmsd: 0.001924
  step:  46 bond rmsd: 0.001964
  step:  47 bond rmsd: 0.001996
  step:  48 bond rmsd: 0.002030
  step:  49 bond rmsd: 0.002062
  step:  50 bond rmsd: 0.002084
  step:  51 bond rmsd: 0.002113
  step:  52 bond rmsd: 0.002124
micro_cycle  11 rmsd(b):  0.0021 rws:  1.000 n_fev: 574
  step:   1 bond rmsd: 0.002124
  step:   2 bond rmsd: 0.061629
  step:   3 bond rmsd: 0.014545
  step:   4 bond rmsd: 0.011654
  step:   5 bond rmsd: 0.009351
  step:   6 bond rmsd: 0.007530
  step:   7 bond rmsd: 0.006100
  step:   8 bond rmsd: 0.004987
  step:   9 bond rmsd: 0.004132
  step:  10 bond rmsd: 0.003486
  step:  11 bond rmsd: 0.003010
  step:  12 bond rmsd: 0.002669
  step:  13 bond rmsd: 0.002433
  step:  14 bond rmsd: 0.002275
  step:  15 bond rmsd: 0.002172
  step:  16 bond rmsd: 0.002107
  step:  17 bond rmsd: 0.002067
  step:  18 bond rmsd: 0.002043
  step:  19 bond rmsd: 0.002028
  step:  20 bond rmsd: 0.002020
  step:  21 bond rmsd: 0.002015
  step:  22 bond rmsd: 0.002012
  step:  23 bond rmsd: 0.002010
  step:  24 bond rmsd: 0.002009
  step:  25 bond rmsd: 0.002007
  step:  26 bond rmsd: 0.002005
  step:  27 bond rmsd: 0.002003
  step:  28 bond rmsd: 0.002000
  step:  29 bond rmsd: 0.001994
  step:  30 bond rmsd: 0.001985
  step:  31 bond rmsd: 0.001969
  step:  32 bond rmsd: 0.001943
  step:  33 bond rmsd: 0.001899
  step:  34 bond rmsd: 0.001851
  step:  35 bond rmsd: 0.001814
  step:  36 bond rmsd: 0.001781
  step:  37 bond rmsd: 0.001720
  step:  38 bond rmsd: 0.001701
  step:  39 bond rmsd: 0.001685
  step:  40 bond rmsd: 0.001672
  step:  41 bond rmsd: 0.001661
  step:  42 bond rmsd: 0.001650
  step:  43 bond rmsd: 0.001643
  step:  44 bond rmsd: 0.001634
  step:  45 bond rmsd: 0.001626
  step:  46 bond rmsd: 0.001616
  step:  47 bond rmsd: 0.001608
  step:  48 bond rmsd: 0.001598
  step:  49 bond rmsd: 0.001591
  step:  50 bond rmsd: 0.001583
  step:  51 bond rmsd: 0.001577
  step:  52 bond rmsd: 0.001576
micro_cycle  12 rmsd(b):  0.0016 rws:  1.000 n_fev: 626
  step:   1 bond rmsd: 0.001576
  step:   2 bond rmsd: 0.047504
  step:   3 bond rmsd: 0.001934
  step:   4 bond rmsd: 0.001812
  step:   5 bond rmsd: 0.001730
  step:   6 bond rmsd: 0.001676
  step:   7 bond rmsd: 0.001641
  step:   8 bond rmsd: 0.001619
  step:   9 bond rmsd: 0.001606
  step:  10 bond rmsd: 0.001598
  step:  11 bond rmsd: 0.001594
  step:  12 bond rmsd: 0.001592
  step:  13 bond rmsd: 0.001591
  step:  14 bond rmsd: 0.001592
  step:  15 bond rmsd: 0.001593
  step:  16 bond rmsd: 0.001594
  step:  17 bond rmsd: 0.001596
  step:  18 bond rmsd: 0.001598
  step:  19 bond rmsd: 0.001600
  step:  20 bond rmsd: 0.001604
  step:  21 bond rmsd: 0.001608
  step:  22 bond rmsd: 0.001614
  step:  23 bond rmsd: 0.001623
  step:  24 bond rmsd: 0.001636
  step:  25 bond rmsd: 0.001656
  step:  26 bond rmsd: 0.001676
  step:  27 bond rmsd: 0.001695
  step:  28 bond rmsd: 0.001713
  step:  29 bond rmsd: 0.001737
  step:  30 bond rmsd: 0.001737
  step:  31 bond rmsd: 0.001748
  step:  32 bond rmsd: 0.001757
  step:  33 bond rmsd: 0.001766
  step:  34 bond rmsd: 0.001775
  step:  35 bond rmsd: 0.001783
  step:  36 bond rmsd: 0.001790
  step:  37 bond rmsd: 0.001796
  step:  38 bond rmsd: 0.001803
  step:  39 bond rmsd: 0.001810
  step:  40 bond rmsd: 0.001819
  step:  41 bond rmsd: 0.001827
  step:  42 bond rmsd: 0.001868
  step:  43 bond rmsd: 0.001868
  step:  44 bond rmsd: 0.001869
  step:  45 bond rmsd: 0.001870
  step:  46 bond rmsd: 0.001868
  step:  47 bond rmsd: 0.001865
  step:  48 bond rmsd: 0.001863
  step:  49 bond rmsd: 0.001857
  step:  50 bond rmsd: 0.001850
  step:  51 bond rmsd: 0.001845
  step:  52 bond rmsd: 0.001842
  step:  53 bond rmsd: 0.001839
  step:  54 bond rmsd: 0.001843
micro_cycle  13 rmsd(b):  0.0018 rws:  1.000 n_fev: 680
  step:   1 bond rmsd: 0.001843
  step:   2 bond rmsd: 0.046739
  step:   3 bond rmsd: 0.026018
  step:   4 bond rmsd: 0.020881
  step:   5 bond rmsd: 0.016778
  step:   6 bond rmsd: 0.013494
  step:   7 bond rmsd: 0.010875
  step:   8 bond rmsd: 0.008789
  step:   9 bond rmsd: 0.007133
  step:  10 bond rmsd: 0.005825
  step:  11 bond rmsd: 0.004799
  step:  12 bond rmsd: 0.004003
  step:  13 bond rmsd: 0.003395
  step:  14 bond rmsd: 0.002937
  step:  15 bond rmsd: 0.002600
  step:  16 bond rmsd: 0.002358
  step:  17 bond rmsd: 0.002187
  step:  18 bond rmsd: 0.002069
  step:  19 bond rmsd: 0.001988
  step:  20 bond rmsd: 0.001933
  step:  21 bond rmsd: 0.001896
  step:  22 bond rmsd: 0.001871
  step:  23 bond rmsd: 0.001854
  step:  24 bond rmsd: 0.001842
  step:  25 bond rmsd: 0.001834
  step:  26 bond rmsd: 0.001827
  step:  27 bond rmsd: 0.001822
  step:  28 bond rmsd: 0.001818
  step:  29 bond rmsd: 0.001815
  step:  30 bond rmsd: 0.001811
  step:  31 bond rmsd: 0.001808
  step:  32 bond rmsd: 0.001804
  step:  33 bond rmsd: 0.001799
  step:  34 bond rmsd: 0.001793
  step:  35 bond rmsd: 0.001784
  step:  36 bond rmsd: 0.001773
  step:  37 bond rmsd: 0.001757
  step:  38 bond rmsd: 0.001735
  step:  39 bond rmsd: 0.001710
  step:  40 bond rmsd: 0.001698
  step:  41 bond rmsd: 0.001696
  step:  42 bond rmsd: 0.001687
  step:  43 bond rmsd: 0.001680
  step:  44 bond rmsd: 0.001672
  step:  45 bond rmsd: 0.001666
  step:  46 bond rmsd: 0.001659
  step:  47 bond rmsd: 0.001654
  step:  48 bond rmsd: 0.001650
  step:  49 bond rmsd: 0.001638
  step:  50 bond rmsd: 0.001636
  step:  51 bond rmsd: 0.001632
  step:  52 bond rmsd: 0.001627
micro_cycle  14 rmsd(b):  0.0016 rws:  1.000 n_fev: 732
  step:   1 bond rmsd: 0.001627
  step:   2 bond rmsd: 0.053067
  step:   3 bond rmsd: 0.002112
  step:   4 bond rmsd: 0.001969
  step:   5 bond rmsd: 0.001869
  step:   6 bond rmsd: 0.001798
  step:   7 bond rmsd: 0.001750
  step:   8 bond rmsd: 0.001716
  step:   9 bond rmsd: 0.001692
  step:  10 bond rmsd: 0.001676
  step:  11 bond rmsd: 0.001664
  step:  12 bond rmsd: 0.001655
  step:  13 bond rmsd: 0.001649
  step:  14 bond rmsd: 0.001645
  step:  15 bond rmsd: 0.001641
  step:  16 bond rmsd: 0.001639
  step:  17 bond rmsd: 0.001637
  step:  18 bond rmsd: 0.001635
  step:  19 bond rmsd: 0.001634
  step:  20 bond rmsd: 0.001632
  step:  21 bond rmsd: 0.001631
  step:  22 bond rmsd: 0.001630
  step:  23 bond rmsd: 0.001629
  step:  24 bond rmsd: 0.001629
  step:  25 bond rmsd: 0.001628
  step:  26 bond rmsd: 0.001629
  step:  27 bond rmsd: 0.001631
  step:  28 bond rmsd: 0.001637
  step:  29 bond rmsd: 0.001673
  step:  30 bond rmsd: 0.001677
  step:  31 bond rmsd: 0.001683
  step:  32 bond rmsd: 0.001691
  step:  33 bond rmsd: 0.001702
  step:  34 bond rmsd: 0.001711
  step:  35 bond rmsd: 0.001723
  step:  36 bond rmsd: 0.001734
  step:  37 bond rmsd: 0.001747
  step:  38 bond rmsd: 0.001761
  step:  39 bond rmsd: 0.001777
  step:  40 bond rmsd: 0.001793
  step:  41 bond rmsd: 0.001816
  step:  42 bond rmsd: 0.001838
  step:  43 bond rmsd: 0.001866
  step:  44 bond rmsd: 0.001902
  step:  45 bond rmsd: 0.001940
  step:  46 bond rmsd: 0.001995
  step:  47 bond rmsd: 0.002033
  step:  48 bond rmsd: 0.002081
  step:  49 bond rmsd: 0.002121
  step:  50 bond rmsd: 0.002171
  step:  51 bond rmsd: 0.002221
  step:  52 bond rmsd: 0.002246
micro_cycle  15 rmsd(b):  0.0022 rws:  1.000 n_fev: 784
  step:   1 bond rmsd: 0.002246
  step:   2 bond rmsd: 0.062776
  step:   3 bond rmsd: 0.010339
  step:   4 bond rmsd: 0.008343
  step:   5 bond rmsd: 0.006770
  step:   6 bond rmsd: 0.005537
  step:   7 bond rmsd: 0.004581
  step:   8 bond rmsd: 0.003851
  step:   9 bond rmsd: 0.003304
  step:  10 bond rmsd: 0.002905
  step:  11 bond rmsd: 0.002620
  step:  12 bond rmsd: 0.002422
  step:  13 bond rmsd: 0.002289
  step:  14 bond rmsd: 0.002200
  step:  15 bond rmsd: 0.002141
  step:  16 bond rmsd: 0.002103
  step:  17 bond rmsd: 0.002078
  step:  18 bond rmsd: 0.002061
  step:  19 bond rmsd: 0.002050
  step:  20 bond rmsd: 0.002042
  step:  21 bond rmsd: 0.002036
  step:  22 bond rmsd: 0.002031
  step:  23 bond rmsd: 0.002027
  step:  24 bond rmsd: 0.002023
  step:  25 bond rmsd: 0.002018
  step:  26 bond rmsd: 0.002013
  step:  27 bond rmsd: 0.002005
  step:  28 bond rmsd: 0.001993
  step:  29 bond rmsd: 0.001975
  step:  30 bond rmsd: 0.001946
  step:  31 bond rmsd: 0.001900
  step:  32 bond rmsd: 0.001812
  step:  33 bond rmsd: 0.001761
  step:  34 bond rmsd: 0.001723
  step:  35 bond rmsd: 0.001690
  step:  36 bond rmsd: 0.001675
  step:  37 bond rmsd: 0.001661
  step:  38 bond rmsd: 0.001650
  step:  39 bond rmsd: 0.001642
  step:  40 bond rmsd: 0.001636
  step:  41 bond rmsd: 0.001629
  step:  42 bond rmsd: 0.001624
  step:  43 bond rmsd: 0.001621
  step:  44 bond rmsd: 0.001616
  step:  45 bond rmsd: 0.001614
  step:  46 bond rmsd: 0.001612
  step:  47 bond rmsd: 0.001612
  step:  48 bond rmsd: 0.001611
  step:  49 bond rmsd: 0.001612
  step:  50 bond rmsd: 0.001614
  step:  51 bond rmsd: 0.001618
  step:  52 bond rmsd: 0.001622
micro_cycle  16 rmsd(b):  0.0016 rws:  1.000 n_fev: 836
  step:   1 bond rmsd: 0.001622
  step:   2 bond rmsd: 0.054198
  step:   3 bond rmsd: 0.001670
  step:   4 bond rmsd: 0.001658
  step:   5 bond rmsd: 0.001649
  step:   6 bond rmsd: 0.001643
  step:   7 bond rmsd: 0.001638
  step:   8 bond rmsd: 0.001635
  step:   9 bond rmsd: 0.001632
  step:  10 bond rmsd: 0.001630
  step:  11 bond rmsd: 0.001628
  step:  12 bond rmsd: 0.001627
  step:  13 bond rmsd: 0.001626
  step:  14 bond rmsd: 0.001625
  step:  15 bond rmsd: 0.001624
  step:  16 bond rmsd: 0.001623
  step:  17 bond rmsd: 0.001623
  step:  18 bond rmsd: 0.001622
  step:  19 bond rmsd: 0.001622
  step:  20 bond rmsd: 0.001621
  step:  21 bond rmsd: 0.001621
  step:  22 bond rmsd: 0.001623
  step:  23 bond rmsd: 0.001628
  step:  24 bond rmsd: 0.001631
  step:  25 bond rmsd: 0.001634
  step:  26 bond rmsd: 0.001668
  step:  27 bond rmsd: 0.001668
  step:  28 bond rmsd: 0.001665
  step:  29 bond rmsd: 0.001662
  step:  30 bond rmsd: 0.001661
  step:  31 bond rmsd: 0.001660
  step:  32 bond rmsd: 0.001660
  step:  33 bond rmsd: 0.001660
  step:  34 bond rmsd: 0.001660
  step:  35 bond rmsd: 0.001661
  step:  36 bond rmsd: 0.001662
  step:  37 bond rmsd: 0.001664
  step:  38 bond rmsd: 0.001668
  step:  39 bond rmsd: 0.001671
  step:  40 bond rmsd: 0.001688
  step:  41 bond rmsd: 0.001693
  step:  42 bond rmsd: 0.001699
  step:  43 bond rmsd: 0.001707
  step:  44 bond rmsd: 0.001716
  step:  45 bond rmsd: 0.001728
  step:  46 bond rmsd: 0.001736
  step:  47 bond rmsd: 0.001752
  step:  48 bond rmsd: 0.001766
  step:  49 bond rmsd: 0.001780
  step:  50 bond rmsd: 0.001802
  step:  51 bond rmsd: 0.001814
  step:  52 bond rmsd: 0.001829
  step:  53 bond rmsd: 0.001839
micro_cycle  17 rmsd(b):  0.0018 rws:  1.000 n_fev: 889
  step:   1 bond rmsd: 0.001839
  step:   2 bond rmsd: 0.068383
  step:   3 bond rmsd: 0.006600
  step:   4 bond rmsd: 0.005369
  step:   5 bond rmsd: 0.004411
  step:   6 bond rmsd: 0.003671
  step:   7 bond rmsd: 0.003110
  step:   8 bond rmsd: 0.002693
  step:   9 bond rmsd: 0.002392
  step:  10 bond rmsd: 0.002180
  step:  11 bond rmsd: 0.002034
  step:  12 bond rmsd: 0.001937
  step:  13 bond rmsd: 0.001873
  step:  14 bond rmsd: 0.001832
  step:  15 bond rmsd: 0.001805
  step:  16 bond rmsd: 0.001787
  step:  17 bond rmsd: 0.001776
  step:  18 bond rmsd: 0.001768
  step:  19 bond rmsd: 0.001763
  step:  20 bond rmsd: 0.001759
  step:  21 bond rmsd: 0.001755
  step:  22 bond rmsd: 0.001753
  step:  23 bond rmsd: 0.001750
  step:  24 bond rmsd: 0.001747
  step:  25 bond rmsd: 0.001743
  step:  26 bond rmsd: 0.001738
  step:  27 bond rmsd: 0.001732
  step:  28 bond rmsd: 0.001722
  step:  29 bond rmsd: 0.001709
  step:  30 bond rmsd: 0.001689
  step:  31 bond rmsd: 0.001664
  step:  32 bond rmsd: 0.001652
  step:  33 bond rmsd: 0.001640
  step:  34 bond rmsd: 0.001627
  step:  35 bond rmsd: 0.001637
  step:  36 bond rmsd: 0.001637
  step:  37 bond rmsd: 0.001624
  step:  38 bond rmsd: 0.001615
  step:  39 bond rmsd: 0.001607
  step:  40 bond rmsd: 0.001601
  step:  41 bond rmsd: 0.001597
  step:  42 bond rmsd: 0.001593
  step:  43 bond rmsd: 0.001590
  step:  44 bond rmsd: 0.001588
  step:  45 bond rmsd: 0.001586
  step:  46 bond rmsd: 0.001584
  step:  47 bond rmsd: 0.001582
  step:  48 bond rmsd: 0.001579
  step:  49 bond rmsd: 0.001578
  step:  50 bond rmsd: 0.001577
  step:  51 bond rmsd: 0.001575
  step:  52 bond rmsd: 0.001576
  step:  53 bond rmsd: 0.001578
micro_cycle  18 rmsd(b):  0.0016 rws:  1.000 n_fev: 942
  step:   1 bond rmsd: 0.001578
  step:   2 bond rmsd: 0.050423
  step:   3 bond rmsd: 0.001771
  step:   4 bond rmsd: 0.001716
  step:   5 bond rmsd: 0.001677
  step:   6 bond rmsd: 0.001650
  step:   7 bond rmsd: 0.001631
  step:   8 bond rmsd: 0.001618
  step:   9 bond rmsd: 0.001609
  step:  10 bond rmsd: 0.001602
  step:  11 bond rmsd: 0.001597
  step:  12 bond rmsd: 0.001594
  step:  13 bond rmsd: 0.001591
  step:  14 bond rmsd: 0.001589
  step:  15 bond rmsd: 0.001587
  step:  16 bond rmsd: 0.001586
  step:  17 bond rmsd: 0.001585
  step:  18 bond rmsd: 0.001585
  step:  19 bond rmsd: 0.001584
  step:  20 bond rmsd: 0.001584
  step:  21 bond rmsd: 0.001583
  step:  22 bond rmsd: 0.001583
  step:  23 bond rmsd: 0.001583
  step:  24 bond rmsd: 0.001584
  step:  25 bond rmsd: 0.001587
  step:  26 bond rmsd: 0.001591
  step:  27 bond rmsd: 0.001599
  step:  28 bond rmsd: 0.001607
  step:  29 bond rmsd: 0.001614
  step:  30 bond rmsd: 0.001621
  step:  31 bond rmsd: 0.001628
  step:  32 bond rmsd: 0.001634
  step:  33 bond rmsd: 0.001638
  step:  34 bond rmsd: 0.001642
  step:  35 bond rmsd: 0.001647
  step:  36 bond rmsd: 0.001651
  step:  37 bond rmsd: 0.001654
  step:  38 bond rmsd: 0.001658
  step:  39 bond rmsd: 0.001661
  step:  40 bond rmsd: 0.001665
  step:  41 bond rmsd: 0.001670
  step:  42 bond rmsd: 0.001676
  step:  43 bond rmsd: 0.001680
  step:  44 bond rmsd: 0.001686
  step:  45 bond rmsd: 0.001689
  step:  46 bond rmsd: 0.001696
  step:  47 bond rmsd: 0.001700
  step:  48 bond rmsd: 0.001711
  step:  49 bond rmsd: 0.001714
  step:  50 bond rmsd: 0.001717
  step:  51 bond rmsd: 0.001719
  step:  52 bond rmsd: 0.001729
micro_cycle  19 rmsd(b):  0.0017 rws:  1.000 n_fev: 994
  step:   1 bond rmsd: 0.001729
  step:   2 bond rmsd: 0.068561
  step:   3 bond rmsd: 0.002527
  step:   4 bond rmsd: 0.002247
  step:   5 bond rmsd: 0.002051
  step:   6 bond rmsd: 0.001920
  step:   7 bond rmsd: 0.001834
  step:   8 bond rmsd: 0.001779
  step:   9 bond rmsd: 0.001745
  step:  10 bond rmsd: 0.001725
  step:  11 bond rmsd: 0.001713
  step:  12 bond rmsd: 0.001707
  step:  13 bond rmsd: 0.001703
  step:  14 bond rmsd: 0.001701
  step:  15 bond rmsd: 0.001701
  step:  16 bond rmsd: 0.001701
  step:  17 bond rmsd: 0.001701
  step:  18 bond rmsd: 0.001702
  step:  19 bond rmsd: 0.001703
  step:  20 bond rmsd: 0.001703
  step:  21 bond rmsd: 0.001704
  step:  22 bond rmsd: 0.001704
  step:  23 bond rmsd: 0.001704
  step:  24 bond rmsd: 0.001704
  step:  25 bond rmsd: 0.001702
  step:  26 bond rmsd: 0.001698
  step:  27 bond rmsd: 0.001687
  step:  28 bond rmsd: 0.001684
  step:  29 bond rmsd: 0.001682
  step:  30 bond rmsd: 0.001669
  step:  31 bond rmsd: 0.001669
  step:  32 bond rmsd: 0.001669
  step:  33 bond rmsd: 0.001668
  step:  34 bond rmsd: 0.001668
  step:  35 bond rmsd: 0.001667
  step:  36 bond rmsd: 0.001666
  step:  37 bond rmsd: 0.001665
  step:  38 bond rmsd: 0.001664
  step:  39 bond rmsd: 0.001660
  step:  40 bond rmsd: 0.001658
  step:  41 bond rmsd: 0.001654
  step:  42 bond rmsd: 0.001650
  step:  43 bond rmsd: 0.001647
  step:  44 bond rmsd: 0.001642
  step:  45 bond rmsd: 0.001638
  step:  46 bond rmsd: 0.001632
  step:  47 bond rmsd: 0.001629
  step:  48 bond rmsd: 0.001622
  step:  49 bond rmsd: 0.001616
  step:  50 bond rmsd: 0.001610
  step:  51 bond rmsd: 0.001606
  step:  52 bond rmsd: 0.001602
micro_cycle  20 rmsd(b):  0.0016 rws:  1.000 n_fev: 1046
  step:   1 bond rmsd: 0.001602
  step:   2 bond rmsd: 0.059594
  step:   3 bond rmsd: 0.001603
  step:   4 bond rmsd: 0.001602
  step:   5 bond rmsd: 0.001602
  step:   6 bond rmsd: 0.001602
  step:   7 bond rmsd: 0.001602
  step:   8 bond rmsd: 0.001602
  step:   9 bond rmsd: 0.001603
  step:  10 bond rmsd: 0.001603
  step:  11 bond rmsd: 0.001604
  step:  12 bond rmsd: 0.001604
  step:  13 bond rmsd: 0.001605
  step:  14 bond rmsd: 0.001606
  step:  15 bond rmsd: 0.001607
  step:  16 bond rmsd: 0.001609
  step:  17 bond rmsd: 0.001611
  step:  18 bond rmsd: 0.001614
  step:  19 bond rmsd: 0.001617
  step:  20 bond rmsd: 0.001618
  step:  21 bond rmsd: 0.001621
  step:  22 bond rmsd: 0.001623
  step:  23 bond rmsd: 0.001627
  step:  24 bond rmsd: 0.001630
  step:  25 bond rmsd: 0.001634
  step:  26 bond rmsd: 0.001635
  step:  27 bond rmsd: 0.001637
  step:  28 bond rmsd: 0.001639
  step:  29 bond rmsd: 0.001641
  step:  30 bond rmsd: 0.001643
  step:  31 bond rmsd: 0.001643
  step:  32 bond rmsd: 0.001645
  step:  33 bond rmsd: 0.001646
  step:  34 bond rmsd: 0.001647
  step:  35 bond rmsd: 0.001649
  step:  36 bond rmsd: 0.001648
  step:  37 bond rmsd: 0.001650
  step:  38 bond rmsd: 0.001650
  step:  39 bond rmsd: 0.001652
  step:  40 bond rmsd: 0.001654
  step:  41 bond rmsd: 0.001656
  step:  42 bond rmsd: 0.001660
  step:  43 bond rmsd: 0.001661
  step:  44 bond rmsd: 0.001669
  step:  45 bond rmsd: 0.001670
  step:  46 bond rmsd: 0.001671
  step:  47 bond rmsd: 0.001670
  step:  48 bond rmsd: 0.001668
  step:  49 bond rmsd: 0.001659
  step:  50 bond rmsd: 0.001658
  step:  51 bond rmsd: 0.001641
  step:  52 bond rmsd: 0.001639
micro_cycle  21 rmsd(b):  0.0016 rws:  1.000 n_fev: 1098
  step:   1 bond rmsd: 0.001639
  step:   2 bond rmsd: 0.064201
  step:   3 bond rmsd: 0.003897
  step:   4 bond rmsd: 0.003283
  step:   5 bond rmsd: 0.002816
  step:   6 bond rmsd: 0.002468
  step:   7 bond rmsd: 0.002213
  step:   8 bond rmsd: 0.002031
  step:   9 bond rmsd: 0.001902
  step:  10 bond rmsd: 0.001812
  step:  11 bond rmsd: 0.001751
  step:  12 bond rmsd: 0.001708
  step:  13 bond rmsd: 0.001679
  step:  14 bond rmsd: 0.001658
  step:  15 bond rmsd: 0.001644
  step:  16 bond rmsd: 0.001633
  step:  17 bond rmsd: 0.001626
  step:  18 bond rmsd: 0.001620
  step:  19 bond rmsd: 0.001616
  step:  20 bond rmsd: 0.001612
  step:  21 bond rmsd: 0.001609
  step:  22 bond rmsd: 0.001606
  step:  23 bond rmsd: 0.001604
  step:  24 bond rmsd: 0.001601
  step:  25 bond rmsd: 0.001598
  step:  26 bond rmsd: 0.001595
  step:  27 bond rmsd: 0.001591
  step:  28 bond rmsd: 0.001587
  step:  29 bond rmsd: 0.001584
  step:  30 bond rmsd: 0.001580
  step:  31 bond rmsd: 0.001581
  step:  32 bond rmsd: 0.001580
  step:  33 bond rmsd: 0.001587
  step:  34 bond rmsd: 0.001587
  step:  35 bond rmsd: 0.001587
  step:  36 bond rmsd: 0.001588
  step:  37 bond rmsd: 0.001589
  step:  38 bond rmsd: 0.001591
  step:  39 bond rmsd: 0.001591
  step:  40 bond rmsd: 0.001594
  step:  41 bond rmsd: 0.001594
  step:  42 bond rmsd: 0.001596
  step:  43 bond rmsd: 0.001597
  step:  44 bond rmsd: 0.001599
  step:  45 bond rmsd: 0.001600
  step:  46 bond rmsd: 0.001601
  step:  47 bond rmsd: 0.001603
  step:  48 bond rmsd: 0.001604
  step:  49 bond rmsd: 0.001606
  step:  50 bond rmsd: 0.001607
  step:  51 bond rmsd: 0.001608
  step:  52 bond rmsd: 0.001609
micro_cycle  22 rmsd(b):  0.0016 rws:  1.000 n_fev: 1150
  step:   1 bond rmsd: 0.001609
  step:   2 bond rmsd: 0.039089
  step:   3 bond rmsd: 0.001611
  step:   4 bond rmsd: 0.001609
  step:   5 bond rmsd: 0.001609
  step:   6 bond rmsd: 0.001608
  step:   7 bond rmsd: 0.001608
  step:   8 bond rmsd: 0.001608
  step:   9 bond rmsd: 0.001608
  step:  10 bond rmsd: 0.001608
  step:  11 bond rmsd: 0.001608
  step:  12 bond rmsd: 0.001608
  step:  13 bond rmsd: 0.001608
  step:  14 bond rmsd: 0.001608
  step:  15 bond rmsd: 0.001607
  step:  16 bond rmsd: 0.001607
  step:  17 bond rmsd: 0.001607
  step:  18 bond rmsd: 0.001607
  step:  19 bond rmsd: 0.001608
  step:  20 bond rmsd: 0.001606
  step:  21 bond rmsd: 0.001607
  step:  22 bond rmsd: 0.001608
  step:  23 bond rmsd: 0.001609
  step:  24 bond rmsd: 0.001610
  step:  25 bond rmsd: 0.001612
  step:  26 bond rmsd: 0.001613
  step:  27 bond rmsd: 0.001614
  step:  28 bond rmsd: 0.001616
  step:  29 bond rmsd: 0.001617
  step:  30 bond rmsd: 0.001616
  step:  31 bond rmsd: 0.001617
  step:  32 bond rmsd: 0.001621
  step:  33 bond rmsd: 0.001621
  step:  34 bond rmsd: 0.001621
  step:  35 bond rmsd: 0.001620
  step:  36 bond rmsd: 0.001620
  step:  37 bond rmsd: 0.001619
  step:  38 bond rmsd: 0.001619
  step:  39 bond rmsd: 0.001622
  step:  40 bond rmsd: 0.001620
  step:  41 bond rmsd: 0.001621
  step:  42 bond rmsd: 0.001625
  step:  43 bond rmsd: 0.001627
  step:  44 bond rmsd: 0.001629
  step:  45 bond rmsd: 0.001634
  step:  46 bond rmsd: 0.001640
  step:  47 bond rmsd: 0.001651
  step:  48 bond rmsd: 0.001657
  step:  49 bond rmsd: 0.001665
  step:  50 bond rmsd: 0.001678
  step:  51 bond rmsd: 0.001684
  step:  52 bond rmsd: 0.001692
micro_cycle  23 rmsd(b):  0.0017 rws:  1.000 n_fev: 1202
  step:   1 bond rmsd: 0.001692
  step:   2 bond rmsd: 0.043266
  step:   3 bond rmsd: 0.003881
  step:   4 bond rmsd: 0.003259
  step:   5 bond rmsd: 0.002790
  step:   6 bond rmsd: 0.002445
  step:   7 bond rmsd: 0.002197
  step:   8 bond rmsd: 0.002023
  step:   9 bond rmsd: 0.001905
  step:  10 bond rmsd: 0.001825
  step:  11 bond rmsd: 0.001772
  step:  12 bond rmsd: 0.001738
  step:  13 bond rmsd: 0.001716
  step:  14 bond rmsd: 0.001702
  step:  15 bond rmsd: 0.001692
  step:  16 bond rmsd: 0.001687
  step:  17 bond rmsd: 0.001683
  step:  18 bond rmsd: 0.001680
  step:  19 bond rmsd: 0.001678
  step:  20 bond rmsd: 0.001677
  step:  21 bond rmsd: 0.001676
  step:  22 bond rmsd: 0.001676
  step:  23 bond rmsd: 0.001675
  step:  24 bond rmsd: 0.001674
  step:  25 bond rmsd: 0.001673
  step:  26 bond rmsd: 0.001672
  step:  27 bond rmsd: 0.001671
  step:  28 bond rmsd: 0.001668
  step:  29 bond rmsd: 0.001664
  step:  30 bond rmsd: 0.001656
  step:  31 bond rmsd: 0.001653
  step:  32 bond rmsd: 0.001650
  step:  33 bond rmsd: 0.001648
  step:  34 bond rmsd: 0.001647
  step:  35 bond rmsd: 0.001646
  step:  36 bond rmsd: 0.001644
  step:  37 bond rmsd: 0.001644
  step:  38 bond rmsd: 0.001643
  step:  39 bond rmsd: 0.001642
  step:  40 bond rmsd: 0.001642
  step:  41 bond rmsd: 0.001641
  step:  42 bond rmsd: 0.001641
  step:  43 bond rmsd: 0.001640
  step:  44 bond rmsd: 0.001641
  step:  45 bond rmsd: 0.001640
  step:  46 bond rmsd: 0.001639
  step:  47 bond rmsd: 0.001636
  step:  48 bond rmsd: 0.001634
  step:  49 bond rmsd: 0.001631
  step:  50 bond rmsd: 0.001628
  step:  51 bond rmsd: 0.001625
  step:  52 bond rmsd: 0.001622
micro_cycle  24 rmsd(b):  0.0016 rws:  1.000 n_fev: 1254
  step:   1 bond rmsd: 0.001622
  step:   2 bond rmsd: 0.059437
  step:   3 bond rmsd: 0.001624
  step:   4 bond rmsd: 0.001622
  step:   5 bond rmsd: 0.001620
  step:   6 bond rmsd: 0.001620
  step:   7 bond rmsd: 0.001619
  step:   8 bond rmsd: 0.001619
  step:   9 bond rmsd: 0.001619
  step:  10 bond rmsd: 0.001620
  step:  11 bond rmsd: 0.001620
  step:  12 bond rmsd: 0.001620
  step:  13 bond rmsd: 0.001620
  step:  14 bond rmsd: 0.001620
  step:  15 bond rmsd: 0.001620
  step:  16 bond rmsd: 0.001620
  step:  17 bond rmsd: 0.001620
  step:  18 bond rmsd: 0.001620
  step:  19 bond rmsd: 0.001620
  step:  20 bond rmsd: 0.001619
  step:  21 bond rmsd: 0.001618
  step:  22 bond rmsd: 0.001617
  step:  23 bond rmsd: 0.001616
  step:  24 bond rmsd: 0.001614
  step:  25 bond rmsd: 0.001614
  step:  26 bond rmsd: 0.001614
  step:  27 bond rmsd: 0.001615
  step:  28 bond rmsd: 0.001614
  step:  29 bond rmsd: 0.001614
  step:  30 bond rmsd: 0.001615
  step:  31 bond rmsd: 0.001615
  step:  32 bond rmsd: 0.001616
  step:  33 bond rmsd: 0.001616
  step:  34 bond rmsd: 0.001621
  step:  35 bond rmsd: 0.001621
  step:  36 bond rmsd: 0.001619
  step:  37 bond rmsd: 0.001619
  step:  38 bond rmsd: 0.001619
  step:  39 bond rmsd: 0.001617
  step:  40 bond rmsd: 0.001617
  step:  41 bond rmsd: 0.001618
  step:  42 bond rmsd: 0.001619
  step:  43 bond rmsd: 0.001620
  step:  44 bond rmsd: 0.001622
  step:  45 bond rmsd: 0.001624
  step:  46 bond rmsd: 0.001623
  step:  47 bond rmsd: 0.001625
  step:  48 bond rmsd: 0.001627
  step:  49 bond rmsd: 0.001629
  step:  50 bond rmsd: 0.001630
  step:  51 bond rmsd: 0.001634
  step:  52 bond rmsd: 0.001635
micro_cycle  25 rmsd(b):  0.0016 rws:  1.000 n_fev: 1306
  step:   1 bond rmsd: 0.001635
  step:   2 bond rmsd: 0.050306
  step:   3 bond rmsd: 0.001627
  step:   4 bond rmsd: 0.001623
  step:   5 bond rmsd: 0.001622
  step:   6 bond rmsd: 0.001622
  step:   7 bond rmsd: 0.001622
  step:   8 bond rmsd: 0.001623
  step:   9 bond rmsd: 0.001623
  step:  10 bond rmsd: 0.001624
  step:  11 bond rmsd: 0.001624
  step:  12 bond rmsd: 0.001625
  step:  13 bond rmsd: 0.001625
  step:  14 bond rmsd: 0.001626
  step:  15 bond rmsd: 0.001626
  step:  16 bond rmsd: 0.001626
  step:  17 bond rmsd: 0.001626
  step:  18 bond rmsd: 0.001626
  step:  19 bond rmsd: 0.001626
  step:  20 bond rmsd: 0.001624
  step:  21 bond rmsd: 0.001621
  step:  22 bond rmsd: 0.001610
  step:  23 bond rmsd: 0.001608
  step:  24 bond rmsd: 0.001606
  step:  25 bond rmsd: 0.001604
  step:  26 bond rmsd: 0.001603
  step:  27 bond rmsd: 0.001602
  step:  28 bond rmsd: 0.001602
  step:  29 bond rmsd: 0.001600
  step:  30 bond rmsd: 0.001601
  step:  31 bond rmsd: 0.001601
  step:  32 bond rmsd: 0.001596
  step:  33 bond rmsd: 0.001596
  step:  34 bond rmsd: 0.001595
  step:  35 bond rmsd: 0.001595
  step:  36 bond rmsd: 0.001596
  step:  37 bond rmsd: 0.001597
  step:  38 bond rmsd: 0.001598
  step:  39 bond rmsd: 0.001600
  step:  40 bond rmsd: 0.001601
  step:  41 bond rmsd: 0.001603
  step:  42 bond rmsd: 0.001608
  step:  43 bond rmsd: 0.001608
  step:  44 bond rmsd: 0.001610
  step:  45 bond rmsd: 0.001611
  step:  46 bond rmsd: 0.001613
  step:  47 bond rmsd: 0.001615
  step:  48 bond rmsd: 0.001616
  step:  49 bond rmsd: 0.001619
  step:  50 bond rmsd: 0.001620
  step:  51 bond rmsd: 0.001622
  step:  52 bond rmsd: 0.001623
micro_cycle  26 rmsd(b):  0.0016 rws:  1.000 n_fev: 1358
  step:   1 bond rmsd: 0.001623
  step:   2 bond rmsd: 0.052023
  step:   3 bond rmsd: 0.001853
  step:   4 bond rmsd: 0.001784
  step:   5 bond rmsd: 0.001736
  step:   6 bond rmsd: 0.001703
  step:   7 bond rmsd: 0.001680
  step:   8 bond rmsd: 0.001664
  step:   9 bond rmsd: 0.001653
  step:  10 bond rmsd: 0.001645
  step:  11 bond rmsd: 0.001640
  step:  12 bond rmsd: 0.001636
  step:  13 bond rmsd: 0.001632
  step:  14 bond rmsd: 0.001630
  step:  15 bond rmsd: 0.001628
  step:  16 bond rmsd: 0.001627
  step:  17 bond rmsd: 0.001626
  step:  18 bond rmsd: 0.001625
  step:  19 bond rmsd: 0.001624
  step:  20 bond rmsd: 0.001623
  step:  21 bond rmsd: 0.001622
  step:  22 bond rmsd: 0.001621
  step:  23 bond rmsd: 0.001620
  step:  24 bond rmsd: 0.001619
  step:  25 bond rmsd: 0.001617
  step:  26 bond rmsd: 0.001616
  step:  27 bond rmsd: 0.001615
  step:  28 bond rmsd: 0.001614
  step:  29 bond rmsd: 0.001613
  step:  30 bond rmsd: 0.001619
  step:  31 bond rmsd: 0.001619
  step:  32 bond rmsd: 0.001617
  step:  33 bond rmsd: 0.001616
  step:  34 bond rmsd: 0.001615
  step:  35 bond rmsd: 0.001614
  step:  36 bond rmsd: 0.001613
  step:  37 bond rmsd: 0.001612
  step:  38 bond rmsd: 0.001611
  step:  39 bond rmsd: 0.001611
  step:  40 bond rmsd: 0.001610
  step:  41 bond rmsd: 0.001610
  step:  42 bond rmsd: 0.001609
  step:  43 bond rmsd: 0.001609
  step:  44 bond rmsd: 0.001609
  step:  45 bond rmsd: 0.001608
  step:  46 bond rmsd: 0.001608
  step:  47 bond rmsd: 0.001611
  step:  48 bond rmsd: 0.001612
  step:  49 bond rmsd: 0.001616
  step:  50 bond rmsd: 0.001617
  step:  51 bond rmsd: 0.001618
  step:  52 bond rmsd: 0.001621
  step:  53 bond rmsd: 0.001622
micro_cycle  27 rmsd(b):  0.0016 rws:  1.000 n_fev: 1411
  step:   1 bond rmsd: 0.001622
  step:   2 bond rmsd: 0.056939
  step:   3 bond rmsd: 0.001614
  step:   4 bond rmsd: 0.001613
  step:   5 bond rmsd: 0.001613
  step:   6 bond rmsd: 0.001614
  step:   7 bond rmsd: 0.001615
  step:   8 bond rmsd: 0.001615
  step:   9 bond rmsd: 0.001616
  step:  10 bond rmsd: 0.001617
  step:  11 bond rmsd: 0.001617
  step:  12 bond rmsd: 0.001618
  step:  13 bond rmsd: 0.001618
  step:  14 bond rmsd: 0.001618
  step:  15 bond rmsd: 0.001619
  step:  16 bond rmsd: 0.001619
  step:  17 bond rmsd: 0.001619
  step:  18 bond rmsd: 0.001620
  step:  19 bond rmsd: 0.001620
  step:  20 bond rmsd: 0.001620
  step:  21 bond rmsd: 0.001620
  step:  22 bond rmsd: 0.001619
  step:  23 bond rmsd: 0.001615
  step:  24 bond rmsd: 0.001614
  step:  25 bond rmsd: 0.001613
  step:  26 bond rmsd: 0.001605
  step:  27 bond rmsd: 0.001605
  step:  28 bond rmsd: 0.001605
  step:  29 bond rmsd: 0.001605
  step:  30 bond rmsd: 0.001606
  step:  31 bond rmsd: 0.001606
  step:  32 bond rmsd: 0.001606
  step:  33 bond rmsd: 0.001606
  step:  34 bond rmsd: 0.001606
  step:  35 bond rmsd: 0.001606
  step:  36 bond rmsd: 0.001606
  step:  37 bond rmsd: 0.001606
  step:  38 bond rmsd: 0.001606
  step:  39 bond rmsd: 0.001607
  step:  40 bond rmsd: 0.001607
  step:  41 bond rmsd: 0.001606
  step:  42 bond rmsd: 0.001606
  step:  43 bond rmsd: 0.001605
  step:  44 bond rmsd: 0.001605
  step:  45 bond rmsd: 0.001605
  step:  46 bond rmsd: 0.001605
  step:  47 bond rmsd: 0.001605
  step:  48 bond rmsd: 0.001605
  step:  49 bond rmsd: 0.001606
  step:  50 bond rmsd: 0.001607
  step:  51 bond rmsd: 0.001609
  step:  52 bond rmsd: 0.001611
  step:  53 bond rmsd: 0.001613
micro_cycle  28 rmsd(b):  0.0016 rws:  1.000 n_fev: 1464
  step:   1 bond rmsd: 0.001613
  step:   2 bond rmsd: 0.055240
  step:   3 bond rmsd: 0.002452
  step:   4 bond rmsd: 0.002205
  step:   5 bond rmsd: 0.002028
  step:   6 bond rmsd: 0.001902
  step:   7 bond rmsd: 0.001815
  step:   8 bond rmsd: 0.001755
  step:   9 bond rmsd: 0.001713
  step:  10 bond rmsd: 0.001684
  step:  11 bond rmsd: 0.001664
  step:  12 bond rmsd: 0.001650
  step:  13 bond rmsd: 0.001641
  step:  14 bond rmsd: 0.001634
  step:  15 bond rmsd: 0.001629
  step:  16 bond rmsd: 0.001625
  step:  17 bond rmsd: 0.001622
  step:  18 bond rmsd: 0.001620
  step:  19 bond rmsd: 0.001618
  step:  20 bond rmsd: 0.001617
  step:  21 bond rmsd: 0.001616
  step:  22 bond rmsd: 0.001615
  step:  23 bond rmsd: 0.001614
  step:  24 bond rmsd: 0.001613
  step:  25 bond rmsd: 0.001613
  step:  26 bond rmsd: 0.001612
  step:  27 bond rmsd: 0.001611
  step:  28 bond rmsd: 0.001610
  step:  29 bond rmsd: 0.001608
  step:  30 bond rmsd: 0.001607
  step:  31 bond rmsd: 0.001607
  step:  32 bond rmsd: 0.001607
  step:  33 bond rmsd: 0.001607
  step:  34 bond rmsd: 0.001606
  step:  35 bond rmsd: 0.001607
  step:  36 bond rmsd: 0.001607
  step:  37 bond rmsd: 0.001609
  step:  38 bond rmsd: 0.001609
  step:  39 bond rmsd: 0.001608
  step:  40 bond rmsd: 0.001609
  step:  41 bond rmsd: 0.001608
  step:  42 bond rmsd: 0.001609
  step:  43 bond rmsd: 0.001611
  step:  44 bond rmsd: 0.001613
  step:  45 bond rmsd: 0.001614
  step:  46 bond rmsd: 0.001617
  step:  47 bond rmsd: 0.001618
  step:  48 bond rmsd: 0.001618
  step:  49 bond rmsd: 0.001619
  step:  50 bond rmsd: 0.001620
  step:  51 bond rmsd: 0.001621
  step:  52 bond rmsd: 0.001622
micro_cycle  29 rmsd(b):  0.0016 rws:  1.000 n_fev: 1516
  step:   1 bond rmsd: 0.001622
  step:   2 bond rmsd: 0.076334
  step:   3 bond rmsd: 0.001624
  step:   4 bond rmsd: 0.001623
  step:   5 bond rmsd: 0.001622
  step:   6 bond rmsd: 0.001622
  step:   7 bond rmsd: 0.001621
  step:   8 bond rmsd: 0.001621
  step:   9 bond rmsd: 0.001621
  step:  10 bond rmsd: 0.001620
  step:  11 bond rmsd: 0.001620
  step:  12 bond rmsd: 0.001620
  step:  13 bond rmsd: 0.001620
  step:  14 bond rmsd: 0.001620
  step:  15 bond rmsd: 0.001619
  step:  16 bond rmsd: 0.001619
  step:  17 bond rmsd: 0.001618
  step:  18 bond rmsd: 0.001617
  step:  19 bond rmsd: 0.001616
  step:  20 bond rmsd: 0.001614
  step:  21 bond rmsd: 0.001612
  step:  22 bond rmsd: 0.001611
  step:  23 bond rmsd: 0.001611
  step:  24 bond rmsd: 0.001610
  step:  25 bond rmsd: 0.001609
  step:  26 bond rmsd: 0.001608
  step:  27 bond rmsd: 0.001607
  step:  28 bond rmsd: 0.001606
  step:  29 bond rmsd: 0.001606
  step:  30 bond rmsd: 0.001605
  step:  31 bond rmsd: 0.001604
  step:  32 bond rmsd: 0.001603
  step:  33 bond rmsd: 0.001602
  step:  34 bond rmsd: 0.001602
  step:  35 bond rmsd: 0.001602
  step:  36 bond rmsd: 0.001602
  step:  37 bond rmsd: 0.001602
  step:  38 bond rmsd: 0.001602
  step:  39 bond rmsd: 0.001602
  step:  40 bond rmsd: 0.001603
  step:  41 bond rmsd: 0.001603
  step:  42 bond rmsd: 0.001605
  step:  43 bond rmsd: 0.001606
  step:  44 bond rmsd: 0.001609
  step:  45 bond rmsd: 0.001610
  step:  46 bond rmsd: 0.001612
  step:  47 bond rmsd: 0.001615
  step:  48 bond rmsd: 0.001618
  step:  49 bond rmsd: 0.001623
  step:  50 bond rmsd: 0.001628
  step:  51 bond rmsd: 0.001633
  step:  52 bond rmsd: 0.001641
micro_cycle  30 rmsd(b):  0.0016 rws:  1.000 n_fev: 1568
  step:   1 bond rmsd: 0.001641
  step:   2 bond rmsd: 0.034193
  step:   3 bond rmsd: 0.001737
  step:   4 bond rmsd: 0.001702
  step:   5 bond rmsd: 0.001679
  step:   6 bond rmsd: 0.001663
  step:   7 bond rmsd: 0.001652
  step:   8 bond rmsd: 0.001644
  step:   9 bond rmsd: 0.001638
  step:  10 bond rmsd: 0.001634
  step:  11 bond rmsd: 0.001631
  step:  12 bond rmsd: 0.001628
  step:  13 bond rmsd: 0.001627
  step:  14 bond rmsd: 0.001625
  step:  15 bond rmsd: 0.001624
  step:  16 bond rmsd: 0.001623
  step:  17 bond rmsd: 0.001622
  step:  18 bond rmsd: 0.001621
  step:  19 bond rmsd: 0.001621
  step:  20 bond rmsd: 0.001620
  step:  21 bond rmsd: 0.001619
  step:  22 bond rmsd: 0.001618
  step:  23 bond rmsd: 0.001616
  step:  24 bond rmsd: 0.001614
  step:  25 bond rmsd: 0.001613
  step:  26 bond rmsd: 0.001612
  step:  27 bond rmsd: 0.001610
  step:  28 bond rmsd: 0.001609
  step:  29 bond rmsd: 0.001607
  step:  30 bond rmsd: 0.001606
  step:  31 bond rmsd: 0.001606
  step:  32 bond rmsd: 0.001604
  step:  33 bond rmsd: 0.001604
  step:  34 bond rmsd: 0.001603
  step:  35 bond rmsd: 0.001603
  step:  36 bond rmsd: 0.001604
  step:  37 bond rmsd: 0.001606
  step:  38 bond rmsd: 0.001606
  step:  39 bond rmsd: 0.001606
  step:  40 bond rmsd: 0.001606
  step:  41 bond rmsd: 0.001607
  step:  42 bond rmsd: 0.001608
  step:  43 bond rmsd: 0.001609
  step:  44 bond rmsd: 0.001610
  step:  45 bond rmsd: 0.001611
  step:  46 bond rmsd: 0.001613
  step:  47 bond rmsd: 0.001615
  step:  48 bond rmsd: 0.001617
  step:  49 bond rmsd: 0.001619
  step:  50 bond rmsd: 0.001621
  step:  51 bond rmsd: 0.001624
  step:  52 bond rmsd: 0.001625
micro_cycle  31 rmsd(b):  0.0016 rws:  1.000 n_fev: 1620
  step:   1 bond rmsd: 0.001625
  step:   2 bond rmsd: 0.053978
  step:   3 bond rmsd: 0.001819
  step:   4 bond rmsd: 0.001763
  step:   5 bond rmsd: 0.001724
  step:   6 bond rmsd: 0.001696
  step:   7 bond rmsd: 0.001677
  step:   8 bond rmsd: 0.001663
  step:   9 bond rmsd: 0.001654
  step:  10 bond rmsd: 0.001647
  step:  11 bond rmsd: 0.001641
  step:  12 bond rmsd: 0.001638
  step:  13 bond rmsd: 0.001634
  step:  14 bond rmsd: 0.001632
  step:  15 bond rmsd: 0.001630
  step:  16 bond rmsd: 0.001629
  step:  17 bond rmsd: 0.001627
  step:  18 bond rmsd: 0.001626
  step:  19 bond rmsd: 0.001625
  step:  20 bond rmsd: 0.001624
  step:  21 bond rmsd: 0.001623
  step:  22 bond rmsd: 0.001621
  step:  23 bond rmsd: 0.001620
  step:  24 bond rmsd: 0.001618
  step:  25 bond rmsd: 0.001615
  step:  26 bond rmsd: 0.001614
  step:  27 bond rmsd: 0.001612
  step:  28 bond rmsd: 0.001611
  step:  29 bond rmsd: 0.001612
  step:  30 bond rmsd: 0.001611
  step:  31 bond rmsd: 0.001610
  step:  32 bond rmsd: 0.001608
  step:  33 bond rmsd: 0.001608
  step:  34 bond rmsd: 0.001607
  step:  35 bond rmsd: 0.001606
  step:  36 bond rmsd: 0.001606
  step:  37 bond rmsd: 0.001604
  step:  38 bond rmsd: 0.001604
  step:  39 bond rmsd: 0.001604
  step:  40 bond rmsd: 0.001604
  step:  41 bond rmsd: 0.001605
  step:  42 bond rmsd: 0.001605
  step:  43 bond rmsd: 0.001606
  step:  44 bond rmsd: 0.001607
  step:  45 bond rmsd: 0.001608
  step:  46 bond rmsd: 0.001609
  step:  47 bond rmsd: 0.001611
  step:  48 bond rmsd: 0.001611
  step:  49 bond rmsd: 0.001611
  step:  50 bond rmsd: 0.001612
  step:  51 bond rmsd: 0.001612
  step:  52 bond rmsd: 0.001613
micro_cycle  32 rmsd(b):  0.0016 rws:  1.000 n_fev: 1672
  step:   1 bond rmsd: 0.001613
  step:   2 bond rmsd: 0.036236
  step:   3 bond rmsd: 0.001616
  step:   4 bond rmsd: 0.001615
  step:   5 bond rmsd: 0.001615
  step:   6 bond rmsd: 0.001614
  step:   7 bond rmsd: 0.001614
  step:   8 bond rmsd: 0.001613
  step:   9 bond rmsd: 0.001613
  step:  10 bond rmsd: 0.001613
  step:  11 bond rmsd: 0.001612
  step:  12 bond rmsd: 0.001612
  step:  13 bond rmsd: 0.001612
  step:  14 bond rmsd: 0.001612
  step:  15 bond rmsd: 0.001611
  step:  16 bond rmsd: 0.001611
  step:  17 bond rmsd: 0.001610
  step:  18 bond rmsd: 0.001609
  step:  19 bond rmsd: 0.001609
  step:  20 bond rmsd: 0.001609
  step:  21 bond rmsd: 0.001607
  step:  22 bond rmsd: 0.001607
  step:  23 bond rmsd: 0.001607
  step:  24 bond rmsd: 0.001610
  step:  25 bond rmsd: 0.001609
  step:  26 bond rmsd: 0.001608
  step:  27 bond rmsd: 0.001607
  step:  28 bond rmsd: 0.001606
  step:  29 bond rmsd: 0.001606
  step:  30 bond rmsd: 0.001605
  step:  31 bond rmsd: 0.001605
  step:  32 bond rmsd: 0.001605
  step:  33 bond rmsd: 0.001606
  step:  34 bond rmsd: 0.001607
  step:  35 bond rmsd: 0.001609
  step:  36 bond rmsd: 0.001611
  step:  37 bond rmsd: 0.001614
  step:  38 bond rmsd: 0.001617
  step:  39 bond rmsd: 0.001621
  step:  40 bond rmsd: 0.001623
  step:  41 bond rmsd: 0.001625
  step:  42 bond rmsd: 0.001630
  step:  43 bond rmsd: 0.001633
  step:  44 bond rmsd: 0.001638
  step:  45 bond rmsd: 0.001640
  step:  46 bond rmsd: 0.001645
  step:  47 bond rmsd: 0.001648
  step:  48 bond rmsd: 0.001651
  step:  49 bond rmsd: 0.001658
  step:  50 bond rmsd: 0.001661
  step:  51 bond rmsd: 0.001668
  step:  52 bond rmsd: 0.001667
micro_cycle  33 rmsd(b):  0.0017 rws:  1.000 n_fev: 1724
  step:   1 bond rmsd: 0.001667
  step:   2 bond rmsd: 0.043575
  step:   3 bond rmsd: 0.004896
  step:   4 bond rmsd: 0.004071
  step:   5 bond rmsd: 0.003433
  step:   6 bond rmsd: 0.002948
  step:   7 bond rmsd: 0.002585
  step:   8 bond rmsd: 0.002317
  step:   9 bond rmsd: 0.002124
  step:  10 bond rmsd: 0.001985
  step:  11 bond rmsd: 0.001888
  step:  12 bond rmsd: 0.001820
  step:  13 bond rmsd: 0.001772
  step:  14 bond rmsd: 0.001738
  step:  15 bond rmsd: 0.001714
  step:  16 bond rmsd: 0.001697
  step:  17 bond rmsd: 0.001684
  step:  18 bond rmsd: 0.001675
  step:  19 bond rmsd: 0.001668
  step:  20 bond rmsd: 0.001662
  step:  21 bond rmsd: 0.001658
  step:  22 bond rmsd: 0.001654
  step:  23 bond rmsd: 0.001651
  step:  24 bond rmsd: 0.001648
  step:  25 bond rmsd: 0.001645
  step:  26 bond rmsd: 0.001641
  step:  27 bond rmsd: 0.001638
  step:  28 bond rmsd: 0.001633
  step:  29 bond rmsd: 0.001628
  step:  30 bond rmsd: 0.001624
  step:  31 bond rmsd: 0.001620
  step:  32 bond rmsd: 0.001618
  step:  33 bond rmsd: 0.001615
  step:  34 bond rmsd: 0.001614
  step:  35 bond rmsd: 0.001613
  step:  36 bond rmsd: 0.001612
  step:  37 bond rmsd: 0.001612
  step:  38 bond rmsd: 0.001611
  step:  39 bond rmsd: 0.001610
  step:  40 bond rmsd: 0.001609
  step:  41 bond rmsd: 0.001608
  step:  42 bond rmsd: 0.001606
  step:  43 bond rmsd: 0.001605
  step:  44 bond rmsd: 0.001604
  step:  45 bond rmsd: 0.001603
  step:  46 bond rmsd: 0.001602
  step:  47 bond rmsd: 0.001602
  step:  48 bond rmsd: 0.001601
  step:  49 bond rmsd: 0.001602
  step:  50 bond rmsd: 0.001602
  step:  51 bond rmsd: 0.001604
  step:  52 bond rmsd: 0.001604
micro_cycle  34 rmsd(b):  0.0016 rws:  1.000 n_fev: 1776
  step:   1 bond rmsd: 0.001604
  step:   2 bond rmsd: 0.050364
  step:   3 bond rmsd: 0.001623
  step:   4 bond rmsd: 0.001613
  step:   5 bond rmsd: 0.001606
  step:   6 bond rmsd: 0.001603
  step:   7 bond rmsd: 0.001601
  step:   8 bond rmsd: 0.001600
  step:   9 bond rmsd: 0.001600
  step:  10 bond rmsd: 0.001600
  step:  11 bond rmsd: 0.001601
  step:  12 bond rmsd: 0.001601
  step:  13 bond rmsd: 0.001601
  step:  14 bond rmsd: 0.001602
  step:  15 bond rmsd: 0.001602
  step:  16 bond rmsd: 0.001602
  step:  17 bond rmsd: 0.001603
  step:  18 bond rmsd: 0.001603
  step:  19 bond rmsd: 0.001604
  step:  20 bond rmsd: 0.001604
  step:  21 bond rmsd: 0.001604
  step:  22 bond rmsd: 0.001605
  step:  23 bond rmsd: 0.001606
  step:  24 bond rmsd: 0.001606
  step:  25 bond rmsd: 0.001608
  step:  26 bond rmsd: 0.001609
  step:  27 bond rmsd: 0.001610
  step:  28 bond rmsd: 0.001612
  step:  29 bond rmsd: 0.001611
  step:  30 bond rmsd: 0.001613
  step:  31 bond rmsd: 0.001614
  step:  32 bond rmsd: 0.001616
  step:  33 bond rmsd: 0.001617
  step:  34 bond rmsd: 0.001619
  step:  35 bond rmsd: 0.001621
  step:  36 bond rmsd: 0.001622
  step:  37 bond rmsd: 0.001626
  step:  38 bond rmsd: 0.001627
  step:  39 bond rmsd: 0.001628
  step:  40 bond rmsd: 0.001629
  step:  41 bond rmsd: 0.001629
  step:  42 bond rmsd: 0.001629
  step:  43 bond rmsd: 0.001628
  step:  44 bond rmsd: 0.001626
  step:  45 bond rmsd: 0.001625
  step:  46 bond rmsd: 0.001622
  step:  47 bond rmsd: 0.001620
  step:  48 bond rmsd: 0.001618
  step:  49 bond rmsd: 0.001615
  step:  50 bond rmsd: 0.001612
  step:  51 bond rmsd: 0.001610
  step:  52 bond rmsd: 0.001606
micro_cycle  35 rmsd(b):  0.0016 rws:  1.000 n_fev: 1828
  step:   1 bond rmsd: 0.001606
  step:   2 bond rmsd: 0.045744
  step:   3 bond rmsd: 0.001607
  step:   4 bond rmsd: 0.001605
  step:   5 bond rmsd: 0.001603
  step:   6 bond rmsd: 0.001603
  step:   7 bond rmsd: 0.001603
  step:   8 bond rmsd: 0.001603
  step:   9 bond rmsd: 0.001603
  step:  10 bond rmsd: 0.001604
  step:  11 bond rmsd: 0.001604
  step:  12 bond rmsd: 0.001605
  step:  13 bond rmsd: 0.001606
  step:  14 bond rmsd: 0.001606
  step:  15 bond rmsd: 0.001607
  step:  16 bond rmsd: 0.001608
  step:  17 bond rmsd: 0.001609
  step:  18 bond rmsd: 0.001609
  step:  19 bond rmsd: 0.001610
  step:  20 bond rmsd: 0.001608
  step:  21 bond rmsd: 0.001609
  step:  22 bond rmsd: 0.001610
  step:  23 bond rmsd: 0.001611
  step:  24 bond rmsd: 0.001612
  step:  25 bond rmsd: 0.001612
  step:  26 bond rmsd: 0.001613
  step:  27 bond rmsd: 0.001614
  step:  28 bond rmsd: 0.001615
  step:  29 bond rmsd: 0.001616
  step:  30 bond rmsd: 0.001615
  step:  31 bond rmsd: 0.001615
  step:  32 bond rmsd: 0.001615
  step:  33 bond rmsd: 0.001614
  step:  34 bond rmsd: 0.001614
  step:  35 bond rmsd: 0.001613
  step:  36 bond rmsd: 0.001613
  step:  37 bond rmsd: 0.001612
  step:  38 bond rmsd: 0.001612
  step:  39 bond rmsd: 0.001611
  step:  40 bond rmsd: 0.001611
  step:  41 bond rmsd: 0.001610
  step:  42 bond rmsd: 0.001609
  step:  43 bond rmsd: 0.001608
  step:  44 bond rmsd: 0.001607
  step:  45 bond rmsd: 0.001605
  step:  46 bond rmsd: 0.001604
  step:  47 bond rmsd: 0.001603
  step:  48 bond rmsd: 0.001602
  step:  49 bond rmsd: 0.001601
  step:  50 bond rmsd: 0.001600
  step:  51 bond rmsd: 0.001600
  step:  52 bond rmsd: 0.001599
micro_cycle  36 rmsd(b):  0.0016 rws:  1.000 n_fev: 1880
  step:   1 bond rmsd: 0.001599
  step:   2 bond rmsd: 0.049752
  step:   3 bond rmsd: 0.001599
  step:   4 bond rmsd: 0.001598
  step:   5 bond rmsd: 0.001597
  step:   6 bond rmsd: 0.001597
  step:   7 bond rmsd: 0.001597
  step:   8 bond rmsd: 0.001597
  step:   9 bond rmsd: 0.001598
  step:  10 bond rmsd: 0.001598
  step:  11 bond rmsd: 0.001599
  step:  12 bond rmsd: 0.001599
  step:  13 bond rmsd: 0.001600
  step:  14 bond rmsd: 0.001601
  step:  15 bond rmsd: 0.001601
  step:  16 bond rmsd: 0.001602
  step:  17 bond rmsd: 0.001603
  step:  18 bond rmsd: 0.001604
  step:  19 bond rmsd: 0.001606
  step:  20 bond rmsd: 0.001607
  step:  21 bond rmsd: 0.001608
  step:  22 bond rmsd: 0.001605
  step:  23 bond rmsd: 0.001605
  step:  24 bond rmsd: 0.001606
  step:  25 bond rmsd: 0.001607
  step:  26 bond rmsd: 0.001608
  step:  27 bond rmsd: 0.001609
  step:  28 bond rmsd: 0.001610
  step:  29 bond rmsd: 0.001610
  step:  30 bond rmsd: 0.001611
  step:  31 bond rmsd: 0.001611
  step:  32 bond rmsd: 0.001612
  step:  33 bond rmsd: 0.001612
  step:  34 bond rmsd: 0.001612
  step:  35 bond rmsd: 0.001613
  step:  36 bond rmsd: 0.001613
  step:  37 bond rmsd: 0.001613
  step:  38 bond rmsd: 0.001613
  step:  39 bond rmsd: 0.001611
  step:  40 bond rmsd: 0.001611
  step:  41 bond rmsd: 0.001609
  step:  42 bond rmsd: 0.001608
  step:  43 bond rmsd: 0.001609
  step:  44 bond rmsd: 0.001608
  step:  45 bond rmsd: 0.001607
  step:  46 bond rmsd: 0.001609
  step:  47 bond rmsd: 0.001608
  step:  48 bond rmsd: 0.001609
  step:  49 bond rmsd: 0.001609
  step:  50 bond rmsd: 0.001611
  step:  51 bond rmsd: 0.001613
  step:  52 bond rmsd: 0.001615
  step:  53 bond rmsd: 0.001619
micro_cycle  37 rmsd(b):  0.0016 rws:  1.000 n_fev: 1933
  step:   1 bond rmsd: 0.001619
  step:   2 bond rmsd: 0.054588
  step:   3 bond rmsd: 0.001947
  step:   4 bond rmsd: 0.001845
  step:   5 bond rmsd: 0.001774
  step:   6 bond rmsd: 0.001726
  step:   7 bond rmsd: 0.001694
  step:   8 bond rmsd: 0.001672
  step:   9 bond rmsd: 0.001657
  step:  10 bond rmsd: 0.001646
  step:  11 bond rmsd: 0.001639
  step:  12 bond rmsd: 0.001634
  step:  13 bond rmsd: 0.001630
  step:  14 bond rmsd: 0.001628
  step:  15 bond rmsd: 0.001626
  step:  16 bond rmsd: 0.001624
  step:  17 bond rmsd: 0.001623
  step:  18 bond rmsd: 0.001623
  step:  19 bond rmsd: 0.001622
  step:  20 bond rmsd: 0.001621
  step:  21 bond rmsd: 0.001621
  step:  22 bond rmsd: 0.001621
  step:  23 bond rmsd: 0.001620
  step:  24 bond rmsd: 0.001620
  step:  25 bond rmsd: 0.001621
  step:  26 bond rmsd: 0.001622
  step:  27 bond rmsd: 0.001625
  step:  28 bond rmsd: 0.001627
  step:  29 bond rmsd: 0.001629
  step:  30 bond rmsd: 0.001633
  step:  31 bond rmsd: 0.001634
  step:  32 bond rmsd: 0.001636
  step:  33 bond rmsd: 0.001636
  step:  34 bond rmsd: 0.001637
  step:  35 bond rmsd: 0.001638
  step:  36 bond rmsd: 0.001637
  step:  37 bond rmsd: 0.001637
  step:  38 bond rmsd: 0.001632
  step:  39 bond rmsd: 0.001632
  step:  40 bond rmsd: 0.001629
  step:  41 bond rmsd: 0.001626
  step:  42 bond rmsd: 0.001622
  step:  43 bond rmsd: 0.001617
  step:  44 bond rmsd: 0.001614
  step:  45 bond rmsd: 0.001611
  step:  46 bond rmsd: 0.001608
  step:  47 bond rmsd: 0.001607
  step:  48 bond rmsd: 0.001605
  step:  49 bond rmsd: 0.001602
  step:  50 bond rmsd: 0.001598
  step:  51 bond rmsd: 0.001595
  step:  52 bond rmsd: 0.001591
micro_cycle  38 rmsd(b):  0.0016 rws:  1.000 n_fev: 1985
  step:   1 bond rmsd: 0.001591
  step:   2 bond rmsd: 0.059460
  step:   3 bond rmsd: 0.001590
  step:   4 bond rmsd: 0.001590
  step:   5 bond rmsd: 0.001590
  step:   6 bond rmsd: 0.001590
  step:   7 bond rmsd: 0.001590
  step:   8 bond rmsd: 0.001590
  step:   9 bond rmsd: 0.001591
  step:  10 bond rmsd: 0.001591
  step:  11 bond rmsd: 0.001591
  step:  12 bond rmsd: 0.001592
  step:  13 bond rmsd: 0.001592
  step:  14 bond rmsd: 0.001592
  step:  15 bond rmsd: 0.001593
  step:  16 bond rmsd: 0.001593
  step:  17 bond rmsd: 0.001594
  step:  18 bond rmsd: 0.001595
  step:  19 bond rmsd: 0.001597
  step:  20 bond rmsd: 0.001600
  step:  21 bond rmsd: 0.001603
  step:  22 bond rmsd: 0.001605
  step:  23 bond rmsd: 0.001608
  step:  24 bond rmsd: 0.001609
  step:  25 bond rmsd: 0.001612
  step:  26 bond rmsd: 0.001614
  step:  27 bond rmsd: 0.001617
  step:  28 bond rmsd: 0.001619
  step:  29 bond rmsd: 0.001623
  step:  30 bond rmsd: 0.001626
  step:  31 bond rmsd: 0.001630
  step:  32 bond rmsd: 0.001634
  step:  33 bond rmsd: 0.001639
  step:  34 bond rmsd: 0.001645
  step:  35 bond rmsd: 0.001650
  step:  36 bond rmsd: 0.001656
  step:  37 bond rmsd: 0.001662
  step:  38 bond rmsd: 0.001667
  step:  39 bond rmsd: 0.001674
  step:  40 bond rmsd: 0.001678
  step:  41 bond rmsd: 0.001681
  step:  42 bond rmsd: 0.001684
  step:  43 bond rmsd: 0.001686
  step:  44 bond rmsd: 0.001685
  step:  45 bond rmsd: 0.001682
  step:  46 bond rmsd: 0.001681
  step:  47 bond rmsd: 0.001677
  step:  48 bond rmsd: 0.001675
  step:  49 bond rmsd: 0.001671
  step:  50 bond rmsd: 0.001669
  step:  51 bond rmsd: 0.001665
  step:  52 bond rmsd: 0.001663
micro_cycle  39 rmsd(b):  0.0017 rws:  1.000 n_fev: 2037
  step:   1 bond rmsd: 0.001663
  step:   2 bond rmsd: 0.047550
  step:   3 bond rmsd: 0.001780
  step:   4 bond rmsd: 0.001734
  step:   5 bond rmsd: 0.001704
  step:   6 bond rmsd: 0.001686
  step:   7 bond rmsd: 0.001674
  step:   8 bond rmsd: 0.001667
  step:   9 bond rmsd: 0.001663
  step:  10 bond rmsd: 0.001660
  step:  11 bond rmsd: 0.001659
  step:  12 bond rmsd: 0.001658
  step:  13 bond rmsd: 0.001658
  step:  14 bond rmsd: 0.001657
  step:  15 bond rmsd: 0.001657
  step:  16 bond rmsd: 0.001657
  step:  17 bond rmsd: 0.001657
  step:  18 bond rmsd: 0.001657
  step:  19 bond rmsd: 0.001657
  step:  20 bond rmsd: 0.001657
  step:  21 bond rmsd: 0.001657
  step:  22 bond rmsd: 0.001656
  step:  23 bond rmsd: 0.001656
  step:  24 bond rmsd: 0.001654
  step:  25 bond rmsd: 0.001652
  step:  26 bond rmsd: 0.001645
  step:  27 bond rmsd: 0.001645
  step:  28 bond rmsd: 0.001641
  step:  29 bond rmsd: 0.001637
  step:  30 bond rmsd: 0.001632
  step:  31 bond rmsd: 0.001627
  step:  32 bond rmsd: 0.001623
  step:  33 bond rmsd: 0.001620
  step:  34 bond rmsd: 0.001618
  step:  35 bond rmsd: 0.001616
  step:  36 bond rmsd: 0.001614
  step:  37 bond rmsd: 0.001612
  step:  38 bond rmsd: 0.001611
  step:  39 bond rmsd: 0.001609
  step:  40 bond rmsd: 0.001607
  step:  41 bond rmsd: 0.001606
  step:  42 bond rmsd: 0.001604
  step:  43 bond rmsd: 0.001602
  step:  44 bond rmsd: 0.001599
  step:  45 bond rmsd: 0.001597
  step:  46 bond rmsd: 0.001594
  step:  47 bond rmsd: 0.001590
  step:  48 bond rmsd: 0.001588
  step:  49 bond rmsd: 0.001584
  step:  50 bond rmsd: 0.001581
  step:  51 bond rmsd: 0.001578
  step:  52 bond rmsd: 0.001575
micro_cycle  40 rmsd(b):  0.0016 rws:  1.000 n_fev: 2089
  step:   1 bond rmsd: 0.001575
  step:   2 bond rmsd: 0.063892
  step:   3 bond rmsd: 0.001587
  step:   4 bond rmsd: 0.001585
  step:   5 bond rmsd: 0.001583
  step:   6 bond rmsd: 0.001582
  step:   7 bond rmsd: 0.001581
  step:   8 bond rmsd: 0.001581
  step:   9 bond rmsd: 0.001580
  step:  10 bond rmsd: 0.001580
  step:  11 bond rmsd: 0.001580
  step:  12 bond rmsd: 0.001580
  step:  13 bond rmsd: 0.001581
  step:  14 bond rmsd: 0.001581
  step:  15 bond rmsd: 0.001582
  step:  16 bond rmsd: 0.001584
  step:  17 bond rmsd: 0.001587
  step:  18 bond rmsd: 0.001591
  step:  19 bond rmsd: 0.001596
  step:  20 bond rmsd: 0.001601
  step:  21 bond rmsd: 0.001605
  step:  22 bond rmsd: 0.001609
  step:  23 bond rmsd: 0.001613
  step:  24 bond rmsd: 0.001617
  step:  25 bond rmsd: 0.001620
  step:  26 bond rmsd: 0.001622
  step:  27 bond rmsd: 0.001627
  step:  28 bond rmsd: 0.001629
  step:  29 bond rmsd: 0.001630
  step:  30 bond rmsd: 0.001632
  step:  31 bond rmsd: 0.001634
  step:  32 bond rmsd: 0.001633
  step:  33 bond rmsd: 0.001633
  step:  34 bond rmsd: 0.001632
  step:  35 bond rmsd: 0.001631
  step:  36 bond rmsd: 0.001630
  step:  37 bond rmsd: 0.001628
  step:  38 bond rmsd: 0.001627
  step:  39 bond rmsd: 0.001625
  step:  40 bond rmsd: 0.001622
  step:  41 bond rmsd: 0.001620
  step:  42 bond rmsd: 0.001615
  step:  43 bond rmsd: 0.001613
  step:  44 bond rmsd: 0.001608
  step:  45 bond rmsd: 0.001606
  step:  46 bond rmsd: 0.001602
  step:  47 bond rmsd: 0.001598
  step:  48 bond rmsd: 0.001592
  step:  49 bond rmsd: 0.001587
  step:  50 bond rmsd: 0.001582
  step:  51 bond rmsd: 0.001577
  step:  52 bond rmsd: 0.001572
micro_cycle  41 rmsd(b):  0.0016 rws:  1.000 n_fev: 2141
  step:   1 bond rmsd: 0.001572
  step:   2 bond rmsd: 0.050079
  step:   3 bond rmsd: 0.001644
  step:   4 bond rmsd: 0.001610
  step:   5 bond rmsd: 0.001589
  step:   6 bond rmsd: 0.001577
  step:   7 bond rmsd: 0.001570
  step:   8 bond rmsd: 0.001567
  step:   9 bond rmsd: 0.001565
  step:  10 bond rmsd: 0.001565
  step:  11 bond rmsd: 0.001565
  step:  12 bond rmsd: 0.001566
  step:  13 bond rmsd: 0.001567
  step:  14 bond rmsd: 0.001568
  step:  15 bond rmsd: 0.001569
  step:  16 bond rmsd: 0.001570
  step:  17 bond rmsd: 0.001572
  step:  18 bond rmsd: 0.001573
  step:  19 bond rmsd: 0.001574
  step:  20 bond rmsd: 0.001576
  step:  21 bond rmsd: 0.001577
  step:  22 bond rmsd: 0.001580
  step:  23 bond rmsd: 0.001584
  step:  24 bond rmsd: 0.001588
  step:  25 bond rmsd: 0.001591
  step:  26 bond rmsd: 0.001595
  step:  27 bond rmsd: 0.001598
  step:  28 bond rmsd: 0.001603
  step:  29 bond rmsd: 0.001605
  step:  30 bond rmsd: 0.001609
  step:  31 bond rmsd: 0.001611
  step:  32 bond rmsd: 0.001612
  step:  33 bond rmsd: 0.001613
  step:  34 bond rmsd: 0.001614
  step:  35 bond rmsd: 0.001616
  step:  36 bond rmsd: 0.001618
  step:  37 bond rmsd: 0.001620
  step:  38 bond rmsd: 0.001622
  step:  39 bond rmsd: 0.001623
  step:  40 bond rmsd: 0.001623
  step:  41 bond rmsd: 0.001623
  step:  42 bond rmsd: 0.001622
  step:  43 bond rmsd: 0.001621
  step:  44 bond rmsd: 0.001618
  step:  45 bond rmsd: 0.001616
  step:  46 bond rmsd: 0.001612
  step:  47 bond rmsd: 0.001608
  step:  48 bond rmsd: 0.001605
  step:  49 bond rmsd: 0.001600
  step:  50 bond rmsd: 0.001597
  step:  51 bond rmsd: 0.001592
  step:  52 bond rmsd: 0.001586
micro_cycle  42 rmsd(b):  0.0016 rws:  1.000 n_fev: 2193
  step:   1 bond rmsd: 0.001586
  step:   2 bond rmsd: 0.047258
  step:   3 bond rmsd: 0.001629
  step:   4 bond rmsd: 0.001608
  step:   5 bond rmsd: 0.001595
  step:   6 bond rmsd: 0.001588
  step:   7 bond rmsd: 0.001584
  step:   8 bond rmsd: 0.001582
  step:   9 bond rmsd: 0.001582
  step:  10 bond rmsd: 0.001582
  step:  11 bond rmsd: 0.001582
  step:  12 bond rmsd: 0.001582
  step:  13 bond rmsd: 0.001583
  step:  14 bond rmsd: 0.001584
  step:  15 bond rmsd: 0.001584
  step:  16 bond rmsd: 0.001585
  step:  17 bond rmsd: 0.001586
  step:  18 bond rmsd: 0.001586
  step:  19 bond rmsd: 0.001587
  step:  20 bond rmsd: 0.001588
  step:  21 bond rmsd: 0.001589
  step:  22 bond rmsd: 0.001591
  step:  23 bond rmsd: 0.001593
  step:  24 bond rmsd: 0.001596
  step:  25 bond rmsd: 0.001599
  step:  26 bond rmsd: 0.001600
  step:  27 bond rmsd: 0.001603
  step:  28 bond rmsd: 0.001604
  step:  29 bond rmsd: 0.001605
  step:  30 bond rmsd: 0.001605
  step:  31 bond rmsd: 0.001604
  step:  32 bond rmsd: 0.001604
  step:  33 bond rmsd: 0.001603
  step:  34 bond rmsd: 0.001603
  step:  35 bond rmsd: 0.001603
  step:  36 bond rmsd: 0.001603
  step:  37 bond rmsd: 0.001603
  step:  38 bond rmsd: 0.001604
  step:  39 bond rmsd: 0.001604
  step:  40 bond rmsd: 0.001605
  step:  41 bond rmsd: 0.001607
  step:  42 bond rmsd: 0.001607
  step:  43 bond rmsd: 0.001610
  step:  44 bond rmsd: 0.001611
  step:  45 bond rmsd: 0.001613
  step:  46 bond rmsd: 0.001614
  step:  47 bond rmsd: 0.001616
  step:  48 bond rmsd: 0.001618
  step:  49 bond rmsd: 0.001619
  step:  50 bond rmsd: 0.001622
  step:  51 bond rmsd: 0.001621
  step:  52 bond rmsd: 0.001623
micro_cycle  43 rmsd(b):  0.0016 rws:  1.000 n_fev: 2245
  step:   1 bond rmsd: 0.001623
  step:   2 bond rmsd: 0.053976
  step:   3 bond rmsd: 0.001719
  step:   4 bond rmsd: 0.001693
  step:   5 bond rmsd: 0.001675
  step:   6 bond rmsd: 0.001662
  step:   7 bond rmsd: 0.001653
  step:   8 bond rmsd: 0.001646
  step:   9 bond rmsd: 0.001641
  step:  10 bond rmsd: 0.001637
  step:  11 bond rmsd: 0.001634
  step:  12 bond rmsd: 0.001632
  step:  13 bond rmsd: 0.001630
  step:  14 bond rmsd: 0.001628
  step:  15 bond rmsd: 0.001627
  step:  16 bond rmsd: 0.001626
  step:  17 bond rmsd: 0.001625
  step:  18 bond rmsd: 0.001624
  step:  19 bond rmsd: 0.001623
  step:  20 bond rmsd: 0.001621
  step:  21 bond rmsd: 0.001620
  step:  22 bond rmsd: 0.001618
  step:  23 bond rmsd: 0.001616
  step:  24 bond rmsd: 0.001613
  step:  25 bond rmsd: 0.001610
  step:  26 bond rmsd: 0.001612
  step:  27 bond rmsd: 0.001610
  step:  28 bond rmsd: 0.001608
  step:  29 bond rmsd: 0.001605
  step:  30 bond rmsd: 0.001604
  step:  31 bond rmsd: 0.001605
  step:  32 bond rmsd: 0.001604
  step:  33 bond rmsd: 0.001604
  step:  34 bond rmsd: 0.001604
  step:  35 bond rmsd: 0.001604
  step:  36 bond rmsd: 0.001604
  step:  37 bond rmsd: 0.001604
  step:  38 bond rmsd: 0.001604
  step:  39 bond rmsd: 0.001604
  step:  40 bond rmsd: 0.001605
  step:  41 bond rmsd: 0.001605
  step:  42 bond rmsd: 0.001605
  step:  43 bond rmsd: 0.001606
  step:  44 bond rmsd: 0.001606
  step:  45 bond rmsd: 0.001606
  step:  46 bond rmsd: 0.001607
  step:  47 bond rmsd: 0.001608
  step:  48 bond rmsd: 0.001606
  step:  49 bond rmsd: 0.001607
  step:  50 bond rmsd: 0.001608
  step:  51 bond rmsd: 0.001609
  step:  52 bond rmsd: 0.001611
micro_cycle  44 rmsd(b):  0.0016 rws:  1.000 n_fev: 2297
  step:   1 bond rmsd: 0.001611
  step:   2 bond rmsd: 0.056403
  step:   3 bond rmsd: 0.001633
  step:   4 bond rmsd: 0.001626
  step:   5 bond rmsd: 0.001621
  step:   6 bond rmsd: 0.001618
  step:   7 bond rmsd: 0.001615
  step:   8 bond rmsd: 0.001614
  step:   9 bond rmsd: 0.001613
  step:  10 bond rmsd: 0.001612
  step:  11 bond rmsd: 0.001611
  step:  12 bond rmsd: 0.001611
  step:  13 bond rmsd: 0.001610
  step:  14 bond rmsd: 0.001610
  step:  15 bond rmsd: 0.001610
  step:  16 bond rmsd: 0.001609
  step:  17 bond rmsd: 0.001609
  step:  18 bond rmsd: 0.001609
  step:  19 bond rmsd: 0.001608
  step:  20 bond rmsd: 0.001607
  step:  21 bond rmsd: 0.001607
  step:  22 bond rmsd: 0.001605
  step:  23 bond rmsd: 0.001604
  step:  24 bond rmsd: 0.001603
  step:  25 bond rmsd: 0.001601
  step:  26 bond rmsd: 0.001607
  step:  27 bond rmsd: 0.001605
  step:  28 bond rmsd: 0.001604
  step:  29 bond rmsd: 0.001602
  step:  30 bond rmsd: 0.001601
  step:  31 bond rmsd: 0.001600
  step:  32 bond rmsd: 0.001599
  step:  33 bond rmsd: 0.001598
  step:  34 bond rmsd: 0.001598
  step:  35 bond rmsd: 0.001598
  step:  36 bond rmsd: 0.001598
  step:  37 bond rmsd: 0.001599
  step:  38 bond rmsd: 0.001600
  step:  39 bond rmsd: 0.001600
  step:  40 bond rmsd: 0.001601
  step:  41 bond rmsd: 0.001602
  step:  42 bond rmsd: 0.001603
  step:  43 bond rmsd: 0.001603
  step:  44 bond rmsd: 0.001605
  step:  45 bond rmsd: 0.001606
  step:  46 bond rmsd: 0.001608
  step:  47 bond rmsd: 0.001610
  step:  48 bond rmsd: 0.001612
  step:  49 bond rmsd: 0.001615
  step:  50 bond rmsd: 0.001617
  step:  51 bond rmsd: 0.001619
  step:  52 bond rmsd: 0.001620
micro_cycle  45 rmsd(b):  0.0016 rws:  1.000 n_fev: 2349
  step:   1 bond rmsd: 0.001620
  step:   2 bond rmsd: 0.042924
  step:   3 bond rmsd: 0.001614
  step:   4 bond rmsd: 0.001607
  step:   5 bond rmsd: 0.001604
  step:   6 bond rmsd: 0.001603
  step:   7 bond rmsd: 0.001604
  step:   8 bond rmsd: 0.001605
  step:   9 bond rmsd: 0.001606
  step:  10 bond rmsd: 0.001608
  step:  11 bond rmsd: 0.001609
  step:  12 bond rmsd: 0.001610
  step:  13 bond rmsd: 0.001611
  step:  14 bond rmsd: 0.001612
  step:  15 bond rmsd: 0.001613
  step:  16 bond rmsd: 0.001613
  step:  17 bond rmsd: 0.001614
  step:  18 bond rmsd: 0.001614
  step:  19 bond rmsd: 0.001614
  step:  20 bond rmsd: 0.001615
  step:  21 bond rmsd: 0.001615
  step:  22 bond rmsd: 0.001615
  step:  23 bond rmsd: 0.001615
  step:  24 bond rmsd: 0.001614
  step:  25 bond rmsd: 0.001614
  step:  26 bond rmsd: 0.001612
  step:  27 bond rmsd: 0.001610
  step:  28 bond rmsd: 0.001607
  step:  29 bond rmsd: 0.001604
  step:  30 bond rmsd: 0.001601
  step:  31 bond rmsd: 0.001599
  step:  32 bond rmsd: 0.001599
  step:  33 bond rmsd: 0.001597
  step:  34 bond rmsd: 0.001595
  step:  35 bond rmsd: 0.001594
  step:  36 bond rmsd: 0.001592
  step:  37 bond rmsd: 0.001591
  step:  38 bond rmsd: 0.001591
  step:  39 bond rmsd: 0.001592
  step:  40 bond rmsd: 0.001592
  step:  41 bond rmsd: 0.001593
  step:  42 bond rmsd: 0.001593
  step:  43 bond rmsd: 0.001595
  step:  44 bond rmsd: 0.001595
  step:  45 bond rmsd: 0.001598
  step:  46 bond rmsd: 0.001603
  step:  47 bond rmsd: 0.001607
  step:  48 bond rmsd: 0.001613
  step:  49 bond rmsd: 0.001619
  step:  50 bond rmsd: 0.001626
  step:  51 bond rmsd: 0.001634
  step:  52 bond rmsd: 0.001642
micro_cycle  46 rmsd(b):  0.0016 rws:  1.000 n_fev: 2401
  step:   1 bond rmsd: 0.001642
  step:   2 bond rmsd: 0.050752
  step:   3 bond rmsd: 0.001684
  step:   4 bond rmsd: 0.001671
  step:   5 bond rmsd: 0.001662
  step:   6 bond rmsd: 0.001656
  step:   7 bond rmsd: 0.001651
  step:   8 bond rmsd: 0.001647
  step:   9 bond rmsd: 0.001644
  step:  10 bond rmsd: 0.001641
  step:  11 bond rmsd: 0.001639
  step:  12 bond rmsd: 0.001637
  step:  13 bond rmsd: 0.001635
  step:  14 bond rmsd: 0.001633
  step:  15 bond rmsd: 0.001632
  step:  16 bond rmsd: 0.001630
  step:  17 bond rmsd: 0.001629
  step:  18 bond rmsd: 0.001627
  step:  19 bond rmsd: 0.001624
  step:  20 bond rmsd: 0.001620
  step:  21 bond rmsd: 0.001615
  step:  22 bond rmsd: 0.001609
  step:  23 bond rmsd: 0.001604
  step:  24 bond rmsd: 0.001599
  step:  25 bond rmsd: 0.001595
  step:  26 bond rmsd: 0.001593
  step:  27 bond rmsd: 0.001591
  step:  28 bond rmsd: 0.001589
  step:  29 bond rmsd: 0.001587
  step:  30 bond rmsd: 0.001586
  step:  31 bond rmsd: 0.001586
  step:  32 bond rmsd: 0.001585
  step:  33 bond rmsd: 0.001586
  step:  34 bond rmsd: 0.001587
  step:  35 bond rmsd: 0.001587
  step:  36 bond rmsd: 0.001589
  step:  37 bond rmsd: 0.001590
  step:  38 bond rmsd: 0.001593
  step:  39 bond rmsd: 0.001594
  step:  40 bond rmsd: 0.001597
  step:  41 bond rmsd: 0.001600
  step:  42 bond rmsd: 0.001603
  step:  43 bond rmsd: 0.001605
  step:  44 bond rmsd: 0.001608
  step:  45 bond rmsd: 0.001611
  step:  46 bond rmsd: 0.001613
  step:  47 bond rmsd: 0.001616
  step:  48 bond rmsd: 0.001618
  step:  49 bond rmsd: 0.001622
  step:  50 bond rmsd: 0.001624
  step:  51 bond rmsd: 0.001627
  step:  52 bond rmsd: 0.001629
micro_cycle  47 rmsd(b):  0.0016 rws:  1.000 n_fev: 2453
  step:   1 bond rmsd: 0.001629
  step:   2 bond rmsd: 0.057383
  step:   3 bond rmsd: 0.001710
  step:   4 bond rmsd: 0.001686
  step:   5 bond rmsd: 0.001670
  step:   6 bond rmsd: 0.001659
  step:   7 bond rmsd: 0.001651
  step:   8 bond rmsd: 0.001645
  step:   9 bond rmsd: 0.001640
  step:  10 bond rmsd: 0.001637
  step:  11 bond rmsd: 0.001635
  step:  12 bond rmsd: 0.001633
  step:  13 bond rmsd: 0.001631
  step:  14 bond rmsd: 0.001630
  step:  15 bond rmsd: 0.001629
  step:  16 bond rmsd: 0.001628
  step:  17 bond rmsd: 0.001627
  step:  18 bond rmsd: 0.001626
  step:  19 bond rmsd: 0.001626
  step:  20 bond rmsd: 0.001625
  step:  21 bond rmsd: 0.001624
  step:  22 bond rmsd: 0.001623
  step:  23 bond rmsd: 0.001621
  step:  24 bond rmsd: 0.001619
  step:  25 bond rmsd: 0.001616
  step:  26 bond rmsd: 0.001612
  step:  27 bond rmsd: 0.001608
  step:  28 bond rmsd: 0.001605
  step:  29 bond rmsd: 0.001602
  step:  30 bond rmsd: 0.001599
  step:  31 bond rmsd: 0.001597
  step:  32 bond rmsd: 0.001595
  step:  33 bond rmsd: 0.001593
  step:  34 bond rmsd: 0.001591
  step:  35 bond rmsd: 0.001590
  step:  36 bond rmsd: 0.001588
  step:  37 bond rmsd: 0.001587
  step:  38 bond rmsd: 0.001585
  step:  39 bond rmsd: 0.001584
  step:  40 bond rmsd: 0.001581
  step:  41 bond rmsd: 0.001579
  step:  42 bond rmsd: 0.001579
  step:  43 bond rmsd: 0.001577
  step:  44 bond rmsd: 0.001576
  step:  45 bond rmsd: 0.001576
  step:  46 bond rmsd: 0.001577
  step:  47 bond rmsd: 0.001579
  step:  48 bond rmsd: 0.001583
  step:  49 bond rmsd: 0.001586
  step:  50 bond rmsd: 0.001589
  step:  51 bond rmsd: 0.001594
  step:  52 bond rmsd: 0.001599
micro_cycle  48 rmsd(b):  0.0016 rws:  1.000 n_fev: 2505
  step:   1 bond rmsd: 0.001599
  step:   2 bond rmsd: 0.060995
  step:   3 bond rmsd: 0.001607
  step:   4 bond rmsd: 0.001605
  step:   5 bond rmsd: 0.001604
  step:   6 bond rmsd: 0.001603
  step:   7 bond rmsd: 0.001602
  step:   8 bond rmsd: 0.001601
  step:   9 bond rmsd: 0.001601
  step:  10 bond rmsd: 0.001600
  step:  11 bond rmsd: 0.001600
  step:  12 bond rmsd: 0.001600
  step:  13 bond rmsd: 0.001599
  step:  14 bond rmsd: 0.001599
  step:  15 bond rmsd: 0.001599
  step:  16 bond rmsd: 0.001599
  step:  17 bond rmsd: 0.001599
  step:  18 bond rmsd: 0.001599
  step:  19 bond rmsd: 0.001601
  step:  20 bond rmsd: 0.001602
  step:  21 bond rmsd: 0.001602
  step:  22 bond rmsd: 0.001608
  step:  23 bond rmsd: 0.001608
  step:  24 bond rmsd: 0.001608
  step:  25 bond rmsd: 0.001608
  step:  26 bond rmsd: 0.001608
  step:  27 bond rmsd: 0.001608
  step:  28 bond rmsd: 0.001608
  step:  29 bond rmsd: 0.001608
  step:  30 bond rmsd: 0.001608
  step:  31 bond rmsd: 0.001608
  step:  32 bond rmsd: 0.001608
  step:  33 bond rmsd: 0.001608
  step:  34 bond rmsd: 0.001608
  step:  35 bond rmsd: 0.001608
  step:  36 bond rmsd: 0.001608
  step:  37 bond rmsd: 0.001607
  step:  38 bond rmsd: 0.001607
  step:  39 bond rmsd: 0.001606
  step:  40 bond rmsd: 0.001605
  step:  41 bond rmsd: 0.001605
  step:  42 bond rmsd: 0.001604
  step:  43 bond rmsd: 0.001603
  step:  44 bond rmsd: 0.001602
  step:  45 bond rmsd: 0.001602
  step:  46 bond rmsd: 0.001601
  step:  47 bond rmsd: 0.001600
  step:  48 bond rmsd: 0.001600
  step:  49 bond rmsd: 0.001598
  step:  50 bond rmsd: 0.001599
  step:  51 bond rmsd: 0.001598
  step:  52 bond rmsd: 0.001598
micro_cycle  49 rmsd(b):  0.0016 rws:  1.000 n_fev: 2557
  step:   1 bond rmsd: 0.001598
  step:   2 bond rmsd: 0.063121
  step:   3 bond rmsd: 0.001615
  step:   4 bond rmsd: 0.001604
  step:   5 bond rmsd: 0.001598
  step:   6 bond rmsd: 0.001595
  step:   7 bond rmsd: 0.001594
  step:   8 bond rmsd: 0.001593
  step:   9 bond rmsd: 0.001593
  step:  10 bond rmsd: 0.001593
  step:  11 bond rmsd: 0.001594
  step:  12 bond rmsd: 0.001594
  step:  13 bond rmsd: 0.001595
  step:  14 bond rmsd: 0.001596
  step:  15 bond rmsd: 0.001596
  step:  16 bond rmsd: 0.001597
  step:  17 bond rmsd: 0.001597
  step:  18 bond rmsd: 0.001598
  step:  19 bond rmsd: 0.001599
  step:  20 bond rmsd: 0.001599
  step:  21 bond rmsd: 0.001601
  step:  22 bond rmsd: 0.001602
  step:  23 bond rmsd: 0.001603
  step:  24 bond rmsd: 0.001601
  step:  25 bond rmsd: 0.001602
  step:  26 bond rmsd: 0.001603
  step:  27 bond rmsd: 0.001605
  step:  28 bond rmsd: 0.001605
  step:  29 bond rmsd: 0.001606
  step:  30 bond rmsd: 0.001607
  step:  31 bond rmsd: 0.001607
  step:  32 bond rmsd: 0.001607
  step:  33 bond rmsd: 0.001608
  step:  34 bond rmsd: 0.001608
  step:  35 bond rmsd: 0.001608
  step:  36 bond rmsd: 0.001608
  step:  37 bond rmsd: 0.001608
  step:  38 bond rmsd: 0.001607
  step:  39 bond rmsd: 0.001607
  step:  40 bond rmsd: 0.001606
  step:  41 bond rmsd: 0.001605
  step:  42 bond rmsd: 0.001603
  step:  43 bond rmsd: 0.001601
  step:  44 bond rmsd: 0.001598
  step:  45 bond rmsd: 0.001595
  step:  46 bond rmsd: 0.001593
  step:  47 bond rmsd: 0.001588
  step:  48 bond rmsd: 0.001587
  step:  49 bond rmsd: 0.001583
  step:  50 bond rmsd: 0.001582
  step:  51 bond rmsd: 0.001579
  step:  52 bond rmsd: 0.001579
micro_cycle  50 rmsd(b):  0.0016 rws:  1.000 n_fev: 2609
See 1_refined.pdb in pdb folder.
Time: 37.1081
