Starting Q|R
Running refinement
   input {
     xray_data {
       file_name = None
       labels = None
       high_resolution = None
       low_resolution = None
       outliers_rejection = True
       french_wilson_scale = True
       french_wilson {
         max_bins = 60
         min_bin_size = 40
       }
       sigma_fobs_rejection_criterion = None
       sigma_iobs_rejection_criterion = None
       ignore_all_zeros = True
       force_anomalous_flag_to_be_equal_to = None
       convert_to_non_anomalous_if_ratio_pairs_lone_less_than_threshold = 0.5
       r_free_flags {
         file_name = None
         label = None
         test_flag_value = None
         ignore_r_free_flags = False
         disable_suitability_test = False
         ignore_pdb_hexdigest = False
         generate = False
         fraction = 0.1
         max_free = 2000
         lattice_symmetry_max_delta = 5
         use_lattice_symmetry = True
         use_dataman_shells = False
         n_shells = 20
       }
     }
     pdb {
       file_name = None
     }
     monomers {
       file_name = None
     }
     maps {
       map_file_name = None
       d_min = None
       map_coefficients_file_name = None
       map_coefficients_label = None
     }
     sequence = None
     scattering_table = wk1995 it1992 *n_gaussian neutron electron
     wavelength = None
     energy = None
     twin_law = Auto
   }
   max_atoms = 15000
   debug = False
   cluster {
     charge_cutoff = 8.0
     clustering = false
     charge_embedding = False
     two_buffers = False
     maxnum_residues_in_cluster = 15
     clustering_method = gnc *bcc
     altloc_method = *average subtract
   }
   restraints = *cctbx qm
   quantum {
     engine_name = *mopac ani torchani terachem turbomole pyscf orca gaussian \
                   xtb
     charge = None
     basis = Auto
     method = Auto
     memory = None
     nproc = None
     qm_addon = gcp dftd3 gcp-d3
     qm_addon_method = None
   }
   refine {
     dry_run = False
     sf_algorithm = *direct fft
     refinement_target_name = *ml ls_wunit_k1
     mode = *opt refine
     number_of_macro_cycles = 1
     number_of_weight_search_cycles = 50
     number_of_refine_cycles = 5
     number_of_micro_cycles = 50
     data_weight = None
     choose_best_use_r_work = False
     skip_initial_weight_optimization = False
     adjust_restraints_weight_scale_value = 2
     max_iterations_weight = 50
     max_iterations_refine = 50
     use_ase_lbfgs = False
     line_search = True
     stpmax = 0.2
     gradient_only = true
     update_all_scales = True
     refine_sites = True
     refine_adp = False
     restraints_weight_scale = 1.0
     shake_sites = False
     use_convergence_test = true
     max_bond_rmsd = 0.03
     max_r_work_r_free_gap = 5.0
     r_tolerance = 0.001
     rmsd_tolerance = 0.001
     opt_log = False
     pre_opt = False
     pre_opt_stpmax = 0.1
     pre_opt_iter = 10
     pre_opt_switch = 2
     pre_opt_gconv = 3000
   }
   parallel {
     method = *multiprocessing slurm pbs sge lsf threading
     nproc = None
     qsub_command = None
   }
   output_file_name_prefix = None
   output_folder_name = "pdb"
   shared_disk = True
   rst_file = None
   dump_gradients = None

Setting QM defaults
  Setting QM method to PM7


***********************************************************
restart info will be stored in /home/lum/3nir/cctbx_improve/cctbx_refine/pdb/2.rst.pickle
***********************************************************

start   0 rmsd(b):  0.0178 rws:  1.000 n_fev: 0
  step:   1 bond rmsd: 0.017801
  step:   2 bond rmsd: 0.065666
  step:   3 bond rmsd: 0.065666
  step:   4 bond rmsd: 0.054037
  step:   5 bond rmsd: 0.044750
  step:   6 bond rmsd: 0.037357
  step:   7 bond rmsd: 0.031437
  step:   8 bond rmsd: 0.026737
  step:   9 bond rmsd: 0.023017
  step:  10 bond rmsd: 0.020090
  step:  11 bond rmsd: 0.017793
  step:  12 bond rmsd: 0.015992
  step:  13 bond rmsd: 0.014577
  step:  14 bond rmsd: 0.013454
  step:  15 bond rmsd: 0.012549
  step:  16 bond rmsd: 0.011798
  step:  17 bond rmsd: 0.011152
  step:  18 bond rmsd: 0.010567
  step:  19 bond rmsd: 0.010007
  step:  20 bond rmsd: 0.009437
  step:  21 bond rmsd: 0.008834
  step:  22 bond rmsd: 0.008192
  step:  23 bond rmsd: 0.007433
  step:  24 bond rmsd: 0.006637
  step:  25 bond rmsd: 0.006009
  step:  26 bond rmsd: 0.005561
  step:  27 bond rmsd: 0.005215
  step:  28 bond rmsd: 0.005011
  step:  29 bond rmsd: 0.004852
  step:  30 bond rmsd: 0.004709
  step:  31 bond rmsd: 0.004621
  step:  32 bond rmsd: 0.004486
  step:  33 bond rmsd: 0.004426
  step:  34 bond rmsd: 0.004362
  step:  35 bond rmsd: 0.004278
  step:  36 bond rmsd: 0.004184
  step:  37 bond rmsd: 0.004099
  step:  38 bond rmsd: 0.004012
  step:  39 bond rmsd: 0.003919
  step:  40 bond rmsd: 0.003827
  step:  41 bond rmsd: 0.003722
  step:  42 bond rmsd: 0.003618
  step:  43 bond rmsd: 0.003515
  step:  44 bond rmsd: 0.003416
  step:  45 bond rmsd: 0.003332
  step:  46 bond rmsd: 0.003268
  step:  47 bond rmsd: 0.003242
  step:  48 bond rmsd: 0.003212
  step:  49 bond rmsd: 0.003210
  step:  50 bond rmsd: 0.003218
  step:  51 bond rmsd: 0.003226
  step:  52 bond rmsd: 0.003259
micro_cycle   1 rmsd(b):  0.0033 rws:  1.000 n_fev: 52
  step:   1 bond rmsd: 0.003259
  step:   2 bond rmsd: 0.049473
  step:   3 bond rmsd: 0.049473
  step:   4 bond rmsd: 0.039878
  step:   5 bond rmsd: 0.032197
  step:   6 bond rmsd: 0.026003
  step:   7 bond rmsd: 0.021018
  step:   8 bond rmsd: 0.017012
  step:   9 bond rmsd: 0.013804
  step:  10 bond rmsd: 0.011246
  step:  11 bond rmsd: 0.009219
  step:  12 bond rmsd: 0.007627
  step:  13 bond rmsd: 0.006391
  step:  14 bond rmsd: 0.005445
  step:  15 bond rmsd: 0.004734
  step:  16 bond rmsd: 0.004211
  step:  17 bond rmsd: 0.003833
  step:  18 bond rmsd: 0.003567
  step:  19 bond rmsd: 0.003381
  step:  20 bond rmsd: 0.003253
  step:  21 bond rmsd: 0.003165
  step:  22 bond rmsd: 0.003105
  step:  23 bond rmsd: 0.003062
  step:  24 bond rmsd: 0.003032
  step:  25 bond rmsd: 0.003010
  step:  26 bond rmsd: 0.002994
  step:  27 bond rmsd: 0.002980
  step:  28 bond rmsd: 0.002968
  step:  29 bond rmsd: 0.002956
  step:  30 bond rmsd: 0.002943
  step:  31 bond rmsd: 0.002926
  step:  32 bond rmsd: 0.002903
  step:  33 bond rmsd: 0.002869
  step:  34 bond rmsd: 0.002818
  step:  35 bond rmsd: 0.002737
  step:  36 bond rmsd: 0.002697
  step:  37 bond rmsd: 0.002678
  step:  38 bond rmsd: 0.002854
  step:  39 bond rmsd: 0.002854
  step:  40 bond rmsd: 0.002795
  step:  41 bond rmsd: 0.002761
  step:  42 bond rmsd: 0.002745
  step:  43 bond rmsd: 0.002741
  step:  44 bond rmsd: 0.002748
  step:  45 bond rmsd: 0.002757
  step:  46 bond rmsd: 0.002773
  step:  47 bond rmsd: 0.002794
  step:  48 bond rmsd: 0.002816
  step:  49 bond rmsd: 0.002852
  step:  50 bond rmsd: 0.002872
  step:  51 bond rmsd: 0.002863
  step:  52 bond rmsd: 0.002857
  step:  53 bond rmsd: 0.002815
micro_cycle   2 rmsd(b):  0.0028 rws:  1.000 n_fev: 105
  step:   1 bond rmsd: 0.002815
  step:   2 bond rmsd: 0.060145
  step:   3 bond rmsd: 0.021103
  step:   4 bond rmsd: 0.016955
  step:   5 bond rmsd: 0.013641
  step:   6 bond rmsd: 0.011020
  step:   7 bond rmsd: 0.008954
  step:   8 bond rmsd: 0.007335
  step:   9 bond rmsd: 0.006077
  step:  10 bond rmsd: 0.005112
  step:  11 bond rmsd: 0.004383
  step:  12 bond rmsd: 0.003843
  step:  13 bond rmsd: 0.003451
  step:  14 bond rmsd: 0.003173
  step:  15 bond rmsd: 0.002980
  step:  16 bond rmsd: 0.002848
  step:  17 bond rmsd: 0.002758
  step:  18 bond rmsd: 0.002698
  step:  19 bond rmsd: 0.002658
  step:  20 bond rmsd: 0.002630
  step:  21 bond rmsd: 0.002612
  step:  22 bond rmsd: 0.002600
  step:  23 bond rmsd: 0.002591
  step:  24 bond rmsd: 0.002585
  step:  25 bond rmsd: 0.002580
  step:  26 bond rmsd: 0.002576
  step:  27 bond rmsd: 0.002571
  step:  28 bond rmsd: 0.002564
  step:  29 bond rmsd: 0.002552
  step:  30 bond rmsd: 0.002533
  step:  31 bond rmsd: 0.002496
  step:  32 bond rmsd: 0.002423
  step:  33 bond rmsd: 0.002344
  step:  34 bond rmsd: 0.002287
  step:  35 bond rmsd: 0.002248
  step:  36 bond rmsd: 0.002182
  step:  37 bond rmsd: 0.002140
  step:  38 bond rmsd: 0.002128
  step:  39 bond rmsd: 0.002083
  step:  40 bond rmsd: 0.002068
  step:  41 bond rmsd: 0.002073
  step:  42 bond rmsd: 0.002066
  step:  43 bond rmsd: 0.002063
  step:  44 bond rmsd: 0.002058
  step:  45 bond rmsd: 0.002068
  step:  46 bond rmsd: 0.002076
  step:  47 bond rmsd: 0.002080
  step:  48 bond rmsd: 0.002118
  step:  49 bond rmsd: 0.002125
  step:  50 bond rmsd: 0.002143
  step:  51 bond rmsd: 0.002220
  step:  52 bond rmsd: 0.002233
micro_cycle   3 rmsd(b):  0.0022 rws:  1.000 n_fev: 157
  step:   1 bond rmsd: 0.002233
  step:   2 bond rmsd: 0.074283
  step:   3 bond rmsd: 0.066620
  step:   4 bond rmsd: 0.053183
  step:   5 bond rmsd: 0.042187
  step:   6 bond rmsd: 0.033592
  step:   7 bond rmsd: 0.026835
  step:   8 bond rmsd: 0.021495
  step:   9 bond rmsd: 0.017260
  step:  10 bond rmsd: 0.013895
  step:  11 bond rmsd: 0.011221
  step:  12 bond rmsd: 0.009098
  step:  13 bond rmsd: 0.007417
  step:  14 bond rmsd: 0.006092
  step:  15 bond rmsd: 0.005056
  step:  16 bond rmsd: 0.004254
  step:  17 bond rmsd: 0.003641
  step:  18 bond rmsd: 0.003180
  step:  19 bond rmsd: 0.002841
  step:  20 bond rmsd: 0.002594
  step:  21 bond rmsd: 0.002419
  step:  22 bond rmsd: 0.002296
  step:  23 bond rmsd: 0.002210
  step:  24 bond rmsd: 0.002151
  step:  25 bond rmsd: 0.002109
  step:  26 bond rmsd: 0.002080
  step:  27 bond rmsd: 0.002058
  step:  28 bond rmsd: 0.002042
  step:  29 bond rmsd: 0.002030
  step:  30 bond rmsd: 0.002020
  step:  31 bond rmsd: 0.002012
  step:  32 bond rmsd: 0.002004
  step:  33 bond rmsd: 0.001996
  step:  34 bond rmsd: 0.001987
  step:  35 bond rmsd: 0.001968
  step:  36 bond rmsd: 0.001920
  step:  37 bond rmsd: 0.001863
  step:  38 bond rmsd: 0.001850
  step:  39 bond rmsd: 0.001856
  step:  40 bond rmsd: 0.001853
  step:  41 bond rmsd: 0.001852
  step:  42 bond rmsd: 0.001868
  step:  43 bond rmsd: 0.001872
  step:  44 bond rmsd: 0.001877
  step:  45 bond rmsd: 0.001887
  step:  46 bond rmsd: 0.001894
  step:  47 bond rmsd: 0.001899
  step:  48 bond rmsd: 0.001908
  step:  49 bond rmsd: 0.001931
  step:  50 bond rmsd: 0.001947
  step:  51 bond rmsd: 0.001963
  step:  52 bond rmsd: 0.001991
micro_cycle   4 rmsd(b):  0.0020 rws:  1.000 n_fev: 209
  step:   1 bond rmsd: 0.001991
  step:   2 bond rmsd: 0.070290
  step:   3 bond rmsd: 0.004181
  step:   4 bond rmsd: 0.003560
  step:   5 bond rmsd: 0.003096
  step:   6 bond rmsd: 0.002756
  step:   7 bond rmsd: 0.002512
  step:   8 bond rmsd: 0.002342
  step:   9 bond rmsd: 0.002224
  step:  10 bond rmsd: 0.002144
  step:  11 bond rmsd: 0.002090
  step:  12 bond rmsd: 0.002053
  step:  13 bond rmsd: 0.002029
  step:  14 bond rmsd: 0.002012
  step:  15 bond rmsd: 0.002001
  step:  16 bond rmsd: 0.001993
  step:  17 bond rmsd: 0.001987
  step:  18 bond rmsd: 0.001983
  step:  19 bond rmsd: 0.001979
  step:  20 bond rmsd: 0.001977
  step:  21 bond rmsd: 0.001974
  step:  22 bond rmsd: 0.001972
  step:  23 bond rmsd: 0.001970
  step:  24 bond rmsd: 0.001967
  step:  25 bond rmsd: 0.001962
  step:  26 bond rmsd: 0.001956
  step:  27 bond rmsd: 0.001946
  step:  28 bond rmsd: 0.001931
  step:  29 bond rmsd: 0.001907
  step:  30 bond rmsd: 0.001887
  step:  31 bond rmsd: 0.001861
  step:  32 bond rmsd: 0.001852
  step:  33 bond rmsd: 0.001852
  step:  34 bond rmsd: 0.001846
  step:  35 bond rmsd: 0.001845
  step:  36 bond rmsd: 0.001841
  step:  37 bond rmsd: 0.001842
  step:  38 bond rmsd: 0.001841
  step:  39 bond rmsd: 0.001840
  step:  40 bond rmsd: 0.001845
  step:  41 bond rmsd: 0.001844
  step:  42 bond rmsd: 0.001848
  step:  43 bond rmsd: 0.001860
  step:  44 bond rmsd: 0.001880
  step:  45 bond rmsd: 0.001893
  step:  46 bond rmsd: 0.001911
  step:  47 bond rmsd: 0.001925
  step:  48 bond rmsd: 0.001967
  step:  49 bond rmsd: 0.001967
  step:  50 bond rmsd: 0.002001
  step:  51 bond rmsd: 0.001998
  step:  52 bond rmsd: 0.001990
micro_cycle   5 rmsd(b):  0.0020 rws:  1.000 n_fev: 261
  step:   1 bond rmsd: 0.001990
  step:   2 bond rmsd: 0.048970
  step:   3 bond rmsd: 0.048970
  step:   4 bond rmsd: 0.039469
  step:   5 bond rmsd: 0.031942
  step:   6 bond rmsd: 0.025814
  step:   7 bond rmsd: 0.020848
  step:   8 bond rmsd: 0.016833
  step:   9 bond rmsd: 0.013593
  step:  10 bond rmsd: 0.010986
  step:  11 bond rmsd: 0.008895
  step:  12 bond rmsd: 0.007226
  step:  13 bond rmsd: 0.005902
  step:  14 bond rmsd: 0.004860
  step:  15 bond rmsd: 0.004050
  step:  16 bond rmsd: 0.003430
  step:  17 bond rmsd: 0.002964
  step:  18 bond rmsd: 0.002622
  step:  19 bond rmsd: 0.002377
  step:  20 bond rmsd: 0.002206
  step:  21 bond rmsd: 0.002089
  step:  22 bond rmsd: 0.002010
  step:  23 bond rmsd: 0.001958
  step:  24 bond rmsd: 0.001924
  step:  25 bond rmsd: 0.001903
  step:  26 bond rmsd: 0.001889
  step:  27 bond rmsd: 0.001880
  step:  28 bond rmsd: 0.001874
  step:  29 bond rmsd: 0.001871
  step:  30 bond rmsd: 0.001869
  step:  31 bond rmsd: 0.001869
  step:  32 bond rmsd: 0.001871
  step:  33 bond rmsd: 0.001874
  step:  34 bond rmsd: 0.001879
  step:  35 bond rmsd: 0.001883
  step:  36 bond rmsd: 0.001859
  step:  37 bond rmsd: 0.001845
  step:  38 bond rmsd: 0.001871
  step:  39 bond rmsd: 0.001864
  step:  40 bond rmsd: 0.001868
  step:  41 bond rmsd: 0.001870
  step:  42 bond rmsd: 0.001873
  step:  43 bond rmsd: 0.001877
  step:  44 bond rmsd: 0.001876
  step:  45 bond rmsd: 0.001880
  step:  46 bond rmsd: 0.001878
  step:  47 bond rmsd: 0.001883
  step:  48 bond rmsd: 0.001884
  step:  49 bond rmsd: 0.001880
  step:  50 bond rmsd: 0.001885
  step:  51 bond rmsd: 0.001886
  step:  52 bond rmsd: 0.001891
micro_cycle   6 rmsd(b):  0.0019 rws:  1.000 n_fev: 313
  step:   1 bond rmsd: 0.001891
  step:   2 bond rmsd: 0.058491
  step:   3 bond rmsd: 0.005360
  step:   4 bond rmsd: 0.004421
  step:   5 bond rmsd: 0.003700
  step:   6 bond rmsd: 0.003155
  step:   7 bond rmsd: 0.002753
  step:   8 bond rmsd: 0.002464
  step:   9 bond rmsd: 0.002262
  step:  10 bond rmsd: 0.002124
  step:  11 bond rmsd: 0.002033
  step:  12 bond rmsd: 0.001973
  step:  13 bond rmsd: 0.001935
  step:  14 bond rmsd: 0.001911
  step:  15 bond rmsd: 0.001896
  step:  16 bond rmsd: 0.001887
  step:  17 bond rmsd: 0.001882
  step:  18 bond rmsd: 0.001878
  step:  19 bond rmsd: 0.001876
  step:  20 bond rmsd: 0.001875
  step:  21 bond rmsd: 0.001875
  step:  22 bond rmsd: 0.001874
  step:  23 bond rmsd: 0.001874
  step:  24 bond rmsd: 0.001874
  step:  25 bond rmsd: 0.001873
  step:  26 bond rmsd: 0.001873
  step:  27 bond rmsd: 0.001872
  step:  28 bond rmsd: 0.001870
  step:  29 bond rmsd: 0.001866
  step:  30 bond rmsd: 0.001859
  step:  31 bond rmsd: 0.001846
  step:  32 bond rmsd: 0.001822
  step:  33 bond rmsd: 0.001800
  step:  34 bond rmsd: 0.001781
  step:  35 bond rmsd: 0.001756
  step:  36 bond rmsd: 0.001746
  step:  37 bond rmsd: 0.001737
  step:  38 bond rmsd: 0.001735
  step:  39 bond rmsd: 0.001729
  step:  40 bond rmsd: 0.001727
  step:  41 bond rmsd: 0.001727
  step:  42 bond rmsd: 0.001725
  step:  43 bond rmsd: 0.001748
  step:  44 bond rmsd: 0.001748
  step:  45 bond rmsd: 0.001758
  step:  46 bond rmsd: 0.001760
  step:  47 bond rmsd: 0.001759
  step:  48 bond rmsd: 0.001768
  step:  49 bond rmsd: 0.001799
  step:  50 bond rmsd: 0.001834
  step:  51 bond rmsd: 0.001887
  step:  52 bond rmsd: 0.001967
micro_cycle   7 rmsd(b):  0.0020 rws:  1.000 n_fev: 365
  step:   1 bond rmsd: 0.001967
  step:   2 bond rmsd: 0.051286
  step:   3 bond rmsd: 0.051286
  step:   4 bond rmsd: 0.040882
  step:   5 bond rmsd: 0.032513
  step:   6 bond rmsd: 0.025921
  step:   7 bond rmsd: 0.020712
  step:   8 bond rmsd: 0.016586
  step:   9 bond rmsd: 0.013315
  step:  10 bond rmsd: 0.010720
  step:  11 bond rmsd: 0.008665
  step:  12 bond rmsd: 0.007041
  step:  13 bond rmsd: 0.005764
  step:  14 bond rmsd: 0.004767
  step:  15 bond rmsd: 0.003996
  step:  16 bond rmsd: 0.003408
  step:  17 bond rmsd: 0.002966
  step:  18 bond rmsd: 0.002639
  step:  19 bond rmsd: 0.002403
  step:  20 bond rmsd: 0.002235
  step:  21 bond rmsd: 0.002117
  step:  22 bond rmsd: 0.002035
  step:  23 bond rmsd: 0.001978
  step:  24 bond rmsd: 0.001938
  step:  25 bond rmsd: 0.001910
  step:  26 bond rmsd: 0.001890
  step:  27 bond rmsd: 0.001875
  step:  28 bond rmsd: 0.001864
  step:  29 bond rmsd: 0.001854
  step:  30 bond rmsd: 0.001846
  step:  31 bond rmsd: 0.001839
  step:  32 bond rmsd: 0.001831
  step:  33 bond rmsd: 0.001822
  step:  34 bond rmsd: 0.001812
  step:  35 bond rmsd: 0.001798
  step:  36 bond rmsd: 0.001779
  step:  37 bond rmsd: 0.001741
  step:  38 bond rmsd: 0.001722
  step:  39 bond rmsd: 0.001709
  step:  40 bond rmsd: 0.001713
  step:  41 bond rmsd: 0.001711
  step:  42 bond rmsd: 0.001713
  step:  43 bond rmsd: 0.001715
  step:  44 bond rmsd: 0.001721
  step:  45 bond rmsd: 0.001728
  step:  46 bond rmsd: 0.001731
  step:  47 bond rmsd: 0.001747
  step:  48 bond rmsd: 0.001752
  step:  49 bond rmsd: 0.001761
  step:  50 bond rmsd: 0.001772
  step:  51 bond rmsd: 0.001779
  step:  52 bond rmsd: 0.001786
micro_cycle   8 rmsd(b):  0.0018 rws:  1.000 n_fev: 417
  step:   1 bond rmsd: 0.001786
  step:   2 bond rmsd: 0.075312
  step:   3 bond rmsd: 0.003930
  step:   4 bond rmsd: 0.003335
  step:   5 bond rmsd: 0.002887
  step:   6 bond rmsd: 0.002557
  step:   7 bond rmsd: 0.002319
  step:   8 bond rmsd: 0.002151
  step:   9 bond rmsd: 0.002034
  step:  10 bond rmsd: 0.001954
  step:  11 bond rmsd: 0.001899
  step:  12 bond rmsd: 0.001863
  step:  13 bond rmsd: 0.001838
  step:  14 bond rmsd: 0.001821
  step:  15 bond rmsd: 0.001809
  step:  16 bond rmsd: 0.001801
  step:  17 bond rmsd: 0.001795
  step:  18 bond rmsd: 0.001791
  step:  19 bond rmsd: 0.001788
  step:  20 bond rmsd: 0.001786
  step:  21 bond rmsd: 0.001784
  step:  22 bond rmsd: 0.001782
  step:  23 bond rmsd: 0.001780
  step:  24 bond rmsd: 0.001779
  step:  25 bond rmsd: 0.001777
  step:  26 bond rmsd: 0.001775
  step:  27 bond rmsd: 0.001772
  step:  28 bond rmsd: 0.001769
  step:  29 bond rmsd: 0.001766
  step:  30 bond rmsd: 0.001764
  step:  31 bond rmsd: 0.001767
  step:  32 bond rmsd: 0.001769
  step:  33 bond rmsd: 0.001799
  step:  34 bond rmsd: 0.001799
  step:  35 bond rmsd: 0.001799
  step:  36 bond rmsd: 0.001799
  step:  37 bond rmsd: 0.001799
  step:  38 bond rmsd: 0.001797
  step:  39 bond rmsd: 0.001793
  step:  40 bond rmsd: 0.001792
  step:  41 bond rmsd: 0.001789
  step:  42 bond rmsd: 0.001788
  step:  43 bond rmsd: 0.001788
  step:  44 bond rmsd: 0.001788
  step:  45 bond rmsd: 0.001768
  step:  46 bond rmsd: 0.001766
  step:  47 bond rmsd: 0.001762
  step:  48 bond rmsd: 0.001750
  step:  49 bond rmsd: 0.001743
  step:  50 bond rmsd: 0.001732
  step:  51 bond rmsd: 0.001728
  step:  52 bond rmsd: 0.001722
micro_cycle   9 rmsd(b):  0.0017 rws:  1.000 n_fev: 469
  step:   1 bond rmsd: 0.001722
  step:   2 bond rmsd: 0.067397
  step:   3 bond rmsd: 0.004980
  step:   4 bond rmsd: 0.004108
  step:   5 bond rmsd: 0.003438
  step:   6 bond rmsd: 0.002930
  step:   7 bond rmsd: 0.002553
  step:   8 bond rmsd: 0.002279
  step:   9 bond rmsd: 0.002085
  step:  10 bond rmsd: 0.001951
  step:  11 bond rmsd: 0.001860
  step:  12 bond rmsd: 0.001800
  step:  13 bond rmsd: 0.001761
  step:  14 bond rmsd: 0.001735
  step:  15 bond rmsd: 0.001719
  step:  16 bond rmsd: 0.001709
  step:  17 bond rmsd: 0.001702
  step:  18 bond rmsd: 0.001698
  step:  19 bond rmsd: 0.001696
  step:  20 bond rmsd: 0.001694
  step:  21 bond rmsd: 0.001694
  step:  22 bond rmsd: 0.001694
  step:  23 bond rmsd: 0.001694
  step:  24 bond rmsd: 0.001695
  step:  25 bond rmsd: 0.001697
  step:  26 bond rmsd: 0.001700
  step:  27 bond rmsd: 0.001703
  step:  28 bond rmsd: 0.001707
  step:  29 bond rmsd: 0.001703
  step:  30 bond rmsd: 0.001712
  step:  31 bond rmsd: 0.001722
  step:  32 bond rmsd: 0.001763
  step:  33 bond rmsd: 0.001763
  step:  34 bond rmsd: 0.001759
  step:  35 bond rmsd: 0.001758
  step:  36 bond rmsd: 0.001760
  step:  37 bond rmsd: 0.001763
  step:  38 bond rmsd: 0.001767
  step:  39 bond rmsd: 0.001770
  step:  40 bond rmsd: 0.001773
  step:  41 bond rmsd: 0.001776
  step:  42 bond rmsd: 0.001778
  step:  43 bond rmsd: 0.001781
  step:  44 bond rmsd: 0.001784
  step:  45 bond rmsd: 0.001788
  step:  46 bond rmsd: 0.001791
  step:  47 bond rmsd: 0.001795
  step:  48 bond rmsd: 0.001792
  step:  49 bond rmsd: 0.001794
  step:  50 bond rmsd: 0.001786
  step:  51 bond rmsd: 0.001784
  step:  52 bond rmsd: 0.001776
  step:  53 bond rmsd: 0.001776
micro_cycle  10 rmsd(b):  0.0018 rws:  1.000 n_fev: 522
  step:   1 bond rmsd: 0.001776
  step:   2 bond rmsd: 0.050694
  step:   3 bond rmsd: 0.005453
  step:   4 bond rmsd: 0.004505
  step:   5 bond rmsd: 0.003771
  step:   6 bond rmsd: 0.003212
  step:   7 bond rmsd: 0.002794
  step:   8 bond rmsd: 0.002486
  step:   9 bond rmsd: 0.002265
  step:  10 bond rmsd: 0.002109
  step:  11 bond rmsd: 0.002001
  step:  12 bond rmsd: 0.001927
  step:  13 bond rmsd: 0.001877
  step:  14 bond rmsd: 0.001842
  step:  15 bond rmsd: 0.001819
  step:  16 bond rmsd: 0.001803
  step:  17 bond rmsd: 0.001792
  step:  18 bond rmsd: 0.001784
  step:  19 bond rmsd: 0.001779
  step:  20 bond rmsd: 0.001775
  step:  21 bond rmsd: 0.001772
  step:  22 bond rmsd: 0.001769
  step:  23 bond rmsd: 0.001767
  step:  24 bond rmsd: 0.001766
  step:  25 bond rmsd: 0.001764
  step:  26 bond rmsd: 0.001762
  step:  27 bond rmsd: 0.001761
  step:  28 bond rmsd: 0.001759
  step:  29 bond rmsd: 0.001756
  step:  30 bond rmsd: 0.001754
  step:  31 bond rmsd: 0.001751
  step:  32 bond rmsd: 0.001742
  step:  33 bond rmsd: 0.001743
  step:  34 bond rmsd: 0.001739
  step:  35 bond rmsd: 0.001733
  step:  36 bond rmsd: 0.001728
  step:  37 bond rmsd: 0.001726
  step:  38 bond rmsd: 0.001724
  step:  39 bond rmsd: 0.001719
  step:  40 bond rmsd: 0.001723
  step:  41 bond rmsd: 0.001716
  step:  42 bond rmsd: 0.001715
  step:  43 bond rmsd: 0.001714
  step:  44 bond rmsd: 0.001707
  step:  45 bond rmsd: 0.001705
  step:  46 bond rmsd: 0.001692
  step:  47 bond rmsd: 0.001688
  step:  48 bond rmsd: 0.001679
  step:  49 bond rmsd: 0.001675
  step:  50 bond rmsd: 0.001655
  step:  51 bond rmsd: 0.001653
  step:  52 bond rmsd: 0.001661
micro_cycle  11 rmsd(b):  0.0017 rws:  1.000 n_fev: 574
  step:   1 bond rmsd: 0.001661
  step:   2 bond rmsd: 0.054845
  step:   3 bond rmsd: 0.017676
  step:   4 bond rmsd: 0.014173
  step:   5 bond rmsd: 0.011373
  step:   6 bond rmsd: 0.009152
  step:   7 bond rmsd: 0.007393
  step:   8 bond rmsd: 0.006003
  step:   9 bond rmsd: 0.004911
  step:  10 bond rmsd: 0.004060
  step:  11 bond rmsd: 0.003403
  step:  12 bond rmsd: 0.002903
  step:  13 bond rmsd: 0.002529
  step:  14 bond rmsd: 0.002255
  step:  15 bond rmsd: 0.002059
  step:  16 bond rmsd: 0.001921
  step:  17 bond rmsd: 0.001826
  step:  18 bond rmsd: 0.001760
  step:  19 bond rmsd: 0.001716
  step:  20 bond rmsd: 0.001686
  step:  21 bond rmsd: 0.001665
  step:  22 bond rmsd: 0.001652
  step:  23 bond rmsd: 0.001642
  step:  24 bond rmsd: 0.001635
  step:  25 bond rmsd: 0.001630
  step:  26 bond rmsd: 0.001627
  step:  27 bond rmsd: 0.001624
  step:  28 bond rmsd: 0.001623
  step:  29 bond rmsd: 0.001622
  step:  30 bond rmsd: 0.001621
  step:  31 bond rmsd: 0.001622
  step:  32 bond rmsd: 0.001625
  step:  33 bond rmsd: 0.001630
  step:  34 bond rmsd: 0.001638
  step:  35 bond rmsd: 0.001652
  step:  36 bond rmsd: 0.001666
  step:  37 bond rmsd: 0.001715
  step:  38 bond rmsd: 0.001721
  step:  39 bond rmsd: 0.001728
  step:  40 bond rmsd: 0.001734
  step:  41 bond rmsd: 0.001739
  step:  42 bond rmsd: 0.001745
  step:  43 bond rmsd: 0.001747
  step:  44 bond rmsd: 0.001752
  step:  45 bond rmsd: 0.001754
  step:  46 bond rmsd: 0.001759
  step:  47 bond rmsd: 0.001761
  step:  48 bond rmsd: 0.001763
  step:  49 bond rmsd: 0.001764
  step:  50 bond rmsd: 0.001764
  step:  51 bond rmsd: 0.001763
  step:  52 bond rmsd: 0.001761
micro_cycle  12 rmsd(b):  0.0018 rws:  1.000 n_fev: 626
  step:   1 bond rmsd: 0.001761
  step:   2 bond rmsd: 0.092022
  step:   3 bond rmsd: 0.001951
  step:   4 bond rmsd: 0.001878
  step:   5 bond rmsd: 0.001830
  step:   6 bond rmsd: 0.001799
  step:   7 bond rmsd: 0.001780
  step:   8 bond rmsd: 0.001768
  step:   9 bond rmsd: 0.001760
  step:  10 bond rmsd: 0.001755
  step:  11 bond rmsd: 0.001752
  step:  12 bond rmsd: 0.001750
  step:  13 bond rmsd: 0.001749
  step:  14 bond rmsd: 0.001748
  step:  15 bond rmsd: 0.001747
  step:  16 bond rmsd: 0.001747
  step:  17 bond rmsd: 0.001746
  step:  18 bond rmsd: 0.001746
  step:  19 bond rmsd: 0.001745
  step:  20 bond rmsd: 0.001743
  step:  21 bond rmsd: 0.001742
  step:  22 bond rmsd: 0.001739
  step:  23 bond rmsd: 0.001733
  step:  24 bond rmsd: 0.001725
  step:  25 bond rmsd: 0.001710
  step:  26 bond rmsd: 0.001687
  step:  27 bond rmsd: 0.001669
  step:  28 bond rmsd: 0.001655
  step:  29 bond rmsd: 0.001634
  step:  30 bond rmsd: 0.001624
  step:  31 bond rmsd: 0.001615
  step:  32 bond rmsd: 0.001609
  step:  33 bond rmsd: 0.001601
  step:  34 bond rmsd: 0.001597
  step:  35 bond rmsd: 0.001594
  step:  36 bond rmsd: 0.001589
  step:  37 bond rmsd: 0.001589
  step:  38 bond rmsd: 0.001588
  step:  39 bond rmsd: 0.001611
  step:  40 bond rmsd: 0.001614
  step:  41 bond rmsd: 0.001621
  step:  42 bond rmsd: 0.001648
  step:  43 bond rmsd: 0.001667
  step:  44 bond rmsd: 0.001693
  step:  45 bond rmsd: 0.001737
  step:  46 bond rmsd: 0.001796
  step:  47 bond rmsd: 0.001852
  step:  48 bond rmsd: 0.001905
  step:  49 bond rmsd: 0.001987
  step:  50 bond rmsd: 0.002081
  step:  51 bond rmsd: 0.002162
  step:  52 bond rmsd: 0.002288
micro_cycle  13 rmsd(b):  0.0023 rws:  1.000 n_fev: 678
  step:   1 bond rmsd: 0.002288
  step:   2 bond rmsd: 0.060267
  step:   3 bond rmsd: 0.012737
  step:   4 bond rmsd: 0.010262
  step:   5 bond rmsd: 0.008301
  step:   6 bond rmsd: 0.006759
  step:   7 bond rmsd: 0.005553
  step:   8 bond rmsd: 0.004619
  step:   9 bond rmsd: 0.003905
  step:  10 bond rmsd: 0.003369
  step:  11 bond rmsd: 0.002973
  step:  12 bond rmsd: 0.002686
  step:  13 bond rmsd: 0.002483
  step:  14 bond rmsd: 0.002340
  step:  15 bond rmsd: 0.002240
  step:  16 bond rmsd: 0.002170
  step:  17 bond rmsd: 0.002120
  step:  18 bond rmsd: 0.002085
  step:  19 bond rmsd: 0.002058
  step:  20 bond rmsd: 0.002038
  step:  21 bond rmsd: 0.002021
  step:  22 bond rmsd: 0.002007
  step:  23 bond rmsd: 0.001995
  step:  24 bond rmsd: 0.001983
  step:  25 bond rmsd: 0.001970
  step:  26 bond rmsd: 0.001956
  step:  27 bond rmsd: 0.001938
  step:  28 bond rmsd: 0.001912
  step:  29 bond rmsd: 0.001876
  step:  30 bond rmsd: 0.001823
  step:  31 bond rmsd: 0.001750
  step:  32 bond rmsd: 0.001685
  step:  33 bond rmsd: 0.001633
  step:  34 bond rmsd: 0.001601
  step:  35 bond rmsd: 0.001587
  step:  36 bond rmsd: 0.001575
  step:  37 bond rmsd: 0.001564
  step:  38 bond rmsd: 0.001562
  step:  39 bond rmsd: 0.001558
  step:  40 bond rmsd: 0.001557
  step:  41 bond rmsd: 0.001556
  step:  42 bond rmsd: 0.001557
  step:  43 bond rmsd: 0.001561
  step:  44 bond rmsd: 0.001564
  step:  45 bond rmsd: 0.001572
  step:  46 bond rmsd: 0.001579
  step:  47 bond rmsd: 0.001590
  step:  48 bond rmsd: 0.001600
  step:  49 bond rmsd: 0.001610
  step:  50 bond rmsd: 0.001624
  step:  51 bond rmsd: 0.001634
  step:  52 bond rmsd: 0.001643
micro_cycle  14 rmsd(b):  0.0016 rws:  1.000 n_fev: 730
  step:   1 bond rmsd: 0.001643
  step:   2 bond rmsd: 0.069933
  step:   3 bond rmsd: 0.002247
  step:   4 bond rmsd: 0.002066
  step:   5 bond rmsd: 0.001937
  step:   6 bond rmsd: 0.001848
  step:   7 bond rmsd: 0.001786
  step:   8 bond rmsd: 0.001744
  step:   9 bond rmsd: 0.001715
  step:  10 bond rmsd: 0.001695
  step:  11 bond rmsd: 0.001680
  step:  12 bond rmsd: 0.001671
  step:  13 bond rmsd: 0.001664
  step:  14 bond rmsd: 0.001658
  step:  15 bond rmsd: 0.001655
  step:  16 bond rmsd: 0.001652
  step:  17 bond rmsd: 0.001650
  step:  18 bond rmsd: 0.001648
  step:  19 bond rmsd: 0.001646
  step:  20 bond rmsd: 0.001645
  step:  21 bond rmsd: 0.001644
  step:  22 bond rmsd: 0.001643
  step:  23 bond rmsd: 0.001642
  step:  24 bond rmsd: 0.001641
  step:  25 bond rmsd: 0.001640
  step:  26 bond rmsd: 0.001640
  step:  27 bond rmsd: 0.001643
  step:  28 bond rmsd: 0.001659
  step:  29 bond rmsd: 0.001664
  step:  30 bond rmsd: 0.001663
  step:  31 bond rmsd: 0.001659
  step:  32 bond rmsd: 0.001640
  step:  33 bond rmsd: 0.001631
  step:  34 bond rmsd: 0.001618
  step:  35 bond rmsd: 0.001609
  step:  36 bond rmsd: 0.001596
  step:  37 bond rmsd: 0.001589
  step:  38 bond rmsd: 0.001579
  step:  39 bond rmsd: 0.001569
  step:  40 bond rmsd: 0.001565
  step:  41 bond rmsd: 0.001557
  step:  42 bond rmsd: 0.001570
  step:  43 bond rmsd: 0.001563
  step:  44 bond rmsd: 0.001569
  step:  45 bond rmsd: 0.001563
  step:  46 bond rmsd: 0.001553
  step:  47 bond rmsd: 0.001561
  step:  48 bond rmsd: 0.001586
  step:  49 bond rmsd: 0.001612
  step:  50 bond rmsd: 0.001637
  step:  51 bond rmsd: 0.001667
  step:  52 bond rmsd: 0.001697
micro_cycle  15 rmsd(b):  0.0017 rws:  1.000 n_fev: 782
  step:   1 bond rmsd: 0.001697
  step:   2 bond rmsd: 0.055071
  step:   3 bond rmsd: 0.020659
  step:   4 bond rmsd: 0.016572
  step:   5 bond rmsd: 0.013305
  step:   6 bond rmsd: 0.010707
  step:   7 bond rmsd: 0.008641
  step:   8 bond rmsd: 0.007002
  step:   9 bond rmsd: 0.005707
  step:  10 bond rmsd: 0.004689
  step:  11 bond rmsd: 0.003895
  step:  12 bond rmsd: 0.003282
  step:  13 bond rmsd: 0.002816
  step:  14 bond rmsd: 0.002467
  step:  15 bond rmsd: 0.002210
  step:  16 bond rmsd: 0.002025
  step:  17 bond rmsd: 0.001893
  step:  18 bond rmsd: 0.001800
  step:  19 bond rmsd: 0.001736
  step:  20 bond rmsd: 0.001690
  step:  21 bond rmsd: 0.001659
  step:  22 bond rmsd: 0.001636
  step:  23 bond rmsd: 0.001620
  step:  24 bond rmsd: 0.001608
  step:  25 bond rmsd: 0.001599
  step:  26 bond rmsd: 0.001591
  step:  27 bond rmsd: 0.001586
  step:  28 bond rmsd: 0.001580
  step:  29 bond rmsd: 0.001576
  step:  30 bond rmsd: 0.001571
  step:  31 bond rmsd: 0.001567
  step:  32 bond rmsd: 0.001562
  step:  33 bond rmsd: 0.001559
  step:  34 bond rmsd: 0.001550
  step:  35 bond rmsd: 0.001547
  step:  36 bond rmsd: 0.001549
  step:  37 bond rmsd: 0.001591
  step:  38 bond rmsd: 0.001590
  step:  39 bond rmsd: 0.001591
  step:  40 bond rmsd: 0.001593
  step:  41 bond rmsd: 0.001596
  step:  42 bond rmsd: 0.001599
  step:  43 bond rmsd: 0.001601
  step:  44 bond rmsd: 0.001603
  step:  45 bond rmsd: 0.001607
  step:  46 bond rmsd: 0.001611
  step:  47 bond rmsd: 0.001616
  step:  48 bond rmsd: 0.001623
  step:  49 bond rmsd: 0.001630
  step:  50 bond rmsd: 0.001635
  step:  51 bond rmsd: 0.001646
  step:  52 bond rmsd: 0.001650
micro_cycle  16 rmsd(b):  0.0017 rws:  1.000 n_fev: 834
  step:   1 bond rmsd: 0.001650
  step:   2 bond rmsd: 0.056841
  step:   3 bond rmsd: 0.001764
  step:   4 bond rmsd: 0.001719
  step:   5 bond rmsd: 0.001690
  step:   6 bond rmsd: 0.001671
  step:   7 bond rmsd: 0.001658
  step:   8 bond rmsd: 0.001649
  step:   9 bond rmsd: 0.001643
  step:  10 bond rmsd: 0.001639
  step:  11 bond rmsd: 0.001635
  step:  12 bond rmsd: 0.001633
  step:  13 bond rmsd: 0.001631
  step:  14 bond rmsd: 0.001629
  step:  15 bond rmsd: 0.001627
  step:  16 bond rmsd: 0.001626
  step:  17 bond rmsd: 0.001624
  step:  18 bond rmsd: 0.001622
  step:  19 bond rmsd: 0.001619
  step:  20 bond rmsd: 0.001615
  step:  21 bond rmsd: 0.001609
  step:  22 bond rmsd: 0.001601
  step:  23 bond rmsd: 0.001592
  step:  24 bond rmsd: 0.001589
  step:  25 bond rmsd: 0.001575
  step:  26 bond rmsd: 0.001572
  step:  27 bond rmsd: 0.001578
  step:  28 bond rmsd: 0.001577
  step:  29 bond rmsd: 0.001575
  step:  30 bond rmsd: 0.001577
  step:  31 bond rmsd: 0.001578
  step:  32 bond rmsd: 0.001576
  step:  33 bond rmsd: 0.001580
  step:  34 bond rmsd: 0.001580
  step:  35 bond rmsd: 0.001584
  step:  36 bond rmsd: 0.001583
  step:  37 bond rmsd: 0.001586
  step:  38 bond rmsd: 0.001617
  step:  39 bond rmsd: 0.001614
  step:  40 bond rmsd: 0.001612
  step:  41 bond rmsd: 0.001609
  step:  42 bond rmsd: 0.001607
  step:  43 bond rmsd: 0.001604
  step:  44 bond rmsd: 0.001604
  step:  45 bond rmsd: 0.001603
  step:  46 bond rmsd: 0.001608
  step:  47 bond rmsd: 0.001610
  step:  48 bond rmsd: 0.001614
  step:  49 bond rmsd: 0.001618
  step:  50 bond rmsd: 0.001621
  step:  51 bond rmsd: 0.001625
  step:  52 bond rmsd: 0.001627
micro_cycle  17 rmsd(b):  0.0016 rws:  1.000 n_fev: 886
  step:   1 bond rmsd: 0.001627
  step:   2 bond rmsd: 0.072220
  step:   3 bond rmsd: 0.002410
  step:   4 bond rmsd: 0.002141
  step:   5 bond rmsd: 0.001952
  step:   6 bond rmsd: 0.001823
  step:   7 bond rmsd: 0.001737
  step:   8 bond rmsd: 0.001681
  step:   9 bond rmsd: 0.001645
  step:  10 bond rmsd: 0.001622
  step:  11 bond rmsd: 0.001608
  step:  12 bond rmsd: 0.001599
  step:  13 bond rmsd: 0.001593
  step:  14 bond rmsd: 0.001590
  step:  15 bond rmsd: 0.001588
  step:  16 bond rmsd: 0.001587
  step:  17 bond rmsd: 0.001586
  step:  18 bond rmsd: 0.001586
  step:  19 bond rmsd: 0.001586
  step:  20 bond rmsd: 0.001586
  step:  21 bond rmsd: 0.001586
  step:  22 bond rmsd: 0.001587
  step:  23 bond rmsd: 0.001587
  step:  24 bond rmsd: 0.001586
  step:  25 bond rmsd: 0.001585
  step:  26 bond rmsd: 0.001581
  step:  27 bond rmsd: 0.001563
  step:  28 bond rmsd: 0.001559
  step:  29 bond rmsd: 0.001557
  step:  30 bond rmsd: 0.001603
  step:  31 bond rmsd: 0.001603
  step:  32 bond rmsd: 0.001590
  step:  33 bond rmsd: 0.001583
  step:  34 bond rmsd: 0.001580
  step:  35 bond rmsd: 0.001580
  step:  36 bond rmsd: 0.001581
  step:  37 bond rmsd: 0.001583
  step:  38 bond rmsd: 0.001585
  step:  39 bond rmsd: 0.001588
  step:  40 bond rmsd: 0.001591
  step:  41 bond rmsd: 0.001594
  step:  42 bond rmsd: 0.001598
  step:  43 bond rmsd: 0.001604
  step:  44 bond rmsd: 0.001611
  step:  45 bond rmsd: 0.001646
  step:  46 bond rmsd: 0.001651
  step:  47 bond rmsd: 0.001656
  step:  48 bond rmsd: 0.001662
  step:  49 bond rmsd: 0.001669
  step:  50 bond rmsd: 0.001676
  step:  51 bond rmsd: 0.001684
  step:  52 bond rmsd: 0.001691
  step:  53 bond rmsd: 0.001703
micro_cycle  18 rmsd(b):  0.0017 rws:  1.000 n_fev: 939
  step:   1 bond rmsd: 0.001703
  step:   2 bond rmsd: 0.061706
  step:   3 bond rmsd: 0.001881
  step:   4 bond rmsd: 0.001813
  step:   5 bond rmsd: 0.001768
  step:   6 bond rmsd: 0.001738
  step:   7 bond rmsd: 0.001719
  step:   8 bond rmsd: 0.001706
  step:   9 bond rmsd: 0.001697
  step:  10 bond rmsd: 0.001691
  step:  11 bond rmsd: 0.001687
  step:  12 bond rmsd: 0.001683
  step:  13 bond rmsd: 0.001681
  step:  14 bond rmsd: 0.001679
  step:  15 bond rmsd: 0.001678
  step:  16 bond rmsd: 0.001677
  step:  17 bond rmsd: 0.001676
  step:  18 bond rmsd: 0.001675
  step:  19 bond rmsd: 0.001673
  step:  20 bond rmsd: 0.001672
  step:  21 bond rmsd: 0.001669
  step:  22 bond rmsd: 0.001665
  step:  23 bond rmsd: 0.001658
  step:  24 bond rmsd: 0.001647
  step:  25 bond rmsd: 0.001627
  step:  26 bond rmsd: 0.001610
  step:  27 bond rmsd: 0.001597
  step:  28 bond rmsd: 0.001583
  step:  29 bond rmsd: 0.001574
  step:  30 bond rmsd: 0.001567
  step:  31 bond rmsd: 0.001563
  step:  32 bond rmsd: 0.001558
  step:  33 bond rmsd: 0.001556
  step:  34 bond rmsd: 0.001550
  step:  35 bond rmsd: 0.001549
  step:  36 bond rmsd: 0.001547
  step:  37 bond rmsd: 0.001546
  step:  38 bond rmsd: 0.001548
  step:  39 bond rmsd: 0.001548
  step:  40 bond rmsd: 0.001561
  step:  41 bond rmsd: 0.001561
  step:  42 bond rmsd: 0.001567
  step:  43 bond rmsd: 0.001568
  step:  44 bond rmsd: 0.001578
  step:  45 bond rmsd: 0.001584
  step:  46 bond rmsd: 0.001591
  step:  47 bond rmsd: 0.001603
  step:  48 bond rmsd: 0.001592
  step:  49 bond rmsd: 0.001601
  step:  50 bond rmsd: 0.001622
  step:  51 bond rmsd: 0.001627
  step:  52 bond rmsd: 0.001618
micro_cycle  19 rmsd(b):  0.0016 rws:  1.000 n_fev: 991
  step:   1 bond rmsd: 0.001618
  step:   2 bond rmsd: 0.055166
  step:   3 bond rmsd: 0.024285
  step:   4 bond rmsd: 0.019504
  step:   5 bond rmsd: 0.015710
  step:   6 bond rmsd: 0.012676
  step:   7 bond rmsd: 0.010248
  step:   8 bond rmsd: 0.008307
  step:   9 bond rmsd: 0.006761
  step:  10 bond rmsd: 0.005533
  step:  11 bond rmsd: 0.004563
  step:  12 bond rmsd: 0.003804
  step:  13 bond rmsd: 0.003215
  step:  14 bond rmsd: 0.002765
  step:  15 bond rmsd: 0.002427
  step:  16 bond rmsd: 0.002176
  step:  17 bond rmsd: 0.001994
  step:  18 bond rmsd: 0.001864
  step:  19 bond rmsd: 0.001772
  step:  20 bond rmsd: 0.001707
  step:  21 bond rmsd: 0.001661
  step:  22 bond rmsd: 0.001629
  step:  23 bond rmsd: 0.001606
  step:  24 bond rmsd: 0.001589
  step:  25 bond rmsd: 0.001577
  step:  26 bond rmsd: 0.001567
  step:  27 bond rmsd: 0.001560
  step:  28 bond rmsd: 0.001554
  step:  29 bond rmsd: 0.001548
  step:  30 bond rmsd: 0.001543
  step:  31 bond rmsd: 0.001538
  step:  32 bond rmsd: 0.001532
  step:  33 bond rmsd: 0.001526
  step:  34 bond rmsd: 0.001519
  step:  35 bond rmsd: 0.001511
  step:  36 bond rmsd: 0.001499
  step:  37 bond rmsd: 0.001494
  step:  38 bond rmsd: 0.001491
  step:  39 bond rmsd: 0.001511
  step:  40 bond rmsd: 0.001512
  step:  41 bond rmsd: 0.001515
  step:  42 bond rmsd: 0.001518
  step:  43 bond rmsd: 0.001522
  step:  44 bond rmsd: 0.001526
  step:  45 bond rmsd: 0.001531
  step:  46 bond rmsd: 0.001537
  step:  47 bond rmsd: 0.001540
  step:  48 bond rmsd: 0.001548
  step:  49 bond rmsd: 0.001557
  step:  50 bond rmsd: 0.001564
  step:  51 bond rmsd: 0.001570
  step:  52 bond rmsd: 0.001583
micro_cycle  20 rmsd(b):  0.0016 rws:  1.000 n_fev: 1043
  step:   1 bond rmsd: 0.001583
  step:   2 bond rmsd: 0.051572
  step:   3 bond rmsd: 0.001813
  step:   4 bond rmsd: 0.001744
  step:   5 bond rmsd: 0.001697
  step:   6 bond rmsd: 0.001664
  step:   7 bond rmsd: 0.001641
  step:   8 bond rmsd: 0.001624
  step:   9 bond rmsd: 0.001612
  step:  10 bond rmsd: 0.001604
  step:  11 bond rmsd: 0.001597
  step:  12 bond rmsd: 0.001593
  step:  13 bond rmsd: 0.001589
  step:  14 bond rmsd: 0.001586
  step:  15 bond rmsd: 0.001583
  step:  16 bond rmsd: 0.001581
  step:  17 bond rmsd: 0.001580
  step:  18 bond rmsd: 0.001578
  step:  19 bond rmsd: 0.001576
  step:  20 bond rmsd: 0.001574
  step:  21 bond rmsd: 0.001572
  step:  22 bond rmsd: 0.001569
  step:  23 bond rmsd: 0.001566
  step:  24 bond rmsd: 0.001561
  step:  25 bond rmsd: 0.001555
  step:  26 bond rmsd: 0.001552
  step:  27 bond rmsd: 0.001548
  step:  28 bond rmsd: 0.001544
  step:  29 bond rmsd: 0.001528
  step:  30 bond rmsd: 0.001520
  step:  31 bond rmsd: 0.001511
  step:  32 bond rmsd: 0.001503
  step:  33 bond rmsd: 0.001498
  step:  34 bond rmsd: 0.001493
  step:  35 bond rmsd: 0.001488
  step:  36 bond rmsd: 0.001485
  step:  37 bond rmsd: 0.001480
  step:  38 bond rmsd: 0.001479
  step:  39 bond rmsd: 0.001473
  step:  40 bond rmsd: 0.001474
  step:  41 bond rmsd: 0.001472
  step:  42 bond rmsd: 0.001472
  step:  43 bond rmsd: 0.001479
  step:  44 bond rmsd: 0.001481
  step:  45 bond rmsd: 0.001485
  step:  46 bond rmsd: 0.001487
  step:  47 bond rmsd: 0.001497
  step:  48 bond rmsd: 0.001499
  step:  49 bond rmsd: 0.001509
  step:  50 bond rmsd: 0.001514
  step:  51 bond rmsd: 0.001535
  step:  52 bond rmsd: 0.001541
micro_cycle  21 rmsd(b):  0.0015 rws:  1.000 n_fev: 1095
  step:   1 bond rmsd: 0.001541
  step:   2 bond rmsd: 0.057242
  step:   3 bond rmsd: 0.009620
  step:   4 bond rmsd: 0.007736
  step:   5 bond rmsd: 0.006243
  step:   6 bond rmsd: 0.005061
  step:   7 bond rmsd: 0.004132
  step:   8 bond rmsd: 0.003410
  step:   9 bond rmsd: 0.002857
  step:  10 bond rmsd: 0.002442
  step:  11 bond rmsd: 0.002138
  step:  12 bond rmsd: 0.001922
  step:  13 bond rmsd: 0.001772
  step:  14 bond rmsd: 0.001672
  step:  15 bond rmsd: 0.001607
  step:  16 bond rmsd: 0.001566
  step:  17 bond rmsd: 0.001540
  step:  18 bond rmsd: 0.001525
  step:  19 bond rmsd: 0.001516
  step:  20 bond rmsd: 0.001511
  step:  21 bond rmsd: 0.001509
  step:  22 bond rmsd: 0.001508
  step:  23 bond rmsd: 0.001508
  step:  24 bond rmsd: 0.001508
  step:  25 bond rmsd: 0.001509
  step:  26 bond rmsd: 0.001510
  step:  27 bond rmsd: 0.001512
  step:  28 bond rmsd: 0.001513
  step:  29 bond rmsd: 0.001515
  step:  30 bond rmsd: 0.001517
  step:  31 bond rmsd: 0.001519
  step:  32 bond rmsd: 0.001518
  step:  33 bond rmsd: 0.001507
  step:  34 bond rmsd: 0.001506
  step:  35 bond rmsd: 0.001509
  step:  36 bond rmsd: 0.001528
  step:  37 bond rmsd: 0.001526
  step:  38 bond rmsd: 0.001526
  step:  39 bond rmsd: 0.001528
  step:  40 bond rmsd: 0.001531
  step:  41 bond rmsd: 0.001535
  step:  42 bond rmsd: 0.001538
  step:  43 bond rmsd: 0.001542
  step:  44 bond rmsd: 0.001546
  step:  45 bond rmsd: 0.001555
  step:  46 bond rmsd: 0.001558
  step:  47 bond rmsd: 0.001568
  step:  48 bond rmsd: 0.001572
  step:  49 bond rmsd: 0.001577
  step:  50 bond rmsd: 0.001582
  step:  51 bond rmsd: 0.001586
  step:  52 bond rmsd: 0.001591
micro_cycle  22 rmsd(b):  0.0016 rws:  1.000 n_fev: 1147
  step:   1 bond rmsd: 0.001591
  step:   2 bond rmsd: 0.063300
  step:   3 bond rmsd: 0.002749
  step:   4 bond rmsd: 0.002395
  step:   5 bond rmsd: 0.002137
  step:   6 bond rmsd: 0.001955
  step:   7 bond rmsd: 0.001830
  step:   8 bond rmsd: 0.001745
  step:   9 bond rmsd: 0.001688
  step:  10 bond rmsd: 0.001651
  step:  11 bond rmsd: 0.001626
  step:  12 bond rmsd: 0.001610
  step:  13 bond rmsd: 0.001600
  step:  14 bond rmsd: 0.001593
  step:  15 bond rmsd: 0.001589
  step:  16 bond rmsd: 0.001586
  step:  17 bond rmsd: 0.001584
  step:  18 bond rmsd: 0.001583
  step:  19 bond rmsd: 0.001582
  step:  20 bond rmsd: 0.001581
  step:  21 bond rmsd: 0.001580
  step:  22 bond rmsd: 0.001579
  step:  23 bond rmsd: 0.001579
  step:  24 bond rmsd: 0.001578
  step:  25 bond rmsd: 0.001576
  step:  26 bond rmsd: 0.001574
  step:  27 bond rmsd: 0.001571
  step:  28 bond rmsd: 0.001565
  step:  29 bond rmsd: 0.001556
  step:  30 bond rmsd: 0.001547
  step:  31 bond rmsd: 0.001540
  step:  32 bond rmsd: 0.001533
  step:  33 bond rmsd: 0.001527
  step:  34 bond rmsd: 0.001525
  step:  35 bond rmsd: 0.001519
  step:  36 bond rmsd: 0.001518
  step:  37 bond rmsd: 0.001516
  step:  38 bond rmsd: 0.001514
  step:  39 bond rmsd: 0.001512
  step:  40 bond rmsd: 0.001510
  step:  41 bond rmsd: 0.001506
  step:  42 bond rmsd: 0.001505
  step:  43 bond rmsd: 0.001499
  step:  44 bond rmsd: 0.001498
  step:  45 bond rmsd: 0.001493
  step:  46 bond rmsd: 0.001491
  step:  47 bond rmsd: 0.001490
  step:  48 bond rmsd: 0.001488
  step:  49 bond rmsd: 0.001491
  step:  50 bond rmsd: 0.001489
  step:  51 bond rmsd: 0.001494
  step:  52 bond rmsd: 0.001493
micro_cycle  23 rmsd(b):  0.0015 rws:  1.000 n_fev: 1199
  step:   1 bond rmsd: 0.001493
  step:   2 bond rmsd: 0.065958
  step:   3 bond rmsd: 0.001926
  step:   4 bond rmsd: 0.001757
  step:   5 bond rmsd: 0.001644
  step:   6 bond rmsd: 0.001572
  step:   7 bond rmsd: 0.001527
  step:   8 bond rmsd: 0.001500
  step:   9 bond rmsd: 0.001485
  step:  10 bond rmsd: 0.001477
  step:  11 bond rmsd: 0.001473
  step:  12 bond rmsd: 0.001471
  step:  13 bond rmsd: 0.001471
  step:  14 bond rmsd: 0.001472
  step:  15 bond rmsd: 0.001473
  step:  16 bond rmsd: 0.001475
  step:  17 bond rmsd: 0.001476
  step:  18 bond rmsd: 0.001478
  step:  19 bond rmsd: 0.001479
  step:  20 bond rmsd: 0.001481
  step:  21 bond rmsd: 0.001482
  step:  22 bond rmsd: 0.001484
  step:  23 bond rmsd: 0.001486
  step:  24 bond rmsd: 0.001488
  step:  25 bond rmsd: 0.001490
  step:  26 bond rmsd: 0.001491
  step:  27 bond rmsd: 0.001487
  step:  28 bond rmsd: 0.001488
  step:  29 bond rmsd: 0.001491
  step:  30 bond rmsd: 0.001488
  step:  31 bond rmsd: 0.001492
  step:  32 bond rmsd: 0.001496
  step:  33 bond rmsd: 0.001500
  step:  34 bond rmsd: 0.001503
  step:  35 bond rmsd: 0.001507
  step:  36 bond rmsd: 0.001511
  step:  37 bond rmsd: 0.001515
  step:  38 bond rmsd: 0.001518
  step:  39 bond rmsd: 0.001522
  step:  40 bond rmsd: 0.001526
  step:  41 bond rmsd: 0.001529
  step:  42 bond rmsd: 0.001535
  step:  43 bond rmsd: 0.001537
  step:  44 bond rmsd: 0.001540
  step:  45 bond rmsd: 0.001542
  step:  46 bond rmsd: 0.001546
  step:  47 bond rmsd: 0.001548
  step:  48 bond rmsd: 0.001552
  step:  49 bond rmsd: 0.001551
  step:  50 bond rmsd: 0.001554
  step:  51 bond rmsd: 0.001556
  step:  52 bond rmsd: 0.001558
micro_cycle  24 rmsd(b):  0.0016 rws:  1.000 n_fev: 1251
  step:   1 bond rmsd: 0.001558
  step:   2 bond rmsd: 0.044327
  step:   3 bond rmsd: 0.002413
  step:   4 bond rmsd: 0.002149
  step:   5 bond rmsd: 0.001961
  step:   6 bond rmsd: 0.001829
  step:   7 bond rmsd: 0.001739
  step:   8 bond rmsd: 0.001677
  step:   9 bond rmsd: 0.001636
  step:  10 bond rmsd: 0.001609
  step:  11 bond rmsd: 0.001591
  step:  12 bond rmsd: 0.001579
  step:  13 bond rmsd: 0.001570
  step:  14 bond rmsd: 0.001565
  step:  15 bond rmsd: 0.001561
  step:  16 bond rmsd: 0.001558
  step:  17 bond rmsd: 0.001556
  step:  18 bond rmsd: 0.001555
  step:  19 bond rmsd: 0.001554
  step:  20 bond rmsd: 0.001553
  step:  21 bond rmsd: 0.001552
  step:  22 bond rmsd: 0.001551
  step:  23 bond rmsd: 0.001550
  step:  24 bond rmsd: 0.001549
  step:  25 bond rmsd: 0.001548
  step:  26 bond rmsd: 0.001546
  step:  27 bond rmsd: 0.001544
  step:  28 bond rmsd: 0.001540
  step:  29 bond rmsd: 0.001535
  step:  30 bond rmsd: 0.001531
  step:  31 bond rmsd: 0.001527
  step:  32 bond rmsd: 0.001536
  step:  33 bond rmsd: 0.001536
  step:  34 bond rmsd: 0.001530
  step:  35 bond rmsd: 0.001524
  step:  36 bond rmsd: 0.001518
  step:  37 bond rmsd: 0.001513
  step:  38 bond rmsd: 0.001508
  step:  39 bond rmsd: 0.001503
  step:  40 bond rmsd: 0.001498
  step:  41 bond rmsd: 0.001494
  step:  42 bond rmsd: 0.001489
  step:  43 bond rmsd: 0.001485
  step:  44 bond rmsd: 0.001483
  step:  45 bond rmsd: 0.001478
  step:  46 bond rmsd: 0.001476
  step:  47 bond rmsd: 0.001474
  step:  48 bond rmsd: 0.001472
  step:  49 bond rmsd: 0.001474
  step:  50 bond rmsd: 0.001472
  step:  51 bond rmsd: 0.001471
  step:  52 bond rmsd: 0.001467
  step:  53 bond rmsd: 0.001466
micro_cycle  25 rmsd(b):  0.0015 rws:  1.000 n_fev: 1304
  step:   1 bond rmsd: 0.001466
  step:   2 bond rmsd: 0.045584
  step:   3 bond rmsd: 0.001708
  step:   4 bond rmsd: 0.001607
  step:   5 bond rmsd: 0.001542
  step:   6 bond rmsd: 0.001502
  step:   7 bond rmsd: 0.001478
  step:   8 bond rmsd: 0.001464
  step:   9 bond rmsd: 0.001457
  step:  10 bond rmsd: 0.001453
  step:  11 bond rmsd: 0.001452
  step:  12 bond rmsd: 0.001452
  step:  13 bond rmsd: 0.001453
  step:  14 bond rmsd: 0.001454
  step:  15 bond rmsd: 0.001455
  step:  16 bond rmsd: 0.001456
  step:  17 bond rmsd: 0.001458
  step:  18 bond rmsd: 0.001459
  step:  19 bond rmsd: 0.001460
  step:  20 bond rmsd: 0.001462
  step:  21 bond rmsd: 0.001463
  step:  22 bond rmsd: 0.001465
  step:  23 bond rmsd: 0.001467
  step:  24 bond rmsd: 0.001470
  step:  25 bond rmsd: 0.001473
  step:  26 bond rmsd: 0.001476
  step:  27 bond rmsd: 0.001471
  step:  28 bond rmsd: 0.001475
  step:  29 bond rmsd: 0.001482
  step:  30 bond rmsd: 0.001488
  step:  31 bond rmsd: 0.001515
  step:  32 bond rmsd: 0.001515
  step:  33 bond rmsd: 0.001515
  step:  34 bond rmsd: 0.001515
  step:  35 bond rmsd: 0.001516
  step:  36 bond rmsd: 0.001517
  step:  37 bond rmsd: 0.001518
  step:  38 bond rmsd: 0.001519
  step:  39 bond rmsd: 0.001520
  step:  40 bond rmsd: 0.001521
  step:  41 bond rmsd: 0.001522
  step:  42 bond rmsd: 0.001523
  step:  43 bond rmsd: 0.001525
  step:  44 bond rmsd: 0.001527
  step:  45 bond rmsd: 0.001531
  step:  46 bond rmsd: 0.001533
  step:  47 bond rmsd: 0.001537
  step:  48 bond rmsd: 0.001542
  step:  49 bond rmsd: 0.001553
  step:  50 bond rmsd: 0.001561
  step:  51 bond rmsd: 0.001570
  step:  52 bond rmsd: 0.001584
  step:  53 bond rmsd: 0.001594
micro_cycle  26 rmsd(b):  0.0016 rws:  1.000 n_fev: 1357
  step:   1 bond rmsd: 0.001594
  step:   2 bond rmsd: 0.045560
  step:   3 bond rmsd: 0.001705
  step:   4 bond rmsd: 0.001648
  step:   5 bond rmsd: 0.001613
  step:   6 bond rmsd: 0.001593
  step:   7 bond rmsd: 0.001581
  step:   8 bond rmsd: 0.001574
  step:   9 bond rmsd: 0.001571
  step:  10 bond rmsd: 0.001569
  step:  11 bond rmsd: 0.001569
  step:  12 bond rmsd: 0.001569
  step:  13 bond rmsd: 0.001569
  step:  14 bond rmsd: 0.001570
  step:  15 bond rmsd: 0.001571
  step:  16 bond rmsd: 0.001572
  step:  17 bond rmsd: 0.001572
  step:  18 bond rmsd: 0.001573
  step:  19 bond rmsd: 0.001573
  step:  20 bond rmsd: 0.001573
  step:  21 bond rmsd: 0.001573
  step:  22 bond rmsd: 0.001572
  step:  23 bond rmsd: 0.001568
  step:  24 bond rmsd: 0.001562
  step:  25 bond rmsd: 0.001547
  step:  26 bond rmsd: 0.001535
  step:  27 bond rmsd: 0.001506
  step:  28 bond rmsd: 0.001500
  step:  29 bond rmsd: 0.001500
  step:  30 bond rmsd: 0.001495
  step:  31 bond rmsd: 0.001490
  step:  32 bond rmsd: 0.001488
  step:  33 bond rmsd: 0.001486
  step:  34 bond rmsd: 0.001482
  step:  35 bond rmsd: 0.001478
  step:  36 bond rmsd: 0.001476
  step:  37 bond rmsd: 0.001472
  step:  38 bond rmsd: 0.001469
  step:  39 bond rmsd: 0.001466
  step:  40 bond rmsd: 0.001465
  step:  41 bond rmsd: 0.001463
  step:  42 bond rmsd: 0.001460
  step:  43 bond rmsd: 0.001457
  step:  44 bond rmsd: 0.001454
  step:  45 bond rmsd: 0.001453
  step:  46 bond rmsd: 0.001449
  step:  47 bond rmsd: 0.001448
  step:  48 bond rmsd: 0.001444
  step:  49 bond rmsd: 0.001444
  step:  50 bond rmsd: 0.001442
  step:  51 bond rmsd: 0.001445
  step:  52 bond rmsd: 0.001449
micro_cycle  27 rmsd(b):  0.0014 rws:  1.000 n_fev: 1409
  step:   1 bond rmsd: 0.001449
  step:   2 bond rmsd: 0.059739
  step:   3 bond rmsd: 0.003620
  step:   4 bond rmsd: 0.003044
  step:   5 bond rmsd: 0.002605
  step:   6 bond rmsd: 0.002275
  step:   7 bond rmsd: 0.002032
  step:   8 bond rmsd: 0.001857
  step:   9 bond rmsd: 0.001732
  step:  10 bond rmsd: 0.001645
  step:  11 bond rmsd: 0.001584
  step:  12 bond rmsd: 0.001543
  step:  13 bond rmsd: 0.001514
  step:  14 bond rmsd: 0.001494
  step:  15 bond rmsd: 0.001480
  step:  16 bond rmsd: 0.001470
  step:  17 bond rmsd: 0.001463
  step:  18 bond rmsd: 0.001458
  step:  19 bond rmsd: 0.001455
  step:  20 bond rmsd: 0.001452
  step:  21 bond rmsd: 0.001450
  step:  22 bond rmsd: 0.001448
  step:  23 bond rmsd: 0.001447
  step:  24 bond rmsd: 0.001446
  step:  25 bond rmsd: 0.001445
  step:  26 bond rmsd: 0.001444
  step:  27 bond rmsd: 0.001445
  step:  28 bond rmsd: 0.001446
  step:  29 bond rmsd: 0.001450
  step:  30 bond rmsd: 0.001453
  step:  31 bond rmsd: 0.001456
  step:  32 bond rmsd: 0.001480
  step:  33 bond rmsd: 0.001479
  step:  34 bond rmsd: 0.001479
  step:  35 bond rmsd: 0.001480
  step:  36 bond rmsd: 0.001481
  step:  37 bond rmsd: 0.001482
  step:  38 bond rmsd: 0.001482
  step:  39 bond rmsd: 0.001484
  step:  40 bond rmsd: 0.001486
  step:  41 bond rmsd: 0.001488
  step:  42 bond rmsd: 0.001491
  step:  43 bond rmsd: 0.001493
  step:  44 bond rmsd: 0.001497
  step:  45 bond rmsd: 0.001499
  step:  46 bond rmsd: 0.001502
  step:  47 bond rmsd: 0.001503
  step:  48 bond rmsd: 0.001504
  step:  49 bond rmsd: 0.001504
  step:  50 bond rmsd: 0.001506
  step:  51 bond rmsd: 0.001505
  step:  52 bond rmsd: 0.001505
micro_cycle  28 rmsd(b):  0.0015 rws:  1.000 n_fev: 1461
  step:   1 bond rmsd: 0.001505
  step:   2 bond rmsd: 0.050219
  step:   3 bond rmsd: 0.001497
  step:   4 bond rmsd: 0.001494
  step:   5 bond rmsd: 0.001492
  step:   6 bond rmsd: 0.001493
  step:   7 bond rmsd: 0.001493
  step:   8 bond rmsd: 0.001494
  step:   9 bond rmsd: 0.001495
  step:  10 bond rmsd: 0.001496
  step:  11 bond rmsd: 0.001497
  step:  12 bond rmsd: 0.001498
  step:  13 bond rmsd: 0.001498
  step:  14 bond rmsd: 0.001499
  step:  15 bond rmsd: 0.001500
  step:  16 bond rmsd: 0.001500
  step:  17 bond rmsd: 0.001501
  step:  18 bond rmsd: 0.001501
  step:  19 bond rmsd: 0.001501
  step:  20 bond rmsd: 0.001502
  step:  21 bond rmsd: 0.001502
  step:  22 bond rmsd: 0.001502
  step:  23 bond rmsd: 0.001501
  step:  24 bond rmsd: 0.001499
  step:  25 bond rmsd: 0.001492
  step:  26 bond rmsd: 0.001488
  step:  27 bond rmsd: 0.001485
  step:  28 bond rmsd: 0.001475
  step:  29 bond rmsd: 0.001473
  step:  30 bond rmsd: 0.001470
  step:  31 bond rmsd: 0.001468
  step:  32 bond rmsd: 0.001463
  step:  33 bond rmsd: 0.001460
  step:  34 bond rmsd: 0.001459
  step:  35 bond rmsd: 0.001457
  step:  36 bond rmsd: 0.001456
  step:  37 bond rmsd: 0.001454
  step:  38 bond rmsd: 0.001452
  step:  39 bond rmsd: 0.001449
  step:  40 bond rmsd: 0.001449
  step:  41 bond rmsd: 0.001447
  step:  42 bond rmsd: 0.001446
  step:  43 bond rmsd: 0.001446
  step:  44 bond rmsd: 0.001447
  step:  45 bond rmsd: 0.001447
  step:  46 bond rmsd: 0.001448
  step:  47 bond rmsd: 0.001457
  step:  48 bond rmsd: 0.001465
  step:  49 bond rmsd: 0.001479
  step:  50 bond rmsd: 0.001499
  step:  51 bond rmsd: 0.001513
  step:  52 bond rmsd: 0.001541
micro_cycle  29 rmsd(b):  0.0015 rws:  1.000 n_fev: 1513
  step:   1 bond rmsd: 0.001541
  step:   2 bond rmsd: 0.045800
  step:   3 bond rmsd: 0.030001
  step:   4 bond rmsd: 0.024040
  step:   5 bond rmsd: 0.019247
  step:   6 bond rmsd: 0.015415
  step:   7 bond rmsd: 0.012353
  step:   8 bond rmsd: 0.009909
  step:   9 bond rmsd: 0.007962
  step:  10 bond rmsd: 0.006415
  step:  11 bond rmsd: 0.005190
  step:  12 bond rmsd: 0.004228
  step:  13 bond rmsd: 0.003478
  step:  14 bond rmsd: 0.002903
  step:  15 bond rmsd: 0.002469
  step:  16 bond rmsd: 0.002150
  step:  17 bond rmsd: 0.001922
  step:  18 bond rmsd: 0.001764
  step:  19 bond rmsd: 0.001658
  step:  20 bond rmsd: 0.001588
  step:  21 bond rmsd: 0.001544
  step:  22 bond rmsd: 0.001517
  step:  23 bond rmsd: 0.001500
  step:  24 bond rmsd: 0.001490
  step:  25 bond rmsd: 0.001485
  step:  26 bond rmsd: 0.001482
  step:  27 bond rmsd: 0.001481
  step:  28 bond rmsd: 0.001480
  step:  29 bond rmsd: 0.001480
  step:  30 bond rmsd: 0.001480
  step:  31 bond rmsd: 0.001480
  step:  32 bond rmsd: 0.001481
  step:  33 bond rmsd: 0.001481
  step:  34 bond rmsd: 0.001481
  step:  35 bond rmsd: 0.001481
  step:  36 bond rmsd: 0.001481
  step:  37 bond rmsd: 0.001480
  step:  38 bond rmsd: 0.001477
  step:  39 bond rmsd: 0.001468
  step:  40 bond rmsd: 0.001466
  step:  41 bond rmsd: 0.001468
  step:  42 bond rmsd: 0.001465
  step:  43 bond rmsd: 0.001467
  step:  44 bond rmsd: 0.001468
  step:  45 bond rmsd: 0.001470
  step:  46 bond rmsd: 0.001471
  step:  47 bond rmsd: 0.001472
  step:  48 bond rmsd: 0.001474
  step:  49 bond rmsd: 0.001474
  step:  50 bond rmsd: 0.001478
  step:  51 bond rmsd: 0.001479
  step:  52 bond rmsd: 0.001481
micro_cycle  30 rmsd(b):  0.0015 rws:  1.000 n_fev: 1565
  step:   1 bond rmsd: 0.001481
  step:   2 bond rmsd: 0.052390
  step:   3 bond rmsd: 0.001530
  step:   4 bond rmsd: 0.001509
  step:   5 bond rmsd: 0.001496
  step:   6 bond rmsd: 0.001489
  step:   7 bond rmsd: 0.001484
  step:   8 bond rmsd: 0.001482
  step:   9 bond rmsd: 0.001480
  step:  10 bond rmsd: 0.001479
  step:  11 bond rmsd: 0.001479
  step:  12 bond rmsd: 0.001479
  step:  13 bond rmsd: 0.001479
  step:  14 bond rmsd: 0.001479
  step:  15 bond rmsd: 0.001480
  step:  16 bond rmsd: 0.001480
  step:  17 bond rmsd: 0.001480
  step:  18 bond rmsd: 0.001480
  step:  19 bond rmsd: 0.001481
  step:  20 bond rmsd: 0.001481
  step:  21 bond rmsd: 0.001481
  step:  22 bond rmsd: 0.001481
  step:  23 bond rmsd: 0.001482
  step:  24 bond rmsd: 0.001482
  step:  25 bond rmsd: 0.001482
  step:  26 bond rmsd: 0.001482
  step:  27 bond rmsd: 0.001483
  step:  28 bond rmsd: 0.001481
  step:  29 bond rmsd: 0.001482
  step:  30 bond rmsd: 0.001482
  step:  31 bond rmsd: 0.001485
  step:  32 bond rmsd: 0.001486
  step:  33 bond rmsd: 0.001486
  step:  34 bond rmsd: 0.001488
  step:  35 bond rmsd: 0.001489
  step:  36 bond rmsd: 0.001494
  step:  37 bond rmsd: 0.001495
  step:  38 bond rmsd: 0.001498
  step:  39 bond rmsd: 0.001500
  step:  40 bond rmsd: 0.001504
  step:  41 bond rmsd: 0.001509
  step:  42 bond rmsd: 0.001513
  step:  43 bond rmsd: 0.001522
  step:  44 bond rmsd: 0.001526
  step:  45 bond rmsd: 0.001534
  step:  46 bond rmsd: 0.001535
  step:  47 bond rmsd: 0.001538
  step:  48 bond rmsd: 0.001538
  step:  49 bond rmsd: 0.001535
  step:  50 bond rmsd: 0.001531
  step:  51 bond rmsd: 0.001525
  step:  52 bond rmsd: 0.001517
micro_cycle  31 rmsd(b):  0.0015 rws:  1.000 n_fev: 1617
  step:   1 bond rmsd: 0.001517
  step:   2 bond rmsd: 0.078192
  step:   3 bond rmsd: 0.001870
  step:   4 bond rmsd: 0.001749
  step:   5 bond rmsd: 0.001666
  step:   6 bond rmsd: 0.001611
  step:   7 bond rmsd: 0.001575
  step:   8 bond rmsd: 0.001551
  step:   9 bond rmsd: 0.001535
  step:  10 bond rmsd: 0.001524
  step:  11 bond rmsd: 0.001517
  step:  12 bond rmsd: 0.001512
  step:  13 bond rmsd: 0.001509
  step:  14 bond rmsd: 0.001507
  step:  15 bond rmsd: 0.001505
  step:  16 bond rmsd: 0.001503
  step:  17 bond rmsd: 0.001502
  step:  18 bond rmsd: 0.001501
  step:  19 bond rmsd: 0.001500
  step:  20 bond rmsd: 0.001498
  step:  21 bond rmsd: 0.001497
  step:  22 bond rmsd: 0.001495
  step:  23 bond rmsd: 0.001492
  step:  24 bond rmsd: 0.001488
  step:  25 bond rmsd: 0.001482
  step:  26 bond rmsd: 0.001479
  step:  27 bond rmsd: 0.001477
  step:  28 bond rmsd: 0.001476
  step:  29 bond rmsd: 0.001477
  step:  30 bond rmsd: 0.001478
  step:  31 bond rmsd: 0.001480
  step:  32 bond rmsd: 0.001484
  step:  33 bond rmsd: 0.001486
  step:  34 bond rmsd: 0.001489
  step:  35 bond rmsd: 0.001493
  step:  36 bond rmsd: 0.001494
  step:  37 bond rmsd: 0.001498
  step:  38 bond rmsd: 0.001499
  step:  39 bond rmsd: 0.001503
  step:  40 bond rmsd: 0.001506
  step:  41 bond rmsd: 0.001510
  step:  42 bond rmsd: 0.001512
  step:  43 bond rmsd: 0.001514
  step:  44 bond rmsd: 0.001518
  step:  45 bond rmsd: 0.001518
  step:  46 bond rmsd: 0.001522
  step:  47 bond rmsd: 0.001521
  step:  48 bond rmsd: 0.001518
  step:  49 bond rmsd: 0.001514
  step:  50 bond rmsd: 0.001509
  step:  51 bond rmsd: 0.001505
  step:  52 bond rmsd: 0.001501
micro_cycle  32 rmsd(b):  0.0015 rws:  1.000 n_fev: 1669
  step:   1 bond rmsd: 0.001501
  step:   2 bond rmsd: 0.060400
  step:   3 bond rmsd: 0.001518
  step:   4 bond rmsd: 0.001508
  step:   5 bond rmsd: 0.001502
  step:   6 bond rmsd: 0.001499
  step:   7 bond rmsd: 0.001497
  step:   8 bond rmsd: 0.001496
  step:   9 bond rmsd: 0.001496
  step:  10 bond rmsd: 0.001496
  step:  11 bond rmsd: 0.001496
  step:  12 bond rmsd: 0.001496
  step:  13 bond rmsd: 0.001496
  step:  14 bond rmsd: 0.001496
  step:  15 bond rmsd: 0.001496
  step:  16 bond rmsd: 0.001496
  step:  17 bond rmsd: 0.001496
  step:  18 bond rmsd: 0.001496
  step:  19 bond rmsd: 0.001496
  step:  20 bond rmsd: 0.001495
  step:  21 bond rmsd: 0.001494
  step:  22 bond rmsd: 0.001493
  step:  23 bond rmsd: 0.001490
  step:  24 bond rmsd: 0.001485
  step:  25 bond rmsd: 0.001476
  step:  26 bond rmsd: 0.001473
  step:  27 bond rmsd: 0.001472
  step:  28 bond rmsd: 0.001470
  step:  29 bond rmsd: 0.001463
  step:  30 bond rmsd: 0.001462
  step:  31 bond rmsd: 0.001462
  step:  32 bond rmsd: 0.001462
  step:  33 bond rmsd: 0.001462
  step:  34 bond rmsd: 0.001461
  step:  35 bond rmsd: 0.001461
  step:  36 bond rmsd: 0.001461
  step:  37 bond rmsd: 0.001461
  step:  38 bond rmsd: 0.001461
  step:  39 bond rmsd: 0.001460
  step:  40 bond rmsd: 0.001459
  step:  41 bond rmsd: 0.001459
  step:  42 bond rmsd: 0.001458
  step:  43 bond rmsd: 0.001457
  step:  44 bond rmsd: 0.001457
  step:  45 bond rmsd: 0.001456
  step:  46 bond rmsd: 0.001455
  step:  47 bond rmsd: 0.001453
  step:  48 bond rmsd: 0.001453
  step:  49 bond rmsd: 0.001451
  step:  50 bond rmsd: 0.001451
  step:  51 bond rmsd: 0.001450
  step:  52 bond rmsd: 0.001449
micro_cycle  33 rmsd(b):  0.0014 rws:  1.000 n_fev: 1721
  step:   1 bond rmsd: 0.001449
  step:   2 bond rmsd: 0.062275
  step:   3 bond rmsd: 0.001485
  step:   4 bond rmsd: 0.001474
  step:   5 bond rmsd: 0.001467
  step:   6 bond rmsd: 0.001462
  step:   7 bond rmsd: 0.001459
  step:   8 bond rmsd: 0.001456
  step:   9 bond rmsd: 0.001455
  step:  10 bond rmsd: 0.001454
  step:  11 bond rmsd: 0.001453
  step:  12 bond rmsd: 0.001452
  step:  13 bond rmsd: 0.001452
  step:  14 bond rmsd: 0.001452
  step:  15 bond rmsd: 0.001452
  step:  16 bond rmsd: 0.001452
  step:  17 bond rmsd: 0.001452
  step:  18 bond rmsd: 0.001452
  step:  19 bond rmsd: 0.001452
  step:  20 bond rmsd: 0.001453
  step:  21 bond rmsd: 0.001454
  step:  22 bond rmsd: 0.001456
  step:  23 bond rmsd: 0.001458
  step:  24 bond rmsd: 0.001460
  step:  25 bond rmsd: 0.001458
  step:  26 bond rmsd: 0.001461
  step:  27 bond rmsd: 0.001463
  step:  28 bond rmsd: 0.001466
  step:  29 bond rmsd: 0.001468
  step:  30 bond rmsd: 0.001471
  step:  31 bond rmsd: 0.001473
  step:  32 bond rmsd: 0.001475
  step:  33 bond rmsd: 0.001476
  step:  34 bond rmsd: 0.001478
  step:  35 bond rmsd: 0.001479
  step:  36 bond rmsd: 0.001481
  step:  37 bond rmsd: 0.001482
  step:  38 bond rmsd: 0.001482
  step:  39 bond rmsd: 0.001483
  step:  40 bond rmsd: 0.001483
  step:  41 bond rmsd: 0.001484
  step:  42 bond rmsd: 0.001485
  step:  43 bond rmsd: 0.001485
  step:  44 bond rmsd: 0.001486
  step:  45 bond rmsd: 0.001486
  step:  46 bond rmsd: 0.001484
  step:  47 bond rmsd: 0.001484
  step:  48 bond rmsd: 0.001484
  step:  49 bond rmsd: 0.001483
  step:  50 bond rmsd: 0.001483
  step:  51 bond rmsd: 0.001482
  step:  52 bond rmsd: 0.001482
micro_cycle  34 rmsd(b):  0.0015 rws:  1.000 n_fev: 1773
  step:   1 bond rmsd: 0.001482
  step:   2 bond rmsd: 0.042303
  step:   3 bond rmsd: 0.001481
  step:   4 bond rmsd: 0.001480
  step:   5 bond rmsd: 0.001479
  step:   6 bond rmsd: 0.001479
  step:   7 bond rmsd: 0.001478
  step:   8 bond rmsd: 0.001478
  step:   9 bond rmsd: 0.001477
  step:  10 bond rmsd: 0.001477
  step:  11 bond rmsd: 0.001477
  step:  12 bond rmsd: 0.001477
  step:  13 bond rmsd: 0.001476
  step:  14 bond rmsd: 0.001476
  step:  15 bond rmsd: 0.001475
  step:  16 bond rmsd: 0.001475
  step:  17 bond rmsd: 0.001473
  step:  18 bond rmsd: 0.001471
  step:  19 bond rmsd: 0.001471
  step:  20 bond rmsd: 0.001466
  step:  21 bond rmsd: 0.001466
  step:  22 bond rmsd: 0.001466
  step:  23 bond rmsd: 0.001466
  step:  24 bond rmsd: 0.001466
  step:  25 bond rmsd: 0.001466
  step:  26 bond rmsd: 0.001466
  step:  27 bond rmsd: 0.001466
  step:  28 bond rmsd: 0.001465
  step:  29 bond rmsd: 0.001466
  step:  30 bond rmsd: 0.001465
  step:  31 bond rmsd: 0.001465
  step:  32 bond rmsd: 0.001465
  step:  33 bond rmsd: 0.001464
  step:  34 bond rmsd: 0.001464
  step:  35 bond rmsd: 0.001464
  step:  36 bond rmsd: 0.001464
  step:  37 bond rmsd: 0.001464
  step:  38 bond rmsd: 0.001465
  step:  39 bond rmsd: 0.001465
  step:  40 bond rmsd: 0.001466
  step:  41 bond rmsd: 0.001466
  step:  42 bond rmsd: 0.001466
  step:  43 bond rmsd: 0.001467
  step:  44 bond rmsd: 0.001468
  step:  45 bond rmsd: 0.001469
  step:  46 bond rmsd: 0.001469
  step:  47 bond rmsd: 0.001469
  step:  48 bond rmsd: 0.001468
  step:  49 bond rmsd: 0.001467
  step:  50 bond rmsd: 0.001464
  step:  51 bond rmsd: 0.001463
  step:  52 bond rmsd: 0.001463
micro_cycle  35 rmsd(b):  0.0015 rws:  1.000 n_fev: 1825
  step:   1 bond rmsd: 0.001463
  step:   2 bond rmsd: 0.058014
  step:   3 bond rmsd: 0.001595
  step:   4 bond rmsd: 0.001554
  step:   5 bond rmsd: 0.001527
  step:   6 bond rmsd: 0.001508
  step:   7 bond rmsd: 0.001495
  step:   8 bond rmsd: 0.001486
  step:   9 bond rmsd: 0.001480
  step:  10 bond rmsd: 0.001475
  step:  11 bond rmsd: 0.001472
  step:  12 bond rmsd: 0.001470
  step:  13 bond rmsd: 0.001468
  step:  14 bond rmsd: 0.001467
  step:  15 bond rmsd: 0.001466
  step:  16 bond rmsd: 0.001465
  step:  17 bond rmsd: 0.001464
  step:  18 bond rmsd: 0.001464
  step:  19 bond rmsd: 0.001463
  step:  20 bond rmsd: 0.001462
  step:  21 bond rmsd: 0.001462
  step:  22 bond rmsd: 0.001462
  step:  23 bond rmsd: 0.001461
  step:  24 bond rmsd: 0.001461
  step:  25 bond rmsd: 0.001464
  step:  26 bond rmsd: 0.001464
  step:  27 bond rmsd: 0.001465
  step:  28 bond rmsd: 0.001467
  step:  29 bond rmsd: 0.001468
  step:  30 bond rmsd: 0.001469
  step:  31 bond rmsd: 0.001470
  step:  32 bond rmsd: 0.001472
  step:  33 bond rmsd: 0.001473
  step:  34 bond rmsd: 0.001475
  step:  35 bond rmsd: 0.001477
  step:  36 bond rmsd: 0.001478
  step:  37 bond rmsd: 0.001482
  step:  38 bond rmsd: 0.001483
  step:  39 bond rmsd: 0.001488
  step:  40 bond rmsd: 0.001489
  step:  41 bond rmsd: 0.001490
  step:  42 bond rmsd: 0.001490
  step:  43 bond rmsd: 0.001491
  step:  44 bond rmsd: 0.001490
  step:  45 bond rmsd: 0.001489
  step:  46 bond rmsd: 0.001489
  step:  47 bond rmsd: 0.001485
  step:  48 bond rmsd: 0.001484
  step:  49 bond rmsd: 0.001482
  step:  50 bond rmsd: 0.001480
  step:  51 bond rmsd: 0.001475
  step:  52 bond rmsd: 0.001473
micro_cycle  36 rmsd(b):  0.0015 rws:  1.000 n_fev: 1877
  step:   1 bond rmsd: 0.001473
  step:   2 bond rmsd: 0.073613
  step:   3 bond rmsd: 0.001489
  step:   4 bond rmsd: 0.001483
  step:   5 bond rmsd: 0.001479
  step:   6 bond rmsd: 0.001477
  step:   7 bond rmsd: 0.001475
  step:   8 bond rmsd: 0.001473
  step:   9 bond rmsd: 0.001472
  step:  10 bond rmsd: 0.001471
  step:  11 bond rmsd: 0.001471
  step:  12 bond rmsd: 0.001470
  step:  13 bond rmsd: 0.001470
  step:  14 bond rmsd: 0.001469
  step:  15 bond rmsd: 0.001469
  step:  16 bond rmsd: 0.001469
  step:  17 bond rmsd: 0.001468
  step:  18 bond rmsd: 0.001467
  step:  19 bond rmsd: 0.001466
  step:  20 bond rmsd: 0.001464
  step:  21 bond rmsd: 0.001463
  step:  22 bond rmsd: 0.001462
  step:  23 bond rmsd: 0.001458
  step:  24 bond rmsd: 0.001458
  step:  25 bond rmsd: 0.001458
  step:  26 bond rmsd: 0.001458
  step:  27 bond rmsd: 0.001458
  step:  28 bond rmsd: 0.001459
  step:  29 bond rmsd: 0.001459
  step:  30 bond rmsd: 0.001460
  step:  31 bond rmsd: 0.001460
  step:  32 bond rmsd: 0.001461
  step:  33 bond rmsd: 0.001461
  step:  34 bond rmsd: 0.001461
  step:  35 bond rmsd: 0.001462
  step:  36 bond rmsd: 0.001462
  step:  37 bond rmsd: 0.001462
  step:  38 bond rmsd: 0.001465
  step:  39 bond rmsd: 0.001465
  step:  40 bond rmsd: 0.001465
  step:  41 bond rmsd: 0.001467
  step:  42 bond rmsd: 0.001468
  step:  43 bond rmsd: 0.001469
  step:  44 bond rmsd: 0.001472
  step:  45 bond rmsd: 0.001474
  step:  46 bond rmsd: 0.001476
  step:  47 bond rmsd: 0.001479
  step:  48 bond rmsd: 0.001483
  step:  49 bond rmsd: 0.001490
  step:  50 bond rmsd: 0.001495
  step:  51 bond rmsd: 0.001503
  step:  52 bond rmsd: 0.001508
micro_cycle  37 rmsd(b):  0.0015 rws:  1.000 n_fev: 1929
  step:   1 bond rmsd: 0.001508
  step:   2 bond rmsd: 0.047013
  step:   3 bond rmsd: 0.001508
  step:   4 bond rmsd: 0.001505
  step:   5 bond rmsd: 0.001503
  step:   6 bond rmsd: 0.001502
  step:   7 bond rmsd: 0.001502
  step:   8 bond rmsd: 0.001501
  step:   9 bond rmsd: 0.001500
  step:  10 bond rmsd: 0.001500
  step:  11 bond rmsd: 0.001499
  step:  12 bond rmsd: 0.001499
  step:  13 bond rmsd: 0.001498
  step:  14 bond rmsd: 0.001498
  step:  15 bond rmsd: 0.001497
  step:  16 bond rmsd: 0.001496
  step:  17 bond rmsd: 0.001495
  step:  18 bond rmsd: 0.001494
  step:  19 bond rmsd: 0.001492
  step:  20 bond rmsd: 0.001488
  step:  21 bond rmsd: 0.001484
  step:  22 bond rmsd: 0.001478
  step:  23 bond rmsd: 0.001474
  step:  24 bond rmsd: 0.001471
  step:  25 bond rmsd: 0.001465
  step:  26 bond rmsd: 0.001463
  step:  27 bond rmsd: 0.001462
  step:  28 bond rmsd: 0.001461
  step:  29 bond rmsd: 0.001460
  step:  30 bond rmsd: 0.001460
  step:  31 bond rmsd: 0.001459
  step:  32 bond rmsd: 0.001458
  step:  33 bond rmsd: 0.001458
  step:  34 bond rmsd: 0.001457
  step:  35 bond rmsd: 0.001456
  step:  36 bond rmsd: 0.001455
  step:  37 bond rmsd: 0.001455
  step:  38 bond rmsd: 0.001454
  step:  39 bond rmsd: 0.001454
  step:  40 bond rmsd: 0.001454
  step:  41 bond rmsd: 0.001453
  step:  42 bond rmsd: 0.001454
  step:  43 bond rmsd: 0.001454
  step:  44 bond rmsd: 0.001456
  step:  45 bond rmsd: 0.001458
  step:  46 bond rmsd: 0.001462
  step:  47 bond rmsd: 0.001467
  step:  48 bond rmsd: 0.001471
  step:  49 bond rmsd: 0.001480
  step:  50 bond rmsd: 0.001484
  step:  51 bond rmsd: 0.001500
  step:  52 bond rmsd: 0.001504
micro_cycle  38 rmsd(b):  0.0015 rws:  1.000 n_fev: 1981
  step:   1 bond rmsd: 0.001504
  step:   2 bond rmsd: 0.049365
  step:   3 bond rmsd: 0.006141
  step:   4 bond rmsd: 0.004964
  step:   5 bond rmsd: 0.004041
  step:   6 bond rmsd: 0.003325
  step:   7 bond rmsd: 0.002777
  step:   8 bond rmsd: 0.002367
  step:   9 bond rmsd: 0.002068
  step:  10 bond rmsd: 0.001857
  step:  11 bond rmsd: 0.001713
  step:  12 bond rmsd: 0.001618
  step:  13 bond rmsd: 0.001557
  step:  14 bond rmsd: 0.001520
  step:  15 bond rmsd: 0.001498
  step:  16 bond rmsd: 0.001486
  step:  17 bond rmsd: 0.001479
  step:  18 bond rmsd: 0.001476
  step:  19 bond rmsd: 0.001475
  step:  20 bond rmsd: 0.001475
  step:  21 bond rmsd: 0.001475
  step:  22 bond rmsd: 0.001476
  step:  23 bond rmsd: 0.001477
  step:  24 bond rmsd: 0.001478
  step:  25 bond rmsd: 0.001478
  step:  26 bond rmsd: 0.001479
  step:  27 bond rmsd: 0.001480
  step:  28 bond rmsd: 0.001480
  step:  29 bond rmsd: 0.001481
  step:  30 bond rmsd: 0.001481
  step:  31 bond rmsd: 0.001481
  step:  32 bond rmsd: 0.001479
  step:  33 bond rmsd: 0.001476
  step:  34 bond rmsd: 0.001466
  step:  35 bond rmsd: 0.001463
  step:  36 bond rmsd: 0.001461
  step:  37 bond rmsd: 0.001454
  step:  38 bond rmsd: 0.001454
  step:  39 bond rmsd: 0.001454
  step:  40 bond rmsd: 0.001454
  step:  41 bond rmsd: 0.001454
  step:  42 bond rmsd: 0.001454
  step:  43 bond rmsd: 0.001455
  step:  44 bond rmsd: 0.001456
  step:  45 bond rmsd: 0.001457
  step:  46 bond rmsd: 0.001458
  step:  47 bond rmsd: 0.001458
  step:  48 bond rmsd: 0.001459
  step:  49 bond rmsd: 0.001460
  step:  50 bond rmsd: 0.001463
  step:  51 bond rmsd: 0.001464
  step:  52 bond rmsd: 0.001465
  step:  53 bond rmsd: 0.001467
micro_cycle  39 rmsd(b):  0.0015 rws:  1.000 n_fev: 2034
  step:   1 bond rmsd: 0.001467
  step:   2 bond rmsd: 0.040836
  step:   3 bond rmsd: 0.001456
  step:   4 bond rmsd: 0.001456
  step:   5 bond rmsd: 0.001457
  step:   6 bond rmsd: 0.001457
  step:   7 bond rmsd: 0.001458
  step:   8 bond rmsd: 0.001459
  step:   9 bond rmsd: 0.001460
  step:  10 bond rmsd: 0.001461
  step:  11 bond rmsd: 0.001462
  step:  12 bond rmsd: 0.001463
  step:  13 bond rmsd: 0.001463
  step:  14 bond rmsd: 0.001464
  step:  15 bond rmsd: 0.001464
  step:  16 bond rmsd: 0.001465
  step:  17 bond rmsd: 0.001465
  step:  18 bond rmsd: 0.001466
  step:  19 bond rmsd: 0.001466
  step:  20 bond rmsd: 0.001467
  step:  21 bond rmsd: 0.001468
  step:  22 bond rmsd: 0.001468
  step:  23 bond rmsd: 0.001468
  step:  24 bond rmsd: 0.001468
  step:  25 bond rmsd: 0.001467
  step:  26 bond rmsd: 0.001467
  step:  27 bond rmsd: 0.001467
  step:  28 bond rmsd: 0.001466
  step:  29 bond rmsd: 0.001466
  step:  30 bond rmsd: 0.001466
  step:  31 bond rmsd: 0.001466
  step:  32 bond rmsd: 0.001463
  step:  33 bond rmsd: 0.001463
  step:  34 bond rmsd: 0.001463
  step:  35 bond rmsd: 0.001463
  step:  36 bond rmsd: 0.001462
  step:  37 bond rmsd: 0.001461
  step:  38 bond rmsd: 0.001460
  step:  39 bond rmsd: 0.001459
  step:  40 bond rmsd: 0.001460
  step:  41 bond rmsd: 0.001458
  step:  42 bond rmsd: 0.001457
  step:  43 bond rmsd: 0.001453
  step:  44 bond rmsd: 0.001452
  step:  45 bond rmsd: 0.001449
  step:  46 bond rmsd: 0.001448
  step:  47 bond rmsd: 0.001447
  step:  48 bond rmsd: 0.001448
  step:  49 bond rmsd: 0.001448
  step:  50 bond rmsd: 0.001449
  step:  51 bond rmsd: 0.001453
  step:  52 bond rmsd: 0.001455
micro_cycle  40 rmsd(b):  0.0015 rws:  1.000 n_fev: 2086
  step:   1 bond rmsd: 0.001455
  step:   2 bond rmsd: 0.060508
  step:   3 bond rmsd: 0.001588
  step:   4 bond rmsd: 0.001550
  step:   5 bond rmsd: 0.001524
  step:   6 bond rmsd: 0.001506
  step:   7 bond rmsd: 0.001493
  step:   8 bond rmsd: 0.001485
  step:   9 bond rmsd: 0.001478
  step:  10 bond rmsd: 0.001474
  step:  11 bond rmsd: 0.001471
  step:  12 bond rmsd: 0.001468
  step:  13 bond rmsd: 0.001467
  step:  14 bond rmsd: 0.001465
  step:  15 bond rmsd: 0.001465
  step:  16 bond rmsd: 0.001464
  step:  17 bond rmsd: 0.001464
  step:  18 bond rmsd: 0.001464
  step:  19 bond rmsd: 0.001465
  step:  20 bond rmsd: 0.001466
  step:  21 bond rmsd: 0.001470
  step:  22 bond rmsd: 0.001476
  step:  23 bond rmsd: 0.001486
  step:  24 bond rmsd: 0.001495
  step:  25 bond rmsd: 0.001501
  step:  26 bond rmsd: 0.001514
  step:  27 bond rmsd: 0.001519
  step:  28 bond rmsd: 0.001522
  step:  29 bond rmsd: 0.001525
  step:  30 bond rmsd: 0.001528
  step:  31 bond rmsd: 0.001529
  step:  32 bond rmsd: 0.001526
  step:  33 bond rmsd: 0.001526
  step:  34 bond rmsd: 0.001519
  step:  35 bond rmsd: 0.001516
  step:  36 bond rmsd: 0.001501
  step:  37 bond rmsd: 0.001494
  step:  38 bond rmsd: 0.001486
  step:  39 bond rmsd: 0.001476
  step:  40 bond rmsd: 0.001467
  step:  41 bond rmsd: 0.001463
  step:  42 bond rmsd: 0.001458
  step:  43 bond rmsd: 0.001454
  step:  44 bond rmsd: 0.001450
  step:  45 bond rmsd: 0.001448
  step:  46 bond rmsd: 0.001445
  step:  47 bond rmsd: 0.001443
  step:  48 bond rmsd: 0.001440
  step:  49 bond rmsd: 0.001439
  step:  50 bond rmsd: 0.001438
  step:  51 bond rmsd: 0.001438
  step:  52 bond rmsd: 0.001440
micro_cycle  41 rmsd(b):  0.0014 rws:  1.000 n_fev: 2138
  step:   1 bond rmsd: 0.001440
  step:   2 bond rmsd: 0.076344
  step:   3 bond rmsd: 0.001445
  step:   4 bond rmsd: 0.001444
  step:   5 bond rmsd: 0.001443
  step:   6 bond rmsd: 0.001442
  step:   7 bond rmsd: 0.001442
  step:   8 bond rmsd: 0.001441
  step:   9 bond rmsd: 0.001441
  step:  10 bond rmsd: 0.001442
  step:  11 bond rmsd: 0.001442
  step:  12 bond rmsd: 0.001442
  step:  13 bond rmsd: 0.001442
  step:  14 bond rmsd: 0.001442
  step:  15 bond rmsd: 0.001443
  step:  16 bond rmsd: 0.001443
  step:  17 bond rmsd: 0.001444
  step:  18 bond rmsd: 0.001445
  step:  19 bond rmsd: 0.001446
  step:  20 bond rmsd: 0.001449
  step:  21 bond rmsd: 0.001453
  step:  22 bond rmsd: 0.001459
  step:  23 bond rmsd: 0.001464
  step:  24 bond rmsd: 0.001469
  step:  25 bond rmsd: 0.001474
  step:  26 bond rmsd: 0.001479
  step:  27 bond rmsd: 0.001482
  step:  28 bond rmsd: 0.001487
  step:  29 bond rmsd: 0.001491
  step:  30 bond rmsd: 0.001494
  step:  31 bond rmsd: 0.001500
  step:  32 bond rmsd: 0.001503
  step:  33 bond rmsd: 0.001513
  step:  34 bond rmsd: 0.001516
  step:  35 bond rmsd: 0.001518
  step:  36 bond rmsd: 0.001518
  step:  37 bond rmsd: 0.001516
  step:  38 bond rmsd: 0.001511
  step:  39 bond rmsd: 0.001504
  step:  40 bond rmsd: 0.001502
  step:  41 bond rmsd: 0.001485
  step:  42 bond rmsd: 0.001483
  step:  43 bond rmsd: 0.001480
  step:  44 bond rmsd: 0.001477
  step:  45 bond rmsd: 0.001473
  step:  46 bond rmsd: 0.001469
  step:  47 bond rmsd: 0.001466
  step:  48 bond rmsd: 0.001462
  step:  49 bond rmsd: 0.001460
  step:  50 bond rmsd: 0.001456
  step:  51 bond rmsd: 0.001457
  step:  52 bond rmsd: 0.001454
micro_cycle  42 rmsd(b):  0.0015 rws:  1.000 n_fev: 2190
  step:   1 bond rmsd: 0.001454
  step:   2 bond rmsd: 0.051956
  step:   3 bond rmsd: 0.001635
  step:   4 bond rmsd: 0.001563
  step:   5 bond rmsd: 0.001517
  step:   6 bond rmsd: 0.001487
  step:   7 bond rmsd: 0.001470
  step:   8 bond rmsd: 0.001459
  step:   9 bond rmsd: 0.001454
  step:  10 bond rmsd: 0.001451
  step:  11 bond rmsd: 0.001449
  step:  12 bond rmsd: 0.001449
  step:  13 bond rmsd: 0.001450
  step:  14 bond rmsd: 0.001451
  step:  15 bond rmsd: 0.001452
  step:  16 bond rmsd: 0.001453
  step:  17 bond rmsd: 0.001454
  step:  18 bond rmsd: 0.001456
  step:  19 bond rmsd: 0.001457
  step:  20 bond rmsd: 0.001459
  step:  21 bond rmsd: 0.001461
  step:  22 bond rmsd: 0.001465
  step:  23 bond rmsd: 0.001469
  step:  24 bond rmsd: 0.001475
  step:  25 bond rmsd: 0.001482
  step:  26 bond rmsd: 0.001488
  step:  27 bond rmsd: 0.001493
  step:  28 bond rmsd: 0.001498
  step:  29 bond rmsd: 0.001504
  step:  30 bond rmsd: 0.001507
  step:  31 bond rmsd: 0.001511
  step:  32 bond rmsd: 0.001505
  step:  33 bond rmsd: 0.001508
  step:  34 bond rmsd: 0.001510
  step:  35 bond rmsd: 0.001509
  step:  36 bond rmsd: 0.001509
  step:  37 bond rmsd: 0.001505
  step:  38 bond rmsd: 0.001500
  step:  39 bond rmsd: 0.001494
  step:  40 bond rmsd: 0.001486
  step:  41 bond rmsd: 0.001479
  step:  42 bond rmsd: 0.001472
  step:  43 bond rmsd: 0.001465
  step:  44 bond rmsd: 0.001459
  step:  45 bond rmsd: 0.001455
  step:  46 bond rmsd: 0.001452
  step:  47 bond rmsd: 0.001448
  step:  48 bond rmsd: 0.001446
  step:  49 bond rmsd: 0.001444
  step:  50 bond rmsd: 0.001442
  step:  51 bond rmsd: 0.001441
  step:  52 bond rmsd: 0.001440
micro_cycle  43 rmsd(b):  0.0014 rws:  1.000 n_fev: 2242
  step:   1 bond rmsd: 0.001440
  step:   2 bond rmsd: 0.064779
  step:   3 bond rmsd: 0.001445
  step:   4 bond rmsd: 0.001444
  step:   5 bond rmsd: 0.001443
  step:   6 bond rmsd: 0.001443
  step:   7 bond rmsd: 0.001443
  step:   8 bond rmsd: 0.001443
  step:   9 bond rmsd: 0.001443
  step:  10 bond rmsd: 0.001443
  step:  11 bond rmsd: 0.001443
  step:  12 bond rmsd: 0.001443
  step:  13 bond rmsd: 0.001443
  step:  14 bond rmsd: 0.001444
  step:  15 bond rmsd: 0.001444
  step:  16 bond rmsd: 0.001445
  step:  17 bond rmsd: 0.001447
  step:  18 bond rmsd: 0.001450
  step:  19 bond rmsd: 0.001456
  step:  20 bond rmsd: 0.001464
  step:  21 bond rmsd: 0.001472
  step:  22 bond rmsd: 0.001481
  step:  23 bond rmsd: 0.001491
  step:  24 bond rmsd: 0.001501
  step:  25 bond rmsd: 0.001509
  step:  26 bond rmsd: 0.001517
  step:  27 bond rmsd: 0.001525
  step:  28 bond rmsd: 0.001530
  step:  29 bond rmsd: 0.001537
  step:  30 bond rmsd: 0.001540
  step:  31 bond rmsd: 0.001540
  step:  32 bond rmsd: 0.001539
  step:  33 bond rmsd: 0.001534
  step:  34 bond rmsd: 0.001529
  step:  35 bond rmsd: 0.001520
  step:  36 bond rmsd: 0.001513
  step:  37 bond rmsd: 0.001503
  step:  38 bond rmsd: 0.001496
  step:  39 bond rmsd: 0.001489
  step:  40 bond rmsd: 0.001483
  step:  41 bond rmsd: 0.001475
  step:  42 bond rmsd: 0.001468
  step:  43 bond rmsd: 0.001459
  step:  44 bond rmsd: 0.001451
  step:  45 bond rmsd: 0.001442
  step:  46 bond rmsd: 0.001434
  step:  47 bond rmsd: 0.001429
  step:  48 bond rmsd: 0.001422
  step:  49 bond rmsd: 0.001419
  step:  50 bond rmsd: 0.001415
  step:  51 bond rmsd: 0.001415
  step:  52 bond rmsd: 0.001411
micro_cycle  44 rmsd(b):  0.0014 rws:  1.000 n_fev: 2294
  step:   1 bond rmsd: 0.001411
  step:   2 bond rmsd: 0.045076
  step:   3 bond rmsd: 0.001808
  step:   4 bond rmsd: 0.001691
  step:   5 bond rmsd: 0.001609
  step:   6 bond rmsd: 0.001552
  step:   7 bond rmsd: 0.001512
  step:   8 bond rmsd: 0.001484
  step:   9 bond rmsd: 0.001465
  step:  10 bond rmsd: 0.001451
  step:  11 bond rmsd: 0.001441
  step:  12 bond rmsd: 0.001434
  step:  13 bond rmsd: 0.001429
  step:  14 bond rmsd: 0.001425
  step:  15 bond rmsd: 0.001422
  step:  16 bond rmsd: 0.001421
  step:  17 bond rmsd: 0.001419
  step:  18 bond rmsd: 0.001418
  step:  19 bond rmsd: 0.001418
  step:  20 bond rmsd: 0.001418
  step:  21 bond rmsd: 0.001418
  step:  22 bond rmsd: 0.001419
  step:  23 bond rmsd: 0.001422
  step:  24 bond rmsd: 0.001427
  step:  25 bond rmsd: 0.001436
  step:  26 bond rmsd: 0.001445
  step:  27 bond rmsd: 0.001455
  step:  28 bond rmsd: 0.001465
  step:  29 bond rmsd: 0.001474
  step:  30 bond rmsd: 0.001482
  step:  31 bond rmsd: 0.001488
  step:  32 bond rmsd: 0.001494
  step:  33 bond rmsd: 0.001499
  step:  34 bond rmsd: 0.001505
  step:  35 bond rmsd: 0.001508
  step:  36 bond rmsd: 0.001510
  step:  37 bond rmsd: 0.001513
  step:  38 bond rmsd: 0.001515
  step:  39 bond rmsd: 0.001513
  step:  40 bond rmsd: 0.001511
  step:  41 bond rmsd: 0.001507
  step:  42 bond rmsd: 0.001502
  step:  43 bond rmsd: 0.001497
  step:  44 bond rmsd: 0.001490
  step:  45 bond rmsd: 0.001484
  step:  46 bond rmsd: 0.001480
  step:  47 bond rmsd: 0.001473
  step:  48 bond rmsd: 0.001469
  step:  49 bond rmsd: 0.001465
  step:  50 bond rmsd: 0.001460
  step:  51 bond rmsd: 0.001456
  step:  52 bond rmsd: 0.001452
micro_cycle  45 rmsd(b):  0.0015 rws:  1.000 n_fev: 2346
  step:   1 bond rmsd: 0.001452
  step:   2 bond rmsd: 0.015552
  step:   3 bond rmsd: 0.001459
  step:   4 bond rmsd: 0.001458
  step:   5 bond rmsd: 0.001457
  step:   6 bond rmsd: 0.001458
  step:   7 bond rmsd: 0.001458
  step:   8 bond rmsd: 0.001460
  step:   9 bond rmsd: 0.001461
  step:  10 bond rmsd: 0.001463
  step:  11 bond rmsd: 0.001464
  step:  12 bond rmsd: 0.001466
  step:  13 bond rmsd: 0.001468
  step:  14 bond rmsd: 0.001469
  step:  15 bond rmsd: 0.001472
  step:  16 bond rmsd: 0.001475
  step:  17 bond rmsd: 0.001479
  step:  18 bond rmsd: 0.001483
  step:  19 bond rmsd: 0.001487
  step:  20 bond rmsd: 0.001488
  step:  21 bond rmsd: 0.001491
  step:  22 bond rmsd: 0.001493
  step:  23 bond rmsd: 0.001494
  step:  24 bond rmsd: 0.001495
  step:  25 bond rmsd: 0.001493
  step:  26 bond rmsd: 0.001491
  step:  27 bond rmsd: 0.001488
  step:  28 bond rmsd: 0.001484
  step:  29 bond rmsd: 0.001481
  step:  30 bond rmsd: 0.001476
  step:  31 bond rmsd: 0.001469
  step:  32 bond rmsd: 0.001461
  step:  33 bond rmsd: 0.001453
  step:  34 bond rmsd: 0.001446
  step:  35 bond rmsd: 0.001440
  step:  36 bond rmsd: 0.001429
  step:  37 bond rmsd: 0.001425
  step:  38 bond rmsd: 0.001421
  step:  39 bond rmsd: 0.001417
  step:  40 bond rmsd: 0.001414
  step:  41 bond rmsd: 0.001413
  step:  42 bond rmsd: 0.001413
  step:  43 bond rmsd: 0.001414
  step:  44 bond rmsd: 0.001417
  step:  45 bond rmsd: 0.001419
  step:  46 bond rmsd: 0.001425
  step:  47 bond rmsd: 0.001429
  step:  48 bond rmsd: 0.001439
  step:  49 bond rmsd: 0.001445
  step:  50 bond rmsd: 0.001456
  step:  51 bond rmsd: 0.001466
  step:  52 bond rmsd: 0.001477
micro_cycle  46 rmsd(b):  0.0015 rws:  1.000 n_fev: 2398
  step:   1 bond rmsd: 0.001477
  step:   2 bond rmsd: 0.069716
  step:   3 bond rmsd: 0.001475
  step:   4 bond rmsd: 0.001474
  step:   5 bond rmsd: 0.001473
  step:   6 bond rmsd: 0.001473
  step:   7 bond rmsd: 0.001473
  step:   8 bond rmsd: 0.001473
  step:   9 bond rmsd: 0.001474
  step:  10 bond rmsd: 0.001474
  step:  11 bond rmsd: 0.001475
  step:  12 bond rmsd: 0.001476
  step:  13 bond rmsd: 0.001476
  step:  14 bond rmsd: 0.001477
  step:  15 bond rmsd: 0.001478
  step:  16 bond rmsd: 0.001479
  step:  17 bond rmsd: 0.001480
  step:  18 bond rmsd: 0.001481
  step:  19 bond rmsd: 0.001483
  step:  20 bond rmsd: 0.001483
  step:  21 bond rmsd: 0.001484
  step:  22 bond rmsd: 0.001485
  step:  23 bond rmsd: 0.001480
  step:  24 bond rmsd: 0.001481
  step:  25 bond rmsd: 0.001482
  step:  26 bond rmsd: 0.001482
  step:  27 bond rmsd: 0.001483
  step:  28 bond rmsd: 0.001483
  step:  29 bond rmsd: 0.001483
  step:  30 bond rmsd: 0.001483
  step:  31 bond rmsd: 0.001482
  step:  32 bond rmsd: 0.001482
  step:  33 bond rmsd: 0.001481
  step:  34 bond rmsd: 0.001480
  step:  35 bond rmsd: 0.001478
  step:  36 bond rmsd: 0.001476
  step:  37 bond rmsd: 0.001473
  step:  38 bond rmsd: 0.001470
  step:  39 bond rmsd: 0.001465
  step:  40 bond rmsd: 0.001461
  step:  41 bond rmsd: 0.001456
  step:  42 bond rmsd: 0.001446
  step:  43 bond rmsd: 0.001437
  step:  44 bond rmsd: 0.001429
  step:  45 bond rmsd: 0.001421
  step:  46 bond rmsd: 0.001415
  step:  47 bond rmsd: 0.001408
  step:  48 bond rmsd: 0.001404
  step:  49 bond rmsd: 0.001399
  step:  50 bond rmsd: 0.001396
  step:  51 bond rmsd: 0.001394
  step:  52 bond rmsd: 0.001392
micro_cycle  47 rmsd(b):  0.0014 rws:  1.000 n_fev: 2450
  step:   1 bond rmsd: 0.001392
  step:   2 bond rmsd: 0.033056
  step:   3 bond rmsd: 0.001527
  step:   4 bond rmsd: 0.001498
  step:   5 bond rmsd: 0.001479
  step:   6 bond rmsd: 0.001467
  step:   7 bond rmsd: 0.001460
  step:   8 bond rmsd: 0.001457
  step:   9 bond rmsd: 0.001455
  step:  10 bond rmsd: 0.001455
  step:  11 bond rmsd: 0.001455
  step:  12 bond rmsd: 0.001455
  step:  13 bond rmsd: 0.001455
  step:  14 bond rmsd: 0.001456
  step:  15 bond rmsd: 0.001456
  step:  16 bond rmsd: 0.001456
  step:  17 bond rmsd: 0.001457
  step:  18 bond rmsd: 0.001458
  step:  19 bond rmsd: 0.001458
  step:  20 bond rmsd: 0.001460
  step:  21 bond rmsd: 0.001461
  step:  22 bond rmsd: 0.001464
  step:  23 bond rmsd: 0.001468
  step:  24 bond rmsd: 0.001474
  step:  25 bond rmsd: 0.001479
  step:  26 bond rmsd: 0.001484
  step:  27 bond rmsd: 0.001479
  step:  28 bond rmsd: 0.001477
  step:  29 bond rmsd: 0.001473
  step:  30 bond rmsd: 0.001470
  step:  31 bond rmsd: 0.001467
  step:  32 bond rmsd: 0.001465
  step:  33 bond rmsd: 0.001463
  step:  34 bond rmsd: 0.001461
  step:  35 bond rmsd: 0.001460
  step:  36 bond rmsd: 0.001459
  step:  37 bond rmsd: 0.001458
  step:  38 bond rmsd: 0.001456
  step:  39 bond rmsd: 0.001455
  step:  40 bond rmsd: 0.001454
  step:  41 bond rmsd: 0.001452
  step:  42 bond rmsd: 0.001452
  step:  43 bond rmsd: 0.001455
  step:  44 bond rmsd: 0.001455
  step:  45 bond rmsd: 0.001456
  step:  46 bond rmsd: 0.001460
  step:  47 bond rmsd: 0.001467
  step:  48 bond rmsd: 0.001475
  step:  49 bond rmsd: 0.001488
  step:  50 bond rmsd: 0.001500
  step:  51 bond rmsd: 0.001515
  step:  52 bond rmsd: 0.001533
micro_cycle  48 rmsd(b):  0.0015 rws:  1.000 n_fev: 2502
  step:   1 bond rmsd: 0.001533
  step:   2 bond rmsd: 0.056088
  step:   3 bond rmsd: 0.001553
  step:   4 bond rmsd: 0.001542
  step:   5 bond rmsd: 0.001535
  step:   6 bond rmsd: 0.001531
  step:   7 bond rmsd: 0.001528
  step:   8 bond rmsd: 0.001527
  step:   9 bond rmsd: 0.001526
  step:  10 bond rmsd: 0.001525
  step:  11 bond rmsd: 0.001524
  step:  12 bond rmsd: 0.001524
  step:  13 bond rmsd: 0.001523
  step:  14 bond rmsd: 0.001523
  step:  15 bond rmsd: 0.001522
  step:  16 bond rmsd: 0.001522
  step:  17 bond rmsd: 0.001521
  step:  18 bond rmsd: 0.001520
  step:  19 bond rmsd: 0.001518
  step:  20 bond rmsd: 0.001515
  step:  21 bond rmsd: 0.001511
  step:  22 bond rmsd: 0.001503
  step:  23 bond rmsd: 0.001492
  step:  24 bond rmsd: 0.001482
  step:  25 bond rmsd: 0.001475
  step:  26 bond rmsd: 0.001472
  step:  27 bond rmsd: 0.001470
  step:  28 bond rmsd: 0.001463
  step:  29 bond rmsd: 0.001462
  step:  30 bond rmsd: 0.001462
  step:  31 bond rmsd: 0.001461
  step:  32 bond rmsd: 0.001461
  step:  33 bond rmsd: 0.001461
  step:  34 bond rmsd: 0.001461
  step:  35 bond rmsd: 0.001461
  step:  36 bond rmsd: 0.001460
  step:  37 bond rmsd: 0.001460
  step:  38 bond rmsd: 0.001460
  step:  39 bond rmsd: 0.001459
  step:  40 bond rmsd: 0.001459
  step:  41 bond rmsd: 0.001459
  step:  42 bond rmsd: 0.001458
  step:  43 bond rmsd: 0.001458
  step:  44 bond rmsd: 0.001456
  step:  45 bond rmsd: 0.001456
  step:  46 bond rmsd: 0.001456
  step:  47 bond rmsd: 0.001455
  step:  48 bond rmsd: 0.001457
  step:  49 bond rmsd: 0.001457
  step:  50 bond rmsd: 0.001457
  step:  51 bond rmsd: 0.001458
  step:  52 bond rmsd: 0.001459
micro_cycle  49 rmsd(b):  0.0015 rws:  1.000 n_fev: 2554
  step:   1 bond rmsd: 0.001459
  step:   2 bond rmsd: 0.036098
  step:   3 bond rmsd: 0.001463
  step:   4 bond rmsd: 0.001462
  step:   5 bond rmsd: 0.001461
  step:   6 bond rmsd: 0.001461
  step:   7 bond rmsd: 0.001460
  step:   8 bond rmsd: 0.001460
  step:   9 bond rmsd: 0.001460
  step:  10 bond rmsd: 0.001460
  step:  11 bond rmsd: 0.001460
  step:  12 bond rmsd: 0.001460
  step:  13 bond rmsd: 0.001460
  step:  14 bond rmsd: 0.001460
  step:  15 bond rmsd: 0.001460
  step:  16 bond rmsd: 0.001461
  step:  17 bond rmsd: 0.001461
  step:  18 bond rmsd: 0.001462
  step:  19 bond rmsd: 0.001462
  step:  20 bond rmsd: 0.001463
  step:  21 bond rmsd: 0.001464
  step:  22 bond rmsd: 0.001465
  step:  23 bond rmsd: 0.001466
  step:  24 bond rmsd: 0.001467
  step:  25 bond rmsd: 0.001468
  step:  26 bond rmsd: 0.001469
  step:  27 bond rmsd: 0.001470
  step:  28 bond rmsd: 0.001471
  step:  29 bond rmsd: 0.001472
  step:  30 bond rmsd: 0.001472
  step:  31 bond rmsd: 0.001474
  step:  32 bond rmsd: 0.001474
  step:  33 bond rmsd: 0.001475
  step:  34 bond rmsd: 0.001475
  step:  35 bond rmsd: 0.001475
  step:  36 bond rmsd: 0.001475
  step:  37 bond rmsd: 0.001477
  step:  38 bond rmsd: 0.001477
  step:  39 bond rmsd: 0.001479
  step:  40 bond rmsd: 0.001480
  step:  41 bond rmsd: 0.001480
  step:  42 bond rmsd: 0.001481
  step:  43 bond rmsd: 0.001483
  step:  44 bond rmsd: 0.001485
  step:  45 bond rmsd: 0.001487
  step:  46 bond rmsd: 0.001491
  step:  47 bond rmsd: 0.001493
  step:  48 bond rmsd: 0.001496
  step:  49 bond rmsd: 0.001499
  step:  50 bond rmsd: 0.001503
  step:  51 bond rmsd: 0.001504
  step:  52 bond rmsd: 0.001508
micro_cycle  50 rmsd(b):  0.0015 rws:  1.000 n_fev: 2606
See 2_refined.pdb in pdb folder.
Time: 37.8655
