Starting Q|R
Running refinement
   input {
     xray_data {
       file_name = None
       labels = None
       high_resolution = None
       low_resolution = None
       outliers_rejection = True
       french_wilson_scale = True
       french_wilson {
         max_bins = 60
         min_bin_size = 40
       }
       sigma_fobs_rejection_criterion = None
       sigma_iobs_rejection_criterion = None
       ignore_all_zeros = True
       force_anomalous_flag_to_be_equal_to = None
       convert_to_non_anomalous_if_ratio_pairs_lone_less_than_threshold = 0.5
       r_free_flags {
         file_name = None
         label = None
         test_flag_value = None
         ignore_r_free_flags = False
         disable_suitability_test = False
         ignore_pdb_hexdigest = False
         generate = False
         fraction = 0.1
         max_free = 2000
         lattice_symmetry_max_delta = 5
         use_lattice_symmetry = True
         use_dataman_shells = False
         n_shells = 20
       }
     }
     pdb {
       file_name = None
     }
     monomers {
       file_name = None
     }
     maps {
       map_file_name = None
       d_min = None
       map_coefficients_file_name = None
       map_coefficients_label = None
     }
     sequence = None
     scattering_table = wk1995 it1992 *n_gaussian neutron electron
     wavelength = None
     energy = None
     twin_law = Auto
   }
   max_atoms = 15000
   debug = False
   cluster {
     charge_cutoff = 8.0
     clustering = false
     charge_embedding = False
     two_buffers = False
     maxnum_residues_in_cluster = 15
     clustering_method = gnc *bcc
     altloc_method = *average subtract
   }
   restraints = *cctbx qm
   quantum {
     engine_name = *mopac ani torchani terachem turbomole pyscf orca gaussian \
                   xtb
     charge = None
     basis = Auto
     method = Auto
     memory = None
     nproc = None
     qm_addon = gcp dftd3 gcp-d3
     qm_addon_method = None
   }
   refine {
     dry_run = False
     sf_algorithm = *direct fft
     refinement_target_name = *ml ls_wunit_k1
     mode = *opt refine
     number_of_macro_cycles = 1
     number_of_weight_search_cycles = 50
     number_of_refine_cycles = 5
     number_of_micro_cycles = 50
     data_weight = None
     choose_best_use_r_work = False
     skip_initial_weight_optimization = False
     adjust_restraints_weight_scale_value = 2
     max_iterations_weight = 50
     max_iterations_refine = 50
     use_ase_lbfgs = False
     line_search = True
     stpmax = 0.2
     gradient_only = true
     update_all_scales = True
     refine_sites = True
     refine_adp = False
     restraints_weight_scale = 1.0
     shake_sites = False
     use_convergence_test = true
     max_bond_rmsd = 0.03
     max_r_work_r_free_gap = 5.0
     r_tolerance = 0.001
     rmsd_tolerance = 0.001
     opt_log = False
     pre_opt = False
     pre_opt_stpmax = 0.1
     pre_opt_iter = 10
     pre_opt_switch = 2
     pre_opt_gconv = 3000
   }
   parallel {
     method = *multiprocessing slurm pbs sge lsf threading
     nproc = None
     qsub_command = None
   }
   output_file_name_prefix = None
   output_folder_name = "pdb"
   shared_disk = True
   rst_file = None
   dump_gradients = None

Setting QM defaults
  Setting QM method to PM7


***********************************************************
restart info will be stored in /home/lum/3nir/cctbx_opt/pdb/3.rst.pickle
***********************************************************

start   0 rmsd(b):  0.0199 rws:  1.000 n_fev: 0
  step:   1 bond rmsd: 0.019943
  step:   2 bond rmsd: 0.085661
  step:   3 bond rmsd: 0.086596
  step:   4 bond rmsd: 0.070439
  step:   5 bond rmsd: 0.057462
  step:   6 bond rmsd: 0.047036
  step:   7 bond rmsd: 0.038694
  step:   8 bond rmsd: 0.032052
  step:   9 bond rmsd: 0.026789
  step:  10 bond rmsd: 0.022646
  step:  11 bond rmsd: 0.019407
  step:  12 bond rmsd: 0.016892
  step:  13 bond rmsd: 0.014949
  step:  14 bond rmsd: 0.013450
  step:  15 bond rmsd: 0.012288
  step:  16 bond rmsd: 0.011373
  step:  17 bond rmsd: 0.010634
  step:  18 bond rmsd: 0.010010
  step:  19 bond rmsd: 0.009450
  step:  20 bond rmsd: 0.008908
  step:  21 bond rmsd: 0.008338
  step:  22 bond rmsd: 0.007692
  step:  23 bond rmsd: 0.006917
  step:  24 bond rmsd: 0.005967
  step:  25 bond rmsd: 0.004711
  step:  26 bond rmsd: 0.004185
  step:  27 bond rmsd: 0.003809
  step:  28 bond rmsd: 0.003434
  step:  29 bond rmsd: 0.003228
  step:  30 bond rmsd: 0.003100
  step:  31 bond rmsd: 0.003016
  step:  32 bond rmsd: 0.002991
  step:  33 bond rmsd: 0.002988
  step:  34 bond rmsd: 0.003064
  step:  35 bond rmsd: 0.003136
  step:  36 bond rmsd: 0.003213
  step:  37 bond rmsd: 0.003292
  step:  38 bond rmsd: 0.003434
  step:  39 bond rmsd: 0.003482
  step:  40 bond rmsd: 0.003504
  step:  41 bond rmsd: 0.003501
  step:  42 bond rmsd: 0.003479
  step:  43 bond rmsd: 0.003410
  step:  44 bond rmsd: 0.003349
  step:  45 bond rmsd: 0.003270
  step:  46 bond rmsd: 0.003141
  step:  47 bond rmsd: 0.003068
  step:  48 bond rmsd: 0.002895
  step:  49 bond rmsd: 0.002797
  step:  50 bond rmsd: 0.002676
  step:  51 bond rmsd: 0.002547
  step:  52 bond rmsd: 0.002434
micro_cycle   1 rmsd(b):  0.0024 rws:  1.000 n_fev: 52
  step:   1 bond rmsd: 0.002434
  step:   2 bond rmsd: 0.042854
  step:   3 bond rmsd: 0.042854
  step:   4 bond rmsd: 0.034135
  step:   5 bond rmsd: 0.027116
  step:   6 bond rmsd: 0.021624
  step:   7 bond rmsd: 0.017308
  step:   8 bond rmsd: 0.013905
  step:   9 bond rmsd: 0.011219
  step:  10 bond rmsd: 0.009100
  step:  11 bond rmsd: 0.007435
  step:  12 bond rmsd: 0.006134
  step:  13 bond rmsd: 0.005126
  step:  14 bond rmsd: 0.004354
  step:  15 bond rmsd: 0.003772
  step:  16 bond rmsd: 0.003340
  step:  17 bond rmsd: 0.003026
  step:  18 bond rmsd: 0.002801
  step:  19 bond rmsd: 0.002641
  step:  20 bond rmsd: 0.002529
  step:  21 bond rmsd: 0.002450
  step:  22 bond rmsd: 0.002394
  step:  23 bond rmsd: 0.002354
  step:  24 bond rmsd: 0.002324
  step:  25 bond rmsd: 0.002302
  step:  26 bond rmsd: 0.002283
  step:  27 bond rmsd: 0.002268
  step:  28 bond rmsd: 0.002253
  step:  29 bond rmsd: 0.002238
  step:  30 bond rmsd: 0.002220
  step:  31 bond rmsd: 0.002198
  step:  32 bond rmsd: 0.002166
  step:  33 bond rmsd: 0.002120
  step:  34 bond rmsd: 0.002051
  step:  35 bond rmsd: 0.001991
  step:  36 bond rmsd: 0.001951
  step:  37 bond rmsd: 0.001891
  step:  38 bond rmsd: 0.001828
  step:  39 bond rmsd: 0.001802
  step:  40 bond rmsd: 0.001780
  step:  41 bond rmsd: 0.001765
  step:  42 bond rmsd: 0.001752
  step:  43 bond rmsd: 0.001746
  step:  44 bond rmsd: 0.001741
  step:  45 bond rmsd: 0.001744
  step:  46 bond rmsd: 0.001739
  step:  47 bond rmsd: 0.001744
  step:  48 bond rmsd: 0.001745
  step:  49 bond rmsd: 0.001758
  step:  50 bond rmsd: 0.001771
  step:  51 bond rmsd: 0.001783
  step:  52 bond rmsd: 0.001799
micro_cycle   2 rmsd(b):  0.0018 rws:  1.000 n_fev: 104
  step:   1 bond rmsd: 0.001799
  step:   2 bond rmsd: 0.069181
  step:   3 bond rmsd: 0.010661
  step:   4 bond rmsd: 0.008631
  step:   5 bond rmsd: 0.007022
  step:   6 bond rmsd: 0.005750
  step:   7 bond rmsd: 0.004751
  step:   8 bond rmsd: 0.003973
  step:   9 bond rmsd: 0.003374
  step:  10 bond rmsd: 0.002918
  step:  11 bond rmsd: 0.002578
  step:  12 bond rmsd: 0.002327
  step:  13 bond rmsd: 0.002145
  step:  14 bond rmsd: 0.002014
  step:  15 bond rmsd: 0.001922
  step:  16 bond rmsd: 0.001855
  step:  17 bond rmsd: 0.001808
  step:  18 bond rmsd: 0.001774
  step:  19 bond rmsd: 0.001749
  step:  20 bond rmsd: 0.001730
  step:  21 bond rmsd: 0.001715
  step:  22 bond rmsd: 0.001702
  step:  23 bond rmsd: 0.001691
  step:  24 bond rmsd: 0.001680
  step:  25 bond rmsd: 0.001669
  step:  26 bond rmsd: 0.001656
  step:  27 bond rmsd: 0.001638
  step:  28 bond rmsd: 0.001615
  step:  29 bond rmsd: 0.001585
  step:  30 bond rmsd: 0.001548
  step:  31 bond rmsd: 0.001557
  step:  32 bond rmsd: 0.001571
  step:  33 bond rmsd: 0.001587
  step:  34 bond rmsd: 0.001621
  step:  35 bond rmsd: 0.001643
  step:  36 bond rmsd: 0.001660
  step:  37 bond rmsd: 0.001679
  step:  38 bond rmsd: 0.001696
  step:  39 bond rmsd: 0.001717
  step:  40 bond rmsd: 0.001735
  step:  41 bond rmsd: 0.001752
  step:  42 bond rmsd: 0.001777
  step:  43 bond rmsd: 0.001799
  step:  44 bond rmsd: 0.001821
  step:  45 bond rmsd: 0.001844
  step:  46 bond rmsd: 0.001867
  step:  47 bond rmsd: 0.001895
  step:  48 bond rmsd: 0.001928
  step:  49 bond rmsd: 0.001951
  step:  50 bond rmsd: 0.001970
  step:  51 bond rmsd: 0.002000
  step:  52 bond rmsd: 0.002013
micro_cycle   3 rmsd(b):  0.0020 rws:  1.000 n_fev: 156
  step:   1 bond rmsd: 0.002013
  step:   2 bond rmsd: 0.073122
  step:   3 bond rmsd: 0.027229
  step:   4 bond rmsd: 0.021796
  step:   5 bond rmsd: 0.017446
  step:   6 bond rmsd: 0.013988
  step:   7 bond rmsd: 0.011243
  step:   8 bond rmsd: 0.009066
  step:   9 bond rmsd: 0.007346
  step:  10 bond rmsd: 0.005992
  step:  11 bond rmsd: 0.004934
  step:  12 bond rmsd: 0.004116
  step:  13 bond rmsd: 0.003491
  step:  14 bond rmsd: 0.003022
  step:  15 bond rmsd: 0.002677
  step:  16 bond rmsd: 0.002429
  step:  17 bond rmsd: 0.002253
  step:  18 bond rmsd: 0.002132
  step:  19 bond rmsd: 0.002048
  step:  20 bond rmsd: 0.001991
  step:  21 bond rmsd: 0.001952
  step:  22 bond rmsd: 0.001925
  step:  23 bond rmsd: 0.001906
  step:  24 bond rmsd: 0.001893
  step:  25 bond rmsd: 0.001883
  step:  26 bond rmsd: 0.001875
  step:  27 bond rmsd: 0.001868
  step:  28 bond rmsd: 0.001861
  step:  29 bond rmsd: 0.001854
  step:  30 bond rmsd: 0.001845
  step:  31 bond rmsd: 0.001833
  step:  32 bond rmsd: 0.001814
  step:  33 bond rmsd: 0.001782
  step:  34 bond rmsd: 0.001712
  step:  35 bond rmsd: 0.001679
  step:  36 bond rmsd: 0.001649
  step:  37 bond rmsd: 0.001679
  step:  38 bond rmsd: 0.001679
  step:  39 bond rmsd: 0.001634
  step:  40 bond rmsd: 0.001604
  step:  41 bond rmsd: 0.001584
  step:  42 bond rmsd: 0.001571
  step:  43 bond rmsd: 0.001564
  step:  44 bond rmsd: 0.001559
  step:  45 bond rmsd: 0.001557
  step:  46 bond rmsd: 0.001556
  step:  47 bond rmsd: 0.001555
  step:  48 bond rmsd: 0.001555
  step:  49 bond rmsd: 0.001554
  step:  50 bond rmsd: 0.001553
  step:  51 bond rmsd: 0.001551
  step:  52 bond rmsd: 0.001553
  step:  53 bond rmsd: 0.001551
micro_cycle   4 rmsd(b):  0.0016 rws:  1.000 n_fev: 209
  step:   1 bond rmsd: 0.001551
  step:   2 bond rmsd: 0.063069
  step:   3 bond rmsd: 0.003217
  step:   4 bond rmsd: 0.002720
  step:   5 bond rmsd: 0.002351
  step:   6 bond rmsd: 0.002083
  step:   7 bond rmsd: 0.001894
  step:   8 bond rmsd: 0.001765
  step:   9 bond rmsd: 0.001679
  step:  10 bond rmsd: 0.001623
  step:  11 bond rmsd: 0.001587
  step:  12 bond rmsd: 0.001565
  step:  13 bond rmsd: 0.001551
  step:  14 bond rmsd: 0.001543
  step:  15 bond rmsd: 0.001539
  step:  16 bond rmsd: 0.001536
  step:  17 bond rmsd: 0.001535
  step:  18 bond rmsd: 0.001535
  step:  19 bond rmsd: 0.001536
  step:  20 bond rmsd: 0.001537
  step:  21 bond rmsd: 0.001538
  step:  22 bond rmsd: 0.001539
  step:  23 bond rmsd: 0.001541
  step:  24 bond rmsd: 0.001543
  step:  25 bond rmsd: 0.001547
  step:  26 bond rmsd: 0.001550
  step:  27 bond rmsd: 0.001554
  step:  28 bond rmsd: 0.001555
  step:  29 bond rmsd: 0.001535
  step:  30 bond rmsd: 0.001541
  step:  31 bond rmsd: 0.001567
  step:  32 bond rmsd: 0.001592
  step:  33 bond rmsd: 0.001682
  step:  34 bond rmsd: 0.001704
  step:  35 bond rmsd: 0.001725
  step:  36 bond rmsd: 0.001750
  step:  37 bond rmsd: 0.001775
  step:  38 bond rmsd: 0.001807
  step:  39 bond rmsd: 0.001827
  step:  40 bond rmsd: 0.001861
  step:  41 bond rmsd: 0.001900
  step:  42 bond rmsd: 0.001959
  step:  43 bond rmsd: 0.002013
  step:  44 bond rmsd: 0.002094
  step:  45 bond rmsd: 0.002161
  step:  46 bond rmsd: 0.002213
  step:  47 bond rmsd: 0.002282
  step:  48 bond rmsd: 0.002304
  step:  49 bond rmsd: 0.002341
  step:  50 bond rmsd: 0.002322
  step:  51 bond rmsd: 0.002304
  step:  52 bond rmsd: 0.002258
micro_cycle   5 rmsd(b):  0.0023 rws:  1.000 n_fev: 261
  step:   1 bond rmsd: 0.002258
  step:   2 bond rmsd: 0.053027
  step:   3 bond rmsd: 0.026528
  step:   4 bond rmsd: 0.021329
  step:   5 bond rmsd: 0.017226
  step:   6 bond rmsd: 0.013921
  step:   7 bond rmsd: 0.011269
  step:   8 bond rmsd: 0.009149
  step:   9 bond rmsd: 0.007464
  step:  10 bond rmsd: 0.006133
  step:  11 bond rmsd: 0.005091
  step:  12 bond rmsd: 0.004285
  step:  13 bond rmsd: 0.003670
  step:  14 bond rmsd: 0.003210
  step:  15 bond rmsd: 0.002872
  step:  16 bond rmsd: 0.002628
  step:  17 bond rmsd: 0.002455
  step:  18 bond rmsd: 0.002333
  step:  19 bond rmsd: 0.002248
  step:  20 bond rmsd: 0.002188
  step:  21 bond rmsd: 0.002145
  step:  22 bond rmsd: 0.002114
  step:  23 bond rmsd: 0.002091
  step:  24 bond rmsd: 0.002073
  step:  25 bond rmsd: 0.002058
  step:  26 bond rmsd: 0.002045
  step:  27 bond rmsd: 0.002033
  step:  28 bond rmsd: 0.002020
  step:  29 bond rmsd: 0.002006
  step:  30 bond rmsd: 0.001987
  step:  31 bond rmsd: 0.001962
  step:  32 bond rmsd: 0.001925
  step:  33 bond rmsd: 0.001872
  step:  34 bond rmsd: 0.001793
  step:  35 bond rmsd: 0.001684
  step:  36 bond rmsd: 0.001618
  step:  37 bond rmsd: 0.001582
  step:  38 bond rmsd: 0.001559
  step:  39 bond rmsd: 0.001544
  step:  40 bond rmsd: 0.001533
  step:  41 bond rmsd: 0.001527
  step:  42 bond rmsd: 0.001518
  step:  43 bond rmsd: 0.001515
  step:  44 bond rmsd: 0.001510
  step:  45 bond rmsd: 0.001508
  step:  46 bond rmsd: 0.001507
  step:  47 bond rmsd: 0.001507
  step:  48 bond rmsd: 0.001506
  step:  49 bond rmsd: 0.001508
  step:  50 bond rmsd: 0.001508
  step:  51 bond rmsd: 0.001509
  step:  52 bond rmsd: 0.001510
micro_cycle   6 rmsd(b):  0.0015 rws:  1.000 n_fev: 313
  step:   1 bond rmsd: 0.001510
  step:   2 bond rmsd: 0.071576
  step:   3 bond rmsd: 0.001570
  step:   4 bond rmsd: 0.001547
  step:   5 bond rmsd: 0.001532
  step:   6 bond rmsd: 0.001523
  step:   7 bond rmsd: 0.001517
  step:   8 bond rmsd: 0.001514
  step:   9 bond rmsd: 0.001512
  step:  10 bond rmsd: 0.001511
  step:  11 bond rmsd: 0.001510
  step:  12 bond rmsd: 0.001510
  step:  13 bond rmsd: 0.001510
  step:  14 bond rmsd: 0.001510
  step:  15 bond rmsd: 0.001511
  step:  16 bond rmsd: 0.001511
  step:  17 bond rmsd: 0.001512
  step:  18 bond rmsd: 0.001512
  step:  19 bond rmsd: 0.001513
  step:  20 bond rmsd: 0.001515
  step:  21 bond rmsd: 0.001516
  step:  22 bond rmsd: 0.001518
  step:  23 bond rmsd: 0.001523
  step:  24 bond rmsd: 0.001529
  step:  25 bond rmsd: 0.001540
  step:  26 bond rmsd: 0.001548
  step:  27 bond rmsd: 0.001553
  step:  28 bond rmsd: 0.001566
  step:  29 bond rmsd: 0.001573
  step:  30 bond rmsd: 0.001582
  step:  31 bond rmsd: 0.001588
  step:  32 bond rmsd: 0.001596
  step:  33 bond rmsd: 0.001620
  step:  34 bond rmsd: 0.001631
  step:  35 bond rmsd: 0.001647
  step:  36 bond rmsd: 0.001658
  step:  37 bond rmsd: 0.001686
  step:  38 bond rmsd: 0.001699
  step:  39 bond rmsd: 0.001711
  step:  40 bond rmsd: 0.001725
  step:  41 bond rmsd: 0.001731
  step:  42 bond rmsd: 0.001736
  step:  43 bond rmsd: 0.001713
  step:  44 bond rmsd: 0.001713
  step:  45 bond rmsd: 0.001698
  step:  46 bond rmsd: 0.001686
  step:  47 bond rmsd: 0.001671
  step:  48 bond rmsd: 0.001656
  step:  49 bond rmsd: 0.001647
  step:  50 bond rmsd: 0.001639
  step:  51 bond rmsd: 0.001642
  step:  52 bond rmsd: 0.001641
micro_cycle   7 rmsd(b):  0.0016 rws:  1.000 n_fev: 365
  step:   1 bond rmsd: 0.001641
  step:   2 bond rmsd: 0.051389
  step:   3 bond rmsd: 0.003041
  step:   4 bond rmsd: 0.002602
  step:   5 bond rmsd: 0.002281
  step:   6 bond rmsd: 0.002054
  step:   7 bond rmsd: 0.001897
  step:   8 bond rmsd: 0.001793
  step:   9 bond rmsd: 0.001726
  step:  10 bond rmsd: 0.001683
  step:  11 bond rmsd: 0.001657
  step:  12 bond rmsd: 0.001642
  step:  13 bond rmsd: 0.001633
  step:  14 bond rmsd: 0.001629
  step:  15 bond rmsd: 0.001627
  step:  16 bond rmsd: 0.001626
  step:  17 bond rmsd: 0.001626
  step:  18 bond rmsd: 0.001627
  step:  19 bond rmsd: 0.001628
  step:  20 bond rmsd: 0.001630
  step:  21 bond rmsd: 0.001631
  step:  22 bond rmsd: 0.001633
  step:  23 bond rmsd: 0.001634
  step:  24 bond rmsd: 0.001636
  step:  25 bond rmsd: 0.001638
  step:  26 bond rmsd: 0.001639
  step:  27 bond rmsd: 0.001638
  step:  28 bond rmsd: 0.001632
  step:  29 bond rmsd: 0.001606
  step:  30 bond rmsd: 0.001603
  step:  31 bond rmsd: 0.001615
  step:  32 bond rmsd: 0.001613
  step:  33 bond rmsd: 0.001617
  step:  34 bond rmsd: 0.001611
  step:  35 bond rmsd: 0.001608
  step:  36 bond rmsd: 0.001602
  step:  37 bond rmsd: 0.001598
  step:  38 bond rmsd: 0.001593
  step:  39 bond rmsd: 0.001587
  step:  40 bond rmsd: 0.001581
  step:  41 bond rmsd: 0.001580
  step:  42 bond rmsd: 0.001573
  step:  43 bond rmsd: 0.001567
  step:  44 bond rmsd: 0.001561
  step:  45 bond rmsd: 0.001559
  step:  46 bond rmsd: 0.001553
  step:  47 bond rmsd: 0.001543
  step:  48 bond rmsd: 0.001538
  step:  49 bond rmsd: 0.001531
  step:  50 bond rmsd: 0.001527
  step:  51 bond rmsd: 0.001517
  step:  52 bond rmsd: 0.001514
micro_cycle   8 rmsd(b):  0.0015 rws:  1.000 n_fev: 417
  step:   1 bond rmsd: 0.001514
  step:   2 bond rmsd: 0.050873
  step:   3 bond rmsd: 0.002331
  step:   4 bond rmsd: 0.002097
  step:   5 bond rmsd: 0.001927
  step:   6 bond rmsd: 0.001807
  step:   7 bond rmsd: 0.001722
  step:   8 bond rmsd: 0.001662
  step:   9 bond rmsd: 0.001620
  step:  10 bond rmsd: 0.001591
  step:  11 bond rmsd: 0.001571
  step:  12 bond rmsd: 0.001556
  step:  13 bond rmsd: 0.001546
  step:  14 bond rmsd: 0.001538
  step:  15 bond rmsd: 0.001533
  step:  16 bond rmsd: 0.001528
  step:  17 bond rmsd: 0.001525
  step:  18 bond rmsd: 0.001522
  step:  19 bond rmsd: 0.001520
  step:  20 bond rmsd: 0.001519
  step:  21 bond rmsd: 0.001517
  step:  22 bond rmsd: 0.001516
  step:  23 bond rmsd: 0.001515
  step:  24 bond rmsd: 0.001513
  step:  25 bond rmsd: 0.001512
  step:  26 bond rmsd: 0.001511
  step:  27 bond rmsd: 0.001511
  step:  28 bond rmsd: 0.001513
  step:  29 bond rmsd: 0.001519
  step:  30 bond rmsd: 0.001525
  step:  31 bond rmsd: 0.001529
  step:  32 bond rmsd: 0.001543
  step:  33 bond rmsd: 0.001547
  step:  34 bond rmsd: 0.001550
  step:  35 bond rmsd: 0.001554
  step:  36 bond rmsd: 0.001559
  step:  37 bond rmsd: 0.001561
  step:  38 bond rmsd: 0.001562
  step:  39 bond rmsd: 0.001564
  step:  40 bond rmsd: 0.001563
  step:  41 bond rmsd: 0.001564
  step:  42 bond rmsd: 0.001557
  step:  43 bond rmsd: 0.001556
  step:  44 bond rmsd: 0.001555
  step:  45 bond rmsd: 0.001554
  step:  46 bond rmsd: 0.001552
  step:  47 bond rmsd: 0.001551
  step:  48 bond rmsd: 0.001549
  step:  49 bond rmsd: 0.001549
  step:  50 bond rmsd: 0.001546
  step:  51 bond rmsd: 0.001546
  step:  52 bond rmsd: 0.001544
micro_cycle   9 rmsd(b):  0.0015 rws:  1.000 n_fev: 469
  step:   1 bond rmsd: 0.001544
  step:   2 bond rmsd: 0.068490
  step:   3 bond rmsd: 0.001635
  step:   4 bond rmsd: 0.001609
  step:   5 bond rmsd: 0.001590
  step:   6 bond rmsd: 0.001577
  step:   7 bond rmsd: 0.001568
  step:   8 bond rmsd: 0.001561
  step:   9 bond rmsd: 0.001556
  step:  10 bond rmsd: 0.001553
  step:  11 bond rmsd: 0.001550
  step:  12 bond rmsd: 0.001548
  step:  13 bond rmsd: 0.001547
  step:  14 bond rmsd: 0.001546
  step:  15 bond rmsd: 0.001546
  step:  16 bond rmsd: 0.001545
  step:  17 bond rmsd: 0.001545
  step:  18 bond rmsd: 0.001545
  step:  19 bond rmsd: 0.001545
  step:  20 bond rmsd: 0.001546
  step:  21 bond rmsd: 0.001548
  step:  22 bond rmsd: 0.001550
  step:  23 bond rmsd: 0.001552
  step:  24 bond rmsd: 0.001554
  step:  25 bond rmsd: 0.001562
  step:  26 bond rmsd: 0.001563
  step:  27 bond rmsd: 0.001565
  step:  28 bond rmsd: 0.001566
  step:  29 bond rmsd: 0.001567
  step:  30 bond rmsd: 0.001568
  step:  31 bond rmsd: 0.001568
  step:  32 bond rmsd: 0.001572
  step:  33 bond rmsd: 0.001570
  step:  34 bond rmsd: 0.001569
  step:  35 bond rmsd: 0.001567
  step:  36 bond rmsd: 0.001565
  step:  37 bond rmsd: 0.001561
  step:  38 bond rmsd: 0.001558
  step:  39 bond rmsd: 0.001558
  step:  40 bond rmsd: 0.001550
  step:  41 bond rmsd: 0.001549
  step:  42 bond rmsd: 0.001546
  step:  43 bond rmsd: 0.001545
  step:  44 bond rmsd: 0.001542
  step:  45 bond rmsd: 0.001540
  step:  46 bond rmsd: 0.001538
  step:  47 bond rmsd: 0.001534
  step:  48 bond rmsd: 0.001532
  step:  49 bond rmsd: 0.001526
  step:  50 bond rmsd: 0.001523
  step:  51 bond rmsd: 0.001520
  step:  52 bond rmsd: 0.001518
micro_cycle  10 rmsd(b):  0.0015 rws:  1.000 n_fev: 521
  step:   1 bond rmsd: 0.001518
  step:   2 bond rmsd: 0.051752
  step:   3 bond rmsd: 0.003888
  step:   4 bond rmsd: 0.003226
  step:   5 bond rmsd: 0.002722
  step:   6 bond rmsd: 0.002346
  step:   7 bond rmsd: 0.002073
  step:   8 bond rmsd: 0.001879
  step:   9 bond rmsd: 0.001746
  step:  10 bond rmsd: 0.001658
  step:  11 bond rmsd: 0.001600
  step:  12 bond rmsd: 0.001563
  step:  13 bond rmsd: 0.001540
  step:  14 bond rmsd: 0.001525
  step:  15 bond rmsd: 0.001517
  step:  16 bond rmsd: 0.001512
  step:  17 bond rmsd: 0.001510
  step:  18 bond rmsd: 0.001508
  step:  19 bond rmsd: 0.001508
  step:  20 bond rmsd: 0.001508
  step:  21 bond rmsd: 0.001508
  step:  22 bond rmsd: 0.001509
  step:  23 bond rmsd: 0.001510
  step:  24 bond rmsd: 0.001510
  step:  25 bond rmsd: 0.001511
  step:  26 bond rmsd: 0.001513
  step:  27 bond rmsd: 0.001514
  step:  28 bond rmsd: 0.001516
  step:  29 bond rmsd: 0.001518
  step:  30 bond rmsd: 0.001519
  step:  31 bond rmsd: 0.001522
  step:  32 bond rmsd: 0.001526
  step:  33 bond rmsd: 0.001521
  step:  34 bond rmsd: 0.001521
  step:  35 bond rmsd: 0.001525
  step:  36 bond rmsd: 0.001529
  step:  37 bond rmsd: 0.001533
  step:  38 bond rmsd: 0.001537
  step:  39 bond rmsd: 0.001541
  step:  40 bond rmsd: 0.001544
  step:  41 bond rmsd: 0.001548
  step:  42 bond rmsd: 0.001551
  step:  43 bond rmsd: 0.001555
  step:  44 bond rmsd: 0.001559
  step:  45 bond rmsd: 0.001564
  step:  46 bond rmsd: 0.001569
  step:  47 bond rmsd: 0.001573
  step:  48 bond rmsd: 0.001578
  step:  49 bond rmsd: 0.001581
  step:  50 bond rmsd: 0.001584
  step:  51 bond rmsd: 0.001586
  step:  52 bond rmsd: 0.001587
  step:  53 bond rmsd: 0.001588
micro_cycle  11 rmsd(b):  0.0016 rws:  1.000 n_fev: 574
  step:   1 bond rmsd: 0.001588
  step:   2 bond rmsd: 0.038975
  step:   3 bond rmsd: 0.001557
  step:   4 bond rmsd: 0.001555
  step:   5 bond rmsd: 0.001555
  step:   6 bond rmsd: 0.001554
  step:   7 bond rmsd: 0.001554
  step:   8 bond rmsd: 0.001554
  step:   9 bond rmsd: 0.001554
  step:  10 bond rmsd: 0.001554
  step:  11 bond rmsd: 0.001554
  step:  12 bond rmsd: 0.001555
  step:  13 bond rmsd: 0.001555
  step:  14 bond rmsd: 0.001555
  step:  15 bond rmsd: 0.001555
  step:  16 bond rmsd: 0.001554
  step:  17 bond rmsd: 0.001553
  step:  18 bond rmsd: 0.001551
  step:  19 bond rmsd: 0.001547
  step:  20 bond rmsd: 0.001540
  step:  21 bond rmsd: 0.001537
  step:  22 bond rmsd: 0.001535
  step:  23 bond rmsd: 0.001530
  step:  24 bond rmsd: 0.001528
  step:  25 bond rmsd: 0.001528
  step:  26 bond rmsd: 0.001528
  step:  27 bond rmsd: 0.001528
  step:  28 bond rmsd: 0.001529
  step:  29 bond rmsd: 0.001530
  step:  30 bond rmsd: 0.001533
  step:  31 bond rmsd: 0.001535
  step:  32 bond rmsd: 0.001536
  step:  33 bond rmsd: 0.001551
  step:  34 bond rmsd: 0.001552
  step:  35 bond rmsd: 0.001554
  step:  36 bond rmsd: 0.001554
  step:  37 bond rmsd: 0.001556
  step:  38 bond rmsd: 0.001555
  step:  39 bond rmsd: 0.001557
  step:  40 bond rmsd: 0.001562
  step:  41 bond rmsd: 0.001559
  step:  42 bond rmsd: 0.001563
  step:  43 bond rmsd: 0.001569
  step:  44 bond rmsd: 0.001577
  step:  45 bond rmsd: 0.001582
  step:  46 bond rmsd: 0.001595
  step:  47 bond rmsd: 0.001607
  step:  48 bond rmsd: 0.001624
  step:  49 bond rmsd: 0.001634
  step:  50 bond rmsd: 0.001661
  step:  51 bond rmsd: 0.001668
  step:  52 bond rmsd: 0.001671
micro_cycle  12 rmsd(b):  0.0017 rws:  1.000 n_fev: 626
  step:   1 bond rmsd: 0.001671
  step:   2 bond rmsd: 0.073872
  step:   3 bond rmsd: 0.004552
  step:   4 bond rmsd: 0.003751
  step:   5 bond rmsd: 0.003139
  step:   6 bond rmsd: 0.002679
  step:   7 bond rmsd: 0.002341
  step:   8 bond rmsd: 0.002101
  step:   9 bond rmsd: 0.001934
  step:  10 bond rmsd: 0.001821
  step:  11 bond rmsd: 0.001748
  step:  12 bond rmsd: 0.001701
  step:  13 bond rmsd: 0.001671
  step:  14 bond rmsd: 0.001652
  step:  15 bond rmsd: 0.001641
  step:  16 bond rmsd: 0.001634
  step:  17 bond rmsd: 0.001630
  step:  18 bond rmsd: 0.001627
  step:  19 bond rmsd: 0.001626
  step:  20 bond rmsd: 0.001625
  step:  21 bond rmsd: 0.001624
  step:  22 bond rmsd: 0.001623
  step:  23 bond rmsd: 0.001622
  step:  24 bond rmsd: 0.001621
  step:  25 bond rmsd: 0.001619
  step:  26 bond rmsd: 0.001617
  step:  27 bond rmsd: 0.001612
  step:  28 bond rmsd: 0.001605
  step:  29 bond rmsd: 0.001594
  step:  30 bond rmsd: 0.001576
  step:  31 bond rmsd: 0.001567
  step:  32 bond rmsd: 0.001560
  step:  33 bond rmsd: 0.001556
  step:  34 bond rmsd: 0.001549
  step:  35 bond rmsd: 0.001548
  step:  36 bond rmsd: 0.001544
  step:  37 bond rmsd: 0.001542
  step:  38 bond rmsd: 0.001539
  step:  39 bond rmsd: 0.001538
  step:  40 bond rmsd: 0.001536
  step:  41 bond rmsd: 0.001535
  step:  42 bond rmsd: 0.001535
  step:  43 bond rmsd: 0.001534
  step:  44 bond rmsd: 0.001533
  step:  45 bond rmsd: 0.001533
  step:  46 bond rmsd: 0.001534
  step:  47 bond rmsd: 0.001533
  step:  48 bond rmsd: 0.001536
  step:  49 bond rmsd: 0.001536
  step:  50 bond rmsd: 0.001538
  step:  51 bond rmsd: 0.001539
  step:  52 bond rmsd: 0.001541
micro_cycle  13 rmsd(b):  0.0015 rws:  1.000 n_fev: 678
  step:   1 bond rmsd: 0.001541
  step:   2 bond rmsd: 0.068883
  step:   3 bond rmsd: 0.001565
  step:   4 bond rmsd: 0.001554
  step:   5 bond rmsd: 0.001547
  step:   6 bond rmsd: 0.001543
  step:   7 bond rmsd: 0.001540
  step:   8 bond rmsd: 0.001539
  step:   9 bond rmsd: 0.001539
  step:  10 bond rmsd: 0.001538
  step:  11 bond rmsd: 0.001538
  step:  12 bond rmsd: 0.001539
  step:  13 bond rmsd: 0.001539
  step:  14 bond rmsd: 0.001539
  step:  15 bond rmsd: 0.001539
  step:  16 bond rmsd: 0.001539
  step:  17 bond rmsd: 0.001540
  step:  18 bond rmsd: 0.001540
  step:  19 bond rmsd: 0.001540
  step:  20 bond rmsd: 0.001541
  step:  21 bond rmsd: 0.001541
  step:  22 bond rmsd: 0.001542
  step:  23 bond rmsd: 0.001543
  step:  24 bond rmsd: 0.001544
  step:  25 bond rmsd: 0.001546
  step:  26 bond rmsd: 0.001547
  step:  27 bond rmsd: 0.001549
  step:  28 bond rmsd: 0.001548
  step:  29 bond rmsd: 0.001550
  step:  30 bond rmsd: 0.001552
  step:  31 bond rmsd: 0.001556
  step:  32 bond rmsd: 0.001557
  step:  33 bond rmsd: 0.001560
  step:  34 bond rmsd: 0.001563
  step:  35 bond rmsd: 0.001565
  step:  36 bond rmsd: 0.001570
  step:  37 bond rmsd: 0.001571
  step:  38 bond rmsd: 0.001575
  step:  39 bond rmsd: 0.001576
  step:  40 bond rmsd: 0.001577
  step:  41 bond rmsd: 0.001577
  step:  42 bond rmsd: 0.001577
  step:  43 bond rmsd: 0.001576
  step:  44 bond rmsd: 0.001575
  step:  45 bond rmsd: 0.001573
  step:  46 bond rmsd: 0.001572
  step:  47 bond rmsd: 0.001571
  step:  48 bond rmsd: 0.001569
  step:  49 bond rmsd: 0.001567
  step:  50 bond rmsd: 0.001567
  step:  51 bond rmsd: 0.001564
  step:  52 bond rmsd: 0.001564
micro_cycle  14 rmsd(b):  0.0016 rws:  1.000 n_fev: 730
  step:   1 bond rmsd: 0.001564
  step:   2 bond rmsd: 0.050391
  step:   3 bond rmsd: 0.001572
  step:   4 bond rmsd: 0.001563
  step:   5 bond rmsd: 0.001558
  step:   6 bond rmsd: 0.001556
  step:   7 bond rmsd: 0.001555
  step:   8 bond rmsd: 0.001555
  step:   9 bond rmsd: 0.001555
  step:  10 bond rmsd: 0.001556
  step:  11 bond rmsd: 0.001557
  step:  12 bond rmsd: 0.001557
  step:  13 bond rmsd: 0.001558
  step:  14 bond rmsd: 0.001559
  step:  15 bond rmsd: 0.001560
  step:  16 bond rmsd: 0.001561
  step:  17 bond rmsd: 0.001562
  step:  18 bond rmsd: 0.001563
  step:  19 bond rmsd: 0.001564
  step:  20 bond rmsd: 0.001565
  step:  21 bond rmsd: 0.001566
  step:  22 bond rmsd: 0.001565
  step:  23 bond rmsd: 0.001561
  step:  24 bond rmsd: 0.001560
  step:  25 bond rmsd: 0.001560
  step:  26 bond rmsd: 0.001561
  step:  27 bond rmsd: 0.001561
  step:  28 bond rmsd: 0.001559
  step:  29 bond rmsd: 0.001559
  step:  30 bond rmsd: 0.001558
  step:  31 bond rmsd: 0.001557
  step:  32 bond rmsd: 0.001557
  step:  33 bond rmsd: 0.001557
  step:  34 bond rmsd: 0.001556
  step:  35 bond rmsd: 0.001556
  step:  36 bond rmsd: 0.001556
  step:  37 bond rmsd: 0.001556
  step:  38 bond rmsd: 0.001554
  step:  39 bond rmsd: 0.001554
  step:  40 bond rmsd: 0.001553
  step:  41 bond rmsd: 0.001553
  step:  42 bond rmsd: 0.001551
  step:  43 bond rmsd: 0.001549
  step:  44 bond rmsd: 0.001547
  step:  45 bond rmsd: 0.001546
  step:  46 bond rmsd: 0.001544
  step:  47 bond rmsd: 0.001542
  step:  48 bond rmsd: 0.001540
  step:  49 bond rmsd: 0.001539
  step:  50 bond rmsd: 0.001537
  step:  51 bond rmsd: 0.001538
  step:  52 bond rmsd: 0.001537
  step:  53 bond rmsd: 0.001537
micro_cycle  15 rmsd(b):  0.0015 rws:  1.000 n_fev: 783
  step:   1 bond rmsd: 0.001537
  step:   2 bond rmsd: 0.066909
  step:   3 bond rmsd: 0.001565
  step:   4 bond rmsd: 0.001549
  step:   5 bond rmsd: 0.001540
  step:   6 bond rmsd: 0.001535
  step:   7 bond rmsd: 0.001533
  step:   8 bond rmsd: 0.001532
  step:   9 bond rmsd: 0.001531
  step:  10 bond rmsd: 0.001531
  step:  11 bond rmsd: 0.001532
  step:  12 bond rmsd: 0.001532
  step:  13 bond rmsd: 0.001533
  step:  14 bond rmsd: 0.001533
  step:  15 bond rmsd: 0.001534
  step:  16 bond rmsd: 0.001534
  step:  17 bond rmsd: 0.001535
  step:  18 bond rmsd: 0.001536
  step:  19 bond rmsd: 0.001536
  step:  20 bond rmsd: 0.001537
  step:  21 bond rmsd: 0.001538
  step:  22 bond rmsd: 0.001539
  step:  23 bond rmsd: 0.001540
  step:  24 bond rmsd: 0.001542
  step:  25 bond rmsd: 0.001544
  step:  26 bond rmsd: 0.001545
  step:  27 bond rmsd: 0.001547
  step:  28 bond rmsd: 0.001549
  step:  29 bond rmsd: 0.001556
  step:  30 bond rmsd: 0.001556
  step:  31 bond rmsd: 0.001556
  step:  32 bond rmsd: 0.001557
  step:  33 bond rmsd: 0.001558
  step:  34 bond rmsd: 0.001559
  step:  35 bond rmsd: 0.001559
  step:  36 bond rmsd: 0.001560
  step:  37 bond rmsd: 0.001561
  step:  38 bond rmsd: 0.001561
  step:  39 bond rmsd: 0.001562
  step:  40 bond rmsd: 0.001563
  step:  41 bond rmsd: 0.001565
  step:  42 bond rmsd: 0.001568
  step:  43 bond rmsd: 0.001570
  step:  44 bond rmsd: 0.001569
  step:  45 bond rmsd: 0.001567
  step:  46 bond rmsd: 0.001568
  step:  47 bond rmsd: 0.001565
  step:  48 bond rmsd: 0.001565
  step:  49 bond rmsd: 0.001562
  step:  50 bond rmsd: 0.001561
  step:  51 bond rmsd: 0.001561
  step:  52 bond rmsd: 0.001560
  step:  53 bond rmsd: 0.001560
micro_cycle  16 rmsd(b):  0.0016 rws:  1.000 n_fev: 836
  step:   1 bond rmsd: 0.001560
  step:   2 bond rmsd: 0.050096
  step:   3 bond rmsd: 0.001559
  step:   4 bond rmsd: 0.001554
  step:   5 bond rmsd: 0.001552
  step:   6 bond rmsd: 0.001551
  step:   7 bond rmsd: 0.001551
  step:   8 bond rmsd: 0.001552
  step:   9 bond rmsd: 0.001553
  step:  10 bond rmsd: 0.001553
  step:  11 bond rmsd: 0.001554
  step:  12 bond rmsd: 0.001555
  step:  13 bond rmsd: 0.001556
  step:  14 bond rmsd: 0.001556
  step:  15 bond rmsd: 0.001557
  step:  16 bond rmsd: 0.001558
  step:  17 bond rmsd: 0.001558
  step:  18 bond rmsd: 0.001559
  step:  19 bond rmsd: 0.001559
  step:  20 bond rmsd: 0.001560
  step:  21 bond rmsd: 0.001561
  step:  22 bond rmsd: 0.001562
  step:  23 bond rmsd: 0.001562
  step:  24 bond rmsd: 0.001560
  step:  25 bond rmsd: 0.001560
  step:  26 bond rmsd: 0.001559
  step:  27 bond rmsd: 0.001554
  step:  28 bond rmsd: 0.001554
  step:  29 bond rmsd: 0.001554
  step:  30 bond rmsd: 0.001554
  step:  31 bond rmsd: 0.001554
  step:  32 bond rmsd: 0.001554
  step:  33 bond rmsd: 0.001554
  step:  34 bond rmsd: 0.001553
  step:  35 bond rmsd: 0.001554
  step:  36 bond rmsd: 0.001554
  step:  37 bond rmsd: 0.001553
  step:  38 bond rmsd: 0.001552
  step:  39 bond rmsd: 0.001550
  step:  40 bond rmsd: 0.001547
  step:  41 bond rmsd: 0.001546
  step:  42 bond rmsd: 0.001543
  step:  43 bond rmsd: 0.001541
  step:  44 bond rmsd: 0.001539
  step:  45 bond rmsd: 0.001538
  step:  46 bond rmsd: 0.001537
  step:  47 bond rmsd: 0.001536
  step:  48 bond rmsd: 0.001535
  step:  49 bond rmsd: 0.001538
  step:  50 bond rmsd: 0.001537
  step:  51 bond rmsd: 0.001536
  step:  52 bond rmsd: 0.001537
micro_cycle  17 rmsd(b):  0.0015 rws:  1.000 n_fev: 888
  step:   1 bond rmsd: 0.001537
  step:   2 bond rmsd: 0.040888
  step:   3 bond rmsd: 0.001534
  step:   4 bond rmsd: 0.001526
  step:   5 bond rmsd: 0.001522
  step:   6 bond rmsd: 0.001521
  step:   7 bond rmsd: 0.001521
  step:   8 bond rmsd: 0.001522
  step:   9 bond rmsd: 0.001524
  step:  10 bond rmsd: 0.001525
  step:  11 bond rmsd: 0.001527
  step:  12 bond rmsd: 0.001528
  step:  13 bond rmsd: 0.001530
  step:  14 bond rmsd: 0.001531
  step:  15 bond rmsd: 0.001532
  step:  16 bond rmsd: 0.001533
  step:  17 bond rmsd: 0.001534
  step:  18 bond rmsd: 0.001535
  step:  19 bond rmsd: 0.001536
  step:  20 bond rmsd: 0.001538
  step:  21 bond rmsd: 0.001539
  step:  22 bond rmsd: 0.001540
  step:  23 bond rmsd: 0.001542
  step:  24 bond rmsd: 0.001540
  step:  25 bond rmsd: 0.001541
  step:  26 bond rmsd: 0.001543
  step:  27 bond rmsd: 0.001545
  step:  28 bond rmsd: 0.001549
  step:  29 bond rmsd: 0.001550
  step:  30 bond rmsd: 0.001553
  step:  31 bond rmsd: 0.001555
  step:  32 bond rmsd: 0.001556
  step:  33 bond rmsd: 0.001559
  step:  34 bond rmsd: 0.001561
  step:  35 bond rmsd: 0.001563
  step:  36 bond rmsd: 0.001564
  step:  37 bond rmsd: 0.001567
  step:  38 bond rmsd: 0.001571
  step:  39 bond rmsd: 0.001574
  step:  40 bond rmsd: 0.001575
  step:  41 bond rmsd: 0.001577
  step:  42 bond rmsd: 0.001582
  step:  43 bond rmsd: 0.001582
  step:  44 bond rmsd: 0.001582
  step:  45 bond rmsd: 0.001580
  step:  46 bond rmsd: 0.001580
  step:  47 bond rmsd: 0.001574
  step:  48 bond rmsd: 0.001575
  step:  49 bond rmsd: 0.001575
  step:  50 bond rmsd: 0.001574
  step:  51 bond rmsd: 0.001574
  step:  52 bond rmsd: 0.001575
micro_cycle  18 rmsd(b):  0.0016 rws:  1.000 n_fev: 940
  step:   1 bond rmsd: 0.001575
  step:   2 bond rmsd: 0.064740
  step:   3 bond rmsd: 0.001703
  step:   4 bond rmsd: 0.001663
  step:   5 bond rmsd: 0.001636
  step:   6 bond rmsd: 0.001617
  step:   7 bond rmsd: 0.001604
  step:   8 bond rmsd: 0.001595
  step:   9 bond rmsd: 0.001589
  step:  10 bond rmsd: 0.001585
  step:  11 bond rmsd: 0.001581
  step:  12 bond rmsd: 0.001579
  step:  13 bond rmsd: 0.001577
  step:  14 bond rmsd: 0.001576
  step:  15 bond rmsd: 0.001575
  step:  16 bond rmsd: 0.001574
  step:  17 bond rmsd: 0.001573
  step:  18 bond rmsd: 0.001572
  step:  19 bond rmsd: 0.001571
  step:  20 bond rmsd: 0.001570
  step:  21 bond rmsd: 0.001569
  step:  22 bond rmsd: 0.001567
  step:  23 bond rmsd: 0.001564
  step:  24 bond rmsd: 0.001561
  step:  25 bond rmsd: 0.001559
  step:  26 bond rmsd: 0.001555
  step:  27 bond rmsd: 0.001571
  step:  28 bond rmsd: 0.001566
  step:  29 bond rmsd: 0.001561
  step:  30 bond rmsd: 0.001557
  step:  31 bond rmsd: 0.001554
  step:  32 bond rmsd: 0.001551
  step:  33 bond rmsd: 0.001549
  step:  34 bond rmsd: 0.001547
  step:  35 bond rmsd: 0.001546
  step:  36 bond rmsd: 0.001544
  step:  37 bond rmsd: 0.001543
  step:  38 bond rmsd: 0.001542
  step:  39 bond rmsd: 0.001540
  step:  40 bond rmsd: 0.001540
  step:  41 bond rmsd: 0.001539
  step:  42 bond rmsd: 0.001540
  step:  43 bond rmsd: 0.001540
  step:  44 bond rmsd: 0.001540
  step:  45 bond rmsd: 0.001539
  step:  46 bond rmsd: 0.001539
  step:  47 bond rmsd: 0.001540
  step:  48 bond rmsd: 0.001540
  step:  49 bond rmsd: 0.001540
  step:  50 bond rmsd: 0.001540
  step:  51 bond rmsd: 0.001541
  step:  52 bond rmsd: 0.001540
micro_cycle  19 rmsd(b):  0.0015 rws:  1.000 n_fev: 992
  step:   1 bond rmsd: 0.001540
  step:   2 bond rmsd: 0.039026
  step:   3 bond rmsd: 0.001542
  step:   4 bond rmsd: 0.001542
  step:   5 bond rmsd: 0.001541
  step:   6 bond rmsd: 0.001541
  step:   7 bond rmsd: 0.001541
  step:   8 bond rmsd: 0.001541
  step:   9 bond rmsd: 0.001541
  step:  10 bond rmsd: 0.001541
  step:  11 bond rmsd: 0.001541
  step:  12 bond rmsd: 0.001541
  step:  13 bond rmsd: 0.001541
  step:  14 bond rmsd: 0.001541
  step:  15 bond rmsd: 0.001541
  step:  16 bond rmsd: 0.001541
  step:  17 bond rmsd: 0.001541
  step:  18 bond rmsd: 0.001541
  step:  19 bond rmsd: 0.001541
  step:  20 bond rmsd: 0.001542
  step:  21 bond rmsd: 0.001544
  step:  22 bond rmsd: 0.001545
  step:  23 bond rmsd: 0.001545
  step:  24 bond rmsd: 0.001545
  step:  25 bond rmsd: 0.001546
  step:  26 bond rmsd: 0.001546
  step:  27 bond rmsd: 0.001550
  step:  28 bond rmsd: 0.001550
  step:  29 bond rmsd: 0.001552
  step:  30 bond rmsd: 0.001554
  step:  31 bond rmsd: 0.001556
  step:  32 bond rmsd: 0.001558
  step:  33 bond rmsd: 0.001560
  step:  34 bond rmsd: 0.001563
  step:  35 bond rmsd: 0.001565
  step:  36 bond rmsd: 0.001568
  step:  37 bond rmsd: 0.001569
  step:  38 bond rmsd: 0.001571
  step:  39 bond rmsd: 0.001573
  step:  40 bond rmsd: 0.001575
  step:  41 bond rmsd: 0.001577
  step:  42 bond rmsd: 0.001571
  step:  43 bond rmsd: 0.001573
  step:  44 bond rmsd: 0.001575
  step:  45 bond rmsd: 0.001578
  step:  46 bond rmsd: 0.001577
  step:  47 bond rmsd: 0.001582
  step:  48 bond rmsd: 0.001583
  step:  49 bond rmsd: 0.001581
  step:  50 bond rmsd: 0.001586
  step:  51 bond rmsd: 0.001585
  step:  52 bond rmsd: 0.001584
micro_cycle  20 rmsd(b):  0.0016 rws:  1.000 n_fev: 1044
  step:   1 bond rmsd: 0.001584
  step:   2 bond rmsd: 0.043693
  step:   3 bond rmsd: 0.006419
  step:   4 bond rmsd: 0.005198
  step:   5 bond rmsd: 0.004241
  step:   6 bond rmsd: 0.003497
  step:   7 bond rmsd: 0.002928
  step:   8 bond rmsd: 0.002502
  step:   9 bond rmsd: 0.002192
  step:  10 bond rmsd: 0.001971
  step:  11 bond rmsd: 0.001820
  step:  12 bond rmsd: 0.001720
  step:  13 bond rmsd: 0.001655
  step:  14 bond rmsd: 0.001615
  step:  15 bond rmsd: 0.001590
  step:  16 bond rmsd: 0.001575
  step:  17 bond rmsd: 0.001567
  step:  18 bond rmsd: 0.001563
  step:  19 bond rmsd: 0.001560
  step:  20 bond rmsd: 0.001560
  step:  21 bond rmsd: 0.001560
  step:  22 bond rmsd: 0.001560
  step:  23 bond rmsd: 0.001561
  step:  24 bond rmsd: 0.001561
  step:  25 bond rmsd: 0.001562
  step:  26 bond rmsd: 0.001562
  step:  27 bond rmsd: 0.001563
  step:  28 bond rmsd: 0.001563
  step:  29 bond rmsd: 0.001563
  step:  30 bond rmsd: 0.001563
  step:  31 bond rmsd: 0.001561
  step:  32 bond rmsd: 0.001556
  step:  33 bond rmsd: 0.001553
  step:  34 bond rmsd: 0.001550
  step:  35 bond rmsd: 0.001552
  step:  36 bond rmsd: 0.001549
  step:  37 bond rmsd: 0.001548
  step:  38 bond rmsd: 0.001546
  step:  39 bond rmsd: 0.001546
  step:  40 bond rmsd: 0.001546
  step:  41 bond rmsd: 0.001543
  step:  42 bond rmsd: 0.001543
  step:  43 bond rmsd: 0.001543
  step:  44 bond rmsd: 0.001543
  step:  45 bond rmsd: 0.001543
  step:  46 bond rmsd: 0.001545
  step:  47 bond rmsd: 0.001545
  step:  48 bond rmsd: 0.001545
  step:  49 bond rmsd: 0.001546
  step:  50 bond rmsd: 0.001546
  step:  51 bond rmsd: 0.001545
  step:  52 bond rmsd: 0.001545
micro_cycle  21 rmsd(b):  0.0015 rws:  1.000 n_fev: 1096
  step:   1 bond rmsd: 0.001545
  step:   2 bond rmsd: 0.048955
  step:   3 bond rmsd: 0.001543
  step:   4 bond rmsd: 0.001543
  step:   5 bond rmsd: 0.001544
  step:   6 bond rmsd: 0.001544
  step:   7 bond rmsd: 0.001544
  step:   8 bond rmsd: 0.001544
  step:   9 bond rmsd: 0.001544
  step:  10 bond rmsd: 0.001544
  step:  11 bond rmsd: 0.001544
  step:  12 bond rmsd: 0.001544
  step:  13 bond rmsd: 0.001544
  step:  14 bond rmsd: 0.001544
  step:  15 bond rmsd: 0.001543
  step:  16 bond rmsd: 0.001543
  step:  17 bond rmsd: 0.001542
  step:  18 bond rmsd: 0.001541
  step:  19 bond rmsd: 0.001540
  step:  20 bond rmsd: 0.001536
  step:  21 bond rmsd: 0.001536
  step:  22 bond rmsd: 0.001536
  step:  23 bond rmsd: 0.001536
  step:  24 bond rmsd: 0.001536
  step:  25 bond rmsd: 0.001536
  step:  26 bond rmsd: 0.001536
  step:  27 bond rmsd: 0.001536
  step:  28 bond rmsd: 0.001536
  step:  29 bond rmsd: 0.001538
  step:  30 bond rmsd: 0.001538
  step:  31 bond rmsd: 0.001542
  step:  32 bond rmsd: 0.001541
  step:  33 bond rmsd: 0.001541
  step:  34 bond rmsd: 0.001540
  step:  35 bond rmsd: 0.001540
  step:  36 bond rmsd: 0.001540
  step:  37 bond rmsd: 0.001540
  step:  38 bond rmsd: 0.001541
  step:  39 bond rmsd: 0.001543
  step:  40 bond rmsd: 0.001545
  step:  41 bond rmsd: 0.001549
  step:  42 bond rmsd: 0.001553
  step:  43 bond rmsd: 0.001553
  step:  44 bond rmsd: 0.001558
  step:  45 bond rmsd: 0.001563
  step:  46 bond rmsd: 0.001569
  step:  47 bond rmsd: 0.001575
  step:  48 bond rmsd: 0.001581
  step:  49 bond rmsd: 0.001590
  step:  50 bond rmsd: 0.001594
  step:  51 bond rmsd: 0.001607
  step:  52 bond rmsd: 0.001611
micro_cycle  22 rmsd(b):  0.0016 rws:  1.000 n_fev: 1148
  step:   1 bond rmsd: 0.001611
  step:   2 bond rmsd: 0.043200
  step:   3 bond rmsd: 0.004601
  step:   4 bond rmsd: 0.003758
  step:   5 bond rmsd: 0.003111
  step:   6 bond rmsd: 0.002623
  step:   7 bond rmsd: 0.002265
  step:   8 bond rmsd: 0.002012
  step:   9 bond rmsd: 0.001839
  step:  10 bond rmsd: 0.001725
  step:  11 bond rmsd: 0.001654
  step:  12 bond rmsd: 0.001611
  step:  13 bond rmsd: 0.001587
  step:  14 bond rmsd: 0.001574
  step:  15 bond rmsd: 0.001568
  step:  16 bond rmsd: 0.001565
  step:  17 bond rmsd: 0.001565
  step:  18 bond rmsd: 0.001567
  step:  19 bond rmsd: 0.001568
  step:  20 bond rmsd: 0.001570
  step:  21 bond rmsd: 0.001572
  step:  22 bond rmsd: 0.001573
  step:  23 bond rmsd: 0.001575
  step:  24 bond rmsd: 0.001576
  step:  25 bond rmsd: 0.001578
  step:  26 bond rmsd: 0.001579
  step:  27 bond rmsd: 0.001579
  step:  28 bond rmsd: 0.001579
  step:  29 bond rmsd: 0.001578
  step:  30 bond rmsd: 0.001574
  step:  31 bond rmsd: 0.001563
  step:  32 bond rmsd: 0.001547
  step:  33 bond rmsd: 0.001540
  step:  34 bond rmsd: 0.001536
  step:  35 bond rmsd: 0.001549
  step:  36 bond rmsd: 0.001544
  step:  37 bond rmsd: 0.001537
  step:  38 bond rmsd: 0.001533
  step:  39 bond rmsd: 0.001530
  step:  40 bond rmsd: 0.001528
  step:  41 bond rmsd: 0.001527
  step:  42 bond rmsd: 0.001526
  step:  43 bond rmsd: 0.001526
  step:  44 bond rmsd: 0.001525
  step:  45 bond rmsd: 0.001525
  step:  46 bond rmsd: 0.001525
  step:  47 bond rmsd: 0.001524
  step:  48 bond rmsd: 0.001524
  step:  49 bond rmsd: 0.001524
  step:  50 bond rmsd: 0.001524
  step:  51 bond rmsd: 0.001524
  step:  52 bond rmsd: 0.001524
  step:  53 bond rmsd: 0.001525
micro_cycle  23 rmsd(b):  0.0015 rws:  1.000 n_fev: 1201
  step:   1 bond rmsd: 0.001525
  step:   2 bond rmsd: 0.037302
  step:   3 bond rmsd: 0.001523
  step:   4 bond rmsd: 0.001523
  step:   5 bond rmsd: 0.001524
  step:   6 bond rmsd: 0.001524
  step:   7 bond rmsd: 0.001524
  step:   8 bond rmsd: 0.001525
  step:   9 bond rmsd: 0.001525
  step:  10 bond rmsd: 0.001525
  step:  11 bond rmsd: 0.001526
  step:  12 bond rmsd: 0.001526
  step:  13 bond rmsd: 0.001526
  step:  14 bond rmsd: 0.001526
  step:  15 bond rmsd: 0.001527
  step:  16 bond rmsd: 0.001527
  step:  17 bond rmsd: 0.001528
  step:  18 bond rmsd: 0.001529
  step:  19 bond rmsd: 0.001530
  step:  20 bond rmsd: 0.001528
  step:  21 bond rmsd: 0.001528
  step:  22 bond rmsd: 0.001533
  step:  23 bond rmsd: 0.001533
  step:  24 bond rmsd: 0.001535
  step:  25 bond rmsd: 0.001536
  step:  26 bond rmsd: 0.001537
  step:  27 bond rmsd: 0.001547
  step:  28 bond rmsd: 0.001546
  step:  29 bond rmsd: 0.001546
  step:  30 bond rmsd: 0.001545
  step:  31 bond rmsd: 0.001544
  step:  32 bond rmsd: 0.001543
  step:  33 bond rmsd: 0.001543
  step:  34 bond rmsd: 0.001542
  step:  35 bond rmsd: 0.001542
  step:  36 bond rmsd: 0.001541
  step:  37 bond rmsd: 0.001541
  step:  38 bond rmsd: 0.001542
  step:  39 bond rmsd: 0.001543
  step:  40 bond rmsd: 0.001541
  step:  41 bond rmsd: 0.001542
  step:  42 bond rmsd: 0.001541
  step:  43 bond rmsd: 0.001543
  step:  44 bond rmsd: 0.001542
  step:  45 bond rmsd: 0.001546
  step:  46 bond rmsd: 0.001545
  step:  47 bond rmsd: 0.001544
  step:  48 bond rmsd: 0.001544
  step:  49 bond rmsd: 0.001544
  step:  50 bond rmsd: 0.001539
  step:  51 bond rmsd: 0.001538
  step:  52 bond rmsd: 0.001540
micro_cycle  24 rmsd(b):  0.0015 rws:  1.000 n_fev: 1253
  step:   1 bond rmsd: 0.001540
  step:   2 bond rmsd: 0.076880
  step:   3 bond rmsd: 0.001729
  step:   4 bond rmsd: 0.001671
  step:   5 bond rmsd: 0.001632
  step:   6 bond rmsd: 0.001605
  step:   7 bond rmsd: 0.001586
  step:   8 bond rmsd: 0.001573
  step:   9 bond rmsd: 0.001564
  step:  10 bond rmsd: 0.001558
  step:  11 bond rmsd: 0.001553
  step:  12 bond rmsd: 0.001550
  step:  13 bond rmsd: 0.001547
  step:  14 bond rmsd: 0.001545
  step:  15 bond rmsd: 0.001544
  step:  16 bond rmsd: 0.001543
  step:  17 bond rmsd: 0.001542
  step:  18 bond rmsd: 0.001541
  step:  19 bond rmsd: 0.001540
  step:  20 bond rmsd: 0.001539
  step:  21 bond rmsd: 0.001539
  step:  22 bond rmsd: 0.001538
  step:  23 bond rmsd: 0.001537
  step:  24 bond rmsd: 0.001536
  step:  25 bond rmsd: 0.001536
  step:  26 bond rmsd: 0.001536
  step:  27 bond rmsd: 0.001535
  step:  28 bond rmsd: 0.001538
  step:  29 bond rmsd: 0.001537
  step:  30 bond rmsd: 0.001537
  step:  31 bond rmsd: 0.001537
  step:  32 bond rmsd: 0.001537
  step:  33 bond rmsd: 0.001537
  step:  34 bond rmsd: 0.001536
  step:  35 bond rmsd: 0.001536
  step:  36 bond rmsd: 0.001535
  step:  37 bond rmsd: 0.001535
  step:  38 bond rmsd: 0.001534
  step:  39 bond rmsd: 0.001534
  step:  40 bond rmsd: 0.001535
  step:  41 bond rmsd: 0.001534
  step:  42 bond rmsd: 0.001532
  step:  43 bond rmsd: 0.001532
  step:  44 bond rmsd: 0.001532
  step:  45 bond rmsd: 0.001531
  step:  46 bond rmsd: 0.001530
  step:  47 bond rmsd: 0.001530
  step:  48 bond rmsd: 0.001528
  step:  49 bond rmsd: 0.001528
  step:  50 bond rmsd: 0.001528
  step:  51 bond rmsd: 0.001528
  step:  52 bond rmsd: 0.001528
micro_cycle  25 rmsd(b):  0.0015 rws:  1.000 n_fev: 1305
  step:   1 bond rmsd: 0.001528
  step:   2 bond rmsd: 0.031188
  step:   3 bond rmsd: 0.001534
  step:   4 bond rmsd: 0.001533
  step:   5 bond rmsd: 0.001532
  step:   6 bond rmsd: 0.001531
  step:   7 bond rmsd: 0.001531
  step:   8 bond rmsd: 0.001530
  step:   9 bond rmsd: 0.001529
  step:  10 bond rmsd: 0.001529
  step:  11 bond rmsd: 0.001529
  step:  12 bond rmsd: 0.001528
  step:  13 bond rmsd: 0.001528
  step:  14 bond rmsd: 0.001528
  step:  15 bond rmsd: 0.001527
  step:  16 bond rmsd: 0.001527
  step:  17 bond rmsd: 0.001527
  step:  18 bond rmsd: 0.001527
  step:  19 bond rmsd: 0.001527
  step:  20 bond rmsd: 0.001528
  step:  21 bond rmsd: 0.001528
  step:  22 bond rmsd: 0.001529
  step:  23 bond rmsd: 0.001529
  step:  24 bond rmsd: 0.001529
  step:  25 bond rmsd: 0.001532
  step:  26 bond rmsd: 0.001532
  step:  27 bond rmsd: 0.001532
  step:  28 bond rmsd: 0.001530
  step:  29 bond rmsd: 0.001530
  step:  30 bond rmsd: 0.001529
  step:  31 bond rmsd: 0.001528
  step:  32 bond rmsd: 0.001528
  step:  33 bond rmsd: 0.001526
  step:  34 bond rmsd: 0.001526
  step:  35 bond rmsd: 0.001525
  step:  36 bond rmsd: 0.001525
  step:  37 bond rmsd: 0.001525
  step:  38 bond rmsd: 0.001526
  step:  39 bond rmsd: 0.001526
  step:  40 bond rmsd: 0.001527
  step:  41 bond rmsd: 0.001527
  step:  42 bond rmsd: 0.001527
  step:  43 bond rmsd: 0.001530
  step:  44 bond rmsd: 0.001530
  step:  45 bond rmsd: 0.001531
  step:  46 bond rmsd: 0.001532
  step:  47 bond rmsd: 0.001537
  step:  48 bond rmsd: 0.001538
  step:  49 bond rmsd: 0.001536
  step:  50 bond rmsd: 0.001537
  step:  51 bond rmsd: 0.001541
  step:  52 bond rmsd: 0.001543
micro_cycle  26 rmsd(b):  0.0015 rws:  1.000 n_fev: 1357
  step:   1 bond rmsd: 0.001543
  step:   2 bond rmsd: 0.057925
  step:   3 bond rmsd: 0.001563
  step:   4 bond rmsd: 0.001553
  step:   5 bond rmsd: 0.001547
  step:   6 bond rmsd: 0.001544
  step:   7 bond rmsd: 0.001542
  step:   8 bond rmsd: 0.001540
  step:   9 bond rmsd: 0.001539
  step:  10 bond rmsd: 0.001539
  step:  11 bond rmsd: 0.001539
  step:  12 bond rmsd: 0.001539
  step:  13 bond rmsd: 0.001539
  step:  14 bond rmsd: 0.001539
  step:  15 bond rmsd: 0.001539
  step:  16 bond rmsd: 0.001539
  step:  17 bond rmsd: 0.001539
  step:  18 bond rmsd: 0.001539
  step:  19 bond rmsd: 0.001539
  step:  20 bond rmsd: 0.001539
  step:  21 bond rmsd: 0.001538
  step:  22 bond rmsd: 0.001537
  step:  23 bond rmsd: 0.001535
  step:  24 bond rmsd: 0.001534
  step:  25 bond rmsd: 0.001534
  step:  26 bond rmsd: 0.001534
  step:  27 bond rmsd: 0.001534
  step:  28 bond rmsd: 0.001533
  step:  29 bond rmsd: 0.001533
  step:  30 bond rmsd: 0.001533
  step:  31 bond rmsd: 0.001533
  step:  32 bond rmsd: 0.001532
  step:  33 bond rmsd: 0.001532
  step:  34 bond rmsd: 0.001532
  step:  35 bond rmsd: 0.001532
  step:  36 bond rmsd: 0.001532
  step:  37 bond rmsd: 0.001532
  step:  38 bond rmsd: 0.001531
  step:  39 bond rmsd: 0.001531
  step:  40 bond rmsd: 0.001531
  step:  41 bond rmsd: 0.001531
  step:  42 bond rmsd: 0.001531
  step:  43 bond rmsd: 0.001530
  step:  44 bond rmsd: 0.001530
  step:  45 bond rmsd: 0.001529
  step:  46 bond rmsd: 0.001529
  step:  47 bond rmsd: 0.001528
  step:  48 bond rmsd: 0.001525
  step:  49 bond rmsd: 0.001525
  step:  50 bond rmsd: 0.001526
  step:  51 bond rmsd: 0.001525
  step:  52 bond rmsd: 0.001525
micro_cycle  27 rmsd(b):  0.0015 rws:  1.000 n_fev: 1409
  step:   1 bond rmsd: 0.001525
  step:   2 bond rmsd: 0.063693
  step:   3 bond rmsd: 0.001521
  step:   4 bond rmsd: 0.001522
  step:   5 bond rmsd: 0.001522
  step:   6 bond rmsd: 0.001522
  step:   7 bond rmsd: 0.001523
  step:   8 bond rmsd: 0.001523
  step:   9 bond rmsd: 0.001523
  step:  10 bond rmsd: 0.001523
  step:  11 bond rmsd: 0.001524
  step:  12 bond rmsd: 0.001524
  step:  13 bond rmsd: 0.001524
  step:  14 bond rmsd: 0.001524
  step:  15 bond rmsd: 0.001524
  step:  16 bond rmsd: 0.001524
  step:  17 bond rmsd: 0.001525
  step:  18 bond rmsd: 0.001525
  step:  19 bond rmsd: 0.001525
  step:  20 bond rmsd: 0.001524
  step:  21 bond rmsd: 0.001524
  step:  22 bond rmsd: 0.001524
  step:  23 bond rmsd: 0.001524
  step:  24 bond rmsd: 0.001524
  step:  25 bond rmsd: 0.001524
  step:  26 bond rmsd: 0.001525
  step:  27 bond rmsd: 0.001525
  step:  28 bond rmsd: 0.001526
  step:  29 bond rmsd: 0.001527
  step:  30 bond rmsd: 0.001527
  step:  31 bond rmsd: 0.001529
  step:  32 bond rmsd: 0.001529
  step:  33 bond rmsd: 0.001531
  step:  34 bond rmsd: 0.001531
  step:  35 bond rmsd: 0.001531
  step:  36 bond rmsd: 0.001532
  step:  37 bond rmsd: 0.001534
  step:  38 bond rmsd: 0.001535
  step:  39 bond rmsd: 0.001536
  step:  40 bond rmsd: 0.001538
  step:  41 bond rmsd: 0.001538
  step:  42 bond rmsd: 0.001539
  step:  43 bond rmsd: 0.001540
  step:  44 bond rmsd: 0.001541
  step:  45 bond rmsd: 0.001538
  step:  46 bond rmsd: 0.001539
  step:  47 bond rmsd: 0.001540
  step:  48 bond rmsd: 0.001540
  step:  49 bond rmsd: 0.001539
  step:  50 bond rmsd: 0.001540
  step:  51 bond rmsd: 0.001539
  step:  52 bond rmsd: 0.001534
micro_cycle  28 rmsd(b):  0.0015 rws:  1.000 n_fev: 1461
  step:   1 bond rmsd: 0.001534
  step:   2 bond rmsd: 0.061625
  step:   3 bond rmsd: 0.001547
  step:   4 bond rmsd: 0.001542
  step:   5 bond rmsd: 0.001540
  step:   6 bond rmsd: 0.001538
  step:   7 bond rmsd: 0.001537
  step:   8 bond rmsd: 0.001536
  step:   9 bond rmsd: 0.001535
  step:  10 bond rmsd: 0.001534
  step:  11 bond rmsd: 0.001534
  step:  12 bond rmsd: 0.001534
  step:  13 bond rmsd: 0.001533
  step:  14 bond rmsd: 0.001533
  step:  15 bond rmsd: 0.001533
  step:  16 bond rmsd: 0.001532
  step:  17 bond rmsd: 0.001532
  step:  18 bond rmsd: 0.001531
  step:  19 bond rmsd: 0.001530
  step:  20 bond rmsd: 0.001529
  step:  21 bond rmsd: 0.001527
  step:  22 bond rmsd: 0.001526
  step:  23 bond rmsd: 0.001525
  step:  24 bond rmsd: 0.001524
  step:  25 bond rmsd: 0.001522
  step:  26 bond rmsd: 0.001522
  step:  27 bond rmsd: 0.001522
  step:  28 bond rmsd: 0.001523
  step:  29 bond rmsd: 0.001523
  step:  30 bond rmsd: 0.001524
  step:  31 bond rmsd: 0.001524
  step:  32 bond rmsd: 0.001525
  step:  33 bond rmsd: 0.001526
  step:  34 bond rmsd: 0.001526
  step:  35 bond rmsd: 0.001529
  step:  36 bond rmsd: 0.001529
  step:  37 bond rmsd: 0.001530
  step:  38 bond rmsd: 0.001531
  step:  39 bond rmsd: 0.001532
  step:  40 bond rmsd: 0.001532
  step:  41 bond rmsd: 0.001533
  step:  42 bond rmsd: 0.001534
  step:  43 bond rmsd: 0.001534
  step:  44 bond rmsd: 0.001535
  step:  45 bond rmsd: 0.001535
  step:  46 bond rmsd: 0.001535
  step:  47 bond rmsd: 0.001532
  step:  48 bond rmsd: 0.001532
  step:  49 bond rmsd: 0.001532
  step:  50 bond rmsd: 0.001532
  step:  51 bond rmsd: 0.001531
  step:  52 bond rmsd: 0.001530
micro_cycle  29 rmsd(b):  0.0015 rws:  1.000 n_fev: 1513
  step:   1 bond rmsd: 0.001530
  step:   2 bond rmsd: 0.038620
  step:   3 bond rmsd: 0.001532
  step:   4 bond rmsd: 0.001532
  step:   5 bond rmsd: 0.001531
  step:   6 bond rmsd: 0.001531
  step:   7 bond rmsd: 0.001530
  step:   8 bond rmsd: 0.001530
  step:   9 bond rmsd: 0.001530
  step:  10 bond rmsd: 0.001529
  step:  11 bond rmsd: 0.001529
  step:  12 bond rmsd: 0.001529
  step:  13 bond rmsd: 0.001529
  step:  14 bond rmsd: 0.001528
  step:  15 bond rmsd: 0.001528
  step:  16 bond rmsd: 0.001527
  step:  17 bond rmsd: 0.001526
  step:  18 bond rmsd: 0.001525
  step:  19 bond rmsd: 0.001524
  step:  20 bond rmsd: 0.001524
  step:  21 bond rmsd: 0.001523
  step:  22 bond rmsd: 0.001522
  step:  23 bond rmsd: 0.001523
  step:  24 bond rmsd: 0.001523
  step:  25 bond rmsd: 0.001521
  step:  26 bond rmsd: 0.001520
  step:  27 bond rmsd: 0.001521
  step:  28 bond rmsd: 0.001519
  step:  29 bond rmsd: 0.001520
  step:  30 bond rmsd: 0.001520
  step:  31 bond rmsd: 0.001521
  step:  32 bond rmsd: 0.001520
  step:  33 bond rmsd: 0.001521
  step:  34 bond rmsd: 0.001523
  step:  35 bond rmsd: 0.001525
  step:  36 bond rmsd: 0.001526
  step:  37 bond rmsd: 0.001528
  step:  38 bond rmsd: 0.001531
  step:  39 bond rmsd: 0.001532
  step:  40 bond rmsd: 0.001534
  step:  41 bond rmsd: 0.001535
  step:  42 bond rmsd: 0.001534
  step:  43 bond rmsd: 0.001534
  step:  44 bond rmsd: 0.001530
  step:  45 bond rmsd: 0.001529
  step:  46 bond rmsd: 0.001531
  step:  47 bond rmsd: 0.001528
  step:  48 bond rmsd: 0.001528
  step:  49 bond rmsd: 0.001528
  step:  50 bond rmsd: 0.001528
  step:  51 bond rmsd: 0.001527
  step:  52 bond rmsd: 0.001529
micro_cycle  30 rmsd(b):  0.0015 rws:  1.000 n_fev: 1565
  step:   1 bond rmsd: 0.001529
  step:   2 bond rmsd: 0.101471
  step:   3 bond rmsd: 0.001524
  step:   4 bond rmsd: 0.001521
  step:   5 bond rmsd: 0.001520
  step:   6 bond rmsd: 0.001520
  step:   7 bond rmsd: 0.001520
  step:   8 bond rmsd: 0.001521
  step:   9 bond rmsd: 0.001521
  step:  10 bond rmsd: 0.001522
  step:  11 bond rmsd: 0.001522
  step:  12 bond rmsd: 0.001523
  step:  13 bond rmsd: 0.001523
  step:  14 bond rmsd: 0.001524
  step:  15 bond rmsd: 0.001524
  step:  16 bond rmsd: 0.001525
  step:  17 bond rmsd: 0.001525
  step:  18 bond rmsd: 0.001526
  step:  19 bond rmsd: 0.001527
  step:  20 bond rmsd: 0.001527
  step:  21 bond rmsd: 0.001528
  step:  22 bond rmsd: 0.001527
  step:  23 bond rmsd: 0.001527
  step:  24 bond rmsd: 0.001527
  step:  25 bond rmsd: 0.001525
  step:  26 bond rmsd: 0.001525
  step:  27 bond rmsd: 0.001525
  step:  28 bond rmsd: 0.001526
  step:  29 bond rmsd: 0.001526
  step:  30 bond rmsd: 0.001526
  step:  31 bond rmsd: 0.001526
  step:  32 bond rmsd: 0.001527
  step:  33 bond rmsd: 0.001527
  step:  34 bond rmsd: 0.001527
  step:  35 bond rmsd: 0.001528
  step:  36 bond rmsd: 0.001528
  step:  37 bond rmsd: 0.001527
  step:  38 bond rmsd: 0.001527
  step:  39 bond rmsd: 0.001527
  step:  40 bond rmsd: 0.001527
  step:  41 bond rmsd: 0.001527
  step:  42 bond rmsd: 0.001526
  step:  43 bond rmsd: 0.001526
  step:  44 bond rmsd: 0.001526
  step:  45 bond rmsd: 0.001526
  step:  46 bond rmsd: 0.001525
  step:  47 bond rmsd: 0.001525
  step:  48 bond rmsd: 0.001525
  step:  49 bond rmsd: 0.001527
  step:  50 bond rmsd: 0.001526
  step:  51 bond rmsd: 0.001526
  step:  52 bond rmsd: 0.001526
  step:  53 bond rmsd: 0.001525
micro_cycle  31 rmsd(b):  0.0015 rws:  1.000 n_fev: 1618
  step:   1 bond rmsd: 0.001525
  step:   2 bond rmsd: 0.024019
  step:   3 bond rmsd: 0.001523
  step:   4 bond rmsd: 0.001523
  step:   5 bond rmsd: 0.001523
  step:   6 bond rmsd: 0.001524
  step:   7 bond rmsd: 0.001524
  step:   8 bond rmsd: 0.001524
  step:   9 bond rmsd: 0.001524
  step:  10 bond rmsd: 0.001524
  step:  11 bond rmsd: 0.001525
  step:  12 bond rmsd: 0.001525
  step:  13 bond rmsd: 0.001525
  step:  14 bond rmsd: 0.001525
  step:  15 bond rmsd: 0.001525
  step:  16 bond rmsd: 0.001526
  step:  17 bond rmsd: 0.001526
  step:  18 bond rmsd: 0.001525
  step:  19 bond rmsd: 0.001525
  step:  20 bond rmsd: 0.001524
  step:  21 bond rmsd: 0.001524
  step:  22 bond rmsd: 0.001523
  step:  23 bond rmsd: 0.001523
  step:  24 bond rmsd: 0.001523
  step:  25 bond rmsd: 0.001522
  step:  26 bond rmsd: 0.001521
  step:  27 bond rmsd: 0.001520
  step:  28 bond rmsd: 0.001519
  step:  29 bond rmsd: 0.001519
  step:  30 bond rmsd: 0.001518
  step:  31 bond rmsd: 0.001517
  step:  32 bond rmsd: 0.001517
  step:  33 bond rmsd: 0.001516
  step:  34 bond rmsd: 0.001515
  step:  35 bond rmsd: 0.001515
  step:  36 bond rmsd: 0.001515
  step:  37 bond rmsd: 0.001515
  step:  38 bond rmsd: 0.001516
  step:  39 bond rmsd: 0.001517
  step:  40 bond rmsd: 0.001516
  step:  41 bond rmsd: 0.001517
  step:  42 bond rmsd: 0.001520
  step:  43 bond rmsd: 0.001521
  step:  44 bond rmsd: 0.001523
  step:  45 bond rmsd: 0.001526
  step:  46 bond rmsd: 0.001529
  step:  47 bond rmsd: 0.001531
  step:  48 bond rmsd: 0.001535
  step:  49 bond rmsd: 0.001537
  step:  50 bond rmsd: 0.001535
  step:  51 bond rmsd: 0.001537
  step:  52 bond rmsd: 0.001539
micro_cycle  32 rmsd(b):  0.0015 rws:  1.000 n_fev: 1670
  step:   1 bond rmsd: 0.001539
  step:   2 bond rmsd: 0.047067
  step:   3 bond rmsd: 0.001588
  step:   4 bond rmsd: 0.001574
  step:   5 bond rmsd: 0.001563
  step:   6 bond rmsd: 0.001556
  step:   7 bond rmsd: 0.001551
  step:   8 bond rmsd: 0.001548
  step:   9 bond rmsd: 0.001545
  step:  10 bond rmsd: 0.001543
  step:  11 bond rmsd: 0.001542
  step:  12 bond rmsd: 0.001540
  step:  13 bond rmsd: 0.001540
  step:  14 bond rmsd: 0.001539
  step:  15 bond rmsd: 0.001538
  step:  16 bond rmsd: 0.001537
  step:  17 bond rmsd: 0.001537
  step:  18 bond rmsd: 0.001536
  step:  19 bond rmsd: 0.001536
  step:  20 bond rmsd: 0.001535
  step:  21 bond rmsd: 0.001534
  step:  22 bond rmsd: 0.001533
  step:  23 bond rmsd: 0.001531
  step:  24 bond rmsd: 0.001528
  step:  25 bond rmsd: 0.001526
  step:  26 bond rmsd: 0.001524
  step:  27 bond rmsd: 0.001524
  step:  28 bond rmsd: 0.001522
  step:  29 bond rmsd: 0.001524
  step:  30 bond rmsd: 0.001523
  step:  31 bond rmsd: 0.001522
  step:  32 bond rmsd: 0.001522
  step:  33 bond rmsd: 0.001522
  step:  34 bond rmsd: 0.001522
  step:  35 bond rmsd: 0.001522
  step:  36 bond rmsd: 0.001522
  step:  37 bond rmsd: 0.001522
  step:  38 bond rmsd: 0.001521
  step:  39 bond rmsd: 0.001526
  step:  40 bond rmsd: 0.001525
  step:  41 bond rmsd: 0.001524
  step:  42 bond rmsd: 0.001524
  step:  43 bond rmsd: 0.001523
  step:  44 bond rmsd: 0.001522
  step:  45 bond rmsd: 0.001521
  step:  46 bond rmsd: 0.001522
  step:  47 bond rmsd: 0.001519
  step:  48 bond rmsd: 0.001520
  step:  49 bond rmsd: 0.001520
  step:  50 bond rmsd: 0.001521
  step:  51 bond rmsd: 0.001520
  step:  52 bond rmsd: 0.001522
micro_cycle  33 rmsd(b):  0.0015 rws:  1.000 n_fev: 1722
  step:   1 bond rmsd: 0.001522
  step:   2 bond rmsd: 0.035706
  step:   3 bond rmsd: 0.001529
  step:   4 bond rmsd: 0.001528
  step:   5 bond rmsd: 0.001526
  step:   6 bond rmsd: 0.001526
  step:   7 bond rmsd: 0.001525
  step:   8 bond rmsd: 0.001524
  step:   9 bond rmsd: 0.001524
  step:  10 bond rmsd: 0.001523
  step:  11 bond rmsd: 0.001523
  step:  12 bond rmsd: 0.001523
  step:  13 bond rmsd: 0.001522
  step:  14 bond rmsd: 0.001522
  step:  15 bond rmsd: 0.001522
  step:  16 bond rmsd: 0.001522
  step:  17 bond rmsd: 0.001522
  step:  18 bond rmsd: 0.001523
  step:  19 bond rmsd: 0.001523
  step:  20 bond rmsd: 0.001527
  step:  21 bond rmsd: 0.001527
  step:  22 bond rmsd: 0.001526
  step:  23 bond rmsd: 0.001526
  step:  24 bond rmsd: 0.001525
  step:  25 bond rmsd: 0.001524
  step:  26 bond rmsd: 0.001523
  step:  27 bond rmsd: 0.001523
  step:  28 bond rmsd: 0.001521
  step:  29 bond rmsd: 0.001521
  step:  30 bond rmsd: 0.001520
  step:  31 bond rmsd: 0.001519
  step:  32 bond rmsd: 0.001518
  step:  33 bond rmsd: 0.001518
  step:  34 bond rmsd: 0.001517
  step:  35 bond rmsd: 0.001517
  step:  36 bond rmsd: 0.001517
  step:  37 bond rmsd: 0.001517
  step:  38 bond rmsd: 0.001517
  step:  39 bond rmsd: 0.001517
  step:  40 bond rmsd: 0.001517
  step:  41 bond rmsd: 0.001517
  step:  42 bond rmsd: 0.001519
  step:  43 bond rmsd: 0.001519
  step:  44 bond rmsd: 0.001519
  step:  45 bond rmsd: 0.001520
  step:  46 bond rmsd: 0.001521
  step:  47 bond rmsd: 0.001521
  step:  48 bond rmsd: 0.001523
  step:  49 bond rmsd: 0.001524
  step:  50 bond rmsd: 0.001524
  step:  51 bond rmsd: 0.001525
  step:  52 bond rmsd: 0.001526
micro_cycle  34 rmsd(b):  0.0015 rws:  1.000 n_fev: 1774
  step:   1 bond rmsd: 0.001526
  step:   2 bond rmsd: 0.045341
  step:   3 bond rmsd: 0.001602
  step:   4 bond rmsd: 0.001582
  step:   5 bond rmsd: 0.001568
  step:   6 bond rmsd: 0.001558
  step:   7 bond rmsd: 0.001551
  step:   8 bond rmsd: 0.001545
  step:   9 bond rmsd: 0.001541
  step:  10 bond rmsd: 0.001538
  step:  11 bond rmsd: 0.001536
  step:  12 bond rmsd: 0.001534
  step:  13 bond rmsd: 0.001532
  step:  14 bond rmsd: 0.001531
  step:  15 bond rmsd: 0.001530
  step:  16 bond rmsd: 0.001530
  step:  17 bond rmsd: 0.001529
  step:  18 bond rmsd: 0.001528
  step:  19 bond rmsd: 0.001528
  step:  20 bond rmsd: 0.001527
  step:  21 bond rmsd: 0.001527
  step:  22 bond rmsd: 0.001526
  step:  23 bond rmsd: 0.001525
  step:  24 bond rmsd: 0.001524
  step:  25 bond rmsd: 0.001523
  step:  26 bond rmsd: 0.001523
  step:  27 bond rmsd: 0.001522
  step:  28 bond rmsd: 0.001521
  step:  29 bond rmsd: 0.001524
  step:  30 bond rmsd: 0.001523
  step:  31 bond rmsd: 0.001522
  step:  32 bond rmsd: 0.001521
  step:  33 bond rmsd: 0.001521
  step:  34 bond rmsd: 0.001520
  step:  35 bond rmsd: 0.001519
  step:  36 bond rmsd: 0.001519
  step:  37 bond rmsd: 0.001518
  step:  38 bond rmsd: 0.001517
  step:  39 bond rmsd: 0.001517
  step:  40 bond rmsd: 0.001518
  step:  41 bond rmsd: 0.001518
  step:  42 bond rmsd: 0.001518
  step:  43 bond rmsd: 0.001518
  step:  44 bond rmsd: 0.001518
  step:  45 bond rmsd: 0.001518
  step:  46 bond rmsd: 0.001519
  step:  47 bond rmsd: 0.001520
  step:  48 bond rmsd: 0.001520
  step:  49 bond rmsd: 0.001522
  step:  50 bond rmsd: 0.001523
  step:  51 bond rmsd: 0.001525
  step:  52 bond rmsd: 0.001526
micro_cycle  35 rmsd(b):  0.0015 rws:  1.000 n_fev: 1826
  step:   1 bond rmsd: 0.001526
  step:   2 bond rmsd: 0.041100
  step:   3 bond rmsd: 0.001540
  step:   4 bond rmsd: 0.001538
  step:   5 bond rmsd: 0.001535
  step:   6 bond rmsd: 0.001533
  step:   7 bond rmsd: 0.001532
  step:   8 bond rmsd: 0.001530
  step:   9 bond rmsd: 0.001529
  step:  10 bond rmsd: 0.001528
  step:  11 bond rmsd: 0.001527
  step:  12 bond rmsd: 0.001526
  step:  13 bond rmsd: 0.001525
  step:  14 bond rmsd: 0.001524
  step:  15 bond rmsd: 0.001522
  step:  16 bond rmsd: 0.001521
  step:  17 bond rmsd: 0.001519
  step:  18 bond rmsd: 0.001518
  step:  19 bond rmsd: 0.001523
  step:  20 bond rmsd: 0.001522
  step:  21 bond rmsd: 0.001519
  step:  22 bond rmsd: 0.001518
  step:  23 bond rmsd: 0.001517
  step:  24 bond rmsd: 0.001517
  step:  25 bond rmsd: 0.001517
  step:  26 bond rmsd: 0.001517
  step:  27 bond rmsd: 0.001517
  step:  28 bond rmsd: 0.001516
  step:  29 bond rmsd: 0.001517
  step:  30 bond rmsd: 0.001517
  step:  31 bond rmsd: 0.001516
  step:  32 bond rmsd: 0.001516
  step:  33 bond rmsd: 0.001517
  step:  34 bond rmsd: 0.001517
  step:  35 bond rmsd: 0.001518
  step:  36 bond rmsd: 0.001520
  step:  37 bond rmsd: 0.001520
  step:  38 bond rmsd: 0.001521
  step:  39 bond rmsd: 0.001520
  step:  40 bond rmsd: 0.001521
  step:  41 bond rmsd: 0.001522
  step:  42 bond rmsd: 0.001523
  step:  43 bond rmsd: 0.001524
  step:  44 bond rmsd: 0.001525
  step:  45 bond rmsd: 0.001525
  step:  46 bond rmsd: 0.001525
  step:  47 bond rmsd: 0.001525
  step:  48 bond rmsd: 0.001525
  step:  49 bond rmsd: 0.001524
  step:  50 bond rmsd: 0.001524
  step:  51 bond rmsd: 0.001523
  step:  52 bond rmsd: 0.001523
micro_cycle  36 rmsd(b):  0.0015 rws:  1.000 n_fev: 1878
  step:   1 bond rmsd: 0.001523
  step:   2 bond rmsd: 0.067367
  step:   3 bond rmsd: 0.001529
  step:   4 bond rmsd: 0.001527
  step:   5 bond rmsd: 0.001526
  step:   6 bond rmsd: 0.001525
  step:   7 bond rmsd: 0.001524
  step:   8 bond rmsd: 0.001524
  step:   9 bond rmsd: 0.001523
  step:  10 bond rmsd: 0.001523
  step:  11 bond rmsd: 0.001523
  step:  12 bond rmsd: 0.001523
  step:  13 bond rmsd: 0.001523
  step:  14 bond rmsd: 0.001522
  step:  15 bond rmsd: 0.001522
  step:  16 bond rmsd: 0.001522
  step:  17 bond rmsd: 0.001522
  step:  18 bond rmsd: 0.001521
  step:  19 bond rmsd: 0.001521
  step:  20 bond rmsd: 0.001521
  step:  21 bond rmsd: 0.001520
  step:  22 bond rmsd: 0.001519
  step:  23 bond rmsd: 0.001518
  step:  24 bond rmsd: 0.001518
  step:  25 bond rmsd: 0.001518
  step:  26 bond rmsd: 0.001518
  step:  27 bond rmsd: 0.001518
  step:  28 bond rmsd: 0.001519
  step:  29 bond rmsd: 0.001520
  step:  30 bond rmsd: 0.001520
  step:  31 bond rmsd: 0.001521
  step:  32 bond rmsd: 0.001521
  step:  33 bond rmsd: 0.001522
  step:  34 bond rmsd: 0.001522
  step:  35 bond rmsd: 0.001522
  step:  36 bond rmsd: 0.001523
  step:  37 bond rmsd: 0.001522
  step:  38 bond rmsd: 0.001522
  step:  39 bond rmsd: 0.001522
  step:  40 bond rmsd: 0.001523
  step:  41 bond rmsd: 0.001522
  step:  42 bond rmsd: 0.001522
  step:  43 bond rmsd: 0.001522
  step:  44 bond rmsd: 0.001522
  step:  45 bond rmsd: 0.001524
  step:  46 bond rmsd: 0.001523
  step:  47 bond rmsd: 0.001525
  step:  48 bond rmsd: 0.001525
  step:  49 bond rmsd: 0.001524
  step:  50 bond rmsd: 0.001523
  step:  51 bond rmsd: 0.001522
  step:  52 bond rmsd: 0.001522
micro_cycle  37 rmsd(b):  0.0015 rws:  1.000 n_fev: 1930
  step:   1 bond rmsd: 0.001522
  step:   2 bond rmsd: 0.044666
  step:   3 bond rmsd: 0.001516
  step:   4 bond rmsd: 0.001516
  step:   5 bond rmsd: 0.001517
  step:   6 bond rmsd: 0.001518
  step:   7 bond rmsd: 0.001518
  step:   8 bond rmsd: 0.001519
  step:   9 bond rmsd: 0.001520
  step:  10 bond rmsd: 0.001520
  step:  11 bond rmsd: 0.001520
  step:  12 bond rmsd: 0.001521
  step:  13 bond rmsd: 0.001521
  step:  14 bond rmsd: 0.001522
  step:  15 bond rmsd: 0.001522
  step:  16 bond rmsd: 0.001523
  step:  17 bond rmsd: 0.001523
  step:  18 bond rmsd: 0.001523
  step:  19 bond rmsd: 0.001521
  step:  20 bond rmsd: 0.001521
  step:  21 bond rmsd: 0.001521
  step:  22 bond rmsd: 0.001519
  step:  23 bond rmsd: 0.001519
  step:  24 bond rmsd: 0.001519
  step:  25 bond rmsd: 0.001519
  step:  26 bond rmsd: 0.001519
  step:  27 bond rmsd: 0.001518
  step:  28 bond rmsd: 0.001519
  step:  29 bond rmsd: 0.001518
  step:  30 bond rmsd: 0.001518
  step:  31 bond rmsd: 0.001518
  step:  32 bond rmsd: 0.001517
  step:  33 bond rmsd: 0.001516
  step:  34 bond rmsd: 0.001515
  step:  35 bond rmsd: 0.001515
  step:  36 bond rmsd: 0.001514
  step:  37 bond rmsd: 0.001513
  step:  38 bond rmsd: 0.001513
  step:  39 bond rmsd: 0.001512
  step:  40 bond rmsd: 0.001512
  step:  41 bond rmsd: 0.001512
  step:  42 bond rmsd: 0.001513
  step:  43 bond rmsd: 0.001514
  step:  44 bond rmsd: 0.001514
  step:  45 bond rmsd: 0.001517
  step:  46 bond rmsd: 0.001518
  step:  47 bond rmsd: 0.001518
  step:  48 bond rmsd: 0.001519
  step:  49 bond rmsd: 0.001521
  step:  50 bond rmsd: 0.001522
  step:  51 bond rmsd: 0.001524
  step:  52 bond rmsd: 0.001525
micro_cycle  38 rmsd(b):  0.0015 rws:  1.000 n_fev: 1982
  step:   1 bond rmsd: 0.001525
  step:   2 bond rmsd: 0.039594
  step:   3 bond rmsd: 0.001521
  step:   4 bond rmsd: 0.001522
  step:   5 bond rmsd: 0.001522
  step:   6 bond rmsd: 0.001522
  step:   7 bond rmsd: 0.001522
  step:   8 bond rmsd: 0.001523
  step:   9 bond rmsd: 0.001523
  step:  10 bond rmsd: 0.001523
  step:  11 bond rmsd: 0.001523
  step:  12 bond rmsd: 0.001523
  step:  13 bond rmsd: 0.001523
  step:  14 bond rmsd: 0.001523
  step:  15 bond rmsd: 0.001523
  step:  16 bond rmsd: 0.001522
  step:  17 bond rmsd: 0.001521
  step:  18 bond rmsd: 0.001520
  step:  19 bond rmsd: 0.001519
  step:  20 bond rmsd: 0.001517
  step:  21 bond rmsd: 0.001517
  step:  22 bond rmsd: 0.001516
  step:  23 bond rmsd: 0.001516
  step:  24 bond rmsd: 0.001516
  step:  25 bond rmsd: 0.001516
  step:  26 bond rmsd: 0.001516
  step:  27 bond rmsd: 0.001516
  step:  28 bond rmsd: 0.001516
  step:  29 bond rmsd: 0.001516
  step:  30 bond rmsd: 0.001517
  step:  31 bond rmsd: 0.001517
  step:  32 bond rmsd: 0.001517
  step:  33 bond rmsd: 0.001518
  step:  34 bond rmsd: 0.001518
  step:  35 bond rmsd: 0.001520
  step:  36 bond rmsd: 0.001520
  step:  37 bond rmsd: 0.001521
  step:  38 bond rmsd: 0.001521
  step:  39 bond rmsd: 0.001522
  step:  40 bond rmsd: 0.001522
  step:  41 bond rmsd: 0.001522
  step:  42 bond rmsd: 0.001523
  step:  43 bond rmsd: 0.001523
  step:  44 bond rmsd: 0.001523
  step:  45 bond rmsd: 0.001524
  step:  46 bond rmsd: 0.001523
  step:  47 bond rmsd: 0.001523
  step:  48 bond rmsd: 0.001522
  step:  49 bond rmsd: 0.001522
  step:  50 bond rmsd: 0.001521
  step:  51 bond rmsd: 0.001522
  step:  52 bond rmsd: 0.001521
micro_cycle  39 rmsd(b):  0.0015 rws:  1.000 n_fev: 2034
  step:   1 bond rmsd: 0.001521
  step:   2 bond rmsd: 0.017832
  step:   3 bond rmsd: 0.001502
  step:   4 bond rmsd: 0.001504
  step:   5 bond rmsd: 0.001506
  step:   6 bond rmsd: 0.001508
  step:   7 bond rmsd: 0.001510
  step:   8 bond rmsd: 0.001512
  step:   9 bond rmsd: 0.001514
  step:  10 bond rmsd: 0.001515
  step:  11 bond rmsd: 0.001517
  step:  12 bond rmsd: 0.001518
  step:  13 bond rmsd: 0.001519
  step:  14 bond rmsd: 0.001520
  step:  15 bond rmsd: 0.001521
  step:  16 bond rmsd: 0.001522
  step:  17 bond rmsd: 0.001523
  step:  18 bond rmsd: 0.001521
  step:  19 bond rmsd: 0.001520
  step:  20 bond rmsd: 0.001519
  step:  21 bond rmsd: 0.001519
  step:  22 bond rmsd: 0.001519
  step:  23 bond rmsd: 0.001518
  step:  24 bond rmsd: 0.001518
  step:  25 bond rmsd: 0.001518
  step:  26 bond rmsd: 0.001517
  step:  27 bond rmsd: 0.001518
  step:  28 bond rmsd: 0.001517
  step:  29 bond rmsd: 0.001516
  step:  30 bond rmsd: 0.001515
  step:  31 bond rmsd: 0.001516
  step:  32 bond rmsd: 0.001515
  step:  33 bond rmsd: 0.001515
  step:  34 bond rmsd: 0.001514
  step:  35 bond rmsd: 0.001514
  step:  36 bond rmsd: 0.001513
  step:  37 bond rmsd: 0.001513
  step:  38 bond rmsd: 0.001513
  step:  39 bond rmsd: 0.001513
  step:  40 bond rmsd: 0.001513
  step:  41 bond rmsd: 0.001513
  step:  42 bond rmsd: 0.001514
  step:  43 bond rmsd: 0.001514
  step:  44 bond rmsd: 0.001515
  step:  45 bond rmsd: 0.001516
  step:  46 bond rmsd: 0.001518
  step:  47 bond rmsd: 0.001518
  step:  48 bond rmsd: 0.001520
  step:  49 bond rmsd: 0.001521
  step:  50 bond rmsd: 0.001522
  step:  51 bond rmsd: 0.001525
  step:  52 bond rmsd: 0.001526
micro_cycle  40 rmsd(b):  0.0015 rws:  1.000 n_fev: 2086
  step:   1 bond rmsd: 0.001526
  step:   2 bond rmsd: 0.019393
  step:   3 bond rmsd: 0.001519
  step:   4 bond rmsd: 0.001519
  step:   5 bond rmsd: 0.001519
  step:   6 bond rmsd: 0.001519
  step:   7 bond rmsd: 0.001519
  step:   8 bond rmsd: 0.001519
  step:   9 bond rmsd: 0.001519
  step:  10 bond rmsd: 0.001519
  step:  11 bond rmsd: 0.001519
  step:  12 bond rmsd: 0.001519
  step:  13 bond rmsd: 0.001519
  step:  14 bond rmsd: 0.001519
  step:  15 bond rmsd: 0.001519
  step:  16 bond rmsd: 0.001519
  step:  17 bond rmsd: 0.001519
  step:  18 bond rmsd: 0.001519
  step:  19 bond rmsd: 0.001518
  step:  20 bond rmsd: 0.001517
  step:  21 bond rmsd: 0.001517
  step:  22 bond rmsd: 0.001515
  step:  23 bond rmsd: 0.001515
  step:  24 bond rmsd: 0.001515
  step:  25 bond rmsd: 0.001516
  step:  26 bond rmsd: 0.001516
  step:  27 bond rmsd: 0.001516
  step:  28 bond rmsd: 0.001517
  step:  29 bond rmsd: 0.001517
  step:  30 bond rmsd: 0.001517
  step:  31 bond rmsd: 0.001518
  step:  32 bond rmsd: 0.001518
  step:  33 bond rmsd: 0.001518
  step:  34 bond rmsd: 0.001519
  step:  35 bond rmsd: 0.001519
  step:  36 bond rmsd: 0.001520
  step:  37 bond rmsd: 0.001520
  step:  38 bond rmsd: 0.001521
  step:  39 bond rmsd: 0.001520
  step:  40 bond rmsd: 0.001520
  step:  41 bond rmsd: 0.001520
  step:  42 bond rmsd: 0.001520
  step:  43 bond rmsd: 0.001519
  step:  44 bond rmsd: 0.001518
  step:  45 bond rmsd: 0.001518
  step:  46 bond rmsd: 0.001516
  step:  47 bond rmsd: 0.001516
  step:  48 bond rmsd: 0.001516
  step:  49 bond rmsd: 0.001517
  step:  50 bond rmsd: 0.001515
  step:  51 bond rmsd: 0.001518
  step:  52 bond rmsd: 0.001518
micro_cycle  41 rmsd(b):  0.0015 rws:  1.000 n_fev: 2138
  step:   1 bond rmsd: 0.001518
  step:   2 bond rmsd: 0.042796
  step:   3 bond rmsd: 0.001515
  step:   4 bond rmsd: 0.001515
  step:   5 bond rmsd: 0.001515
  step:   6 bond rmsd: 0.001515
  step:   7 bond rmsd: 0.001515
  step:   8 bond rmsd: 0.001515
  step:   9 bond rmsd: 0.001516
  step:  10 bond rmsd: 0.001516
  step:  11 bond rmsd: 0.001517
  step:  12 bond rmsd: 0.001517
  step:  13 bond rmsd: 0.001518
  step:  14 bond rmsd: 0.001518
  step:  15 bond rmsd: 0.001519
  step:  16 bond rmsd: 0.001520
  step:  17 bond rmsd: 0.001521
  step:  18 bond rmsd: 0.001521
  step:  19 bond rmsd: 0.001518
  step:  20 bond rmsd: 0.001519
  step:  21 bond rmsd: 0.001518
  step:  22 bond rmsd: 0.001518
  step:  23 bond rmsd: 0.001519
  step:  24 bond rmsd: 0.001518
  step:  25 bond rmsd: 0.001518
  step:  26 bond rmsd: 0.001516
  step:  27 bond rmsd: 0.001516
  step:  28 bond rmsd: 0.001515
  step:  29 bond rmsd: 0.001514
  step:  30 bond rmsd: 0.001514
  step:  31 bond rmsd: 0.001513
  step:  32 bond rmsd: 0.001513
  step:  33 bond rmsd: 0.001513
  step:  34 bond rmsd: 0.001513
  step:  35 bond rmsd: 0.001512
  step:  36 bond rmsd: 0.001512
  step:  37 bond rmsd: 0.001512
  step:  38 bond rmsd: 0.001512
  step:  39 bond rmsd: 0.001512
  step:  40 bond rmsd: 0.001513
  step:  41 bond rmsd: 0.001512
  step:  42 bond rmsd: 0.001512
  step:  43 bond rmsd: 0.001513
  step:  44 bond rmsd: 0.001514
  step:  45 bond rmsd: 0.001514
  step:  46 bond rmsd: 0.001516
  step:  47 bond rmsd: 0.001517
  step:  48 bond rmsd: 0.001519
  step:  49 bond rmsd: 0.001520
  step:  50 bond rmsd: 0.001521
  step:  51 bond rmsd: 0.001522
  step:  52 bond rmsd: 0.001524
micro_cycle  42 rmsd(b):  0.0015 rws:  1.000 n_fev: 2190
  step:   1 bond rmsd: 0.001524
  step:   2 bond rmsd: 0.069112
  step:   3 bond rmsd: 0.001529
  step:   4 bond rmsd: 0.001527
  step:   5 bond rmsd: 0.001526
  step:   6 bond rmsd: 0.001526
  step:   7 bond rmsd: 0.001525
  step:   8 bond rmsd: 0.001524
  step:   9 bond rmsd: 0.001524
  step:  10 bond rmsd: 0.001523
  step:  11 bond rmsd: 0.001523
  step:  12 bond rmsd: 0.001523
  step:  13 bond rmsd: 0.001522
  step:  14 bond rmsd: 0.001522
  step:  15 bond rmsd: 0.001521
  step:  16 bond rmsd: 0.001520
  step:  17 bond rmsd: 0.001519
  step:  18 bond rmsd: 0.001518
  step:  19 bond rmsd: 0.001517
  step:  20 bond rmsd: 0.001516
  step:  21 bond rmsd: 0.001516
  step:  22 bond rmsd: 0.001516
  step:  23 bond rmsd: 0.001515
  step:  24 bond rmsd: 0.001515
  step:  25 bond rmsd: 0.001514
  step:  26 bond rmsd: 0.001514
  step:  27 bond rmsd: 0.001514
  step:  28 bond rmsd: 0.001514
  step:  29 bond rmsd: 0.001514
  step:  30 bond rmsd: 0.001514
  step:  31 bond rmsd: 0.001515
  step:  32 bond rmsd: 0.001515
  step:  33 bond rmsd: 0.001516
  step:  34 bond rmsd: 0.001517
  step:  35 bond rmsd: 0.001518
  step:  36 bond rmsd: 0.001519
  step:  37 bond rmsd: 0.001520
  step:  38 bond rmsd: 0.001522
  step:  39 bond rmsd: 0.001523
  step:  40 bond rmsd: 0.001525
  step:  41 bond rmsd: 0.001527
  step:  42 bond rmsd: 0.001530
  step:  43 bond rmsd: 0.001531
  step:  44 bond rmsd: 0.001536
  step:  45 bond rmsd: 0.001537
  step:  46 bond rmsd: 0.001537
  step:  47 bond rmsd: 0.001536
  step:  48 bond rmsd: 0.001540
  step:  49 bond rmsd: 0.001538
  step:  50 bond rmsd: 0.001534
  step:  51 bond rmsd: 0.001531
  step:  52 bond rmsd: 0.001528
micro_cycle  43 rmsd(b):  0.0015 rws:  1.000 n_fev: 2242
  step:   1 bond rmsd: 0.001528
  step:   2 bond rmsd: 0.064302
  step:   3 bond rmsd: 0.001509
  step:   4 bond rmsd: 0.001511
  step:   5 bond rmsd: 0.001513
  step:   6 bond rmsd: 0.001514
  step:   7 bond rmsd: 0.001515
  step:   8 bond rmsd: 0.001516
  step:   9 bond rmsd: 0.001517
  step:  10 bond rmsd: 0.001518
  step:  11 bond rmsd: 0.001519
  step:  12 bond rmsd: 0.001520
  step:  13 bond rmsd: 0.001520
  step:  14 bond rmsd: 0.001521
  step:  15 bond rmsd: 0.001521
  step:  16 bond rmsd: 0.001520
  step:  17 bond rmsd: 0.001519
  step:  18 bond rmsd: 0.001514
  step:  19 bond rmsd: 0.001511
  step:  20 bond rmsd: 0.001504
  step:  21 bond rmsd: 0.001502
  step:  22 bond rmsd: 0.001501
  step:  23 bond rmsd: 0.001500
  step:  24 bond rmsd: 0.001500
  step:  25 bond rmsd: 0.001500
  step:  26 bond rmsd: 0.001500
  step:  27 bond rmsd: 0.001500
  step:  28 bond rmsd: 0.001503
  step:  29 bond rmsd: 0.001503
  step:  30 bond rmsd: 0.001505
  step:  31 bond rmsd: 0.001506
  step:  32 bond rmsd: 0.001508
  step:  33 bond rmsd: 0.001509
  step:  34 bond rmsd: 0.001510
  step:  35 bond rmsd: 0.001511
  step:  36 bond rmsd: 0.001513
  step:  37 bond rmsd: 0.001513
  step:  38 bond rmsd: 0.001514
  step:  39 bond rmsd: 0.001515
  step:  40 bond rmsd: 0.001516
  step:  41 bond rmsd: 0.001516
  step:  42 bond rmsd: 0.001517
  step:  43 bond rmsd: 0.001518
  step:  44 bond rmsd: 0.001518
  step:  45 bond rmsd: 0.001518
  step:  46 bond rmsd: 0.001519
  step:  47 bond rmsd: 0.001519
  step:  48 bond rmsd: 0.001517
  step:  49 bond rmsd: 0.001517
  step:  50 bond rmsd: 0.001516
  step:  51 bond rmsd: 0.001515
  step:  52 bond rmsd: 0.001514
micro_cycle  44 rmsd(b):  0.0015 rws:  1.000 n_fev: 2294
  step:   1 bond rmsd: 0.001514
  step:   2 bond rmsd: 0.027095
  step:   3 bond rmsd: 0.001513
  step:   4 bond rmsd: 0.001513
  step:   5 bond rmsd: 0.001513
  step:   6 bond rmsd: 0.001513
  step:   7 bond rmsd: 0.001513
  step:   8 bond rmsd: 0.001513
  step:   9 bond rmsd: 0.001513
  step:  10 bond rmsd: 0.001513
  step:  11 bond rmsd: 0.001513
  step:  12 bond rmsd: 0.001513
  step:  13 bond rmsd: 0.001513
  step:  14 bond rmsd: 0.001513
  step:  15 bond rmsd: 0.001513
  step:  16 bond rmsd: 0.001513
  step:  17 bond rmsd: 0.001512
  step:  18 bond rmsd: 0.001512
  step:  19 bond rmsd: 0.001511
  step:  20 bond rmsd: 0.001511
  step:  21 bond rmsd: 0.001510
  step:  22 bond rmsd: 0.001507
  step:  23 bond rmsd: 0.001508
  step:  24 bond rmsd: 0.001508
  step:  25 bond rmsd: 0.001508
  step:  26 bond rmsd: 0.001509
  step:  27 bond rmsd: 0.001509
  step:  28 bond rmsd: 0.001510
  step:  29 bond rmsd: 0.001511
  step:  30 bond rmsd: 0.001511
  step:  31 bond rmsd: 0.001512
  step:  32 bond rmsd: 0.001513
  step:  33 bond rmsd: 0.001514
  step:  34 bond rmsd: 0.001516
  step:  35 bond rmsd: 0.001518
  step:  36 bond rmsd: 0.001519
  step:  37 bond rmsd: 0.001522
  step:  38 bond rmsd: 0.001524
  step:  39 bond rmsd: 0.001526
  step:  40 bond rmsd: 0.001530
  step:  41 bond rmsd: 0.001532
  step:  42 bond rmsd: 0.001536
  step:  43 bond rmsd: 0.001539
  step:  44 bond rmsd: 0.001542
  step:  45 bond rmsd: 0.001547
  step:  46 bond rmsd: 0.001550
  step:  47 bond rmsd: 0.001554
  step:  48 bond rmsd: 0.001557
  step:  49 bond rmsd: 0.001560
  step:  50 bond rmsd: 0.001562
  step:  51 bond rmsd: 0.001561
  step:  52 bond rmsd: 0.001562
micro_cycle  45 rmsd(b):  0.0016 rws:  1.000 n_fev: 2346
  step:   1 bond rmsd: 0.001562
  step:   2 bond rmsd: 0.053664
  step:   3 bond rmsd: 0.001555
  step:   4 bond rmsd: 0.001549
  step:   5 bond rmsd: 0.001547
  step:   6 bond rmsd: 0.001545
  step:   7 bond rmsd: 0.001545
  step:   8 bond rmsd: 0.001545
  step:   9 bond rmsd: 0.001545
  step:  10 bond rmsd: 0.001546
  step:  11 bond rmsd: 0.001546
  step:  12 bond rmsd: 0.001546
  step:  13 bond rmsd: 0.001546
  step:  14 bond rmsd: 0.001547
  step:  15 bond rmsd: 0.001547
  step:  16 bond rmsd: 0.001547
  step:  17 bond rmsd: 0.001547
  step:  18 bond rmsd: 0.001546
  step:  19 bond rmsd: 0.001545
  step:  20 bond rmsd: 0.001543
  step:  21 bond rmsd: 0.001540
  step:  22 bond rmsd: 0.001533
  step:  23 bond rmsd: 0.001528
  step:  24 bond rmsd: 0.001524
  step:  25 bond rmsd: 0.001517
  step:  26 bond rmsd: 0.001514
  step:  27 bond rmsd: 0.001510
  step:  28 bond rmsd: 0.001507
  step:  29 bond rmsd: 0.001502
  step:  30 bond rmsd: 0.001501
  step:  31 bond rmsd: 0.001500
  step:  32 bond rmsd: 0.001499
  step:  33 bond rmsd: 0.001499
  step:  34 bond rmsd: 0.001499
  step:  35 bond rmsd: 0.001501
  step:  36 bond rmsd: 0.001501
  step:  37 bond rmsd: 0.001503
  step:  38 bond rmsd: 0.001503
  step:  39 bond rmsd: 0.001503
  step:  40 bond rmsd: 0.001505
  step:  41 bond rmsd: 0.001505
  step:  42 bond rmsd: 0.001505
  step:  43 bond rmsd: 0.001506
  step:  44 bond rmsd: 0.001507
  step:  45 bond rmsd: 0.001508
  step:  46 bond rmsd: 0.001508
  step:  47 bond rmsd: 0.001509
  step:  48 bond rmsd: 0.001509
  step:  49 bond rmsd: 0.001509
  step:  50 bond rmsd: 0.001509
  step:  51 bond rmsd: 0.001510
  step:  52 bond rmsd: 0.001510
micro_cycle  46 rmsd(b):  0.0015 rws:  1.000 n_fev: 2398
  step:   1 bond rmsd: 0.001510
  step:   2 bond rmsd: 0.030225
  step:   3 bond rmsd: 0.001514
  step:   4 bond rmsd: 0.001514
  step:   5 bond rmsd: 0.001513
  step:   6 bond rmsd: 0.001512
  step:   7 bond rmsd: 0.001512
  step:   8 bond rmsd: 0.001511
  step:   9 bond rmsd: 0.001511
  step:  10 bond rmsd: 0.001511
  step:  11 bond rmsd: 0.001510
  step:  12 bond rmsd: 0.001510
  step:  13 bond rmsd: 0.001510
  step:  14 bond rmsd: 0.001509
  step:  15 bond rmsd: 0.001509
  step:  16 bond rmsd: 0.001508
  step:  17 bond rmsd: 0.001508
  step:  18 bond rmsd: 0.001507
  step:  19 bond rmsd: 0.001506
  step:  20 bond rmsd: 0.001506
  step:  21 bond rmsd: 0.001506
  step:  22 bond rmsd: 0.001505
  step:  23 bond rmsd: 0.001506
  step:  24 bond rmsd: 0.001505
  step:  25 bond rmsd: 0.001508
  step:  26 bond rmsd: 0.001508
  step:  27 bond rmsd: 0.001508
  step:  28 bond rmsd: 0.001509
  step:  29 bond rmsd: 0.001509
  step:  30 bond rmsd: 0.001511
  step:  31 bond rmsd: 0.001511
  step:  32 bond rmsd: 0.001512
  step:  33 bond rmsd: 0.001514
  step:  34 bond rmsd: 0.001515
  step:  35 bond rmsd: 0.001516
  step:  36 bond rmsd: 0.001517
  step:  37 bond rmsd: 0.001519
  step:  38 bond rmsd: 0.001521
  step:  39 bond rmsd: 0.001522
  step:  40 bond rmsd: 0.001524
  step:  41 bond rmsd: 0.001526
  step:  42 bond rmsd: 0.001528
  step:  43 bond rmsd: 0.001530
  step:  44 bond rmsd: 0.001532
  step:  45 bond rmsd: 0.001533
  step:  46 bond rmsd: 0.001534
  step:  47 bond rmsd: 0.001536
  step:  48 bond rmsd: 0.001537
  step:  49 bond rmsd: 0.001539
  step:  50 bond rmsd: 0.001539
  step:  51 bond rmsd: 0.001539
  step:  52 bond rmsd: 0.001537
micro_cycle  47 rmsd(b):  0.0015 rws:  1.000 n_fev: 2450
  step:   1 bond rmsd: 0.001537
  step:   2 bond rmsd: 0.042713
  step:   3 bond rmsd: 0.001553
  step:   4 bond rmsd: 0.001534
  step:   5 bond rmsd: 0.001525
  step:   6 bond rmsd: 0.001520
  step:   7 bond rmsd: 0.001519
  step:   8 bond rmsd: 0.001518
  step:   9 bond rmsd: 0.001519
  step:  10 bond rmsd: 0.001520
  step:  11 bond rmsd: 0.001522
  step:  12 bond rmsd: 0.001523
  step:  13 bond rmsd: 0.001524
  step:  14 bond rmsd: 0.001525
  step:  15 bond rmsd: 0.001526
  step:  16 bond rmsd: 0.001527
  step:  17 bond rmsd: 0.001528
  step:  18 bond rmsd: 0.001528
  step:  19 bond rmsd: 0.001529
  step:  20 bond rmsd: 0.001529
  step:  21 bond rmsd: 0.001530
  step:  22 bond rmsd: 0.001530
  step:  23 bond rmsd: 0.001529
  step:  24 bond rmsd: 0.001528
  step:  25 bond rmsd: 0.001523
  step:  26 bond rmsd: 0.001520
  step:  27 bond rmsd: 0.001518
  step:  28 bond rmsd: 0.001516
  step:  29 bond rmsd: 0.001515
  step:  30 bond rmsd: 0.001514
  step:  31 bond rmsd: 0.001513
  step:  32 bond rmsd: 0.001511
  step:  33 bond rmsd: 0.001511
  step:  34 bond rmsd: 0.001512
  step:  35 bond rmsd: 0.001512
  step:  36 bond rmsd: 0.001512
  step:  37 bond rmsd: 0.001512
  step:  38 bond rmsd: 0.001509
  step:  39 bond rmsd: 0.001509
  step:  40 bond rmsd: 0.001509
  step:  41 bond rmsd: 0.001510
  step:  42 bond rmsd: 0.001510
  step:  43 bond rmsd: 0.001511
  step:  44 bond rmsd: 0.001510
  step:  45 bond rmsd: 0.001510
  step:  46 bond rmsd: 0.001510
  step:  47 bond rmsd: 0.001510
  step:  48 bond rmsd: 0.001510
  step:  49 bond rmsd: 0.001510
  step:  50 bond rmsd: 0.001510
  step:  51 bond rmsd: 0.001510
  step:  52 bond rmsd: 0.001509
micro_cycle  48 rmsd(b):  0.0015 rws:  1.000 n_fev: 2502
  step:   1 bond rmsd: 0.001509
  step:   2 bond rmsd: 0.025799
  step:   3 bond rmsd: 0.001505
  step:   4 bond rmsd: 0.001506
  step:   5 bond rmsd: 0.001506
  step:   6 bond rmsd: 0.001507
  step:   7 bond rmsd: 0.001507
  step:   8 bond rmsd: 0.001508
  step:   9 bond rmsd: 0.001508
  step:  10 bond rmsd: 0.001508
  step:  11 bond rmsd: 0.001508
  step:  12 bond rmsd: 0.001508
  step:  13 bond rmsd: 0.001509
  step:  14 bond rmsd: 0.001509
  step:  15 bond rmsd: 0.001509
  step:  16 bond rmsd: 0.001509
  step:  17 bond rmsd: 0.001509
  step:  18 bond rmsd: 0.001509
  step:  19 bond rmsd: 0.001508
  step:  20 bond rmsd: 0.001507
  step:  21 bond rmsd: 0.001506
  step:  22 bond rmsd: 0.001505
  step:  23 bond rmsd: 0.001505
  step:  24 bond rmsd: 0.001504
  step:  25 bond rmsd: 0.001504
  step:  26 bond rmsd: 0.001504
  step:  27 bond rmsd: 0.001504
  step:  28 bond rmsd: 0.001504
  step:  29 bond rmsd: 0.001504
  step:  30 bond rmsd: 0.001505
  step:  31 bond rmsd: 0.001505
  step:  32 bond rmsd: 0.001507
  step:  33 bond rmsd: 0.001508
  step:  34 bond rmsd: 0.001510
  step:  35 bond rmsd: 0.001511
  step:  36 bond rmsd: 0.001512
  step:  37 bond rmsd: 0.001513
  step:  38 bond rmsd: 0.001515
  step:  39 bond rmsd: 0.001516
  step:  40 bond rmsd: 0.001518
  step:  41 bond rmsd: 0.001519
  step:  42 bond rmsd: 0.001520
  step:  43 bond rmsd: 0.001522
  step:  44 bond rmsd: 0.001523
  step:  45 bond rmsd: 0.001527
  step:  46 bond rmsd: 0.001529
  step:  47 bond rmsd: 0.001530
  step:  48 bond rmsd: 0.001533
  step:  49 bond rmsd: 0.001534
  step:  50 bond rmsd: 0.001536
  step:  51 bond rmsd: 0.001536
  step:  52 bond rmsd: 0.001538
micro_cycle  49 rmsd(b):  0.0015 rws:  1.000 n_fev: 2554
  step:   1 bond rmsd: 0.001538
  step:   2 bond rmsd: 0.045967
  step:   3 bond rmsd: 0.001530
  step:   4 bond rmsd: 0.001530
  step:   5 bond rmsd: 0.001529
  step:   6 bond rmsd: 0.001529
  step:   7 bond rmsd: 0.001529
  step:   8 bond rmsd: 0.001529
  step:   9 bond rmsd: 0.001528
  step:  10 bond rmsd: 0.001528
  step:  11 bond rmsd: 0.001528
  step:  12 bond rmsd: 0.001527
  step:  13 bond rmsd: 0.001527
  step:  14 bond rmsd: 0.001526
  step:  15 bond rmsd: 0.001526
  step:  16 bond rmsd: 0.001524
  step:  17 bond rmsd: 0.001522
  step:  18 bond rmsd: 0.001518
  step:  19 bond rmsd: 0.001516
  step:  20 bond rmsd: 0.001512
  step:  21 bond rmsd: 0.001511
  step:  22 bond rmsd: 0.001510
  step:  23 bond rmsd: 0.001510
  step:  24 bond rmsd: 0.001509
  step:  25 bond rmsd: 0.001508
  step:  26 bond rmsd: 0.001507
  step:  27 bond rmsd: 0.001507
  step:  28 bond rmsd: 0.001506
  step:  29 bond rmsd: 0.001505
  step:  30 bond rmsd: 0.001505
  step:  31 bond rmsd: 0.001504
  step:  32 bond rmsd: 0.001504
  step:  33 bond rmsd: 0.001503
  step:  34 bond rmsd: 0.001504
  step:  35 bond rmsd: 0.001503
  step:  36 bond rmsd: 0.001503
  step:  37 bond rmsd: 0.001503
  step:  38 bond rmsd: 0.001503
  step:  39 bond rmsd: 0.001503
  step:  40 bond rmsd: 0.001504
  step:  41 bond rmsd: 0.001504
  step:  42 bond rmsd: 0.001504
  step:  43 bond rmsd: 0.001505
  step:  44 bond rmsd: 0.001504
  step:  45 bond rmsd: 0.001504
  step:  46 bond rmsd: 0.001505
  step:  47 bond rmsd: 0.001506
  step:  48 bond rmsd: 0.001507
  step:  49 bond rmsd: 0.001508
  step:  50 bond rmsd: 0.001508
  step:  51 bond rmsd: 0.001509
  step:  52 bond rmsd: 0.001510
micro_cycle  50 rmsd(b):  0.0015 rws:  1.000 n_fev: 2606
See 3_refined.pdb in pdb folder.
Time: 41.6275
