Starting Q|R
Running refinement
   input {
     xray_data {
       file_name = None
       labels = None
       high_resolution = None
       low_resolution = None
       outliers_rejection = True
       french_wilson_scale = True
       french_wilson {
         max_bins = 60
         min_bin_size = 40
       }
       sigma_fobs_rejection_criterion = None
       sigma_iobs_rejection_criterion = None
       ignore_all_zeros = True
       force_anomalous_flag_to_be_equal_to = None
       convert_to_non_anomalous_if_ratio_pairs_lone_less_than_threshold = 0.5
       r_free_flags {
         file_name = None
         label = None
         test_flag_value = None
         ignore_r_free_flags = False
         disable_suitability_test = False
         ignore_pdb_hexdigest = False
         generate = False
         fraction = 0.1
         max_free = 2000
         lattice_symmetry_max_delta = 5
         use_lattice_symmetry = True
         use_dataman_shells = False
         n_shells = 20
       }
     }
     pdb {
       file_name = None
     }
     monomers {
       file_name = None
     }
     maps {
       map_file_name = None
       d_min = None
       map_coefficients_file_name = None
       map_coefficients_label = None
     }
     sequence = None
     scattering_table = wk1995 it1992 *n_gaussian neutron electron
     wavelength = None
     energy = None
     twin_law = Auto
   }
   max_atoms = 15000
   debug = False
   cluster {
     charge_cutoff = 8.0
     clustering = false
     charge_embedding = False
     two_buffers = False
     maxnum_residues_in_cluster = 15
     clustering_method = gnc *bcc
     altloc_method = *average subtract
   }
   restraints = *cctbx qm
   quantum {
     engine_name = *mopac ani torchani terachem turbomole pyscf orca gaussian \
                   xtb
     charge = None
     basis = Auto
     method = Auto
     memory = None
     nproc = None
     qm_addon = gcp dftd3 gcp-d3
     qm_addon_method = None
   }
   refine {
     dry_run = False
     sf_algorithm = *direct fft
     refinement_target_name = *ml ls_wunit_k1
     mode = *opt refine
     number_of_macro_cycles = 1
     number_of_weight_search_cycles = 50
     number_of_refine_cycles = 5
     number_of_micro_cycles = 50
     data_weight = None
     choose_best_use_r_work = False
     skip_initial_weight_optimization = False
     adjust_restraints_weight_scale_value = 2
     max_iterations_weight = 50
     max_iterations_refine = 50
     use_ase_lbfgs = False
     line_search = True
     stpmax = 0.2
     gradient_only = true
     update_all_scales = True
     refine_sites = True
     refine_adp = False
     restraints_weight_scale = 1.0
     shake_sites = False
     use_convergence_test = true
     max_bond_rmsd = 0.03
     max_r_work_r_free_gap = 5.0
     r_tolerance = 0.001
     rmsd_tolerance = 0.001
     opt_log = False
     pre_opt = False
     pre_opt_stpmax = 0.1
     pre_opt_iter = 10
     pre_opt_switch = 2
     pre_opt_gconv = 3000
   }
   parallel {
     method = *multiprocessing slurm pbs sge lsf threading
     nproc = None
     qsub_command = None
   }
   output_file_name_prefix = None
   output_folder_name = "pdb"
   shared_disk = True
   rst_file = None
   dump_gradients = None

Setting QM defaults
  Setting QM method to PM7


***********************************************************
restart info will be stored in /home/lum/3nir/cctbx_opt/pdb/4.rst.pickle
***********************************************************

start   0 rmsd(b):  0.0201 rws:  1.000 n_fev: 0
  step:   1 bond rmsd: 0.020099
  step:   2 bond rmsd: 0.070573
  step:   3 bond rmsd: 0.070573
  step:   4 bond rmsd: 0.057538
  step:   5 bond rmsd: 0.047037
  step:   6 bond rmsd: 0.038625
  step:   7 bond rmsd: 0.031922
  step:   8 bond rmsd: 0.026601
  step:   9 bond rmsd: 0.022395
  step:  10 bond rmsd: 0.019089
  step:  11 bond rmsd: 0.016506
  step:  12 bond rmsd: 0.014496
  step:  13 bond rmsd: 0.012935
  step:  14 bond rmsd: 0.011720
  step:  15 bond rmsd: 0.010763
  step:  16 bond rmsd: 0.009993
  step:  17 bond rmsd: 0.009351
  step:  18 bond rmsd: 0.008786
  step:  19 bond rmsd: 0.008253
  step:  20 bond rmsd: 0.007710
  step:  21 bond rmsd: 0.007107
  step:  22 bond rmsd: 0.006327
  step:  23 bond rmsd: 0.005894
  step:  24 bond rmsd: 0.005334
  step:  25 bond rmsd: 0.004931
  step:  26 bond rmsd: 0.004634
  step:  27 bond rmsd: 0.004414
  step:  28 bond rmsd: 0.004268
  step:  29 bond rmsd: 0.004162
  step:  30 bond rmsd: 0.004110
  step:  31 bond rmsd: 0.004080
  step:  32 bond rmsd: 0.004058
  step:  33 bond rmsd: 0.004056
  step:  34 bond rmsd: 0.004061
  step:  35 bond rmsd: 0.004078
  step:  36 bond rmsd: 0.004089
  step:  37 bond rmsd: 0.004080
  step:  38 bond rmsd: 0.004076
  step:  39 bond rmsd: 0.004013
  step:  40 bond rmsd: 0.003962
  step:  41 bond rmsd: 0.003866
  step:  42 bond rmsd: 0.003795
  step:  43 bond rmsd: 0.003671
  step:  44 bond rmsd: 0.003506
  step:  45 bond rmsd: 0.003337
  step:  46 bond rmsd: 0.003165
  step:  47 bond rmsd: 0.002981
  step:  48 bond rmsd: 0.002839
  step:  49 bond rmsd: 0.002675
  step:  50 bond rmsd: 0.002535
  step:  51 bond rmsd: 0.002386
  step:  52 bond rmsd: 0.002257
micro_cycle   1 rmsd(b):  0.0023 rws:  1.000 n_fev: 52
  step:   1 bond rmsd: 0.002257
  step:   2 bond rmsd: 0.057148
  step:   3 bond rmsd: 0.057148
  step:   4 bond rmsd: 0.045871
  step:   5 bond rmsd: 0.036722
  step:   6 bond rmsd: 0.029462
  step:   7 bond rmsd: 0.023692
  step:   8 bond rmsd: 0.019090
  step:   9 bond rmsd: 0.015413
  step:  10 bond rmsd: 0.012475
  step:  11 bond rmsd: 0.010131
  step:  12 bond rmsd: 0.008270
  step:  13 bond rmsd: 0.006798
  step:  14 bond rmsd: 0.005643
  step:  15 bond rmsd: 0.004745
  step:  16 bond rmsd: 0.004056
  step:  17 bond rmsd: 0.003534
  step:  18 bond rmsd: 0.003146
  step:  19 bond rmsd: 0.002861
  step:  20 bond rmsd: 0.002655
  step:  21 bond rmsd: 0.002508
  step:  22 bond rmsd: 0.002403
  step:  23 bond rmsd: 0.002328
  step:  24 bond rmsd: 0.002274
  step:  25 bond rmsd: 0.002234
  step:  26 bond rmsd: 0.002204
  step:  27 bond rmsd: 0.002181
  step:  28 bond rmsd: 0.002162
  step:  29 bond rmsd: 0.002145
  step:  30 bond rmsd: 0.002129
  step:  31 bond rmsd: 0.002113
  step:  32 bond rmsd: 0.002096
  step:  33 bond rmsd: 0.002078
  step:  34 bond rmsd: 0.002060
  step:  35 bond rmsd: 0.002041
  step:  36 bond rmsd: 0.002021
  step:  37 bond rmsd: 0.001990
  step:  38 bond rmsd: 0.001987
  step:  39 bond rmsd: 0.002002
  step:  40 bond rmsd: 0.002015
  step:  41 bond rmsd: 0.002018
  step:  42 bond rmsd: 0.002042
  step:  43 bond rmsd: 0.002063
  step:  44 bond rmsd: 0.002084
  step:  45 bond rmsd: 0.002112
  step:  46 bond rmsd: 0.002136
  step:  47 bond rmsd: 0.002159
  step:  48 bond rmsd: 0.002218
  step:  49 bond rmsd: 0.002239
  step:  50 bond rmsd: 0.002269
  step:  51 bond rmsd: 0.002285
  step:  52 bond rmsd: 0.002325
micro_cycle   2 rmsd(b):  0.0023 rws:  1.000 n_fev: 104
  step:   1 bond rmsd: 0.002325
  step:   2 bond rmsd: 0.045848
  step:   3 bond rmsd: 0.045848
  step:   4 bond rmsd: 0.036907
  step:   5 bond rmsd: 0.029737
  step:   6 bond rmsd: 0.023949
  step:   7 bond rmsd: 0.019284
  step:   8 bond rmsd: 0.015525
  step:   9 bond rmsd: 0.012503
  step:  10 bond rmsd: 0.010081
  step:  11 bond rmsd: 0.008148
  step:  12 bond rmsd: 0.006615
  step:  13 bond rmsd: 0.005411
  step:  14 bond rmsd: 0.004477
  step:  15 bond rmsd: 0.003765
  step:  16 bond rmsd: 0.003235
  step:  17 bond rmsd: 0.002851
  step:  18 bond rmsd: 0.002581
  step:  19 bond rmsd: 0.002398
  step:  20 bond rmsd: 0.002278
  step:  21 bond rmsd: 0.002201
  step:  22 bond rmsd: 0.002154
  step:  23 bond rmsd: 0.002125
  step:  24 bond rmsd: 0.002108
  step:  25 bond rmsd: 0.002099
  step:  26 bond rmsd: 0.002094
  step:  27 bond rmsd: 0.002091
  step:  28 bond rmsd: 0.002090
  step:  29 bond rmsd: 0.002090
  step:  30 bond rmsd: 0.002090
  step:  31 bond rmsd: 0.002088
  step:  32 bond rmsd: 0.002086
  step:  33 bond rmsd: 0.002078
  step:  34 bond rmsd: 0.002063
  step:  35 bond rmsd: 0.002030
  step:  36 bond rmsd: 0.001955
  step:  37 bond rmsd: 0.001903
  step:  38 bond rmsd: 0.001868
  step:  39 bond rmsd: 0.001837
  step:  40 bond rmsd: 0.001825
  step:  41 bond rmsd: 0.001805
  step:  42 bond rmsd: 0.001796
  step:  43 bond rmsd: 0.001782
  step:  44 bond rmsd: 0.001774
  step:  45 bond rmsd: 0.001767
  step:  46 bond rmsd: 0.001756
  step:  47 bond rmsd: 0.001751
  step:  48 bond rmsd: 0.001740
  step:  49 bond rmsd: 0.001736
  step:  50 bond rmsd: 0.001732
  step:  51 bond rmsd: 0.001730
  step:  52 bond rmsd: 0.001728
micro_cycle   3 rmsd(b):  0.0017 rws:  1.000 n_fev: 156
  step:   1 bond rmsd: 0.001728
  step:   2 bond rmsd: 0.042503
  step:   3 bond rmsd: 0.006800
  step:   4 bond rmsd: 0.005560
  step:   5 bond rmsd: 0.004584
  step:   6 bond rmsd: 0.003830
  step:   7 bond rmsd: 0.003254
  step:   8 bond rmsd: 0.002821
  step:   9 bond rmsd: 0.002500
  step:  10 bond rmsd: 0.002266
  step:  11 bond rmsd: 0.002099
  step:  12 bond rmsd: 0.001982
  step:  13 bond rmsd: 0.001899
  step:  14 bond rmsd: 0.001841
  step:  15 bond rmsd: 0.001801
  step:  16 bond rmsd: 0.001773
  step:  17 bond rmsd: 0.001752
  step:  18 bond rmsd: 0.001738
  step:  19 bond rmsd: 0.001727
  step:  20 bond rmsd: 0.001719
  step:  21 bond rmsd: 0.001712
  step:  22 bond rmsd: 0.001707
  step:  23 bond rmsd: 0.001702
  step:  24 bond rmsd: 0.001698
  step:  25 bond rmsd: 0.001694
  step:  26 bond rmsd: 0.001689
  step:  27 bond rmsd: 0.001683
  step:  28 bond rmsd: 0.001676
  step:  29 bond rmsd: 0.001666
  step:  30 bond rmsd: 0.001655
  step:  31 bond rmsd: 0.001653
  step:  32 bond rmsd: 0.001659
  step:  33 bond rmsd: 0.001666
  step:  34 bond rmsd: 0.001701
  step:  35 bond rmsd: 0.001711
  step:  36 bond rmsd: 0.001726
  step:  37 bond rmsd: 0.001743
  step:  38 bond rmsd: 0.001758
  step:  39 bond rmsd: 0.001789
  step:  40 bond rmsd: 0.001804
  step:  41 bond rmsd: 0.001838
  step:  42 bond rmsd: 0.001866
  step:  43 bond rmsd: 0.001894
  step:  44 bond rmsd: 0.001955
  step:  45 bond rmsd: 0.001980
  step:  46 bond rmsd: 0.002027
  step:  47 bond rmsd: 0.002067
  step:  48 bond rmsd: 0.002114
  step:  49 bond rmsd: 0.002167
  step:  50 bond rmsd: 0.002246
  step:  51 bond rmsd: 0.002291
  step:  52 bond rmsd: 0.002582
  step:  53 bond rmsd: 0.002582
micro_cycle   4 rmsd(b):  0.0026 rws:  1.000 n_fev: 209
  step:   1 bond rmsd: 0.002582
  step:   2 bond rmsd: 0.037614
  step:   3 bond rmsd: 0.037614
  step:   4 bond rmsd: 0.030249
  step:   5 bond rmsd: 0.024406
  step:   6 bond rmsd: 0.019707
  step:   7 bond rmsd: 0.015918
  step:   8 bond rmsd: 0.012863
  step:   9 bond rmsd: 0.010404
  step:  10 bond rmsd: 0.008432
  step:  11 bond rmsd: 0.006859
  step:  12 bond rmsd: 0.005616
  step:  13 bond rmsd: 0.004645
  step:  14 bond rmsd: 0.003899
  step:  15 bond rmsd: 0.003337
  step:  16 bond rmsd: 0.002925
  step:  17 bond rmsd: 0.002632
  step:  18 bond rmsd: 0.002429
  step:  19 bond rmsd: 0.002293
  step:  20 bond rmsd: 0.002205
  step:  21 bond rmsd: 0.002148
  step:  22 bond rmsd: 0.002111
  step:  23 bond rmsd: 0.002088
  step:  24 bond rmsd: 0.002074
  step:  25 bond rmsd: 0.002064
  step:  26 bond rmsd: 0.002057
  step:  27 bond rmsd: 0.002051
  step:  28 bond rmsd: 0.002045
  step:  29 bond rmsd: 0.002039
  step:  30 bond rmsd: 0.002031
  step:  31 bond rmsd: 0.002020
  step:  32 bond rmsd: 0.002003
  step:  33 bond rmsd: 0.001975
  step:  34 bond rmsd: 0.001930
  step:  35 bond rmsd: 0.001856
  step:  36 bond rmsd: 0.001784
  step:  37 bond rmsd: 0.001720
  step:  38 bond rmsd: 0.001682
  step:  39 bond rmsd: 0.001655
  step:  40 bond rmsd: 0.001627
  step:  41 bond rmsd: 0.001611
  step:  42 bond rmsd: 0.001596
  step:  43 bond rmsd: 0.001588
  step:  44 bond rmsd: 0.001579
  step:  45 bond rmsd: 0.001573
  step:  46 bond rmsd: 0.001567
  step:  47 bond rmsd: 0.001558
  step:  48 bond rmsd: 0.001554
  step:  49 bond rmsd: 0.001549
  step:  50 bond rmsd: 0.001546
  step:  51 bond rmsd: 0.001548
  step:  52 bond rmsd: 0.001547
micro_cycle   5 rmsd(b):  0.0015 rws:  1.000 n_fev: 261
  step:   1 bond rmsd: 0.001547
  step:   2 bond rmsd: 0.067105
  step:   3 bond rmsd: 0.002843
  step:   4 bond rmsd: 0.002455
  step:   5 bond rmsd: 0.002172
  step:   6 bond rmsd: 0.001969
  step:   7 bond rmsd: 0.001827
  step:   8 bond rmsd: 0.001731
  step:   9 bond rmsd: 0.001666
  step:  10 bond rmsd: 0.001624
  step:  11 bond rmsd: 0.001596
  step:  12 bond rmsd: 0.001578
  step:  13 bond rmsd: 0.001567
  step:  14 bond rmsd: 0.001560
  step:  15 bond rmsd: 0.001555
  step:  16 bond rmsd: 0.001552
  step:  17 bond rmsd: 0.001550
  step:  18 bond rmsd: 0.001550
  step:  19 bond rmsd: 0.001549
  step:  20 bond rmsd: 0.001549
  step:  21 bond rmsd: 0.001549
  step:  22 bond rmsd: 0.001549
  step:  23 bond rmsd: 0.001550
  step:  24 bond rmsd: 0.001551
  step:  25 bond rmsd: 0.001553
  step:  26 bond rmsd: 0.001555
  step:  27 bond rmsd: 0.001560
  step:  28 bond rmsd: 0.001567
  step:  29 bond rmsd: 0.001577
  step:  30 bond rmsd: 0.001590
  step:  31 bond rmsd: 0.001604
  step:  32 bond rmsd: 0.001618
  step:  33 bond rmsd: 0.001645
  step:  34 bond rmsd: 0.001655
  step:  35 bond rmsd: 0.001666
  step:  36 bond rmsd: 0.001678
  step:  37 bond rmsd: 0.001691
  step:  38 bond rmsd: 0.001711
  step:  39 bond rmsd: 0.001722
  step:  40 bond rmsd: 0.001739
  step:  41 bond rmsd: 0.001756
  step:  42 bond rmsd: 0.001781
  step:  43 bond rmsd: 0.001805
  step:  44 bond rmsd: 0.001831
  step:  45 bond rmsd: 0.001855
  step:  46 bond rmsd: 0.001880
  step:  47 bond rmsd: 0.001905
  step:  48 bond rmsd: 0.001918
  step:  49 bond rmsd: 0.001942
  step:  50 bond rmsd: 0.001956
  step:  51 bond rmsd: 0.001964
  step:  52 bond rmsd: 0.001965
micro_cycle   6 rmsd(b):  0.0020 rws:  1.000 n_fev: 313
  step:   1 bond rmsd: 0.001965
  step:   2 bond rmsd: 0.042868
  step:   3 bond rmsd: 0.021240
  step:   4 bond rmsd: 0.017013
  step:   5 bond rmsd: 0.013599
  step:   6 bond rmsd: 0.010894
  step:   7 bond rmsd: 0.008757
  step:   8 bond rmsd: 0.007073
  step:   9 bond rmsd: 0.005752
  step:  10 bond rmsd: 0.004724
  step:  11 bond rmsd: 0.003933
  step:  12 bond rmsd: 0.003334
  step:  13 bond rmsd: 0.002890
  step:  14 bond rmsd: 0.002567
  step:  15 bond rmsd: 0.002339
  step:  16 bond rmsd: 0.002181
  step:  17 bond rmsd: 0.002074
  step:  18 bond rmsd: 0.002002
  step:  19 bond rmsd: 0.001955
  step:  20 bond rmsd: 0.001923
  step:  21 bond rmsd: 0.001902
  step:  22 bond rmsd: 0.001888
  step:  23 bond rmsd: 0.001878
  step:  24 bond rmsd: 0.001870
  step:  25 bond rmsd: 0.001865
  step:  26 bond rmsd: 0.001860
  step:  27 bond rmsd: 0.001855
  step:  28 bond rmsd: 0.001850
  step:  29 bond rmsd: 0.001844
  step:  30 bond rmsd: 0.001835
  step:  31 bond rmsd: 0.001823
  step:  32 bond rmsd: 0.001805
  step:  33 bond rmsd: 0.001778
  step:  34 bond rmsd: 0.001735
  step:  35 bond rmsd: 0.001691
  step:  36 bond rmsd: 0.001679
  step:  37 bond rmsd: 0.001679
  step:  38 bond rmsd: 0.001645
  step:  39 bond rmsd: 0.001623
  step:  40 bond rmsd: 0.001608
  step:  41 bond rmsd: 0.001599
  step:  42 bond rmsd: 0.001592
  step:  43 bond rmsd: 0.001589
  step:  44 bond rmsd: 0.001586
  step:  45 bond rmsd: 0.001584
  step:  46 bond rmsd: 0.001582
  step:  47 bond rmsd: 0.001582
  step:  48 bond rmsd: 0.001580
  step:  49 bond rmsd: 0.001580
  step:  50 bond rmsd: 0.001578
  step:  51 bond rmsd: 0.001577
  step:  52 bond rmsd: 0.001575
  step:  53 bond rmsd: 0.001573
micro_cycle   7 rmsd(b):  0.0016 rws:  1.000 n_fev: 366
  step:   1 bond rmsd: 0.001573
  step:   2 bond rmsd: 0.057407
  step:   3 bond rmsd: 0.001673
  step:   4 bond rmsd: 0.001632
  step:   5 bond rmsd: 0.001606
  step:   6 bond rmsd: 0.001590
  step:   7 bond rmsd: 0.001580
  step:   8 bond rmsd: 0.001574
  step:   9 bond rmsd: 0.001570
  step:  10 bond rmsd: 0.001568
  step:  11 bond rmsd: 0.001567
  step:  12 bond rmsd: 0.001567
  step:  13 bond rmsd: 0.001567
  step:  14 bond rmsd: 0.001567
  step:  15 bond rmsd: 0.001567
  step:  16 bond rmsd: 0.001568
  step:  17 bond rmsd: 0.001568
  step:  18 bond rmsd: 0.001569
  step:  19 bond rmsd: 0.001569
  step:  20 bond rmsd: 0.001570
  step:  21 bond rmsd: 0.001571
  step:  22 bond rmsd: 0.001573
  step:  23 bond rmsd: 0.001574
  step:  24 bond rmsd: 0.001575
  step:  25 bond rmsd: 0.001574
  step:  26 bond rmsd: 0.001576
  step:  27 bond rmsd: 0.001578
  step:  28 bond rmsd: 0.001581
  step:  29 bond rmsd: 0.001584
  step:  30 bond rmsd: 0.001589
  step:  31 bond rmsd: 0.001593
  step:  32 bond rmsd: 0.001596
  step:  33 bond rmsd: 0.001601
  step:  34 bond rmsd: 0.001608
  step:  35 bond rmsd: 0.001613
  step:  36 bond rmsd: 0.001626
  step:  37 bond rmsd: 0.001631
  step:  38 bond rmsd: 0.001647
  step:  39 bond rmsd: 0.001654
  step:  40 bond rmsd: 0.001659
  step:  41 bond rmsd: 0.001664
  step:  42 bond rmsd: 0.001673
  step:  43 bond rmsd: 0.001674
  step:  44 bond rmsd: 0.001677
  step:  45 bond rmsd: 0.001678
  step:  46 bond rmsd: 0.001675
  step:  47 bond rmsd: 0.001679
  step:  48 bond rmsd: 0.001674
  step:  49 bond rmsd: 0.001671
  step:  50 bond rmsd: 0.001664
  step:  51 bond rmsd: 0.001664
  step:  52 bond rmsd: 0.001655
micro_cycle   8 rmsd(b):  0.0017 rws:  1.000 n_fev: 418
  step:   1 bond rmsd: 0.001655
  step:   2 bond rmsd: 0.051385
  step:   3 bond rmsd: 0.002890
  step:   4 bond rmsd: 0.002544
  step:   5 bond rmsd: 0.002289
  step:   6 bond rmsd: 0.002105
  step:   7 bond rmsd: 0.001973
  step:   8 bond rmsd: 0.001880
  step:   9 bond rmsd: 0.001815
  step:  10 bond rmsd: 0.001769
  step:  11 bond rmsd: 0.001737
  step:  12 bond rmsd: 0.001714
  step:  13 bond rmsd: 0.001698
  step:  14 bond rmsd: 0.001686
  step:  15 bond rmsd: 0.001677
  step:  16 bond rmsd: 0.001670
  step:  17 bond rmsd: 0.001665
  step:  18 bond rmsd: 0.001661
  step:  19 bond rmsd: 0.001657
  step:  20 bond rmsd: 0.001654
  step:  21 bond rmsd: 0.001652
  step:  22 bond rmsd: 0.001649
  step:  23 bond rmsd: 0.001646
  step:  24 bond rmsd: 0.001642
  step:  25 bond rmsd: 0.001638
  step:  26 bond rmsd: 0.001632
  step:  27 bond rmsd: 0.001624
  step:  28 bond rmsd: 0.001614
  step:  29 bond rmsd: 0.001604
  step:  30 bond rmsd: 0.001596
  step:  31 bond rmsd: 0.001590
  step:  32 bond rmsd: 0.001597
  step:  33 bond rmsd: 0.001590
  step:  34 bond rmsd: 0.001584
  step:  35 bond rmsd: 0.001578
  step:  36 bond rmsd: 0.001572
  step:  37 bond rmsd: 0.001567
  step:  38 bond rmsd: 0.001561
  step:  39 bond rmsd: 0.001558
  step:  40 bond rmsd: 0.001545
  step:  41 bond rmsd: 0.001542
  step:  42 bond rmsd: 0.001546
  step:  43 bond rmsd: 0.001543
  step:  44 bond rmsd: 0.001538
  step:  45 bond rmsd: 0.001537
  step:  46 bond rmsd: 0.001537
  step:  47 bond rmsd: 0.001546
  step:  48 bond rmsd: 0.001548
  step:  49 bond rmsd: 0.001552
  step:  50 bond rmsd: 0.001554
  step:  51 bond rmsd: 0.001558
  step:  52 bond rmsd: 0.001563
micro_cycle   9 rmsd(b):  0.0016 rws:  1.000 n_fev: 470
  step:   1 bond rmsd: 0.001563
  step:   2 bond rmsd: 0.059456
  step:   3 bond rmsd: 0.001592
  step:   4 bond rmsd: 0.001579
  step:   5 bond rmsd: 0.001571
  step:   6 bond rmsd: 0.001566
  step:   7 bond rmsd: 0.001563
  step:   8 bond rmsd: 0.001561
  step:   9 bond rmsd: 0.001561
  step:  10 bond rmsd: 0.001560
  step:  11 bond rmsd: 0.001560
  step:  12 bond rmsd: 0.001560
  step:  13 bond rmsd: 0.001560
  step:  14 bond rmsd: 0.001561
  step:  15 bond rmsd: 0.001561
  step:  16 bond rmsd: 0.001561
  step:  17 bond rmsd: 0.001562
  step:  18 bond rmsd: 0.001562
  step:  19 bond rmsd: 0.001563
  step:  20 bond rmsd: 0.001564
  step:  21 bond rmsd: 0.001565
  step:  22 bond rmsd: 0.001566
  step:  23 bond rmsd: 0.001566
  step:  24 bond rmsd: 0.001566
  step:  25 bond rmsd: 0.001568
  step:  26 bond rmsd: 0.001566
  step:  27 bond rmsd: 0.001568
  step:  28 bond rmsd: 0.001569
  step:  29 bond rmsd: 0.001572
  step:  30 bond rmsd: 0.001571
  step:  31 bond rmsd: 0.001573
  step:  32 bond rmsd: 0.001577
  step:  33 bond rmsd: 0.001578
  step:  34 bond rmsd: 0.001580
  step:  35 bond rmsd: 0.001582
  step:  36 bond rmsd: 0.001583
  step:  37 bond rmsd: 0.001584
  step:  38 bond rmsd: 0.001584
  step:  39 bond rmsd: 0.001585
  step:  40 bond rmsd: 0.001585
  step:  41 bond rmsd: 0.001585
  step:  42 bond rmsd: 0.001588
  step:  43 bond rmsd: 0.001588
  step:  44 bond rmsd: 0.001591
  step:  45 bond rmsd: 0.001591
  step:  46 bond rmsd: 0.001596
  step:  47 bond rmsd: 0.001597
  step:  48 bond rmsd: 0.001601
  step:  49 bond rmsd: 0.001603
  step:  50 bond rmsd: 0.001608
  step:  51 bond rmsd: 0.001615
  step:  52 bond rmsd: 0.001620
micro_cycle  10 rmsd(b):  0.0016 rws:  1.000 n_fev: 522
  step:   1 bond rmsd: 0.001620
  step:   2 bond rmsd: 0.077570
  step:   3 bond rmsd: 0.002045
  step:   4 bond rmsd: 0.001919
  step:   5 bond rmsd: 0.001830
  step:   6 bond rmsd: 0.001767
  step:   7 bond rmsd: 0.001723
  step:   8 bond rmsd: 0.001692
  step:   9 bond rmsd: 0.001670
  step:  10 bond rmsd: 0.001654
  step:  11 bond rmsd: 0.001642
  step:  12 bond rmsd: 0.001633
  step:  13 bond rmsd: 0.001626
  step:  14 bond rmsd: 0.001621
  step:  15 bond rmsd: 0.001617
  step:  16 bond rmsd: 0.001613
  step:  17 bond rmsd: 0.001611
  step:  18 bond rmsd: 0.001608
  step:  19 bond rmsd: 0.001605
  step:  20 bond rmsd: 0.001603
  step:  21 bond rmsd: 0.001599
  step:  22 bond rmsd: 0.001596
  step:  23 bond rmsd: 0.001592
  step:  24 bond rmsd: 0.001590
  step:  25 bond rmsd: 0.001588
  step:  26 bond rmsd: 0.001584
  step:  27 bond rmsd: 0.001586
  step:  28 bond rmsd: 0.001584
  step:  29 bond rmsd: 0.001585
  step:  30 bond rmsd: 0.001584
  step:  31 bond rmsd: 0.001590
  step:  32 bond rmsd: 0.001589
  step:  33 bond rmsd: 0.001585
  step:  34 bond rmsd: 0.001584
  step:  35 bond rmsd: 0.001581
  step:  36 bond rmsd: 0.001576
  step:  37 bond rmsd: 0.001574
  step:  38 bond rmsd: 0.001573
  step:  39 bond rmsd: 0.001569
  step:  40 bond rmsd: 0.001569
  step:  41 bond rmsd: 0.001566
  step:  42 bond rmsd: 0.001566
  step:  43 bond rmsd: 0.001565
  step:  44 bond rmsd: 0.001568
  step:  45 bond rmsd: 0.001568
  step:  46 bond rmsd: 0.001569
  step:  47 bond rmsd: 0.001571
  step:  48 bond rmsd: 0.001573
  step:  49 bond rmsd: 0.001575
  step:  50 bond rmsd: 0.001577
  step:  51 bond rmsd: 0.001580
  step:  52 bond rmsd: 0.001588
micro_cycle  11 rmsd(b):  0.0016 rws:  1.000 n_fev: 574
  step:   1 bond rmsd: 0.001588
  step:   2 bond rmsd: 0.044213
  step:   3 bond rmsd: 0.001769
  step:   4 bond rmsd: 0.001688
  step:   5 bond rmsd: 0.001637
  step:   6 bond rmsd: 0.001606
  step:   7 bond rmsd: 0.001588
  step:   8 bond rmsd: 0.001579
  step:   9 bond rmsd: 0.001574
  step:  10 bond rmsd: 0.001572
  step:  11 bond rmsd: 0.001571
  step:  12 bond rmsd: 0.001572
  step:  13 bond rmsd: 0.001573
  step:  14 bond rmsd: 0.001574
  step:  15 bond rmsd: 0.001575
  step:  16 bond rmsd: 0.001576
  step:  17 bond rmsd: 0.001577
  step:  18 bond rmsd: 0.001578
  step:  19 bond rmsd: 0.001579
  step:  20 bond rmsd: 0.001579
  step:  21 bond rmsd: 0.001580
  step:  22 bond rmsd: 0.001581
  step:  23 bond rmsd: 0.001582
  step:  24 bond rmsd: 0.001582
  step:  25 bond rmsd: 0.001582
  step:  26 bond rmsd: 0.001581
  step:  27 bond rmsd: 0.001570
  step:  28 bond rmsd: 0.001569
  step:  29 bond rmsd: 0.001568
  step:  30 bond rmsd: 0.001563
  step:  31 bond rmsd: 0.001563
  step:  32 bond rmsd: 0.001557
  step:  33 bond rmsd: 0.001553
  step:  34 bond rmsd: 0.001547
  step:  35 bond rmsd: 0.001546
  step:  36 bond rmsd: 0.001542
  step:  37 bond rmsd: 0.001542
  step:  38 bond rmsd: 0.001542
  step:  39 bond rmsd: 0.001541
  step:  40 bond rmsd: 0.001542
  step:  41 bond rmsd: 0.001546
  step:  42 bond rmsd: 0.001549
  step:  43 bond rmsd: 0.001553
  step:  44 bond rmsd: 0.001562
  step:  45 bond rmsd: 0.001570
  step:  46 bond rmsd: 0.001581
  step:  47 bond rmsd: 0.001590
  step:  48 bond rmsd: 0.001607
  step:  49 bond rmsd: 0.001619
  step:  50 bond rmsd: 0.001637
  step:  51 bond rmsd: 0.001655
  step:  52 bond rmsd: 0.001673
micro_cycle  12 rmsd(b):  0.0017 rws:  1.000 n_fev: 626
  step:   1 bond rmsd: 0.001673
  step:   2 bond rmsd: 0.077776
  step:   3 bond rmsd: 0.001853
  step:   4 bond rmsd: 0.001794
  step:   5 bond rmsd: 0.001753
  step:   6 bond rmsd: 0.001726
  step:   7 bond rmsd: 0.001706
  step:   8 bond rmsd: 0.001693
  step:   9 bond rmsd: 0.001683
  step:  10 bond rmsd: 0.001675
  step:  11 bond rmsd: 0.001669
  step:  12 bond rmsd: 0.001665
  step:  13 bond rmsd: 0.001661
  step:  14 bond rmsd: 0.001658
  step:  15 bond rmsd: 0.001655
  step:  16 bond rmsd: 0.001652
  step:  17 bond rmsd: 0.001649
  step:  18 bond rmsd: 0.001646
  step:  19 bond rmsd: 0.001643
  step:  20 bond rmsd: 0.001637
  step:  21 bond rmsd: 0.001630
  step:  22 bond rmsd: 0.001621
  step:  23 bond rmsd: 0.001608
  step:  24 bond rmsd: 0.001599
  step:  25 bond rmsd: 0.001589
  step:  26 bond rmsd: 0.001583
  step:  27 bond rmsd: 0.001572
  step:  28 bond rmsd: 0.001568
  step:  29 bond rmsd: 0.001563
  step:  30 bond rmsd: 0.001561
  step:  31 bond rmsd: 0.001557
  step:  32 bond rmsd: 0.001555
  step:  33 bond rmsd: 0.001553
  step:  34 bond rmsd: 0.001551
  step:  35 bond rmsd: 0.001548
  step:  36 bond rmsd: 0.001550
  step:  37 bond rmsd: 0.001549
  step:  38 bond rmsd: 0.001550
  step:  39 bond rmsd: 0.001551
  step:  40 bond rmsd: 0.001554
  step:  41 bond rmsd: 0.001555
  step:  42 bond rmsd: 0.001558
  step:  43 bond rmsd: 0.001564
  step:  44 bond rmsd: 0.001569
  step:  45 bond rmsd: 0.001573
  step:  46 bond rmsd: 0.001581
  step:  47 bond rmsd: 0.001586
  step:  48 bond rmsd: 0.001591
  step:  49 bond rmsd: 0.001599
  step:  50 bond rmsd: 0.001606
  step:  51 bond rmsd: 0.001614
  step:  52 bond rmsd: 0.001622
micro_cycle  13 rmsd(b):  0.0016 rws:  1.000 n_fev: 678
  step:   1 bond rmsd: 0.001622
  step:   2 bond rmsd: 0.051339
  step:   3 bond rmsd: 0.001610
  step:   4 bond rmsd: 0.001607
  step:   5 bond rmsd: 0.001605
  step:   6 bond rmsd: 0.001604
  step:   7 bond rmsd: 0.001603
  step:   8 bond rmsd: 0.001602
  step:   9 bond rmsd: 0.001601
  step:  10 bond rmsd: 0.001601
  step:  11 bond rmsd: 0.001600
  step:  12 bond rmsd: 0.001599
  step:  13 bond rmsd: 0.001598
  step:  14 bond rmsd: 0.001597
  step:  15 bond rmsd: 0.001596
  step:  16 bond rmsd: 0.001594
  step:  17 bond rmsd: 0.001592
  step:  18 bond rmsd: 0.001588
  step:  19 bond rmsd: 0.001583
  step:  20 bond rmsd: 0.001576
  step:  21 bond rmsd: 0.001571
  step:  22 bond rmsd: 0.001567
  step:  23 bond rmsd: 0.001559
  step:  24 bond rmsd: 0.001556
  step:  25 bond rmsd: 0.001551
  step:  26 bond rmsd: 0.001548
  step:  27 bond rmsd: 0.001545
  step:  28 bond rmsd: 0.001541
  step:  29 bond rmsd: 0.001537
  step:  30 bond rmsd: 0.001534
  step:  31 bond rmsd: 0.001534
  step:  32 bond rmsd: 0.001531
  step:  33 bond rmsd: 0.001534
  step:  34 bond rmsd: 0.001533
  step:  35 bond rmsd: 0.001537
  step:  36 bond rmsd: 0.001538
  step:  37 bond rmsd: 0.001540
  step:  38 bond rmsd: 0.001547
  step:  39 bond rmsd: 0.001552
  step:  40 bond rmsd: 0.001563
  step:  41 bond rmsd: 0.001573
  step:  42 bond rmsd: 0.001586
  step:  43 bond rmsd: 0.001595
  step:  44 bond rmsd: 0.001606
  step:  45 bond rmsd: 0.001618
  step:  46 bond rmsd: 0.001632
  step:  47 bond rmsd: 0.001647
  step:  48 bond rmsd: 0.001662
  step:  49 bond rmsd: 0.001680
  step:  50 bond rmsd: 0.001696
  step:  51 bond rmsd: 0.001715
  step:  52 bond rmsd: 0.001728
micro_cycle  14 rmsd(b):  0.0017 rws:  1.000 n_fev: 730
  step:   1 bond rmsd: 0.001728
  step:   2 bond rmsd: 0.052576
  step:   3 bond rmsd: 0.002658
  step:   4 bond rmsd: 0.002328
  step:   5 bond rmsd: 0.002097
  step:   6 bond rmsd: 0.001940
  step:   7 bond rmsd: 0.001838
  step:   8 bond rmsd: 0.001774
  step:   9 bond rmsd: 0.001735
  step:  10 bond rmsd: 0.001711
  step:  11 bond rmsd: 0.001698
  step:  12 bond rmsd: 0.001691
  step:  13 bond rmsd: 0.001688
  step:  14 bond rmsd: 0.001686
  step:  15 bond rmsd: 0.001686
  step:  16 bond rmsd: 0.001685
  step:  17 bond rmsd: 0.001686
  step:  18 bond rmsd: 0.001686
  step:  19 bond rmsd: 0.001686
  step:  20 bond rmsd: 0.001686
  step:  21 bond rmsd: 0.001685
  step:  22 bond rmsd: 0.001685
  step:  23 bond rmsd: 0.001683
  step:  24 bond rmsd: 0.001681
  step:  25 bond rmsd: 0.001677
  step:  26 bond rmsd: 0.001670
  step:  27 bond rmsd: 0.001658
  step:  28 bond rmsd: 0.001639
  step:  29 bond rmsd: 0.001623
  step:  30 bond rmsd: 0.001609
  step:  31 bond rmsd: 0.001597
  step:  32 bond rmsd: 0.001587
  step:  33 bond rmsd: 0.001577
  step:  34 bond rmsd: 0.001571
  step:  35 bond rmsd: 0.001564
  step:  36 bond rmsd: 0.001559
  step:  37 bond rmsd: 0.001554
  step:  38 bond rmsd: 0.001551
  step:  39 bond rmsd: 0.001547
  step:  40 bond rmsd: 0.001540
  step:  41 bond rmsd: 0.001538
  step:  42 bond rmsd: 0.001536
  step:  43 bond rmsd: 0.001542
  step:  44 bond rmsd: 0.001544
  step:  45 bond rmsd: 0.001551
  step:  46 bond rmsd: 0.001554
  step:  47 bond rmsd: 0.001557
  step:  48 bond rmsd: 0.001561
  step:  49 bond rmsd: 0.001565
  step:  50 bond rmsd: 0.001568
  step:  51 bond rmsd: 0.001574
  step:  52 bond rmsd: 0.001578
micro_cycle  15 rmsd(b):  0.0016 rws:  1.000 n_fev: 782
  step:   1 bond rmsd: 0.001578
  step:   2 bond rmsd: 0.026923
  step:   3 bond rmsd: 0.001607
  step:   4 bond rmsd: 0.001601
  step:   5 bond rmsd: 0.001596
  step:   6 bond rmsd: 0.001592
  step:   7 bond rmsd: 0.001588
  step:   8 bond rmsd: 0.001585
  step:   9 bond rmsd: 0.001582
  step:  10 bond rmsd: 0.001580
  step:  11 bond rmsd: 0.001578
  step:  12 bond rmsd: 0.001576
  step:  13 bond rmsd: 0.001575
  step:  14 bond rmsd: 0.001573
  step:  15 bond rmsd: 0.001572
  step:  16 bond rmsd: 0.001570
  step:  17 bond rmsd: 0.001569
  step:  18 bond rmsd: 0.001570
  step:  19 bond rmsd: 0.001570
  step:  20 bond rmsd: 0.001577
  step:  21 bond rmsd: 0.001577
  step:  22 bond rmsd: 0.001576
  step:  23 bond rmsd: 0.001576
  step:  24 bond rmsd: 0.001576
  step:  25 bond rmsd: 0.001577
  step:  26 bond rmsd: 0.001576
  step:  27 bond rmsd: 0.001577
  step:  28 bond rmsd: 0.001576
  step:  29 bond rmsd: 0.001578
  step:  30 bond rmsd: 0.001577
  step:  31 bond rmsd: 0.001579
  step:  32 bond rmsd: 0.001581
  step:  33 bond rmsd: 0.001582
  step:  34 bond rmsd: 0.001584
  step:  35 bond rmsd: 0.001586
  step:  36 bond rmsd: 0.001588
  step:  37 bond rmsd: 0.001595
  step:  38 bond rmsd: 0.001598
  step:  39 bond rmsd: 0.001602
  step:  40 bond rmsd: 0.001609
  step:  41 bond rmsd: 0.001614
  step:  42 bond rmsd: 0.001624
  step:  43 bond rmsd: 0.001631
  step:  44 bond rmsd: 0.001645
  step:  45 bond rmsd: 0.001653
  step:  46 bond rmsd: 0.001662
  step:  47 bond rmsd: 0.001674
  step:  48 bond rmsd: 0.001686
  step:  49 bond rmsd: 0.001693
  step:  50 bond rmsd: 0.001703
  step:  51 bond rmsd: 0.001710
  step:  52 bond rmsd: 0.001718
micro_cycle  16 rmsd(b):  0.0017 rws:  1.000 n_fev: 834
  step:   1 bond rmsd: 0.001718
  step:   2 bond rmsd: 0.077094
  step:   3 bond rmsd: 0.008069
  step:   4 bond rmsd: 0.006567
  step:   5 bond rmsd: 0.005382
  step:   6 bond rmsd: 0.004455
  step:   7 bond rmsd: 0.003736
  step:   8 bond rmsd: 0.003185
  step:   9 bond rmsd: 0.002770
  step:  10 bond rmsd: 0.002462
  step:  11 bond rmsd: 0.002237
  step:  12 bond rmsd: 0.002076
  step:  13 bond rmsd: 0.001962
  step:  14 bond rmsd: 0.001881
  step:  15 bond rmsd: 0.001825
  step:  16 bond rmsd: 0.001785
  step:  17 bond rmsd: 0.001757
  step:  18 bond rmsd: 0.001737
  step:  19 bond rmsd: 0.001722
  step:  20 bond rmsd: 0.001710
  step:  21 bond rmsd: 0.001701
  step:  22 bond rmsd: 0.001694
  step:  23 bond rmsd: 0.001688
  step:  24 bond rmsd: 0.001683
  step:  25 bond rmsd: 0.001678
  step:  26 bond rmsd: 0.001672
  step:  27 bond rmsd: 0.001666
  step:  28 bond rmsd: 0.001659
  step:  29 bond rmsd: 0.001650
  step:  30 bond rmsd: 0.001638
  step:  31 bond rmsd: 0.001624
  step:  32 bond rmsd: 0.001614
  step:  33 bond rmsd: 0.001604
  step:  34 bond rmsd: 0.001602
  step:  35 bond rmsd: 0.001596
  step:  36 bond rmsd: 0.001592
  step:  37 bond rmsd: 0.001586
  step:  38 bond rmsd: 0.001584
  step:  39 bond rmsd: 0.001581
  step:  40 bond rmsd: 0.001580
  step:  41 bond rmsd: 0.001579
  step:  42 bond rmsd: 0.001577
  step:  43 bond rmsd: 0.001575
  step:  44 bond rmsd: 0.001573
  step:  45 bond rmsd: 0.001572
  step:  46 bond rmsd: 0.001569
  step:  47 bond rmsd: 0.001569
  step:  48 bond rmsd: 0.001568
  step:  49 bond rmsd: 0.001569
  step:  50 bond rmsd: 0.001568
  step:  51 bond rmsd: 0.001570
  step:  52 bond rmsd: 0.001572
micro_cycle  17 rmsd(b):  0.0016 rws:  1.000 n_fev: 886
  step:   1 bond rmsd: 0.001572
  step:   2 bond rmsd: 0.035800
  step:   3 bond rmsd: 0.001608
  step:   4 bond rmsd: 0.001599
  step:   5 bond rmsd: 0.001593
  step:   6 bond rmsd: 0.001588
  step:   7 bond rmsd: 0.001585
  step:   8 bond rmsd: 0.001582
  step:   9 bond rmsd: 0.001580
  step:  10 bond rmsd: 0.001579
  step:  11 bond rmsd: 0.001578
  step:  12 bond rmsd: 0.001577
  step:  13 bond rmsd: 0.001577
  step:  14 bond rmsd: 0.001576
  step:  15 bond rmsd: 0.001576
  step:  16 bond rmsd: 0.001576
  step:  17 bond rmsd: 0.001576
  step:  18 bond rmsd: 0.001577
  step:  19 bond rmsd: 0.001578
  step:  20 bond rmsd: 0.001580
  step:  21 bond rmsd: 0.001582
  step:  22 bond rmsd: 0.001585
  step:  23 bond rmsd: 0.001586
  step:  24 bond rmsd: 0.001588
  step:  25 bond rmsd: 0.001589
  step:  26 bond rmsd: 0.001590
  step:  27 bond rmsd: 0.001592
  step:  28 bond rmsd: 0.001592
  step:  29 bond rmsd: 0.001594
  step:  30 bond rmsd: 0.001594
  step:  31 bond rmsd: 0.001596
  step:  32 bond rmsd: 0.001594
  step:  33 bond rmsd: 0.001595
  step:  34 bond rmsd: 0.001599
  step:  35 bond rmsd: 0.001602
  step:  36 bond rmsd: 0.001601
  step:  37 bond rmsd: 0.001608
  step:  38 bond rmsd: 0.001613
  step:  39 bond rmsd: 0.001616
  step:  40 bond rmsd: 0.001626
  step:  41 bond rmsd: 0.001629
  step:  42 bond rmsd: 0.001637
  step:  43 bond rmsd: 0.001638
  step:  44 bond rmsd: 0.001636
  step:  45 bond rmsd: 0.001629
  step:  46 bond rmsd: 0.001624
  step:  47 bond rmsd: 0.001619
  step:  48 bond rmsd: 0.001614
  step:  49 bond rmsd: 0.001615
  step:  50 bond rmsd: 0.001618
  step:  51 bond rmsd: 0.001624
  step:  52 bond rmsd: 0.001634
micro_cycle  18 rmsd(b):  0.0016 rws:  1.000 n_fev: 938
  step:   1 bond rmsd: 0.001634
  step:   2 bond rmsd: 0.048659
  step:   3 bond rmsd: 0.026197
  step:   4 bond rmsd: 0.020937
  step:   5 bond rmsd: 0.016705
  step:   6 bond rmsd: 0.013368
  step:   7 bond rmsd: 0.010729
  step:   8 bond rmsd: 0.008642
  step:   9 bond rmsd: 0.006992
  step:  10 bond rmsd: 0.005692
  step:  11 bond rmsd: 0.004672
  step:  12 bond rmsd: 0.003879
  step:  13 bond rmsd: 0.003268
  step:  14 bond rmsd: 0.002805
  step:  15 bond rmsd: 0.002459
  step:  16 bond rmsd: 0.002206
  step:  17 bond rmsd: 0.002025
  step:  18 bond rmsd: 0.001897
  step:  19 bond rmsd: 0.001808
  step:  20 bond rmsd: 0.001747
  step:  21 bond rmsd: 0.001706
  step:  22 bond rmsd: 0.001677
  step:  23 bond rmsd: 0.001657
  step:  24 bond rmsd: 0.001643
  step:  25 bond rmsd: 0.001634
  step:  26 bond rmsd: 0.001627
  step:  27 bond rmsd: 0.001621
  step:  28 bond rmsd: 0.001618
  step:  29 bond rmsd: 0.001614
  step:  30 bond rmsd: 0.001612
  step:  31 bond rmsd: 0.001609
  step:  32 bond rmsd: 0.001607
  step:  33 bond rmsd: 0.001605
  step:  34 bond rmsd: 0.001602
  step:  35 bond rmsd: 0.001599
  step:  36 bond rmsd: 0.001594
  step:  37 bond rmsd: 0.001579
  step:  38 bond rmsd: 0.001575
  step:  39 bond rmsd: 0.001576
  step:  40 bond rmsd: 0.001586
  step:  41 bond rmsd: 0.001585
  step:  42 bond rmsd: 0.001581
  step:  43 bond rmsd: 0.001579
  step:  44 bond rmsd: 0.001577
  step:  45 bond rmsd: 0.001575
  step:  46 bond rmsd: 0.001572
  step:  47 bond rmsd: 0.001572
  step:  48 bond rmsd: 0.001566
  step:  49 bond rmsd: 0.001565
  step:  50 bond rmsd: 0.001562
  step:  51 bond rmsd: 0.001561
  step:  52 bond rmsd: 0.001559
micro_cycle  19 rmsd(b):  0.0016 rws:  1.000 n_fev: 990
  step:   1 bond rmsd: 0.001559
  step:   2 bond rmsd: 0.052266
  step:   3 bond rmsd: 0.001785
  step:   4 bond rmsd: 0.001720
  step:   5 bond rmsd: 0.001675
  step:   6 bond rmsd: 0.001643
  step:   7 bond rmsd: 0.001621
  step:   8 bond rmsd: 0.001605
  step:   9 bond rmsd: 0.001594
  step:  10 bond rmsd: 0.001586
  step:  11 bond rmsd: 0.001581
  step:  12 bond rmsd: 0.001576
  step:  13 bond rmsd: 0.001573
  step:  14 bond rmsd: 0.001571
  step:  15 bond rmsd: 0.001569
  step:  16 bond rmsd: 0.001567
  step:  17 bond rmsd: 0.001566
  step:  18 bond rmsd: 0.001565
  step:  19 bond rmsd: 0.001564
  step:  20 bond rmsd: 0.001563
  step:  21 bond rmsd: 0.001562
  step:  22 bond rmsd: 0.001561
  step:  23 bond rmsd: 0.001560
  step:  24 bond rmsd: 0.001560
  step:  25 bond rmsd: 0.001559
  step:  26 bond rmsd: 0.001558
  step:  27 bond rmsd: 0.001563
  step:  28 bond rmsd: 0.001563
  step:  29 bond rmsd: 0.001561
  step:  30 bond rmsd: 0.001559
  step:  31 bond rmsd: 0.001557
  step:  32 bond rmsd: 0.001558
  step:  33 bond rmsd: 0.001557
  step:  34 bond rmsd: 0.001560
  step:  35 bond rmsd: 0.001562
  step:  36 bond rmsd: 0.001567
  step:  37 bond rmsd: 0.001578
  step:  38 bond rmsd: 0.001589
  step:  39 bond rmsd: 0.001609
  step:  40 bond rmsd: 0.001620
  step:  41 bond rmsd: 0.001642
  step:  42 bond rmsd: 0.001665
  step:  43 bond rmsd: 0.001687
  step:  44 bond rmsd: 0.001702
  step:  45 bond rmsd: 0.001712
  step:  46 bond rmsd: 0.001729
  step:  47 bond rmsd: 0.001704
  step:  48 bond rmsd: 0.001715
  step:  49 bond rmsd: 0.001726
  step:  50 bond rmsd: 0.001728
  step:  51 bond rmsd: 0.001727
  step:  52 bond rmsd: 0.001729
micro_cycle  20 rmsd(b):  0.0017 rws:  1.000 n_fev: 1042
  step:   1 bond rmsd: 0.001729
  step:   2 bond rmsd: 0.069686
  step:   3 bond rmsd: 0.003439
  step:   4 bond rmsd: 0.002950
  step:   5 bond rmsd: 0.002585
  step:   6 bond rmsd: 0.002317
  step:   7 bond rmsd: 0.002126
  step:   8 bond rmsd: 0.001990
  step:   9 bond rmsd: 0.001896
  step:  10 bond rmsd: 0.001831
  step:  11 bond rmsd: 0.001786
  step:  12 bond rmsd: 0.001756
  step:  13 bond rmsd: 0.001734
  step:  14 bond rmsd: 0.001719
  step:  15 bond rmsd: 0.001708
  step:  16 bond rmsd: 0.001700
  step:  17 bond rmsd: 0.001695
  step:  18 bond rmsd: 0.001690
  step:  19 bond rmsd: 0.001686
  step:  20 bond rmsd: 0.001684
  step:  21 bond rmsd: 0.001681
  step:  22 bond rmsd: 0.001678
  step:  23 bond rmsd: 0.001676
  step:  24 bond rmsd: 0.001673
  step:  25 bond rmsd: 0.001669
  step:  26 bond rmsd: 0.001664
  step:  27 bond rmsd: 0.001657
  step:  28 bond rmsd: 0.001645
  step:  29 bond rmsd: 0.001630
  step:  30 bond rmsd: 0.001589
  step:  31 bond rmsd: 0.001582
  step:  32 bond rmsd: 0.001575
  step:  33 bond rmsd: 0.001573
  step:  34 bond rmsd: 0.001567
  step:  35 bond rmsd: 0.001564
  step:  36 bond rmsd: 0.001560
  step:  37 bond rmsd: 0.001558
  step:  38 bond rmsd: 0.001553
  step:  39 bond rmsd: 0.001549
  step:  40 bond rmsd: 0.001546
  step:  41 bond rmsd: 0.001541
  step:  42 bond rmsd: 0.001539
  step:  43 bond rmsd: 0.001538
  step:  44 bond rmsd: 0.001537
  step:  45 bond rmsd: 0.001536
  step:  46 bond rmsd: 0.001537
  step:  47 bond rmsd: 0.001538
  step:  48 bond rmsd: 0.001537
  step:  49 bond rmsd: 0.001545
  step:  50 bond rmsd: 0.001545
  step:  51 bond rmsd: 0.001547
  step:  52 bond rmsd: 0.001547
micro_cycle  21 rmsd(b):  0.0015 rws:  1.000 n_fev: 1094
  step:   1 bond rmsd: 0.001547
  step:   2 bond rmsd: 0.043979
  step:   3 bond rmsd: 0.002503
  step:   4 bond rmsd: 0.002176
  step:   5 bond rmsd: 0.001945
  step:   6 bond rmsd: 0.001787
  step:   7 bond rmsd: 0.001682
  step:   8 bond rmsd: 0.001616
  step:   9 bond rmsd: 0.001575
  step:  10 bond rmsd: 0.001551
  step:  11 bond rmsd: 0.001538
  step:  12 bond rmsd: 0.001531
  step:  13 bond rmsd: 0.001528
  step:  14 bond rmsd: 0.001527
  step:  15 bond rmsd: 0.001527
  step:  16 bond rmsd: 0.001528
  step:  17 bond rmsd: 0.001529
  step:  18 bond rmsd: 0.001531
  step:  19 bond rmsd: 0.001532
  step:  20 bond rmsd: 0.001533
  step:  21 bond rmsd: 0.001534
  step:  22 bond rmsd: 0.001535
  step:  23 bond rmsd: 0.001536
  step:  24 bond rmsd: 0.001537
  step:  25 bond rmsd: 0.001538
  step:  26 bond rmsd: 0.001539
  step:  27 bond rmsd: 0.001540
  step:  28 bond rmsd: 0.001541
  step:  29 bond rmsd: 0.001541
  step:  30 bond rmsd: 0.001540
  step:  31 bond rmsd: 0.001540
  step:  32 bond rmsd: 0.001541
  step:  33 bond rmsd: 0.001549
  step:  34 bond rmsd: 0.001549
  step:  35 bond rmsd: 0.001553
  step:  36 bond rmsd: 0.001552
  step:  37 bond rmsd: 0.001556
  step:  38 bond rmsd: 0.001561
  step:  39 bond rmsd: 0.001571
  step:  40 bond rmsd: 0.001577
  step:  41 bond rmsd: 0.001583
  step:  42 bond rmsd: 0.001595
  step:  43 bond rmsd: 0.001601
  step:  44 bond rmsd: 0.001608
  step:  45 bond rmsd: 0.001615
  step:  46 bond rmsd: 0.001623
  step:  47 bond rmsd: 0.001630
  step:  48 bond rmsd: 0.001640
  step:  49 bond rmsd: 0.001647
  step:  50 bond rmsd: 0.001663
  step:  51 bond rmsd: 0.001671
  step:  52 bond rmsd: 0.001688
micro_cycle  22 rmsd(b):  0.0017 rws:  1.000 n_fev: 1146
  step:   1 bond rmsd: 0.001688
  step:   2 bond rmsd: 0.059232
  step:   3 bond rmsd: 0.002468
  step:   4 bond rmsd: 0.002196
  step:   5 bond rmsd: 0.002006
  step:   6 bond rmsd: 0.001876
  step:   7 bond rmsd: 0.001791
  step:   8 bond rmsd: 0.001735
  step:   9 bond rmsd: 0.001700
  step:  10 bond rmsd: 0.001678
  step:  11 bond rmsd: 0.001665
  step:  12 bond rmsd: 0.001657
  step:  13 bond rmsd: 0.001652
  step:  14 bond rmsd: 0.001649
  step:  15 bond rmsd: 0.001648
  step:  16 bond rmsd: 0.001647
  step:  17 bond rmsd: 0.001646
  step:  18 bond rmsd: 0.001646
  step:  19 bond rmsd: 0.001646
  step:  20 bond rmsd: 0.001646
  step:  21 bond rmsd: 0.001646
  step:  22 bond rmsd: 0.001646
  step:  23 bond rmsd: 0.001645
  step:  24 bond rmsd: 0.001643
  step:  25 bond rmsd: 0.001640
  step:  26 bond rmsd: 0.001635
  step:  27 bond rmsd: 0.001625
  step:  28 bond rmsd: 0.001603
  step:  29 bond rmsd: 0.001579
  step:  30 bond rmsd: 0.001562
  step:  31 bond rmsd: 0.001553
  step:  32 bond rmsd: 0.001536
  step:  33 bond rmsd: 0.001530
  step:  34 bond rmsd: 0.001523
  step:  35 bond rmsd: 0.001517
  step:  36 bond rmsd: 0.001514
  step:  37 bond rmsd: 0.001512
  step:  38 bond rmsd: 0.001509
  step:  39 bond rmsd: 0.001507
  step:  40 bond rmsd: 0.001507
  step:  41 bond rmsd: 0.001506
  step:  42 bond rmsd: 0.001507
  step:  43 bond rmsd: 0.001507
  step:  44 bond rmsd: 0.001508
  step:  45 bond rmsd: 0.001508
  step:  46 bond rmsd: 0.001509
  step:  47 bond rmsd: 0.001509
  step:  48 bond rmsd: 0.001512
  step:  49 bond rmsd: 0.001513
  step:  50 bond rmsd: 0.001515
  step:  51 bond rmsd: 0.001519
  step:  52 bond rmsd: 0.001513
micro_cycle  23 rmsd(b):  0.0015 rws:  1.000 n_fev: 1198
  step:   1 bond rmsd: 0.001513
  step:   2 bond rmsd: 0.044199
  step:   3 bond rmsd: 0.016753
  step:   4 bond rmsd: 0.013445
  step:   5 bond rmsd: 0.010795
  step:   6 bond rmsd: 0.008701
  step:   7 bond rmsd: 0.007047
  step:   8 bond rmsd: 0.005742
  step:   9 bond rmsd: 0.004715
  step:  10 bond rmsd: 0.003914
  step:  11 bond rmsd: 0.003293
  step:  12 bond rmsd: 0.002818
  step:  13 bond rmsd: 0.002460
  step:  14 bond rmsd: 0.002195
  step:  15 bond rmsd: 0.002001
  step:  16 bond rmsd: 0.001861
  step:  17 bond rmsd: 0.001762
  step:  18 bond rmsd: 0.001692
  step:  19 bond rmsd: 0.001643
  step:  20 bond rmsd: 0.001609
  step:  21 bond rmsd: 0.001584
  step:  22 bond rmsd: 0.001567
  step:  23 bond rmsd: 0.001554
  step:  24 bond rmsd: 0.001545
  step:  25 bond rmsd: 0.001538
  step:  26 bond rmsd: 0.001533
  step:  27 bond rmsd: 0.001529
  step:  28 bond rmsd: 0.001526
  step:  29 bond rmsd: 0.001524
  step:  30 bond rmsd: 0.001521
  step:  31 bond rmsd: 0.001520
  step:  32 bond rmsd: 0.001518
  step:  33 bond rmsd: 0.001516
  step:  34 bond rmsd: 0.001514
  step:  35 bond rmsd: 0.001512
  step:  36 bond rmsd: 0.001510
  step:  37 bond rmsd: 0.001507
  step:  38 bond rmsd: 0.001506
  step:  39 bond rmsd: 0.001505
  step:  40 bond rmsd: 0.001508
  step:  41 bond rmsd: 0.001508
  step:  42 bond rmsd: 0.001510
  step:  43 bond rmsd: 0.001516
  step:  44 bond rmsd: 0.001518
  step:  45 bond rmsd: 0.001525
  step:  46 bond rmsd: 0.001527
  step:  47 bond rmsd: 0.001529
  step:  48 bond rmsd: 0.001533
  step:  49 bond rmsd: 0.001533
  step:  50 bond rmsd: 0.001537
  step:  51 bond rmsd: 0.001540
  step:  52 bond rmsd: 0.001544
micro_cycle  24 rmsd(b):  0.0015 rws:  1.000 n_fev: 1250
  step:   1 bond rmsd: 0.001544
  step:   2 bond rmsd: 0.048767
  step:   3 bond rmsd: 0.001600
  step:   4 bond rmsd: 0.001585
  step:   5 bond rmsd: 0.001574
  step:   6 bond rmsd: 0.001567
  step:   7 bond rmsd: 0.001562
  step:   8 bond rmsd: 0.001558
  step:   9 bond rmsd: 0.001555
  step:  10 bond rmsd: 0.001553
  step:  11 bond rmsd: 0.001551
  step:  12 bond rmsd: 0.001550
  step:  13 bond rmsd: 0.001549
  step:  14 bond rmsd: 0.001548
  step:  15 bond rmsd: 0.001548
  step:  16 bond rmsd: 0.001547
  step:  17 bond rmsd: 0.001547
  step:  18 bond rmsd: 0.001546
  step:  19 bond rmsd: 0.001546
  step:  20 bond rmsd: 0.001546
  step:  21 bond rmsd: 0.001546
  step:  22 bond rmsd: 0.001546
  step:  23 bond rmsd: 0.001548
  step:  24 bond rmsd: 0.001550
  step:  25 bond rmsd: 0.001550
  step:  26 bond rmsd: 0.001564
  step:  27 bond rmsd: 0.001563
  step:  28 bond rmsd: 0.001561
  step:  29 bond rmsd: 0.001559
  step:  30 bond rmsd: 0.001557
  step:  31 bond rmsd: 0.001555
  step:  32 bond rmsd: 0.001552
  step:  33 bond rmsd: 0.001551
  step:  34 bond rmsd: 0.001542
  step:  35 bond rmsd: 0.001541
  step:  36 bond rmsd: 0.001539
  step:  37 bond rmsd: 0.001535
  step:  38 bond rmsd: 0.001531
  step:  39 bond rmsd: 0.001526
  step:  40 bond rmsd: 0.001519
  step:  41 bond rmsd: 0.001513
  step:  42 bond rmsd: 0.001506
  step:  43 bond rmsd: 0.001498
  step:  44 bond rmsd: 0.001492
  step:  45 bond rmsd: 0.001484
  step:  46 bond rmsd: 0.001478
  step:  47 bond rmsd: 0.001471
  step:  48 bond rmsd: 0.001465
  step:  49 bond rmsd: 0.001459
  step:  50 bond rmsd: 0.001454
  step:  51 bond rmsd: 0.001450
  step:  52 bond rmsd: 0.001450
micro_cycle  25 rmsd(b):  0.0014 rws:  1.000 n_fev: 1302
  step:   1 bond rmsd: 0.001450
  step:   2 bond rmsd: 0.039375
  step:   3 bond rmsd: 0.001692
  step:   4 bond rmsd: 0.001617
  step:   5 bond rmsd: 0.001566
  step:   6 bond rmsd: 0.001532
  step:   7 bond rmsd: 0.001508
  step:   8 bond rmsd: 0.001493
  step:   9 bond rmsd: 0.001482
  step:  10 bond rmsd: 0.001475
  step:  11 bond rmsd: 0.001471
  step:  12 bond rmsd: 0.001468
  step:  13 bond rmsd: 0.001466
  step:  14 bond rmsd: 0.001465
  step:  15 bond rmsd: 0.001464
  step:  16 bond rmsd: 0.001464
  step:  17 bond rmsd: 0.001464
  step:  18 bond rmsd: 0.001465
  step:  19 bond rmsd: 0.001465
  step:  20 bond rmsd: 0.001466
  step:  21 bond rmsd: 0.001468
  step:  22 bond rmsd: 0.001471
  step:  23 bond rmsd: 0.001476
  step:  24 bond rmsd: 0.001483
  step:  25 bond rmsd: 0.001493
  step:  26 bond rmsd: 0.001502
  step:  27 bond rmsd: 0.001507
  step:  28 bond rmsd: 0.001531
  step:  29 bond rmsd: 0.001533
  step:  30 bond rmsd: 0.001535
  step:  31 bond rmsd: 0.001538
  step:  32 bond rmsd: 0.001541
  step:  33 bond rmsd: 0.001543
  step:  34 bond rmsd: 0.001545
  step:  35 bond rmsd: 0.001549
  step:  36 bond rmsd: 0.001552
  step:  37 bond rmsd: 0.001555
  step:  38 bond rmsd: 0.001559
  step:  39 bond rmsd: 0.001561
  step:  40 bond rmsd: 0.001558
  step:  41 bond rmsd: 0.001559
  step:  42 bond rmsd: 0.001558
  step:  43 bond rmsd: 0.001558
  step:  44 bond rmsd: 0.001556
  step:  45 bond rmsd: 0.001553
  step:  46 bond rmsd: 0.001551
  step:  47 bond rmsd: 0.001547
  step:  48 bond rmsd: 0.001544
  step:  49 bond rmsd: 0.001541
  step:  50 bond rmsd: 0.001538
  step:  51 bond rmsd: 0.001535
  step:  52 bond rmsd: 0.001533
micro_cycle  26 rmsd(b):  0.0015 rws:  1.000 n_fev: 1354
  step:   1 bond rmsd: 0.001533
  step:   2 bond rmsd: 0.049901
  step:   3 bond rmsd: 0.001604
  step:   4 bond rmsd: 0.001575
  step:   5 bond rmsd: 0.001556
  step:   6 bond rmsd: 0.001545
  step:   7 bond rmsd: 0.001538
  step:   8 bond rmsd: 0.001534
  step:   9 bond rmsd: 0.001532
  step:  10 bond rmsd: 0.001531
  step:  11 bond rmsd: 0.001531
  step:  12 bond rmsd: 0.001531
  step:  13 bond rmsd: 0.001531
  step:  14 bond rmsd: 0.001531
  step:  15 bond rmsd: 0.001532
  step:  16 bond rmsd: 0.001532
  step:  17 bond rmsd: 0.001533
  step:  18 bond rmsd: 0.001533
  step:  19 bond rmsd: 0.001534
  step:  20 bond rmsd: 0.001534
  step:  21 bond rmsd: 0.001535
  step:  22 bond rmsd: 0.001536
  step:  23 bond rmsd: 0.001537
  step:  24 bond rmsd: 0.001539
  step:  25 bond rmsd: 0.001541
  step:  26 bond rmsd: 0.001544
  step:  27 bond rmsd: 0.001546
  step:  28 bond rmsd: 0.001548
  step:  29 bond rmsd: 0.001547
  step:  30 bond rmsd: 0.001549
  step:  31 bond rmsd: 0.001551
  step:  32 bond rmsd: 0.001554
  step:  33 bond rmsd: 0.001555
  step:  34 bond rmsd: 0.001556
  step:  35 bond rmsd: 0.001557
  step:  36 bond rmsd: 0.001557
  step:  37 bond rmsd: 0.001558
  step:  38 bond rmsd: 0.001557
  step:  39 bond rmsd: 0.001554
  step:  40 bond rmsd: 0.001545
  step:  41 bond rmsd: 0.001538
  step:  42 bond rmsd: 0.001531
  step:  43 bond rmsd: 0.001523
  step:  44 bond rmsd: 0.001518
  step:  45 bond rmsd: 0.001508
  step:  46 bond rmsd: 0.001504
  step:  47 bond rmsd: 0.001499
  step:  48 bond rmsd: 0.001494
  step:  49 bond rmsd: 0.001489
  step:  50 bond rmsd: 0.001482
  step:  51 bond rmsd: 0.001477
  step:  52 bond rmsd: 0.001473
micro_cycle  27 rmsd(b):  0.0015 rws:  1.000 n_fev: 1406
  step:   1 bond rmsd: 0.001473
  step:   2 bond rmsd: 0.048946
  step:   3 bond rmsd: 0.001496
  step:   4 bond rmsd: 0.001487
  step:   5 bond rmsd: 0.001482
  step:   6 bond rmsd: 0.001479
  step:   7 bond rmsd: 0.001477
  step:   8 bond rmsd: 0.001477
  step:   9 bond rmsd: 0.001477
  step:  10 bond rmsd: 0.001478
  step:  11 bond rmsd: 0.001478
  step:  12 bond rmsd: 0.001479
  step:  13 bond rmsd: 0.001480
  step:  14 bond rmsd: 0.001482
  step:  15 bond rmsd: 0.001483
  step:  16 bond rmsd: 0.001484
  step:  17 bond rmsd: 0.001486
  step:  18 bond rmsd: 0.001488
  step:  19 bond rmsd: 0.001491
  step:  20 bond rmsd: 0.001496
  step:  21 bond rmsd: 0.001502
  step:  22 bond rmsd: 0.001508
  step:  23 bond rmsd: 0.001514
  step:  24 bond rmsd: 0.001522
  step:  25 bond rmsd: 0.001536
  step:  26 bond rmsd: 0.001540
  step:  27 bond rmsd: 0.001544
  step:  28 bond rmsd: 0.001547
  step:  29 bond rmsd: 0.001551
  step:  30 bond rmsd: 0.001554
  step:  31 bond rmsd: 0.001557
  step:  32 bond rmsd: 0.001560
  step:  33 bond rmsd: 0.001563
  step:  34 bond rmsd: 0.001567
  step:  35 bond rmsd: 0.001569
  step:  36 bond rmsd: 0.001571
  step:  37 bond rmsd: 0.001572
  step:  38 bond rmsd: 0.001573
  step:  39 bond rmsd: 0.001572
  step:  40 bond rmsd: 0.001569
  step:  41 bond rmsd: 0.001567
  step:  42 bond rmsd: 0.001563
  step:  43 bond rmsd: 0.001558
  step:  44 bond rmsd: 0.001553
  step:  45 bond rmsd: 0.001549
  step:  46 bond rmsd: 0.001542
  step:  47 bond rmsd: 0.001538
  step:  48 bond rmsd: 0.001532
  step:  49 bond rmsd: 0.001528
  step:  50 bond rmsd: 0.001521
  step:  51 bond rmsd: 0.001514
  step:  52 bond rmsd: 0.001505
micro_cycle  28 rmsd(b):  0.0015 rws:  1.000 n_fev: 1458
  step:   1 bond rmsd: 0.001505
  step:   2 bond rmsd: 0.060081
  step:   3 bond rmsd: 0.001593
  step:   4 bond rmsd: 0.001570
  step:   5 bond rmsd: 0.001554
  step:   6 bond rmsd: 0.001543
  step:   7 bond rmsd: 0.001535
  step:   8 bond rmsd: 0.001529
  step:   9 bond rmsd: 0.001525
  step:  10 bond rmsd: 0.001522
  step:  11 bond rmsd: 0.001519
  step:  12 bond rmsd: 0.001518
  step:  13 bond rmsd: 0.001517
  step:  14 bond rmsd: 0.001516
  step:  15 bond rmsd: 0.001515
  step:  16 bond rmsd: 0.001515
  step:  17 bond rmsd: 0.001515
  step:  18 bond rmsd: 0.001515
  step:  19 bond rmsd: 0.001515
  step:  20 bond rmsd: 0.001516
  step:  21 bond rmsd: 0.001518
  step:  22 bond rmsd: 0.001521
  step:  23 bond rmsd: 0.001527
  step:  24 bond rmsd: 0.001531
  step:  25 bond rmsd: 0.001535
  step:  26 bond rmsd: 0.001540
  step:  27 bond rmsd: 0.001544
  step:  28 bond rmsd: 0.001547
  step:  29 bond rmsd: 0.001549
  step:  30 bond rmsd: 0.001552
  step:  31 bond rmsd: 0.001555
  step:  32 bond rmsd: 0.001555
  step:  33 bond rmsd: 0.001558
  step:  34 bond rmsd: 0.001556
  step:  35 bond rmsd: 0.001558
  step:  36 bond rmsd: 0.001560
  step:  37 bond rmsd: 0.001561
  step:  38 bond rmsd: 0.001558
  step:  39 bond rmsd: 0.001554
  step:  40 bond rmsd: 0.001550
  step:  41 bond rmsd: 0.001544
  step:  42 bond rmsd: 0.001538
  step:  43 bond rmsd: 0.001534
  step:  44 bond rmsd: 0.001530
  step:  45 bond rmsd: 0.001525
  step:  46 bond rmsd: 0.001517
  step:  47 bond rmsd: 0.001511
  step:  48 bond rmsd: 0.001503
  step:  49 bond rmsd: 0.001491
  step:  50 bond rmsd: 0.001483
  step:  51 bond rmsd: 0.001465
  step:  52 bond rmsd: 0.001459
micro_cycle  29 rmsd(b):  0.0015 rws:  1.000 n_fev: 1510
  step:   1 bond rmsd: 0.001459
  step:   2 bond rmsd: 0.053601
  step:   3 bond rmsd: 0.001648
  step:   4 bond rmsd: 0.001598
  step:   5 bond rmsd: 0.001563
  step:   6 bond rmsd: 0.001538
  step:   7 bond rmsd: 0.001520
  step:   8 bond rmsd: 0.001507
  step:   9 bond rmsd: 0.001498
  step:  10 bond rmsd: 0.001491
  step:  11 bond rmsd: 0.001486
  step:  12 bond rmsd: 0.001482
  step:  13 bond rmsd: 0.001480
  step:  14 bond rmsd: 0.001478
  step:  15 bond rmsd: 0.001476
  step:  16 bond rmsd: 0.001475
  step:  17 bond rmsd: 0.001474
  step:  18 bond rmsd: 0.001474
  step:  19 bond rmsd: 0.001474
  step:  20 bond rmsd: 0.001474
  step:  21 bond rmsd: 0.001474
  step:  22 bond rmsd: 0.001476
  step:  23 bond rmsd: 0.001479
  step:  24 bond rmsd: 0.001485
  step:  25 bond rmsd: 0.001495
  step:  26 bond rmsd: 0.001504
  step:  27 bond rmsd: 0.001514
  step:  28 bond rmsd: 0.001523
  step:  29 bond rmsd: 0.001531
  step:  30 bond rmsd: 0.001539
  step:  31 bond rmsd: 0.001545
  step:  32 bond rmsd: 0.001550
  step:  33 bond rmsd: 0.001554
  step:  34 bond rmsd: 0.001559
  step:  35 bond rmsd: 0.001561
  step:  36 bond rmsd: 0.001565
  step:  37 bond rmsd: 0.001567
  step:  38 bond rmsd: 0.001566
  step:  39 bond rmsd: 0.001566
  step:  40 bond rmsd: 0.001565
  step:  41 bond rmsd: 0.001563
  step:  42 bond rmsd: 0.001561
  step:  43 bond rmsd: 0.001556
  step:  44 bond rmsd: 0.001554
  step:  45 bond rmsd: 0.001552
  step:  46 bond rmsd: 0.001548
  step:  47 bond rmsd: 0.001546
  step:  48 bond rmsd: 0.001544
  step:  49 bond rmsd: 0.001541
  step:  50 bond rmsd: 0.001538
  step:  51 bond rmsd: 0.001534
  step:  52 bond rmsd: 0.001530
micro_cycle  30 rmsd(b):  0.0015 rws:  1.000 n_fev: 1562
  step:   1 bond rmsd: 0.001530
  step:   2 bond rmsd: 0.054365
  step:   3 bond rmsd: 0.001528
  step:   4 bond rmsd: 0.001528
  step:   5 bond rmsd: 0.001529
  step:   6 bond rmsd: 0.001529
  step:   7 bond rmsd: 0.001529
  step:   8 bond rmsd: 0.001530
  step:   9 bond rmsd: 0.001530
  step:  10 bond rmsd: 0.001531
  step:  11 bond rmsd: 0.001531
  step:  12 bond rmsd: 0.001532
  step:  13 bond rmsd: 0.001533
  step:  14 bond rmsd: 0.001533
  step:  15 bond rmsd: 0.001534
  step:  16 bond rmsd: 0.001536
  step:  17 bond rmsd: 0.001538
  step:  18 bond rmsd: 0.001541
  step:  19 bond rmsd: 0.001543
  step:  20 bond rmsd: 0.001545
  step:  21 bond rmsd: 0.001549
  step:  22 bond rmsd: 0.001551
  step:  23 bond rmsd: 0.001553
  step:  24 bond rmsd: 0.001554
  step:  25 bond rmsd: 0.001555
  step:  26 bond rmsd: 0.001556
  step:  27 bond rmsd: 0.001555
  step:  28 bond rmsd: 0.001555
  step:  29 bond rmsd: 0.001553
  step:  30 bond rmsd: 0.001552
  step:  31 bond rmsd: 0.001549
  step:  32 bond rmsd: 0.001547
  step:  33 bond rmsd: 0.001544
  step:  34 bond rmsd: 0.001540
  step:  35 bond rmsd: 0.001536
  step:  36 bond rmsd: 0.001532
  step:  37 bond rmsd: 0.001525
  step:  38 bond rmsd: 0.001518
  step:  39 bond rmsd: 0.001511
  step:  40 bond rmsd: 0.001504
  step:  41 bond rmsd: 0.001498
  step:  42 bond rmsd: 0.001491
  step:  43 bond rmsd: 0.001484
  step:  44 bond rmsd: 0.001477
  step:  45 bond rmsd: 0.001470
  step:  46 bond rmsd: 0.001463
  step:  47 bond rmsd: 0.001458
  step:  48 bond rmsd: 0.001452
  step:  49 bond rmsd: 0.001448
  step:  50 bond rmsd: 0.001445
  step:  51 bond rmsd: 0.001447
  step:  52 bond rmsd: 0.001448
micro_cycle  31 rmsd(b):  0.0014 rws:  1.000 n_fev: 1614
  step:   1 bond rmsd: 0.001448
  step:   2 bond rmsd: 0.066012
  step:   3 bond rmsd: 0.001681
  step:   4 bond rmsd: 0.001601
  step:   5 bond rmsd: 0.001548
  step:   6 bond rmsd: 0.001514
  step:   7 bond rmsd: 0.001491
  step:   8 bond rmsd: 0.001477
  step:   9 bond rmsd: 0.001469
  step:  10 bond rmsd: 0.001463
  step:  11 bond rmsd: 0.001460
  step:  12 bond rmsd: 0.001459
  step:  13 bond rmsd: 0.001458
  step:  14 bond rmsd: 0.001458
  step:  15 bond rmsd: 0.001459
  step:  16 bond rmsd: 0.001459
  step:  17 bond rmsd: 0.001460
  step:  18 bond rmsd: 0.001462
  step:  19 bond rmsd: 0.001463
  step:  20 bond rmsd: 0.001465
  step:  21 bond rmsd: 0.001468
  step:  22 bond rmsd: 0.001472
  step:  23 bond rmsd: 0.001478
  step:  24 bond rmsd: 0.001486
  step:  25 bond rmsd: 0.001495
  step:  26 bond rmsd: 0.001501
  step:  27 bond rmsd: 0.001507
  step:  28 bond rmsd: 0.001515
  step:  29 bond rmsd: 0.001519
  step:  30 bond rmsd: 0.001524
  step:  31 bond rmsd: 0.001527
  step:  32 bond rmsd: 0.001530
  step:  33 bond rmsd: 0.001533
  step:  34 bond rmsd: 0.001535
  step:  35 bond rmsd: 0.001537
  step:  36 bond rmsd: 0.001540
  step:  37 bond rmsd: 0.001542
  step:  38 bond rmsd: 0.001545
  step:  39 bond rmsd: 0.001549
  step:  40 bond rmsd: 0.001552
  step:  41 bond rmsd: 0.001556
  step:  42 bond rmsd: 0.001561
  step:  43 bond rmsd: 0.001565
  step:  44 bond rmsd: 0.001570
  step:  45 bond rmsd: 0.001574
  step:  46 bond rmsd: 0.001578
  step:  47 bond rmsd: 0.001581
  step:  48 bond rmsd: 0.001583
  step:  49 bond rmsd: 0.001584
  step:  50 bond rmsd: 0.001584
  step:  51 bond rmsd: 0.001581
  step:  52 bond rmsd: 0.001578
micro_cycle  32 rmsd(b):  0.0016 rws:  1.000 n_fev: 1666
  step:   1 bond rmsd: 0.001578
  step:   2 bond rmsd: 0.052181
  step:   3 bond rmsd: 0.001563
  step:   4 bond rmsd: 0.001565
  step:   5 bond rmsd: 0.001566
  step:   6 bond rmsd: 0.001568
  step:   7 bond rmsd: 0.001569
  step:   8 bond rmsd: 0.001569
  step:   9 bond rmsd: 0.001570
  step:  10 bond rmsd: 0.001570
  step:  11 bond rmsd: 0.001571
  step:  12 bond rmsd: 0.001571
  step:  13 bond rmsd: 0.001571
  step:  14 bond rmsd: 0.001571
  step:  15 bond rmsd: 0.001571
  step:  16 bond rmsd: 0.001571
  step:  17 bond rmsd: 0.001570
  step:  18 bond rmsd: 0.001568
  step:  19 bond rmsd: 0.001566
  step:  20 bond rmsd: 0.001562
  step:  21 bond rmsd: 0.001554
  step:  22 bond rmsd: 0.001548
  step:  23 bond rmsd: 0.001542
  step:  24 bond rmsd: 0.001536
  step:  25 bond rmsd: 0.001531
  step:  26 bond rmsd: 0.001528
  step:  27 bond rmsd: 0.001525
  step:  28 bond rmsd: 0.001523
  step:  29 bond rmsd: 0.001522
  step:  30 bond rmsd: 0.001518
  step:  31 bond rmsd: 0.001517
  step:  32 bond rmsd: 0.001516
  step:  33 bond rmsd: 0.001514
  step:  34 bond rmsd: 0.001514
  step:  35 bond rmsd: 0.001515
  step:  36 bond rmsd: 0.001515
  step:  37 bond rmsd: 0.001515
  step:  38 bond rmsd: 0.001516
  step:  39 bond rmsd: 0.001518
  step:  40 bond rmsd: 0.001521
  step:  41 bond rmsd: 0.001523
  step:  42 bond rmsd: 0.001525
  step:  43 bond rmsd: 0.001530
  step:  44 bond rmsd: 0.001532
  step:  45 bond rmsd: 0.001534
  step:  46 bond rmsd: 0.001537
  step:  47 bond rmsd: 0.001541
  step:  48 bond rmsd: 0.001545
  step:  49 bond rmsd: 0.001550
  step:  50 bond rmsd: 0.001556
  step:  51 bond rmsd: 0.001559
  step:  52 bond rmsd: 0.001563
micro_cycle  33 rmsd(b):  0.0016 rws:  1.000 n_fev: 1718
  step:   1 bond rmsd: 0.001563
  step:   2 bond rmsd: 0.058470
  step:   3 bond rmsd: 0.001578
  step:   4 bond rmsd: 0.001574
  step:   5 bond rmsd: 0.001570
  step:   6 bond rmsd: 0.001568
  step:   7 bond rmsd: 0.001566
  step:   8 bond rmsd: 0.001565
  step:   9 bond rmsd: 0.001563
  step:  10 bond rmsd: 0.001562
  step:  11 bond rmsd: 0.001561
  step:  12 bond rmsd: 0.001561
  step:  13 bond rmsd: 0.001560
  step:  14 bond rmsd: 0.001559
  step:  15 bond rmsd: 0.001558
  step:  16 bond rmsd: 0.001557
  step:  17 bond rmsd: 0.001556
  step:  18 bond rmsd: 0.001555
  step:  19 bond rmsd: 0.001553
  step:  20 bond rmsd: 0.001551
  step:  21 bond rmsd: 0.001547
  step:  22 bond rmsd: 0.001542
  step:  23 bond rmsd: 0.001539
  step:  24 bond rmsd: 0.001535
  step:  25 bond rmsd: 0.001532
  step:  26 bond rmsd: 0.001528
  step:  27 bond rmsd: 0.001527
  step:  28 bond rmsd: 0.001525
  step:  29 bond rmsd: 0.001524
  step:  30 bond rmsd: 0.001523
  step:  31 bond rmsd: 0.001522
  step:  32 bond rmsd: 0.001521
  step:  33 bond rmsd: 0.001520
  step:  34 bond rmsd: 0.001519
  step:  35 bond rmsd: 0.001518
  step:  36 bond rmsd: 0.001516
  step:  37 bond rmsd: 0.001515
  step:  38 bond rmsd: 0.001515
  step:  39 bond rmsd: 0.001514
  step:  40 bond rmsd: 0.001516
  step:  41 bond rmsd: 0.001516
  step:  42 bond rmsd: 0.001518
  step:  43 bond rmsd: 0.001521
  step:  44 bond rmsd: 0.001525
  step:  45 bond rmsd: 0.001531
  step:  46 bond rmsd: 0.001535
  step:  47 bond rmsd: 0.001538
  step:  48 bond rmsd: 0.001545
  step:  49 bond rmsd: 0.001552
  step:  50 bond rmsd: 0.001557
  step:  51 bond rmsd: 0.001563
  step:  52 bond rmsd: 0.001571
micro_cycle  34 rmsd(b):  0.0016 rws:  1.000 n_fev: 1770
  step:   1 bond rmsd: 0.001571
  step:   2 bond rmsd: 0.061136
  step:   3 bond rmsd: 0.001832
  step:   4 bond rmsd: 0.001752
  step:   5 bond rmsd: 0.001696
  step:   6 bond rmsd: 0.001658
  step:   7 bond rmsd: 0.001632
  step:   8 bond rmsd: 0.001614
  step:   9 bond rmsd: 0.001602
  step:  10 bond rmsd: 0.001593
  step:  11 bond rmsd: 0.001587
  step:  12 bond rmsd: 0.001583
  step:  13 bond rmsd: 0.001579
  step:  14 bond rmsd: 0.001577
  step:  15 bond rmsd: 0.001575
  step:  16 bond rmsd: 0.001574
  step:  17 bond rmsd: 0.001572
  step:  18 bond rmsd: 0.001571
  step:  19 bond rmsd: 0.001570
  step:  20 bond rmsd: 0.001569
  step:  21 bond rmsd: 0.001569
  step:  22 bond rmsd: 0.001568
  step:  23 bond rmsd: 0.001566
  step:  24 bond rmsd: 0.001565
  step:  25 bond rmsd: 0.001563
  step:  26 bond rmsd: 0.001561
  step:  27 bond rmsd: 0.001559
  step:  28 bond rmsd: 0.001557
  step:  29 bond rmsd: 0.001556
  step:  30 bond rmsd: 0.001554
  step:  31 bond rmsd: 0.001546
  step:  32 bond rmsd: 0.001545
  step:  33 bond rmsd: 0.001542
  step:  34 bond rmsd: 0.001541
  step:  35 bond rmsd: 0.001538
  step:  36 bond rmsd: 0.001535
  step:  37 bond rmsd: 0.001534
  step:  38 bond rmsd: 0.001532
  step:  39 bond rmsd: 0.001531
  step:  40 bond rmsd: 0.001530
  step:  41 bond rmsd: 0.001529
  step:  42 bond rmsd: 0.001527
  step:  43 bond rmsd: 0.001526
  step:  44 bond rmsd: 0.001525
  step:  45 bond rmsd: 0.001524
  step:  46 bond rmsd: 0.001524
  step:  47 bond rmsd: 0.001524
  step:  48 bond rmsd: 0.001524
  step:  49 bond rmsd: 0.001524
  step:  50 bond rmsd: 0.001525
  step:  51 bond rmsd: 0.001525
  step:  52 bond rmsd: 0.001526
micro_cycle  35 rmsd(b):  0.0015 rws:  1.000 n_fev: 1822
  step:   1 bond rmsd: 0.001526
  step:   2 bond rmsd: 0.057808
  step:   3 bond rmsd: 0.001530
  step:   4 bond rmsd: 0.001529
  step:   5 bond rmsd: 0.001528
  step:   6 bond rmsd: 0.001528
  step:   7 bond rmsd: 0.001528
  step:   8 bond rmsd: 0.001528
  step:   9 bond rmsd: 0.001527
  step:  10 bond rmsd: 0.001527
  step:  11 bond rmsd: 0.001527
  step:  12 bond rmsd: 0.001527
  step:  13 bond rmsd: 0.001527
  step:  14 bond rmsd: 0.001527
  step:  15 bond rmsd: 0.001527
  step:  16 bond rmsd: 0.001527
  step:  17 bond rmsd: 0.001527
  step:  18 bond rmsd: 0.001527
  step:  19 bond rmsd: 0.001527
  step:  20 bond rmsd: 0.001529
  step:  21 bond rmsd: 0.001529
  step:  22 bond rmsd: 0.001530
  step:  23 bond rmsd: 0.001532
  step:  24 bond rmsd: 0.001533
  step:  25 bond rmsd: 0.001534
  step:  26 bond rmsd: 0.001534
  step:  27 bond rmsd: 0.001535
  step:  28 bond rmsd: 0.001536
  step:  29 bond rmsd: 0.001537
  step:  30 bond rmsd: 0.001538
  step:  31 bond rmsd: 0.001540
  step:  32 bond rmsd: 0.001540
  step:  33 bond rmsd: 0.001541
  step:  34 bond rmsd: 0.001542
  step:  35 bond rmsd: 0.001544
  step:  36 bond rmsd: 0.001546
  step:  37 bond rmsd: 0.001546
  step:  38 bond rmsd: 0.001545
  step:  39 bond rmsd: 0.001545
  step:  40 bond rmsd: 0.001544
  step:  41 bond rmsd: 0.001544
  step:  42 bond rmsd: 0.001543
  step:  43 bond rmsd: 0.001543
  step:  44 bond rmsd: 0.001544
  step:  45 bond rmsd: 0.001544
  step:  46 bond rmsd: 0.001545
  step:  47 bond rmsd: 0.001546
  step:  48 bond rmsd: 0.001547
  step:  49 bond rmsd: 0.001550
  step:  50 bond rmsd: 0.001553
  step:  51 bond rmsd: 0.001560
  step:  52 bond rmsd: 0.001565
micro_cycle  36 rmsd(b):  0.0016 rws:  1.000 n_fev: 1874
  step:   1 bond rmsd: 0.001565
  step:   2 bond rmsd: 0.074580
  step:   3 bond rmsd: 0.001568
  step:   4 bond rmsd: 0.001566
  step:   5 bond rmsd: 0.001565
  step:   6 bond rmsd: 0.001564
  step:   7 bond rmsd: 0.001563
  step:   8 bond rmsd: 0.001562
  step:   9 bond rmsd: 0.001561
  step:  10 bond rmsd: 0.001560
  step:  11 bond rmsd: 0.001560
  step:  12 bond rmsd: 0.001559
  step:  13 bond rmsd: 0.001558
  step:  14 bond rmsd: 0.001557
  step:  15 bond rmsd: 0.001555
  step:  16 bond rmsd: 0.001553
  step:  17 bond rmsd: 0.001551
  step:  18 bond rmsd: 0.001549
  step:  19 bond rmsd: 0.001548
  step:  20 bond rmsd: 0.001544
  step:  21 bond rmsd: 0.001541
  step:  22 bond rmsd: 0.001537
  step:  23 bond rmsd: 0.001534
  step:  24 bond rmsd: 0.001530
  step:  25 bond rmsd: 0.001528
  step:  26 bond rmsd: 0.001525
  step:  27 bond rmsd: 0.001523
  step:  28 bond rmsd: 0.001522
  step:  29 bond rmsd: 0.001521
  step:  30 bond rmsd: 0.001517
  step:  31 bond rmsd: 0.001517
  step:  32 bond rmsd: 0.001517
  step:  33 bond rmsd: 0.001517
  step:  34 bond rmsd: 0.001518
  step:  35 bond rmsd: 0.001519
  step:  36 bond rmsd: 0.001520
  step:  37 bond rmsd: 0.001520
  step:  38 bond rmsd: 0.001522
  step:  39 bond rmsd: 0.001523
  step:  40 bond rmsd: 0.001524
  step:  41 bond rmsd: 0.001525
  step:  42 bond rmsd: 0.001529
  step:  43 bond rmsd: 0.001530
  step:  44 bond rmsd: 0.001533
  step:  45 bond rmsd: 0.001535
  step:  46 bond rmsd: 0.001538
  step:  47 bond rmsd: 0.001538
  step:  48 bond rmsd: 0.001540
  step:  49 bond rmsd: 0.001543
  step:  50 bond rmsd: 0.001547
  step:  51 bond rmsd: 0.001550
  step:  52 bond rmsd: 0.001552
micro_cycle  37 rmsd(b):  0.0016 rws:  1.000 n_fev: 1926
  step:   1 bond rmsd: 0.001552
  step:   2 bond rmsd: 0.082025
  step:   3 bond rmsd: 0.001570
  step:   4 bond rmsd: 0.001566
  step:   5 bond rmsd: 0.001563
  step:   6 bond rmsd: 0.001560
  step:   7 bond rmsd: 0.001558
  step:   8 bond rmsd: 0.001557
  step:   9 bond rmsd: 0.001556
  step:  10 bond rmsd: 0.001555
  step:  11 bond rmsd: 0.001554
  step:  12 bond rmsd: 0.001553
  step:  13 bond rmsd: 0.001552
  step:  14 bond rmsd: 0.001552
  step:  15 bond rmsd: 0.001551
  step:  16 bond rmsd: 0.001550
  step:  17 bond rmsd: 0.001549
  step:  18 bond rmsd: 0.001547
  step:  19 bond rmsd: 0.001545
  step:  20 bond rmsd: 0.001543
  step:  21 bond rmsd: 0.001540
  step:  22 bond rmsd: 0.001538
  step:  23 bond rmsd: 0.001535
  step:  24 bond rmsd: 0.001536
  step:  25 bond rmsd: 0.001534
  step:  26 bond rmsd: 0.001532
  step:  27 bond rmsd: 0.001530
  step:  28 bond rmsd: 0.001529
  step:  29 bond rmsd: 0.001527
  step:  30 bond rmsd: 0.001526
  step:  31 bond rmsd: 0.001525
  step:  32 bond rmsd: 0.001523
  step:  33 bond rmsd: 0.001522
  step:  34 bond rmsd: 0.001521
  step:  35 bond rmsd: 0.001520
  step:  36 bond rmsd: 0.001518
  step:  37 bond rmsd: 0.001517
  step:  38 bond rmsd: 0.001515
  step:  39 bond rmsd: 0.001514
  step:  40 bond rmsd: 0.001510
  step:  41 bond rmsd: 0.001509
  step:  42 bond rmsd: 0.001507
  step:  43 bond rmsd: 0.001507
  step:  44 bond rmsd: 0.001504
  step:  45 bond rmsd: 0.001507
  step:  46 bond rmsd: 0.001506
  step:  47 bond rmsd: 0.001505
  step:  48 bond rmsd: 0.001505
  step:  49 bond rmsd: 0.001506
  step:  50 bond rmsd: 0.001508
  step:  51 bond rmsd: 0.001509
  step:  52 bond rmsd: 0.001512
micro_cycle  38 rmsd(b):  0.0015 rws:  1.000 n_fev: 1978
  step:   1 bond rmsd: 0.001512
  step:   2 bond rmsd: 0.081169
  step:   3 bond rmsd: 0.001533
  step:   4 bond rmsd: 0.001524
  step:   5 bond rmsd: 0.001518
  step:   6 bond rmsd: 0.001514
  step:   7 bond rmsd: 0.001513
  step:   8 bond rmsd: 0.001512
  step:   9 bond rmsd: 0.001511
  step:  10 bond rmsd: 0.001511
  step:  11 bond rmsd: 0.001512
  step:  12 bond rmsd: 0.001512
  step:  13 bond rmsd: 0.001512
  step:  14 bond rmsd: 0.001513
  step:  15 bond rmsd: 0.001513
  step:  16 bond rmsd: 0.001514
  step:  17 bond rmsd: 0.001514
  step:  18 bond rmsd: 0.001515
  step:  19 bond rmsd: 0.001516
  step:  20 bond rmsd: 0.001518
  step:  21 bond rmsd: 0.001520
  step:  22 bond rmsd: 0.001524
  step:  23 bond rmsd: 0.001529
  step:  24 bond rmsd: 0.001533
  step:  25 bond rmsd: 0.001538
  step:  26 bond rmsd: 0.001541
  step:  27 bond rmsd: 0.001545
  step:  28 bond rmsd: 0.001547
  step:  29 bond rmsd: 0.001552
  step:  30 bond rmsd: 0.001553
  step:  31 bond rmsd: 0.001555
  step:  32 bond rmsd: 0.001555
  step:  33 bond rmsd: 0.001556
  step:  34 bond rmsd: 0.001556
  step:  35 bond rmsd: 0.001555
  step:  36 bond rmsd: 0.001555
  step:  37 bond rmsd: 0.001553
  step:  38 bond rmsd: 0.001551
  step:  39 bond rmsd: 0.001549
  step:  40 bond rmsd: 0.001547
  step:  41 bond rmsd: 0.001543
  step:  42 bond rmsd: 0.001540
  step:  43 bond rmsd: 0.001538
  step:  44 bond rmsd: 0.001534
  step:  45 bond rmsd: 0.001532
  step:  46 bond rmsd: 0.001530
  step:  47 bond rmsd: 0.001527
  step:  48 bond rmsd: 0.001526
  step:  49 bond rmsd: 0.001523
  step:  50 bond rmsd: 0.001522
  step:  51 bond rmsd: 0.001519
  step:  52 bond rmsd: 0.001518
micro_cycle  39 rmsd(b):  0.0015 rws:  1.000 n_fev: 2030
  step:   1 bond rmsd: 0.001518
  step:   2 bond rmsd: 0.014256
  step:   3 bond rmsd: 0.001524
  step:   4 bond rmsd: 0.001523
  step:   5 bond rmsd: 0.001522
  step:   6 bond rmsd: 0.001522
  step:   7 bond rmsd: 0.001522
  step:   8 bond rmsd: 0.001522
  step:   9 bond rmsd: 0.001521
  step:  10 bond rmsd: 0.001521
  step:  11 bond rmsd: 0.001522
  step:  12 bond rmsd: 0.001522
  step:  13 bond rmsd: 0.001522
  step:  14 bond rmsd: 0.001522
  step:  15 bond rmsd: 0.001523
  step:  16 bond rmsd: 0.001524
  step:  17 bond rmsd: 0.001526
  step:  18 bond rmsd: 0.001529
  step:  19 bond rmsd: 0.001530
  step:  20 bond rmsd: 0.001533
  step:  21 bond rmsd: 0.001536
  step:  22 bond rmsd: 0.001539
  step:  23 bond rmsd: 0.001541
  step:  24 bond rmsd: 0.001542
  step:  25 bond rmsd: 0.001543
  step:  26 bond rmsd: 0.001543
  step:  27 bond rmsd: 0.001543
  step:  28 bond rmsd: 0.001543
  step:  29 bond rmsd: 0.001542
  step:  30 bond rmsd: 0.001541
  step:  31 bond rmsd: 0.001539
  step:  32 bond rmsd: 0.001537
  step:  33 bond rmsd: 0.001534
  step:  34 bond rmsd: 0.001532
  step:  35 bond rmsd: 0.001529
  step:  36 bond rmsd: 0.001527
  step:  37 bond rmsd: 0.001523
  step:  38 bond rmsd: 0.001521
  step:  39 bond rmsd: 0.001517
  step:  40 bond rmsd: 0.001515
  step:  41 bond rmsd: 0.001511
  step:  42 bond rmsd: 0.001508
  step:  43 bond rmsd: 0.001506
  step:  44 bond rmsd: 0.001503
  step:  45 bond rmsd: 0.001498
  step:  46 bond rmsd: 0.001495
  step:  47 bond rmsd: 0.001492
  step:  48 bond rmsd: 0.001489
  step:  49 bond rmsd: 0.001484
  step:  50 bond rmsd: 0.001482
  step:  51 bond rmsd: 0.001480
  step:  52 bond rmsd: 0.001479
micro_cycle  40 rmsd(b):  0.0015 rws:  1.000 n_fev: 2082
  step:   1 bond rmsd: 0.001479
  step:   2 bond rmsd: 0.071108
  step:   3 bond rmsd: 0.001532
  step:   4 bond rmsd: 0.001518
  step:   5 bond rmsd: 0.001508
  step:   6 bond rmsd: 0.001501
  step:   7 bond rmsd: 0.001496
  step:   8 bond rmsd: 0.001493
  step:   9 bond rmsd: 0.001491
  step:  10 bond rmsd: 0.001489
  step:  11 bond rmsd: 0.001488
  step:  12 bond rmsd: 0.001488
  step:  13 bond rmsd: 0.001488
  step:  14 bond rmsd: 0.001488
  step:  15 bond rmsd: 0.001488
  step:  16 bond rmsd: 0.001489
  step:  17 bond rmsd: 0.001490
  step:  18 bond rmsd: 0.001492
  step:  19 bond rmsd: 0.001495
  step:  20 bond rmsd: 0.001501
  step:  21 bond rmsd: 0.001507
  step:  22 bond rmsd: 0.001513
  step:  23 bond rmsd: 0.001518
  step:  24 bond rmsd: 0.001527
  step:  25 bond rmsd: 0.001530
  step:  26 bond rmsd: 0.001533
  step:  27 bond rmsd: 0.001536
  step:  28 bond rmsd: 0.001537
  step:  29 bond rmsd: 0.001539
  step:  30 bond rmsd: 0.001541
  step:  31 bond rmsd: 0.001542
  step:  32 bond rmsd: 0.001543
  step:  33 bond rmsd: 0.001544
  step:  34 bond rmsd: 0.001545
  step:  35 bond rmsd: 0.001544
  step:  36 bond rmsd: 0.001545
  step:  37 bond rmsd: 0.001543
  step:  38 bond rmsd: 0.001543
  step:  39 bond rmsd: 0.001541
  step:  40 bond rmsd: 0.001539
  step:  41 bond rmsd: 0.001537
  step:  42 bond rmsd: 0.001534
  step:  43 bond rmsd: 0.001532
  step:  44 bond rmsd: 0.001530
  step:  45 bond rmsd: 0.001527
  step:  46 bond rmsd: 0.001525
  step:  47 bond rmsd: 0.001523
  step:  48 bond rmsd: 0.001521
  step:  49 bond rmsd: 0.001519
  step:  50 bond rmsd: 0.001517
  step:  51 bond rmsd: 0.001515
  step:  52 bond rmsd: 0.001514
micro_cycle  41 rmsd(b):  0.0015 rws:  1.000 n_fev: 2134
  step:   1 bond rmsd: 0.001514
  step:   2 bond rmsd: 0.019374
  step:   3 bond rmsd: 0.001519
  step:   4 bond rmsd: 0.001518
  step:   5 bond rmsd: 0.001517
  step:   6 bond rmsd: 0.001517
  step:   7 bond rmsd: 0.001516
  step:   8 bond rmsd: 0.001516
  step:   9 bond rmsd: 0.001516
  step:  10 bond rmsd: 0.001516
  step:  11 bond rmsd: 0.001516
  step:  12 bond rmsd: 0.001516
  step:  13 bond rmsd: 0.001516
  step:  14 bond rmsd: 0.001516
  step:  15 bond rmsd: 0.001516
  step:  16 bond rmsd: 0.001517
  step:  17 bond rmsd: 0.001518
  step:  18 bond rmsd: 0.001520
  step:  19 bond rmsd: 0.001524
  step:  20 bond rmsd: 0.001527
  step:  21 bond rmsd: 0.001528
  step:  22 bond rmsd: 0.001533
  step:  23 bond rmsd: 0.001534
  step:  24 bond rmsd: 0.001536
  step:  25 bond rmsd: 0.001537
  step:  26 bond rmsd: 0.001538
  step:  27 bond rmsd: 0.001539
  step:  28 bond rmsd: 0.001540
  step:  29 bond rmsd: 0.001540
  step:  30 bond rmsd: 0.001540
  step:  31 bond rmsd: 0.001539
  step:  32 bond rmsd: 0.001537
  step:  33 bond rmsd: 0.001535
  step:  34 bond rmsd: 0.001532
  step:  35 bond rmsd: 0.001530
  step:  36 bond rmsd: 0.001528
  step:  37 bond rmsd: 0.001525
  step:  38 bond rmsd: 0.001523
  step:  39 bond rmsd: 0.001520
  step:  40 bond rmsd: 0.001518
  step:  41 bond rmsd: 0.001514
  step:  42 bond rmsd: 0.001512
  step:  43 bond rmsd: 0.001510
  step:  44 bond rmsd: 0.001507
  step:  45 bond rmsd: 0.001506
  step:  46 bond rmsd: 0.001504
  step:  47 bond rmsd: 0.001504
  step:  48 bond rmsd: 0.001501
  step:  49 bond rmsd: 0.001502
  step:  50 bond rmsd: 0.001503
  step:  51 bond rmsd: 0.001505
  step:  52 bond rmsd: 0.001508
micro_cycle  42 rmsd(b):  0.0015 rws:  1.000 n_fev: 2186
  step:   1 bond rmsd: 0.001508
  step:   2 bond rmsd: 0.032880
  step:   3 bond rmsd: 0.001554
  step:   4 bond rmsd: 0.001543
  step:   5 bond rmsd: 0.001536
  step:   6 bond rmsd: 0.001530
  step:   7 bond rmsd: 0.001527
  step:   8 bond rmsd: 0.001524
  step:   9 bond rmsd: 0.001522
  step:  10 bond rmsd: 0.001520
  step:  11 bond rmsd: 0.001519
  step:  12 bond rmsd: 0.001519
  step:  13 bond rmsd: 0.001518
  step:  14 bond rmsd: 0.001518
  step:  15 bond rmsd: 0.001518
  step:  16 bond rmsd: 0.001518
  step:  17 bond rmsd: 0.001519
  step:  18 bond rmsd: 0.001520
  step:  19 bond rmsd: 0.001521
  step:  20 bond rmsd: 0.001524
  step:  21 bond rmsd: 0.001527
  step:  22 bond rmsd: 0.001530
  step:  23 bond rmsd: 0.001533
  step:  24 bond rmsd: 0.001535
  step:  25 bond rmsd: 0.001535
  step:  26 bond rmsd: 0.001537
  step:  27 bond rmsd: 0.001537
  step:  28 bond rmsd: 0.001537
  step:  29 bond rmsd: 0.001538
  step:  30 bond rmsd: 0.001538
  step:  31 bond rmsd: 0.001538
  step:  32 bond rmsd: 0.001537
  step:  33 bond rmsd: 0.001537
  step:  34 bond rmsd: 0.001535
  step:  35 bond rmsd: 0.001534
  step:  36 bond rmsd: 0.001533
  step:  37 bond rmsd: 0.001531
  step:  38 bond rmsd: 0.001529
  step:  39 bond rmsd: 0.001527
  step:  40 bond rmsd: 0.001525
  step:  41 bond rmsd: 0.001522
  step:  42 bond rmsd: 0.001520
  step:  43 bond rmsd: 0.001518
  step:  44 bond rmsd: 0.001516
  step:  45 bond rmsd: 0.001514
  step:  46 bond rmsd: 0.001512
  step:  47 bond rmsd: 0.001510
  step:  48 bond rmsd: 0.001508
  step:  49 bond rmsd: 0.001507
  step:  50 bond rmsd: 0.001506
  step:  51 bond rmsd: 0.001504
  step:  52 bond rmsd: 0.001504
micro_cycle  43 rmsd(b):  0.0015 rws:  1.000 n_fev: 2238
  step:   1 bond rmsd: 0.001504
  step:   2 bond rmsd: 0.045124
  step:   3 bond rmsd: 0.001514
  step:   4 bond rmsd: 0.001512
  step:   5 bond rmsd: 0.001510
  step:   6 bond rmsd: 0.001509
  step:   7 bond rmsd: 0.001508
  step:   8 bond rmsd: 0.001508
  step:   9 bond rmsd: 0.001507
  step:  10 bond rmsd: 0.001507
  step:  11 bond rmsd: 0.001507
  step:  12 bond rmsd: 0.001507
  step:  13 bond rmsd: 0.001506
  step:  14 bond rmsd: 0.001506
  step:  15 bond rmsd: 0.001506
  step:  16 bond rmsd: 0.001507
  step:  17 bond rmsd: 0.001507
  step:  18 bond rmsd: 0.001508
  step:  19 bond rmsd: 0.001509
  step:  20 bond rmsd: 0.001512
  step:  21 bond rmsd: 0.001516
  step:  22 bond rmsd: 0.001518
  step:  23 bond rmsd: 0.001521
  step:  24 bond rmsd: 0.001524
  step:  25 bond rmsd: 0.001526
  step:  26 bond rmsd: 0.001528
  step:  27 bond rmsd: 0.001531
  step:  28 bond rmsd: 0.001533
  step:  29 bond rmsd: 0.001534
  step:  30 bond rmsd: 0.001536
  step:  31 bond rmsd: 0.001536
  step:  32 bond rmsd: 0.001537
  step:  33 bond rmsd: 0.001538
  step:  34 bond rmsd: 0.001538
  step:  35 bond rmsd: 0.001538
  step:  36 bond rmsd: 0.001537
  step:  37 bond rmsd: 0.001537
  step:  38 bond rmsd: 0.001535
  step:  39 bond rmsd: 0.001535
  step:  40 bond rmsd: 0.001534
  step:  41 bond rmsd: 0.001532
  step:  42 bond rmsd: 0.001531
  step:  43 bond rmsd: 0.001529
  step:  44 bond rmsd: 0.001529
  step:  45 bond rmsd: 0.001527
  step:  46 bond rmsd: 0.001525
  step:  47 bond rmsd: 0.001523
  step:  48 bond rmsd: 0.001520
  step:  49 bond rmsd: 0.001517
  step:  50 bond rmsd: 0.001514
  step:  51 bond rmsd: 0.001510
  step:  52 bond rmsd: 0.001507
micro_cycle  44 rmsd(b):  0.0015 rws:  1.000 n_fev: 2290
  step:   1 bond rmsd: 0.001507
  step:   2 bond rmsd: 0.074971
  step:   3 bond rmsd: 0.001521
  step:   4 bond rmsd: 0.001518
  step:   5 bond rmsd: 0.001516
  step:   6 bond rmsd: 0.001515
  step:   7 bond rmsd: 0.001514
  step:   8 bond rmsd: 0.001513
  step:   9 bond rmsd: 0.001512
  step:  10 bond rmsd: 0.001511
  step:  11 bond rmsd: 0.001511
  step:  12 bond rmsd: 0.001511
  step:  13 bond rmsd: 0.001511
  step:  14 bond rmsd: 0.001511
  step:  15 bond rmsd: 0.001511
  step:  16 bond rmsd: 0.001511
  step:  17 bond rmsd: 0.001513
  step:  18 bond rmsd: 0.001515
  step:  19 bond rmsd: 0.001517
  step:  20 bond rmsd: 0.001520
  step:  21 bond rmsd: 0.001522
  step:  22 bond rmsd: 0.001525
  step:  23 bond rmsd: 0.001527
  step:  24 bond rmsd: 0.001528
  step:  25 bond rmsd: 0.001530
  step:  26 bond rmsd: 0.001531
  step:  27 bond rmsd: 0.001532
  step:  28 bond rmsd: 0.001533
  step:  29 bond rmsd: 0.001533
  step:  30 bond rmsd: 0.001534
  step:  31 bond rmsd: 0.001535
  step:  32 bond rmsd: 0.001535
  step:  33 bond rmsd: 0.001533
  step:  34 bond rmsd: 0.001533
  step:  35 bond rmsd: 0.001533
  step:  36 bond rmsd: 0.001533
  step:  37 bond rmsd: 0.001531
  step:  38 bond rmsd: 0.001530
  step:  39 bond rmsd: 0.001528
  step:  40 bond rmsd: 0.001526
  step:  41 bond rmsd: 0.001524
  step:  42 bond rmsd: 0.001522
  step:  43 bond rmsd: 0.001520
  step:  44 bond rmsd: 0.001518
  step:  45 bond rmsd: 0.001517
  step:  46 bond rmsd: 0.001515
  step:  47 bond rmsd: 0.001514
  step:  48 bond rmsd: 0.001512
  step:  49 bond rmsd: 0.001511
  step:  50 bond rmsd: 0.001511
  step:  51 bond rmsd: 0.001510
  step:  52 bond rmsd: 0.001509
micro_cycle  45 rmsd(b):  0.0015 rws:  1.000 n_fev: 2342
  step:   1 bond rmsd: 0.001509
  step:   2 bond rmsd: 0.022179
  step:   3 bond rmsd: 0.001511
  step:   4 bond rmsd: 0.001511
  step:   5 bond rmsd: 0.001511
  step:   6 bond rmsd: 0.001510
  step:   7 bond rmsd: 0.001510
  step:   8 bond rmsd: 0.001510
  step:   9 bond rmsd: 0.001510
  step:  10 bond rmsd: 0.001511
  step:  11 bond rmsd: 0.001511
  step:  12 bond rmsd: 0.001511
  step:  13 bond rmsd: 0.001511
  step:  14 bond rmsd: 0.001511
  step:  15 bond rmsd: 0.001512
  step:  16 bond rmsd: 0.001513
  step:  17 bond rmsd: 0.001514
  step:  18 bond rmsd: 0.001516
  step:  19 bond rmsd: 0.001518
  step:  20 bond rmsd: 0.001520
  step:  21 bond rmsd: 0.001522
  step:  22 bond rmsd: 0.001524
  step:  23 bond rmsd: 0.001526
  step:  24 bond rmsd: 0.001529
  step:  25 bond rmsd: 0.001531
  step:  26 bond rmsd: 0.001532
  step:  27 bond rmsd: 0.001534
  step:  28 bond rmsd: 0.001535
  step:  29 bond rmsd: 0.001536
  step:  30 bond rmsd: 0.001537
  step:  31 bond rmsd: 0.001538
  step:  32 bond rmsd: 0.001538
  step:  33 bond rmsd: 0.001537
  step:  34 bond rmsd: 0.001536
  step:  35 bond rmsd: 0.001535
  step:  36 bond rmsd: 0.001534
  step:  37 bond rmsd: 0.001532
  step:  38 bond rmsd: 0.001531
  step:  39 bond rmsd: 0.001528
  step:  40 bond rmsd: 0.001527
  step:  41 bond rmsd: 0.001525
  step:  42 bond rmsd: 0.001523
  step:  43 bond rmsd: 0.001522
  step:  44 bond rmsd: 0.001520
  step:  45 bond rmsd: 0.001519
  step:  46 bond rmsd: 0.001517
  step:  47 bond rmsd: 0.001516
  step:  48 bond rmsd: 0.001515
  step:  49 bond rmsd: 0.001513
  step:  50 bond rmsd: 0.001513
  step:  51 bond rmsd: 0.001512
  step:  52 bond rmsd: 0.001511
micro_cycle  46 rmsd(b):  0.0015 rws:  1.000 n_fev: 2394
  step:   1 bond rmsd: 0.001511
  step:   2 bond rmsd: 0.043361
  step:   3 bond rmsd: 0.001513
  step:   4 bond rmsd: 0.001505
  step:   5 bond rmsd: 0.001501
  step:   6 bond rmsd: 0.001499
  step:   7 bond rmsd: 0.001499
  step:   8 bond rmsd: 0.001500
  step:   9 bond rmsd: 0.001501
  step:  10 bond rmsd: 0.001502
  step:  11 bond rmsd: 0.001503
  step:  12 bond rmsd: 0.001504
  step:  13 bond rmsd: 0.001505
  step:  14 bond rmsd: 0.001506
  step:  15 bond rmsd: 0.001507
  step:  16 bond rmsd: 0.001508
  step:  17 bond rmsd: 0.001509
  step:  18 bond rmsd: 0.001509
  step:  19 bond rmsd: 0.001510
  step:  20 bond rmsd: 0.001510
  step:  21 bond rmsd: 0.001511
  step:  22 bond rmsd: 0.001512
  step:  23 bond rmsd: 0.001513
  step:  24 bond rmsd: 0.001515
  step:  25 bond rmsd: 0.001516
  step:  26 bond rmsd: 0.001517
  step:  27 bond rmsd: 0.001518
  step:  28 bond rmsd: 0.001521
  step:  29 bond rmsd: 0.001523
  step:  30 bond rmsd: 0.001527
  step:  31 bond rmsd: 0.001527
  step:  32 bond rmsd: 0.001528
  step:  33 bond rmsd: 0.001529
  step:  34 bond rmsd: 0.001529
  step:  35 bond rmsd: 0.001530
  step:  36 bond rmsd: 0.001530
  step:  37 bond rmsd: 0.001531
  step:  38 bond rmsd: 0.001531
  step:  39 bond rmsd: 0.001531
  step:  40 bond rmsd: 0.001532
  step:  41 bond rmsd: 0.001532
  step:  42 bond rmsd: 0.001533
  step:  43 bond rmsd: 0.001532
  step:  44 bond rmsd: 0.001533
  step:  45 bond rmsd: 0.001533
  step:  46 bond rmsd: 0.001533
  step:  47 bond rmsd: 0.001533
  step:  48 bond rmsd: 0.001532
  step:  49 bond rmsd: 0.001531
  step:  50 bond rmsd: 0.001529
  step:  51 bond rmsd: 0.001528
  step:  52 bond rmsd: 0.001526
  step:  53 bond rmsd: 0.001524
micro_cycle  47 rmsd(b):  0.0015 rws:  1.000 n_fev: 2447
  step:   1 bond rmsd: 0.001524
  step:   2 bond rmsd: 0.044991
  step:   3 bond rmsd: 0.001515
  step:   4 bond rmsd: 0.001517
  step:   5 bond rmsd: 0.001518
  step:   6 bond rmsd: 0.001518
  step:   7 bond rmsd: 0.001519
  step:   8 bond rmsd: 0.001520
  step:   9 bond rmsd: 0.001520
  step:  10 bond rmsd: 0.001521
  step:  11 bond rmsd: 0.001521
  step:  12 bond rmsd: 0.001521
  step:  13 bond rmsd: 0.001522
  step:  14 bond rmsd: 0.001522
  step:  15 bond rmsd: 0.001522
  step:  16 bond rmsd: 0.001522
  step:  17 bond rmsd: 0.001522
  step:  18 bond rmsd: 0.001522
  step:  19 bond rmsd: 0.001522
  step:  20 bond rmsd: 0.001522
  step:  21 bond rmsd: 0.001522
  step:  22 bond rmsd: 0.001521
  step:  23 bond rmsd: 0.001519
  step:  24 bond rmsd: 0.001517
  step:  25 bond rmsd: 0.001516
  step:  26 bond rmsd: 0.001514
  step:  27 bond rmsd: 0.001513
  step:  28 bond rmsd: 0.001512
  step:  29 bond rmsd: 0.001512
  step:  30 bond rmsd: 0.001511
  step:  31 bond rmsd: 0.001510
  step:  32 bond rmsd: 0.001510
  step:  33 bond rmsd: 0.001511
  step:  34 bond rmsd: 0.001512
  step:  35 bond rmsd: 0.001513
  step:  36 bond rmsd: 0.001514
  step:  37 bond rmsd: 0.001516
  step:  38 bond rmsd: 0.001520
  step:  39 bond rmsd: 0.001521
  step:  40 bond rmsd: 0.001522
  step:  41 bond rmsd: 0.001524
  step:  42 bond rmsd: 0.001526
  step:  43 bond rmsd: 0.001527
  step:  44 bond rmsd: 0.001528
  step:  45 bond rmsd: 0.001530
  step:  46 bond rmsd: 0.001530
  step:  47 bond rmsd: 0.001531
  step:  48 bond rmsd: 0.001532
  step:  49 bond rmsd: 0.001534
  step:  50 bond rmsd: 0.001534
  step:  51 bond rmsd: 0.001534
  step:  52 bond rmsd: 0.001534
micro_cycle  48 rmsd(b):  0.0015 rws:  1.000 n_fev: 2499
  step:   1 bond rmsd: 0.001534
  step:   2 bond rmsd: 0.051429
  step:   3 bond rmsd: 0.001539
  step:   4 bond rmsd: 0.001538
  step:   5 bond rmsd: 0.001537
  step:   6 bond rmsd: 0.001537
  step:   7 bond rmsd: 0.001536
  step:   8 bond rmsd: 0.001536
  step:   9 bond rmsd: 0.001535
  step:  10 bond rmsd: 0.001535
  step:  11 bond rmsd: 0.001534
  step:  12 bond rmsd: 0.001534
  step:  13 bond rmsd: 0.001533
  step:  14 bond rmsd: 0.001533
  step:  15 bond rmsd: 0.001532
  step:  16 bond rmsd: 0.001531
  step:  17 bond rmsd: 0.001530
  step:  18 bond rmsd: 0.001529
  step:  19 bond rmsd: 0.001528
  step:  20 bond rmsd: 0.001526
  step:  21 bond rmsd: 0.001525
  step:  22 bond rmsd: 0.001526
  step:  23 bond rmsd: 0.001526
  step:  24 bond rmsd: 0.001524
  step:  25 bond rmsd: 0.001523
  step:  26 bond rmsd: 0.001521
  step:  27 bond rmsd: 0.001520
  step:  28 bond rmsd: 0.001519
  step:  29 bond rmsd: 0.001518
  step:  30 bond rmsd: 0.001517
  step:  31 bond rmsd: 0.001516
  step:  32 bond rmsd: 0.001516
  step:  33 bond rmsd: 0.001515
  step:  34 bond rmsd: 0.001514
  step:  35 bond rmsd: 0.001510
  step:  36 bond rmsd: 0.001510
  step:  37 bond rmsd: 0.001509
  step:  38 bond rmsd: 0.001508
  step:  39 bond rmsd: 0.001507
  step:  40 bond rmsd: 0.001507
  step:  41 bond rmsd: 0.001506
  step:  42 bond rmsd: 0.001506
  step:  43 bond rmsd: 0.001505
  step:  44 bond rmsd: 0.001505
  step:  45 bond rmsd: 0.001505
  step:  46 bond rmsd: 0.001505
  step:  47 bond rmsd: 0.001507
  step:  48 bond rmsd: 0.001508
  step:  49 bond rmsd: 0.001510
  step:  50 bond rmsd: 0.001511
  step:  51 bond rmsd: 0.001513
  step:  52 bond rmsd: 0.001514
  step:  53 bond rmsd: 0.001516
micro_cycle  49 rmsd(b):  0.0015 rws:  1.000 n_fev: 2552
  step:   1 bond rmsd: 0.001516
  step:   2 bond rmsd: 0.037856
  step:   3 bond rmsd: 0.001512
  step:   4 bond rmsd: 0.001513
  step:   5 bond rmsd: 0.001513
  step:   6 bond rmsd: 0.001514
  step:   7 bond rmsd: 0.001514
  step:   8 bond rmsd: 0.001514
  step:   9 bond rmsd: 0.001514
  step:  10 bond rmsd: 0.001515
  step:  11 bond rmsd: 0.001515
  step:  12 bond rmsd: 0.001515
  step:  13 bond rmsd: 0.001515
  step:  14 bond rmsd: 0.001515
  step:  15 bond rmsd: 0.001515
  step:  16 bond rmsd: 0.001516
  step:  17 bond rmsd: 0.001516
  step:  18 bond rmsd: 0.001516
  step:  19 bond rmsd: 0.001515
  step:  20 bond rmsd: 0.001512
  step:  21 bond rmsd: 0.001512
  step:  22 bond rmsd: 0.001512
  step:  23 bond rmsd: 0.001513
  step:  24 bond rmsd: 0.001514
  step:  25 bond rmsd: 0.001514
  step:  26 bond rmsd: 0.001515
  step:  27 bond rmsd: 0.001515
  step:  28 bond rmsd: 0.001516
  step:  29 bond rmsd: 0.001517
  step:  30 bond rmsd: 0.001517
  step:  31 bond rmsd: 0.001518
  step:  32 bond rmsd: 0.001518
  step:  33 bond rmsd: 0.001519
  step:  34 bond rmsd: 0.001519
  step:  35 bond rmsd: 0.001520
  step:  36 bond rmsd: 0.001521
  step:  37 bond rmsd: 0.001522
  step:  38 bond rmsd: 0.001523
  step:  39 bond rmsd: 0.001525
  step:  40 bond rmsd: 0.001526
  step:  41 bond rmsd: 0.001528
  step:  42 bond rmsd: 0.001529
  step:  43 bond rmsd: 0.001531
  step:  44 bond rmsd: 0.001532
  step:  45 bond rmsd: 0.001532
  step:  46 bond rmsd: 0.001532
  step:  47 bond rmsd: 0.001533
  step:  48 bond rmsd: 0.001533
  step:  49 bond rmsd: 0.001532
  step:  50 bond rmsd: 0.001532
  step:  51 bond rmsd: 0.001532
  step:  52 bond rmsd: 0.001532
micro_cycle  50 rmsd(b):  0.0015 rws:  1.000 n_fev: 2604
See 4_refined.pdb in pdb folder.
Time: 41.5241
