Starting Q|R
version:   v1.0-114-g3318f9  
Running refinement
   input {
     xray_data {
       file_name = None
       labels = None
       high_resolution = None
       low_resolution = None
       outliers_rejection = True
       french_wilson_scale = True
       french_wilson {
         max_bins = 60
         min_bin_size = 40
       }
       sigma_fobs_rejection_criterion = None
       sigma_iobs_rejection_criterion = None
       ignore_all_zeros = True
       force_anomalous_flag_to_be_equal_to = None
       convert_to_non_anomalous_if_ratio_pairs_lone_less_than_threshold = 0.5
       r_free_flags {
         file_name = None
         label = None
         test_flag_value = None
         ignore_r_free_flags = False
         disable_suitability_test = False
         ignore_pdb_hexdigest = False
         generate = False
         fraction = 0.1
         max_free = 2000
         lattice_symmetry_max_delta = 5
         use_lattice_symmetry = True
         use_dataman_shells = False
         n_shells = 20
       }
     }
     pdb {
       file_name = None
     }
     monomers {
       file_name = None
     }
     maps {
       map_file_name = None
       d_min = None
       map_coefficients_file_name = None
       map_coefficients_label = None
     }
     sequence = None
     scattering_table = wk1995 it1992 *n_gaussian neutron electron
     wavelength = None
     energy = None
     twin_law = Auto
   }
   max_atoms = 15000
   debug = False
   cluster {
     charge_cutoff = 8.0
     clustering = false
     charge_embedding = False
     two_buffers = False
     maxnum_residues_in_cluster = 15
     clustering_method = gnc *bcc
     altloc_method = *average subtract
     g_scan = 10 15 20
     g_mode = None
   }
   restraints = cctbx *qm
   quantum {
     engine_name = mopac ani torchani *terachem turbomole pyscf orca gaussian \
                   xtb
     charge = None
     basis = 6-31g
     method = Auto
     memory = None
     nproc = None
     qm_addon = gcp dftd3 gcp-d3
     qm_addon_method = None
   }
   refine {
     dry_run = False
     sf_algorithm = *direct fft
     refinement_target_name = *ml ls_wunit_k1
     mode = *opt refine gtest
     number_of_macro_cycles = 1
     number_of_weight_search_cycles = 50
     number_of_refine_cycles = 5
     number_of_micro_cycles = 1
     data_weight = None
     choose_best_use_r_work = False
     skip_weight_search = False
     adjust_restraints_weight_scale_value = 2
     max_iterations_weight = 50
     max_iterations_refine = 200
     use_ase_lbfgs = False
     line_search = True
     stpmax = 0.7
     gradient_only = true
     update_all_scales = True
     refine_sites = True
     refine_adp = False
     restraints_weight_scale = 1.0
     shake_sites = False
     use_convergence_test = true
     max_bond_rmsd = 0.03
     max_r_work_r_free_gap = 5.0
     r_tolerance = 0.001
     rmsd_tolerance = 0.001
     opt_log = False
     pre_opt = False
     pre_opt_stpmax = 0.1
     pre_opt_iter = 10
     pre_opt_switch = 2
     pre_opt_gconv = 3000
   }
   parallel {
     method = *multiprocessing slurm pbs sge lsf threading
     nproc = None
     qsub_command = None
   }
   output_file_name_prefix = None
   output_folder_name = "pdb"
   shared_disk = True
   rst_file = None
   dump_gradients = None

Setting QM defaults
  Setting QM method to HF


***********************************************************
restart info will be stored in /home/lum/terachem_3nir_opt_6_0.7/terachem_opt/pdb/2.rst.pickle
***********************************************************

  No function available to set charge to 2
  No function available to set basis to 6-31g
  No function available to set method to HF
start   0 rmsd(b):  0.0195 rws:  1.000 n_fev: 0
  step:   1 bond rmsd: 0.019509
/home/lum/qm/TeraChem/bin/terachem ./ase/tmp_ase.sp  >     ./ase/tmp_ase.out  2>&1
  step:   2 bond rmsd: 0.073560
/home/lum/qm/TeraChem/bin/terachem ./ase/tmp_ase.sp  >     ./ase/tmp_ase.out  2>&1
  step:   3 bond rmsd: 0.314943
/home/lum/qm/TeraChem/bin/terachem ./ase/tmp_ase.sp  >     ./ase/tmp_ase.out  2>&1
  step:   4 bond rmsd: 0.073860
/home/lum/qm/TeraChem/bin/terachem ./ase/tmp_ase.sp  >     ./ase/tmp_ase.out  2>&1
  step:   5 bond rmsd: 0.073860
/home/lum/qm/TeraChem/bin/terachem ./ase/tmp_ase.sp  >     ./ase/tmp_ase.out  2>&1
  step:   6 bond rmsd: 0.096327
/home/lum/qm/TeraChem/bin/terachem ./ase/tmp_ase.sp  >     ./ase/tmp_ase.out  2>&1
  step:   7 bond rmsd: 0.073860
/home/lum/qm/TeraChem/bin/terachem ./ase/tmp_ase.sp  >     ./ase/tmp_ase.out  2>&1
  step:   8 bond rmsd: 0.082779
/home/lum/qm/TeraChem/bin/terachem ./ase/tmp_ase.sp  >     ./ase/tmp_ase.out  2>&1
  step:   9 bond rmsd: 0.073860
/home/lum/qm/TeraChem/bin/terachem ./ase/tmp_ase.sp  >     ./ase/tmp_ase.out  2>&1
  step:  10 bond rmsd: 0.072672
/home/lum/qm/TeraChem/bin/terachem ./ase/tmp_ase.sp  >     ./ase/tmp_ase.out  2>&1
  step:  11 bond rmsd: 0.072672
/home/lum/qm/TeraChem/bin/terachem ./ase/tmp_ase.sp  >     ./ase/tmp_ase.out  2>&1
  step:  12 bond rmsd: 0.025599
/home/lum/qm/TeraChem/bin/terachem ./ase/tmp_ase.sp  >     ./ase/tmp_ase.out  2>&1
  step:  13 bond rmsd: 0.015555
/home/lum/qm/TeraChem/bin/terachem ./ase/tmp_ase.sp  >     ./ase/tmp_ase.out  2>&1
  step:  14 bond rmsd: 0.013427
/home/lum/qm/TeraChem/bin/terachem ./ase/tmp_ase.sp  >     ./ase/tmp_ase.out  2>&1
  step:  15 bond rmsd: 0.013463
/home/lum/qm/TeraChem/bin/terachem ./ase/tmp_ase.sp  >     ./ase/tmp_ase.out  2>&1
  step:  16 bond rmsd: 0.014041
/home/lum/qm/TeraChem/bin/terachem ./ase/tmp_ase.sp  >     ./ase/tmp_ase.out  2>&1
  step:  17 bond rmsd: 0.014820
/home/lum/qm/TeraChem/bin/terachem ./ase/tmp_ase.sp  >     ./ase/tmp_ase.out  2>&1
  step:  18 bond rmsd: 0.014591
/home/lum/qm/TeraChem/bin/terachem ./ase/tmp_ase.sp  >     ./ase/tmp_ase.out  2>&1
  step:  19 bond rmsd: 0.014543
/home/lum/qm/TeraChem/bin/terachem ./ase/tmp_ase.sp  >     ./ase/tmp_ase.out  2>&1
  step:  20 bond rmsd: 0.014391
/home/lum/qm/TeraChem/bin/terachem ./ase/tmp_ase.sp  >     ./ase/tmp_ase.out  2>&1
  step:  21 bond rmsd: 0.014243
/home/lum/qm/TeraChem/bin/terachem ./ase/tmp_ase.sp  >     ./ase/tmp_ase.out  2>&1
  step:  22 bond rmsd: 0.014036
/home/lum/qm/TeraChem/bin/terachem ./ase/tmp_ase.sp  >     ./ase/tmp_ase.out  2>&1
  step:  23 bond rmsd: 0.014373
/home/lum/qm/TeraChem/bin/terachem ./ase/tmp_ase.sp  >     ./ase/tmp_ase.out  2>&1
  step:  24 bond rmsd: 0.014050
/home/lum/qm/TeraChem/bin/terachem ./ase/tmp_ase.sp  >     ./ase/tmp_ase.out  2>&1
  step:  25 bond rmsd: 0.014060
/home/lum/qm/TeraChem/bin/terachem ./ase/tmp_ase.sp  >     ./ase/tmp_ase.out  2>&1
  step:  26 bond rmsd: 0.014304
/home/lum/qm/TeraChem/bin/terachem ./ase/tmp_ase.sp  >     ./ase/tmp_ase.out  2>&1
  step:  27 bond rmsd: 0.014331
/home/lum/qm/TeraChem/bin/terachem ./ase/tmp_ase.sp  >     ./ase/tmp_ase.out  2>&1
  step:  28 bond rmsd: 0.014517
/home/lum/qm/TeraChem/bin/terachem ./ase/tmp_ase.sp  >     ./ase/tmp_ase.out  2>&1
  step:  29 bond rmsd: 0.014524
/home/lum/qm/TeraChem/bin/terachem ./ase/tmp_ase.sp  >     ./ase/tmp_ase.out  2>&1
  step:  30 bond rmsd: 0.014529
/home/lum/qm/TeraChem/bin/terachem ./ase/tmp_ase.sp  >     ./ase/tmp_ase.out  2>&1
  step:  31 bond rmsd: 0.014611
/home/lum/qm/TeraChem/bin/terachem ./ase/tmp_ase.sp  >     ./ase/tmp_ase.out  2>&1
  step:  32 bond rmsd: 0.014389
/home/lum/qm/TeraChem/bin/terachem ./ase/tmp_ase.sp  >     ./ase/tmp_ase.out  2>&1
  step:  33 bond rmsd: 0.014607
/home/lum/qm/TeraChem/bin/terachem ./ase/tmp_ase.sp  >     ./ase/tmp_ase.out  2>&1
  step:  34 bond rmsd: 0.014712
/home/lum/qm/TeraChem/bin/terachem ./ase/tmp_ase.sp  >     ./ase/tmp_ase.out  2>&1
  step:  35 bond rmsd: 0.014757
/home/lum/qm/TeraChem/bin/terachem ./ase/tmp_ase.sp  >     ./ase/tmp_ase.out  2>&1
  step:  36 bond rmsd: 0.015156
/home/lum/qm/TeraChem/bin/terachem ./ase/tmp_ase.sp  >     ./ase/tmp_ase.out  2>&1
  step:  37 bond rmsd: 0.015220
/home/lum/qm/TeraChem/bin/terachem ./ase/tmp_ase.sp  >     ./ase/tmp_ase.out  2>&1
  step:  38 bond rmsd: 0.015239
/home/lum/qm/TeraChem/bin/terachem ./ase/tmp_ase.sp  >     ./ase/tmp_ase.out  2>&1
  step:  39 bond rmsd: 0.015174
/home/lum/qm/TeraChem/bin/terachem ./ase/tmp_ase.sp  >     ./ase/tmp_ase.out  2>&1
  step:  40 bond rmsd: 0.015247
/home/lum/qm/TeraChem/bin/terachem ./ase/tmp_ase.sp  >     ./ase/tmp_ase.out  2>&1
  step:  41 bond rmsd: 0.015038
/home/lum/qm/TeraChem/bin/terachem ./ase/tmp_ase.sp  >     ./ase/tmp_ase.out  2>&1
  step:  42 bond rmsd: 0.014844
/home/lum/qm/TeraChem/bin/terachem ./ase/tmp_ase.sp  >     ./ase/tmp_ase.out  2>&1
  step:  43 bond rmsd: 0.014700
/home/lum/qm/TeraChem/bin/terachem ./ase/tmp_ase.sp  >     ./ase/tmp_ase.out  2>&1
  step:  44 bond rmsd: 0.014605
/home/lum/qm/TeraChem/bin/terachem ./ase/tmp_ase.sp  >     ./ase/tmp_ase.out  2>&1
  step:  45 bond rmsd: 0.014407
/home/lum/qm/TeraChem/bin/terachem ./ase/tmp_ase.sp  >     ./ase/tmp_ase.out  2>&1
  step:  46 bond rmsd: 0.014385
/home/lum/qm/TeraChem/bin/terachem ./ase/tmp_ase.sp  >     ./ase/tmp_ase.out  2>&1
  step:  47 bond rmsd: 0.014417
/home/lum/qm/TeraChem/bin/terachem ./ase/tmp_ase.sp  >     ./ase/tmp_ase.out  2>&1
  step:  48 bond rmsd: 0.014484
/home/lum/qm/TeraChem/bin/terachem ./ase/tmp_ase.sp  >     ./ase/tmp_ase.out  2>&1
  step:  49 bond rmsd: 0.014504
/home/lum/qm/TeraChem/bin/terachem ./ase/tmp_ase.sp  >     ./ase/tmp_ase.out  2>&1
  step:  50 bond rmsd: 0.014433
/home/lum/qm/TeraChem/bin/terachem ./ase/tmp_ase.sp  >     ./ase/tmp_ase.out  2>&1
  step:  51 bond rmsd: 0.014669
/home/lum/qm/TeraChem/bin/terachem ./ase/tmp_ase.sp  >     ./ase/tmp_ase.out  2>&1
  step:  52 bond rmsd: 0.014638
/home/lum/qm/TeraChem/bin/terachem ./ase/tmp_ase.sp  >     ./ase/tmp_ase.out  2>&1
  step:  53 bond rmsd: 0.014596
/home/lum/qm/TeraChem/bin/terachem ./ase/tmp_ase.sp  >     ./ase/tmp_ase.out  2>&1
  step:  54 bond rmsd: 0.014759
/home/lum/qm/TeraChem/bin/terachem ./ase/tmp_ase.sp  >     ./ase/tmp_ase.out  2>&1
  step:  55 bond rmsd: 0.014714
/home/lum/qm/TeraChem/bin/terachem ./ase/tmp_ase.sp  >     ./ase/tmp_ase.out  2>&1
  step:  56 bond rmsd: 0.014709
/home/lum/qm/TeraChem/bin/terachem ./ase/tmp_ase.sp  >     ./ase/tmp_ase.out  2>&1
  step:  57 bond rmsd: 0.014836
/home/lum/qm/TeraChem/bin/terachem ./ase/tmp_ase.sp  >     ./ase/tmp_ase.out  2>&1
  step:  58 bond rmsd: 0.014623
/home/lum/qm/TeraChem/bin/terachem ./ase/tmp_ase.sp  >     ./ase/tmp_ase.out  2>&1
  step:  59 bond rmsd: 0.014532
/home/lum/qm/TeraChem/bin/terachem ./ase/tmp_ase.sp  >     ./ase/tmp_ase.out  2>&1
  step:  60 bond rmsd: 0.014545
/home/lum/qm/TeraChem/bin/terachem ./ase/tmp_ase.sp  >     ./ase/tmp_ase.out  2>&1
  step:  61 bond rmsd: 0.014337
/home/lum/qm/TeraChem/bin/terachem ./ase/tmp_ase.sp  >     ./ase/tmp_ase.out  2>&1
  step:  62 bond rmsd: 0.014225
/home/lum/qm/TeraChem/bin/terachem ./ase/tmp_ase.sp  >     ./ase/tmp_ase.out  2>&1
  step:  63 bond rmsd: 0.014390
/home/lum/qm/TeraChem/bin/terachem ./ase/tmp_ase.sp  >     ./ase/tmp_ase.out  2>&1
  step:  64 bond rmsd: 0.014402
/home/lum/qm/TeraChem/bin/terachem ./ase/tmp_ase.sp  >     ./ase/tmp_ase.out  2>&1
  step:  65 bond rmsd: 0.014509
/home/lum/qm/TeraChem/bin/terachem ./ase/tmp_ase.sp  >     ./ase/tmp_ase.out  2>&1
  step:  66 bond rmsd: 0.014823
/home/lum/qm/TeraChem/bin/terachem ./ase/tmp_ase.sp  >     ./ase/tmp_ase.out  2>&1
  step:  67 bond rmsd: 0.014822
/home/lum/qm/TeraChem/bin/terachem ./ase/tmp_ase.sp  >     ./ase/tmp_ase.out  2>&1
  step:  68 bond rmsd: 0.014857
/home/lum/qm/TeraChem/bin/terachem ./ase/tmp_ase.sp  >     ./ase/tmp_ase.out  2>&1
  step:  69 bond rmsd: 0.014982
/home/lum/qm/TeraChem/bin/terachem ./ase/tmp_ase.sp  >     ./ase/tmp_ase.out  2>&1
  step:  70 bond rmsd: 0.014906
/home/lum/qm/TeraChem/bin/terachem ./ase/tmp_ase.sp  >     ./ase/tmp_ase.out  2>&1
  step:  71 bond rmsd: 0.014849
/home/lum/qm/TeraChem/bin/terachem ./ase/tmp_ase.sp  >     ./ase/tmp_ase.out  2>&1
  step:  72 bond rmsd: 0.014910
/home/lum/qm/TeraChem/bin/terachem ./ase/tmp_ase.sp  >     ./ase/tmp_ase.out  2>&1
  step:  73 bond rmsd: 0.014818
/home/lum/qm/TeraChem/bin/terachem ./ase/tmp_ase.sp  >     ./ase/tmp_ase.out  2>&1
  step:  74 bond rmsd: 0.014790
/home/lum/qm/TeraChem/bin/terachem ./ase/tmp_ase.sp  >     ./ase/tmp_ase.out  2>&1
  step:  75 bond rmsd: 0.014768
/home/lum/qm/TeraChem/bin/terachem ./ase/tmp_ase.sp  >     ./ase/tmp_ase.out  2>&1
  step:  76 bond rmsd: 0.014726
/home/lum/qm/TeraChem/bin/terachem ./ase/tmp_ase.sp  >     ./ase/tmp_ase.out  2>&1
  step:  77 bond rmsd: 0.014704
/home/lum/qm/TeraChem/bin/terachem ./ase/tmp_ase.sp  >     ./ase/tmp_ase.out  2>&1
  step:  78 bond rmsd: 0.014674
/home/lum/qm/TeraChem/bin/terachem ./ase/tmp_ase.sp  >     ./ase/tmp_ase.out  2>&1
  step:  79 bond rmsd: 0.014652
/home/lum/qm/TeraChem/bin/terachem ./ase/tmp_ase.sp  >     ./ase/tmp_ase.out  2>&1
  step:  80 bond rmsd: 0.014613
/home/lum/qm/TeraChem/bin/terachem ./ase/tmp_ase.sp  >     ./ase/tmp_ase.out  2>&1
  step:  81 bond rmsd: 0.014869
/home/lum/qm/TeraChem/bin/terachem ./ase/tmp_ase.sp  >     ./ase/tmp_ase.out  2>&1
  step:  82 bond rmsd: 0.014731
/home/lum/qm/TeraChem/bin/terachem ./ase/tmp_ase.sp  >     ./ase/tmp_ase.out  2>&1
  step:  83 bond rmsd: 0.014690
/home/lum/qm/TeraChem/bin/terachem ./ase/tmp_ase.sp  >     ./ase/tmp_ase.out  2>&1
  step:  84 bond rmsd: 0.014725
/home/lum/qm/TeraChem/bin/terachem ./ase/tmp_ase.sp  >     ./ase/tmp_ase.out  2>&1
  step:  85 bond rmsd: 0.014779
/home/lum/qm/TeraChem/bin/terachem ./ase/tmp_ase.sp  >     ./ase/tmp_ase.out  2>&1
  step:  86 bond rmsd: 0.014981
/home/lum/qm/TeraChem/bin/terachem ./ase/tmp_ase.sp  >     ./ase/tmp_ase.out  2>&1
  step:  87 bond rmsd: 0.014990
/home/lum/qm/TeraChem/bin/terachem ./ase/tmp_ase.sp  >     ./ase/tmp_ase.out  2>&1
  step:  88 bond rmsd: 0.014997
/home/lum/qm/TeraChem/bin/terachem ./ase/tmp_ase.sp  >     ./ase/tmp_ase.out  2>&1
  step:  89 bond rmsd: 0.015002
/home/lum/qm/TeraChem/bin/terachem ./ase/tmp_ase.sp  >     ./ase/tmp_ase.out  2>&1
  step:  90 bond rmsd: 0.014971
/home/lum/qm/TeraChem/bin/terachem ./ase/tmp_ase.sp  >     ./ase/tmp_ase.out  2>&1
  step:  91 bond rmsd: 0.014959
/home/lum/qm/TeraChem/bin/terachem ./ase/tmp_ase.sp  >     ./ase/tmp_ase.out  2>&1
  step:  92 bond rmsd: 0.014937
/home/lum/qm/TeraChem/bin/terachem ./ase/tmp_ase.sp  >     ./ase/tmp_ase.out  2>&1
  step:  93 bond rmsd: 0.014914
/home/lum/qm/TeraChem/bin/terachem ./ase/tmp_ase.sp  >     ./ase/tmp_ase.out  2>&1
  step:  94 bond rmsd: 0.014882
/home/lum/qm/TeraChem/bin/terachem ./ase/tmp_ase.sp  >     ./ase/tmp_ase.out  2>&1
  step:  95 bond rmsd: 0.014900
/home/lum/qm/TeraChem/bin/terachem ./ase/tmp_ase.sp  >     ./ase/tmp_ase.out  2>&1
  step:  96 bond rmsd: 0.014807
/home/lum/qm/TeraChem/bin/terachem ./ase/tmp_ase.sp  >     ./ase/tmp_ase.out  2>&1
  step:  97 bond rmsd: 0.014810
/home/lum/qm/TeraChem/bin/terachem ./ase/tmp_ase.sp  >     ./ase/tmp_ase.out  2>&1
  step:  98 bond rmsd: 0.014865
/home/lum/qm/TeraChem/bin/terachem ./ase/tmp_ase.sp  >     ./ase/tmp_ase.out  2>&1
  step:  99 bond rmsd: 0.014855
/home/lum/qm/TeraChem/bin/terachem ./ase/tmp_ase.sp  >     ./ase/tmp_ase.out  2>&1
  step: 100 bond rmsd: 0.014896
/home/lum/qm/TeraChem/bin/terachem ./ase/tmp_ase.sp  >     ./ase/tmp_ase.out  2>&1
  step: 101 bond rmsd: 0.014932
/home/lum/qm/TeraChem/bin/terachem ./ase/tmp_ase.sp  >     ./ase/tmp_ase.out  2>&1
  step: 102 bond rmsd: 0.014985
/home/lum/qm/TeraChem/bin/terachem ./ase/tmp_ase.sp  >     ./ase/tmp_ase.out  2>&1
  step: 103 bond rmsd: 0.014950
/home/lum/qm/TeraChem/bin/terachem ./ase/tmp_ase.sp  >     ./ase/tmp_ase.out  2>&1
  step: 104 bond rmsd: 0.015109
/home/lum/qm/TeraChem/bin/terachem ./ase/tmp_ase.sp  >     ./ase/tmp_ase.out  2>&1
  step: 105 bond rmsd: 0.015045
/home/lum/qm/TeraChem/bin/terachem ./ase/tmp_ase.sp  >     ./ase/tmp_ase.out  2>&1
  step: 106 bond rmsd: 0.014928
/home/lum/qm/TeraChem/bin/terachem ./ase/tmp_ase.sp  >     ./ase/tmp_ase.out  2>&1
  step: 107 bond rmsd: 0.015028
/home/lum/qm/TeraChem/bin/terachem ./ase/tmp_ase.sp  >     ./ase/tmp_ase.out  2>&1
  step: 108 bond rmsd: 0.014897
/home/lum/qm/TeraChem/bin/terachem ./ase/tmp_ase.sp  >     ./ase/tmp_ase.out  2>&1
  step: 109 bond rmsd: 0.014859
/home/lum/qm/TeraChem/bin/terachem ./ase/tmp_ase.sp  >     ./ase/tmp_ase.out  2>&1
  step: 110 bond rmsd: 0.014781
/home/lum/qm/TeraChem/bin/terachem ./ase/tmp_ase.sp  >     ./ase/tmp_ase.out  2>&1
  step: 111 bond rmsd: 0.014760
/home/lum/qm/TeraChem/bin/terachem ./ase/tmp_ase.sp  >     ./ase/tmp_ase.out  2>&1
  step: 112 bond rmsd: 0.014795
/home/lum/qm/TeraChem/bin/terachem ./ase/tmp_ase.sp  >     ./ase/tmp_ase.out  2>&1
  step: 113 bond rmsd: 0.014787
/home/lum/qm/TeraChem/bin/terachem ./ase/tmp_ase.sp  >     ./ase/tmp_ase.out  2>&1
  step: 114 bond rmsd: 0.014829
/home/lum/qm/TeraChem/bin/terachem ./ase/tmp_ase.sp  >     ./ase/tmp_ase.out  2>&1
  step: 115 bond rmsd: 0.014808
/home/lum/qm/TeraChem/bin/terachem ./ase/tmp_ase.sp  >     ./ase/tmp_ase.out  2>&1
  step: 116 bond rmsd: 0.014775
/home/lum/qm/TeraChem/bin/terachem ./ase/tmp_ase.sp  >     ./ase/tmp_ase.out  2>&1
  step: 117 bond rmsd: 0.014884
/home/lum/qm/TeraChem/bin/terachem ./ase/tmp_ase.sp  >     ./ase/tmp_ase.out  2>&1
  step: 118 bond rmsd: 0.014651
/home/lum/qm/TeraChem/bin/terachem ./ase/tmp_ase.sp  >     ./ase/tmp_ase.out  2>&1
  step: 119 bond rmsd: 0.014745
/home/lum/qm/TeraChem/bin/terachem ./ase/tmp_ase.sp  >     ./ase/tmp_ase.out  2>&1
  step: 120 bond rmsd: 0.014851
/home/lum/qm/TeraChem/bin/terachem ./ase/tmp_ase.sp  >     ./ase/tmp_ase.out  2>&1
  step: 121 bond rmsd: 0.014924
/home/lum/qm/TeraChem/bin/terachem ./ase/tmp_ase.sp  >     ./ase/tmp_ase.out  2>&1
  step: 122 bond rmsd: 0.014991
/home/lum/qm/TeraChem/bin/terachem ./ase/tmp_ase.sp  >     ./ase/tmp_ase.out  2>&1
  step: 123 bond rmsd: 0.015003
/home/lum/qm/TeraChem/bin/terachem ./ase/tmp_ase.sp  >     ./ase/tmp_ase.out  2>&1
  step: 124 bond rmsd: 0.015027
/home/lum/qm/TeraChem/bin/terachem ./ase/tmp_ase.sp  >     ./ase/tmp_ase.out  2>&1
  step: 125 bond rmsd: 0.014998
/home/lum/qm/TeraChem/bin/terachem ./ase/tmp_ase.sp  >     ./ase/tmp_ase.out  2>&1
  step: 126 bond rmsd: 0.015005
/home/lum/qm/TeraChem/bin/terachem ./ase/tmp_ase.sp  >     ./ase/tmp_ase.out  2>&1
  step: 127 bond rmsd: 0.014657
/home/lum/qm/TeraChem/bin/terachem ./ase/tmp_ase.sp  >     ./ase/tmp_ase.out  2>&1
  step: 128 bond rmsd: 0.014737
/home/lum/qm/TeraChem/bin/terachem ./ase/tmp_ase.sp  >     ./ase/tmp_ase.out  2>&1
  step: 129 bond rmsd: 0.014827
/home/lum/qm/TeraChem/bin/terachem ./ase/tmp_ase.sp  >     ./ase/tmp_ase.out  2>&1
  step: 130 bond rmsd: 0.014872
/home/lum/qm/TeraChem/bin/terachem ./ase/tmp_ase.sp  >     ./ase/tmp_ase.out  2>&1
  step: 131 bond rmsd: 0.014935
/home/lum/qm/TeraChem/bin/terachem ./ase/tmp_ase.sp  >     ./ase/tmp_ase.out  2>&1
  step: 132 bond rmsd: 0.014882
/home/lum/qm/TeraChem/bin/terachem ./ase/tmp_ase.sp  >     ./ase/tmp_ase.out  2>&1
  step: 133 bond rmsd: 0.014833
/home/lum/qm/TeraChem/bin/terachem ./ase/tmp_ase.sp  >     ./ase/tmp_ase.out  2>&1
  step: 134 bond rmsd: 0.014682
/home/lum/qm/TeraChem/bin/terachem ./ase/tmp_ase.sp  >     ./ase/tmp_ase.out  2>&1
  step: 135 bond rmsd: 0.014778
/home/lum/qm/TeraChem/bin/terachem ./ase/tmp_ase.sp  >     ./ase/tmp_ase.out  2>&1
  step: 136 bond rmsd: 0.014750
/home/lum/qm/TeraChem/bin/terachem ./ase/tmp_ase.sp  >     ./ase/tmp_ase.out  2>&1
  step: 137 bond rmsd: 0.014953
/home/lum/qm/TeraChem/bin/terachem ./ase/tmp_ase.sp  >     ./ase/tmp_ase.out  2>&1
  step: 138 bond rmsd: 0.014874
/home/lum/qm/TeraChem/bin/terachem ./ase/tmp_ase.sp  >     ./ase/tmp_ase.out  2>&1
  step: 139 bond rmsd: 0.014907
/home/lum/qm/TeraChem/bin/terachem ./ase/tmp_ase.sp  >     ./ase/tmp_ase.out  2>&1
  step: 140 bond rmsd: 0.014935
/home/lum/qm/TeraChem/bin/terachem ./ase/tmp_ase.sp  >     ./ase/tmp_ase.out  2>&1
  step: 141 bond rmsd: 0.015197
/home/lum/qm/TeraChem/bin/terachem ./ase/tmp_ase.sp  >     ./ase/tmp_ase.out  2>&1
  step: 142 bond rmsd: 0.015127
/home/lum/qm/TeraChem/bin/terachem ./ase/tmp_ase.sp  >     ./ase/tmp_ase.out  2>&1
  step: 143 bond rmsd: 0.015011
/home/lum/qm/TeraChem/bin/terachem ./ase/tmp_ase.sp  >     ./ase/tmp_ase.out  2>&1
  step: 144 bond rmsd: 0.014973
/home/lum/qm/TeraChem/bin/terachem ./ase/tmp_ase.sp  >     ./ase/tmp_ase.out  2>&1
  step: 145 bond rmsd: 0.014803
/home/lum/qm/TeraChem/bin/terachem ./ase/tmp_ase.sp  >     ./ase/tmp_ase.out  2>&1
  step: 146 bond rmsd: 0.014846
/home/lum/qm/TeraChem/bin/terachem ./ase/tmp_ase.sp  >     ./ase/tmp_ase.out  2>&1
  step: 147 bond rmsd: 0.014926
/home/lum/qm/TeraChem/bin/terachem ./ase/tmp_ase.sp  >     ./ase/tmp_ase.out  2>&1
  step: 148 bond rmsd: 0.014964
/home/lum/qm/TeraChem/bin/terachem ./ase/tmp_ase.sp  >     ./ase/tmp_ase.out  2>&1
  step: 149 bond rmsd: 0.015133
/home/lum/qm/TeraChem/bin/terachem ./ase/tmp_ase.sp  >     ./ase/tmp_ase.out  2>&1
  step: 150 bond rmsd: 0.015098
/home/lum/qm/TeraChem/bin/terachem ./ase/tmp_ase.sp  >     ./ase/tmp_ase.out  2>&1
  step: 151 bond rmsd: 0.015073
/home/lum/qm/TeraChem/bin/terachem ./ase/tmp_ase.sp  >     ./ase/tmp_ase.out  2>&1
  step: 152 bond rmsd: 0.015098
/home/lum/qm/TeraChem/bin/terachem ./ase/tmp_ase.sp  >     ./ase/tmp_ase.out  2>&1
  step: 153 bond rmsd: 0.015127
/home/lum/qm/TeraChem/bin/terachem ./ase/tmp_ase.sp  >     ./ase/tmp_ase.out  2>&1
  step: 154 bond rmsd: 0.015158
/home/lum/qm/TeraChem/bin/terachem ./ase/tmp_ase.sp  >     ./ase/tmp_ase.out  2>&1
  step: 155 bond rmsd: 0.015227
/home/lum/qm/TeraChem/bin/terachem ./ase/tmp_ase.sp  >     ./ase/tmp_ase.out  2>&1
  step: 156 bond rmsd: 0.015220
/home/lum/qm/TeraChem/bin/terachem ./ase/tmp_ase.sp  >     ./ase/tmp_ase.out  2>&1
  step: 157 bond rmsd: 0.015237
/home/lum/qm/TeraChem/bin/terachem ./ase/tmp_ase.sp  >     ./ase/tmp_ase.out  2>&1
  step: 158 bond rmsd: 0.015238
/home/lum/qm/TeraChem/bin/terachem ./ase/tmp_ase.sp  >     ./ase/tmp_ase.out  2>&1
  step: 159 bond rmsd: 0.015187
/home/lum/qm/TeraChem/bin/terachem ./ase/tmp_ase.sp  >     ./ase/tmp_ase.out  2>&1
  step: 160 bond rmsd: 0.015168
/home/lum/qm/TeraChem/bin/terachem ./ase/tmp_ase.sp  >     ./ase/tmp_ase.out  2>&1
  step: 161 bond rmsd: 0.015113
/home/lum/qm/TeraChem/bin/terachem ./ase/tmp_ase.sp  >     ./ase/tmp_ase.out  2>&1
  step: 162 bond rmsd: 0.015023
/home/lum/qm/TeraChem/bin/terachem ./ase/tmp_ase.sp  >     ./ase/tmp_ase.out  2>&1
  step: 163 bond rmsd: 0.015006
/home/lum/qm/TeraChem/bin/terachem ./ase/tmp_ase.sp  >     ./ase/tmp_ase.out  2>&1
  step: 164 bond rmsd: 0.014945
/home/lum/qm/TeraChem/bin/terachem ./ase/tmp_ase.sp  >     ./ase/tmp_ase.out  2>&1
  step: 165 bond rmsd: 0.014929
/home/lum/qm/TeraChem/bin/terachem ./ase/tmp_ase.sp  >     ./ase/tmp_ase.out  2>&1
  step: 166 bond rmsd: 0.014951
/home/lum/qm/TeraChem/bin/terachem ./ase/tmp_ase.sp  >     ./ase/tmp_ase.out  2>&1
  step: 167 bond rmsd: 0.014957
/home/lum/qm/TeraChem/bin/terachem ./ase/tmp_ase.sp  >     ./ase/tmp_ase.out  2>&1
  step: 168 bond rmsd: 0.014972
/home/lum/qm/TeraChem/bin/terachem ./ase/tmp_ase.sp  >     ./ase/tmp_ase.out  2>&1
  step: 169 bond rmsd: 0.015021
/home/lum/qm/TeraChem/bin/terachem ./ase/tmp_ase.sp  >     ./ase/tmp_ase.out  2>&1
  step: 170 bond rmsd: 0.015011
/home/lum/qm/TeraChem/bin/terachem ./ase/tmp_ase.sp  >     ./ase/tmp_ase.out  2>&1
  step: 171 bond rmsd: 0.015017
/home/lum/qm/TeraChem/bin/terachem ./ase/tmp_ase.sp  >     ./ase/tmp_ase.out  2>&1
  step: 172 bond rmsd: 0.015008
/home/lum/qm/TeraChem/bin/terachem ./ase/tmp_ase.sp  >     ./ase/tmp_ase.out  2>&1
  step: 173 bond rmsd: 0.014990
/home/lum/qm/TeraChem/bin/terachem ./ase/tmp_ase.sp  >     ./ase/tmp_ase.out  2>&1
  step: 174 bond rmsd: 0.014969
/home/lum/qm/TeraChem/bin/terachem ./ase/tmp_ase.sp  >     ./ase/tmp_ase.out  2>&1
  step: 175 bond rmsd: 0.014957
/home/lum/qm/TeraChem/bin/terachem ./ase/tmp_ase.sp  >     ./ase/tmp_ase.out  2>&1
  step: 176 bond rmsd: 0.014927
/home/lum/qm/TeraChem/bin/terachem ./ase/tmp_ase.sp  >     ./ase/tmp_ase.out  2>&1
  step: 177 bond rmsd: 0.014934
/home/lum/qm/TeraChem/bin/terachem ./ase/tmp_ase.sp  >     ./ase/tmp_ase.out  2>&1
  step: 178 bond rmsd: 0.014908
/home/lum/qm/TeraChem/bin/terachem ./ase/tmp_ase.sp  >     ./ase/tmp_ase.out  2>&1
  step: 179 bond rmsd: 0.014880
/home/lum/qm/TeraChem/bin/terachem ./ase/tmp_ase.sp  >     ./ase/tmp_ase.out  2>&1
  step: 180 bond rmsd: 0.014884
/home/lum/qm/TeraChem/bin/terachem ./ase/tmp_ase.sp  >     ./ase/tmp_ase.out  2>&1
  step: 181 bond rmsd: 0.014835
/home/lum/qm/TeraChem/bin/terachem ./ase/tmp_ase.sp  >     ./ase/tmp_ase.out  2>&1
  step: 182 bond rmsd: 0.014862
/home/lum/qm/TeraChem/bin/terachem ./ase/tmp_ase.sp  >     ./ase/tmp_ase.out  2>&1
  step: 183 bond rmsd: 0.014895
/home/lum/qm/TeraChem/bin/terachem ./ase/tmp_ase.sp  >     ./ase/tmp_ase.out  2>&1
  step: 184 bond rmsd: 0.014957
/home/lum/qm/TeraChem/bin/terachem ./ase/tmp_ase.sp  >     ./ase/tmp_ase.out  2>&1
  step: 185 bond rmsd: 0.014944
/home/lum/qm/TeraChem/bin/terachem ./ase/tmp_ase.sp  >     ./ase/tmp_ase.out  2>&1
  step: 186 bond rmsd: 0.014975
/home/lum/qm/TeraChem/bin/terachem ./ase/tmp_ase.sp  >     ./ase/tmp_ase.out  2>&1
  step: 187 bond rmsd: 0.015012
/home/lum/qm/TeraChem/bin/terachem ./ase/tmp_ase.sp  >     ./ase/tmp_ase.out  2>&1
  step: 188 bond rmsd: 0.015019
/home/lum/qm/TeraChem/bin/terachem ./ase/tmp_ase.sp  >     ./ase/tmp_ase.out  2>&1
  step: 189 bond rmsd: 0.015039
/home/lum/qm/TeraChem/bin/terachem ./ase/tmp_ase.sp  >     ./ase/tmp_ase.out  2>&1
  step: 190 bond rmsd: 0.015029
/home/lum/qm/TeraChem/bin/terachem ./ase/tmp_ase.sp  >     ./ase/tmp_ase.out  2>&1
  step: 191 bond rmsd: 0.015050
/home/lum/qm/TeraChem/bin/terachem ./ase/tmp_ase.sp  >     ./ase/tmp_ase.out  2>&1
  step: 192 bond rmsd: 0.015044
/home/lum/qm/TeraChem/bin/terachem ./ase/tmp_ase.sp  >     ./ase/tmp_ase.out  2>&1
  step: 193 bond rmsd: 0.015002
/home/lum/qm/TeraChem/bin/terachem ./ase/tmp_ase.sp  >     ./ase/tmp_ase.out  2>&1
  step: 194 bond rmsd: 0.015087
/home/lum/qm/TeraChem/bin/terachem ./ase/tmp_ase.sp  >     ./ase/tmp_ase.out  2>&1
  step: 195 bond rmsd: 0.015012
/home/lum/qm/TeraChem/bin/terachem ./ase/tmp_ase.sp  >     ./ase/tmp_ase.out  2>&1
  step: 196 bond rmsd: 0.014962
/home/lum/qm/TeraChem/bin/terachem ./ase/tmp_ase.sp  >     ./ase/tmp_ase.out  2>&1
  step: 197 bond rmsd: 0.014961
/home/lum/qm/TeraChem/bin/terachem ./ase/tmp_ase.sp  >     ./ase/tmp_ase.out  2>&1
  step: 198 bond rmsd: 0.014906
/home/lum/qm/TeraChem/bin/terachem ./ase/tmp_ase.sp  >     ./ase/tmp_ase.out  2>&1
  step: 199 bond rmsd: 0.014906
/home/lum/qm/TeraChem/bin/terachem ./ase/tmp_ase.sp  >     ./ase/tmp_ase.out  2>&1
  step: 200 bond rmsd: 0.014896
/home/lum/qm/TeraChem/bin/terachem ./ase/tmp_ase.sp  >     ./ase/tmp_ase.out  2>&1
  step: 201 bond rmsd: 0.014899
/home/lum/qm/TeraChem/bin/terachem ./ase/tmp_ase.sp  >     ./ase/tmp_ase.out  2>&1
  step: 202 bond rmsd: 0.014896
/home/lum/qm/TeraChem/bin/terachem ./ase/tmp_ase.sp  >     ./ase/tmp_ase.out  2>&1
  step: 203 bond rmsd: 0.014896
/home/lum/qm/TeraChem/bin/terachem ./ase/tmp_ase.sp  >     ./ase/tmp_ase.out  2>&1
  step: 204 bond rmsd: 0.014899
/home/lum/qm/TeraChem/bin/terachem ./ase/tmp_ase.sp  >     ./ase/tmp_ase.out  2>&1
  step: 205 bond rmsd: 0.014919
/home/lum/qm/TeraChem/bin/terachem ./ase/tmp_ase.sp  >     ./ase/tmp_ase.out  2>&1
  step: 206 bond rmsd: 0.014915
/home/lum/qm/TeraChem/bin/terachem ./ase/tmp_ase.sp  >     ./ase/tmp_ase.out  2>&1
micro_cycle   1 rmsd(b):  0.0149 rws:  1.000 n_fev: 206
See 2_refined.pdb in pdb folder.
Time: 16037.6788
