Starting Q|R
Running refinement
   input {
     xray_data {
       file_name = None
       labels = None
       high_resolution = None
       low_resolution = None
       outliers_rejection = True
       french_wilson_scale = True
       french_wilson {
         max_bins = 60
         min_bin_size = 40
       }
       sigma_fobs_rejection_criterion = None
       sigma_iobs_rejection_criterion = None
       ignore_all_zeros = True
       force_anomalous_flag_to_be_equal_to = None
       convert_to_non_anomalous_if_ratio_pairs_lone_less_than_threshold = 0.5
       r_free_flags {
         file_name = None
         label = None
         test_flag_value = None
         ignore_r_free_flags = False
         disable_suitability_test = False
         ignore_pdb_hexdigest = False
         generate = False
         fraction = 0.1
         max_free = 2000
         lattice_symmetry_max_delta = 5
         use_lattice_symmetry = True
         use_dataman_shells = False
         n_shells = 20
       }
     }
     pdb {
       file_name = None
     }
     monomers {
       file_name = None
     }
     maps {
       map_file_name = None
       d_min = None
       map_coefficients_file_name = None
       map_coefficients_label = None
     }
     sequence = None
     scattering_table = wk1995 it1992 *n_gaussian neutron electron
     wavelength = None
     energy = None
     twin_law = Auto
   }
   max_atoms = 15000
   debug = False
   cluster {
     charge_cutoff = 8.0
     clustering = false
     charge_embedding = False
     two_buffers = False
     maxnum_residues_in_cluster = 15
     clustering_method = gnc *bcc
     altloc_method = *average subtract
   }
   restraints = *cctbx qm
   quantum {
     engine_name = *mopac ani torchani terachem turbomole pyscf orca gaussian \
                   xtb
     charge = None
     basis = Auto
     method = Auto
     memory = None
     nproc = None
     qm_addon = gcp dftd3 gcp-d3
     qm_addon_method = None
   }
   refine {
     dry_run = False
     sf_algorithm = *direct fft
     refinement_target_name = *ml ls_wunit_k1
     mode = *opt refine
     number_of_macro_cycles = 1
     number_of_weight_search_cycles = 50
     number_of_refine_cycles = 5
     number_of_micro_cycles = 50
     data_weight = None
     choose_best_use_r_work = False
     skip_initial_weight_optimization = False
     adjust_restraints_weight_scale_value = 2
     max_iterations_weight = 50
     max_iterations_refine = 50
     use_ase_lbfgs = False
     line_search = True
     stpmax = 0.2
     gradient_only = true
     update_all_scales = True
     refine_sites = True
     refine_adp = False
     restraints_weight_scale = 1.0
     shake_sites = False
     use_convergence_test = true
     max_bond_rmsd = 0.03
     max_r_work_r_free_gap = 5.0
     r_tolerance = 0.001
     rmsd_tolerance = 0.001
     opt_log = False
     pre_opt = False
     pre_opt_stpmax = 0.1
     pre_opt_iter = 10
     pre_opt_switch = 2
     pre_opt_gconv = 3000
   }
   parallel {
     method = *multiprocessing slurm pbs sge lsf threading
     nproc = None
     qsub_command = None
   }
   output_file_name_prefix = None
   output_folder_name = "pdb"
   shared_disk = True
   rst_file = None
   dump_gradients = None

Setting QM defaults
  Setting QM method to PM7


***********************************************************
restart info will be stored in /home/lum/3nir/cctbx_improve/cctbx_refine/pdb/0.rst.pickle
***********************************************************

start   0 rmsd(b):  0.0210 rws:  1.000 n_fev: 0
  step:   1 bond rmsd: 0.021004
  step:   2 bond rmsd: 0.082966
  step:   3 bond rmsd: 0.082966
  step:   4 bond rmsd: 0.066986
  step:   5 bond rmsd: 0.053925
  step:   6 bond rmsd: 0.043640
  step:   7 bond rmsd: 0.035485
  step:   8 bond rmsd: 0.029056
  step:   9 bond rmsd: 0.024001
  step:  10 bond rmsd: 0.020060
  step:  11 bond rmsd: 0.017015
  step:  12 bond rmsd: 0.014690
  step:  13 bond rmsd: 0.012936
  step:  14 bond rmsd: 0.011625
  step:  15 bond rmsd: 0.010647
  step:  16 bond rmsd: 0.009913
  step:  17 bond rmsd: 0.009348
  step:  18 bond rmsd: 0.008891
  step:  19 bond rmsd: 0.008493
  step:  20 bond rmsd: 0.008107
  step:  21 bond rmsd: 0.007685
  step:  22 bond rmsd: 0.007171
  step:  23 bond rmsd: 0.006509
  step:  24 bond rmsd: 0.005676
  step:  25 bond rmsd: 0.005256
  step:  26 bond rmsd: 0.004649
  step:  27 bond rmsd: 0.004215
  step:  28 bond rmsd: 0.003900
  step:  29 bond rmsd: 0.003719
  step:  30 bond rmsd: 0.003578
  step:  31 bond rmsd: 0.003446
  step:  32 bond rmsd: 0.003407
  step:  33 bond rmsd: 0.003375
  step:  34 bond rmsd: 0.003365
  step:  35 bond rmsd: 0.003385
  step:  36 bond rmsd: 0.003396
  step:  37 bond rmsd: 0.003415
  step:  38 bond rmsd: 0.003401
  step:  39 bond rmsd: 0.003400
  step:  40 bond rmsd: 0.003360
  step:  41 bond rmsd: 0.003316
  step:  42 bond rmsd: 0.003263
  step:  43 bond rmsd: 0.003165
  step:  44 bond rmsd: 0.003092
  step:  45 bond rmsd: 0.003019
  step:  46 bond rmsd: 0.002905
  step:  47 bond rmsd: 0.002803
  step:  48 bond rmsd: 0.002701
  step:  49 bond rmsd: 0.002584
  step:  50 bond rmsd: 0.002502
  step:  51 bond rmsd: 0.002424
  step:  52 bond rmsd: 0.002388
micro_cycle   1 rmsd(b):  0.0024 rws:  1.000 n_fev: 52
  step:   1 bond rmsd: 0.002388
  step:   2 bond rmsd: 0.040036
  step:   3 bond rmsd: 0.024349
  step:   4 bond rmsd: 0.019579
  step:   5 bond rmsd: 0.015777
  step:   6 bond rmsd: 0.012752
  step:   7 bond rmsd: 0.010348
  step:   8 bond rmsd: 0.008442
  step:   9 bond rmsd: 0.006939
  step:  10 bond rmsd: 0.005760
  step:  11 bond rmsd: 0.004845
  step:  12 bond rmsd: 0.004142
  step:  13 bond rmsd: 0.003611
  step:  14 bond rmsd: 0.003216
  step:  15 bond rmsd: 0.002928
  step:  16 bond rmsd: 0.002720
  step:  17 bond rmsd: 0.002572
  step:  18 bond rmsd: 0.002468
  step:  19 bond rmsd: 0.002395
  step:  20 bond rmsd: 0.002342
  step:  21 bond rmsd: 0.002305
  step:  22 bond rmsd: 0.002278
  step:  23 bond rmsd: 0.002258
  step:  24 bond rmsd: 0.002242
  step:  25 bond rmsd: 0.002229
  step:  26 bond rmsd: 0.002218
  step:  27 bond rmsd: 0.002207
  step:  28 bond rmsd: 0.002196
  step:  29 bond rmsd: 0.002184
  step:  30 bond rmsd: 0.002168
  step:  31 bond rmsd: 0.002148
  step:  32 bond rmsd: 0.002120
  step:  33 bond rmsd: 0.002092
  step:  34 bond rmsd: 0.002056
  step:  35 bond rmsd: 0.002044
  step:  36 bond rmsd: 0.002063
  step:  37 bond rmsd: 0.002118
  step:  38 bond rmsd: 0.002146
  step:  39 bond rmsd: 0.002284
  step:  40 bond rmsd: 0.002325
  step:  41 bond rmsd: 0.002355
  step:  42 bond rmsd: 0.002395
  step:  43 bond rmsd: 0.002419
  step:  44 bond rmsd: 0.002441
  step:  45 bond rmsd: 0.002439
  step:  46 bond rmsd: 0.002450
  step:  47 bond rmsd: 0.002412
  step:  48 bond rmsd: 0.002386
  step:  49 bond rmsd: 0.002366
  step:  50 bond rmsd: 0.002337
  step:  51 bond rmsd: 0.002298
  step:  52 bond rmsd: 0.002255
micro_cycle   2 rmsd(b):  0.0023 rws:  1.000 n_fev: 104
  step:   1 bond rmsd: 0.002255
  step:   2 bond rmsd: 0.053962
  step:   3 bond rmsd: 0.020433
  step:   4 bond rmsd: 0.016458
  step:   5 bond rmsd: 0.013280
  step:   6 bond rmsd: 0.010758
  step:   7 bond rmsd: 0.008757
  step:   8 bond rmsd: 0.007175
  step:   9 bond rmsd: 0.005929
  step:  10 bond rmsd: 0.004955
  step:  11 bond rmsd: 0.004199
  step:  12 bond rmsd: 0.003619
  step:  13 bond rmsd: 0.003180
  step:  14 bond rmsd: 0.002851
  step:  15 bond rmsd: 0.002608
  step:  16 bond rmsd: 0.002431
  step:  17 bond rmsd: 0.002302
  step:  18 bond rmsd: 0.002209
  step:  19 bond rmsd: 0.002141
  step:  20 bond rmsd: 0.002090
  step:  21 bond rmsd: 0.002053
  step:  22 bond rmsd: 0.002025
  step:  23 bond rmsd: 0.002003
  step:  24 bond rmsd: 0.001985
  step:  25 bond rmsd: 0.001970
  step:  26 bond rmsd: 0.001956
  step:  27 bond rmsd: 0.001943
  step:  28 bond rmsd: 0.001928
  step:  29 bond rmsd: 0.001911
  step:  30 bond rmsd: 0.001890
  step:  31 bond rmsd: 0.001862
  step:  32 bond rmsd: 0.001821
  step:  33 bond rmsd: 0.001766
  step:  34 bond rmsd: 0.001717
  step:  35 bond rmsd: 0.001703
  step:  36 bond rmsd: 0.001695
  step:  37 bond rmsd: 0.001696
  step:  38 bond rmsd: 0.001697
  step:  39 bond rmsd: 0.001708
  step:  40 bond rmsd: 0.001713
  step:  41 bond rmsd: 0.001719
  step:  42 bond rmsd: 0.001730
  step:  43 bond rmsd: 0.001736
  step:  44 bond rmsd: 0.001746
  step:  45 bond rmsd: 0.001752
  step:  46 bond rmsd: 0.001774
  step:  47 bond rmsd: 0.001776
  step:  48 bond rmsd: 0.001776
  step:  49 bond rmsd: 0.001770
  step:  50 bond rmsd: 0.001785
  step:  51 bond rmsd: 0.001769
  step:  52 bond rmsd: 0.001761
micro_cycle   3 rmsd(b):  0.0018 rws:  1.000 n_fev: 156
  step:   1 bond rmsd: 0.001761
  step:   2 bond rmsd: 0.045619
  step:   3 bond rmsd: 0.021993
  step:   4 bond rmsd: 0.017674
  step:   5 bond rmsd: 0.014242
  step:   6 bond rmsd: 0.011477
  step:   7 bond rmsd: 0.009260
  step:   8 bond rmsd: 0.007489
  step:   9 bond rmsd: 0.006081
  step:  10 bond rmsd: 0.004969
  step:  11 bond rmsd: 0.004100
  step:  12 bond rmsd: 0.003428
  step:  13 bond rmsd: 0.002919
  step:  14 bond rmsd: 0.002540
  step:  15 bond rmsd: 0.002266
  step:  16 bond rmsd: 0.002073
  step:  17 bond rmsd: 0.001940
  step:  18 bond rmsd: 0.001851
  step:  19 bond rmsd: 0.001793
  step:  20 bond rmsd: 0.001756
  step:  21 bond rmsd: 0.001732
  step:  22 bond rmsd: 0.001717
  step:  23 bond rmsd: 0.001709
  step:  24 bond rmsd: 0.001704
  step:  25 bond rmsd: 0.001701
  step:  26 bond rmsd: 0.001700
  step:  27 bond rmsd: 0.001700
  step:  28 bond rmsd: 0.001701
  step:  29 bond rmsd: 0.001703
  step:  30 bond rmsd: 0.001705
  step:  31 bond rmsd: 0.001708
  step:  32 bond rmsd: 0.001712
  step:  33 bond rmsd: 0.001713
  step:  34 bond rmsd: 0.001706
  step:  35 bond rmsd: 0.001665
  step:  36 bond rmsd: 0.001654
  step:  37 bond rmsd: 0.001678
  step:  38 bond rmsd: 0.001674
  step:  39 bond rmsd: 0.001687
  step:  40 bond rmsd: 0.001715
  step:  41 bond rmsd: 0.001723
  step:  42 bond rmsd: 0.001730
  step:  43 bond rmsd: 0.001737
  step:  44 bond rmsd: 0.001747
  step:  45 bond rmsd: 0.001754
  step:  46 bond rmsd: 0.001764
  step:  47 bond rmsd: 0.001772
  step:  48 bond rmsd: 0.001790
  step:  49 bond rmsd: 0.001804
  step:  50 bond rmsd: 0.001820
  step:  51 bond rmsd: 0.001840
  step:  52 bond rmsd: 0.001868
micro_cycle   4 rmsd(b):  0.0019 rws:  1.000 n_fev: 208
  step:   1 bond rmsd: 0.001868
  step:   2 bond rmsd: 0.062154
  step:   3 bond rmsd: 0.021605
  step:   4 bond rmsd: 0.017328
  step:   5 bond rmsd: 0.013892
  step:   6 bond rmsd: 0.011166
  step:   7 bond rmsd: 0.009007
  step:   8 bond rmsd: 0.007301
  step:   9 bond rmsd: 0.005958
  step:  10 bond rmsd: 0.004908
  step:  11 bond rmsd: 0.004094
  step:  12 bond rmsd: 0.003471
  step:  13 bond rmsd: 0.003001
  step:  14 bond rmsd: 0.002655
  step:  15 bond rmsd: 0.002403
  step:  16 bond rmsd: 0.002225
  step:  17 bond rmsd: 0.002100
  step:  18 bond rmsd: 0.002014
  step:  19 bond rmsd: 0.001954
  step:  20 bond rmsd: 0.001914
  step:  21 bond rmsd: 0.001886
  step:  22 bond rmsd: 0.001866
  step:  23 bond rmsd: 0.001852
  step:  24 bond rmsd: 0.001841
  step:  25 bond rmsd: 0.001833
  step:  26 bond rmsd: 0.001827
  step:  27 bond rmsd: 0.001821
  step:  28 bond rmsd: 0.001816
  step:  29 bond rmsd: 0.001811
  step:  30 bond rmsd: 0.001804
  step:  31 bond rmsd: 0.001796
  step:  32 bond rmsd: 0.001785
  step:  33 bond rmsd: 0.001769
  step:  34 bond rmsd: 0.001746
  step:  35 bond rmsd: 0.001696
  step:  36 bond rmsd: 0.001678
  step:  37 bond rmsd: 0.001661
  step:  38 bond rmsd: 0.001677
  step:  39 bond rmsd: 0.001663
  step:  40 bond rmsd: 0.001653
  step:  41 bond rmsd: 0.001646
  step:  42 bond rmsd: 0.001640
  step:  43 bond rmsd: 0.001637
  step:  44 bond rmsd: 0.001634
  step:  45 bond rmsd: 0.001634
  step:  46 bond rmsd: 0.001631
  step:  47 bond rmsd: 0.001633
  step:  48 bond rmsd: 0.001631
  step:  49 bond rmsd: 0.001635
  step:  50 bond rmsd: 0.001636
  step:  51 bond rmsd: 0.001638
  step:  52 bond rmsd: 0.001645
micro_cycle   5 rmsd(b):  0.0016 rws:  1.000 n_fev: 260
  step:   1 bond rmsd: 0.001645
  step:   2 bond rmsd: 0.057258
  step:   3 bond rmsd: 0.005980
  step:   4 bond rmsd: 0.004893
  step:   5 bond rmsd: 0.004043
  step:   6 bond rmsd: 0.003389
  step:   7 bond rmsd: 0.002892
  step:   8 bond rmsd: 0.002522
  step:   9 bond rmsd: 0.002250
  step:  10 bond rmsd: 0.002056
  step:  11 bond rmsd: 0.001920
  step:  12 bond rmsd: 0.001826
  step:  13 bond rmsd: 0.001761
  step:  14 bond rmsd: 0.001717
  step:  15 bond rmsd: 0.001687
  step:  16 bond rmsd: 0.001667
  step:  17 bond rmsd: 0.001653
  step:  18 bond rmsd: 0.001644
  step:  19 bond rmsd: 0.001637
  step:  20 bond rmsd: 0.001632
  step:  21 bond rmsd: 0.001629
  step:  22 bond rmsd: 0.001626
  step:  23 bond rmsd: 0.001624
  step:  24 bond rmsd: 0.001622
  step:  25 bond rmsd: 0.001620
  step:  26 bond rmsd: 0.001618
  step:  27 bond rmsd: 0.001616
  step:  28 bond rmsd: 0.001613
  step:  29 bond rmsd: 0.001609
  step:  30 bond rmsd: 0.001601
  step:  31 bond rmsd: 0.001591
  step:  32 bond rmsd: 0.001594
  step:  33 bond rmsd: 0.001600
  step:  34 bond rmsd: 0.001697
  step:  35 bond rmsd: 0.001697
  step:  36 bond rmsd: 0.001676
  step:  37 bond rmsd: 0.001664
  step:  38 bond rmsd: 0.001659
  step:  39 bond rmsd: 0.001657
  step:  40 bond rmsd: 0.001658
  step:  41 bond rmsd: 0.001660
  step:  42 bond rmsd: 0.001664
  step:  43 bond rmsd: 0.001668
  step:  44 bond rmsd: 0.001674
  step:  45 bond rmsd: 0.001681
  step:  46 bond rmsd: 0.001691
  step:  47 bond rmsd: 0.001702
  step:  48 bond rmsd: 0.001725
  step:  49 bond rmsd: 0.001739
  step:  50 bond rmsd: 0.001764
  step:  51 bond rmsd: 0.001784
  step:  52 bond rmsd: 0.001809
  step:  53 bond rmsd: 0.001843
micro_cycle   6 rmsd(b):  0.0018 rws:  1.000 n_fev: 313
  step:   1 bond rmsd: 0.001843
  step:   2 bond rmsd: 0.062705
  step:   3 bond rmsd: 0.006272
  step:   4 bond rmsd: 0.005117
  step:   5 bond rmsd: 0.004218
  step:   6 bond rmsd: 0.003528
  step:   7 bond rmsd: 0.003008
  step:   8 bond rmsd: 0.002625
  step:   9 bond rmsd: 0.002349
  step:  10 bond rmsd: 0.002156
  step:  11 bond rmsd: 0.002025
  step:  12 bond rmsd: 0.001938
  step:  13 bond rmsd: 0.001880
  step:  14 bond rmsd: 0.001844
  step:  15 bond rmsd: 0.001820
  step:  16 bond rmsd: 0.001806
  step:  17 bond rmsd: 0.001797
  step:  18 bond rmsd: 0.001791
  step:  19 bond rmsd: 0.001787
  step:  20 bond rmsd: 0.001785
  step:  21 bond rmsd: 0.001784
  step:  22 bond rmsd: 0.001783
  step:  23 bond rmsd: 0.001782
  step:  24 bond rmsd: 0.001781
  step:  25 bond rmsd: 0.001780
  step:  26 bond rmsd: 0.001777
  step:  27 bond rmsd: 0.001772
  step:  28 bond rmsd: 0.001762
  step:  29 bond rmsd: 0.001742
  step:  30 bond rmsd: 0.001697
  step:  31 bond rmsd: 0.001662
  step:  32 bond rmsd: 0.001641
  step:  33 bond rmsd: 0.001611
  step:  34 bond rmsd: 0.001601
  step:  35 bond rmsd: 0.001593
  step:  36 bond rmsd: 0.001591
  step:  37 bond rmsd: 0.001583
  step:  38 bond rmsd: 0.001581
  step:  39 bond rmsd: 0.001586
  step:  40 bond rmsd: 0.001585
  step:  41 bond rmsd: 0.001578
  step:  42 bond rmsd: 0.001572
  step:  43 bond rmsd: 0.001567
  step:  44 bond rmsd: 0.001559
  step:  45 bond rmsd: 0.001548
  step:  46 bond rmsd: 0.001549
  step:  47 bond rmsd: 0.001539
  step:  48 bond rmsd: 0.001544
  step:  49 bond rmsd: 0.001557
  step:  50 bond rmsd: 0.001570
  step:  51 bond rmsd: 0.001588
  step:  52 bond rmsd: 0.001618
micro_cycle   7 rmsd(b):  0.0016 rws:  1.000 n_fev: 365
  step:   1 bond rmsd: 0.001618
  step:   2 bond rmsd: 0.059836
  step:   3 bond rmsd: 0.011577
  step:   4 bond rmsd: 0.009364
  step:   5 bond rmsd: 0.007609
  step:   6 bond rmsd: 0.006211
  step:   7 bond rmsd: 0.005103
  step:   8 bond rmsd: 0.004232
  step:   9 bond rmsd: 0.003552
  step:  10 bond rmsd: 0.003028
  step:  11 bond rmsd: 0.002629
  step:  12 bond rmsd: 0.002331
  step:  13 bond rmsd: 0.002111
  step:  14 bond rmsd: 0.001952
  step:  15 bond rmsd: 0.001838
  step:  16 bond rmsd: 0.001757
  step:  17 bond rmsd: 0.001699
  step:  18 bond rmsd: 0.001658
  step:  19 bond rmsd: 0.001629
  step:  20 bond rmsd: 0.001608
  step:  21 bond rmsd: 0.001592
  step:  22 bond rmsd: 0.001581
  step:  23 bond rmsd: 0.001572
  step:  24 bond rmsd: 0.001565
  step:  25 bond rmsd: 0.001559
  step:  26 bond rmsd: 0.001554
  step:  27 bond rmsd: 0.001549
  step:  28 bond rmsd: 0.001545
  step:  29 bond rmsd: 0.001541
  step:  30 bond rmsd: 0.001537
  step:  31 bond rmsd: 0.001533
  step:  32 bond rmsd: 0.001523
  step:  33 bond rmsd: 0.001518
  step:  34 bond rmsd: 0.001523
  step:  35 bond rmsd: 0.001529
  step:  36 bond rmsd: 0.001532
  step:  37 bond rmsd: 0.001548
  step:  38 bond rmsd: 0.001549
  step:  39 bond rmsd: 0.001552
  step:  40 bond rmsd: 0.001553
  step:  41 bond rmsd: 0.001556
  step:  42 bond rmsd: 0.001557
  step:  43 bond rmsd: 0.001559
  step:  44 bond rmsd: 0.001561
  step:  45 bond rmsd: 0.001563
  step:  46 bond rmsd: 0.001564
  step:  47 bond rmsd: 0.001566
  step:  48 bond rmsd: 0.001568
  step:  49 bond rmsd: 0.001570
  step:  50 bond rmsd: 0.001573
  step:  51 bond rmsd: 0.001578
  step:  52 bond rmsd: 0.001582
micro_cycle   8 rmsd(b):  0.0016 rws:  1.000 n_fev: 417
  step:   1 bond rmsd: 0.001582
  step:   2 bond rmsd: 0.052700
  step:   3 bond rmsd: 0.002504
  step:   4 bond rmsd: 0.002217
  step:   5 bond rmsd: 0.002012
  step:   6 bond rmsd: 0.001869
  step:   7 bond rmsd: 0.001770
  step:   8 bond rmsd: 0.001704
  step:   9 bond rmsd: 0.001660
  step:  10 bond rmsd: 0.001631
  step:  11 bond rmsd: 0.001611
  step:  12 bond rmsd: 0.001599
  step:  13 bond rmsd: 0.001591
  step:  14 bond rmsd: 0.001585
  step:  15 bond rmsd: 0.001582
  step:  16 bond rmsd: 0.001579
  step:  17 bond rmsd: 0.001578
  step:  18 bond rmsd: 0.001577
  step:  19 bond rmsd: 0.001576
  step:  20 bond rmsd: 0.001575
  step:  21 bond rmsd: 0.001575
  step:  22 bond rmsd: 0.001575
  step:  23 bond rmsd: 0.001575
  step:  24 bond rmsd: 0.001574
  step:  25 bond rmsd: 0.001574
  step:  26 bond rmsd: 0.001574
  step:  27 bond rmsd: 0.001573
  step:  28 bond rmsd: 0.001569
  step:  29 bond rmsd: 0.001567
  step:  30 bond rmsd: 0.001567
  step:  31 bond rmsd: 0.001556
  step:  32 bond rmsd: 0.001555
  step:  33 bond rmsd: 0.001554
  step:  34 bond rmsd: 0.001554
  step:  35 bond rmsd: 0.001554
  step:  36 bond rmsd: 0.001555
  step:  37 bond rmsd: 0.001554
  step:  38 bond rmsd: 0.001555
  step:  39 bond rmsd: 0.001554
  step:  40 bond rmsd: 0.001554
  step:  41 bond rmsd: 0.001552
  step:  42 bond rmsd: 0.001551
  step:  43 bond rmsd: 0.001549
  step:  44 bond rmsd: 0.001545
  step:  45 bond rmsd: 0.001536
  step:  46 bond rmsd: 0.001532
  step:  47 bond rmsd: 0.001523
  step:  48 bond rmsd: 0.001520
  step:  49 bond rmsd: 0.001512
  step:  50 bond rmsd: 0.001514
  step:  51 bond rmsd: 0.001510
  step:  52 bond rmsd: 0.001516
micro_cycle   9 rmsd(b):  0.0015 rws:  1.000 n_fev: 469
  step:   1 bond rmsd: 0.001516
  step:   2 bond rmsd: 0.047437
  step:   3 bond rmsd: 0.011339
  step:   4 bond rmsd: 0.009102
  step:   5 bond rmsd: 0.007318
  step:   6 bond rmsd: 0.005910
  step:   7 bond rmsd: 0.004803
  step:   8 bond rmsd: 0.003938
  step:   9 bond rmsd: 0.003269
  step:  10 bond rmsd: 0.002758
  step:  11 bond rmsd: 0.002375
  step:  12 bond rmsd: 0.002094
  step:  13 bond rmsd: 0.001892
  step:  14 bond rmsd: 0.001752
  step:  15 bond rmsd: 0.001656
  step:  16 bond rmsd: 0.001593
  step:  17 bond rmsd: 0.001551
  step:  18 bond rmsd: 0.001524
  step:  19 bond rmsd: 0.001507
  step:  20 bond rmsd: 0.001496
  step:  21 bond rmsd: 0.001489
  step:  22 bond rmsd: 0.001485
  step:  23 bond rmsd: 0.001483
  step:  24 bond rmsd: 0.001482
  step:  25 bond rmsd: 0.001481
  step:  26 bond rmsd: 0.001482
  step:  27 bond rmsd: 0.001482
  step:  28 bond rmsd: 0.001484
  step:  29 bond rmsd: 0.001485
  step:  30 bond rmsd: 0.001488
  step:  31 bond rmsd: 0.001491
  step:  32 bond rmsd: 0.001493
  step:  33 bond rmsd: 0.001492
  step:  34 bond rmsd: 0.001496
  step:  35 bond rmsd: 0.001503
  step:  36 bond rmsd: 0.001508
  step:  37 bond rmsd: 0.001514
  step:  38 bond rmsd: 0.001524
  step:  39 bond rmsd: 0.001528
  step:  40 bond rmsd: 0.001537
  step:  41 bond rmsd: 0.001540
  step:  42 bond rmsd: 0.001543
  step:  43 bond rmsd: 0.001544
  step:  44 bond rmsd: 0.001546
  step:  45 bond rmsd: 0.001545
  step:  46 bond rmsd: 0.001545
  step:  47 bond rmsd: 0.001548
  step:  48 bond rmsd: 0.001547
  step:  49 bond rmsd: 0.001549
  step:  50 bond rmsd: 0.001547
  step:  51 bond rmsd: 0.001548
  step:  52 bond rmsd: 0.001548
micro_cycle  10 rmsd(b):  0.0015 rws:  1.000 n_fev: 521
  step:   1 bond rmsd: 0.001548
  step:   2 bond rmsd: 0.048091
  step:   3 bond rmsd: 0.002111
  step:   4 bond rmsd: 0.001948
  step:   5 bond rmsd: 0.001832
  step:   6 bond rmsd: 0.001750
  step:   7 bond rmsd: 0.001693
  step:   8 bond rmsd: 0.001652
  step:   9 bond rmsd: 0.001624
  step:  10 bond rmsd: 0.001604
  step:  11 bond rmsd: 0.001589
  step:  12 bond rmsd: 0.001578
  step:  13 bond rmsd: 0.001571
  step:  14 bond rmsd: 0.001565
  step:  15 bond rmsd: 0.001560
  step:  16 bond rmsd: 0.001557
  step:  17 bond rmsd: 0.001554
  step:  18 bond rmsd: 0.001552
  step:  19 bond rmsd: 0.001550
  step:  20 bond rmsd: 0.001548
  step:  21 bond rmsd: 0.001546
  step:  22 bond rmsd: 0.001544
  step:  23 bond rmsd: 0.001542
  step:  24 bond rmsd: 0.001540
  step:  25 bond rmsd: 0.001537
  step:  26 bond rmsd: 0.001535
  step:  27 bond rmsd: 0.001534
  step:  28 bond rmsd: 0.001533
  step:  29 bond rmsd: 0.001531
  step:  30 bond rmsd: 0.001541
  step:  31 bond rmsd: 0.001538
  step:  32 bond rmsd: 0.001535
  step:  33 bond rmsd: 0.001530
  step:  34 bond rmsd: 0.001528
  step:  35 bond rmsd: 0.001524
  step:  36 bond rmsd: 0.001521
  step:  37 bond rmsd: 0.001520
  step:  38 bond rmsd: 0.001511
  step:  39 bond rmsd: 0.001509
  step:  40 bond rmsd: 0.001504
  step:  41 bond rmsd: 0.001502
  step:  42 bond rmsd: 0.001494
  step:  43 bond rmsd: 0.001488
  step:  44 bond rmsd: 0.001477
  step:  45 bond rmsd: 0.001481
  step:  46 bond rmsd: 0.001477
  step:  47 bond rmsd: 0.001478
  step:  48 bond rmsd: 0.001478
  step:  49 bond rmsd: 0.001481
  step:  50 bond rmsd: 0.001486
  step:  51 bond rmsd: 0.001496
  step:  52 bond rmsd: 0.001518
micro_cycle  11 rmsd(b):  0.0015 rws:  1.000 n_fev: 573
  step:   1 bond rmsd: 0.001518
  step:   2 bond rmsd: 0.068814
  step:   3 bond rmsd: 0.026346
  step:   4 bond rmsd: 0.021111
  step:   5 bond rmsd: 0.016903
  step:   6 bond rmsd: 0.013554
  step:   7 bond rmsd: 0.010887
  step:   8 bond rmsd: 0.008766
  step:   9 bond rmsd: 0.007083
  step:  10 bond rmsd: 0.005750
  step:  11 bond rmsd: 0.004701
  step:  12 bond rmsd: 0.003879
  step:  13 bond rmsd: 0.003243
  step:  14 bond rmsd: 0.002756
  step:  15 bond rmsd: 0.002389
  step:  16 bond rmsd: 0.002118
  step:  17 bond rmsd: 0.001922
  step:  18 bond rmsd: 0.001782
  step:  19 bond rmsd: 0.001684
  step:  20 bond rmsd: 0.001616
  step:  21 bond rmsd: 0.001569
  step:  22 bond rmsd: 0.001537
  step:  23 bond rmsd: 0.001515
  step:  24 bond rmsd: 0.001499
  step:  25 bond rmsd: 0.001488
  step:  26 bond rmsd: 0.001480
  step:  27 bond rmsd: 0.001475
  step:  28 bond rmsd: 0.001470
  step:  29 bond rmsd: 0.001467
  step:  30 bond rmsd: 0.001464
  step:  31 bond rmsd: 0.001462
  step:  32 bond rmsd: 0.001461
  step:  33 bond rmsd: 0.001460
  step:  34 bond rmsd: 0.001461
  step:  35 bond rmsd: 0.001463
  step:  36 bond rmsd: 0.001471
  step:  37 bond rmsd: 0.001473
  step:  38 bond rmsd: 0.001481
  step:  39 bond rmsd: 0.001483
  step:  40 bond rmsd: 0.001486
  step:  41 bond rmsd: 0.001489
  step:  42 bond rmsd: 0.001494
  step:  43 bond rmsd: 0.001498
  step:  44 bond rmsd: 0.001503
  step:  45 bond rmsd: 0.001511
  step:  46 bond rmsd: 0.001519
  step:  47 bond rmsd: 0.001527
  step:  48 bond rmsd: 0.001533
  step:  49 bond rmsd: 0.001543
  step:  50 bond rmsd: 0.001553
  step:  51 bond rmsd: 0.001567
  step:  52 bond rmsd: 0.001575
micro_cycle  12 rmsd(b):  0.0016 rws:  1.000 n_fev: 625
  step:   1 bond rmsd: 0.001575
  step:   2 bond rmsd: 0.043583
  step:   3 bond rmsd: 0.003226
  step:   4 bond rmsd: 0.002777
  step:   5 bond rmsd: 0.002441
  step:   6 bond rmsd: 0.002192
  step:   7 bond rmsd: 0.002013
  step:   8 bond rmsd: 0.001884
  step:   9 bond rmsd: 0.001793
  step:  10 bond rmsd: 0.001729
  step:  11 bond rmsd: 0.001684
  step:  12 bond rmsd: 0.001651
  step:  13 bond rmsd: 0.001629
  step:  14 bond rmsd: 0.001612
  step:  15 bond rmsd: 0.001600
  step:  16 bond rmsd: 0.001590
  step:  17 bond rmsd: 0.001583
  step:  18 bond rmsd: 0.001578
  step:  19 bond rmsd: 0.001573
  step:  20 bond rmsd: 0.001569
  step:  21 bond rmsd: 0.001566
  step:  22 bond rmsd: 0.001563
  step:  23 bond rmsd: 0.001560
  step:  24 bond rmsd: 0.001556
  step:  25 bond rmsd: 0.001552
  step:  26 bond rmsd: 0.001547
  step:  27 bond rmsd: 0.001541
  step:  28 bond rmsd: 0.001533
  step:  29 bond rmsd: 0.001523
  step:  30 bond rmsd: 0.001520
  step:  31 bond rmsd: 0.001513
  step:  32 bond rmsd: 0.001503
  step:  33 bond rmsd: 0.001494
  step:  34 bond rmsd: 0.001491
  step:  35 bond rmsd: 0.001486
  step:  36 bond rmsd: 0.001483
  step:  37 bond rmsd: 0.001481
  step:  38 bond rmsd: 0.001481
  step:  39 bond rmsd: 0.001479
  step:  40 bond rmsd: 0.001481
  step:  41 bond rmsd: 0.001481
  step:  42 bond rmsd: 0.001483
  step:  43 bond rmsd: 0.001483
  step:  44 bond rmsd: 0.001486
  step:  45 bond rmsd: 0.001491
  step:  46 bond rmsd: 0.001494
  step:  47 bond rmsd: 0.001500
  step:  48 bond rmsd: 0.001506
  step:  49 bond rmsd: 0.001513
  step:  50 bond rmsd: 0.001525
  step:  51 bond rmsd: 0.001532
  step:  52 bond rmsd: 0.001539
micro_cycle  13 rmsd(b):  0.0015 rws:  1.000 n_fev: 677
  step:   1 bond rmsd: 0.001539
  step:   2 bond rmsd: 0.067785
  step:   3 bond rmsd: 0.011395
  step:   4 bond rmsd: 0.009173
  step:   5 bond rmsd: 0.007402
  step:   6 bond rmsd: 0.006003
  step:   7 bond rmsd: 0.004900
  step:   8 bond rmsd: 0.004039
  step:   9 bond rmsd: 0.003371
  step:  10 bond rmsd: 0.002860
  step:  11 bond rmsd: 0.002476
  step:  12 bond rmsd: 0.002192
  step:  13 bond rmsd: 0.001987
  step:  14 bond rmsd: 0.001841
  step:  15 bond rmsd: 0.001739
  step:  16 bond rmsd: 0.001669
  step:  17 bond rmsd: 0.001620
  step:  18 bond rmsd: 0.001587
  step:  19 bond rmsd: 0.001565
  step:  20 bond rmsd: 0.001549
  step:  21 bond rmsd: 0.001537
  step:  22 bond rmsd: 0.001529
  step:  23 bond rmsd: 0.001523
  step:  24 bond rmsd: 0.001518
  step:  25 bond rmsd: 0.001515
  step:  26 bond rmsd: 0.001511
  step:  27 bond rmsd: 0.001508
  step:  28 bond rmsd: 0.001505
  step:  29 bond rmsd: 0.001501
  step:  30 bond rmsd: 0.001496
  step:  31 bond rmsd: 0.001490
  step:  32 bond rmsd: 0.001481
  step:  33 bond rmsd: 0.001469
  step:  34 bond rmsd: 0.001462
  step:  35 bond rmsd: 0.001458
  step:  36 bond rmsd: 0.001461
  step:  37 bond rmsd: 0.001466
  step:  38 bond rmsd: 0.001471
  step:  39 bond rmsd: 0.001477
  step:  40 bond rmsd: 0.001481
  step:  41 bond rmsd: 0.001487
  step:  42 bond rmsd: 0.001492
  step:  43 bond rmsd: 0.001495
  step:  44 bond rmsd: 0.001500
  step:  45 bond rmsd: 0.001504
  step:  46 bond rmsd: 0.001509
  step:  47 bond rmsd: 0.001512
  step:  48 bond rmsd: 0.001518
  step:  49 bond rmsd: 0.001522
  step:  50 bond rmsd: 0.001533
  step:  51 bond rmsd: 0.001536
  step:  52 bond rmsd: 0.001540
micro_cycle  14 rmsd(b):  0.0015 rws:  1.000 n_fev: 729
  step:   1 bond rmsd: 0.001540
  step:   2 bond rmsd: 0.043661
  step:   3 bond rmsd: 0.002800
  step:   4 bond rmsd: 0.002393
  step:   5 bond rmsd: 0.002098
  step:   6 bond rmsd: 0.001890
  step:   7 bond rmsd: 0.001749
  step:   8 bond rmsd: 0.001657
  step:   9 bond rmsd: 0.001598
  step:  10 bond rmsd: 0.001563
  step:  11 bond rmsd: 0.001541
  step:  12 bond rmsd: 0.001530
  step:  13 bond rmsd: 0.001523
  step:  14 bond rmsd: 0.001520
  step:  15 bond rmsd: 0.001520
  step:  16 bond rmsd: 0.001520
  step:  17 bond rmsd: 0.001520
  step:  18 bond rmsd: 0.001521
  step:  19 bond rmsd: 0.001522
  step:  20 bond rmsd: 0.001523
  step:  21 bond rmsd: 0.001524
  step:  22 bond rmsd: 0.001525
  step:  23 bond rmsd: 0.001525
  step:  24 bond rmsd: 0.001526
  step:  25 bond rmsd: 0.001526
  step:  26 bond rmsd: 0.001527
  step:  27 bond rmsd: 0.001527
  step:  28 bond rmsd: 0.001527
  step:  29 bond rmsd: 0.001525
  step:  30 bond rmsd: 0.001522
  step:  31 bond rmsd: 0.001516
  step:  32 bond rmsd: 0.001500
  step:  33 bond rmsd: 0.001493
  step:  34 bond rmsd: 0.001489
  step:  35 bond rmsd: 0.001479
  step:  36 bond rmsd: 0.001476
  step:  37 bond rmsd: 0.001475
  step:  38 bond rmsd: 0.001474
  step:  39 bond rmsd: 0.001473
  step:  40 bond rmsd: 0.001474
  step:  41 bond rmsd: 0.001475
  step:  42 bond rmsd: 0.001476
  step:  43 bond rmsd: 0.001477
  step:  44 bond rmsd: 0.001479
  step:  45 bond rmsd: 0.001481
  step:  46 bond rmsd: 0.001481
  step:  47 bond rmsd: 0.001485
  step:  48 bond rmsd: 0.001488
  step:  49 bond rmsd: 0.001493
  step:  50 bond rmsd: 0.001497
  step:  51 bond rmsd: 0.001508
  step:  52 bond rmsd: 0.001511
micro_cycle  15 rmsd(b):  0.0015 rws:  1.000 n_fev: 781
  step:   1 bond rmsd: 0.001511
  step:   2 bond rmsd: 0.042208
  step:   3 bond rmsd: 0.006241
  step:   4 bond rmsd: 0.005075
  step:   5 bond rmsd: 0.004164
  step:   6 bond rmsd: 0.003453
  step:   7 bond rmsd: 0.002906
  step:   8 bond rmsd: 0.002492
  step:   9 bond rmsd: 0.002186
  step:  10 bond rmsd: 0.001965
  step:  11 bond rmsd: 0.001809
  step:  12 bond rmsd: 0.001702
  step:  13 bond rmsd: 0.001630
  step:  14 bond rmsd: 0.001583
  step:  15 bond rmsd: 0.001551
  step:  16 bond rmsd: 0.001531
  step:  17 bond rmsd: 0.001517
  step:  18 bond rmsd: 0.001508
  step:  19 bond rmsd: 0.001503
  step:  20 bond rmsd: 0.001499
  step:  21 bond rmsd: 0.001496
  step:  22 bond rmsd: 0.001494
  step:  23 bond rmsd: 0.001492
  step:  24 bond rmsd: 0.001491
  step:  25 bond rmsd: 0.001490
  step:  26 bond rmsd: 0.001489
  step:  27 bond rmsd: 0.001488
  step:  28 bond rmsd: 0.001486
  step:  29 bond rmsd: 0.001483
  step:  30 bond rmsd: 0.001479
  step:  31 bond rmsd: 0.001474
  step:  32 bond rmsd: 0.001465
  step:  33 bond rmsd: 0.001456
  step:  34 bond rmsd: 0.001452
  step:  35 bond rmsd: 0.001452
  step:  36 bond rmsd: 0.001452
  step:  37 bond rmsd: 0.001458
  step:  38 bond rmsd: 0.001460
  step:  39 bond rmsd: 0.001465
  step:  40 bond rmsd: 0.001468
  step:  41 bond rmsd: 0.001472
  step:  42 bond rmsd: 0.001475
  step:  43 bond rmsd: 0.001479
  step:  44 bond rmsd: 0.001482
  step:  45 bond rmsd: 0.001486
  step:  46 bond rmsd: 0.001490
  step:  47 bond rmsd: 0.001496
  step:  48 bond rmsd: 0.001502
  step:  49 bond rmsd: 0.001508
  step:  50 bond rmsd: 0.001516
  step:  51 bond rmsd: 0.001523
  step:  52 bond rmsd: 0.001534
micro_cycle  16 rmsd(b):  0.0015 rws:  1.000 n_fev: 833
  step:   1 bond rmsd: 0.001534
  step:   2 bond rmsd: 0.054844
  step:   3 bond rmsd: 0.001525
  step:   4 bond rmsd: 0.001521
  step:   5 bond rmsd: 0.001519
  step:   6 bond rmsd: 0.001517
  step:   7 bond rmsd: 0.001515
  step:   8 bond rmsd: 0.001514
  step:   9 bond rmsd: 0.001513
  step:  10 bond rmsd: 0.001511
  step:  11 bond rmsd: 0.001510
  step:  12 bond rmsd: 0.001509
  step:  13 bond rmsd: 0.001509
  step:  14 bond rmsd: 0.001508
  step:  15 bond rmsd: 0.001506
  step:  16 bond rmsd: 0.001504
  step:  17 bond rmsd: 0.001501
  step:  18 bond rmsd: 0.001495
  step:  19 bond rmsd: 0.001488
  step:  20 bond rmsd: 0.001481
  step:  21 bond rmsd: 0.001482
  step:  22 bond rmsd: 0.001477
  step:  23 bond rmsd: 0.001473
  step:  24 bond rmsd: 0.001470
  step:  25 bond rmsd: 0.001467
  step:  26 bond rmsd: 0.001465
  step:  27 bond rmsd: 0.001463
  step:  28 bond rmsd: 0.001462
  step:  29 bond rmsd: 0.001462
  step:  30 bond rmsd: 0.001459
  step:  31 bond rmsd: 0.001459
  step:  32 bond rmsd: 0.001460
  step:  33 bond rmsd: 0.001461
  step:  34 bond rmsd: 0.001461
  step:  35 bond rmsd: 0.001462
  step:  36 bond rmsd: 0.001468
  step:  37 bond rmsd: 0.001471
  step:  38 bond rmsd: 0.001483
  step:  39 bond rmsd: 0.001488
  step:  40 bond rmsd: 0.001493
  step:  41 bond rmsd: 0.001502
  step:  42 bond rmsd: 0.001510
  step:  43 bond rmsd: 0.001520
  step:  44 bond rmsd: 0.001533
  step:  45 bond rmsd: 0.001545
  step:  46 bond rmsd: 0.001553
  step:  47 bond rmsd: 0.001567
  step:  48 bond rmsd: 0.001573
  step:  49 bond rmsd: 0.001586
  step:  50 bond rmsd: 0.001584
  step:  51 bond rmsd: 0.001586
  step:  52 bond rmsd: 0.001587
micro_cycle  17 rmsd(b):  0.0016 rws:  1.000 n_fev: 885
  step:   1 bond rmsd: 0.001587
  step:   2 bond rmsd: 0.048775
  step:   3 bond rmsd: 0.007359
  step:   4 bond rmsd: 0.005974
  step:   5 bond rmsd: 0.004880
  step:   6 bond rmsd: 0.004028
  step:   7 bond rmsd: 0.003370
  step:   8 bond rmsd: 0.002868
  step:   9 bond rmsd: 0.002493
  step:  10 bond rmsd: 0.002217
  step:  11 bond rmsd: 0.002017
  step:  12 bond rmsd: 0.001876
  step:  13 bond rmsd: 0.001778
  step:  14 bond rmsd: 0.001710
  step:  15 bond rmsd: 0.001663
  step:  16 bond rmsd: 0.001631
  step:  17 bond rmsd: 0.001608
  step:  18 bond rmsd: 0.001592
  step:  19 bond rmsd: 0.001581
  step:  20 bond rmsd: 0.001572
  step:  21 bond rmsd: 0.001566
  step:  22 bond rmsd: 0.001560
  step:  23 bond rmsd: 0.001556
  step:  24 bond rmsd: 0.001552
  step:  25 bond rmsd: 0.001549
  step:  26 bond rmsd: 0.001545
  step:  27 bond rmsd: 0.001541
  step:  28 bond rmsd: 0.001536
  step:  29 bond rmsd: 0.001530
  step:  30 bond rmsd: 0.001521
  step:  31 bond rmsd: 0.001509
  step:  32 bond rmsd: 0.001494
  step:  33 bond rmsd: 0.001485
  step:  34 bond rmsd: 0.001476
  step:  35 bond rmsd: 0.001469
  step:  36 bond rmsd: 0.001485
  step:  37 bond rmsd: 0.001485
  step:  38 bond rmsd: 0.001478
  step:  39 bond rmsd: 0.001473
  step:  40 bond rmsd: 0.001469
  step:  41 bond rmsd: 0.001466
  step:  42 bond rmsd: 0.001464
  step:  43 bond rmsd: 0.001463
  step:  44 bond rmsd: 0.001462
  step:  45 bond rmsd: 0.001461
  step:  46 bond rmsd: 0.001460
  step:  47 bond rmsd: 0.001460
  step:  48 bond rmsd: 0.001460
  step:  49 bond rmsd: 0.001461
  step:  50 bond rmsd: 0.001461
  step:  51 bond rmsd: 0.001468
  step:  52 bond rmsd: 0.001469
  step:  53 bond rmsd: 0.001471
micro_cycle  18 rmsd(b):  0.0015 rws:  1.000 n_fev: 938
  step:   1 bond rmsd: 0.001471
  step:   2 bond rmsd: 0.068940
  step:   3 bond rmsd: 0.001485
  step:   4 bond rmsd: 0.001475
  step:   5 bond rmsd: 0.001469
  step:   6 bond rmsd: 0.001466
  step:   7 bond rmsd: 0.001464
  step:   8 bond rmsd: 0.001464
  step:   9 bond rmsd: 0.001464
  step:  10 bond rmsd: 0.001465
  step:  11 bond rmsd: 0.001465
  step:  12 bond rmsd: 0.001466
  step:  13 bond rmsd: 0.001467
  step:  14 bond rmsd: 0.001467
  step:  15 bond rmsd: 0.001468
  step:  16 bond rmsd: 0.001468
  step:  17 bond rmsd: 0.001469
  step:  18 bond rmsd: 0.001470
  step:  19 bond rmsd: 0.001470
  step:  20 bond rmsd: 0.001471
  step:  21 bond rmsd: 0.001472
  step:  22 bond rmsd: 0.001474
  step:  23 bond rmsd: 0.001476
  step:  24 bond rmsd: 0.001478
  step:  25 bond rmsd: 0.001480
  step:  26 bond rmsd: 0.001483
  step:  27 bond rmsd: 0.001486
  step:  28 bond rmsd: 0.001487
  step:  29 bond rmsd: 0.001490
  step:  30 bond rmsd: 0.001493
  step:  31 bond rmsd: 0.001497
  step:  32 bond rmsd: 0.001502
  step:  33 bond rmsd: 0.001505
  step:  34 bond rmsd: 0.001509
  step:  35 bond rmsd: 0.001514
  step:  36 bond rmsd: 0.001519
  step:  37 bond rmsd: 0.001522
  step:  38 bond rmsd: 0.001531
  step:  39 bond rmsd: 0.001533
  step:  40 bond rmsd: 0.001534
  step:  41 bond rmsd: 0.001532
  step:  42 bond rmsd: 0.001532
  step:  43 bond rmsd: 0.001525
  step:  44 bond rmsd: 0.001524
  step:  45 bond rmsd: 0.001523
  step:  46 bond rmsd: 0.001522
  step:  47 bond rmsd: 0.001522
  step:  48 bond rmsd: 0.001522
  step:  49 bond rmsd: 0.001524
  step:  50 bond rmsd: 0.001525
  step:  51 bond rmsd: 0.001529
  step:  52 bond rmsd: 0.001528
micro_cycle  19 rmsd(b):  0.0015 rws:  1.000 n_fev: 990
  step:   1 bond rmsd: 0.001528
  step:   2 bond rmsd: 0.038958
  step:   3 bond rmsd: 0.005055
  step:   4 bond rmsd: 0.004161
  step:   5 bond rmsd: 0.003465
  step:   6 bond rmsd: 0.002930
  step:   7 bond rmsd: 0.002524
  step:   8 bond rmsd: 0.002222
  step:   9 bond rmsd: 0.002001
  step:  10 bond rmsd: 0.001843
  step:  11 bond rmsd: 0.001731
  step:  12 bond rmsd: 0.001653
  step:  13 bond rmsd: 0.001599
  step:  14 bond rmsd: 0.001562
  step:  15 bond rmsd: 0.001537
  step:  16 bond rmsd: 0.001520
  step:  17 bond rmsd: 0.001508
  step:  18 bond rmsd: 0.001499
  step:  19 bond rmsd: 0.001494
  step:  20 bond rmsd: 0.001489
  step:  21 bond rmsd: 0.001486
  step:  22 bond rmsd: 0.001484
  step:  23 bond rmsd: 0.001483
  step:  24 bond rmsd: 0.001481
  step:  25 bond rmsd: 0.001480
  step:  26 bond rmsd: 0.001480
  step:  27 bond rmsd: 0.001479
  step:  28 bond rmsd: 0.001479
  step:  29 bond rmsd: 0.001478
  step:  30 bond rmsd: 0.001478
  step:  31 bond rmsd: 0.001478
  step:  32 bond rmsd: 0.001477
  step:  33 bond rmsd: 0.001473
  step:  34 bond rmsd: 0.001476
  step:  35 bond rmsd: 0.001475
  step:  36 bond rmsd: 0.001474
  step:  37 bond rmsd: 0.001477
  step:  38 bond rmsd: 0.001477
  step:  39 bond rmsd: 0.001477
  step:  40 bond rmsd: 0.001477
  step:  41 bond rmsd: 0.001477
  step:  42 bond rmsd: 0.001477
  step:  43 bond rmsd: 0.001476
  step:  44 bond rmsd: 0.001477
  step:  45 bond rmsd: 0.001475
  step:  46 bond rmsd: 0.001476
  step:  47 bond rmsd: 0.001476
  step:  48 bond rmsd: 0.001477
  step:  49 bond rmsd: 0.001477
  step:  50 bond rmsd: 0.001479
  step:  51 bond rmsd: 0.001480
  step:  52 bond rmsd: 0.001483
micro_cycle  20 rmsd(b):  0.0015 rws:  1.000 n_fev: 1042
  step:   1 bond rmsd: 0.001483
  step:   2 bond rmsd: 0.089139
  step:   3 bond rmsd: 0.001493
  step:   4 bond rmsd: 0.001489
  step:   5 bond rmsd: 0.001487
  step:   6 bond rmsd: 0.001485
  step:   7 bond rmsd: 0.001484
  step:   8 bond rmsd: 0.001483
  step:   9 bond rmsd: 0.001483
  step:  10 bond rmsd: 0.001482
  step:  11 bond rmsd: 0.001482
  step:  12 bond rmsd: 0.001482
  step:  13 bond rmsd: 0.001481
  step:  14 bond rmsd: 0.001481
  step:  15 bond rmsd: 0.001481
  step:  16 bond rmsd: 0.001481
  step:  17 bond rmsd: 0.001480
  step:  18 bond rmsd: 0.001480
  step:  19 bond rmsd: 0.001479
  step:  20 bond rmsd: 0.001479
  step:  21 bond rmsd: 0.001479
  step:  22 bond rmsd: 0.001480
  step:  23 bond rmsd: 0.001478
  step:  24 bond rmsd: 0.001478
  step:  25 bond rmsd: 0.001476
  step:  26 bond rmsd: 0.001475
  step:  27 bond rmsd: 0.001475
  step:  28 bond rmsd: 0.001474
  step:  29 bond rmsd: 0.001474
  step:  30 bond rmsd: 0.001473
  step:  31 bond rmsd: 0.001473
  step:  32 bond rmsd: 0.001473
  step:  33 bond rmsd: 0.001472
  step:  34 bond rmsd: 0.001471
  step:  35 bond rmsd: 0.001474
  step:  36 bond rmsd: 0.001473
  step:  37 bond rmsd: 0.001475
  step:  38 bond rmsd: 0.001475
  step:  39 bond rmsd: 0.001478
  step:  40 bond rmsd: 0.001479
  step:  41 bond rmsd: 0.001478
  step:  42 bond rmsd: 0.001482
  step:  43 bond rmsd: 0.001485
  step:  44 bond rmsd: 0.001492
  step:  45 bond rmsd: 0.001497
  step:  46 bond rmsd: 0.001505
  step:  47 bond rmsd: 0.001513
  step:  48 bond rmsd: 0.001523
  step:  49 bond rmsd: 0.001528
  step:  50 bond rmsd: 0.001540
  step:  51 bond rmsd: 0.001542
  step:  52 bond rmsd: 0.001545
micro_cycle  21 rmsd(b):  0.0015 rws:  1.000 n_fev: 1094
  step:   1 bond rmsd: 0.001545
  step:   2 bond rmsd: 0.076694
  step:   3 bond rmsd: 0.003268
  step:   4 bond rmsd: 0.002752
  step:   5 bond rmsd: 0.002367
  step:   6 bond rmsd: 0.002087
  step:   7 bond rmsd: 0.001890
  step:   8 bond rmsd: 0.001754
  step:   9 bond rmsd: 0.001663
  step:  10 bond rmsd: 0.001604
  step:  11 bond rmsd: 0.001566
  step:  12 bond rmsd: 0.001542
  step:  13 bond rmsd: 0.001528
  step:  14 bond rmsd: 0.001519
  step:  15 bond rmsd: 0.001513
  step:  16 bond rmsd: 0.001510
  step:  17 bond rmsd: 0.001508
  step:  18 bond rmsd: 0.001507
  step:  19 bond rmsd: 0.001506
  step:  20 bond rmsd: 0.001506
  step:  21 bond rmsd: 0.001506
  step:  22 bond rmsd: 0.001505
  step:  23 bond rmsd: 0.001505
  step:  24 bond rmsd: 0.001504
  step:  25 bond rmsd: 0.001502
  step:  26 bond rmsd: 0.001498
  step:  27 bond rmsd: 0.001493
  step:  28 bond rmsd: 0.001482
  step:  29 bond rmsd: 0.001466
  step:  30 bond rmsd: 0.001460
  step:  31 bond rmsd: 0.001459
  step:  32 bond rmsd: 0.001469
  step:  33 bond rmsd: 0.001467
  step:  34 bond rmsd: 0.001469
  step:  35 bond rmsd: 0.001468
  step:  36 bond rmsd: 0.001470
  step:  37 bond rmsd: 0.001472
  step:  38 bond rmsd: 0.001474
  step:  39 bond rmsd: 0.001476
  step:  40 bond rmsd: 0.001478
  step:  41 bond rmsd: 0.001481
  step:  42 bond rmsd: 0.001484
  step:  43 bond rmsd: 0.001489
  step:  44 bond rmsd: 0.001491
  step:  45 bond rmsd: 0.001494
  step:  46 bond rmsd: 0.001497
  step:  47 bond rmsd: 0.001501
  step:  48 bond rmsd: 0.001503
  step:  49 bond rmsd: 0.001508
  step:  50 bond rmsd: 0.001511
  step:  51 bond rmsd: 0.001515
  step:  52 bond rmsd: 0.001522
micro_cycle  22 rmsd(b):  0.0015 rws:  1.000 n_fev: 1146
  step:   1 bond rmsd: 0.001522
  step:   2 bond rmsd: 0.060196
  step:   3 bond rmsd: 0.001662
  step:   4 bond rmsd: 0.001615
  step:   5 bond rmsd: 0.001583
  step:   6 bond rmsd: 0.001562
  step:   7 bond rmsd: 0.001548
  step:   8 bond rmsd: 0.001539
  step:   9 bond rmsd: 0.001533
  step:  10 bond rmsd: 0.001528
  step:  11 bond rmsd: 0.001525
  step:  12 bond rmsd: 0.001523
  step:  13 bond rmsd: 0.001521
  step:  14 bond rmsd: 0.001520
  step:  15 bond rmsd: 0.001519
  step:  16 bond rmsd: 0.001518
  step:  17 bond rmsd: 0.001518
  step:  18 bond rmsd: 0.001517
  step:  19 bond rmsd: 0.001517
  step:  20 bond rmsd: 0.001516
  step:  21 bond rmsd: 0.001515
  step:  22 bond rmsd: 0.001514
  step:  23 bond rmsd: 0.001512
  step:  24 bond rmsd: 0.001510
  step:  25 bond rmsd: 0.001507
  step:  26 bond rmsd: 0.001502
  step:  27 bond rmsd: 0.001498
  step:  28 bond rmsd: 0.001494
  step:  29 bond rmsd: 0.001490
  step:  30 bond rmsd: 0.001486
  step:  31 bond rmsd: 0.001484
  step:  32 bond rmsd: 0.001479
  step:  33 bond rmsd: 0.001478
  step:  34 bond rmsd: 0.001476
  step:  35 bond rmsd: 0.001476
  step:  36 bond rmsd: 0.001475
  step:  37 bond rmsd: 0.001473
  step:  38 bond rmsd: 0.001472
  step:  39 bond rmsd: 0.001472
  step:  40 bond rmsd: 0.001474
  step:  41 bond rmsd: 0.001473
  step:  42 bond rmsd: 0.001476
  step:  43 bond rmsd: 0.001478
  step:  44 bond rmsd: 0.001482
  step:  45 bond rmsd: 0.001484
  step:  46 bond rmsd: 0.001487
  step:  47 bond rmsd: 0.001493
  step:  48 bond rmsd: 0.001495
  step:  49 bond rmsd: 0.001498
  step:  50 bond rmsd: 0.001501
  step:  51 bond rmsd: 0.001505
  step:  52 bond rmsd: 0.001505
micro_cycle  23 rmsd(b):  0.0015 rws:  1.000 n_fev: 1198
  step:   1 bond rmsd: 0.001505
  step:   2 bond rmsd: 0.073776
  step:   3 bond rmsd: 0.001567
  step:   4 bond rmsd: 0.001547
  step:   5 bond rmsd: 0.001533
  step:   6 bond rmsd: 0.001524
  step:   7 bond rmsd: 0.001516
  step:   8 bond rmsd: 0.001511
  step:   9 bond rmsd: 0.001506
  step:  10 bond rmsd: 0.001503
  step:  11 bond rmsd: 0.001500
  step:  12 bond rmsd: 0.001498
  step:  13 bond rmsd: 0.001496
  step:  14 bond rmsd: 0.001494
  step:  15 bond rmsd: 0.001492
  step:  16 bond rmsd: 0.001490
  step:  17 bond rmsd: 0.001489
  step:  18 bond rmsd: 0.001487
  step:  19 bond rmsd: 0.001484
  step:  20 bond rmsd: 0.001481
  step:  21 bond rmsd: 0.001478
  step:  22 bond rmsd: 0.001475
  step:  23 bond rmsd: 0.001474
  step:  24 bond rmsd: 0.001472
  step:  25 bond rmsd: 0.001471
  step:  26 bond rmsd: 0.001471
  step:  27 bond rmsd: 0.001470
  step:  28 bond rmsd: 0.001470
  step:  29 bond rmsd: 0.001470
  step:  30 bond rmsd: 0.001471
  step:  31 bond rmsd: 0.001471
  step:  32 bond rmsd: 0.001472
  step:  33 bond rmsd: 0.001473
  step:  34 bond rmsd: 0.001475
  step:  35 bond rmsd: 0.001479
  step:  36 bond rmsd: 0.001481
  step:  37 bond rmsd: 0.001485
  step:  38 bond rmsd: 0.001488
  step:  39 bond rmsd: 0.001492
  step:  40 bond rmsd: 0.001496
  step:  41 bond rmsd: 0.001500
  step:  42 bond rmsd: 0.001505
  step:  43 bond rmsd: 0.001509
  step:  44 bond rmsd: 0.001515
  step:  45 bond rmsd: 0.001518
  step:  46 bond rmsd: 0.001524
  step:  47 bond rmsd: 0.001528
  step:  48 bond rmsd: 0.001530
  step:  49 bond rmsd: 0.001533
  step:  50 bond rmsd: 0.001544
  step:  51 bond rmsd: 0.001547
  step:  52 bond rmsd: 0.001553
micro_cycle  24 rmsd(b):  0.0016 rws:  1.000 n_fev: 1250
  step:   1 bond rmsd: 0.001553
  step:   2 bond rmsd: 0.054562
  step:   3 bond rmsd: 0.001784
  step:   4 bond rmsd: 0.001688
  step:   5 bond rmsd: 0.001627
  step:   6 bond rmsd: 0.001589
  step:   7 bond rmsd: 0.001565
  step:   8 bond rmsd: 0.001552
  step:   9 bond rmsd: 0.001544
  step:  10 bond rmsd: 0.001539
  step:  11 bond rmsd: 0.001537
  step:  12 bond rmsd: 0.001536
  step:  13 bond rmsd: 0.001536
  step:  14 bond rmsd: 0.001536
  step:  15 bond rmsd: 0.001536
  step:  16 bond rmsd: 0.001536
  step:  17 bond rmsd: 0.001536
  step:  18 bond rmsd: 0.001536
  step:  19 bond rmsd: 0.001536
  step:  20 bond rmsd: 0.001536
  step:  21 bond rmsd: 0.001536
  step:  22 bond rmsd: 0.001535
  step:  23 bond rmsd: 0.001534
  step:  24 bond rmsd: 0.001532
  step:  25 bond rmsd: 0.001529
  step:  26 bond rmsd: 0.001524
  step:  27 bond rmsd: 0.001513
  step:  28 bond rmsd: 0.001509
  step:  29 bond rmsd: 0.001503
  step:  30 bond rmsd: 0.001496
  step:  31 bond rmsd: 0.001488
  step:  32 bond rmsd: 0.001483
  step:  33 bond rmsd: 0.001480
  step:  34 bond rmsd: 0.001477
  step:  35 bond rmsd: 0.001475
  step:  36 bond rmsd: 0.001472
  step:  37 bond rmsd: 0.001471
  step:  38 bond rmsd: 0.001469
  step:  39 bond rmsd: 0.001468
  step:  40 bond rmsd: 0.001467
  step:  41 bond rmsd: 0.001464
  step:  42 bond rmsd: 0.001463
  step:  43 bond rmsd: 0.001461
  step:  44 bond rmsd: 0.001460
  step:  45 bond rmsd: 0.001458
  step:  46 bond rmsd: 0.001457
  step:  47 bond rmsd: 0.001456
  step:  48 bond rmsd: 0.001455
  step:  49 bond rmsd: 0.001453
  step:  50 bond rmsd: 0.001454
  step:  51 bond rmsd: 0.001453
  step:  52 bond rmsd: 0.001452
micro_cycle  25 rmsd(b):  0.0015 rws:  1.000 n_fev: 1302
  step:   1 bond rmsd: 0.001452
  step:   2 bond rmsd: 0.066168
  step:   3 bond rmsd: 0.001470
  step:   4 bond rmsd: 0.001462
  step:   5 bond rmsd: 0.001458
  step:   6 bond rmsd: 0.001454
  step:   7 bond rmsd: 0.001453
  step:   8 bond rmsd: 0.001451
  step:   9 bond rmsd: 0.001451
  step:  10 bond rmsd: 0.001450
  step:  11 bond rmsd: 0.001450
  step:  12 bond rmsd: 0.001450
  step:  13 bond rmsd: 0.001450
  step:  14 bond rmsd: 0.001450
  step:  15 bond rmsd: 0.001450
  step:  16 bond rmsd: 0.001450
  step:  17 bond rmsd: 0.001450
  step:  18 bond rmsd: 0.001450
  step:  19 bond rmsd: 0.001450
  step:  20 bond rmsd: 0.001450
  step:  21 bond rmsd: 0.001451
  step:  22 bond rmsd: 0.001452
  step:  23 bond rmsd: 0.001453
  step:  24 bond rmsd: 0.001455
  step:  25 bond rmsd: 0.001453
  step:  26 bond rmsd: 0.001456
  step:  27 bond rmsd: 0.001460
  step:  28 bond rmsd: 0.001464
  step:  29 bond rmsd: 0.001468
  step:  30 bond rmsd: 0.001471
  step:  31 bond rmsd: 0.001475
  step:  32 bond rmsd: 0.001478
  step:  33 bond rmsd: 0.001482
  step:  34 bond rmsd: 0.001484
  step:  35 bond rmsd: 0.001487
  step:  36 bond rmsd: 0.001489
  step:  37 bond rmsd: 0.001492
  step:  38 bond rmsd: 0.001494
  step:  39 bond rmsd: 0.001496
  step:  40 bond rmsd: 0.001498
  step:  41 bond rmsd: 0.001499
  step:  42 bond rmsd: 0.001501
  step:  43 bond rmsd: 0.001502
  step:  44 bond rmsd: 0.001503
  step:  45 bond rmsd: 0.001506
  step:  46 bond rmsd: 0.001507
  step:  47 bond rmsd: 0.001509
  step:  48 bond rmsd: 0.001511
  step:  49 bond rmsd: 0.001512
  step:  50 bond rmsd: 0.001514
  step:  51 bond rmsd: 0.001515
  step:  52 bond rmsd: 0.001517
micro_cycle  26 rmsd(b):  0.0015 rws:  1.000 n_fev: 1354
  step:   1 bond rmsd: 0.001517
  step:   2 bond rmsd: 0.068948
  step:   3 bond rmsd: 0.001553
  step:   4 bond rmsd: 0.001543
  step:   5 bond rmsd: 0.001535
  step:   6 bond rmsd: 0.001530
  step:   7 bond rmsd: 0.001526
  step:   8 bond rmsd: 0.001523
  step:   9 bond rmsd: 0.001520
  step:  10 bond rmsd: 0.001518
  step:  11 bond rmsd: 0.001516
  step:  12 bond rmsd: 0.001514
  step:  13 bond rmsd: 0.001513
  step:  14 bond rmsd: 0.001512
  step:  15 bond rmsd: 0.001510
  step:  16 bond rmsd: 0.001509
  step:  17 bond rmsd: 0.001507
  step:  18 bond rmsd: 0.001506
  step:  19 bond rmsd: 0.001503
  step:  20 bond rmsd: 0.001500
  step:  21 bond rmsd: 0.001498
  step:  22 bond rmsd: 0.001496
  step:  23 bond rmsd: 0.001492
  step:  24 bond rmsd: 0.001488
  step:  25 bond rmsd: 0.001482
  step:  26 bond rmsd: 0.001479
  step:  27 bond rmsd: 0.001475
  step:  28 bond rmsd: 0.001471
  step:  29 bond rmsd: 0.001468
  step:  30 bond rmsd: 0.001465
  step:  31 bond rmsd: 0.001460
  step:  32 bond rmsd: 0.001456
  step:  33 bond rmsd: 0.001453
  step:  34 bond rmsd: 0.001447
  step:  35 bond rmsd: 0.001445
  step:  36 bond rmsd: 0.001441
  step:  37 bond rmsd: 0.001440
  step:  38 bond rmsd: 0.001438
  step:  39 bond rmsd: 0.001437
  step:  40 bond rmsd: 0.001434
  step:  41 bond rmsd: 0.001434
  step:  42 bond rmsd: 0.001434
  step:  43 bond rmsd: 0.001436
  step:  44 bond rmsd: 0.001438
  step:  45 bond rmsd: 0.001439
  step:  46 bond rmsd: 0.001444
  step:  47 bond rmsd: 0.001449
  step:  48 bond rmsd: 0.001456
  step:  49 bond rmsd: 0.001462
  step:  50 bond rmsd: 0.001471
  step:  51 bond rmsd: 0.001479
  step:  52 bond rmsd: 0.001486
micro_cycle  27 rmsd(b):  0.0015 rws:  1.000 n_fev: 1406
  step:   1 bond rmsd: 0.001486
  step:   2 bond rmsd: 0.043345
  step:   3 bond rmsd: 0.001499
  step:   4 bond rmsd: 0.001492
  step:   5 bond rmsd: 0.001487
  step:   6 bond rmsd: 0.001483
  step:   7 bond rmsd: 0.001480
  step:   8 bond rmsd: 0.001477
  step:   9 bond rmsd: 0.001474
  step:  10 bond rmsd: 0.001472
  step:  11 bond rmsd: 0.001471
  step:  12 bond rmsd: 0.001469
  step:  13 bond rmsd: 0.001468
  step:  14 bond rmsd: 0.001467
  step:  15 bond rmsd: 0.001466
  step:  16 bond rmsd: 0.001465
  step:  17 bond rmsd: 0.001463
  step:  18 bond rmsd: 0.001462
  step:  19 bond rmsd: 0.001459
  step:  20 bond rmsd: 0.001458
  step:  21 bond rmsd: 0.001460
  step:  22 bond rmsd: 0.001459
  step:  23 bond rmsd: 0.001461
  step:  24 bond rmsd: 0.001463
  step:  25 bond rmsd: 0.001463
  step:  26 bond rmsd: 0.001466
  step:  27 bond rmsd: 0.001468
  step:  28 bond rmsd: 0.001473
  step:  29 bond rmsd: 0.001475
  step:  30 bond rmsd: 0.001479
  step:  31 bond rmsd: 0.001482
  step:  32 bond rmsd: 0.001485
  step:  33 bond rmsd: 0.001491
  step:  34 bond rmsd: 0.001493
  step:  35 bond rmsd: 0.001496
  step:  36 bond rmsd: 0.001499
  step:  37 bond rmsd: 0.001502
  step:  38 bond rmsd: 0.001504
  step:  39 bond rmsd: 0.001506
  step:  40 bond rmsd: 0.001509
  step:  41 bond rmsd: 0.001510
  step:  42 bond rmsd: 0.001511
  step:  43 bond rmsd: 0.001512
  step:  44 bond rmsd: 0.001513
  step:  45 bond rmsd: 0.001512
  step:  46 bond rmsd: 0.001513
  step:  47 bond rmsd: 0.001510
  step:  48 bond rmsd: 0.001509
  step:  49 bond rmsd: 0.001506
  step:  50 bond rmsd: 0.001503
  step:  51 bond rmsd: 0.001499
  step:  52 bond rmsd: 0.001493
micro_cycle  28 rmsd(b):  0.0015 rws:  1.000 n_fev: 1458
  step:   1 bond rmsd: 0.001493
  step:   2 bond rmsd: 0.060511
  step:   3 bond rmsd: 0.001509
  step:   4 bond rmsd: 0.001505
  step:   5 bond rmsd: 0.001502
  step:   6 bond rmsd: 0.001499
  step:   7 bond rmsd: 0.001497
  step:   8 bond rmsd: 0.001496
  step:   9 bond rmsd: 0.001495
  step:  10 bond rmsd: 0.001494
  step:  11 bond rmsd: 0.001493
  step:  12 bond rmsd: 0.001492
  step:  13 bond rmsd: 0.001491
  step:  14 bond rmsd: 0.001490
  step:  15 bond rmsd: 0.001489
  step:  16 bond rmsd: 0.001488
  step:  17 bond rmsd: 0.001487
  step:  18 bond rmsd: 0.001485
  step:  19 bond rmsd: 0.001483
  step:  20 bond rmsd: 0.001481
  step:  21 bond rmsd: 0.001479
  step:  22 bond rmsd: 0.001477
  step:  23 bond rmsd: 0.001475
  step:  24 bond rmsd: 0.001474
  step:  25 bond rmsd: 0.001473
  step:  26 bond rmsd: 0.001472
  step:  27 bond rmsd: 0.001471
  step:  28 bond rmsd: 0.001471
  step:  29 bond rmsd: 0.001471
  step:  30 bond rmsd: 0.001470
  step:  31 bond rmsd: 0.001470
  step:  32 bond rmsd: 0.001470
  step:  33 bond rmsd: 0.001470
  step:  34 bond rmsd: 0.001471
  step:  35 bond rmsd: 0.001472
  step:  36 bond rmsd: 0.001475
  step:  37 bond rmsd: 0.001476
  step:  38 bond rmsd: 0.001481
  step:  39 bond rmsd: 0.001485
  step:  40 bond rmsd: 0.001491
  step:  41 bond rmsd: 0.001499
  step:  42 bond rmsd: 0.001507
  step:  43 bond rmsd: 0.001516
  step:  44 bond rmsd: 0.001530
  step:  45 bond rmsd: 0.001541
  step:  46 bond rmsd: 0.001556
  step:  47 bond rmsd: 0.001568
  step:  48 bond rmsd: 0.001582
  step:  49 bond rmsd: 0.001595
  step:  50 bond rmsd: 0.001608
  step:  51 bond rmsd: 0.001624
  step:  52 bond rmsd: 0.001635
micro_cycle  29 rmsd(b):  0.0016 rws:  1.000 n_fev: 1510
  step:   1 bond rmsd: 0.001635
  step:   2 bond rmsd: 0.052550
  step:   3 bond rmsd: 0.001741
  step:   4 bond rmsd: 0.001707
  step:   5 bond rmsd: 0.001683
  step:   6 bond rmsd: 0.001666
  step:   7 bond rmsd: 0.001653
  step:   8 bond rmsd: 0.001644
  step:   9 bond rmsd: 0.001636
  step:  10 bond rmsd: 0.001630
  step:  11 bond rmsd: 0.001625
  step:  12 bond rmsd: 0.001621
  step:  13 bond rmsd: 0.001617
  step:  14 bond rmsd: 0.001614
  step:  15 bond rmsd: 0.001611
  step:  16 bond rmsd: 0.001609
  step:  17 bond rmsd: 0.001606
  step:  18 bond rmsd: 0.001603
  step:  19 bond rmsd: 0.001598
  step:  20 bond rmsd: 0.001592
  step:  21 bond rmsd: 0.001584
  step:  22 bond rmsd: 0.001572
  step:  23 bond rmsd: 0.001560
  step:  24 bond rmsd: 0.001552
  step:  25 bond rmsd: 0.001538
  step:  26 bond rmsd: 0.001529
  step:  27 bond rmsd: 0.001521
  step:  28 bond rmsd: 0.001517
  step:  29 bond rmsd: 0.001512
  step:  30 bond rmsd: 0.001509
  step:  31 bond rmsd: 0.001506
  step:  32 bond rmsd: 0.001503
  step:  33 bond rmsd: 0.001500
  step:  34 bond rmsd: 0.001498
  step:  35 bond rmsd: 0.001494
  step:  36 bond rmsd: 0.001492
  step:  37 bond rmsd: 0.001490
  step:  38 bond rmsd: 0.001485
  step:  39 bond rmsd: 0.001483
  step:  40 bond rmsd: 0.001480
  step:  41 bond rmsd: 0.001477
  step:  42 bond rmsd: 0.001473
  step:  43 bond rmsd: 0.001470
  step:  44 bond rmsd: 0.001467
  step:  45 bond rmsd: 0.001462
  step:  46 bond rmsd: 0.001458
  step:  47 bond rmsd: 0.001454
  step:  48 bond rmsd: 0.001450
  step:  49 bond rmsd: 0.001447
  step:  50 bond rmsd: 0.001445
  step:  51 bond rmsd: 0.001443
  step:  52 bond rmsd: 0.001442
micro_cycle  30 rmsd(b):  0.0014 rws:  1.000 n_fev: 1562
  step:   1 bond rmsd: 0.001442
  step:   2 bond rmsd: 0.041292
  step:   3 bond rmsd: 0.001442
  step:   4 bond rmsd: 0.001442
  step:   5 bond rmsd: 0.001442
  step:   6 bond rmsd: 0.001442
  step:   7 bond rmsd: 0.001442
  step:   8 bond rmsd: 0.001443
  step:   9 bond rmsd: 0.001444
  step:  10 bond rmsd: 0.001444
  step:  11 bond rmsd: 0.001445
  step:  12 bond rmsd: 0.001446
  step:  13 bond rmsd: 0.001446
  step:  14 bond rmsd: 0.001447
  step:  15 bond rmsd: 0.001448
  step:  16 bond rmsd: 0.001450
  step:  17 bond rmsd: 0.001452
  step:  18 bond rmsd: 0.001455
  step:  19 bond rmsd: 0.001459
  step:  20 bond rmsd: 0.001459
  step:  21 bond rmsd: 0.001463
  step:  22 bond rmsd: 0.001466
  step:  23 bond rmsd: 0.001469
  step:  24 bond rmsd: 0.001472
  step:  25 bond rmsd: 0.001475
  step:  26 bond rmsd: 0.001478
  step:  27 bond rmsd: 0.001481
  step:  28 bond rmsd: 0.001484
  step:  29 bond rmsd: 0.001488
  step:  30 bond rmsd: 0.001491
  step:  31 bond rmsd: 0.001494
  step:  32 bond rmsd: 0.001499
  step:  33 bond rmsd: 0.001502
  step:  34 bond rmsd: 0.001505
  step:  35 bond rmsd: 0.001508
  step:  36 bond rmsd: 0.001511
  step:  37 bond rmsd: 0.001515
  step:  38 bond rmsd: 0.001516
  step:  39 bond rmsd: 0.001521
  step:  40 bond rmsd: 0.001523
  step:  41 bond rmsd: 0.001526
  step:  42 bond rmsd: 0.001529
  step:  43 bond rmsd: 0.001531
  step:  44 bond rmsd: 0.001533
  step:  45 bond rmsd: 0.001535
  step:  46 bond rmsd: 0.001537
  step:  47 bond rmsd: 0.001540
  step:  48 bond rmsd: 0.001541
  step:  49 bond rmsd: 0.001542
  step:  50 bond rmsd: 0.001542
  step:  51 bond rmsd: 0.001540
  step:  52 bond rmsd: 0.001538
micro_cycle  31 rmsd(b):  0.0015 rws:  1.000 n_fev: 1614
  step:   1 bond rmsd: 0.001538
  step:   2 bond rmsd: 0.074665
  step:   3 bond rmsd: 0.001547
  step:   4 bond rmsd: 0.001543
  step:   5 bond rmsd: 0.001540
  step:   6 bond rmsd: 0.001538
  step:   7 bond rmsd: 0.001537
  step:   8 bond rmsd: 0.001536
  step:   9 bond rmsd: 0.001535
  step:  10 bond rmsd: 0.001534
  step:  11 bond rmsd: 0.001534
  step:  12 bond rmsd: 0.001533
  step:  13 bond rmsd: 0.001533
  step:  14 bond rmsd: 0.001532
  step:  15 bond rmsd: 0.001531
  step:  16 bond rmsd: 0.001531
  step:  17 bond rmsd: 0.001530
  step:  18 bond rmsd: 0.001528
  step:  19 bond rmsd: 0.001526
  step:  20 bond rmsd: 0.001523
  step:  21 bond rmsd: 0.001519
  step:  22 bond rmsd: 0.001516
  step:  23 bond rmsd: 0.001513
  step:  24 bond rmsd: 0.001510
  step:  25 bond rmsd: 0.001507
  step:  26 bond rmsd: 0.001504
  step:  27 bond rmsd: 0.001501
  step:  28 bond rmsd: 0.001499
  step:  29 bond rmsd: 0.001496
  step:  30 bond rmsd: 0.001495
  step:  31 bond rmsd: 0.001493
  step:  32 bond rmsd: 0.001490
  step:  33 bond rmsd: 0.001487
  step:  34 bond rmsd: 0.001484
  step:  35 bond rmsd: 0.001480
  step:  36 bond rmsd: 0.001477
  step:  37 bond rmsd: 0.001474
  step:  38 bond rmsd: 0.001470
  step:  39 bond rmsd: 0.001468
  step:  40 bond rmsd: 0.001465
  step:  41 bond rmsd: 0.001463
  step:  42 bond rmsd: 0.001459
  step:  43 bond rmsd: 0.001457
  step:  44 bond rmsd: 0.001455
  step:  45 bond rmsd: 0.001454
  step:  46 bond rmsd: 0.001451
  step:  47 bond rmsd: 0.001450
  step:  48 bond rmsd: 0.001449
  step:  49 bond rmsd: 0.001446
  step:  50 bond rmsd: 0.001446
  step:  51 bond rmsd: 0.001445
  step:  52 bond rmsd: 0.001445
micro_cycle  32 rmsd(b):  0.0014 rws:  1.000 n_fev: 1666
  step:   1 bond rmsd: 0.001445
  step:   2 bond rmsd: 0.042069
  step:   3 bond rmsd: 0.001454
  step:   4 bond rmsd: 0.001452
  step:   5 bond rmsd: 0.001450
  step:   6 bond rmsd: 0.001449
  step:   7 bond rmsd: 0.001448
  step:   8 bond rmsd: 0.001448
  step:   9 bond rmsd: 0.001448
  step:  10 bond rmsd: 0.001447
  step:  11 bond rmsd: 0.001447
  step:  12 bond rmsd: 0.001447
  step:  13 bond rmsd: 0.001447
  step:  14 bond rmsd: 0.001448
  step:  15 bond rmsd: 0.001448
  step:  16 bond rmsd: 0.001449
  step:  17 bond rmsd: 0.001451
  step:  18 bond rmsd: 0.001453
  step:  19 bond rmsd: 0.001455
  step:  20 bond rmsd: 0.001469
  step:  21 bond rmsd: 0.001469
  step:  22 bond rmsd: 0.001469
  step:  23 bond rmsd: 0.001470
  step:  24 bond rmsd: 0.001470
  step:  25 bond rmsd: 0.001470
  step:  26 bond rmsd: 0.001471
  step:  27 bond rmsd: 0.001471
  step:  28 bond rmsd: 0.001472
  step:  29 bond rmsd: 0.001473
  step:  30 bond rmsd: 0.001475
  step:  31 bond rmsd: 0.001477
  step:  32 bond rmsd: 0.001480
  step:  33 bond rmsd: 0.001484
  step:  34 bond rmsd: 0.001488
  step:  35 bond rmsd: 0.001492
  step:  36 bond rmsd: 0.001495
  step:  37 bond rmsd: 0.001506
  step:  38 bond rmsd: 0.001509
  step:  39 bond rmsd: 0.001512
  step:  40 bond rmsd: 0.001516
  step:  41 bond rmsd: 0.001519
  step:  42 bond rmsd: 0.001522
  step:  43 bond rmsd: 0.001524
  step:  44 bond rmsd: 0.001527
  step:  45 bond rmsd: 0.001528
  step:  46 bond rmsd: 0.001530
  step:  47 bond rmsd: 0.001532
  step:  48 bond rmsd: 0.001532
  step:  49 bond rmsd: 0.001533
  step:  50 bond rmsd: 0.001532
  step:  51 bond rmsd: 0.001531
  step:  52 bond rmsd: 0.001527
  step:  53 bond rmsd: 0.001524
micro_cycle  33 rmsd(b):  0.0015 rws:  1.000 n_fev: 1719
  step:   1 bond rmsd: 0.001524
  step:   2 bond rmsd: 0.044845
  step:   3 bond rmsd: 0.001550
  step:   4 bond rmsd: 0.001544
  step:   5 bond rmsd: 0.001539
  step:   6 bond rmsd: 0.001535
  step:   7 bond rmsd: 0.001532
  step:   8 bond rmsd: 0.001529
  step:   9 bond rmsd: 0.001527
  step:  10 bond rmsd: 0.001525
  step:  11 bond rmsd: 0.001523
  step:  12 bond rmsd: 0.001521
  step:  13 bond rmsd: 0.001520
  step:  14 bond rmsd: 0.001518
  step:  15 bond rmsd: 0.001517
  step:  16 bond rmsd: 0.001515
  step:  17 bond rmsd: 0.001513
  step:  18 bond rmsd: 0.001511
  step:  19 bond rmsd: 0.001508
  step:  20 bond rmsd: 0.001505
  step:  21 bond rmsd: 0.001503
  step:  22 bond rmsd: 0.001500
  step:  23 bond rmsd: 0.001498
  step:  24 bond rmsd: 0.001496
  step:  25 bond rmsd: 0.001495
  step:  26 bond rmsd: 0.001492
  step:  27 bond rmsd: 0.001490
  step:  28 bond rmsd: 0.001488
  step:  29 bond rmsd: 0.001486
  step:  30 bond rmsd: 0.001483
  step:  31 bond rmsd: 0.001479
  step:  32 bond rmsd: 0.001476
  step:  33 bond rmsd: 0.001470
  step:  34 bond rmsd: 0.001467
  step:  35 bond rmsd: 0.001468
  step:  36 bond rmsd: 0.001465
  step:  37 bond rmsd: 0.001461
  step:  38 bond rmsd: 0.001458
  step:  39 bond rmsd: 0.001454
  step:  40 bond rmsd: 0.001450
  step:  41 bond rmsd: 0.001449
  step:  42 bond rmsd: 0.001446
  step:  43 bond rmsd: 0.001445
  step:  44 bond rmsd: 0.001443
  step:  45 bond rmsd: 0.001443
  step:  46 bond rmsd: 0.001442
  step:  47 bond rmsd: 0.001441
  step:  48 bond rmsd: 0.001441
  step:  49 bond rmsd: 0.001438
  step:  50 bond rmsd: 0.001438
  step:  51 bond rmsd: 0.001436
  step:  52 bond rmsd: 0.001436
micro_cycle  34 rmsd(b):  0.0014 rws:  1.000 n_fev: 1771
  step:   1 bond rmsd: 0.001436
  step:   2 bond rmsd: 0.048008
  step:   3 bond rmsd: 0.003184
  step:   4 bond rmsd: 0.002713
  step:   5 bond rmsd: 0.002357
  step:   6 bond rmsd: 0.002093
  step:   7 bond rmsd: 0.001901
  step:   8 bond rmsd: 0.001764
  step:   9 bond rmsd: 0.001667
  step:  10 bond rmsd: 0.001600
  step:  11 bond rmsd: 0.001553
  step:  12 bond rmsd: 0.001520
  step:  13 bond rmsd: 0.001497
  step:  14 bond rmsd: 0.001482
  step:  15 bond rmsd: 0.001470
  step:  16 bond rmsd: 0.001462
  step:  17 bond rmsd: 0.001457
  step:  18 bond rmsd: 0.001453
  step:  19 bond rmsd: 0.001450
  step:  20 bond rmsd: 0.001447
  step:  21 bond rmsd: 0.001445
  step:  22 bond rmsd: 0.001444
  step:  23 bond rmsd: 0.001443
  step:  24 bond rmsd: 0.001442
  step:  25 bond rmsd: 0.001441
  step:  26 bond rmsd: 0.001441
  step:  27 bond rmsd: 0.001440
  step:  28 bond rmsd: 0.001440
  step:  29 bond rmsd: 0.001439
  step:  30 bond rmsd: 0.001439
  step:  31 bond rmsd: 0.001439
  step:  32 bond rmsd: 0.001439
  step:  33 bond rmsd: 0.001442
  step:  34 bond rmsd: 0.001444
  step:  35 bond rmsd: 0.001446
  step:  36 bond rmsd: 0.001461
  step:  37 bond rmsd: 0.001461
  step:  38 bond rmsd: 0.001461
  step:  39 bond rmsd: 0.001461
  step:  40 bond rmsd: 0.001462
  step:  41 bond rmsd: 0.001463
  step:  42 bond rmsd: 0.001465
  step:  43 bond rmsd: 0.001466
  step:  44 bond rmsd: 0.001468
  step:  45 bond rmsd: 0.001470
  step:  46 bond rmsd: 0.001473
  step:  47 bond rmsd: 0.001476
  step:  48 bond rmsd: 0.001480
  step:  49 bond rmsd: 0.001484
  step:  50 bond rmsd: 0.001488
  step:  51 bond rmsd: 0.001494
  step:  52 bond rmsd: 0.001498
  step:  53 bond rmsd: 0.001503
micro_cycle  35 rmsd(b):  0.0015 rws:  1.000 n_fev: 1824
  step:   1 bond rmsd: 0.001503
  step:   2 bond rmsd: 0.056763
  step:   3 bond rmsd: 0.001508
  step:   4 bond rmsd: 0.001507
  step:   5 bond rmsd: 0.001506
  step:   6 bond rmsd: 0.001506
  step:   7 bond rmsd: 0.001505
  step:   8 bond rmsd: 0.001505
  step:   9 bond rmsd: 0.001504
  step:  10 bond rmsd: 0.001504
  step:  11 bond rmsd: 0.001503
  step:  12 bond rmsd: 0.001503
  step:  13 bond rmsd: 0.001503
  step:  14 bond rmsd: 0.001502
  step:  15 bond rmsd: 0.001502
  step:  16 bond rmsd: 0.001502
  step:  17 bond rmsd: 0.001501
  step:  18 bond rmsd: 0.001500
  step:  19 bond rmsd: 0.001500
  step:  20 bond rmsd: 0.001499
  step:  21 bond rmsd: 0.001497
  step:  22 bond rmsd: 0.001497
  step:  23 bond rmsd: 0.001495
  step:  24 bond rmsd: 0.001493
  step:  25 bond rmsd: 0.001490
  step:  26 bond rmsd: 0.001488
  step:  27 bond rmsd: 0.001486
  step:  28 bond rmsd: 0.001481
  step:  29 bond rmsd: 0.001478
  step:  30 bond rmsd: 0.001470
  step:  31 bond rmsd: 0.001465
  step:  32 bond rmsd: 0.001455
  step:  33 bond rmsd: 0.001449
  step:  34 bond rmsd: 0.001442
  step:  35 bond rmsd: 0.001440
  step:  36 bond rmsd: 0.001436
  step:  37 bond rmsd: 0.001433
  step:  38 bond rmsd: 0.001430
  step:  39 bond rmsd: 0.001427
  step:  40 bond rmsd: 0.001425
  step:  41 bond rmsd: 0.001423
  step:  42 bond rmsd: 0.001421
  step:  43 bond rmsd: 0.001419
  step:  44 bond rmsd: 0.001417
  step:  45 bond rmsd: 0.001418
  step:  46 bond rmsd: 0.001420
  step:  47 bond rmsd: 0.001429
  step:  48 bond rmsd: 0.001433
  step:  49 bond rmsd: 0.001440
  step:  50 bond rmsd: 0.001455
  step:  51 bond rmsd: 0.001469
  step:  52 bond rmsd: 0.001490
micro_cycle  36 rmsd(b):  0.0015 rws:  1.000 n_fev: 1876
  step:   1 bond rmsd: 0.001490
  step:   2 bond rmsd: 0.050520
  step:   3 bond rmsd: 0.001828
  step:   4 bond rmsd: 0.001699
  step:   5 bond rmsd: 0.001613
  step:   6 bond rmsd: 0.001557
  step:   7 bond rmsd: 0.001522
  step:   8 bond rmsd: 0.001499
  step:   9 bond rmsd: 0.001486
  step:  10 bond rmsd: 0.001478
  step:  11 bond rmsd: 0.001473
  step:  12 bond rmsd: 0.001471
  step:  13 bond rmsd: 0.001469
  step:  14 bond rmsd: 0.001469
  step:  15 bond rmsd: 0.001469
  step:  16 bond rmsd: 0.001469
  step:  17 bond rmsd: 0.001469
  step:  18 bond rmsd: 0.001469
  step:  19 bond rmsd: 0.001470
  step:  20 bond rmsd: 0.001470
  step:  21 bond rmsd: 0.001470
  step:  22 bond rmsd: 0.001470
  step:  23 bond rmsd: 0.001470
  step:  24 bond rmsd: 0.001469
  step:  25 bond rmsd: 0.001467
  step:  26 bond rmsd: 0.001459
  step:  27 bond rmsd: 0.001457
  step:  28 bond rmsd: 0.001458
  step:  29 bond rmsd: 0.001458
  step:  30 bond rmsd: 0.001461
  step:  31 bond rmsd: 0.001461
  step:  32 bond rmsd: 0.001463
  step:  33 bond rmsd: 0.001464
  step:  34 bond rmsd: 0.001466
  step:  35 bond rmsd: 0.001467
  step:  36 bond rmsd: 0.001469
  step:  37 bond rmsd: 0.001470
  step:  38 bond rmsd: 0.001471
  step:  39 bond rmsd: 0.001473
  step:  40 bond rmsd: 0.001473
  step:  41 bond rmsd: 0.001475
  step:  42 bond rmsd: 0.001477
  step:  43 bond rmsd: 0.001480
  step:  44 bond rmsd: 0.001481
  step:  45 bond rmsd: 0.001484
  step:  46 bond rmsd: 0.001486
  step:  47 bond rmsd: 0.001488
  step:  48 bond rmsd: 0.001491
  step:  49 bond rmsd: 0.001492
  step:  50 bond rmsd: 0.001497
  step:  51 bond rmsd: 0.001498
  step:  52 bond rmsd: 0.001499
micro_cycle  37 rmsd(b):  0.0015 rws:  1.000 n_fev: 1928
  step:   1 bond rmsd: 0.001499
  step:   2 bond rmsd: 0.043533
  step:   3 bond rmsd: 0.001484
  step:   4 bond rmsd: 0.001483
  step:   5 bond rmsd: 0.001483
  step:   6 bond rmsd: 0.001484
  step:   7 bond rmsd: 0.001486
  step:   8 bond rmsd: 0.001487
  step:   9 bond rmsd: 0.001489
  step:  10 bond rmsd: 0.001490
  step:  11 bond rmsd: 0.001491
  step:  12 bond rmsd: 0.001492
  step:  13 bond rmsd: 0.001493
  step:  14 bond rmsd: 0.001494
  step:  15 bond rmsd: 0.001494
  step:  16 bond rmsd: 0.001495
  step:  17 bond rmsd: 0.001495
  step:  18 bond rmsd: 0.001496
  step:  19 bond rmsd: 0.001496
  step:  20 bond rmsd: 0.001497
  step:  21 bond rmsd: 0.001497
  step:  22 bond rmsd: 0.001497
  step:  23 bond rmsd: 0.001498
  step:  24 bond rmsd: 0.001498
  step:  25 bond rmsd: 0.001499
  step:  26 bond rmsd: 0.001500
  step:  27 bond rmsd: 0.001500
  step:  28 bond rmsd: 0.001499
  step:  29 bond rmsd: 0.001492
  step:  30 bond rmsd: 0.001492
  step:  31 bond rmsd: 0.001491
  step:  32 bond rmsd: 0.001490
  step:  33 bond rmsd: 0.001488
  step:  34 bond rmsd: 0.001486
  step:  35 bond rmsd: 0.001485
  step:  36 bond rmsd: 0.001483
  step:  37 bond rmsd: 0.001482
  step:  38 bond rmsd: 0.001480
  step:  39 bond rmsd: 0.001476
  step:  40 bond rmsd: 0.001474
  step:  41 bond rmsd: 0.001470
  step:  42 bond rmsd: 0.001466
  step:  43 bond rmsd: 0.001462
  step:  44 bond rmsd: 0.001456
  step:  45 bond rmsd: 0.001452
  step:  46 bond rmsd: 0.001445
  step:  47 bond rmsd: 0.001441
  step:  48 bond rmsd: 0.001437
  step:  49 bond rmsd: 0.001428
  step:  50 bond rmsd: 0.001422
  step:  51 bond rmsd: 0.001419
  step:  52 bond rmsd: 0.001412
micro_cycle  38 rmsd(b):  0.0014 rws:  1.000 n_fev: 1980
  step:   1 bond rmsd: 0.001412
  step:   2 bond rmsd: 0.043718
  step:   3 bond rmsd: 0.001631
  step:   4 bond rmsd: 0.001539
  step:   5 bond rmsd: 0.001480
  step:   6 bond rmsd: 0.001445
  step:   7 bond rmsd: 0.001423
  step:   8 bond rmsd: 0.001412
  step:   9 bond rmsd: 0.001406
  step:  10 bond rmsd: 0.001404
  step:  11 bond rmsd: 0.001403
  step:  12 bond rmsd: 0.001404
  step:  13 bond rmsd: 0.001405
  step:  14 bond rmsd: 0.001407
  step:  15 bond rmsd: 0.001409
  step:  16 bond rmsd: 0.001411
  step:  17 bond rmsd: 0.001412
  step:  18 bond rmsd: 0.001414
  step:  19 bond rmsd: 0.001416
  step:  20 bond rmsd: 0.001418
  step:  21 bond rmsd: 0.001419
  step:  22 bond rmsd: 0.001422
  step:  23 bond rmsd: 0.001424
  step:  24 bond rmsd: 0.001427
  step:  25 bond rmsd: 0.001432
  step:  26 bond rmsd: 0.001437
  step:  27 bond rmsd: 0.001442
  step:  28 bond rmsd: 0.001446
  step:  29 bond rmsd: 0.001453
  step:  30 bond rmsd: 0.001459
  step:  31 bond rmsd: 0.001464
  step:  32 bond rmsd: 0.001469
  step:  33 bond rmsd: 0.001475
  step:  34 bond rmsd: 0.001479
  step:  35 bond rmsd: 0.001484
  step:  36 bond rmsd: 0.001487
  step:  37 bond rmsd: 0.001491
  step:  38 bond rmsd: 0.001495
  step:  39 bond rmsd: 0.001498
  step:  40 bond rmsd: 0.001503
  step:  41 bond rmsd: 0.001505
  step:  42 bond rmsd: 0.001507
  step:  43 bond rmsd: 0.001509
  step:  44 bond rmsd: 0.001510
  step:  45 bond rmsd: 0.001511
  step:  46 bond rmsd: 0.001512
  step:  47 bond rmsd: 0.001512
  step:  48 bond rmsd: 0.001512
  step:  49 bond rmsd: 0.001511
  step:  50 bond rmsd: 0.001512
  step:  51 bond rmsd: 0.001511
  step:  52 bond rmsd: 0.001510
micro_cycle  39 rmsd(b):  0.0015 rws:  1.000 n_fev: 2032
  step:   1 bond rmsd: 0.001510
  step:   2 bond rmsd: 0.049766
  step:   3 bond rmsd: 0.001511
  step:   4 bond rmsd: 0.001511
  step:   5 bond rmsd: 0.001510
  step:   6 bond rmsd: 0.001510
  step:   7 bond rmsd: 0.001510
  step:   8 bond rmsd: 0.001510
  step:   9 bond rmsd: 0.001510
  step:  10 bond rmsd: 0.001509
  step:  11 bond rmsd: 0.001509
  step:  12 bond rmsd: 0.001509
  step:  13 bond rmsd: 0.001509
  step:  14 bond rmsd: 0.001509
  step:  15 bond rmsd: 0.001508
  step:  16 bond rmsd: 0.001508
  step:  17 bond rmsd: 0.001507
  step:  18 bond rmsd: 0.001506
  step:  19 bond rmsd: 0.001504
  step:  20 bond rmsd: 0.001501
  step:  21 bond rmsd: 0.001498
  step:  22 bond rmsd: 0.001498
  step:  23 bond rmsd: 0.001494
  step:  24 bond rmsd: 0.001491
  step:  25 bond rmsd: 0.001488
  step:  26 bond rmsd: 0.001485
  step:  27 bond rmsd: 0.001482
  step:  28 bond rmsd: 0.001479
  step:  29 bond rmsd: 0.001477
  step:  30 bond rmsd: 0.001475
  step:  31 bond rmsd: 0.001471
  step:  32 bond rmsd: 0.001469
  step:  33 bond rmsd: 0.001467
  step:  34 bond rmsd: 0.001460
  step:  35 bond rmsd: 0.001460
  step:  36 bond rmsd: 0.001459
  step:  37 bond rmsd: 0.001457
  step:  38 bond rmsd: 0.001457
  step:  39 bond rmsd: 0.001456
  step:  40 bond rmsd: 0.001455
  step:  41 bond rmsd: 0.001456
  step:  42 bond rmsd: 0.001456
  step:  43 bond rmsd: 0.001456
  step:  44 bond rmsd: 0.001456
  step:  45 bond rmsd: 0.001455
  step:  46 bond rmsd: 0.001455
  step:  47 bond rmsd: 0.001456
  step:  48 bond rmsd: 0.001459
  step:  49 bond rmsd: 0.001460
  step:  50 bond rmsd: 0.001462
  step:  51 bond rmsd: 0.001463
  step:  52 bond rmsd: 0.001466
  step:  53 bond rmsd: 0.001468
micro_cycle  40 rmsd(b):  0.0015 rws:  1.000 n_fev: 2085
  step:   1 bond rmsd: 0.001468
  step:   2 bond rmsd: 0.053780
  step:   3 bond rmsd: 0.001475
  step:   4 bond rmsd: 0.001473
  step:   5 bond rmsd: 0.001472
  step:   6 bond rmsd: 0.001471
  step:   7 bond rmsd: 0.001470
  step:   8 bond rmsd: 0.001469
  step:   9 bond rmsd: 0.001468
  step:  10 bond rmsd: 0.001468
  step:  11 bond rmsd: 0.001467
  step:  12 bond rmsd: 0.001467
  step:  13 bond rmsd: 0.001466
  step:  14 bond rmsd: 0.001466
  step:  15 bond rmsd: 0.001466
  step:  16 bond rmsd: 0.001465
  step:  17 bond rmsd: 0.001465
  step:  18 bond rmsd: 0.001465
  step:  19 bond rmsd: 0.001465
  step:  20 bond rmsd: 0.001466
  step:  21 bond rmsd: 0.001465
  step:  22 bond rmsd: 0.001466
  step:  23 bond rmsd: 0.001468
  step:  24 bond rmsd: 0.001469
  step:  25 bond rmsd: 0.001471
  step:  26 bond rmsd: 0.001473
  step:  27 bond rmsd: 0.001475
  step:  28 bond rmsd: 0.001477
  step:  29 bond rmsd: 0.001482
  step:  30 bond rmsd: 0.001483
  step:  31 bond rmsd: 0.001485
  step:  32 bond rmsd: 0.001487
  step:  33 bond rmsd: 0.001488
  step:  34 bond rmsd: 0.001490
  step:  35 bond rmsd: 0.001492
  step:  36 bond rmsd: 0.001494
  step:  37 bond rmsd: 0.001493
  step:  38 bond rmsd: 0.001495
  step:  39 bond rmsd: 0.001496
  step:  40 bond rmsd: 0.001498
  step:  41 bond rmsd: 0.001500
  step:  42 bond rmsd: 0.001501
  step:  43 bond rmsd: 0.001503
  step:  44 bond rmsd: 0.001504
  step:  45 bond rmsd: 0.001505
  step:  46 bond rmsd: 0.001506
  step:  47 bond rmsd: 0.001508
  step:  48 bond rmsd: 0.001508
  step:  49 bond rmsd: 0.001509
  step:  50 bond rmsd: 0.001511
  step:  51 bond rmsd: 0.001512
  step:  52 bond rmsd: 0.001513
micro_cycle  41 rmsd(b):  0.0015 rws:  1.000 n_fev: 2137
  step:   1 bond rmsd: 0.001513
  step:   2 bond rmsd: 0.043650
  step:   3 bond rmsd: 0.001523
  step:   4 bond rmsd: 0.001519
  step:   5 bond rmsd: 0.001516
  step:   6 bond rmsd: 0.001514
  step:   7 bond rmsd: 0.001513
  step:   8 bond rmsd: 0.001513
  step:   9 bond rmsd: 0.001512
  step:  10 bond rmsd: 0.001512
  step:  11 bond rmsd: 0.001512
  step:  12 bond rmsd: 0.001512
  step:  13 bond rmsd: 0.001511
  step:  14 bond rmsd: 0.001511
  step:  15 bond rmsd: 0.001511
  step:  16 bond rmsd: 0.001511
  step:  17 bond rmsd: 0.001511
  step:  18 bond rmsd: 0.001511
  step:  19 bond rmsd: 0.001510
  step:  20 bond rmsd: 0.001510
  step:  21 bond rmsd: 0.001509
  step:  22 bond rmsd: 0.001508
  step:  23 bond rmsd: 0.001506
  step:  24 bond rmsd: 0.001503
  step:  25 bond rmsd: 0.001501
  step:  26 bond rmsd: 0.001499
  step:  27 bond rmsd: 0.001497
  step:  28 bond rmsd: 0.001495
  step:  29 bond rmsd: 0.001493
  step:  30 bond rmsd: 0.001489
  step:  31 bond rmsd: 0.001487
  step:  32 bond rmsd: 0.001485
  step:  33 bond rmsd: 0.001482
  step:  34 bond rmsd: 0.001479
  step:  35 bond rmsd: 0.001477
  step:  36 bond rmsd: 0.001475
  step:  37 bond rmsd: 0.001471
  step:  38 bond rmsd: 0.001467
  step:  39 bond rmsd: 0.001463
  step:  40 bond rmsd: 0.001458
  step:  41 bond rmsd: 0.001453
  step:  42 bond rmsd: 0.001450
  step:  43 bond rmsd: 0.001445
  step:  44 bond rmsd: 0.001442
  step:  45 bond rmsd: 0.001441
  step:  46 bond rmsd: 0.001440
  step:  47 bond rmsd: 0.001440
  step:  48 bond rmsd: 0.001439
  step:  49 bond rmsd: 0.001441
  step:  50 bond rmsd: 0.001442
  step:  51 bond rmsd: 0.001444
  step:  52 bond rmsd: 0.001448
micro_cycle  42 rmsd(b):  0.0014 rws:  1.000 n_fev: 2189
  step:   1 bond rmsd: 0.001448
  step:   2 bond rmsd: 0.044974
  step:   3 bond rmsd: 0.001445
  step:   4 bond rmsd: 0.001445
  step:   5 bond rmsd: 0.001445
  step:   6 bond rmsd: 0.001445
  step:   7 bond rmsd: 0.001445
  step:   8 bond rmsd: 0.001446
  step:   9 bond rmsd: 0.001447
  step:  10 bond rmsd: 0.001448
  step:  11 bond rmsd: 0.001448
  step:  12 bond rmsd: 0.001449
  step:  13 bond rmsd: 0.001450
  step:  14 bond rmsd: 0.001451
  step:  15 bond rmsd: 0.001452
  step:  16 bond rmsd: 0.001454
  step:  17 bond rmsd: 0.001457
  step:  18 bond rmsd: 0.001459
  step:  19 bond rmsd: 0.001462
  step:  20 bond rmsd: 0.001464
  step:  21 bond rmsd: 0.001470
  step:  22 bond rmsd: 0.001472
  step:  23 bond rmsd: 0.001476
  step:  24 bond rmsd: 0.001480
  step:  25 bond rmsd: 0.001482
  step:  26 bond rmsd: 0.001485
  step:  27 bond rmsd: 0.001487
  step:  28 bond rmsd: 0.001489
  step:  29 bond rmsd: 0.001493
  step:  30 bond rmsd: 0.001495
  step:  31 bond rmsd: 0.001496
  step:  32 bond rmsd: 0.001498
  step:  33 bond rmsd: 0.001499
  step:  34 bond rmsd: 0.001500
  step:  35 bond rmsd: 0.001501
  step:  36 bond rmsd: 0.001502
  step:  37 bond rmsd: 0.001501
  step:  38 bond rmsd: 0.001501
  step:  39 bond rmsd: 0.001501
  step:  40 bond rmsd: 0.001502
  step:  41 bond rmsd: 0.001502
  step:  42 bond rmsd: 0.001501
  step:  43 bond rmsd: 0.001500
  step:  44 bond rmsd: 0.001500
  step:  45 bond rmsd: 0.001498
  step:  46 bond rmsd: 0.001497
  step:  47 bond rmsd: 0.001497
  step:  48 bond rmsd: 0.001495
  step:  49 bond rmsd: 0.001494
  step:  50 bond rmsd: 0.001491
  step:  51 bond rmsd: 0.001488
  step:  52 bond rmsd: 0.001485
micro_cycle  43 rmsd(b):  0.0015 rws:  1.000 n_fev: 2241
  step:   1 bond rmsd: 0.001485
  step:   2 bond rmsd: 0.053701
  step:   3 bond rmsd: 0.001483
  step:   4 bond rmsd: 0.001483
  step:   5 bond rmsd: 0.001483
  step:   6 bond rmsd: 0.001483
  step:   7 bond rmsd: 0.001483
  step:   8 bond rmsd: 0.001484
  step:   9 bond rmsd: 0.001484
  step:  10 bond rmsd: 0.001484
  step:  11 bond rmsd: 0.001484
  step:  12 bond rmsd: 0.001485
  step:  13 bond rmsd: 0.001485
  step:  14 bond rmsd: 0.001485
  step:  15 bond rmsd: 0.001485
  step:  16 bond rmsd: 0.001486
  step:  17 bond rmsd: 0.001486
  step:  18 bond rmsd: 0.001486
  step:  19 bond rmsd: 0.001486
  step:  20 bond rmsd: 0.001485
  step:  21 bond rmsd: 0.001487
  step:  22 bond rmsd: 0.001487
  step:  23 bond rmsd: 0.001486
  step:  24 bond rmsd: 0.001486
  step:  25 bond rmsd: 0.001486
  step:  26 bond rmsd: 0.001485
  step:  27 bond rmsd: 0.001485
  step:  28 bond rmsd: 0.001485
  step:  29 bond rmsd: 0.001485
  step:  30 bond rmsd: 0.001485
  step:  31 bond rmsd: 0.001485
  step:  32 bond rmsd: 0.001486
  step:  33 bond rmsd: 0.001487
  step:  34 bond rmsd: 0.001489
  step:  35 bond rmsd: 0.001491
  step:  36 bond rmsd: 0.001496
  step:  37 bond rmsd: 0.001500
  step:  38 bond rmsd: 0.001505
  step:  39 bond rmsd: 0.001511
  step:  40 bond rmsd: 0.001516
  step:  41 bond rmsd: 0.001527
  step:  42 bond rmsd: 0.001531
  step:  43 bond rmsd: 0.001534
  step:  44 bond rmsd: 0.001539
  step:  45 bond rmsd: 0.001542
  step:  46 bond rmsd: 0.001547
  step:  47 bond rmsd: 0.001550
  step:  48 bond rmsd: 0.001554
  step:  49 bond rmsd: 0.001554
  step:  50 bond rmsd: 0.001557
  step:  51 bond rmsd: 0.001560
  step:  52 bond rmsd: 0.001564
micro_cycle  44 rmsd(b):  0.0016 rws:  1.000 n_fev: 2293
  step:   1 bond rmsd: 0.001564
  step:   2 bond rmsd: 0.050217
  step:   3 bond rmsd: 0.001658
  step:   4 bond rmsd: 0.001630
  step:   5 bond rmsd: 0.001611
  step:   6 bond rmsd: 0.001597
  step:   7 bond rmsd: 0.001587
  step:   8 bond rmsd: 0.001580
  step:   9 bond rmsd: 0.001575
  step:  10 bond rmsd: 0.001571
  step:  11 bond rmsd: 0.001568
  step:  12 bond rmsd: 0.001565
  step:  13 bond rmsd: 0.001563
  step:  14 bond rmsd: 0.001561
  step:  15 bond rmsd: 0.001559
  step:  16 bond rmsd: 0.001558
  step:  17 bond rmsd: 0.001557
  step:  18 bond rmsd: 0.001555
  step:  19 bond rmsd: 0.001554
  step:  20 bond rmsd: 0.001552
  step:  21 bond rmsd: 0.001549
  step:  22 bond rmsd: 0.001545
  step:  23 bond rmsd: 0.001540
  step:  24 bond rmsd: 0.001534
  step:  25 bond rmsd: 0.001528
  step:  26 bond rmsd: 0.001522
  step:  27 bond rmsd: 0.001516
  step:  28 bond rmsd: 0.001509
  step:  29 bond rmsd: 0.001507
  step:  30 bond rmsd: 0.001501
  step:  31 bond rmsd: 0.001497
  step:  32 bond rmsd: 0.001494
  step:  33 bond rmsd: 0.001491
  step:  34 bond rmsd: 0.001489
  step:  35 bond rmsd: 0.001485
  step:  36 bond rmsd: 0.001484
  step:  37 bond rmsd: 0.001483
  step:  38 bond rmsd: 0.001482
  step:  39 bond rmsd: 0.001482
  step:  40 bond rmsd: 0.001482
  step:  41 bond rmsd: 0.001482
  step:  42 bond rmsd: 0.001482
  step:  43 bond rmsd: 0.001485
  step:  44 bond rmsd: 0.001485
  step:  45 bond rmsd: 0.001484
  step:  46 bond rmsd: 0.001483
  step:  47 bond rmsd: 0.001483
  step:  48 bond rmsd: 0.001482
  step:  49 bond rmsd: 0.001482
  step:  50 bond rmsd: 0.001482
  step:  51 bond rmsd: 0.001481
  step:  52 bond rmsd: 0.001482
micro_cycle  45 rmsd(b):  0.0015 rws:  1.000 n_fev: 2345
  step:   1 bond rmsd: 0.001482
  step:   2 bond rmsd: 0.023740
  step:   3 bond rmsd: 0.001490
  step:   4 bond rmsd: 0.001489
  step:   5 bond rmsd: 0.001487
  step:   6 bond rmsd: 0.001487
  step:   7 bond rmsd: 0.001486
  step:   8 bond rmsd: 0.001485
  step:   9 bond rmsd: 0.001485
  step:  10 bond rmsd: 0.001484
  step:  11 bond rmsd: 0.001484
  step:  12 bond rmsd: 0.001483
  step:  13 bond rmsd: 0.001483
  step:  14 bond rmsd: 0.001482
  step:  15 bond rmsd: 0.001482
  step:  16 bond rmsd: 0.001482
  step:  17 bond rmsd: 0.001482
  step:  18 bond rmsd: 0.001482
  step:  19 bond rmsd: 0.001486
  step:  20 bond rmsd: 0.001487
  step:  21 bond rmsd: 0.001488
  step:  22 bond rmsd: 0.001492
  step:  23 bond rmsd: 0.001492
  step:  24 bond rmsd: 0.001493
  step:  25 bond rmsd: 0.001494
  step:  26 bond rmsd: 0.001494
  step:  27 bond rmsd: 0.001495
  step:  28 bond rmsd: 0.001496
  step:  29 bond rmsd: 0.001497
  step:  30 bond rmsd: 0.001498
  step:  31 bond rmsd: 0.001501
  step:  32 bond rmsd: 0.001506
  step:  33 bond rmsd: 0.001509
  step:  34 bond rmsd: 0.001514
  step:  35 bond rmsd: 0.001519
  step:  36 bond rmsd: 0.001523
  step:  37 bond rmsd: 0.001528
  step:  38 bond rmsd: 0.001533
  step:  39 bond rmsd: 0.001542
  step:  40 bond rmsd: 0.001547
  step:  41 bond rmsd: 0.001552
  step:  42 bond rmsd: 0.001558
  step:  43 bond rmsd: 0.001561
  step:  44 bond rmsd: 0.001569
  step:  45 bond rmsd: 0.001571
  step:  46 bond rmsd: 0.001574
  step:  47 bond rmsd: 0.001575
  step:  48 bond rmsd: 0.001577
  step:  49 bond rmsd: 0.001578
  step:  50 bond rmsd: 0.001573
  step:  51 bond rmsd: 0.001573
  step:  52 bond rmsd: 0.001573
micro_cycle  46 rmsd(b):  0.0016 rws:  1.000 n_fev: 2397
  step:   1 bond rmsd: 0.001573
  step:   2 bond rmsd: 0.056546
  step:   3 bond rmsd: 0.001625
  step:   4 bond rmsd: 0.001605
  step:   5 bond rmsd: 0.001593
  step:   6 bond rmsd: 0.001584
  step:   7 bond rmsd: 0.001578
  step:   8 bond rmsd: 0.001573
  step:   9 bond rmsd: 0.001570
  step:  10 bond rmsd: 0.001568
  step:  11 bond rmsd: 0.001566
  step:  12 bond rmsd: 0.001564
  step:  13 bond rmsd: 0.001563
  step:  14 bond rmsd: 0.001562
  step:  15 bond rmsd: 0.001561
  step:  16 bond rmsd: 0.001560
  step:  17 bond rmsd: 0.001559
  step:  18 bond rmsd: 0.001558
  step:  19 bond rmsd: 0.001556
  step:  20 bond rmsd: 0.001553
  step:  21 bond rmsd: 0.001550
  step:  22 bond rmsd: 0.001544
  step:  23 bond rmsd: 0.001538
  step:  24 bond rmsd: 0.001534
  step:  25 bond rmsd: 0.001519
  step:  26 bond rmsd: 0.001517
  step:  27 bond rmsd: 0.001516
  step:  28 bond rmsd: 0.001513
  step:  29 bond rmsd: 0.001512
  step:  30 bond rmsd: 0.001510
  step:  31 bond rmsd: 0.001510
  step:  32 bond rmsd: 0.001508
  step:  33 bond rmsd: 0.001506
  step:  34 bond rmsd: 0.001505
  step:  35 bond rmsd: 0.001502
  step:  36 bond rmsd: 0.001497
  step:  37 bond rmsd: 0.001493
  step:  38 bond rmsd: 0.001490
  step:  39 bond rmsd: 0.001484
  step:  40 bond rmsd: 0.001481
  step:  41 bond rmsd: 0.001480
  step:  42 bond rmsd: 0.001478
  step:  43 bond rmsd: 0.001476
  step:  44 bond rmsd: 0.001476
  step:  45 bond rmsd: 0.001476
  step:  46 bond rmsd: 0.001475
  step:  47 bond rmsd: 0.001475
  step:  48 bond rmsd: 0.001475
  step:  49 bond rmsd: 0.001475
  step:  50 bond rmsd: 0.001476
  step:  51 bond rmsd: 0.001478
  step:  52 bond rmsd: 0.001478
micro_cycle  47 rmsd(b):  0.0015 rws:  1.000 n_fev: 2449
  step:   1 bond rmsd: 0.001478
  step:   2 bond rmsd: 0.030250
  step:   3 bond rmsd: 0.001475
  step:   4 bond rmsd: 0.001475
  step:   5 bond rmsd: 0.001476
  step:   6 bond rmsd: 0.001476
  step:   7 bond rmsd: 0.001477
  step:   8 bond rmsd: 0.001477
  step:   9 bond rmsd: 0.001477
  step:  10 bond rmsd: 0.001478
  step:  11 bond rmsd: 0.001478
  step:  12 bond rmsd: 0.001479
  step:  13 bond rmsd: 0.001479
  step:  14 bond rmsd: 0.001480
  step:  15 bond rmsd: 0.001480
  step:  16 bond rmsd: 0.001481
  step:  17 bond rmsd: 0.001482
  step:  18 bond rmsd: 0.001484
  step:  19 bond rmsd: 0.001486
  step:  20 bond rmsd: 0.001488
  step:  21 bond rmsd: 0.001490
  step:  22 bond rmsd: 0.001494
  step:  23 bond rmsd: 0.001495
  step:  24 bond rmsd: 0.001497
  step:  25 bond rmsd: 0.001499
  step:  26 bond rmsd: 0.001501
  step:  27 bond rmsd: 0.001502
  step:  28 bond rmsd: 0.001505
  step:  29 bond rmsd: 0.001507
  step:  30 bond rmsd: 0.001510
  step:  31 bond rmsd: 0.001513
  step:  32 bond rmsd: 0.001515
  step:  33 bond rmsd: 0.001518
  step:  34 bond rmsd: 0.001520
  step:  35 bond rmsd: 0.001522
  step:  36 bond rmsd: 0.001523
  step:  37 bond rmsd: 0.001526
  step:  38 bond rmsd: 0.001527
  step:  39 bond rmsd: 0.001529
  step:  40 bond rmsd: 0.001530
  step:  41 bond rmsd: 0.001531
  step:  42 bond rmsd: 0.001532
  step:  43 bond rmsd: 0.001533
  step:  44 bond rmsd: 0.001534
  step:  45 bond rmsd: 0.001534
  step:  46 bond rmsd: 0.001536
  step:  47 bond rmsd: 0.001531
  step:  48 bond rmsd: 0.001532
  step:  49 bond rmsd: 0.001533
  step:  50 bond rmsd: 0.001534
  step:  51 bond rmsd: 0.001531
  step:  52 bond rmsd: 0.001530
micro_cycle  48 rmsd(b):  0.0015 rws:  1.000 n_fev: 2501
  step:   1 bond rmsd: 0.001530
  step:   2 bond rmsd: 0.072563
  step:   3 bond rmsd: 0.001719
  step:   4 bond rmsd: 0.001663
  step:   5 bond rmsd: 0.001624
  step:   6 bond rmsd: 0.001597
  step:   7 bond rmsd: 0.001578
  step:   8 bond rmsd: 0.001564
  step:   9 bond rmsd: 0.001554
  step:  10 bond rmsd: 0.001547
  step:  11 bond rmsd: 0.001541
  step:  12 bond rmsd: 0.001536
  step:  13 bond rmsd: 0.001533
  step:  14 bond rmsd: 0.001530
  step:  15 bond rmsd: 0.001527
  step:  16 bond rmsd: 0.001525
  step:  17 bond rmsd: 0.001523
  step:  18 bond rmsd: 0.001521
  step:  19 bond rmsd: 0.001519
  step:  20 bond rmsd: 0.001517
  step:  21 bond rmsd: 0.001515
  step:  22 bond rmsd: 0.001511
  step:  23 bond rmsd: 0.001508
  step:  24 bond rmsd: 0.001508
  step:  25 bond rmsd: 0.001506
  step:  26 bond rmsd: 0.001503
  step:  27 bond rmsd: 0.001501
  step:  28 bond rmsd: 0.001500
  step:  29 bond rmsd: 0.001498
  step:  30 bond rmsd: 0.001498
  step:  31 bond rmsd: 0.001497
  step:  32 bond rmsd: 0.001497
  step:  33 bond rmsd: 0.001497
  step:  34 bond rmsd: 0.001496
  step:  35 bond rmsd: 0.001496
  step:  36 bond rmsd: 0.001495
  step:  37 bond rmsd: 0.001494
  step:  38 bond rmsd: 0.001493
  step:  39 bond rmsd: 0.001493
  step:  40 bond rmsd: 0.001492
  step:  41 bond rmsd: 0.001490
  step:  42 bond rmsd: 0.001489
  step:  43 bond rmsd: 0.001488
  step:  44 bond rmsd: 0.001487
  step:  45 bond rmsd: 0.001484
  step:  46 bond rmsd: 0.001481
  step:  47 bond rmsd: 0.001480
  step:  48 bond rmsd: 0.001477
  step:  49 bond rmsd: 0.001472
  step:  50 bond rmsd: 0.001470
  step:  51 bond rmsd: 0.001469
  step:  52 bond rmsd: 0.001467
micro_cycle  49 rmsd(b):  0.0015 rws:  1.000 n_fev: 2553
  step:   1 bond rmsd: 0.001467
  step:   2 bond rmsd: 0.050937
  step:   3 bond rmsd: 0.001547
  step:   4 bond rmsd: 0.001524
  step:   5 bond rmsd: 0.001507
  step:   6 bond rmsd: 0.001496
  step:   7 bond rmsd: 0.001489
  step:   8 bond rmsd: 0.001483
  step:   9 bond rmsd: 0.001479
  step:  10 bond rmsd: 0.001477
  step:  11 bond rmsd: 0.001475
  step:  12 bond rmsd: 0.001473
  step:  13 bond rmsd: 0.001472
  step:  14 bond rmsd: 0.001472
  step:  15 bond rmsd: 0.001471
  step:  16 bond rmsd: 0.001471
  step:  17 bond rmsd: 0.001470
  step:  18 bond rmsd: 0.001470
  step:  19 bond rmsd: 0.001470
  step:  20 bond rmsd: 0.001470
  step:  21 bond rmsd: 0.001470
  step:  22 bond rmsd: 0.001471
  step:  23 bond rmsd: 0.001471
  step:  24 bond rmsd: 0.001472
  step:  25 bond rmsd: 0.001474
  step:  26 bond rmsd: 0.001477
  step:  27 bond rmsd: 0.001480
  step:  28 bond rmsd: 0.001483
  step:  29 bond rmsd: 0.001485
  step:  30 bond rmsd: 0.001486
  step:  31 bond rmsd: 0.001490
  step:  32 bond rmsd: 0.001492
  step:  33 bond rmsd: 0.001495
  step:  34 bond rmsd: 0.001497
  step:  35 bond rmsd: 0.001500
  step:  36 bond rmsd: 0.001502
  step:  37 bond rmsd: 0.001504
  step:  38 bond rmsd: 0.001505
  step:  39 bond rmsd: 0.001507
  step:  40 bond rmsd: 0.001507
  step:  41 bond rmsd: 0.001508
  step:  42 bond rmsd: 0.001509
  step:  43 bond rmsd: 0.001508
  step:  44 bond rmsd: 0.001508
  step:  45 bond rmsd: 0.001508
  step:  46 bond rmsd: 0.001508
  step:  47 bond rmsd: 0.001506
  step:  48 bond rmsd: 0.001506
  step:  49 bond rmsd: 0.001505
  step:  50 bond rmsd: 0.001503
  step:  51 bond rmsd: 0.001501
  step:  52 bond rmsd: 0.001499
micro_cycle  50 rmsd(b):  0.0015 rws:  1.000 n_fev: 2605
See 0_refined.pdb in pdb folder.
Time: 39.7859
