Starting Q|R
Running refinement
   input {
     xray_data {
       file_name = None
       labels = None
       high_resolution = None
       low_resolution = None
       outliers_rejection = True
       french_wilson_scale = True
       french_wilson {
         max_bins = 60
         min_bin_size = 40
       }
       sigma_fobs_rejection_criterion = None
       sigma_iobs_rejection_criterion = None
       ignore_all_zeros = True
       force_anomalous_flag_to_be_equal_to = None
       convert_to_non_anomalous_if_ratio_pairs_lone_less_than_threshold = 0.5
       r_free_flags {
         file_name = None
         label = None
         test_flag_value = None
         ignore_r_free_flags = False
         disable_suitability_test = False
         ignore_pdb_hexdigest = False
         generate = False
         fraction = 0.1
         max_free = 2000
         lattice_symmetry_max_delta = 5
         use_lattice_symmetry = True
         use_dataman_shells = False
         n_shells = 20
       }
     }
     pdb {
       file_name = None
     }
     monomers {
       file_name = None
     }
     maps {
       map_file_name = None
       d_min = None
       map_coefficients_file_name = None
       map_coefficients_label = None
     }
     sequence = None
     scattering_table = wk1995 it1992 *n_gaussian neutron electron
     wavelength = None
     energy = None
     twin_law = Auto
   }
   max_atoms = 15000
   debug = False
   cluster {
     charge_cutoff = 8.0
     clustering = false
     charge_embedding = False
     two_buffers = False
     maxnum_residues_in_cluster = 15
     clustering_method = gnc *bcc
     altloc_method = *average subtract
   }
   restraints = *cctbx qm
   quantum {
     engine_name = *mopac ani torchani terachem turbomole pyscf orca gaussian \
                   xtb
     charge = None
     basis = Auto
     method = Auto
     memory = None
     nproc = None
     qm_addon = gcp dftd3 gcp-d3
     qm_addon_method = None
   }
   refine {
     dry_run = False
     sf_algorithm = *direct fft
     refinement_target_name = *ml ls_wunit_k1
     mode = *opt refine
     number_of_macro_cycles = 1
     number_of_weight_search_cycles = 50
     number_of_refine_cycles = 5
     number_of_micro_cycles = 50
     data_weight = None
     choose_best_use_r_work = False
     skip_initial_weight_optimization = False
     adjust_restraints_weight_scale_value = 2
     max_iterations_weight = 50
     max_iterations_refine = 50
     use_ase_lbfgs = False
     line_search = True
     stpmax = 0.2
     gradient_only = true
     update_all_scales = True
     refine_sites = True
     refine_adp = False
     restraints_weight_scale = 1.0
     shake_sites = False
     use_convergence_test = true
     max_bond_rmsd = 0.03
     max_r_work_r_free_gap = 5.0
     r_tolerance = 0.001
     rmsd_tolerance = 0.001
     opt_log = False
     pre_opt = False
     pre_opt_stpmax = 0.1
     pre_opt_iter = 10
     pre_opt_switch = 2
     pre_opt_gconv = 3000
   }
   parallel {
     method = *multiprocessing slurm pbs sge lsf threading
     nproc = None
     qsub_command = None
   }
   output_file_name_prefix = None
   output_folder_name = "pdb"
   shared_disk = True
   rst_file = None
   dump_gradients = None

Setting QM defaults
  Setting QM method to PM7


***********************************************************
restart info will be stored in /home/lum/3nir/cctbx_improve/cctbx_refine/pdb/4.rst.pickle
***********************************************************

start   0 rmsd(b):  0.0231 rws:  1.000 n_fev: 0
  step:   1 bond rmsd: 0.023085
  step:   2 bond rmsd: 0.087952
  step:   3 bond rmsd: 0.087952
  step:   4 bond rmsd: 0.071264
  step:   5 bond rmsd: 0.057807
  step:   6 bond rmsd: 0.047061
  step:   7 bond rmsd: 0.038507
  step:   8 bond rmsd: 0.031715
  step:   9 bond rmsd: 0.026338
  step:  10 bond rmsd: 0.022106
  step:  11 bond rmsd: 0.018795
  step:  12 bond rmsd: 0.016224
  step:  13 bond rmsd: 0.014240
  step:  14 bond rmsd: 0.012718
  step:  15 bond rmsd: 0.011550
  step:  16 bond rmsd: 0.010647
  step:  17 bond rmsd: 0.009935
  step:  18 bond rmsd: 0.009353
  step:  19 bond rmsd: 0.008848
  step:  20 bond rmsd: 0.008374
  step:  21 bond rmsd: 0.007879
  step:  22 bond rmsd: 0.007304
  step:  23 bond rmsd: 0.006565
  step:  24 bond rmsd: 0.005775
  step:  25 bond rmsd: 0.004898
  step:  26 bond rmsd: 0.004361
  step:  27 bond rmsd: 0.003962
  step:  28 bond rmsd: 0.003683
  step:  29 bond rmsd: 0.003478
  step:  30 bond rmsd: 0.003320
  step:  31 bond rmsd: 0.003127
  step:  32 bond rmsd: 0.003034
  step:  33 bond rmsd: 0.002931
  step:  34 bond rmsd: 0.002865
  step:  35 bond rmsd: 0.002852
  step:  36 bond rmsd: 0.002826
  step:  37 bond rmsd: 0.002837
  step:  38 bond rmsd: 0.002850
  step:  39 bond rmsd: 0.002864
  step:  40 bond rmsd: 0.002862
  step:  41 bond rmsd: 0.002850
  step:  42 bond rmsd: 0.002857
  step:  43 bond rmsd: 0.002816
  step:  44 bond rmsd: 0.002790
  step:  45 bond rmsd: 0.002815
  step:  46 bond rmsd: 0.002798
  step:  47 bond rmsd: 0.002796
  step:  48 bond rmsd: 0.002815
  step:  49 bond rmsd: 0.002840
  step:  50 bond rmsd: 0.002894
  step:  51 bond rmsd: 0.002960
  step:  52 bond rmsd: 0.003032
micro_cycle   1 rmsd(b):  0.0030 rws:  1.000 n_fev: 52
  step:   1 bond rmsd: 0.003032
  step:   2 bond rmsd: 0.050064
  step:   3 bond rmsd: 0.045574
  step:   4 bond rmsd: 0.036549
  step:   5 bond rmsd: 0.029353
  step:   6 bond rmsd: 0.023594
  step:   7 bond rmsd: 0.018988
  step:   8 bond rmsd: 0.015311
  step:   9 bond rmsd: 0.012383
  step:  10 bond rmsd: 0.010058
  step:  11 bond rmsd: 0.008220
  step:  12 bond rmsd: 0.006779
  step:  13 bond rmsd: 0.005658
  step:  14 bond rmsd: 0.004798
  step:  15 bond rmsd: 0.004148
  step:  16 bond rmsd: 0.003667
  step:  17 bond rmsd: 0.003317
  step:  18 bond rmsd: 0.003068
  step:  19 bond rmsd: 0.002893
  step:  20 bond rmsd: 0.002771
  step:  21 bond rmsd: 0.002687
  step:  22 bond rmsd: 0.002629
  step:  23 bond rmsd: 0.002589
  step:  24 bond rmsd: 0.002560
  step:  25 bond rmsd: 0.002539
  step:  26 bond rmsd: 0.002523
  step:  27 bond rmsd: 0.002511
  step:  28 bond rmsd: 0.002500
  step:  29 bond rmsd: 0.002490
  step:  30 bond rmsd: 0.002480
  step:  31 bond rmsd: 0.002468
  step:  32 bond rmsd: 0.002452
  step:  33 bond rmsd: 0.002430
  step:  34 bond rmsd: 0.002404
  step:  35 bond rmsd: 0.002359
  step:  36 bond rmsd: 0.002329
  step:  37 bond rmsd: 0.002301
  step:  38 bond rmsd: 0.002246
  step:  39 bond rmsd: 0.002246
  step:  40 bond rmsd: 0.002250
  step:  41 bond rmsd: 0.002277
  step:  42 bond rmsd: 0.002299
  step:  43 bond rmsd: 0.002328
  step:  44 bond rmsd: 0.002367
  step:  45 bond rmsd: 0.002388
  step:  46 bond rmsd: 0.002455
  step:  47 bond rmsd: 0.002465
  step:  48 bond rmsd: 0.002475
  step:  49 bond rmsd: 0.002462
  step:  50 bond rmsd: 0.002449
  step:  51 bond rmsd: 0.002404
  step:  52 bond rmsd: 0.002372
micro_cycle   2 rmsd(b):  0.0024 rws:  1.000 n_fev: 104
  step:   1 bond rmsd: 0.002372
  step:   2 bond rmsd: 0.060713
  step:   3 bond rmsd: 0.016131
  step:   4 bond rmsd: 0.012944
  step:   5 bond rmsd: 0.010419
  step:   6 bond rmsd: 0.008416
  step:   7 bond rmsd: 0.006836
  step:   8 bond rmsd: 0.005599
  step:   9 bond rmsd: 0.004642
  step:  10 bond rmsd: 0.003914
  step:  11 bond rmsd: 0.003371
  step:  12 bond rmsd: 0.002976
  step:  13 bond rmsd: 0.002696
  step:  14 bond rmsd: 0.002504
  step:  15 bond rmsd: 0.002375
  step:  16 bond rmsd: 0.002290
  step:  17 bond rmsd: 0.002236
  step:  18 bond rmsd: 0.002202
  step:  19 bond rmsd: 0.002180
  step:  20 bond rmsd: 0.002167
  step:  21 bond rmsd: 0.002159
  step:  22 bond rmsd: 0.002155
  step:  23 bond rmsd: 0.002152
  step:  24 bond rmsd: 0.002151
  step:  25 bond rmsd: 0.002150
  step:  26 bond rmsd: 0.002149
  step:  27 bond rmsd: 0.002148
  step:  28 bond rmsd: 0.002144
  step:  29 bond rmsd: 0.002138
  step:  30 bond rmsd: 0.002125
  step:  31 bond rmsd: 0.002099
  step:  32 bond rmsd: 0.002048
  step:  33 bond rmsd: 0.001972
  step:  34 bond rmsd: 0.001948
  step:  35 bond rmsd: 0.001932
  step:  36 bond rmsd: 0.001923
  step:  37 bond rmsd: 0.001911
  step:  38 bond rmsd: 0.001920
  step:  39 bond rmsd: 0.001922
  step:  40 bond rmsd: 0.001937
  step:  41 bond rmsd: 0.001945
  step:  42 bond rmsd: 0.001958
  step:  43 bond rmsd: 0.001974
  step:  44 bond rmsd: 0.001993
  step:  45 bond rmsd: 0.002020
  step:  46 bond rmsd: 0.002044
  step:  47 bond rmsd: 0.002069
  step:  48 bond rmsd: 0.002099
  step:  49 bond rmsd: 0.002127
  step:  50 bond rmsd: 0.002161
  step:  51 bond rmsd: 0.002181
  step:  52 bond rmsd: 0.002205
micro_cycle   3 rmsd(b):  0.0022 rws:  1.000 n_fev: 156
  step:   1 bond rmsd: 0.002205
  step:   2 bond rmsd: 0.078291
  step:   3 bond rmsd: 0.013598
  step:   4 bond rmsd: 0.010954
  step:   5 bond rmsd: 0.008855
  step:   6 bond rmsd: 0.007196
  step:   7 bond rmsd: 0.005894
  step:   8 bond rmsd: 0.004881
  step:   9 bond rmsd: 0.004102
  step:  10 bond rmsd: 0.003513
  step:  11 bond rmsd: 0.003075
  step:  12 bond rmsd: 0.002756
  step:  13 bond rmsd: 0.002530
  step:  14 bond rmsd: 0.002371
  step:  15 bond rmsd: 0.002262
  step:  16 bond rmsd: 0.002188
  step:  17 bond rmsd: 0.002137
  step:  18 bond rmsd: 0.002103
  step:  19 bond rmsd: 0.002079
  step:  20 bond rmsd: 0.002062
  step:  21 bond rmsd: 0.002050
  step:  22 bond rmsd: 0.002042
  step:  23 bond rmsd: 0.002035
  step:  24 bond rmsd: 0.002029
  step:  25 bond rmsd: 0.002024
  step:  26 bond rmsd: 0.002018
  step:  27 bond rmsd: 0.002010
  step:  28 bond rmsd: 0.001997
  step:  29 bond rmsd: 0.001978
  step:  30 bond rmsd: 0.001946
  step:  31 bond rmsd: 0.001884
  step:  32 bond rmsd: 0.001848
  step:  33 bond rmsd: 0.001845
  step:  34 bond rmsd: 0.001834
  step:  35 bond rmsd: 0.001830
  step:  36 bond rmsd: 0.001852
  step:  37 bond rmsd: 0.001853
  step:  38 bond rmsd: 0.001857
  step:  39 bond rmsd: 0.001858
  step:  40 bond rmsd: 0.001861
  step:  41 bond rmsd: 0.001862
  step:  42 bond rmsd: 0.001869
  step:  43 bond rmsd: 0.001871
  step:  44 bond rmsd: 0.001878
  step:  45 bond rmsd: 0.001877
  step:  46 bond rmsd: 0.001890
  step:  47 bond rmsd: 0.001889
  step:  48 bond rmsd: 0.001893
  step:  49 bond rmsd: 0.001892
  step:  50 bond rmsd: 0.001895
  step:  51 bond rmsd: 0.001891
  step:  52 bond rmsd: 0.001889
micro_cycle   4 rmsd(b):  0.0019 rws:  1.000 n_fev: 208
  step:   1 bond rmsd: 0.001889
  step:   2 bond rmsd: 0.065235
  step:   3 bond rmsd: 0.006577
  step:   4 bond rmsd: 0.005417
  step:   5 bond rmsd: 0.004511
  step:   6 bond rmsd: 0.003811
  step:   7 bond rmsd: 0.003276
  step:   8 bond rmsd: 0.002874
  step:   9 bond rmsd: 0.002576
  step:  10 bond rmsd: 0.002359
  step:  11 bond rmsd: 0.002203
  step:  12 bond rmsd: 0.002091
  step:  13 bond rmsd: 0.002012
  step:  14 bond rmsd: 0.001956
  step:  15 bond rmsd: 0.001916
  step:  16 bond rmsd: 0.001887
  step:  17 bond rmsd: 0.001866
  step:  18 bond rmsd: 0.001851
  step:  19 bond rmsd: 0.001839
  step:  20 bond rmsd: 0.001830
  step:  21 bond rmsd: 0.001823
  step:  22 bond rmsd: 0.001816
  step:  23 bond rmsd: 0.001811
  step:  24 bond rmsd: 0.001805
  step:  25 bond rmsd: 0.001799
  step:  26 bond rmsd: 0.001792
  step:  27 bond rmsd: 0.001784
  step:  28 bond rmsd: 0.001774
  step:  29 bond rmsd: 0.001761
  step:  30 bond rmsd: 0.001726
  step:  31 bond rmsd: 0.001706
  step:  32 bond rmsd: 0.001704
  step:  33 bond rmsd: 0.001695
  step:  34 bond rmsd: 0.001698
  step:  35 bond rmsd: 0.001693
  step:  36 bond rmsd: 0.001700
  step:  37 bond rmsd: 0.001700
  step:  38 bond rmsd: 0.001703
  step:  39 bond rmsd: 0.001707
  step:  40 bond rmsd: 0.001711
  step:  41 bond rmsd: 0.001717
  step:  42 bond rmsd: 0.001722
  step:  43 bond rmsd: 0.001729
  step:  44 bond rmsd: 0.001738
  step:  45 bond rmsd: 0.001745
  step:  46 bond rmsd: 0.001746
  step:  47 bond rmsd: 0.001757
  step:  48 bond rmsd: 0.001764
  step:  49 bond rmsd: 0.001778
  step:  50 bond rmsd: 0.001798
  step:  51 bond rmsd: 0.001827
  step:  52 bond rmsd: 0.001853
micro_cycle   5 rmsd(b):  0.0019 rws:  1.000 n_fev: 260
  step:   1 bond rmsd: 0.001853
  step:   2 bond rmsd: 0.072160
  step:   3 bond rmsd: 0.011918
  step:   4 bond rmsd: 0.009616
  step:   5 bond rmsd: 0.007776
  step:   6 bond rmsd: 0.006330
  step:   7 bond rmsd: 0.005198
  step:   8 bond rmsd: 0.004319
  step:   9 bond rmsd: 0.003641
  step:  10 bond rmsd: 0.003125
  step:  11 bond rmsd: 0.002739
  step:  12 bond rmsd: 0.002453
  step:  13 bond rmsd: 0.002247
  step:  14 bond rmsd: 0.002098
  step:  15 bond rmsd: 0.001993
  step:  16 bond rmsd: 0.001919
  step:  17 bond rmsd: 0.001867
  step:  18 bond rmsd: 0.001829
  step:  19 bond rmsd: 0.001802
  step:  20 bond rmsd: 0.001783
  step:  21 bond rmsd: 0.001768
  step:  22 bond rmsd: 0.001756
  step:  23 bond rmsd: 0.001747
  step:  24 bond rmsd: 0.001739
  step:  25 bond rmsd: 0.001732
  step:  26 bond rmsd: 0.001725
  step:  27 bond rmsd: 0.001718
  step:  28 bond rmsd: 0.001710
  step:  29 bond rmsd: 0.001701
  step:  30 bond rmsd: 0.001692
  step:  31 bond rmsd: 0.001686
  step:  32 bond rmsd: 0.001687
  step:  33 bond rmsd: 0.001675
  step:  34 bond rmsd: 0.001685
  step:  35 bond rmsd: 0.001711
  step:  36 bond rmsd: 0.001729
  step:  37 bond rmsd: 0.001733
  step:  38 bond rmsd: 0.001753
  step:  39 bond rmsd: 0.001758
  step:  40 bond rmsd: 0.001763
  step:  41 bond rmsd: 0.001760
  step:  42 bond rmsd: 0.001759
  step:  43 bond rmsd: 0.001755
  step:  44 bond rmsd: 0.001748
  step:  45 bond rmsd: 0.001743
  step:  46 bond rmsd: 0.001733
  step:  47 bond rmsd: 0.001727
  step:  48 bond rmsd: 0.001715
  step:  49 bond rmsd: 0.001709
  step:  50 bond rmsd: 0.001697
  step:  51 bond rmsd: 0.001690
  step:  52 bond rmsd: 0.001678
micro_cycle   6 rmsd(b):  0.0017 rws:  1.000 n_fev: 312
  step:   1 bond rmsd: 0.001678
  step:   2 bond rmsd: 0.073081
  step:   3 bond rmsd: 0.002399
  step:   4 bond rmsd: 0.002191
  step:   5 bond rmsd: 0.002041
  step:   6 bond rmsd: 0.001934
  step:   7 bond rmsd: 0.001858
  step:   8 bond rmsd: 0.001804
  step:   9 bond rmsd: 0.001766
  step:  10 bond rmsd: 0.001738
  step:  11 bond rmsd: 0.001718
  step:  12 bond rmsd: 0.001703
  step:  13 bond rmsd: 0.001692
  step:  14 bond rmsd: 0.001684
  step:  15 bond rmsd: 0.001677
  step:  16 bond rmsd: 0.001672
  step:  17 bond rmsd: 0.001668
  step:  18 bond rmsd: 0.001664
  step:  19 bond rmsd: 0.001660
  step:  20 bond rmsd: 0.001657
  step:  21 bond rmsd: 0.001653
  step:  22 bond rmsd: 0.001649
  step:  23 bond rmsd: 0.001643
  step:  24 bond rmsd: 0.001637
  step:  25 bond rmsd: 0.001629
  step:  26 bond rmsd: 0.001627
  step:  27 bond rmsd: 0.001627
  step:  28 bond rmsd: 0.001625
  step:  29 bond rmsd: 0.001706
  step:  30 bond rmsd: 0.001706
  step:  31 bond rmsd: 0.001689
  step:  32 bond rmsd: 0.001675
  step:  33 bond rmsd: 0.001665
  step:  34 bond rmsd: 0.001657
  step:  35 bond rmsd: 0.001651
  step:  36 bond rmsd: 0.001646
  step:  37 bond rmsd: 0.001642
  step:  38 bond rmsd: 0.001640
  step:  39 bond rmsd: 0.001639
  step:  40 bond rmsd: 0.001632
  step:  41 bond rmsd: 0.001630
  step:  42 bond rmsd: 0.001629
  step:  43 bond rmsd: 0.001621
  step:  44 bond rmsd: 0.001632
  step:  45 bond rmsd: 0.001629
  step:  46 bond rmsd: 0.001631
  step:  47 bond rmsd: 0.001635
  step:  48 bond rmsd: 0.001649
  step:  49 bond rmsd: 0.001667
  step:  50 bond rmsd: 0.001695
  step:  51 bond rmsd: 0.001734
  step:  52 bond rmsd: 0.001789
  step:  53 bond rmsd: 0.001839
micro_cycle   7 rmsd(b):  0.0018 rws:  1.000 n_fev: 365
  step:   1 bond rmsd: 0.001839
  step:   2 bond rmsd: 0.078723
  step:   3 bond rmsd: 0.011266
  step:   4 bond rmsd: 0.009088
  step:   5 bond rmsd: 0.007362
  step:   6 bond rmsd: 0.005995
  step:   7 bond rmsd: 0.004920
  step:   8 bond rmsd: 0.004082
  step:   9 bond rmsd: 0.003434
  step:  10 bond rmsd: 0.002941
  step:  11 bond rmsd: 0.002572
  step:  12 bond rmsd: 0.002300
  step:  13 bond rmsd: 0.002104
  step:  14 bond rmsd: 0.001964
  step:  15 bond rmsd: 0.001866
  step:  16 bond rmsd: 0.001797
  step:  17 bond rmsd: 0.001749
  step:  18 bond rmsd: 0.001715
  step:  19 bond rmsd: 0.001690
  step:  20 bond rmsd: 0.001672
  step:  21 bond rmsd: 0.001659
  step:  22 bond rmsd: 0.001649
  step:  23 bond rmsd: 0.001641
  step:  24 bond rmsd: 0.001634
  step:  25 bond rmsd: 0.001627
  step:  26 bond rmsd: 0.001621
  step:  27 bond rmsd: 0.001614
  step:  28 bond rmsd: 0.001605
  step:  29 bond rmsd: 0.001596
  step:  30 bond rmsd: 0.001588
  step:  31 bond rmsd: 0.001580
  step:  32 bond rmsd: 0.001578
  step:  33 bond rmsd: 0.001599
  step:  34 bond rmsd: 0.001605
  step:  35 bond rmsd: 0.001619
  step:  36 bond rmsd: 0.001628
  step:  37 bond rmsd: 0.001640
  step:  38 bond rmsd: 0.001649
  step:  39 bond rmsd: 0.001659
  step:  40 bond rmsd: 0.001666
  step:  41 bond rmsd: 0.001664
  step:  42 bond rmsd: 0.001668
  step:  43 bond rmsd: 0.001652
  step:  44 bond rmsd: 0.001653
  step:  45 bond rmsd: 0.001645
  step:  46 bond rmsd: 0.001642
  step:  47 bond rmsd: 0.001635
  step:  48 bond rmsd: 0.001631
  step:  49 bond rmsd: 0.001627
  step:  50 bond rmsd: 0.001625
  step:  51 bond rmsd: 0.001623
  step:  52 bond rmsd: 0.001621
micro_cycle   8 rmsd(b):  0.0016 rws:  1.000 n_fev: 417
  step:   1 bond rmsd: 0.001621
  step:   2 bond rmsd: 0.067548
  step:   3 bond rmsd: 0.001820
  step:   4 bond rmsd: 0.001740
  step:   5 bond rmsd: 0.001688
  step:   6 bond rmsd: 0.001655
  step:   7 bond rmsd: 0.001635
  step:   8 bond rmsd: 0.001622
  step:   9 bond rmsd: 0.001615
  step:  10 bond rmsd: 0.001610
  step:  11 bond rmsd: 0.001608
  step:  12 bond rmsd: 0.001606
  step:  13 bond rmsd: 0.001606
  step:  14 bond rmsd: 0.001606
  step:  15 bond rmsd: 0.001606
  step:  16 bond rmsd: 0.001606
  step:  17 bond rmsd: 0.001606
  step:  18 bond rmsd: 0.001606
  step:  19 bond rmsd: 0.001606
  step:  20 bond rmsd: 0.001606
  step:  21 bond rmsd: 0.001606
  step:  22 bond rmsd: 0.001605
  step:  23 bond rmsd: 0.001603
  step:  24 bond rmsd: 0.001599
  step:  25 bond rmsd: 0.001590
  step:  26 bond rmsd: 0.001586
  step:  27 bond rmsd: 0.001586
  step:  28 bond rmsd: 0.001563
  step:  29 bond rmsd: 0.001563
  step:  30 bond rmsd: 0.001565
  step:  31 bond rmsd: 0.001568
  step:  32 bond rmsd: 0.001570
  step:  33 bond rmsd: 0.001573
  step:  34 bond rmsd: 0.001576
  step:  35 bond rmsd: 0.001579
  step:  36 bond rmsd: 0.001581
  step:  37 bond rmsd: 0.001582
  step:  38 bond rmsd: 0.001582
  step:  39 bond rmsd: 0.001579
  step:  40 bond rmsd: 0.001578
  step:  41 bond rmsd: 0.001572
  step:  42 bond rmsd: 0.001570
  step:  43 bond rmsd: 0.001561
  step:  44 bond rmsd: 0.001557
  step:  45 bond rmsd: 0.001549
  step:  46 bond rmsd: 0.001551
  step:  47 bond rmsd: 0.001557
  step:  48 bond rmsd: 0.001569
  step:  49 bond rmsd: 0.001592
  step:  50 bond rmsd: 0.001620
  step:  51 bond rmsd: 0.001653
  step:  52 bond rmsd: 0.001709
  step:  53 bond rmsd: 0.001782
micro_cycle   9 rmsd(b):  0.0018 rws:  1.000 n_fev: 470
  step:   1 bond rmsd: 0.001782
  step:   2 bond rmsd: 0.064372
  step:   3 bond rmsd: 0.008306
  step:   4 bond rmsd: 0.006700
  step:   5 bond rmsd: 0.005434
  step:   6 bond rmsd: 0.004441
  step:   7 bond rmsd: 0.003670
  step:   8 bond rmsd: 0.003080
  step:   9 bond rmsd: 0.002636
  step:  10 bond rmsd: 0.002309
  step:  11 bond rmsd: 0.002074
  step:  12 bond rmsd: 0.001909
  step:  13 bond rmsd: 0.001797
  step:  14 bond rmsd: 0.001721
  step:  15 bond rmsd: 0.001671
  step:  16 bond rmsd: 0.001638
  step:  17 bond rmsd: 0.001617
  step:  18 bond rmsd: 0.001603
  step:  19 bond rmsd: 0.001594
  step:  20 bond rmsd: 0.001588
  step:  21 bond rmsd: 0.001585
  step:  22 bond rmsd: 0.001582
  step:  23 bond rmsd: 0.001580
  step:  24 bond rmsd: 0.001579
  step:  25 bond rmsd: 0.001577
  step:  26 bond rmsd: 0.001576
  step:  27 bond rmsd: 0.001574
  step:  28 bond rmsd: 0.001571
  step:  29 bond rmsd: 0.001567
  step:  30 bond rmsd: 0.001562
  step:  31 bond rmsd: 0.001558
  step:  32 bond rmsd: 0.001544
  step:  33 bond rmsd: 0.001547
  step:  34 bond rmsd: 0.001579
  step:  35 bond rmsd: 0.001584
  step:  36 bond rmsd: 0.001591
  step:  37 bond rmsd: 0.001598
  step:  38 bond rmsd: 0.001607
  step:  39 bond rmsd: 0.001612
  step:  40 bond rmsd: 0.001615
  step:  41 bond rmsd: 0.001620
  step:  42 bond rmsd: 0.001614
  step:  43 bond rmsd: 0.001616
  step:  44 bond rmsd: 0.001610
  step:  45 bond rmsd: 0.001608
  step:  46 bond rmsd: 0.001601
  step:  47 bond rmsd: 0.001597
  step:  48 bond rmsd: 0.001593
  step:  49 bond rmsd: 0.001592
  step:  50 bond rmsd: 0.001590
  step:  51 bond rmsd: 0.001589
  step:  52 bond rmsd: 0.001590
micro_cycle  10 rmsd(b):  0.0016 rws:  1.000 n_fev: 522
  step:   1 bond rmsd: 0.001590
  step:   2 bond rmsd: 0.054143
  step:   3 bond rmsd: 0.001729
  step:   4 bond rmsd: 0.001664
  step:   5 bond rmsd: 0.001624
  step:   6 bond rmsd: 0.001599
  step:   7 bond rmsd: 0.001585
  step:   8 bond rmsd: 0.001576
  step:   9 bond rmsd: 0.001572
  step:  10 bond rmsd: 0.001570
  step:  11 bond rmsd: 0.001570
  step:  12 bond rmsd: 0.001570
  step:  13 bond rmsd: 0.001571
  step:  14 bond rmsd: 0.001572
  step:  15 bond rmsd: 0.001573
  step:  16 bond rmsd: 0.001574
  step:  17 bond rmsd: 0.001575
  step:  18 bond rmsd: 0.001576
  step:  19 bond rmsd: 0.001577
  step:  20 bond rmsd: 0.001578
  step:  21 bond rmsd: 0.001579
  step:  22 bond rmsd: 0.001579
  step:  23 bond rmsd: 0.001578
  step:  24 bond rmsd: 0.001575
  step:  25 bond rmsd: 0.001563
  step:  26 bond rmsd: 0.001561
  step:  27 bond rmsd: 0.001562
  step:  28 bond rmsd: 0.001556
  step:  29 bond rmsd: 0.001556
  step:  30 bond rmsd: 0.001554
  step:  31 bond rmsd: 0.001554
  step:  32 bond rmsd: 0.001554
  step:  33 bond rmsd: 0.001555
  step:  34 bond rmsd: 0.001555
  step:  35 bond rmsd: 0.001556
  step:  36 bond rmsd: 0.001556
  step:  37 bond rmsd: 0.001556
  step:  38 bond rmsd: 0.001555
  step:  39 bond rmsd: 0.001552
  step:  40 bond rmsd: 0.001538
  step:  41 bond rmsd: 0.001533
  step:  42 bond rmsd: 0.001530
  step:  43 bond rmsd: 0.001520
  step:  44 bond rmsd: 0.001518
  step:  45 bond rmsd: 0.001521
  step:  46 bond rmsd: 0.001523
  step:  47 bond rmsd: 0.001532
  step:  48 bond rmsd: 0.001548
  step:  49 bond rmsd: 0.001571
  step:  50 bond rmsd: 0.001603
  step:  51 bond rmsd: 0.001649
  step:  52 bond rmsd: 0.001701
  step:  53 bond rmsd: 0.001776
micro_cycle  11 rmsd(b):  0.0018 rws:  1.000 n_fev: 575
  step:   1 bond rmsd: 0.001776
  step:   2 bond rmsd: 0.080344
  step:   3 bond rmsd: 0.009541
  step:   4 bond rmsd: 0.007705
  step:   5 bond rmsd: 0.006253
  step:   6 bond rmsd: 0.005109
  step:   7 bond rmsd: 0.004216
  step:   8 bond rmsd: 0.003525
  step:   9 bond rmsd: 0.002998
  step:  10 bond rmsd: 0.002602
  step:  11 bond rmsd: 0.002312
  step:  12 bond rmsd: 0.002102
  step:  13 bond rmsd: 0.001953
  step:  14 bond rmsd: 0.001850
  step:  15 bond rmsd: 0.001778
  step:  16 bond rmsd: 0.001728
  step:  17 bond rmsd: 0.001693
  step:  18 bond rmsd: 0.001668
  step:  19 bond rmsd: 0.001650
  step:  20 bond rmsd: 0.001637
  step:  21 bond rmsd: 0.001627
  step:  22 bond rmsd: 0.001619
  step:  23 bond rmsd: 0.001611
  step:  24 bond rmsd: 0.001605
  step:  25 bond rmsd: 0.001598
  step:  26 bond rmsd: 0.001590
  step:  27 bond rmsd: 0.001581
  step:  28 bond rmsd: 0.001569
  step:  29 bond rmsd: 0.001555
  step:  30 bond rmsd: 0.001540
  step:  31 bond rmsd: 0.001534
  step:  32 bond rmsd: 0.001524
  step:  33 bond rmsd: 0.001529
  step:  34 bond rmsd: 0.001534
  step:  35 bond rmsd: 0.001545
  step:  36 bond rmsd: 0.001553
  step:  37 bond rmsd: 0.001571
  step:  38 bond rmsd: 0.001581
  step:  39 bond rmsd: 0.001592
  step:  40 bond rmsd: 0.001599
  step:  41 bond rmsd: 0.001606
  step:  42 bond rmsd: 0.001614
  step:  43 bond rmsd: 0.001615
  step:  44 bond rmsd: 0.001619
  step:  45 bond rmsd: 0.001613
  step:  46 bond rmsd: 0.001611
  step:  47 bond rmsd: 0.001600
  step:  48 bond rmsd: 0.001595
  step:  49 bond rmsd: 0.001590
  step:  50 bond rmsd: 0.001583
  step:  51 bond rmsd: 0.001580
  step:  52 bond rmsd: 0.001572
micro_cycle  12 rmsd(b):  0.0016 rws:  1.000 n_fev: 627
  step:   1 bond rmsd: 0.001572
  step:   2 bond rmsd: 0.051676
  step:   3 bond rmsd: 0.002518
  step:   4 bond rmsd: 0.002248
  step:   5 bond rmsd: 0.002051
  step:   6 bond rmsd: 0.001910
  step:   7 bond rmsd: 0.001811
  step:   8 bond rmsd: 0.001741
  step:   9 bond rmsd: 0.001692
  step:  10 bond rmsd: 0.001658
  step:  11 bond rmsd: 0.001635
  step:  12 bond rmsd: 0.001618
  step:  13 bond rmsd: 0.001605
  step:  14 bond rmsd: 0.001597
  step:  15 bond rmsd: 0.001590
  step:  16 bond rmsd: 0.001585
  step:  17 bond rmsd: 0.001581
  step:  18 bond rmsd: 0.001578
  step:  19 bond rmsd: 0.001575
  step:  20 bond rmsd: 0.001573
  step:  21 bond rmsd: 0.001571
  step:  22 bond rmsd: 0.001569
  step:  23 bond rmsd: 0.001567
  step:  24 bond rmsd: 0.001565
  step:  25 bond rmsd: 0.001562
  step:  26 bond rmsd: 0.001558
  step:  27 bond rmsd: 0.001552
  step:  28 bond rmsd: 0.001545
  step:  29 bond rmsd: 0.001534
  step:  30 bond rmsd: 0.001520
  step:  31 bond rmsd: 0.001511
  step:  32 bond rmsd: 0.001503
  step:  33 bond rmsd: 0.001518
  step:  34 bond rmsd: 0.001509
  step:  35 bond rmsd: 0.001503
  step:  36 bond rmsd: 0.001498
  step:  37 bond rmsd: 0.001493
  step:  38 bond rmsd: 0.001488
  step:  39 bond rmsd: 0.001485
  step:  40 bond rmsd: 0.001484
  step:  41 bond rmsd: 0.001480
  step:  42 bond rmsd: 0.001480
  step:  43 bond rmsd: 0.001477
  step:  44 bond rmsd: 0.001478
  step:  45 bond rmsd: 0.001508
  step:  46 bond rmsd: 0.001508
  step:  47 bond rmsd: 0.001512
  step:  48 bond rmsd: 0.001523
  step:  49 bond rmsd: 0.001540
  step:  50 bond rmsd: 0.001574
  step:  51 bond rmsd: 0.001600
  step:  52 bond rmsd: 0.001640
micro_cycle  13 rmsd(b):  0.0016 rws:  1.000 n_fev: 679
  step:   1 bond rmsd: 0.001640
  step:   2 bond rmsd: 0.059579
  step:   3 bond rmsd: 0.009874
  step:   4 bond rmsd: 0.007953
  step:   5 bond rmsd: 0.006427
  step:   6 bond rmsd: 0.005222
  step:   7 bond rmsd: 0.004277
  step:   8 bond rmsd: 0.003544
  step:   9 bond rmsd: 0.002983
  step:  10 bond rmsd: 0.002561
  step:  11 bond rmsd: 0.002250
  step:  12 bond rmsd: 0.002028
  step:  13 bond rmsd: 0.001872
  step:  14 bond rmsd: 0.001766
  step:  15 bond rmsd: 0.001694
  step:  16 bond rmsd: 0.001647
  step:  17 bond rmsd: 0.001616
  step:  18 bond rmsd: 0.001596
  step:  19 bond rmsd: 0.001583
  step:  20 bond rmsd: 0.001575
  step:  21 bond rmsd: 0.001569
  step:  22 bond rmsd: 0.001565
  step:  23 bond rmsd: 0.001563
  step:  24 bond rmsd: 0.001561
  step:  25 bond rmsd: 0.001559
  step:  26 bond rmsd: 0.001558
  step:  27 bond rmsd: 0.001556
  step:  28 bond rmsd: 0.001554
  step:  29 bond rmsd: 0.001550
  step:  30 bond rmsd: 0.001545
  step:  31 bond rmsd: 0.001535
  step:  32 bond rmsd: 0.001527
  step:  33 bond rmsd: 0.001507
  step:  34 bond rmsd: 0.001505
  step:  35 bond rmsd: 0.001506
  step:  36 bond rmsd: 0.001510
  step:  37 bond rmsd: 0.001508
  step:  38 bond rmsd: 0.001516
  step:  39 bond rmsd: 0.001519
  step:  40 bond rmsd: 0.001528
  step:  41 bond rmsd: 0.001531
  step:  42 bond rmsd: 0.001537
  step:  43 bond rmsd: 0.001541
  step:  44 bond rmsd: 0.001546
  step:  45 bond rmsd: 0.001548
  step:  46 bond rmsd: 0.001552
  step:  47 bond rmsd: 0.001555
  step:  48 bond rmsd: 0.001557
  step:  49 bond rmsd: 0.001559
  step:  50 bond rmsd: 0.001562
  step:  51 bond rmsd: 0.001559
  step:  52 bond rmsd: 0.001562
micro_cycle  14 rmsd(b):  0.0016 rws:  1.000 n_fev: 731
  step:   1 bond rmsd: 0.001562
  step:   2 bond rmsd: 0.044773
  step:   3 bond rmsd: 0.002271
  step:   4 bond rmsd: 0.002072
  step:   5 bond rmsd: 0.001929
  step:   6 bond rmsd: 0.001826
  step:   7 bond rmsd: 0.001754
  step:   8 bond rmsd: 0.001702
  step:   9 bond rmsd: 0.001665
  step:  10 bond rmsd: 0.001639
  step:  11 bond rmsd: 0.001620
  step:  12 bond rmsd: 0.001606
  step:  13 bond rmsd: 0.001596
  step:  14 bond rmsd: 0.001588
  step:  15 bond rmsd: 0.001582
  step:  16 bond rmsd: 0.001578
  step:  17 bond rmsd: 0.001574
  step:  18 bond rmsd: 0.001571
  step:  19 bond rmsd: 0.001568
  step:  20 bond rmsd: 0.001565
  step:  21 bond rmsd: 0.001563
  step:  22 bond rmsd: 0.001560
  step:  23 bond rmsd: 0.001557
  step:  24 bond rmsd: 0.001554
  step:  25 bond rmsd: 0.001549
  step:  26 bond rmsd: 0.001543
  step:  27 bond rmsd: 0.001536
  step:  28 bond rmsd: 0.001527
  step:  29 bond rmsd: 0.001521
  step:  30 bond rmsd: 0.001515
  step:  31 bond rmsd: 0.001509
  step:  32 bond rmsd: 0.001537
  step:  33 bond rmsd: 0.001537
  step:  34 bond rmsd: 0.001525
  step:  35 bond rmsd: 0.001516
  step:  36 bond rmsd: 0.001508
  step:  37 bond rmsd: 0.001502
  step:  38 bond rmsd: 0.001496
  step:  39 bond rmsd: 0.001492
  step:  40 bond rmsd: 0.001488
  step:  41 bond rmsd: 0.001485
  step:  42 bond rmsd: 0.001483
  step:  43 bond rmsd: 0.001480
  step:  44 bond rmsd: 0.001481
  step:  45 bond rmsd: 0.001479
  step:  46 bond rmsd: 0.001478
  step:  47 bond rmsd: 0.001485
  step:  48 bond rmsd: 0.001484
  step:  49 bond rmsd: 0.001486
  step:  50 bond rmsd: 0.001490
  step:  51 bond rmsd: 0.001494
  step:  52 bond rmsd: 0.001504
  step:  53 bond rmsd: 0.001520
micro_cycle  15 rmsd(b):  0.0015 rws:  1.000 n_fev: 784
  step:   1 bond rmsd: 0.001520
  step:   2 bond rmsd: 0.070001
  step:   3 bond rmsd: 0.002837
  step:   4 bond rmsd: 0.002464
  step:   5 bond rmsd: 0.002186
  step:   6 bond rmsd: 0.001984
  step:   7 bond rmsd: 0.001839
  step:   8 bond rmsd: 0.001736
  step:   9 bond rmsd: 0.001663
  step:  10 bond rmsd: 0.001613
  step:  11 bond rmsd: 0.001577
  step:  12 bond rmsd: 0.001552
  step:  13 bond rmsd: 0.001534
  step:  14 bond rmsd: 0.001522
  step:  15 bond rmsd: 0.001513
  step:  16 bond rmsd: 0.001506
  step:  17 bond rmsd: 0.001501
  step:  18 bond rmsd: 0.001497
  step:  19 bond rmsd: 0.001494
  step:  20 bond rmsd: 0.001492
  step:  21 bond rmsd: 0.001490
  step:  22 bond rmsd: 0.001488
  step:  23 bond rmsd: 0.001486
  step:  24 bond rmsd: 0.001485
  step:  25 bond rmsd: 0.001484
  step:  26 bond rmsd: 0.001484
  step:  27 bond rmsd: 0.001489
  step:  28 bond rmsd: 0.001492
  step:  29 bond rmsd: 0.001495
  step:  30 bond rmsd: 0.001510
  step:  31 bond rmsd: 0.001513
  step:  32 bond rmsd: 0.001518
  step:  33 bond rmsd: 0.001520
  step:  34 bond rmsd: 0.001526
  step:  35 bond rmsd: 0.001530
  step:  36 bond rmsd: 0.001538
  step:  37 bond rmsd: 0.001542
  step:  38 bond rmsd: 0.001546
  step:  39 bond rmsd: 0.001551
  step:  40 bond rmsd: 0.001554
  step:  41 bond rmsd: 0.001557
  step:  42 bond rmsd: 0.001560
  step:  43 bond rmsd: 0.001562
  step:  44 bond rmsd: 0.001564
  step:  45 bond rmsd: 0.001570
  step:  46 bond rmsd: 0.001571
  step:  47 bond rmsd: 0.001574
  step:  48 bond rmsd: 0.001576
  step:  49 bond rmsd: 0.001578
  step:  50 bond rmsd: 0.001579
  step:  51 bond rmsd: 0.001582
  step:  52 bond rmsd: 0.001583
micro_cycle  16 rmsd(b):  0.0016 rws:  1.000 n_fev: 836
  step:   1 bond rmsd: 0.001583
  step:   2 bond rmsd: 0.048011
  step:   3 bond rmsd: 0.011965
  step:   4 bond rmsd: 0.009622
  step:   5 bond rmsd: 0.007757
  step:   6 bond rmsd: 0.006277
  step:   7 bond rmsd: 0.005109
  step:   8 bond rmsd: 0.004194
  step:   9 bond rmsd: 0.003484
  step:  10 bond rmsd: 0.002941
  step:  11 bond rmsd: 0.002533
  step:  12 bond rmsd: 0.002233
  step:  13 bond rmsd: 0.002017
  step:  14 bond rmsd: 0.001866
  step:  15 bond rmsd: 0.001762
  step:  16 bond rmsd: 0.001692
  step:  17 bond rmsd: 0.001645
  step:  18 bond rmsd: 0.001614
  step:  19 bond rmsd: 0.001594
  step:  20 bond rmsd: 0.001580
  step:  21 bond rmsd: 0.001571
  step:  22 bond rmsd: 0.001565
  step:  23 bond rmsd: 0.001561
  step:  24 bond rmsd: 0.001557
  step:  25 bond rmsd: 0.001555
  step:  26 bond rmsd: 0.001553
  step:  27 bond rmsd: 0.001552
  step:  28 bond rmsd: 0.001551
  step:  29 bond rmsd: 0.001549
  step:  30 bond rmsd: 0.001548
  step:  31 bond rmsd: 0.001545
  step:  32 bond rmsd: 0.001543
  step:  33 bond rmsd: 0.001539
  step:  34 bond rmsd: 0.001534
  step:  35 bond rmsd: 0.001531
  step:  36 bond rmsd: 0.001528
  step:  37 bond rmsd: 0.001532
  step:  38 bond rmsd: 0.001528
  step:  39 bond rmsd: 0.001529
  step:  40 bond rmsd: 0.001525
  step:  41 bond rmsd: 0.001523
  step:  42 bond rmsd: 0.001520
  step:  43 bond rmsd: 0.001518
  step:  44 bond rmsd: 0.001516
  step:  45 bond rmsd: 0.001512
  step:  46 bond rmsd: 0.001511
  step:  47 bond rmsd: 0.001505
  step:  48 bond rmsd: 0.001505
  step:  49 bond rmsd: 0.001501
  step:  50 bond rmsd: 0.001502
  step:  51 bond rmsd: 0.001502
  step:  52 bond rmsd: 0.001503
micro_cycle  17 rmsd(b):  0.0015 rws:  1.000 n_fev: 888
  step:   1 bond rmsd: 0.001503
  step:   2 bond rmsd: 0.063826
  step:   3 bond rmsd: 0.001684
  step:   4 bond rmsd: 0.001633
  step:   5 bond rmsd: 0.001597
  step:   6 bond rmsd: 0.001572
  step:   7 bond rmsd: 0.001554
  step:   8 bond rmsd: 0.001541
  step:   9 bond rmsd: 0.001532
  step:  10 bond rmsd: 0.001525
  step:  11 bond rmsd: 0.001519
  step:  12 bond rmsd: 0.001515
  step:  13 bond rmsd: 0.001512
  step:  14 bond rmsd: 0.001509
  step:  15 bond rmsd: 0.001507
  step:  16 bond rmsd: 0.001505
  step:  17 bond rmsd: 0.001504
  step:  18 bond rmsd: 0.001502
  step:  19 bond rmsd: 0.001501
  step:  20 bond rmsd: 0.001499
  step:  21 bond rmsd: 0.001498
  step:  22 bond rmsd: 0.001497
  step:  23 bond rmsd: 0.001498
  step:  24 bond rmsd: 0.001504
  step:  25 bond rmsd: 0.001508
  step:  26 bond rmsd: 0.001510
  step:  27 bond rmsd: 0.001548
  step:  28 bond rmsd: 0.001548
  step:  29 bond rmsd: 0.001542
  step:  30 bond rmsd: 0.001538
  step:  31 bond rmsd: 0.001535
  step:  32 bond rmsd: 0.001533
  step:  33 bond rmsd: 0.001533
  step:  34 bond rmsd: 0.001532
  step:  35 bond rmsd: 0.001532
  step:  36 bond rmsd: 0.001532
  step:  37 bond rmsd: 0.001533
  step:  38 bond rmsd: 0.001534
  step:  39 bond rmsd: 0.001536
  step:  40 bond rmsd: 0.001538
  step:  41 bond rmsd: 0.001541
  step:  42 bond rmsd: 0.001541
  step:  43 bond rmsd: 0.001541
  step:  44 bond rmsd: 0.001541
  step:  45 bond rmsd: 0.001542
  step:  46 bond rmsd: 0.001543
  step:  47 bond rmsd: 0.001545
  step:  48 bond rmsd: 0.001546
  step:  49 bond rmsd: 0.001547
  step:  50 bond rmsd: 0.001548
  step:  51 bond rmsd: 0.001550
  step:  52 bond rmsd: 0.001552
  step:  53 bond rmsd: 0.001554
  step:  54 bond rmsd: 0.001576
micro_cycle  18 rmsd(b):  0.0016 rws:  1.000 n_fev: 942
  step:   1 bond rmsd: 0.001576
  step:   2 bond rmsd: 0.042958
  step:   3 bond rmsd: 0.012930
  step:   4 bond rmsd: 0.010367
  step:   5 bond rmsd: 0.008329
  step:   6 bond rmsd: 0.006701
  step:   7 bond rmsd: 0.005409
  step:   8 bond rmsd: 0.004390
  step:   9 bond rmsd: 0.003596
  step:  10 bond rmsd: 0.002986
  step:  11 bond rmsd: 0.002527
  step:  12 bond rmsd: 0.002190
  step:  13 bond rmsd: 0.001952
  step:  14 bond rmsd: 0.001790
  step:  15 bond rmsd: 0.001684
  step:  16 bond rmsd: 0.001617
  step:  17 bond rmsd: 0.001576
  step:  18 bond rmsd: 0.001553
  step:  19 bond rmsd: 0.001541
  step:  20 bond rmsd: 0.001535
  step:  21 bond rmsd: 0.001533
  step:  22 bond rmsd: 0.001533
  step:  23 bond rmsd: 0.001534
  step:  24 bond rmsd: 0.001536
  step:  25 bond rmsd: 0.001538
  step:  26 bond rmsd: 0.001539
  step:  27 bond rmsd: 0.001541
  step:  28 bond rmsd: 0.001543
  step:  29 bond rmsd: 0.001544
  step:  30 bond rmsd: 0.001546
  step:  31 bond rmsd: 0.001547
  step:  32 bond rmsd: 0.001548
  step:  33 bond rmsd: 0.001550
  step:  34 bond rmsd: 0.001551
  step:  35 bond rmsd: 0.001552
  step:  36 bond rmsd: 0.001551
  step:  37 bond rmsd: 0.001544
  step:  38 bond rmsd: 0.001539
  step:  39 bond rmsd: 0.001536
  step:  40 bond rmsd: 0.001525
  step:  41 bond rmsd: 0.001521
  step:  42 bond rmsd: 0.001519
  step:  43 bond rmsd: 0.001514
  step:  44 bond rmsd: 0.001510
  step:  45 bond rmsd: 0.001509
  step:  46 bond rmsd: 0.001505
  step:  47 bond rmsd: 0.001501
  step:  48 bond rmsd: 0.001507
  step:  49 bond rmsd: 0.001504
  step:  50 bond rmsd: 0.001499
  step:  51 bond rmsd: 0.001495
  step:  52 bond rmsd: 0.001492
micro_cycle  19 rmsd(b):  0.0015 rws:  1.000 n_fev: 994
  step:   1 bond rmsd: 0.001492
  step:   2 bond rmsd: 0.079687
  step:   3 bond rmsd: 0.001481
  step:   4 bond rmsd: 0.001478
  step:   5 bond rmsd: 0.001477
  step:   6 bond rmsd: 0.001477
  step:   7 bond rmsd: 0.001478
  step:   8 bond rmsd: 0.001480
  step:   9 bond rmsd: 0.001481
  step:  10 bond rmsd: 0.001483
  step:  11 bond rmsd: 0.001484
  step:  12 bond rmsd: 0.001486
  step:  13 bond rmsd: 0.001487
  step:  14 bond rmsd: 0.001489
  step:  15 bond rmsd: 0.001490
  step:  16 bond rmsd: 0.001492
  step:  17 bond rmsd: 0.001494
  step:  18 bond rmsd: 0.001497
  step:  19 bond rmsd: 0.001501
  step:  20 bond rmsd: 0.001505
  step:  21 bond rmsd: 0.001511
  step:  22 bond rmsd: 0.001517
  step:  23 bond rmsd: 0.001499
  step:  24 bond rmsd: 0.001505
  step:  25 bond rmsd: 0.001512
  step:  26 bond rmsd: 0.001520
  step:  27 bond rmsd: 0.001525
  step:  28 bond rmsd: 0.001538
  step:  29 bond rmsd: 0.001542
  step:  30 bond rmsd: 0.001545
  step:  31 bond rmsd: 0.001552
  step:  32 bond rmsd: 0.001556
  step:  33 bond rmsd: 0.001558
  step:  34 bond rmsd: 0.001563
  step:  35 bond rmsd: 0.001567
  step:  36 bond rmsd: 0.001573
  step:  37 bond rmsd: 0.001576
  step:  38 bond rmsd: 0.001582
  step:  39 bond rmsd: 0.001592
  step:  40 bond rmsd: 0.001599
  step:  41 bond rmsd: 0.001598
  step:  42 bond rmsd: 0.001607
  step:  43 bond rmsd: 0.001616
  step:  44 bond rmsd: 0.001624
  step:  45 bond rmsd: 0.001632
  step:  46 bond rmsd: 0.001635
  step:  47 bond rmsd: 0.001651
  step:  48 bond rmsd: 0.001650
  step:  49 bond rmsd: 0.001653
  step:  50 bond rmsd: 0.001649
  step:  51 bond rmsd: 0.001637
  step:  52 bond rmsd: 0.001623
micro_cycle  20 rmsd(b):  0.0016 rws:  1.000 n_fev: 1046
  step:   1 bond rmsd: 0.001623
  step:   2 bond rmsd: 0.057368
  step:   3 bond rmsd: 0.007434
  step:   4 bond rmsd: 0.005997
  step:   5 bond rmsd: 0.004866
  step:   6 bond rmsd: 0.003982
  step:   7 bond rmsd: 0.003299
  step:   8 bond rmsd: 0.002782
  step:   9 bond rmsd: 0.002398
  step:  10 bond rmsd: 0.002122
  step:  11 bond rmsd: 0.001929
  step:  12 bond rmsd: 0.001798
  step:  13 bond rmsd: 0.001713
  step:  14 bond rmsd: 0.001659
  step:  15 bond rmsd: 0.001625
  step:  16 bond rmsd: 0.001606
  step:  17 bond rmsd: 0.001594
  step:  18 bond rmsd: 0.001588
  step:  19 bond rmsd: 0.001585
  step:  20 bond rmsd: 0.001584
  step:  21 bond rmsd: 0.001584
  step:  22 bond rmsd: 0.001585
  step:  23 bond rmsd: 0.001585
  step:  24 bond rmsd: 0.001587
  step:  25 bond rmsd: 0.001588
  step:  26 bond rmsd: 0.001589
  step:  27 bond rmsd: 0.001591
  step:  28 bond rmsd: 0.001593
  step:  29 bond rmsd: 0.001594
  step:  30 bond rmsd: 0.001596
  step:  31 bond rmsd: 0.001596
  step:  32 bond rmsd: 0.001585
  step:  33 bond rmsd: 0.001582
  step:  34 bond rmsd: 0.001581
  step:  35 bond rmsd: 0.001547
  step:  36 bond rmsd: 0.001547
  step:  37 bond rmsd: 0.001549
  step:  38 bond rmsd: 0.001551
  step:  39 bond rmsd: 0.001553
  step:  40 bond rmsd: 0.001556
  step:  41 bond rmsd: 0.001557
  step:  42 bond rmsd: 0.001559
  step:  43 bond rmsd: 0.001561
  step:  44 bond rmsd: 0.001562
  step:  45 bond rmsd: 0.001563
  step:  46 bond rmsd: 0.001563
  step:  47 bond rmsd: 0.001560
  step:  48 bond rmsd: 0.001558
  step:  49 bond rmsd: 0.001556
  step:  50 bond rmsd: 0.001551
  step:  51 bond rmsd: 0.001548
  step:  52 bond rmsd: 0.001542
  step:  53 bond rmsd: 0.001538
micro_cycle  21 rmsd(b):  0.0015 rws:  1.000 n_fev: 1099
  step:   1 bond rmsd: 0.001538
  step:   2 bond rmsd: 0.078080
  step:   3 bond rmsd: 0.001545
  step:   4 bond rmsd: 0.001543
  step:   5 bond rmsd: 0.001541
  step:   6 bond rmsd: 0.001540
  step:   7 bond rmsd: 0.001539
  step:   8 bond rmsd: 0.001538
  step:   9 bond rmsd: 0.001537
  step:  10 bond rmsd: 0.001537
  step:  11 bond rmsd: 0.001536
  step:  12 bond rmsd: 0.001536
  step:  13 bond rmsd: 0.001536
  step:  14 bond rmsd: 0.001535
  step:  15 bond rmsd: 0.001535
  step:  16 bond rmsd: 0.001534
  step:  17 bond rmsd: 0.001533
  step:  18 bond rmsd: 0.001532
  step:  19 bond rmsd: 0.001530
  step:  20 bond rmsd: 0.001528
  step:  21 bond rmsd: 0.001527
  step:  22 bond rmsd: 0.001526
  step:  23 bond rmsd: 0.001530
  step:  24 bond rmsd: 0.001529
  step:  25 bond rmsd: 0.001529
  step:  26 bond rmsd: 0.001529
  step:  27 bond rmsd: 0.001531
  step:  28 bond rmsd: 0.001532
  step:  29 bond rmsd: 0.001533
  step:  30 bond rmsd: 0.001540
  step:  31 bond rmsd: 0.001542
  step:  32 bond rmsd: 0.001546
  step:  33 bond rmsd: 0.001550
  step:  34 bond rmsd: 0.001558
  step:  35 bond rmsd: 0.001562
  step:  36 bond rmsd: 0.001569
  step:  37 bond rmsd: 0.001575
  step:  38 bond rmsd: 0.001585
  step:  39 bond rmsd: 0.001591
  step:  40 bond rmsd: 0.001598
  step:  41 bond rmsd: 0.001601
  step:  42 bond rmsd: 0.001608
  step:  43 bond rmsd: 0.001614
  step:  44 bond rmsd: 0.001624
  step:  45 bond rmsd: 0.001631
  step:  46 bond rmsd: 0.001634
  step:  47 bond rmsd: 0.001647
  step:  48 bond rmsd: 0.001650
  step:  49 bond rmsd: 0.001654
  step:  50 bond rmsd: 0.001654
  step:  51 bond rmsd: 0.001654
  step:  52 bond rmsd: 0.001650
micro_cycle  22 rmsd(b):  0.0016 rws:  1.000 n_fev: 1151
  step:   1 bond rmsd: 0.001650
  step:   2 bond rmsd: 0.053621
  step:   3 bond rmsd: 0.002060
  step:   4 bond rmsd: 0.001893
  step:   5 bond rmsd: 0.001783
  step:   6 bond rmsd: 0.001713
  step:   7 bond rmsd: 0.001670
  step:   8 bond rmsd: 0.001644
  step:   9 bond rmsd: 0.001629
  step:  10 bond rmsd: 0.001621
  step:  11 bond rmsd: 0.001617
  step:  12 bond rmsd: 0.001615
  step:  13 bond rmsd: 0.001614
  step:  14 bond rmsd: 0.001614
  step:  15 bond rmsd: 0.001614
  step:  16 bond rmsd: 0.001615
  step:  17 bond rmsd: 0.001615
  step:  18 bond rmsd: 0.001615
  step:  19 bond rmsd: 0.001615
  step:  20 bond rmsd: 0.001615
  step:  21 bond rmsd: 0.001615
  step:  22 bond rmsd: 0.001613
  step:  23 bond rmsd: 0.001611
  step:  24 bond rmsd: 0.001607
  step:  25 bond rmsd: 0.001600
  step:  26 bond rmsd: 0.001588
  step:  27 bond rmsd: 0.001565
  step:  28 bond rmsd: 0.001556
  step:  29 bond rmsd: 0.001549
  step:  30 bond rmsd: 0.001536
  step:  31 bond rmsd: 0.001528
  step:  32 bond rmsd: 0.001522
  step:  33 bond rmsd: 0.001514
  step:  34 bond rmsd: 0.001510
  step:  35 bond rmsd: 0.001506
  step:  36 bond rmsd: 0.001503
  step:  37 bond rmsd: 0.001499
  step:  38 bond rmsd: 0.001497
  step:  39 bond rmsd: 0.001497
  step:  40 bond rmsd: 0.001496
  step:  41 bond rmsd: 0.001492
  step:  42 bond rmsd: 0.001492
  step:  43 bond rmsd: 0.001492
  step:  44 bond rmsd: 0.001494
  step:  45 bond rmsd: 0.001496
  step:  46 bond rmsd: 0.001500
  step:  47 bond rmsd: 0.001503
  step:  48 bond rmsd: 0.001506
  step:  49 bond rmsd: 0.001518
  step:  50 bond rmsd: 0.001520
  step:  51 bond rmsd: 0.001522
  step:  52 bond rmsd: 0.001523
micro_cycle  23 rmsd(b):  0.0015 rws:  1.000 n_fev: 1203
  step:   1 bond rmsd: 0.001523
  step:   2 bond rmsd: 0.057352
  step:   3 bond rmsd: 0.001618
  step:   4 bond rmsd: 0.001573
  step:   5 bond rmsd: 0.001545
  step:   6 bond rmsd: 0.001529
  step:   7 bond rmsd: 0.001519
  step:   8 bond rmsd: 0.001514
  step:   9 bond rmsd: 0.001512
  step:  10 bond rmsd: 0.001511
  step:  11 bond rmsd: 0.001511
  step:  12 bond rmsd: 0.001512
  step:  13 bond rmsd: 0.001512
  step:  14 bond rmsd: 0.001513
  step:  15 bond rmsd: 0.001514
  step:  16 bond rmsd: 0.001514
  step:  17 bond rmsd: 0.001515
  step:  18 bond rmsd: 0.001515
  step:  19 bond rmsd: 0.001516
  step:  20 bond rmsd: 0.001516
  step:  21 bond rmsd: 0.001516
  step:  22 bond rmsd: 0.001517
  step:  23 bond rmsd: 0.001517
  step:  24 bond rmsd: 0.001517
  step:  25 bond rmsd: 0.001516
  step:  26 bond rmsd: 0.001514
  step:  27 bond rmsd: 0.001510
  step:  28 bond rmsd: 0.001508
  step:  29 bond rmsd: 0.001507
  step:  30 bond rmsd: 0.001506
  step:  31 bond rmsd: 0.001507
  step:  32 bond rmsd: 0.001507
  step:  33 bond rmsd: 0.001509
  step:  34 bond rmsd: 0.001509
  step:  35 bond rmsd: 0.001511
  step:  36 bond rmsd: 0.001514
  step:  37 bond rmsd: 0.001515
  step:  38 bond rmsd: 0.001519
  step:  39 bond rmsd: 0.001524
  step:  40 bond rmsd: 0.001533
  step:  41 bond rmsd: 0.001538
  step:  42 bond rmsd: 0.001544
  step:  43 bond rmsd: 0.001549
  step:  44 bond rmsd: 0.001552
  step:  45 bond rmsd: 0.001557
  step:  46 bond rmsd: 0.001563
  step:  47 bond rmsd: 0.001568
  step:  48 bond rmsd: 0.001572
  step:  49 bond rmsd: 0.001577
  step:  50 bond rmsd: 0.001580
  step:  51 bond rmsd: 0.001586
  step:  52 bond rmsd: 0.001587
micro_cycle  24 rmsd(b):  0.0016 rws:  1.000 n_fev: 1255
  step:   1 bond rmsd: 0.001587
  step:   2 bond rmsd: 0.044533
  step:   3 bond rmsd: 0.003030
  step:   4 bond rmsd: 0.002636
  step:   5 bond rmsd: 0.002343
  step:   6 bond rmsd: 0.002128
  step:   7 bond rmsd: 0.001972
  step:   8 bond rmsd: 0.001862
  step:   9 bond rmsd: 0.001783
  step:  10 bond rmsd: 0.001728
  step:  11 bond rmsd: 0.001689
  step:  12 bond rmsd: 0.001661
  step:  13 bond rmsd: 0.001641
  step:  14 bond rmsd: 0.001627
  step:  15 bond rmsd: 0.001616
  step:  16 bond rmsd: 0.001608
  step:  17 bond rmsd: 0.001602
  step:  18 bond rmsd: 0.001597
  step:  19 bond rmsd: 0.001593
  step:  20 bond rmsd: 0.001590
  step:  21 bond rmsd: 0.001588
  step:  22 bond rmsd: 0.001585
  step:  23 bond rmsd: 0.001583
  step:  24 bond rmsd: 0.001581
  step:  25 bond rmsd: 0.001578
  step:  26 bond rmsd: 0.001575
  step:  27 bond rmsd: 0.001572
  step:  28 bond rmsd: 0.001567
  step:  29 bond rmsd: 0.001561
  step:  30 bond rmsd: 0.001553
  step:  31 bond rmsd: 0.001548
  step:  32 bond rmsd: 0.001542
  step:  33 bond rmsd: 0.001536
  step:  34 bond rmsd: 0.001529
  step:  35 bond rmsd: 0.001518
  step:  36 bond rmsd: 0.001514
  step:  37 bond rmsd: 0.001510
  step:  38 bond rmsd: 0.001506
  step:  39 bond rmsd: 0.001503
  step:  40 bond rmsd: 0.001501
  step:  41 bond rmsd: 0.001495
  step:  42 bond rmsd: 0.001493
  step:  43 bond rmsd: 0.001492
  step:  44 bond rmsd: 0.001491
  step:  45 bond rmsd: 0.001490
  step:  46 bond rmsd: 0.001489
  step:  47 bond rmsd: 0.001490
  step:  48 bond rmsd: 0.001489
  step:  49 bond rmsd: 0.001490
  step:  50 bond rmsd: 0.001493
  step:  51 bond rmsd: 0.001498
  step:  52 bond rmsd: 0.001501
micro_cycle  25 rmsd(b):  0.0015 rws:  1.000 n_fev: 1307
  step:   1 bond rmsd: 0.001501
  step:   2 bond rmsd: 0.064440
  step:   3 bond rmsd: 0.001514
  step:   4 bond rmsd: 0.001510
  step:   5 bond rmsd: 0.001506
  step:   6 bond rmsd: 0.001504
  step:   7 bond rmsd: 0.001503
  step:   8 bond rmsd: 0.001502
  step:   9 bond rmsd: 0.001501
  step:  10 bond rmsd: 0.001501
  step:  11 bond rmsd: 0.001500
  step:  12 bond rmsd: 0.001500
  step:  13 bond rmsd: 0.001500
  step:  14 bond rmsd: 0.001500
  step:  15 bond rmsd: 0.001500
  step:  16 bond rmsd: 0.001501
  step:  17 bond rmsd: 0.001501
  step:  18 bond rmsd: 0.001501
  step:  19 bond rmsd: 0.001502
  step:  20 bond rmsd: 0.001503
  step:  21 bond rmsd: 0.001505
  step:  22 bond rmsd: 0.001508
  step:  23 bond rmsd: 0.001510
  step:  24 bond rmsd: 0.001534
  step:  25 bond rmsd: 0.001534
  step:  26 bond rmsd: 0.001534
  step:  27 bond rmsd: 0.001535
  step:  28 bond rmsd: 0.001535
  step:  29 bond rmsd: 0.001535
  step:  30 bond rmsd: 0.001536
  step:  31 bond rmsd: 0.001536
  step:  32 bond rmsd: 0.001537
  step:  33 bond rmsd: 0.001536
  step:  34 bond rmsd: 0.001537
  step:  35 bond rmsd: 0.001537
  step:  36 bond rmsd: 0.001538
  step:  37 bond rmsd: 0.001538
  step:  38 bond rmsd: 0.001539
  step:  39 bond rmsd: 0.001542
  step:  40 bond rmsd: 0.001543
  step:  41 bond rmsd: 0.001544
  step:  42 bond rmsd: 0.001545
  step:  43 bond rmsd: 0.001552
  step:  44 bond rmsd: 0.001555
  step:  45 bond rmsd: 0.001560
  step:  46 bond rmsd: 0.001562
  step:  47 bond rmsd: 0.001570
  step:  48 bond rmsd: 0.001573
  step:  49 bond rmsd: 0.001574
  step:  50 bond rmsd: 0.001580
  step:  51 bond rmsd: 0.001582
  step:  52 bond rmsd: 0.001585
micro_cycle  26 rmsd(b):  0.0016 rws:  1.000 n_fev: 1359
  step:   1 bond rmsd: 0.001585
  step:   2 bond rmsd: 0.042069
  step:   3 bond rmsd: 0.001707
  step:   4 bond rmsd: 0.001660
  step:   5 bond rmsd: 0.001629
  step:   6 bond rmsd: 0.001607
  step:   7 bond rmsd: 0.001593
  step:   8 bond rmsd: 0.001583
  step:   9 bond rmsd: 0.001576
  step:  10 bond rmsd: 0.001570
  step:  11 bond rmsd: 0.001567
  step:  12 bond rmsd: 0.001564
  step:  13 bond rmsd: 0.001562
  step:  14 bond rmsd: 0.001561
  step:  15 bond rmsd: 0.001559
  step:  16 bond rmsd: 0.001559
  step:  17 bond rmsd: 0.001558
  step:  18 bond rmsd: 0.001557
  step:  19 bond rmsd: 0.001556
  step:  20 bond rmsd: 0.001556
  step:  21 bond rmsd: 0.001554
  step:  22 bond rmsd: 0.001553
  step:  23 bond rmsd: 0.001550
  step:  24 bond rmsd: 0.001545
  step:  25 bond rmsd: 0.001532
  step:  26 bond rmsd: 0.001529
  step:  27 bond rmsd: 0.001526
  step:  28 bond rmsd: 0.001523
  step:  29 bond rmsd: 0.001523
  step:  30 bond rmsd: 0.001519
  step:  31 bond rmsd: 0.001520
  step:  32 bond rmsd: 0.001520
  step:  33 bond rmsd: 0.001519
  step:  34 bond rmsd: 0.001519
  step:  35 bond rmsd: 0.001520
  step:  36 bond rmsd: 0.001520
  step:  37 bond rmsd: 0.001521
  step:  38 bond rmsd: 0.001521
  step:  39 bond rmsd: 0.001522
  step:  40 bond rmsd: 0.001522
  step:  41 bond rmsd: 0.001523
  step:  42 bond rmsd: 0.001523
  step:  43 bond rmsd: 0.001523
  step:  44 bond rmsd: 0.001523
  step:  45 bond rmsd: 0.001521
  step:  46 bond rmsd: 0.001521
  step:  47 bond rmsd: 0.001518
  step:  48 bond rmsd: 0.001517
  step:  49 bond rmsd: 0.001517
  step:  50 bond rmsd: 0.001518
  step:  51 bond rmsd: 0.001515
  step:  52 bond rmsd: 0.001516
micro_cycle  27 rmsd(b):  0.0015 rws:  1.000 n_fev: 1411
  step:   1 bond rmsd: 0.001516
  step:   2 bond rmsd: 0.047648
  step:   3 bond rmsd: 0.001856
  step:   4 bond rmsd: 0.001758
  step:   5 bond rmsd: 0.001689
  step:   6 bond rmsd: 0.001641
  step:   7 bond rmsd: 0.001607
  step:   8 bond rmsd: 0.001583
  step:   9 bond rmsd: 0.001566
  step:  10 bond rmsd: 0.001554
  step:  11 bond rmsd: 0.001545
  step:  12 bond rmsd: 0.001538
  step:  13 bond rmsd: 0.001534
  step:  14 bond rmsd: 0.001530
  step:  15 bond rmsd: 0.001527
  step:  16 bond rmsd: 0.001525
  step:  17 bond rmsd: 0.001523
  step:  18 bond rmsd: 0.001521
  step:  19 bond rmsd: 0.001520
  step:  20 bond rmsd: 0.001518
  step:  21 bond rmsd: 0.001517
  step:  22 bond rmsd: 0.001516
  step:  23 bond rmsd: 0.001515
  step:  24 bond rmsd: 0.001513
  step:  25 bond rmsd: 0.001512
  step:  26 bond rmsd: 0.001511
  step:  27 bond rmsd: 0.001513
  step:  28 bond rmsd: 0.001514
  step:  29 bond rmsd: 0.001515
  step:  30 bond rmsd: 0.001520
  step:  31 bond rmsd: 0.001522
  step:  32 bond rmsd: 0.001524
  step:  33 bond rmsd: 0.001525
  step:  34 bond rmsd: 0.001529
  step:  35 bond rmsd: 0.001530
  step:  36 bond rmsd: 0.001530
  step:  37 bond rmsd: 0.001531
  step:  38 bond rmsd: 0.001533
  step:  39 bond rmsd: 0.001535
  step:  40 bond rmsd: 0.001536
  step:  41 bond rmsd: 0.001537
  step:  42 bond rmsd: 0.001538
  step:  43 bond rmsd: 0.001537
  step:  44 bond rmsd: 0.001538
  step:  45 bond rmsd: 0.001538
  step:  46 bond rmsd: 0.001539
  step:  47 bond rmsd: 0.001539
  step:  48 bond rmsd: 0.001539
  step:  49 bond rmsd: 0.001539
  step:  50 bond rmsd: 0.001538
  step:  51 bond rmsd: 0.001536
  step:  52 bond rmsd: 0.001535
micro_cycle  28 rmsd(b):  0.0015 rws:  1.000 n_fev: 1463
  step:   1 bond rmsd: 0.001535
  step:   2 bond rmsd: 0.064327
  step:   3 bond rmsd: 0.001560
  step:   4 bond rmsd: 0.001554
  step:   5 bond rmsd: 0.001550
  step:   6 bond rmsd: 0.001546
  step:   7 bond rmsd: 0.001544
  step:   8 bond rmsd: 0.001542
  step:   9 bond rmsd: 0.001540
  step:  10 bond rmsd: 0.001539
  step:  11 bond rmsd: 0.001538
  step:  12 bond rmsd: 0.001537
  step:  13 bond rmsd: 0.001536
  step:  14 bond rmsd: 0.001535
  step:  15 bond rmsd: 0.001534
  step:  16 bond rmsd: 0.001533
  step:  17 bond rmsd: 0.001532
  step:  18 bond rmsd: 0.001531
  step:  19 bond rmsd: 0.001529
  step:  20 bond rmsd: 0.001527
  step:  21 bond rmsd: 0.001526
  step:  22 bond rmsd: 0.001525
  step:  23 bond rmsd: 0.001523
  step:  24 bond rmsd: 0.001525
  step:  25 bond rmsd: 0.001524
  step:  26 bond rmsd: 0.001523
  step:  27 bond rmsd: 0.001522
  step:  28 bond rmsd: 0.001522
  step:  29 bond rmsd: 0.001521
  step:  30 bond rmsd: 0.001519
  step:  31 bond rmsd: 0.001518
  step:  32 bond rmsd: 0.001518
  step:  33 bond rmsd: 0.001518
  step:  34 bond rmsd: 0.001517
  step:  35 bond rmsd: 0.001518
  step:  36 bond rmsd: 0.001517
  step:  37 bond rmsd: 0.001517
  step:  38 bond rmsd: 0.001519
  step:  39 bond rmsd: 0.001520
  step:  40 bond rmsd: 0.001520
  step:  41 bond rmsd: 0.001522
  step:  42 bond rmsd: 0.001524
  step:  43 bond rmsd: 0.001527
  step:  44 bond rmsd: 0.001530
  step:  45 bond rmsd: 0.001535
  step:  46 bond rmsd: 0.001538
  step:  47 bond rmsd: 0.001544
  step:  48 bond rmsd: 0.001549
  step:  49 bond rmsd: 0.001555
  step:  50 bond rmsd: 0.001560
  step:  51 bond rmsd: 0.001567
  step:  52 bond rmsd: 0.001572
micro_cycle  29 rmsd(b):  0.0016 rws:  1.000 n_fev: 1515
  step:   1 bond rmsd: 0.001572
  step:   2 bond rmsd: 0.053938
  step:   3 bond rmsd: 0.002206
  step:   4 bond rmsd: 0.002017
  step:   5 bond rmsd: 0.001882
  step:   6 bond rmsd: 0.001788
  step:   7 bond rmsd: 0.001722
  step:   8 bond rmsd: 0.001676
  step:   9 bond rmsd: 0.001644
  step:  10 bond rmsd: 0.001621
  step:  11 bond rmsd: 0.001605
  step:  12 bond rmsd: 0.001594
  step:  13 bond rmsd: 0.001585
  step:  14 bond rmsd: 0.001579
  step:  15 bond rmsd: 0.001574
  step:  16 bond rmsd: 0.001570
  step:  17 bond rmsd: 0.001567
  step:  18 bond rmsd: 0.001564
  step:  19 bond rmsd: 0.001561
  step:  20 bond rmsd: 0.001559
  step:  21 bond rmsd: 0.001557
  step:  22 bond rmsd: 0.001554
  step:  23 bond rmsd: 0.001551
  step:  24 bond rmsd: 0.001547
  step:  25 bond rmsd: 0.001542
  step:  26 bond rmsd: 0.001536
  step:  27 bond rmsd: 0.001531
  step:  28 bond rmsd: 0.001528
  step:  29 bond rmsd: 0.001526
  step:  30 bond rmsd: 0.001534
  step:  31 bond rmsd: 0.001531
  step:  32 bond rmsd: 0.001529
  step:  33 bond rmsd: 0.001528
  step:  34 bond rmsd: 0.001527
  step:  35 bond rmsd: 0.001526
  step:  36 bond rmsd: 0.001526
  step:  37 bond rmsd: 0.001525
  step:  38 bond rmsd: 0.001525
  step:  39 bond rmsd: 0.001525
  step:  40 bond rmsd: 0.001525
  step:  41 bond rmsd: 0.001525
  step:  42 bond rmsd: 0.001526
  step:  43 bond rmsd: 0.001526
  step:  44 bond rmsd: 0.001527
  step:  45 bond rmsd: 0.001528
  step:  46 bond rmsd: 0.001526
  step:  47 bond rmsd: 0.001528
  step:  48 bond rmsd: 0.001527
  step:  49 bond rmsd: 0.001529
  step:  50 bond rmsd: 0.001529
  step:  51 bond rmsd: 0.001533
  step:  52 bond rmsd: 0.001533
micro_cycle  30 rmsd(b):  0.0015 rws:  1.000 n_fev: 1567
  step:   1 bond rmsd: 0.001533
  step:   2 bond rmsd: 0.079678
  step:   3 bond rmsd: 0.001548
  step:   4 bond rmsd: 0.001540
  step:   5 bond rmsd: 0.001535
  step:   6 bond rmsd: 0.001532
  step:   7 bond rmsd: 0.001530
  step:   8 bond rmsd: 0.001530
  step:   9 bond rmsd: 0.001529
  step:  10 bond rmsd: 0.001529
  step:  11 bond rmsd: 0.001529
  step:  12 bond rmsd: 0.001529
  step:  13 bond rmsd: 0.001529
  step:  14 bond rmsd: 0.001529
  step:  15 bond rmsd: 0.001529
  step:  16 bond rmsd: 0.001529
  step:  17 bond rmsd: 0.001529
  step:  18 bond rmsd: 0.001529
  step:  19 bond rmsd: 0.001529
  step:  20 bond rmsd: 0.001529
  step:  21 bond rmsd: 0.001529
  step:  22 bond rmsd: 0.001528
  step:  23 bond rmsd: 0.001527
  step:  24 bond rmsd: 0.001525
  step:  25 bond rmsd: 0.001521
  step:  26 bond rmsd: 0.001519
  step:  27 bond rmsd: 0.001518
  step:  28 bond rmsd: 0.001513
  step:  29 bond rmsd: 0.001512
  step:  30 bond rmsd: 0.001512
  step:  31 bond rmsd: 0.001511
  step:  32 bond rmsd: 0.001510
  step:  33 bond rmsd: 0.001511
  step:  34 bond rmsd: 0.001510
  step:  35 bond rmsd: 0.001510
  step:  36 bond rmsd: 0.001511
  step:  37 bond rmsd: 0.001512
  step:  38 bond rmsd: 0.001513
  step:  39 bond rmsd: 0.001515
  step:  40 bond rmsd: 0.001517
  step:  41 bond rmsd: 0.001516
  step:  42 bond rmsd: 0.001518
  step:  43 bond rmsd: 0.001521
  step:  44 bond rmsd: 0.001527
  step:  45 bond rmsd: 0.001531
  step:  46 bond rmsd: 0.001536
  step:  47 bond rmsd: 0.001542
  step:  48 bond rmsd: 0.001548
  step:  49 bond rmsd: 0.001560
  step:  50 bond rmsd: 0.001565
  step:  51 bond rmsd: 0.001572
  step:  52 bond rmsd: 0.001578
micro_cycle  31 rmsd(b):  0.0016 rws:  1.000 n_fev: 1619
  step:   1 bond rmsd: 0.001578
  step:   2 bond rmsd: 0.047249
  step:   3 bond rmsd: 0.001823
  step:   4 bond rmsd: 0.001722
  step:   5 bond rmsd: 0.001657
  step:   6 bond rmsd: 0.001617
  step:   7 bond rmsd: 0.001592
  step:   8 bond rmsd: 0.001578
  step:   9 bond rmsd: 0.001570
  step:  10 bond rmsd: 0.001565
  step:  11 bond rmsd: 0.001563
  step:  12 bond rmsd: 0.001562
  step:  13 bond rmsd: 0.001562
  step:  14 bond rmsd: 0.001563
  step:  15 bond rmsd: 0.001563
  step:  16 bond rmsd: 0.001563
  step:  17 bond rmsd: 0.001564
  step:  18 bond rmsd: 0.001564
  step:  19 bond rmsd: 0.001564
  step:  20 bond rmsd: 0.001565
  step:  21 bond rmsd: 0.001565
  step:  22 bond rmsd: 0.001564
  step:  23 bond rmsd: 0.001564
  step:  24 bond rmsd: 0.001563
  step:  25 bond rmsd: 0.001560
  step:  26 bond rmsd: 0.001556
  step:  27 bond rmsd: 0.001547
  step:  28 bond rmsd: 0.001542
  step:  29 bond rmsd: 0.001537
  step:  30 bond rmsd: 0.001532
  step:  31 bond rmsd: 0.001528
  step:  32 bond rmsd: 0.001525
  step:  33 bond rmsd: 0.001523
  step:  34 bond rmsd: 0.001519
  step:  35 bond rmsd: 0.001518
  step:  36 bond rmsd: 0.001520
  step:  37 bond rmsd: 0.001519
  step:  38 bond rmsd: 0.001520
  step:  39 bond rmsd: 0.001520
  step:  40 bond rmsd: 0.001518
  step:  41 bond rmsd: 0.001519
  step:  42 bond rmsd: 0.001520
  step:  43 bond rmsd: 0.001520
  step:  44 bond rmsd: 0.001520
  step:  45 bond rmsd: 0.001521
  step:  46 bond rmsd: 0.001522
  step:  47 bond rmsd: 0.001523
  step:  48 bond rmsd: 0.001524
  step:  49 bond rmsd: 0.001525
  step:  50 bond rmsd: 0.001527
  step:  51 bond rmsd: 0.001528
  step:  52 bond rmsd: 0.001530
micro_cycle  32 rmsd(b):  0.0015 rws:  1.000 n_fev: 1671
  step:   1 bond rmsd: 0.001530
  step:   2 bond rmsd: 0.068625
  step:   3 bond rmsd: 0.001536
  step:   4 bond rmsd: 0.001535
  step:   5 bond rmsd: 0.001533
  step:   6 bond rmsd: 0.001532
  step:   7 bond rmsd: 0.001532
  step:   8 bond rmsd: 0.001531
  step:   9 bond rmsd: 0.001530
  step:  10 bond rmsd: 0.001530
  step:  11 bond rmsd: 0.001529
  step:  12 bond rmsd: 0.001529
  step:  13 bond rmsd: 0.001528
  step:  14 bond rmsd: 0.001527
  step:  15 bond rmsd: 0.001527
  step:  16 bond rmsd: 0.001526
  step:  17 bond rmsd: 0.001524
  step:  18 bond rmsd: 0.001522
  step:  19 bond rmsd: 0.001520
  step:  20 bond rmsd: 0.001518
  step:  21 bond rmsd: 0.001513
  step:  22 bond rmsd: 0.001512
  step:  23 bond rmsd: 0.001511
  step:  24 bond rmsd: 0.001511
  step:  25 bond rmsd: 0.001510
  step:  26 bond rmsd: 0.001510
  step:  27 bond rmsd: 0.001510
  step:  28 bond rmsd: 0.001510
  step:  29 bond rmsd: 0.001509
  step:  30 bond rmsd: 0.001510
  step:  31 bond rmsd: 0.001510
  step:  32 bond rmsd: 0.001511
  step:  33 bond rmsd: 0.001512
  step:  34 bond rmsd: 0.001513
  step:  35 bond rmsd: 0.001515
  step:  36 bond rmsd: 0.001516
  step:  37 bond rmsd: 0.001519
  step:  38 bond rmsd: 0.001523
  step:  39 bond rmsd: 0.001527
  step:  40 bond rmsd: 0.001531
  step:  41 bond rmsd: 0.001537
  step:  42 bond rmsd: 0.001542
  step:  43 bond rmsd: 0.001549
  step:  44 bond rmsd: 0.001559
  step:  45 bond rmsd: 0.001566
  step:  46 bond rmsd: 0.001582
  step:  47 bond rmsd: 0.001591
  step:  48 bond rmsd: 0.001604
  step:  49 bond rmsd: 0.001616
  step:  50 bond rmsd: 0.001629
  step:  51 bond rmsd: 0.001644
  step:  52 bond rmsd: 0.001653
micro_cycle  33 rmsd(b):  0.0017 rws:  1.000 n_fev: 1723
  step:   1 bond rmsd: 0.001653
  step:   2 bond rmsd: 0.076534
  step:   3 bond rmsd: 0.002079
  step:   4 bond rmsd: 0.001939
  step:   5 bond rmsd: 0.001843
  step:   6 bond rmsd: 0.001777
  step:   7 bond rmsd: 0.001733
  step:   8 bond rmsd: 0.001703
  step:   9 bond rmsd: 0.001682
  step:  10 bond rmsd: 0.001668
  step:  11 bond rmsd: 0.001658
  step:  12 bond rmsd: 0.001651
  step:  13 bond rmsd: 0.001645
  step:  14 bond rmsd: 0.001641
  step:  15 bond rmsd: 0.001637
  step:  16 bond rmsd: 0.001634
  step:  17 bond rmsd: 0.001632
  step:  18 bond rmsd: 0.001629
  step:  19 bond rmsd: 0.001626
  step:  20 bond rmsd: 0.001623
  step:  21 bond rmsd: 0.001620
  step:  22 bond rmsd: 0.001615
  step:  23 bond rmsd: 0.001608
  step:  24 bond rmsd: 0.001598
  step:  25 bond rmsd: 0.001585
  step:  26 bond rmsd: 0.001576
  step:  27 bond rmsd: 0.001567
  step:  28 bond rmsd: 0.001558
  step:  29 bond rmsd: 0.001547
  step:  30 bond rmsd: 0.001540
  step:  31 bond rmsd: 0.001534
  step:  32 bond rmsd: 0.001530
  step:  33 bond rmsd: 0.001526
  step:  34 bond rmsd: 0.001524
  step:  35 bond rmsd: 0.001520
  step:  36 bond rmsd: 0.001518
  step:  37 bond rmsd: 0.001515
  step:  38 bond rmsd: 0.001512
  step:  39 bond rmsd: 0.001509
  step:  40 bond rmsd: 0.001506
  step:  41 bond rmsd: 0.001503
  step:  42 bond rmsd: 0.001501
  step:  43 bond rmsd: 0.001498
  step:  44 bond rmsd: 0.001496
  step:  45 bond rmsd: 0.001494
  step:  46 bond rmsd: 0.001492
  step:  47 bond rmsd: 0.001489
  step:  48 bond rmsd: 0.001488
  step:  49 bond rmsd: 0.001487
  step:  50 bond rmsd: 0.001487
  step:  51 bond rmsd: 0.001488
  step:  52 bond rmsd: 0.001488
micro_cycle  34 rmsd(b):  0.0015 rws:  1.000 n_fev: 1775
  step:   1 bond rmsd: 0.001488
  step:   2 bond rmsd: 0.073908
  step:   3 bond rmsd: 0.001970
  step:   4 bond rmsd: 0.001828
  step:   5 bond rmsd: 0.001727
  step:   6 bond rmsd: 0.001657
  step:   7 bond rmsd: 0.001608
  step:   8 bond rmsd: 0.001574
  step:   9 bond rmsd: 0.001551
  step:  10 bond rmsd: 0.001534
  step:  11 bond rmsd: 0.001523
  step:  12 bond rmsd: 0.001515
  step:  13 bond rmsd: 0.001509
  step:  14 bond rmsd: 0.001505
  step:  15 bond rmsd: 0.001502
  step:  16 bond rmsd: 0.001499
  step:  17 bond rmsd: 0.001498
  step:  18 bond rmsd: 0.001496
  step:  19 bond rmsd: 0.001495
  step:  20 bond rmsd: 0.001495
  step:  21 bond rmsd: 0.001494
  step:  22 bond rmsd: 0.001493
  step:  23 bond rmsd: 0.001493
  step:  24 bond rmsd: 0.001493
  step:  25 bond rmsd: 0.001492
  step:  26 bond rmsd: 0.001492
  step:  27 bond rmsd: 0.001492
  step:  28 bond rmsd: 0.001493
  step:  29 bond rmsd: 0.001495
  step:  30 bond rmsd: 0.001498
  step:  31 bond rmsd: 0.001502
  step:  32 bond rmsd: 0.001506
  step:  33 bond rmsd: 0.001515
  step:  34 bond rmsd: 0.001518
  step:  35 bond rmsd: 0.001520
  step:  36 bond rmsd: 0.001524
  step:  37 bond rmsd: 0.001526
  step:  38 bond rmsd: 0.001528
  step:  39 bond rmsd: 0.001531
  step:  40 bond rmsd: 0.001533
  step:  41 bond rmsd: 0.001535
  step:  42 bond rmsd: 0.001537
  step:  43 bond rmsd: 0.001539
  step:  44 bond rmsd: 0.001540
  step:  45 bond rmsd: 0.001543
  step:  46 bond rmsd: 0.001544
  step:  47 bond rmsd: 0.001545
  step:  48 bond rmsd: 0.001546
  step:  49 bond rmsd: 0.001548
  step:  50 bond rmsd: 0.001549
  step:  51 bond rmsd: 0.001550
  step:  52 bond rmsd: 0.001552
micro_cycle  35 rmsd(b):  0.0016 rws:  1.000 n_fev: 1827
  step:   1 bond rmsd: 0.001552
  step:   2 bond rmsd: 0.088461
  step:   3 bond rmsd: 0.001549
  step:   4 bond rmsd: 0.001549
  step:   5 bond rmsd: 0.001549
  step:   6 bond rmsd: 0.001549
  step:   7 bond rmsd: 0.001549
  step:   8 bond rmsd: 0.001549
  step:   9 bond rmsd: 0.001549
  step:  10 bond rmsd: 0.001549
  step:  11 bond rmsd: 0.001549
  step:  12 bond rmsd: 0.001549
  step:  13 bond rmsd: 0.001549
  step:  14 bond rmsd: 0.001549
  step:  15 bond rmsd: 0.001548
  step:  16 bond rmsd: 0.001548
  step:  17 bond rmsd: 0.001547
  step:  18 bond rmsd: 0.001546
  step:  19 bond rmsd: 0.001544
  step:  20 bond rmsd: 0.001540
  step:  21 bond rmsd: 0.001539
  step:  22 bond rmsd: 0.001537
  step:  23 bond rmsd: 0.001536
  step:  24 bond rmsd: 0.001534
  step:  25 bond rmsd: 0.001532
  step:  26 bond rmsd: 0.001527
  step:  27 bond rmsd: 0.001524
  step:  28 bond rmsd: 0.001522
  step:  29 bond rmsd: 0.001518
  step:  30 bond rmsd: 0.001516
  step:  31 bond rmsd: 0.001513
  step:  32 bond rmsd: 0.001510
  step:  33 bond rmsd: 0.001507
  step:  34 bond rmsd: 0.001505
  step:  35 bond rmsd: 0.001502
  step:  36 bond rmsd: 0.001501
  step:  37 bond rmsd: 0.001500
  step:  38 bond rmsd: 0.001497
  step:  39 bond rmsd: 0.001496
  step:  40 bond rmsd: 0.001495
  step:  41 bond rmsd: 0.001495
  step:  42 bond rmsd: 0.001493
  step:  43 bond rmsd: 0.001494
  step:  44 bond rmsd: 0.001493
  step:  45 bond rmsd: 0.001494
  step:  46 bond rmsd: 0.001494
  step:  47 bond rmsd: 0.001497
  step:  48 bond rmsd: 0.001498
  step:  49 bond rmsd: 0.001497
  step:  50 bond rmsd: 0.001500
  step:  51 bond rmsd: 0.001501
  step:  52 bond rmsd: 0.001505
micro_cycle  36 rmsd(b):  0.0015 rws:  1.000 n_fev: 1879
  step:   1 bond rmsd: 0.001505
  step:   2 bond rmsd: 0.064127
  step:   3 bond rmsd: 0.002097
  step:   4 bond rmsd: 0.001917
  step:   5 bond rmsd: 0.001790
  step:   6 bond rmsd: 0.001701
  step:   7 bond rmsd: 0.001640
  step:   8 bond rmsd: 0.001597
  step:   9 bond rmsd: 0.001569
  step:  10 bond rmsd: 0.001549
  step:  11 bond rmsd: 0.001535
  step:  12 bond rmsd: 0.001526
  step:  13 bond rmsd: 0.001519
  step:  14 bond rmsd: 0.001514
  step:  15 bond rmsd: 0.001510
  step:  16 bond rmsd: 0.001508
  step:  17 bond rmsd: 0.001506
  step:  18 bond rmsd: 0.001504
  step:  19 bond rmsd: 0.001503
  step:  20 bond rmsd: 0.001502
  step:  21 bond rmsd: 0.001501
  step:  22 bond rmsd: 0.001500
  step:  23 bond rmsd: 0.001499
  step:  24 bond rmsd: 0.001499
  step:  25 bond rmsd: 0.001499
  step:  26 bond rmsd: 0.001500
  step:  27 bond rmsd: 0.001501
  step:  28 bond rmsd: 0.001501
  step:  29 bond rmsd: 0.001504
  step:  30 bond rmsd: 0.001505
  step:  31 bond rmsd: 0.001507
  step:  32 bond rmsd: 0.001508
  step:  33 bond rmsd: 0.001509
  step:  34 bond rmsd: 0.001511
  step:  35 bond rmsd: 0.001512
  step:  36 bond rmsd: 0.001513
  step:  37 bond rmsd: 0.001515
  step:  38 bond rmsd: 0.001517
  step:  39 bond rmsd: 0.001519
  step:  40 bond rmsd: 0.001521
  step:  41 bond rmsd: 0.001524
  step:  42 bond rmsd: 0.001528
  step:  43 bond rmsd: 0.001532
  step:  44 bond rmsd: 0.001537
  step:  45 bond rmsd: 0.001542
  step:  46 bond rmsd: 0.001547
  step:  47 bond rmsd: 0.001552
  step:  48 bond rmsd: 0.001558
  step:  49 bond rmsd: 0.001566
  step:  50 bond rmsd: 0.001569
  step:  51 bond rmsd: 0.001572
  step:  52 bond rmsd: 0.001575
micro_cycle  37 rmsd(b):  0.0016 rws:  1.000 n_fev: 1931
  step:   1 bond rmsd: 0.001575
  step:   2 bond rmsd: 0.043101
  step:   3 bond rmsd: 0.001559
  step:   4 bond rmsd: 0.001556
  step:   5 bond rmsd: 0.001556
  step:   6 bond rmsd: 0.001557
  step:   7 bond rmsd: 0.001559
  step:   8 bond rmsd: 0.001560
  step:   9 bond rmsd: 0.001562
  step:  10 bond rmsd: 0.001563
  step:  11 bond rmsd: 0.001564
  step:  12 bond rmsd: 0.001566
  step:  13 bond rmsd: 0.001566
  step:  14 bond rmsd: 0.001567
  step:  15 bond rmsd: 0.001568
  step:  16 bond rmsd: 0.001568
  step:  17 bond rmsd: 0.001569
  step:  18 bond rmsd: 0.001569
  step:  19 bond rmsd: 0.001570
  step:  20 bond rmsd: 0.001570
  step:  21 bond rmsd: 0.001570
  step:  22 bond rmsd: 0.001569
  step:  23 bond rmsd: 0.001568
  step:  24 bond rmsd: 0.001565
  step:  25 bond rmsd: 0.001559
  step:  26 bond rmsd: 0.001554
  step:  27 bond rmsd: 0.001550
  step:  28 bond rmsd: 0.001543
  step:  29 bond rmsd: 0.001540
  step:  30 bond rmsd: 0.001537
  step:  31 bond rmsd: 0.001532
  step:  32 bond rmsd: 0.001528
  step:  33 bond rmsd: 0.001523
  step:  34 bond rmsd: 0.001519
  step:  35 bond rmsd: 0.001515
  step:  36 bond rmsd: 0.001512
  step:  37 bond rmsd: 0.001509
  step:  38 bond rmsd: 0.001506
  step:  39 bond rmsd: 0.001502
  step:  40 bond rmsd: 0.001499
  step:  41 bond rmsd: 0.001495
  step:  42 bond rmsd: 0.001492
  step:  43 bond rmsd: 0.001488
  step:  44 bond rmsd: 0.001484
  step:  45 bond rmsd: 0.001482
  step:  46 bond rmsd: 0.001484
  step:  47 bond rmsd: 0.001482
  step:  48 bond rmsd: 0.001482
  step:  49 bond rmsd: 0.001482
  step:  50 bond rmsd: 0.001483
  step:  51 bond rmsd: 0.001485
  step:  52 bond rmsd: 0.001488
micro_cycle  38 rmsd(b):  0.0015 rws:  1.000 n_fev: 1983
  step:   1 bond rmsd: 0.001488
  step:   2 bond rmsd: 0.028604
  step:   3 bond rmsd: 0.001489
  step:   4 bond rmsd: 0.001489
  step:   5 bond rmsd: 0.001488
  step:   6 bond rmsd: 0.001488
  step:   7 bond rmsd: 0.001489
  step:   8 bond rmsd: 0.001489
  step:   9 bond rmsd: 0.001490
  step:  10 bond rmsd: 0.001490
  step:  11 bond rmsd: 0.001491
  step:  12 bond rmsd: 0.001492
  step:  13 bond rmsd: 0.001493
  step:  14 bond rmsd: 0.001494
  step:  15 bond rmsd: 0.001495
  step:  16 bond rmsd: 0.001497
  step:  17 bond rmsd: 0.001499
  step:  18 bond rmsd: 0.001501
  step:  19 bond rmsd: 0.001503
  step:  20 bond rmsd: 0.001505
  step:  21 bond rmsd: 0.001507
  step:  22 bond rmsd: 0.001509
  step:  23 bond rmsd: 0.001513
  step:  24 bond rmsd: 0.001515
  step:  25 bond rmsd: 0.001518
  step:  26 bond rmsd: 0.001522
  step:  27 bond rmsd: 0.001525
  step:  28 bond rmsd: 0.001534
  step:  29 bond rmsd: 0.001535
  step:  30 bond rmsd: 0.001538
  step:  31 bond rmsd: 0.001541
  step:  32 bond rmsd: 0.001546
  step:  33 bond rmsd: 0.001549
  step:  34 bond rmsd: 0.001551
  step:  35 bond rmsd: 0.001555
  step:  36 bond rmsd: 0.001557
  step:  37 bond rmsd: 0.001560
  step:  38 bond rmsd: 0.001563
  step:  39 bond rmsd: 0.001566
  step:  40 bond rmsd: 0.001567
  step:  41 bond rmsd: 0.001571
  step:  42 bond rmsd: 0.001571
  step:  43 bond rmsd: 0.001572
  step:  44 bond rmsd: 0.001572
  step:  45 bond rmsd: 0.001571
  step:  46 bond rmsd: 0.001571
  step:  47 bond rmsd: 0.001569
  step:  48 bond rmsd: 0.001566
  step:  49 bond rmsd: 0.001563
  step:  50 bond rmsd: 0.001558
  step:  51 bond rmsd: 0.001553
  step:  52 bond rmsd: 0.001546
micro_cycle  39 rmsd(b):  0.0015 rws:  1.000 n_fev: 2035
  step:   1 bond rmsd: 0.001546
  step:   2 bond rmsd: 0.062057
  step:   3 bond rmsd: 0.001556
  step:   4 bond rmsd: 0.001551
  step:   5 bond rmsd: 0.001548
  step:   6 bond rmsd: 0.001546
  step:   7 bond rmsd: 0.001545
  step:   8 bond rmsd: 0.001544
  step:   9 bond rmsd: 0.001543
  step:  10 bond rmsd: 0.001543
  step:  11 bond rmsd: 0.001542
  step:  12 bond rmsd: 0.001542
  step:  13 bond rmsd: 0.001542
  step:  14 bond rmsd: 0.001541
  step:  15 bond rmsd: 0.001541
  step:  16 bond rmsd: 0.001540
  step:  17 bond rmsd: 0.001540
  step:  18 bond rmsd: 0.001539
  step:  19 bond rmsd: 0.001538
  step:  20 bond rmsd: 0.001536
  step:  21 bond rmsd: 0.001533
  step:  22 bond rmsd: 0.001531
  step:  23 bond rmsd: 0.001529
  step:  24 bond rmsd: 0.001527
  step:  25 bond rmsd: 0.001526
  step:  26 bond rmsd: 0.001525
  step:  27 bond rmsd: 0.001524
  step:  28 bond rmsd: 0.001524
  step:  29 bond rmsd: 0.001523
  step:  30 bond rmsd: 0.001522
  step:  31 bond rmsd: 0.001522
  step:  32 bond rmsd: 0.001522
  step:  33 bond rmsd: 0.001522
  step:  34 bond rmsd: 0.001522
  step:  35 bond rmsd: 0.001521
  step:  36 bond rmsd: 0.001521
  step:  37 bond rmsd: 0.001521
  step:  38 bond rmsd: 0.001521
  step:  39 bond rmsd: 0.001521
  step:  40 bond rmsd: 0.001522
  step:  41 bond rmsd: 0.001522
  step:  42 bond rmsd: 0.001521
  step:  43 bond rmsd: 0.001521
  step:  44 bond rmsd: 0.001518
  step:  45 bond rmsd: 0.001519
  step:  46 bond rmsd: 0.001519
  step:  47 bond rmsd: 0.001520
  step:  48 bond rmsd: 0.001521
  step:  49 bond rmsd: 0.001520
  step:  50 bond rmsd: 0.001521
  step:  51 bond rmsd: 0.001520
  step:  52 bond rmsd: 0.001522
micro_cycle  40 rmsd(b):  0.0015 rws:  1.000 n_fev: 2087
  step:   1 bond rmsd: 0.001522
  step:   2 bond rmsd: 0.060810
  step:   3 bond rmsd: 0.002074
  step:   4 bond rmsd: 0.001872
  step:   5 bond rmsd: 0.001734
  step:   6 bond rmsd: 0.001644
  step:   7 bond rmsd: 0.001586
  step:   8 bond rmsd: 0.001551
  step:   9 bond rmsd: 0.001530
  step:  10 bond rmsd: 0.001518
  step:  11 bond rmsd: 0.001511
  step:  12 bond rmsd: 0.001508
  step:  13 bond rmsd: 0.001507
  step:  14 bond rmsd: 0.001507
  step:  15 bond rmsd: 0.001507
  step:  16 bond rmsd: 0.001508
  step:  17 bond rmsd: 0.001509
  step:  18 bond rmsd: 0.001509
  step:  19 bond rmsd: 0.001510
  step:  20 bond rmsd: 0.001511
  step:  21 bond rmsd: 0.001511
  step:  22 bond rmsd: 0.001512
  step:  23 bond rmsd: 0.001512
  step:  24 bond rmsd: 0.001513
  step:  25 bond rmsd: 0.001513
  step:  26 bond rmsd: 0.001514
  step:  27 bond rmsd: 0.001514
  step:  28 bond rmsd: 0.001513
  step:  29 bond rmsd: 0.001512
  step:  30 bond rmsd: 0.001508
  step:  31 bond rmsd: 0.001507
  step:  32 bond rmsd: 0.001507
  step:  33 bond rmsd: 0.001497
  step:  34 bond rmsd: 0.001497
  step:  35 bond rmsd: 0.001498
  step:  36 bond rmsd: 0.001500
  step:  37 bond rmsd: 0.001501
  step:  38 bond rmsd: 0.001502
  step:  39 bond rmsd: 0.001504
  step:  40 bond rmsd: 0.001505
  step:  41 bond rmsd: 0.001507
  step:  42 bond rmsd: 0.001508
  step:  43 bond rmsd: 0.001509
  step:  44 bond rmsd: 0.001511
  step:  45 bond rmsd: 0.001512
  step:  46 bond rmsd: 0.001514
  step:  47 bond rmsd: 0.001524
  step:  48 bond rmsd: 0.001525
  step:  49 bond rmsd: 0.001526
  step:  50 bond rmsd: 0.001528
  step:  51 bond rmsd: 0.001529
  step:  52 bond rmsd: 0.001530
  step:  53 bond rmsd: 0.001530
micro_cycle  41 rmsd(b):  0.0015 rws:  1.000 n_fev: 2140
  step:   1 bond rmsd: 0.001530
  step:   2 bond rmsd: 0.058812
  step:   3 bond rmsd: 0.001522
  step:   4 bond rmsd: 0.001523
  step:   5 bond rmsd: 0.001524
  step:   6 bond rmsd: 0.001525
  step:   7 bond rmsd: 0.001525
  step:   8 bond rmsd: 0.001526
  step:   9 bond rmsd: 0.001526
  step:  10 bond rmsd: 0.001527
  step:  11 bond rmsd: 0.001527
  step:  12 bond rmsd: 0.001528
  step:  13 bond rmsd: 0.001528
  step:  14 bond rmsd: 0.001528
  step:  15 bond rmsd: 0.001528
  step:  16 bond rmsd: 0.001529
  step:  17 bond rmsd: 0.001529
  step:  18 bond rmsd: 0.001529
  step:  19 bond rmsd: 0.001530
  step:  20 bond rmsd: 0.001530
  step:  21 bond rmsd: 0.001530
  step:  22 bond rmsd: 0.001530
  step:  23 bond rmsd: 0.001529
  step:  24 bond rmsd: 0.001529
  step:  25 bond rmsd: 0.001528
  step:  26 bond rmsd: 0.001527
  step:  27 bond rmsd: 0.001526
  step:  28 bond rmsd: 0.001525
  step:  29 bond rmsd: 0.001525
  step:  30 bond rmsd: 0.001522
  step:  31 bond rmsd: 0.001522
  step:  32 bond rmsd: 0.001525
  step:  33 bond rmsd: 0.001524
  step:  34 bond rmsd: 0.001524
  step:  35 bond rmsd: 0.001521
  step:  36 bond rmsd: 0.001514
  step:  37 bond rmsd: 0.001508
  step:  38 bond rmsd: 0.001504
  step:  39 bond rmsd: 0.001499
  step:  40 bond rmsd: 0.001494
  step:  41 bond rmsd: 0.001491
  step:  42 bond rmsd: 0.001486
  step:  43 bond rmsd: 0.001482
  step:  44 bond rmsd: 0.001478
  step:  45 bond rmsd: 0.001473
  step:  46 bond rmsd: 0.001467
  step:  47 bond rmsd: 0.001461
  step:  48 bond rmsd: 0.001454
  step:  49 bond rmsd: 0.001451
  step:  50 bond rmsd: 0.001448
  step:  51 bond rmsd: 0.001448
  step:  52 bond rmsd: 0.001445
micro_cycle  42 rmsd(b):  0.0014 rws:  1.000 n_fev: 2192
  step:   1 bond rmsd: 0.001445
  step:   2 bond rmsd: 0.041126
  step:   3 bond rmsd: 0.001529
  step:   4 bond rmsd: 0.001491
  step:   5 bond rmsd: 0.001468
  step:   6 bond rmsd: 0.001454
  step:   7 bond rmsd: 0.001446
  step:   8 bond rmsd: 0.001443
  step:   9 bond rmsd: 0.001441
  step:  10 bond rmsd: 0.001441
  step:  11 bond rmsd: 0.001442
  step:  12 bond rmsd: 0.001443
  step:  13 bond rmsd: 0.001445
  step:  14 bond rmsd: 0.001446
  step:  15 bond rmsd: 0.001448
  step:  16 bond rmsd: 0.001449
  step:  17 bond rmsd: 0.001451
  step:  18 bond rmsd: 0.001453
  step:  19 bond rmsd: 0.001455
  step:  20 bond rmsd: 0.001457
  step:  21 bond rmsd: 0.001461
  step:  22 bond rmsd: 0.001465
  step:  23 bond rmsd: 0.001470
  step:  24 bond rmsd: 0.001475
  step:  25 bond rmsd: 0.001479
  step:  26 bond rmsd: 0.001484
  step:  27 bond rmsd: 0.001487
  step:  28 bond rmsd: 0.001492
  step:  29 bond rmsd: 0.001495
  step:  30 bond rmsd: 0.001500
  step:  31 bond rmsd: 0.001502
  step:  32 bond rmsd: 0.001505
  step:  33 bond rmsd: 0.001508
  step:  34 bond rmsd: 0.001510
  step:  35 bond rmsd: 0.001515
  step:  36 bond rmsd: 0.001517
  step:  37 bond rmsd: 0.001514
  step:  38 bond rmsd: 0.001517
  step:  39 bond rmsd: 0.001518
  step:  40 bond rmsd: 0.001519
  step:  41 bond rmsd: 0.001520
  step:  42 bond rmsd: 0.001521
  step:  43 bond rmsd: 0.001521
  step:  44 bond rmsd: 0.001522
  step:  45 bond rmsd: 0.001523
  step:  46 bond rmsd: 0.001523
  step:  47 bond rmsd: 0.001524
  step:  48 bond rmsd: 0.001525
  step:  49 bond rmsd: 0.001526
  step:  50 bond rmsd: 0.001527
  step:  51 bond rmsd: 0.001528
  step:  52 bond rmsd: 0.001529
micro_cycle  43 rmsd(b):  0.0015 rws:  1.000 n_fev: 2244
  step:   1 bond rmsd: 0.001529
  step:   2 bond rmsd: 0.034507
  step:   3 bond rmsd: 0.001532
  step:   4 bond rmsd: 0.001532
  step:   5 bond rmsd: 0.001531
  step:   6 bond rmsd: 0.001531
  step:   7 bond rmsd: 0.001530
  step:   8 bond rmsd: 0.001530
  step:   9 bond rmsd: 0.001530
  step:  10 bond rmsd: 0.001530
  step:  11 bond rmsd: 0.001530
  step:  12 bond rmsd: 0.001529
  step:  13 bond rmsd: 0.001529
  step:  14 bond rmsd: 0.001529
  step:  15 bond rmsd: 0.001529
  step:  16 bond rmsd: 0.001529
  step:  17 bond rmsd: 0.001529
  step:  18 bond rmsd: 0.001529
  step:  19 bond rmsd: 0.001530
  step:  20 bond rmsd: 0.001530
  step:  21 bond rmsd: 0.001529
  step:  22 bond rmsd: 0.001529
  step:  23 bond rmsd: 0.001529
  step:  24 bond rmsd: 0.001530
  step:  25 bond rmsd: 0.001530
  step:  26 bond rmsd: 0.001530
  step:  27 bond rmsd: 0.001528
  step:  28 bond rmsd: 0.001526
  step:  29 bond rmsd: 0.001525
  step:  30 bond rmsd: 0.001522
  step:  31 bond rmsd: 0.001520
  step:  32 bond rmsd: 0.001516
  step:  33 bond rmsd: 0.001513
  step:  34 bond rmsd: 0.001509
  step:  35 bond rmsd: 0.001506
  step:  36 bond rmsd: 0.001504
  step:  37 bond rmsd: 0.001496
  step:  38 bond rmsd: 0.001494
  step:  39 bond rmsd: 0.001490
  step:  40 bond rmsd: 0.001487
  step:  41 bond rmsd: 0.001482
  step:  42 bond rmsd: 0.001481
  step:  43 bond rmsd: 0.001478
  step:  44 bond rmsd: 0.001472
  step:  45 bond rmsd: 0.001469
  step:  46 bond rmsd: 0.001466
  step:  47 bond rmsd: 0.001467
  step:  48 bond rmsd: 0.001465
  step:  49 bond rmsd: 0.001464
  step:  50 bond rmsd: 0.001460
  step:  51 bond rmsd: 0.001461
  step:  52 bond rmsd: 0.001462
micro_cycle  44 rmsd(b):  0.0015 rws:  1.000 n_fev: 2296
  step:   1 bond rmsd: 0.001462
  step:   2 bond rmsd: 0.065233
  step:   3 bond rmsd: 0.001680
  step:   4 bond rmsd: 0.001617
  step:   5 bond rmsd: 0.001573
  step:   6 bond rmsd: 0.001542
  step:   7 bond rmsd: 0.001521
  step:   8 bond rmsd: 0.001506
  step:   9 bond rmsd: 0.001495
  step:  10 bond rmsd: 0.001488
  step:  11 bond rmsd: 0.001482
  step:  12 bond rmsd: 0.001479
  step:  13 bond rmsd: 0.001476
  step:  14 bond rmsd: 0.001473
  step:  15 bond rmsd: 0.001472
  step:  16 bond rmsd: 0.001471
  step:  17 bond rmsd: 0.001470
  step:  18 bond rmsd: 0.001469
  step:  19 bond rmsd: 0.001468
  step:  20 bond rmsd: 0.001468
  step:  21 bond rmsd: 0.001468
  step:  22 bond rmsd: 0.001469
  step:  23 bond rmsd: 0.001471
  step:  24 bond rmsd: 0.001474
  step:  25 bond rmsd: 0.001483
  step:  26 bond rmsd: 0.001487
  step:  27 bond rmsd: 0.001491
  step:  28 bond rmsd: 0.001496
  step:  29 bond rmsd: 0.001503
  step:  30 bond rmsd: 0.001507
  step:  31 bond rmsd: 0.001510
  step:  32 bond rmsd: 0.001514
  step:  33 bond rmsd: 0.001516
  step:  34 bond rmsd: 0.001520
  step:  35 bond rmsd: 0.001522
  step:  36 bond rmsd: 0.001524
  step:  37 bond rmsd: 0.001527
  step:  38 bond rmsd: 0.001529
  step:  39 bond rmsd: 0.001535
  step:  40 bond rmsd: 0.001536
  step:  41 bond rmsd: 0.001537
  step:  42 bond rmsd: 0.001537
  step:  43 bond rmsd: 0.001538
  step:  44 bond rmsd: 0.001539
  step:  45 bond rmsd: 0.001539
  step:  46 bond rmsd: 0.001539
  step:  47 bond rmsd: 0.001539
  step:  48 bond rmsd: 0.001540
  step:  49 bond rmsd: 0.001540
  step:  50 bond rmsd: 0.001541
  step:  51 bond rmsd: 0.001541
  step:  52 bond rmsd: 0.001541
micro_cycle  45 rmsd(b):  0.0015 rws:  1.000 n_fev: 2348
  step:   1 bond rmsd: 0.001541
  step:   2 bond rmsd: 0.048114
  step:   3 bond rmsd: 0.001541
  step:   4 bond rmsd: 0.001541
  step:   5 bond rmsd: 0.001541
  step:   6 bond rmsd: 0.001541
  step:   7 bond rmsd: 0.001541
  step:   8 bond rmsd: 0.001541
  step:   9 bond rmsd: 0.001541
  step:  10 bond rmsd: 0.001540
  step:  11 bond rmsd: 0.001540
  step:  12 bond rmsd: 0.001540
  step:  13 bond rmsd: 0.001540
  step:  14 bond rmsd: 0.001540
  step:  15 bond rmsd: 0.001540
  step:  16 bond rmsd: 0.001540
  step:  17 bond rmsd: 0.001539
  step:  18 bond rmsd: 0.001539
  step:  19 bond rmsd: 0.001538
  step:  20 bond rmsd: 0.001536
  step:  21 bond rmsd: 0.001534
  step:  22 bond rmsd: 0.001533
  step:  23 bond rmsd: 0.001527
  step:  24 bond rmsd: 0.001527
  step:  25 bond rmsd: 0.001525
  step:  26 bond rmsd: 0.001524
  step:  27 bond rmsd: 0.001522
  step:  28 bond rmsd: 0.001521
  step:  29 bond rmsd: 0.001519
  step:  30 bond rmsd: 0.001518
  step:  31 bond rmsd: 0.001517
  step:  32 bond rmsd: 0.001515
  step:  33 bond rmsd: 0.001514
  step:  34 bond rmsd: 0.001512
  step:  35 bond rmsd: 0.001511
  step:  36 bond rmsd: 0.001509
  step:  37 bond rmsd: 0.001508
  step:  38 bond rmsd: 0.001506
  step:  39 bond rmsd: 0.001504
  step:  40 bond rmsd: 0.001502
  step:  41 bond rmsd: 0.001501
  step:  42 bond rmsd: 0.001497
  step:  43 bond rmsd: 0.001496
  step:  44 bond rmsd: 0.001493
  step:  45 bond rmsd: 0.001491
  step:  46 bond rmsd: 0.001490
  step:  47 bond rmsd: 0.001487
  step:  48 bond rmsd: 0.001484
  step:  49 bond rmsd: 0.001484
  step:  50 bond rmsd: 0.001482
  step:  51 bond rmsd: 0.001479
  step:  52 bond rmsd: 0.001474
  step:  53 bond rmsd: 0.001470
micro_cycle  46 rmsd(b):  0.0015 rws:  1.000 n_fev: 2401
  step:   1 bond rmsd: 0.001470
  step:   2 bond rmsd: 0.044579
  step:   3 bond rmsd: 0.001584
  step:   4 bond rmsd: 0.001531
  step:   5 bond rmsd: 0.001498
  step:   6 bond rmsd: 0.001479
  step:   7 bond rmsd: 0.001468
  step:   8 bond rmsd: 0.001462
  step:   9 bond rmsd: 0.001460
  step:  10 bond rmsd: 0.001459
  step:  11 bond rmsd: 0.001460
  step:  12 bond rmsd: 0.001460
  step:  13 bond rmsd: 0.001462
  step:  14 bond rmsd: 0.001463
  step:  15 bond rmsd: 0.001464
  step:  16 bond rmsd: 0.001465
  step:  17 bond rmsd: 0.001467
  step:  18 bond rmsd: 0.001468
  step:  19 bond rmsd: 0.001469
  step:  20 bond rmsd: 0.001470
  step:  21 bond rmsd: 0.001472
  step:  22 bond rmsd: 0.001473
  step:  23 bond rmsd: 0.001476
  step:  24 bond rmsd: 0.001478
  step:  25 bond rmsd: 0.001480
  step:  26 bond rmsd: 0.001483
  step:  27 bond rmsd: 0.001486
  step:  28 bond rmsd: 0.001490
  step:  29 bond rmsd: 0.001493
  step:  30 bond rmsd: 0.001496
  step:  31 bond rmsd: 0.001500
  step:  32 bond rmsd: 0.001502
  step:  33 bond rmsd: 0.001505
  step:  34 bond rmsd: 0.001509
  step:  35 bond rmsd: 0.001512
  step:  36 bond rmsd: 0.001515
  step:  37 bond rmsd: 0.001519
  step:  38 bond rmsd: 0.001522
  step:  39 bond rmsd: 0.001526
  step:  40 bond rmsd: 0.001527
  step:  41 bond rmsd: 0.001530
  step:  42 bond rmsd: 0.001532
  step:  43 bond rmsd: 0.001534
  step:  44 bond rmsd: 0.001535
  step:  45 bond rmsd: 0.001536
  step:  46 bond rmsd: 0.001537
  step:  47 bond rmsd: 0.001537
  step:  48 bond rmsd: 0.001537
  step:  49 bond rmsd: 0.001536
  step:  50 bond rmsd: 0.001537
  step:  51 bond rmsd: 0.001536
  step:  52 bond rmsd: 0.001536
micro_cycle  47 rmsd(b):  0.0015 rws:  1.000 n_fev: 2453
  step:   1 bond rmsd: 0.001536
  step:   2 bond rmsd: 0.050467
  step:   3 bond rmsd: 0.001544
  step:   4 bond rmsd: 0.001542
  step:   5 bond rmsd: 0.001541
  step:   6 bond rmsd: 0.001540
  step:   7 bond rmsd: 0.001539
  step:   8 bond rmsd: 0.001539
  step:   9 bond rmsd: 0.001538
  step:  10 bond rmsd: 0.001538
  step:  11 bond rmsd: 0.001538
  step:  12 bond rmsd: 0.001537
  step:  13 bond rmsd: 0.001537
  step:  14 bond rmsd: 0.001537
  step:  15 bond rmsd: 0.001537
  step:  16 bond rmsd: 0.001536
  step:  17 bond rmsd: 0.001536
  step:  18 bond rmsd: 0.001536
  step:  19 bond rmsd: 0.001535
  step:  20 bond rmsd: 0.001534
  step:  21 bond rmsd: 0.001534
  step:  22 bond rmsd: 0.001533
  step:  23 bond rmsd: 0.001532
  step:  24 bond rmsd: 0.001531
  step:  25 bond rmsd: 0.001534
  step:  26 bond rmsd: 0.001534
  step:  27 bond rmsd: 0.001532
  step:  28 bond rmsd: 0.001530
  step:  29 bond rmsd: 0.001528
  step:  30 bond rmsd: 0.001526
  step:  31 bond rmsd: 0.001524
  step:  32 bond rmsd: 0.001522
  step:  33 bond rmsd: 0.001520
  step:  34 bond rmsd: 0.001518
  step:  35 bond rmsd: 0.001516
  step:  36 bond rmsd: 0.001511
  step:  37 bond rmsd: 0.001509
  step:  38 bond rmsd: 0.001507
  step:  39 bond rmsd: 0.001504
  step:  40 bond rmsd: 0.001502
  step:  41 bond rmsd: 0.001500
  step:  42 bond rmsd: 0.001498
  step:  43 bond rmsd: 0.001496
  step:  44 bond rmsd: 0.001495
  step:  45 bond rmsd: 0.001493
  step:  46 bond rmsd: 0.001492
  step:  47 bond rmsd: 0.001492
  step:  48 bond rmsd: 0.001490
  step:  49 bond rmsd: 0.001489
  step:  50 bond rmsd: 0.001487
  step:  51 bond rmsd: 0.001486
  step:  52 bond rmsd: 0.001486
  step:  53 bond rmsd: 0.001483
micro_cycle  48 rmsd(b):  0.0015 rws:  1.000 n_fev: 2506
  step:   1 bond rmsd: 0.001483
  step:   2 bond rmsd: 0.082739
  step:   3 bond rmsd: 0.001628
  step:   4 bond rmsd: 0.001585
  step:   5 bond rmsd: 0.001555
  step:   6 bond rmsd: 0.001535
  step:   7 bond rmsd: 0.001521
  step:   8 bond rmsd: 0.001511
  step:   9 bond rmsd: 0.001505
  step:  10 bond rmsd: 0.001500
  step:  11 bond rmsd: 0.001496
  step:  12 bond rmsd: 0.001494
  step:  13 bond rmsd: 0.001492
  step:  14 bond rmsd: 0.001491
  step:  15 bond rmsd: 0.001490
  step:  16 bond rmsd: 0.001489
  step:  17 bond rmsd: 0.001488
  step:  18 bond rmsd: 0.001488
  step:  19 bond rmsd: 0.001487
  step:  20 bond rmsd: 0.001487
  step:  21 bond rmsd: 0.001487
  step:  22 bond rmsd: 0.001488
  step:  23 bond rmsd: 0.001488
  step:  24 bond rmsd: 0.001490
  step:  25 bond rmsd: 0.001493
  step:  26 bond rmsd: 0.001495
  step:  27 bond rmsd: 0.001498
  step:  28 bond rmsd: 0.001501
  step:  29 bond rmsd: 0.001503
  step:  30 bond rmsd: 0.001505
  step:  31 bond rmsd: 0.001507
  step:  32 bond rmsd: 0.001509
  step:  33 bond rmsd: 0.001512
  step:  34 bond rmsd: 0.001514
  step:  35 bond rmsd: 0.001516
  step:  36 bond rmsd: 0.001519
  step:  37 bond rmsd: 0.001522
  step:  38 bond rmsd: 0.001525
  step:  39 bond rmsd: 0.001528
  step:  40 bond rmsd: 0.001531
  step:  41 bond rmsd: 0.001533
  step:  42 bond rmsd: 0.001535
  step:  43 bond rmsd: 0.001536
  step:  44 bond rmsd: 0.001537
  step:  45 bond rmsd: 0.001539
  step:  46 bond rmsd: 0.001540
  step:  47 bond rmsd: 0.001541
  step:  48 bond rmsd: 0.001542
  step:  49 bond rmsd: 0.001542
  step:  50 bond rmsd: 0.001543
  step:  51 bond rmsd: 0.001543
  step:  52 bond rmsd: 0.001543
micro_cycle  49 rmsd(b):  0.0015 rws:  1.000 n_fev: 2558
  step:   1 bond rmsd: 0.001543
  step:   2 bond rmsd: 0.041949
  step:   3 bond rmsd: 0.001539
  step:   4 bond rmsd: 0.001539
  step:   5 bond rmsd: 0.001540
  step:   6 bond rmsd: 0.001540
  step:   7 bond rmsd: 0.001541
  step:   8 bond rmsd: 0.001541
  step:   9 bond rmsd: 0.001541
  step:  10 bond rmsd: 0.001541
  step:  11 bond rmsd: 0.001542
  step:  12 bond rmsd: 0.001542
  step:  13 bond rmsd: 0.001542
  step:  14 bond rmsd: 0.001542
  step:  15 bond rmsd: 0.001542
  step:  16 bond rmsd: 0.001542
  step:  17 bond rmsd: 0.001542
  step:  18 bond rmsd: 0.001541
  step:  19 bond rmsd: 0.001539
  step:  20 bond rmsd: 0.001538
  step:  21 bond rmsd: 0.001537
  step:  22 bond rmsd: 0.001532
  step:  23 bond rmsd: 0.001531
  step:  24 bond rmsd: 0.001530
  step:  25 bond rmsd: 0.001528
  step:  26 bond rmsd: 0.001526
  step:  27 bond rmsd: 0.001524
  step:  28 bond rmsd: 0.001521
  step:  29 bond rmsd: 0.001519
  step:  30 bond rmsd: 0.001516
  step:  31 bond rmsd: 0.001513
  step:  32 bond rmsd: 0.001510
  step:  33 bond rmsd: 0.001508
  step:  34 bond rmsd: 0.001506
  step:  35 bond rmsd: 0.001504
  step:  36 bond rmsd: 0.001502
  step:  37 bond rmsd: 0.001501
  step:  38 bond rmsd: 0.001500
  step:  39 bond rmsd: 0.001498
  step:  40 bond rmsd: 0.001498
  step:  41 bond rmsd: 0.001497
  step:  42 bond rmsd: 0.001497
  step:  43 bond rmsd: 0.001495
  step:  44 bond rmsd: 0.001495
  step:  45 bond rmsd: 0.001494
  step:  46 bond rmsd: 0.001494
  step:  47 bond rmsd: 0.001494
  step:  48 bond rmsd: 0.001494
  step:  49 bond rmsd: 0.001496
  step:  50 bond rmsd: 0.001493
  step:  51 bond rmsd: 0.001496
  step:  52 bond rmsd: 0.001501
micro_cycle  50 rmsd(b):  0.0015 rws:  1.000 n_fev: 2610
See 4_refined.pdb in pdb folder.
Time: 39.9471
