Starting Q|R
Running refinement
   input {
     xray_data {
       file_name = None
       labels = None
       high_resolution = None
       low_resolution = None
       outliers_rejection = True
       french_wilson_scale = True
       french_wilson {
         max_bins = 60
         min_bin_size = 40
       }
       sigma_fobs_rejection_criterion = None
       sigma_iobs_rejection_criterion = None
       ignore_all_zeros = True
       force_anomalous_flag_to_be_equal_to = None
       convert_to_non_anomalous_if_ratio_pairs_lone_less_than_threshold = 0.5
       r_free_flags {
         file_name = None
         label = None
         test_flag_value = None
         ignore_r_free_flags = False
         disable_suitability_test = False
         ignore_pdb_hexdigest = False
         generate = False
         fraction = 0.1
         max_free = 2000
         lattice_symmetry_max_delta = 5
         use_lattice_symmetry = True
         use_dataman_shells = False
         n_shells = 20
       }
     }
     pdb {
       file_name = None
     }
     monomers {
       file_name = None
     }
     maps {
       map_file_name = None
       d_min = None
       map_coefficients_file_name = None
       map_coefficients_label = None
     }
     sequence = None
     scattering_table = wk1995 it1992 *n_gaussian neutron electron
     wavelength = None
     energy = None
     twin_law = Auto
   }
   max_atoms = 15000
   debug = False
   cluster {
     charge_cutoff = 8.0
     clustering = false
     charge_embedding = False
     two_buffers = False
     maxnum_residues_in_cluster = 15
     clustering_method = gnc *bcc
     altloc_method = *average subtract
   }
   restraints = *cctbx qm
   quantum {
     engine_name = *mopac ani torchani terachem turbomole pyscf orca gaussian \
                   xtb
     charge = None
     basis = Auto
     method = Auto
     memory = None
     nproc = None
     qm_addon = gcp dftd3 gcp-d3
     qm_addon_method = None
   }
   refine {
     dry_run = False
     sf_algorithm = *direct fft
     refinement_target_name = *ml ls_wunit_k1
     mode = *opt refine
     number_of_macro_cycles = 1
     number_of_weight_search_cycles = 50
     number_of_refine_cycles = 5
     number_of_micro_cycles = 50
     data_weight = None
     choose_best_use_r_work = False
     skip_initial_weight_optimization = False
     adjust_restraints_weight_scale_value = 2
     max_iterations_weight = 50
     max_iterations_refine = 50
     use_ase_lbfgs = False
     line_search = True
     stpmax = 0.2
     gradient_only = true
     update_all_scales = True
     refine_sites = True
     refine_adp = False
     restraints_weight_scale = 1.0
     shake_sites = False
     use_convergence_test = true
     max_bond_rmsd = 0.03
     max_r_work_r_free_gap = 5.0
     r_tolerance = 0.001
     rmsd_tolerance = 0.001
     opt_log = False
     pre_opt = False
     pre_opt_stpmax = 0.1
     pre_opt_iter = 10
     pre_opt_switch = 2
     pre_opt_gconv = 3000
   }
   parallel {
     method = *multiprocessing slurm pbs sge lsf threading
     nproc = None
     qsub_command = None
   }
   output_file_name_prefix = None
   output_folder_name = "pdb"
   shared_disk = True
   rst_file = None
   dump_gradients = None

Setting QM defaults
  Setting QM method to PM7


***********************************************************
restart info will be stored in /home/lum/3nir/cctbx_opt/pdb/5.rst.pickle
***********************************************************

start   0 rmsd(b):  0.0185 rws:  1.000 n_fev: 0
  step:   1 bond rmsd: 0.018488
  step:   2 bond rmsd: 0.083213
  step:   3 bond rmsd: 0.093026
  step:   4 bond rmsd: 0.075417
  step:   5 bond rmsd: 0.061037
  step:   6 bond rmsd: 0.049607
  step:   7 bond rmsd: 0.040491
  step:   8 bond rmsd: 0.033240
  step:   9 bond rmsd: 0.027479
  step:  10 bond rmsd: 0.022923
  step:  11 bond rmsd: 0.019340
  step:  12 bond rmsd: 0.016545
  step:  13 bond rmsd: 0.014383
  step:  14 bond rmsd: 0.012724
  step:  15 bond rmsd: 0.011457
  step:  16 bond rmsd: 0.010490
  step:  17 bond rmsd: 0.009744
  step:  18 bond rmsd: 0.009155
  step:  19 bond rmsd: 0.008672
  step:  20 bond rmsd: 0.008250
  step:  21 bond rmsd: 0.007849
  step:  22 bond rmsd: 0.007426
  step:  23 bond rmsd: 0.006922
  step:  24 bond rmsd: 0.006240
  step:  25 bond rmsd: 0.005522
  step:  26 bond rmsd: 0.004753
  step:  27 bond rmsd: 0.004400
  step:  28 bond rmsd: 0.004017
  step:  29 bond rmsd: 0.003828
  step:  30 bond rmsd: 0.003724
  step:  31 bond rmsd: 0.003650
  step:  32 bond rmsd: 0.003611
  step:  33 bond rmsd: 0.003612
  step:  34 bond rmsd: 0.003595
  step:  35 bond rmsd: 0.003583
  step:  36 bond rmsd: 0.003580
  step:  37 bond rmsd: 0.003548
  step:  38 bond rmsd: 0.003571
  step:  39 bond rmsd: 0.003536
  step:  40 bond rmsd: 0.003503
  step:  41 bond rmsd: 0.003448
  step:  42 bond rmsd: 0.003396
  step:  43 bond rmsd: 0.003304
  step:  44 bond rmsd: 0.003233
  step:  45 bond rmsd: 0.003153
  step:  46 bond rmsd: 0.003066
  step:  47 bond rmsd: 0.002997
  step:  48 bond rmsd: 0.002894
  step:  49 bond rmsd: 0.002832
  step:  50 bond rmsd: 0.002729
  step:  51 bond rmsd: 0.002677
  step:  52 bond rmsd: 0.002607
micro_cycle   1 rmsd(b):  0.0026 rws:  1.000 n_fev: 52
  step:   1 bond rmsd: 0.002607
  step:   2 bond rmsd: 0.049562
  step:   3 bond rmsd: 0.049562
  step:   4 bond rmsd: 0.039569
  step:   5 bond rmsd: 0.031531
  step:   6 bond rmsd: 0.025201
  step:   7 bond rmsd: 0.020202
  step:   8 bond rmsd: 0.016243
  step:   9 bond rmsd: 0.013106
  step:  10 bond rmsd: 0.010624
  step:  11 bond rmsd: 0.008666
  step:  12 bond rmsd: 0.007130
  step:  13 bond rmsd: 0.005933
  step:  14 bond rmsd: 0.005011
  step:  15 bond rmsd: 0.004310
  step:  16 bond rmsd: 0.003786
  step:  17 bond rmsd: 0.003402
  step:  18 bond rmsd: 0.003124
  step:  19 bond rmsd: 0.002927
  step:  20 bond rmsd: 0.002789
  step:  21 bond rmsd: 0.002692
  step:  22 bond rmsd: 0.002624
  step:  23 bond rmsd: 0.002576
  step:  24 bond rmsd: 0.002542
  step:  25 bond rmsd: 0.002517
  step:  26 bond rmsd: 0.002499
  step:  27 bond rmsd: 0.002484
  step:  28 bond rmsd: 0.002473
  step:  29 bond rmsd: 0.002462
  step:  30 bond rmsd: 0.002453
  step:  31 bond rmsd: 0.002443
  step:  32 bond rmsd: 0.002432
  step:  33 bond rmsd: 0.002419
  step:  34 bond rmsd: 0.002402
  step:  35 bond rmsd: 0.002370
  step:  36 bond rmsd: 0.002333
  step:  37 bond rmsd: 0.002468
  step:  38 bond rmsd: 0.002435
  step:  39 bond rmsd: 0.002403
  step:  40 bond rmsd: 0.002383
  step:  41 bond rmsd: 0.002344
  step:  42 bond rmsd: 0.002335
  step:  43 bond rmsd: 0.002308
  step:  44 bond rmsd: 0.002293
  step:  45 bond rmsd: 0.002279
  step:  46 bond rmsd: 0.002273
  step:  47 bond rmsd: 0.002301
  step:  48 bond rmsd: 0.002285
  step:  49 bond rmsd: 0.002220
  step:  50 bond rmsd: 0.002168
  step:  51 bond rmsd: 0.002115
  step:  52 bond rmsd: 0.002062
micro_cycle   2 rmsd(b):  0.0021 rws:  1.000 n_fev: 104
  step:   1 bond rmsd: 0.002062
  step:   2 bond rmsd: 0.067274
  step:   3 bond rmsd: 0.007929
  step:   4 bond rmsd: 0.006421
  step:   5 bond rmsd: 0.005243
  step:   6 bond rmsd: 0.004329
  step:   7 bond rmsd: 0.003632
  step:   8 bond rmsd: 0.003112
  step:   9 bond rmsd: 0.002734
  step:  10 bond rmsd: 0.002469
  step:  11 bond rmsd: 0.002288
  step:  12 bond rmsd: 0.002169
  step:  13 bond rmsd: 0.002094
  step:  14 bond rmsd: 0.002048
  step:  15 bond rmsd: 0.002020
  step:  16 bond rmsd: 0.002005
  step:  17 bond rmsd: 0.001997
  step:  18 bond rmsd: 0.001994
  step:  19 bond rmsd: 0.001993
  step:  20 bond rmsd: 0.001994
  step:  21 bond rmsd: 0.001996
  step:  22 bond rmsd: 0.001999
  step:  23 bond rmsd: 0.002001
  step:  24 bond rmsd: 0.002004
  step:  25 bond rmsd: 0.002007
  step:  26 bond rmsd: 0.002010
  step:  27 bond rmsd: 0.002011
  step:  28 bond rmsd: 0.002010
  step:  29 bond rmsd: 0.002002
  step:  30 bond rmsd: 0.001971
  step:  31 bond rmsd: 0.001950
  step:  32 bond rmsd: 0.001943
  step:  33 bond rmsd: 0.001933
  step:  34 bond rmsd: 0.001945
  step:  35 bond rmsd: 0.001928
  step:  36 bond rmsd: 0.001930
  step:  37 bond rmsd: 0.001938
  step:  38 bond rmsd: 0.001940
  step:  39 bond rmsd: 0.001943
  step:  40 bond rmsd: 0.001946
  step:  41 bond rmsd: 0.001944
  step:  42 bond rmsd: 0.001996
  step:  43 bond rmsd: 0.001991
  step:  44 bond rmsd: 0.001991
  step:  45 bond rmsd: 0.001983
  step:  46 bond rmsd: 0.001987
  step:  47 bond rmsd: 0.001998
  step:  48 bond rmsd: 0.002005
  step:  49 bond rmsd: 0.002023
  step:  50 bond rmsd: 0.002067
  step:  51 bond rmsd: 0.002086
  step:  52 bond rmsd: 0.002108
micro_cycle   3 rmsd(b):  0.0021 rws:  1.000 n_fev: 156
  step:   1 bond rmsd: 0.002108
  step:   2 bond rmsd: 0.065567
  step:   3 bond rmsd: 0.053297
  step:   4 bond rmsd: 0.042505
  step:   5 bond rmsd: 0.033768
  step:   6 bond rmsd: 0.026944
  step:   7 bond rmsd: 0.021580
  step:   8 bond rmsd: 0.017342
  step:   9 bond rmsd: 0.013979
  step:  10 bond rmsd: 0.011306
  step:  11 bond rmsd: 0.009180
  step:  12 bond rmsd: 0.007494
  step:  13 bond rmsd: 0.006161
  step:  14 bond rmsd: 0.005115
  step:  15 bond rmsd: 0.004302
  step:  16 bond rmsd: 0.003677
  step:  17 bond rmsd: 0.003205
  step:  18 bond rmsd: 0.002854
  step:  19 bond rmsd: 0.002597
  step:  20 bond rmsd: 0.002413
  step:  21 bond rmsd: 0.002283
  step:  22 bond rmsd: 0.002190
  step:  23 bond rmsd: 0.002126
  step:  24 bond rmsd: 0.002080
  step:  25 bond rmsd: 0.002047
  step:  26 bond rmsd: 0.002023
  step:  27 bond rmsd: 0.002004
  step:  28 bond rmsd: 0.001990
  step:  29 bond rmsd: 0.001977
  step:  30 bond rmsd: 0.001966
  step:  31 bond rmsd: 0.001956
  step:  32 bond rmsd: 0.001945
  step:  33 bond rmsd: 0.001933
  step:  34 bond rmsd: 0.001919
  step:  35 bond rmsd: 0.001900
  step:  36 bond rmsd: 0.001871
  step:  37 bond rmsd: 0.001845
  step:  38 bond rmsd: 0.001832
  step:  39 bond rmsd: 0.001808
  step:  40 bond rmsd: 0.001805
  step:  41 bond rmsd: 0.001804
  step:  42 bond rmsd: 0.001803
  step:  43 bond rmsd: 0.001803
  step:  44 bond rmsd: 0.001805
  step:  45 bond rmsd: 0.001804
  step:  46 bond rmsd: 0.001806
  step:  47 bond rmsd: 0.001804
  step:  48 bond rmsd: 0.001804
  step:  49 bond rmsd: 0.001801
  step:  50 bond rmsd: 0.001799
  step:  51 bond rmsd: 0.001803
  step:  52 bond rmsd: 0.001796
micro_cycle   4 rmsd(b):  0.0018 rws:  1.000 n_fev: 208
  step:   1 bond rmsd: 0.001796
  step:   2 bond rmsd: 0.051472
  step:   3 bond rmsd: 0.003660
  step:   4 bond rmsd: 0.003090
  step:   5 bond rmsd: 0.002668
  step:   6 bond rmsd: 0.002364
  step:   7 bond rmsd: 0.002151
  step:   8 bond rmsd: 0.002008
  step:   9 bond rmsd: 0.001913
  step:  10 bond rmsd: 0.001853
  step:  11 bond rmsd: 0.001816
  step:  12 bond rmsd: 0.001794
  step:  13 bond rmsd: 0.001781
  step:  14 bond rmsd: 0.001773
  step:  15 bond rmsd: 0.001769
  step:  16 bond rmsd: 0.001768
  step:  17 bond rmsd: 0.001767
  step:  18 bond rmsd: 0.001767
  step:  19 bond rmsd: 0.001767
  step:  20 bond rmsd: 0.001768
  step:  21 bond rmsd: 0.001768
  step:  22 bond rmsd: 0.001769
  step:  23 bond rmsd: 0.001769
  step:  24 bond rmsd: 0.001770
  step:  25 bond rmsd: 0.001770
  step:  26 bond rmsd: 0.001769
  step:  27 bond rmsd: 0.001767
  step:  28 bond rmsd: 0.001763
  step:  29 bond rmsd: 0.001754
  step:  30 bond rmsd: 0.001736
  step:  31 bond rmsd: 0.001727
  step:  32 bond rmsd: 0.001722
  step:  33 bond rmsd: 0.001698
  step:  34 bond rmsd: 0.001698
  step:  35 bond rmsd: 0.001697
  step:  36 bond rmsd: 0.001698
  step:  37 bond rmsd: 0.001701
  step:  38 bond rmsd: 0.001706
  step:  39 bond rmsd: 0.001712
  step:  40 bond rmsd: 0.001718
  step:  41 bond rmsd: 0.001726
  step:  42 bond rmsd: 0.001734
  step:  43 bond rmsd: 0.001743
  step:  44 bond rmsd: 0.001755
  step:  45 bond rmsd: 0.001767
  step:  46 bond rmsd: 0.001771
  step:  47 bond rmsd: 0.001785
  step:  48 bond rmsd: 0.001814
  step:  49 bond rmsd: 0.001818
  step:  50 bond rmsd: 0.001823
  step:  51 bond rmsd: 0.001828
  step:  52 bond rmsd: 0.001838
  step:  53 bond rmsd: 0.001850
micro_cycle   5 rmsd(b):  0.0019 rws:  1.000 n_fev: 261
  step:   1 bond rmsd: 0.001850
  step:   2 bond rmsd: 0.054073
  step:   3 bond rmsd: 0.009332
  step:   4 bond rmsd: 0.007573
  step:   5 bond rmsd: 0.006181
  step:   6 bond rmsd: 0.005090
  step:   7 bond rmsd: 0.004241
  step:   8 bond rmsd: 0.003588
  step:   9 bond rmsd: 0.003093
  step:  10 bond rmsd: 0.002723
  step:  11 bond rmsd: 0.002452
  step:  12 bond rmsd: 0.002256
  step:  13 bond rmsd: 0.002117
  step:  14 bond rmsd: 0.002019
  step:  15 bond rmsd: 0.001950
  step:  16 bond rmsd: 0.001901
  step:  17 bond rmsd: 0.001867
  step:  18 bond rmsd: 0.001843
  step:  19 bond rmsd: 0.001825
  step:  20 bond rmsd: 0.001811
  step:  21 bond rmsd: 0.001801
  step:  22 bond rmsd: 0.001793
  step:  23 bond rmsd: 0.001786
  step:  24 bond rmsd: 0.001780
  step:  25 bond rmsd: 0.001775
  step:  26 bond rmsd: 0.001769
  step:  27 bond rmsd: 0.001762
  step:  28 bond rmsd: 0.001753
  step:  29 bond rmsd: 0.001742
  step:  30 bond rmsd: 0.001727
  step:  31 bond rmsd: 0.001710
  step:  32 bond rmsd: 0.001700
  step:  33 bond rmsd: 0.001690
  step:  34 bond rmsd: 0.001691
  step:  35 bond rmsd: 0.001688
  step:  36 bond rmsd: 0.001693
  step:  37 bond rmsd: 0.001695
  step:  38 bond rmsd: 0.001704
  step:  39 bond rmsd: 0.001706
  step:  40 bond rmsd: 0.001708
  step:  41 bond rmsd: 0.001708
  step:  42 bond rmsd: 0.001709
  step:  43 bond rmsd: 0.001712
  step:  44 bond rmsd: 0.001708
  step:  45 bond rmsd: 0.001710
  step:  46 bond rmsd: 0.001709
  step:  47 bond rmsd: 0.001712
  step:  48 bond rmsd: 0.001711
  step:  49 bond rmsd: 0.001714
  step:  50 bond rmsd: 0.001720
  step:  51 bond rmsd: 0.001722
  step:  52 bond rmsd: 0.001724
micro_cycle   6 rmsd(b):  0.0017 rws:  1.000 n_fev: 313
  step:   1 bond rmsd: 0.001724
  step:   2 bond rmsd: 0.053418
  step:   3 bond rmsd: 0.004018
  step:   4 bond rmsd: 0.003409
  step:   5 bond rmsd: 0.002945
  step:   6 bond rmsd: 0.002598
  step:   7 bond rmsd: 0.002341
  step:   8 bond rmsd: 0.002154
  step:   9 bond rmsd: 0.002019
  step:  10 bond rmsd: 0.001923
  step:  11 bond rmsd: 0.001855
  step:  12 bond rmsd: 0.001807
  step:  13 bond rmsd: 0.001773
  step:  14 bond rmsd: 0.001748
  step:  15 bond rmsd: 0.001730
  step:  16 bond rmsd: 0.001716
  step:  17 bond rmsd: 0.001706
  step:  18 bond rmsd: 0.001699
  step:  19 bond rmsd: 0.001693
  step:  20 bond rmsd: 0.001688
  step:  21 bond rmsd: 0.001684
  step:  22 bond rmsd: 0.001681
  step:  23 bond rmsd: 0.001678
  step:  24 bond rmsd: 0.001674
  step:  25 bond rmsd: 0.001671
  step:  26 bond rmsd: 0.001668
  step:  27 bond rmsd: 0.001664
  step:  28 bond rmsd: 0.001660
  step:  29 bond rmsd: 0.001657
  step:  30 bond rmsd: 0.001655
  step:  31 bond rmsd: 0.001650
  step:  32 bond rmsd: 0.001656
  step:  33 bond rmsd: 0.001659
  step:  34 bond rmsd: 0.001668
  step:  35 bond rmsd: 0.001672
  step:  36 bond rmsd: 0.001687
  step:  37 bond rmsd: 0.001690
  step:  38 bond rmsd: 0.001693
  step:  39 bond rmsd: 0.001698
  step:  40 bond rmsd: 0.001700
  step:  41 bond rmsd: 0.001704
  step:  42 bond rmsd: 0.001705
  step:  43 bond rmsd: 0.001710
  step:  44 bond rmsd: 0.001709
  step:  45 bond rmsd: 0.001714
  step:  46 bond rmsd: 0.001721
  step:  47 bond rmsd: 0.001733
  step:  48 bond rmsd: 0.001739
  step:  49 bond rmsd: 0.001759
  step:  50 bond rmsd: 0.001772
  step:  51 bond rmsd: 0.001791
  step:  52 bond rmsd: 0.001815
micro_cycle   7 rmsd(b):  0.0018 rws:  1.000 n_fev: 365
  step:   1 bond rmsd: 0.001815
  step:   2 bond rmsd: 0.090917
  step:   3 bond rmsd: 0.006208
  step:   4 bond rmsd: 0.005072
  step:   5 bond rmsd: 0.004187
  step:   6 bond rmsd: 0.003505
  step:   7 bond rmsd: 0.002990
  step:   8 bond rmsd: 0.002608
  step:   9 bond rmsd: 0.002331
  step:  10 bond rmsd: 0.002136
  step:  11 bond rmsd: 0.002002
  step:  12 bond rmsd: 0.001911
  step:  13 bond rmsd: 0.001850
  step:  14 bond rmsd: 0.001811
  step:  15 bond rmsd: 0.001785
  step:  16 bond rmsd: 0.001767
  step:  17 bond rmsd: 0.001756
  step:  18 bond rmsd: 0.001749
  step:  19 bond rmsd: 0.001744
  step:  20 bond rmsd: 0.001740
  step:  21 bond rmsd: 0.001737
  step:  22 bond rmsd: 0.001735
  step:  23 bond rmsd: 0.001733
  step:  24 bond rmsd: 0.001731
  step:  25 bond rmsd: 0.001728
  step:  26 bond rmsd: 0.001724
  step:  27 bond rmsd: 0.001718
  step:  28 bond rmsd: 0.001709
  step:  29 bond rmsd: 0.001691
  step:  30 bond rmsd: 0.001682
  step:  31 bond rmsd: 0.001667
  step:  32 bond rmsd: 0.001667
  step:  33 bond rmsd: 0.001661
  step:  34 bond rmsd: 0.001662
  step:  35 bond rmsd: 0.001658
  step:  36 bond rmsd: 0.001660
  step:  37 bond rmsd: 0.001658
  step:  38 bond rmsd: 0.001659
  step:  39 bond rmsd: 0.001660
  step:  40 bond rmsd: 0.001659
  step:  41 bond rmsd: 0.001661
  step:  42 bond rmsd: 0.001656
  step:  43 bond rmsd: 0.001656
  step:  44 bond rmsd: 0.001652
  step:  45 bond rmsd: 0.001652
  step:  46 bond rmsd: 0.001650
  step:  47 bond rmsd: 0.001648
  step:  48 bond rmsd: 0.001645
  step:  49 bond rmsd: 0.001642
  step:  50 bond rmsd: 0.001639
  step:  51 bond rmsd: 0.001634
  step:  52 bond rmsd: 0.001632
micro_cycle   8 rmsd(b):  0.0016 rws:  1.000 n_fev: 417
  step:   1 bond rmsd: 0.001632
  step:   2 bond rmsd: 0.053716
  step:   3 bond rmsd: 0.002485
  step:   4 bond rmsd: 0.002192
  step:   5 bond rmsd: 0.001986
  step:   6 bond rmsd: 0.001846
  step:   7 bond rmsd: 0.001754
  step:   8 bond rmsd: 0.001696
  step:   9 bond rmsd: 0.001660
  step:  10 bond rmsd: 0.001638
  step:  11 bond rmsd: 0.001625
  step:  12 bond rmsd: 0.001618
  step:  13 bond rmsd: 0.001615
  step:  14 bond rmsd: 0.001613
  step:  15 bond rmsd: 0.001613
  step:  16 bond rmsd: 0.001614
  step:  17 bond rmsd: 0.001614
  step:  18 bond rmsd: 0.001615
  step:  19 bond rmsd: 0.001616
  step:  20 bond rmsd: 0.001617
  step:  21 bond rmsd: 0.001618
  step:  22 bond rmsd: 0.001619
  step:  23 bond rmsd: 0.001620
  step:  24 bond rmsd: 0.001621
  step:  25 bond rmsd: 0.001622
  step:  26 bond rmsd: 0.001623
  step:  27 bond rmsd: 0.001623
  step:  28 bond rmsd: 0.001619
  step:  29 bond rmsd: 0.001619
  step:  30 bond rmsd: 0.001622
  step:  31 bond rmsd: 0.001617
  step:  32 bond rmsd: 0.001621
  step:  33 bond rmsd: 0.001626
  step:  34 bond rmsd: 0.001632
  step:  35 bond rmsd: 0.001640
  step:  36 bond rmsd: 0.001647
  step:  37 bond rmsd: 0.001655
  step:  38 bond rmsd: 0.001664
  step:  39 bond rmsd: 0.001674
  step:  40 bond rmsd: 0.001684
  step:  41 bond rmsd: 0.001693
  step:  42 bond rmsd: 0.001701
  step:  43 bond rmsd: 0.001710
  step:  44 bond rmsd: 0.001716
  step:  45 bond rmsd: 0.001723
  step:  46 bond rmsd: 0.001724
  step:  47 bond rmsd: 0.001726
  step:  48 bond rmsd: 0.001724
  step:  49 bond rmsd: 0.001723
  step:  50 bond rmsd: 0.001727
  step:  51 bond rmsd: 0.001721
  step:  52 bond rmsd: 0.001722
micro_cycle   9 rmsd(b):  0.0017 rws:  1.000 n_fev: 469
  step:   1 bond rmsd: 0.001722
  step:   2 bond rmsd: 0.044113
  step:   3 bond rmsd: 0.002783
  step:   4 bond rmsd: 0.002464
  step:   5 bond rmsd: 0.002233
  step:   6 bond rmsd: 0.002067
  step:   7 bond rmsd: 0.001951
  step:   8 bond rmsd: 0.001870
  step:   9 bond rmsd: 0.001813
  step:  10 bond rmsd: 0.001774
  step:  11 bond rmsd: 0.001747
  step:  12 bond rmsd: 0.001727
  step:  13 bond rmsd: 0.001713
  step:  14 bond rmsd: 0.001703
  step:  15 bond rmsd: 0.001696
  step:  16 bond rmsd: 0.001691
  step:  17 bond rmsd: 0.001686
  step:  18 bond rmsd: 0.001683
  step:  19 bond rmsd: 0.001680
  step:  20 bond rmsd: 0.001678
  step:  21 bond rmsd: 0.001675
  step:  22 bond rmsd: 0.001673
  step:  23 bond rmsd: 0.001670
  step:  24 bond rmsd: 0.001667
  step:  25 bond rmsd: 0.001662
  step:  26 bond rmsd: 0.001656
  step:  27 bond rmsd: 0.001649
  step:  28 bond rmsd: 0.001640
  step:  29 bond rmsd: 0.001633
  step:  30 bond rmsd: 0.001627
  step:  31 bond rmsd: 0.001625
  step:  32 bond rmsd: 0.001621
  step:  33 bond rmsd: 0.001623
  step:  34 bond rmsd: 0.001621
  step:  35 bond rmsd: 0.001621
  step:  36 bond rmsd: 0.001619
  step:  37 bond rmsd: 0.001619
  step:  38 bond rmsd: 0.001616
  step:  39 bond rmsd: 0.001616
  step:  40 bond rmsd: 0.001615
  step:  41 bond rmsd: 0.001615
  step:  42 bond rmsd: 0.001615
  step:  43 bond rmsd: 0.001615
  step:  44 bond rmsd: 0.001615
  step:  45 bond rmsd: 0.001616
  step:  46 bond rmsd: 0.001616
  step:  47 bond rmsd: 0.001620
  step:  48 bond rmsd: 0.001620
  step:  49 bond rmsd: 0.001630
  step:  50 bond rmsd: 0.001631
  step:  51 bond rmsd: 0.001630
  step:  52 bond rmsd: 0.001632
micro_cycle  10 rmsd(b):  0.0016 rws:  1.000 n_fev: 521
  step:   1 bond rmsd: 0.001632
  step:   2 bond rmsd: 0.069949
  step:   3 bond rmsd: 0.006590
  step:   4 bond rmsd: 0.005348
  step:   5 bond rmsd: 0.004374
  step:   6 bond rmsd: 0.003620
  step:   7 bond rmsd: 0.003043
  step:   8 bond rmsd: 0.002611
  step:   9 bond rmsd: 0.002294
  step:  10 bond rmsd: 0.002067
  step:  11 bond rmsd: 0.001909
  step:  12 bond rmsd: 0.001803
  step:  13 bond rmsd: 0.001732
  step:  14 bond rmsd: 0.001685
  step:  15 bond rmsd: 0.001656
  step:  16 bond rmsd: 0.001637
  step:  17 bond rmsd: 0.001625
  step:  18 bond rmsd: 0.001617
  step:  19 bond rmsd: 0.001613
  step:  20 bond rmsd: 0.001610
  step:  21 bond rmsd: 0.001608
  step:  22 bond rmsd: 0.001607
  step:  23 bond rmsd: 0.001606
  step:  24 bond rmsd: 0.001605
  step:  25 bond rmsd: 0.001605
  step:  26 bond rmsd: 0.001604
  step:  27 bond rmsd: 0.001604
  step:  28 bond rmsd: 0.001603
  step:  29 bond rmsd: 0.001602
  step:  30 bond rmsd: 0.001600
  step:  31 bond rmsd: 0.001597
  step:  32 bond rmsd: 0.001596
  step:  33 bond rmsd: 0.001596
  step:  34 bond rmsd: 0.001593
  step:  35 bond rmsd: 0.001596
  step:  36 bond rmsd: 0.001597
  step:  37 bond rmsd: 0.001602
  step:  38 bond rmsd: 0.001604
  step:  39 bond rmsd: 0.001609
  step:  40 bond rmsd: 0.001613
  step:  41 bond rmsd: 0.001616
  step:  42 bond rmsd: 0.001624
  step:  43 bond rmsd: 0.001626
  step:  44 bond rmsd: 0.001631
  step:  45 bond rmsd: 0.001632
  step:  46 bond rmsd: 0.001632
  step:  47 bond rmsd: 0.001631
  step:  48 bond rmsd: 0.001630
  step:  49 bond rmsd: 0.001629
  step:  50 bond rmsd: 0.001626
  step:  51 bond rmsd: 0.001625
  step:  52 bond rmsd: 0.001617
micro_cycle  11 rmsd(b):  0.0016 rws:  1.000 n_fev: 573
  step:   1 bond rmsd: 0.001617
  step:   2 bond rmsd: 0.047619
  step:   3 bond rmsd: 0.004523
  step:   4 bond rmsd: 0.003772
  step:   5 bond rmsd: 0.003193
  step:   6 bond rmsd: 0.002754
  step:   7 bond rmsd: 0.002428
  step:   8 bond rmsd: 0.002190
  step:   9 bond rmsd: 0.002019
  step:  10 bond rmsd: 0.001898
  step:  11 bond rmsd: 0.001814
  step:  12 bond rmsd: 0.001756
  step:  13 bond rmsd: 0.001716
  step:  14 bond rmsd: 0.001688
  step:  15 bond rmsd: 0.001668
  step:  16 bond rmsd: 0.001655
  step:  17 bond rmsd: 0.001645
  step:  18 bond rmsd: 0.001638
  step:  19 bond rmsd: 0.001633
  step:  20 bond rmsd: 0.001630
  step:  21 bond rmsd: 0.001627
  step:  22 bond rmsd: 0.001624
  step:  23 bond rmsd: 0.001623
  step:  24 bond rmsd: 0.001621
  step:  25 bond rmsd: 0.001620
  step:  26 bond rmsd: 0.001619
  step:  27 bond rmsd: 0.001618
  step:  28 bond rmsd: 0.001616
  step:  29 bond rmsd: 0.001615
  step:  30 bond rmsd: 0.001613
  step:  31 bond rmsd: 0.001611
  step:  32 bond rmsd: 0.001609
  step:  33 bond rmsd: 0.001606
  step:  34 bond rmsd: 0.001608
  step:  35 bond rmsd: 0.001607
  step:  36 bond rmsd: 0.001599
  step:  37 bond rmsd: 0.001597
  step:  38 bond rmsd: 0.001591
  step:  39 bond rmsd: 0.001591
  step:  40 bond rmsd: 0.001592
  step:  41 bond rmsd: 0.001593
  step:  42 bond rmsd: 0.001594
  step:  43 bond rmsd: 0.001595
  step:  44 bond rmsd: 0.001596
  step:  45 bond rmsd: 0.001597
  step:  46 bond rmsd: 0.001598
  step:  47 bond rmsd: 0.001599
  step:  48 bond rmsd: 0.001601
  step:  49 bond rmsd: 0.001602
  step:  50 bond rmsd: 0.001605
  step:  51 bond rmsd: 0.001607
  step:  52 bond rmsd: 0.001610
micro_cycle  12 rmsd(b):  0.0016 rws:  1.000 n_fev: 625
  step:   1 bond rmsd: 0.001610
  step:   2 bond rmsd: 0.060771
  step:   3 bond rmsd: 0.001671
  step:   4 bond rmsd: 0.001639
  step:   5 bond rmsd: 0.001620
  step:   6 bond rmsd: 0.001609
  step:   7 bond rmsd: 0.001602
  step:   8 bond rmsd: 0.001599
  step:   9 bond rmsd: 0.001598
  step:  10 bond rmsd: 0.001597
  step:  11 bond rmsd: 0.001597
  step:  12 bond rmsd: 0.001598
  step:  13 bond rmsd: 0.001599
  step:  14 bond rmsd: 0.001599
  step:  15 bond rmsd: 0.001600
  step:  16 bond rmsd: 0.001601
  step:  17 bond rmsd: 0.001601
  step:  18 bond rmsd: 0.001602
  step:  19 bond rmsd: 0.001602
  step:  20 bond rmsd: 0.001603
  step:  21 bond rmsd: 0.001602
  step:  22 bond rmsd: 0.001601
  step:  23 bond rmsd: 0.001599
  step:  24 bond rmsd: 0.001593
  step:  25 bond rmsd: 0.001590
  step:  26 bond rmsd: 0.001590
  step:  27 bond rmsd: 0.001585
  step:  28 bond rmsd: 0.001586
  step:  29 bond rmsd: 0.001587
  step:  30 bond rmsd: 0.001590
  step:  31 bond rmsd: 0.001591
  step:  32 bond rmsd: 0.001593
  step:  33 bond rmsd: 0.001595
  step:  34 bond rmsd: 0.001595
  step:  35 bond rmsd: 0.001598
  step:  36 bond rmsd: 0.001599
  step:  37 bond rmsd: 0.001604
  step:  38 bond rmsd: 0.001605
  step:  39 bond rmsd: 0.001606
  step:  40 bond rmsd: 0.001608
  step:  41 bond rmsd: 0.001608
  step:  42 bond rmsd: 0.001610
  step:  43 bond rmsd: 0.001609
  step:  44 bond rmsd: 0.001611
  step:  45 bond rmsd: 0.001611
  step:  46 bond rmsd: 0.001613
  step:  47 bond rmsd: 0.001617
  step:  48 bond rmsd: 0.001623
  step:  49 bond rmsd: 0.001633
  step:  50 bond rmsd: 0.001643
  step:  51 bond rmsd: 0.001656
  step:  52 bond rmsd: 0.001671
micro_cycle  13 rmsd(b):  0.0017 rws:  1.000 n_fev: 677
  step:   1 bond rmsd: 0.001671
  step:   2 bond rmsd: 0.029118
  step:   3 bond rmsd: 0.003943
  step:   4 bond rmsd: 0.003300
  step:   5 bond rmsd: 0.002812
  step:   6 bond rmsd: 0.002449
  step:   7 bond rmsd: 0.002186
  step:   8 bond rmsd: 0.001999
  step:   9 bond rmsd: 0.001870
  step:  10 bond rmsd: 0.001783
  step:  11 bond rmsd: 0.001725
  step:  12 bond rmsd: 0.001687
  step:  13 bond rmsd: 0.001662
  step:  14 bond rmsd: 0.001646
  step:  15 bond rmsd: 0.001635
  step:  16 bond rmsd: 0.001629
  step:  17 bond rmsd: 0.001624
  step:  18 bond rmsd: 0.001621
  step:  19 bond rmsd: 0.001620
  step:  20 bond rmsd: 0.001618
  step:  21 bond rmsd: 0.001617
  step:  22 bond rmsd: 0.001617
  step:  23 bond rmsd: 0.001616
  step:  24 bond rmsd: 0.001616
  step:  25 bond rmsd: 0.001616
  step:  26 bond rmsd: 0.001616
  step:  27 bond rmsd: 0.001615
  step:  28 bond rmsd: 0.001615
  step:  29 bond rmsd: 0.001615
  step:  30 bond rmsd: 0.001614
  step:  31 bond rmsd: 0.001613
  step:  32 bond rmsd: 0.001610
  step:  33 bond rmsd: 0.001605
  step:  34 bond rmsd: 0.001593
  step:  35 bond rmsd: 0.001589
  step:  36 bond rmsd: 0.001586
  step:  37 bond rmsd: 0.001579
  step:  38 bond rmsd: 0.001577
  step:  39 bond rmsd: 0.001575
  step:  40 bond rmsd: 0.001573
  step:  41 bond rmsd: 0.001571
  step:  42 bond rmsd: 0.001570
  step:  43 bond rmsd: 0.001567
  step:  44 bond rmsd: 0.001565
  step:  45 bond rmsd: 0.001564
  step:  46 bond rmsd: 0.001562
  step:  47 bond rmsd: 0.001562
  step:  48 bond rmsd: 0.001558
  step:  49 bond rmsd: 0.001558
  step:  50 bond rmsd: 0.001557
  step:  51 bond rmsd: 0.001557
  step:  52 bond rmsd: 0.001559
micro_cycle  14 rmsd(b):  0.0016 rws:  1.000 n_fev: 729
  step:   1 bond rmsd: 0.001559
  step:   2 bond rmsd: 0.060906
  step:   3 bond rmsd: 0.001576
  step:   4 bond rmsd: 0.001571
  step:   5 bond rmsd: 0.001568
  step:   6 bond rmsd: 0.001565
  step:   7 bond rmsd: 0.001564
  step:   8 bond rmsd: 0.001562
  step:   9 bond rmsd: 0.001562
  step:  10 bond rmsd: 0.001561
  step:  11 bond rmsd: 0.001560
  step:  12 bond rmsd: 0.001560
  step:  13 bond rmsd: 0.001560
  step:  14 bond rmsd: 0.001560
  step:  15 bond rmsd: 0.001560
  step:  16 bond rmsd: 0.001560
  step:  17 bond rmsd: 0.001560
  step:  18 bond rmsd: 0.001561
  step:  19 bond rmsd: 0.001563
  step:  20 bond rmsd: 0.001565
  step:  21 bond rmsd: 0.001569
  step:  22 bond rmsd: 0.001572
  step:  23 bond rmsd: 0.001575
  step:  24 bond rmsd: 0.001579
  step:  25 bond rmsd: 0.001582
  step:  26 bond rmsd: 0.001584
  step:  27 bond rmsd: 0.001587
  step:  28 bond rmsd: 0.001589
  step:  29 bond rmsd: 0.001589
  step:  30 bond rmsd: 0.001591
  step:  31 bond rmsd: 0.001592
  step:  32 bond rmsd: 0.001594
  step:  33 bond rmsd: 0.001596
  step:  34 bond rmsd: 0.001598
  step:  35 bond rmsd: 0.001602
  step:  36 bond rmsd: 0.001604
  step:  37 bond rmsd: 0.001613
  step:  38 bond rmsd: 0.001615
  step:  39 bond rmsd: 0.001619
  step:  40 bond rmsd: 0.001625
  step:  41 bond rmsd: 0.001629
  step:  42 bond rmsd: 0.001641
  step:  43 bond rmsd: 0.001647
  step:  44 bond rmsd: 0.001662
  step:  45 bond rmsd: 0.001672
  step:  46 bond rmsd: 0.001683
  step:  47 bond rmsd: 0.001705
  step:  48 bond rmsd: 0.001717
  step:  49 bond rmsd: 0.001732
  step:  50 bond rmsd: 0.001740
  step:  51 bond rmsd: 0.001747
  step:  52 bond rmsd: 0.001757
micro_cycle  15 rmsd(b):  0.0018 rws:  1.000 n_fev: 781
  step:   1 bond rmsd: 0.001757
  step:   2 bond rmsd: 0.053314
  step:   3 bond rmsd: 0.012477
  step:   4 bond rmsd: 0.010015
  step:   5 bond rmsd: 0.008058
  step:   6 bond rmsd: 0.006504
  step:   7 bond rmsd: 0.005278
  step:   8 bond rmsd: 0.004319
  step:   9 bond rmsd: 0.003578
  step:  10 bond rmsd: 0.003016
  step:  11 bond rmsd: 0.002598
  step:  12 bond rmsd: 0.002296
  step:  13 bond rmsd: 0.002085
  step:  14 bond rmsd: 0.001941
  step:  15 bond rmsd: 0.001847
  step:  16 bond rmsd: 0.001786
  step:  17 bond rmsd: 0.001748
  step:  18 bond rmsd: 0.001724
  step:  19 bond rmsd: 0.001710
  step:  20 bond rmsd: 0.001702
  step:  21 bond rmsd: 0.001697
  step:  22 bond rmsd: 0.001695
  step:  23 bond rmsd: 0.001693
  step:  24 bond rmsd: 0.001692
  step:  25 bond rmsd: 0.001692
  step:  26 bond rmsd: 0.001691
  step:  27 bond rmsd: 0.001691
  step:  28 bond rmsd: 0.001690
  step:  29 bond rmsd: 0.001689
  step:  30 bond rmsd: 0.001687
  step:  31 bond rmsd: 0.001683
  step:  32 bond rmsd: 0.001677
  step:  33 bond rmsd: 0.001668
  step:  34 bond rmsd: 0.001652
  step:  35 bond rmsd: 0.001621
  step:  36 bond rmsd: 0.001609
  step:  37 bond rmsd: 0.001601
  step:  38 bond rmsd: 0.001587
  step:  39 bond rmsd: 0.001581
  step:  40 bond rmsd: 0.001576
  step:  41 bond rmsd: 0.001572
  step:  42 bond rmsd: 0.001569
  step:  43 bond rmsd: 0.001567
  step:  44 bond rmsd: 0.001565
  step:  45 bond rmsd: 0.001563
  step:  46 bond rmsd: 0.001563
  step:  47 bond rmsd: 0.001562
  step:  48 bond rmsd: 0.001561
  step:  49 bond rmsd: 0.001559
  step:  50 bond rmsd: 0.001558
  step:  51 bond rmsd: 0.001557
  step:  52 bond rmsd: 0.001557
micro_cycle  16 rmsd(b):  0.0016 rws:  1.000 n_fev: 833
  step:   1 bond rmsd: 0.001557
  step:   2 bond rmsd: 0.051993
  step:   3 bond rmsd: 0.001561
  step:   4 bond rmsd: 0.001560
  step:   5 bond rmsd: 0.001559
  step:   6 bond rmsd: 0.001559
  step:   7 bond rmsd: 0.001559
  step:   8 bond rmsd: 0.001558
  step:   9 bond rmsd: 0.001558
  step:  10 bond rmsd: 0.001558
  step:  11 bond rmsd: 0.001558
  step:  12 bond rmsd: 0.001558
  step:  13 bond rmsd: 0.001558
  step:  14 bond rmsd: 0.001558
  step:  15 bond rmsd: 0.001558
  step:  16 bond rmsd: 0.001558
  step:  17 bond rmsd: 0.001558
  step:  18 bond rmsd: 0.001558
  step:  19 bond rmsd: 0.001560
  step:  20 bond rmsd: 0.001561
  step:  21 bond rmsd: 0.001562
  step:  22 bond rmsd: 0.001562
  step:  23 bond rmsd: 0.001568
  step:  24 bond rmsd: 0.001567
  step:  25 bond rmsd: 0.001567
  step:  26 bond rmsd: 0.001566
  step:  27 bond rmsd: 0.001566
  step:  28 bond rmsd: 0.001566
  step:  29 bond rmsd: 0.001566
  step:  30 bond rmsd: 0.001566
  step:  31 bond rmsd: 0.001566
  step:  32 bond rmsd: 0.001565
  step:  33 bond rmsd: 0.001566
  step:  34 bond rmsd: 0.001565
  step:  35 bond rmsd: 0.001561
  step:  36 bond rmsd: 0.001561
  step:  37 bond rmsd: 0.001560
  step:  38 bond rmsd: 0.001559
  step:  39 bond rmsd: 0.001557
  step:  40 bond rmsd: 0.001557
  step:  41 bond rmsd: 0.001556
  step:  42 bond rmsd: 0.001553
  step:  43 bond rmsd: 0.001555
  step:  44 bond rmsd: 0.001553
  step:  45 bond rmsd: 0.001559
  step:  46 bond rmsd: 0.001558
  step:  47 bond rmsd: 0.001560
  step:  48 bond rmsd: 0.001559
  step:  49 bond rmsd: 0.001560
  step:  50 bond rmsd: 0.001562
  step:  51 bond rmsd: 0.001565
  step:  52 bond rmsd: 0.001568
micro_cycle  17 rmsd(b):  0.0016 rws:  1.000 n_fev: 885
  step:   1 bond rmsd: 0.001568
  step:   2 bond rmsd: 0.068328
  step:   3 bond rmsd: 0.001723
  step:   4 bond rmsd: 0.001675
  step:   5 bond rmsd: 0.001643
  step:   6 bond rmsd: 0.001620
  step:   7 bond rmsd: 0.001605
  step:   8 bond rmsd: 0.001595
  step:   9 bond rmsd: 0.001587
  step:  10 bond rmsd: 0.001582
  step:  11 bond rmsd: 0.001579
  step:  12 bond rmsd: 0.001576
  step:  13 bond rmsd: 0.001574
  step:  14 bond rmsd: 0.001573
  step:  15 bond rmsd: 0.001572
  step:  16 bond rmsd: 0.001571
  step:  17 bond rmsd: 0.001570
  step:  18 bond rmsd: 0.001570
  step:  19 bond rmsd: 0.001569
  step:  20 bond rmsd: 0.001569
  step:  21 bond rmsd: 0.001568
  step:  22 bond rmsd: 0.001568
  step:  23 bond rmsd: 0.001568
  step:  24 bond rmsd: 0.001568
  step:  25 bond rmsd: 0.001569
  step:  26 bond rmsd: 0.001569
  step:  27 bond rmsd: 0.001574
  step:  28 bond rmsd: 0.001572
  step:  29 bond rmsd: 0.001571
  step:  30 bond rmsd: 0.001567
  step:  31 bond rmsd: 0.001566
  step:  32 bond rmsd: 0.001564
  step:  33 bond rmsd: 0.001562
  step:  34 bond rmsd: 0.001560
  step:  35 bond rmsd: 0.001558
  step:  36 bond rmsd: 0.001555
  step:  37 bond rmsd: 0.001553
  step:  38 bond rmsd: 0.001550
  step:  39 bond rmsd: 0.001544
  step:  40 bond rmsd: 0.001541
  step:  41 bond rmsd: 0.001534
  step:  42 bond rmsd: 0.001531
  step:  43 bond rmsd: 0.001528
  step:  44 bond rmsd: 0.001524
  step:  45 bond rmsd: 0.001523
  step:  46 bond rmsd: 0.001521
  step:  47 bond rmsd: 0.001520
  step:  48 bond rmsd: 0.001519
  step:  49 bond rmsd: 0.001519
  step:  50 bond rmsd: 0.001519
  step:  51 bond rmsd: 0.001520
  step:  52 bond rmsd: 0.001521
micro_cycle  18 rmsd(b):  0.0015 rws:  1.000 n_fev: 937
  step:   1 bond rmsd: 0.001521
  step:   2 bond rmsd: 0.037959
  step:   3 bond rmsd: 0.001527
  step:   4 bond rmsd: 0.001526
  step:   5 bond rmsd: 0.001525
  step:   6 bond rmsd: 0.001525
  step:   7 bond rmsd: 0.001525
  step:   8 bond rmsd: 0.001524
  step:   9 bond rmsd: 0.001524
  step:  10 bond rmsd: 0.001524
  step:  11 bond rmsd: 0.001525
  step:  12 bond rmsd: 0.001525
  step:  13 bond rmsd: 0.001525
  step:  14 bond rmsd: 0.001526
  step:  15 bond rmsd: 0.001527
  step:  16 bond rmsd: 0.001529
  step:  17 bond rmsd: 0.001531
  step:  18 bond rmsd: 0.001536
  step:  19 bond rmsd: 0.001540
  step:  20 bond rmsd: 0.001544
  step:  21 bond rmsd: 0.001549
  step:  22 bond rmsd: 0.001555
  step:  23 bond rmsd: 0.001558
  step:  24 bond rmsd: 0.001563
  step:  25 bond rmsd: 0.001566
  step:  26 bond rmsd: 0.001568
  step:  27 bond rmsd: 0.001569
  step:  28 bond rmsd: 0.001571
  step:  29 bond rmsd: 0.001573
  step:  30 bond rmsd: 0.001572
  step:  31 bond rmsd: 0.001573
  step:  32 bond rmsd: 0.001572
  step:  33 bond rmsd: 0.001572
  step:  34 bond rmsd: 0.001570
  step:  35 bond rmsd: 0.001569
  step:  36 bond rmsd: 0.001567
  step:  37 bond rmsd: 0.001565
  step:  38 bond rmsd: 0.001561
  step:  39 bond rmsd: 0.001557
  step:  40 bond rmsd: 0.001553
  step:  41 bond rmsd: 0.001548
  step:  42 bond rmsd: 0.001545
  step:  43 bond rmsd: 0.001540
  step:  44 bond rmsd: 0.001537
  step:  45 bond rmsd: 0.001534
  step:  46 bond rmsd: 0.001531
  step:  47 bond rmsd: 0.001528
  step:  48 bond rmsd: 0.001524
  step:  49 bond rmsd: 0.001521
  step:  50 bond rmsd: 0.001520
  step:  51 bond rmsd: 0.001518
  step:  52 bond rmsd: 0.001518
micro_cycle  19 rmsd(b):  0.0015 rws:  1.000 n_fev: 989
  step:   1 bond rmsd: 0.001518
  step:   2 bond rmsd: 0.054331
  step:   3 bond rmsd: 0.001544
  step:   4 bond rmsd: 0.001533
  step:   5 bond rmsd: 0.001527
  step:   6 bond rmsd: 0.001523
  step:   7 bond rmsd: 0.001520
  step:   8 bond rmsd: 0.001519
  step:   9 bond rmsd: 0.001519
  step:  10 bond rmsd: 0.001519
  step:  11 bond rmsd: 0.001519
  step:  12 bond rmsd: 0.001519
  step:  13 bond rmsd: 0.001520
  step:  14 bond rmsd: 0.001520
  step:  15 bond rmsd: 0.001521
  step:  16 bond rmsd: 0.001521
  step:  17 bond rmsd: 0.001522
  step:  18 bond rmsd: 0.001523
  step:  19 bond rmsd: 0.001524
  step:  20 bond rmsd: 0.001526
  step:  21 bond rmsd: 0.001529
  step:  22 bond rmsd: 0.001532
  step:  23 bond rmsd: 0.001534
  step:  24 bond rmsd: 0.001537
  step:  25 bond rmsd: 0.001541
  step:  26 bond rmsd: 0.001545
  step:  27 bond rmsd: 0.001547
  step:  28 bond rmsd: 0.001548
  step:  29 bond rmsd: 0.001549
  step:  30 bond rmsd: 0.001550
  step:  31 bond rmsd: 0.001551
  step:  32 bond rmsd: 0.001552
  step:  33 bond rmsd: 0.001552
  step:  34 bond rmsd: 0.001553
  step:  35 bond rmsd: 0.001554
  step:  36 bond rmsd: 0.001554
  step:  37 bond rmsd: 0.001555
  step:  38 bond rmsd: 0.001556
  step:  39 bond rmsd: 0.001556
  step:  40 bond rmsd: 0.001556
  step:  41 bond rmsd: 0.001556
  step:  42 bond rmsd: 0.001554
  step:  43 bond rmsd: 0.001554
  step:  44 bond rmsd: 0.001552
  step:  45 bond rmsd: 0.001550
  step:  46 bond rmsd: 0.001547
  step:  47 bond rmsd: 0.001544
  step:  48 bond rmsd: 0.001542
  step:  49 bond rmsd: 0.001539
  step:  50 bond rmsd: 0.001537
  step:  51 bond rmsd: 0.001535
  step:  52 bond rmsd: 0.001533
micro_cycle  20 rmsd(b):  0.0015 rws:  1.000 n_fev: 1041
  step:   1 bond rmsd: 0.001533
  step:   2 bond rmsd: 0.043996
  step:   3 bond rmsd: 0.001533
  step:   4 bond rmsd: 0.001533
  step:   5 bond rmsd: 0.001533
  step:   6 bond rmsd: 0.001533
  step:   7 bond rmsd: 0.001533
  step:   8 bond rmsd: 0.001533
  step:   9 bond rmsd: 0.001534
  step:  10 bond rmsd: 0.001534
  step:  11 bond rmsd: 0.001534
  step:  12 bond rmsd: 0.001534
  step:  13 bond rmsd: 0.001534
  step:  14 bond rmsd: 0.001535
  step:  15 bond rmsd: 0.001535
  step:  16 bond rmsd: 0.001536
  step:  17 bond rmsd: 0.001538
  step:  18 bond rmsd: 0.001540
  step:  19 bond rmsd: 0.001543
  step:  20 bond rmsd: 0.001544
  step:  21 bond rmsd: 0.001547
  step:  22 bond rmsd: 0.001547
  step:  23 bond rmsd: 0.001547
  step:  24 bond rmsd: 0.001546
  step:  25 bond rmsd: 0.001546
  step:  26 bond rmsd: 0.001545
  step:  27 bond rmsd: 0.001544
  step:  28 bond rmsd: 0.001542
  step:  29 bond rmsd: 0.001541
  step:  30 bond rmsd: 0.001539
  step:  31 bond rmsd: 0.001538
  step:  32 bond rmsd: 0.001537
  step:  33 bond rmsd: 0.001536
  step:  34 bond rmsd: 0.001534
  step:  35 bond rmsd: 0.001533
  step:  36 bond rmsd: 0.001531
  step:  37 bond rmsd: 0.001531
  step:  38 bond rmsd: 0.001530
  step:  39 bond rmsd: 0.001530
  step:  40 bond rmsd: 0.001530
  step:  41 bond rmsd: 0.001532
  step:  42 bond rmsd: 0.001532
  step:  43 bond rmsd: 0.001534
  step:  44 bond rmsd: 0.001538
  step:  45 bond rmsd: 0.001539
  step:  46 bond rmsd: 0.001547
  step:  47 bond rmsd: 0.001550
  step:  48 bond rmsd: 0.001555
  step:  49 bond rmsd: 0.001560
  step:  50 bond rmsd: 0.001564
  step:  51 bond rmsd: 0.001569
  step:  52 bond rmsd: 0.001577
micro_cycle  21 rmsd(b):  0.0016 rws:  1.000 n_fev: 1093
  step:   1 bond rmsd: 0.001577
  step:   2 bond rmsd: 0.062686
  step:   3 bond rmsd: 0.001561
  step:   4 bond rmsd: 0.001560
  step:   5 bond rmsd: 0.001561
  step:   6 bond rmsd: 0.001561
  step:   7 bond rmsd: 0.001562
  step:   8 bond rmsd: 0.001563
  step:   9 bond rmsd: 0.001563
  step:  10 bond rmsd: 0.001564
  step:  11 bond rmsd: 0.001564
  step:  12 bond rmsd: 0.001564
  step:  13 bond rmsd: 0.001565
  step:  14 bond rmsd: 0.001565
  step:  15 bond rmsd: 0.001564
  step:  16 bond rmsd: 0.001564
  step:  17 bond rmsd: 0.001563
  step:  18 bond rmsd: 0.001561
  step:  19 bond rmsd: 0.001558
  step:  20 bond rmsd: 0.001553
  step:  21 bond rmsd: 0.001546
  step:  22 bond rmsd: 0.001542
  step:  23 bond rmsd: 0.001539
  step:  24 bond rmsd: 0.001533
  step:  25 bond rmsd: 0.001531
  step:  26 bond rmsd: 0.001530
  step:  27 bond rmsd: 0.001530
  step:  28 bond rmsd: 0.001529
  step:  29 bond rmsd: 0.001529
  step:  30 bond rmsd: 0.001528
  step:  31 bond rmsd: 0.001528
  step:  32 bond rmsd: 0.001529
  step:  33 bond rmsd: 0.001529
  step:  34 bond rmsd: 0.001529
  step:  35 bond rmsd: 0.001529
  step:  36 bond rmsd: 0.001529
  step:  37 bond rmsd: 0.001529
  step:  38 bond rmsd: 0.001530
  step:  39 bond rmsd: 0.001531
  step:  40 bond rmsd: 0.001533
  step:  41 bond rmsd: 0.001534
  step:  42 bond rmsd: 0.001535
  step:  43 bond rmsd: 0.001536
  step:  44 bond rmsd: 0.001538
  step:  45 bond rmsd: 0.001539
  step:  46 bond rmsd: 0.001540
  step:  47 bond rmsd: 0.001541
  step:  48 bond rmsd: 0.001543
  step:  49 bond rmsd: 0.001544
  step:  50 bond rmsd: 0.001544
  step:  51 bond rmsd: 0.001545
  step:  52 bond rmsd: 0.001545
micro_cycle  22 rmsd(b):  0.0015 rws:  1.000 n_fev: 1145
  step:   1 bond rmsd: 0.001545
  step:   2 bond rmsd: 0.016126
  step:   3 bond rmsd: 0.001546
  step:   4 bond rmsd: 0.001546
  step:   5 bond rmsd: 0.001545
  step:   6 bond rmsd: 0.001545
  step:   7 bond rmsd: 0.001544
  step:   8 bond rmsd: 0.001543
  step:   9 bond rmsd: 0.001543
  step:  10 bond rmsd: 0.001542
  step:  11 bond rmsd: 0.001542
  step:  12 bond rmsd: 0.001541
  step:  13 bond rmsd: 0.001541
  step:  14 bond rmsd: 0.001540
  step:  15 bond rmsd: 0.001539
  step:  16 bond rmsd: 0.001538
  step:  17 bond rmsd: 0.001536
  step:  18 bond rmsd: 0.001535
  step:  19 bond rmsd: 0.001533
  step:  20 bond rmsd: 0.001534
  step:  21 bond rmsd: 0.001533
  step:  22 bond rmsd: 0.001532
  step:  23 bond rmsd: 0.001531
  step:  24 bond rmsd: 0.001530
  step:  25 bond rmsd: 0.001530
  step:  26 bond rmsd: 0.001529
  step:  27 bond rmsd: 0.001529
  step:  28 bond rmsd: 0.001530
  step:  29 bond rmsd: 0.001531
  step:  30 bond rmsd: 0.001532
  step:  31 bond rmsd: 0.001533
  step:  32 bond rmsd: 0.001533
  step:  33 bond rmsd: 0.001535
  step:  34 bond rmsd: 0.001536
  step:  35 bond rmsd: 0.001539
  step:  36 bond rmsd: 0.001539
  step:  37 bond rmsd: 0.001541
  step:  38 bond rmsd: 0.001541
  step:  39 bond rmsd: 0.001542
  step:  40 bond rmsd: 0.001543
  step:  41 bond rmsd: 0.001544
  step:  42 bond rmsd: 0.001545
  step:  43 bond rmsd: 0.001545
  step:  44 bond rmsd: 0.001546
  step:  45 bond rmsd: 0.001544
  step:  46 bond rmsd: 0.001544
  step:  47 bond rmsd: 0.001543
  step:  48 bond rmsd: 0.001543
  step:  49 bond rmsd: 0.001542
  step:  50 bond rmsd: 0.001541
  step:  51 bond rmsd: 0.001540
  step:  52 bond rmsd: 0.001539
micro_cycle  23 rmsd(b):  0.0015 rws:  1.000 n_fev: 1197
  step:   1 bond rmsd: 0.001539
  step:   2 bond rmsd: 0.052949
  step:   3 bond rmsd: 0.001538
  step:   4 bond rmsd: 0.001537
  step:   5 bond rmsd: 0.001536
  step:   6 bond rmsd: 0.001536
  step:   7 bond rmsd: 0.001536
  step:   8 bond rmsd: 0.001536
  step:   9 bond rmsd: 0.001536
  step:  10 bond rmsd: 0.001536
  step:  11 bond rmsd: 0.001536
  step:  12 bond rmsd: 0.001536
  step:  13 bond rmsd: 0.001536
  step:  14 bond rmsd: 0.001537
  step:  15 bond rmsd: 0.001537
  step:  16 bond rmsd: 0.001537
  step:  17 bond rmsd: 0.001537
  step:  18 bond rmsd: 0.001537
  step:  19 bond rmsd: 0.001536
  step:  20 bond rmsd: 0.001536
  step:  21 bond rmsd: 0.001535
  step:  22 bond rmsd: 0.001534
  step:  23 bond rmsd: 0.001534
  step:  24 bond rmsd: 0.001533
  step:  25 bond rmsd: 0.001533
  step:  26 bond rmsd: 0.001533
  step:  27 bond rmsd: 0.001533
  step:  28 bond rmsd: 0.001534
  step:  29 bond rmsd: 0.001534
  step:  30 bond rmsd: 0.001534
  step:  31 bond rmsd: 0.001534
  step:  32 bond rmsd: 0.001535
  step:  33 bond rmsd: 0.001535
  step:  34 bond rmsd: 0.001535
  step:  35 bond rmsd: 0.001536
  step:  36 bond rmsd: 0.001536
  step:  37 bond rmsd: 0.001537
  step:  38 bond rmsd: 0.001537
  step:  39 bond rmsd: 0.001536
  step:  40 bond rmsd: 0.001536
  step:  41 bond rmsd: 0.001537
  step:  42 bond rmsd: 0.001539
  step:  43 bond rmsd: 0.001539
  step:  44 bond rmsd: 0.001541
  step:  45 bond rmsd: 0.001542
  step:  46 bond rmsd: 0.001541
  step:  47 bond rmsd: 0.001542
  step:  48 bond rmsd: 0.001542
  step:  49 bond rmsd: 0.001542
  step:  50 bond rmsd: 0.001542
  step:  51 bond rmsd: 0.001543
  step:  52 bond rmsd: 0.001542
  step:  53 bond rmsd: 0.001542
micro_cycle  24 rmsd(b):  0.0015 rws:  1.000 n_fev: 1250
  step:   1 bond rmsd: 0.001542
  step:   2 bond rmsd: 0.045406
  step:   3 bond rmsd: 0.001537
  step:   4 bond rmsd: 0.001537
  step:   5 bond rmsd: 0.001538
  step:   6 bond rmsd: 0.001538
  step:   7 bond rmsd: 0.001539
  step:   8 bond rmsd: 0.001539
  step:   9 bond rmsd: 0.001539
  step:  10 bond rmsd: 0.001540
  step:  11 bond rmsd: 0.001540
  step:  12 bond rmsd: 0.001540
  step:  13 bond rmsd: 0.001540
  step:  14 bond rmsd: 0.001540
  step:  15 bond rmsd: 0.001540
  step:  16 bond rmsd: 0.001540
  step:  17 bond rmsd: 0.001540
  step:  18 bond rmsd: 0.001539
  step:  19 bond rmsd: 0.001537
  step:  20 bond rmsd: 0.001535
  step:  21 bond rmsd: 0.001536
  step:  22 bond rmsd: 0.001535
  step:  23 bond rmsd: 0.001534
  step:  24 bond rmsd: 0.001531
  step:  25 bond rmsd: 0.001530
  step:  26 bond rmsd: 0.001531
  step:  27 bond rmsd: 0.001531
  step:  28 bond rmsd: 0.001531
  step:  29 bond rmsd: 0.001532
  step:  30 bond rmsd: 0.001533
  step:  31 bond rmsd: 0.001533
  step:  32 bond rmsd: 0.001535
  step:  33 bond rmsd: 0.001535
  step:  34 bond rmsd: 0.001536
  step:  35 bond rmsd: 0.001537
  step:  36 bond rmsd: 0.001538
  step:  37 bond rmsd: 0.001538
  step:  38 bond rmsd: 0.001539
  step:  39 bond rmsd: 0.001539
  step:  40 bond rmsd: 0.001539
  step:  41 bond rmsd: 0.001539
  step:  42 bond rmsd: 0.001539
  step:  43 bond rmsd: 0.001540
  step:  44 bond rmsd: 0.001540
  step:  45 bond rmsd: 0.001540
  step:  46 bond rmsd: 0.001541
  step:  47 bond rmsd: 0.001541
  step:  48 bond rmsd: 0.001541
  step:  49 bond rmsd: 0.001541
  step:  50 bond rmsd: 0.001543
  step:  51 bond rmsd: 0.001543
  step:  52 bond rmsd: 0.001541
micro_cycle  25 rmsd(b):  0.0015 rws:  1.000 n_fev: 1302
  step:   1 bond rmsd: 0.001541
  step:   2 bond rmsd: 0.070077
  step:   3 bond rmsd: 0.001541
  step:   4 bond rmsd: 0.001540
  step:   5 bond rmsd: 0.001539
  step:   6 bond rmsd: 0.001539
  step:   7 bond rmsd: 0.001539
  step:   8 bond rmsd: 0.001539
  step:   9 bond rmsd: 0.001539
  step:  10 bond rmsd: 0.001539
  step:  11 bond rmsd: 0.001539
  step:  12 bond rmsd: 0.001539
  step:  13 bond rmsd: 0.001539
  step:  14 bond rmsd: 0.001539
  step:  15 bond rmsd: 0.001539
  step:  16 bond rmsd: 0.001539
  step:  17 bond rmsd: 0.001539
  step:  18 bond rmsd: 0.001539
  step:  19 bond rmsd: 0.001539
  step:  20 bond rmsd: 0.001538
  step:  21 bond rmsd: 0.001537
  step:  22 bond rmsd: 0.001535
  step:  23 bond rmsd: 0.001534
  step:  24 bond rmsd: 0.001536
  step:  25 bond rmsd: 0.001535
  step:  26 bond rmsd: 0.001533
  step:  27 bond rmsd: 0.001534
  step:  28 bond rmsd: 0.001533
  step:  29 bond rmsd: 0.001533
  step:  30 bond rmsd: 0.001532
  step:  31 bond rmsd: 0.001532
  step:  32 bond rmsd: 0.001533
  step:  33 bond rmsd: 0.001532
  step:  34 bond rmsd: 0.001533
  step:  35 bond rmsd: 0.001534
  step:  36 bond rmsd: 0.001536
  step:  37 bond rmsd: 0.001537
  step:  38 bond rmsd: 0.001538
  step:  39 bond rmsd: 0.001539
  step:  40 bond rmsd: 0.001540
  step:  41 bond rmsd: 0.001541
  step:  42 bond rmsd: 0.001542
  step:  43 bond rmsd: 0.001543
  step:  44 bond rmsd: 0.001542
  step:  45 bond rmsd: 0.001543
  step:  46 bond rmsd: 0.001543
  step:  47 bond rmsd: 0.001544
  step:  48 bond rmsd: 0.001542
  step:  49 bond rmsd: 0.001542
  step:  50 bond rmsd: 0.001542
  step:  51 bond rmsd: 0.001541
  step:  52 bond rmsd: 0.001539
micro_cycle  26 rmsd(b):  0.0015 rws:  1.000 n_fev: 1354
  step:   1 bond rmsd: 0.001539
  step:   2 bond rmsd: 0.019154
  step:   3 bond rmsd: 0.001546
  step:   4 bond rmsd: 0.001545
  step:   5 bond rmsd: 0.001544
  step:   6 bond rmsd: 0.001543
  step:   7 bond rmsd: 0.001542
  step:   8 bond rmsd: 0.001541
  step:   9 bond rmsd: 0.001540
  step:  10 bond rmsd: 0.001539
  step:  11 bond rmsd: 0.001539
  step:  12 bond rmsd: 0.001538
  step:  13 bond rmsd: 0.001537
  step:  14 bond rmsd: 0.001537
  step:  15 bond rmsd: 0.001536
  step:  16 bond rmsd: 0.001535
  step:  17 bond rmsd: 0.001533
  step:  18 bond rmsd: 0.001533
  step:  19 bond rmsd: 0.001532
  step:  20 bond rmsd: 0.001536
  step:  21 bond rmsd: 0.001536
  step:  22 bond rmsd: 0.001535
  step:  23 bond rmsd: 0.001534
  step:  24 bond rmsd: 0.001533
  step:  25 bond rmsd: 0.001532
  step:  26 bond rmsd: 0.001532
  step:  27 bond rmsd: 0.001531
  step:  28 bond rmsd: 0.001531
  step:  29 bond rmsd: 0.001531
  step:  30 bond rmsd: 0.001530
  step:  31 bond rmsd: 0.001530
  step:  32 bond rmsd: 0.001530
  step:  33 bond rmsd: 0.001529
  step:  34 bond rmsd: 0.001529
  step:  35 bond rmsd: 0.001530
  step:  36 bond rmsd: 0.001531
  step:  37 bond rmsd: 0.001531
  step:  38 bond rmsd: 0.001533
  step:  39 bond rmsd: 0.001534
  step:  40 bond rmsd: 0.001535
  step:  41 bond rmsd: 0.001535
  step:  42 bond rmsd: 0.001536
  step:  43 bond rmsd: 0.001537
  step:  44 bond rmsd: 0.001538
  step:  45 bond rmsd: 0.001538
  step:  46 bond rmsd: 0.001538
  step:  47 bond rmsd: 0.001539
  step:  48 bond rmsd: 0.001539
  step:  49 bond rmsd: 0.001540
  step:  50 bond rmsd: 0.001540
  step:  51 bond rmsd: 0.001541
  step:  52 bond rmsd: 0.001540
  step:  53 bond rmsd: 0.001541
micro_cycle  27 rmsd(b):  0.0015 rws:  1.000 n_fev: 1407
  step:   1 bond rmsd: 0.001541
  step:   2 bond rmsd: 0.047379
  step:   3 bond rmsd: 0.001535
  step:   4 bond rmsd: 0.001535
  step:   5 bond rmsd: 0.001536
  step:   6 bond rmsd: 0.001536
  step:   7 bond rmsd: 0.001537
  step:   8 bond rmsd: 0.001537
  step:   9 bond rmsd: 0.001537
  step:  10 bond rmsd: 0.001538
  step:  11 bond rmsd: 0.001538
  step:  12 bond rmsd: 0.001538
  step:  13 bond rmsd: 0.001538
  step:  14 bond rmsd: 0.001538
  step:  15 bond rmsd: 0.001538
  step:  16 bond rmsd: 0.001538
  step:  17 bond rmsd: 0.001537
  step:  18 bond rmsd: 0.001535
  step:  19 bond rmsd: 0.001534
  step:  20 bond rmsd: 0.001532
  step:  21 bond rmsd: 0.001531
  step:  22 bond rmsd: 0.001530
  step:  23 bond rmsd: 0.001529
  step:  24 bond rmsd: 0.001529
  step:  25 bond rmsd: 0.001528
  step:  26 bond rmsd: 0.001528
  step:  27 bond rmsd: 0.001528
  step:  28 bond rmsd: 0.001528
  step:  29 bond rmsd: 0.001528
  step:  30 bond rmsd: 0.001529
  step:  31 bond rmsd: 0.001529
  step:  32 bond rmsd: 0.001530
  step:  33 bond rmsd: 0.001531
  step:  34 bond rmsd: 0.001533
  step:  35 bond rmsd: 0.001534
  step:  36 bond rmsd: 0.001536
  step:  37 bond rmsd: 0.001539
  step:  38 bond rmsd: 0.001540
  step:  39 bond rmsd: 0.001542
  step:  40 bond rmsd: 0.001543
  step:  41 bond rmsd: 0.001545
  step:  42 bond rmsd: 0.001546
  step:  43 bond rmsd: 0.001546
  step:  44 bond rmsd: 0.001546
  step:  45 bond rmsd: 0.001546
  step:  46 bond rmsd: 0.001546
  step:  47 bond rmsd: 0.001544
  step:  48 bond rmsd: 0.001544
  step:  49 bond rmsd: 0.001540
  step:  50 bond rmsd: 0.001539
  step:  51 bond rmsd: 0.001538
  step:  52 bond rmsd: 0.001536
micro_cycle  28 rmsd(b):  0.0015 rws:  1.000 n_fev: 1459
  step:   1 bond rmsd: 0.001536
  step:   2 bond rmsd: 0.055199
  step:   3 bond rmsd: 0.001567
  step:   4 bond rmsd: 0.001560
  step:   5 bond rmsd: 0.001554
  step:   6 bond rmsd: 0.001550
  step:   7 bond rmsd: 0.001547
  step:   8 bond rmsd: 0.001545
  step:   9 bond rmsd: 0.001543
  step:  10 bond rmsd: 0.001542
  step:  11 bond rmsd: 0.001541
  step:  12 bond rmsd: 0.001540
  step:  13 bond rmsd: 0.001539
  step:  14 bond rmsd: 0.001539
  step:  15 bond rmsd: 0.001538
  step:  16 bond rmsd: 0.001538
  step:  17 bond rmsd: 0.001537
  step:  18 bond rmsd: 0.001537
  step:  19 bond rmsd: 0.001537
  step:  20 bond rmsd: 0.001536
  step:  21 bond rmsd: 0.001535
  step:  22 bond rmsd: 0.001535
  step:  23 bond rmsd: 0.001534
  step:  24 bond rmsd: 0.001534
  step:  25 bond rmsd: 0.001534
  step:  26 bond rmsd: 0.001533
  step:  27 bond rmsd: 0.001534
  step:  28 bond rmsd: 0.001534
  step:  29 bond rmsd: 0.001534
  step:  30 bond rmsd: 0.001533
  step:  31 bond rmsd: 0.001533
  step:  32 bond rmsd: 0.001532
  step:  33 bond rmsd: 0.001532
  step:  34 bond rmsd: 0.001532
  step:  35 bond rmsd: 0.001532
  step:  36 bond rmsd: 0.001532
  step:  37 bond rmsd: 0.001530
  step:  38 bond rmsd: 0.001530
  step:  39 bond rmsd: 0.001532
  step:  40 bond rmsd: 0.001532
  step:  41 bond rmsd: 0.001533
  step:  42 bond rmsd: 0.001535
  step:  43 bond rmsd: 0.001535
  step:  44 bond rmsd: 0.001536
  step:  45 bond rmsd: 0.001536
  step:  46 bond rmsd: 0.001536
  step:  47 bond rmsd: 0.001537
  step:  48 bond rmsd: 0.001537
  step:  49 bond rmsd: 0.001537
  step:  50 bond rmsd: 0.001536
  step:  51 bond rmsd: 0.001536
  step:  52 bond rmsd: 0.001536
micro_cycle  29 rmsd(b):  0.0015 rws:  1.000 n_fev: 1511
  step:   1 bond rmsd: 0.001536
  step:   2 bond rmsd: 0.045126
  step:   3 bond rmsd: 0.001554
  step:   4 bond rmsd: 0.001550
  step:   5 bond rmsd: 0.001547
  step:   6 bond rmsd: 0.001545
  step:   7 bond rmsd: 0.001543
  step:   8 bond rmsd: 0.001542
  step:   9 bond rmsd: 0.001541
  step:  10 bond rmsd: 0.001540
  step:  11 bond rmsd: 0.001539
  step:  12 bond rmsd: 0.001538
  step:  13 bond rmsd: 0.001538
  step:  14 bond rmsd: 0.001537
  step:  15 bond rmsd: 0.001537
  step:  16 bond rmsd: 0.001536
  step:  17 bond rmsd: 0.001536
  step:  18 bond rmsd: 0.001535
  step:  19 bond rmsd: 0.001535
  step:  20 bond rmsd: 0.001534
  step:  21 bond rmsd: 0.001533
  step:  22 bond rmsd: 0.001531
  step:  23 bond rmsd: 0.001530
  step:  24 bond rmsd: 0.001529
  step:  25 bond rmsd: 0.001529
  step:  26 bond rmsd: 0.001529
  step:  27 bond rmsd: 0.001528
  step:  28 bond rmsd: 0.001528
  step:  29 bond rmsd: 0.001528
  step:  30 bond rmsd: 0.001528
  step:  31 bond rmsd: 0.001527
  step:  32 bond rmsd: 0.001527
  step:  33 bond rmsd: 0.001527
  step:  34 bond rmsd: 0.001528
  step:  35 bond rmsd: 0.001529
  step:  36 bond rmsd: 0.001530
  step:  37 bond rmsd: 0.001531
  step:  38 bond rmsd: 0.001532
  step:  39 bond rmsd: 0.001533
  step:  40 bond rmsd: 0.001534
  step:  41 bond rmsd: 0.001537
  step:  42 bond rmsd: 0.001538
  step:  43 bond rmsd: 0.001539
  step:  44 bond rmsd: 0.001540
  step:  45 bond rmsd: 0.001541
  step:  46 bond rmsd: 0.001542
  step:  47 bond rmsd: 0.001543
  step:  48 bond rmsd: 0.001544
  step:  49 bond rmsd: 0.001544
  step:  50 bond rmsd: 0.001544
  step:  51 bond rmsd: 0.001543
  step:  52 bond rmsd: 0.001542
micro_cycle  30 rmsd(b):  0.0015 rws:  1.000 n_fev: 1563
  step:   1 bond rmsd: 0.001542
  step:   2 bond rmsd: 0.029210
  step:   3 bond rmsd: 0.001534
  step:   4 bond rmsd: 0.001535
  step:   5 bond rmsd: 0.001536
  step:   6 bond rmsd: 0.001537
  step:   7 bond rmsd: 0.001537
  step:   8 bond rmsd: 0.001538
  step:   9 bond rmsd: 0.001538
  step:  10 bond rmsd: 0.001539
  step:  11 bond rmsd: 0.001539
  step:  12 bond rmsd: 0.001539
  step:  13 bond rmsd: 0.001539
  step:  14 bond rmsd: 0.001539
  step:  15 bond rmsd: 0.001539
  step:  16 bond rmsd: 0.001538
  step:  17 bond rmsd: 0.001537
  step:  18 bond rmsd: 0.001534
  step:  19 bond rmsd: 0.001533
  step:  20 bond rmsd: 0.001532
  step:  21 bond rmsd: 0.001532
  step:  22 bond rmsd: 0.001530
  step:  23 bond rmsd: 0.001530
  step:  24 bond rmsd: 0.001529
  step:  25 bond rmsd: 0.001529
  step:  26 bond rmsd: 0.001528
  step:  27 bond rmsd: 0.001528
  step:  28 bond rmsd: 0.001528
  step:  29 bond rmsd: 0.001528
  step:  30 bond rmsd: 0.001528
  step:  31 bond rmsd: 0.001528
  step:  32 bond rmsd: 0.001529
  step:  33 bond rmsd: 0.001529
  step:  34 bond rmsd: 0.001530
  step:  35 bond rmsd: 0.001530
  step:  36 bond rmsd: 0.001532
  step:  37 bond rmsd: 0.001534
  step:  38 bond rmsd: 0.001536
  step:  39 bond rmsd: 0.001537
  step:  40 bond rmsd: 0.001537
  step:  41 bond rmsd: 0.001539
  step:  42 bond rmsd: 0.001540
  step:  43 bond rmsd: 0.001540
  step:  44 bond rmsd: 0.001540
  step:  45 bond rmsd: 0.001539
  step:  46 bond rmsd: 0.001538
  step:  47 bond rmsd: 0.001537
  step:  48 bond rmsd: 0.001535
  step:  49 bond rmsd: 0.001533
  step:  50 bond rmsd: 0.001532
  step:  51 bond rmsd: 0.001529
  step:  52 bond rmsd: 0.001527
micro_cycle  31 rmsd(b):  0.0015 rws:  1.000 n_fev: 1615
  step:   1 bond rmsd: 0.001527
  step:   2 bond rmsd: 0.066616
  step:   3 bond rmsd: 0.001541
  step:   4 bond rmsd: 0.001538
  step:   5 bond rmsd: 0.001536
  step:   6 bond rmsd: 0.001534
  step:   7 bond rmsd: 0.001533
  step:   8 bond rmsd: 0.001532
  step:   9 bond rmsd: 0.001531
  step:  10 bond rmsd: 0.001531
  step:  11 bond rmsd: 0.001530
  step:  12 bond rmsd: 0.001530
  step:  13 bond rmsd: 0.001529
  step:  14 bond rmsd: 0.001529
  step:  15 bond rmsd: 0.001529
  step:  16 bond rmsd: 0.001528
  step:  17 bond rmsd: 0.001528
  step:  18 bond rmsd: 0.001528
  step:  19 bond rmsd: 0.001528
  step:  20 bond rmsd: 0.001529
  step:  21 bond rmsd: 0.001530
  step:  22 bond rmsd: 0.001531
  step:  23 bond rmsd: 0.001532
  step:  24 bond rmsd: 0.001532
  step:  25 bond rmsd: 0.001533
  step:  26 bond rmsd: 0.001533
  step:  27 bond rmsd: 0.001535
  step:  28 bond rmsd: 0.001535
  step:  29 bond rmsd: 0.001535
  step:  30 bond rmsd: 0.001535
  step:  31 bond rmsd: 0.001534
  step:  32 bond rmsd: 0.001535
  step:  33 bond rmsd: 0.001534
  step:  34 bond rmsd: 0.001534
  step:  35 bond rmsd: 0.001534
  step:  36 bond rmsd: 0.001535
  step:  37 bond rmsd: 0.001535
  step:  38 bond rmsd: 0.001535
  step:  39 bond rmsd: 0.001536
  step:  40 bond rmsd: 0.001535
  step:  41 bond rmsd: 0.001537
  step:  42 bond rmsd: 0.001537
  step:  43 bond rmsd: 0.001537
  step:  44 bond rmsd: 0.001537
  step:  45 bond rmsd: 0.001536
  step:  46 bond rmsd: 0.001535
  step:  47 bond rmsd: 0.001535
  step:  48 bond rmsd: 0.001535
  step:  49 bond rmsd: 0.001535
  step:  50 bond rmsd: 0.001535
  step:  51 bond rmsd: 0.001535
  step:  52 bond rmsd: 0.001536
micro_cycle  32 rmsd(b):  0.0015 rws:  1.000 n_fev: 1667
  step:   1 bond rmsd: 0.001536
  step:   2 bond rmsd: 0.042547
  step:   3 bond rmsd: 0.001542
  step:   4 bond rmsd: 0.001540
  step:   5 bond rmsd: 0.001539
  step:   6 bond rmsd: 0.001539
  step:   7 bond rmsd: 0.001538
  step:   8 bond rmsd: 0.001537
  step:   9 bond rmsd: 0.001537
  step:  10 bond rmsd: 0.001537
  step:  11 bond rmsd: 0.001536
  step:  12 bond rmsd: 0.001536
  step:  13 bond rmsd: 0.001536
  step:  14 bond rmsd: 0.001535
  step:  15 bond rmsd: 0.001535
  step:  16 bond rmsd: 0.001535
  step:  17 bond rmsd: 0.001534
  step:  18 bond rmsd: 0.001534
  step:  19 bond rmsd: 0.001535
  step:  20 bond rmsd: 0.001535
  step:  21 bond rmsd: 0.001535
  step:  22 bond rmsd: 0.001539
  step:  23 bond rmsd: 0.001538
  step:  24 bond rmsd: 0.001538
  step:  25 bond rmsd: 0.001537
  step:  26 bond rmsd: 0.001536
  step:  27 bond rmsd: 0.001536
  step:  28 bond rmsd: 0.001535
  step:  29 bond rmsd: 0.001535
  step:  30 bond rmsd: 0.001534
  step:  31 bond rmsd: 0.001533
  step:  32 bond rmsd: 0.001533
  step:  33 bond rmsd: 0.001532
  step:  34 bond rmsd: 0.001532
  step:  35 bond rmsd: 0.001531
  step:  36 bond rmsd: 0.001531
  step:  37 bond rmsd: 0.001531
  step:  38 bond rmsd: 0.001530
  step:  39 bond rmsd: 0.001530
  step:  40 bond rmsd: 0.001530
  step:  41 bond rmsd: 0.001530
  step:  42 bond rmsd: 0.001529
  step:  43 bond rmsd: 0.001530
  step:  44 bond rmsd: 0.001529
  step:  45 bond rmsd: 0.001530
  step:  46 bond rmsd: 0.001529
  step:  47 bond rmsd: 0.001530
  step:  48 bond rmsd: 0.001530
  step:  49 bond rmsd: 0.001530
  step:  50 bond rmsd: 0.001531
  step:  51 bond rmsd: 0.001532
  step:  52 bond rmsd: 0.001532
micro_cycle  33 rmsd(b):  0.0015 rws:  1.000 n_fev: 1719
  step:   1 bond rmsd: 0.001532
  step:   2 bond rmsd: 0.057810
  step:   3 bond rmsd: 0.001541
  step:   4 bond rmsd: 0.001539
  step:   5 bond rmsd: 0.001537
  step:   6 bond rmsd: 0.001536
  step:   7 bond rmsd: 0.001535
  step:   8 bond rmsd: 0.001535
  step:   9 bond rmsd: 0.001534
  step:  10 bond rmsd: 0.001533
  step:  11 bond rmsd: 0.001533
  step:  12 bond rmsd: 0.001533
  step:  13 bond rmsd: 0.001532
  step:  14 bond rmsd: 0.001532
  step:  15 bond rmsd: 0.001531
  step:  16 bond rmsd: 0.001531
  step:  17 bond rmsd: 0.001531
  step:  18 bond rmsd: 0.001531
  step:  19 bond rmsd: 0.001531
  step:  20 bond rmsd: 0.001532
  step:  21 bond rmsd: 0.001531
  step:  22 bond rmsd: 0.001532
  step:  23 bond rmsd: 0.001532
  step:  24 bond rmsd: 0.001532
  step:  25 bond rmsd: 0.001532
  step:  26 bond rmsd: 0.001532
  step:  27 bond rmsd: 0.001532
  step:  28 bond rmsd: 0.001532
  step:  29 bond rmsd: 0.001532
  step:  30 bond rmsd: 0.001532
  step:  31 bond rmsd: 0.001532
  step:  32 bond rmsd: 0.001532
  step:  33 bond rmsd: 0.001532
  step:  34 bond rmsd: 0.001533
  step:  35 bond rmsd: 0.001533
  step:  36 bond rmsd: 0.001533
  step:  37 bond rmsd: 0.001533
  step:  38 bond rmsd: 0.001533
  step:  39 bond rmsd: 0.001532
  step:  40 bond rmsd: 0.001532
  step:  41 bond rmsd: 0.001532
  step:  42 bond rmsd: 0.001531
  step:  43 bond rmsd: 0.001530
  step:  44 bond rmsd: 0.001530
  step:  45 bond rmsd: 0.001529
  step:  46 bond rmsd: 0.001527
  step:  47 bond rmsd: 0.001527
  step:  48 bond rmsd: 0.001526
  step:  49 bond rmsd: 0.001525
  step:  50 bond rmsd: 0.001523
  step:  51 bond rmsd: 0.001524
  step:  52 bond rmsd: 0.001522
micro_cycle  34 rmsd(b):  0.0015 rws:  1.000 n_fev: 1771
  step:   1 bond rmsd: 0.001522
  step:   2 bond rmsd: 0.055778
  step:   3 bond rmsd: 0.001810
  step:   4 bond rmsd: 0.001728
  step:   5 bond rmsd: 0.001670
  step:   6 bond rmsd: 0.001630
  step:   7 bond rmsd: 0.001602
  step:   8 bond rmsd: 0.001582
  step:   9 bond rmsd: 0.001567
  step:  10 bond rmsd: 0.001557
  step:  11 bond rmsd: 0.001550
  step:  12 bond rmsd: 0.001544
  step:  13 bond rmsd: 0.001540
  step:  14 bond rmsd: 0.001537
  step:  15 bond rmsd: 0.001535
  step:  16 bond rmsd: 0.001533
  step:  17 bond rmsd: 0.001532
  step:  18 bond rmsd: 0.001531
  step:  19 bond rmsd: 0.001530
  step:  20 bond rmsd: 0.001529
  step:  21 bond rmsd: 0.001528
  step:  22 bond rmsd: 0.001528
  step:  23 bond rmsd: 0.001527
  step:  24 bond rmsd: 0.001528
  step:  25 bond rmsd: 0.001529
  step:  26 bond rmsd: 0.001532
  step:  27 bond rmsd: 0.001538
  step:  28 bond rmsd: 0.001541
  step:  29 bond rmsd: 0.001543
  step:  30 bond rmsd: 0.001545
  step:  31 bond rmsd: 0.001546
  step:  32 bond rmsd: 0.001548
  step:  33 bond rmsd: 0.001547
  step:  34 bond rmsd: 0.001548
  step:  35 bond rmsd: 0.001546
  step:  36 bond rmsd: 0.001546
  step:  37 bond rmsd: 0.001543
  step:  38 bond rmsd: 0.001542
  step:  39 bond rmsd: 0.001540
  step:  40 bond rmsd: 0.001539
  step:  41 bond rmsd: 0.001538
  step:  42 bond rmsd: 0.001534
  step:  43 bond rmsd: 0.001533
  step:  44 bond rmsd: 0.001531
  step:  45 bond rmsd: 0.001530
  step:  46 bond rmsd: 0.001529
  step:  47 bond rmsd: 0.001528
  step:  48 bond rmsd: 0.001528
  step:  49 bond rmsd: 0.001527
  step:  50 bond rmsd: 0.001526
  step:  51 bond rmsd: 0.001525
  step:  52 bond rmsd: 0.001525
micro_cycle  35 rmsd(b):  0.0015 rws:  1.000 n_fev: 1823
  step:   1 bond rmsd: 0.001525
  step:   2 bond rmsd: 0.030853
  step:   3 bond rmsd: 0.001522
  step:   4 bond rmsd: 0.001522
  step:   5 bond rmsd: 0.001523
  step:   6 bond rmsd: 0.001523
  step:   7 bond rmsd: 0.001523
  step:   8 bond rmsd: 0.001524
  step:   9 bond rmsd: 0.001524
  step:  10 bond rmsd: 0.001524
  step:  11 bond rmsd: 0.001524
  step:  12 bond rmsd: 0.001525
  step:  13 bond rmsd: 0.001525
  step:  14 bond rmsd: 0.001525
  step:  15 bond rmsd: 0.001526
  step:  16 bond rmsd: 0.001526
  step:  17 bond rmsd: 0.001527
  step:  18 bond rmsd: 0.001528
  step:  19 bond rmsd: 0.001529
  step:  20 bond rmsd: 0.001531
  step:  21 bond rmsd: 0.001532
  step:  22 bond rmsd: 0.001535
  step:  23 bond rmsd: 0.001536
  step:  24 bond rmsd: 0.001538
  step:  25 bond rmsd: 0.001539
  step:  26 bond rmsd: 0.001541
  step:  27 bond rmsd: 0.001540
  step:  28 bond rmsd: 0.001541
  step:  29 bond rmsd: 0.001543
  step:  30 bond rmsd: 0.001544
  step:  31 bond rmsd: 0.001545
  step:  32 bond rmsd: 0.001546
  step:  33 bond rmsd: 0.001546
  step:  34 bond rmsd: 0.001546
  step:  35 bond rmsd: 0.001546
  step:  36 bond rmsd: 0.001545
  step:  37 bond rmsd: 0.001544
  step:  38 bond rmsd: 0.001543
  step:  39 bond rmsd: 0.001541
  step:  40 bond rmsd: 0.001539
  step:  41 bond rmsd: 0.001536
  step:  42 bond rmsd: 0.001535
  step:  43 bond rmsd: 0.001531
  step:  44 bond rmsd: 0.001530
  step:  45 bond rmsd: 0.001527
  step:  46 bond rmsd: 0.001525
  step:  47 bond rmsd: 0.001524
  step:  48 bond rmsd: 0.001522
  step:  49 bond rmsd: 0.001520
  step:  50 bond rmsd: 0.001517
  step:  51 bond rmsd: 0.001518
  step:  52 bond rmsd: 0.001516
micro_cycle  36 rmsd(b):  0.0015 rws:  1.000 n_fev: 1875
  step:   1 bond rmsd: 0.001516
  step:   2 bond rmsd: 0.056742
  step:   3 bond rmsd: 0.001581
  step:   4 bond rmsd: 0.001548
  step:   5 bond rmsd: 0.001528
  step:   6 bond rmsd: 0.001517
  step:   7 bond rmsd: 0.001511
  step:   8 bond rmsd: 0.001508
  step:   9 bond rmsd: 0.001507
  step:  10 bond rmsd: 0.001507
  step:  11 bond rmsd: 0.001507
  step:  12 bond rmsd: 0.001508
  step:  13 bond rmsd: 0.001509
  step:  14 bond rmsd: 0.001510
  step:  15 bond rmsd: 0.001511
  step:  16 bond rmsd: 0.001512
  step:  17 bond rmsd: 0.001513
  step:  18 bond rmsd: 0.001514
  step:  19 bond rmsd: 0.001515
  step:  20 bond rmsd: 0.001516
  step:  21 bond rmsd: 0.001517
  step:  22 bond rmsd: 0.001518
  step:  23 bond rmsd: 0.001519
  step:  24 bond rmsd: 0.001521
  step:  25 bond rmsd: 0.001524
  step:  26 bond rmsd: 0.001526
  step:  27 bond rmsd: 0.001529
  step:  28 bond rmsd: 0.001531
  step:  29 bond rmsd: 0.001533
  step:  30 bond rmsd: 0.001537
  step:  31 bond rmsd: 0.001538
  step:  32 bond rmsd: 0.001539
  step:  33 bond rmsd: 0.001539
  step:  34 bond rmsd: 0.001539
  step:  35 bond rmsd: 0.001540
  step:  36 bond rmsd: 0.001540
  step:  37 bond rmsd: 0.001539
  step:  38 bond rmsd: 0.001537
  step:  39 bond rmsd: 0.001536
  step:  40 bond rmsd: 0.001534
  step:  41 bond rmsd: 0.001533
  step:  42 bond rmsd: 0.001532
  step:  43 bond rmsd: 0.001531
  step:  44 bond rmsd: 0.001529
  step:  45 bond rmsd: 0.001528
  step:  46 bond rmsd: 0.001526
  step:  47 bond rmsd: 0.001525
  step:  48 bond rmsd: 0.001524
  step:  49 bond rmsd: 0.001524
  step:  50 bond rmsd: 0.001524
  step:  51 bond rmsd: 0.001524
  step:  52 bond rmsd: 0.001523
micro_cycle  37 rmsd(b):  0.0015 rws:  1.000 n_fev: 1927
  step:   1 bond rmsd: 0.001523
  step:   2 bond rmsd: 0.025942
  step:   3 bond rmsd: 0.001521
  step:   4 bond rmsd: 0.001521
  step:   5 bond rmsd: 0.001522
  step:   6 bond rmsd: 0.001522
  step:   7 bond rmsd: 0.001522
  step:   8 bond rmsd: 0.001523
  step:   9 bond rmsd: 0.001523
  step:  10 bond rmsd: 0.001523
  step:  11 bond rmsd: 0.001523
  step:  12 bond rmsd: 0.001524
  step:  13 bond rmsd: 0.001524
  step:  14 bond rmsd: 0.001524
  step:  15 bond rmsd: 0.001525
  step:  16 bond rmsd: 0.001525
  step:  17 bond rmsd: 0.001526
  step:  18 bond rmsd: 0.001527
  step:  19 bond rmsd: 0.001528
  step:  20 bond rmsd: 0.001530
  step:  21 bond rmsd: 0.001531
  step:  22 bond rmsd: 0.001533
  step:  23 bond rmsd: 0.001534
  step:  24 bond rmsd: 0.001536
  step:  25 bond rmsd: 0.001537
  step:  26 bond rmsd: 0.001539
  step:  27 bond rmsd: 0.001537
  step:  28 bond rmsd: 0.001538
  step:  29 bond rmsd: 0.001540
  step:  30 bond rmsd: 0.001540
  step:  31 bond rmsd: 0.001541
  step:  32 bond rmsd: 0.001541
  step:  33 bond rmsd: 0.001542
  step:  34 bond rmsd: 0.001541
  step:  35 bond rmsd: 0.001540
  step:  36 bond rmsd: 0.001538
  step:  37 bond rmsd: 0.001537
  step:  38 bond rmsd: 0.001534
  step:  39 bond rmsd: 0.001532
  step:  40 bond rmsd: 0.001531
  step:  41 bond rmsd: 0.001528
  step:  42 bond rmsd: 0.001526
  step:  43 bond rmsd: 0.001524
  step:  44 bond rmsd: 0.001522
  step:  45 bond rmsd: 0.001519
  step:  46 bond rmsd: 0.001517
  step:  47 bond rmsd: 0.001515
  step:  48 bond rmsd: 0.001511
  step:  49 bond rmsd: 0.001510
  step:  50 bond rmsd: 0.001508
  step:  51 bond rmsd: 0.001508
  step:  52 bond rmsd: 0.001507
micro_cycle  38 rmsd(b):  0.0015 rws:  1.000 n_fev: 1979
  step:   1 bond rmsd: 0.001507
  step:   2 bond rmsd: 0.063573
  step:   3 bond rmsd: 0.001537
  step:   4 bond rmsd: 0.001531
  step:   5 bond rmsd: 0.001527
  step:   6 bond rmsd: 0.001524
  step:   7 bond rmsd: 0.001521
  step:   8 bond rmsd: 0.001519
  step:   9 bond rmsd: 0.001518
  step:  10 bond rmsd: 0.001517
  step:  11 bond rmsd: 0.001516
  step:  12 bond rmsd: 0.001516
  step:  13 bond rmsd: 0.001515
  step:  14 bond rmsd: 0.001515
  step:  15 bond rmsd: 0.001515
  step:  16 bond rmsd: 0.001516
  step:  17 bond rmsd: 0.001518
  step:  18 bond rmsd: 0.001521
  step:  19 bond rmsd: 0.001524
  step:  20 bond rmsd: 0.001532
  step:  21 bond rmsd: 0.001534
  step:  22 bond rmsd: 0.001536
  step:  23 bond rmsd: 0.001538
  step:  24 bond rmsd: 0.001539
  step:  25 bond rmsd: 0.001541
  step:  26 bond rmsd: 0.001541
  step:  27 bond rmsd: 0.001543
  step:  28 bond rmsd: 0.001543
  step:  29 bond rmsd: 0.001544
  step:  30 bond rmsd: 0.001544
  step:  31 bond rmsd: 0.001544
  step:  32 bond rmsd: 0.001545
  step:  33 bond rmsd: 0.001544
  step:  34 bond rmsd: 0.001541
  step:  35 bond rmsd: 0.001539
  step:  36 bond rmsd: 0.001538
  step:  37 bond rmsd: 0.001535
  step:  38 bond rmsd: 0.001533
  step:  39 bond rmsd: 0.001532
  step:  40 bond rmsd: 0.001530
  step:  41 bond rmsd: 0.001528
  step:  42 bond rmsd: 0.001528
  step:  43 bond rmsd: 0.001527
  step:  44 bond rmsd: 0.001526
  step:  45 bond rmsd: 0.001524
  step:  46 bond rmsd: 0.001523
  step:  47 bond rmsd: 0.001522
  step:  48 bond rmsd: 0.001521
  step:  49 bond rmsd: 0.001520
  step:  50 bond rmsd: 0.001519
  step:  51 bond rmsd: 0.001519
  step:  52 bond rmsd: 0.001519
micro_cycle  39 rmsd(b):  0.0015 rws:  1.000 n_fev: 2031
  step:   1 bond rmsd: 0.001519
  step:   2 bond rmsd: 0.049384
  step:   3 bond rmsd: 0.001533
  step:   4 bond rmsd: 0.001530
  step:   5 bond rmsd: 0.001528
  step:   6 bond rmsd: 0.001526
  step:   7 bond rmsd: 0.001525
  step:   8 bond rmsd: 0.001524
  step:   9 bond rmsd: 0.001523
  step:  10 bond rmsd: 0.001523
  step:  11 bond rmsd: 0.001522
  step:  12 bond rmsd: 0.001522
  step:  13 bond rmsd: 0.001522
  step:  14 bond rmsd: 0.001522
  step:  15 bond rmsd: 0.001521
  step:  16 bond rmsd: 0.001521
  step:  17 bond rmsd: 0.001521
  step:  18 bond rmsd: 0.001521
  step:  19 bond rmsd: 0.001521
  step:  20 bond rmsd: 0.001522
  step:  21 bond rmsd: 0.001522
  step:  22 bond rmsd: 0.001524
  step:  23 bond rmsd: 0.001527
  step:  24 bond rmsd: 0.001528
  step:  25 bond rmsd: 0.001530
  step:  26 bond rmsd: 0.001533
  step:  27 bond rmsd: 0.001534
  step:  28 bond rmsd: 0.001535
  step:  29 bond rmsd: 0.001536
  step:  30 bond rmsd: 0.001538
  step:  31 bond rmsd: 0.001539
  step:  32 bond rmsd: 0.001540
  step:  33 bond rmsd: 0.001541
  step:  34 bond rmsd: 0.001542
  step:  35 bond rmsd: 0.001544
  step:  36 bond rmsd: 0.001545
  step:  37 bond rmsd: 0.001548
  step:  38 bond rmsd: 0.001548
  step:  39 bond rmsd: 0.001547
  step:  40 bond rmsd: 0.001548
  step:  41 bond rmsd: 0.001546
  step:  42 bond rmsd: 0.001544
  step:  43 bond rmsd: 0.001542
  step:  44 bond rmsd: 0.001536
  step:  45 bond rmsd: 0.001535
  step:  46 bond rmsd: 0.001533
  step:  47 bond rmsd: 0.001532
  step:  48 bond rmsd: 0.001531
  step:  49 bond rmsd: 0.001529
  step:  50 bond rmsd: 0.001526
  step:  51 bond rmsd: 0.001524
  step:  52 bond rmsd: 0.001521
micro_cycle  40 rmsd(b):  0.0015 rws:  1.000 n_fev: 2083
  step:   1 bond rmsd: 0.001521
  step:   2 bond rmsd: 0.045359
  step:   3 bond rmsd: 0.001522
  step:   4 bond rmsd: 0.001522
  step:   5 bond rmsd: 0.001521
  step:   6 bond rmsd: 0.001522
  step:   7 bond rmsd: 0.001522
  step:   8 bond rmsd: 0.001522
  step:   9 bond rmsd: 0.001522
  step:  10 bond rmsd: 0.001523
  step:  11 bond rmsd: 0.001523
  step:  12 bond rmsd: 0.001524
  step:  13 bond rmsd: 0.001524
  step:  14 bond rmsd: 0.001525
  step:  15 bond rmsd: 0.001526
  step:  16 bond rmsd: 0.001528
  step:  17 bond rmsd: 0.001530
  step:  18 bond rmsd: 0.001533
  step:  19 bond rmsd: 0.001535
  step:  20 bond rmsd: 0.001536
  step:  21 bond rmsd: 0.001540
  step:  22 bond rmsd: 0.001541
  step:  23 bond rmsd: 0.001543
  step:  24 bond rmsd: 0.001544
  step:  25 bond rmsd: 0.001542
  step:  26 bond rmsd: 0.001543
  step:  27 bond rmsd: 0.001543
  step:  28 bond rmsd: 0.001543
  step:  29 bond rmsd: 0.001542
  step:  30 bond rmsd: 0.001542
  step:  31 bond rmsd: 0.001539
  step:  32 bond rmsd: 0.001538
  step:  33 bond rmsd: 0.001536
  step:  34 bond rmsd: 0.001535
  step:  35 bond rmsd: 0.001533
  step:  36 bond rmsd: 0.001530
  step:  37 bond rmsd: 0.001529
  step:  38 bond rmsd: 0.001528
  step:  39 bond rmsd: 0.001528
  step:  40 bond rmsd: 0.001527
  step:  41 bond rmsd: 0.001526
  step:  42 bond rmsd: 0.001525
  step:  43 bond rmsd: 0.001524
  step:  44 bond rmsd: 0.001524
  step:  45 bond rmsd: 0.001523
  step:  46 bond rmsd: 0.001522
  step:  47 bond rmsd: 0.001521
  step:  48 bond rmsd: 0.001520
  step:  49 bond rmsd: 0.001518
  step:  50 bond rmsd: 0.001518
  step:  51 bond rmsd: 0.001517
  step:  52 bond rmsd: 0.001517
micro_cycle  41 rmsd(b):  0.0015 rws:  1.000 n_fev: 2135
  step:   1 bond rmsd: 0.001517
  step:   2 bond rmsd: 0.033010
  step:   3 bond rmsd: 0.001525
  step:   4 bond rmsd: 0.001524
  step:   5 bond rmsd: 0.001522
  step:   6 bond rmsd: 0.001522
  step:   7 bond rmsd: 0.001521
  step:   8 bond rmsd: 0.001521
  step:   9 bond rmsd: 0.001520
  step:  10 bond rmsd: 0.001520
  step:  11 bond rmsd: 0.001520
  step:  12 bond rmsd: 0.001520
  step:  13 bond rmsd: 0.001520
  step:  14 bond rmsd: 0.001520
  step:  15 bond rmsd: 0.001520
  step:  16 bond rmsd: 0.001521
  step:  17 bond rmsd: 0.001522
  step:  18 bond rmsd: 0.001524
  step:  19 bond rmsd: 0.001526
  step:  20 bond rmsd: 0.001527
  step:  21 bond rmsd: 0.001528
  step:  22 bond rmsd: 0.001530
  step:  23 bond rmsd: 0.001531
  step:  24 bond rmsd: 0.001533
  step:  25 bond rmsd: 0.001534
  step:  26 bond rmsd: 0.001534
  step:  27 bond rmsd: 0.001535
  step:  28 bond rmsd: 0.001536
  step:  29 bond rmsd: 0.001537
  step:  30 bond rmsd: 0.001537
  step:  31 bond rmsd: 0.001539
  step:  32 bond rmsd: 0.001539
  step:  33 bond rmsd: 0.001539
  step:  34 bond rmsd: 0.001538
  step:  35 bond rmsd: 0.001538
  step:  36 bond rmsd: 0.001538
  step:  37 bond rmsd: 0.001535
  step:  38 bond rmsd: 0.001534
  step:  39 bond rmsd: 0.001532
  step:  40 bond rmsd: 0.001530
  step:  41 bond rmsd: 0.001528
  step:  42 bond rmsd: 0.001527
  step:  43 bond rmsd: 0.001525
  step:  44 bond rmsd: 0.001522
  step:  45 bond rmsd: 0.001521
  step:  46 bond rmsd: 0.001519
  step:  47 bond rmsd: 0.001517
  step:  48 bond rmsd: 0.001516
  step:  49 bond rmsd: 0.001515
  step:  50 bond rmsd: 0.001512
  step:  51 bond rmsd: 0.001512
  step:  52 bond rmsd: 0.001513
micro_cycle  42 rmsd(b):  0.0015 rws:  1.000 n_fev: 2187
  step:   1 bond rmsd: 0.001513
  step:   2 bond rmsd: 0.065754
  step:   3 bond rmsd: 0.001592
  step:   4 bond rmsd: 0.001566
  step:   5 bond rmsd: 0.001549
  step:   6 bond rmsd: 0.001538
  step:   7 bond rmsd: 0.001530
  step:   8 bond rmsd: 0.001525
  step:   9 bond rmsd: 0.001522
  step:  10 bond rmsd: 0.001520
  step:  11 bond rmsd: 0.001519
  step:  12 bond rmsd: 0.001518
  step:  13 bond rmsd: 0.001517
  step:  14 bond rmsd: 0.001517
  step:  15 bond rmsd: 0.001516
  step:  16 bond rmsd: 0.001516
  step:  17 bond rmsd: 0.001516
  step:  18 bond rmsd: 0.001516
  step:  19 bond rmsd: 0.001517
  step:  20 bond rmsd: 0.001517
  step:  21 bond rmsd: 0.001517
  step:  22 bond rmsd: 0.001518
  step:  23 bond rmsd: 0.001519
  step:  24 bond rmsd: 0.001521
  step:  25 bond rmsd: 0.001523
  step:  26 bond rmsd: 0.001527
  step:  27 bond rmsd: 0.001530
  step:  28 bond rmsd: 0.001532
  step:  29 bond rmsd: 0.001534
  step:  30 bond rmsd: 0.001539
  step:  31 bond rmsd: 0.001539
  step:  32 bond rmsd: 0.001540
  step:  33 bond rmsd: 0.001541
  step:  34 bond rmsd: 0.001541
  step:  35 bond rmsd: 0.001541
  step:  36 bond rmsd: 0.001541
  step:  37 bond rmsd: 0.001541
  step:  38 bond rmsd: 0.001541
  step:  39 bond rmsd: 0.001540
  step:  40 bond rmsd: 0.001539
  step:  41 bond rmsd: 0.001538
  step:  42 bond rmsd: 0.001535
  step:  43 bond rmsd: 0.001533
  step:  44 bond rmsd: 0.001532
  step:  45 bond rmsd: 0.001531
  step:  46 bond rmsd: 0.001530
  step:  47 bond rmsd: 0.001529
  step:  48 bond rmsd: 0.001528
  step:  49 bond rmsd: 0.001527
  step:  50 bond rmsd: 0.001526
  step:  51 bond rmsd: 0.001526
  step:  52 bond rmsd: 0.001525
micro_cycle  43 rmsd(b):  0.0015 rws:  1.000 n_fev: 2239
  step:   1 bond rmsd: 0.001525
  step:   2 bond rmsd: 0.022407
  step:   3 bond rmsd: 0.001523
  step:   4 bond rmsd: 0.001523
  step:   5 bond rmsd: 0.001524
  step:   6 bond rmsd: 0.001524
  step:   7 bond rmsd: 0.001524
  step:   8 bond rmsd: 0.001524
  step:   9 bond rmsd: 0.001524
  step:  10 bond rmsd: 0.001525
  step:  11 bond rmsd: 0.001525
  step:  12 bond rmsd: 0.001525
  step:  13 bond rmsd: 0.001525
  step:  14 bond rmsd: 0.001525
  step:  15 bond rmsd: 0.001525
  step:  16 bond rmsd: 0.001525
  step:  17 bond rmsd: 0.001526
  step:  18 bond rmsd: 0.001526
  step:  19 bond rmsd: 0.001527
  step:  20 bond rmsd: 0.001527
  step:  21 bond rmsd: 0.001528
  step:  22 bond rmsd: 0.001530
  step:  23 bond rmsd: 0.001532
  step:  24 bond rmsd: 0.001534
  step:  25 bond rmsd: 0.001536
  step:  26 bond rmsd: 0.001538
  step:  27 bond rmsd: 0.001539
  step:  28 bond rmsd: 0.001541
  step:  29 bond rmsd: 0.001542
  step:  30 bond rmsd: 0.001543
  step:  31 bond rmsd: 0.001543
  step:  32 bond rmsd: 0.001543
  step:  33 bond rmsd: 0.001542
  step:  34 bond rmsd: 0.001542
  step:  35 bond rmsd: 0.001541
  step:  36 bond rmsd: 0.001539
  step:  37 bond rmsd: 0.001538
  step:  38 bond rmsd: 0.001535
  step:  39 bond rmsd: 0.001533
  step:  40 bond rmsd: 0.001530
  step:  41 bond rmsd: 0.001527
  step:  42 bond rmsd: 0.001524
  step:  43 bond rmsd: 0.001521
  step:  44 bond rmsd: 0.001518
  step:  45 bond rmsd: 0.001515
  step:  46 bond rmsd: 0.001512
  step:  47 bond rmsd: 0.001510
  step:  48 bond rmsd: 0.001507
  step:  49 bond rmsd: 0.001505
  step:  50 bond rmsd: 0.001502
  step:  51 bond rmsd: 0.001501
  step:  52 bond rmsd: 0.001499
micro_cycle  44 rmsd(b):  0.0015 rws:  1.000 n_fev: 2291
  step:   1 bond rmsd: 0.001499
  step:   2 bond rmsd: 0.047167
  step:   3 bond rmsd: 0.001634
  step:   4 bond rmsd: 0.001596
  step:   5 bond rmsd: 0.001570
  step:   6 bond rmsd: 0.001552
  step:   7 bond rmsd: 0.001539
  step:   8 bond rmsd: 0.001530
  step:   9 bond rmsd: 0.001523
  step:  10 bond rmsd: 0.001518
  step:  11 bond rmsd: 0.001515
  step:  12 bond rmsd: 0.001513
  step:  13 bond rmsd: 0.001511
  step:  14 bond rmsd: 0.001509
  step:  15 bond rmsd: 0.001508
  step:  16 bond rmsd: 0.001508
  step:  17 bond rmsd: 0.001507
  step:  18 bond rmsd: 0.001507
  step:  19 bond rmsd: 0.001506
  step:  20 bond rmsd: 0.001506
  step:  21 bond rmsd: 0.001507
  step:  22 bond rmsd: 0.001507
  step:  23 bond rmsd: 0.001509
  step:  24 bond rmsd: 0.001511
  step:  25 bond rmsd: 0.001516
  step:  26 bond rmsd: 0.001519
  step:  27 bond rmsd: 0.001522
  step:  28 bond rmsd: 0.001534
  step:  29 bond rmsd: 0.001536
  step:  30 bond rmsd: 0.001537
  step:  31 bond rmsd: 0.001538
  step:  32 bond rmsd: 0.001539
  step:  33 bond rmsd: 0.001540
  step:  34 bond rmsd: 0.001540
  step:  35 bond rmsd: 0.001541
  step:  36 bond rmsd: 0.001541
  step:  37 bond rmsd: 0.001542
  step:  38 bond rmsd: 0.001543
  step:  39 bond rmsd: 0.001544
  step:  40 bond rmsd: 0.001544
  step:  41 bond rmsd: 0.001542
  step:  42 bond rmsd: 0.001542
  step:  43 bond rmsd: 0.001542
  step:  44 bond rmsd: 0.001542
  step:  45 bond rmsd: 0.001541
  step:  46 bond rmsd: 0.001540
  step:  47 bond rmsd: 0.001539
  step:  48 bond rmsd: 0.001538
  step:  49 bond rmsd: 0.001536
  step:  50 bond rmsd: 0.001535
  step:  51 bond rmsd: 0.001534
  step:  52 bond rmsd: 0.001532
  step:  53 bond rmsd: 0.001531
micro_cycle  45 rmsd(b):  0.0015 rws:  1.000 n_fev: 2344
  step:   1 bond rmsd: 0.001531
  step:   2 bond rmsd: 0.028493
  step:   3 bond rmsd: 0.001528
  step:   4 bond rmsd: 0.001528
  step:   5 bond rmsd: 0.001529
  step:   6 bond rmsd: 0.001529
  step:   7 bond rmsd: 0.001529
  step:   8 bond rmsd: 0.001529
  step:   9 bond rmsd: 0.001530
  step:  10 bond rmsd: 0.001530
  step:  11 bond rmsd: 0.001530
  step:  12 bond rmsd: 0.001530
  step:  13 bond rmsd: 0.001530
  step:  14 bond rmsd: 0.001530
  step:  15 bond rmsd: 0.001530
  step:  16 bond rmsd: 0.001530
  step:  17 bond rmsd: 0.001530
  step:  18 bond rmsd: 0.001529
  step:  19 bond rmsd: 0.001528
  step:  20 bond rmsd: 0.001527
  step:  21 bond rmsd: 0.001527
  step:  22 bond rmsd: 0.001524
  step:  23 bond rmsd: 0.001524
  step:  24 bond rmsd: 0.001524
  step:  25 bond rmsd: 0.001524
  step:  26 bond rmsd: 0.001523
  step:  27 bond rmsd: 0.001523
  step:  28 bond rmsd: 0.001523
  step:  29 bond rmsd: 0.001523
  step:  30 bond rmsd: 0.001523
  step:  31 bond rmsd: 0.001523
  step:  32 bond rmsd: 0.001522
  step:  33 bond rmsd: 0.001522
  step:  34 bond rmsd: 0.001523
  step:  35 bond rmsd: 0.001522
  step:  36 bond rmsd: 0.001523
  step:  37 bond rmsd: 0.001522
  step:  38 bond rmsd: 0.001523
  step:  39 bond rmsd: 0.001522
  step:  40 bond rmsd: 0.001523
  step:  41 bond rmsd: 0.001522
  step:  42 bond rmsd: 0.001523
  step:  43 bond rmsd: 0.001524
  step:  44 bond rmsd: 0.001525
  step:  45 bond rmsd: 0.001526
  step:  46 bond rmsd: 0.001527
  step:  47 bond rmsd: 0.001528
  step:  48 bond rmsd: 0.001530
  step:  49 bond rmsd: 0.001532
  step:  50 bond rmsd: 0.001534
  step:  51 bond rmsd: 0.001536
  step:  52 bond rmsd: 0.001538
micro_cycle  46 rmsd(b):  0.0015 rws:  1.000 n_fev: 2396
  step:   1 bond rmsd: 0.001538
  step:   2 bond rmsd: 0.066256
  step:   3 bond rmsd: 0.001719
  step:   4 bond rmsd: 0.001660
  step:   5 bond rmsd: 0.001621
  step:   6 bond rmsd: 0.001594
  step:   7 bond rmsd: 0.001577
  step:   8 bond rmsd: 0.001565
  step:   9 bond rmsd: 0.001556
  step:  10 bond rmsd: 0.001551
  step:  11 bond rmsd: 0.001547
  step:  12 bond rmsd: 0.001544
  step:  13 bond rmsd: 0.001543
  step:  14 bond rmsd: 0.001541
  step:  15 bond rmsd: 0.001540
  step:  16 bond rmsd: 0.001539
  step:  17 bond rmsd: 0.001539
  step:  18 bond rmsd: 0.001538
  step:  19 bond rmsd: 0.001538
  step:  20 bond rmsd: 0.001538
  step:  21 bond rmsd: 0.001537
  step:  22 bond rmsd: 0.001537
  step:  23 bond rmsd: 0.001537
  step:  24 bond rmsd: 0.001536
  step:  25 bond rmsd: 0.001535
  step:  26 bond rmsd: 0.001535
  step:  27 bond rmsd: 0.001534
  step:  28 bond rmsd: 0.001533
  step:  29 bond rmsd: 0.001531
  step:  30 bond rmsd: 0.001532
  step:  31 bond rmsd: 0.001530
  step:  32 bond rmsd: 0.001530
  step:  33 bond rmsd: 0.001530
  step:  34 bond rmsd: 0.001530
  step:  35 bond rmsd: 0.001529
  step:  36 bond rmsd: 0.001529
  step:  37 bond rmsd: 0.001529
  step:  38 bond rmsd: 0.001527
  step:  39 bond rmsd: 0.001527
  step:  40 bond rmsd: 0.001527
  step:  41 bond rmsd: 0.001526
  step:  42 bond rmsd: 0.001526
  step:  43 bond rmsd: 0.001526
  step:  44 bond rmsd: 0.001526
  step:  45 bond rmsd: 0.001526
  step:  46 bond rmsd: 0.001526
  step:  47 bond rmsd: 0.001526
  step:  48 bond rmsd: 0.001527
  step:  49 bond rmsd: 0.001527
  step:  50 bond rmsd: 0.001527
  step:  51 bond rmsd: 0.001527
  step:  52 bond rmsd: 0.001528
micro_cycle  47 rmsd(b):  0.0015 rws:  1.000 n_fev: 2448
  step:   1 bond rmsd: 0.001528
  step:   2 bond rmsd: 0.008766
  step:   3 bond rmsd: 0.001528
  step:   4 bond rmsd: 0.001528
  step:   5 bond rmsd: 0.001528
  step:   6 bond rmsd: 0.001528
  step:   7 bond rmsd: 0.001528
  step:   8 bond rmsd: 0.001528
  step:   9 bond rmsd: 0.001528
  step:  10 bond rmsd: 0.001528
  step:  11 bond rmsd: 0.001528
  step:  12 bond rmsd: 0.001528
  step:  13 bond rmsd: 0.001528
  step:  14 bond rmsd: 0.001528
  step:  15 bond rmsd: 0.001527
  step:  16 bond rmsd: 0.001527
  step:  17 bond rmsd: 0.001527
  step:  18 bond rmsd: 0.001527
  step:  19 bond rmsd: 0.001527
  step:  20 bond rmsd: 0.001528
  step:  21 bond rmsd: 0.001526
  step:  22 bond rmsd: 0.001525
  step:  23 bond rmsd: 0.001523
  step:  24 bond rmsd: 0.001521
  step:  25 bond rmsd: 0.001520
  step:  26 bond rmsd: 0.001519
  step:  27 bond rmsd: 0.001519
  step:  28 bond rmsd: 0.001517
  step:  29 bond rmsd: 0.001517
  step:  30 bond rmsd: 0.001516
  step:  31 bond rmsd: 0.001516
  step:  32 bond rmsd: 0.001515
  step:  33 bond rmsd: 0.001516
  step:  34 bond rmsd: 0.001517
  step:  35 bond rmsd: 0.001517
  step:  36 bond rmsd: 0.001519
  step:  37 bond rmsd: 0.001521
  step:  38 bond rmsd: 0.001524
  step:  39 bond rmsd: 0.001526
  step:  40 bond rmsd: 0.001531
  step:  41 bond rmsd: 0.001533
  step:  42 bond rmsd: 0.001537
  step:  43 bond rmsd: 0.001540
  step:  44 bond rmsd: 0.001543
  step:  45 bond rmsd: 0.001546
  step:  46 bond rmsd: 0.001549
  step:  47 bond rmsd: 0.001552
  step:  48 bond rmsd: 0.001555
  step:  49 bond rmsd: 0.001558
  step:  50 bond rmsd: 0.001561
  step:  51 bond rmsd: 0.001564
  step:  52 bond rmsd: 0.001566
micro_cycle  48 rmsd(b):  0.0016 rws:  1.000 n_fev: 2500
  step:   1 bond rmsd: 0.001566
  step:   2 bond rmsd: 0.060669
  step:   3 bond rmsd: 0.001595
  step:   4 bond rmsd: 0.001588
  step:   5 bond rmsd: 0.001582
  step:   6 bond rmsd: 0.001577
  step:   7 bond rmsd: 0.001574
  step:   8 bond rmsd: 0.001571
  step:   9 bond rmsd: 0.001568
  step:  10 bond rmsd: 0.001566
  step:  11 bond rmsd: 0.001564
  step:  12 bond rmsd: 0.001562
  step:  13 bond rmsd: 0.001561
  step:  14 bond rmsd: 0.001559
  step:  15 bond rmsd: 0.001558
  step:  16 bond rmsd: 0.001556
  step:  17 bond rmsd: 0.001554
  step:  18 bond rmsd: 0.001551
  step:  19 bond rmsd: 0.001548
  step:  20 bond rmsd: 0.001545
  step:  21 bond rmsd: 0.001542
  step:  22 bond rmsd: 0.001538
  step:  23 bond rmsd: 0.001536
  step:  24 bond rmsd: 0.001533
  step:  25 bond rmsd: 0.001530
  step:  26 bond rmsd: 0.001527
  step:  27 bond rmsd: 0.001525
  step:  28 bond rmsd: 0.001523
  step:  29 bond rmsd: 0.001522
  step:  30 bond rmsd: 0.001521
  step:  31 bond rmsd: 0.001520
  step:  32 bond rmsd: 0.001519
  step:  33 bond rmsd: 0.001519
  step:  34 bond rmsd: 0.001518
  step:  35 bond rmsd: 0.001518
  step:  36 bond rmsd: 0.001518
  step:  37 bond rmsd: 0.001518
  step:  38 bond rmsd: 0.001519
  step:  39 bond rmsd: 0.001519
  step:  40 bond rmsd: 0.001520
  step:  41 bond rmsd: 0.001520
  step:  42 bond rmsd: 0.001521
  step:  43 bond rmsd: 0.001522
  step:  44 bond rmsd: 0.001522
  step:  45 bond rmsd: 0.001523
  step:  46 bond rmsd: 0.001523
  step:  47 bond rmsd: 0.001523
  step:  48 bond rmsd: 0.001524
  step:  49 bond rmsd: 0.001524
  step:  50 bond rmsd: 0.001524
  step:  51 bond rmsd: 0.001524
  step:  52 bond rmsd: 0.001525
micro_cycle  49 rmsd(b):  0.0015 rws:  1.000 n_fev: 2552
  step:   1 bond rmsd: 0.001525
  step:   2 bond rmsd: 0.017953
  step:   3 bond rmsd: 0.001527
  step:   4 bond rmsd: 0.001526
  step:   5 bond rmsd: 0.001526
  step:   6 bond rmsd: 0.001526
  step:   7 bond rmsd: 0.001525
  step:   8 bond rmsd: 0.001525
  step:   9 bond rmsd: 0.001525
  step:  10 bond rmsd: 0.001525
  step:  11 bond rmsd: 0.001525
  step:  12 bond rmsd: 0.001525
  step:  13 bond rmsd: 0.001525
  step:  14 bond rmsd: 0.001525
  step:  15 bond rmsd: 0.001525
  step:  16 bond rmsd: 0.001524
  step:  17 bond rmsd: 0.001524
  step:  18 bond rmsd: 0.001524
  step:  19 bond rmsd: 0.001524
  step:  20 bond rmsd: 0.001524
  step:  21 bond rmsd: 0.001524
  step:  22 bond rmsd: 0.001524
  step:  23 bond rmsd: 0.001524
  step:  24 bond rmsd: 0.001527
  step:  25 bond rmsd: 0.001527
  step:  26 bond rmsd: 0.001527
  step:  27 bond rmsd: 0.001526
  step:  28 bond rmsd: 0.001526
  step:  29 bond rmsd: 0.001526
  step:  30 bond rmsd: 0.001526
  step:  31 bond rmsd: 0.001526
  step:  32 bond rmsd: 0.001526
  step:  33 bond rmsd: 0.001526
  step:  34 bond rmsd: 0.001526
  step:  35 bond rmsd: 0.001526
  step:  36 bond rmsd: 0.001527
  step:  37 bond rmsd: 0.001528
  step:  38 bond rmsd: 0.001530
  step:  39 bond rmsd: 0.001531
  step:  40 bond rmsd: 0.001532
  step:  41 bond rmsd: 0.001535
  step:  42 bond rmsd: 0.001537
  step:  43 bond rmsd: 0.001539
  step:  44 bond rmsd: 0.001540
  step:  45 bond rmsd: 0.001542
  step:  46 bond rmsd: 0.001543
  step:  47 bond rmsd: 0.001545
  step:  48 bond rmsd: 0.001547
  step:  49 bond rmsd: 0.001548
  step:  50 bond rmsd: 0.001550
  step:  51 bond rmsd: 0.001551
  step:  52 bond rmsd: 0.001552
  step:  53 bond rmsd: 0.001553
micro_cycle  50 rmsd(b):  0.0016 rws:  1.000 n_fev: 2605
See 5_refined.pdb in pdb folder.
Time: 41.2029
