Starting Q|R
Running refinement
   input {
     xray_data {
       file_name = None
       labels = None
       high_resolution = None
       low_resolution = None
       outliers_rejection = True
       french_wilson_scale = True
       french_wilson {
         max_bins = 60
         min_bin_size = 40
       }
       sigma_fobs_rejection_criterion = None
       sigma_iobs_rejection_criterion = None
       ignore_all_zeros = True
       force_anomalous_flag_to_be_equal_to = None
       convert_to_non_anomalous_if_ratio_pairs_lone_less_than_threshold = 0.5
       r_free_flags {
         file_name = None
         label = None
         test_flag_value = None
         ignore_r_free_flags = False
         disable_suitability_test = False
         ignore_pdb_hexdigest = False
         generate = False
         fraction = 0.1
         max_free = 2000
         lattice_symmetry_max_delta = 5
         use_lattice_symmetry = True
         use_dataman_shells = False
         n_shells = 20
       }
     }
     pdb {
       file_name = None
     }
     monomers {
       file_name = None
     }
     maps {
       map_file_name = None
       d_min = None
       map_coefficients_file_name = None
       map_coefficients_label = None
     }
     sequence = None
     scattering_table = wk1995 it1992 *n_gaussian neutron electron
     wavelength = None
     energy = None
     twin_law = Auto
   }
   max_atoms = 15000
   debug = False
   cluster {
     charge_cutoff = 8.0
     clustering = false
     charge_embedding = False
     two_buffers = False
     maxnum_residues_in_cluster = 15
     clustering_method = gnc *bcc
     altloc_method = *average subtract
   }
   restraints = *cctbx qm
   quantum {
     engine_name = *mopac ani torchani terachem turbomole pyscf orca gaussian \
                   xtb
     charge = None
     basis = Auto
     method = Auto
     memory = None
     nproc = None
     qm_addon = gcp dftd3 gcp-d3
     qm_addon_method = None
   }
   refine {
     dry_run = False
     sf_algorithm = *direct fft
     refinement_target_name = *ml ls_wunit_k1
     mode = *opt refine
     number_of_macro_cycles = 1
     number_of_weight_search_cycles = 50
     number_of_refine_cycles = 5
     number_of_micro_cycles = 50
     data_weight = None
     choose_best_use_r_work = False
     skip_initial_weight_optimization = False
     adjust_restraints_weight_scale_value = 2
     max_iterations_weight = 50
     max_iterations_refine = 50
     use_ase_lbfgs = False
     line_search = True
     stpmax = 0.2
     gradient_only = true
     update_all_scales = True
     refine_sites = True
     refine_adp = False
     restraints_weight_scale = 1.0
     shake_sites = False
     use_convergence_test = true
     max_bond_rmsd = 0.03
     max_r_work_r_free_gap = 5.0
     r_tolerance = 0.001
     rmsd_tolerance = 0.001
     opt_log = False
     pre_opt = False
     pre_opt_stpmax = 0.1
     pre_opt_iter = 10
     pre_opt_switch = 2
     pre_opt_gconv = 3000
   }
   parallel {
     method = *multiprocessing slurm pbs sge lsf threading
     nproc = None
     qsub_command = None
   }
   output_file_name_prefix = None
   output_folder_name = "pdb"
   shared_disk = True
   rst_file = None
   dump_gradients = None

Setting QM defaults
  Setting QM method to PM7


***********************************************************
restart info will be stored in /home/lum/3nir/cctbx_opt/pdb/6.rst.pickle
***********************************************************

start   0 rmsd(b):  0.0178 rws:  1.000 n_fev: 0
  step:   1 bond rmsd: 0.017776
  step:   2 bond rmsd: 0.064330
  step:   3 bond rmsd: 0.064330
  step:   4 bond rmsd: 0.052469
  step:   5 bond rmsd: 0.042739
  step:   6 bond rmsd: 0.035084
  step:   7 bond rmsd: 0.029067
  step:   8 bond rmsd: 0.024349
  step:   9 bond rmsd: 0.020669
  step:  10 bond rmsd: 0.017814
  step:  11 bond rmsd: 0.015613
  step:  12 bond rmsd: 0.013926
  step:  13 bond rmsd: 0.012634
  step:  14 bond rmsd: 0.011639
  step:  15 bond rmsd: 0.010863
  step:  16 bond rmsd: 0.010241
  step:  17 bond rmsd: 0.009722
  step:  18 bond rmsd: 0.009265
  step:  19 bond rmsd: 0.008832
  step:  20 bond rmsd: 0.008390
  step:  21 bond rmsd: 0.007900
  step:  22 bond rmsd: 0.007304
  step:  23 bond rmsd: 0.006315
  step:  24 bond rmsd: 0.005996
  step:  25 bond rmsd: 0.005382
  step:  26 bond rmsd: 0.004740
  step:  27 bond rmsd: 0.004395
  step:  28 bond rmsd: 0.004211
  step:  29 bond rmsd: 0.004056
  step:  30 bond rmsd: 0.003940
  step:  31 bond rmsd: 0.003908
  step:  32 bond rmsd: 0.003866
  step:  33 bond rmsd: 0.003850
  step:  34 bond rmsd: 0.003896
  step:  35 bond rmsd: 0.003882
  step:  36 bond rmsd: 0.003877
  step:  37 bond rmsd: 0.003851
  step:  38 bond rmsd: 0.003824
  step:  39 bond rmsd: 0.003768
  step:  40 bond rmsd: 0.003681
  step:  41 bond rmsd: 0.003590
  step:  42 bond rmsd: 0.003479
  step:  43 bond rmsd: 0.003350
  step:  44 bond rmsd: 0.003175
  step:  45 bond rmsd: 0.003041
  step:  46 bond rmsd: 0.002881
  step:  47 bond rmsd: 0.002772
  step:  48 bond rmsd: 0.002644
  step:  49 bond rmsd: 0.002557
  step:  50 bond rmsd: 0.002482
  step:  51 bond rmsd: 0.002416
  step:  52 bond rmsd: 0.002374
micro_cycle   1 rmsd(b):  0.0024 rws:  1.000 n_fev: 52
  step:   1 bond rmsd: 0.002374
  step:   2 bond rmsd: 0.062539
  step:   3 bond rmsd: 0.042069
  step:   4 bond rmsd: 0.033662
  step:   5 bond rmsd: 0.026869
  step:   6 bond rmsd: 0.021508
  step:   7 bond rmsd: 0.017270
  step:   8 bond rmsd: 0.013913
  step:   9 bond rmsd: 0.011252
  step:  10 bond rmsd: 0.009146
  step:  11 bond rmsd: 0.007485
  step:  12 bond rmsd: 0.006182
  step:  13 bond rmsd: 0.005169
  step:  14 bond rmsd: 0.004391
  step:  15 bond rmsd: 0.003802
  step:  16 bond rmsd: 0.003366
  step:  17 bond rmsd: 0.003047
  step:  18 bond rmsd: 0.002820
  step:  19 bond rmsd: 0.002660
  step:  20 bond rmsd: 0.002548
  step:  21 bond rmsd: 0.002471
  step:  22 bond rmsd: 0.002418
  step:  23 bond rmsd: 0.002381
  step:  24 bond rmsd: 0.002355
  step:  25 bond rmsd: 0.002337
  step:  26 bond rmsd: 0.002323
  step:  27 bond rmsd: 0.002313
  step:  28 bond rmsd: 0.002305
  step:  29 bond rmsd: 0.002298
  step:  30 bond rmsd: 0.002293
  step:  31 bond rmsd: 0.002288
  step:  32 bond rmsd: 0.002285
  step:  33 bond rmsd: 0.002285
  step:  34 bond rmsd: 0.002289
  step:  35 bond rmsd: 0.002287
  step:  36 bond rmsd: 0.002302
  step:  37 bond rmsd: 0.002441
  step:  38 bond rmsd: 0.002460
  step:  39 bond rmsd: 0.002476
  step:  40 bond rmsd: 0.002531
  step:  41 bond rmsd: 0.002550
  step:  42 bond rmsd: 0.002567
  step:  43 bond rmsd: 0.002561
  step:  44 bond rmsd: 0.002570
  step:  45 bond rmsd: 0.002578
  step:  46 bond rmsd: 0.002553
  step:  47 bond rmsd: 0.002541
  step:  48 bond rmsd: 0.002507
  step:  49 bond rmsd: 0.002471
  step:  50 bond rmsd: 0.002386
  step:  51 bond rmsd: 0.002329
  step:  52 bond rmsd: 0.002276
micro_cycle   2 rmsd(b):  0.0023 rws:  1.000 n_fev: 104
  step:   1 bond rmsd: 0.002276
  step:   2 bond rmsd: 0.046155
  step:   3 bond rmsd: 0.022125
  step:   4 bond rmsd: 0.017774
  step:   5 bond rmsd: 0.014307
  step:   6 bond rmsd: 0.011559
  step:   7 bond rmsd: 0.009385
  step:   8 bond rmsd: 0.007669
  step:   9 bond rmsd: 0.006321
  step:  10 bond rmsd: 0.005270
  step:  11 bond rmsd: 0.004457
  step:  12 bond rmsd: 0.003836
  step:  13 bond rmsd: 0.003368
  step:  14 bond rmsd: 0.003021
  step:  15 bond rmsd: 0.002766
  step:  16 bond rmsd: 0.002582
  step:  17 bond rmsd: 0.002450
  step:  18 bond rmsd: 0.002355
  step:  19 bond rmsd: 0.002286
  step:  20 bond rmsd: 0.002236
  step:  21 bond rmsd: 0.002199
  step:  22 bond rmsd: 0.002171
  step:  23 bond rmsd: 0.002150
  step:  24 bond rmsd: 0.002133
  step:  25 bond rmsd: 0.002119
  step:  26 bond rmsd: 0.002107
  step:  27 bond rmsd: 0.002095
  step:  28 bond rmsd: 0.002083
  step:  29 bond rmsd: 0.002068
  step:  30 bond rmsd: 0.002051
  step:  31 bond rmsd: 0.002027
  step:  32 bond rmsd: 0.001992
  step:  33 bond rmsd: 0.001939
  step:  34 bond rmsd: 0.001844
  step:  35 bond rmsd: 0.001809
  step:  36 bond rmsd: 0.001784
  step:  37 bond rmsd: 0.001763
  step:  38 bond rmsd: 0.001750
  step:  39 bond rmsd: 0.001749
  step:  40 bond rmsd: 0.001745
  step:  41 bond rmsd: 0.001749
  step:  42 bond rmsd: 0.001741
  step:  43 bond rmsd: 0.001746
  step:  44 bond rmsd: 0.001748
  step:  45 bond rmsd: 0.001757
  step:  46 bond rmsd: 0.001766
  step:  47 bond rmsd: 0.001781
  step:  48 bond rmsd: 0.001804
  step:  49 bond rmsd: 0.001828
  step:  50 bond rmsd: 0.001872
  step:  51 bond rmsd: 0.001906
  step:  52 bond rmsd: 0.001977
micro_cycle   3 rmsd(b):  0.0020 rws:  1.000 n_fev: 156
  step:   1 bond rmsd: 0.001977
  step:   2 bond rmsd: 0.056922
  step:   3 bond rmsd: 0.046356
  step:   4 bond rmsd: 0.037207
  step:   5 bond rmsd: 0.029804
  step:   6 bond rmsd: 0.023926
  step:   7 bond rmsd: 0.019244
  step:   8 bond rmsd: 0.015503
  step:   9 bond rmsd: 0.012511
  step:  10 bond rmsd: 0.010119
  step:  11 bond rmsd: 0.008211
  step:  12 bond rmsd: 0.006694
  step:  13 bond rmsd: 0.005496
  step:  14 bond rmsd: 0.004558
  step:  15 bond rmsd: 0.003833
  step:  16 bond rmsd: 0.003280
  step:  17 bond rmsd: 0.002867
  step:  18 bond rmsd: 0.002565
  step:  19 bond rmsd: 0.002349
  step:  20 bond rmsd: 0.002198
  step:  21 bond rmsd: 0.002094
  step:  22 bond rmsd: 0.002024
  step:  23 bond rmsd: 0.001976
  step:  24 bond rmsd: 0.001944
  step:  25 bond rmsd: 0.001922
  step:  26 bond rmsd: 0.001907
  step:  27 bond rmsd: 0.001897
  step:  28 bond rmsd: 0.001889
  step:  29 bond rmsd: 0.001883
  step:  30 bond rmsd: 0.001878
  step:  31 bond rmsd: 0.001873
  step:  32 bond rmsd: 0.001869
  step:  33 bond rmsd: 0.001864
  step:  34 bond rmsd: 0.001857
  step:  35 bond rmsd: 0.001848
  step:  36 bond rmsd: 0.001832
  step:  37 bond rmsd: 0.001805
  step:  38 bond rmsd: 0.001775
  step:  39 bond rmsd: 0.001763
  step:  40 bond rmsd: 0.001833
  step:  41 bond rmsd: 0.001819
  step:  42 bond rmsd: 0.001808
  step:  43 bond rmsd: 0.001798
  step:  44 bond rmsd: 0.001792
  step:  45 bond rmsd: 0.001783
  step:  46 bond rmsd: 0.001778
  step:  47 bond rmsd: 0.001773
  step:  48 bond rmsd: 0.001772
  step:  49 bond rmsd: 0.001768
  step:  50 bond rmsd: 0.001767
  step:  51 bond rmsd: 0.001773
  step:  52 bond rmsd: 0.001772
micro_cycle   4 rmsd(b):  0.0018 rws:  1.000 n_fev: 208
  step:   1 bond rmsd: 0.001772
  step:   2 bond rmsd: 0.045911
  step:   3 bond rmsd: 0.003865
  step:   4 bond rmsd: 0.003334
  step:   5 bond rmsd: 0.002931
  step:   6 bond rmsd: 0.002628
  step:   7 bond rmsd: 0.002403
  step:   8 bond rmsd: 0.002238
  step:   9 bond rmsd: 0.002118
  step:  10 bond rmsd: 0.002030
  step:  11 bond rmsd: 0.001966
  step:  12 bond rmsd: 0.001918
  step:  13 bond rmsd: 0.001883
  step:  14 bond rmsd: 0.001857
  step:  15 bond rmsd: 0.001837
  step:  16 bond rmsd: 0.001821
  step:  17 bond rmsd: 0.001808
  step:  18 bond rmsd: 0.001798
  step:  19 bond rmsd: 0.001789
  step:  20 bond rmsd: 0.001782
  step:  21 bond rmsd: 0.001775
  step:  22 bond rmsd: 0.001768
  step:  23 bond rmsd: 0.001761
  step:  24 bond rmsd: 0.001754
  step:  25 bond rmsd: 0.001744
  step:  26 bond rmsd: 0.001732
  step:  27 bond rmsd: 0.001718
  step:  28 bond rmsd: 0.001702
  step:  29 bond rmsd: 0.001688
  step:  30 bond rmsd: 0.001732
  step:  31 bond rmsd: 0.001726
  step:  32 bond rmsd: 0.001707
  step:  33 bond rmsd: 0.001686
  step:  34 bond rmsd: 0.001672
  step:  35 bond rmsd: 0.001664
  step:  36 bond rmsd: 0.001676
  step:  37 bond rmsd: 0.001670
  step:  38 bond rmsd: 0.001702
  step:  39 bond rmsd: 0.001713
  step:  40 bond rmsd: 0.001716
  step:  41 bond rmsd: 0.001729
  step:  42 bond rmsd: 0.001754
  step:  43 bond rmsd: 0.001762
  step:  44 bond rmsd: 0.001766
  step:  45 bond rmsd: 0.001778
  step:  46 bond rmsd: 0.001771
  step:  47 bond rmsd: 0.001774
  step:  48 bond rmsd: 0.001750
  step:  49 bond rmsd: 0.001748
  step:  50 bond rmsd: 0.001745
  step:  51 bond rmsd: 0.001734
  step:  52 bond rmsd: 0.001735
micro_cycle   5 rmsd(b):  0.0017 rws:  1.000 n_fev: 260
  step:   1 bond rmsd: 0.001735
  step:   2 bond rmsd: 0.056574
  step:   3 bond rmsd: 0.015177
  step:   4 bond rmsd: 0.012172
  step:   5 bond rmsd: 0.009769
  step:   6 bond rmsd: 0.007871
  step:   7 bond rmsd: 0.006375
  step:   8 bond rmsd: 0.005199
  step:   9 bond rmsd: 0.004283
  step:  10 bond rmsd: 0.003576
  step:  11 bond rmsd: 0.003037
  step:  12 bond rmsd: 0.002634
  step:  13 bond rmsd: 0.002338
  step:  14 bond rmsd: 0.002125
  step:  15 bond rmsd: 0.001976
  step:  16 bond rmsd: 0.001872
  step:  17 bond rmsd: 0.001801
  step:  18 bond rmsd: 0.001752
  step:  19 bond rmsd: 0.001719
  step:  20 bond rmsd: 0.001696
  step:  21 bond rmsd: 0.001680
  step:  22 bond rmsd: 0.001669
  step:  23 bond rmsd: 0.001660
  step:  24 bond rmsd: 0.001654
  step:  25 bond rmsd: 0.001649
  step:  26 bond rmsd: 0.001644
  step:  27 bond rmsd: 0.001640
  step:  28 bond rmsd: 0.001635
  step:  29 bond rmsd: 0.001629
  step:  30 bond rmsd: 0.001622
  step:  31 bond rmsd: 0.001611
  step:  32 bond rmsd: 0.001596
  step:  33 bond rmsd: 0.001576
  step:  34 bond rmsd: 0.001553
  step:  35 bond rmsd: 0.001546
  step:  36 bond rmsd: 0.001546
  step:  37 bond rmsd: 0.001583
  step:  38 bond rmsd: 0.001581
  step:  39 bond rmsd: 0.001580
  step:  40 bond rmsd: 0.001581
  step:  41 bond rmsd: 0.001581
  step:  42 bond rmsd: 0.001583
  step:  43 bond rmsd: 0.001583
  step:  44 bond rmsd: 0.001584
  step:  45 bond rmsd: 0.001585
  step:  46 bond rmsd: 0.001586
  step:  47 bond rmsd: 0.001588
  step:  48 bond rmsd: 0.001589
  step:  49 bond rmsd: 0.001596
  step:  50 bond rmsd: 0.001597
  step:  51 bond rmsd: 0.001594
  step:  52 bond rmsd: 0.001593
micro_cycle   6 rmsd(b):  0.0016 rws:  1.000 n_fev: 312
  step:   1 bond rmsd: 0.001593
  step:   2 bond rmsd: 0.058502
  step:   3 bond rmsd: 0.002532
  step:   4 bond rmsd: 0.002233
  step:   5 bond rmsd: 0.002019
  step:   6 bond rmsd: 0.001871
  step:   7 bond rmsd: 0.001770
  step:   8 bond rmsd: 0.001703
  step:   9 bond rmsd: 0.001660
  step:  10 bond rmsd: 0.001631
  step:  11 bond rmsd: 0.001613
  step:  12 bond rmsd: 0.001602
  step:  13 bond rmsd: 0.001595
  step:  14 bond rmsd: 0.001590
  step:  15 bond rmsd: 0.001588
  step:  16 bond rmsd: 0.001586
  step:  17 bond rmsd: 0.001585
  step:  18 bond rmsd: 0.001584
  step:  19 bond rmsd: 0.001583
  step:  20 bond rmsd: 0.001583
  step:  21 bond rmsd: 0.001583
  step:  22 bond rmsd: 0.001582
  step:  23 bond rmsd: 0.001582
  step:  24 bond rmsd: 0.001581
  step:  25 bond rmsd: 0.001580
  step:  26 bond rmsd: 0.001578
  step:  27 bond rmsd: 0.001575
  step:  28 bond rmsd: 0.001570
  step:  29 bond rmsd: 0.001562
  step:  30 bond rmsd: 0.001556
  step:  31 bond rmsd: 0.001554
  step:  32 bond rmsd: 0.001552
  step:  33 bond rmsd: 0.001570
  step:  34 bond rmsd: 0.001570
  step:  35 bond rmsd: 0.001571
  step:  36 bond rmsd: 0.001572
  step:  37 bond rmsd: 0.001575
  step:  38 bond rmsd: 0.001578
  step:  39 bond rmsd: 0.001589
  step:  40 bond rmsd: 0.001595
  step:  41 bond rmsd: 0.001607
  step:  42 bond rmsd: 0.001621
  step:  43 bond rmsd: 0.001644
  step:  44 bond rmsd: 0.001664
  step:  45 bond rmsd: 0.001697
  step:  46 bond rmsd: 0.001722
  step:  47 bond rmsd: 0.001747
  step:  48 bond rmsd: 0.001772
  step:  49 bond rmsd: 0.001799
  step:  50 bond rmsd: 0.001817
  step:  51 bond rmsd: 0.001832
  step:  52 bond rmsd: 0.001850
micro_cycle   7 rmsd(b):  0.0019 rws:  1.000 n_fev: 364
  step:   1 bond rmsd: 0.001850
  step:   2 bond rmsd: 0.060611
  step:   3 bond rmsd: 0.004442
  step:   4 bond rmsd: 0.003707
  step:   5 bond rmsd: 0.003150
  step:   6 bond rmsd: 0.002736
  step:   7 bond rmsd: 0.002436
  step:   8 bond rmsd: 0.002223
  step:   9 bond rmsd: 0.002076
  step:  10 bond rmsd: 0.001976
  step:  11 bond rmsd: 0.001910
  step:  12 bond rmsd: 0.001865
  step:  13 bond rmsd: 0.001836
  step:  14 bond rmsd: 0.001816
  step:  15 bond rmsd: 0.001802
  step:  16 bond rmsd: 0.001793
  step:  17 bond rmsd: 0.001786
  step:  18 bond rmsd: 0.001781
  step:  19 bond rmsd: 0.001777
  step:  20 bond rmsd: 0.001774
  step:  21 bond rmsd: 0.001771
  step:  22 bond rmsd: 0.001767
  step:  23 bond rmsd: 0.001764
  step:  24 bond rmsd: 0.001759
  step:  25 bond rmsd: 0.001752
  step:  26 bond rmsd: 0.001743
  step:  27 bond rmsd: 0.001728
  step:  28 bond rmsd: 0.001706
  step:  29 bond rmsd: 0.001674
  step:  30 bond rmsd: 0.001658
  step:  31 bond rmsd: 0.001647
  step:  32 bond rmsd: 0.001688
  step:  33 bond rmsd: 0.001688
  step:  34 bond rmsd: 0.001672
  step:  35 bond rmsd: 0.001661
  step:  36 bond rmsd: 0.001653
  step:  37 bond rmsd: 0.001647
  step:  38 bond rmsd: 0.001643
  step:  39 bond rmsd: 0.001640
  step:  40 bond rmsd: 0.001637
  step:  41 bond rmsd: 0.001635
  step:  42 bond rmsd: 0.001634
  step:  43 bond rmsd: 0.001634
  step:  44 bond rmsd: 0.001634
  step:  45 bond rmsd: 0.001635
  step:  46 bond rmsd: 0.001670
  step:  47 bond rmsd: 0.001670
  step:  48 bond rmsd: 0.001664
  step:  49 bond rmsd: 0.001658
  step:  50 bond rmsd: 0.001653
  step:  51 bond rmsd: 0.001650
  step:  52 bond rmsd: 0.001647
  step:  53 bond rmsd: 0.001645
  step:  54 bond rmsd: 0.001643
micro_cycle   8 rmsd(b):  0.0016 rws:  1.000 n_fev: 418
  step:   1 bond rmsd: 0.001643
  step:   2 bond rmsd: 0.055665
  step:   3 bond rmsd: 0.001645
  step:   4 bond rmsd: 0.001634
  step:   5 bond rmsd: 0.001628
  step:   6 bond rmsd: 0.001626
  step:   7 bond rmsd: 0.001625
  step:   8 bond rmsd: 0.001625
  step:   9 bond rmsd: 0.001625
  step:  10 bond rmsd: 0.001626
  step:  11 bond rmsd: 0.001627
  step:  12 bond rmsd: 0.001628
  step:  13 bond rmsd: 0.001628
  step:  14 bond rmsd: 0.001629
  step:  15 bond rmsd: 0.001629
  step:  16 bond rmsd: 0.001630
  step:  17 bond rmsd: 0.001630
  step:  18 bond rmsd: 0.001630
  step:  19 bond rmsd: 0.001630
  step:  20 bond rmsd: 0.001629
  step:  21 bond rmsd: 0.001627
  step:  22 bond rmsd: 0.001624
  step:  23 bond rmsd: 0.001616
  step:  24 bond rmsd: 0.001601
  step:  25 bond rmsd: 0.001592
  step:  26 bond rmsd: 0.001587
  step:  27 bond rmsd: 0.001577
  step:  28 bond rmsd: 0.001574
  step:  29 bond rmsd: 0.001572
  step:  30 bond rmsd: 0.001572
  step:  31 bond rmsd: 0.001571
  step:  32 bond rmsd: 0.001571
  step:  33 bond rmsd: 0.001572
  step:  34 bond rmsd: 0.001572
  step:  35 bond rmsd: 0.001578
  step:  36 bond rmsd: 0.001579
  step:  37 bond rmsd: 0.001585
  step:  38 bond rmsd: 0.001588
  step:  39 bond rmsd: 0.001593
  step:  40 bond rmsd: 0.001598
  step:  41 bond rmsd: 0.001608
  step:  42 bond rmsd: 0.001617
  step:  43 bond rmsd: 0.001629
  step:  44 bond rmsd: 0.001641
  step:  45 bond rmsd: 0.001654
  step:  46 bond rmsd: 0.001669
  step:  47 bond rmsd: 0.001683
  step:  48 bond rmsd: 0.001695
  step:  49 bond rmsd: 0.001712
  step:  50 bond rmsd: 0.001718
  step:  51 bond rmsd: 0.001728
  step:  52 bond rmsd: 0.001735
micro_cycle   9 rmsd(b):  0.0017 rws:  1.000 n_fev: 470
  step:   1 bond rmsd: 0.001735
  step:   2 bond rmsd: 0.073297
  step:   3 bond rmsd: 0.004826
  step:   4 bond rmsd: 0.003969
  step:   5 bond rmsd: 0.003311
  step:   6 bond rmsd: 0.002815
  step:   7 bond rmsd: 0.002450
  step:   8 bond rmsd: 0.002189
  step:   9 bond rmsd: 0.002008
  step:  10 bond rmsd: 0.001885
  step:  11 bond rmsd: 0.001804
  step:  12 bond rmsd: 0.001751
  step:  13 bond rmsd: 0.001718
  step:  14 bond rmsd: 0.001697
  step:  15 bond rmsd: 0.001684
  step:  16 bond rmsd: 0.001676
  step:  17 bond rmsd: 0.001670
  step:  18 bond rmsd: 0.001667
  step:  19 bond rmsd: 0.001664
  step:  20 bond rmsd: 0.001662
  step:  21 bond rmsd: 0.001660
  step:  22 bond rmsd: 0.001659
  step:  23 bond rmsd: 0.001657
  step:  24 bond rmsd: 0.001654
  step:  25 bond rmsd: 0.001650
  step:  26 bond rmsd: 0.001643
  step:  27 bond rmsd: 0.001632
  step:  28 bond rmsd: 0.001615
  step:  29 bond rmsd: 0.001587
  step:  30 bond rmsd: 0.001568
  step:  31 bond rmsd: 0.001553
  step:  32 bond rmsd: 0.001536
  step:  33 bond rmsd: 0.001527
  step:  34 bond rmsd: 0.001519
  step:  35 bond rmsd: 0.001515
  step:  36 bond rmsd: 0.001509
  step:  37 bond rmsd: 0.001506
  step:  38 bond rmsd: 0.001506
  step:  39 bond rmsd: 0.001504
  step:  40 bond rmsd: 0.001506
  step:  41 bond rmsd: 0.001505
  step:  42 bond rmsd: 0.001506
  step:  43 bond rmsd: 0.001506
  step:  44 bond rmsd: 0.001507
  step:  45 bond rmsd: 0.001511
  step:  46 bond rmsd: 0.001515
  step:  47 bond rmsd: 0.001519
  step:  48 bond rmsd: 0.001526
  step:  49 bond rmsd: 0.001531
  step:  50 bond rmsd: 0.001536
  step:  51 bond rmsd: 0.001543
  step:  52 bond rmsd: 0.001549
micro_cycle  10 rmsd(b):  0.0015 rws:  1.000 n_fev: 522
  step:   1 bond rmsd: 0.001549
  step:   2 bond rmsd: 0.067364
  step:   3 bond rmsd: 0.001587
  step:   4 bond rmsd: 0.001578
  step:   5 bond rmsd: 0.001571
  step:   6 bond rmsd: 0.001566
  step:   7 bond rmsd: 0.001563
  step:   8 bond rmsd: 0.001560
  step:   9 bond rmsd: 0.001558
  step:  10 bond rmsd: 0.001556
  step:  11 bond rmsd: 0.001555
  step:  12 bond rmsd: 0.001554
  step:  13 bond rmsd: 0.001553
  step:  14 bond rmsd: 0.001552
  step:  15 bond rmsd: 0.001551
  step:  16 bond rmsd: 0.001551
  step:  17 bond rmsd: 0.001550
  step:  18 bond rmsd: 0.001550
  step:  19 bond rmsd: 0.001550
  step:  20 bond rmsd: 0.001551
  step:  21 bond rmsd: 0.001555
  step:  22 bond rmsd: 0.001566
  step:  23 bond rmsd: 0.001569
  step:  24 bond rmsd: 0.001571
  step:  25 bond rmsd: 0.001573
  step:  26 bond rmsd: 0.001573
  step:  27 bond rmsd: 0.001577
  step:  28 bond rmsd: 0.001577
  step:  29 bond rmsd: 0.001579
  step:  30 bond rmsd: 0.001579
  step:  31 bond rmsd: 0.001580
  step:  32 bond rmsd: 0.001581
  step:  33 bond rmsd: 0.001580
  step:  34 bond rmsd: 0.001581
  step:  35 bond rmsd: 0.001579
  step:  36 bond rmsd: 0.001576
  step:  37 bond rmsd: 0.001573
  step:  38 bond rmsd: 0.001570
  step:  39 bond rmsd: 0.001566
  step:  40 bond rmsd: 0.001564
  step:  41 bond rmsd: 0.001564
  step:  42 bond rmsd: 0.001559
  step:  43 bond rmsd: 0.001560
  step:  44 bond rmsd: 0.001559
  step:  45 bond rmsd: 0.001559
  step:  46 bond rmsd: 0.001562
  step:  47 bond rmsd: 0.001565
  step:  48 bond rmsd: 0.001566
  step:  49 bond rmsd: 0.001572
  step:  50 bond rmsd: 0.001578
  step:  51 bond rmsd: 0.001584
  step:  52 bond rmsd: 0.001584
micro_cycle  11 rmsd(b):  0.0016 rws:  1.000 n_fev: 574
  step:   1 bond rmsd: 0.001584
  step:   2 bond rmsd: 0.046568
  step:   3 bond rmsd: 0.006604
  step:   4 bond rmsd: 0.005385
  step:   5 bond rmsd: 0.004426
  step:   6 bond rmsd: 0.003682
  step:   7 bond rmsd: 0.003111
  step:   8 bond rmsd: 0.002679
  step:   9 bond rmsd: 0.002358
  step:  10 bond rmsd: 0.002125
  step:  11 bond rmsd: 0.001957
  step:  12 bond rmsd: 0.001840
  step:  13 bond rmsd: 0.001758
  step:  14 bond rmsd: 0.001702
  step:  15 bond rmsd: 0.001663
  step:  16 bond rmsd: 0.001636
  step:  17 bond rmsd: 0.001617
  step:  18 bond rmsd: 0.001604
  step:  19 bond rmsd: 0.001595
  step:  20 bond rmsd: 0.001588
  step:  21 bond rmsd: 0.001583
  step:  22 bond rmsd: 0.001579
  step:  23 bond rmsd: 0.001576
  step:  24 bond rmsd: 0.001574
  step:  25 bond rmsd: 0.001572
  step:  26 bond rmsd: 0.001570
  step:  27 bond rmsd: 0.001568
  step:  28 bond rmsd: 0.001566
  step:  29 bond rmsd: 0.001564
  step:  30 bond rmsd: 0.001562
  step:  31 bond rmsd: 0.001562
  step:  32 bond rmsd: 0.001570
  step:  33 bond rmsd: 0.001573
  step:  34 bond rmsd: 0.001575
  step:  35 bond rmsd: 0.001579
  step:  36 bond rmsd: 0.001583
  step:  37 bond rmsd: 0.001584
  step:  38 bond rmsd: 0.001587
  step:  39 bond rmsd: 0.001590
  step:  40 bond rmsd: 0.001592
  step:  41 bond rmsd: 0.001595
  step:  42 bond rmsd: 0.001595
  step:  43 bond rmsd: 0.001598
  step:  44 bond rmsd: 0.001598
  step:  45 bond rmsd: 0.001600
  step:  46 bond rmsd: 0.001601
  step:  47 bond rmsd: 0.001600
  step:  48 bond rmsd: 0.001598
  step:  49 bond rmsd: 0.001595
  step:  50 bond rmsd: 0.001592
  step:  51 bond rmsd: 0.001586
  step:  52 bond rmsd: 0.001582
micro_cycle  12 rmsd(b):  0.0016 rws:  1.000 n_fev: 626
  step:   1 bond rmsd: 0.001582
  step:   2 bond rmsd: 0.063265
  step:   3 bond rmsd: 0.001584
  step:   4 bond rmsd: 0.001582
  step:   5 bond rmsd: 0.001581
  step:   6 bond rmsd: 0.001580
  step:   7 bond rmsd: 0.001579
  step:   8 bond rmsd: 0.001578
  step:   9 bond rmsd: 0.001578
  step:  10 bond rmsd: 0.001577
  step:  11 bond rmsd: 0.001576
  step:  12 bond rmsd: 0.001576
  step:  13 bond rmsd: 0.001575
  step:  14 bond rmsd: 0.001574
  step:  15 bond rmsd: 0.001573
  step:  16 bond rmsd: 0.001571
  step:  17 bond rmsd: 0.001569
  step:  18 bond rmsd: 0.001565
  step:  19 bond rmsd: 0.001563
  step:  20 bond rmsd: 0.001554
  step:  21 bond rmsd: 0.001554
  step:  22 bond rmsd: 0.001553
  step:  23 bond rmsd: 0.001553
  step:  24 bond rmsd: 0.001553
  step:  25 bond rmsd: 0.001553
  step:  26 bond rmsd: 0.001553
  step:  27 bond rmsd: 0.001553
  step:  28 bond rmsd: 0.001553
  step:  29 bond rmsd: 0.001553
  step:  30 bond rmsd: 0.001554
  step:  31 bond rmsd: 0.001554
  step:  32 bond rmsd: 0.001554
  step:  33 bond rmsd: 0.001554
  step:  34 bond rmsd: 0.001556
  step:  35 bond rmsd: 0.001556
  step:  36 bond rmsd: 0.001557
  step:  37 bond rmsd: 0.001557
  step:  38 bond rmsd: 0.001557
  step:  39 bond rmsd: 0.001557
  step:  40 bond rmsd: 0.001559
  step:  41 bond rmsd: 0.001556
  step:  42 bond rmsd: 0.001558
  step:  43 bond rmsd: 0.001560
  step:  44 bond rmsd: 0.001562
  step:  45 bond rmsd: 0.001565
  step:  46 bond rmsd: 0.001567
  step:  47 bond rmsd: 0.001573
  step:  48 bond rmsd: 0.001575
  step:  49 bond rmsd: 0.001581
  step:  50 bond rmsd: 0.001583
  step:  51 bond rmsd: 0.001582
  step:  52 bond rmsd: 0.001582
micro_cycle  13 rmsd(b):  0.0016 rws:  1.000 n_fev: 678
  step:   1 bond rmsd: 0.001582
  step:   2 bond rmsd: 0.077617
  step:   3 bond rmsd: 0.001909
  step:   4 bond rmsd: 0.001789
  step:   5 bond rmsd: 0.001709
  step:   6 bond rmsd: 0.001657
  step:   7 bond rmsd: 0.001624
  step:   8 bond rmsd: 0.001603
  step:   9 bond rmsd: 0.001590
  step:  10 bond rmsd: 0.001582
  step:  11 bond rmsd: 0.001578
  step:  12 bond rmsd: 0.001575
  step:  13 bond rmsd: 0.001573
  step:  14 bond rmsd: 0.001572
  step:  15 bond rmsd: 0.001571
  step:  16 bond rmsd: 0.001571
  step:  17 bond rmsd: 0.001571
  step:  18 bond rmsd: 0.001570
  step:  19 bond rmsd: 0.001570
  step:  20 bond rmsd: 0.001570
  step:  21 bond rmsd: 0.001569
  step:  22 bond rmsd: 0.001569
  step:  23 bond rmsd: 0.001567
  step:  24 bond rmsd: 0.001565
  step:  25 bond rmsd: 0.001561
  step:  26 bond rmsd: 0.001555
  step:  27 bond rmsd: 0.001548
  step:  28 bond rmsd: 0.001544
  step:  29 bond rmsd: 0.001541
  step:  30 bond rmsd: 0.001549
  step:  31 bond rmsd: 0.001549
  step:  32 bond rmsd: 0.001545
  step:  33 bond rmsd: 0.001542
  step:  34 bond rmsd: 0.001540
  step:  35 bond rmsd: 0.001538
  step:  36 bond rmsd: 0.001536
  step:  37 bond rmsd: 0.001535
  step:  38 bond rmsd: 0.001534
  step:  39 bond rmsd: 0.001533
  step:  40 bond rmsd: 0.001533
  step:  41 bond rmsd: 0.001532
  step:  42 bond rmsd: 0.001532
  step:  43 bond rmsd: 0.001532
  step:  44 bond rmsd: 0.001532
  step:  45 bond rmsd: 0.001532
  step:  46 bond rmsd: 0.001532
  step:  47 bond rmsd: 0.001535
  step:  48 bond rmsd: 0.001536
  step:  49 bond rmsd: 0.001539
  step:  50 bond rmsd: 0.001543
  step:  51 bond rmsd: 0.001546
  step:  52 bond rmsd: 0.001554
  step:  53 bond rmsd: 0.001556
micro_cycle  14 rmsd(b):  0.0016 rws:  1.000 n_fev: 731
  step:   1 bond rmsd: 0.001556
  step:   2 bond rmsd: 0.065724
  step:   3 bond rmsd: 0.001689
  step:   4 bond rmsd: 0.001636
  step:   5 bond rmsd: 0.001602
  step:   6 bond rmsd: 0.001581
  step:   7 bond rmsd: 0.001568
  step:   8 bond rmsd: 0.001560
  step:   9 bond rmsd: 0.001556
  step:  10 bond rmsd: 0.001553
  step:  11 bond rmsd: 0.001552
  step:  12 bond rmsd: 0.001551
  step:  13 bond rmsd: 0.001551
  step:  14 bond rmsd: 0.001551
  step:  15 bond rmsd: 0.001552
  step:  16 bond rmsd: 0.001552
  step:  17 bond rmsd: 0.001552
  step:  18 bond rmsd: 0.001552
  step:  19 bond rmsd: 0.001553
  step:  20 bond rmsd: 0.001553
  step:  21 bond rmsd: 0.001553
  step:  22 bond rmsd: 0.001553
  step:  23 bond rmsd: 0.001553
  step:  24 bond rmsd: 0.001553
  step:  25 bond rmsd: 0.001554
  step:  26 bond rmsd: 0.001554
  step:  27 bond rmsd: 0.001554
  step:  28 bond rmsd: 0.001553
  step:  29 bond rmsd: 0.001552
  step:  30 bond rmsd: 0.001552
  step:  31 bond rmsd: 0.001551
  step:  32 bond rmsd: 0.001550
  step:  33 bond rmsd: 0.001550
  step:  34 bond rmsd: 0.001549
  step:  35 bond rmsd: 0.001550
  step:  36 bond rmsd: 0.001550
  step:  37 bond rmsd: 0.001550
  step:  38 bond rmsd: 0.001550
  step:  39 bond rmsd: 0.001550
  step:  40 bond rmsd: 0.001553
  step:  41 bond rmsd: 0.001553
  step:  42 bond rmsd: 0.001552
  step:  43 bond rmsd: 0.001550
  step:  44 bond rmsd: 0.001547
  step:  45 bond rmsd: 0.001546
  step:  46 bond rmsd: 0.001542
  step:  47 bond rmsd: 0.001540
  step:  48 bond rmsd: 0.001538
  step:  49 bond rmsd: 0.001538
  step:  50 bond rmsd: 0.001536
  step:  51 bond rmsd: 0.001536
  step:  52 bond rmsd: 0.001533
micro_cycle  15 rmsd(b):  0.0015 rws:  1.000 n_fev: 783
  step:   1 bond rmsd: 0.001533
  step:   2 bond rmsd: 0.092738
  step:   3 bond rmsd: 0.001775
  step:   4 bond rmsd: 0.001702
  step:   5 bond rmsd: 0.001652
  step:   6 bond rmsd: 0.001618
  step:   7 bond rmsd: 0.001594
  step:   8 bond rmsd: 0.001577
  step:   9 bond rmsd: 0.001566
  step:  10 bond rmsd: 0.001558
  step:  11 bond rmsd: 0.001552
  step:  12 bond rmsd: 0.001548
  step:  13 bond rmsd: 0.001544
  step:  14 bond rmsd: 0.001542
  step:  15 bond rmsd: 0.001540
  step:  16 bond rmsd: 0.001539
  step:  17 bond rmsd: 0.001538
  step:  18 bond rmsd: 0.001537
  step:  19 bond rmsd: 0.001536
  step:  20 bond rmsd: 0.001535
  step:  21 bond rmsd: 0.001534
  step:  22 bond rmsd: 0.001534
  step:  23 bond rmsd: 0.001533
  step:  24 bond rmsd: 0.001533
  step:  25 bond rmsd: 0.001532
  step:  26 bond rmsd: 0.001534
  step:  27 bond rmsd: 0.001535
  step:  28 bond rmsd: 0.001537
  step:  29 bond rmsd: 0.001541
  step:  30 bond rmsd: 0.001542
  step:  31 bond rmsd: 0.001543
  step:  32 bond rmsd: 0.001543
  step:  33 bond rmsd: 0.001544
  step:  34 bond rmsd: 0.001545
  step:  35 bond rmsd: 0.001546
  step:  36 bond rmsd: 0.001546
  step:  37 bond rmsd: 0.001545
  step:  38 bond rmsd: 0.001545
  step:  39 bond rmsd: 0.001546
  step:  40 bond rmsd: 0.001548
  step:  41 bond rmsd: 0.001548
  step:  42 bond rmsd: 0.001549
  step:  43 bond rmsd: 0.001548
  step:  44 bond rmsd: 0.001548
  step:  45 bond rmsd: 0.001549
  step:  46 bond rmsd: 0.001548
  step:  47 bond rmsd: 0.001548
  step:  48 bond rmsd: 0.001547
  step:  49 bond rmsd: 0.001546
  step:  50 bond rmsd: 0.001544
  step:  51 bond rmsd: 0.001544
  step:  52 bond rmsd: 0.001544
micro_cycle  16 rmsd(b):  0.0015 rws:  1.000 n_fev: 835
  step:   1 bond rmsd: 0.001544
  step:   2 bond rmsd: 0.069171
  step:   3 bond rmsd: 0.001558
  step:   4 bond rmsd: 0.001555
  step:   5 bond rmsd: 0.001552
  step:   6 bond rmsd: 0.001550
  step:   7 bond rmsd: 0.001549
  step:   8 bond rmsd: 0.001548
  step:   9 bond rmsd: 0.001547
  step:  10 bond rmsd: 0.001547
  step:  11 bond rmsd: 0.001546
  step:  12 bond rmsd: 0.001546
  step:  13 bond rmsd: 0.001545
  step:  14 bond rmsd: 0.001545
  step:  15 bond rmsd: 0.001545
  step:  16 bond rmsd: 0.001545
  step:  17 bond rmsd: 0.001545
  step:  18 bond rmsd: 0.001545
  step:  19 bond rmsd: 0.001545
  step:  20 bond rmsd: 0.001546
  step:  21 bond rmsd: 0.001547
  step:  22 bond rmsd: 0.001548
  step:  23 bond rmsd: 0.001550
  step:  24 bond rmsd: 0.001551
  step:  25 bond rmsd: 0.001552
  step:  26 bond rmsd: 0.001552
  step:  27 bond rmsd: 0.001552
  step:  28 bond rmsd: 0.001553
  step:  29 bond rmsd: 0.001552
  step:  30 bond rmsd: 0.001552
  step:  31 bond rmsd: 0.001548
  step:  32 bond rmsd: 0.001548
  step:  33 bond rmsd: 0.001546
  step:  34 bond rmsd: 0.001544
  step:  35 bond rmsd: 0.001542
  step:  36 bond rmsd: 0.001539
  step:  37 bond rmsd: 0.001537
  step:  38 bond rmsd: 0.001536
  step:  39 bond rmsd: 0.001534
  step:  40 bond rmsd: 0.001533
  step:  41 bond rmsd: 0.001531
  step:  42 bond rmsd: 0.001530
  step:  43 bond rmsd: 0.001529
  step:  44 bond rmsd: 0.001525
  step:  45 bond rmsd: 0.001524
  step:  46 bond rmsd: 0.001523
  step:  47 bond rmsd: 0.001523
  step:  48 bond rmsd: 0.001522
  step:  49 bond rmsd: 0.001524
  step:  50 bond rmsd: 0.001522
  step:  51 bond rmsd: 0.001524
  step:  52 bond rmsd: 0.001526
micro_cycle  17 rmsd(b):  0.0015 rws:  1.000 n_fev: 887
  step:   1 bond rmsd: 0.001526
  step:   2 bond rmsd: 0.075612
  step:   3 bond rmsd: 0.001580
  step:   4 bond rmsd: 0.001558
  step:   5 bond rmsd: 0.001544
  step:   6 bond rmsd: 0.001535
  step:   7 bond rmsd: 0.001529
  step:   8 bond rmsd: 0.001526
  step:   9 bond rmsd: 0.001523
  step:  10 bond rmsd: 0.001521
  step:  11 bond rmsd: 0.001520
  step:  12 bond rmsd: 0.001520
  step:  13 bond rmsd: 0.001519
  step:  14 bond rmsd: 0.001519
  step:  15 bond rmsd: 0.001519
  step:  16 bond rmsd: 0.001518
  step:  17 bond rmsd: 0.001518
  step:  18 bond rmsd: 0.001518
  step:  19 bond rmsd: 0.001518
  step:  20 bond rmsd: 0.001518
  step:  21 bond rmsd: 0.001518
  step:  22 bond rmsd: 0.001518
  step:  23 bond rmsd: 0.001519
  step:  24 bond rmsd: 0.001520
  step:  25 bond rmsd: 0.001524
  step:  26 bond rmsd: 0.001525
  step:  27 bond rmsd: 0.001526
  step:  28 bond rmsd: 0.001527
  step:  29 bond rmsd: 0.001528
  step:  30 bond rmsd: 0.001529
  step:  31 bond rmsd: 0.001530
  step:  32 bond rmsd: 0.001531
  step:  33 bond rmsd: 0.001532
  step:  34 bond rmsd: 0.001533
  step:  35 bond rmsd: 0.001534
  step:  36 bond rmsd: 0.001535
  step:  37 bond rmsd: 0.001537
  step:  38 bond rmsd: 0.001538
  step:  39 bond rmsd: 0.001539
  step:  40 bond rmsd: 0.001541
  step:  41 bond rmsd: 0.001542
  step:  42 bond rmsd: 0.001544
  step:  43 bond rmsd: 0.001545
  step:  44 bond rmsd: 0.001547
  step:  45 bond rmsd: 0.001547
  step:  46 bond rmsd: 0.001549
  step:  47 bond rmsd: 0.001549
  step:  48 bond rmsd: 0.001550
  step:  49 bond rmsd: 0.001549
  step:  50 bond rmsd: 0.001549
  step:  51 bond rmsd: 0.001548
  step:  52 bond rmsd: 0.001548
micro_cycle  18 rmsd(b):  0.0015 rws:  1.000 n_fev: 939
  step:   1 bond rmsd: 0.001548
  step:   2 bond rmsd: 0.038035
  step:   3 bond rmsd: 0.001558
  step:   4 bond rmsd: 0.001555
  step:   5 bond rmsd: 0.001553
  step:   6 bond rmsd: 0.001552
  step:   7 bond rmsd: 0.001551
  step:   8 bond rmsd: 0.001550
  step:   9 bond rmsd: 0.001549
  step:  10 bond rmsd: 0.001549
  step:  11 bond rmsd: 0.001549
  step:  12 bond rmsd: 0.001548
  step:  13 bond rmsd: 0.001548
  step:  14 bond rmsd: 0.001548
  step:  15 bond rmsd: 0.001548
  step:  16 bond rmsd: 0.001548
  step:  17 bond rmsd: 0.001548
  step:  18 bond rmsd: 0.001549
  step:  19 bond rmsd: 0.001548
  step:  20 bond rmsd: 0.001549
  step:  21 bond rmsd: 0.001549
  step:  22 bond rmsd: 0.001548
  step:  23 bond rmsd: 0.001547
  step:  24 bond rmsd: 0.001545
  step:  25 bond rmsd: 0.001544
  step:  26 bond rmsd: 0.001541
  step:  27 bond rmsd: 0.001540
  step:  28 bond rmsd: 0.001538
  step:  29 bond rmsd: 0.001536
  step:  30 bond rmsd: 0.001533
  step:  31 bond rmsd: 0.001531
  step:  32 bond rmsd: 0.001529
  step:  33 bond rmsd: 0.001527
  step:  34 bond rmsd: 0.001525
  step:  35 bond rmsd: 0.001523
  step:  36 bond rmsd: 0.001520
  step:  37 bond rmsd: 0.001518
  step:  38 bond rmsd: 0.001516
  step:  39 bond rmsd: 0.001512
  step:  40 bond rmsd: 0.001510
  step:  41 bond rmsd: 0.001506
  step:  42 bond rmsd: 0.001505
  step:  43 bond rmsd: 0.001503
  step:  44 bond rmsd: 0.001501
  step:  45 bond rmsd: 0.001500
  step:  46 bond rmsd: 0.001500
  step:  47 bond rmsd: 0.001499
  step:  48 bond rmsd: 0.001498
  step:  49 bond rmsd: 0.001500
  step:  50 bond rmsd: 0.001501
  step:  51 bond rmsd: 0.001503
  step:  52 bond rmsd: 0.001506
micro_cycle  19 rmsd(b):  0.0015 rws:  1.000 n_fev: 991
  step:   1 bond rmsd: 0.001506
  step:   2 bond rmsd: 0.044110
  step:   3 bond rmsd: 0.001534
  step:   4 bond rmsd: 0.001524
  step:   5 bond rmsd: 0.001518
  step:   6 bond rmsd: 0.001514
  step:   7 bond rmsd: 0.001511
  step:   8 bond rmsd: 0.001510
  step:   9 bond rmsd: 0.001510
  step:  10 bond rmsd: 0.001510
  step:  11 bond rmsd: 0.001511
  step:  12 bond rmsd: 0.001511
  step:  13 bond rmsd: 0.001512
  step:  14 bond rmsd: 0.001513
  step:  15 bond rmsd: 0.001513
  step:  16 bond rmsd: 0.001514
  step:  17 bond rmsd: 0.001515
  step:  18 bond rmsd: 0.001517
  step:  19 bond rmsd: 0.001519
  step:  20 bond rmsd: 0.001520
  step:  21 bond rmsd: 0.001522
  step:  22 bond rmsd: 0.001523
  step:  23 bond rmsd: 0.001525
  step:  24 bond rmsd: 0.001526
  step:  25 bond rmsd: 0.001526
  step:  26 bond rmsd: 0.001527
  step:  27 bond rmsd: 0.001527
  step:  28 bond rmsd: 0.001528
  step:  29 bond rmsd: 0.001527
  step:  30 bond rmsd: 0.001528
  step:  31 bond rmsd: 0.001528
  step:  32 bond rmsd: 0.001528
  step:  33 bond rmsd: 0.001529
  step:  34 bond rmsd: 0.001530
  step:  35 bond rmsd: 0.001531
  step:  36 bond rmsd: 0.001532
  step:  37 bond rmsd: 0.001534
  step:  38 bond rmsd: 0.001536
  step:  39 bond rmsd: 0.001540
  step:  40 bond rmsd: 0.001542
  step:  41 bond rmsd: 0.001547
  step:  42 bond rmsd: 0.001550
  step:  43 bond rmsd: 0.001553
  step:  44 bond rmsd: 0.001559
  step:  45 bond rmsd: 0.001564
  step:  46 bond rmsd: 0.001570
  step:  47 bond rmsd: 0.001574
  step:  48 bond rmsd: 0.001582
  step:  49 bond rmsd: 0.001587
  step:  50 bond rmsd: 0.001593
  step:  51 bond rmsd: 0.001599
  step:  52 bond rmsd: 0.001604
micro_cycle  20 rmsd(b):  0.0016 rws:  1.000 n_fev: 1043
  step:   1 bond rmsd: 0.001604
  step:   2 bond rmsd: 0.054037
  step:   3 bond rmsd: 0.001827
  step:   4 bond rmsd: 0.001762
  step:   5 bond rmsd: 0.001717
  step:   6 bond rmsd: 0.001685
  step:   7 bond rmsd: 0.001663
  step:   8 bond rmsd: 0.001647
  step:   9 bond rmsd: 0.001636
  step:  10 bond rmsd: 0.001628
  step:  11 bond rmsd: 0.001622
  step:  12 bond rmsd: 0.001617
  step:  13 bond rmsd: 0.001613
  step:  14 bond rmsd: 0.001611
  step:  15 bond rmsd: 0.001608
  step:  16 bond rmsd: 0.001607
  step:  17 bond rmsd: 0.001605
  step:  18 bond rmsd: 0.001604
  step:  19 bond rmsd: 0.001602
  step:  20 bond rmsd: 0.001601
  step:  21 bond rmsd: 0.001599
  step:  22 bond rmsd: 0.001597
  step:  23 bond rmsd: 0.001595
  step:  24 bond rmsd: 0.001591
  step:  25 bond rmsd: 0.001587
  step:  26 bond rmsd: 0.001581
  step:  27 bond rmsd: 0.001576
  step:  28 bond rmsd: 0.001571
  step:  29 bond rmsd: 0.001563
  step:  30 bond rmsd: 0.001553
  step:  31 bond rmsd: 0.001546
  step:  32 bond rmsd: 0.001542
  step:  33 bond rmsd: 0.001536
  step:  34 bond rmsd: 0.001533
  step:  35 bond rmsd: 0.001531
  step:  36 bond rmsd: 0.001528
  step:  37 bond rmsd: 0.001526
  step:  38 bond rmsd: 0.001524
  step:  39 bond rmsd: 0.001522
  step:  40 bond rmsd: 0.001520
  step:  41 bond rmsd: 0.001518
  step:  42 bond rmsd: 0.001515
  step:  43 bond rmsd: 0.001513
  step:  44 bond rmsd: 0.001511
  step:  45 bond rmsd: 0.001509
  step:  46 bond rmsd: 0.001506
  step:  47 bond rmsd: 0.001505
  step:  48 bond rmsd: 0.001503
  step:  49 bond rmsd: 0.001502
  step:  50 bond rmsd: 0.001500
  step:  51 bond rmsd: 0.001499
  step:  52 bond rmsd: 0.001498
micro_cycle  21 rmsd(b):  0.0015 rws:  1.000 n_fev: 1095
  step:   1 bond rmsd: 0.001498
  step:   2 bond rmsd: 0.042580
  step:   3 bond rmsd: 0.001520
  step:   4 bond rmsd: 0.001515
  step:   5 bond rmsd: 0.001512
  step:   6 bond rmsd: 0.001509
  step:   7 bond rmsd: 0.001507
  step:   8 bond rmsd: 0.001506
  step:   9 bond rmsd: 0.001505
  step:  10 bond rmsd: 0.001504
  step:  11 bond rmsd: 0.001503
  step:  12 bond rmsd: 0.001503
  step:  13 bond rmsd: 0.001502
  step:  14 bond rmsd: 0.001502
  step:  15 bond rmsd: 0.001502
  step:  16 bond rmsd: 0.001502
  step:  17 bond rmsd: 0.001502
  step:  18 bond rmsd: 0.001502
  step:  19 bond rmsd: 0.001503
  step:  20 bond rmsd: 0.001505
  step:  21 bond rmsd: 0.001508
  step:  22 bond rmsd: 0.001511
  step:  23 bond rmsd: 0.001515
  step:  24 bond rmsd: 0.001519
  step:  25 bond rmsd: 0.001523
  step:  26 bond rmsd: 0.001526
  step:  27 bond rmsd: 0.001532
  step:  28 bond rmsd: 0.001535
  step:  29 bond rmsd: 0.001537
  step:  30 bond rmsd: 0.001540
  step:  31 bond rmsd: 0.001542
  step:  32 bond rmsd: 0.001545
  step:  33 bond rmsd: 0.001547
  step:  34 bond rmsd: 0.001548
  step:  35 bond rmsd: 0.001550
  step:  36 bond rmsd: 0.001550
  step:  37 bond rmsd: 0.001551
  step:  38 bond rmsd: 0.001550
  step:  39 bond rmsd: 0.001551
  step:  40 bond rmsd: 0.001551
  step:  41 bond rmsd: 0.001551
  step:  42 bond rmsd: 0.001550
  step:  43 bond rmsd: 0.001550
  step:  44 bond rmsd: 0.001549
  step:  45 bond rmsd: 0.001549
  step:  46 bond rmsd: 0.001549
  step:  47 bond rmsd: 0.001549
  step:  48 bond rmsd: 0.001549
  step:  49 bond rmsd: 0.001548
  step:  50 bond rmsd: 0.001550
  step:  51 bond rmsd: 0.001549
  step:  52 bond rmsd: 0.001550
micro_cycle  22 rmsd(b):  0.0015 rws:  1.000 n_fev: 1147
  step:   1 bond rmsd: 0.001550
  step:   2 bond rmsd: 0.047627
  step:   3 bond rmsd: 0.001542
  step:   4 bond rmsd: 0.001540
  step:   5 bond rmsd: 0.001539
  step:   6 bond rmsd: 0.001540
  step:   7 bond rmsd: 0.001540
  step:   8 bond rmsd: 0.001541
  step:   9 bond rmsd: 0.001542
  step:  10 bond rmsd: 0.001543
  step:  11 bond rmsd: 0.001544
  step:  12 bond rmsd: 0.001545
  step:  13 bond rmsd: 0.001546
  step:  14 bond rmsd: 0.001547
  step:  15 bond rmsd: 0.001547
  step:  16 bond rmsd: 0.001548
  step:  17 bond rmsd: 0.001548
  step:  18 bond rmsd: 0.001549
  step:  19 bond rmsd: 0.001549
  step:  20 bond rmsd: 0.001549
  step:  21 bond rmsd: 0.001548
  step:  22 bond rmsd: 0.001546
  step:  23 bond rmsd: 0.001547
  step:  24 bond rmsd: 0.001546
  step:  25 bond rmsd: 0.001545
  step:  26 bond rmsd: 0.001544
  step:  27 bond rmsd: 0.001543
  step:  28 bond rmsd: 0.001542
  step:  29 bond rmsd: 0.001539
  step:  30 bond rmsd: 0.001538
  step:  31 bond rmsd: 0.001537
  step:  32 bond rmsd: 0.001534
  step:  33 bond rmsd: 0.001531
  step:  34 bond rmsd: 0.001527
  step:  35 bond rmsd: 0.001524
  step:  36 bond rmsd: 0.001520
  step:  37 bond rmsd: 0.001517
  step:  38 bond rmsd: 0.001515
  step:  39 bond rmsd: 0.001512
  step:  40 bond rmsd: 0.001509
  step:  41 bond rmsd: 0.001507
  step:  42 bond rmsd: 0.001505
  step:  43 bond rmsd: 0.001503
  step:  44 bond rmsd: 0.001501
  step:  45 bond rmsd: 0.001500
  step:  46 bond rmsd: 0.001498
  step:  47 bond rmsd: 0.001497
  step:  48 bond rmsd: 0.001497
  step:  49 bond rmsd: 0.001498
  step:  50 bond rmsd: 0.001498
  step:  51 bond rmsd: 0.001499
  step:  52 bond rmsd: 0.001500
micro_cycle  23 rmsd(b):  0.0015 rws:  1.000 n_fev: 1199
  step:   1 bond rmsd: 0.001500
  step:   2 bond rmsd: 0.028014
  step:   3 bond rmsd: 0.001499
  step:   4 bond rmsd: 0.001499
  step:   5 bond rmsd: 0.001499
  step:   6 bond rmsd: 0.001499
  step:   7 bond rmsd: 0.001500
  step:   8 bond rmsd: 0.001500
  step:   9 bond rmsd: 0.001501
  step:  10 bond rmsd: 0.001502
  step:  11 bond rmsd: 0.001503
  step:  12 bond rmsd: 0.001504
  step:  13 bond rmsd: 0.001505
  step:  14 bond rmsd: 0.001506
  step:  15 bond rmsd: 0.001507
  step:  16 bond rmsd: 0.001508
  step:  17 bond rmsd: 0.001510
  step:  18 bond rmsd: 0.001511
  step:  19 bond rmsd: 0.001514
  step:  20 bond rmsd: 0.001516
  step:  21 bond rmsd: 0.001517
  step:  22 bond rmsd: 0.001519
  step:  23 bond rmsd: 0.001521
  step:  24 bond rmsd: 0.001522
  step:  25 bond rmsd: 0.001524
  step:  26 bond rmsd: 0.001526
  step:  27 bond rmsd: 0.001528
  step:  28 bond rmsd: 0.001530
  step:  29 bond rmsd: 0.001532
  step:  30 bond rmsd: 0.001535
  step:  31 bond rmsd: 0.001536
  step:  32 bond rmsd: 0.001538
  step:  33 bond rmsd: 0.001539
  step:  34 bond rmsd: 0.001540
  step:  35 bond rmsd: 0.001541
  step:  36 bond rmsd: 0.001541
  step:  37 bond rmsd: 0.001541
  step:  38 bond rmsd: 0.001542
  step:  39 bond rmsd: 0.001542
  step:  40 bond rmsd: 0.001542
  step:  41 bond rmsd: 0.001543
  step:  42 bond rmsd: 0.001543
  step:  43 bond rmsd: 0.001543
  step:  44 bond rmsd: 0.001543
  step:  45 bond rmsd: 0.001544
  step:  46 bond rmsd: 0.001544
  step:  47 bond rmsd: 0.001545
  step:  48 bond rmsd: 0.001545
  step:  49 bond rmsd: 0.001548
  step:  50 bond rmsd: 0.001547
  step:  51 bond rmsd: 0.001545
  step:  52 bond rmsd: 0.001544
micro_cycle  24 rmsd(b):  0.0015 rws:  1.000 n_fev: 1251
  step:   1 bond rmsd: 0.001544
  step:   2 bond rmsd: 0.047383
  step:   3 bond rmsd: 0.001564
  step:   4 bond rmsd: 0.001550
  step:   5 bond rmsd: 0.001542
  step:   6 bond rmsd: 0.001538
  step:   7 bond rmsd: 0.001536
  step:   8 bond rmsd: 0.001535
  step:   9 bond rmsd: 0.001536
  step:  10 bond rmsd: 0.001536
  step:  11 bond rmsd: 0.001537
  step:  12 bond rmsd: 0.001537
  step:  13 bond rmsd: 0.001538
  step:  14 bond rmsd: 0.001538
  step:  15 bond rmsd: 0.001539
  step:  16 bond rmsd: 0.001539
  step:  17 bond rmsd: 0.001540
  step:  18 bond rmsd: 0.001540
  step:  19 bond rmsd: 0.001540
  step:  20 bond rmsd: 0.001541
  step:  21 bond rmsd: 0.001541
  step:  22 bond rmsd: 0.001541
  step:  23 bond rmsd: 0.001541
  step:  24 bond rmsd: 0.001540
  step:  25 bond rmsd: 0.001537
  step:  26 bond rmsd: 0.001536
  step:  27 bond rmsd: 0.001535
  step:  28 bond rmsd: 0.001534
  step:  29 bond rmsd: 0.001532
  step:  30 bond rmsd: 0.001530
  step:  31 bond rmsd: 0.001530
  step:  32 bond rmsd: 0.001528
  step:  33 bond rmsd: 0.001528
  step:  34 bond rmsd: 0.001526
  step:  35 bond rmsd: 0.001526
  step:  36 bond rmsd: 0.001524
  step:  37 bond rmsd: 0.001523
  step:  38 bond rmsd: 0.001523
  step:  39 bond rmsd: 0.001522
  step:  40 bond rmsd: 0.001519
  step:  41 bond rmsd: 0.001516
  step:  42 bond rmsd: 0.001513
  step:  43 bond rmsd: 0.001509
  step:  44 bond rmsd: 0.001506
  step:  45 bond rmsd: 0.001503
  step:  46 bond rmsd: 0.001501
  step:  47 bond rmsd: 0.001499
  step:  48 bond rmsd: 0.001497
  step:  49 bond rmsd: 0.001495
  step:  50 bond rmsd: 0.001493
  step:  51 bond rmsd: 0.001492
  step:  52 bond rmsd: 0.001492
micro_cycle  25 rmsd(b):  0.0015 rws:  1.000 n_fev: 1303
  step:   1 bond rmsd: 0.001492
  step:   2 bond rmsd: 0.082667
  step:   3 bond rmsd: 0.001499
  step:   4 bond rmsd: 0.001498
  step:   5 bond rmsd: 0.001497
  step:   6 bond rmsd: 0.001496
  step:   7 bond rmsd: 0.001495
  step:   8 bond rmsd: 0.001495
  step:   9 bond rmsd: 0.001495
  step:  10 bond rmsd: 0.001494
  step:  11 bond rmsd: 0.001494
  step:  12 bond rmsd: 0.001494
  step:  13 bond rmsd: 0.001494
  step:  14 bond rmsd: 0.001494
  step:  15 bond rmsd: 0.001495
  step:  16 bond rmsd: 0.001495
  step:  17 bond rmsd: 0.001496
  step:  18 bond rmsd: 0.001497
  step:  19 bond rmsd: 0.001500
  step:  20 bond rmsd: 0.001504
  step:  21 bond rmsd: 0.001507
  step:  22 bond rmsd: 0.001510
  step:  23 bond rmsd: 0.001511
  step:  24 bond rmsd: 0.001511
  step:  25 bond rmsd: 0.001514
  step:  26 bond rmsd: 0.001516
  step:  27 bond rmsd: 0.001519
  step:  28 bond rmsd: 0.001521
  step:  29 bond rmsd: 0.001523
  step:  30 bond rmsd: 0.001524
  step:  31 bond rmsd: 0.001526
  step:  32 bond rmsd: 0.001527
  step:  33 bond rmsd: 0.001529
  step:  34 bond rmsd: 0.001530
  step:  35 bond rmsd: 0.001532
  step:  36 bond rmsd: 0.001532
  step:  37 bond rmsd: 0.001533
  step:  38 bond rmsd: 0.001534
  step:  39 bond rmsd: 0.001533
  step:  40 bond rmsd: 0.001532
  step:  41 bond rmsd: 0.001531
  step:  42 bond rmsd: 0.001531
  step:  43 bond rmsd: 0.001530
  step:  44 bond rmsd: 0.001530
  step:  45 bond rmsd: 0.001529
  step:  46 bond rmsd: 0.001529
  step:  47 bond rmsd: 0.001528
  step:  48 bond rmsd: 0.001528
  step:  49 bond rmsd: 0.001527
  step:  50 bond rmsd: 0.001527
  step:  51 bond rmsd: 0.001527
  step:  52 bond rmsd: 0.001525
  step:  53 bond rmsd: 0.001525
micro_cycle  26 rmsd(b):  0.0015 rws:  1.000 n_fev: 1356
  step:   1 bond rmsd: 0.001525
  step:   2 bond rmsd: 0.043245
  step:   3 bond rmsd: 0.001524
  step:   4 bond rmsd: 0.001524
  step:   5 bond rmsd: 0.001524
  step:   6 bond rmsd: 0.001524
  step:   7 bond rmsd: 0.001524
  step:   8 bond rmsd: 0.001524
  step:   9 bond rmsd: 0.001524
  step:  10 bond rmsd: 0.001525
  step:  11 bond rmsd: 0.001525
  step:  12 bond rmsd: 0.001525
  step:  13 bond rmsd: 0.001525
  step:  14 bond rmsd: 0.001526
  step:  15 bond rmsd: 0.001526
  step:  16 bond rmsd: 0.001527
  step:  17 bond rmsd: 0.001527
  step:  18 bond rmsd: 0.001527
  step:  19 bond rmsd: 0.001527
  step:  20 bond rmsd: 0.001526
  step:  21 bond rmsd: 0.001526
  step:  22 bond rmsd: 0.001526
  step:  23 bond rmsd: 0.001526
  step:  24 bond rmsd: 0.001525
  step:  25 bond rmsd: 0.001525
  step:  26 bond rmsd: 0.001523
  step:  27 bond rmsd: 0.001521
  step:  28 bond rmsd: 0.001519
  step:  29 bond rmsd: 0.001517
  step:  30 bond rmsd: 0.001514
  step:  31 bond rmsd: 0.001512
  step:  32 bond rmsd: 0.001510
  step:  33 bond rmsd: 0.001506
  step:  34 bond rmsd: 0.001503
  step:  35 bond rmsd: 0.001494
  step:  36 bond rmsd: 0.001492
  step:  37 bond rmsd: 0.001490
  step:  38 bond rmsd: 0.001488
  step:  39 bond rmsd: 0.001486
  step:  40 bond rmsd: 0.001485
  step:  41 bond rmsd: 0.001486
  step:  42 bond rmsd: 0.001485
  step:  43 bond rmsd: 0.001485
  step:  44 bond rmsd: 0.001485
  step:  45 bond rmsd: 0.001486
  step:  46 bond rmsd: 0.001488
  step:  47 bond rmsd: 0.001489
  step:  48 bond rmsd: 0.001492
  step:  49 bond rmsd: 0.001494
  step:  50 bond rmsd: 0.001499
  step:  51 bond rmsd: 0.001503
  step:  52 bond rmsd: 0.001512
micro_cycle  27 rmsd(b):  0.0015 rws:  1.000 n_fev: 1408
  step:   1 bond rmsd: 0.001512
  step:   2 bond rmsd: 0.077699
  step:   3 bond rmsd: 0.001534
  step:   4 bond rmsd: 0.001528
  step:   5 bond rmsd: 0.001523
  step:   6 bond rmsd: 0.001520
  step:   7 bond rmsd: 0.001517
  step:   8 bond rmsd: 0.001515
  step:   9 bond rmsd: 0.001513
  step:  10 bond rmsd: 0.001512
  step:  11 bond rmsd: 0.001511
  step:  12 bond rmsd: 0.001509
  step:  13 bond rmsd: 0.001508
  step:  14 bond rmsd: 0.001508
  step:  15 bond rmsd: 0.001507
  step:  16 bond rmsd: 0.001506
  step:  17 bond rmsd: 0.001504
  step:  18 bond rmsd: 0.001503
  step:  19 bond rmsd: 0.001502
  step:  20 bond rmsd: 0.001505
  step:  21 bond rmsd: 0.001505
  step:  22 bond rmsd: 0.001505
  step:  23 bond rmsd: 0.001506
  step:  24 bond rmsd: 0.001506
  step:  25 bond rmsd: 0.001507
  step:  26 bond rmsd: 0.001508
  step:  27 bond rmsd: 0.001510
  step:  28 bond rmsd: 0.001511
  step:  29 bond rmsd: 0.001512
  step:  30 bond rmsd: 0.001513
  step:  31 bond rmsd: 0.001514
  step:  32 bond rmsd: 0.001516
  step:  33 bond rmsd: 0.001516
  step:  34 bond rmsd: 0.001517
  step:  35 bond rmsd: 0.001518
  step:  36 bond rmsd: 0.001519
  step:  37 bond rmsd: 0.001519
  step:  38 bond rmsd: 0.001520
  step:  39 bond rmsd: 0.001522
  step:  40 bond rmsd: 0.001522
  step:  41 bond rmsd: 0.001523
  step:  42 bond rmsd: 0.001524
  step:  43 bond rmsd: 0.001526
  step:  44 bond rmsd: 0.001528
  step:  45 bond rmsd: 0.001529
  step:  46 bond rmsd: 0.001530
  step:  47 bond rmsd: 0.001532
  step:  48 bond rmsd: 0.001533
  step:  49 bond rmsd: 0.001534
  step:  50 bond rmsd: 0.001535
  step:  51 bond rmsd: 0.001536
  step:  52 bond rmsd: 0.001539
micro_cycle  28 rmsd(b):  0.0015 rws:  1.000 n_fev: 1460
  step:   1 bond rmsd: 0.001539
  step:   2 bond rmsd: 0.048284
  step:   3 bond rmsd: 0.001552
  step:   4 bond rmsd: 0.001538
  step:   5 bond rmsd: 0.001531
  step:   6 bond rmsd: 0.001527
  step:   7 bond rmsd: 0.001526
  step:   8 bond rmsd: 0.001526
  step:   9 bond rmsd: 0.001527
  step:  10 bond rmsd: 0.001528
  step:  11 bond rmsd: 0.001529
  step:  12 bond rmsd: 0.001530
  step:  13 bond rmsd: 0.001530
  step:  14 bond rmsd: 0.001531
  step:  15 bond rmsd: 0.001532
  step:  16 bond rmsd: 0.001532
  step:  17 bond rmsd: 0.001533
  step:  18 bond rmsd: 0.001533
  step:  19 bond rmsd: 0.001533
  step:  20 bond rmsd: 0.001533
  step:  21 bond rmsd: 0.001533
  step:  22 bond rmsd: 0.001534
  step:  23 bond rmsd: 0.001534
  step:  24 bond rmsd: 0.001534
  step:  25 bond rmsd: 0.001533
  step:  26 bond rmsd: 0.001533
  step:  27 bond rmsd: 0.001531
  step:  28 bond rmsd: 0.001529
  step:  29 bond rmsd: 0.001525
  step:  30 bond rmsd: 0.001524
  step:  31 bond rmsd: 0.001522
  step:  32 bond rmsd: 0.001521
  step:  33 bond rmsd: 0.001516
  step:  34 bond rmsd: 0.001515
  step:  35 bond rmsd: 0.001515
  step:  36 bond rmsd: 0.001514
  step:  37 bond rmsd: 0.001512
  step:  38 bond rmsd: 0.001511
  step:  39 bond rmsd: 0.001509
  step:  40 bond rmsd: 0.001507
  step:  41 bond rmsd: 0.001504
  step:  42 bond rmsd: 0.001503
  step:  43 bond rmsd: 0.001501
  step:  44 bond rmsd: 0.001499
  step:  45 bond rmsd: 0.001499
  step:  46 bond rmsd: 0.001497
  step:  47 bond rmsd: 0.001496
  step:  48 bond rmsd: 0.001495
  step:  49 bond rmsd: 0.001495
  step:  50 bond rmsd: 0.001495
  step:  51 bond rmsd: 0.001496
  step:  52 bond rmsd: 0.001499
micro_cycle  29 rmsd(b):  0.0015 rws:  1.000 n_fev: 1512
  step:   1 bond rmsd: 0.001499
  step:   2 bond rmsd: 0.067294
  step:   3 bond rmsd: 0.001506
  step:   4 bond rmsd: 0.001502
  step:   5 bond rmsd: 0.001500
  step:   6 bond rmsd: 0.001499
  step:   7 bond rmsd: 0.001499
  step:   8 bond rmsd: 0.001499
  step:   9 bond rmsd: 0.001499
  step:  10 bond rmsd: 0.001499
  step:  11 bond rmsd: 0.001499
  step:  12 bond rmsd: 0.001499
  step:  13 bond rmsd: 0.001500
  step:  14 bond rmsd: 0.001500
  step:  15 bond rmsd: 0.001500
  step:  16 bond rmsd: 0.001501
  step:  17 bond rmsd: 0.001501
  step:  18 bond rmsd: 0.001502
  step:  19 bond rmsd: 0.001502
  step:  20 bond rmsd: 0.001503
  step:  21 bond rmsd: 0.001504
  step:  22 bond rmsd: 0.001504
  step:  23 bond rmsd: 0.001505
  step:  24 bond rmsd: 0.001506
  step:  25 bond rmsd: 0.001513
  step:  26 bond rmsd: 0.001512
  step:  27 bond rmsd: 0.001512
  step:  28 bond rmsd: 0.001512
  step:  29 bond rmsd: 0.001512
  step:  30 bond rmsd: 0.001512
  step:  31 bond rmsd: 0.001512
  step:  32 bond rmsd: 0.001512
  step:  33 bond rmsd: 0.001513
  step:  34 bond rmsd: 0.001513
  step:  35 bond rmsd: 0.001514
  step:  36 bond rmsd: 0.001515
  step:  37 bond rmsd: 0.001516
  step:  38 bond rmsd: 0.001517
  step:  39 bond rmsd: 0.001518
  step:  40 bond rmsd: 0.001519
  step:  41 bond rmsd: 0.001520
  step:  42 bond rmsd: 0.001522
  step:  43 bond rmsd: 0.001524
  step:  44 bond rmsd: 0.001526
  step:  45 bond rmsd: 0.001528
  step:  46 bond rmsd: 0.001530
  step:  47 bond rmsd: 0.001533
  step:  48 bond rmsd: 0.001535
  step:  49 bond rmsd: 0.001539
  step:  50 bond rmsd: 0.001540
  step:  51 bond rmsd: 0.001542
  step:  52 bond rmsd: 0.001544
micro_cycle  30 rmsd(b):  0.0015 rws:  1.000 n_fev: 1564
  step:   1 bond rmsd: 0.001544
  step:   2 bond rmsd: 0.039711
  step:   3 bond rmsd: 0.001539
  step:   4 bond rmsd: 0.001539
  step:   5 bond rmsd: 0.001540
  step:   6 bond rmsd: 0.001540
  step:   7 bond rmsd: 0.001540
  step:   8 bond rmsd: 0.001540
  step:   9 bond rmsd: 0.001540
  step:  10 bond rmsd: 0.001540
  step:  11 bond rmsd: 0.001540
  step:  12 bond rmsd: 0.001539
  step:  13 bond rmsd: 0.001539
  step:  14 bond rmsd: 0.001538
  step:  15 bond rmsd: 0.001537
  step:  16 bond rmsd: 0.001536
  step:  17 bond rmsd: 0.001534
  step:  18 bond rmsd: 0.001530
  step:  19 bond rmsd: 0.001528
  step:  20 bond rmsd: 0.001524
  step:  21 bond rmsd: 0.001521
  step:  22 bond rmsd: 0.001520
  step:  23 bond rmsd: 0.001517
  step:  24 bond rmsd: 0.001516
  step:  25 bond rmsd: 0.001514
  step:  26 bond rmsd: 0.001513
  step:  27 bond rmsd: 0.001510
  step:  28 bond rmsd: 0.001509
  step:  29 bond rmsd: 0.001508
  step:  30 bond rmsd: 0.001507
  step:  31 bond rmsd: 0.001506
  step:  32 bond rmsd: 0.001505
  step:  33 bond rmsd: 0.001503
  step:  34 bond rmsd: 0.001502
  step:  35 bond rmsd: 0.001501
  step:  36 bond rmsd: 0.001500
  step:  37 bond rmsd: 0.001499
  step:  38 bond rmsd: 0.001498
  step:  39 bond rmsd: 0.001497
  step:  40 bond rmsd: 0.001498
  step:  41 bond rmsd: 0.001498
  step:  42 bond rmsd: 0.001498
  step:  43 bond rmsd: 0.001499
  step:  44 bond rmsd: 0.001501
  step:  45 bond rmsd: 0.001501
  step:  46 bond rmsd: 0.001504
  step:  47 bond rmsd: 0.001506
  step:  48 bond rmsd: 0.001509
  step:  49 bond rmsd: 0.001510
  step:  50 bond rmsd: 0.001511
  step:  51 bond rmsd: 0.001513
  step:  52 bond rmsd: 0.001514
micro_cycle  31 rmsd(b):  0.0015 rws:  1.000 n_fev: 1616
  step:   1 bond rmsd: 0.001514
  step:   2 bond rmsd: 0.049241
  step:   3 bond rmsd: 0.001507
  step:   4 bond rmsd: 0.001508
  step:   5 bond rmsd: 0.001508
  step:   6 bond rmsd: 0.001509
  step:   7 bond rmsd: 0.001509
  step:   8 bond rmsd: 0.001510
  step:   9 bond rmsd: 0.001510
  step:  10 bond rmsd: 0.001510
  step:  11 bond rmsd: 0.001510
  step:  12 bond rmsd: 0.001510
  step:  13 bond rmsd: 0.001510
  step:  14 bond rmsd: 0.001510
  step:  15 bond rmsd: 0.001510
  step:  16 bond rmsd: 0.001509
  step:  17 bond rmsd: 0.001508
  step:  18 bond rmsd: 0.001506
  step:  19 bond rmsd: 0.001505
  step:  20 bond rmsd: 0.001504
  step:  21 bond rmsd: 0.001506
  step:  22 bond rmsd: 0.001505
  step:  23 bond rmsd: 0.001504
  step:  24 bond rmsd: 0.001504
  step:  25 bond rmsd: 0.001504
  step:  26 bond rmsd: 0.001504
  step:  27 bond rmsd: 0.001504
  step:  28 bond rmsd: 0.001505
  step:  29 bond rmsd: 0.001505
  step:  30 bond rmsd: 0.001506
  step:  31 bond rmsd: 0.001508
  step:  32 bond rmsd: 0.001509
  step:  33 bond rmsd: 0.001510
  step:  34 bond rmsd: 0.001512
  step:  35 bond rmsd: 0.001513
  step:  36 bond rmsd: 0.001515
  step:  37 bond rmsd: 0.001517
  step:  38 bond rmsd: 0.001519
  step:  39 bond rmsd: 0.001521
  step:  40 bond rmsd: 0.001523
  step:  41 bond rmsd: 0.001525
  step:  42 bond rmsd: 0.001526
  step:  43 bond rmsd: 0.001528
  step:  44 bond rmsd: 0.001530
  step:  45 bond rmsd: 0.001532
  step:  46 bond rmsd: 0.001534
  step:  47 bond rmsd: 0.001536
  step:  48 bond rmsd: 0.001538
  step:  49 bond rmsd: 0.001540
  step:  50 bond rmsd: 0.001541
  step:  51 bond rmsd: 0.001543
  step:  52 bond rmsd: 0.001544
micro_cycle  32 rmsd(b):  0.0015 rws:  1.000 n_fev: 1668
  step:   1 bond rmsd: 0.001544
  step:   2 bond rmsd: 0.051631
  step:   3 bond rmsd: 0.001529
  step:   4 bond rmsd: 0.001531
  step:   5 bond rmsd: 0.001532
  step:   6 bond rmsd: 0.001534
  step:   7 bond rmsd: 0.001535
  step:   8 bond rmsd: 0.001536
  step:   9 bond rmsd: 0.001536
  step:  10 bond rmsd: 0.001537
  step:  11 bond rmsd: 0.001537
  step:  12 bond rmsd: 0.001537
  step:  13 bond rmsd: 0.001537
  step:  14 bond rmsd: 0.001537
  step:  15 bond rmsd: 0.001537
  step:  16 bond rmsd: 0.001536
  step:  17 bond rmsd: 0.001535
  step:  18 bond rmsd: 0.001533
  step:  19 bond rmsd: 0.001528
  step:  20 bond rmsd: 0.001525
  step:  21 bond rmsd: 0.001523
  step:  22 bond rmsd: 0.001519
  step:  23 bond rmsd: 0.001517
  step:  24 bond rmsd: 0.001516
  step:  25 bond rmsd: 0.001514
  step:  26 bond rmsd: 0.001513
  step:  27 bond rmsd: 0.001511
  step:  28 bond rmsd: 0.001510
  step:  29 bond rmsd: 0.001509
  step:  30 bond rmsd: 0.001508
  step:  31 bond rmsd: 0.001506
  step:  32 bond rmsd: 0.001504
  step:  33 bond rmsd: 0.001502
  step:  34 bond rmsd: 0.001500
  step:  35 bond rmsd: 0.001497
  step:  36 bond rmsd: 0.001496
  step:  37 bond rmsd: 0.001493
  step:  38 bond rmsd: 0.001492
  step:  39 bond rmsd: 0.001489
  step:  40 bond rmsd: 0.001488
  step:  41 bond rmsd: 0.001488
  step:  42 bond rmsd: 0.001486
  step:  43 bond rmsd: 0.001487
  step:  44 bond rmsd: 0.001487
  step:  45 bond rmsd: 0.001488
  step:  46 bond rmsd: 0.001490
  step:  47 bond rmsd: 0.001494
  step:  48 bond rmsd: 0.001497
  step:  49 bond rmsd: 0.001501
  step:  50 bond rmsd: 0.001504
  step:  51 bond rmsd: 0.001507
  step:  52 bond rmsd: 0.001512
micro_cycle  33 rmsd(b):  0.0015 rws:  1.000 n_fev: 1720
  step:   1 bond rmsd: 0.001512
  step:   2 bond rmsd: 0.054622
  step:   3 bond rmsd: 0.001523
  step:   4 bond rmsd: 0.001513
  step:   5 bond rmsd: 0.001508
  step:   6 bond rmsd: 0.001505
  step:   7 bond rmsd: 0.001504
  step:   8 bond rmsd: 0.001504
  step:   9 bond rmsd: 0.001504
  step:  10 bond rmsd: 0.001504
  step:  11 bond rmsd: 0.001504
  step:  12 bond rmsd: 0.001505
  step:  13 bond rmsd: 0.001505
  step:  14 bond rmsd: 0.001506
  step:  15 bond rmsd: 0.001506
  step:  16 bond rmsd: 0.001506
  step:  17 bond rmsd: 0.001507
  step:  18 bond rmsd: 0.001507
  step:  19 bond rmsd: 0.001507
  step:  20 bond rmsd: 0.001507
  step:  21 bond rmsd: 0.001507
  step:  22 bond rmsd: 0.001506
  step:  23 bond rmsd: 0.001504
  step:  24 bond rmsd: 0.001501
  step:  25 bond rmsd: 0.001499
  step:  26 bond rmsd: 0.001499
  step:  27 bond rmsd: 0.001495
  step:  28 bond rmsd: 0.001496
  step:  29 bond rmsd: 0.001497
  step:  30 bond rmsd: 0.001499
  step:  31 bond rmsd: 0.001500
  step:  32 bond rmsd: 0.001501
  step:  33 bond rmsd: 0.001503
  step:  34 bond rmsd: 0.001504
  step:  35 bond rmsd: 0.001506
  step:  36 bond rmsd: 0.001507
  step:  37 bond rmsd: 0.001509
  step:  38 bond rmsd: 0.001510
  step:  39 bond rmsd: 0.001510
  step:  40 bond rmsd: 0.001512
  step:  41 bond rmsd: 0.001513
  step:  42 bond rmsd: 0.001513
  step:  43 bond rmsd: 0.001514
  step:  44 bond rmsd: 0.001515
  step:  45 bond rmsd: 0.001517
  step:  46 bond rmsd: 0.001518
  step:  47 bond rmsd: 0.001520
  step:  48 bond rmsd: 0.001521
  step:  49 bond rmsd: 0.001522
  step:  50 bond rmsd: 0.001523
  step:  51 bond rmsd: 0.001525
  step:  52 bond rmsd: 0.001527
micro_cycle  34 rmsd(b):  0.0015 rws:  1.000 n_fev: 1772
  step:   1 bond rmsd: 0.001527
  step:   2 bond rmsd: 0.078698
  step:   3 bond rmsd: 0.001524
  step:   4 bond rmsd: 0.001524
  step:   5 bond rmsd: 0.001524
  step:   6 bond rmsd: 0.001525
  step:   7 bond rmsd: 0.001525
  step:   8 bond rmsd: 0.001525
  step:   9 bond rmsd: 0.001525
  step:  10 bond rmsd: 0.001525
  step:  11 bond rmsd: 0.001525
  step:  12 bond rmsd: 0.001525
  step:  13 bond rmsd: 0.001525
  step:  14 bond rmsd: 0.001525
  step:  15 bond rmsd: 0.001525
  step:  16 bond rmsd: 0.001525
  step:  17 bond rmsd: 0.001525
  step:  18 bond rmsd: 0.001524
  step:  19 bond rmsd: 0.001524
  step:  20 bond rmsd: 0.001523
  step:  21 bond rmsd: 0.001521
  step:  22 bond rmsd: 0.001518
  step:  23 bond rmsd: 0.001516
  step:  24 bond rmsd: 0.001514
  step:  25 bond rmsd: 0.001510
  step:  26 bond rmsd: 0.001508
  step:  27 bond rmsd: 0.001505
  step:  28 bond rmsd: 0.001502
  step:  29 bond rmsd: 0.001499
  step:  30 bond rmsd: 0.001496
  step:  31 bond rmsd: 0.001493
  step:  32 bond rmsd: 0.001492
  step:  33 bond rmsd: 0.001490
  step:  34 bond rmsd: 0.001488
  step:  35 bond rmsd: 0.001485
  step:  36 bond rmsd: 0.001483
  step:  37 bond rmsd: 0.001482
  step:  38 bond rmsd: 0.001481
  step:  39 bond rmsd: 0.001482
  step:  40 bond rmsd: 0.001482
  step:  41 bond rmsd: 0.001483
  step:  42 bond rmsd: 0.001486
  step:  43 bond rmsd: 0.001488
  step:  44 bond rmsd: 0.001491
  step:  45 bond rmsd: 0.001497
  step:  46 bond rmsd: 0.001503
  step:  47 bond rmsd: 0.001509
  step:  48 bond rmsd: 0.001518
  step:  49 bond rmsd: 0.001530
  step:  50 bond rmsd: 0.001550
  step:  51 bond rmsd: 0.001561
  step:  52 bond rmsd: 0.001583
micro_cycle  35 rmsd(b):  0.0016 rws:  1.000 n_fev: 1824
  step:   1 bond rmsd: 0.001583
  step:   2 bond rmsd: 0.067525
  step:   3 bond rmsd: 0.002031
  step:   4 bond rmsd: 0.001874
  step:   5 bond rmsd: 0.001767
  step:   6 bond rmsd: 0.001696
  step:   7 bond rmsd: 0.001650
  step:   8 bond rmsd: 0.001620
  step:   9 bond rmsd: 0.001600
  step:  10 bond rmsd: 0.001588
  step:  11 bond rmsd: 0.001580
  step:  12 bond rmsd: 0.001574
  step:  13 bond rmsd: 0.001571
  step:  14 bond rmsd: 0.001568
  step:  15 bond rmsd: 0.001566
  step:  16 bond rmsd: 0.001565
  step:  17 bond rmsd: 0.001563
  step:  18 bond rmsd: 0.001562
  step:  19 bond rmsd: 0.001561
  step:  20 bond rmsd: 0.001560
  step:  21 bond rmsd: 0.001558
  step:  22 bond rmsd: 0.001556
  step:  23 bond rmsd: 0.001553
  step:  24 bond rmsd: 0.001549
  step:  25 bond rmsd: 0.001543
  step:  26 bond rmsd: 0.001534
  step:  27 bond rmsd: 0.001522
  step:  28 bond rmsd: 0.001515
  step:  29 bond rmsd: 0.001509
  step:  30 bond rmsd: 0.001503
  step:  31 bond rmsd: 0.001503
  step:  32 bond rmsd: 0.001500
  step:  33 bond rmsd: 0.001498
  step:  34 bond rmsd: 0.001496
  step:  35 bond rmsd: 0.001495
  step:  36 bond rmsd: 0.001494
  step:  37 bond rmsd: 0.001494
  step:  38 bond rmsd: 0.001493
  step:  39 bond rmsd: 0.001493
  step:  40 bond rmsd: 0.001493
  step:  41 bond rmsd: 0.001493
  step:  42 bond rmsd: 0.001493
  step:  43 bond rmsd: 0.001493
  step:  44 bond rmsd: 0.001494
  step:  45 bond rmsd: 0.001494
  step:  46 bond rmsd: 0.001495
  step:  47 bond rmsd: 0.001497
  step:  48 bond rmsd: 0.001498
  step:  49 bond rmsd: 0.001500
  step:  50 bond rmsd: 0.001501
  step:  51 bond rmsd: 0.001504
  step:  52 bond rmsd: 0.001506
  step:  53 bond rmsd: 0.001508
micro_cycle  36 rmsd(b):  0.0015 rws:  1.000 n_fev: 1877
  step:   1 bond rmsd: 0.001508
  step:   2 bond rmsd: 0.052702
  step:   3 bond rmsd: 0.001528
  step:   4 bond rmsd: 0.001523
  step:   5 bond rmsd: 0.001520
  step:   6 bond rmsd: 0.001518
  step:   7 bond rmsd: 0.001516
  step:   8 bond rmsd: 0.001515
  step:   9 bond rmsd: 0.001514
  step:  10 bond rmsd: 0.001513
  step:  11 bond rmsd: 0.001512
  step:  12 bond rmsd: 0.001512
  step:  13 bond rmsd: 0.001511
  step:  14 bond rmsd: 0.001511
  step:  15 bond rmsd: 0.001511
  step:  16 bond rmsd: 0.001510
  step:  17 bond rmsd: 0.001510
  step:  18 bond rmsd: 0.001510
  step:  19 bond rmsd: 0.001510
  step:  20 bond rmsd: 0.001510
  step:  21 bond rmsd: 0.001510
  step:  22 bond rmsd: 0.001511
  step:  23 bond rmsd: 0.001512
  step:  24 bond rmsd: 0.001513
  step:  25 bond rmsd: 0.001515
  step:  26 bond rmsd: 0.001517
  step:  27 bond rmsd: 0.001518
  step:  28 bond rmsd: 0.001520
  step:  29 bond rmsd: 0.001521
  step:  30 bond rmsd: 0.001523
  step:  31 bond rmsd: 0.001525
  step:  32 bond rmsd: 0.001526
  step:  33 bond rmsd: 0.001527
  step:  34 bond rmsd: 0.001528
  step:  35 bond rmsd: 0.001529
  step:  36 bond rmsd: 0.001531
  step:  37 bond rmsd: 0.001532
  step:  38 bond rmsd: 0.001533
  step:  39 bond rmsd: 0.001532
  step:  40 bond rmsd: 0.001533
  step:  41 bond rmsd: 0.001531
  step:  42 bond rmsd: 0.001530
  step:  43 bond rmsd: 0.001528
  step:  44 bond rmsd: 0.001525
  step:  45 bond rmsd: 0.001521
  step:  46 bond rmsd: 0.001515
  step:  47 bond rmsd: 0.001511
  step:  48 bond rmsd: 0.001507
  step:  49 bond rmsd: 0.001501
  step:  50 bond rmsd: 0.001496
  step:  51 bond rmsd: 0.001493
  step:  52 bond rmsd: 0.001486
micro_cycle  37 rmsd(b):  0.0015 rws:  1.000 n_fev: 1929
  step:   1 bond rmsd: 0.001486
  step:   2 bond rmsd: 0.045353
  step:   3 bond rmsd: 0.001496
  step:   4 bond rmsd: 0.001493
  step:   5 bond rmsd: 0.001491
  step:   6 bond rmsd: 0.001490
  step:   7 bond rmsd: 0.001489
  step:   8 bond rmsd: 0.001488
  step:   9 bond rmsd: 0.001488
  step:  10 bond rmsd: 0.001488
  step:  11 bond rmsd: 0.001488
  step:  12 bond rmsd: 0.001488
  step:  13 bond rmsd: 0.001488
  step:  14 bond rmsd: 0.001488
  step:  15 bond rmsd: 0.001489
  step:  16 bond rmsd: 0.001491
  step:  17 bond rmsd: 0.001493
  step:  18 bond rmsd: 0.001497
  step:  19 bond rmsd: 0.001500
  step:  20 bond rmsd: 0.001507
  step:  21 bond rmsd: 0.001509
  step:  22 bond rmsd: 0.001511
  step:  23 bond rmsd: 0.001514
  step:  24 bond rmsd: 0.001516
  step:  25 bond rmsd: 0.001517
  step:  26 bond rmsd: 0.001518
  step:  27 bond rmsd: 0.001519
  step:  28 bond rmsd: 0.001520
  step:  29 bond rmsd: 0.001520
  step:  30 bond rmsd: 0.001521
  step:  31 bond rmsd: 0.001521
  step:  32 bond rmsd: 0.001522
  step:  33 bond rmsd: 0.001522
  step:  34 bond rmsd: 0.001522
  step:  35 bond rmsd: 0.001521
  step:  36 bond rmsd: 0.001521
  step:  37 bond rmsd: 0.001521
  step:  38 bond rmsd: 0.001521
  step:  39 bond rmsd: 0.001520
  step:  40 bond rmsd: 0.001519
  step:  41 bond rmsd: 0.001518
  step:  42 bond rmsd: 0.001517
  step:  43 bond rmsd: 0.001516
  step:  44 bond rmsd: 0.001515
  step:  45 bond rmsd: 0.001514
  step:  46 bond rmsd: 0.001512
  step:  47 bond rmsd: 0.001511
  step:  48 bond rmsd: 0.001509
  step:  49 bond rmsd: 0.001508
  step:  50 bond rmsd: 0.001507
  step:  51 bond rmsd: 0.001504
  step:  52 bond rmsd: 0.001503
micro_cycle  38 rmsd(b):  0.0015 rws:  1.000 n_fev: 1981
  step:   1 bond rmsd: 0.001503
  step:   2 bond rmsd: 0.064154
  step:   3 bond rmsd: 0.001510
  step:   4 bond rmsd: 0.001509
  step:   5 bond rmsd: 0.001508
  step:   6 bond rmsd: 0.001507
  step:   7 bond rmsd: 0.001506
  step:   8 bond rmsd: 0.001506
  step:   9 bond rmsd: 0.001506
  step:  10 bond rmsd: 0.001505
  step:  11 bond rmsd: 0.001505
  step:  12 bond rmsd: 0.001505
  step:  13 bond rmsd: 0.001505
  step:  14 bond rmsd: 0.001505
  step:  15 bond rmsd: 0.001505
  step:  16 bond rmsd: 0.001505
  step:  17 bond rmsd: 0.001506
  step:  18 bond rmsd: 0.001507
  step:  19 bond rmsd: 0.001508
  step:  20 bond rmsd: 0.001510
  step:  21 bond rmsd: 0.001511
  step:  22 bond rmsd: 0.001512
  step:  23 bond rmsd: 0.001513
  step:  24 bond rmsd: 0.001514
  step:  25 bond rmsd: 0.001516
  step:  26 bond rmsd: 0.001516
  step:  27 bond rmsd: 0.001517
  step:  28 bond rmsd: 0.001518
  step:  29 bond rmsd: 0.001520
  step:  30 bond rmsd: 0.001521
  step:  31 bond rmsd: 0.001522
  step:  32 bond rmsd: 0.001523
  step:  33 bond rmsd: 0.001524
  step:  34 bond rmsd: 0.001525
  step:  35 bond rmsd: 0.001526
  step:  36 bond rmsd: 0.001527
  step:  37 bond rmsd: 0.001528
  step:  38 bond rmsd: 0.001530
  step:  39 bond rmsd: 0.001531
  step:  40 bond rmsd: 0.001536
  step:  41 bond rmsd: 0.001538
  step:  42 bond rmsd: 0.001542
  step:  43 bond rmsd: 0.001545
  step:  44 bond rmsd: 0.001550
  step:  45 bond rmsd: 0.001554
  step:  46 bond rmsd: 0.001560
  step:  47 bond rmsd: 0.001564
  step:  48 bond rmsd: 0.001569
  step:  49 bond rmsd: 0.001575
  step:  50 bond rmsd: 0.001581
  step:  51 bond rmsd: 0.001586
  step:  52 bond rmsd: 0.001592
micro_cycle  39 rmsd(b):  0.0016 rws:  1.000 n_fev: 2033
  step:   1 bond rmsd: 0.001592
  step:   2 bond rmsd: 0.048749
  step:   3 bond rmsd: 0.001982
  step:   4 bond rmsd: 0.001866
  step:   5 bond rmsd: 0.001784
  step:   6 bond rmsd: 0.001727
  step:   7 bond rmsd: 0.001688
  step:   8 bond rmsd: 0.001660
  step:   9 bond rmsd: 0.001641
  step:  10 bond rmsd: 0.001627
  step:  11 bond rmsd: 0.001617
  step:  12 bond rmsd: 0.001610
  step:  13 bond rmsd: 0.001605
  step:  14 bond rmsd: 0.001601
  step:  15 bond rmsd: 0.001597
  step:  16 bond rmsd: 0.001595
  step:  17 bond rmsd: 0.001593
  step:  18 bond rmsd: 0.001591
  step:  19 bond rmsd: 0.001589
  step:  20 bond rmsd: 0.001587
  step:  21 bond rmsd: 0.001585
  step:  22 bond rmsd: 0.001583
  step:  23 bond rmsd: 0.001581
  step:  24 bond rmsd: 0.001577
  step:  25 bond rmsd: 0.001573
  step:  26 bond rmsd: 0.001568
  step:  27 bond rmsd: 0.001564
  step:  28 bond rmsd: 0.001561
  step:  29 bond rmsd: 0.001558
  step:  30 bond rmsd: 0.001564
  step:  31 bond rmsd: 0.001561
  step:  32 bond rmsd: 0.001558
  step:  33 bond rmsd: 0.001555
  step:  34 bond rmsd: 0.001552
  step:  35 bond rmsd: 0.001549
  step:  36 bond rmsd: 0.001546
  step:  37 bond rmsd: 0.001544
  step:  38 bond rmsd: 0.001542
  step:  39 bond rmsd: 0.001539
  step:  40 bond rmsd: 0.001536
  step:  41 bond rmsd: 0.001534
  step:  42 bond rmsd: 0.001531
  step:  43 bond rmsd: 0.001528
  step:  44 bond rmsd: 0.001526
  step:  45 bond rmsd: 0.001524
  step:  46 bond rmsd: 0.001522
  step:  47 bond rmsd: 0.001519
  step:  48 bond rmsd: 0.001515
  step:  49 bond rmsd: 0.001513
  step:  50 bond rmsd: 0.001511
  step:  51 bond rmsd: 0.001510
  step:  52 bond rmsd: 0.001509
micro_cycle  40 rmsd(b):  0.0015 rws:  1.000 n_fev: 2085
  step:   1 bond rmsd: 0.001509
  step:   2 bond rmsd: 0.045687
  step:   3 bond rmsd: 0.001514
  step:   4 bond rmsd: 0.001513
  step:   5 bond rmsd: 0.001512
  step:   6 bond rmsd: 0.001512
  step:   7 bond rmsd: 0.001511
  step:   8 bond rmsd: 0.001511
  step:   9 bond rmsd: 0.001511
  step:  10 bond rmsd: 0.001510
  step:  11 bond rmsd: 0.001510
  step:  12 bond rmsd: 0.001510
  step:  13 bond rmsd: 0.001510
  step:  14 bond rmsd: 0.001509
  step:  15 bond rmsd: 0.001509
  step:  16 bond rmsd: 0.001509
  step:  17 bond rmsd: 0.001509
  step:  18 bond rmsd: 0.001508
  step:  19 bond rmsd: 0.001508
  step:  20 bond rmsd: 0.001508
  step:  21 bond rmsd: 0.001509
  step:  22 bond rmsd: 0.001509
  step:  23 bond rmsd: 0.001511
  step:  24 bond rmsd: 0.001511
  step:  25 bond rmsd: 0.001511
  step:  26 bond rmsd: 0.001510
  step:  27 bond rmsd: 0.001510
  step:  28 bond rmsd: 0.001510
  step:  29 bond rmsd: 0.001510
  step:  30 bond rmsd: 0.001510
  step:  31 bond rmsd: 0.001510
  step:  32 bond rmsd: 0.001511
  step:  33 bond rmsd: 0.001511
  step:  34 bond rmsd: 0.001511
  step:  35 bond rmsd: 0.001512
  step:  36 bond rmsd: 0.001512
  step:  37 bond rmsd: 0.001513
  step:  38 bond rmsd: 0.001516
  step:  39 bond rmsd: 0.001518
  step:  40 bond rmsd: 0.001522
  step:  41 bond rmsd: 0.001526
  step:  42 bond rmsd: 0.001530
  step:  43 bond rmsd: 0.001533
  step:  44 bond rmsd: 0.001538
  step:  45 bond rmsd: 0.001541
  step:  46 bond rmsd: 0.001546
  step:  47 bond rmsd: 0.001548
  step:  48 bond rmsd: 0.001551
  step:  49 bond rmsd: 0.001553
  step:  50 bond rmsd: 0.001555
  step:  51 bond rmsd: 0.001557
  step:  52 bond rmsd: 0.001558
micro_cycle  41 rmsd(b):  0.0016 rws:  1.000 n_fev: 2137
  step:   1 bond rmsd: 0.001558
  step:   2 bond rmsd: 0.034727
  step:   3 bond rmsd: 0.001559
  step:   4 bond rmsd: 0.001558
  step:   5 bond rmsd: 0.001557
  step:   6 bond rmsd: 0.001556
  step:   7 bond rmsd: 0.001555
  step:   8 bond rmsd: 0.001554
  step:   9 bond rmsd: 0.001553
  step:  10 bond rmsd: 0.001552
  step:  11 bond rmsd: 0.001551
  step:  12 bond rmsd: 0.001550
  step:  13 bond rmsd: 0.001549
  step:  14 bond rmsd: 0.001547
  step:  15 bond rmsd: 0.001545
  step:  16 bond rmsd: 0.001542
  step:  17 bond rmsd: 0.001537
  step:  18 bond rmsd: 0.001532
  step:  19 bond rmsd: 0.001528
  step:  20 bond rmsd: 0.001531
  step:  21 bond rmsd: 0.001531
  step:  22 bond rmsd: 0.001528
  step:  23 bond rmsd: 0.001525
  step:  24 bond rmsd: 0.001522
  step:  25 bond rmsd: 0.001520
  step:  26 bond rmsd: 0.001518
  step:  27 bond rmsd: 0.001516
  step:  28 bond rmsd: 0.001515
  step:  29 bond rmsd: 0.001513
  step:  30 bond rmsd: 0.001512
  step:  31 bond rmsd: 0.001511
  step:  32 bond rmsd: 0.001511
  step:  33 bond rmsd: 0.001510
  step:  34 bond rmsd: 0.001508
  step:  35 bond rmsd: 0.001508
  step:  36 bond rmsd: 0.001507
  step:  37 bond rmsd: 0.001507
  step:  38 bond rmsd: 0.001507
  step:  39 bond rmsd: 0.001506
  step:  40 bond rmsd: 0.001507
  step:  41 bond rmsd: 0.001507
  step:  42 bond rmsd: 0.001507
  step:  43 bond rmsd: 0.001507
  step:  44 bond rmsd: 0.001508
  step:  45 bond rmsd: 0.001508
  step:  46 bond rmsd: 0.001508
  step:  47 bond rmsd: 0.001509
  step:  48 bond rmsd: 0.001508
  step:  49 bond rmsd: 0.001508
  step:  50 bond rmsd: 0.001509
  step:  51 bond rmsd: 0.001510
  step:  52 bond rmsd: 0.001511
  step:  53 bond rmsd: 0.001512
micro_cycle  42 rmsd(b):  0.0015 rws:  1.000 n_fev: 2190
  step:   1 bond rmsd: 0.001512
  step:   2 bond rmsd: 0.028996
  step:   3 bond rmsd: 0.001508
  step:   4 bond rmsd: 0.001509
  step:   5 bond rmsd: 0.001509
  step:   6 bond rmsd: 0.001509
  step:   7 bond rmsd: 0.001510
  step:   8 bond rmsd: 0.001510
  step:   9 bond rmsd: 0.001510
  step:  10 bond rmsd: 0.001510
  step:  11 bond rmsd: 0.001511
  step:  12 bond rmsd: 0.001511
  step:  13 bond rmsd: 0.001511
  step:  14 bond rmsd: 0.001511
  step:  15 bond rmsd: 0.001511
  step:  16 bond rmsd: 0.001511
  step:  17 bond rmsd: 0.001511
  step:  18 bond rmsd: 0.001511
  step:  19 bond rmsd: 0.001510
  step:  20 bond rmsd: 0.001509
  step:  21 bond rmsd: 0.001509
  step:  22 bond rmsd: 0.001509
  step:  23 bond rmsd: 0.001509
  step:  24 bond rmsd: 0.001509
  step:  25 bond rmsd: 0.001509
  step:  26 bond rmsd: 0.001510
  step:  27 bond rmsd: 0.001510
  step:  28 bond rmsd: 0.001510
  step:  29 bond rmsd: 0.001511
  step:  30 bond rmsd: 0.001512
  step:  31 bond rmsd: 0.001512
  step:  32 bond rmsd: 0.001513
  step:  33 bond rmsd: 0.001514
  step:  34 bond rmsd: 0.001517
  step:  35 bond rmsd: 0.001518
  step:  36 bond rmsd: 0.001520
  step:  37 bond rmsd: 0.001523
  step:  38 bond rmsd: 0.001526
  step:  39 bond rmsd: 0.001528
  step:  40 bond rmsd: 0.001531
  step:  41 bond rmsd: 0.001535
  step:  42 bond rmsd: 0.001541
  step:  43 bond rmsd: 0.001544
  step:  44 bond rmsd: 0.001549
  step:  45 bond rmsd: 0.001552
  step:  46 bond rmsd: 0.001555
  step:  47 bond rmsd: 0.001561
  step:  48 bond rmsd: 0.001562
  step:  49 bond rmsd: 0.001564
  step:  50 bond rmsd: 0.001564
  step:  51 bond rmsd: 0.001565
  step:  52 bond rmsd: 0.001563
micro_cycle  43 rmsd(b):  0.0016 rws:  1.000 n_fev: 2242
  step:   1 bond rmsd: 0.001563
  step:   2 bond rmsd: 0.069514
  step:   3 bond rmsd: 0.001557
  step:   4 bond rmsd: 0.001557
  step:   5 bond rmsd: 0.001558
  step:   6 bond rmsd: 0.001558
  step:   7 bond rmsd: 0.001558
  step:   8 bond rmsd: 0.001559
  step:   9 bond rmsd: 0.001559
  step:  10 bond rmsd: 0.001559
  step:  11 bond rmsd: 0.001559
  step:  12 bond rmsd: 0.001558
  step:  13 bond rmsd: 0.001558
  step:  14 bond rmsd: 0.001558
  step:  15 bond rmsd: 0.001557
  step:  16 bond rmsd: 0.001555
  step:  17 bond rmsd: 0.001552
  step:  18 bond rmsd: 0.001548
  step:  19 bond rmsd: 0.001541
  step:  20 bond rmsd: 0.001535
  step:  21 bond rmsd: 0.001529
  step:  22 bond rmsd: 0.001523
  step:  23 bond rmsd: 0.001520
  step:  24 bond rmsd: 0.001516
  step:  25 bond rmsd: 0.001514
  step:  26 bond rmsd: 0.001512
  step:  27 bond rmsd: 0.001511
  step:  28 bond rmsd: 0.001510
  step:  29 bond rmsd: 0.001508
  step:  30 bond rmsd: 0.001507
  step:  31 bond rmsd: 0.001506
  step:  32 bond rmsd: 0.001506
  step:  33 bond rmsd: 0.001505
  step:  34 bond rmsd: 0.001505
  step:  35 bond rmsd: 0.001504
  step:  36 bond rmsd: 0.001504
  step:  37 bond rmsd: 0.001504
  step:  38 bond rmsd: 0.001504
  step:  39 bond rmsd: 0.001504
  step:  40 bond rmsd: 0.001504
  step:  41 bond rmsd: 0.001505
  step:  42 bond rmsd: 0.001505
  step:  43 bond rmsd: 0.001506
  step:  44 bond rmsd: 0.001507
  step:  45 bond rmsd: 0.001507
  step:  46 bond rmsd: 0.001508
  step:  47 bond rmsd: 0.001509
  step:  48 bond rmsd: 0.001510
  step:  49 bond rmsd: 0.001511
  step:  50 bond rmsd: 0.001511
  step:  51 bond rmsd: 0.001512
  step:  52 bond rmsd: 0.001512
micro_cycle  44 rmsd(b):  0.0015 rws:  1.000 n_fev: 2294
  step:   1 bond rmsd: 0.001512
  step:   2 bond rmsd: 0.043056
  step:   3 bond rmsd: 0.001512
  step:   4 bond rmsd: 0.001512
  step:   5 bond rmsd: 0.001512
  step:   6 bond rmsd: 0.001512
  step:   7 bond rmsd: 0.001512
  step:   8 bond rmsd: 0.001512
  step:   9 bond rmsd: 0.001512
  step:  10 bond rmsd: 0.001512
  step:  11 bond rmsd: 0.001511
  step:  12 bond rmsd: 0.001511
  step:  13 bond rmsd: 0.001511
  step:  14 bond rmsd: 0.001511
  step:  15 bond rmsd: 0.001511
  step:  16 bond rmsd: 0.001511
  step:  17 bond rmsd: 0.001511
  step:  18 bond rmsd: 0.001510
  step:  19 bond rmsd: 0.001510
  step:  20 bond rmsd: 0.001509
  step:  21 bond rmsd: 0.001508
  step:  22 bond rmsd: 0.001508
  step:  23 bond rmsd: 0.001507
  step:  24 bond rmsd: 0.001507
  step:  25 bond rmsd: 0.001507
  step:  26 bond rmsd: 0.001508
  step:  27 bond rmsd: 0.001509
  step:  28 bond rmsd: 0.001510
  step:  29 bond rmsd: 0.001511
  step:  30 bond rmsd: 0.001514
  step:  31 bond rmsd: 0.001516
  step:  32 bond rmsd: 0.001517
  step:  33 bond rmsd: 0.001520
  step:  34 bond rmsd: 0.001523
  step:  35 bond rmsd: 0.001525
  step:  36 bond rmsd: 0.001529
  step:  37 bond rmsd: 0.001532
  step:  38 bond rmsd: 0.001534
  step:  39 bond rmsd: 0.001538
  step:  40 bond rmsd: 0.001541
  step:  41 bond rmsd: 0.001547
  step:  42 bond rmsd: 0.001550
  step:  43 bond rmsd: 0.001552
  step:  44 bond rmsd: 0.001554
  step:  45 bond rmsd: 0.001556
  step:  46 bond rmsd: 0.001557
  step:  47 bond rmsd: 0.001558
  step:  48 bond rmsd: 0.001558
  step:  49 bond rmsd: 0.001557
  step:  50 bond rmsd: 0.001553
  step:  51 bond rmsd: 0.001549
  step:  52 bond rmsd: 0.001543
micro_cycle  45 rmsd(b):  0.0015 rws:  1.000 n_fev: 2346
  step:   1 bond rmsd: 0.001543
  step:   2 bond rmsd: 0.091172
  step:   3 bond rmsd: 0.001540
  step:   4 bond rmsd: 0.001538
  step:   5 bond rmsd: 0.001538
  step:   6 bond rmsd: 0.001537
  step:   7 bond rmsd: 0.001537
  step:   8 bond rmsd: 0.001537
  step:   9 bond rmsd: 0.001538
  step:  10 bond rmsd: 0.001538
  step:  11 bond rmsd: 0.001538
  step:  12 bond rmsd: 0.001538
  step:  13 bond rmsd: 0.001538
  step:  14 bond rmsd: 0.001538
  step:  15 bond rmsd: 0.001538
  step:  16 bond rmsd: 0.001538
  step:  17 bond rmsd: 0.001538
  step:  18 bond rmsd: 0.001538
  step:  19 bond rmsd: 0.001537
  step:  20 bond rmsd: 0.001535
  step:  21 bond rmsd: 0.001532
  step:  22 bond rmsd: 0.001530
  step:  23 bond rmsd: 0.001528
  step:  24 bond rmsd: 0.001522
  step:  25 bond rmsd: 0.001521
  step:  26 bond rmsd: 0.001520
  step:  27 bond rmsd: 0.001519
  step:  28 bond rmsd: 0.001518
  step:  29 bond rmsd: 0.001518
  step:  30 bond rmsd: 0.001517
  step:  31 bond rmsd: 0.001516
  step:  32 bond rmsd: 0.001516
  step:  33 bond rmsd: 0.001515
  step:  34 bond rmsd: 0.001514
  step:  35 bond rmsd: 0.001513
  step:  36 bond rmsd: 0.001513
  step:  37 bond rmsd: 0.001512
  step:  38 bond rmsd: 0.001511
  step:  39 bond rmsd: 0.001510
  step:  40 bond rmsd: 0.001510
  step:  41 bond rmsd: 0.001509
  step:  42 bond rmsd: 0.001508
  step:  43 bond rmsd: 0.001508
  step:  44 bond rmsd: 0.001507
  step:  45 bond rmsd: 0.001507
  step:  46 bond rmsd: 0.001507
  step:  47 bond rmsd: 0.001508
  step:  48 bond rmsd: 0.001509
  step:  49 bond rmsd: 0.001509
  step:  50 bond rmsd: 0.001510
  step:  51 bond rmsd: 0.001510
  step:  52 bond rmsd: 0.001511
micro_cycle  46 rmsd(b):  0.0015 rws:  1.000 n_fev: 2398
  step:   1 bond rmsd: 0.001511
  step:   2 bond rmsd: 0.032517
  step:   3 bond rmsd: 0.001508
  step:   4 bond rmsd: 0.001509
  step:   5 bond rmsd: 0.001509
  step:   6 bond rmsd: 0.001509
  step:   7 bond rmsd: 0.001509
  step:   8 bond rmsd: 0.001510
  step:   9 bond rmsd: 0.001510
  step:  10 bond rmsd: 0.001510
  step:  11 bond rmsd: 0.001510
  step:  12 bond rmsd: 0.001510
  step:  13 bond rmsd: 0.001510
  step:  14 bond rmsd: 0.001510
  step:  15 bond rmsd: 0.001510
  step:  16 bond rmsd: 0.001510
  step:  17 bond rmsd: 0.001510
  step:  18 bond rmsd: 0.001510
  step:  19 bond rmsd: 0.001509
  step:  20 bond rmsd: 0.001508
  step:  21 bond rmsd: 0.001508
  step:  22 bond rmsd: 0.001507
  step:  23 bond rmsd: 0.001506
  step:  24 bond rmsd: 0.001506
  step:  25 bond rmsd: 0.001506
  step:  26 bond rmsd: 0.001506
  step:  27 bond rmsd: 0.001506
  step:  28 bond rmsd: 0.001506
  step:  29 bond rmsd: 0.001507
  step:  30 bond rmsd: 0.001507
  step:  31 bond rmsd: 0.001508
  step:  32 bond rmsd: 0.001509
  step:  33 bond rmsd: 0.001510
  step:  34 bond rmsd: 0.001511
  step:  35 bond rmsd: 0.001515
  step:  36 bond rmsd: 0.001517
  step:  37 bond rmsd: 0.001519
  step:  38 bond rmsd: 0.001521
  step:  39 bond rmsd: 0.001524
  step:  40 bond rmsd: 0.001526
  step:  41 bond rmsd: 0.001529
  step:  42 bond rmsd: 0.001532
  step:  43 bond rmsd: 0.001534
  step:  44 bond rmsd: 0.001538
  step:  45 bond rmsd: 0.001541
  step:  46 bond rmsd: 0.001544
  step:  47 bond rmsd: 0.001547
  step:  48 bond rmsd: 0.001551
  step:  49 bond rmsd: 0.001553
  step:  50 bond rmsd: 0.001556
  step:  51 bond rmsd: 0.001558
  step:  52 bond rmsd: 0.001560
micro_cycle  47 rmsd(b):  0.0016 rws:  1.000 n_fev: 2450
  step:   1 bond rmsd: 0.001560
  step:   2 bond rmsd: 0.064230
  step:   3 bond rmsd: 0.001562
  step:   4 bond rmsd: 0.001560
  step:   5 bond rmsd: 0.001559
  step:   6 bond rmsd: 0.001559
  step:   7 bond rmsd: 0.001558
  step:   8 bond rmsd: 0.001557
  step:   9 bond rmsd: 0.001557
  step:  10 bond rmsd: 0.001556
  step:  11 bond rmsd: 0.001556
  step:  12 bond rmsd: 0.001555
  step:  13 bond rmsd: 0.001555
  step:  14 bond rmsd: 0.001554
  step:  15 bond rmsd: 0.001553
  step:  16 bond rmsd: 0.001552
  step:  17 bond rmsd: 0.001551
  step:  18 bond rmsd: 0.001548
  step:  19 bond rmsd: 0.001545
  step:  20 bond rmsd: 0.001540
  step:  21 bond rmsd: 0.001533
  step:  22 bond rmsd: 0.001529
  step:  23 bond rmsd: 0.001526
  step:  24 bond rmsd: 0.001523
  step:  25 bond rmsd: 0.001518
  step:  26 bond rmsd: 0.001516
  step:  27 bond rmsd: 0.001513
  step:  28 bond rmsd: 0.001512
  step:  29 bond rmsd: 0.001510
  step:  30 bond rmsd: 0.001509
  step:  31 bond rmsd: 0.001508
  step:  32 bond rmsd: 0.001507
  step:  33 bond rmsd: 0.001506
  step:  34 bond rmsd: 0.001505
  step:  35 bond rmsd: 0.001504
  step:  36 bond rmsd: 0.001503
  step:  37 bond rmsd: 0.001504
  step:  38 bond rmsd: 0.001503
  step:  39 bond rmsd: 0.001503
  step:  40 bond rmsd: 0.001503
  step:  41 bond rmsd: 0.001503
  step:  42 bond rmsd: 0.001503
  step:  43 bond rmsd: 0.001503
  step:  44 bond rmsd: 0.001504
  step:  45 bond rmsd: 0.001505
  step:  46 bond rmsd: 0.001506
  step:  47 bond rmsd: 0.001507
  step:  48 bond rmsd: 0.001508
  step:  49 bond rmsd: 0.001508
  step:  50 bond rmsd: 0.001509
  step:  51 bond rmsd: 0.001511
  step:  52 bond rmsd: 0.001512
micro_cycle  48 rmsd(b):  0.0015 rws:  1.000 n_fev: 2502
  step:   1 bond rmsd: 0.001512
  step:   2 bond rmsd: 0.037977
  step:   3 bond rmsd: 0.001517
  step:   4 bond rmsd: 0.001516
  step:   5 bond rmsd: 0.001515
  step:   6 bond rmsd: 0.001515
  step:   7 bond rmsd: 0.001514
  step:   8 bond rmsd: 0.001514
  step:   9 bond rmsd: 0.001513
  step:  10 bond rmsd: 0.001513
  step:  11 bond rmsd: 0.001513
  step:  12 bond rmsd: 0.001512
  step:  13 bond rmsd: 0.001512
  step:  14 bond rmsd: 0.001511
  step:  15 bond rmsd: 0.001511
  step:  16 bond rmsd: 0.001510
  step:  17 bond rmsd: 0.001509
  step:  18 bond rmsd: 0.001508
  step:  19 bond rmsd: 0.001506
  step:  20 bond rmsd: 0.001505
  step:  21 bond rmsd: 0.001505
  step:  22 bond rmsd: 0.001503
  step:  23 bond rmsd: 0.001503
  step:  24 bond rmsd: 0.001503
  step:  25 bond rmsd: 0.001504
  step:  26 bond rmsd: 0.001504
  step:  27 bond rmsd: 0.001504
  step:  28 bond rmsd: 0.001504
  step:  29 bond rmsd: 0.001505
  step:  30 bond rmsd: 0.001506
  step:  31 bond rmsd: 0.001507
  step:  32 bond rmsd: 0.001509
  step:  33 bond rmsd: 0.001510
  step:  34 bond rmsd: 0.001511
  step:  35 bond rmsd: 0.001513
  step:  36 bond rmsd: 0.001515
  step:  37 bond rmsd: 0.001517
  step:  38 bond rmsd: 0.001521
  step:  39 bond rmsd: 0.001523
  step:  40 bond rmsd: 0.001526
  step:  41 bond rmsd: 0.001529
  step:  42 bond rmsd: 0.001531
  step:  43 bond rmsd: 0.001534
  step:  44 bond rmsd: 0.001536
  step:  45 bond rmsd: 0.001539
  step:  46 bond rmsd: 0.001541
  step:  47 bond rmsd: 0.001542
  step:  48 bond rmsd: 0.001545
  step:  49 bond rmsd: 0.001546
  step:  50 bond rmsd: 0.001548
  step:  51 bond rmsd: 0.001548
  step:  52 bond rmsd: 0.001549
micro_cycle  49 rmsd(b):  0.0015 rws:  1.000 n_fev: 2554
  step:   1 bond rmsd: 0.001549
  step:   2 bond rmsd: 0.053745
  step:   3 bond rmsd: 0.001560
  step:   4 bond rmsd: 0.001558
  step:   5 bond rmsd: 0.001556
  step:   6 bond rmsd: 0.001554
  step:   7 bond rmsd: 0.001553
  step:   8 bond rmsd: 0.001551
  step:   9 bond rmsd: 0.001550
  step:  10 bond rmsd: 0.001549
  step:  11 bond rmsd: 0.001548
  step:  12 bond rmsd: 0.001547
  step:  13 bond rmsd: 0.001546
  step:  14 bond rmsd: 0.001545
  step:  15 bond rmsd: 0.001543
  step:  16 bond rmsd: 0.001541
  step:  17 bond rmsd: 0.001539
  step:  18 bond rmsd: 0.001536
  step:  19 bond rmsd: 0.001532
  step:  20 bond rmsd: 0.001530
  step:  21 bond rmsd: 0.001527
  step:  22 bond rmsd: 0.001523
  step:  23 bond rmsd: 0.001520
  step:  24 bond rmsd: 0.001517
  step:  25 bond rmsd: 0.001514
  step:  26 bond rmsd: 0.001513
  step:  27 bond rmsd: 0.001511
  step:  28 bond rmsd: 0.001510
  step:  29 bond rmsd: 0.001509
  step:  30 bond rmsd: 0.001507
  step:  31 bond rmsd: 0.001506
  step:  32 bond rmsd: 0.001505
  step:  33 bond rmsd: 0.001504
  step:  34 bond rmsd: 0.001502
  step:  35 bond rmsd: 0.001501
  step:  36 bond rmsd: 0.001501
  step:  37 bond rmsd: 0.001500
  step:  38 bond rmsd: 0.001500
  step:  39 bond rmsd: 0.001500
  step:  40 bond rmsd: 0.001500
  step:  41 bond rmsd: 0.001500
  step:  42 bond rmsd: 0.001501
  step:  43 bond rmsd: 0.001502
  step:  44 bond rmsd: 0.001503
  step:  45 bond rmsd: 0.001505
  step:  46 bond rmsd: 0.001506
  step:  47 bond rmsd: 0.001508
  step:  48 bond rmsd: 0.001509
  step:  49 bond rmsd: 0.001511
  step:  50 bond rmsd: 0.001512
  step:  51 bond rmsd: 0.001514
  step:  52 bond rmsd: 0.001515
micro_cycle  50 rmsd(b):  0.0015 rws:  1.000 n_fev: 2606
See 6_refined.pdb in pdb folder.
Time: 42.5261
