Starting Q|R
Running refinement
   input {
     xray_data {
       file_name = None
       labels = None
       high_resolution = None
       low_resolution = None
       outliers_rejection = True
       french_wilson_scale = True
       french_wilson {
         max_bins = 60
         min_bin_size = 40
       }
       sigma_fobs_rejection_criterion = None
       sigma_iobs_rejection_criterion = None
       ignore_all_zeros = True
       force_anomalous_flag_to_be_equal_to = None
       convert_to_non_anomalous_if_ratio_pairs_lone_less_than_threshold = 0.5
       r_free_flags {
         file_name = None
         label = None
         test_flag_value = None
         ignore_r_free_flags = False
         disable_suitability_test = False
         ignore_pdb_hexdigest = False
         generate = False
         fraction = 0.1
         max_free = 2000
         lattice_symmetry_max_delta = 5
         use_lattice_symmetry = True
         use_dataman_shells = False
         n_shells = 20
       }
     }
     pdb {
       file_name = None
     }
     monomers {
       file_name = None
     }
     maps {
       map_file_name = None
       d_min = None
       map_coefficients_file_name = None
       map_coefficients_label = None
     }
     sequence = None
     scattering_table = wk1995 it1992 *n_gaussian neutron electron
     wavelength = None
     energy = None
     twin_law = Auto
   }
   max_atoms = 15000
   debug = False
   cluster {
     charge_cutoff = 8.0
     clustering = false
     charge_embedding = False
     two_buffers = False
     maxnum_residues_in_cluster = 15
     clustering_method = gnc *bcc
     altloc_method = *average subtract
   }
   restraints = *cctbx qm
   quantum {
     engine_name = *mopac ani torchani terachem turbomole pyscf orca gaussian \
                   xtb
     charge = None
     basis = Auto
     method = Auto
     memory = None
     nproc = None
     qm_addon = gcp dftd3 gcp-d3
     qm_addon_method = None
   }
   refine {
     dry_run = False
     sf_algorithm = *direct fft
     refinement_target_name = *ml ls_wunit_k1
     mode = *opt refine
     number_of_macro_cycles = 1
     number_of_weight_search_cycles = 50
     number_of_refine_cycles = 5
     number_of_micro_cycles = 50
     data_weight = None
     choose_best_use_r_work = False
     skip_initial_weight_optimization = False
     adjust_restraints_weight_scale_value = 2
     max_iterations_weight = 50
     max_iterations_refine = 50
     use_ase_lbfgs = False
     line_search = True
     stpmax = 0.2
     gradient_only = true
     update_all_scales = True
     refine_sites = True
     refine_adp = False
     restraints_weight_scale = 1.0
     shake_sites = False
     use_convergence_test = true
     max_bond_rmsd = 0.03
     max_r_work_r_free_gap = 5.0
     r_tolerance = 0.001
     rmsd_tolerance = 0.001
     opt_log = False
     pre_opt = False
     pre_opt_stpmax = 0.1
     pre_opt_iter = 10
     pre_opt_switch = 2
     pre_opt_gconv = 3000
   }
   parallel {
     method = *multiprocessing slurm pbs sge lsf threading
     nproc = None
     qsub_command = None
   }
   output_file_name_prefix = None
   output_folder_name = "pdb"
   shared_disk = True
   rst_file = None
   dump_gradients = None

Setting QM defaults
  Setting QM method to PM7


***********************************************************
restart info will be stored in /home/lum/3nir/cctbx_improve/cctbx_refine/pdb/7.rst.pickle
***********************************************************

start   0 rmsd(b):  0.0197 rws:  1.000 n_fev: 0
  step:   1 bond rmsd: 0.019740
  step:   2 bond rmsd: 0.066574
  step:   3 bond rmsd: 0.066574
  step:   4 bond rmsd: 0.054505
  step:   5 bond rmsd: 0.044654
  step:   6 bond rmsd: 0.036807
  step:   7 bond rmsd: 0.030569
  step:   8 bond rmsd: 0.025632
  step:   9 bond rmsd: 0.021745
  step:  10 bond rmsd: 0.018708
  step:  11 bond rmsd: 0.016348
  step:  12 bond rmsd: 0.014526
  step:  13 bond rmsd: 0.013121
  step:  14 bond rmsd: 0.012033
  step:  15 bond rmsd: 0.011177
  step:  16 bond rmsd: 0.010486
  step:  17 bond rmsd: 0.009902
  step:  18 bond rmsd: 0.009377
  step:  19 bond rmsd: 0.008863
  step:  20 bond rmsd: 0.008313
  step:  21 bond rmsd: 0.007669
  step:  22 bond rmsd: 0.006828
  step:  23 bond rmsd: 0.006060
  step:  24 bond rmsd: 0.005139
  step:  25 bond rmsd: 0.004578
  step:  26 bond rmsd: 0.004068
  step:  27 bond rmsd: 0.003772
  step:  28 bond rmsd: 0.003576
  step:  29 bond rmsd: 0.003340
  step:  30 bond rmsd: 0.003260
  step:  31 bond rmsd: 0.003180
  step:  32 bond rmsd: 0.003163
  step:  33 bond rmsd: 0.003192
  step:  34 bond rmsd: 0.003216
  step:  35 bond rmsd: 0.003268
  step:  36 bond rmsd: 0.003350
  step:  37 bond rmsd: 0.003394
  step:  38 bond rmsd: 0.003387
  step:  39 bond rmsd: 0.003389
  step:  40 bond rmsd: 0.003357
  step:  41 bond rmsd: 0.003303
  step:  42 bond rmsd: 0.003219
  step:  43 bond rmsd: 0.003155
  step:  44 bond rmsd: 0.003035
  step:  45 bond rmsd: 0.002957
  step:  46 bond rmsd: 0.002917
  step:  47 bond rmsd: 0.002844
  step:  48 bond rmsd: 0.002757
  step:  49 bond rmsd: 0.002649
  step:  50 bond rmsd: 0.002608
  step:  51 bond rmsd: 0.002568
  step:  52 bond rmsd: 0.002566
micro_cycle   1 rmsd(b):  0.0026 rws:  1.000 n_fev: 52
  step:   1 bond rmsd: 0.002566
  step:   2 bond rmsd: 0.066987
  step:   3 bond rmsd: 0.026211
  step:   4 bond rmsd: 0.021053
  step:   5 bond rmsd: 0.016924
  step:   6 bond rmsd: 0.013644
  step:   7 bond rmsd: 0.011043
  step:   8 bond rmsd: 0.008984
  step:   9 bond rmsd: 0.007360
  step:  10 bond rmsd: 0.006088
  step:  11 bond rmsd: 0.005098
  step:  12 bond rmsd: 0.004337
  step:  13 bond rmsd: 0.003760
  step:  14 bond rmsd: 0.003329
  step:  15 bond rmsd: 0.003012
  step:  16 bond rmsd: 0.002782
  step:  17 bond rmsd: 0.002619
  step:  18 bond rmsd: 0.002502
  step:  19 bond rmsd: 0.002420
  step:  20 bond rmsd: 0.002362
  step:  21 bond rmsd: 0.002321
  step:  22 bond rmsd: 0.002291
  step:  23 bond rmsd: 0.002270
  step:  24 bond rmsd: 0.002254
  step:  25 bond rmsd: 0.002241
  step:  26 bond rmsd: 0.002232
  step:  27 bond rmsd: 0.002224
  step:  28 bond rmsd: 0.002217
  step:  29 bond rmsd: 0.002210
  step:  30 bond rmsd: 0.002205
  step:  31 bond rmsd: 0.002200
  step:  32 bond rmsd: 0.002195
  step:  33 bond rmsd: 0.002189
  step:  34 bond rmsd: 0.002166
  step:  35 bond rmsd: 0.002156
  step:  36 bond rmsd: 0.002120
  step:  37 bond rmsd: 0.002121
  step:  38 bond rmsd: 0.002132
  step:  39 bond rmsd: 0.002203
  step:  40 bond rmsd: 0.002202
  step:  41 bond rmsd: 0.002199
  step:  42 bond rmsd: 0.002181
  step:  43 bond rmsd: 0.002178
  step:  44 bond rmsd: 0.002166
  step:  45 bond rmsd: 0.002156
  step:  46 bond rmsd: 0.002154
  step:  47 bond rmsd: 0.002152
  step:  48 bond rmsd: 0.002157
  step:  49 bond rmsd: 0.002149
  step:  50 bond rmsd: 0.002161
  step:  51 bond rmsd: 0.002179
  step:  52 bond rmsd: 0.002194
micro_cycle   2 rmsd(b):  0.0022 rws:  1.000 n_fev: 104
  step:   1 bond rmsd: 0.002194
  step:   2 bond rmsd: 0.047755
  step:   3 bond rmsd: 0.047755
  step:   4 bond rmsd: 0.038079
  step:   5 bond rmsd: 0.030297
  step:   6 bond rmsd: 0.024180
  step:   7 bond rmsd: 0.019354
  step:   8 bond rmsd: 0.015535
  step:   9 bond rmsd: 0.012510
  step:  10 bond rmsd: 0.010114
  step:  11 bond rmsd: 0.008220
  step:  12 bond rmsd: 0.006728
  step:  13 bond rmsd: 0.005561
  step:  14 bond rmsd: 0.004654
  step:  15 bond rmsd: 0.003959
  step:  16 bond rmsd: 0.003433
  step:  17 bond rmsd: 0.003041
  step:  18 bond rmsd: 0.002754
  step:  19 bond rmsd: 0.002548
  step:  20 bond rmsd: 0.002400
  step:  21 bond rmsd: 0.002296
  step:  22 bond rmsd: 0.002222
  step:  23 bond rmsd: 0.002169
  step:  24 bond rmsd: 0.002131
  step:  25 bond rmsd: 0.002102
  step:  26 bond rmsd: 0.002081
  step:  27 bond rmsd: 0.002063
  step:  28 bond rmsd: 0.002048
  step:  29 bond rmsd: 0.002034
  step:  30 bond rmsd: 0.002020
  step:  31 bond rmsd: 0.002003
  step:  32 bond rmsd: 0.001983
  step:  33 bond rmsd: 0.001954
  step:  34 bond rmsd: 0.001910
  step:  35 bond rmsd: 0.001836
  step:  36 bond rmsd: 0.001795
  step:  37 bond rmsd: 0.001770
  step:  38 bond rmsd: 0.001779
  step:  39 bond rmsd: 0.001770
  step:  40 bond rmsd: 0.001771
  step:  41 bond rmsd: 0.001772
  step:  42 bond rmsd: 0.001777
  step:  43 bond rmsd: 0.001786
  step:  44 bond rmsd: 0.001790
  step:  45 bond rmsd: 0.001799
  step:  46 bond rmsd: 0.001803
  step:  47 bond rmsd: 0.001808
  step:  48 bond rmsd: 0.001810
  step:  49 bond rmsd: 0.001812
  step:  50 bond rmsd: 0.001815
  step:  51 bond rmsd: 0.001815
  step:  52 bond rmsd: 0.001819
micro_cycle   3 rmsd(b):  0.0018 rws:  1.000 n_fev: 156
  step:   1 bond rmsd: 0.001819
  step:   2 bond rmsd: 0.051263
  step:   3 bond rmsd: 0.006083
  step:   4 bond rmsd: 0.005021
  step:   5 bond rmsd: 0.004193
  step:   6 bond rmsd: 0.003555
  step:   7 bond rmsd: 0.003070
  step:   8 bond rmsd: 0.002707
  step:   9 bond rmsd: 0.002440
  step:  10 bond rmsd: 0.002246
  step:  11 bond rmsd: 0.002109
  step:  12 bond rmsd: 0.002011
  step:  13 bond rmsd: 0.001943
  step:  14 bond rmsd: 0.001895
  step:  15 bond rmsd: 0.001861
  step:  16 bond rmsd: 0.001837
  step:  17 bond rmsd: 0.001820
  step:  18 bond rmsd: 0.001808
  step:  19 bond rmsd: 0.001799
  step:  20 bond rmsd: 0.001792
  step:  21 bond rmsd: 0.001787
  step:  22 bond rmsd: 0.001782
  step:  23 bond rmsd: 0.001778
  step:  24 bond rmsd: 0.001775
  step:  25 bond rmsd: 0.001771
  step:  26 bond rmsd: 0.001766
  step:  27 bond rmsd: 0.001760
  step:  28 bond rmsd: 0.001751
  step:  29 bond rmsd: 0.001739
  step:  30 bond rmsd: 0.001718
  step:  31 bond rmsd: 0.001711
  step:  32 bond rmsd: 0.001704
  step:  33 bond rmsd: 0.001714
  step:  34 bond rmsd: 0.001719
  step:  35 bond rmsd: 0.001733
  step:  36 bond rmsd: 0.001742
  step:  37 bond rmsd: 0.001770
  step:  38 bond rmsd: 0.001780
  step:  39 bond rmsd: 0.001793
  step:  40 bond rmsd: 0.001809
  step:  41 bond rmsd: 0.001829
  step:  42 bond rmsd: 0.001861
  step:  43 bond rmsd: 0.001885
  step:  44 bond rmsd: 0.001930
  step:  45 bond rmsd: 0.001982
  step:  46 bond rmsd: 0.002016
  step:  47 bond rmsd: 0.002099
  step:  48 bond rmsd: 0.002130
  step:  49 bond rmsd: 0.002164
  step:  50 bond rmsd: 0.002187
  step:  51 bond rmsd: 0.002203
  step:  52 bond rmsd: 0.002209
micro_cycle   4 rmsd(b):  0.0022 rws:  1.000 n_fev: 208
  step:   1 bond rmsd: 0.002209
  step:   2 bond rmsd: 0.066457
  step:   3 bond rmsd: 0.017120
  step:   4 bond rmsd: 0.013783
  step:   5 bond rmsd: 0.011136
  step:   6 bond rmsd: 0.009035
  step:   7 bond rmsd: 0.007373
  step:   8 bond rmsd: 0.006064
  step:   9 bond rmsd: 0.005041
  step:  10 bond rmsd: 0.004249
  step:  11 bond rmsd: 0.003644
  step:  12 bond rmsd: 0.003189
  step:  13 bond rmsd: 0.002852
  step:  14 bond rmsd: 0.002606
  step:  15 bond rmsd: 0.002430
  step:  16 bond rmsd: 0.002304
  step:  17 bond rmsd: 0.002215
  step:  18 bond rmsd: 0.002151
  step:  19 bond rmsd: 0.002106
  step:  20 bond rmsd: 0.002072
  step:  21 bond rmsd: 0.002047
  step:  22 bond rmsd: 0.002028
  step:  23 bond rmsd: 0.002013
  step:  24 bond rmsd: 0.002000
  step:  25 bond rmsd: 0.001988
  step:  26 bond rmsd: 0.001976
  step:  27 bond rmsd: 0.001964
  step:  28 bond rmsd: 0.001949
  step:  29 bond rmsd: 0.001930
  step:  30 bond rmsd: 0.001902
  step:  31 bond rmsd: 0.001852
  step:  32 bond rmsd: 0.001738
  step:  33 bond rmsd: 0.001645
  step:  34 bond rmsd: 0.001613
  step:  35 bond rmsd: 0.001591
  step:  36 bond rmsd: 0.001577
  step:  37 bond rmsd: 0.001568
  step:  38 bond rmsd: 0.001565
  step:  39 bond rmsd: 0.001562
  step:  40 bond rmsd: 0.001561
  step:  41 bond rmsd: 0.001563
  step:  42 bond rmsd: 0.001565
  step:  43 bond rmsd: 0.001571
  step:  44 bond rmsd: 0.001574
  step:  45 bond rmsd: 0.001580
  step:  46 bond rmsd: 0.001591
  step:  47 bond rmsd: 0.001603
  step:  48 bond rmsd: 0.001619
  step:  49 bond rmsd: 0.001640
  step:  50 bond rmsd: 0.001664
  step:  51 bond rmsd: 0.001691
  step:  52 bond rmsd: 0.001715
micro_cycle   5 rmsd(b):  0.0017 rws:  1.000 n_fev: 260
  step:   1 bond rmsd: 0.001715
  step:   2 bond rmsd: 0.059607
  step:   3 bond rmsd: 0.004709
  step:   4 bond rmsd: 0.003905
  step:   5 bond rmsd: 0.003289
  step:   6 bond rmsd: 0.002825
  step:   7 bond rmsd: 0.002482
  step:   8 bond rmsd: 0.002234
  step:   9 bond rmsd: 0.002059
  step:  10 bond rmsd: 0.001938
  step:  11 bond rmsd: 0.001856
  step:  12 bond rmsd: 0.001800
  step:  13 bond rmsd: 0.001763
  step:  14 bond rmsd: 0.001738
  step:  15 bond rmsd: 0.001721
  step:  16 bond rmsd: 0.001709
  step:  17 bond rmsd: 0.001701
  step:  18 bond rmsd: 0.001695
  step:  19 bond rmsd: 0.001691
  step:  20 bond rmsd: 0.001687
  step:  21 bond rmsd: 0.001684
  step:  22 bond rmsd: 0.001681
  step:  23 bond rmsd: 0.001679
  step:  24 bond rmsd: 0.001676
  step:  25 bond rmsd: 0.001672
  step:  26 bond rmsd: 0.001667
  step:  27 bond rmsd: 0.001660
  step:  28 bond rmsd: 0.001649
  step:  29 bond rmsd: 0.001632
  step:  30 bond rmsd: 0.001611
  step:  31 bond rmsd: 0.001596
  step:  32 bond rmsd: 0.001580
  step:  33 bond rmsd: 0.001590
  step:  34 bond rmsd: 0.001585
  step:  35 bond rmsd: 0.001579
  step:  36 bond rmsd: 0.001598
  step:  37 bond rmsd: 0.001598
  step:  38 bond rmsd: 0.001602
  step:  39 bond rmsd: 0.001604
  step:  40 bond rmsd: 0.001608
  step:  41 bond rmsd: 0.001611
  step:  42 bond rmsd: 0.001619
  step:  43 bond rmsd: 0.001631
  step:  44 bond rmsd: 0.001649
  step:  45 bond rmsd: 0.001667
  step:  46 bond rmsd: 0.001689
  step:  47 bond rmsd: 0.001722
  step:  48 bond rmsd: 0.001757
  step:  49 bond rmsd: 0.001809
  step:  50 bond rmsd: 0.001856
  step:  51 bond rmsd: 0.001932
  step:  52 bond rmsd: 0.001986
micro_cycle   6 rmsd(b):  0.0020 rws:  1.000 n_fev: 312
  step:   1 bond rmsd: 0.001986
  step:   2 bond rmsd: 0.052486
  step:   3 bond rmsd: 0.011990
  step:   4 bond rmsd: 0.009653
  step:   5 bond rmsd: 0.007793
  step:   6 bond rmsd: 0.006324
  step:   7 bond rmsd: 0.005170
  step:   8 bond rmsd: 0.004272
  step:   9 bond rmsd: 0.003581
  step:  10 bond rmsd: 0.003058
  step:  11 bond rmsd: 0.002670
  step:  12 bond rmsd: 0.002388
  step:  13 bond rmsd: 0.002187
  step:  14 bond rmsd: 0.002047
  step:  15 bond rmsd: 0.001951
  step:  16 bond rmsd: 0.001885
  step:  17 bond rmsd: 0.001841
  step:  18 bond rmsd: 0.001810
  step:  19 bond rmsd: 0.001790
  step:  20 bond rmsd: 0.001775
  step:  21 bond rmsd: 0.001764
  step:  22 bond rmsd: 0.001757
  step:  23 bond rmsd: 0.001750
  step:  24 bond rmsd: 0.001745
  step:  25 bond rmsd: 0.001740
  step:  26 bond rmsd: 0.001734
  step:  27 bond rmsd: 0.001728
  step:  28 bond rmsd: 0.001719
  step:  29 bond rmsd: 0.001705
  step:  30 bond rmsd: 0.001685
  step:  31 bond rmsd: 0.001656
  step:  32 bond rmsd: 0.001616
  step:  33 bond rmsd: 0.001585
  step:  34 bond rmsd: 0.001568
  step:  35 bond rmsd: 0.001545
  step:  36 bond rmsd: 0.001536
  step:  37 bond rmsd: 0.001526
  step:  38 bond rmsd: 0.001521
  step:  39 bond rmsd: 0.001517
  step:  40 bond rmsd: 0.001517
  step:  41 bond rmsd: 0.001514
  step:  42 bond rmsd: 0.001520
  step:  43 bond rmsd: 0.001523
  step:  44 bond rmsd: 0.001527
  step:  45 bond rmsd: 0.001540
  step:  46 bond rmsd: 0.001549
  step:  47 bond rmsd: 0.001572
  step:  48 bond rmsd: 0.001582
  step:  49 bond rmsd: 0.001603
  step:  50 bond rmsd: 0.001620
  step:  51 bond rmsd: 0.001643
  step:  52 bond rmsd: 0.001671
micro_cycle   7 rmsd(b):  0.0017 rws:  1.000 n_fev: 364
  step:   1 bond rmsd: 0.001671
  step:   2 bond rmsd: 0.044462
  step:   3 bond rmsd: 0.003916
  step:   4 bond rmsd: 0.003267
  step:   5 bond rmsd: 0.002776
  step:   6 bond rmsd: 0.002413
  step:   7 bond rmsd: 0.002151
  step:   8 bond rmsd: 0.001968
  step:   9 bond rmsd: 0.001843
  step:  10 bond rmsd: 0.001760
  step:  11 bond rmsd: 0.001706
  step:  12 bond rmsd: 0.001671
  step:  13 bond rmsd: 0.001649
  step:  14 bond rmsd: 0.001636
  step:  15 bond rmsd: 0.001628
  step:  16 bond rmsd: 0.001623
  step:  17 bond rmsd: 0.001620
  step:  18 bond rmsd: 0.001618
  step:  19 bond rmsd: 0.001617
  step:  20 bond rmsd: 0.001617
  step:  21 bond rmsd: 0.001617
  step:  22 bond rmsd: 0.001617
  step:  23 bond rmsd: 0.001617
  step:  24 bond rmsd: 0.001616
  step:  25 bond rmsd: 0.001616
  step:  26 bond rmsd: 0.001614
  step:  27 bond rmsd: 0.001609
  step:  28 bond rmsd: 0.001600
  step:  29 bond rmsd: 0.001582
  step:  30 bond rmsd: 0.001563
  step:  31 bond rmsd: 0.001553
  step:  32 bond rmsd: 0.001549
  step:  33 bond rmsd: 0.001535
  step:  34 bond rmsd: 0.001533
  step:  35 bond rmsd: 0.001535
  step:  36 bond rmsd: 0.001538
  step:  37 bond rmsd: 0.001543
  step:  38 bond rmsd: 0.001548
  step:  39 bond rmsd: 0.001555
  step:  40 bond rmsd: 0.001560
  step:  41 bond rmsd: 0.001567
  step:  42 bond rmsd: 0.001573
  step:  43 bond rmsd: 0.001582
  step:  44 bond rmsd: 0.001593
  step:  45 bond rmsd: 0.001601
  step:  46 bond rmsd: 0.001617
  step:  47 bond rmsd: 0.001628
  step:  48 bond rmsd: 0.001642
  step:  49 bond rmsd: 0.001665
  step:  50 bond rmsd: 0.001684
  step:  51 bond rmsd: 0.001711
  step:  52 bond rmsd: 0.001745
micro_cycle   8 rmsd(b):  0.0017 rws:  1.000 n_fev: 416
  step:   1 bond rmsd: 0.001745
  step:   2 bond rmsd: 0.072320
  step:   3 bond rmsd: 0.003568
  step:   4 bond rmsd: 0.003048
  step:   5 bond rmsd: 0.002658
  step:   6 bond rmsd: 0.002372
  step:   7 bond rmsd: 0.002166
  step:   8 bond rmsd: 0.002021
  step:   9 bond rmsd: 0.001919
  step:  10 bond rmsd: 0.001849
  step:  11 bond rmsd: 0.001800
  step:  12 bond rmsd: 0.001766
  step:  13 bond rmsd: 0.001742
  step:  14 bond rmsd: 0.001725
  step:  15 bond rmsd: 0.001713
  step:  16 bond rmsd: 0.001703
  step:  17 bond rmsd: 0.001696
  step:  18 bond rmsd: 0.001691
  step:  19 bond rmsd: 0.001686
  step:  20 bond rmsd: 0.001682
  step:  21 bond rmsd: 0.001677
  step:  22 bond rmsd: 0.001672
  step:  23 bond rmsd: 0.001666
  step:  24 bond rmsd: 0.001658
  step:  25 bond rmsd: 0.001646
  step:  26 bond rmsd: 0.001628
  step:  27 bond rmsd: 0.001601
  step:  28 bond rmsd: 0.001569
  step:  29 bond rmsd: 0.001552
  step:  30 bond rmsd: 0.001537
  step:  31 bond rmsd: 0.001526
  step:  32 bond rmsd: 0.001519
  step:  33 bond rmsd: 0.001533
  step:  34 bond rmsd: 0.001527
  step:  35 bond rmsd: 0.001523
  step:  36 bond rmsd: 0.001519
  step:  37 bond rmsd: 0.001518
  step:  38 bond rmsd: 0.001517
  step:  39 bond rmsd: 0.001518
  step:  40 bond rmsd: 0.001520
  step:  41 bond rmsd: 0.001527
  step:  42 bond rmsd: 0.001532
  step:  43 bond rmsd: 0.001539
  step:  44 bond rmsd: 0.001549
  step:  45 bond rmsd: 0.001555
  step:  46 bond rmsd: 0.001566
  step:  47 bond rmsd: 0.001579
  step:  48 bond rmsd: 0.001600
  step:  49 bond rmsd: 0.001622
  step:  50 bond rmsd: 0.001652
  step:  51 bond rmsd: 0.001690
  step:  52 bond rmsd: 0.001736
micro_cycle   9 rmsd(b):  0.0017 rws:  1.000 n_fev: 468
  step:   1 bond rmsd: 0.001736
  step:   2 bond rmsd: 0.081692
  step:   3 bond rmsd: 0.004283
  step:   4 bond rmsd: 0.003572
  step:   5 bond rmsd: 0.003032
  step:   6 bond rmsd: 0.002627
  step:   7 bond rmsd: 0.002332
  step:   8 bond rmsd: 0.002120
  step:   9 bond rmsd: 0.001971
  step:  10 bond rmsd: 0.001869
  step:  11 bond rmsd: 0.001799
  step:  12 bond rmsd: 0.001752
  step:  13 bond rmsd: 0.001720
  step:  14 bond rmsd: 0.001698
  step:  15 bond rmsd: 0.001682
  step:  16 bond rmsd: 0.001671
  step:  17 bond rmsd: 0.001663
  step:  18 bond rmsd: 0.001657
  step:  19 bond rmsd: 0.001652
  step:  20 bond rmsd: 0.001647
  step:  21 bond rmsd: 0.001643
  step:  22 bond rmsd: 0.001639
  step:  23 bond rmsd: 0.001634
  step:  24 bond rmsd: 0.001627
  step:  25 bond rmsd: 0.001618
  step:  26 bond rmsd: 0.001604
  step:  27 bond rmsd: 0.001584
  step:  28 bond rmsd: 0.001560
  step:  29 bond rmsd: 0.001547
  step:  30 bond rmsd: 0.001535
  step:  31 bond rmsd: 0.001526
  step:  32 bond rmsd: 0.001512
  step:  33 bond rmsd: 0.001511
  step:  34 bond rmsd: 0.001496
  step:  35 bond rmsd: 0.001497
  step:  36 bond rmsd: 0.001500
  step:  37 bond rmsd: 0.001504
  step:  38 bond rmsd: 0.001507
  step:  39 bond rmsd: 0.001516
  step:  40 bond rmsd: 0.001521
  step:  41 bond rmsd: 0.001527
  step:  42 bond rmsd: 0.001538
  step:  43 bond rmsd: 0.001546
  step:  44 bond rmsd: 0.001569
  step:  45 bond rmsd: 0.001575
  step:  46 bond rmsd: 0.001586
  step:  47 bond rmsd: 0.001597
  step:  48 bond rmsd: 0.001612
  step:  49 bond rmsd: 0.001632
  step:  50 bond rmsd: 0.001654
  step:  51 bond rmsd: 0.001679
  step:  52 bond rmsd: 0.001705
micro_cycle  10 rmsd(b):  0.0017 rws:  1.000 n_fev: 520
  step:   1 bond rmsd: 0.001705
  step:   2 bond rmsd: 0.056464
  step:   3 bond rmsd: 0.009329
  step:   4 bond rmsd: 0.007541
  step:   5 bond rmsd: 0.006126
  step:   6 bond rmsd: 0.005014
  step:   7 bond rmsd: 0.004147
  step:   8 bond rmsd: 0.003478
  step:   9 bond rmsd: 0.002969
  step:  10 bond rmsd: 0.002588
  step:  11 bond rmsd: 0.002310
  step:  12 bond rmsd: 0.002110
  step:  13 bond rmsd: 0.001969
  step:  14 bond rmsd: 0.001871
  step:  15 bond rmsd: 0.001803
  step:  16 bond rmsd: 0.001757
  step:  17 bond rmsd: 0.001725
  step:  18 bond rmsd: 0.001703
  step:  19 bond rmsd: 0.001687
  step:  20 bond rmsd: 0.001675
  step:  21 bond rmsd: 0.001667
  step:  22 bond rmsd: 0.001660
  step:  23 bond rmsd: 0.001654
  step:  24 bond rmsd: 0.001650
  step:  25 bond rmsd: 0.001645
  step:  26 bond rmsd: 0.001640
  step:  27 bond rmsd: 0.001635
  step:  28 bond rmsd: 0.001629
  step:  29 bond rmsd: 0.001621
  step:  30 bond rmsd: 0.001610
  step:  31 bond rmsd: 0.001594
  step:  32 bond rmsd: 0.001572
  step:  33 bond rmsd: 0.001554
  step:  34 bond rmsd: 0.001537
  step:  35 bond rmsd: 0.001521
  step:  36 bond rmsd: 0.001514
  step:  37 bond rmsd: 0.001507
  step:  38 bond rmsd: 0.001497
  step:  39 bond rmsd: 0.001493
  step:  40 bond rmsd: 0.001488
  step:  41 bond rmsd: 0.001488
  step:  42 bond rmsd: 0.001487
  step:  43 bond rmsd: 0.001486
  step:  44 bond rmsd: 0.001488
  step:  45 bond rmsd: 0.001492
  step:  46 bond rmsd: 0.001491
  step:  47 bond rmsd: 0.001497
  step:  48 bond rmsd: 0.001506
  step:  49 bond rmsd: 0.001518
  step:  50 bond rmsd: 0.001529
  step:  51 bond rmsd: 0.001549
  step:  52 bond rmsd: 0.001562
micro_cycle  11 rmsd(b):  0.0016 rws:  1.000 n_fev: 572
  step:   1 bond rmsd: 0.001562
  step:   2 bond rmsd: 0.049711
  step:   3 bond rmsd: 0.001752
  step:   4 bond rmsd: 0.001684
  step:   5 bond rmsd: 0.001639
  step:   6 bond rmsd: 0.001607
  step:   7 bond rmsd: 0.001586
  step:   8 bond rmsd: 0.001571
  step:   9 bond rmsd: 0.001560
  step:  10 bond rmsd: 0.001553
  step:  11 bond rmsd: 0.001547
  step:  12 bond rmsd: 0.001543
  step:  13 bond rmsd: 0.001541
  step:  14 bond rmsd: 0.001539
  step:  15 bond rmsd: 0.001537
  step:  16 bond rmsd: 0.001536
  step:  17 bond rmsd: 0.001535
  step:  18 bond rmsd: 0.001534
  step:  19 bond rmsd: 0.001533
  step:  20 bond rmsd: 0.001531
  step:  21 bond rmsd: 0.001528
  step:  22 bond rmsd: 0.001524
  step:  23 bond rmsd: 0.001517
  step:  24 bond rmsd: 0.001524
  step:  25 bond rmsd: 0.001517
  step:  26 bond rmsd: 0.001513
  step:  27 bond rmsd: 0.001512
  step:  28 bond rmsd: 0.001510
  step:  29 bond rmsd: 0.001516
  step:  30 bond rmsd: 0.001518
  step:  31 bond rmsd: 0.001522
  step:  32 bond rmsd: 0.001525
  step:  33 bond rmsd: 0.001531
  step:  34 bond rmsd: 0.001537
  step:  35 bond rmsd: 0.001541
  step:  36 bond rmsd: 0.001551
  step:  37 bond rmsd: 0.001556
  step:  38 bond rmsd: 0.001566
  step:  39 bond rmsd: 0.001574
  step:  40 bond rmsd: 0.001588
  step:  41 bond rmsd: 0.001599
  step:  42 bond rmsd: 0.001618
  step:  43 bond rmsd: 0.001634
  step:  44 bond rmsd: 0.001664
  step:  45 bond rmsd: 0.001689
  step:  46 bond rmsd: 0.001728
  step:  47 bond rmsd: 0.001772
  step:  48 bond rmsd: 0.001803
  step:  49 bond rmsd: 0.001877
  step:  50 bond rmsd: 0.001900
  step:  51 bond rmsd: 0.001919
  step:  52 bond rmsd: 0.001946
micro_cycle  12 rmsd(b):  0.0019 rws:  1.000 n_fev: 624
  step:   1 bond rmsd: 0.001946
  step:   2 bond rmsd: 0.052612
  step:   3 bond rmsd: 0.027338
  step:   4 bond rmsd: 0.021872
  step:   5 bond rmsd: 0.017521
  step:   6 bond rmsd: 0.014056
  step:   7 bond rmsd: 0.011300
  step:   8 bond rmsd: 0.009111
  step:   9 bond rmsd: 0.007377
  step:  10 bond rmsd: 0.006010
  step:  11 bond rmsd: 0.004940
  step:  12 bond rmsd: 0.004110
  step:  13 bond rmsd: 0.003475
  step:  14 bond rmsd: 0.002997
  step:  15 bond rmsd: 0.002645
  step:  16 bond rmsd: 0.002390
  step:  17 bond rmsd: 0.002210
  step:  18 bond rmsd: 0.002085
  step:  19 bond rmsd: 0.001999
  step:  20 bond rmsd: 0.001940
  step:  21 bond rmsd: 0.001899
  step:  22 bond rmsd: 0.001871
  step:  23 bond rmsd: 0.001852
  step:  24 bond rmsd: 0.001837
  step:  25 bond rmsd: 0.001826
  step:  26 bond rmsd: 0.001818
  step:  27 bond rmsd: 0.001810
  step:  28 bond rmsd: 0.001803
  step:  29 bond rmsd: 0.001796
  step:  30 bond rmsd: 0.001787
  step:  31 bond rmsd: 0.001775
  step:  32 bond rmsd: 0.001757
  step:  33 bond rmsd: 0.001730
  step:  34 bond rmsd: 0.001686
  step:  35 bond rmsd: 0.001609
  step:  36 bond rmsd: 0.001564
  step:  37 bond rmsd: 0.001524
  step:  38 bond rmsd: 0.001515
  step:  39 bond rmsd: 0.001493
  step:  40 bond rmsd: 0.001476
  step:  41 bond rmsd: 0.001461
  step:  42 bond rmsd: 0.001450
  step:  43 bond rmsd: 0.001442
  step:  44 bond rmsd: 0.001437
  step:  45 bond rmsd: 0.001433
  step:  46 bond rmsd: 0.001431
  step:  47 bond rmsd: 0.001432
  step:  48 bond rmsd: 0.001434
  step:  49 bond rmsd: 0.001438
  step:  50 bond rmsd: 0.001442
  step:  51 bond rmsd: 0.001454
  step:  52 bond rmsd: 0.001462
micro_cycle  13 rmsd(b):  0.0015 rws:  1.000 n_fev: 676
  step:   1 bond rmsd: 0.001462
  step:   2 bond rmsd: 0.060975
  step:   3 bond rmsd: 0.001549
  step:   4 bond rmsd: 0.001527
  step:   5 bond rmsd: 0.001511
  step:   6 bond rmsd: 0.001500
  step:   7 bond rmsd: 0.001492
  step:   8 bond rmsd: 0.001486
  step:   9 bond rmsd: 0.001482
  step:  10 bond rmsd: 0.001478
  step:  11 bond rmsd: 0.001476
  step:  12 bond rmsd: 0.001474
  step:  13 bond rmsd: 0.001473
  step:  14 bond rmsd: 0.001472
  step:  15 bond rmsd: 0.001471
  step:  16 bond rmsd: 0.001471
  step:  17 bond rmsd: 0.001470
  step:  18 bond rmsd: 0.001470
  step:  19 bond rmsd: 0.001471
  step:  20 bond rmsd: 0.001472
  step:  21 bond rmsd: 0.001475
  step:  22 bond rmsd: 0.001480
  step:  23 bond rmsd: 0.001490
  step:  24 bond rmsd: 0.001506
  step:  25 bond rmsd: 0.001517
  step:  26 bond rmsd: 0.001527
  step:  27 bond rmsd: 0.001556
  step:  28 bond rmsd: 0.001556
  step:  29 bond rmsd: 0.001561
  step:  30 bond rmsd: 0.001566
  step:  31 bond rmsd: 0.001570
  step:  32 bond rmsd: 0.001573
  step:  33 bond rmsd: 0.001577
  step:  34 bond rmsd: 0.001578
  step:  35 bond rmsd: 0.001580
  step:  36 bond rmsd: 0.001583
  step:  37 bond rmsd: 0.001588
  step:  38 bond rmsd: 0.001590
  step:  39 bond rmsd: 0.001594
  step:  40 bond rmsd: 0.001591
  step:  41 bond rmsd: 0.001591
  step:  42 bond rmsd: 0.001591
  step:  43 bond rmsd: 0.001585
  step:  44 bond rmsd: 0.001575
  step:  45 bond rmsd: 0.001570
  step:  46 bond rmsd: 0.001561
  step:  47 bond rmsd: 0.001560
  step:  48 bond rmsd: 0.001564
  step:  49 bond rmsd: 0.001564
  step:  50 bond rmsd: 0.001572
  step:  51 bond rmsd: 0.001574
  step:  52 bond rmsd: 0.001589
  step:  53 bond rmsd: 0.001604
micro_cycle  14 rmsd(b):  0.0016 rws:  1.000 n_fev: 729
  step:   1 bond rmsd: 0.001604
  step:   2 bond rmsd: 0.037852
  step:   3 bond rmsd: 0.007044
  step:   4 bond rmsd: 0.005773
  step:   5 bond rmsd: 0.004768
  step:   6 bond rmsd: 0.003983
  step:   7 bond rmsd: 0.003374
  step:   8 bond rmsd: 0.002908
  step:   9 bond rmsd: 0.002555
  step:  10 bond rmsd: 0.002292
  step:  11 bond rmsd: 0.002098
  step:  12 bond rmsd: 0.001957
  step:  13 bond rmsd: 0.001856
  step:  14 bond rmsd: 0.001783
  step:  15 bond rmsd: 0.001732
  step:  16 bond rmsd: 0.001695
  step:  17 bond rmsd: 0.001668
  step:  18 bond rmsd: 0.001649
  step:  19 bond rmsd: 0.001635
  step:  20 bond rmsd: 0.001625
  step:  21 bond rmsd: 0.001617
  step:  22 bond rmsd: 0.001611
  step:  23 bond rmsd: 0.001606
  step:  24 bond rmsd: 0.001602
  step:  25 bond rmsd: 0.001599
  step:  26 bond rmsd: 0.001596
  step:  27 bond rmsd: 0.001593
  step:  28 bond rmsd: 0.001590
  step:  29 bond rmsd: 0.001587
  step:  30 bond rmsd: 0.001584
  step:  31 bond rmsd: 0.001580
  step:  32 bond rmsd: 0.001572
  step:  33 bond rmsd: 0.001561
  step:  34 bond rmsd: 0.001544
  step:  35 bond rmsd: 0.001533
  step:  36 bond rmsd: 0.001523
  step:  37 bond rmsd: 0.001515
  step:  38 bond rmsd: 0.001508
  step:  39 bond rmsd: 0.001503
  step:  40 bond rmsd: 0.001497
  step:  41 bond rmsd: 0.001494
  step:  42 bond rmsd: 0.001490
  step:  43 bond rmsd: 0.001487
  step:  44 bond rmsd: 0.001485
  step:  45 bond rmsd: 0.001484
  step:  46 bond rmsd: 0.001483
  step:  47 bond rmsd: 0.001481
  step:  48 bond rmsd: 0.001481
  step:  49 bond rmsd: 0.001481
  step:  50 bond rmsd: 0.001483
  step:  51 bond rmsd: 0.001485
  step:  52 bond rmsd: 0.001489
micro_cycle  15 rmsd(b):  0.0015 rws:  1.000 n_fev: 781
  step:   1 bond rmsd: 0.001489
  step:   2 bond rmsd: 0.069954
  step:   3 bond rmsd: 0.001493
  step:   4 bond rmsd: 0.001491
  step:   5 bond rmsd: 0.001490
  step:   6 bond rmsd: 0.001489
  step:   7 bond rmsd: 0.001488
  step:   8 bond rmsd: 0.001487
  step:   9 bond rmsd: 0.001487
  step:  10 bond rmsd: 0.001486
  step:  11 bond rmsd: 0.001486
  step:  12 bond rmsd: 0.001486
  step:  13 bond rmsd: 0.001485
  step:  14 bond rmsd: 0.001485
  step:  15 bond rmsd: 0.001484
  step:  16 bond rmsd: 0.001484
  step:  17 bond rmsd: 0.001483
  step:  18 bond rmsd: 0.001481
  step:  19 bond rmsd: 0.001479
  step:  20 bond rmsd: 0.001475
  step:  21 bond rmsd: 0.001472
  step:  22 bond rmsd: 0.001490
  step:  23 bond rmsd: 0.001490
  step:  24 bond rmsd: 0.001485
  step:  25 bond rmsd: 0.001481
  step:  26 bond rmsd: 0.001479
  step:  27 bond rmsd: 0.001478
  step:  28 bond rmsd: 0.001478
  step:  29 bond rmsd: 0.001479
  step:  30 bond rmsd: 0.001480
  step:  31 bond rmsd: 0.001481
  step:  32 bond rmsd: 0.001483
  step:  33 bond rmsd: 0.001486
  step:  34 bond rmsd: 0.001492
  step:  35 bond rmsd: 0.001495
  step:  36 bond rmsd: 0.001504
  step:  37 bond rmsd: 0.001509
  step:  38 bond rmsd: 0.001514
  step:  39 bond rmsd: 0.001525
  step:  40 bond rmsd: 0.001536
  step:  41 bond rmsd: 0.001552
  step:  42 bond rmsd: 0.001567
  step:  43 bond rmsd: 0.001589
  step:  44 bond rmsd: 0.001606
  step:  45 bond rmsd: 0.001625
  step:  46 bond rmsd: 0.001642
  step:  47 bond rmsd: 0.001662
  step:  48 bond rmsd: 0.001681
  step:  49 bond rmsd: 0.001700
  step:  50 bond rmsd: 0.001716
  step:  51 bond rmsd: 0.001738
  step:  52 bond rmsd: 0.001747
  step:  53 bond rmsd: 0.001763
micro_cycle  16 rmsd(b):  0.0018 rws:  1.000 n_fev: 834
  step:   1 bond rmsd: 0.001763
  step:   2 bond rmsd: 0.078750
  step:   3 bond rmsd: 0.006327
  step:   4 bond rmsd: 0.005135
  step:   5 bond rmsd: 0.004206
  step:   6 bond rmsd: 0.003490
  step:   7 bond rmsd: 0.002949
  step:   8 bond rmsd: 0.002548
  step:   9 bond rmsd: 0.002260
  step:  10 bond rmsd: 0.002058
  step:  11 bond rmsd: 0.001921
  step:  12 bond rmsd: 0.001831
  step:  13 bond rmsd: 0.001773
  step:  14 bond rmsd: 0.001736
  step:  15 bond rmsd: 0.001713
  step:  16 bond rmsd: 0.001699
  step:  17 bond rmsd: 0.001690
  step:  18 bond rmsd: 0.001684
  step:  19 bond rmsd: 0.001681
  step:  20 bond rmsd: 0.001678
  step:  21 bond rmsd: 0.001677
  step:  22 bond rmsd: 0.001675
  step:  23 bond rmsd: 0.001674
  step:  24 bond rmsd: 0.001672
  step:  25 bond rmsd: 0.001669
  step:  26 bond rmsd: 0.001665
  step:  27 bond rmsd: 0.001657
  step:  28 bond rmsd: 0.001645
  step:  29 bond rmsd: 0.001626
  step:  30 bond rmsd: 0.001588
  step:  31 bond rmsd: 0.001573
  step:  32 bond rmsd: 0.001563
  step:  33 bond rmsd: 0.001549
  step:  34 bond rmsd: 0.001539
  step:  35 bond rmsd: 0.001533
  step:  36 bond rmsd: 0.001528
  step:  37 bond rmsd: 0.001521
  step:  38 bond rmsd: 0.001519
  step:  39 bond rmsd: 0.001513
  step:  40 bond rmsd: 0.001510
  step:  41 bond rmsd: 0.001507
  step:  42 bond rmsd: 0.001503
  step:  43 bond rmsd: 0.001501
  step:  44 bond rmsd: 0.001496
  step:  45 bond rmsd: 0.001495
  step:  46 bond rmsd: 0.001490
  step:  47 bond rmsd: 0.001488
  step:  48 bond rmsd: 0.001486
  step:  49 bond rmsd: 0.001483
  step:  50 bond rmsd: 0.001480
  step:  51 bond rmsd: 0.001478
  step:  52 bond rmsd: 0.001474
micro_cycle  17 rmsd(b):  0.0015 rws:  1.000 n_fev: 886
  step:   1 bond rmsd: 0.001474
  step:   2 bond rmsd: 0.041977
  step:   3 bond rmsd: 0.001456
  step:   4 bond rmsd: 0.001458
  step:   5 bond rmsd: 0.001459
  step:   6 bond rmsd: 0.001461
  step:   7 bond rmsd: 0.001462
  step:   8 bond rmsd: 0.001464
  step:   9 bond rmsd: 0.001465
  step:  10 bond rmsd: 0.001466
  step:  11 bond rmsd: 0.001467
  step:  12 bond rmsd: 0.001469
  step:  13 bond rmsd: 0.001470
  step:  14 bond rmsd: 0.001471
  step:  15 bond rmsd: 0.001472
  step:  16 bond rmsd: 0.001473
  step:  17 bond rmsd: 0.001474
  step:  18 bond rmsd: 0.001476
  step:  19 bond rmsd: 0.001478
  step:  20 bond rmsd: 0.001480
  step:  21 bond rmsd: 0.001483
  step:  22 bond rmsd: 0.001487
  step:  23 bond rmsd: 0.001501
  step:  24 bond rmsd: 0.001504
  step:  25 bond rmsd: 0.001507
  step:  26 bond rmsd: 0.001510
  step:  27 bond rmsd: 0.001512
  step:  28 bond rmsd: 0.001515
  step:  29 bond rmsd: 0.001517
  step:  30 bond rmsd: 0.001521
  step:  31 bond rmsd: 0.001524
  step:  32 bond rmsd: 0.001528
  step:  33 bond rmsd: 0.001533
  step:  34 bond rmsd: 0.001539
  step:  35 bond rmsd: 0.001542
  step:  36 bond rmsd: 0.001549
  step:  37 bond rmsd: 0.001554
  step:  38 bond rmsd: 0.001559
  step:  39 bond rmsd: 0.001566
  step:  40 bond rmsd: 0.001572
  step:  41 bond rmsd: 0.001575
  step:  42 bond rmsd: 0.001581
  step:  43 bond rmsd: 0.001585
  step:  44 bond rmsd: 0.001591
  step:  45 bond rmsd: 0.001594
  step:  46 bond rmsd: 0.001598
  step:  47 bond rmsd: 0.001599
  step:  48 bond rmsd: 0.001599
  step:  49 bond rmsd: 0.001600
  step:  50 bond rmsd: 0.001601
  step:  51 bond rmsd: 0.001600
  step:  52 bond rmsd: 0.001599
micro_cycle  18 rmsd(b):  0.0016 rws:  1.000 n_fev: 938
  step:   1 bond rmsd: 0.001599
  step:   2 bond rmsd: 0.076979
  step:   3 bond rmsd: 0.002209
  step:   4 bond rmsd: 0.002013
  step:   5 bond rmsd: 0.001876
  step:   6 bond rmsd: 0.001782
  step:   7 bond rmsd: 0.001718
  step:   8 bond rmsd: 0.001676
  step:   9 bond rmsd: 0.001647
  step:  10 bond rmsd: 0.001628
  step:  11 bond rmsd: 0.001615
  step:  12 bond rmsd: 0.001606
  step:  13 bond rmsd: 0.001600
  step:  14 bond rmsd: 0.001596
  step:  15 bond rmsd: 0.001593
  step:  16 bond rmsd: 0.001591
  step:  17 bond rmsd: 0.001589
  step:  18 bond rmsd: 0.001588
  step:  19 bond rmsd: 0.001587
  step:  20 bond rmsd: 0.001586
  step:  21 bond rmsd: 0.001584
  step:  22 bond rmsd: 0.001583
  step:  23 bond rmsd: 0.001580
  step:  24 bond rmsd: 0.001577
  step:  25 bond rmsd: 0.001570
  step:  26 bond rmsd: 0.001558
  step:  27 bond rmsd: 0.001553
  step:  28 bond rmsd: 0.001545
  step:  29 bond rmsd: 0.001546
  step:  30 bond rmsd: 0.001537
  step:  31 bond rmsd: 0.001531
  step:  32 bond rmsd: 0.001522
  step:  33 bond rmsd: 0.001518
  step:  34 bond rmsd: 0.001513
  step:  35 bond rmsd: 0.001508
  step:  36 bond rmsd: 0.001504
  step:  37 bond rmsd: 0.001501
  step:  38 bond rmsd: 0.001494
  step:  39 bond rmsd: 0.001489
  step:  40 bond rmsd: 0.001486
  step:  41 bond rmsd: 0.001481
  step:  42 bond rmsd: 0.001477
  step:  43 bond rmsd: 0.001471
  step:  44 bond rmsd: 0.001468
  step:  45 bond rmsd: 0.001463
  step:  46 bond rmsd: 0.001460
  step:  47 bond rmsd: 0.001457
  step:  48 bond rmsd: 0.001455
  step:  49 bond rmsd: 0.001453
  step:  50 bond rmsd: 0.001450
  step:  51 bond rmsd: 0.001450
  step:  52 bond rmsd: 0.001446
micro_cycle  19 rmsd(b):  0.0014 rws:  1.000 n_fev: 990
  step:   1 bond rmsd: 0.001446
  step:   2 bond rmsd: 0.047960
  step:   3 bond rmsd: 0.001708
  step:   4 bond rmsd: 0.001635
  step:   5 bond rmsd: 0.001583
  step:   6 bond rmsd: 0.001546
  step:   7 bond rmsd: 0.001520
  step:   8 bond rmsd: 0.001502
  step:   9 bond rmsd: 0.001489
  step:  10 bond rmsd: 0.001479
  step:  11 bond rmsd: 0.001472
  step:  12 bond rmsd: 0.001467
  step:  13 bond rmsd: 0.001464
  step:  14 bond rmsd: 0.001461
  step:  15 bond rmsd: 0.001458
  step:  16 bond rmsd: 0.001457
  step:  17 bond rmsd: 0.001455
  step:  18 bond rmsd: 0.001454
  step:  19 bond rmsd: 0.001453
  step:  20 bond rmsd: 0.001452
  step:  21 bond rmsd: 0.001451
  step:  22 bond rmsd: 0.001451
  step:  23 bond rmsd: 0.001450
  step:  24 bond rmsd: 0.001450
  step:  25 bond rmsd: 0.001449
  step:  26 bond rmsd: 0.001450
  step:  27 bond rmsd: 0.001451
  step:  28 bond rmsd: 0.001456
  step:  29 bond rmsd: 0.001461
  step:  30 bond rmsd: 0.001466
  step:  31 bond rmsd: 0.001473
  step:  32 bond rmsd: 0.001477
  step:  33 bond rmsd: 0.001481
  step:  34 bond rmsd: 0.001485
  step:  35 bond rmsd: 0.001490
  step:  36 bond rmsd: 0.001492
  step:  37 bond rmsd: 0.001492
  step:  38 bond rmsd: 0.001495
  step:  39 bond rmsd: 0.001501
  step:  40 bond rmsd: 0.001505
  step:  41 bond rmsd: 0.001515
  step:  42 bond rmsd: 0.001519
  step:  43 bond rmsd: 0.001523
  step:  44 bond rmsd: 0.001526
  step:  45 bond rmsd: 0.001529
  step:  46 bond rmsd: 0.001531
  step:  47 bond rmsd: 0.001534
  step:  48 bond rmsd: 0.001535
  step:  49 bond rmsd: 0.001536
  step:  50 bond rmsd: 0.001536
  step:  51 bond rmsd: 0.001536
  step:  52 bond rmsd: 0.001536
micro_cycle  20 rmsd(b):  0.0015 rws:  1.000 n_fev: 1042
  step:   1 bond rmsd: 0.001536
  step:   2 bond rmsd: 0.062298
  step:   3 bond rmsd: 0.001560
  step:   4 bond rmsd: 0.001547
  step:   5 bond rmsd: 0.001539
  step:   6 bond rmsd: 0.001535
  step:   7 bond rmsd: 0.001532
  step:   8 bond rmsd: 0.001531
  step:   9 bond rmsd: 0.001530
  step:  10 bond rmsd: 0.001530
  step:  11 bond rmsd: 0.001530
  step:  12 bond rmsd: 0.001530
  step:  13 bond rmsd: 0.001530
  step:  14 bond rmsd: 0.001530
  step:  15 bond rmsd: 0.001530
  step:  16 bond rmsd: 0.001530
  step:  17 bond rmsd: 0.001530
  step:  18 bond rmsd: 0.001530
  step:  19 bond rmsd: 0.001529
  step:  20 bond rmsd: 0.001529
  step:  21 bond rmsd: 0.001527
  step:  22 bond rmsd: 0.001525
  step:  23 bond rmsd: 0.001521
  step:  24 bond rmsd: 0.001516
  step:  25 bond rmsd: 0.001513
  step:  26 bond rmsd: 0.001509
  step:  27 bond rmsd: 0.001507
  step:  28 bond rmsd: 0.001499
  step:  29 bond rmsd: 0.001496
  step:  30 bond rmsd: 0.001492
  step:  31 bond rmsd: 0.001488
  step:  32 bond rmsd: 0.001485
  step:  33 bond rmsd: 0.001482
  step:  34 bond rmsd: 0.001479
  step:  35 bond rmsd: 0.001475
  step:  36 bond rmsd: 0.001473
  step:  37 bond rmsd: 0.001470
  step:  38 bond rmsd: 0.001463
  step:  39 bond rmsd: 0.001460
  step:  40 bond rmsd: 0.001457
  step:  41 bond rmsd: 0.001451
  step:  42 bond rmsd: 0.001447
  step:  43 bond rmsd: 0.001443
  step:  44 bond rmsd: 0.001441
  step:  45 bond rmsd: 0.001438
  step:  46 bond rmsd: 0.001440
  step:  47 bond rmsd: 0.001438
  step:  48 bond rmsd: 0.001435
  step:  49 bond rmsd: 0.001434
  step:  50 bond rmsd: 0.001434
  step:  51 bond rmsd: 0.001433
  step:  52 bond rmsd: 0.001434
micro_cycle  21 rmsd(b):  0.0014 rws:  1.000 n_fev: 1094
  step:   1 bond rmsd: 0.001434
  step:   2 bond rmsd: 0.086625
  step:   3 bond rmsd: 0.001493
  step:   4 bond rmsd: 0.001473
  step:   5 bond rmsd: 0.001460
  step:   6 bond rmsd: 0.001452
  step:   7 bond rmsd: 0.001446
  step:   8 bond rmsd: 0.001442
  step:   9 bond rmsd: 0.001440
  step:  10 bond rmsd: 0.001438
  step:  11 bond rmsd: 0.001437
  step:  12 bond rmsd: 0.001437
  step:  13 bond rmsd: 0.001436
  step:  14 bond rmsd: 0.001436
  step:  15 bond rmsd: 0.001436
  step:  16 bond rmsd: 0.001436
  step:  17 bond rmsd: 0.001436
  step:  18 bond rmsd: 0.001436
  step:  19 bond rmsd: 0.001436
  step:  20 bond rmsd: 0.001437
  step:  21 bond rmsd: 0.001438
  step:  22 bond rmsd: 0.001441
  step:  23 bond rmsd: 0.001444
  step:  24 bond rmsd: 0.001447
  step:  25 bond rmsd: 0.001450
  step:  26 bond rmsd: 0.001451
  step:  27 bond rmsd: 0.001454
  step:  28 bond rmsd: 0.001457
  step:  29 bond rmsd: 0.001460
  step:  30 bond rmsd: 0.001463
  step:  31 bond rmsd: 0.001467
  step:  32 bond rmsd: 0.001469
  step:  33 bond rmsd: 0.001472
  step:  34 bond rmsd: 0.001476
  step:  35 bond rmsd: 0.001479
  step:  36 bond rmsd: 0.001483
  step:  37 bond rmsd: 0.001487
  step:  38 bond rmsd: 0.001494
  step:  39 bond rmsd: 0.001497
  step:  40 bond rmsd: 0.001501
  step:  41 bond rmsd: 0.001505
  step:  42 bond rmsd: 0.001507
  step:  43 bond rmsd: 0.001510
  step:  44 bond rmsd: 0.001516
  step:  45 bond rmsd: 0.001518
  step:  46 bond rmsd: 0.001520
  step:  47 bond rmsd: 0.001521
  step:  48 bond rmsd: 0.001522
  step:  49 bond rmsd: 0.001522
  step:  50 bond rmsd: 0.001521
  step:  51 bond rmsd: 0.001522
  step:  52 bond rmsd: 0.001521
micro_cycle  22 rmsd(b):  0.0015 rws:  1.000 n_fev: 1146
  step:   1 bond rmsd: 0.001521
  step:   2 bond rmsd: 0.048624
  step:   3 bond rmsd: 0.001549
  step:   4 bond rmsd: 0.001542
  step:   5 bond rmsd: 0.001537
  step:   6 bond rmsd: 0.001534
  step:   7 bond rmsd: 0.001531
  step:   8 bond rmsd: 0.001529
  step:   9 bond rmsd: 0.001527
  step:  10 bond rmsd: 0.001526
  step:  11 bond rmsd: 0.001524
  step:  12 bond rmsd: 0.001524
  step:  13 bond rmsd: 0.001523
  step:  14 bond rmsd: 0.001522
  step:  15 bond rmsd: 0.001521
  step:  16 bond rmsd: 0.001521
  step:  17 bond rmsd: 0.001520
  step:  18 bond rmsd: 0.001519
  step:  19 bond rmsd: 0.001518
  step:  20 bond rmsd: 0.001516
  step:  21 bond rmsd: 0.001515
  step:  22 bond rmsd: 0.001512
  step:  23 bond rmsd: 0.001509
  step:  24 bond rmsd: 0.001507
  step:  25 bond rmsd: 0.001504
  step:  26 bond rmsd: 0.001502
  step:  27 bond rmsd: 0.001499
  step:  28 bond rmsd: 0.001497
  step:  29 bond rmsd: 0.001494
  step:  30 bond rmsd: 0.001492
  step:  31 bond rmsd: 0.001490
  step:  32 bond rmsd: 0.001486
  step:  33 bond rmsd: 0.001486
  step:  34 bond rmsd: 0.001484
  step:  35 bond rmsd: 0.001482
  step:  36 bond rmsd: 0.001479
  step:  37 bond rmsd: 0.001475
  step:  38 bond rmsd: 0.001471
  step:  39 bond rmsd: 0.001468
  step:  40 bond rmsd: 0.001464
  step:  41 bond rmsd: 0.001459
  step:  42 bond rmsd: 0.001456
  step:  43 bond rmsd: 0.001452
  step:  44 bond rmsd: 0.001449
  step:  45 bond rmsd: 0.001445
  step:  46 bond rmsd: 0.001442
  step:  47 bond rmsd: 0.001438
  step:  48 bond rmsd: 0.001436
  step:  49 bond rmsd: 0.001431
  step:  50 bond rmsd: 0.001427
  step:  51 bond rmsd: 0.001425
  step:  52 bond rmsd: 0.001420
  step:  53 bond rmsd: 0.001418
micro_cycle  23 rmsd(b):  0.0014 rws:  1.000 n_fev: 1199
  step:   1 bond rmsd: 0.001418
  step:   2 bond rmsd: 0.046877
  step:   3 bond rmsd: 0.001569
  step:   4 bond rmsd: 0.001528
  step:   5 bond rmsd: 0.001499
  step:   6 bond rmsd: 0.001478
  step:   7 bond rmsd: 0.001464
  step:   8 bond rmsd: 0.001453
  step:   9 bond rmsd: 0.001445
  step:  10 bond rmsd: 0.001440
  step:  11 bond rmsd: 0.001436
  step:  12 bond rmsd: 0.001433
  step:  13 bond rmsd: 0.001430
  step:  14 bond rmsd: 0.001428
  step:  15 bond rmsd: 0.001427
  step:  16 bond rmsd: 0.001426
  step:  17 bond rmsd: 0.001425
  step:  18 bond rmsd: 0.001424
  step:  19 bond rmsd: 0.001424
  step:  20 bond rmsd: 0.001423
  step:  21 bond rmsd: 0.001423
  step:  22 bond rmsd: 0.001423
  step:  23 bond rmsd: 0.001424
  step:  24 bond rmsd: 0.001427
  step:  25 bond rmsd: 0.001432
  step:  26 bond rmsd: 0.001440
  step:  27 bond rmsd: 0.001446
  step:  28 bond rmsd: 0.001451
  step:  29 bond rmsd: 0.001473
  step:  30 bond rmsd: 0.001471
  step:  31 bond rmsd: 0.001472
  step:  32 bond rmsd: 0.001473
  step:  33 bond rmsd: 0.001474
  step:  34 bond rmsd: 0.001475
  step:  35 bond rmsd: 0.001476
  step:  36 bond rmsd: 0.001477
  step:  37 bond rmsd: 0.001478
  step:  38 bond rmsd: 0.001479
  step:  39 bond rmsd: 0.001479
  step:  40 bond rmsd: 0.001480
  step:  41 bond rmsd: 0.001481
  step:  42 bond rmsd: 0.001482
  step:  43 bond rmsd: 0.001484
  step:  44 bond rmsd: 0.001486
  step:  45 bond rmsd: 0.001489
  step:  46 bond rmsd: 0.001492
  step:  47 bond rmsd: 0.001496
  step:  48 bond rmsd: 0.001500
  step:  49 bond rmsd: 0.001504
  step:  50 bond rmsd: 0.001507
  step:  51 bond rmsd: 0.001510
  step:  52 bond rmsd: 0.001514
  step:  53 bond rmsd: 0.001515
micro_cycle  24 rmsd(b):  0.0015 rws:  1.000 n_fev: 1252
  step:   1 bond rmsd: 0.001515
  step:   2 bond rmsd: 0.009357
  step:   3 bond rmsd: 0.001519
  step:   4 bond rmsd: 0.001517
  step:   5 bond rmsd: 0.001516
  step:   6 bond rmsd: 0.001514
  step:   7 bond rmsd: 0.001512
  step:   8 bond rmsd: 0.001510
  step:   9 bond rmsd: 0.001508
  step:  10 bond rmsd: 0.001506
  step:  11 bond rmsd: 0.001505
  step:  12 bond rmsd: 0.001503
  step:  13 bond rmsd: 0.001501
  step:  14 bond rmsd: 0.001500
  step:  15 bond rmsd: 0.001497
  step:  16 bond rmsd: 0.001494
  step:  17 bond rmsd: 0.001489
  step:  18 bond rmsd: 0.001486
  step:  19 bond rmsd: 0.001483
  step:  20 bond rmsd: 0.001480
  step:  21 bond rmsd: 0.001473
  step:  22 bond rmsd: 0.001470
  step:  23 bond rmsd: 0.001467
  step:  24 bond rmsd: 0.001463
  step:  25 bond rmsd: 0.001461
  step:  26 bond rmsd: 0.001456
  step:  27 bond rmsd: 0.001453
  step:  28 bond rmsd: 0.001448
  step:  29 bond rmsd: 0.001444
  step:  30 bond rmsd: 0.001437
  step:  31 bond rmsd: 0.001434
  step:  32 bond rmsd: 0.001429
  step:  33 bond rmsd: 0.001423
  step:  34 bond rmsd: 0.001416
  step:  35 bond rmsd: 0.001416
  step:  36 bond rmsd: 0.001411
  step:  37 bond rmsd: 0.001400
  step:  38 bond rmsd: 0.001393
  step:  39 bond rmsd: 0.001387
  step:  40 bond rmsd: 0.001373
  step:  41 bond rmsd: 0.001367
  step:  42 bond rmsd: 0.001361
  step:  43 bond rmsd: 0.001352
  step:  44 bond rmsd: 0.001346
  step:  45 bond rmsd: 0.001344
  step:  46 bond rmsd: 0.001337
  step:  47 bond rmsd: 0.001338
  step:  48 bond rmsd: 0.001343
  step:  49 bond rmsd: 0.001347
  step:  50 bond rmsd: 0.001350
  step:  51 bond rmsd: 0.001356
  step:  52 bond rmsd: 0.001363
micro_cycle  25 rmsd(b):  0.0014 rws:  1.000 n_fev: 1304
  step:   1 bond rmsd: 0.001363
  step:   2 bond rmsd: 0.076200
  step:   3 bond rmsd: 0.002555
  step:   4 bond rmsd: 0.002195
  step:   5 bond rmsd: 0.001931
  step:   6 bond rmsd: 0.001741
  step:   7 bond rmsd: 0.001609
  step:   8 bond rmsd: 0.001519
  step:   9 bond rmsd: 0.001459
  step:  10 bond rmsd: 0.001419
  step:  11 bond rmsd: 0.001394
  step:  12 bond rmsd: 0.001377
  step:  13 bond rmsd: 0.001366
  step:  14 bond rmsd: 0.001360
  step:  15 bond rmsd: 0.001355
  step:  16 bond rmsd: 0.001353
  step:  17 bond rmsd: 0.001351
  step:  18 bond rmsd: 0.001350
  step:  19 bond rmsd: 0.001349
  step:  20 bond rmsd: 0.001349
  step:  21 bond rmsd: 0.001349
  step:  22 bond rmsd: 0.001350
  step:  23 bond rmsd: 0.001350
  step:  24 bond rmsd: 0.001351
  step:  25 bond rmsd: 0.001353
  step:  26 bond rmsd: 0.001356
  step:  27 bond rmsd: 0.001360
  step:  28 bond rmsd: 0.001368
  step:  29 bond rmsd: 0.001376
  step:  30 bond rmsd: 0.001389
  step:  31 bond rmsd: 0.001410
  step:  32 bond rmsd: 0.001422
  step:  33 bond rmsd: 0.001436
  step:  34 bond rmsd: 0.001448
  step:  35 bond rmsd: 0.001458
  step:  36 bond rmsd: 0.001468
  step:  37 bond rmsd: 0.001475
  step:  38 bond rmsd: 0.001482
  step:  39 bond rmsd: 0.001488
  step:  40 bond rmsd: 0.001493
  step:  41 bond rmsd: 0.001499
  step:  42 bond rmsd: 0.001504
  step:  43 bond rmsd: 0.001506
  step:  44 bond rmsd: 0.001510
  step:  45 bond rmsd: 0.001513
  step:  46 bond rmsd: 0.001516
  step:  47 bond rmsd: 0.001517
  step:  48 bond rmsd: 0.001519
  step:  49 bond rmsd: 0.001520
  step:  50 bond rmsd: 0.001521
  step:  51 bond rmsd: 0.001523
  step:  52 bond rmsd: 0.001523
micro_cycle  26 rmsd(b):  0.0015 rws:  1.000 n_fev: 1356
  step:   1 bond rmsd: 0.001523
  step:   2 bond rmsd: 0.041160
  step:   3 bond rmsd: 0.001516
  step:   4 bond rmsd: 0.001517
  step:   5 bond rmsd: 0.001518
  step:   6 bond rmsd: 0.001518
  step:   7 bond rmsd: 0.001519
  step:   8 bond rmsd: 0.001519
  step:   9 bond rmsd: 0.001520
  step:  10 bond rmsd: 0.001520
  step:  11 bond rmsd: 0.001520
  step:  12 bond rmsd: 0.001520
  step:  13 bond rmsd: 0.001521
  step:  14 bond rmsd: 0.001521
  step:  15 bond rmsd: 0.001521
  step:  16 bond rmsd: 0.001520
  step:  17 bond rmsd: 0.001520
  step:  18 bond rmsd: 0.001518
  step:  19 bond rmsd: 0.001515
  step:  20 bond rmsd: 0.001512
  step:  21 bond rmsd: 0.001508
  step:  22 bond rmsd: 0.001505
  step:  23 bond rmsd: 0.001502
  step:  24 bond rmsd: 0.001496
  step:  25 bond rmsd: 0.001493
  step:  26 bond rmsd: 0.001488
  step:  27 bond rmsd: 0.001485
  step:  28 bond rmsd: 0.001482
  step:  29 bond rmsd: 0.001479
  step:  30 bond rmsd: 0.001477
  step:  31 bond rmsd: 0.001475
  step:  32 bond rmsd: 0.001474
  step:  33 bond rmsd: 0.001472
  step:  34 bond rmsd: 0.001473
  step:  35 bond rmsd: 0.001472
  step:  36 bond rmsd: 0.001472
  step:  37 bond rmsd: 0.001472
  step:  38 bond rmsd: 0.001473
  step:  39 bond rmsd: 0.001474
  step:  40 bond rmsd: 0.001475
  step:  41 bond rmsd: 0.001476
  step:  42 bond rmsd: 0.001477
  step:  43 bond rmsd: 0.001479
  step:  44 bond rmsd: 0.001481
  step:  45 bond rmsd: 0.001481
  step:  46 bond rmsd: 0.001485
  step:  47 bond rmsd: 0.001488
  step:  48 bond rmsd: 0.001492
  step:  49 bond rmsd: 0.001494
  step:  50 bond rmsd: 0.001499
  step:  51 bond rmsd: 0.001500
  step:  52 bond rmsd: 0.001500
micro_cycle  27 rmsd(b):  0.0015 rws:  1.000 n_fev: 1408
  step:   1 bond rmsd: 0.001500
  step:   2 bond rmsd: 0.076586
  step:   3 bond rmsd: 0.001511
  step:   4 bond rmsd: 0.001508
  step:   5 bond rmsd: 0.001505
  step:   6 bond rmsd: 0.001504
  step:   7 bond rmsd: 0.001502
  step:   8 bond rmsd: 0.001501
  step:   9 bond rmsd: 0.001500
  step:  10 bond rmsd: 0.001499
  step:  11 bond rmsd: 0.001498
  step:  12 bond rmsd: 0.001497
  step:  13 bond rmsd: 0.001497
  step:  14 bond rmsd: 0.001496
  step:  15 bond rmsd: 0.001495
  step:  16 bond rmsd: 0.001494
  step:  17 bond rmsd: 0.001493
  step:  18 bond rmsd: 0.001491
  step:  19 bond rmsd: 0.001491
  step:  20 bond rmsd: 0.001490
  step:  21 bond rmsd: 0.001490
  step:  22 bond rmsd: 0.001492
  step:  23 bond rmsd: 0.001493
  step:  24 bond rmsd: 0.001495
  step:  25 bond rmsd: 0.001497
  step:  26 bond rmsd: 0.001499
  step:  27 bond rmsd: 0.001501
  step:  28 bond rmsd: 0.001503
  step:  29 bond rmsd: 0.001505
  step:  30 bond rmsd: 0.001508
  step:  31 bond rmsd: 0.001509
  step:  32 bond rmsd: 0.001511
  step:  33 bond rmsd: 0.001513
  step:  34 bond rmsd: 0.001515
  step:  35 bond rmsd: 0.001516
  step:  36 bond rmsd: 0.001518
  step:  37 bond rmsd: 0.001519
  step:  38 bond rmsd: 0.001520
  step:  39 bond rmsd: 0.001521
  step:  40 bond rmsd: 0.001521
  step:  41 bond rmsd: 0.001521
  step:  42 bond rmsd: 0.001521
  step:  43 bond rmsd: 0.001522
  step:  44 bond rmsd: 0.001522
  step:  45 bond rmsd: 0.001522
  step:  46 bond rmsd: 0.001522
  step:  47 bond rmsd: 0.001522
  step:  48 bond rmsd: 0.001522
  step:  49 bond rmsd: 0.001522
  step:  50 bond rmsd: 0.001521
  step:  51 bond rmsd: 0.001521
  step:  52 bond rmsd: 0.001520
micro_cycle  28 rmsd(b):  0.0015 rws:  1.000 n_fev: 1460
  step:   1 bond rmsd: 0.001520
  step:   2 bond rmsd: 0.052868
  step:   3 bond rmsd: 0.001534
  step:   4 bond rmsd: 0.001531
  step:   5 bond rmsd: 0.001529
  step:   6 bond rmsd: 0.001527
  step:   7 bond rmsd: 0.001526
  step:   8 bond rmsd: 0.001525
  step:   9 bond rmsd: 0.001524
  step:  10 bond rmsd: 0.001523
  step:  11 bond rmsd: 0.001523
  step:  12 bond rmsd: 0.001522
  step:  13 bond rmsd: 0.001522
  step:  14 bond rmsd: 0.001522
  step:  15 bond rmsd: 0.001521
  step:  16 bond rmsd: 0.001521
  step:  17 bond rmsd: 0.001521
  step:  18 bond rmsd: 0.001520
  step:  19 bond rmsd: 0.001520
  step:  20 bond rmsd: 0.001520
  step:  21 bond rmsd: 0.001520
  step:  22 bond rmsd: 0.001520
  step:  23 bond rmsd: 0.001520
  step:  24 bond rmsd: 0.001520
  step:  25 bond rmsd: 0.001525
  step:  26 bond rmsd: 0.001525
  step:  27 bond rmsd: 0.001523
  step:  28 bond rmsd: 0.001522
  step:  29 bond rmsd: 0.001522
  step:  30 bond rmsd: 0.001521
  step:  31 bond rmsd: 0.001520
  step:  32 bond rmsd: 0.001519
  step:  33 bond rmsd: 0.001518
  step:  34 bond rmsd: 0.001518
  step:  35 bond rmsd: 0.001517
  step:  36 bond rmsd: 0.001516
  step:  37 bond rmsd: 0.001515
  step:  38 bond rmsd: 0.001512
  step:  39 bond rmsd: 0.001511
  step:  40 bond rmsd: 0.001510
  step:  41 bond rmsd: 0.001507
  step:  42 bond rmsd: 0.001503
  step:  43 bond rmsd: 0.001499
  step:  44 bond rmsd: 0.001497
  step:  45 bond rmsd: 0.001494
  step:  46 bond rmsd: 0.001493
  step:  47 bond rmsd: 0.001491
  step:  48 bond rmsd: 0.001490
  step:  49 bond rmsd: 0.001489
  step:  50 bond rmsd: 0.001487
  step:  51 bond rmsd: 0.001487
  step:  52 bond rmsd: 0.001486
  step:  53 bond rmsd: 0.001486
micro_cycle  29 rmsd(b):  0.0015 rws:  1.000 n_fev: 1513
  step:   1 bond rmsd: 0.001486
  step:   2 bond rmsd: 0.042802
  step:   3 bond rmsd: 0.001491
  step:   4 bond rmsd: 0.001490
  step:   5 bond rmsd: 0.001489
  step:   6 bond rmsd: 0.001489
  step:   7 bond rmsd: 0.001489
  step:   8 bond rmsd: 0.001488
  step:   9 bond rmsd: 0.001488
  step:  10 bond rmsd: 0.001488
  step:  11 bond rmsd: 0.001488
  step:  12 bond rmsd: 0.001488
  step:  13 bond rmsd: 0.001488
  step:  14 bond rmsd: 0.001488
  step:  15 bond rmsd: 0.001488
  step:  16 bond rmsd: 0.001488
  step:  17 bond rmsd: 0.001489
  step:  18 bond rmsd: 0.001490
  step:  19 bond rmsd: 0.001492
  step:  20 bond rmsd: 0.001497
  step:  21 bond rmsd: 0.001499
  step:  22 bond rmsd: 0.001501
  step:  23 bond rmsd: 0.001503
  step:  24 bond rmsd: 0.001506
  step:  25 bond rmsd: 0.001508
  step:  26 bond rmsd: 0.001509
  step:  27 bond rmsd: 0.001512
  step:  28 bond rmsd: 0.001513
  step:  29 bond rmsd: 0.001515
  step:  30 bond rmsd: 0.001517
  step:  31 bond rmsd: 0.001519
  step:  32 bond rmsd: 0.001521
  step:  33 bond rmsd: 0.001522
  step:  34 bond rmsd: 0.001523
  step:  35 bond rmsd: 0.001523
  step:  36 bond rmsd: 0.001524
  step:  37 bond rmsd: 0.001524
  step:  38 bond rmsd: 0.001524
  step:  39 bond rmsd: 0.001524
  step:  40 bond rmsd: 0.001523
  step:  41 bond rmsd: 0.001523
  step:  42 bond rmsd: 0.001521
  step:  43 bond rmsd: 0.001521
  step:  44 bond rmsd: 0.001519
  step:  45 bond rmsd: 0.001519
  step:  46 bond rmsd: 0.001519
  step:  47 bond rmsd: 0.001518
  step:  48 bond rmsd: 0.001518
  step:  49 bond rmsd: 0.001518
  step:  50 bond rmsd: 0.001518
  step:  51 bond rmsd: 0.001517
  step:  52 bond rmsd: 0.001517
micro_cycle  30 rmsd(b):  0.0015 rws:  1.000 n_fev: 1565
  step:   1 bond rmsd: 0.001517
  step:   2 bond rmsd: 0.054603
  step:   3 bond rmsd: 0.001511
  step:   4 bond rmsd: 0.001511
  step:   5 bond rmsd: 0.001512
  step:   6 bond rmsd: 0.001513
  step:   7 bond rmsd: 0.001513
  step:   8 bond rmsd: 0.001514
  step:   9 bond rmsd: 0.001515
  step:  10 bond rmsd: 0.001515
  step:  11 bond rmsd: 0.001516
  step:  12 bond rmsd: 0.001516
  step:  13 bond rmsd: 0.001517
  step:  14 bond rmsd: 0.001517
  step:  15 bond rmsd: 0.001518
  step:  16 bond rmsd: 0.001518
  step:  17 bond rmsd: 0.001519
  step:  18 bond rmsd: 0.001519
  step:  19 bond rmsd: 0.001519
  step:  20 bond rmsd: 0.001518
  step:  21 bond rmsd: 0.001519
  step:  22 bond rmsd: 0.001518
  step:  23 bond rmsd: 0.001519
  step:  24 bond rmsd: 0.001519
  step:  25 bond rmsd: 0.001518
  step:  26 bond rmsd: 0.001518
  step:  27 bond rmsd: 0.001518
  step:  28 bond rmsd: 0.001518
  step:  29 bond rmsd: 0.001518
  step:  30 bond rmsd: 0.001517
  step:  31 bond rmsd: 0.001517
  step:  32 bond rmsd: 0.001516
  step:  33 bond rmsd: 0.001514
  step:  34 bond rmsd: 0.001513
  step:  35 bond rmsd: 0.001511
  step:  36 bond rmsd: 0.001509
  step:  37 bond rmsd: 0.001507
  step:  38 bond rmsd: 0.001503
  step:  39 bond rmsd: 0.001501
  step:  40 bond rmsd: 0.001498
  step:  41 bond rmsd: 0.001496
  step:  42 bond rmsd: 0.001495
  step:  43 bond rmsd: 0.001493
  step:  44 bond rmsd: 0.001492
  step:  45 bond rmsd: 0.001491
  step:  46 bond rmsd: 0.001491
  step:  47 bond rmsd: 0.001491
  step:  48 bond rmsd: 0.001490
  step:  49 bond rmsd: 0.001490
  step:  50 bond rmsd: 0.001491
  step:  51 bond rmsd: 0.001491
  step:  52 bond rmsd: 0.001492
micro_cycle  31 rmsd(b):  0.0015 rws:  1.000 n_fev: 1617
  step:   1 bond rmsd: 0.001492
  step:   2 bond rmsd: 0.043355
  step:   3 bond rmsd: 0.001489
  step:   4 bond rmsd: 0.001490
  step:   5 bond rmsd: 0.001490
  step:   6 bond rmsd: 0.001490
  step:   7 bond rmsd: 0.001491
  step:   8 bond rmsd: 0.001491
  step:   9 bond rmsd: 0.001491
  step:  10 bond rmsd: 0.001492
  step:  11 bond rmsd: 0.001492
  step:  12 bond rmsd: 0.001492
  step:  13 bond rmsd: 0.001492
  step:  14 bond rmsd: 0.001493
  step:  15 bond rmsd: 0.001493
  step:  16 bond rmsd: 0.001494
  step:  17 bond rmsd: 0.001495
  step:  18 bond rmsd: 0.001496
  step:  19 bond rmsd: 0.001497
  step:  20 bond rmsd: 0.001499
  step:  21 bond rmsd: 0.001500
  step:  22 bond rmsd: 0.001502
  step:  23 bond rmsd: 0.001501
  step:  24 bond rmsd: 0.001501
  step:  25 bond rmsd: 0.001503
  step:  26 bond rmsd: 0.001504
  step:  27 bond rmsd: 0.001505
  step:  28 bond rmsd: 0.001507
  step:  29 bond rmsd: 0.001508
  step:  30 bond rmsd: 0.001509
  step:  31 bond rmsd: 0.001510
  step:  32 bond rmsd: 0.001511
  step:  33 bond rmsd: 0.001512
  step:  34 bond rmsd: 0.001513
  step:  35 bond rmsd: 0.001514
  step:  36 bond rmsd: 0.001520
  step:  37 bond rmsd: 0.001520
  step:  38 bond rmsd: 0.001521
  step:  39 bond rmsd: 0.001521
  step:  40 bond rmsd: 0.001521
  step:  41 bond rmsd: 0.001521
  step:  42 bond rmsd: 0.001521
  step:  43 bond rmsd: 0.001521
  step:  44 bond rmsd: 0.001520
  step:  45 bond rmsd: 0.001520
  step:  46 bond rmsd: 0.001520
  step:  47 bond rmsd: 0.001519
  step:  48 bond rmsd: 0.001519
  step:  49 bond rmsd: 0.001520
  step:  50 bond rmsd: 0.001520
  step:  51 bond rmsd: 0.001520
  step:  52 bond rmsd: 0.001521
  step:  53 bond rmsd: 0.001521
  step:  54 bond rmsd: 0.001521
micro_cycle  32 rmsd(b):  0.0015 rws:  1.000 n_fev: 1671
  step:   1 bond rmsd: 0.001521
  step:   2 bond rmsd: 0.010436
  step:   3 bond rmsd: 0.001514
  step:   4 bond rmsd: 0.001515
  step:   5 bond rmsd: 0.001516
  step:   6 bond rmsd: 0.001517
  step:   7 bond rmsd: 0.001517
  step:   8 bond rmsd: 0.001518
  step:   9 bond rmsd: 0.001519
  step:  10 bond rmsd: 0.001519
  step:  11 bond rmsd: 0.001520
  step:  12 bond rmsd: 0.001520
  step:  13 bond rmsd: 0.001521
  step:  14 bond rmsd: 0.001521
  step:  15 bond rmsd: 0.001521
  step:  16 bond rmsd: 0.001521
  step:  17 bond rmsd: 0.001521
  step:  18 bond rmsd: 0.001518
  step:  19 bond rmsd: 0.001517
  step:  20 bond rmsd: 0.001516
  step:  21 bond rmsd: 0.001514
  step:  22 bond rmsd: 0.001512
  step:  23 bond rmsd: 0.001511
  step:  24 bond rmsd: 0.001510
  step:  25 bond rmsd: 0.001508
  step:  26 bond rmsd: 0.001507
  step:  27 bond rmsd: 0.001505
  step:  28 bond rmsd: 0.001504
  step:  29 bond rmsd: 0.001503
  step:  30 bond rmsd: 0.001502
  step:  31 bond rmsd: 0.001501
  step:  32 bond rmsd: 0.001500
  step:  33 bond rmsd: 0.001498
  step:  34 bond rmsd: 0.001497
  step:  35 bond rmsd: 0.001496
  step:  36 bond rmsd: 0.001494
  step:  37 bond rmsd: 0.001493
  step:  38 bond rmsd: 0.001491
  step:  39 bond rmsd: 0.001490
  step:  40 bond rmsd: 0.001488
  step:  41 bond rmsd: 0.001486
  step:  42 bond rmsd: 0.001484
  step:  43 bond rmsd: 0.001483
  step:  44 bond rmsd: 0.001482
  step:  45 bond rmsd: 0.001481
  step:  46 bond rmsd: 0.001481
  step:  47 bond rmsd: 0.001481
  step:  48 bond rmsd: 0.001482
  step:  49 bond rmsd: 0.001483
  step:  50 bond rmsd: 0.001485
  step:  51 bond rmsd: 0.001487
  step:  52 bond rmsd: 0.001489
micro_cycle  33 rmsd(b):  0.0015 rws:  1.000 n_fev: 1723
  step:   1 bond rmsd: 0.001489
  step:   2 bond rmsd: 0.049481
  step:   3 bond rmsd: 0.001500
  step:   4 bond rmsd: 0.001497
  step:   5 bond rmsd: 0.001495
  step:   6 bond rmsd: 0.001493
  step:   7 bond rmsd: 0.001492
  step:   8 bond rmsd: 0.001492
  step:   9 bond rmsd: 0.001491
  step:  10 bond rmsd: 0.001491
  step:  11 bond rmsd: 0.001491
  step:  12 bond rmsd: 0.001490
  step:  13 bond rmsd: 0.001490
  step:  14 bond rmsd: 0.001490
  step:  15 bond rmsd: 0.001490
  step:  16 bond rmsd: 0.001490
  step:  17 bond rmsd: 0.001490
  step:  18 bond rmsd: 0.001491
  step:  19 bond rmsd: 0.001491
  step:  20 bond rmsd: 0.001492
  step:  21 bond rmsd: 0.001493
  step:  22 bond rmsd: 0.001495
  step:  23 bond rmsd: 0.001496
  step:  24 bond rmsd: 0.001498
  step:  25 bond rmsd: 0.001507
  step:  26 bond rmsd: 0.001507
  step:  27 bond rmsd: 0.001507
  step:  28 bond rmsd: 0.001507
  step:  29 bond rmsd: 0.001507
  step:  30 bond rmsd: 0.001507
  step:  31 bond rmsd: 0.001508
  step:  32 bond rmsd: 0.001507
  step:  33 bond rmsd: 0.001507
  step:  34 bond rmsd: 0.001508
  step:  35 bond rmsd: 0.001508
  step:  36 bond rmsd: 0.001509
  step:  37 bond rmsd: 0.001509
  step:  38 bond rmsd: 0.001503
  step:  39 bond rmsd: 0.001504
  step:  40 bond rmsd: 0.001505
  step:  41 bond rmsd: 0.001506
  step:  42 bond rmsd: 0.001507
  step:  43 bond rmsd: 0.001507
  step:  44 bond rmsd: 0.001507
  step:  45 bond rmsd: 0.001507
  step:  46 bond rmsd: 0.001507
  step:  47 bond rmsd: 0.001507
  step:  48 bond rmsd: 0.001506
  step:  49 bond rmsd: 0.001506
  step:  50 bond rmsd: 0.001506
  step:  51 bond rmsd: 0.001506
  step:  52 bond rmsd: 0.001505
  step:  53 bond rmsd: 0.001505
micro_cycle  34 rmsd(b):  0.0015 rws:  1.000 n_fev: 1776
  step:   1 bond rmsd: 0.001505
  step:   2 bond rmsd: 0.016372
  step:   3 bond rmsd: 0.001503
  step:   4 bond rmsd: 0.001503
  step:   5 bond rmsd: 0.001503
  step:   6 bond rmsd: 0.001504
  step:   7 bond rmsd: 0.001504
  step:   8 bond rmsd: 0.001504
  step:   9 bond rmsd: 0.001505
  step:  10 bond rmsd: 0.001505
  step:  11 bond rmsd: 0.001505
  step:  12 bond rmsd: 0.001505
  step:  13 bond rmsd: 0.001506
  step:  14 bond rmsd: 0.001506
  step:  15 bond rmsd: 0.001506
  step:  16 bond rmsd: 0.001506
  step:  17 bond rmsd: 0.001507
  step:  18 bond rmsd: 0.001507
  step:  19 bond rmsd: 0.001508
  step:  20 bond rmsd: 0.001508
  step:  21 bond rmsd: 0.001511
  step:  22 bond rmsd: 0.001511
  step:  23 bond rmsd: 0.001512
  step:  24 bond rmsd: 0.001512
  step:  25 bond rmsd: 0.001513
  step:  26 bond rmsd: 0.001513
  step:  27 bond rmsd: 0.001514
  step:  28 bond rmsd: 0.001515
  step:  29 bond rmsd: 0.001516
  step:  30 bond rmsd: 0.001516
  step:  31 bond rmsd: 0.001517
  step:  32 bond rmsd: 0.001518
  step:  33 bond rmsd: 0.001517
  step:  34 bond rmsd: 0.001518
  step:  35 bond rmsd: 0.001518
  step:  36 bond rmsd: 0.001518
  step:  37 bond rmsd: 0.001518
  step:  38 bond rmsd: 0.001518
  step:  39 bond rmsd: 0.001517
  step:  40 bond rmsd: 0.001516
  step:  41 bond rmsd: 0.001516
  step:  42 bond rmsd: 0.001514
  step:  43 bond rmsd: 0.001513
  step:  44 bond rmsd: 0.001511
  step:  45 bond rmsd: 0.001505
  step:  46 bond rmsd: 0.001501
  step:  47 bond rmsd: 0.001497
  step:  48 bond rmsd: 0.001491
  step:  49 bond rmsd: 0.001488
  step:  50 bond rmsd: 0.001486
  step:  51 bond rmsd: 0.001484
  step:  52 bond rmsd: 0.001483
micro_cycle  35 rmsd(b):  0.0015 rws:  1.000 n_fev: 1828
  step:   1 bond rmsd: 0.001483
  step:   2 bond rmsd: 0.066447
  step:   3 bond rmsd: 0.001502
  step:   4 bond rmsd: 0.001497
  step:   5 bond rmsd: 0.001494
  step:   6 bond rmsd: 0.001492
  step:   7 bond rmsd: 0.001490
  step:   8 bond rmsd: 0.001489
  step:   9 bond rmsd: 0.001488
  step:  10 bond rmsd: 0.001488
  step:  11 bond rmsd: 0.001487
  step:  12 bond rmsd: 0.001487
  step:  13 bond rmsd: 0.001487
  step:  14 bond rmsd: 0.001487
  step:  15 bond rmsd: 0.001488
  step:  16 bond rmsd: 0.001488
  step:  17 bond rmsd: 0.001489
  step:  18 bond rmsd: 0.001490
  step:  19 bond rmsd: 0.001492
  step:  20 bond rmsd: 0.001495
  step:  21 bond rmsd: 0.001500
  step:  22 bond rmsd: 0.001503
  step:  23 bond rmsd: 0.001506
  step:  24 bond rmsd: 0.001509
  step:  25 bond rmsd: 0.001509
  step:  26 bond rmsd: 0.001511
  step:  27 bond rmsd: 0.001512
  step:  28 bond rmsd: 0.001514
  step:  29 bond rmsd: 0.001515
  step:  30 bond rmsd: 0.001516
  step:  31 bond rmsd: 0.001516
  step:  32 bond rmsd: 0.001517
  step:  33 bond rmsd: 0.001518
  step:  34 bond rmsd: 0.001519
  step:  35 bond rmsd: 0.001519
  step:  36 bond rmsd: 0.001520
  step:  37 bond rmsd: 0.001521
  step:  38 bond rmsd: 0.001521
  step:  39 bond rmsd: 0.001521
  step:  40 bond rmsd: 0.001521
  step:  41 bond rmsd: 0.001521
  step:  42 bond rmsd: 0.001520
  step:  43 bond rmsd: 0.001519
  step:  44 bond rmsd: 0.001517
  step:  45 bond rmsd: 0.001516
  step:  46 bond rmsd: 0.001514
  step:  47 bond rmsd: 0.001513
  step:  48 bond rmsd: 0.001511
  step:  49 bond rmsd: 0.001509
  step:  50 bond rmsd: 0.001508
  step:  51 bond rmsd: 0.001507
  step:  52 bond rmsd: 0.001505
  step:  53 bond rmsd: 0.001504
micro_cycle  36 rmsd(b):  0.0015 rws:  1.000 n_fev: 1881
  step:   1 bond rmsd: 0.001504
  step:   2 bond rmsd: 0.030603
  step:   3 bond rmsd: 0.001507
  step:   4 bond rmsd: 0.001507
  step:   5 bond rmsd: 0.001506
  step:   6 bond rmsd: 0.001506
  step:   7 bond rmsd: 0.001506
  step:   8 bond rmsd: 0.001506
  step:   9 bond rmsd: 0.001506
  step:  10 bond rmsd: 0.001505
  step:  11 bond rmsd: 0.001505
  step:  12 bond rmsd: 0.001505
  step:  13 bond rmsd: 0.001505
  step:  14 bond rmsd: 0.001505
  step:  15 bond rmsd: 0.001505
  step:  16 bond rmsd: 0.001506
  step:  17 bond rmsd: 0.001506
  step:  18 bond rmsd: 0.001507
  step:  19 bond rmsd: 0.001508
  step:  20 bond rmsd: 0.001510
  step:  21 bond rmsd: 0.001512
  step:  22 bond rmsd: 0.001513
  step:  23 bond rmsd: 0.001516
  step:  24 bond rmsd: 0.001517
  step:  25 bond rmsd: 0.001518
  step:  26 bond rmsd: 0.001518
  step:  27 bond rmsd: 0.001519
  step:  28 bond rmsd: 0.001520
  step:  29 bond rmsd: 0.001520
  step:  30 bond rmsd: 0.001521
  step:  31 bond rmsd: 0.001520
  step:  32 bond rmsd: 0.001521
  step:  33 bond rmsd: 0.001520
  step:  34 bond rmsd: 0.001520
  step:  35 bond rmsd: 0.001519
  step:  36 bond rmsd: 0.001518
  step:  37 bond rmsd: 0.001517
  step:  38 bond rmsd: 0.001516
  step:  39 bond rmsd: 0.001513
  step:  40 bond rmsd: 0.001512
  step:  41 bond rmsd: 0.001510
  step:  42 bond rmsd: 0.001508
  step:  43 bond rmsd: 0.001505
  step:  44 bond rmsd: 0.001502
  step:  45 bond rmsd: 0.001500
  step:  46 bond rmsd: 0.001497
  step:  47 bond rmsd: 0.001496
  step:  48 bond rmsd: 0.001493
  step:  49 bond rmsd: 0.001492
  step:  50 bond rmsd: 0.001490
  step:  51 bond rmsd: 0.001490
  step:  52 bond rmsd: 0.001489
micro_cycle  37 rmsd(b):  0.0015 rws:  1.000 n_fev: 1933
  step:   1 bond rmsd: 0.001489
  step:   2 bond rmsd: 0.049731
  step:   3 bond rmsd: 0.001494
  step:   4 bond rmsd: 0.001493
  step:   5 bond rmsd: 0.001492
  step:   6 bond rmsd: 0.001492
  step:   7 bond rmsd: 0.001492
  step:   8 bond rmsd: 0.001492
  step:   9 bond rmsd: 0.001492
  step:  10 bond rmsd: 0.001492
  step:  11 bond rmsd: 0.001493
  step:  12 bond rmsd: 0.001493
  step:  13 bond rmsd: 0.001494
  step:  14 bond rmsd: 0.001495
  step:  15 bond rmsd: 0.001496
  step:  16 bond rmsd: 0.001498
  step:  17 bond rmsd: 0.001501
  step:  18 bond rmsd: 0.001505
  step:  19 bond rmsd: 0.001508
  step:  20 bond rmsd: 0.001511
  step:  21 bond rmsd: 0.001512
  step:  22 bond rmsd: 0.001512
  step:  23 bond rmsd: 0.001514
  step:  24 bond rmsd: 0.001516
  step:  25 bond rmsd: 0.001517
  step:  26 bond rmsd: 0.001518
  step:  27 bond rmsd: 0.001519
  step:  28 bond rmsd: 0.001520
  step:  29 bond rmsd: 0.001521
  step:  30 bond rmsd: 0.001521
  step:  31 bond rmsd: 0.001522
  step:  32 bond rmsd: 0.001522
  step:  33 bond rmsd: 0.001523
  step:  34 bond rmsd: 0.001523
  step:  35 bond rmsd: 0.001524
  step:  36 bond rmsd: 0.001523
  step:  37 bond rmsd: 0.001522
  step:  38 bond rmsd: 0.001519
  step:  39 bond rmsd: 0.001517
  step:  40 bond rmsd: 0.001513
  step:  41 bond rmsd: 0.001511
  step:  42 bond rmsd: 0.001509
  step:  43 bond rmsd: 0.001507
  step:  44 bond rmsd: 0.001506
  step:  45 bond rmsd: 0.001504
  step:  46 bond rmsd: 0.001503
  step:  47 bond rmsd: 0.001502
  step:  48 bond rmsd: 0.001502
  step:  49 bond rmsd: 0.001501
  step:  50 bond rmsd: 0.001501
  step:  51 bond rmsd: 0.001500
  step:  52 bond rmsd: 0.001500
  step:  53 bond rmsd: 0.001501
micro_cycle  38 rmsd(b):  0.0015 rws:  1.000 n_fev: 1986
  step:   1 bond rmsd: 0.001501
  step:   2 bond rmsd: 0.058703
  step:   3 bond rmsd: 0.001499
  step:   4 bond rmsd: 0.001499
  step:   5 bond rmsd: 0.001500
  step:   6 bond rmsd: 0.001500
  step:   7 bond rmsd: 0.001500
  step:   8 bond rmsd: 0.001500
  step:   9 bond rmsd: 0.001501
  step:  10 bond rmsd: 0.001501
  step:  11 bond rmsd: 0.001501
  step:  12 bond rmsd: 0.001501
  step:  13 bond rmsd: 0.001502
  step:  14 bond rmsd: 0.001502
  step:  15 bond rmsd: 0.001502
  step:  16 bond rmsd: 0.001503
  step:  17 bond rmsd: 0.001504
  step:  18 bond rmsd: 0.001505
  step:  19 bond rmsd: 0.001506
  step:  20 bond rmsd: 0.001509
  step:  21 bond rmsd: 0.001510
  step:  22 bond rmsd: 0.001512
  step:  23 bond rmsd: 0.001514
  step:  24 bond rmsd: 0.001517
  step:  25 bond rmsd: 0.001518
  step:  26 bond rmsd: 0.001520
  step:  27 bond rmsd: 0.001521
  step:  28 bond rmsd: 0.001523
  step:  29 bond rmsd: 0.001524
  step:  30 bond rmsd: 0.001526
  step:  31 bond rmsd: 0.001528
  step:  32 bond rmsd: 0.001529
  step:  33 bond rmsd: 0.001529
  step:  34 bond rmsd: 0.001530
  step:  35 bond rmsd: 0.001531
  step:  36 bond rmsd: 0.001531
  step:  37 bond rmsd: 0.001530
  step:  38 bond rmsd: 0.001529
  step:  39 bond rmsd: 0.001529
  step:  40 bond rmsd: 0.001526
  step:  41 bond rmsd: 0.001524
  step:  42 bond rmsd: 0.001520
  step:  43 bond rmsd: 0.001518
  step:  44 bond rmsd: 0.001514
  step:  45 bond rmsd: 0.001510
  step:  46 bond rmsd: 0.001508
  step:  47 bond rmsd: 0.001506
  step:  48 bond rmsd: 0.001504
  step:  49 bond rmsd: 0.001501
  step:  50 bond rmsd: 0.001498
  step:  51 bond rmsd: 0.001495
  step:  52 bond rmsd: 0.001494
micro_cycle  39 rmsd(b):  0.0015 rws:  1.000 n_fev: 2038
  step:   1 bond rmsd: 0.001494
  step:   2 bond rmsd: 0.075445
  step:   3 bond rmsd: 0.001491
  step:   4 bond rmsd: 0.001491
  step:   5 bond rmsd: 0.001491
  step:   6 bond rmsd: 0.001491
  step:   7 bond rmsd: 0.001492
  step:   8 bond rmsd: 0.001492
  step:   9 bond rmsd: 0.001493
  step:  10 bond rmsd: 0.001493
  step:  11 bond rmsd: 0.001494
  step:  12 bond rmsd: 0.001494
  step:  13 bond rmsd: 0.001495
  step:  14 bond rmsd: 0.001495
  step:  15 bond rmsd: 0.001496
  step:  16 bond rmsd: 0.001497
  step:  17 bond rmsd: 0.001498
  step:  18 bond rmsd: 0.001500
  step:  19 bond rmsd: 0.001502
  step:  20 bond rmsd: 0.001505
  step:  21 bond rmsd: 0.001507
  step:  22 bond rmsd: 0.001510
  step:  23 bond rmsd: 0.001511
  step:  24 bond rmsd: 0.001513
  step:  25 bond rmsd: 0.001514
  step:  26 bond rmsd: 0.001516
  step:  27 bond rmsd: 0.001517
  step:  28 bond rmsd: 0.001519
  step:  29 bond rmsd: 0.001520
  step:  30 bond rmsd: 0.001521
  step:  31 bond rmsd: 0.001522
  step:  32 bond rmsd: 0.001522
  step:  33 bond rmsd: 0.001524
  step:  34 bond rmsd: 0.001524
  step:  35 bond rmsd: 0.001524
  step:  36 bond rmsd: 0.001523
  step:  37 bond rmsd: 0.001522
  step:  38 bond rmsd: 0.001521
  step:  39 bond rmsd: 0.001519
  step:  40 bond rmsd: 0.001518
  step:  41 bond rmsd: 0.001517
  step:  42 bond rmsd: 0.001515
  step:  43 bond rmsd: 0.001514
  step:  44 bond rmsd: 0.001513
  step:  45 bond rmsd: 0.001512
  step:  46 bond rmsd: 0.001511
  step:  47 bond rmsd: 0.001510
  step:  48 bond rmsd: 0.001509
  step:  49 bond rmsd: 0.001509
  step:  50 bond rmsd: 0.001508
  step:  51 bond rmsd: 0.001507
  step:  52 bond rmsd: 0.001506
micro_cycle  40 rmsd(b):  0.0015 rws:  1.000 n_fev: 2090
  step:   1 bond rmsd: 0.001506
  step:   2 bond rmsd: 0.015221
  step:   3 bond rmsd: 0.001507
  step:   4 bond rmsd: 0.001507
  step:   5 bond rmsd: 0.001507
  step:   6 bond rmsd: 0.001507
  step:   7 bond rmsd: 0.001507
  step:   8 bond rmsd: 0.001507
  step:   9 bond rmsd: 0.001507
  step:  10 bond rmsd: 0.001507
  step:  11 bond rmsd: 0.001508
  step:  12 bond rmsd: 0.001508
  step:  13 bond rmsd: 0.001508
  step:  14 bond rmsd: 0.001509
  step:  15 bond rmsd: 0.001509
  step:  16 bond rmsd: 0.001511
  step:  17 bond rmsd: 0.001512
  step:  18 bond rmsd: 0.001514
  step:  19 bond rmsd: 0.001517
  step:  20 bond rmsd: 0.001518
  step:  21 bond rmsd: 0.001520
  step:  22 bond rmsd: 0.001521
  step:  23 bond rmsd: 0.001522
  step:  24 bond rmsd: 0.001523
  step:  25 bond rmsd: 0.001524
  step:  26 bond rmsd: 0.001525
  step:  27 bond rmsd: 0.001526
  step:  28 bond rmsd: 0.001526
  step:  29 bond rmsd: 0.001526
  step:  30 bond rmsd: 0.001525
  step:  31 bond rmsd: 0.001524
  step:  32 bond rmsd: 0.001523
  step:  33 bond rmsd: 0.001522
  step:  34 bond rmsd: 0.001520
  step:  35 bond rmsd: 0.001518
  step:  36 bond rmsd: 0.001517
  step:  37 bond rmsd: 0.001516
  step:  38 bond rmsd: 0.001514
  step:  39 bond rmsd: 0.001511
  step:  40 bond rmsd: 0.001509
  step:  41 bond rmsd: 0.001507
  step:  42 bond rmsd: 0.001505
  step:  43 bond rmsd: 0.001503
  step:  44 bond rmsd: 0.001500
  step:  45 bond rmsd: 0.001498
  step:  46 bond rmsd: 0.001495
  step:  47 bond rmsd: 0.001493
  step:  48 bond rmsd: 0.001491
  step:  49 bond rmsd: 0.001488
  step:  50 bond rmsd: 0.001487
  step:  51 bond rmsd: 0.001484
  step:  52 bond rmsd: 0.001483
micro_cycle  41 rmsd(b):  0.0015 rws:  1.000 n_fev: 2142
  step:   1 bond rmsd: 0.001483
  step:   2 bond rmsd: 0.063322
  step:   3 bond rmsd: 0.001484
  step:   4 bond rmsd: 0.001483
  step:   5 bond rmsd: 0.001483
  step:   6 bond rmsd: 0.001483
  step:   7 bond rmsd: 0.001484
  step:   8 bond rmsd: 0.001484
  step:   9 bond rmsd: 0.001484
  step:  10 bond rmsd: 0.001485
  step:  11 bond rmsd: 0.001486
  step:  12 bond rmsd: 0.001486
  step:  13 bond rmsd: 0.001487
  step:  14 bond rmsd: 0.001488
  step:  15 bond rmsd: 0.001489
  step:  16 bond rmsd: 0.001491
  step:  17 bond rmsd: 0.001493
  step:  18 bond rmsd: 0.001496
  step:  19 bond rmsd: 0.001499
  step:  20 bond rmsd: 0.001501
  step:  21 bond rmsd: 0.001506
  step:  22 bond rmsd: 0.001507
  step:  23 bond rmsd: 0.001508
  step:  24 bond rmsd: 0.001509
  step:  25 bond rmsd: 0.001509
  step:  26 bond rmsd: 0.001510
  step:  27 bond rmsd: 0.001510
  step:  28 bond rmsd: 0.001511
  step:  29 bond rmsd: 0.001511
  step:  30 bond rmsd: 0.001512
  step:  31 bond rmsd: 0.001512
  step:  32 bond rmsd: 0.001513
  step:  33 bond rmsd: 0.001514
  step:  34 bond rmsd: 0.001515
  step:  35 bond rmsd: 0.001517
  step:  36 bond rmsd: 0.001518
  step:  37 bond rmsd: 0.001520
  step:  38 bond rmsd: 0.001521
  step:  39 bond rmsd: 0.001523
  step:  40 bond rmsd: 0.001524
  step:  41 bond rmsd: 0.001527
  step:  42 bond rmsd: 0.001530
  step:  43 bond rmsd: 0.001532
  step:  44 bond rmsd: 0.001534
  step:  45 bond rmsd: 0.001536
  step:  46 bond rmsd: 0.001538
  step:  47 bond rmsd: 0.001539
  step:  48 bond rmsd: 0.001540
  step:  49 bond rmsd: 0.001541
  step:  50 bond rmsd: 0.001541
  step:  51 bond rmsd: 0.001541
  step:  52 bond rmsd: 0.001541
micro_cycle  42 rmsd(b):  0.0015 rws:  1.000 n_fev: 2194
  step:   1 bond rmsd: 0.001541
  step:   2 bond rmsd: 0.017349
  step:   3 bond rmsd: 0.001536
  step:   4 bond rmsd: 0.001537
  step:   5 bond rmsd: 0.001537
  step:   6 bond rmsd: 0.001537
  step:   7 bond rmsd: 0.001538
  step:   8 bond rmsd: 0.001538
  step:   9 bond rmsd: 0.001538
  step:  10 bond rmsd: 0.001538
  step:  11 bond rmsd: 0.001538
  step:  12 bond rmsd: 0.001538
  step:  13 bond rmsd: 0.001537
  step:  14 bond rmsd: 0.001537
  step:  15 bond rmsd: 0.001537
  step:  16 bond rmsd: 0.001535
  step:  17 bond rmsd: 0.001534
  step:  18 bond rmsd: 0.001530
  step:  19 bond rmsd: 0.001528
  step:  20 bond rmsd: 0.001525
  step:  21 bond rmsd: 0.001524
  step:  22 bond rmsd: 0.001523
  step:  23 bond rmsd: 0.001522
  step:  24 bond rmsd: 0.001521
  step:  25 bond rmsd: 0.001520
  step:  26 bond rmsd: 0.001519
  step:  27 bond rmsd: 0.001518
  step:  28 bond rmsd: 0.001517
  step:  29 bond rmsd: 0.001516
  step:  30 bond rmsd: 0.001514
  step:  31 bond rmsd: 0.001511
  step:  32 bond rmsd: 0.001509
  step:  33 bond rmsd: 0.001506
  step:  34 bond rmsd: 0.001504
  step:  35 bond rmsd: 0.001502
  step:  36 bond rmsd: 0.001500
  step:  37 bond rmsd: 0.001499
  step:  38 bond rmsd: 0.001498
  step:  39 bond rmsd: 0.001496
  step:  40 bond rmsd: 0.001496
  step:  41 bond rmsd: 0.001495
  step:  42 bond rmsd: 0.001495
  step:  43 bond rmsd: 0.001495
  step:  44 bond rmsd: 0.001496
  step:  45 bond rmsd: 0.001496
  step:  46 bond rmsd: 0.001498
  step:  47 bond rmsd: 0.001499
  step:  48 bond rmsd: 0.001501
  step:  49 bond rmsd: 0.001502
  step:  50 bond rmsd: 0.001504
  step:  51 bond rmsd: 0.001508
  step:  52 bond rmsd: 0.001512
micro_cycle  43 rmsd(b):  0.0015 rws:  1.000 n_fev: 2246
  step:   1 bond rmsd: 0.001512
  step:   2 bond rmsd: 0.017198
  step:   3 bond rmsd: 0.001510
  step:   4 bond rmsd: 0.001511
  step:   5 bond rmsd: 0.001511
  step:   6 bond rmsd: 0.001511
  step:   7 bond rmsd: 0.001511
  step:   8 bond rmsd: 0.001511
  step:   9 bond rmsd: 0.001511
  step:  10 bond rmsd: 0.001511
  step:  11 bond rmsd: 0.001512
  step:  12 bond rmsd: 0.001512
  step:  13 bond rmsd: 0.001512
  step:  14 bond rmsd: 0.001512
  step:  15 bond rmsd: 0.001512
  step:  16 bond rmsd: 0.001512
  step:  17 bond rmsd: 0.001512
  step:  18 bond rmsd: 0.001511
  step:  19 bond rmsd: 0.001511
  step:  20 bond rmsd: 0.001509
  step:  21 bond rmsd: 0.001509
  step:  22 bond rmsd: 0.001510
  step:  23 bond rmsd: 0.001510
  step:  24 bond rmsd: 0.001510
  step:  25 bond rmsd: 0.001510
  step:  26 bond rmsd: 0.001510
  step:  27 bond rmsd: 0.001510
  step:  28 bond rmsd: 0.001510
  step:  29 bond rmsd: 0.001510
  step:  30 bond rmsd: 0.001511
  step:  31 bond rmsd: 0.001510
  step:  32 bond rmsd: 0.001510
  step:  33 bond rmsd: 0.001510
  step:  34 bond rmsd: 0.001511
  step:  35 bond rmsd: 0.001511
  step:  36 bond rmsd: 0.001511
  step:  37 bond rmsd: 0.001511
  step:  38 bond rmsd: 0.001511
  step:  39 bond rmsd: 0.001512
  step:  40 bond rmsd: 0.001513
  step:  41 bond rmsd: 0.001514
  step:  42 bond rmsd: 0.001515
  step:  43 bond rmsd: 0.001517
  step:  44 bond rmsd: 0.001519
  step:  45 bond rmsd: 0.001520
  step:  46 bond rmsd: 0.001523
  step:  47 bond rmsd: 0.001524
  step:  48 bond rmsd: 0.001526
  step:  49 bond rmsd: 0.001528
  step:  50 bond rmsd: 0.001529
  step:  51 bond rmsd: 0.001530
  step:  52 bond rmsd: 0.001531
micro_cycle  44 rmsd(b):  0.0015 rws:  1.000 n_fev: 2298
  step:   1 bond rmsd: 0.001531
  step:   2 bond rmsd: 0.029216
  step:   3 bond rmsd: 0.001536
  step:   4 bond rmsd: 0.001535
  step:   5 bond rmsd: 0.001534
  step:   6 bond rmsd: 0.001533
  step:   7 bond rmsd: 0.001533
  step:   8 bond rmsd: 0.001532
  step:   9 bond rmsd: 0.001532
  step:  10 bond rmsd: 0.001531
  step:  11 bond rmsd: 0.001531
  step:  12 bond rmsd: 0.001530
  step:  13 bond rmsd: 0.001530
  step:  14 bond rmsd: 0.001529
  step:  15 bond rmsd: 0.001528
  step:  16 bond rmsd: 0.001527
  step:  17 bond rmsd: 0.001526
  step:  18 bond rmsd: 0.001525
  step:  19 bond rmsd: 0.001524
  step:  20 bond rmsd: 0.001522
  step:  21 bond rmsd: 0.001518
  step:  22 bond rmsd: 0.001516
  step:  23 bond rmsd: 0.001515
  step:  24 bond rmsd: 0.001512
  step:  25 bond rmsd: 0.001511
  step:  26 bond rmsd: 0.001510
  step:  27 bond rmsd: 0.001509
  step:  28 bond rmsd: 0.001507
  step:  29 bond rmsd: 0.001507
  step:  30 bond rmsd: 0.001507
  step:  31 bond rmsd: 0.001506
  step:  32 bond rmsd: 0.001506
  step:  33 bond rmsd: 0.001506
  step:  34 bond rmsd: 0.001506
  step:  35 bond rmsd: 0.001507
  step:  36 bond rmsd: 0.001507
  step:  37 bond rmsd: 0.001507
  step:  38 bond rmsd: 0.001508
  step:  39 bond rmsd: 0.001508
  step:  40 bond rmsd: 0.001509
  step:  41 bond rmsd: 0.001510
  step:  42 bond rmsd: 0.001511
  step:  43 bond rmsd: 0.001511
  step:  44 bond rmsd: 0.001512
  step:  45 bond rmsd: 0.001512
  step:  46 bond rmsd: 0.001512
  step:  47 bond rmsd: 0.001513
  step:  48 bond rmsd: 0.001514
  step:  49 bond rmsd: 0.001514
  step:  50 bond rmsd: 0.001515
  step:  51 bond rmsd: 0.001515
  step:  52 bond rmsd: 0.001515
micro_cycle  45 rmsd(b):  0.0015 rws:  1.000 n_fev: 2350
  step:   1 bond rmsd: 0.001515
  step:   2 bond rmsd: 0.042593
  step:   3 bond rmsd: 0.001519
  step:   4 bond rmsd: 0.001518
  step:   5 bond rmsd: 0.001517
  step:   6 bond rmsd: 0.001517
  step:   7 bond rmsd: 0.001517
  step:   8 bond rmsd: 0.001516
  step:   9 bond rmsd: 0.001516
  step:  10 bond rmsd: 0.001516
  step:  11 bond rmsd: 0.001516
  step:  12 bond rmsd: 0.001515
  step:  13 bond rmsd: 0.001515
  step:  14 bond rmsd: 0.001515
  step:  15 bond rmsd: 0.001515
  step:  16 bond rmsd: 0.001514
  step:  17 bond rmsd: 0.001514
  step:  18 bond rmsd: 0.001513
  step:  19 bond rmsd: 0.001513
  step:  20 bond rmsd: 0.001513
  step:  21 bond rmsd: 0.001512
  step:  22 bond rmsd: 0.001513
  step:  23 bond rmsd: 0.001512
  step:  24 bond rmsd: 0.001512
  step:  25 bond rmsd: 0.001512
  step:  26 bond rmsd: 0.001512
  step:  27 bond rmsd: 0.001512
  step:  28 bond rmsd: 0.001512
  step:  29 bond rmsd: 0.001512
  step:  30 bond rmsd: 0.001512
  step:  31 bond rmsd: 0.001512
  step:  32 bond rmsd: 0.001512
  step:  33 bond rmsd: 0.001512
  step:  34 bond rmsd: 0.001513
  step:  35 bond rmsd: 0.001513
  step:  36 bond rmsd: 0.001513
  step:  37 bond rmsd: 0.001514
  step:  38 bond rmsd: 0.001515
  step:  39 bond rmsd: 0.001515
  step:  40 bond rmsd: 0.001516
  step:  41 bond rmsd: 0.001516
  step:  42 bond rmsd: 0.001516
  step:  43 bond rmsd: 0.001515
  step:  44 bond rmsd: 0.001516
  step:  45 bond rmsd: 0.001515
  step:  46 bond rmsd: 0.001515
  step:  47 bond rmsd: 0.001516
  step:  48 bond rmsd: 0.001516
  step:  49 bond rmsd: 0.001517
  step:  50 bond rmsd: 0.001518
  step:  51 bond rmsd: 0.001519
  step:  52 bond rmsd: 0.001519
micro_cycle  46 rmsd(b):  0.0015 rws:  1.000 n_fev: 2402
  step:   1 bond rmsd: 0.001519
  step:   2 bond rmsd: 0.047273
  step:   3 bond rmsd: 0.001527
  step:   4 bond rmsd: 0.001525
  step:   5 bond rmsd: 0.001524
  step:   6 bond rmsd: 0.001523
  step:   7 bond rmsd: 0.001522
  step:   8 bond rmsd: 0.001522
  step:   9 bond rmsd: 0.001521
  step:  10 bond rmsd: 0.001521
  step:  11 bond rmsd: 0.001521
  step:  12 bond rmsd: 0.001521
  step:  13 bond rmsd: 0.001521
  step:  14 bond rmsd: 0.001521
  step:  15 bond rmsd: 0.001521
  step:  16 bond rmsd: 0.001520
  step:  17 bond rmsd: 0.001520
  step:  18 bond rmsd: 0.001521
  step:  19 bond rmsd: 0.001521
  step:  20 bond rmsd: 0.001521
  step:  21 bond rmsd: 0.001522
  step:  22 bond rmsd: 0.001523
  step:  23 bond rmsd: 0.001524
  step:  24 bond rmsd: 0.001524
  step:  25 bond rmsd: 0.001524
  step:  26 bond rmsd: 0.001524
  step:  27 bond rmsd: 0.001525
  step:  28 bond rmsd: 0.001524
  step:  29 bond rmsd: 0.001524
  step:  30 bond rmsd: 0.001523
  step:  31 bond rmsd: 0.001523
  step:  32 bond rmsd: 0.001522
  step:  33 bond rmsd: 0.001521
  step:  34 bond rmsd: 0.001519
  step:  35 bond rmsd: 0.001518
  step:  36 bond rmsd: 0.001518
  step:  37 bond rmsd: 0.001516
  step:  38 bond rmsd: 0.001515
  step:  39 bond rmsd: 0.001514
  step:  40 bond rmsd: 0.001513
  step:  41 bond rmsd: 0.001512
  step:  42 bond rmsd: 0.001511
  step:  43 bond rmsd: 0.001510
  step:  44 bond rmsd: 0.001509
  step:  45 bond rmsd: 0.001508
  step:  46 bond rmsd: 0.001508
  step:  47 bond rmsd: 0.001507
  step:  48 bond rmsd: 0.001507
  step:  49 bond rmsd: 0.001507
  step:  50 bond rmsd: 0.001507
  step:  51 bond rmsd: 0.001507
  step:  52 bond rmsd: 0.001507
micro_cycle  47 rmsd(b):  0.0015 rws:  1.000 n_fev: 2454
  step:   1 bond rmsd: 0.001507
  step:   2 bond rmsd: 0.024004
  step:   3 bond rmsd: 0.001508
  step:   4 bond rmsd: 0.001508
  step:   5 bond rmsd: 0.001508
  step:   6 bond rmsd: 0.001508
  step:   7 bond rmsd: 0.001508
  step:   8 bond rmsd: 0.001508
  step:   9 bond rmsd: 0.001508
  step:  10 bond rmsd: 0.001508
  step:  11 bond rmsd: 0.001508
  step:  12 bond rmsd: 0.001508
  step:  13 bond rmsd: 0.001508
  step:  14 bond rmsd: 0.001508
  step:  15 bond rmsd: 0.001509
  step:  16 bond rmsd: 0.001509
  step:  17 bond rmsd: 0.001510
  step:  18 bond rmsd: 0.001510
  step:  19 bond rmsd: 0.001512
  step:  20 bond rmsd: 0.001513
  step:  21 bond rmsd: 0.001514
  step:  22 bond rmsd: 0.001516
  step:  23 bond rmsd: 0.001517
  step:  24 bond rmsd: 0.001518
  step:  25 bond rmsd: 0.001519
  step:  26 bond rmsd: 0.001520
  step:  27 bond rmsd: 0.001522
  step:  28 bond rmsd: 0.001523
  step:  29 bond rmsd: 0.001524
  step:  30 bond rmsd: 0.001524
  step:  31 bond rmsd: 0.001526
  step:  32 bond rmsd: 0.001526
  step:  33 bond rmsd: 0.001526
  step:  34 bond rmsd: 0.001526
  step:  35 bond rmsd: 0.001525
  step:  36 bond rmsd: 0.001525
  step:  37 bond rmsd: 0.001522
  step:  38 bond rmsd: 0.001522
  step:  39 bond rmsd: 0.001521
  step:  40 bond rmsd: 0.001521
  step:  41 bond rmsd: 0.001519
  step:  42 bond rmsd: 0.001519
  step:  43 bond rmsd: 0.001517
  step:  44 bond rmsd: 0.001516
  step:  45 bond rmsd: 0.001516
  step:  46 bond rmsd: 0.001515
  step:  47 bond rmsd: 0.001515
  step:  48 bond rmsd: 0.001514
  step:  49 bond rmsd: 0.001514
  step:  50 bond rmsd: 0.001513
  step:  51 bond rmsd: 0.001513
  step:  52 bond rmsd: 0.001513
micro_cycle  48 rmsd(b):  0.0015 rws:  1.000 n_fev: 2506
  step:   1 bond rmsd: 0.001513
  step:   2 bond rmsd: 0.044099
  step:   3 bond rmsd: 0.001510
  step:   4 bond rmsd: 0.001510
  step:   5 bond rmsd: 0.001511
  step:   6 bond rmsd: 0.001511
  step:   7 bond rmsd: 0.001511
  step:   8 bond rmsd: 0.001512
  step:   9 bond rmsd: 0.001512
  step:  10 bond rmsd: 0.001513
  step:  11 bond rmsd: 0.001513
  step:  12 bond rmsd: 0.001514
  step:  13 bond rmsd: 0.001514
  step:  14 bond rmsd: 0.001515
  step:  15 bond rmsd: 0.001515
  step:  16 bond rmsd: 0.001516
  step:  17 bond rmsd: 0.001517
  step:  18 bond rmsd: 0.001518
  step:  19 bond rmsd: 0.001520
  step:  20 bond rmsd: 0.001520
  step:  21 bond rmsd: 0.001521
  step:  22 bond rmsd: 0.001522
  step:  23 bond rmsd: 0.001523
  step:  24 bond rmsd: 0.001524
  step:  25 bond rmsd: 0.001524
  step:  26 bond rmsd: 0.001525
  step:  27 bond rmsd: 0.001525
  step:  28 bond rmsd: 0.001525
  step:  29 bond rmsd: 0.001525
  step:  30 bond rmsd: 0.001525
  step:  31 bond rmsd: 0.001524
  step:  32 bond rmsd: 0.001523
  step:  33 bond rmsd: 0.001522
  step:  34 bond rmsd: 0.001521
  step:  35 bond rmsd: 0.001520
  step:  36 bond rmsd: 0.001518
  step:  37 bond rmsd: 0.001517
  step:  38 bond rmsd: 0.001515
  step:  39 bond rmsd: 0.001514
  step:  40 bond rmsd: 0.001512
  step:  41 bond rmsd: 0.001511
  step:  42 bond rmsd: 0.001510
  step:  43 bond rmsd: 0.001510
  step:  44 bond rmsd: 0.001509
  step:  45 bond rmsd: 0.001508
  step:  46 bond rmsd: 0.001508
  step:  47 bond rmsd: 0.001508
  step:  48 bond rmsd: 0.001507
  step:  49 bond rmsd: 0.001507
  step:  50 bond rmsd: 0.001507
  step:  51 bond rmsd: 0.001507
  step:  52 bond rmsd: 0.001508
micro_cycle  49 rmsd(b):  0.0015 rws:  1.000 n_fev: 2558
  step:   1 bond rmsd: 0.001508
  step:   2 bond rmsd: 0.019762
  step:   3 bond rmsd: 0.001506
  step:   4 bond rmsd: 0.001506
  step:   5 bond rmsd: 0.001507
  step:   6 bond rmsd: 0.001507
  step:   7 bond rmsd: 0.001507
  step:   8 bond rmsd: 0.001507
  step:   9 bond rmsd: 0.001508
  step:  10 bond rmsd: 0.001508
  step:  11 bond rmsd: 0.001508
  step:  12 bond rmsd: 0.001508
  step:  13 bond rmsd: 0.001509
  step:  14 bond rmsd: 0.001509
  step:  15 bond rmsd: 0.001509
  step:  16 bond rmsd: 0.001510
  step:  17 bond rmsd: 0.001510
  step:  18 bond rmsd: 0.001511
  step:  19 bond rmsd: 0.001512
  step:  20 bond rmsd: 0.001512
  step:  21 bond rmsd: 0.001513
  step:  22 bond rmsd: 0.001514
  step:  23 bond rmsd: 0.001516
  step:  24 bond rmsd: 0.001517
  step:  25 bond rmsd: 0.001517
  step:  26 bond rmsd: 0.001519
  step:  27 bond rmsd: 0.001520
  step:  28 bond rmsd: 0.001521
  step:  29 bond rmsd: 0.001522
  step:  30 bond rmsd: 0.001523
  step:  31 bond rmsd: 0.001523
  step:  32 bond rmsd: 0.001523
  step:  33 bond rmsd: 0.001523
  step:  34 bond rmsd: 0.001523
  step:  35 bond rmsd: 0.001523
  step:  36 bond rmsd: 0.001523
  step:  37 bond rmsd: 0.001522
  step:  38 bond rmsd: 0.001521
  step:  39 bond rmsd: 0.001521
  step:  40 bond rmsd: 0.001520
  step:  41 bond rmsd: 0.001519
  step:  42 bond rmsd: 0.001518
  step:  43 bond rmsd: 0.001517
  step:  44 bond rmsd: 0.001516
  step:  45 bond rmsd: 0.001516
  step:  46 bond rmsd: 0.001515
  step:  47 bond rmsd: 0.001514
  step:  48 bond rmsd: 0.001514
  step:  49 bond rmsd: 0.001514
  step:  50 bond rmsd: 0.001513
  step:  51 bond rmsd: 0.001514
  step:  52 bond rmsd: 0.001514
micro_cycle  50 rmsd(b):  0.0015 rws:  1.000 n_fev: 2610
See 7_refined.pdb in pdb folder.
Time: 39.6444
