Starting Q|R
Running refinement
   input {
     xray_data {
       file_name = None
       labels = None
       high_resolution = None
       low_resolution = None
       outliers_rejection = True
       french_wilson_scale = True
       french_wilson {
         max_bins = 60
         min_bin_size = 40
       }
       sigma_fobs_rejection_criterion = None
       sigma_iobs_rejection_criterion = None
       ignore_all_zeros = True
       force_anomalous_flag_to_be_equal_to = None
       convert_to_non_anomalous_if_ratio_pairs_lone_less_than_threshold = 0.5
       r_free_flags {
         file_name = None
         label = None
         test_flag_value = None
         ignore_r_free_flags = False
         disable_suitability_test = False
         ignore_pdb_hexdigest = False
         generate = False
         fraction = 0.1
         max_free = 2000
         lattice_symmetry_max_delta = 5
         use_lattice_symmetry = True
         use_dataman_shells = False
         n_shells = 20
       }
     }
     pdb {
       file_name = None
     }
     monomers {
       file_name = None
     }
     maps {
       map_file_name = None
       d_min = None
       map_coefficients_file_name = None
       map_coefficients_label = None
     }
     sequence = None
     scattering_table = wk1995 it1992 *n_gaussian neutron electron
     wavelength = None
     energy = None
     twin_law = Auto
   }
   max_atoms = 15000
   debug = False
   cluster {
     charge_cutoff = 8.0
     clustering = false
     charge_embedding = False
     two_buffers = False
     maxnum_residues_in_cluster = 15
     clustering_method = gnc *bcc
     altloc_method = *average subtract
   }
   restraints = *cctbx qm
   quantum {
     engine_name = *mopac ani torchani terachem turbomole pyscf orca gaussian \
                   xtb
     charge = None
     basis = Auto
     method = Auto
     memory = None
     nproc = None
     qm_addon = gcp dftd3 gcp-d3
     qm_addon_method = None
   }
   refine {
     dry_run = False
     sf_algorithm = *direct fft
     refinement_target_name = *ml ls_wunit_k1
     mode = *opt refine
     number_of_macro_cycles = 1
     number_of_weight_search_cycles = 50
     number_of_refine_cycles = 5
     number_of_micro_cycles = 50
     data_weight = None
     choose_best_use_r_work = False
     skip_initial_weight_optimization = False
     adjust_restraints_weight_scale_value = 2
     max_iterations_weight = 50
     max_iterations_refine = 50
     use_ase_lbfgs = False
     line_search = True
     stpmax = 0.2
     gradient_only = true
     update_all_scales = True
     refine_sites = True
     refine_adp = False
     restraints_weight_scale = 1.0
     shake_sites = False
     use_convergence_test = true
     max_bond_rmsd = 0.03
     max_r_work_r_free_gap = 5.0
     r_tolerance = 0.001
     rmsd_tolerance = 0.001
     opt_log = False
     pre_opt = False
     pre_opt_stpmax = 0.1
     pre_opt_iter = 10
     pre_opt_switch = 2
     pre_opt_gconv = 3000
   }
   parallel {
     method = *multiprocessing slurm pbs sge lsf threading
     nproc = None
     qsub_command = None
   }
   output_file_name_prefix = None
   output_folder_name = "pdb"
   shared_disk = True
   rst_file = None
   dump_gradients = None

Setting QM defaults
  Setting QM method to PM7


***********************************************************
restart info will be stored in /home/lum/3nir/cctbx_improve/cctbx_refine/pdb/8.rst.pickle
***********************************************************

start   0 rmsd(b):  0.0191 rws:  1.000 n_fev: 0
  step:   1 bond rmsd: 0.019073
  step:   2 bond rmsd: 0.088160
  step:   3 bond rmsd: 0.088160
  step:   4 bond rmsd: 0.071858
  step:   5 bond rmsd: 0.058521
  step:   6 bond rmsd: 0.047963
  step:   7 bond rmsd: 0.039618
  step:   8 bond rmsd: 0.033027
  step:   9 bond rmsd: 0.027830
  step:  10 bond rmsd: 0.023747
  step:  11 bond rmsd: 0.020554
  step:  12 bond rmsd: 0.018068
  step:  13 bond rmsd: 0.016141
  step:  14 bond rmsd: 0.014645
  step:  15 bond rmsd: 0.013479
  step:  16 bond rmsd: 0.012558
  step:  17 bond rmsd: 0.011813
  step:  18 bond rmsd: 0.011189
  step:  19 bond rmsd: 0.010641
  step:  20 bond rmsd: 0.010129
  step:  21 bond rmsd: 0.009619
  step:  22 bond rmsd: 0.009078
  step:  23 bond rmsd: 0.008483
  step:  24 bond rmsd: 0.007732
  step:  25 bond rmsd: 0.007274
  step:  26 bond rmsd: 0.006699
  step:  27 bond rmsd: 0.006152
  step:  28 bond rmsd: 0.005836
  step:  29 bond rmsd: 0.005568
  step:  30 bond rmsd: 0.005347
  step:  31 bond rmsd: 0.005056
  step:  32 bond rmsd: 0.004905
  step:  33 bond rmsd: 0.004745
  step:  34 bond rmsd: 0.004483
  step:  35 bond rmsd: 0.004343
  step:  36 bond rmsd: 0.004145
  step:  37 bond rmsd: 0.003955
  step:  38 bond rmsd: 0.003807
  step:  39 bond rmsd: 0.003602
  step:  40 bond rmsd: 0.003432
  step:  41 bond rmsd: 0.003300
  step:  42 bond rmsd: 0.003175
  step:  43 bond rmsd: 0.003031
  step:  44 bond rmsd: 0.002924
  step:  45 bond rmsd: 0.002843
  step:  46 bond rmsd: 0.002746
  step:  47 bond rmsd: 0.002707
  step:  48 bond rmsd: 0.002661
  step:  49 bond rmsd: 0.002646
  step:  50 bond rmsd: 0.002669
  step:  51 bond rmsd: 0.002679
  step:  52 bond rmsd: 0.002695
micro_cycle   1 rmsd(b):  0.0027 rws:  1.000 n_fev: 52
  step:   1 bond rmsd: 0.002695
  step:   2 bond rmsd: 0.079462
  step:   3 bond rmsd: 0.050024
  step:   4 bond rmsd: 0.040063
  step:   5 bond rmsd: 0.032108
  step:   6 bond rmsd: 0.025769
  step:   7 bond rmsd: 0.020711
  step:   8 bond rmsd: 0.016674
  step:   9 bond rmsd: 0.013456
  step:  10 bond rmsd: 0.010898
  step:  11 bond rmsd: 0.008871
  step:  12 bond rmsd: 0.007275
  step:  13 bond rmsd: 0.006028
  step:  14 bond rmsd: 0.005064
  step:  15 bond rmsd: 0.004329
  step:  16 bond rmsd: 0.003779
  step:  17 bond rmsd: 0.003375
  step:  18 bond rmsd: 0.003083
  step:  19 bond rmsd: 0.002876
  step:  20 bond rmsd: 0.002731
  step:  21 bond rmsd: 0.002630
  step:  22 bond rmsd: 0.002560
  step:  23 bond rmsd: 0.002510
  step:  24 bond rmsd: 0.002474
  step:  25 bond rmsd: 0.002448
  step:  26 bond rmsd: 0.002428
  step:  27 bond rmsd: 0.002412
  step:  28 bond rmsd: 0.002397
  step:  29 bond rmsd: 0.002383
  step:  30 bond rmsd: 0.002367
  step:  31 bond rmsd: 0.002347
  step:  32 bond rmsd: 0.002319
  step:  33 bond rmsd: 0.002277
  step:  34 bond rmsd: 0.002212
  step:  35 bond rmsd: 0.002104
  step:  36 bond rmsd: 0.002054
  step:  37 bond rmsd: 0.002031
  step:  38 bond rmsd: 0.002173
  step:  39 bond rmsd: 0.002162
  step:  40 bond rmsd: 0.002170
  step:  41 bond rmsd: 0.002184
  step:  42 bond rmsd: 0.002215
  step:  43 bond rmsd: 0.002248
  step:  44 bond rmsd: 0.002287
  step:  45 bond rmsd: 0.002337
  step:  46 bond rmsd: 0.002393
  step:  47 bond rmsd: 0.002454
  step:  48 bond rmsd: 0.002526
  step:  49 bond rmsd: 0.002581
  step:  50 bond rmsd: 0.002627
  step:  51 bond rmsd: 0.002683
  step:  52 bond rmsd: 0.002699
micro_cycle   2 rmsd(b):  0.0027 rws:  1.000 n_fev: 104
  step:   1 bond rmsd: 0.002699
  step:   2 bond rmsd: 0.057515
  step:   3 bond rmsd: 0.026505
  step:   4 bond rmsd: 0.021289
  step:   5 bond rmsd: 0.017117
  step:   6 bond rmsd: 0.013813
  step:   7 bond rmsd: 0.011198
  step:   8 bond rmsd: 0.009135
  step:   9 bond rmsd: 0.007515
  step:  10 bond rmsd: 0.006252
  step:  11 bond rmsd: 0.005277
  step:  12 bond rmsd: 0.004533
  step:  13 bond rmsd: 0.003973
  step:  14 bond rmsd: 0.003559
  step:  15 bond rmsd: 0.003256
  step:  16 bond rmsd: 0.003038
  step:  17 bond rmsd: 0.002881
  step:  18 bond rmsd: 0.002768
  step:  19 bond rmsd: 0.002687
  step:  20 bond rmsd: 0.002628
  step:  21 bond rmsd: 0.002583
  step:  22 bond rmsd: 0.002549
  step:  23 bond rmsd: 0.002522
  step:  24 bond rmsd: 0.002500
  step:  25 bond rmsd: 0.002481
  step:  26 bond rmsd: 0.002463
  step:  27 bond rmsd: 0.002444
  step:  28 bond rmsd: 0.002423
  step:  29 bond rmsd: 0.002396
  step:  30 bond rmsd: 0.002359
  step:  31 bond rmsd: 0.002306
  step:  32 bond rmsd: 0.002227
  step:  33 bond rmsd: 0.002113
  step:  34 bond rmsd: 0.002090
  step:  35 bond rmsd: 0.001998
  step:  36 bond rmsd: 0.001932
  step:  37 bond rmsd: 0.001880
  step:  38 bond rmsd: 0.001841
  step:  39 bond rmsd: 0.001804
  step:  40 bond rmsd: 0.001777
  step:  41 bond rmsd: 0.001765
  step:  42 bond rmsd: 0.001746
  step:  43 bond rmsd: 0.001740
  step:  44 bond rmsd: 0.001739
  step:  45 bond rmsd: 0.001736
  step:  46 bond rmsd: 0.001729
  step:  47 bond rmsd: 0.001730
  step:  48 bond rmsd: 0.001775
  step:  49 bond rmsd: 0.001774
  step:  50 bond rmsd: 0.001772
  step:  51 bond rmsd: 0.001785
  step:  52 bond rmsd: 0.001799
micro_cycle   3 rmsd(b):  0.0018 rws:  1.000 n_fev: 156
  step:   1 bond rmsd: 0.001799
  step:   2 bond rmsd: 0.088472
  step:   3 bond rmsd: 0.016423
  step:   4 bond rmsd: 0.013201
  step:   5 bond rmsd: 0.010636
  step:   6 bond rmsd: 0.008595
  step:   7 bond rmsd: 0.006975
  step:   8 bond rmsd: 0.005697
  step:   9 bond rmsd: 0.004694
  step:  10 bond rmsd: 0.003915
  step:  11 bond rmsd: 0.003317
  step:  12 bond rmsd: 0.002865
  step:  13 bond rmsd: 0.002530
  step:  14 bond rmsd: 0.002287
  step:  15 bond rmsd: 0.002113
  step:  16 bond rmsd: 0.001991
  step:  17 bond rmsd: 0.001907
  step:  18 bond rmsd: 0.001848
  step:  19 bond rmsd: 0.001808
  step:  20 bond rmsd: 0.001781
  step:  21 bond rmsd: 0.001762
  step:  22 bond rmsd: 0.001748
  step:  23 bond rmsd: 0.001738
  step:  24 bond rmsd: 0.001731
  step:  25 bond rmsd: 0.001725
  step:  26 bond rmsd: 0.001721
  step:  27 bond rmsd: 0.001717
  step:  28 bond rmsd: 0.001714
  step:  29 bond rmsd: 0.001711
  step:  30 bond rmsd: 0.001707
  step:  31 bond rmsd: 0.001699
  step:  32 bond rmsd: 0.001660
  step:  33 bond rmsd: 0.001662
  step:  34 bond rmsd: 0.001672
  step:  35 bond rmsd: 0.001737
  step:  36 bond rmsd: 0.001744
  step:  37 bond rmsd: 0.001752
  step:  38 bond rmsd: 0.001763
  step:  39 bond rmsd: 0.001773
  step:  40 bond rmsd: 0.001787
  step:  41 bond rmsd: 0.001798
  step:  42 bond rmsd: 0.001812
  step:  43 bond rmsd: 0.001827
  step:  44 bond rmsd: 0.001851
  step:  45 bond rmsd: 0.001870
  step:  46 bond rmsd: 0.001898
  step:  47 bond rmsd: 0.001922
  step:  48 bond rmsd: 0.001944
  step:  49 bond rmsd: 0.001978
  step:  50 bond rmsd: 0.002031
  step:  51 bond rmsd: 0.002057
  step:  52 bond rmsd: 0.002097
micro_cycle   4 rmsd(b):  0.0021 rws:  1.000 n_fev: 208
  step:   1 bond rmsd: 0.002097
  step:   2 bond rmsd: 0.053235
  step:   3 bond rmsd: 0.027789
  step:   4 bond rmsd: 0.022341
  step:   5 bond rmsd: 0.018017
  step:   6 bond rmsd: 0.014540
  step:   7 bond rmsd: 0.011752
  step:   8 bond rmsd: 0.009523
  step:   9 bond rmsd: 0.007748
  step:  10 bond rmsd: 0.006344
  step:  11 bond rmsd: 0.005241
  step:  12 bond rmsd: 0.004385
  step:  13 bond rmsd: 0.003730
  step:  14 bond rmsd: 0.003238
  step:  15 bond rmsd: 0.002876
  step:  16 bond rmsd: 0.002614
  step:  17 bond rmsd: 0.002429
  step:  18 bond rmsd: 0.002300
  step:  19 bond rmsd: 0.002212
  step:  20 bond rmsd: 0.002151
  step:  21 bond rmsd: 0.002109
  step:  22 bond rmsd: 0.002080
  step:  23 bond rmsd: 0.002059
  step:  24 bond rmsd: 0.002044
  step:  25 bond rmsd: 0.002033
  step:  26 bond rmsd: 0.002024
  step:  27 bond rmsd: 0.002016
  step:  28 bond rmsd: 0.002009
  step:  29 bond rmsd: 0.002001
  step:  30 bond rmsd: 0.001992
  step:  31 bond rmsd: 0.001981
  step:  32 bond rmsd: 0.001966
  step:  33 bond rmsd: 0.001944
  step:  34 bond rmsd: 0.001912
  step:  35 bond rmsd: 0.001866
  step:  36 bond rmsd: 0.001775
  step:  37 bond rmsd: 0.001730
  step:  38 bond rmsd: 0.001699
  step:  39 bond rmsd: 0.001690
  step:  40 bond rmsd: 0.001673
  step:  41 bond rmsd: 0.001663
  step:  42 bond rmsd: 0.001655
  step:  43 bond rmsd: 0.001649
  step:  44 bond rmsd: 0.001645
  step:  45 bond rmsd: 0.001641
  step:  46 bond rmsd: 0.001639
  step:  47 bond rmsd: 0.001638
  step:  48 bond rmsd: 0.001637
  step:  49 bond rmsd: 0.001635
  step:  50 bond rmsd: 0.001635
  step:  51 bond rmsd: 0.001635
  step:  52 bond rmsd: 0.001637
micro_cycle   5 rmsd(b):  0.0016 rws:  1.000 n_fev: 260
  step:   1 bond rmsd: 0.001637
  step:   2 bond rmsd: 0.067192
  step:   3 bond rmsd: 0.003399
  step:   4 bond rmsd: 0.002890
  step:   5 bond rmsd: 0.002510
  step:   6 bond rmsd: 0.002233
  step:   7 bond rmsd: 0.002034
  step:   8 bond rmsd: 0.001896
  step:   9 bond rmsd: 0.001801
  step:  10 bond rmsd: 0.001738
  step:  11 bond rmsd: 0.001695
  step:  12 bond rmsd: 0.001667
  step:  13 bond rmsd: 0.001648
  step:  14 bond rmsd: 0.001636
  step:  15 bond rmsd: 0.001628
  step:  16 bond rmsd: 0.001623
  step:  17 bond rmsd: 0.001619
  step:  18 bond rmsd: 0.001617
  step:  19 bond rmsd: 0.001616
  step:  20 bond rmsd: 0.001615
  step:  21 bond rmsd: 0.001614
  step:  22 bond rmsd: 0.001614
  step:  23 bond rmsd: 0.001614
  step:  24 bond rmsd: 0.001614
  step:  25 bond rmsd: 0.001615
  step:  26 bond rmsd: 0.001616
  step:  27 bond rmsd: 0.001618
  step:  28 bond rmsd: 0.001615
  step:  29 bond rmsd: 0.001623
  step:  30 bond rmsd: 0.001631
  step:  31 bond rmsd: 0.001657
  step:  32 bond rmsd: 0.001678
  step:  33 bond rmsd: 0.001695
  step:  34 bond rmsd: 0.001715
  step:  35 bond rmsd: 0.001731
  step:  36 bond rmsd: 0.001750
  step:  37 bond rmsd: 0.001773
  step:  38 bond rmsd: 0.001812
  step:  39 bond rmsd: 0.001851
  step:  40 bond rmsd: 0.001905
  step:  41 bond rmsd: 0.001947
  step:  42 bond rmsd: 0.002012
  step:  43 bond rmsd: 0.002128
  step:  44 bond rmsd: 0.002157
  step:  45 bond rmsd: 0.002184
  step:  46 bond rmsd: 0.002199
  step:  47 bond rmsd: 0.002221
  step:  48 bond rmsd: 0.002219
  step:  49 bond rmsd: 0.002197
  step:  50 bond rmsd: 0.002192
  step:  51 bond rmsd: 0.002156
  step:  52 bond rmsd: 0.002142
micro_cycle   6 rmsd(b):  0.0021 rws:  1.000 n_fev: 312
  step:   1 bond rmsd: 0.002142
  step:   2 bond rmsd: 0.038042
  step:   3 bond rmsd: 0.031073
  step:   4 bond rmsd: 0.024822
  step:   5 bond rmsd: 0.019719
  step:   6 bond rmsd: 0.015701
  step:   7 bond rmsd: 0.012543
  step:   8 bond rmsd: 0.010054
  step:   9 bond rmsd: 0.008092
  step:  10 bond rmsd: 0.006550
  step:  11 bond rmsd: 0.005344
  step:  12 bond rmsd: 0.004411
  step:  13 bond rmsd: 0.003699
  step:  14 bond rmsd: 0.003166
  step:  15 bond rmsd: 0.002777
  step:  16 bond rmsd: 0.002500
  step:  17 bond rmsd: 0.002308
  step:  18 bond rmsd: 0.002178
  step:  19 bond rmsd: 0.002092
  step:  20 bond rmsd: 0.002036
  step:  21 bond rmsd: 0.002001
  step:  22 bond rmsd: 0.001977
  step:  23 bond rmsd: 0.001963
  step:  24 bond rmsd: 0.001953
  step:  25 bond rmsd: 0.001946
  step:  26 bond rmsd: 0.001942
  step:  27 bond rmsd: 0.001938
  step:  28 bond rmsd: 0.001935
  step:  29 bond rmsd: 0.001932
  step:  30 bond rmsd: 0.001927
  step:  31 bond rmsd: 0.001922
  step:  32 bond rmsd: 0.001913
  step:  33 bond rmsd: 0.001900
  step:  34 bond rmsd: 0.001876
  step:  35 bond rmsd: 0.001815
  step:  36 bond rmsd: 0.001756
  step:  37 bond rmsd: 0.001733
  step:  38 bond rmsd: 0.001716
  step:  39 bond rmsd: 0.001701
  step:  40 bond rmsd: 0.001688
  step:  41 bond rmsd: 0.001679
  step:  42 bond rmsd: 0.001670
  step:  43 bond rmsd: 0.001664
  step:  44 bond rmsd: 0.001656
  step:  45 bond rmsd: 0.001653
  step:  46 bond rmsd: 0.001646
  step:  47 bond rmsd: 0.001642
  step:  48 bond rmsd: 0.001635
  step:  49 bond rmsd: 0.001630
  step:  50 bond rmsd: 0.001625
  step:  51 bond rmsd: 0.001621
  step:  52 bond rmsd: 0.001614
micro_cycle   7 rmsd(b):  0.0016 rws:  1.000 n_fev: 364
  step:   1 bond rmsd: 0.001614
  step:   2 bond rmsd: 0.055524
  step:   3 bond rmsd: 0.001939
  step:   4 bond rmsd: 0.001839
  step:   5 bond rmsd: 0.001770
  step:   6 bond rmsd: 0.001722
  step:   7 bond rmsd: 0.001689
  step:   8 bond rmsd: 0.001666
  step:   9 bond rmsd: 0.001651
  step:  10 bond rmsd: 0.001640
  step:  11 bond rmsd: 0.001632
  step:  12 bond rmsd: 0.001626
  step:  13 bond rmsd: 0.001621
  step:  14 bond rmsd: 0.001618
  step:  15 bond rmsd: 0.001615
  step:  16 bond rmsd: 0.001613
  step:  17 bond rmsd: 0.001611
  step:  18 bond rmsd: 0.001610
  step:  19 bond rmsd: 0.001608
  step:  20 bond rmsd: 0.001606
  step:  21 bond rmsd: 0.001604
  step:  22 bond rmsd: 0.001602
  step:  23 bond rmsd: 0.001599
  step:  24 bond rmsd: 0.001594
  step:  25 bond rmsd: 0.001588
  step:  26 bond rmsd: 0.001580
  step:  27 bond rmsd: 0.001569
  step:  28 bond rmsd: 0.001563
  step:  29 bond rmsd: 0.001559
  step:  30 bond rmsd: 0.001562
  step:  31 bond rmsd: 0.001561
  step:  32 bond rmsd: 0.001562
  step:  33 bond rmsd: 0.001562
  step:  34 bond rmsd: 0.001567
  step:  35 bond rmsd: 0.001568
  step:  36 bond rmsd: 0.001573
  step:  37 bond rmsd: 0.001580
  step:  38 bond rmsd: 0.001584
  step:  39 bond rmsd: 0.001592
  step:  40 bond rmsd: 0.001623
  step:  41 bond rmsd: 0.001628
  step:  42 bond rmsd: 0.001635
  step:  43 bond rmsd: 0.001650
  step:  44 bond rmsd: 0.001668
  step:  45 bond rmsd: 0.001695
  step:  46 bond rmsd: 0.001723
  step:  47 bond rmsd: 0.001755
  step:  48 bond rmsd: 0.001802
  step:  49 bond rmsd: 0.001837
  step:  50 bond rmsd: 0.001884
  step:  51 bond rmsd: 0.001910
  step:  52 bond rmsd: 0.001943
micro_cycle   8 rmsd(b):  0.0019 rws:  1.000 n_fev: 416
  step:   1 bond rmsd: 0.001943
  step:   2 bond rmsd: 0.044411
  step:   3 bond rmsd: 0.035223
  step:   4 bond rmsd: 0.028315
  step:   5 bond rmsd: 0.022785
  step:   6 bond rmsd: 0.018323
  step:   7 bond rmsd: 0.014733
  step:   8 bond rmsd: 0.011851
  step:   9 bond rmsd: 0.009543
  step:  10 bond rmsd: 0.007701
  step:  11 bond rmsd: 0.006240
  step:  12 bond rmsd: 0.005088
  step:  13 bond rmsd: 0.004191
  step:  14 bond rmsd: 0.003501
  step:  15 bond rmsd: 0.002981
  step:  16 bond rmsd: 0.002598
  step:  17 bond rmsd: 0.002325
  step:  18 bond rmsd: 0.002136
  step:  19 bond rmsd: 0.002008
  step:  20 bond rmsd: 0.001925
  step:  21 bond rmsd: 0.001872
  step:  22 bond rmsd: 0.001839
  step:  23 bond rmsd: 0.001818
  step:  24 bond rmsd: 0.001806
  step:  25 bond rmsd: 0.001798
  step:  26 bond rmsd: 0.001794
  step:  27 bond rmsd: 0.001791
  step:  28 bond rmsd: 0.001789
  step:  29 bond rmsd: 0.001788
  step:  30 bond rmsd: 0.001787
  step:  31 bond rmsd: 0.001785
  step:  32 bond rmsd: 0.001782
  step:  33 bond rmsd: 0.001776
  step:  34 bond rmsd: 0.001765
  step:  35 bond rmsd: 0.001745
  step:  36 bond rmsd: 0.001705
  step:  37 bond rmsd: 0.001651
  step:  38 bond rmsd: 0.001626
  step:  39 bond rmsd: 0.001605
  step:  40 bond rmsd: 0.001585
  step:  41 bond rmsd: 0.001579
  step:  42 bond rmsd: 0.001566
  step:  43 bond rmsd: 0.001562
  step:  44 bond rmsd: 0.001565
  step:  45 bond rmsd: 0.001557
  step:  46 bond rmsd: 0.001557
  step:  47 bond rmsd: 0.001559
  step:  48 bond rmsd: 0.001560
  step:  49 bond rmsd: 0.001559
  step:  50 bond rmsd: 0.001565
  step:  51 bond rmsd: 0.001567
  step:  52 bond rmsd: 0.001566
micro_cycle   9 rmsd(b):  0.0016 rws:  1.000 n_fev: 468
  step:   1 bond rmsd: 0.001566
  step:   2 bond rmsd: 0.065519
  step:   3 bond rmsd: 0.001659
  step:   4 bond rmsd: 0.001629
  step:   5 bond rmsd: 0.001609
  step:   6 bond rmsd: 0.001596
  step:   7 bond rmsd: 0.001587
  step:   8 bond rmsd: 0.001581
  step:   9 bond rmsd: 0.001577
  step:  10 bond rmsd: 0.001574
  step:  11 bond rmsd: 0.001572
  step:  12 bond rmsd: 0.001570
  step:  13 bond rmsd: 0.001569
  step:  14 bond rmsd: 0.001569
  step:  15 bond rmsd: 0.001568
  step:  16 bond rmsd: 0.001567
  step:  17 bond rmsd: 0.001567
  step:  18 bond rmsd: 0.001566
  step:  19 bond rmsd: 0.001566
  step:  20 bond rmsd: 0.001565
  step:  21 bond rmsd: 0.001565
  step:  22 bond rmsd: 0.001564
  step:  23 bond rmsd: 0.001563
  step:  24 bond rmsd: 0.001563
  step:  25 bond rmsd: 0.001563
  step:  26 bond rmsd: 0.001564
  step:  27 bond rmsd: 0.001564
  step:  28 bond rmsd: 0.001580
  step:  29 bond rmsd: 0.001580
  step:  30 bond rmsd: 0.001578
  step:  31 bond rmsd: 0.001577
  step:  32 bond rmsd: 0.001576
  step:  33 bond rmsd: 0.001575
  step:  34 bond rmsd: 0.001575
  step:  35 bond rmsd: 0.001574
  step:  36 bond rmsd: 0.001572
  step:  37 bond rmsd: 0.001573
  step:  38 bond rmsd: 0.001571
  step:  39 bond rmsd: 0.001576
  step:  40 bond rmsd: 0.001576
  step:  41 bond rmsd: 0.001578
  step:  42 bond rmsd: 0.001579
  step:  43 bond rmsd: 0.001579
  step:  44 bond rmsd: 0.001580
  step:  45 bond rmsd: 0.001592
  step:  46 bond rmsd: 0.001591
  step:  47 bond rmsd: 0.001593
  step:  48 bond rmsd: 0.001585
  step:  49 bond rmsd: 0.001587
  step:  50 bond rmsd: 0.001595
  step:  51 bond rmsd: 0.001600
  step:  52 bond rmsd: 0.001608
  step:  53 bond rmsd: 0.001620
micro_cycle  10 rmsd(b):  0.0016 rws:  1.000 n_fev: 521
  step:   1 bond rmsd: 0.001620
  step:   2 bond rmsd: 0.046603
  step:   3 bond rmsd: 0.004503
  step:   4 bond rmsd: 0.003762
  step:   5 bond rmsd: 0.003190
  step:   6 bond rmsd: 0.002756
  step:   7 bond rmsd: 0.002431
  step:   8 bond rmsd: 0.002192
  step:   9 bond rmsd: 0.002019
  step:  10 bond rmsd: 0.001896
  step:  11 bond rmsd: 0.001809
  step:  12 bond rmsd: 0.001747
  step:  13 bond rmsd: 0.001704
  step:  14 bond rmsd: 0.001673
  step:  15 bond rmsd: 0.001651
  step:  16 bond rmsd: 0.001635
  step:  17 bond rmsd: 0.001624
  step:  18 bond rmsd: 0.001615
  step:  19 bond rmsd: 0.001608
  step:  20 bond rmsd: 0.001603
  step:  21 bond rmsd: 0.001599
  step:  22 bond rmsd: 0.001596
  step:  23 bond rmsd: 0.001593
  step:  24 bond rmsd: 0.001591
  step:  25 bond rmsd: 0.001588
  step:  26 bond rmsd: 0.001585
  step:  27 bond rmsd: 0.001583
  step:  28 bond rmsd: 0.001581
  step:  29 bond rmsd: 0.001579
  step:  30 bond rmsd: 0.001574
  step:  31 bond rmsd: 0.001574
  step:  32 bond rmsd: 0.001568
  step:  33 bond rmsd: 0.001573
  step:  34 bond rmsd: 0.001576
  step:  35 bond rmsd: 0.001573
  step:  36 bond rmsd: 0.001576
  step:  37 bond rmsd: 0.001578
  step:  38 bond rmsd: 0.001581
  step:  39 bond rmsd: 0.001582
  step:  40 bond rmsd: 0.001582
  step:  41 bond rmsd: 0.001583
  step:  42 bond rmsd: 0.001581
  step:  43 bond rmsd: 0.001581
  step:  44 bond rmsd: 0.001577
  step:  45 bond rmsd: 0.001577
  step:  46 bond rmsd: 0.001567
  step:  47 bond rmsd: 0.001567
  step:  48 bond rmsd: 0.001567
  step:  49 bond rmsd: 0.001567
  step:  50 bond rmsd: 0.001567
  step:  51 bond rmsd: 0.001567
  step:  52 bond rmsd: 0.001571
micro_cycle  11 rmsd(b):  0.0016 rws:  1.000 n_fev: 573
  step:   1 bond rmsd: 0.001571
  step:   2 bond rmsd: 0.056205
  step:   3 bond rmsd: 0.001621
  step:   4 bond rmsd: 0.001593
  step:   5 bond rmsd: 0.001576
  step:   6 bond rmsd: 0.001567
  step:   7 bond rmsd: 0.001561
  step:   8 bond rmsd: 0.001559
  step:   9 bond rmsd: 0.001558
  step:  10 bond rmsd: 0.001558
  step:  11 bond rmsd: 0.001558
  step:  12 bond rmsd: 0.001559
  step:  13 bond rmsd: 0.001560
  step:  14 bond rmsd: 0.001561
  step:  15 bond rmsd: 0.001561
  step:  16 bond rmsd: 0.001562
  step:  17 bond rmsd: 0.001563
  step:  18 bond rmsd: 0.001564
  step:  19 bond rmsd: 0.001565
  step:  20 bond rmsd: 0.001566
  step:  21 bond rmsd: 0.001566
  step:  22 bond rmsd: 0.001566
  step:  23 bond rmsd: 0.001565
  step:  24 bond rmsd: 0.001558
  step:  25 bond rmsd: 0.001557
  step:  26 bond rmsd: 0.001558
  step:  27 bond rmsd: 0.001557
  step:  28 bond rmsd: 0.001555
  step:  29 bond rmsd: 0.001571
  step:  30 bond rmsd: 0.001569
  step:  31 bond rmsd: 0.001565
  step:  32 bond rmsd: 0.001562
  step:  33 bond rmsd: 0.001560
  step:  34 bond rmsd: 0.001557
  step:  35 bond rmsd: 0.001553
  step:  36 bond rmsd: 0.001553
  step:  37 bond rmsd: 0.001555
  step:  38 bond rmsd: 0.001555
  step:  39 bond rmsd: 0.001552
  step:  40 bond rmsd: 0.001556
  step:  41 bond rmsd: 0.001559
  step:  42 bond rmsd: 0.001561
  step:  43 bond rmsd: 0.001567
  step:  44 bond rmsd: 0.001573
  step:  45 bond rmsd: 0.001572
  step:  46 bond rmsd: 0.001580
  step:  47 bond rmsd: 0.001599
  step:  48 bond rmsd: 0.001610
  step:  49 bond rmsd: 0.001620
  step:  50 bond rmsd: 0.001634
  step:  51 bond rmsd: 0.001654
  step:  52 bond rmsd: 0.001660
micro_cycle  12 rmsd(b):  0.0017 rws:  1.000 n_fev: 625
  step:   1 bond rmsd: 0.001660
  step:   2 bond rmsd: 0.059114
  step:   3 bond rmsd: 0.007136
  step:   4 bond rmsd: 0.005777
  step:   5 bond rmsd: 0.004709
  step:   6 bond rmsd: 0.003875
  step:   7 bond rmsd: 0.003233
  step:   8 bond rmsd: 0.002747
  step:   9 bond rmsd: 0.002387
  step:  10 bond rmsd: 0.002127
  step:  11 bond rmsd: 0.001945
  step:  12 bond rmsd: 0.001820
  step:  13 bond rmsd: 0.001738
  step:  14 bond rmsd: 0.001683
  step:  15 bond rmsd: 0.001649
  step:  16 bond rmsd: 0.001626
  step:  17 bond rmsd: 0.001612
  step:  18 bond rmsd: 0.001604
  step:  19 bond rmsd: 0.001598
  step:  20 bond rmsd: 0.001594
  step:  21 bond rmsd: 0.001592
  step:  22 bond rmsd: 0.001590
  step:  23 bond rmsd: 0.001589
  step:  24 bond rmsd: 0.001587
  step:  25 bond rmsd: 0.001586
  step:  26 bond rmsd: 0.001583
  step:  27 bond rmsd: 0.001580
  step:  28 bond rmsd: 0.001575
  step:  29 bond rmsd: 0.001567
  step:  30 bond rmsd: 0.001554
  step:  31 bond rmsd: 0.001545
  step:  32 bond rmsd: 0.001540
  step:  33 bond rmsd: 0.001535
  step:  34 bond rmsd: 0.001536
  step:  35 bond rmsd: 0.001536
  step:  36 bond rmsd: 0.001540
  step:  37 bond rmsd: 0.001539
  step:  38 bond rmsd: 0.001541
  step:  39 bond rmsd: 0.001542
  step:  40 bond rmsd: 0.001543
  step:  41 bond rmsd: 0.001548
  step:  42 bond rmsd: 0.001552
  step:  43 bond rmsd: 0.001559
  step:  44 bond rmsd: 0.001562
  step:  45 bond rmsd: 0.001573
  step:  46 bond rmsd: 0.001576
  step:  47 bond rmsd: 0.001576
  step:  48 bond rmsd: 0.001586
  step:  49 bond rmsd: 0.001585
  step:  50 bond rmsd: 0.001587
  step:  51 bond rmsd: 0.001586
  step:  52 bond rmsd: 0.001588
micro_cycle  13 rmsd(b):  0.0016 rws:  1.000 n_fev: 677
  step:   1 bond rmsd: 0.001588
  step:   2 bond rmsd: 0.060017
  step:   3 bond rmsd: 0.001632
  step:   4 bond rmsd: 0.001609
  step:   5 bond rmsd: 0.001594
  step:   6 bond rmsd: 0.001585
  step:   7 bond rmsd: 0.001578
  step:   8 bond rmsd: 0.001574
  step:   9 bond rmsd: 0.001571
  step:  10 bond rmsd: 0.001569
  step:  11 bond rmsd: 0.001568
  step:  12 bond rmsd: 0.001568
  step:  13 bond rmsd: 0.001568
  step:  14 bond rmsd: 0.001569
  step:  15 bond rmsd: 0.001569
  step:  16 bond rmsd: 0.001570
  step:  17 bond rmsd: 0.001570
  step:  18 bond rmsd: 0.001571
  step:  19 bond rmsd: 0.001572
  step:  20 bond rmsd: 0.001571
  step:  21 bond rmsd: 0.001568
  step:  22 bond rmsd: 0.001555
  step:  23 bond rmsd: 0.001551
  step:  24 bond rmsd: 0.001548
  step:  25 bond rmsd: 0.001542
  step:  26 bond rmsd: 0.001543
  step:  27 bond rmsd: 0.001538
  step:  28 bond rmsd: 0.001538
  step:  29 bond rmsd: 0.001537
  step:  30 bond rmsd: 0.001536
  step:  31 bond rmsd: 0.001535
  step:  32 bond rmsd: 0.001535
  step:  33 bond rmsd: 0.001534
  step:  34 bond rmsd: 0.001531
  step:  35 bond rmsd: 0.001530
  step:  36 bond rmsd: 0.001532
  step:  37 bond rmsd: 0.001530
  step:  38 bond rmsd: 0.001526
  step:  39 bond rmsd: 0.001525
  step:  40 bond rmsd: 0.001523
  step:  41 bond rmsd: 0.001523
  step:  42 bond rmsd: 0.001520
  step:  43 bond rmsd: 0.001523
  step:  44 bond rmsd: 0.001522
  step:  45 bond rmsd: 0.001521
  step:  46 bond rmsd: 0.001532
  step:  47 bond rmsd: 0.001534
  step:  48 bond rmsd: 0.001537
  step:  49 bond rmsd: 0.001539
  step:  50 bond rmsd: 0.001553
  step:  51 bond rmsd: 0.001558
  step:  52 bond rmsd: 0.001565
micro_cycle  14 rmsd(b):  0.0016 rws:  1.000 n_fev: 729
  step:   1 bond rmsd: 0.001565
  step:   2 bond rmsd: 0.048829
  step:   3 bond rmsd: 0.003711
  step:   4 bond rmsd: 0.003084
  step:   5 bond rmsd: 0.002612
  step:   6 bond rmsd: 0.002263
  step:   7 bond rmsd: 0.002014
  step:   8 bond rmsd: 0.001841
  step:   9 bond rmsd: 0.001726
  step:  10 bond rmsd: 0.001651
  step:  11 bond rmsd: 0.001603
  step:  12 bond rmsd: 0.001574
  step:  13 bond rmsd: 0.001557
  step:  14 bond rmsd: 0.001548
  step:  15 bond rmsd: 0.001542
  step:  16 bond rmsd: 0.001540
  step:  17 bond rmsd: 0.001539
  step:  18 bond rmsd: 0.001539
  step:  19 bond rmsd: 0.001539
  step:  20 bond rmsd: 0.001540
  step:  21 bond rmsd: 0.001541
  step:  22 bond rmsd: 0.001542
  step:  23 bond rmsd: 0.001542
  step:  24 bond rmsd: 0.001543
  step:  25 bond rmsd: 0.001543
  step:  26 bond rmsd: 0.001544
  step:  27 bond rmsd: 0.001543
  step:  28 bond rmsd: 0.001541
  step:  29 bond rmsd: 0.001537
  step:  30 bond rmsd: 0.001523
  step:  31 bond rmsd: 0.001522
  step:  32 bond rmsd: 0.001521
  step:  33 bond rmsd: 0.001522
  step:  34 bond rmsd: 0.001519
  step:  35 bond rmsd: 0.001522
  step:  36 bond rmsd: 0.001523
  step:  37 bond rmsd: 0.001524
  step:  38 bond rmsd: 0.001525
  step:  39 bond rmsd: 0.001526
  step:  40 bond rmsd: 0.001527
  step:  41 bond rmsd: 0.001529
  step:  42 bond rmsd: 0.001531
  step:  43 bond rmsd: 0.001533
  step:  44 bond rmsd: 0.001540
  step:  45 bond rmsd: 0.001542
  step:  46 bond rmsd: 0.001545
  step:  47 bond rmsd: 0.001546
  step:  48 bond rmsd: 0.001552
  step:  49 bond rmsd: 0.001553
  step:  50 bond rmsd: 0.001554
  step:  51 bond rmsd: 0.001556
  step:  52 bond rmsd: 0.001558
micro_cycle  15 rmsd(b):  0.0016 rws:  1.000 n_fev: 781
  step:   1 bond rmsd: 0.001558
  step:   2 bond rmsd: 0.055889
  step:   3 bond rmsd: 0.001552
  step:   4 bond rmsd: 0.001550
  step:   5 bond rmsd: 0.001550
  step:   6 bond rmsd: 0.001550
  step:   7 bond rmsd: 0.001550
  step:   8 bond rmsd: 0.001550
  step:   9 bond rmsd: 0.001551
  step:  10 bond rmsd: 0.001552
  step:  11 bond rmsd: 0.001552
  step:  12 bond rmsd: 0.001553
  step:  13 bond rmsd: 0.001554
  step:  14 bond rmsd: 0.001555
  step:  15 bond rmsd: 0.001556
  step:  16 bond rmsd: 0.001557
  step:  17 bond rmsd: 0.001558
  step:  18 bond rmsd: 0.001559
  step:  19 bond rmsd: 0.001560
  step:  20 bond rmsd: 0.001561
  step:  21 bond rmsd: 0.001558
  step:  22 bond rmsd: 0.001556
  step:  23 bond rmsd: 0.001556
  step:  24 bond rmsd: 0.001552
  step:  25 bond rmsd: 0.001551
  step:  26 bond rmsd: 0.001550
  step:  27 bond rmsd: 0.001551
  step:  28 bond rmsd: 0.001549
  step:  29 bond rmsd: 0.001549
  step:  30 bond rmsd: 0.001548
  step:  31 bond rmsd: 0.001546
  step:  32 bond rmsd: 0.001545
  step:  33 bond rmsd: 0.001543
  step:  34 bond rmsd: 0.001537
  step:  35 bond rmsd: 0.001534
  step:  36 bond rmsd: 0.001531
  step:  37 bond rmsd: 0.001522
  step:  38 bond rmsd: 0.001517
  step:  39 bond rmsd: 0.001513
  step:  40 bond rmsd: 0.001507
  step:  41 bond rmsd: 0.001502
  step:  42 bond rmsd: 0.001501
  step:  43 bond rmsd: 0.001498
  step:  44 bond rmsd: 0.001492
  step:  45 bond rmsd: 0.001487
  step:  46 bond rmsd: 0.001487
  step:  47 bond rmsd: 0.001485
  step:  48 bond rmsd: 0.001483
  step:  49 bond rmsd: 0.001494
  step:  50 bond rmsd: 0.001497
  step:  51 bond rmsd: 0.001507
  step:  52 bond rmsd: 0.001514
micro_cycle  16 rmsd(b):  0.0015 rws:  1.000 n_fev: 833
  step:   1 bond rmsd: 0.001514
  step:   2 bond rmsd: 0.054870
  step:   3 bond rmsd: 0.002349
  step:   4 bond rmsd: 0.002083
  step:   5 bond rmsd: 0.001893
  step:   6 bond rmsd: 0.001762
  step:   7 bond rmsd: 0.001672
  step:   8 bond rmsd: 0.001613
  step:   9 bond rmsd: 0.001573
  step:  10 bond rmsd: 0.001547
  step:  11 bond rmsd: 0.001531
  step:  12 bond rmsd: 0.001520
  step:  13 bond rmsd: 0.001513
  step:  14 bond rmsd: 0.001509
  step:  15 bond rmsd: 0.001506
  step:  16 bond rmsd: 0.001504
  step:  17 bond rmsd: 0.001503
  step:  18 bond rmsd: 0.001502
  step:  19 bond rmsd: 0.001502
  step:  20 bond rmsd: 0.001502
  step:  21 bond rmsd: 0.001502
  step:  22 bond rmsd: 0.001502
  step:  23 bond rmsd: 0.001502
  step:  24 bond rmsd: 0.001502
  step:  25 bond rmsd: 0.001503
  step:  26 bond rmsd: 0.001504
  step:  27 bond rmsd: 0.001509
  step:  28 bond rmsd: 0.001512
  step:  29 bond rmsd: 0.001514
  step:  30 bond rmsd: 0.001524
  step:  31 bond rmsd: 0.001525
  step:  32 bond rmsd: 0.001528
  step:  33 bond rmsd: 0.001533
  step:  34 bond rmsd: 0.001535
  step:  35 bond rmsd: 0.001539
  step:  36 bond rmsd: 0.001540
  step:  37 bond rmsd: 0.001546
  step:  38 bond rmsd: 0.001549
  step:  39 bond rmsd: 0.001551
  step:  40 bond rmsd: 0.001554
  step:  41 bond rmsd: 0.001560
  step:  42 bond rmsd: 0.001563
  step:  43 bond rmsd: 0.001557
  step:  44 bond rmsd: 0.001559
  step:  45 bond rmsd: 0.001568
  step:  46 bond rmsd: 0.001567
  step:  47 bond rmsd: 0.001565
  step:  48 bond rmsd: 0.001566
  step:  49 bond rmsd: 0.001562
  step:  50 bond rmsd: 0.001560
  step:  51 bond rmsd: 0.001558
  step:  52 bond rmsd: 0.001556
micro_cycle  17 rmsd(b):  0.0016 rws:  1.000 n_fev: 885
  step:   1 bond rmsd: 0.001556
  step:   2 bond rmsd: 0.026458
  step:   3 bond rmsd: 0.001606
  step:   4 bond rmsd: 0.001589
  step:   5 bond rmsd: 0.001577
  step:   6 bond rmsd: 0.001568
  step:   7 bond rmsd: 0.001562
  step:   8 bond rmsd: 0.001557
  step:   9 bond rmsd: 0.001554
  step:  10 bond rmsd: 0.001551
  step:  11 bond rmsd: 0.001549
  step:  12 bond rmsd: 0.001548
  step:  13 bond rmsd: 0.001547
  step:  14 bond rmsd: 0.001547
  step:  15 bond rmsd: 0.001546
  step:  16 bond rmsd: 0.001546
  step:  17 bond rmsd: 0.001546
  step:  18 bond rmsd: 0.001545
  step:  19 bond rmsd: 0.001544
  step:  20 bond rmsd: 0.001542
  step:  21 bond rmsd: 0.001539
  step:  22 bond rmsd: 0.001559
  step:  23 bond rmsd: 0.001559
  step:  24 bond rmsd: 0.001554
  step:  25 bond rmsd: 0.001549
  step:  26 bond rmsd: 0.001546
  step:  27 bond rmsd: 0.001543
  step:  28 bond rmsd: 0.001540
  step:  29 bond rmsd: 0.001538
  step:  30 bond rmsd: 0.001536
  step:  31 bond rmsd: 0.001534
  step:  32 bond rmsd: 0.001532
  step:  33 bond rmsd: 0.001530
  step:  34 bond rmsd: 0.001529
  step:  35 bond rmsd: 0.001525
  step:  36 bond rmsd: 0.001524
  step:  37 bond rmsd: 0.001523
  step:  38 bond rmsd: 0.001513
  step:  39 bond rmsd: 0.001512
  step:  40 bond rmsd: 0.001511
  step:  41 bond rmsd: 0.001509
  step:  42 bond rmsd: 0.001507
  step:  43 bond rmsd: 0.001510
  step:  44 bond rmsd: 0.001508
  step:  45 bond rmsd: 0.001510
  step:  46 bond rmsd: 0.001508
  step:  47 bond rmsd: 0.001510
  step:  48 bond rmsd: 0.001513
  step:  49 bond rmsd: 0.001515
  step:  50 bond rmsd: 0.001523
  step:  51 bond rmsd: 0.001527
  step:  52 bond rmsd: 0.001530
  step:  53 bond rmsd: 0.001543
micro_cycle  18 rmsd(b):  0.0015 rws:  1.000 n_fev: 938
  step:   1 bond rmsd: 0.001543
  step:   2 bond rmsd: 0.057217
  step:   3 bond rmsd: 0.004022
  step:   4 bond rmsd: 0.003350
  step:   5 bond rmsd: 0.002837
  step:   6 bond rmsd: 0.002452
  step:   7 bond rmsd: 0.002169
  step:   8 bond rmsd: 0.001966
  step:   9 bond rmsd: 0.001823
  step:  10 bond rmsd: 0.001725
  step:  11 bond rmsd: 0.001659
  step:  12 bond rmsd: 0.001615
  step:  13 bond rmsd: 0.001585
  step:  14 bond rmsd: 0.001566
  step:  15 bond rmsd: 0.001553
  step:  16 bond rmsd: 0.001545
  step:  17 bond rmsd: 0.001539
  step:  18 bond rmsd: 0.001535
  step:  19 bond rmsd: 0.001532
  step:  20 bond rmsd: 0.001531
  step:  21 bond rmsd: 0.001529
  step:  22 bond rmsd: 0.001528
  step:  23 bond rmsd: 0.001527
  step:  24 bond rmsd: 0.001527
  step:  25 bond rmsd: 0.001526
  step:  26 bond rmsd: 0.001526
  step:  27 bond rmsd: 0.001525
  step:  28 bond rmsd: 0.001524
  step:  29 bond rmsd: 0.001522
  step:  30 bond rmsd: 0.001514
  step:  31 bond rmsd: 0.001514
  step:  32 bond rmsd: 0.001513
  step:  33 bond rmsd: 0.001557
  step:  34 bond rmsd: 0.001557
  step:  35 bond rmsd: 0.001550
  step:  36 bond rmsd: 0.001545
  step:  37 bond rmsd: 0.001541
  step:  38 bond rmsd: 0.001538
  step:  39 bond rmsd: 0.001536
  step:  40 bond rmsd: 0.001534
  step:  41 bond rmsd: 0.001533
  step:  42 bond rmsd: 0.001532
  step:  43 bond rmsd: 0.001532
  step:  44 bond rmsd: 0.001532
  step:  45 bond rmsd: 0.001532
  step:  46 bond rmsd: 0.001534
  step:  47 bond rmsd: 0.001533
  step:  48 bond rmsd: 0.001535
  step:  49 bond rmsd: 0.001544
  step:  50 bond rmsd: 0.001544
  step:  51 bond rmsd: 0.001546
  step:  52 bond rmsd: 0.001547
  step:  53 bond rmsd: 0.001547
micro_cycle  19 rmsd(b):  0.0015 rws:  1.000 n_fev: 991
  step:   1 bond rmsd: 0.001547
  step:   2 bond rmsd: 0.050318
  step:   3 bond rmsd: 0.001642
  step:   4 bond rmsd: 0.001611
  step:   5 bond rmsd: 0.001590
  step:   6 bond rmsd: 0.001576
  step:   7 bond rmsd: 0.001567
  step:   8 bond rmsd: 0.001561
  step:   9 bond rmsd: 0.001556
  step:  10 bond rmsd: 0.001553
  step:  11 bond rmsd: 0.001551
  step:  12 bond rmsd: 0.001550
  step:  13 bond rmsd: 0.001549
  step:  14 bond rmsd: 0.001548
  step:  15 bond rmsd: 0.001547
  step:  16 bond rmsd: 0.001547
  step:  17 bond rmsd: 0.001546
  step:  18 bond rmsd: 0.001546
  step:  19 bond rmsd: 0.001545
  step:  20 bond rmsd: 0.001545
  step:  21 bond rmsd: 0.001544
  step:  22 bond rmsd: 0.001543
  step:  23 bond rmsd: 0.001542
  step:  24 bond rmsd: 0.001540
  step:  25 bond rmsd: 0.001538
  step:  26 bond rmsd: 0.001535
  step:  27 bond rmsd: 0.001541
  step:  28 bond rmsd: 0.001539
  step:  29 bond rmsd: 0.001537
  step:  30 bond rmsd: 0.001535
  step:  31 bond rmsd: 0.001534
  step:  32 bond rmsd: 0.001532
  step:  33 bond rmsd: 0.001529
  step:  34 bond rmsd: 0.001528
  step:  35 bond rmsd: 0.001526
  step:  36 bond rmsd: 0.001525
  step:  37 bond rmsd: 0.001523
  step:  38 bond rmsd: 0.001525
  step:  39 bond rmsd: 0.001523
  step:  40 bond rmsd: 0.001522
  step:  41 bond rmsd: 0.001519
  step:  42 bond rmsd: 0.001521
  step:  43 bond rmsd: 0.001517
  step:  44 bond rmsd: 0.001515
  step:  45 bond rmsd: 0.001513
  step:  46 bond rmsd: 0.001511
  step:  47 bond rmsd: 0.001498
  step:  48 bond rmsd: 0.001495
  step:  49 bond rmsd: 0.001495
  step:  50 bond rmsd: 0.001491
  step:  51 bond rmsd: 0.001482
  step:  52 bond rmsd: 0.001481
micro_cycle  20 rmsd(b):  0.0015 rws:  1.000 n_fev: 1043
  step:   1 bond rmsd: 0.001481
  step:   2 bond rmsd: 0.064846
  step:   3 bond rmsd: 0.001914
  step:   4 bond rmsd: 0.001776
  step:   5 bond rmsd: 0.001681
  step:   6 bond rmsd: 0.001616
  step:   7 bond rmsd: 0.001571
  step:   8 bond rmsd: 0.001541
  step:   9 bond rmsd: 0.001521
  step:  10 bond rmsd: 0.001508
  step:  11 bond rmsd: 0.001499
  step:  12 bond rmsd: 0.001492
  step:  13 bond rmsd: 0.001488
  step:  14 bond rmsd: 0.001485
  step:  15 bond rmsd: 0.001483
  step:  16 bond rmsd: 0.001482
  step:  17 bond rmsd: 0.001481
  step:  18 bond rmsd: 0.001481
  step:  19 bond rmsd: 0.001480
  step:  20 bond rmsd: 0.001480
  step:  21 bond rmsd: 0.001481
  step:  22 bond rmsd: 0.001482
  step:  23 bond rmsd: 0.001484
  step:  24 bond rmsd: 0.001488
  step:  25 bond rmsd: 0.001493
  step:  26 bond rmsd: 0.001495
  step:  27 bond rmsd: 0.001502
  step:  28 bond rmsd: 0.001514
  step:  29 bond rmsd: 0.001515
  step:  30 bond rmsd: 0.001520
  step:  31 bond rmsd: 0.001531
  step:  32 bond rmsd: 0.001533
  step:  33 bond rmsd: 0.001538
  step:  34 bond rmsd: 0.001541
  step:  35 bond rmsd: 0.001541
  step:  36 bond rmsd: 0.001543
  step:  37 bond rmsd: 0.001545
  step:  38 bond rmsd: 0.001544
  step:  39 bond rmsd: 0.001546
  step:  40 bond rmsd: 0.001548
  step:  41 bond rmsd: 0.001549
  step:  42 bond rmsd: 0.001550
  step:  43 bond rmsd: 0.001552
  step:  44 bond rmsd: 0.001553
  step:  45 bond rmsd: 0.001553
  step:  46 bond rmsd: 0.001553
  step:  47 bond rmsd: 0.001555
  step:  48 bond rmsd: 0.001553
  step:  49 bond rmsd: 0.001555
  step:  50 bond rmsd: 0.001554
  step:  51 bond rmsd: 0.001554
  step:  52 bond rmsd: 0.001553
micro_cycle  21 rmsd(b):  0.0016 rws:  1.000 n_fev: 1095
  step:   1 bond rmsd: 0.001553
  step:   2 bond rmsd: 0.058747
  step:   3 bond rmsd: 0.001575
  step:   4 bond rmsd: 0.001558
  step:   5 bond rmsd: 0.001549
  step:   6 bond rmsd: 0.001544
  step:   7 bond rmsd: 0.001541
  step:   8 bond rmsd: 0.001541
  step:   9 bond rmsd: 0.001541
  step:  10 bond rmsd: 0.001542
  step:  11 bond rmsd: 0.001543
  step:  12 bond rmsd: 0.001543
  step:  13 bond rmsd: 0.001544
  step:  14 bond rmsd: 0.001545
  step:  15 bond rmsd: 0.001546
  step:  16 bond rmsd: 0.001547
  step:  17 bond rmsd: 0.001548
  step:  18 bond rmsd: 0.001549
  step:  19 bond rmsd: 0.001550
  step:  20 bond rmsd: 0.001551
  step:  21 bond rmsd: 0.001552
  step:  22 bond rmsd: 0.001553
  step:  23 bond rmsd: 0.001553
  step:  24 bond rmsd: 0.001552
  step:  25 bond rmsd: 0.001538
  step:  26 bond rmsd: 0.001537
  step:  27 bond rmsd: 0.001537
  step:  28 bond rmsd: 0.001534
  step:  29 bond rmsd: 0.001533
  step:  30 bond rmsd: 0.001531
  step:  31 bond rmsd: 0.001532
  step:  32 bond rmsd: 0.001531
  step:  33 bond rmsd: 0.001531
  step:  34 bond rmsd: 0.001530
  step:  35 bond rmsd: 0.001528
  step:  36 bond rmsd: 0.001526
  step:  37 bond rmsd: 0.001528
  step:  38 bond rmsd: 0.001526
  step:  39 bond rmsd: 0.001519
  step:  40 bond rmsd: 0.001516
  step:  41 bond rmsd: 0.001516
  step:  42 bond rmsd: 0.001512
  step:  43 bond rmsd: 0.001503
  step:  44 bond rmsd: 0.001499
  step:  45 bond rmsd: 0.001494
  step:  46 bond rmsd: 0.001491
  step:  47 bond rmsd: 0.001483
  step:  48 bond rmsd: 0.001483
  step:  49 bond rmsd: 0.001485
  step:  50 bond rmsd: 0.001486
  step:  51 bond rmsd: 0.001491
  step:  52 bond rmsd: 0.001493
micro_cycle  22 rmsd(b):  0.0015 rws:  1.000 n_fev: 1147
  step:   1 bond rmsd: 0.001493
  step:   2 bond rmsd: 0.066587
  step:   3 bond rmsd: 0.005454
  step:   4 bond rmsd: 0.004457
  step:   5 bond rmsd: 0.003680
  step:   6 bond rmsd: 0.003080
  step:   7 bond rmsd: 0.002623
  step:   8 bond rmsd: 0.002283
  step:   9 bond rmsd: 0.002035
  step:  10 bond rmsd: 0.001858
  step:  11 bond rmsd: 0.001735
  step:  12 bond rmsd: 0.001652
  step:  13 bond rmsd: 0.001596
  step:  14 bond rmsd: 0.001559
  step:  15 bond rmsd: 0.001534
  step:  16 bond rmsd: 0.001518
  step:  17 bond rmsd: 0.001508
  step:  18 bond rmsd: 0.001501
  step:  19 bond rmsd: 0.001497
  step:  20 bond rmsd: 0.001494
  step:  21 bond rmsd: 0.001492
  step:  22 bond rmsd: 0.001491
  step:  23 bond rmsd: 0.001490
  step:  24 bond rmsd: 0.001489
  step:  25 bond rmsd: 0.001489
  step:  26 bond rmsd: 0.001488
  step:  27 bond rmsd: 0.001488
  step:  28 bond rmsd: 0.001488
  step:  29 bond rmsd: 0.001488
  step:  30 bond rmsd: 0.001488
  step:  31 bond rmsd: 0.001489
  step:  32 bond rmsd: 0.001493
  step:  33 bond rmsd: 0.001498
  step:  34 bond rmsd: 0.001503
  step:  35 bond rmsd: 0.001513
  step:  36 bond rmsd: 0.001521
  step:  37 bond rmsd: 0.001525
  step:  38 bond rmsd: 0.001533
  step:  39 bond rmsd: 0.001538
  step:  40 bond rmsd: 0.001543
  step:  41 bond rmsd: 0.001548
  step:  42 bond rmsd: 0.001552
  step:  43 bond rmsd: 0.001556
  step:  44 bond rmsd: 0.001560
  step:  45 bond rmsd: 0.001562
  step:  46 bond rmsd: 0.001564
  step:  47 bond rmsd: 0.001564
  step:  48 bond rmsd: 0.001564
  step:  49 bond rmsd: 0.001563
  step:  50 bond rmsd: 0.001560
  step:  51 bond rmsd: 0.001559
  step:  52 bond rmsd: 0.001555
micro_cycle  23 rmsd(b):  0.0016 rws:  1.000 n_fev: 1199
  step:   1 bond rmsd: 0.001555
  step:   2 bond rmsd: 0.050355
  step:   3 bond rmsd: 0.001602
  step:   4 bond rmsd: 0.001576
  step:   5 bond rmsd: 0.001560
  step:   6 bond rmsd: 0.001552
  step:   7 bond rmsd: 0.001547
  step:   8 bond rmsd: 0.001545
  step:   9 bond rmsd: 0.001544
  step:  10 bond rmsd: 0.001544
  step:  11 bond rmsd: 0.001545
  step:  12 bond rmsd: 0.001545
  step:  13 bond rmsd: 0.001546
  step:  14 bond rmsd: 0.001547
  step:  15 bond rmsd: 0.001547
  step:  16 bond rmsd: 0.001548
  step:  17 bond rmsd: 0.001548
  step:  18 bond rmsd: 0.001548
  step:  19 bond rmsd: 0.001549
  step:  20 bond rmsd: 0.001549
  step:  21 bond rmsd: 0.001549
  step:  22 bond rmsd: 0.001549
  step:  23 bond rmsd: 0.001549
  step:  24 bond rmsd: 0.001547
  step:  25 bond rmsd: 0.001545
  step:  26 bond rmsd: 0.001537
  step:  27 bond rmsd: 0.001534
  step:  28 bond rmsd: 0.001530
  step:  29 bond rmsd: 0.001520
  step:  30 bond rmsd: 0.001520
  step:  31 bond rmsd: 0.001518
  step:  32 bond rmsd: 0.001515
  step:  33 bond rmsd: 0.001513
  step:  34 bond rmsd: 0.001511
  step:  35 bond rmsd: 0.001509
  step:  36 bond rmsd: 0.001509
  step:  37 bond rmsd: 0.001507
  step:  38 bond rmsd: 0.001506
  step:  39 bond rmsd: 0.001504
  step:  40 bond rmsd: 0.001503
  step:  41 bond rmsd: 0.001498
  step:  42 bond rmsd: 0.001497
  step:  43 bond rmsd: 0.001499
  step:  44 bond rmsd: 0.001497
  step:  45 bond rmsd: 0.001497
  step:  46 bond rmsd: 0.001493
  step:  47 bond rmsd: 0.001495
  step:  48 bond rmsd: 0.001495
  step:  49 bond rmsd: 0.001496
  step:  50 bond rmsd: 0.001511
  step:  51 bond rmsd: 0.001518
  step:  52 bond rmsd: 0.001526
  step:  53 bond rmsd: 0.001544
micro_cycle  24 rmsd(b):  0.0015 rws:  1.000 n_fev: 1252
  step:   1 bond rmsd: 0.001544
  step:   2 bond rmsd: 0.072872
  step:   3 bond rmsd: 0.002627
  step:   4 bond rmsd: 0.002293
  step:   5 bond rmsd: 0.002050
  step:   6 bond rmsd: 0.001878
  step:   7 bond rmsd: 0.001759
  step:   8 bond rmsd: 0.001679
  step:   9 bond rmsd: 0.001625
  step:  10 bond rmsd: 0.001589
  step:  11 bond rmsd: 0.001565
  step:  12 bond rmsd: 0.001550
  step:  13 bond rmsd: 0.001540
  step:  14 bond rmsd: 0.001533
  step:  15 bond rmsd: 0.001529
  step:  16 bond rmsd: 0.001526
  step:  17 bond rmsd: 0.001524
  step:  18 bond rmsd: 0.001523
  step:  19 bond rmsd: 0.001522
  step:  20 bond rmsd: 0.001521
  step:  21 bond rmsd: 0.001520
  step:  22 bond rmsd: 0.001520
  step:  23 bond rmsd: 0.001520
  step:  24 bond rmsd: 0.001519
  step:  25 bond rmsd: 0.001518
  step:  26 bond rmsd: 0.001517
  step:  27 bond rmsd: 0.001513
  step:  28 bond rmsd: 0.001511
  step:  29 bond rmsd: 0.001510
  step:  30 bond rmsd: 0.001511
  step:  31 bond rmsd: 0.001516
  step:  32 bond rmsd: 0.001519
  step:  33 bond rmsd: 0.001521
  step:  34 bond rmsd: 0.001529
  step:  35 bond rmsd: 0.001531
  step:  36 bond rmsd: 0.001534
  step:  37 bond rmsd: 0.001536
  step:  38 bond rmsd: 0.001538
  step:  39 bond rmsd: 0.001538
  step:  40 bond rmsd: 0.001540
  step:  41 bond rmsd: 0.001542
  step:  42 bond rmsd: 0.001543
  step:  43 bond rmsd: 0.001542
  step:  44 bond rmsd: 0.001543
  step:  45 bond rmsd: 0.001542
  step:  46 bond rmsd: 0.001542
  step:  47 bond rmsd: 0.001540
  step:  48 bond rmsd: 0.001540
  step:  49 bond rmsd: 0.001540
  step:  50 bond rmsd: 0.001540
  step:  51 bond rmsd: 0.001540
  step:  52 bond rmsd: 0.001541
micro_cycle  25 rmsd(b):  0.0015 rws:  1.000 n_fev: 1304
  step:   1 bond rmsd: 0.001541
  step:   2 bond rmsd: 0.057868
  step:   3 bond rmsd: 0.001560
  step:   4 bond rmsd: 0.001555
  step:   5 bond rmsd: 0.001551
  step:   6 bond rmsd: 0.001549
  step:   7 bond rmsd: 0.001546
  step:   8 bond rmsd: 0.001545
  step:   9 bond rmsd: 0.001544
  step:  10 bond rmsd: 0.001542
  step:  11 bond rmsd: 0.001542
  step:  12 bond rmsd: 0.001541
  step:  13 bond rmsd: 0.001540
  step:  14 bond rmsd: 0.001540
  step:  15 bond rmsd: 0.001539
  step:  16 bond rmsd: 0.001539
  step:  17 bond rmsd: 0.001539
  step:  18 bond rmsd: 0.001538
  step:  19 bond rmsd: 0.001538
  step:  20 bond rmsd: 0.001537
  step:  21 bond rmsd: 0.001536
  step:  22 bond rmsd: 0.001535
  step:  23 bond rmsd: 0.001546
  step:  24 bond rmsd: 0.001542
  step:  25 bond rmsd: 0.001538
  step:  26 bond rmsd: 0.001534
  step:  27 bond rmsd: 0.001530
  step:  28 bond rmsd: 0.001527
  step:  29 bond rmsd: 0.001524
  step:  30 bond rmsd: 0.001522
  step:  31 bond rmsd: 0.001519
  step:  32 bond rmsd: 0.001515
  step:  33 bond rmsd: 0.001513
  step:  34 bond rmsd: 0.001511
  step:  35 bond rmsd: 0.001507
  step:  36 bond rmsd: 0.001505
  step:  37 bond rmsd: 0.001502
  step:  38 bond rmsd: 0.001501
  step:  39 bond rmsd: 0.001497
  step:  40 bond rmsd: 0.001499
  step:  41 bond rmsd: 0.001499
  step:  42 bond rmsd: 0.001505
  step:  43 bond rmsd: 0.001507
  step:  44 bond rmsd: 0.001517
  step:  45 bond rmsd: 0.001525
  step:  46 bond rmsd: 0.001533
  step:  47 bond rmsd: 0.001542
  step:  48 bond rmsd: 0.001576
  step:  49 bond rmsd: 0.001592
  step:  50 bond rmsd: 0.001625
  step:  51 bond rmsd: 0.001645
  step:  52 bond rmsd: 0.001670
micro_cycle  26 rmsd(b):  0.0017 rws:  1.000 n_fev: 1356
  step:   1 bond rmsd: 0.001670
  step:   2 bond rmsd: 0.074289
  step:   3 bond rmsd: 0.009095
  step:   4 bond rmsd: 0.007301
  step:   5 bond rmsd: 0.005882
  step:   6 bond rmsd: 0.004765
  step:   7 bond rmsd: 0.003894
  step:   8 bond rmsd: 0.003224
  step:   9 bond rmsd: 0.002718
  step:  10 bond rmsd: 0.002345
  step:  11 bond rmsd: 0.002077
  step:  12 bond rmsd: 0.001892
  step:  13 bond rmsd: 0.001768
  step:  14 bond rmsd: 0.001688
  step:  15 bond rmsd: 0.001638
  step:  16 bond rmsd: 0.001607
  step:  17 bond rmsd: 0.001588
  step:  18 bond rmsd: 0.001578
  step:  19 bond rmsd: 0.001572
  step:  20 bond rmsd: 0.001570
  step:  21 bond rmsd: 0.001568
  step:  22 bond rmsd: 0.001568
  step:  23 bond rmsd: 0.001568
  step:  24 bond rmsd: 0.001569
  step:  25 bond rmsd: 0.001569
  step:  26 bond rmsd: 0.001569
  step:  27 bond rmsd: 0.001568
  step:  28 bond rmsd: 0.001567
  step:  29 bond rmsd: 0.001564
  step:  30 bond rmsd: 0.001558
  step:  31 bond rmsd: 0.001544
  step:  32 bond rmsd: 0.001537
  step:  33 bond rmsd: 0.001532
  step:  34 bond rmsd: 0.001525
  step:  35 bond rmsd: 0.001529
  step:  36 bond rmsd: 0.001527
  step:  37 bond rmsd: 0.001527
  step:  38 bond rmsd: 0.001521
  step:  39 bond rmsd: 0.001522
  step:  40 bond rmsd: 0.001524
  step:  41 bond rmsd: 0.001522
  step:  42 bond rmsd: 0.001525
  step:  43 bond rmsd: 0.001530
  step:  44 bond rmsd: 0.001532
  step:  45 bond rmsd: 0.001535
  step:  46 bond rmsd: 0.001547
  step:  47 bond rmsd: 0.001548
  step:  48 bond rmsd: 0.001548
  step:  49 bond rmsd: 0.001547
  step:  50 bond rmsd: 0.001548
  step:  51 bond rmsd: 0.001545
  step:  52 bond rmsd: 0.001545
micro_cycle  27 rmsd(b):  0.0015 rws:  1.000 n_fev: 1408
  step:   1 bond rmsd: 0.001545
  step:   2 bond rmsd: 0.042961
  step:   3 bond rmsd: 0.001539
  step:   4 bond rmsd: 0.001538
  step:   5 bond rmsd: 0.001537
  step:   6 bond rmsd: 0.001538
  step:   7 bond rmsd: 0.001538
  step:   8 bond rmsd: 0.001538
  step:   9 bond rmsd: 0.001539
  step:  10 bond rmsd: 0.001539
  step:  11 bond rmsd: 0.001540
  step:  12 bond rmsd: 0.001540
  step:  13 bond rmsd: 0.001541
  step:  14 bond rmsd: 0.001541
  step:  15 bond rmsd: 0.001542
  step:  16 bond rmsd: 0.001542
  step:  17 bond rmsd: 0.001542
  step:  18 bond rmsd: 0.001542
  step:  19 bond rmsd: 0.001541
  step:  20 bond rmsd: 0.001537
  step:  21 bond rmsd: 0.001536
  step:  22 bond rmsd: 0.001536
  step:  23 bond rmsd: 0.001525
  step:  24 bond rmsd: 0.001525
  step:  25 bond rmsd: 0.001525
  step:  26 bond rmsd: 0.001527
  step:  27 bond rmsd: 0.001529
  step:  28 bond rmsd: 0.001530
  step:  29 bond rmsd: 0.001532
  step:  30 bond rmsd: 0.001534
  step:  31 bond rmsd: 0.001536
  step:  32 bond rmsd: 0.001538
  step:  33 bond rmsd: 0.001539
  step:  34 bond rmsd: 0.001541
  step:  35 bond rmsd: 0.001541
  step:  36 bond rmsd: 0.001545
  step:  37 bond rmsd: 0.001546
  step:  38 bond rmsd: 0.001546
  step:  39 bond rmsd: 0.001549
  step:  40 bond rmsd: 0.001549
  step:  41 bond rmsd: 0.001548
  step:  42 bond rmsd: 0.001552
  step:  43 bond rmsd: 0.001548
  step:  44 bond rmsd: 0.001550
  step:  45 bond rmsd: 0.001548
  step:  46 bond rmsd: 0.001551
  step:  47 bond rmsd: 0.001551
  step:  48 bond rmsd: 0.001556
  step:  49 bond rmsd: 0.001568
  step:  50 bond rmsd: 0.001579
  step:  51 bond rmsd: 0.001585
  step:  52 bond rmsd: 0.001612
  step:  53 bond rmsd: 0.001638
micro_cycle  28 rmsd(b):  0.0016 rws:  1.000 n_fev: 1461
  step:   1 bond rmsd: 0.001638
  step:   2 bond rmsd: 0.067953
  step:   3 bond rmsd: 0.006624
  step:   4 bond rmsd: 0.005355
  step:   5 bond rmsd: 0.004360
  step:   6 bond rmsd: 0.003588
  step:   7 bond rmsd: 0.002997
  step:   8 bond rmsd: 0.002555
  step:   9 bond rmsd: 0.002232
  step:  10 bond rmsd: 0.002003
  step:  11 bond rmsd: 0.001847
  step:  12 bond rmsd: 0.001743
  step:  13 bond rmsd: 0.001676
  step:  14 bond rmsd: 0.001635
  step:  15 bond rmsd: 0.001610
  step:  16 bond rmsd: 0.001595
  step:  17 bond rmsd: 0.001587
  step:  18 bond rmsd: 0.001583
  step:  19 bond rmsd: 0.001581
  step:  20 bond rmsd: 0.001580
  step:  21 bond rmsd: 0.001580
  step:  22 bond rmsd: 0.001581
  step:  23 bond rmsd: 0.001582
  step:  24 bond rmsd: 0.001582
  step:  25 bond rmsd: 0.001583
  step:  26 bond rmsd: 0.001583
  step:  27 bond rmsd: 0.001583
  step:  28 bond rmsd: 0.001581
  step:  29 bond rmsd: 0.001577
  step:  30 bond rmsd: 0.001566
  step:  31 bond rmsd: 0.001533
  step:  32 bond rmsd: 0.001526
  step:  33 bond rmsd: 0.001519
  step:  34 bond rmsd: 0.001517
  step:  35 bond rmsd: 0.001516
  step:  36 bond rmsd: 0.001509
  step:  37 bond rmsd: 0.001512
  step:  38 bond rmsd: 0.001515
  step:  39 bond rmsd: 0.001517
  step:  40 bond rmsd: 0.001519
  step:  41 bond rmsd: 0.001524
  step:  42 bond rmsd: 0.001527
  step:  43 bond rmsd: 0.001529
  step:  44 bond rmsd: 0.001540
  step:  45 bond rmsd: 0.001541
  step:  46 bond rmsd: 0.001542
  step:  47 bond rmsd: 0.001543
  step:  48 bond rmsd: 0.001545
  step:  49 bond rmsd: 0.001544
  step:  50 bond rmsd: 0.001546
  step:  51 bond rmsd: 0.001549
  step:  52 bond rmsd: 0.001548
micro_cycle  29 rmsd(b):  0.0015 rws:  1.000 n_fev: 1513
  step:   1 bond rmsd: 0.001548
  step:   2 bond rmsd: 0.041485
  step:   3 bond rmsd: 0.001638
  step:   4 bond rmsd: 0.001616
  step:   5 bond rmsd: 0.001600
  step:   6 bond rmsd: 0.001588
  step:   7 bond rmsd: 0.001579
  step:   8 bond rmsd: 0.001572
  step:   9 bond rmsd: 0.001567
  step:  10 bond rmsd: 0.001563
  step:  11 bond rmsd: 0.001560
  step:  12 bond rmsd: 0.001557
  step:  13 bond rmsd: 0.001555
  step:  14 bond rmsd: 0.001553
  step:  15 bond rmsd: 0.001552
  step:  16 bond rmsd: 0.001550
  step:  17 bond rmsd: 0.001549
  step:  18 bond rmsd: 0.001547
  step:  19 bond rmsd: 0.001545
  step:  20 bond rmsd: 0.001543
  step:  21 bond rmsd: 0.001541
  step:  22 bond rmsd: 0.001538
  step:  23 bond rmsd: 0.001533
  step:  24 bond rmsd: 0.001529
  step:  25 bond rmsd: 0.001525
  step:  26 bond rmsd: 0.001524
  step:  27 bond rmsd: 0.001523
  step:  28 bond rmsd: 0.001528
  step:  29 bond rmsd: 0.001528
  step:  30 bond rmsd: 0.001527
  step:  31 bond rmsd: 0.001526
  step:  32 bond rmsd: 0.001527
  step:  33 bond rmsd: 0.001527
  step:  34 bond rmsd: 0.001526
  step:  35 bond rmsd: 0.001528
  step:  36 bond rmsd: 0.001523
  step:  37 bond rmsd: 0.001524
  step:  38 bond rmsd: 0.001523
  step:  39 bond rmsd: 0.001524
  step:  40 bond rmsd: 0.001524
  step:  41 bond rmsd: 0.001522
  step:  42 bond rmsd: 0.001519
  step:  43 bond rmsd: 0.001517
  step:  44 bond rmsd: 0.001513
  step:  45 bond rmsd: 0.001513
  step:  46 bond rmsd: 0.001511
  step:  47 bond rmsd: 0.001509
  step:  48 bond rmsd: 0.001512
  step:  49 bond rmsd: 0.001518
  step:  50 bond rmsd: 0.001521
  step:  51 bond rmsd: 0.001531
  step:  52 bond rmsd: 0.001547
micro_cycle  30 rmsd(b):  0.0015 rws:  1.000 n_fev: 1565
  step:   1 bond rmsd: 0.001547
  step:   2 bond rmsd: 0.056465
  step:   3 bond rmsd: 0.004552
  step:   4 bond rmsd: 0.003784
  step:   5 bond rmsd: 0.003190
  step:   6 bond rmsd: 0.002738
  step:   7 bond rmsd: 0.002400
  step:   8 bond rmsd: 0.002151
  step:   9 bond rmsd: 0.001971
  step:  10 bond rmsd: 0.001843
  step:  11 bond rmsd: 0.001753
  step:  12 bond rmsd: 0.001690
  step:  13 bond rmsd: 0.001646
  step:  14 bond rmsd: 0.001615
  step:  15 bond rmsd: 0.001593
  step:  16 bond rmsd: 0.001578
  step:  17 bond rmsd: 0.001567
  step:  18 bond rmsd: 0.001558
  step:  19 bond rmsd: 0.001552
  step:  20 bond rmsd: 0.001547
  step:  21 bond rmsd: 0.001543
  step:  22 bond rmsd: 0.001540
  step:  23 bond rmsd: 0.001537
  step:  24 bond rmsd: 0.001534
  step:  25 bond rmsd: 0.001531
  step:  26 bond rmsd: 0.001528
  step:  27 bond rmsd: 0.001525
  step:  28 bond rmsd: 0.001521
  step:  29 bond rmsd: 0.001518
  step:  30 bond rmsd: 0.001515
  step:  31 bond rmsd: 0.001515
  step:  32 bond rmsd: 0.001515
  step:  33 bond rmsd: 0.001522
  step:  34 bond rmsd: 0.001522
  step:  35 bond rmsd: 0.001523
  step:  36 bond rmsd: 0.001523
  step:  37 bond rmsd: 0.001526
  step:  38 bond rmsd: 0.001526
  step:  39 bond rmsd: 0.001527
  step:  40 bond rmsd: 0.001529
  step:  41 bond rmsd: 0.001529
  step:  42 bond rmsd: 0.001531
  step:  43 bond rmsd: 0.001531
  step:  44 bond rmsd: 0.001533
  step:  45 bond rmsd: 0.001530
  step:  46 bond rmsd: 0.001532
  step:  47 bond rmsd: 0.001534
  step:  48 bond rmsd: 0.001533
  step:  49 bond rmsd: 0.001535
  step:  50 bond rmsd: 0.001535
  step:  51 bond rmsd: 0.001535
  step:  52 bond rmsd: 0.001535
micro_cycle  31 rmsd(b):  0.0015 rws:  1.000 n_fev: 1617
  step:   1 bond rmsd: 0.001535
  step:   2 bond rmsd: 0.050892
  step:   3 bond rmsd: 0.001533
  step:   4 bond rmsd: 0.001533
  step:   5 bond rmsd: 0.001533
  step:   6 bond rmsd: 0.001533
  step:   7 bond rmsd: 0.001533
  step:   8 bond rmsd: 0.001533
  step:   9 bond rmsd: 0.001533
  step:  10 bond rmsd: 0.001533
  step:  11 bond rmsd: 0.001533
  step:  12 bond rmsd: 0.001533
  step:  13 bond rmsd: 0.001533
  step:  14 bond rmsd: 0.001533
  step:  15 bond rmsd: 0.001532
  step:  16 bond rmsd: 0.001532
  step:  17 bond rmsd: 0.001530
  step:  18 bond rmsd: 0.001529
  step:  19 bond rmsd: 0.001526
  step:  20 bond rmsd: 0.001524
  step:  21 bond rmsd: 0.001523
  step:  22 bond rmsd: 0.001521
  step:  23 bond rmsd: 0.001523
  step:  24 bond rmsd: 0.001522
  step:  25 bond rmsd: 0.001522
  step:  26 bond rmsd: 0.001528
  step:  27 bond rmsd: 0.001528
  step:  28 bond rmsd: 0.001528
  step:  29 bond rmsd: 0.001527
  step:  30 bond rmsd: 0.001528
  step:  31 bond rmsd: 0.001528
  step:  32 bond rmsd: 0.001529
  step:  33 bond rmsd: 0.001529
  step:  34 bond rmsd: 0.001531
  step:  35 bond rmsd: 0.001531
  step:  36 bond rmsd: 0.001544
  step:  37 bond rmsd: 0.001546
  step:  38 bond rmsd: 0.001543
  step:  39 bond rmsd: 0.001546
  step:  40 bond rmsd: 0.001546
  step:  41 bond rmsd: 0.001552
  step:  42 bond rmsd: 0.001553
  step:  43 bond rmsd: 0.001553
  step:  44 bond rmsd: 0.001554
  step:  45 bond rmsd: 0.001556
  step:  46 bond rmsd: 0.001550
  step:  47 bond rmsd: 0.001554
  step:  48 bond rmsd: 0.001563
  step:  49 bond rmsd: 0.001567
  step:  50 bond rmsd: 0.001572
  step:  51 bond rmsd: 0.001584
  step:  52 bond rmsd: 0.001591
micro_cycle  32 rmsd(b):  0.0016 rws:  1.000 n_fev: 1669
  step:   1 bond rmsd: 0.001591
  step:   2 bond rmsd: 0.066604
  step:   3 bond rmsd: 0.002399
  step:   4 bond rmsd: 0.002146
  step:   5 bond rmsd: 0.001965
  step:   6 bond rmsd: 0.001840
  step:   7 bond rmsd: 0.001754
  step:   8 bond rmsd: 0.001696
  step:   9 bond rmsd: 0.001657
  step:  10 bond rmsd: 0.001631
  step:  11 bond rmsd: 0.001613
  step:  12 bond rmsd: 0.001601
  step:  13 bond rmsd: 0.001593
  step:  14 bond rmsd: 0.001587
  step:  15 bond rmsd: 0.001583
  step:  16 bond rmsd: 0.001579
  step:  17 bond rmsd: 0.001577
  step:  18 bond rmsd: 0.001575
  step:  19 bond rmsd: 0.001573
  step:  20 bond rmsd: 0.001571
  step:  21 bond rmsd: 0.001569
  step:  22 bond rmsd: 0.001567
  step:  23 bond rmsd: 0.001564
  step:  24 bond rmsd: 0.001559
  step:  25 bond rmsd: 0.001553
  step:  26 bond rmsd: 0.001544
  step:  27 bond rmsd: 0.001531
  step:  28 bond rmsd: 0.001522
  step:  29 bond rmsd: 0.001517
  step:  30 bond rmsd: 0.001513
  step:  31 bond rmsd: 0.001517
  step:  32 bond rmsd: 0.001515
  step:  33 bond rmsd: 0.001515
  step:  34 bond rmsd: 0.001515
  step:  35 bond rmsd: 0.001515
  step:  36 bond rmsd: 0.001516
  step:  37 bond rmsd: 0.001517
  step:  38 bond rmsd: 0.001517
  step:  39 bond rmsd: 0.001519
  step:  40 bond rmsd: 0.001520
  step:  41 bond rmsd: 0.001521
  step:  42 bond rmsd: 0.001521
  step:  43 bond rmsd: 0.001522
  step:  44 bond rmsd: 0.001525
  step:  45 bond rmsd: 0.001525
  step:  46 bond rmsd: 0.001527
  step:  47 bond rmsd: 0.001529
  step:  48 bond rmsd: 0.001530
  step:  49 bond rmsd: 0.001532
  step:  50 bond rmsd: 0.001534
  step:  51 bond rmsd: 0.001536
  step:  52 bond rmsd: 0.001538
micro_cycle  33 rmsd(b):  0.0015 rws:  1.000 n_fev: 1721
  step:   1 bond rmsd: 0.001538
  step:   2 bond rmsd: 0.060772
  step:   3 bond rmsd: 0.001540
  step:   4 bond rmsd: 0.001540
  step:   5 bond rmsd: 0.001539
  step:   6 bond rmsd: 0.001539
  step:   7 bond rmsd: 0.001539
  step:   8 bond rmsd: 0.001538
  step:   9 bond rmsd: 0.001538
  step:  10 bond rmsd: 0.001538
  step:  11 bond rmsd: 0.001538
  step:  12 bond rmsd: 0.001537
  step:  13 bond rmsd: 0.001537
  step:  14 bond rmsd: 0.001537
  step:  15 bond rmsd: 0.001537
  step:  16 bond rmsd: 0.001536
  step:  17 bond rmsd: 0.001535
  step:  18 bond rmsd: 0.001534
  step:  19 bond rmsd: 0.001532
  step:  20 bond rmsd: 0.001529
  step:  21 bond rmsd: 0.001527
  step:  22 bond rmsd: 0.001524
  step:  23 bond rmsd: 0.001522
  step:  24 bond rmsd: 0.001521
  step:  25 bond rmsd: 0.001520
  step:  26 bond rmsd: 0.001517
  step:  27 bond rmsd: 0.001516
  step:  28 bond rmsd: 0.001514
  step:  29 bond rmsd: 0.001513
  step:  30 bond rmsd: 0.001512
  step:  31 bond rmsd: 0.001511
  step:  32 bond rmsd: 0.001511
  step:  33 bond rmsd: 0.001509
  step:  34 bond rmsd: 0.001509
  step:  35 bond rmsd: 0.001508
  step:  36 bond rmsd: 0.001511
  step:  37 bond rmsd: 0.001510
  step:  38 bond rmsd: 0.001509
  step:  39 bond rmsd: 0.001510
  step:  40 bond rmsd: 0.001509
  step:  41 bond rmsd: 0.001511
  step:  42 bond rmsd: 0.001512
  step:  43 bond rmsd: 0.001516
  step:  44 bond rmsd: 0.001521
  step:  45 bond rmsd: 0.001528
  step:  46 bond rmsd: 0.001534
  step:  47 bond rmsd: 0.001541
  step:  48 bond rmsd: 0.001546
  step:  49 bond rmsd: 0.001556
  step:  50 bond rmsd: 0.001561
  step:  51 bond rmsd: 0.001568
  step:  52 bond rmsd: 0.001572
micro_cycle  34 rmsd(b):  0.0016 rws:  1.000 n_fev: 1773
  step:   1 bond rmsd: 0.001572
  step:   2 bond rmsd: 0.087455
  step:   3 bond rmsd: 0.001726
  step:   4 bond rmsd: 0.001666
  step:   5 bond rmsd: 0.001627
  step:   6 bond rmsd: 0.001602
  step:   7 bond rmsd: 0.001586
  step:   8 bond rmsd: 0.001576
  step:   9 bond rmsd: 0.001570
  step:  10 bond rmsd: 0.001566
  step:  11 bond rmsd: 0.001563
  step:  12 bond rmsd: 0.001561
  step:  13 bond rmsd: 0.001560
  step:  14 bond rmsd: 0.001560
  step:  15 bond rmsd: 0.001559
  step:  16 bond rmsd: 0.001559
  step:  17 bond rmsd: 0.001558
  step:  18 bond rmsd: 0.001558
  step:  19 bond rmsd: 0.001557
  step:  20 bond rmsd: 0.001556
  step:  21 bond rmsd: 0.001555
  step:  22 bond rmsd: 0.001552
  step:  23 bond rmsd: 0.001549
  step:  24 bond rmsd: 0.001543
  step:  25 bond rmsd: 0.001539
  step:  26 bond rmsd: 0.001537
  step:  27 bond rmsd: 0.001529
  step:  28 bond rmsd: 0.001528
  step:  29 bond rmsd: 0.001528
  step:  30 bond rmsd: 0.001527
  step:  31 bond rmsd: 0.001527
  step:  32 bond rmsd: 0.001527
  step:  33 bond rmsd: 0.001527
  step:  34 bond rmsd: 0.001527
  step:  35 bond rmsd: 0.001526
  step:  36 bond rmsd: 0.001526
  step:  37 bond rmsd: 0.001526
  step:  38 bond rmsd: 0.001526
  step:  39 bond rmsd: 0.001525
  step:  40 bond rmsd: 0.001525
  step:  41 bond rmsd: 0.001523
  step:  42 bond rmsd: 0.001522
  step:  43 bond rmsd: 0.001521
  step:  44 bond rmsd: 0.001518
  step:  45 bond rmsd: 0.001517
  step:  46 bond rmsd: 0.001514
  step:  47 bond rmsd: 0.001514
  step:  48 bond rmsd: 0.001511
  step:  49 bond rmsd: 0.001510
  step:  50 bond rmsd: 0.001510
  step:  51 bond rmsd: 0.001509
  step:  52 bond rmsd: 0.001510
micro_cycle  35 rmsd(b):  0.0015 rws:  1.000 n_fev: 1825
  step:   1 bond rmsd: 0.001510
  step:   2 bond rmsd: 0.058889
  step:   3 bond rmsd: 0.001523
  step:   4 bond rmsd: 0.001518
  step:   5 bond rmsd: 0.001514
  step:   6 bond rmsd: 0.001512
  step:   7 bond rmsd: 0.001511
  step:   8 bond rmsd: 0.001510
  step:   9 bond rmsd: 0.001510
  step:  10 bond rmsd: 0.001510
  step:  11 bond rmsd: 0.001510
  step:  12 bond rmsd: 0.001510
  step:  13 bond rmsd: 0.001510
  step:  14 bond rmsd: 0.001510
  step:  15 bond rmsd: 0.001510
  step:  16 bond rmsd: 0.001511
  step:  17 bond rmsd: 0.001511
  step:  18 bond rmsd: 0.001511
  step:  19 bond rmsd: 0.001512
  step:  20 bond rmsd: 0.001513
  step:  21 bond rmsd: 0.001515
  step:  22 bond rmsd: 0.001516
  step:  23 bond rmsd: 0.001518
  step:  24 bond rmsd: 0.001521
  step:  25 bond rmsd: 0.001522
  step:  26 bond rmsd: 0.001529
  step:  27 bond rmsd: 0.001530
  step:  28 bond rmsd: 0.001530
  step:  29 bond rmsd: 0.001531
  step:  30 bond rmsd: 0.001531
  step:  31 bond rmsd: 0.001532
  step:  32 bond rmsd: 0.001532
  step:  33 bond rmsd: 0.001533
  step:  34 bond rmsd: 0.001534
  step:  35 bond rmsd: 0.001534
  step:  36 bond rmsd: 0.001536
  step:  37 bond rmsd: 0.001537
  step:  38 bond rmsd: 0.001539
  step:  39 bond rmsd: 0.001541
  step:  40 bond rmsd: 0.001542
  step:  41 bond rmsd: 0.001543
  step:  42 bond rmsd: 0.001545
  step:  43 bond rmsd: 0.001545
  step:  44 bond rmsd: 0.001548
  step:  45 bond rmsd: 0.001547
  step:  46 bond rmsd: 0.001547
  step:  47 bond rmsd: 0.001545
  step:  48 bond rmsd: 0.001543
  step:  49 bond rmsd: 0.001541
  step:  50 bond rmsd: 0.001538
  step:  51 bond rmsd: 0.001537
  step:  52 bond rmsd: 0.001535
micro_cycle  36 rmsd(b):  0.0015 rws:  1.000 n_fev: 1877
  step:   1 bond rmsd: 0.001535
  step:   2 bond rmsd: 0.067144
  step:   3 bond rmsd: 0.001541
  step:   4 bond rmsd: 0.001539
  step:   5 bond rmsd: 0.001538
  step:   6 bond rmsd: 0.001537
  step:   7 bond rmsd: 0.001536
  step:   8 bond rmsd: 0.001535
  step:   9 bond rmsd: 0.001535
  step:  10 bond rmsd: 0.001535
  step:  11 bond rmsd: 0.001534
  step:  12 bond rmsd: 0.001534
  step:  13 bond rmsd: 0.001534
  step:  14 bond rmsd: 0.001534
  step:  15 bond rmsd: 0.001534
  step:  16 bond rmsd: 0.001534
  step:  17 bond rmsd: 0.001534
  step:  18 bond rmsd: 0.001534
  step:  19 bond rmsd: 0.001533
  step:  20 bond rmsd: 0.001534
  step:  21 bond rmsd: 0.001533
  step:  22 bond rmsd: 0.001534
  step:  23 bond rmsd: 0.001534
  step:  24 bond rmsd: 0.001536
  step:  25 bond rmsd: 0.001537
  step:  26 bond rmsd: 0.001537
  step:  27 bond rmsd: 0.001537
  step:  28 bond rmsd: 0.001537
  step:  29 bond rmsd: 0.001537
  step:  30 bond rmsd: 0.001536
  step:  31 bond rmsd: 0.001536
  step:  32 bond rmsd: 0.001535
  step:  33 bond rmsd: 0.001534
  step:  34 bond rmsd: 0.001532
  step:  35 bond rmsd: 0.001531
  step:  36 bond rmsd: 0.001530
  step:  37 bond rmsd: 0.001526
  step:  38 bond rmsd: 0.001524
  step:  39 bond rmsd: 0.001521
  step:  40 bond rmsd: 0.001518
  step:  41 bond rmsd: 0.001515
  step:  42 bond rmsd: 0.001512
  step:  43 bond rmsd: 0.001509
  step:  44 bond rmsd: 0.001506
  step:  45 bond rmsd: 0.001504
  step:  46 bond rmsd: 0.001502
  step:  47 bond rmsd: 0.001501
  step:  48 bond rmsd: 0.001498
  step:  49 bond rmsd: 0.001496
  step:  50 bond rmsd: 0.001492
  step:  51 bond rmsd: 0.001491
  step:  52 bond rmsd: 0.001489
micro_cycle  37 rmsd(b):  0.0015 rws:  1.000 n_fev: 1929
  step:   1 bond rmsd: 0.001489
  step:   2 bond rmsd: 0.064020
  step:   3 bond rmsd: 0.001545
  step:   4 bond rmsd: 0.001529
  step:   5 bond rmsd: 0.001518
  step:   6 bond rmsd: 0.001510
  step:   7 bond rmsd: 0.001505
  step:   8 bond rmsd: 0.001502
  step:   9 bond rmsd: 0.001499
  step:  10 bond rmsd: 0.001498
  step:  11 bond rmsd: 0.001496
  step:  12 bond rmsd: 0.001496
  step:  13 bond rmsd: 0.001495
  step:  14 bond rmsd: 0.001495
  step:  15 bond rmsd: 0.001495
  step:  16 bond rmsd: 0.001495
  step:  17 bond rmsd: 0.001495
  step:  18 bond rmsd: 0.001495
  step:  19 bond rmsd: 0.001496
  step:  20 bond rmsd: 0.001497
  step:  21 bond rmsd: 0.001499
  step:  22 bond rmsd: 0.001502
  step:  23 bond rmsd: 0.001507
  step:  24 bond rmsd: 0.001511
  step:  25 bond rmsd: 0.001515
  step:  26 bond rmsd: 0.001525
  step:  27 bond rmsd: 0.001527
  step:  28 bond rmsd: 0.001529
  step:  29 bond rmsd: 0.001531
  step:  30 bond rmsd: 0.001533
  step:  31 bond rmsd: 0.001534
  step:  32 bond rmsd: 0.001536
  step:  33 bond rmsd: 0.001537
  step:  34 bond rmsd: 0.001538
  step:  35 bond rmsd: 0.001539
  step:  36 bond rmsd: 0.001541
  step:  37 bond rmsd: 0.001543
  step:  38 bond rmsd: 0.001544
  step:  39 bond rmsd: 0.001546
  step:  40 bond rmsd: 0.001547
  step:  41 bond rmsd: 0.001547
  step:  42 bond rmsd: 0.001549
  step:  43 bond rmsd: 0.001548
  step:  44 bond rmsd: 0.001548
  step:  45 bond rmsd: 0.001547
  step:  46 bond rmsd: 0.001544
  step:  47 bond rmsd: 0.001543
  step:  48 bond rmsd: 0.001541
  step:  49 bond rmsd: 0.001538
  step:  50 bond rmsd: 0.001537
  step:  51 bond rmsd: 0.001535
  step:  52 bond rmsd: 0.001534
micro_cycle  38 rmsd(b):  0.0015 rws:  1.000 n_fev: 1981
  step:   1 bond rmsd: 0.001534
  step:   2 bond rmsd: 0.052005
  step:   3 bond rmsd: 0.001532
  step:   4 bond rmsd: 0.001532
  step:   5 bond rmsd: 0.001532
  step:   6 bond rmsd: 0.001532
  step:   7 bond rmsd: 0.001532
  step:   8 bond rmsd: 0.001532
  step:   9 bond rmsd: 0.001533
  step:  10 bond rmsd: 0.001533
  step:  11 bond rmsd: 0.001533
  step:  12 bond rmsd: 0.001533
  step:  13 bond rmsd: 0.001534
  step:  14 bond rmsd: 0.001534
  step:  15 bond rmsd: 0.001534
  step:  16 bond rmsd: 0.001534
  step:  17 bond rmsd: 0.001535
  step:  18 bond rmsd: 0.001535
  step:  19 bond rmsd: 0.001536
  step:  20 bond rmsd: 0.001536
  step:  21 bond rmsd: 0.001534
  step:  22 bond rmsd: 0.001535
  step:  23 bond rmsd: 0.001531
  step:  24 bond rmsd: 0.001530
  step:  25 bond rmsd: 0.001527
  step:  26 bond rmsd: 0.001526
  step:  27 bond rmsd: 0.001526
  step:  28 bond rmsd: 0.001524
  step:  29 bond rmsd: 0.001524
  step:  30 bond rmsd: 0.001522
  step:  31 bond rmsd: 0.001522
  step:  32 bond rmsd: 0.001521
  step:  33 bond rmsd: 0.001520
  step:  34 bond rmsd: 0.001520
  step:  35 bond rmsd: 0.001518
  step:  36 bond rmsd: 0.001517
  step:  37 bond rmsd: 0.001516
  step:  38 bond rmsd: 0.001516
  step:  39 bond rmsd: 0.001515
  step:  40 bond rmsd: 0.001515
  step:  41 bond rmsd: 0.001515
  step:  42 bond rmsd: 0.001516
  step:  43 bond rmsd: 0.001517
  step:  44 bond rmsd: 0.001517
  step:  45 bond rmsd: 0.001527
  step:  46 bond rmsd: 0.001527
  step:  47 bond rmsd: 0.001526
  step:  48 bond rmsd: 0.001526
  step:  49 bond rmsd: 0.001526
  step:  50 bond rmsd: 0.001527
  step:  51 bond rmsd: 0.001527
  step:  52 bond rmsd: 0.001530
micro_cycle  39 rmsd(b):  0.0015 rws:  1.000 n_fev: 2033
  step:   1 bond rmsd: 0.001530
  step:   2 bond rmsd: 0.044709
  step:   3 bond rmsd: 0.001565
  step:   4 bond rmsd: 0.001556
  step:   5 bond rmsd: 0.001549
  step:   6 bond rmsd: 0.001544
  step:   7 bond rmsd: 0.001540
  step:   8 bond rmsd: 0.001537
  step:   9 bond rmsd: 0.001535
  step:  10 bond rmsd: 0.001533
  step:  11 bond rmsd: 0.001531
  step:  12 bond rmsd: 0.001530
  step:  13 bond rmsd: 0.001529
  step:  14 bond rmsd: 0.001528
  step:  15 bond rmsd: 0.001528
  step:  16 bond rmsd: 0.001527
  step:  17 bond rmsd: 0.001527
  step:  18 bond rmsd: 0.001527
  step:  19 bond rmsd: 0.001527
  step:  20 bond rmsd: 0.001530
  step:  21 bond rmsd: 0.001530
  step:  22 bond rmsd: 0.001531
  step:  23 bond rmsd: 0.001531
  step:  24 bond rmsd: 0.001531
  step:  25 bond rmsd: 0.001531
  step:  26 bond rmsd: 0.001531
  step:  27 bond rmsd: 0.001531
  step:  28 bond rmsd: 0.001531
  step:  29 bond rmsd: 0.001528
  step:  30 bond rmsd: 0.001528
  step:  31 bond rmsd: 0.001528
  step:  32 bond rmsd: 0.001527
  step:  33 bond rmsd: 0.001526
  step:  34 bond rmsd: 0.001526
  step:  35 bond rmsd: 0.001525
  step:  36 bond rmsd: 0.001524
  step:  37 bond rmsd: 0.001525
  step:  38 bond rmsd: 0.001524
  step:  39 bond rmsd: 0.001523
  step:  40 bond rmsd: 0.001523
  step:  41 bond rmsd: 0.001523
  step:  42 bond rmsd: 0.001522
  step:  43 bond rmsd: 0.001523
  step:  44 bond rmsd: 0.001523
  step:  45 bond rmsd: 0.001525
  step:  46 bond rmsd: 0.001525
  step:  47 bond rmsd: 0.001526
  step:  48 bond rmsd: 0.001529
  step:  49 bond rmsd: 0.001530
  step:  50 bond rmsd: 0.001533
  step:  51 bond rmsd: 0.001535
  step:  52 bond rmsd: 0.001538
micro_cycle  40 rmsd(b):  0.0015 rws:  1.000 n_fev: 2085
  step:   1 bond rmsd: 0.001538
  step:   2 bond rmsd: 0.016149
  step:   3 bond rmsd: 0.001539
  step:   4 bond rmsd: 0.001538
  step:   5 bond rmsd: 0.001536
  step:   6 bond rmsd: 0.001536
  step:   7 bond rmsd: 0.001535
  step:   8 bond rmsd: 0.001535
  step:   9 bond rmsd: 0.001535
  step:  10 bond rmsd: 0.001535
  step:  11 bond rmsd: 0.001535
  step:  12 bond rmsd: 0.001535
  step:  13 bond rmsd: 0.001535
  step:  14 bond rmsd: 0.001535
  step:  15 bond rmsd: 0.001535
  step:  16 bond rmsd: 0.001535
  step:  17 bond rmsd: 0.001535
  step:  18 bond rmsd: 0.001536
  step:  19 bond rmsd: 0.001536
  step:  20 bond rmsd: 0.001535
  step:  21 bond rmsd: 0.001535
  step:  22 bond rmsd: 0.001535
  step:  23 bond rmsd: 0.001529
  step:  24 bond rmsd: 0.001529
  step:  25 bond rmsd: 0.001529
  step:  26 bond rmsd: 0.001530
  step:  27 bond rmsd: 0.001530
  step:  28 bond rmsd: 0.001529
  step:  29 bond rmsd: 0.001529
  step:  30 bond rmsd: 0.001529
  step:  31 bond rmsd: 0.001529
  step:  32 bond rmsd: 0.001528
  step:  33 bond rmsd: 0.001527
  step:  34 bond rmsd: 0.001525
  step:  35 bond rmsd: 0.001524
  step:  36 bond rmsd: 0.001522
  step:  37 bond rmsd: 0.001519
  step:  38 bond rmsd: 0.001517
  step:  39 bond rmsd: 0.001513
  step:  40 bond rmsd: 0.001510
  step:  41 bond rmsd: 0.001507
  step:  42 bond rmsd: 0.001502
  step:  43 bond rmsd: 0.001499
  step:  44 bond rmsd: 0.001494
  step:  45 bond rmsd: 0.001492
  step:  46 bond rmsd: 0.001490
  step:  47 bond rmsd: 0.001486
  step:  48 bond rmsd: 0.001486
  step:  49 bond rmsd: 0.001486
  step:  50 bond rmsd: 0.001491
  step:  51 bond rmsd: 0.001493
  step:  52 bond rmsd: 0.001501
micro_cycle  41 rmsd(b):  0.0015 rws:  1.000 n_fev: 2137
  step:   1 bond rmsd: 0.001501
  step:   2 bond rmsd: 0.057445
  step:   3 bond rmsd: 0.001651
  step:   4 bond rmsd: 0.001590
  step:   5 bond rmsd: 0.001552
  step:   6 bond rmsd: 0.001528
  step:   7 bond rmsd: 0.001513
  step:   8 bond rmsd: 0.001505
  step:   9 bond rmsd: 0.001500
  step:  10 bond rmsd: 0.001498
  step:  11 bond rmsd: 0.001497
  step:  12 bond rmsd: 0.001497
  step:  13 bond rmsd: 0.001497
  step:  14 bond rmsd: 0.001498
  step:  15 bond rmsd: 0.001498
  step:  16 bond rmsd: 0.001499
  step:  17 bond rmsd: 0.001500
  step:  18 bond rmsd: 0.001500
  step:  19 bond rmsd: 0.001501
  step:  20 bond rmsd: 0.001502
  step:  21 bond rmsd: 0.001503
  step:  22 bond rmsd: 0.001505
  step:  23 bond rmsd: 0.001506
  step:  24 bond rmsd: 0.001509
  step:  25 bond rmsd: 0.001512
  step:  26 bond rmsd: 0.001516
  step:  27 bond rmsd: 0.001518
  step:  28 bond rmsd: 0.001521
  step:  29 bond rmsd: 0.001525
  step:  30 bond rmsd: 0.001532
  step:  31 bond rmsd: 0.001532
  step:  32 bond rmsd: 0.001533
  step:  33 bond rmsd: 0.001535
  step:  34 bond rmsd: 0.001536
  step:  35 bond rmsd: 0.001537
  step:  36 bond rmsd: 0.001538
  step:  37 bond rmsd: 0.001539
  step:  38 bond rmsd: 0.001540
  step:  39 bond rmsd: 0.001541
  step:  40 bond rmsd: 0.001541
  step:  41 bond rmsd: 0.001542
  step:  42 bond rmsd: 0.001543
  step:  43 bond rmsd: 0.001544
  step:  44 bond rmsd: 0.001545
  step:  45 bond rmsd: 0.001541
  step:  46 bond rmsd: 0.001542
  step:  47 bond rmsd: 0.001543
  step:  48 bond rmsd: 0.001543
  step:  49 bond rmsd: 0.001544
  step:  50 bond rmsd: 0.001544
  step:  51 bond rmsd: 0.001543
  step:  52 bond rmsd: 0.001543
  step:  53 bond rmsd: 0.001543
micro_cycle  42 rmsd(b):  0.0015 rws:  1.000 n_fev: 2190
  step:   1 bond rmsd: 0.001543
  step:   2 bond rmsd: 0.010628
  step:   3 bond rmsd: 0.001548
  step:   4 bond rmsd: 0.001546
  step:   5 bond rmsd: 0.001545
  step:   6 bond rmsd: 0.001543
  step:   7 bond rmsd: 0.001542
  step:   8 bond rmsd: 0.001540
  step:   9 bond rmsd: 0.001539
  step:  10 bond rmsd: 0.001538
  step:  11 bond rmsd: 0.001537
  step:  12 bond rmsd: 0.001536
  step:  13 bond rmsd: 0.001536
  step:  14 bond rmsd: 0.001535
  step:  15 bond rmsd: 0.001534
  step:  16 bond rmsd: 0.001534
  step:  17 bond rmsd: 0.001532
  step:  18 bond rmsd: 0.001531
  step:  19 bond rmsd: 0.001528
  step:  20 bond rmsd: 0.001526
  step:  21 bond rmsd: 0.001524
  step:  22 bond rmsd: 0.001524
  step:  23 bond rmsd: 0.001522
  step:  24 bond rmsd: 0.001519
  step:  25 bond rmsd: 0.001518
  step:  26 bond rmsd: 0.001517
  step:  27 bond rmsd: 0.001516
  step:  28 bond rmsd: 0.001515
  step:  29 bond rmsd: 0.001514
  step:  30 bond rmsd: 0.001515
  step:  31 bond rmsd: 0.001514
  step:  32 bond rmsd: 0.001515
  step:  33 bond rmsd: 0.001515
  step:  34 bond rmsd: 0.001516
  step:  35 bond rmsd: 0.001517
  step:  36 bond rmsd: 0.001518
  step:  37 bond rmsd: 0.001519
  step:  38 bond rmsd: 0.001521
  step:  39 bond rmsd: 0.001523
  step:  40 bond rmsd: 0.001526
  step:  41 bond rmsd: 0.001530
  step:  42 bond rmsd: 0.001533
  step:  43 bond rmsd: 0.001538
  step:  44 bond rmsd: 0.001541
  step:  45 bond rmsd: 0.001552
  step:  46 bond rmsd: 0.001555
  step:  47 bond rmsd: 0.001559
  step:  48 bond rmsd: 0.001564
  step:  49 bond rmsd: 0.001572
  step:  50 bond rmsd: 0.001577
  step:  51 bond rmsd: 0.001583
  step:  52 bond rmsd: 0.001594
micro_cycle  43 rmsd(b):  0.0016 rws:  1.000 n_fev: 2242
  step:   1 bond rmsd: 0.001594
  step:   2 bond rmsd: 0.067881
  step:   3 bond rmsd: 0.001861
  step:   4 bond rmsd: 0.001764
  step:   5 bond rmsd: 0.001699
  step:   6 bond rmsd: 0.001657
  step:   7 bond rmsd: 0.001630
  step:   8 bond rmsd: 0.001612
  step:   9 bond rmsd: 0.001601
  step:  10 bond rmsd: 0.001594
  step:  11 bond rmsd: 0.001589
  step:  12 bond rmsd: 0.001586
  step:  13 bond rmsd: 0.001584
  step:  14 bond rmsd: 0.001583
  step:  15 bond rmsd: 0.001581
  step:  16 bond rmsd: 0.001581
  step:  17 bond rmsd: 0.001580
  step:  18 bond rmsd: 0.001579
  step:  19 bond rmsd: 0.001579
  step:  20 bond rmsd: 0.001578
  step:  21 bond rmsd: 0.001577
  step:  22 bond rmsd: 0.001575
  step:  23 bond rmsd: 0.001572
  step:  24 bond rmsd: 0.001568
  step:  25 bond rmsd: 0.001562
  step:  26 bond rmsd: 0.001553
  step:  27 bond rmsd: 0.001549
  step:  28 bond rmsd: 0.001544
  step:  29 bond rmsd: 0.001542
  step:  30 bond rmsd: 0.001538
  step:  31 bond rmsd: 0.001536
  step:  32 bond rmsd: 0.001533
  step:  33 bond rmsd: 0.001532
  step:  34 bond rmsd: 0.001530
  step:  35 bond rmsd: 0.001529
  step:  36 bond rmsd: 0.001528
  step:  37 bond rmsd: 0.001527
  step:  38 bond rmsd: 0.001526
  step:  39 bond rmsd: 0.001525
  step:  40 bond rmsd: 0.001524
  step:  41 bond rmsd: 0.001523
  step:  42 bond rmsd: 0.001521
  step:  43 bond rmsd: 0.001521
  step:  44 bond rmsd: 0.001520
  step:  45 bond rmsd: 0.001519
  step:  46 bond rmsd: 0.001519
  step:  47 bond rmsd: 0.001519
  step:  48 bond rmsd: 0.001520
  step:  49 bond rmsd: 0.001521
  step:  50 bond rmsd: 0.001524
  step:  51 bond rmsd: 0.001524
  step:  52 bond rmsd: 0.001525
micro_cycle  44 rmsd(b):  0.0015 rws:  1.000 n_fev: 2294
  step:   1 bond rmsd: 0.001525
  step:   2 bond rmsd: 0.045115
  step:   3 bond rmsd: 0.001518
  step:   4 bond rmsd: 0.001516
  step:   5 bond rmsd: 0.001516
  step:   6 bond rmsd: 0.001516
  step:   7 bond rmsd: 0.001517
  step:   8 bond rmsd: 0.001518
  step:   9 bond rmsd: 0.001519
  step:  10 bond rmsd: 0.001519
  step:  11 bond rmsd: 0.001520
  step:  12 bond rmsd: 0.001521
  step:  13 bond rmsd: 0.001522
  step:  14 bond rmsd: 0.001522
  step:  15 bond rmsd: 0.001523
  step:  16 bond rmsd: 0.001523
  step:  17 bond rmsd: 0.001524
  step:  18 bond rmsd: 0.001524
  step:  19 bond rmsd: 0.001524
  step:  20 bond rmsd: 0.001525
  step:  21 bond rmsd: 0.001526
  step:  22 bond rmsd: 0.001527
  step:  23 bond rmsd: 0.001528
  step:  24 bond rmsd: 0.001529
  step:  25 bond rmsd: 0.001529
  step:  26 bond rmsd: 0.001530
  step:  27 bond rmsd: 0.001531
  step:  28 bond rmsd: 0.001527
  step:  29 bond rmsd: 0.001527
  step:  30 bond rmsd: 0.001529
  step:  31 bond rmsd: 0.001530
  step:  32 bond rmsd: 0.001531
  step:  33 bond rmsd: 0.001532
  step:  34 bond rmsd: 0.001533
  step:  35 bond rmsd: 0.001534
  step:  36 bond rmsd: 0.001534
  step:  37 bond rmsd: 0.001535
  step:  38 bond rmsd: 0.001536
  step:  39 bond rmsd: 0.001536
  step:  40 bond rmsd: 0.001537
  step:  41 bond rmsd: 0.001537
  step:  42 bond rmsd: 0.001538
  step:  43 bond rmsd: 0.001538
  step:  44 bond rmsd: 0.001539
  step:  45 bond rmsd: 0.001540
  step:  46 bond rmsd: 0.001541
  step:  47 bond rmsd: 0.001542
  step:  48 bond rmsd: 0.001543
  step:  49 bond rmsd: 0.001544
  step:  50 bond rmsd: 0.001545
  step:  51 bond rmsd: 0.001545
  step:  52 bond rmsd: 0.001546
  step:  53 bond rmsd: 0.001546
micro_cycle  45 rmsd(b):  0.0015 rws:  1.000 n_fev: 2347
  step:   1 bond rmsd: 0.001546
  step:   2 bond rmsd: 0.057309
  step:   3 bond rmsd: 0.001539
  step:   4 bond rmsd: 0.001540
  step:   5 bond rmsd: 0.001540
  step:   6 bond rmsd: 0.001541
  step:   7 bond rmsd: 0.001542
  step:   8 bond rmsd: 0.001542
  step:   9 bond rmsd: 0.001542
  step:  10 bond rmsd: 0.001543
  step:  11 bond rmsd: 0.001543
  step:  12 bond rmsd: 0.001543
  step:  13 bond rmsd: 0.001544
  step:  14 bond rmsd: 0.001544
  step:  15 bond rmsd: 0.001544
  step:  16 bond rmsd: 0.001543
  step:  17 bond rmsd: 0.001543
  step:  18 bond rmsd: 0.001541
  step:  19 bond rmsd: 0.001537
  step:  20 bond rmsd: 0.001535
  step:  21 bond rmsd: 0.001534
  step:  22 bond rmsd: 0.001526
  step:  23 bond rmsd: 0.001526
  step:  24 bond rmsd: 0.001526
  step:  25 bond rmsd: 0.001526
  step:  26 bond rmsd: 0.001526
  step:  27 bond rmsd: 0.001526
  step:  28 bond rmsd: 0.001525
  step:  29 bond rmsd: 0.001525
  step:  30 bond rmsd: 0.001525
  step:  31 bond rmsd: 0.001525
  step:  32 bond rmsd: 0.001525
  step:  33 bond rmsd: 0.001525
  step:  34 bond rmsd: 0.001525
  step:  35 bond rmsd: 0.001525
  step:  36 bond rmsd: 0.001524
  step:  37 bond rmsd: 0.001524
  step:  38 bond rmsd: 0.001524
  step:  39 bond rmsd: 0.001524
  step:  40 bond rmsd: 0.001524
  step:  41 bond rmsd: 0.001524
  step:  42 bond rmsd: 0.001525
  step:  43 bond rmsd: 0.001525
  step:  44 bond rmsd: 0.001525
  step:  45 bond rmsd: 0.001526
  step:  46 bond rmsd: 0.001527
  step:  47 bond rmsd: 0.001530
  step:  48 bond rmsd: 0.001532
  step:  49 bond rmsd: 0.001536
  step:  50 bond rmsd: 0.001540
  step:  51 bond rmsd: 0.001546
  step:  52 bond rmsd: 0.001551
  step:  53 bond rmsd: 0.001556
micro_cycle  46 rmsd(b):  0.0016 rws:  1.000 n_fev: 2400
  step:   1 bond rmsd: 0.001556
  step:   2 bond rmsd: 0.059102
  step:   3 bond rmsd: 0.001568
  step:   4 bond rmsd: 0.001563
  step:   5 bond rmsd: 0.001560
  step:   6 bond rmsd: 0.001558
  step:   7 bond rmsd: 0.001557
  step:   8 bond rmsd: 0.001556
  step:   9 bond rmsd: 0.001555
  step:  10 bond rmsd: 0.001555
  step:  11 bond rmsd: 0.001555
  step:  12 bond rmsd: 0.001555
  step:  13 bond rmsd: 0.001555
  step:  14 bond rmsd: 0.001554
  step:  15 bond rmsd: 0.001554
  step:  16 bond rmsd: 0.001554
  step:  17 bond rmsd: 0.001554
  step:  18 bond rmsd: 0.001554
  step:  19 bond rmsd: 0.001554
  step:  20 bond rmsd: 0.001554
  step:  21 bond rmsd: 0.001553
  step:  22 bond rmsd: 0.001552
  step:  23 bond rmsd: 0.001551
  step:  24 bond rmsd: 0.001548
  step:  25 bond rmsd: 0.001547
  step:  26 bond rmsd: 0.001544
  step:  27 bond rmsd: 0.001542
  step:  28 bond rmsd: 0.001538
  step:  29 bond rmsd: 0.001537
  step:  30 bond rmsd: 0.001536
  step:  31 bond rmsd: 0.001535
  step:  32 bond rmsd: 0.001534
  step:  33 bond rmsd: 0.001533
  step:  34 bond rmsd: 0.001532
  step:  35 bond rmsd: 0.001531
  step:  36 bond rmsd: 0.001530
  step:  37 bond rmsd: 0.001530
  step:  38 bond rmsd: 0.001529
  step:  39 bond rmsd: 0.001527
  step:  40 bond rmsd: 0.001527
  step:  41 bond rmsd: 0.001526
  step:  42 bond rmsd: 0.001525
  step:  43 bond rmsd: 0.001524
  step:  44 bond rmsd: 0.001524
  step:  45 bond rmsd: 0.001523
  step:  46 bond rmsd: 0.001521
  step:  47 bond rmsd: 0.001520
  step:  48 bond rmsd: 0.001519
  step:  49 bond rmsd: 0.001518
  step:  50 bond rmsd: 0.001516
  step:  51 bond rmsd: 0.001515
  step:  52 bond rmsd: 0.001515
micro_cycle  47 rmsd(b):  0.0015 rws:  1.000 n_fev: 2452
  step:   1 bond rmsd: 0.001515
  step:   2 bond rmsd: 0.052221
  step:   3 bond rmsd: 0.001582
  step:   4 bond rmsd: 0.001564
  step:   5 bond rmsd: 0.001551
  step:   6 bond rmsd: 0.001542
  step:   7 bond rmsd: 0.001536
  step:   8 bond rmsd: 0.001531
  step:   9 bond rmsd: 0.001528
  step:  10 bond rmsd: 0.001525
  step:  11 bond rmsd: 0.001523
  step:  12 bond rmsd: 0.001522
  step:  13 bond rmsd: 0.001521
  step:  14 bond rmsd: 0.001520
  step:  15 bond rmsd: 0.001519
  step:  16 bond rmsd: 0.001519
  step:  17 bond rmsd: 0.001518
  step:  18 bond rmsd: 0.001518
  step:  19 bond rmsd: 0.001518
  step:  20 bond rmsd: 0.001518
  step:  21 bond rmsd: 0.001517
  step:  22 bond rmsd: 0.001517
  step:  23 bond rmsd: 0.001518
  step:  24 bond rmsd: 0.001518
  step:  25 bond rmsd: 0.001520
  step:  26 bond rmsd: 0.001521
  step:  27 bond rmsd: 0.001523
  step:  28 bond rmsd: 0.001524
  step:  29 bond rmsd: 0.001526
  step:  30 bond rmsd: 0.001528
  step:  31 bond rmsd: 0.001529
  step:  32 bond rmsd: 0.001531
  step:  33 bond rmsd: 0.001532
  step:  34 bond rmsd: 0.001535
  step:  35 bond rmsd: 0.001536
  step:  36 bond rmsd: 0.001537
  step:  37 bond rmsd: 0.001538
  step:  38 bond rmsd: 0.001539
  step:  39 bond rmsd: 0.001539
  step:  40 bond rmsd: 0.001540
  step:  41 bond rmsd: 0.001540
  step:  42 bond rmsd: 0.001540
  step:  43 bond rmsd: 0.001541
  step:  44 bond rmsd: 0.001542
  step:  45 bond rmsd: 0.001542
  step:  46 bond rmsd: 0.001543
  step:  47 bond rmsd: 0.001543
  step:  48 bond rmsd: 0.001543
  step:  49 bond rmsd: 0.001544
  step:  50 bond rmsd: 0.001544
  step:  51 bond rmsd: 0.001545
  step:  52 bond rmsd: 0.001545
micro_cycle  48 rmsd(b):  0.0015 rws:  1.000 n_fev: 2504
  step:   1 bond rmsd: 0.001545
  step:   2 bond rmsd: 0.037145
  step:   3 bond rmsd: 0.001540
  step:   4 bond rmsd: 0.001541
  step:   5 bond rmsd: 0.001541
  step:   6 bond rmsd: 0.001542
  step:   7 bond rmsd: 0.001542
  step:   8 bond rmsd: 0.001543
  step:   9 bond rmsd: 0.001543
  step:  10 bond rmsd: 0.001544
  step:  11 bond rmsd: 0.001544
  step:  12 bond rmsd: 0.001544
  step:  13 bond rmsd: 0.001545
  step:  14 bond rmsd: 0.001545
  step:  15 bond rmsd: 0.001545
  step:  16 bond rmsd: 0.001545
  step:  17 bond rmsd: 0.001545
  step:  18 bond rmsd: 0.001545
  step:  19 bond rmsd: 0.001544
  step:  20 bond rmsd: 0.001542
  step:  21 bond rmsd: 0.001542
  step:  22 bond rmsd: 0.001541
  step:  23 bond rmsd: 0.001540
  step:  24 bond rmsd: 0.001539
  step:  25 bond rmsd: 0.001537
  step:  26 bond rmsd: 0.001537
  step:  27 bond rmsd: 0.001535
  step:  28 bond rmsd: 0.001534
  step:  29 bond rmsd: 0.001532
  step:  30 bond rmsd: 0.001530
  step:  31 bond rmsd: 0.001529
  step:  32 bond rmsd: 0.001527
  step:  33 bond rmsd: 0.001526
  step:  34 bond rmsd: 0.001525
  step:  35 bond rmsd: 0.001523
  step:  36 bond rmsd: 0.001521
  step:  37 bond rmsd: 0.001520
  step:  38 bond rmsd: 0.001518
  step:  39 bond rmsd: 0.001517
  step:  40 bond rmsd: 0.001516
  step:  41 bond rmsd: 0.001515
  step:  42 bond rmsd: 0.001515
  step:  43 bond rmsd: 0.001514
  step:  44 bond rmsd: 0.001515
  step:  45 bond rmsd: 0.001514
  step:  46 bond rmsd: 0.001517
  step:  47 bond rmsd: 0.001517
  step:  48 bond rmsd: 0.001519
  step:  49 bond rmsd: 0.001520
  step:  50 bond rmsd: 0.001522
  step:  51 bond rmsd: 0.001524
  step:  52 bond rmsd: 0.001527
micro_cycle  49 rmsd(b):  0.0015 rws:  1.000 n_fev: 2556
  step:   1 bond rmsd: 0.001527
  step:   2 bond rmsd: 0.046051
  step:   3 bond rmsd: 0.001526
  step:   4 bond rmsd: 0.001526
  step:   5 bond rmsd: 0.001526
  step:   6 bond rmsd: 0.001526
  step:   7 bond rmsd: 0.001526
  step:   8 bond rmsd: 0.001526
  step:   9 bond rmsd: 0.001526
  step:  10 bond rmsd: 0.001526
  step:  11 bond rmsd: 0.001526
  step:  12 bond rmsd: 0.001526
  step:  13 bond rmsd: 0.001527
  step:  14 bond rmsd: 0.001527
  step:  15 bond rmsd: 0.001527
  step:  16 bond rmsd: 0.001527
  step:  17 bond rmsd: 0.001527
  step:  18 bond rmsd: 0.001527
  step:  19 bond rmsd: 0.001528
  step:  20 bond rmsd: 0.001527
  step:  21 bond rmsd: 0.001528
  step:  22 bond rmsd: 0.001528
  step:  23 bond rmsd: 0.001529
  step:  24 bond rmsd: 0.001530
  step:  25 bond rmsd: 0.001530
  step:  26 bond rmsd: 0.001531
  step:  27 bond rmsd: 0.001531
  step:  28 bond rmsd: 0.001532
  step:  29 bond rmsd: 0.001533
  step:  30 bond rmsd: 0.001534
  step:  31 bond rmsd: 0.001534
  step:  32 bond rmsd: 0.001535
  step:  33 bond rmsd: 0.001535
  step:  34 bond rmsd: 0.001536
  step:  35 bond rmsd: 0.001538
  step:  36 bond rmsd: 0.001539
  step:  37 bond rmsd: 0.001540
  step:  38 bond rmsd: 0.001540
  step:  39 bond rmsd: 0.001541
  step:  40 bond rmsd: 0.001542
  step:  41 bond rmsd: 0.001544
  step:  42 bond rmsd: 0.001545
  step:  43 bond rmsd: 0.001547
  step:  44 bond rmsd: 0.001547
  step:  45 bond rmsd: 0.001548
  step:  46 bond rmsd: 0.001549
  step:  47 bond rmsd: 0.001549
  step:  48 bond rmsd: 0.001550
  step:  49 bond rmsd: 0.001551
  step:  50 bond rmsd: 0.001552
  step:  51 bond rmsd: 0.001553
  step:  52 bond rmsd: 0.001555
micro_cycle  50 rmsd(b):  0.0016 rws:  1.000 n_fev: 2608
See 8_refined.pdb in pdb folder.
Time: 39.3034
