Starting Q|R
Running refinement
   input {
     xray_data {
       file_name = None
       labels = None
       high_resolution = None
       low_resolution = None
       outliers_rejection = True
       french_wilson_scale = True
       french_wilson {
         max_bins = 60
         min_bin_size = 40
       }
       sigma_fobs_rejection_criterion = None
       sigma_iobs_rejection_criterion = None
       ignore_all_zeros = True
       force_anomalous_flag_to_be_equal_to = None
       convert_to_non_anomalous_if_ratio_pairs_lone_less_than_threshold = 0.5
       r_free_flags {
         file_name = None
         label = None
         test_flag_value = None
         ignore_r_free_flags = False
         disable_suitability_test = False
         ignore_pdb_hexdigest = False
         generate = False
         fraction = 0.1
         max_free = 2000
         lattice_symmetry_max_delta = 5
         use_lattice_symmetry = True
         use_dataman_shells = False
         n_shells = 20
       }
     }
     pdb {
       file_name = None
     }
     monomers {
       file_name = None
     }
     maps {
       map_file_name = None
       d_min = None
       map_coefficients_file_name = None
       map_coefficients_label = None
     }
     sequence = None
     scattering_table = wk1995 it1992 *n_gaussian neutron electron
     wavelength = None
     energy = None
     twin_law = Auto
   }
   max_atoms = 15000
   debug = False
   cluster {
     charge_cutoff = 8.0
     clustering = false
     charge_embedding = False
     two_buffers = False
     maxnum_residues_in_cluster = 15
     clustering_method = gnc *bcc
     altloc_method = *average subtract
   }
   restraints = *cctbx qm
   quantum {
     engine_name = *mopac ani torchani terachem turbomole pyscf orca gaussian \
                   xtb
     charge = None
     basis = Auto
     method = Auto
     memory = None
     nproc = None
     qm_addon = gcp dftd3 gcp-d3
     qm_addon_method = None
   }
   refine {
     dry_run = False
     sf_algorithm = *direct fft
     refinement_target_name = *ml ls_wunit_k1
     mode = *opt refine
     number_of_macro_cycles = 1
     number_of_weight_search_cycles = 50
     number_of_refine_cycles = 5
     number_of_micro_cycles = 50
     data_weight = None
     choose_best_use_r_work = False
     skip_initial_weight_optimization = False
     adjust_restraints_weight_scale_value = 2
     max_iterations_weight = 50
     max_iterations_refine = 50
     use_ase_lbfgs = False
     line_search = True
     stpmax = 0.2
     gradient_only = true
     update_all_scales = True
     refine_sites = True
     refine_adp = False
     restraints_weight_scale = 1.0
     shake_sites = False
     use_convergence_test = true
     max_bond_rmsd = 0.03
     max_r_work_r_free_gap = 5.0
     r_tolerance = 0.001
     rmsd_tolerance = 0.001
     opt_log = False
     pre_opt = False
     pre_opt_stpmax = 0.1
     pre_opt_iter = 10
     pre_opt_switch = 2
     pre_opt_gconv = 3000
   }
   parallel {
     method = *multiprocessing slurm pbs sge lsf threading
     nproc = None
     qsub_command = None
   }
   output_file_name_prefix = None
   output_folder_name = "pdb"
   shared_disk = True
   rst_file = None
   dump_gradients = None

Setting QM defaults
  Setting QM method to PM7


***********************************************************
restart info will be stored in /home/lum/3nir/cctbx_opt/pdb/9.rst.pickle
***********************************************************

start   0 rmsd(b):  0.0199 rws:  1.000 n_fev: 0
  step:   1 bond rmsd: 0.019887
  step:   2 bond rmsd: 0.084526
  step:   3 bond rmsd: 0.087037
  step:   4 bond rmsd: 0.070821
  step:   5 bond rmsd: 0.057701
  step:   6 bond rmsd: 0.047239
  step:   7 bond rmsd: 0.038875
  step:   8 bond rmsd: 0.032238
  step:   9 bond rmsd: 0.026991
  step:  10 bond rmsd: 0.022875
  step:  11 bond rmsd: 0.019669
  step:  12 bond rmsd: 0.017190
  step:  13 bond rmsd: 0.015286
  step:  14 bond rmsd: 0.013828
  step:  15 bond rmsd: 0.012707
  step:  16 bond rmsd: 0.011836
  step:  17 bond rmsd: 0.011143
  step:  18 bond rmsd: 0.010568
  step:  19 bond rmsd: 0.010064
  step:  20 bond rmsd: 0.009588
  step:  21 bond rmsd: 0.009097
  step:  22 bond rmsd: 0.008544
  step:  23 bond rmsd: 0.007865
  step:  24 bond rmsd: 0.006927
  step:  25 bond rmsd: 0.006776
  step:  26 bond rmsd: 0.006080
  step:  27 bond rmsd: 0.005561
  step:  28 bond rmsd: 0.005167
  step:  29 bond rmsd: 0.004868
  step:  30 bond rmsd: 0.004645
  step:  31 bond rmsd: 0.004476
  step:  32 bond rmsd: 0.004349
  step:  33 bond rmsd: 0.004257
  step:  34 bond rmsd: 0.004186
  step:  35 bond rmsd: 0.004133
  step:  36 bond rmsd: 0.004086
  step:  37 bond rmsd: 0.004071
  step:  38 bond rmsd: 0.004063
  step:  39 bond rmsd: 0.004080
  step:  40 bond rmsd: 0.004097
  step:  41 bond rmsd: 0.004066
  step:  42 bond rmsd: 0.004055
  step:  43 bond rmsd: 0.004017
  step:  44 bond rmsd: 0.003969
  step:  45 bond rmsd: 0.003890
  step:  46 bond rmsd: 0.003824
  step:  47 bond rmsd: 0.003736
  step:  48 bond rmsd: 0.003682
  step:  49 bond rmsd: 0.003569
  step:  50 bond rmsd: 0.003506
  step:  51 bond rmsd: 0.003392
  step:  52 bond rmsd: 0.003281
micro_cycle   1 rmsd(b):  0.0033 rws:  1.000 n_fev: 52
  step:   1 bond rmsd: 0.003281
  step:   2 bond rmsd: 0.046286
  step:   3 bond rmsd: 0.046286
  step:   4 bond rmsd: 0.036915
  step:   5 bond rmsd: 0.029331
  step:   6 bond rmsd: 0.023413
  step:   7 bond rmsd: 0.018774
  step:   8 bond rmsd: 0.015128
  step:   9 bond rmsd: 0.012261
  step:  10 bond rmsd: 0.010012
  step:  11 bond rmsd: 0.008257
  step:  12 bond rmsd: 0.006898
  step:  13 bond rmsd: 0.005858
  step:  14 bond rmsd: 0.005074
  step:  15 bond rmsd: 0.004494
  step:  16 bond rmsd: 0.004071
  step:  17 bond rmsd: 0.003769
  step:  18 bond rmsd: 0.003556
  step:  19 bond rmsd: 0.003407
  step:  20 bond rmsd: 0.003303
  step:  21 bond rmsd: 0.003231
  step:  22 bond rmsd: 0.003179
  step:  23 bond rmsd: 0.003142
  step:  24 bond rmsd: 0.003114
  step:  25 bond rmsd: 0.003093
  step:  26 bond rmsd: 0.003076
  step:  27 bond rmsd: 0.003062
  step:  28 bond rmsd: 0.003049
  step:  29 bond rmsd: 0.003036
  step:  30 bond rmsd: 0.003021
  step:  31 bond rmsd: 0.003003
  step:  32 bond rmsd: 0.002978
  step:  33 bond rmsd: 0.002942
  step:  34 bond rmsd: 0.002886
  step:  35 bond rmsd: 0.002789
  step:  36 bond rmsd: 0.002674
  step:  37 bond rmsd: 0.002801
  step:  38 bond rmsd: 0.002702
  step:  39 bond rmsd: 0.002619
  step:  40 bond rmsd: 0.002550
  step:  41 bond rmsd: 0.002490
  step:  42 bond rmsd: 0.002441
  step:  43 bond rmsd: 0.002391
  step:  44 bond rmsd: 0.002356
  step:  45 bond rmsd: 0.002326
  step:  46 bond rmsd: 0.002311
  step:  47 bond rmsd: 0.002280
  step:  48 bond rmsd: 0.002273
  step:  49 bond rmsd: 0.002292
  step:  50 bond rmsd: 0.002294
  step:  51 bond rmsd: 0.002328
  step:  52 bond rmsd: 0.002335
micro_cycle   2 rmsd(b):  0.0023 rws:  1.000 n_fev: 104
  step:   1 bond rmsd: 0.002335
  step:   2 bond rmsd: 0.048755
  step:   3 bond rmsd: 0.034435
  step:   4 bond rmsd: 0.027608
  step:   5 bond rmsd: 0.022129
  step:   6 bond rmsd: 0.017748
  step:   7 bond rmsd: 0.014251
  step:   8 bond rmsd: 0.011465
  step:   9 bond rmsd: 0.009251
  step:  10 bond rmsd: 0.007499
  step:  11 bond rmsd: 0.006123
  step:  12 bond rmsd: 0.005053
  step:  13 bond rmsd: 0.004233
  step:  14 bond rmsd: 0.003617
  step:  15 bond rmsd: 0.003164
  step:  16 bond rmsd: 0.002841
  step:  17 bond rmsd: 0.002617
  step:  18 bond rmsd: 0.002466
  step:  19 bond rmsd: 0.002367
  step:  20 bond rmsd: 0.002303
  step:  21 bond rmsd: 0.002263
  step:  22 bond rmsd: 0.002238
  step:  23 bond rmsd: 0.002223
  step:  24 bond rmsd: 0.002214
  step:  25 bond rmsd: 0.002208
  step:  26 bond rmsd: 0.002205
  step:  27 bond rmsd: 0.002203
  step:  28 bond rmsd: 0.002201
  step:  29 bond rmsd: 0.002200
  step:  30 bond rmsd: 0.002198
  step:  31 bond rmsd: 0.002194
  step:  32 bond rmsd: 0.002188
  step:  33 bond rmsd: 0.002177
  step:  34 bond rmsd: 0.002159
  step:  35 bond rmsd: 0.002126
  step:  36 bond rmsd: 0.002126
  step:  37 bond rmsd: 0.002088
  step:  38 bond rmsd: 0.002096
  step:  39 bond rmsd: 0.002165
  step:  40 bond rmsd: 0.002177
  step:  41 bond rmsd: 0.002194
  step:  42 bond rmsd: 0.002210
  step:  43 bond rmsd: 0.002231
  step:  44 bond rmsd: 0.002242
  step:  45 bond rmsd: 0.002261
  step:  46 bond rmsd: 0.002280
  step:  47 bond rmsd: 0.002286
  step:  48 bond rmsd: 0.002302
  step:  49 bond rmsd: 0.002327
  step:  50 bond rmsd: 0.002347
  step:  51 bond rmsd: 0.002353
  step:  52 bond rmsd: 0.002368
micro_cycle   3 rmsd(b):  0.0024 rws:  1.000 n_fev: 156
  step:   1 bond rmsd: 0.002368
  step:   2 bond rmsd: 0.047533
  step:   3 bond rmsd: 0.016877
  step:   4 bond rmsd: 0.013603
  step:   5 bond rmsd: 0.010978
  step:   6 bond rmsd: 0.008921
  step:   7 bond rmsd: 0.007313
  step:   8 bond rmsd: 0.006060
  step:   9 bond rmsd: 0.005093
  step:  10 bond rmsd: 0.004353
  step:  11 bond rmsd: 0.003794
  step:  12 bond rmsd: 0.003379
  step:  13 bond rmsd: 0.003074
  step:  14 bond rmsd: 0.002854
  step:  15 bond rmsd: 0.002696
  step:  16 bond rmsd: 0.002583
  step:  17 bond rmsd: 0.002502
  step:  18 bond rmsd: 0.002444
  step:  19 bond rmsd: 0.002401
  step:  20 bond rmsd: 0.002369
  step:  21 bond rmsd: 0.002344
  step:  22 bond rmsd: 0.002325
  step:  23 bond rmsd: 0.002309
  step:  24 bond rmsd: 0.002296
  step:  25 bond rmsd: 0.002284
  step:  26 bond rmsd: 0.002272
  step:  27 bond rmsd: 0.002260
  step:  28 bond rmsd: 0.002245
  step:  29 bond rmsd: 0.002227
  step:  30 bond rmsd: 0.002203
  step:  31 bond rmsd: 0.002169
  step:  32 bond rmsd: 0.002124
  step:  33 bond rmsd: 0.002069
  step:  34 bond rmsd: 0.002031
  step:  35 bond rmsd: 0.001999
  step:  36 bond rmsd: 0.001976
  step:  37 bond rmsd: 0.001973
  step:  38 bond rmsd: 0.001971
  step:  39 bond rmsd: 0.001962
  step:  40 bond rmsd: 0.001964
  step:  41 bond rmsd: 0.001965
  step:  42 bond rmsd: 0.001974
  step:  43 bond rmsd: 0.001975
  step:  44 bond rmsd: 0.001979
  step:  45 bond rmsd: 0.001980
  step:  46 bond rmsd: 0.001984
  step:  47 bond rmsd: 0.002012
  step:  48 bond rmsd: 0.002019
  step:  49 bond rmsd: 0.002047
  step:  50 bond rmsd: 0.002054
  step:  51 bond rmsd: 0.002075
  step:  52 bond rmsd: 0.002103
micro_cycle   4 rmsd(b):  0.0021 rws:  1.000 n_fev: 208
  step:   1 bond rmsd: 0.002103
  step:   2 bond rmsd: 0.056373
  step:   3 bond rmsd: 0.052373
  step:   4 bond rmsd: 0.041766
  step:   5 bond rmsd: 0.033089
  step:   6 bond rmsd: 0.026315
  step:   7 bond rmsd: 0.020999
  step:   8 bond rmsd: 0.016807
  step:   9 bond rmsd: 0.013492
  step:  10 bond rmsd: 0.010869
  step:  11 bond rmsd: 0.008794
  step:  12 bond rmsd: 0.007157
  step:  13 bond rmsd: 0.005872
  step:  14 bond rmsd: 0.004872
  step:  15 bond rmsd: 0.004101
  step:  16 bond rmsd: 0.003516
  step:  17 bond rmsd: 0.003079
  step:  18 bond rmsd: 0.002760
  step:  19 bond rmsd: 0.002531
  step:  20 bond rmsd: 0.002370
  step:  21 bond rmsd: 0.002258
  step:  22 bond rmsd: 0.002180
  step:  23 bond rmsd: 0.002127
  step:  24 bond rmsd: 0.002091
  step:  25 bond rmsd: 0.002065
  step:  26 bond rmsd: 0.002047
  step:  27 bond rmsd: 0.002034
  step:  28 bond rmsd: 0.002024
  step:  29 bond rmsd: 0.002016
  step:  30 bond rmsd: 0.002009
  step:  31 bond rmsd: 0.002002
  step:  32 bond rmsd: 0.001995
  step:  33 bond rmsd: 0.001986
  step:  34 bond rmsd: 0.001975
  step:  35 bond rmsd: 0.001960
  step:  36 bond rmsd: 0.001932
  step:  37 bond rmsd: 0.001895
  step:  38 bond rmsd: 0.001857
  step:  39 bond rmsd: 0.001847
  step:  40 bond rmsd: 0.001819
  step:  41 bond rmsd: 0.001816
  step:  42 bond rmsd: 0.001815
  step:  43 bond rmsd: 0.001816
  step:  44 bond rmsd: 0.001815
  step:  45 bond rmsd: 0.001818
  step:  46 bond rmsd: 0.001819
  step:  47 bond rmsd: 0.001821
  step:  48 bond rmsd: 0.001824
  step:  49 bond rmsd: 0.001826
  step:  50 bond rmsd: 0.001830
  step:  51 bond rmsd: 0.001832
  step:  52 bond rmsd: 0.001844
micro_cycle   5 rmsd(b):  0.0018 rws:  1.000 n_fev: 260
  step:   1 bond rmsd: 0.001844
  step:   2 bond rmsd: 0.042644
  step:   3 bond rmsd: 0.004618
  step:   4 bond rmsd: 0.003815
  step:   5 bond rmsd: 0.003206
  step:   6 bond rmsd: 0.002754
  step:   7 bond rmsd: 0.002428
  step:   8 bond rmsd: 0.002202
  step:   9 bond rmsd: 0.002049
  step:  10 bond rmsd: 0.001950
  step:  11 bond rmsd: 0.001889
  step:  12 bond rmsd: 0.001852
  step:  13 bond rmsd: 0.001831
  step:  14 bond rmsd: 0.001819
  step:  15 bond rmsd: 0.001814
  step:  16 bond rmsd: 0.001812
  step:  17 bond rmsd: 0.001812
  step:  18 bond rmsd: 0.001813
  step:  19 bond rmsd: 0.001815
  step:  20 bond rmsd: 0.001817
  step:  21 bond rmsd: 0.001819
  step:  22 bond rmsd: 0.001821
  step:  23 bond rmsd: 0.001823
  step:  24 bond rmsd: 0.001825
  step:  25 bond rmsd: 0.001827
  step:  26 bond rmsd: 0.001829
  step:  27 bond rmsd: 0.001832
  step:  28 bond rmsd: 0.001835
  step:  29 bond rmsd: 0.001837
  step:  30 bond rmsd: 0.001838
  step:  31 bond rmsd: 0.001832
  step:  32 bond rmsd: 0.001786
  step:  33 bond rmsd: 0.001786
  step:  34 bond rmsd: 0.001799
  step:  35 bond rmsd: 0.001800
  step:  36 bond rmsd: 0.001825
  step:  37 bond rmsd: 0.001826
  step:  38 bond rmsd: 0.001825
  step:  39 bond rmsd: 0.001827
  step:  40 bond rmsd: 0.001828
  step:  41 bond rmsd: 0.001830
  step:  42 bond rmsd: 0.001839
  step:  43 bond rmsd: 0.001850
  step:  44 bond rmsd: 0.001873
  step:  45 bond rmsd: 0.001886
  step:  46 bond rmsd: 0.001904
  step:  47 bond rmsd: 0.001917
  step:  48 bond rmsd: 0.001911
  step:  49 bond rmsd: 0.001922
  step:  50 bond rmsd: 0.001925
  step:  51 bond rmsd: 0.001939
  step:  52 bond rmsd: 0.001937
micro_cycle   6 rmsd(b):  0.0019 rws:  1.000 n_fev: 312
  step:   1 bond rmsd: 0.001937
  step:   2 bond rmsd: 0.068839
  step:   3 bond rmsd: 0.010983
  step:   4 bond rmsd: 0.008857
  step:   5 bond rmsd: 0.007178
  step:   6 bond rmsd: 0.005849
  step:   7 bond rmsd: 0.004806
  step:   8 bond rmsd: 0.003997
  step:   9 bond rmsd: 0.003378
  step:  10 bond rmsd: 0.002914
  step:  11 bond rmsd: 0.002573
  step:  12 bond rmsd: 0.002329
  step:  13 bond rmsd: 0.002158
  step:  14 bond rmsd: 0.002041
  step:  15 bond rmsd: 0.001963
  step:  16 bond rmsd: 0.001910
  step:  17 bond rmsd: 0.001875
  step:  18 bond rmsd: 0.001851
  step:  19 bond rmsd: 0.001835
  step:  20 bond rmsd: 0.001824
  step:  21 bond rmsd: 0.001816
  step:  22 bond rmsd: 0.001809
  step:  23 bond rmsd: 0.001804
  step:  24 bond rmsd: 0.001800
  step:  25 bond rmsd: 0.001795
  step:  26 bond rmsd: 0.001788
  step:  27 bond rmsd: 0.001780
  step:  28 bond rmsd: 0.001768
  step:  29 bond rmsd: 0.001748
  step:  30 bond rmsd: 0.001718
  step:  31 bond rmsd: 0.001669
  step:  32 bond rmsd: 0.001636
  step:  33 bond rmsd: 0.001615
  step:  34 bond rmsd: 0.001597
  step:  35 bond rmsd: 0.001590
  step:  36 bond rmsd: 0.001583
  step:  37 bond rmsd: 0.001585
  step:  38 bond rmsd: 0.001583
  step:  39 bond rmsd: 0.001583
  step:  40 bond rmsd: 0.001584
  step:  41 bond rmsd: 0.001585
  step:  42 bond rmsd: 0.001587
  step:  43 bond rmsd: 0.001587
  step:  44 bond rmsd: 0.001592
  step:  45 bond rmsd: 0.001593
  step:  46 bond rmsd: 0.001593
  step:  47 bond rmsd: 0.001595
  step:  48 bond rmsd: 0.001595
  step:  49 bond rmsd: 0.001595
  step:  50 bond rmsd: 0.001596
  step:  51 bond rmsd: 0.001599
  step:  52 bond rmsd: 0.001600
micro_cycle   7 rmsd(b):  0.0016 rws:  1.000 n_fev: 364
  step:   1 bond rmsd: 0.001600
  step:   2 bond rmsd: 0.074643
  step:   3 bond rmsd: 0.002109
  step:   4 bond rmsd: 0.001957
  step:   5 bond rmsd: 0.001849
  step:   6 bond rmsd: 0.001775
  step:   7 bond rmsd: 0.001723
  step:   8 bond rmsd: 0.001687
  step:   9 bond rmsd: 0.001662
  step:  10 bond rmsd: 0.001645
  step:  11 bond rmsd: 0.001633
  step:  12 bond rmsd: 0.001624
  step:  13 bond rmsd: 0.001617
  step:  14 bond rmsd: 0.001613
  step:  15 bond rmsd: 0.001609
  step:  16 bond rmsd: 0.001606
  step:  17 bond rmsd: 0.001604
  step:  18 bond rmsd: 0.001602
  step:  19 bond rmsd: 0.001601
  step:  20 bond rmsd: 0.001599
  step:  21 bond rmsd: 0.001598
  step:  22 bond rmsd: 0.001596
  step:  23 bond rmsd: 0.001594
  step:  24 bond rmsd: 0.001592
  step:  25 bond rmsd: 0.001590
  step:  26 bond rmsd: 0.001587
  step:  27 bond rmsd: 0.001585
  step:  28 bond rmsd: 0.001584
  step:  29 bond rmsd: 0.001584
  step:  30 bond rmsd: 0.001585
  step:  31 bond rmsd: 0.001586
  step:  32 bond rmsd: 0.001591
  step:  33 bond rmsd: 0.001593
  step:  34 bond rmsd: 0.001599
  step:  35 bond rmsd: 0.001602
  step:  36 bond rmsd: 0.001608
  step:  37 bond rmsd: 0.001612
  step:  38 bond rmsd: 0.001608
  step:  39 bond rmsd: 0.001612
  step:  40 bond rmsd: 0.001624
  step:  41 bond rmsd: 0.001629
  step:  42 bond rmsd: 0.001634
  step:  43 bond rmsd: 0.001651
  step:  44 bond rmsd: 0.001656
  step:  45 bond rmsd: 0.001676
  step:  46 bond rmsd: 0.001688
  step:  47 bond rmsd: 0.001708
  step:  48 bond rmsd: 0.001729
  step:  49 bond rmsd: 0.001745
  step:  50 bond rmsd: 0.001784
  step:  51 bond rmsd: 0.001790
  step:  52 bond rmsd: 0.001791
micro_cycle   8 rmsd(b):  0.0018 rws:  1.000 n_fev: 416
  step:   1 bond rmsd: 0.001791
  step:   2 bond rmsd: 0.062234
  step:   3 bond rmsd: 0.031656
  step:   4 bond rmsd: 0.025370
  step:   5 bond rmsd: 0.020338
  step:   6 bond rmsd: 0.016315
  step:   7 bond rmsd: 0.013102
  step:   8 bond rmsd: 0.010538
  step:   9 bond rmsd: 0.008496
  step:  10 bond rmsd: 0.006873
  step:  11 bond rmsd: 0.005589
  step:  12 bond rmsd: 0.004581
  step:  13 bond rmsd: 0.003797
  step:  14 bond rmsd: 0.003196
  step:  15 bond rmsd: 0.002744
  step:  16 bond rmsd: 0.002411
  step:  17 bond rmsd: 0.002172
  step:  18 bond rmsd: 0.002006
  step:  19 bond rmsd: 0.001892
  step:  20 bond rmsd: 0.001817
  step:  21 bond rmsd: 0.001767
  step:  22 bond rmsd: 0.001735
  step:  23 bond rmsd: 0.001714
  step:  24 bond rmsd: 0.001701
  step:  25 bond rmsd: 0.001692
  step:  26 bond rmsd: 0.001687
  step:  27 bond rmsd: 0.001683
  step:  28 bond rmsd: 0.001681
  step:  29 bond rmsd: 0.001679
  step:  30 bond rmsd: 0.001677
  step:  31 bond rmsd: 0.001675
  step:  32 bond rmsd: 0.001673
  step:  33 bond rmsd: 0.001669
  step:  34 bond rmsd: 0.001664
  step:  35 bond rmsd: 0.001655
  step:  36 bond rmsd: 0.001636
  step:  37 bond rmsd: 0.001630
  step:  38 bond rmsd: 0.001630
  step:  39 bond rmsd: 0.001625
  step:  40 bond rmsd: 0.001625
  step:  41 bond rmsd: 0.001621
  step:  42 bond rmsd: 0.001620
  step:  43 bond rmsd: 0.001620
  step:  44 bond rmsd: 0.001618
  step:  45 bond rmsd: 0.001618
  step:  46 bond rmsd: 0.001618
  step:  47 bond rmsd: 0.001618
  step:  48 bond rmsd: 0.001617
  step:  49 bond rmsd: 0.001616
  step:  50 bond rmsd: 0.001616
  step:  51 bond rmsd: 0.001615
  step:  52 bond rmsd: 0.001615
micro_cycle   9 rmsd(b):  0.0016 rws:  1.000 n_fev: 468
  step:   1 bond rmsd: 0.001615
  step:   2 bond rmsd: 0.069782
  step:   3 bond rmsd: 0.001642
  step:   4 bond rmsd: 0.001632
  step:   5 bond rmsd: 0.001625
  step:   6 bond rmsd: 0.001620
  step:   7 bond rmsd: 0.001618
  step:   8 bond rmsd: 0.001616
  step:   9 bond rmsd: 0.001614
  step:  10 bond rmsd: 0.001614
  step:  11 bond rmsd: 0.001613
  step:  12 bond rmsd: 0.001613
  step:  13 bond rmsd: 0.001612
  step:  14 bond rmsd: 0.001612
  step:  15 bond rmsd: 0.001612
  step:  16 bond rmsd: 0.001612
  step:  17 bond rmsd: 0.001611
  step:  18 bond rmsd: 0.001611
  step:  19 bond rmsd: 0.001610
  step:  20 bond rmsd: 0.001609
  step:  21 bond rmsd: 0.001608
  step:  22 bond rmsd: 0.001605
  step:  23 bond rmsd: 0.001603
  step:  24 bond rmsd: 0.001602
  step:  25 bond rmsd: 0.001600
  step:  26 bond rmsd: 0.001595
  step:  27 bond rmsd: 0.001598
  step:  28 bond rmsd: 0.001595
  step:  29 bond rmsd: 0.001596
  step:  30 bond rmsd: 0.001594
  step:  31 bond rmsd: 0.001593
  step:  32 bond rmsd: 0.001592
  step:  33 bond rmsd: 0.001593
  step:  34 bond rmsd: 0.001593
  step:  35 bond rmsd: 0.001592
  step:  36 bond rmsd: 0.001594
  step:  37 bond rmsd: 0.001594
  step:  38 bond rmsd: 0.001594
  step:  39 bond rmsd: 0.001592
  step:  40 bond rmsd: 0.001593
  step:  41 bond rmsd: 0.001589
  step:  42 bond rmsd: 0.001588
  step:  43 bond rmsd: 0.001581
  step:  44 bond rmsd: 0.001576
  step:  45 bond rmsd: 0.001568
  step:  46 bond rmsd: 0.001560
  step:  47 bond rmsd: 0.001554
  step:  48 bond rmsd: 0.001545
  step:  49 bond rmsd: 0.001545
  step:  50 bond rmsd: 0.001534
  step:  51 bond rmsd: 0.001518
  step:  52 bond rmsd: 0.001499
micro_cycle  10 rmsd(b):  0.0015 rws:  1.000 n_fev: 520
  step:   1 bond rmsd: 0.001499
  step:   2 bond rmsd: 0.042687
  step:   3 bond rmsd: 0.004742
  step:   4 bond rmsd: 0.003870
  step:   5 bond rmsd: 0.003197
  step:   6 bond rmsd: 0.002682
  step:   7 bond rmsd: 0.002299
  step:   8 bond rmsd: 0.002020
  step:   9 bond rmsd: 0.001824
  step:  10 bond rmsd: 0.001691
  step:  11 bond rmsd: 0.001604
  step:  12 bond rmsd: 0.001548
  step:  13 bond rmsd: 0.001513
  step:  14 bond rmsd: 0.001493
  step:  15 bond rmsd: 0.001481
  step:  16 bond rmsd: 0.001475
  step:  17 bond rmsd: 0.001471
  step:  18 bond rmsd: 0.001470
  step:  19 bond rmsd: 0.001470
  step:  20 bond rmsd: 0.001470
  step:  21 bond rmsd: 0.001471
  step:  22 bond rmsd: 0.001472
  step:  23 bond rmsd: 0.001473
  step:  24 bond rmsd: 0.001473
  step:  25 bond rmsd: 0.001474
  step:  26 bond rmsd: 0.001475
  step:  27 bond rmsd: 0.001476
  step:  28 bond rmsd: 0.001476
  step:  29 bond rmsd: 0.001476
  step:  30 bond rmsd: 0.001474
  step:  31 bond rmsd: 0.001469
  step:  32 bond rmsd: 0.001465
  step:  33 bond rmsd: 0.001464
  step:  34 bond rmsd: 0.001464
  step:  35 bond rmsd: 0.001464
  step:  36 bond rmsd: 0.001467
  step:  37 bond rmsd: 0.001470
  step:  38 bond rmsd: 0.001473
  step:  39 bond rmsd: 0.001476
  step:  40 bond rmsd: 0.001481
  step:  41 bond rmsd: 0.001492
  step:  42 bond rmsd: 0.001499
  step:  43 bond rmsd: 0.001511
  step:  44 bond rmsd: 0.001520
  step:  45 bond rmsd: 0.001532
  step:  46 bond rmsd: 0.001540
  step:  47 bond rmsd: 0.001545
  step:  48 bond rmsd: 0.001552
  step:  49 bond rmsd: 0.001557
  step:  50 bond rmsd: 0.001562
  step:  51 bond rmsd: 0.001565
  step:  52 bond rmsd: 0.001567
micro_cycle  11 rmsd(b):  0.0016 rws:  1.000 n_fev: 572
  step:   1 bond rmsd: 0.001567
  step:   2 bond rmsd: 0.050751
  step:   3 bond rmsd: 0.001643
  step:   4 bond rmsd: 0.001619
  step:   5 bond rmsd: 0.001602
  step:   6 bond rmsd: 0.001591
  step:   7 bond rmsd: 0.001583
  step:   8 bond rmsd: 0.001578
  step:   9 bond rmsd: 0.001574
  step:  10 bond rmsd: 0.001571
  step:  11 bond rmsd: 0.001569
  step:  12 bond rmsd: 0.001568
  step:  13 bond rmsd: 0.001566
  step:  14 bond rmsd: 0.001565
  step:  15 bond rmsd: 0.001564
  step:  16 bond rmsd: 0.001563
  step:  17 bond rmsd: 0.001562
  step:  18 bond rmsd: 0.001561
  step:  19 bond rmsd: 0.001560
  step:  20 bond rmsd: 0.001559
  step:  21 bond rmsd: 0.001557
  step:  22 bond rmsd: 0.001554
  step:  23 bond rmsd: 0.001550
  step:  24 bond rmsd: 0.001545
  step:  25 bond rmsd: 0.001542
  step:  26 bond rmsd: 0.001539
  step:  27 bond rmsd: 0.001538
  step:  28 bond rmsd: 0.001536
  step:  29 bond rmsd: 0.001535
  step:  30 bond rmsd: 0.001534
  step:  31 bond rmsd: 0.001532
  step:  32 bond rmsd: 0.001532
  step:  33 bond rmsd: 0.001531
  step:  34 bond rmsd: 0.001531
  step:  35 bond rmsd: 0.001529
  step:  36 bond rmsd: 0.001529
  step:  37 bond rmsd: 0.001530
  step:  38 bond rmsd: 0.001530
  step:  39 bond rmsd: 0.001532
  step:  40 bond rmsd: 0.001532
  step:  41 bond rmsd: 0.001534
  step:  42 bond rmsd: 0.001534
  step:  43 bond rmsd: 0.001536
  step:  44 bond rmsd: 0.001536
  step:  45 bond rmsd: 0.001538
  step:  46 bond rmsd: 0.001539
  step:  47 bond rmsd: 0.001540
  step:  48 bond rmsd: 0.001543
  step:  49 bond rmsd: 0.001541
  step:  50 bond rmsd: 0.001543
  step:  51 bond rmsd: 0.001545
  step:  52 bond rmsd: 0.001548
micro_cycle  12 rmsd(b):  0.0015 rws:  1.000 n_fev: 624
  step:   1 bond rmsd: 0.001548
  step:   2 bond rmsd: 0.050150
  step:   3 bond rmsd: 0.002485
  step:   4 bond rmsd: 0.002212
  step:   5 bond rmsd: 0.002013
  step:   6 bond rmsd: 0.001872
  step:   7 bond rmsd: 0.001773
  step:   8 bond rmsd: 0.001704
  step:   9 bond rmsd: 0.001657
  step:  10 bond rmsd: 0.001624
  step:  11 bond rmsd: 0.001601
  step:  12 bond rmsd: 0.001586
  step:  13 bond rmsd: 0.001574
  step:  14 bond rmsd: 0.001566
  step:  15 bond rmsd: 0.001561
  step:  16 bond rmsd: 0.001556
  step:  17 bond rmsd: 0.001553
  step:  18 bond rmsd: 0.001551
  step:  19 bond rmsd: 0.001549
  step:  20 bond rmsd: 0.001547
  step:  21 bond rmsd: 0.001545
  step:  22 bond rmsd: 0.001544
  step:  23 bond rmsd: 0.001543
  step:  24 bond rmsd: 0.001541
  step:  25 bond rmsd: 0.001540
  step:  26 bond rmsd: 0.001538
  step:  27 bond rmsd: 0.001535
  step:  28 bond rmsd: 0.001533
  step:  29 bond rmsd: 0.001531
  step:  30 bond rmsd: 0.001530
  step:  31 bond rmsd: 0.001532
  step:  32 bond rmsd: 0.001532
  step:  33 bond rmsd: 0.001531
  step:  34 bond rmsd: 0.001534
  step:  35 bond rmsd: 0.001535
  step:  36 bond rmsd: 0.001540
  step:  37 bond rmsd: 0.001541
  step:  38 bond rmsd: 0.001542
  step:  39 bond rmsd: 0.001546
  step:  40 bond rmsd: 0.001547
  step:  41 bond rmsd: 0.001551
  step:  42 bond rmsd: 0.001552
  step:  43 bond rmsd: 0.001556
  step:  44 bond rmsd: 0.001557
  step:  45 bond rmsd: 0.001557
  step:  46 bond rmsd: 0.001558
  step:  47 bond rmsd: 0.001558
  step:  48 bond rmsd: 0.001557
  step:  49 bond rmsd: 0.001556
  step:  50 bond rmsd: 0.001557
  step:  51 bond rmsd: 0.001552
  step:  52 bond rmsd: 0.001551
micro_cycle  13 rmsd(b):  0.0016 rws:  1.000 n_fev: 676
  step:   1 bond rmsd: 0.001551
  step:   2 bond rmsd: 0.046460
  step:   3 bond rmsd: 0.001668
  step:   4 bond rmsd: 0.001636
  step:   5 bond rmsd: 0.001614
  step:   6 bond rmsd: 0.001598
  step:   7 bond rmsd: 0.001586
  step:   8 bond rmsd: 0.001577
  step:   9 bond rmsd: 0.001571
  step:  10 bond rmsd: 0.001565
  step:  11 bond rmsd: 0.001561
  step:  12 bond rmsd: 0.001558
  step:  13 bond rmsd: 0.001555
  step:  14 bond rmsd: 0.001553
  step:  15 bond rmsd: 0.001551
  step:  16 bond rmsd: 0.001549
  step:  17 bond rmsd: 0.001548
  step:  18 bond rmsd: 0.001546
  step:  19 bond rmsd: 0.001544
  step:  20 bond rmsd: 0.001542
  step:  21 bond rmsd: 0.001540
  step:  22 bond rmsd: 0.001537
  step:  23 bond rmsd: 0.001534
  step:  24 bond rmsd: 0.001534
  step:  25 bond rmsd: 0.001532
  step:  26 bond rmsd: 0.001530
  step:  27 bond rmsd: 0.001534
  step:  28 bond rmsd: 0.001532
  step:  29 bond rmsd: 0.001530
  step:  30 bond rmsd: 0.001528
  step:  31 bond rmsd: 0.001526
  step:  32 bond rmsd: 0.001525
  step:  33 bond rmsd: 0.001523
  step:  34 bond rmsd: 0.001522
  step:  35 bond rmsd: 0.001521
  step:  36 bond rmsd: 0.001522
  step:  37 bond rmsd: 0.001522
  step:  38 bond rmsd: 0.001522
  step:  39 bond rmsd: 0.001522
  step:  40 bond rmsd: 0.001522
  step:  41 bond rmsd: 0.001523
  step:  42 bond rmsd: 0.001523
  step:  43 bond rmsd: 0.001525
  step:  44 bond rmsd: 0.001526
  step:  45 bond rmsd: 0.001528
  step:  46 bond rmsd: 0.001530
  step:  47 bond rmsd: 0.001531
  step:  48 bond rmsd: 0.001534
  step:  49 bond rmsd: 0.001535
  step:  50 bond rmsd: 0.001541
  step:  51 bond rmsd: 0.001542
  step:  52 bond rmsd: 0.001544
micro_cycle  14 rmsd(b):  0.0015 rws:  1.000 n_fev: 728
  step:   1 bond rmsd: 0.001544
  step:   2 bond rmsd: 0.041375
  step:   3 bond rmsd: 0.001737
  step:   4 bond rmsd: 0.001654
  step:   5 bond rmsd: 0.001602
  step:   6 bond rmsd: 0.001570
  step:   7 bond rmsd: 0.001552
  step:   8 bond rmsd: 0.001541
  step:   9 bond rmsd: 0.001535
  step:  10 bond rmsd: 0.001532
  step:  11 bond rmsd: 0.001531
  step:  12 bond rmsd: 0.001531
  step:  13 bond rmsd: 0.001532
  step:  14 bond rmsd: 0.001532
  step:  15 bond rmsd: 0.001533
  step:  16 bond rmsd: 0.001534
  step:  17 bond rmsd: 0.001534
  step:  18 bond rmsd: 0.001535
  step:  19 bond rmsd: 0.001536
  step:  20 bond rmsd: 0.001536
  step:  21 bond rmsd: 0.001537
  step:  22 bond rmsd: 0.001537
  step:  23 bond rmsd: 0.001537
  step:  24 bond rmsd: 0.001538
  step:  25 bond rmsd: 0.001537
  step:  26 bond rmsd: 0.001537
  step:  27 bond rmsd: 0.001534
  step:  28 bond rmsd: 0.001532
  step:  29 bond rmsd: 0.001530
  step:  30 bond rmsd: 0.001530
  step:  31 bond rmsd: 0.001527
  step:  32 bond rmsd: 0.001526
  step:  33 bond rmsd: 0.001527
  step:  34 bond rmsd: 0.001526
  step:  35 bond rmsd: 0.001526
  step:  36 bond rmsd: 0.001527
  step:  37 bond rmsd: 0.001527
  step:  38 bond rmsd: 0.001527
  step:  39 bond rmsd: 0.001530
  step:  40 bond rmsd: 0.001531
  step:  41 bond rmsd: 0.001532
  step:  42 bond rmsd: 0.001533
  step:  43 bond rmsd: 0.001534
  step:  44 bond rmsd: 0.001538
  step:  45 bond rmsd: 0.001538
  step:  46 bond rmsd: 0.001541
  step:  47 bond rmsd: 0.001540
  step:  48 bond rmsd: 0.001541
  step:  49 bond rmsd: 0.001542
  step:  50 bond rmsd: 0.001543
  step:  51 bond rmsd: 0.001544
  step:  52 bond rmsd: 0.001544
micro_cycle  15 rmsd(b):  0.0015 rws:  1.000 n_fev: 780
  step:   1 bond rmsd: 0.001544
  step:   2 bond rmsd: 0.062707
  step:   3 bond rmsd: 0.001559
  step:   4 bond rmsd: 0.001555
  step:   5 bond rmsd: 0.001552
  step:   6 bond rmsd: 0.001550
  step:   7 bond rmsd: 0.001548
  step:   8 bond rmsd: 0.001546
  step:   9 bond rmsd: 0.001545
  step:  10 bond rmsd: 0.001544
  step:  11 bond rmsd: 0.001543
  step:  12 bond rmsd: 0.001542
  step:  13 bond rmsd: 0.001541
  step:  14 bond rmsd: 0.001540
  step:  15 bond rmsd: 0.001539
  step:  16 bond rmsd: 0.001538
  step:  17 bond rmsd: 0.001536
  step:  18 bond rmsd: 0.001534
  step:  19 bond rmsd: 0.001531
  step:  20 bond rmsd: 0.001528
  step:  21 bond rmsd: 0.001524
  step:  22 bond rmsd: 0.001522
  step:  23 bond rmsd: 0.001519
  step:  24 bond rmsd: 0.001516
  step:  25 bond rmsd: 0.001516
  step:  26 bond rmsd: 0.001514
  step:  27 bond rmsd: 0.001515
  step:  28 bond rmsd: 0.001514
  step:  29 bond rmsd: 0.001513
  step:  30 bond rmsd: 0.001513
  step:  31 bond rmsd: 0.001512
  step:  32 bond rmsd: 0.001513
  step:  33 bond rmsd: 0.001512
  step:  34 bond rmsd: 0.001513
  step:  35 bond rmsd: 0.001513
  step:  36 bond rmsd: 0.001514
  step:  37 bond rmsd: 0.001519
  step:  38 bond rmsd: 0.001521
  step:  39 bond rmsd: 0.001524
  step:  40 bond rmsd: 0.001528
  step:  41 bond rmsd: 0.001534
  step:  42 bond rmsd: 0.001539
  step:  43 bond rmsd: 0.001542
  step:  44 bond rmsd: 0.001552
  step:  45 bond rmsd: 0.001555
  step:  46 bond rmsd: 0.001558
  step:  47 bond rmsd: 0.001562
  step:  48 bond rmsd: 0.001565
  step:  49 bond rmsd: 0.001565
  step:  50 bond rmsd: 0.001566
  step:  51 bond rmsd: 0.001570
  step:  52 bond rmsd: 0.001569
micro_cycle  16 rmsd(b):  0.0016 rws:  1.000 n_fev: 832
  step:   1 bond rmsd: 0.001569
  step:   2 bond rmsd: 0.056482
  step:   3 bond rmsd: 0.001617
  step:   4 bond rmsd: 0.001603
  step:   5 bond rmsd: 0.001593
  step:   6 bond rmsd: 0.001586
  step:   7 bond rmsd: 0.001581
  step:   8 bond rmsd: 0.001577
  step:   9 bond rmsd: 0.001573
  step:  10 bond rmsd: 0.001571
  step:  11 bond rmsd: 0.001568
  step:  12 bond rmsd: 0.001566
  step:  13 bond rmsd: 0.001565
  step:  14 bond rmsd: 0.001563
  step:  15 bond rmsd: 0.001562
  step:  16 bond rmsd: 0.001560
  step:  17 bond rmsd: 0.001558
  step:  18 bond rmsd: 0.001556
  step:  19 bond rmsd: 0.001553
  step:  20 bond rmsd: 0.001550
  step:  21 bond rmsd: 0.001545
  step:  22 bond rmsd: 0.001540
  step:  23 bond rmsd: 0.001536
  step:  24 bond rmsd: 0.001533
  step:  25 bond rmsd: 0.001532
  step:  26 bond rmsd: 0.001529
  step:  27 bond rmsd: 0.001527
  step:  28 bond rmsd: 0.001525
  step:  29 bond rmsd: 0.001525
  step:  30 bond rmsd: 0.001524
  step:  31 bond rmsd: 0.001516
  step:  32 bond rmsd: 0.001515
  step:  33 bond rmsd: 0.001515
  step:  34 bond rmsd: 0.001515
  step:  35 bond rmsd: 0.001515
  step:  36 bond rmsd: 0.001516
  step:  37 bond rmsd: 0.001517
  step:  38 bond rmsd: 0.001517
  step:  39 bond rmsd: 0.001519
  step:  40 bond rmsd: 0.001519
  step:  41 bond rmsd: 0.001523
  step:  42 bond rmsd: 0.001523
  step:  43 bond rmsd: 0.001524
  step:  44 bond rmsd: 0.001526
  step:  45 bond rmsd: 0.001528
  step:  46 bond rmsd: 0.001529
  step:  47 bond rmsd: 0.001532
  step:  48 bond rmsd: 0.001534
  step:  49 bond rmsd: 0.001532
  step:  50 bond rmsd: 0.001533
  step:  51 bond rmsd: 0.001535
  step:  52 bond rmsd: 0.001536
micro_cycle  17 rmsd(b):  0.0015 rws:  1.000 n_fev: 884
  step:   1 bond rmsd: 0.001536
  step:   2 bond rmsd: 0.054758
  step:   3 bond rmsd: 0.001652
  step:   4 bond rmsd: 0.001616
  step:   5 bond rmsd: 0.001591
  step:   6 bond rmsd: 0.001574
  step:   7 bond rmsd: 0.001562
  step:   8 bond rmsd: 0.001554
  step:   9 bond rmsd: 0.001548
  step:  10 bond rmsd: 0.001544
  step:  11 bond rmsd: 0.001541
  step:  12 bond rmsd: 0.001538
  step:  13 bond rmsd: 0.001536
  step:  14 bond rmsd: 0.001535
  step:  15 bond rmsd: 0.001534
  step:  16 bond rmsd: 0.001532
  step:  17 bond rmsd: 0.001531
  step:  18 bond rmsd: 0.001530
  step:  19 bond rmsd: 0.001530
  step:  20 bond rmsd: 0.001529
  step:  21 bond rmsd: 0.001527
  step:  22 bond rmsd: 0.001526
  step:  23 bond rmsd: 0.001524
  step:  24 bond rmsd: 0.001521
  step:  25 bond rmsd: 0.001518
  step:  26 bond rmsd: 0.001515
  step:  27 bond rmsd: 0.001513
  step:  28 bond rmsd: 0.001512
  step:  29 bond rmsd: 0.001510
  step:  30 bond rmsd: 0.001509
  step:  31 bond rmsd: 0.001508
  step:  32 bond rmsd: 0.001507
  step:  33 bond rmsd: 0.001506
  step:  34 bond rmsd: 0.001506
  step:  35 bond rmsd: 0.001505
  step:  36 bond rmsd: 0.001504
  step:  37 bond rmsd: 0.001504
  step:  38 bond rmsd: 0.001504
  step:  39 bond rmsd: 0.001504
  step:  40 bond rmsd: 0.001506
  step:  41 bond rmsd: 0.001509
  step:  42 bond rmsd: 0.001514
  step:  43 bond rmsd: 0.001521
  step:  44 bond rmsd: 0.001527
  step:  45 bond rmsd: 0.001538
  step:  46 bond rmsd: 0.001541
  step:  47 bond rmsd: 0.001546
  step:  48 bond rmsd: 0.001550
  step:  49 bond rmsd: 0.001553
  step:  50 bond rmsd: 0.001556
  step:  51 bond rmsd: 0.001558
  step:  52 bond rmsd: 0.001561
micro_cycle  18 rmsd(b):  0.0016 rws:  1.000 n_fev: 936
  step:   1 bond rmsd: 0.001561
  step:   2 bond rmsd: 0.062368
  step:   3 bond rmsd: 0.001569
  step:   4 bond rmsd: 0.001563
  step:   5 bond rmsd: 0.001559
  step:   6 bond rmsd: 0.001557
  step:   7 bond rmsd: 0.001555
  step:   8 bond rmsd: 0.001555
  step:   9 bond rmsd: 0.001554
  step:  10 bond rmsd: 0.001554
  step:  11 bond rmsd: 0.001553
  step:  12 bond rmsd: 0.001553
  step:  13 bond rmsd: 0.001553
  step:  14 bond rmsd: 0.001553
  step:  15 bond rmsd: 0.001553
  step:  16 bond rmsd: 0.001552
  step:  17 bond rmsd: 0.001552
  step:  18 bond rmsd: 0.001551
  step:  19 bond rmsd: 0.001550
  step:  20 bond rmsd: 0.001547
  step:  21 bond rmsd: 0.001544
  step:  22 bond rmsd: 0.001538
  step:  23 bond rmsd: 0.001533
  step:  24 bond rmsd: 0.001530
  step:  25 bond rmsd: 0.001521
  step:  26 bond rmsd: 0.001518
  step:  27 bond rmsd: 0.001516
  step:  28 bond rmsd: 0.001515
  step:  29 bond rmsd: 0.001513
  step:  30 bond rmsd: 0.001512
  step:  31 bond rmsd: 0.001512
  step:  32 bond rmsd: 0.001511
  step:  33 bond rmsd: 0.001513
  step:  34 bond rmsd: 0.001512
  step:  35 bond rmsd: 0.001515
  step:  36 bond rmsd: 0.001515
  step:  37 bond rmsd: 0.001515
  step:  38 bond rmsd: 0.001516
  step:  39 bond rmsd: 0.001517
  step:  40 bond rmsd: 0.001517
  step:  41 bond rmsd: 0.001519
  step:  42 bond rmsd: 0.001520
  step:  43 bond rmsd: 0.001520
  step:  44 bond rmsd: 0.001521
  step:  45 bond rmsd: 0.001521
  step:  46 bond rmsd: 0.001522
  step:  47 bond rmsd: 0.001517
  step:  48 bond rmsd: 0.001517
  step:  49 bond rmsd: 0.001518
  step:  50 bond rmsd: 0.001517
  step:  51 bond rmsd: 0.001516
  step:  52 bond rmsd: 0.001516
micro_cycle  19 rmsd(b):  0.0015 rws:  1.000 n_fev: 988
  step:   1 bond rmsd: 0.001516
  step:   2 bond rmsd: 0.061105
  step:   3 bond rmsd: 0.001522
  step:   4 bond rmsd: 0.001521
  step:   5 bond rmsd: 0.001520
  step:   6 bond rmsd: 0.001519
  step:   7 bond rmsd: 0.001518
  step:   8 bond rmsd: 0.001517
  step:   9 bond rmsd: 0.001517
  step:  10 bond rmsd: 0.001516
  step:  11 bond rmsd: 0.001516
  step:  12 bond rmsd: 0.001515
  step:  13 bond rmsd: 0.001515
  step:  14 bond rmsd: 0.001514
  step:  15 bond rmsd: 0.001513
  step:  16 bond rmsd: 0.001512
  step:  17 bond rmsd: 0.001511
  step:  18 bond rmsd: 0.001509
  step:  19 bond rmsd: 0.001509
  step:  20 bond rmsd: 0.001508
  step:  21 bond rmsd: 0.001506
  step:  22 bond rmsd: 0.001505
  step:  23 bond rmsd: 0.001504
  step:  24 bond rmsd: 0.001504
  step:  25 bond rmsd: 0.001503
  step:  26 bond rmsd: 0.001504
  step:  27 bond rmsd: 0.001504
  step:  28 bond rmsd: 0.001504
  step:  29 bond rmsd: 0.001507
  step:  30 bond rmsd: 0.001507
  step:  31 bond rmsd: 0.001511
  step:  32 bond rmsd: 0.001513
  step:  33 bond rmsd: 0.001516
  step:  34 bond rmsd: 0.001518
  step:  35 bond rmsd: 0.001523
  step:  36 bond rmsd: 0.001526
  step:  37 bond rmsd: 0.001530
  step:  38 bond rmsd: 0.001533
  step:  39 bond rmsd: 0.001538
  step:  40 bond rmsd: 0.001539
  step:  41 bond rmsd: 0.001542
  step:  42 bond rmsd: 0.001546
  step:  43 bond rmsd: 0.001550
  step:  44 bond rmsd: 0.001552
  step:  45 bond rmsd: 0.001556
  step:  46 bond rmsd: 0.001558
  step:  47 bond rmsd: 0.001558
  step:  48 bond rmsd: 0.001559
  step:  49 bond rmsd: 0.001561
  step:  50 bond rmsd: 0.001561
  step:  51 bond rmsd: 0.001558
  step:  52 bond rmsd: 0.001556
micro_cycle  20 rmsd(b):  0.0016 rws:  1.000 n_fev: 1040
  step:   1 bond rmsd: 0.001556
  step:   2 bond rmsd: 0.048904
  step:   3 bond rmsd: 0.001802
  step:   4 bond rmsd: 0.001711
  step:   5 bond rmsd: 0.001651
  step:   6 bond rmsd: 0.001612
  step:   7 bond rmsd: 0.001588
  step:   8 bond rmsd: 0.001572
  step:   9 bond rmsd: 0.001563
  step:  10 bond rmsd: 0.001557
  step:  11 bond rmsd: 0.001553
  step:  12 bond rmsd: 0.001551
  step:  13 bond rmsd: 0.001550
  step:  14 bond rmsd: 0.001549
  step:  15 bond rmsd: 0.001549
  step:  16 bond rmsd: 0.001549
  step:  17 bond rmsd: 0.001548
  step:  18 bond rmsd: 0.001548
  step:  19 bond rmsd: 0.001548
  step:  20 bond rmsd: 0.001548
  step:  21 bond rmsd: 0.001548
  step:  22 bond rmsd: 0.001547
  step:  23 bond rmsd: 0.001547
  step:  24 bond rmsd: 0.001545
  step:  25 bond rmsd: 0.001543
  step:  26 bond rmsd: 0.001540
  step:  27 bond rmsd: 0.001537
  step:  28 bond rmsd: 0.001535
  step:  29 bond rmsd: 0.001532
  step:  30 bond rmsd: 0.001534
  step:  31 bond rmsd: 0.001531
  step:  32 bond rmsd: 0.001530
  step:  33 bond rmsd: 0.001526
  step:  34 bond rmsd: 0.001525
  step:  35 bond rmsd: 0.001523
  step:  36 bond rmsd: 0.001522
  step:  37 bond rmsd: 0.001521
  step:  38 bond rmsd: 0.001520
  step:  39 bond rmsd: 0.001519
  step:  40 bond rmsd: 0.001517
  step:  41 bond rmsd: 0.001517
  step:  42 bond rmsd: 0.001513
  step:  43 bond rmsd: 0.001511
  step:  44 bond rmsd: 0.001511
  step:  45 bond rmsd: 0.001510
  step:  46 bond rmsd: 0.001507
  step:  47 bond rmsd: 0.001506
  step:  48 bond rmsd: 0.001506
  step:  49 bond rmsd: 0.001504
  step:  50 bond rmsd: 0.001503
  step:  51 bond rmsd: 0.001503
  step:  52 bond rmsd: 0.001503
micro_cycle  21 rmsd(b):  0.0015 rws:  1.000 n_fev: 1092
  step:   1 bond rmsd: 0.001503
  step:   2 bond rmsd: 0.060067
  step:   3 bond rmsd: 0.001500
  step:   4 bond rmsd: 0.001501
  step:   5 bond rmsd: 0.001501
  step:   6 bond rmsd: 0.001501
  step:   7 bond rmsd: 0.001501
  step:   8 bond rmsd: 0.001502
  step:   9 bond rmsd: 0.001502
  step:  10 bond rmsd: 0.001502
  step:  11 bond rmsd: 0.001502
  step:  12 bond rmsd: 0.001502
  step:  13 bond rmsd: 0.001502
  step:  14 bond rmsd: 0.001503
  step:  15 bond rmsd: 0.001503
  step:  16 bond rmsd: 0.001503
  step:  17 bond rmsd: 0.001503
  step:  18 bond rmsd: 0.001503
  step:  19 bond rmsd: 0.001504
  step:  20 bond rmsd: 0.001504
  step:  21 bond rmsd: 0.001503
  step:  22 bond rmsd: 0.001503
  step:  23 bond rmsd: 0.001503
  step:  24 bond rmsd: 0.001505
  step:  25 bond rmsd: 0.001504
  step:  26 bond rmsd: 0.001505
  step:  27 bond rmsd: 0.001504
  step:  28 bond rmsd: 0.001505
  step:  29 bond rmsd: 0.001505
  step:  30 bond rmsd: 0.001506
  step:  31 bond rmsd: 0.001507
  step:  32 bond rmsd: 0.001508
  step:  33 bond rmsd: 0.001510
  step:  34 bond rmsd: 0.001511
  step:  35 bond rmsd: 0.001514
  step:  36 bond rmsd: 0.001515
  step:  37 bond rmsd: 0.001516
  step:  38 bond rmsd: 0.001518
  step:  39 bond rmsd: 0.001517
  step:  40 bond rmsd: 0.001519
  step:  41 bond rmsd: 0.001520
  step:  42 bond rmsd: 0.001522
  step:  43 bond rmsd: 0.001521
  step:  44 bond rmsd: 0.001523
  step:  45 bond rmsd: 0.001524
  step:  46 bond rmsd: 0.001526
  step:  47 bond rmsd: 0.001527
  step:  48 bond rmsd: 0.001529
  step:  49 bond rmsd: 0.001531
  step:  50 bond rmsd: 0.001534
  step:  51 bond rmsd: 0.001535
  step:  52 bond rmsd: 0.001535
micro_cycle  22 rmsd(b):  0.0015 rws:  1.000 n_fev: 1144
  step:   1 bond rmsd: 0.001535
  step:   2 bond rmsd: 0.056862
  step:   3 bond rmsd: 0.001650
  step:   4 bond rmsd: 0.001607
  step:   5 bond rmsd: 0.001580
  step:   6 bond rmsd: 0.001562
  step:   7 bond rmsd: 0.001551
  step:   8 bond rmsd: 0.001544
  step:   9 bond rmsd: 0.001539
  step:  10 bond rmsd: 0.001536
  step:  11 bond rmsd: 0.001534
  step:  12 bond rmsd: 0.001533
  step:  13 bond rmsd: 0.001532
  step:  14 bond rmsd: 0.001532
  step:  15 bond rmsd: 0.001531
  step:  16 bond rmsd: 0.001531
  step:  17 bond rmsd: 0.001531
  step:  18 bond rmsd: 0.001531
  step:  19 bond rmsd: 0.001531
  step:  20 bond rmsd: 0.001530
  step:  21 bond rmsd: 0.001530
  step:  22 bond rmsd: 0.001529
  step:  23 bond rmsd: 0.001529
  step:  24 bond rmsd: 0.001527
  step:  25 bond rmsd: 0.001525
  step:  26 bond rmsd: 0.001522
  step:  27 bond rmsd: 0.001520
  step:  28 bond rmsd: 0.001520
  step:  29 bond rmsd: 0.001517
  step:  30 bond rmsd: 0.001516
  step:  31 bond rmsd: 0.001516
  step:  32 bond rmsd: 0.001516
  step:  33 bond rmsd: 0.001516
  step:  34 bond rmsd: 0.001516
  step:  35 bond rmsd: 0.001516
  step:  36 bond rmsd: 0.001516
  step:  37 bond rmsd: 0.001516
  step:  38 bond rmsd: 0.001515
  step:  39 bond rmsd: 0.001515
  step:  40 bond rmsd: 0.001514
  step:  41 bond rmsd: 0.001514
  step:  42 bond rmsd: 0.001513
  step:  43 bond rmsd: 0.001512
  step:  44 bond rmsd: 0.001511
  step:  45 bond rmsd: 0.001509
  step:  46 bond rmsd: 0.001507
  step:  47 bond rmsd: 0.001506
  step:  48 bond rmsd: 0.001504
  step:  49 bond rmsd: 0.001501
  step:  50 bond rmsd: 0.001500
  step:  51 bond rmsd: 0.001498
  step:  52 bond rmsd: 0.001497
micro_cycle  23 rmsd(b):  0.0015 rws:  1.000 n_fev: 1196
  step:   1 bond rmsd: 0.001497
  step:   2 bond rmsd: 0.049754
  step:   3 bond rmsd: 0.001491
  step:   4 bond rmsd: 0.001492
  step:   5 bond rmsd: 0.001492
  step:   6 bond rmsd: 0.001493
  step:   7 bond rmsd: 0.001493
  step:   8 bond rmsd: 0.001494
  step:   9 bond rmsd: 0.001494
  step:  10 bond rmsd: 0.001495
  step:  11 bond rmsd: 0.001495
  step:  12 bond rmsd: 0.001495
  step:  13 bond rmsd: 0.001496
  step:  14 bond rmsd: 0.001496
  step:  15 bond rmsd: 0.001496
  step:  16 bond rmsd: 0.001497
  step:  17 bond rmsd: 0.001497
  step:  18 bond rmsd: 0.001498
  step:  19 bond rmsd: 0.001498
  step:  20 bond rmsd: 0.001498
  step:  21 bond rmsd: 0.001497
  step:  22 bond rmsd: 0.001498
  step:  23 bond rmsd: 0.001497
  step:  24 bond rmsd: 0.001499
  step:  25 bond rmsd: 0.001499
  step:  26 bond rmsd: 0.001499
  step:  27 bond rmsd: 0.001499
  step:  28 bond rmsd: 0.001499
  step:  29 bond rmsd: 0.001500
  step:  30 bond rmsd: 0.001501
  step:  31 bond rmsd: 0.001503
  step:  32 bond rmsd: 0.001504
  step:  33 bond rmsd: 0.001507
  step:  34 bond rmsd: 0.001509
  step:  35 bond rmsd: 0.001512
  step:  36 bond rmsd: 0.001514
  step:  37 bond rmsd: 0.001515
  step:  38 bond rmsd: 0.001517
  step:  39 bond rmsd: 0.001518
  step:  40 bond rmsd: 0.001520
  step:  41 bond rmsd: 0.001523
  step:  42 bond rmsd: 0.001523
  step:  43 bond rmsd: 0.001524
  step:  44 bond rmsd: 0.001524
  step:  45 bond rmsd: 0.001525
  step:  46 bond rmsd: 0.001525
  step:  47 bond rmsd: 0.001526
  step:  48 bond rmsd: 0.001526
  step:  49 bond rmsd: 0.001526
  step:  50 bond rmsd: 0.001526
  step:  51 bond rmsd: 0.001526
  step:  52 bond rmsd: 0.001525
micro_cycle  24 rmsd(b):  0.0015 rws:  1.000 n_fev: 1248
  step:   1 bond rmsd: 0.001525
  step:   2 bond rmsd: 0.042737
  step:   3 bond rmsd: 0.001524
  step:   4 bond rmsd: 0.001524
  step:   5 bond rmsd: 0.001523
  step:   6 bond rmsd: 0.001523
  step:   7 bond rmsd: 0.001523
  step:   8 bond rmsd: 0.001523
  step:   9 bond rmsd: 0.001523
  step:  10 bond rmsd: 0.001523
  step:  11 bond rmsd: 0.001523
  step:  12 bond rmsd: 0.001523
  step:  13 bond rmsd: 0.001523
  step:  14 bond rmsd: 0.001523
  step:  15 bond rmsd: 0.001523
  step:  16 bond rmsd: 0.001523
  step:  17 bond rmsd: 0.001522
  step:  18 bond rmsd: 0.001520
  step:  19 bond rmsd: 0.001519
  step:  20 bond rmsd: 0.001516
  step:  21 bond rmsd: 0.001515
  step:  22 bond rmsd: 0.001515
  step:  23 bond rmsd: 0.001515
  step:  24 bond rmsd: 0.001514
  step:  25 bond rmsd: 0.001514
  step:  26 bond rmsd: 0.001513
  step:  27 bond rmsd: 0.001512
  step:  28 bond rmsd: 0.001511
  step:  29 bond rmsd: 0.001511
  step:  30 bond rmsd: 0.001509
  step:  31 bond rmsd: 0.001508
  step:  32 bond rmsd: 0.001507
  step:  33 bond rmsd: 0.001505
  step:  34 bond rmsd: 0.001505
  step:  35 bond rmsd: 0.001503
  step:  36 bond rmsd: 0.001502
  step:  37 bond rmsd: 0.001500
  step:  38 bond rmsd: 0.001499
  step:  39 bond rmsd: 0.001497
  step:  40 bond rmsd: 0.001495
  step:  41 bond rmsd: 0.001494
  step:  42 bond rmsd: 0.001492
  step:  43 bond rmsd: 0.001491
  step:  44 bond rmsd: 0.001489
  step:  45 bond rmsd: 0.001488
  step:  46 bond rmsd: 0.001489
  step:  47 bond rmsd: 0.001489
  step:  48 bond rmsd: 0.001490
  step:  49 bond rmsd: 0.001491
  step:  50 bond rmsd: 0.001492
  step:  51 bond rmsd: 0.001492
  step:  52 bond rmsd: 0.001494
micro_cycle  25 rmsd(b):  0.0015 rws:  1.000 n_fev: 1300
  step:   1 bond rmsd: 0.001494
  step:   2 bond rmsd: 0.029039
  step:   3 bond rmsd: 0.001489
  step:   4 bond rmsd: 0.001489
  step:   5 bond rmsd: 0.001490
  step:   6 bond rmsd: 0.001491
  step:   7 bond rmsd: 0.001491
  step:   8 bond rmsd: 0.001492
  step:   9 bond rmsd: 0.001492
  step:  10 bond rmsd: 0.001493
  step:  11 bond rmsd: 0.001493
  step:  12 bond rmsd: 0.001493
  step:  13 bond rmsd: 0.001494
  step:  14 bond rmsd: 0.001494
  step:  15 bond rmsd: 0.001495
  step:  16 bond rmsd: 0.001495
  step:  17 bond rmsd: 0.001496
  step:  18 bond rmsd: 0.001496
  step:  19 bond rmsd: 0.001496
  step:  20 bond rmsd: 0.001495
  step:  21 bond rmsd: 0.001496
  step:  22 bond rmsd: 0.001496
  step:  23 bond rmsd: 0.001498
  step:  24 bond rmsd: 0.001499
  step:  25 bond rmsd: 0.001499
  step:  26 bond rmsd: 0.001500
  step:  27 bond rmsd: 0.001501
  step:  28 bond rmsd: 0.001503
  step:  29 bond rmsd: 0.001504
  step:  30 bond rmsd: 0.001507
  step:  31 bond rmsd: 0.001507
  step:  32 bond rmsd: 0.001508
  step:  33 bond rmsd: 0.001509
  step:  34 bond rmsd: 0.001510
  step:  35 bond rmsd: 0.001511
  step:  36 bond rmsd: 0.001512
  step:  37 bond rmsd: 0.001514
  step:  38 bond rmsd: 0.001515
  step:  39 bond rmsd: 0.001516
  step:  40 bond rmsd: 0.001518
  step:  41 bond rmsd: 0.001519
  step:  42 bond rmsd: 0.001520
  step:  43 bond rmsd: 0.001522
  step:  44 bond rmsd: 0.001522
  step:  45 bond rmsd: 0.001525
  step:  46 bond rmsd: 0.001525
  step:  47 bond rmsd: 0.001526
  step:  48 bond rmsd: 0.001526
  step:  49 bond rmsd: 0.001525
  step:  50 bond rmsd: 0.001525
  step:  51 bond rmsd: 0.001524
  step:  52 bond rmsd: 0.001524
micro_cycle  26 rmsd(b):  0.0015 rws:  1.000 n_fev: 1352
  step:   1 bond rmsd: 0.001524
  step:   2 bond rmsd: 0.058993
  step:   3 bond rmsd: 0.001531
  step:   4 bond rmsd: 0.001529
  step:   5 bond rmsd: 0.001528
  step:   6 bond rmsd: 0.001527
  step:   7 bond rmsd: 0.001526
  step:   8 bond rmsd: 0.001525
  step:   9 bond rmsd: 0.001524
  step:  10 bond rmsd: 0.001524
  step:  11 bond rmsd: 0.001523
  step:  12 bond rmsd: 0.001523
  step:  13 bond rmsd: 0.001522
  step:  14 bond rmsd: 0.001522
  step:  15 bond rmsd: 0.001521
  step:  16 bond rmsd: 0.001520
  step:  17 bond rmsd: 0.001519
  step:  18 bond rmsd: 0.001519
  step:  19 bond rmsd: 0.001518
  step:  20 bond rmsd: 0.001517
  step:  21 bond rmsd: 0.001514
  step:  22 bond rmsd: 0.001514
  step:  23 bond rmsd: 0.001514
  step:  24 bond rmsd: 0.001514
  step:  25 bond rmsd: 0.001514
  step:  26 bond rmsd: 0.001513
  step:  27 bond rmsd: 0.001512
  step:  28 bond rmsd: 0.001511
  step:  29 bond rmsd: 0.001510
  step:  30 bond rmsd: 0.001508
  step:  31 bond rmsd: 0.001507
  step:  32 bond rmsd: 0.001504
  step:  33 bond rmsd: 0.001503
  step:  34 bond rmsd: 0.001502
  step:  35 bond rmsd: 0.001501
  step:  36 bond rmsd: 0.001500
  step:  37 bond rmsd: 0.001498
  step:  38 bond rmsd: 0.001497
  step:  39 bond rmsd: 0.001496
  step:  40 bond rmsd: 0.001496
  step:  41 bond rmsd: 0.001495
  step:  42 bond rmsd: 0.001494
  step:  43 bond rmsd: 0.001493
  step:  44 bond rmsd: 0.001492
  step:  45 bond rmsd: 0.001491
  step:  46 bond rmsd: 0.001491
  step:  47 bond rmsd: 0.001491
  step:  48 bond rmsd: 0.001490
  step:  49 bond rmsd: 0.001490
  step:  50 bond rmsd: 0.001490
  step:  51 bond rmsd: 0.001490
  step:  52 bond rmsd: 0.001490
micro_cycle  27 rmsd(b):  0.0015 rws:  1.000 n_fev: 1404
  step:   1 bond rmsd: 0.001490
  step:   2 bond rmsd: 0.078708
  step:   3 bond rmsd: 0.001495
  step:   4 bond rmsd: 0.001494
  step:   5 bond rmsd: 0.001493
  step:   6 bond rmsd: 0.001493
  step:   7 bond rmsd: 0.001492
  step:   8 bond rmsd: 0.001492
  step:   9 bond rmsd: 0.001492
  step:  10 bond rmsd: 0.001492
  step:  11 bond rmsd: 0.001491
  step:  12 bond rmsd: 0.001491
  step:  13 bond rmsd: 0.001491
  step:  14 bond rmsd: 0.001491
  step:  15 bond rmsd: 0.001491
  step:  16 bond rmsd: 0.001491
  step:  17 bond rmsd: 0.001491
  step:  18 bond rmsd: 0.001492
  step:  19 bond rmsd: 0.001492
  step:  20 bond rmsd: 0.001493
  step:  21 bond rmsd: 0.001494
  step:  22 bond rmsd: 0.001495
  step:  23 bond rmsd: 0.001498
  step:  24 bond rmsd: 0.001499
  step:  25 bond rmsd: 0.001499
  step:  26 bond rmsd: 0.001500
  step:  27 bond rmsd: 0.001500
  step:  28 bond rmsd: 0.001501
  step:  29 bond rmsd: 0.001502
  step:  30 bond rmsd: 0.001502
  step:  31 bond rmsd: 0.001503
  step:  32 bond rmsd: 0.001504
  step:  33 bond rmsd: 0.001505
  step:  34 bond rmsd: 0.001505
  step:  35 bond rmsd: 0.001506
  step:  36 bond rmsd: 0.001508
  step:  37 bond rmsd: 0.001509
  step:  38 bond rmsd: 0.001510
  step:  39 bond rmsd: 0.001511
  step:  40 bond rmsd: 0.001512
  step:  41 bond rmsd: 0.001515
  step:  42 bond rmsd: 0.001515
  step:  43 bond rmsd: 0.001516
  step:  44 bond rmsd: 0.001517
  step:  45 bond rmsd: 0.001517
  step:  46 bond rmsd: 0.001518
  step:  47 bond rmsd: 0.001518
  step:  48 bond rmsd: 0.001519
  step:  49 bond rmsd: 0.001519
  step:  50 bond rmsd: 0.001519
  step:  51 bond rmsd: 0.001520
  step:  52 bond rmsd: 0.001521
micro_cycle  28 rmsd(b):  0.0015 rws:  1.000 n_fev: 1456
  step:   1 bond rmsd: 0.001521
  step:   2 bond rmsd: 0.060812
  step:   3 bond rmsd: 0.001519
  step:   4 bond rmsd: 0.001519
  step:   5 bond rmsd: 0.001519
  step:   6 bond rmsd: 0.001519
  step:   7 bond rmsd: 0.001519
  step:   8 bond rmsd: 0.001519
  step:   9 bond rmsd: 0.001519
  step:  10 bond rmsd: 0.001519
  step:  11 bond rmsd: 0.001519
  step:  12 bond rmsd: 0.001519
  step:  13 bond rmsd: 0.001519
  step:  14 bond rmsd: 0.001519
  step:  15 bond rmsd: 0.001519
  step:  16 bond rmsd: 0.001519
  step:  17 bond rmsd: 0.001519
  step:  18 bond rmsd: 0.001518
  step:  19 bond rmsd: 0.001517
  step:  20 bond rmsd: 0.001515
  step:  21 bond rmsd: 0.001514
  step:  22 bond rmsd: 0.001513
  step:  23 bond rmsd: 0.001512
  step:  24 bond rmsd: 0.001511
  step:  25 bond rmsd: 0.001511
  step:  26 bond rmsd: 0.001509
  step:  27 bond rmsd: 0.001508
  step:  28 bond rmsd: 0.001507
  step:  29 bond rmsd: 0.001507
  step:  30 bond rmsd: 0.001506
  step:  31 bond rmsd: 0.001505
  step:  32 bond rmsd: 0.001503
  step:  33 bond rmsd: 0.001501
  step:  34 bond rmsd: 0.001500
  step:  35 bond rmsd: 0.001498
  step:  36 bond rmsd: 0.001497
  step:  37 bond rmsd: 0.001496
  step:  38 bond rmsd: 0.001494
  step:  39 bond rmsd: 0.001492
  step:  40 bond rmsd: 0.001491
  step:  41 bond rmsd: 0.001490
  step:  42 bond rmsd: 0.001489
  step:  43 bond rmsd: 0.001488
  step:  44 bond rmsd: 0.001488
  step:  45 bond rmsd: 0.001488
  step:  46 bond rmsd: 0.001487
  step:  47 bond rmsd: 0.001488
  step:  48 bond rmsd: 0.001488
  step:  49 bond rmsd: 0.001489
  step:  50 bond rmsd: 0.001489
  step:  51 bond rmsd: 0.001491
  step:  52 bond rmsd: 0.001492
micro_cycle  29 rmsd(b):  0.0015 rws:  1.000 n_fev: 1508
  step:   1 bond rmsd: 0.001492
  step:   2 bond rmsd: 0.017010
  step:   3 bond rmsd: 0.001502
  step:   4 bond rmsd: 0.001500
  step:   5 bond rmsd: 0.001499
  step:   6 bond rmsd: 0.001497
  step:   7 bond rmsd: 0.001496
  step:   8 bond rmsd: 0.001495
  step:   9 bond rmsd: 0.001494
  step:  10 bond rmsd: 0.001494
  step:  11 bond rmsd: 0.001493
  step:  12 bond rmsd: 0.001493
  step:  13 bond rmsd: 0.001493
  step:  14 bond rmsd: 0.001492
  step:  15 bond rmsd: 0.001492
  step:  16 bond rmsd: 0.001492
  step:  17 bond rmsd: 0.001492
  step:  18 bond rmsd: 0.001494
  step:  19 bond rmsd: 0.001494
  step:  20 bond rmsd: 0.001496
  step:  21 bond rmsd: 0.001496
  step:  22 bond rmsd: 0.001497
  step:  23 bond rmsd: 0.001497
  step:  24 bond rmsd: 0.001498
  step:  25 bond rmsd: 0.001498
  step:  26 bond rmsd: 0.001499
  step:  27 bond rmsd: 0.001500
  step:  28 bond rmsd: 0.001501
  step:  29 bond rmsd: 0.001502
  step:  30 bond rmsd: 0.001505
  step:  31 bond rmsd: 0.001506
  step:  32 bond rmsd: 0.001509
  step:  33 bond rmsd: 0.001510
  step:  34 bond rmsd: 0.001513
  step:  35 bond rmsd: 0.001515
  step:  36 bond rmsd: 0.001515
  step:  37 bond rmsd: 0.001517
  step:  38 bond rmsd: 0.001519
  step:  39 bond rmsd: 0.001520
  step:  40 bond rmsd: 0.001520
  step:  41 bond rmsd: 0.001521
  step:  42 bond rmsd: 0.001522
  step:  43 bond rmsd: 0.001522
  step:  44 bond rmsd: 0.001522
  step:  45 bond rmsd: 0.001522
  step:  46 bond rmsd: 0.001523
  step:  47 bond rmsd: 0.001523
  step:  48 bond rmsd: 0.001521
  step:  49 bond rmsd: 0.001521
  step:  50 bond rmsd: 0.001520
  step:  51 bond rmsd: 0.001520
  step:  52 bond rmsd: 0.001518
micro_cycle  30 rmsd(b):  0.0015 rws:  1.000 n_fev: 1560
  step:   1 bond rmsd: 0.001518
  step:   2 bond rmsd: 0.045670
  step:   3 bond rmsd: 0.001661
  step:   4 bond rmsd: 0.001622
  step:   5 bond rmsd: 0.001594
  step:   6 bond rmsd: 0.001574
  step:   7 bond rmsd: 0.001560
  step:   8 bond rmsd: 0.001550
  step:   9 bond rmsd: 0.001543
  step:  10 bond rmsd: 0.001537
  step:  11 bond rmsd: 0.001533
  step:  12 bond rmsd: 0.001530
  step:  13 bond rmsd: 0.001528
  step:  14 bond rmsd: 0.001526
  step:  15 bond rmsd: 0.001525
  step:  16 bond rmsd: 0.001523
  step:  17 bond rmsd: 0.001522
  step:  18 bond rmsd: 0.001522
  step:  19 bond rmsd: 0.001521
  step:  20 bond rmsd: 0.001520
  step:  21 bond rmsd: 0.001519
  step:  22 bond rmsd: 0.001519
  step:  23 bond rmsd: 0.001518
  step:  24 bond rmsd: 0.001517
  step:  25 bond rmsd: 0.001516
  step:  26 bond rmsd: 0.001515
  step:  27 bond rmsd: 0.001518
  step:  28 bond rmsd: 0.001517
  step:  29 bond rmsd: 0.001516
  step:  30 bond rmsd: 0.001514
  step:  31 bond rmsd: 0.001512
  step:  32 bond rmsd: 0.001511
  step:  33 bond rmsd: 0.001509
  step:  34 bond rmsd: 0.001508
  step:  35 bond rmsd: 0.001507
  step:  36 bond rmsd: 0.001506
  step:  37 bond rmsd: 0.001505
  step:  38 bond rmsd: 0.001503
  step:  39 bond rmsd: 0.001502
  step:  40 bond rmsd: 0.001501
  step:  41 bond rmsd: 0.001499
  step:  42 bond rmsd: 0.001498
  step:  43 bond rmsd: 0.001496
  step:  44 bond rmsd: 0.001495
  step:  45 bond rmsd: 0.001494
  step:  46 bond rmsd: 0.001493
  step:  47 bond rmsd: 0.001493
  step:  48 bond rmsd: 0.001492
  step:  49 bond rmsd: 0.001493
  step:  50 bond rmsd: 0.001492
  step:  51 bond rmsd: 0.001491
  step:  52 bond rmsd: 0.001490
micro_cycle  31 rmsd(b):  0.0015 rws:  1.000 n_fev: 1612
  step:   1 bond rmsd: 0.001490
  step:   2 bond rmsd: 0.047907
  step:   3 bond rmsd: 0.001485
  step:   4 bond rmsd: 0.001485
  step:   5 bond rmsd: 0.001486
  step:   6 bond rmsd: 0.001486
  step:   7 bond rmsd: 0.001487
  step:   8 bond rmsd: 0.001487
  step:   9 bond rmsd: 0.001488
  step:  10 bond rmsd: 0.001488
  step:  11 bond rmsd: 0.001488
  step:  12 bond rmsd: 0.001488
  step:  13 bond rmsd: 0.001489
  step:  14 bond rmsd: 0.001489
  step:  15 bond rmsd: 0.001489
  step:  16 bond rmsd: 0.001489
  step:  17 bond rmsd: 0.001490
  step:  18 bond rmsd: 0.001490
  step:  19 bond rmsd: 0.001490
  step:  20 bond rmsd: 0.001490
  step:  21 bond rmsd: 0.001491
  step:  22 bond rmsd: 0.001491
  step:  23 bond rmsd: 0.001492
  step:  24 bond rmsd: 0.001493
  step:  25 bond rmsd: 0.001494
  step:  26 bond rmsd: 0.001495
  step:  27 bond rmsd: 0.001497
  step:  28 bond rmsd: 0.001496
  step:  29 bond rmsd: 0.001496
  step:  30 bond rmsd: 0.001498
  step:  31 bond rmsd: 0.001500
  step:  32 bond rmsd: 0.001502
  step:  33 bond rmsd: 0.001503
  step:  34 bond rmsd: 0.001505
  step:  35 bond rmsd: 0.001506
  step:  36 bond rmsd: 0.001507
  step:  37 bond rmsd: 0.001508
  step:  38 bond rmsd: 0.001509
  step:  39 bond rmsd: 0.001509
  step:  40 bond rmsd: 0.001510
  step:  41 bond rmsd: 0.001511
  step:  42 bond rmsd: 0.001512
  step:  43 bond rmsd: 0.001513
  step:  44 bond rmsd: 0.001514
  step:  45 bond rmsd: 0.001516
  step:  46 bond rmsd: 0.001516
  step:  47 bond rmsd: 0.001517
  step:  48 bond rmsd: 0.001517
  step:  49 bond rmsd: 0.001518
  step:  50 bond rmsd: 0.001518
  step:  51 bond rmsd: 0.001518
  step:  52 bond rmsd: 0.001518
  step:  53 bond rmsd: 0.001519
micro_cycle  32 rmsd(b):  0.0015 rws:  1.000 n_fev: 1665
  step:   1 bond rmsd: 0.001519
  step:   2 bond rmsd: 0.074236
  step:   3 bond rmsd: 0.001524
  step:   4 bond rmsd: 0.001523
  step:   5 bond rmsd: 0.001522
  step:   6 bond rmsd: 0.001521
  step:   7 bond rmsd: 0.001521
  step:   8 bond rmsd: 0.001520
  step:   9 bond rmsd: 0.001520
  step:  10 bond rmsd: 0.001519
  step:  11 bond rmsd: 0.001519
  step:  12 bond rmsd: 0.001519
  step:  13 bond rmsd: 0.001518
  step:  14 bond rmsd: 0.001518
  step:  15 bond rmsd: 0.001518
  step:  16 bond rmsd: 0.001517
  step:  17 bond rmsd: 0.001517
  step:  18 bond rmsd: 0.001516
  step:  19 bond rmsd: 0.001515
  step:  20 bond rmsd: 0.001519
  step:  21 bond rmsd: 0.001517
  step:  22 bond rmsd: 0.001516
  step:  23 bond rmsd: 0.001514
  step:  24 bond rmsd: 0.001512
  step:  25 bond rmsd: 0.001511
  step:  26 bond rmsd: 0.001509
  step:  27 bond rmsd: 0.001508
  step:  28 bond rmsd: 0.001506
  step:  29 bond rmsd: 0.001504
  step:  30 bond rmsd: 0.001504
  step:  31 bond rmsd: 0.001503
  step:  32 bond rmsd: 0.001500
  step:  33 bond rmsd: 0.001500
  step:  34 bond rmsd: 0.001499
  step:  35 bond rmsd: 0.001499
  step:  36 bond rmsd: 0.001499
  step:  37 bond rmsd: 0.001498
  step:  38 bond rmsd: 0.001498
  step:  39 bond rmsd: 0.001498
  step:  40 bond rmsd: 0.001497
  step:  41 bond rmsd: 0.001496
  step:  42 bond rmsd: 0.001496
  step:  43 bond rmsd: 0.001494
  step:  44 bond rmsd: 0.001493
  step:  45 bond rmsd: 0.001492
  step:  46 bond rmsd: 0.001491
  step:  47 bond rmsd: 0.001490
  step:  48 bond rmsd: 0.001489
  step:  49 bond rmsd: 0.001489
  step:  50 bond rmsd: 0.001487
  step:  51 bond rmsd: 0.001486
  step:  52 bond rmsd: 0.001486
micro_cycle  33 rmsd(b):  0.0015 rws:  1.000 n_fev: 1717
  step:   1 bond rmsd: 0.001486
  step:   2 bond rmsd: 0.027678
  step:   3 bond rmsd: 0.001484
  step:   4 bond rmsd: 0.001484
  step:   5 bond rmsd: 0.001484
  step:   6 bond rmsd: 0.001485
  step:   7 bond rmsd: 0.001485
  step:   8 bond rmsd: 0.001485
  step:   9 bond rmsd: 0.001486
  step:  10 bond rmsd: 0.001486
  step:  11 bond rmsd: 0.001487
  step:  12 bond rmsd: 0.001487
  step:  13 bond rmsd: 0.001487
  step:  14 bond rmsd: 0.001487
  step:  15 bond rmsd: 0.001488
  step:  16 bond rmsd: 0.001488
  step:  17 bond rmsd: 0.001489
  step:  18 bond rmsd: 0.001490
  step:  19 bond rmsd: 0.001491
  step:  20 bond rmsd: 0.001492
  step:  21 bond rmsd: 0.001495
  step:  22 bond rmsd: 0.001496
  step:  23 bond rmsd: 0.001497
  step:  24 bond rmsd: 0.001498
  step:  25 bond rmsd: 0.001498
  step:  26 bond rmsd: 0.001500
  step:  27 bond rmsd: 0.001500
  step:  28 bond rmsd: 0.001502
  step:  29 bond rmsd: 0.001503
  step:  30 bond rmsd: 0.001505
  step:  31 bond rmsd: 0.001506
  step:  32 bond rmsd: 0.001508
  step:  33 bond rmsd: 0.001509
  step:  34 bond rmsd: 0.001510
  step:  35 bond rmsd: 0.001511
  step:  36 bond rmsd: 0.001512
  step:  37 bond rmsd: 0.001512
  step:  38 bond rmsd: 0.001512
  step:  39 bond rmsd: 0.001512
  step:  40 bond rmsd: 0.001512
  step:  41 bond rmsd: 0.001512
  step:  42 bond rmsd: 0.001512
  step:  43 bond rmsd: 0.001512
  step:  44 bond rmsd: 0.001511
  step:  45 bond rmsd: 0.001512
  step:  46 bond rmsd: 0.001512
  step:  47 bond rmsd: 0.001512
  step:  48 bond rmsd: 0.001511
  step:  49 bond rmsd: 0.001511
  step:  50 bond rmsd: 0.001510
  step:  51 bond rmsd: 0.001510
  step:  52 bond rmsd: 0.001510
micro_cycle  34 rmsd(b):  0.0015 rws:  1.000 n_fev: 1769
  step:   1 bond rmsd: 0.001510
  step:   2 bond rmsd: 0.015678
  step:   3 bond rmsd: 0.001507
  step:   4 bond rmsd: 0.001506
  step:   5 bond rmsd: 0.001506
  step:   6 bond rmsd: 0.001506
  step:   7 bond rmsd: 0.001506
  step:   8 bond rmsd: 0.001506
  step:   9 bond rmsd: 0.001507
  step:  10 bond rmsd: 0.001507
  step:  11 bond rmsd: 0.001507
  step:  12 bond rmsd: 0.001507
  step:  13 bond rmsd: 0.001508
  step:  14 bond rmsd: 0.001508
  step:  15 bond rmsd: 0.001508
  step:  16 bond rmsd: 0.001508
  step:  17 bond rmsd: 0.001508
  step:  18 bond rmsd: 0.001509
  step:  19 bond rmsd: 0.001509
  step:  20 bond rmsd: 0.001509
  step:  21 bond rmsd: 0.001509
  step:  22 bond rmsd: 0.001509
  step:  23 bond rmsd: 0.001507
  step:  24 bond rmsd: 0.001507
  step:  25 bond rmsd: 0.001506
  step:  26 bond rmsd: 0.001506
  step:  27 bond rmsd: 0.001505
  step:  28 bond rmsd: 0.001504
  step:  29 bond rmsd: 0.001502
  step:  30 bond rmsd: 0.001502
  step:  31 bond rmsd: 0.001500
  step:  32 bond rmsd: 0.001499
  step:  33 bond rmsd: 0.001499
  step:  34 bond rmsd: 0.001497
  step:  35 bond rmsd: 0.001495
  step:  36 bond rmsd: 0.001493
  step:  37 bond rmsd: 0.001493
  step:  38 bond rmsd: 0.001491
  step:  39 bond rmsd: 0.001490
  step:  40 bond rmsd: 0.001488
  step:  41 bond rmsd: 0.001487
  step:  42 bond rmsd: 0.001485
  step:  43 bond rmsd: 0.001484
  step:  44 bond rmsd: 0.001484
  step:  45 bond rmsd: 0.001483
  step:  46 bond rmsd: 0.001482
  step:  47 bond rmsd: 0.001484
  step:  48 bond rmsd: 0.001484
  step:  49 bond rmsd: 0.001485
  step:  50 bond rmsd: 0.001486
  step:  51 bond rmsd: 0.001488
  step:  52 bond rmsd: 0.001490
micro_cycle  35 rmsd(b):  0.0015 rws:  1.000 n_fev: 1821
  step:   1 bond rmsd: 0.001490
  step:   2 bond rmsd: 0.070051
  step:   3 bond rmsd: 0.001488
  step:   4 bond rmsd: 0.001488
  step:   5 bond rmsd: 0.001488
  step:   6 bond rmsd: 0.001488
  step:   7 bond rmsd: 0.001489
  step:   8 bond rmsd: 0.001489
  step:   9 bond rmsd: 0.001489
  step:  10 bond rmsd: 0.001489
  step:  11 bond rmsd: 0.001489
  step:  12 bond rmsd: 0.001489
  step:  13 bond rmsd: 0.001489
  step:  14 bond rmsd: 0.001489
  step:  15 bond rmsd: 0.001489
  step:  16 bond rmsd: 0.001490
  step:  17 bond rmsd: 0.001490
  step:  18 bond rmsd: 0.001490
  step:  19 bond rmsd: 0.001489
  step:  20 bond rmsd: 0.001489
  step:  21 bond rmsd: 0.001490
  step:  22 bond rmsd: 0.001489
  step:  23 bond rmsd: 0.001490
  step:  24 bond rmsd: 0.001490
  step:  25 bond rmsd: 0.001492
  step:  26 bond rmsd: 0.001493
  step:  27 bond rmsd: 0.001494
  step:  28 bond rmsd: 0.001497
  step:  29 bond rmsd: 0.001497
  step:  30 bond rmsd: 0.001499
  step:  31 bond rmsd: 0.001500
  step:  32 bond rmsd: 0.001502
  step:  33 bond rmsd: 0.001503
  step:  34 bond rmsd: 0.001504
  step:  35 bond rmsd: 0.001505
  step:  36 bond rmsd: 0.001506
  step:  37 bond rmsd: 0.001504
  step:  38 bond rmsd: 0.001505
  step:  39 bond rmsd: 0.001505
  step:  40 bond rmsd: 0.001506
  step:  41 bond rmsd: 0.001507
  step:  42 bond rmsd: 0.001509
  step:  43 bond rmsd: 0.001509
  step:  44 bond rmsd: 0.001510
  step:  45 bond rmsd: 0.001511
  step:  46 bond rmsd: 0.001512
  step:  47 bond rmsd: 0.001513
  step:  48 bond rmsd: 0.001513
  step:  49 bond rmsd: 0.001513
  step:  50 bond rmsd: 0.001514
  step:  51 bond rmsd: 0.001514
  step:  52 bond rmsd: 0.001513
micro_cycle  36 rmsd(b):  0.0015 rws:  1.000 n_fev: 1873
  step:   1 bond rmsd: 0.001513
  step:   2 bond rmsd: 0.037377
  step:   3 bond rmsd: 0.001520
  step:   4 bond rmsd: 0.001519
  step:   5 bond rmsd: 0.001518
  step:   6 bond rmsd: 0.001517
  step:   7 bond rmsd: 0.001516
  step:   8 bond rmsd: 0.001515
  step:   9 bond rmsd: 0.001515
  step:  10 bond rmsd: 0.001514
  step:  11 bond rmsd: 0.001513
  step:  12 bond rmsd: 0.001513
  step:  13 bond rmsd: 0.001512
  step:  14 bond rmsd: 0.001512
  step:  15 bond rmsd: 0.001511
  step:  16 bond rmsd: 0.001511
  step:  17 bond rmsd: 0.001510
  step:  18 bond rmsd: 0.001510
  step:  19 bond rmsd: 0.001509
  step:  20 bond rmsd: 0.001510
  step:  21 bond rmsd: 0.001509
  step:  22 bond rmsd: 0.001508
  step:  23 bond rmsd: 0.001508
  step:  24 bond rmsd: 0.001507
  step:  25 bond rmsd: 0.001506
  step:  26 bond rmsd: 0.001505
  step:  27 bond rmsd: 0.001504
  step:  28 bond rmsd: 0.001503
  step:  29 bond rmsd: 0.001502
  step:  30 bond rmsd: 0.001499
  step:  31 bond rmsd: 0.001499
  step:  32 bond rmsd: 0.001499
  step:  33 bond rmsd: 0.001498
  step:  34 bond rmsd: 0.001498
  step:  35 bond rmsd: 0.001497
  step:  36 bond rmsd: 0.001497
  step:  37 bond rmsd: 0.001496
  step:  38 bond rmsd: 0.001495
  step:  39 bond rmsd: 0.001494
  step:  40 bond rmsd: 0.001493
  step:  41 bond rmsd: 0.001492
  step:  42 bond rmsd: 0.001491
  step:  43 bond rmsd: 0.001490
  step:  44 bond rmsd: 0.001490
  step:  45 bond rmsd: 0.001489
  step:  46 bond rmsd: 0.001488
  step:  47 bond rmsd: 0.001488
  step:  48 bond rmsd: 0.001487
  step:  49 bond rmsd: 0.001486
  step:  50 bond rmsd: 0.001486
  step:  51 bond rmsd: 0.001485
  step:  52 bond rmsd: 0.001485
micro_cycle  37 rmsd(b):  0.0015 rws:  1.000 n_fev: 1925
  step:   1 bond rmsd: 0.001485
  step:   2 bond rmsd: 0.056147
  step:   3 bond rmsd: 0.001494
  step:   4 bond rmsd: 0.001493
  step:   5 bond rmsd: 0.001491
  step:   6 bond rmsd: 0.001490
  step:   7 bond rmsd: 0.001490
  step:   8 bond rmsd: 0.001489
  step:   9 bond rmsd: 0.001488
  step:  10 bond rmsd: 0.001488
  step:  11 bond rmsd: 0.001487
  step:  12 bond rmsd: 0.001487
  step:  13 bond rmsd: 0.001487
  step:  14 bond rmsd: 0.001486
  step:  15 bond rmsd: 0.001486
  step:  16 bond rmsd: 0.001486
  step:  17 bond rmsd: 0.001486
  step:  18 bond rmsd: 0.001487
  step:  19 bond rmsd: 0.001488
  step:  20 bond rmsd: 0.001490
  step:  21 bond rmsd: 0.001491
  step:  22 bond rmsd: 0.001496
  step:  23 bond rmsd: 0.001496
  step:  24 bond rmsd: 0.001496
  step:  25 bond rmsd: 0.001496
  step:  26 bond rmsd: 0.001496
  step:  27 bond rmsd: 0.001496
  step:  28 bond rmsd: 0.001496
  step:  29 bond rmsd: 0.001497
  step:  30 bond rmsd: 0.001497
  step:  31 bond rmsd: 0.001497
  step:  32 bond rmsd: 0.001497
  step:  33 bond rmsd: 0.001498
  step:  34 bond rmsd: 0.001499
  step:  35 bond rmsd: 0.001499
  step:  36 bond rmsd: 0.001500
  step:  37 bond rmsd: 0.001501
  step:  38 bond rmsd: 0.001503
  step:  39 bond rmsd: 0.001505
  step:  40 bond rmsd: 0.001506
  step:  41 bond rmsd: 0.001508
  step:  42 bond rmsd: 0.001509
  step:  43 bond rmsd: 0.001511
  step:  44 bond rmsd: 0.001511
  step:  45 bond rmsd: 0.001512
  step:  46 bond rmsd: 0.001512
  step:  47 bond rmsd: 0.001512
  step:  48 bond rmsd: 0.001512
  step:  49 bond rmsd: 0.001512
  step:  50 bond rmsd: 0.001512
  step:  51 bond rmsd: 0.001511
  step:  52 bond rmsd: 0.001511
  step:  53 bond rmsd: 0.001511
micro_cycle  38 rmsd(b):  0.0015 rws:  1.000 n_fev: 1978
  step:   1 bond rmsd: 0.001511
  step:   2 bond rmsd: 0.047765
  step:   3 bond rmsd: 0.001527
  step:   4 bond rmsd: 0.001523
  step:   5 bond rmsd: 0.001521
  step:   6 bond rmsd: 0.001519
  step:   7 bond rmsd: 0.001517
  step:   8 bond rmsd: 0.001516
  step:   9 bond rmsd: 0.001515
  step:  10 bond rmsd: 0.001515
  step:  11 bond rmsd: 0.001514
  step:  12 bond rmsd: 0.001513
  step:  13 bond rmsd: 0.001513
  step:  14 bond rmsd: 0.001513
  step:  15 bond rmsd: 0.001512
  step:  16 bond rmsd: 0.001512
  step:  17 bond rmsd: 0.001512
  step:  18 bond rmsd: 0.001512
  step:  19 bond rmsd: 0.001511
  step:  20 bond rmsd: 0.001511
  step:  21 bond rmsd: 0.001510
  step:  22 bond rmsd: 0.001510
  step:  23 bond rmsd: 0.001509
  step:  24 bond rmsd: 0.001508
  step:  25 bond rmsd: 0.001510
  step:  26 bond rmsd: 0.001509
  step:  27 bond rmsd: 0.001508
  step:  28 bond rmsd: 0.001505
  step:  29 bond rmsd: 0.001503
  step:  30 bond rmsd: 0.001501
  step:  31 bond rmsd: 0.001498
  step:  32 bond rmsd: 0.001498
  step:  33 bond rmsd: 0.001496
  step:  34 bond rmsd: 0.001496
  step:  35 bond rmsd: 0.001494
  step:  36 bond rmsd: 0.001494
  step:  37 bond rmsd: 0.001493
  step:  38 bond rmsd: 0.001492
  step:  39 bond rmsd: 0.001494
  step:  40 bond rmsd: 0.001494
  step:  41 bond rmsd: 0.001493
  step:  42 bond rmsd: 0.001492
  step:  43 bond rmsd: 0.001490
  step:  44 bond rmsd: 0.001489
  step:  45 bond rmsd: 0.001489
  step:  46 bond rmsd: 0.001488
  step:  47 bond rmsd: 0.001487
  step:  48 bond rmsd: 0.001487
  step:  49 bond rmsd: 0.001487
  step:  50 bond rmsd: 0.001486
  step:  51 bond rmsd: 0.001486
  step:  52 bond rmsd: 0.001484
  step:  53 bond rmsd: 0.001484
micro_cycle  39 rmsd(b):  0.0015 rws:  1.000 n_fev: 2031
  step:   1 bond rmsd: 0.001484
  step:   2 bond rmsd: 0.058035
  step:   3 bond rmsd: 0.001491
  step:   4 bond rmsd: 0.001490
  step:   5 bond rmsd: 0.001489
  step:   6 bond rmsd: 0.001488
  step:   7 bond rmsd: 0.001487
  step:   8 bond rmsd: 0.001487
  step:   9 bond rmsd: 0.001486
  step:  10 bond rmsd: 0.001486
  step:  11 bond rmsd: 0.001486
  step:  12 bond rmsd: 0.001485
  step:  13 bond rmsd: 0.001485
  step:  14 bond rmsd: 0.001485
  step:  15 bond rmsd: 0.001485
  step:  16 bond rmsd: 0.001484
  step:  17 bond rmsd: 0.001484
  step:  18 bond rmsd: 0.001484
  step:  19 bond rmsd: 0.001485
  step:  20 bond rmsd: 0.001488
  step:  21 bond rmsd: 0.001489
  step:  22 bond rmsd: 0.001490
  step:  23 bond rmsd: 0.001493
  step:  24 bond rmsd: 0.001495
  step:  25 bond rmsd: 0.001496
  step:  26 bond rmsd: 0.001499
  step:  27 bond rmsd: 0.001500
  step:  28 bond rmsd: 0.001501
  step:  29 bond rmsd: 0.001502
  step:  30 bond rmsd: 0.001503
  step:  31 bond rmsd: 0.001504
  step:  32 bond rmsd: 0.001505
  step:  33 bond rmsd: 0.001505
  step:  34 bond rmsd: 0.001507
  step:  35 bond rmsd: 0.001507
  step:  36 bond rmsd: 0.001508
  step:  37 bond rmsd: 0.001509
  step:  38 bond rmsd: 0.001510
  step:  39 bond rmsd: 0.001511
  step:  40 bond rmsd: 0.001512
  step:  41 bond rmsd: 0.001512
  step:  42 bond rmsd: 0.001513
  step:  43 bond rmsd: 0.001512
  step:  44 bond rmsd: 0.001512
  step:  45 bond rmsd: 0.001512
  step:  46 bond rmsd: 0.001511
  step:  47 bond rmsd: 0.001510
  step:  48 bond rmsd: 0.001508
  step:  49 bond rmsd: 0.001507
  step:  50 bond rmsd: 0.001507
  step:  51 bond rmsd: 0.001507
  step:  52 bond rmsd: 0.001506
micro_cycle  40 rmsd(b):  0.0015 rws:  1.000 n_fev: 2083
  step:   1 bond rmsd: 0.001506
  step:   2 bond rmsd: 0.045420
  step:   3 bond rmsd: 0.001517
  step:   4 bond rmsd: 0.001515
  step:   5 bond rmsd: 0.001513
  step:   6 bond rmsd: 0.001512
  step:   7 bond rmsd: 0.001511
  step:   8 bond rmsd: 0.001510
  step:   9 bond rmsd: 0.001509
  step:  10 bond rmsd: 0.001508
  step:  11 bond rmsd: 0.001508
  step:  12 bond rmsd: 0.001507
  step:  13 bond rmsd: 0.001507
  step:  14 bond rmsd: 0.001507
  step:  15 bond rmsd: 0.001506
  step:  16 bond rmsd: 0.001506
  step:  17 bond rmsd: 0.001506
  step:  18 bond rmsd: 0.001506
  step:  19 bond rmsd: 0.001506
  step:  20 bond rmsd: 0.001506
  step:  21 bond rmsd: 0.001506
  step:  22 bond rmsd: 0.001506
  step:  23 bond rmsd: 0.001509
  step:  24 bond rmsd: 0.001509
  step:  25 bond rmsd: 0.001508
  step:  26 bond rmsd: 0.001508
  step:  27 bond rmsd: 0.001507
  step:  28 bond rmsd: 0.001507
  step:  29 bond rmsd: 0.001506
  step:  30 bond rmsd: 0.001506
  step:  31 bond rmsd: 0.001505
  step:  32 bond rmsd: 0.001505
  step:  33 bond rmsd: 0.001505
  step:  34 bond rmsd: 0.001504
  step:  35 bond rmsd: 0.001504
  step:  36 bond rmsd: 0.001502
  step:  37 bond rmsd: 0.001502
  step:  38 bond rmsd: 0.001501
  step:  39 bond rmsd: 0.001500
  step:  40 bond rmsd: 0.001498
  step:  41 bond rmsd: 0.001497
  step:  42 bond rmsd: 0.001496
  step:  43 bond rmsd: 0.001493
  step:  44 bond rmsd: 0.001492
  step:  45 bond rmsd: 0.001490
  step:  46 bond rmsd: 0.001489
  step:  47 bond rmsd: 0.001488
  step:  48 bond rmsd: 0.001487
  step:  49 bond rmsd: 0.001486
  step:  50 bond rmsd: 0.001485
  step:  51 bond rmsd: 0.001484
  step:  52 bond rmsd: 0.001484
micro_cycle  41 rmsd(b):  0.0015 rws:  1.000 n_fev: 2135
  step:   1 bond rmsd: 0.001484
  step:   2 bond rmsd: 0.040913
  step:   3 bond rmsd: 0.001477
  step:   4 bond rmsd: 0.001478
  step:   5 bond rmsd: 0.001479
  step:   6 bond rmsd: 0.001480
  step:   7 bond rmsd: 0.001480
  step:   8 bond rmsd: 0.001481
  step:   9 bond rmsd: 0.001482
  step:  10 bond rmsd: 0.001482
  step:  11 bond rmsd: 0.001483
  step:  12 bond rmsd: 0.001483
  step:  13 bond rmsd: 0.001484
  step:  14 bond rmsd: 0.001484
  step:  15 bond rmsd: 0.001485
  step:  16 bond rmsd: 0.001485
  step:  17 bond rmsd: 0.001486
  step:  18 bond rmsd: 0.001487
  step:  19 bond rmsd: 0.001488
  step:  20 bond rmsd: 0.001489
  step:  21 bond rmsd: 0.001490
  step:  22 bond rmsd: 0.001491
  step:  23 bond rmsd: 0.001494
  step:  24 bond rmsd: 0.001495
  step:  25 bond rmsd: 0.001497
  step:  26 bond rmsd: 0.001496
  step:  27 bond rmsd: 0.001498
  step:  28 bond rmsd: 0.001499
  step:  29 bond rmsd: 0.001500
  step:  30 bond rmsd: 0.001502
  step:  31 bond rmsd: 0.001504
  step:  32 bond rmsd: 0.001504
  step:  33 bond rmsd: 0.001505
  step:  34 bond rmsd: 0.001506
  step:  35 bond rmsd: 0.001506
  step:  36 bond rmsd: 0.001507
  step:  37 bond rmsd: 0.001507
  step:  38 bond rmsd: 0.001507
  step:  39 bond rmsd: 0.001507
  step:  40 bond rmsd: 0.001507
  step:  41 bond rmsd: 0.001507
  step:  42 bond rmsd: 0.001508
  step:  43 bond rmsd: 0.001507
  step:  44 bond rmsd: 0.001507
  step:  45 bond rmsd: 0.001507
  step:  46 bond rmsd: 0.001506
  step:  47 bond rmsd: 0.001506
  step:  48 bond rmsd: 0.001506
  step:  49 bond rmsd: 0.001506
  step:  50 bond rmsd: 0.001506
  step:  51 bond rmsd: 0.001506
  step:  52 bond rmsd: 0.001505
micro_cycle  42 rmsd(b):  0.0015 rws:  1.000 n_fev: 2187
  step:   1 bond rmsd: 0.001505
  step:   2 bond rmsd: 0.025343
  step:   3 bond rmsd: 0.001510
  step:   4 bond rmsd: 0.001509
  step:   5 bond rmsd: 0.001508
  step:   6 bond rmsd: 0.001508
  step:   7 bond rmsd: 0.001507
  step:   8 bond rmsd: 0.001507
  step:   9 bond rmsd: 0.001506
  step:  10 bond rmsd: 0.001506
  step:  11 bond rmsd: 0.001506
  step:  12 bond rmsd: 0.001506
  step:  13 bond rmsd: 0.001505
  step:  14 bond rmsd: 0.001505
  step:  15 bond rmsd: 0.001505
  step:  16 bond rmsd: 0.001505
  step:  17 bond rmsd: 0.001505
  step:  18 bond rmsd: 0.001505
  step:  19 bond rmsd: 0.001506
  step:  20 bond rmsd: 0.001506
  step:  21 bond rmsd: 0.001505
  step:  22 bond rmsd: 0.001505
  step:  23 bond rmsd: 0.001504
  step:  24 bond rmsd: 0.001503
  step:  25 bond rmsd: 0.001504
  step:  26 bond rmsd: 0.001503
  step:  27 bond rmsd: 0.001503
  step:  28 bond rmsd: 0.001501
  step:  29 bond rmsd: 0.001501
  step:  30 bond rmsd: 0.001499
  step:  31 bond rmsd: 0.001498
  step:  32 bond rmsd: 0.001497
  step:  33 bond rmsd: 0.001493
  step:  34 bond rmsd: 0.001492
  step:  35 bond rmsd: 0.001490
  step:  36 bond rmsd: 0.001489
  step:  37 bond rmsd: 0.001487
  step:  38 bond rmsd: 0.001485
  step:  39 bond rmsd: 0.001483
  step:  40 bond rmsd: 0.001482
  step:  41 bond rmsd: 0.001481
  step:  42 bond rmsd: 0.001481
  step:  43 bond rmsd: 0.001480
  step:  44 bond rmsd: 0.001480
  step:  45 bond rmsd: 0.001480
  step:  46 bond rmsd: 0.001480
  step:  47 bond rmsd: 0.001482
  step:  48 bond rmsd: 0.001482
  step:  49 bond rmsd: 0.001484
  step:  50 bond rmsd: 0.001486
  step:  51 bond rmsd: 0.001486
  step:  52 bond rmsd: 0.001488
micro_cycle  43 rmsd(b):  0.0015 rws:  1.000 n_fev: 2239
  step:   1 bond rmsd: 0.001488
  step:   2 bond rmsd: 0.056884
  step:   3 bond rmsd: 0.001511
  step:   4 bond rmsd: 0.001505
  step:   5 bond rmsd: 0.001500
  step:   6 bond rmsd: 0.001497
  step:   7 bond rmsd: 0.001495
  step:   8 bond rmsd: 0.001493
  step:   9 bond rmsd: 0.001492
  step:  10 bond rmsd: 0.001491
  step:  11 bond rmsd: 0.001491
  step:  12 bond rmsd: 0.001490
  step:  13 bond rmsd: 0.001490
  step:  14 bond rmsd: 0.001489
  step:  15 bond rmsd: 0.001489
  step:  16 bond rmsd: 0.001488
  step:  17 bond rmsd: 0.001488
  step:  18 bond rmsd: 0.001488
  step:  19 bond rmsd: 0.001487
  step:  20 bond rmsd: 0.001487
  step:  21 bond rmsd: 0.001487
  step:  22 bond rmsd: 0.001487
  step:  23 bond rmsd: 0.001487
  step:  24 bond rmsd: 0.001487
  step:  25 bond rmsd: 0.001489
  step:  26 bond rmsd: 0.001489
  step:  27 bond rmsd: 0.001490
  step:  28 bond rmsd: 0.001491
  step:  29 bond rmsd: 0.001491
  step:  30 bond rmsd: 0.001492
  step:  31 bond rmsd: 0.001492
  step:  32 bond rmsd: 0.001493
  step:  33 bond rmsd: 0.001493
  step:  34 bond rmsd: 0.001494
  step:  35 bond rmsd: 0.001495
  step:  36 bond rmsd: 0.001496
  step:  37 bond rmsd: 0.001497
  step:  38 bond rmsd: 0.001498
  step:  39 bond rmsd: 0.001500
  step:  40 bond rmsd: 0.001501
  step:  41 bond rmsd: 0.001502
  step:  42 bond rmsd: 0.001504
  step:  43 bond rmsd: 0.001505
  step:  44 bond rmsd: 0.001505
  step:  45 bond rmsd: 0.001507
  step:  46 bond rmsd: 0.001508
  step:  47 bond rmsd: 0.001509
  step:  48 bond rmsd: 0.001509
  step:  49 bond rmsd: 0.001510
  step:  50 bond rmsd: 0.001510
  step:  51 bond rmsd: 0.001510
  step:  52 bond rmsd: 0.001510
micro_cycle  44 rmsd(b):  0.0015 rws:  1.000 n_fev: 2291
  step:   1 bond rmsd: 0.001510
  step:   2 bond rmsd: 0.041186
  step:   3 bond rmsd: 0.001512
  step:   4 bond rmsd: 0.001511
  step:   5 bond rmsd: 0.001511
  step:   6 bond rmsd: 0.001511
  step:   7 bond rmsd: 0.001511
  step:   8 bond rmsd: 0.001511
  step:   9 bond rmsd: 0.001511
  step:  10 bond rmsd: 0.001510
  step:  11 bond rmsd: 0.001510
  step:  12 bond rmsd: 0.001510
  step:  13 bond rmsd: 0.001510
  step:  14 bond rmsd: 0.001510
  step:  15 bond rmsd: 0.001510
  step:  16 bond rmsd: 0.001509
  step:  17 bond rmsd: 0.001509
  step:  18 bond rmsd: 0.001509
  step:  19 bond rmsd: 0.001508
  step:  20 bond rmsd: 0.001507
  step:  21 bond rmsd: 0.001507
  step:  22 bond rmsd: 0.001506
  step:  23 bond rmsd: 0.001501
  step:  24 bond rmsd: 0.001501
  step:  25 bond rmsd: 0.001501
  step:  26 bond rmsd: 0.001500
  step:  27 bond rmsd: 0.001500
  step:  28 bond rmsd: 0.001499
  step:  29 bond rmsd: 0.001498
  step:  30 bond rmsd: 0.001498
  step:  31 bond rmsd: 0.001497
  step:  32 bond rmsd: 0.001496
  step:  33 bond rmsd: 0.001495
  step:  34 bond rmsd: 0.001495
  step:  35 bond rmsd: 0.001494
  step:  36 bond rmsd: 0.001494
  step:  37 bond rmsd: 0.001492
  step:  38 bond rmsd: 0.001492
  step:  39 bond rmsd: 0.001491
  step:  40 bond rmsd: 0.001489
  step:  41 bond rmsd: 0.001489
  step:  42 bond rmsd: 0.001488
  step:  43 bond rmsd: 0.001488
  step:  44 bond rmsd: 0.001487
  step:  45 bond rmsd: 0.001487
  step:  46 bond rmsd: 0.001488
  step:  47 bond rmsd: 0.001488
  step:  48 bond rmsd: 0.001490
  step:  49 bond rmsd: 0.001490
  step:  50 bond rmsd: 0.001504
  step:  51 bond rmsd: 0.001504
  step:  52 bond rmsd: 0.001502
  step:  53 bond rmsd: 0.001500
  step:  54 bond rmsd: 0.001499
micro_cycle  45 rmsd(b):  0.0015 rws:  1.000 n_fev: 2345
  step:   1 bond rmsd: 0.001499
  step:   2 bond rmsd: 0.040914
  step:   3 bond rmsd: 0.002275
  step:   4 bond rmsd: 0.002001
  step:   5 bond rmsd: 0.001809
  step:   6 bond rmsd: 0.001681
  step:   7 bond rmsd: 0.001597
  step:   8 bond rmsd: 0.001545
  step:   9 bond rmsd: 0.001514
  step:  10 bond rmsd: 0.001496
  step:  11 bond rmsd: 0.001487
  step:  12 bond rmsd: 0.001482
  step:  13 bond rmsd: 0.001481
  step:  14 bond rmsd: 0.001481
  step:  15 bond rmsd: 0.001481
  step:  16 bond rmsd: 0.001483
  step:  17 bond rmsd: 0.001484
  step:  18 bond rmsd: 0.001485
  step:  19 bond rmsd: 0.001486
  step:  20 bond rmsd: 0.001487
  step:  21 bond rmsd: 0.001488
  step:  22 bond rmsd: 0.001489
  step:  23 bond rmsd: 0.001490
  step:  24 bond rmsd: 0.001490
  step:  25 bond rmsd: 0.001491
  step:  26 bond rmsd: 0.001492
  step:  27 bond rmsd: 0.001492
  step:  28 bond rmsd: 0.001493
  step:  29 bond rmsd: 0.001493
  step:  30 bond rmsd: 0.001494
  step:  31 bond rmsd: 0.001494
  step:  32 bond rmsd: 0.001494
  step:  33 bond rmsd: 0.001494
  step:  34 bond rmsd: 0.001494
  step:  35 bond rmsd: 0.001494
  step:  36 bond rmsd: 0.001495
  step:  37 bond rmsd: 0.001496
  step:  38 bond rmsd: 0.001496
  step:  39 bond rmsd: 0.001496
  step:  40 bond rmsd: 0.001497
  step:  41 bond rmsd: 0.001497
  step:  42 bond rmsd: 0.001497
  step:  43 bond rmsd: 0.001498
  step:  44 bond rmsd: 0.001499
  step:  45 bond rmsd: 0.001500
  step:  46 bond rmsd: 0.001501
  step:  47 bond rmsd: 0.001501
  step:  48 bond rmsd: 0.001502
  step:  49 bond rmsd: 0.001503
  step:  50 bond rmsd: 0.001502
  step:  51 bond rmsd: 0.001503
  step:  52 bond rmsd: 0.001505
micro_cycle  46 rmsd(b):  0.0015 rws:  1.000 n_fev: 2397
  step:   1 bond rmsd: 0.001505
  step:   2 bond rmsd: 0.051698
  step:   3 bond rmsd: 0.001532
  step:   4 bond rmsd: 0.001526
  step:   5 bond rmsd: 0.001521
  step:   6 bond rmsd: 0.001518
  step:   7 bond rmsd: 0.001515
  step:   8 bond rmsd: 0.001513
  step:   9 bond rmsd: 0.001512
  step:  10 bond rmsd: 0.001511
  step:  11 bond rmsd: 0.001510
  step:  12 bond rmsd: 0.001509
  step:  13 bond rmsd: 0.001508
  step:  14 bond rmsd: 0.001508
  step:  15 bond rmsd: 0.001507
  step:  16 bond rmsd: 0.001507
  step:  17 bond rmsd: 0.001506
  step:  18 bond rmsd: 0.001506
  step:  19 bond rmsd: 0.001506
  step:  20 bond rmsd: 0.001505
  step:  21 bond rmsd: 0.001505
  step:  22 bond rmsd: 0.001504
  step:  23 bond rmsd: 0.001504
  step:  24 bond rmsd: 0.001504
  step:  25 bond rmsd: 0.001504
  step:  26 bond rmsd: 0.001503
  step:  27 bond rmsd: 0.001503
  step:  28 bond rmsd: 0.001503
  step:  29 bond rmsd: 0.001503
  step:  30 bond rmsd: 0.001502
  step:  31 bond rmsd: 0.001502
  step:  32 bond rmsd: 0.001501
  step:  33 bond rmsd: 0.001501
  step:  34 bond rmsd: 0.001501
  step:  35 bond rmsd: 0.001500
  step:  36 bond rmsd: 0.001499
  step:  37 bond rmsd: 0.001499
  step:  38 bond rmsd: 0.001498
  step:  39 bond rmsd: 0.001498
  step:  40 bond rmsd: 0.001497
  step:  41 bond rmsd: 0.001496
  step:  42 bond rmsd: 0.001496
  step:  43 bond rmsd: 0.001495
  step:  44 bond rmsd: 0.001494
  step:  45 bond rmsd: 0.001492
  step:  46 bond rmsd: 0.001490
  step:  47 bond rmsd: 0.001488
  step:  48 bond rmsd: 0.001485
  step:  49 bond rmsd: 0.001484
  step:  50 bond rmsd: 0.001481
  step:  51 bond rmsd: 0.001479
  step:  52 bond rmsd: 0.001478
micro_cycle  47 rmsd(b):  0.0015 rws:  1.000 n_fev: 2449
  step:   1 bond rmsd: 0.001478
  step:   2 bond rmsd: 0.028243
  step:   3 bond rmsd: 0.001465
  step:   4 bond rmsd: 0.001466
  step:   5 bond rmsd: 0.001468
  step:   6 bond rmsd: 0.001469
  step:   7 bond rmsd: 0.001471
  step:   8 bond rmsd: 0.001472
  step:   9 bond rmsd: 0.001473
  step:  10 bond rmsd: 0.001474
  step:  11 bond rmsd: 0.001475
  step:  12 bond rmsd: 0.001476
  step:  13 bond rmsd: 0.001477
  step:  14 bond rmsd: 0.001478
  step:  15 bond rmsd: 0.001479
  step:  16 bond rmsd: 0.001480
  step:  17 bond rmsd: 0.001481
  step:  18 bond rmsd: 0.001480
  step:  19 bond rmsd: 0.001481
  step:  20 bond rmsd: 0.001483
  step:  21 bond rmsd: 0.001486
  step:  22 bond rmsd: 0.001487
  step:  23 bond rmsd: 0.001488
  step:  24 bond rmsd: 0.001491
  step:  25 bond rmsd: 0.001492
  step:  26 bond rmsd: 0.001493
  step:  27 bond rmsd: 0.001494
  step:  28 bond rmsd: 0.001496
  step:  29 bond rmsd: 0.001497
  step:  30 bond rmsd: 0.001498
  step:  31 bond rmsd: 0.001498
  step:  32 bond rmsd: 0.001500
  step:  33 bond rmsd: 0.001500
  step:  34 bond rmsd: 0.001501
  step:  35 bond rmsd: 0.001502
  step:  36 bond rmsd: 0.001503
  step:  37 bond rmsd: 0.001503
  step:  38 bond rmsd: 0.001504
  step:  39 bond rmsd: 0.001504
  step:  40 bond rmsd: 0.001505
  step:  41 bond rmsd: 0.001505
  step:  42 bond rmsd: 0.001506
  step:  43 bond rmsd: 0.001506
  step:  44 bond rmsd: 0.001506
  step:  45 bond rmsd: 0.001507
  step:  46 bond rmsd: 0.001507
  step:  47 bond rmsd: 0.001507
  step:  48 bond rmsd: 0.001507
  step:  49 bond rmsd: 0.001507
  step:  50 bond rmsd: 0.001507
  step:  51 bond rmsd: 0.001507
  step:  52 bond rmsd: 0.001507
micro_cycle  48 rmsd(b):  0.0015 rws:  1.000 n_fev: 2501
  step:   1 bond rmsd: 0.001507
  step:   2 bond rmsd: 0.017363
  step:   3 bond rmsd: 0.001507
  step:   4 bond rmsd: 0.001507
  step:   5 bond rmsd: 0.001507
  step:   6 bond rmsd: 0.001507
  step:   7 bond rmsd: 0.001506
  step:   8 bond rmsd: 0.001506
  step:   9 bond rmsd: 0.001506
  step:  10 bond rmsd: 0.001506
  step:  11 bond rmsd: 0.001506
  step:  12 bond rmsd: 0.001506
  step:  13 bond rmsd: 0.001506
  step:  14 bond rmsd: 0.001506
  step:  15 bond rmsd: 0.001505
  step:  16 bond rmsd: 0.001505
  step:  17 bond rmsd: 0.001505
  step:  18 bond rmsd: 0.001504
  step:  19 bond rmsd: 0.001503
  step:  20 bond rmsd: 0.001504
  step:  21 bond rmsd: 0.001504
  step:  22 bond rmsd: 0.001502
  step:  23 bond rmsd: 0.001501
  step:  24 bond rmsd: 0.001500
  step:  25 bond rmsd: 0.001498
  step:  26 bond rmsd: 0.001496
  step:  27 bond rmsd: 0.001494
  step:  28 bond rmsd: 0.001493
  step:  29 bond rmsd: 0.001489
  step:  30 bond rmsd: 0.001489
  step:  31 bond rmsd: 0.001488
  step:  32 bond rmsd: 0.001486
  step:  33 bond rmsd: 0.001485
  step:  34 bond rmsd: 0.001484
  step:  35 bond rmsd: 0.001483
  step:  36 bond rmsd: 0.001481
  step:  37 bond rmsd: 0.001479
  step:  38 bond rmsd: 0.001478
  step:  39 bond rmsd: 0.001476
  step:  40 bond rmsd: 0.001476
  step:  41 bond rmsd: 0.001475
  step:  42 bond rmsd: 0.001474
  step:  43 bond rmsd: 0.001475
  step:  44 bond rmsd: 0.001474
  step:  45 bond rmsd: 0.001474
  step:  46 bond rmsd: 0.001474
  step:  47 bond rmsd: 0.001474
  step:  48 bond rmsd: 0.001475
  step:  49 bond rmsd: 0.001477
  step:  50 bond rmsd: 0.001477
  step:  51 bond rmsd: 0.001478
  step:  52 bond rmsd: 0.001480
micro_cycle  49 rmsd(b):  0.0015 rws:  1.000 n_fev: 2553
  step:   1 bond rmsd: 0.001480
  step:   2 bond rmsd: 0.065958
  step:   3 bond rmsd: 0.001614
  step:   4 bond rmsd: 0.001570
  step:   5 bond rmsd: 0.001541
  step:   6 bond rmsd: 0.001521
  step:   7 bond rmsd: 0.001508
  step:   8 bond rmsd: 0.001499
  step:   9 bond rmsd: 0.001493
  step:  10 bond rmsd: 0.001489
  step:  11 bond rmsd: 0.001486
  step:  12 bond rmsd: 0.001484
  step:  13 bond rmsd: 0.001483
  step:  14 bond rmsd: 0.001482
  step:  15 bond rmsd: 0.001481
  step:  16 bond rmsd: 0.001480
  step:  17 bond rmsd: 0.001480
  step:  18 bond rmsd: 0.001479
  step:  19 bond rmsd: 0.001479
  step:  20 bond rmsd: 0.001479
  step:  21 bond rmsd: 0.001478
  step:  22 bond rmsd: 0.001478
  step:  23 bond rmsd: 0.001478
  step:  24 bond rmsd: 0.001477
  step:  25 bond rmsd: 0.001477
  step:  26 bond rmsd: 0.001477
  step:  27 bond rmsd: 0.001477
  step:  28 bond rmsd: 0.001478
  step:  29 bond rmsd: 0.001479
  step:  30 bond rmsd: 0.001479
  step:  31 bond rmsd: 0.001481
  step:  32 bond rmsd: 0.001481
  step:  33 bond rmsd: 0.001482
  step:  34 bond rmsd: 0.001483
  step:  35 bond rmsd: 0.001486
  step:  36 bond rmsd: 0.001487
  step:  37 bond rmsd: 0.001488
  step:  38 bond rmsd: 0.001490
  step:  39 bond rmsd: 0.001492
  step:  40 bond rmsd: 0.001494
  step:  41 bond rmsd: 0.001495
  step:  42 bond rmsd: 0.001497
  step:  43 bond rmsd: 0.001498
  step:  44 bond rmsd: 0.001499
  step:  45 bond rmsd: 0.001501
  step:  46 bond rmsd: 0.001501
  step:  47 bond rmsd: 0.001502
  step:  48 bond rmsd: 0.001502
  step:  49 bond rmsd: 0.001502
  step:  50 bond rmsd: 0.001503
  step:  51 bond rmsd: 0.001504
  step:  52 bond rmsd: 0.001504
micro_cycle  50 rmsd(b):  0.0015 rws:  1.000 n_fev: 2605
See 9_refined.pdb in pdb folder.
Time: 41.4016
