Starting Q|R
Running refinement
   input {
     xray_data {
       file_name = None
       labels = None
       high_resolution = None
       low_resolution = None
       outliers_rejection = True
       french_wilson_scale = True
       french_wilson {
         max_bins = 60
         min_bin_size = 40
       }
       sigma_fobs_rejection_criterion = None
       sigma_iobs_rejection_criterion = None
       ignore_all_zeros = True
       force_anomalous_flag_to_be_equal_to = None
       convert_to_non_anomalous_if_ratio_pairs_lone_less_than_threshold = 0.5
       r_free_flags {
         file_name = None
         label = None
         test_flag_value = None
         ignore_r_free_flags = False
         disable_suitability_test = False
         ignore_pdb_hexdigest = False
         generate = False
         fraction = 0.1
         max_free = 2000
         lattice_symmetry_max_delta = 5
         use_lattice_symmetry = True
         use_dataman_shells = False
         n_shells = 20
       }
     }
     pdb {
       file_name = None
     }
     monomers {
       file_name = None
     }
     maps {
       map_file_name = None
       d_min = None
       map_coefficients_file_name = None
       map_coefficients_label = None
     }
     sequence = None
     scattering_table = wk1995 it1992 *n_gaussian neutron electron
     wavelength = None
     energy = None
     twin_law = Auto
   }
   max_atoms = 15000
   debug = False
   cluster {
     charge_cutoff = 8.0
     clustering = false
     charge_embedding = False
     two_buffers = False
     maxnum_residues_in_cluster = 15
     clustering_method = gnc *bcc
     altloc_method = *average subtract
   }
   restraints = cctbx *qm
   quantum {
     engine_name = mopac *ani torchani terachem turbomole pyscf orca gaussian \
                   xtb
     charge = None
     basis = Auto
     method = Auto
     memory = None
     nproc = None
     qm_addon = gcp dftd3 gcp-d3
     qm_addon_method = None
   }
   refine {
     dry_run = False
     sf_algorithm = *direct fft
     refinement_target_name = *ml ls_wunit_k1
     mode = *opt refine
     number_of_macro_cycles = 1
     number_of_weight_search_cycles = 50
     number_of_refine_cycles = 5
     number_of_micro_cycles = 50
     data_weight = None
     choose_best_use_r_work = False
     skip_initial_weight_optimization = False
     adjust_restraints_weight_scale_value = 2
     max_iterations_weight = 50
     max_iterations_refine = 50
     use_ase_lbfgs = False
     line_search = True
     stpmax = 0.2
     gradient_only = False
     update_all_scales = True
     refine_sites = True
     refine_adp = False
     restraints_weight_scale = 1.0
     shake_sites = False
     use_convergence_test = true
     max_bond_rmsd = 0.03
     max_r_work_r_free_gap = 5.0
     r_tolerance = 0.001
     rmsd_tolerance = 0.001
     opt_log = False
     pre_opt = False
     pre_opt_stpmax = 0.1
     pre_opt_iter = 10
     pre_opt_switch = 2
     pre_opt_gconv = 3000
   }
   parallel {
     method = *multiprocessing slurm pbs sge lsf threading
     nproc = None
     qsub_command = None
   }
   output_file_name_prefix = None
   output_folder_name = "pdb"
   shared_disk = True
   rst_file = None
   dump_gradients = None

Setting QM defaults
  Setting QM method to HF
  Setting QM basis to STO-3G


***********************************************************
restart info will be stored in /home/lum/3nir/ani_opt/pdb/4.rst.pickle
***********************************************************

van Der Waals correction will be unavailable. Please install ased3
  No function available to set charge to 2
  No function available to set basis to STO-3G
  No function available to set method to HF
start   0 rmsd(b):  0.0200 rws:  1.000 n_fev: 0
  step:   1 bond rmsd: 0.019952
 RUNNING ANI
Atoms(symbols='C68H116N22O19S', pbc=False, calculator=ANI(...))
('Final Energy: ', -154871.18486353324)
  step:   2 bond rmsd: 0.092003
 RUNNING ANI
Atoms(symbols='C68H116N22O19S', pbc=False, calculator=ANI(...))
('Final Energy: ', -154855.2428500191)
  step:   3 bond rmsd: 0.026783
 RUNNING ANI
Atoms(symbols='C68H116N22O19S', pbc=False, calculator=ANI(...))
('Final Energy: ', -154874.49441097133)
  step:   4 bond rmsd: 0.026139
 RUNNING ANI
Atoms(symbols='C68H116N22O19S', pbc=False, calculator=ANI(...))
('Final Energy: ', -154874.9271048629)
micro_cycle   1 rmsd(b):  0.0261 rws:  1.000 n_fev: 4
  step:   1 bond rmsd: 0.026139
 RUNNING ANI
Atoms(symbols='C68H116N22O19S', pbc=False, calculator=ANI(...))
('Final Energy: ', -154874.9271048629)
  step:   2 bond rmsd: 0.095751
 RUNNING ANI
Atoms(symbols='C68H116N22O19S', pbc=False, calculator=ANI(...))
('Final Energy: ', -154862.63955050835)
  step:   3 bond rmsd: 0.021507
 RUNNING ANI
Atoms(symbols='C68H116N22O19S', pbc=False, calculator=ANI(...))
('Final Energy: ', -154876.27091505768)
  step:   4 bond rmsd: 0.021000
 RUNNING ANI
Atoms(symbols='C68H116N22O19S', pbc=False, calculator=ANI(...))
('Final Energy: ', -154876.49280260043)
micro_cycle   2 rmsd(b):  0.0210 rws:  1.000 n_fev: 8
  step:   1 bond rmsd: 0.021000
 RUNNING ANI
Atoms(symbols='C68H116N22O19S', pbc=False, calculator=ANI(...))
('Final Energy: ', -154876.49280260043)
  step:   2 bond rmsd: 0.106962
 RUNNING ANI
Atoms(symbols='C68H116N22O19S', pbc=False, calculator=ANI(...))
('Final Energy: ', -154855.82101604145)
  step:   3 bond rmsd: 0.021709
 RUNNING ANI
Atoms(symbols='C68H116N22O19S', pbc=False, calculator=ANI(...))
('Final Energy: ', -154877.18870976358)
  step:   4 bond rmsd: 0.021192
 RUNNING ANI
Atoms(symbols='C68H116N22O19S', pbc=False, calculator=ANI(...))
('Final Energy: ', -154877.4166587186)
micro_cycle   3 rmsd(b):  0.0212 rws:  1.000 n_fev: 12
  step:   1 bond rmsd: 0.021192
 RUNNING ANI
Atoms(symbols='C68H116N22O19S', pbc=False, calculator=ANI(...))
('Final Energy: ', -154877.4166587186)
  step:   2 bond rmsd: 0.102973
 RUNNING ANI
Atoms(symbols='C68H116N22O19S', pbc=False, calculator=ANI(...))
('Final Energy: ', -154863.01724029068)
  step:   3 bond rmsd: 0.020977
 RUNNING ANI
Atoms(symbols='C68H116N22O19S', pbc=False, calculator=ANI(...))
('Final Energy: ', -154877.7604538145)
  step:   4 bond rmsd: 0.020103
 RUNNING ANI
Atoms(symbols='C68H116N22O19S', pbc=False, calculator=ANI(...))
('Final Energy: ', -154878.1553138296)
micro_cycle   4 rmsd(b):  0.0201 rws:  1.000 n_fev: 16
  step:   1 bond rmsd: 0.020103
 RUNNING ANI
Atoms(symbols='C68H116N22O19S', pbc=False, calculator=ANI(...))
('Final Energy: ', -154878.1553138296)
  step:   2 bond rmsd: 0.133841
 RUNNING ANI
Atoms(symbols='C68H116N22O19S', pbc=False, calculator=ANI(...))
('Final Energy: ', -154865.31489245099)
  step:   3 bond rmsd: 0.025792
 RUNNING ANI
Atoms(symbols='C68H116N22O19S', pbc=False, calculator=ANI(...))
('Final Energy: ', -154877.90559803369)
  step:   4 bond rmsd: 0.018167
 RUNNING ANI
Atoms(symbols='C68H116N22O19S', pbc=False, calculator=ANI(...))
('Final Energy: ', -154879.20362159156)
  step:   5 bond rmsd: 0.018122
 RUNNING ANI
Atoms(symbols='C68H116N22O19S', pbc=False, calculator=ANI(...))
('Final Energy: ', -154879.27073403253)
micro_cycle   5 rmsd(b):  0.0181 rws:  1.000 n_fev: 21
  step:   1 bond rmsd: 0.018122
 RUNNING ANI
Atoms(symbols='C68H116N22O19S', pbc=False, calculator=ANI(...))
('Final Energy: ', -154879.27073403253)
  step:   2 bond rmsd: 0.082305
 RUNNING ANI
Atoms(symbols='C68H116N22O19S', pbc=False, calculator=ANI(...))
('Final Energy: ', -154862.06059754593)
  step:   3 bond rmsd: 0.019943
 RUNNING ANI
Atoms(symbols='C68H116N22O19S', pbc=False, calculator=ANI(...))
('Final Energy: ', -154878.66980851084)
  step:   4 bond rmsd: 0.018002
 RUNNING ANI
Atoms(symbols='C68H116N22O19S', pbc=False, calculator=ANI(...))
('Final Energy: ', -154879.67408220808)
  step:   5 bond rmsd: 0.018011
 RUNNING ANI
Atoms(symbols='C68H116N22O19S', pbc=False, calculator=ANI(...))
('Final Energy: ', -154879.71823376729)
micro_cycle   6 rmsd(b):  0.0180 rws:  1.000 n_fev: 26
  step:   1 bond rmsd: 0.018011
 RUNNING ANI
Atoms(symbols='C68H116N22O19S', pbc=False, calculator=ANI(...))
('Final Energy: ', -154879.71823376729)
  step:   2 bond rmsd: 0.092170
 RUNNING ANI
Atoms(symbols='C68H116N22O19S', pbc=False, calculator=ANI(...))
('Final Energy: ', -154865.70338556173)
  step:   3 bond rmsd: 0.025896
 RUNNING ANI
Atoms(symbols='C68H116N22O19S', pbc=False, calculator=ANI(...))
('Final Energy: ', -154876.70067318316)
  step:   4 bond rmsd: 0.018117
 RUNNING ANI
Atoms(symbols='C68H116N22O19S', pbc=False, calculator=ANI(...))
('Final Energy: ', -154879.86972160733)
  step:   5 bond rmsd: 0.018118
 RUNNING ANI
Atoms(symbols='C68H116N22O19S', pbc=False, calculator=ANI(...))
('Final Energy: ', -154879.89803207907)
micro_cycle   7 rmsd(b):  0.0181 rws:  1.000 n_fev: 31
  step:   1 bond rmsd: 0.018118
 RUNNING ANI
Atoms(symbols='C68H116N22O19S', pbc=False, calculator=ANI(...))
('Final Energy: ', -154879.89803207907)
  step:   2 bond rmsd: 0.091098
 RUNNING ANI
Atoms(symbols='C68H116N22O19S', pbc=False, calculator=ANI(...))
('Final Energy: ', -154865.03873726894)
  step:   3 bond rmsd: 0.019575
 RUNNING ANI
Atoms(symbols='C68H116N22O19S', pbc=False, calculator=ANI(...))
('Final Energy: ', -154879.07469888992)
  step:   4 bond rmsd: 0.018080
 RUNNING ANI
Atoms(symbols='C68H116N22O19S', pbc=False, calculator=ANI(...))
('Final Energy: ', -154879.98942767616)
  step:   5 bond rmsd: 0.018086
 RUNNING ANI
Atoms(symbols='C68H116N22O19S', pbc=False, calculator=ANI(...))
('Final Energy: ', -154880.00184913762)
micro_cycle   8 rmsd(b):  0.0181 rws:  1.000 n_fev: 36
  step:   1 bond rmsd: 0.018086
 RUNNING ANI
Atoms(symbols='C68H116N22O19S', pbc=False, calculator=ANI(...))
('Final Energy: ', -154880.00184913762)
  step:   2 bond rmsd: 0.086264
 RUNNING ANI
Atoms(symbols='C68H116N22O19S', pbc=False, calculator=ANI(...))
('Final Energy: ', -154867.65312778673)
  step:   3 bond rmsd: 0.019164
 RUNNING ANI
Atoms(symbols='C68H116N22O19S', pbc=False, calculator=ANI(...))
('Final Energy: ', -154879.85028063215)
  step:   4 bond rmsd: 0.018206
 RUNNING ANI
Atoms(symbols='C68H116N22O19S', pbc=False, calculator=ANI(...))
('Final Energy: ', -154880.08534079033)
  step:   5 bond rmsd: 0.018219
 RUNNING ANI
Atoms(symbols='C68H116N22O19S', pbc=False, calculator=ANI(...))
('Final Energy: ', -154880.1043302622)
micro_cycle   9 rmsd(b):  0.0182 rws:  1.000 n_fev: 41
  step:   1 bond rmsd: 0.018219
 RUNNING ANI
Atoms(symbols='C68H116N22O19S', pbc=False, calculator=ANI(...))
('Final Energy: ', -154880.1043302622)
  step:   2 bond rmsd: 0.091553
 RUNNING ANI
Atoms(symbols='C68H116N22O19S', pbc=False, calculator=ANI(...))
('Final Energy: ', -154866.51475211899)
  step:   3 bond rmsd: 0.019675
 RUNNING ANI
Atoms(symbols='C68H116N22O19S', pbc=False, calculator=ANI(...))
('Final Energy: ', -154879.29640505585)
  step:   4 bond rmsd: 0.018208
 RUNNING ANI
Atoms(symbols='C68H116N22O19S', pbc=False, calculator=ANI(...))
('Final Energy: ', -154880.16977243728)
  step:   5 bond rmsd: 0.018217
 RUNNING ANI
Atoms(symbols='C68H116N22O19S', pbc=False, calculator=ANI(...))
('Final Energy: ', -154880.17964691904)
micro_cycle  10 rmsd(b):  0.0182 rws:  1.000 n_fev: 46
  step:   1 bond rmsd: 0.018217
 RUNNING ANI
Atoms(symbols='C68H116N22O19S', pbc=False, calculator=ANI(...))
('Final Energy: ', -154880.17964691904)
  step:   2 bond rmsd: 0.091970
 RUNNING ANI
Atoms(symbols='C68H116N22O19S', pbc=False, calculator=ANI(...))
('Final Energy: ', -154869.10610848843)
  step:   3 bond rmsd: 0.019618
 RUNNING ANI
Atoms(symbols='C68H116N22O19S', pbc=False, calculator=ANI(...))
('Final Energy: ', -154879.99378082171)
  step:   4 bond rmsd: 0.018356
 RUNNING ANI
Atoms(symbols='C68H116N22O19S', pbc=False, calculator=ANI(...))
('Final Energy: ', -154880.24351197484)
  step:   5 bond rmsd: 0.018365
 RUNNING ANI
Atoms(symbols='C68H116N22O19S', pbc=False, calculator=ANI(...))
('Final Energy: ', -154880.25805798059)
micro_cycle  11 rmsd(b):  0.0184 rws:  1.000 n_fev: 51
  step:   1 bond rmsd: 0.018365
 RUNNING ANI
Atoms(symbols='C68H116N22O19S', pbc=False, calculator=ANI(...))
('Final Energy: ', -154880.25805798059)
  step:   2 bond rmsd: 0.094806
 RUNNING ANI
Atoms(symbols='C68H116N22O19S', pbc=False, calculator=ANI(...))
('Final Energy: ', -154868.03069375473)
  step:   3 bond rmsd: 0.019637
 RUNNING ANI
Atoms(symbols='C68H116N22O19S', pbc=False, calculator=ANI(...))
('Final Energy: ', -154879.47196753326)
  step:   4 bond rmsd: 0.018330
 RUNNING ANI
Atoms(symbols='C68H116N22O19S', pbc=False, calculator=ANI(...))
('Final Energy: ', -154880.31381461548)
  step:   5 bond rmsd: 0.018337
 RUNNING ANI
Atoms(symbols='C68H116N22O19S', pbc=False, calculator=ANI(...))
('Final Energy: ', -154880.32163618377)
micro_cycle  12 rmsd(b):  0.0183 rws:  1.000 n_fev: 56
  step:   1 bond rmsd: 0.018337
 RUNNING ANI
Atoms(symbols='C68H116N22O19S', pbc=False, calculator=ANI(...))
('Final Energy: ', -154880.32163618377)
  step:   2 bond rmsd: 0.090691
 RUNNING ANI
Atoms(symbols='C68H116N22O19S', pbc=False, calculator=ANI(...))
('Final Energy: ', -154871.0371282383)
  step:   3 bond rmsd: 0.020039
 RUNNING ANI
Atoms(symbols='C68H116N22O19S', pbc=False, calculator=ANI(...))
('Final Energy: ', -154880.08935530839)
  step:   4 bond rmsd: 0.018486
 RUNNING ANI
Atoms(symbols='C68H116N22O19S', pbc=False, calculator=ANI(...))
('Final Energy: ', -154880.37614778854)
  step:   5 bond rmsd: 0.018489
 RUNNING ANI
Atoms(symbols='C68H116N22O19S', pbc=False, calculator=ANI(...))
('Final Energy: ', -154880.38961487205)
micro_cycle  13 rmsd(b):  0.0185 rws:  1.000 n_fev: 61
  step:   1 bond rmsd: 0.018489
 RUNNING ANI
Atoms(symbols='C68H116N22O19S', pbc=False, calculator=ANI(...))
('Final Energy: ', -154880.38961487205)
  step:   2 bond rmsd: 0.098521
 RUNNING ANI
Atoms(symbols='C68H116N22O19S', pbc=False, calculator=ANI(...))
('Final Energy: ', -154869.16456323981)
  step:   3 bond rmsd: 0.019962
 RUNNING ANI
Atoms(symbols='C68H116N22O19S', pbc=False, calculator=ANI(...))
('Final Energy: ', -154879.354690874)
  step:   4 bond rmsd: 0.018427
 RUNNING ANI
Atoms(symbols='C68H116N22O19S', pbc=False, calculator=ANI(...))
('Final Energy: ', -154880.44274995671)
  step:   5 bond rmsd: 0.018431
 RUNNING ANI
Atoms(symbols='C68H116N22O19S', pbc=False, calculator=ANI(...))
('Final Energy: ', -154880.44896421008)
micro_cycle  14 rmsd(b):  0.0184 rws:  1.000 n_fev: 66
 Convergence at micro_cycle: 14
See 4_refined.pdb in pdb folder.
Time: 7.5504
