Starting Q|R
Running refinement
   input {
     xray_data {
       file_name = None
       labels = None
       high_resolution = None
       low_resolution = None
       outliers_rejection = True
       french_wilson_scale = True
       french_wilson {
         max_bins = 60
         min_bin_size = 40
       }
       sigma_fobs_rejection_criterion = None
       sigma_iobs_rejection_criterion = None
       ignore_all_zeros = True
       force_anomalous_flag_to_be_equal_to = None
       convert_to_non_anomalous_if_ratio_pairs_lone_less_than_threshold = 0.5
       r_free_flags {
         file_name = None
         label = None
         test_flag_value = None
         ignore_r_free_flags = False
         disable_suitability_test = False
         ignore_pdb_hexdigest = False
         generate = False
         fraction = 0.1
         max_free = 2000
         lattice_symmetry_max_delta = 5
         use_lattice_symmetry = True
         use_dataman_shells = False
         n_shells = 20
       }
     }
     pdb {
       file_name = None
     }
     monomers {
       file_name = None
     }
     maps {
       map_file_name = None
       d_min = None
       map_coefficients_file_name = None
       map_coefficients_label = None
     }
     sequence = None
     scattering_table = wk1995 it1992 *n_gaussian neutron electron
     wavelength = None
     energy = None
     twin_law = Auto
   }
   max_atoms = 15000
   debug = False
   cluster {
     charge_cutoff = 8.0
     clustering = false
     charge_embedding = False
     two_buffers = False
     maxnum_residues_in_cluster = 15
     clustering_method = gnc *bcc
     altloc_method = *average subtract
   }
   restraints = cctbx *qm
   quantum {
     engine_name = mopac *ani torchani terachem turbomole pyscf orca gaussian \
                   xtb
     charge = None
     basis = Auto
     method = Auto
     memory = None
     nproc = None
     qm_addon = gcp dftd3 gcp-d3
     qm_addon_method = None
   }
   refine {
     dry_run = False
     sf_algorithm = *direct fft
     refinement_target_name = *ml ls_wunit_k1
     mode = *opt refine
     number_of_macro_cycles = 1
     number_of_weight_search_cycles = 50
     number_of_refine_cycles = 5
     number_of_micro_cycles = 50
     data_weight = None
     choose_best_use_r_work = False
     skip_initial_weight_optimization = False
     adjust_restraints_weight_scale_value = 2
     max_iterations_weight = 50
     max_iterations_refine = 50
     use_ase_lbfgs = False
     line_search = True
     stpmax = 0.2
     gradient_only = False
     update_all_scales = True
     refine_sites = True
     refine_adp = False
     restraints_weight_scale = 1.0
     shake_sites = False
     use_convergence_test = true
     max_bond_rmsd = 0.03
     max_r_work_r_free_gap = 5.0
     r_tolerance = 0.001
     rmsd_tolerance = 0.001
     opt_log = False
     pre_opt = False
     pre_opt_stpmax = 0.1
     pre_opt_iter = 10
     pre_opt_switch = 2
     pre_opt_gconv = 3000
   }
   parallel {
     method = *multiprocessing slurm pbs sge lsf threading
     nproc = None
     qsub_command = None
   }
   output_file_name_prefix = None
   output_folder_name = "pdb"
   shared_disk = True
   rst_file = None
   dump_gradients = None

Setting QM defaults
  Setting QM method to HF
  Setting QM basis to STO-3G


***********************************************************
restart info will be stored in /home/lum/3nir/ani_opt/pdb/9.rst.pickle
***********************************************************

van Der Waals correction will be unavailable. Please install ased3
  No function available to set charge to 2
  No function available to set basis to STO-3G
  No function available to set method to HF
start   0 rmsd(b):  0.0186 rws:  1.000 n_fev: 0
  step:   1 bond rmsd: 0.018601
 RUNNING ANI
Atoms(symbols='C68H116N22O19S', pbc=False, calculator=ANI(...))
('Final Energy: ', -154873.43453489311)
  step:   2 bond rmsd: 0.088335
 RUNNING ANI
Atoms(symbols='C68H116N22O19S', pbc=False, calculator=ANI(...))
('Final Energy: ', -154852.82537408324)
  step:   3 bond rmsd: 0.023696
 RUNNING ANI
Atoms(symbols='C68H116N22O19S', pbc=False, calculator=ANI(...))
('Final Energy: ', -154876.97702017563)
  step:   4 bond rmsd: 0.023092
 RUNNING ANI
Atoms(symbols='C68H116N22O19S', pbc=False, calculator=ANI(...))
('Final Energy: ', -154877.4581299712)
micro_cycle   1 rmsd(b):  0.0231 rws:  1.000 n_fev: 4
  step:   1 bond rmsd: 0.023092
 RUNNING ANI
Atoms(symbols='C68H116N22O19S', pbc=False, calculator=ANI(...))
('Final Energy: ', -154877.4581299712)
  step:   2 bond rmsd: 0.109037
 RUNNING ANI
Atoms(symbols='C68H116N22O19S', pbc=False, calculator=ANI(...))
('Final Energy: ', -154868.10324145627)
  step:   3 bond rmsd: 0.026924
 RUNNING ANI
Atoms(symbols='C68H116N22O19S', pbc=False, calculator=ANI(...))
('Final Energy: ', -154877.05072237688)
  step:   4 bond rmsd: 0.019687
 RUNNING ANI
Atoms(symbols='C68H116N22O19S', pbc=False, calculator=ANI(...))
('Final Energy: ', -154878.74743548612)
  step:   5 bond rmsd: 0.019477
 RUNNING ANI
Atoms(symbols='C68H116N22O19S', pbc=False, calculator=ANI(...))
('Final Energy: ', -154878.92085654111)
micro_cycle   2 rmsd(b):  0.0195 rws:  1.000 n_fev: 9
  step:   1 bond rmsd: 0.019477
 RUNNING ANI
Atoms(symbols='C68H116N22O19S', pbc=False, calculator=ANI(...))
('Final Energy: ', -154878.92085654111)
  step:   2 bond rmsd: 0.078671
 RUNNING ANI
Atoms(symbols='C68H116N22O19S', pbc=False, calculator=ANI(...))
('Final Energy: ', -154862.26149074655)
  step:   3 bond rmsd: 0.021104
 RUNNING ANI
Atoms(symbols='C68H116N22O19S', pbc=False, calculator=ANI(...))
('Final Energy: ', -154878.99372640331)
  step:   4 bond rmsd: 0.019053
 RUNNING ANI
Atoms(symbols='C68H116N22O19S', pbc=False, calculator=ANI(...))
('Final Energy: ', -154879.49162266593)
  step:   5 bond rmsd: 0.018864
 RUNNING ANI
Atoms(symbols='C68H116N22O19S', pbc=False, calculator=ANI(...))
('Final Energy: ', -154879.61989181416)
micro_cycle   3 rmsd(b):  0.0189 rws:  1.000 n_fev: 14
  step:   1 bond rmsd: 0.018864
 RUNNING ANI
Atoms(symbols='C68H116N22O19S', pbc=False, calculator=ANI(...))
('Final Energy: ', -154879.61989181416)
  step:   2 bond rmsd: 0.116912
 RUNNING ANI
Atoms(symbols='C68H116N22O19S', pbc=False, calculator=ANI(...))
('Final Energy: ', -154870.43520174816)
  step:   3 bond rmsd: 0.022585
 RUNNING ANI
Atoms(symbols='C68H116N22O19S', pbc=False, calculator=ANI(...))
('Final Energy: ', -154878.27172253135)
  step:   4 bond rmsd: 0.018164
 RUNNING ANI
Atoms(symbols='C68H116N22O19S', pbc=False, calculator=ANI(...))
('Final Energy: ', -154879.87638567877)
  step:   5 bond rmsd: 0.018130
 RUNNING ANI
Atoms(symbols='C68H116N22O19S', pbc=False, calculator=ANI(...))
('Final Energy: ', -154879.90665779903)
micro_cycle   4 rmsd(b):  0.0181 rws:  1.000 n_fev: 19
  step:   1 bond rmsd: 0.018130
 RUNNING ANI
Atoms(symbols='C68H116N22O19S', pbc=False, calculator=ANI(...))
('Final Energy: ', -154879.90665779903)
  step:   2 bond rmsd: 0.061708
 RUNNING ANI
Atoms(symbols='C68H116N22O19S', pbc=False, calculator=ANI(...))
('Final Energy: ', -154868.13346237817)
  step:   3 bond rmsd: 0.019151
 RUNNING ANI
Atoms(symbols='C68H116N22O19S', pbc=False, calculator=ANI(...))
('Final Energy: ', -154880.2063666879)
  step:   4 bond rmsd: 0.019086
 RUNNING ANI
Atoms(symbols='C68H116N22O19S', pbc=False, calculator=ANI(...))
('Final Energy: ', -154880.33031315275)
micro_cycle   5 rmsd(b):  0.0191 rws:  1.000 n_fev: 23
  step:   1 bond rmsd: 0.019086
 RUNNING ANI
Atoms(symbols='C68H116N22O19S', pbc=False, calculator=ANI(...))
('Final Energy: ', -154880.33031315275)
  step:   2 bond rmsd: 0.123852
 RUNNING ANI
Atoms(symbols='C68H116N22O19S', pbc=False, calculator=ANI(...))
('Final Energy: ', -154870.48063114978)
  step:   3 bond rmsd: 0.027286
 RUNNING ANI
Atoms(symbols='C68H116N22O19S', pbc=False, calculator=ANI(...))
('Final Energy: ', -154877.27782292568)
  step:   4 bond rmsd: 0.018435
 RUNNING ANI
Atoms(symbols='C68H116N22O19S', pbc=False, calculator=ANI(...))
('Final Energy: ', -154880.70366766912)
  step:   5 bond rmsd: 0.018445
 RUNNING ANI
Atoms(symbols='C68H116N22O19S', pbc=False, calculator=ANI(...))
('Final Energy: ', -154880.72972708644)
micro_cycle   6 rmsd(b):  0.0184 rws:  1.000 n_fev: 28
  step:   1 bond rmsd: 0.018445
 RUNNING ANI
Atoms(symbols='C68H116N22O19S', pbc=False, calculator=ANI(...))
('Final Energy: ', -154880.72972708644)
  step:   2 bond rmsd: 0.058898
 RUNNING ANI
Atoms(symbols='C68H116N22O19S', pbc=False, calculator=ANI(...))
('Final Energy: ', -154870.18821834453)
  step:   3 bond rmsd: 0.019454
 RUNNING ANI
Atoms(symbols='C68H116N22O19S', pbc=False, calculator=ANI(...))
('Final Energy: ', -154880.94250393784)
  step:   4 bond rmsd: 0.019488
 RUNNING ANI
Atoms(symbols='C68H116N22O19S', pbc=False, calculator=ANI(...))
('Final Energy: ', -154881.01460336719)
micro_cycle   7 rmsd(b):  0.0195 rws:  1.000 n_fev: 32
  step:   1 bond rmsd: 0.019488
 RUNNING ANI
Atoms(symbols='C68H116N22O19S', pbc=False, calculator=ANI(...))
('Final Energy: ', -154881.01460336719)
  step:   2 bond rmsd: 0.140902
 RUNNING ANI
Atoms(symbols='C68H116N22O19S', pbc=False, calculator=ANI(...))
('Final Energy: ', -154874.4059748424)
  step:   3 bond rmsd: 0.029146
 RUNNING ANI
Atoms(symbols='C68H116N22O19S', pbc=False, calculator=ANI(...))
('Final Energy: ', -154878.6346491506)
  step:   4 bond rmsd: 0.018919
 RUNNING ANI
Atoms(symbols='C68H116N22O19S', pbc=False, calculator=ANI(...))
('Final Energy: ', -154881.18501145585)
  step:   5 bond rmsd: 0.018898
 RUNNING ANI
Atoms(symbols='C68H116N22O19S', pbc=False, calculator=ANI(...))
('Final Energy: ', -154881.1976752177)
micro_cycle   8 rmsd(b):  0.0189 rws:  1.000 n_fev: 37
  step:   1 bond rmsd: 0.018898
 RUNNING ANI
Atoms(symbols='C68H116N22O19S', pbc=False, calculator=ANI(...))
('Final Energy: ', -154881.1976752177)
  step:   2 bond rmsd: 0.102147
 RUNNING ANI
Atoms(symbols='C68H116N22O19S', pbc=False, calculator=ANI(...))
('Final Energy: ', -154872.67825311999)
  step:   3 bond rmsd: 0.022398
 RUNNING ANI
Atoms(symbols='C68H116N22O19S', pbc=False, calculator=ANI(...))
('Final Energy: ', -154879.51990789647)
  step:   4 bond rmsd: 0.018826
 RUNNING ANI
Atoms(symbols='C68H116N22O19S', pbc=False, calculator=ANI(...))
('Final Energy: ', -154881.25304156422)
  step:   5 bond rmsd: 0.018832
 RUNNING ANI
Atoms(symbols='C68H116N22O19S', pbc=False, calculator=ANI(...))
('Final Energy: ', -154881.26270921889)
micro_cycle   9 rmsd(b):  0.0188 rws:  1.000 n_fev: 42
  step:   1 bond rmsd: 0.018832
 RUNNING ANI
Atoms(symbols='C68H116N22O19S', pbc=False, calculator=ANI(...))
('Final Energy: ', -154881.26270921889)
  step:   2 bond rmsd: 0.095112
 RUNNING ANI
Atoms(symbols='C68H116N22O19S', pbc=False, calculator=ANI(...))
('Final Energy: ', -154873.1391912885)
  step:   3 bond rmsd: 0.023089
 RUNNING ANI
Atoms(symbols='C68H116N22O19S', pbc=False, calculator=ANI(...))
('Final Energy: ', -154880.37070266972)
  step:   4 bond rmsd: 0.019016
 RUNNING ANI
Atoms(symbols='C68H116N22O19S', pbc=False, calculator=ANI(...))
('Final Energy: ', -154881.31923475381)
  step:   5 bond rmsd: 0.019016
 RUNNING ANI
Atoms(symbols='C68H116N22O19S', pbc=False, calculator=ANI(...))
('Final Energy: ', -154881.33301047192)
micro_cycle  10 rmsd(b):  0.0190 rws:  1.000 n_fev: 47
  step:   1 bond rmsd: 0.019016
 RUNNING ANI
Atoms(symbols='C68H116N22O19S', pbc=False, calculator=ANI(...))
('Final Energy: ', -154881.33301047192)
  step:   2 bond rmsd: 0.109058
 RUNNING ANI
Atoms(symbols='C68H116N22O19S', pbc=False, calculator=ANI(...))
('Final Energy: ', -154871.55999233096)
  step:   3 bond rmsd: 0.021967
 RUNNING ANI
Atoms(symbols='C68H116N22O19S', pbc=False, calculator=ANI(...))
('Final Energy: ', -154879.71699830398)
  step:   4 bond rmsd: 0.018923
 RUNNING ANI
Atoms(symbols='C68H116N22O19S', pbc=False, calculator=ANI(...))
('Final Energy: ', -154881.38728133484)
  step:   5 bond rmsd: 0.018926
 RUNNING ANI
Atoms(symbols='C68H116N22O19S', pbc=False, calculator=ANI(...))
('Final Energy: ', -154881.39359587512)
micro_cycle  11 rmsd(b):  0.0189 rws:  1.000 n_fev: 52
  step:   1 bond rmsd: 0.018926
 RUNNING ANI
Atoms(symbols='C68H116N22O19S', pbc=False, calculator=ANI(...))
('Final Energy: ', -154881.39359587512)
  step:   2 bond rmsd: 0.081795
 RUNNING ANI
Atoms(symbols='C68H116N22O19S', pbc=False, calculator=ANI(...))
('Final Energy: ', -154875.77839993665)
  step:   3 bond rmsd: 0.022005
 RUNNING ANI
Atoms(symbols='C68H116N22O19S', pbc=False, calculator=ANI(...))
('Final Energy: ', -154880.77318983755)
  step:   4 bond rmsd: 0.019091
 RUNNING ANI
Atoms(symbols='C68H116N22O19S', pbc=False, calculator=ANI(...))
('Final Energy: ', -154881.45165014418)
  step:   5 bond rmsd: 0.019094
 RUNNING ANI
Atoms(symbols='C68H116N22O19S', pbc=False, calculator=ANI(...))
('Final Energy: ', -154881.46748665097)
micro_cycle  12 rmsd(b):  0.0191 rws:  1.000 n_fev: 57
  step:   1 bond rmsd: 0.019094
 RUNNING ANI
Atoms(symbols='C68H116N22O19S', pbc=False, calculator=ANI(...))
('Final Energy: ', -154881.46748665097)
  step:   2 bond rmsd: 0.111963
 RUNNING ANI
Atoms(symbols='C68H116N22O19S', pbc=False, calculator=ANI(...))
('Final Energy: ', -154871.49538032804)
  step:   3 bond rmsd: 0.022104
 RUNNING ANI
Atoms(symbols='C68H116N22O19S', pbc=False, calculator=ANI(...))
('Final Energy: ', -154879.77326494554)
  step:   4 bond rmsd: 0.018993
 RUNNING ANI
Atoms(symbols='C68H116N22O19S', pbc=False, calculator=ANI(...))
('Final Energy: ', -154881.52055701069)
  step:   5 bond rmsd: 0.018995
 RUNNING ANI
Atoms(symbols='C68H116N22O19S', pbc=False, calculator=ANI(...))
('Final Energy: ', -154881.52563045526)
micro_cycle  13 rmsd(b):  0.0190 rws:  1.000 n_fev: 62
 Convergence at micro_cycle: 13
See 9_refined.pdb in pdb folder.
Time: 7.0497
