Starting Q|R
Running refinement
   input {
     xray_data {
       file_name = None
       labels = None
       high_resolution = None
       low_resolution = None
       outliers_rejection = True
       french_wilson_scale = True
       french_wilson {
         max_bins = 60
         min_bin_size = 40
       }
       sigma_fobs_rejection_criterion = None
       sigma_iobs_rejection_criterion = None
       ignore_all_zeros = True
       force_anomalous_flag_to_be_equal_to = None
       convert_to_non_anomalous_if_ratio_pairs_lone_less_than_threshold = 0.5
       r_free_flags {
         file_name = None
         label = None
         test_flag_value = None
         ignore_r_free_flags = False
         disable_suitability_test = False
         ignore_pdb_hexdigest = False
         generate = False
         fraction = 0.1
         max_free = 2000
         lattice_symmetry_max_delta = 5
         use_lattice_symmetry = True
         use_dataman_shells = False
         n_shells = 20
       }
     }
     pdb {
       file_name = None
     }
     monomers {
       file_name = None
     }
     maps {
       map_file_name = None
       d_min = None
       map_coefficients_file_name = None
       map_coefficients_label = None
     }
     sequence = None
     scattering_table = wk1995 it1992 *n_gaussian neutron electron
     wavelength = None
     energy = None
     twin_law = Auto
   }
   max_atoms = 15000
   debug = False
   cluster {
     charge_cutoff = 8.0
     clustering = false
     charge_embedding = False
     two_buffers = False
     maxnum_residues_in_cluster = 15
     clustering_method = gnc *bcc
     altloc_method = *average subtract
   }
   restraints = cctbx *qm
   quantum {
     engine_name = *mopac ani torchani terachem turbomole pyscf orca gaussian \
                   xtb
     charge = None
     basis = Auto
     method = Auto
     memory = None
     nproc = None
     qm_addon = gcp dftd3 gcp-d3
     qm_addon_method = None
   }
   refine {
     dry_run = False
     sf_algorithm = *direct fft
     refinement_target_name = *ml ls_wunit_k1
     mode = *opt refine
     number_of_macro_cycles = 1
     number_of_weight_search_cycles = 50
     number_of_refine_cycles = 5
     number_of_micro_cycles = 50
     data_weight = None
     choose_best_use_r_work = False
     skip_initial_weight_optimization = False
     adjust_restraints_weight_scale_value = 2
     max_iterations_weight = 50
     max_iterations_refine = 50
     use_ase_lbfgs = False
     line_search = True
     stpmax = 0.2
     gradient_only = true
     update_all_scales = True
     refine_sites = True
     refine_adp = False
     restraints_weight_scale = 1.0
     shake_sites = False
     use_convergence_test = true
     max_bond_rmsd = 0.03
     max_r_work_r_free_gap = 5.0
     r_tolerance = 0.001
     rmsd_tolerance = 0.001
     opt_log = False
     pre_opt = False
     pre_opt_stpmax = 0.1
     pre_opt_iter = 10
     pre_opt_switch = 2
     pre_opt_gconv = 3000
   }
   parallel {
     method = *multiprocessing slurm pbs sge lsf threading
     nproc = None
     qsub_command = None
   }
   output_file_name_prefix = None
   output_folder_name = "pdb"
   shared_disk = True
   rst_file = None
   dump_gradients = None

Setting QM defaults
  Setting QM method to PM7


***********************************************************
restart info will be stored in /home/lum/conserved_mopac_opt/15/mopac_opt/1.5/0/pdb/0.rst.pickle
***********************************************************

start   0 rmsd(b):  0.0171 rws:  1.000 n_fev: 0
  step:   1 bond rmsd: 0.017123
  step:   2 bond rmsd: 0.097361
  step:   3 bond rmsd: 0.097361
  step:   4 bond rmsd: 0.083460
  step:   5 bond rmsd: 0.072877
  step:   6 bond rmsd: 0.062654
  step:   7 bond rmsd: 0.053947
  step:   8 bond rmsd: 0.047029
  step:   9 bond rmsd: 0.041553
  step:  10 bond rmsd: 0.037343
  step:  11 bond rmsd: 0.034021
  step:  12 bond rmsd: 0.024819
  step:  13 bond rmsd: 0.024356
  step:  14 bond rmsd: 0.023570
  step:  15 bond rmsd: 0.023257
  step:  16 bond rmsd: 0.023329
  step:  17 bond rmsd: 0.024738
  step:  18 bond rmsd: 0.025702
  step:  19 bond rmsd: 0.026612
  step:  20 bond rmsd: 0.027529
  step:  21 bond rmsd: 0.028041
  step:  22 bond rmsd: 0.028254
  step:  23 bond rmsd: 0.028727
  step:  24 bond rmsd: 0.028729
  step:  25 bond rmsd: 0.028492
  step:  26 bond rmsd: 0.028183
  step:  27 bond rmsd: 0.028094
  step:  28 bond rmsd: 0.027617
  step:  29 bond rmsd: 0.027362
  step:  30 bond rmsd: 0.027295
  step:  31 bond rmsd: 0.027063
  step:  32 bond rmsd: 0.026951
  step:  33 bond rmsd: 0.026956
  step:  34 bond rmsd: 0.026956
  step:  35 bond rmsd: 0.027429
  step:  36 bond rmsd: 0.027429
  step:  37 bond rmsd: 0.027364
  step:  38 bond rmsd: 0.027260
  step:  39 bond rmsd: 0.027239
  step:  40 bond rmsd: 0.027150
  step:  41 bond rmsd: 0.027078
  step:  42 bond rmsd: 0.027002
  step:  43 bond rmsd: 0.026925
  step:  44 bond rmsd: 0.026831
  step:  45 bond rmsd: 0.026743
  step:  46 bond rmsd: 0.026648
  step:  47 bond rmsd: 0.026675
  step:  48 bond rmsd: 0.026622
  step:  49 bond rmsd: 0.026517
  step:  50 bond rmsd: 0.026531
  step:  51 bond rmsd: 0.026537
  step:  52 bond rmsd: 0.026510
  step:  53 bond rmsd: 0.026523
  step:  54 bond rmsd: 0.026473
micro_cycle   1 rmsd(b):  0.0265 rws:  1.000 n_fev: 54
  step:   1 bond rmsd: 0.026473
  step:   2 bond rmsd: 0.049063
  step:   3 bond rmsd: 0.049063
  step:   4 bond rmsd: 0.041900
  step:   5 bond rmsd: 0.036280
  step:   6 bond rmsd: 0.032255
  step:   7 bond rmsd: 0.029886
  step:   8 bond rmsd: 0.028451
  step:   9 bond rmsd: 0.027549
  step:  10 bond rmsd: 0.026967
  step:  11 bond rmsd: 0.026617
  step:  12 bond rmsd: 0.026406
  step:  13 bond rmsd: 0.026169
  step:  14 bond rmsd: 0.026116
  step:  15 bond rmsd: 0.026051
  step:  16 bond rmsd: 0.026039
  step:  17 bond rmsd: 0.026036
  step:  18 bond rmsd: 0.026037
  step:  19 bond rmsd: 0.026045
  step:  20 bond rmsd: 0.026055
  step:  21 bond rmsd: 0.026070
  step:  22 bond rmsd: 0.026089
  step:  23 bond rmsd: 0.026122
  step:  24 bond rmsd: 0.026263
  step:  25 bond rmsd: 0.026285
  step:  26 bond rmsd: 0.026305
  step:  27 bond rmsd: 0.026305
  step:  28 bond rmsd: 0.026477
  step:  29 bond rmsd: 0.026643
  step:  30 bond rmsd: 0.026742
  step:  31 bond rmsd: 0.026810
  step:  32 bond rmsd: 0.026632
  step:  33 bond rmsd: 0.026682
  step:  34 bond rmsd: 0.026661
  step:  35 bond rmsd: 0.026639
  step:  36 bond rmsd: 0.026669
  step:  37 bond rmsd: 0.026562
  step:  38 bond rmsd: 0.026594
  step:  39 bond rmsd: 0.026448
  step:  40 bond rmsd: 0.026452
  step:  41 bond rmsd: 0.026410
  step:  42 bond rmsd: 0.026294
  step:  43 bond rmsd: 0.026449
  step:  44 bond rmsd: 0.026337
  step:  45 bond rmsd: 0.026460
  step:  46 bond rmsd: 0.026351
  step:  47 bond rmsd: 0.026342
  step:  48 bond rmsd: 0.026334
  step:  49 bond rmsd: 0.026266
  step:  50 bond rmsd: 0.026335
  step:  51 bond rmsd: 0.026225
  step:  52 bond rmsd: 0.026320
  step:  53 bond rmsd: 0.026169
micro_cycle   2 rmsd(b):  0.0262 rws:  1.000 n_fev: 107
  step:   1 bond rmsd: 0.026169
  step:   2 bond rmsd: 0.068773
  step:   3 bond rmsd: 0.068773
  step:   4 bond rmsd: 0.058483
  step:   5 bond rmsd: 0.051779
  step:   6 bond rmsd: 0.045685
  step:   7 bond rmsd: 0.041207
  step:   8 bond rmsd: 0.037852
  step:   9 bond rmsd: 0.035365
  step:  10 bond rmsd: 0.033448
  step:  11 bond rmsd: 0.031911
  step:  12 bond rmsd: 0.030687
  step:  13 bond rmsd: 0.029745
  step:  14 bond rmsd: 0.028943
  step:  15 bond rmsd: 0.028341
  step:  16 bond rmsd: 0.027865
  step:  17 bond rmsd: 0.027487
  step:  18 bond rmsd: 0.027185
  step:  19 bond rmsd: 0.026943
  step:  20 bond rmsd: 0.026747
  step:  21 bond rmsd: 0.026584
  step:  22 bond rmsd: 0.026446
  step:  23 bond rmsd: 0.026324
  step:  24 bond rmsd: 0.026214
  step:  25 bond rmsd: 0.026107
  step:  26 bond rmsd: 0.026005
  step:  27 bond rmsd: 0.025904
  step:  28 bond rmsd: 0.025780
  step:  29 bond rmsd: 0.025732
  step:  30 bond rmsd: 0.025766
  step:  31 bond rmsd: 0.025795
  step:  32 bond rmsd: 0.025848
  step:  33 bond rmsd: 0.025933
  step:  34 bond rmsd: 0.025958
  step:  35 bond rmsd: 0.026009
  step:  36 bond rmsd: 0.025941
  step:  37 bond rmsd: 0.026457
  step:  38 bond rmsd: 0.026393
  step:  39 bond rmsd: 0.026268
  step:  40 bond rmsd: 0.026131
  step:  41 bond rmsd: 0.025952
  step:  42 bond rmsd: 0.025805
  step:  43 bond rmsd: 0.025642
  step:  44 bond rmsd: 0.025584
  step:  45 bond rmsd: 0.025161
  step:  46 bond rmsd: 0.025148
  step:  47 bond rmsd: 0.025282
  step:  48 bond rmsd: 0.025311
  step:  49 bond rmsd: 0.025311
  step:  50 bond rmsd: 0.025373
  step:  51 bond rmsd: 0.025466
  step:  52 bond rmsd: 0.025489
  step:  53 bond rmsd: 0.025546
micro_cycle   3 rmsd(b):  0.0255 rws:  1.000 n_fev: 160
  step:   1 bond rmsd: 0.025546
  step:   2 bond rmsd: 0.059652
  step:   3 bond rmsd: 0.053583
  step:   4 bond rmsd: 0.045096
  step:   5 bond rmsd: 0.036822
  step:   6 bond rmsd: 0.031938
  step:   7 bond rmsd: 0.029506
  step:   8 bond rmsd: 0.028061
  step:   9 bond rmsd: 0.027104
  step:  10 bond rmsd: 0.026442
  step:  11 bond rmsd: 0.026018
  step:  12 bond rmsd: 0.025746
  step:  13 bond rmsd: 0.025575
  step:  14 bond rmsd: 0.025472
  step:  15 bond rmsd: 0.025412
  step:  16 bond rmsd: 0.025382
  step:  17 bond rmsd: 0.025368
  step:  18 bond rmsd: 0.025367
  step:  19 bond rmsd: 0.025373
  step:  20 bond rmsd: 0.025384
  step:  21 bond rmsd: 0.025399
  step:  22 bond rmsd: 0.025416
  step:  23 bond rmsd: 0.025438
  step:  24 bond rmsd: 0.025465
  step:  25 bond rmsd: 0.025499
  step:  26 bond rmsd: 0.025549
  step:  27 bond rmsd: 0.025596
  step:  28 bond rmsd: 0.025724
  step:  29 bond rmsd: 0.025749
  step:  30 bond rmsd: 0.025963
  step:  31 bond rmsd: 0.026202
  step:  32 bond rmsd: 0.026188
  step:  33 bond rmsd: 0.026190
  step:  34 bond rmsd: 0.026092
  step:  35 bond rmsd: 0.026032
  step:  36 bond rmsd: 0.025931
  step:  37 bond rmsd: 0.025841
  step:  38 bond rmsd: 0.025740
  step:  39 bond rmsd: 0.025756
  step:  40 bond rmsd: 0.025651
  step:  41 bond rmsd: 0.025631
  step:  42 bond rmsd: 0.025563
  step:  43 bond rmsd: 0.025597
  step:  44 bond rmsd: 0.025607
  step:  45 bond rmsd: 0.025672
  step:  46 bond rmsd: 0.025695
  step:  47 bond rmsd: 0.025742
  step:  48 bond rmsd: 0.025761
  step:  49 bond rmsd: 0.025776
  step:  50 bond rmsd: 0.025789
  step:  51 bond rmsd: 0.025772
  step:  52 bond rmsd: 0.025850
micro_cycle   4 rmsd(b):  0.0259 rws:  1.000 n_fev: 212
  step:   1 bond rmsd: 0.025850
  step:   2 bond rmsd: 0.070777
  step:   3 bond rmsd: 0.063585
  step:   4 bond rmsd: 0.052758
  step:   5 bond rmsd: 0.042098
  step:   6 bond rmsd: 0.035658
  step:   7 bond rmsd: 0.032286
  step:   8 bond rmsd: 0.030189
  step:   9 bond rmsd: 0.028724
  step:  10 bond rmsd: 0.027652
  step:  11 bond rmsd: 0.026925
  step:  12 bond rmsd: 0.026426
  step:  13 bond rmsd: 0.026090
  step:  14 bond rmsd: 0.025866
  step:  15 bond rmsd: 0.025720
  step:  16 bond rmsd: 0.025625
  step:  17 bond rmsd: 0.025565
  step:  18 bond rmsd: 0.025529
  step:  19 bond rmsd: 0.025508
  step:  20 bond rmsd: 0.025499
  step:  21 bond rmsd: 0.025499
  step:  22 bond rmsd: 0.025504
  step:  23 bond rmsd: 0.025517
  step:  24 bond rmsd: 0.025535
  step:  25 bond rmsd: 0.025563
  step:  26 bond rmsd: 0.025602
  step:  27 bond rmsd: 0.025658
  step:  28 bond rmsd: 0.025745
  step:  29 bond rmsd: 0.025814
  step:  30 bond rmsd: 0.025895
  step:  31 bond rmsd: 0.025916
  step:  32 bond rmsd: 0.025904
  step:  33 bond rmsd: 0.025762
  step:  34 bond rmsd: 0.025743
  step:  35 bond rmsd: 0.025638
  step:  36 bond rmsd: 0.025644
  step:  37 bond rmsd: 0.025595
  step:  38 bond rmsd: 0.025486
  step:  39 bond rmsd: 0.025421
  step:  40 bond rmsd: 0.025303
  step:  41 bond rmsd: 0.025256
  step:  42 bond rmsd: 0.025230
  step:  43 bond rmsd: 0.025118
  step:  44 bond rmsd: 0.025200
  step:  45 bond rmsd: 0.025076
  step:  46 bond rmsd: 0.025092
  step:  47 bond rmsd: 0.025222
  step:  48 bond rmsd: 0.025257
  step:  49 bond rmsd: 0.025257
  step:  50 bond rmsd: 0.025277
  step:  51 bond rmsd: 0.025426
  step:  52 bond rmsd: 0.025452
  step:  53 bond rmsd: 0.025452
  step:  54 bond rmsd: 0.025330
micro_cycle   5 rmsd(b):  0.0253 rws:  1.000 n_fev: 266
  step:   1 bond rmsd: 0.025330
  step:   2 bond rmsd: 0.072879
  step:   3 bond rmsd: 0.054345
  step:   4 bond rmsd: 0.046144
  step:   5 bond rmsd: 0.040178
  step:   6 bond rmsd: 0.035729
  step:   7 bond rmsd: 0.032786
  step:   8 bond rmsd: 0.030764
  step:   9 bond rmsd: 0.029302
  step:  10 bond rmsd: 0.028203
  step:  11 bond rmsd: 0.027393
  step:  12 bond rmsd: 0.026803
  step:  13 bond rmsd: 0.026372
  step:  14 bond rmsd: 0.026059
  step:  15 bond rmsd: 0.025829
  step:  16 bond rmsd: 0.025660
  step:  17 bond rmsd: 0.025534
  step:  18 bond rmsd: 0.025440
  step:  19 bond rmsd: 0.025371
  step:  20 bond rmsd: 0.025317
  step:  21 bond rmsd: 0.025276
  step:  22 bond rmsd: 0.025245
  step:  23 bond rmsd: 0.025220
  step:  24 bond rmsd: 0.025201
  step:  25 bond rmsd: 0.025186
  step:  26 bond rmsd: 0.025177
  step:  27 bond rmsd: 0.025181
  step:  28 bond rmsd: 0.025196
  step:  29 bond rmsd: 0.025247
  step:  30 bond rmsd: 0.025151
  step:  31 bond rmsd: 0.025216
  step:  32 bond rmsd: 0.025283
  step:  33 bond rmsd: 0.025296
  step:  34 bond rmsd: 0.025360
  step:  35 bond rmsd: 0.025379
  step:  36 bond rmsd: 0.025381
  step:  37 bond rmsd: 0.025435
  step:  38 bond rmsd: 0.025447
  step:  39 bond rmsd: 0.025461
  step:  40 bond rmsd: 0.025376
  step:  41 bond rmsd: 0.025428
  step:  42 bond rmsd: 0.025305
  step:  43 bond rmsd: 0.025294
  step:  44 bond rmsd: 0.025487
  step:  45 bond rmsd: 0.025463
  step:  46 bond rmsd: 0.025470
  step:  47 bond rmsd: 0.025387
  step:  48 bond rmsd: 0.025406
  step:  49 bond rmsd: 0.025327
  step:  50 bond rmsd: 0.025323
  step:  51 bond rmsd: 0.025347
  step:  52 bond rmsd: 0.025051
micro_cycle   6 rmsd(b):  0.0251 rws:  1.000 n_fev: 318
  step:   1 bond rmsd: 0.025051
  step:   2 bond rmsd: 0.062329
  step:   3 bond rmsd: 0.062329
  step:   4 bond rmsd: 0.052981
  step:   5 bond rmsd: 0.046743
  step:   6 bond rmsd: 0.040927
  step:   7 bond rmsd: 0.036567
  step:   8 bond rmsd: 0.033710
  step:   9 bond rmsd: 0.031819
  step:  10 bond rmsd: 0.030440
  step:  11 bond rmsd: 0.029364
  step:  12 bond rmsd: 0.028504
  step:  13 bond rmsd: 0.027818
  step:  14 bond rmsd: 0.027272
  step:  15 bond rmsd: 0.026836
  step:  16 bond rmsd: 0.026488
  step:  17 bond rmsd: 0.026211
  step:  18 bond rmsd: 0.025989
  step:  19 bond rmsd: 0.025812
  step:  20 bond rmsd: 0.025668
  step:  21 bond rmsd: 0.025550
  step:  22 bond rmsd: 0.025452
  step:  23 bond rmsd: 0.025366
  step:  24 bond rmsd: 0.025289
  step:  25 bond rmsd: 0.025217
  step:  26 bond rmsd: 0.025149
  step:  27 bond rmsd: 0.025086
  step:  28 bond rmsd: 0.025023
  step:  29 bond rmsd: 0.025011
  step:  30 bond rmsd: 0.024876
  step:  31 bond rmsd: 0.024912
  step:  32 bond rmsd: 0.024984
  step:  33 bond rmsd: 0.025067
  step:  34 bond rmsd: 0.025137
  step:  35 bond rmsd: 0.025196
  step:  36 bond rmsd: 0.025247
  step:  37 bond rmsd: 0.025311
  step:  38 bond rmsd: 0.025310
  step:  39 bond rmsd: 0.025412
  step:  40 bond rmsd: 0.025376
  step:  41 bond rmsd: 0.025399
  step:  42 bond rmsd: 0.025296
  step:  43 bond rmsd: 0.025225
  step:  44 bond rmsd: 0.025081
  step:  45 bond rmsd: 0.025029
  step:  46 bond rmsd: 0.024918
  step:  47 bond rmsd: 0.024867
  step:  48 bond rmsd: 0.024850
  step:  49 bond rmsd: 0.024753
  step:  50 bond rmsd: 0.024745
  step:  51 bond rmsd: 0.024783
  step:  52 bond rmsd: 0.024752
micro_cycle   7 rmsd(b):  0.0248 rws:  1.000 n_fev: 370
  step:   1 bond rmsd: 0.024752
  step:   2 bond rmsd: 0.066156
  step:   3 bond rmsd: 0.035205
  step:   4 bond rmsd: 0.032291
  step:   5 bond rmsd: 0.030428
  step:   6 bond rmsd: 0.029023
  step:   7 bond rmsd: 0.027970
  step:   8 bond rmsd: 0.027187
  step:   9 bond rmsd: 0.026603
  step:  10 bond rmsd: 0.026167
  step:  11 bond rmsd: 0.025838
  step:  12 bond rmsd: 0.025592
  step:  13 bond rmsd: 0.025405
  step:  14 bond rmsd: 0.025263
  step:  15 bond rmsd: 0.025153
  step:  16 bond rmsd: 0.025067
  step:  17 bond rmsd: 0.024999
  step:  18 bond rmsd: 0.024945
  step:  19 bond rmsd: 0.024901
  step:  20 bond rmsd: 0.024863
  step:  21 bond rmsd: 0.024830
  step:  22 bond rmsd: 0.024802
  step:  23 bond rmsd: 0.024779
  step:  24 bond rmsd: 0.024763
  step:  25 bond rmsd: 0.024759
  step:  26 bond rmsd: 0.024788
  step:  27 bond rmsd: 0.024788
  step:  28 bond rmsd: 0.024851
  step:  29 bond rmsd: 0.025337
  step:  30 bond rmsd: 0.025327
  step:  31 bond rmsd: 0.025313
  step:  32 bond rmsd: 0.025278
  step:  33 bond rmsd: 0.025266
  step:  34 bond rmsd: 0.025203
  step:  35 bond rmsd: 0.025184
  step:  36 bond rmsd: 0.025134
  step:  37 bond rmsd: 0.025108
  step:  38 bond rmsd: 0.024994
  step:  39 bond rmsd: 0.024962
  step:  40 bond rmsd: 0.024999
  step:  41 bond rmsd: 0.024935
  step:  42 bond rmsd: 0.025050
  step:  43 bond rmsd: 0.025025
  step:  44 bond rmsd: 0.025026
  step:  45 bond rmsd: 0.025047
  step:  46 bond rmsd: 0.025029
  step:  47 bond rmsd: 0.025108
  step:  48 bond rmsd: 0.025068
  step:  49 bond rmsd: 0.025114
  step:  50 bond rmsd: 0.025026
  step:  51 bond rmsd: 0.025045
  step:  52 bond rmsd: 0.024833
  step:  53 bond rmsd: 0.024831
micro_cycle   8 rmsd(b):  0.0248 rws:  1.000 n_fev: 423
  step:   1 bond rmsd: 0.024831
  step:   2 bond rmsd: 0.067645
  step:   3 bond rmsd: 0.050910
  step:   4 bond rmsd: 0.044159
  step:   5 bond rmsd: 0.040355
  step:   6 bond rmsd: 0.037012
  step:   7 bond rmsd: 0.034323
  step:   8 bond rmsd: 0.032194
  step:   9 bond rmsd: 0.030518
  step:  10 bond rmsd: 0.029211
  step:  11 bond rmsd: 0.028196
  step:  12 bond rmsd: 0.027416
  step:  13 bond rmsd: 0.026820
  step:  14 bond rmsd: 0.026367
  step:  15 bond rmsd: 0.026020
  step:  16 bond rmsd: 0.025755
  step:  17 bond rmsd: 0.025550
  step:  18 bond rmsd: 0.025391
  step:  19 bond rmsd: 0.025265
  step:  20 bond rmsd: 0.025165
  step:  21 bond rmsd: 0.025084
  step:  22 bond rmsd: 0.025019
  step:  23 bond rmsd: 0.024963
  step:  24 bond rmsd: 0.024918
  step:  25 bond rmsd: 0.024877
  step:  26 bond rmsd: 0.024848
  step:  27 bond rmsd: 0.024834
  step:  28 bond rmsd: 0.024846
  step:  29 bond rmsd: 0.024907
  step:  30 bond rmsd: 0.024966
  step:  31 bond rmsd: 0.024992
  step:  32 bond rmsd: 0.025022
  step:  33 bond rmsd: 0.024971
  step:  34 bond rmsd: 0.024990
  step:  35 bond rmsd: 0.024983
  step:  36 bond rmsd: 0.025033
  step:  37 bond rmsd: 0.025011
  step:  38 bond rmsd: 0.025180
  step:  39 bond rmsd: 0.025151
  step:  40 bond rmsd: 0.025057
  step:  41 bond rmsd: 0.025045
  step:  42 bond rmsd: 0.025002
  step:  43 bond rmsd: 0.024950
  step:  44 bond rmsd: 0.024822
  step:  45 bond rmsd: 0.024793
  step:  46 bond rmsd: 0.024684
  step:  47 bond rmsd: 0.024655
  step:  48 bond rmsd: 0.024681
  step:  49 bond rmsd: 0.024632
  step:  50 bond rmsd: 0.024614
  step:  51 bond rmsd: 0.024721
  step:  52 bond rmsd: 0.024699
micro_cycle   9 rmsd(b):  0.0247 rws:  1.000 n_fev: 475
  step:   1 bond rmsd: 0.024699
  step:   2 bond rmsd: 0.089712
  step:   3 bond rmsd: 0.069736
  step:   4 bond rmsd: 0.057577
  step:   5 bond rmsd: 0.044122
  step:   6 bond rmsd: 0.036410
  step:   7 bond rmsd: 0.032314
  step:   8 bond rmsd: 0.029718
  step:   9 bond rmsd: 0.027963
  step:  10 bond rmsd: 0.026750
  step:  11 bond rmsd: 0.025950
  step:  12 bond rmsd: 0.025419
  step:  13 bond rmsd: 0.025075
  step:  14 bond rmsd: 0.024853
  step:  15 bond rmsd: 0.024715
  step:  16 bond rmsd: 0.024631
  step:  17 bond rmsd: 0.024582
  step:  18 bond rmsd: 0.024555
  step:  19 bond rmsd: 0.024545
  step:  20 bond rmsd: 0.024544
  step:  21 bond rmsd: 0.024551
  step:  22 bond rmsd: 0.024563
  step:  23 bond rmsd: 0.024578
  step:  24 bond rmsd: 0.024600
  step:  25 bond rmsd: 0.024630
  step:  26 bond rmsd: 0.024669
  step:  27 bond rmsd: 0.024725
  step:  28 bond rmsd: 0.024798
  step:  29 bond rmsd: 0.024901
  step:  30 bond rmsd: 0.025004
  step:  31 bond rmsd: 0.025160
  step:  32 bond rmsd: 0.025199
  step:  33 bond rmsd: 0.025197
  step:  34 bond rmsd: 0.025211
  step:  35 bond rmsd: 0.025175
  step:  36 bond rmsd: 0.025191
  step:  37 bond rmsd: 0.025141
  step:  38 bond rmsd: 0.025115
  step:  39 bond rmsd: 0.025024
  step:  40 bond rmsd: 0.024983
  step:  41 bond rmsd: 0.024934
  step:  42 bond rmsd: 0.024913
  step:  43 bond rmsd: 0.024911
  step:  44 bond rmsd: 0.024901
  step:  45 bond rmsd: 0.024906
  step:  46 bond rmsd: 0.024976
  step:  47 bond rmsd: 0.024971
  step:  48 bond rmsd: 0.025046
  step:  49 bond rmsd: 0.025039
  step:  50 bond rmsd: 0.025058
  step:  51 bond rmsd: 0.025080
  step:  52 bond rmsd: 0.025054
micro_cycle  10 rmsd(b):  0.0251 rws:  1.000 n_fev: 527
  step:   1 bond rmsd: 0.025054
  step:   2 bond rmsd: 0.074318
  step:   3 bond rmsd: 0.054791
  step:   4 bond rmsd: 0.046414
  step:   5 bond rmsd: 0.040775
  step:   6 bond rmsd: 0.036384
  step:   7 bond rmsd: 0.033227
  step:   8 bond rmsd: 0.030940
  step:   9 bond rmsd: 0.029265
  step:  10 bond rmsd: 0.028029
  step:  11 bond rmsd: 0.027125
  step:  12 bond rmsd: 0.026476
  step:  13 bond rmsd: 0.026016
  step:  14 bond rmsd: 0.025687
  step:  15 bond rmsd: 0.025455
  step:  16 bond rmsd: 0.025290
  step:  17 bond rmsd: 0.025174
  step:  18 bond rmsd: 0.025091
  step:  19 bond rmsd: 0.025032
  step:  20 bond rmsd: 0.024990
  step:  21 bond rmsd: 0.024961
  step:  22 bond rmsd: 0.024941
  step:  23 bond rmsd: 0.024928
  step:  24 bond rmsd: 0.024924
  step:  25 bond rmsd: 0.024926
  step:  26 bond rmsd: 0.024938
  step:  27 bond rmsd: 0.024964
  step:  28 bond rmsd: 0.025008
  step:  29 bond rmsd: 0.025060
  step:  30 bond rmsd: 0.025188
  step:  31 bond rmsd: 0.025192
  step:  32 bond rmsd: 0.025182
  step:  33 bond rmsd: 0.025040
  step:  34 bond rmsd: 0.025055
  step:  35 bond rmsd: 0.024982
  step:  36 bond rmsd: 0.024954
  step:  37 bond rmsd: 0.024930
  step:  38 bond rmsd: 0.024793
  step:  39 bond rmsd: 0.024827
  step:  40 bond rmsd: 0.024721
  step:  41 bond rmsd: 0.024759
  step:  42 bond rmsd: 0.024760
  step:  43 bond rmsd: 0.024715
  step:  44 bond rmsd: 0.024739
  step:  45 bond rmsd: 0.024668
  step:  46 bond rmsd: 0.024675
  step:  47 bond rmsd: 0.024735
  step:  48 bond rmsd: 0.024716
  step:  49 bond rmsd: 0.024870
  step:  50 bond rmsd: 0.024874
  step:  51 bond rmsd: 0.024957
  step:  52 bond rmsd: 0.025018
micro_cycle  11 rmsd(b):  0.0250 rws:  1.000 n_fev: 579
  step:   1 bond rmsd: 0.025018
  step:   2 bond rmsd: 0.069117
  step:   3 bond rmsd: 0.069117
  step:   4 bond rmsd: 0.056409
  step:   5 bond rmsd: 0.048671
  step:   6 bond rmsd: 0.040571
  step:   7 bond rmsd: 0.035273
  step:   8 bond rmsd: 0.032112
  step:   9 bond rmsd: 0.030036
  step:  10 bond rmsd: 0.028453
  step:  11 bond rmsd: 0.027286
  step:  12 bond rmsd: 0.026430
  step:  13 bond rmsd: 0.025820
  step:  14 bond rmsd: 0.025392
  step:  15 bond rmsd: 0.025102
  step:  16 bond rmsd: 0.024907
  step:  17 bond rmsd: 0.024782
  step:  18 bond rmsd: 0.024703
  step:  19 bond rmsd: 0.024656
  step:  20 bond rmsd: 0.024632
  step:  21 bond rmsd: 0.024624
  step:  22 bond rmsd: 0.024627
  step:  23 bond rmsd: 0.024640
  step:  24 bond rmsd: 0.024659
  step:  25 bond rmsd: 0.024686
  step:  26 bond rmsd: 0.024724
  step:  27 bond rmsd: 0.024776
  step:  28 bond rmsd: 0.024848
  step:  29 bond rmsd: 0.024941
  step:  30 bond rmsd: 0.025038
  step:  31 bond rmsd: 0.025168
  step:  32 bond rmsd: 0.025183
  step:  33 bond rmsd: 0.025266
  step:  34 bond rmsd: 0.025152
  step:  35 bond rmsd: 0.025166
  step:  36 bond rmsd: 0.025041
  step:  37 bond rmsd: 0.025070
  step:  38 bond rmsd: 0.025033
  step:  39 bond rmsd: 0.025061
  step:  40 bond rmsd: 0.025063
  step:  41 bond rmsd: 0.024983
  step:  42 bond rmsd: 0.024986
  step:  43 bond rmsd: 0.024971
  step:  44 bond rmsd: 0.025016
  step:  45 bond rmsd: 0.025000
  step:  46 bond rmsd: 0.025050
  step:  47 bond rmsd: 0.024971
  step:  48 bond rmsd: 0.024977
  step:  49 bond rmsd: 0.024894
  step:  50 bond rmsd: 0.024884
  step:  51 bond rmsd: 0.024915
  step:  52 bond rmsd: 0.024879
micro_cycle  12 rmsd(b):  0.0249 rws:  1.000 n_fev: 631
  step:   1 bond rmsd: 0.024879
  step:   2 bond rmsd: 0.077706
  step:   3 bond rmsd: 0.038155
  step:   4 bond rmsd: 0.034100
  step:   5 bond rmsd: 0.031528
  step:   6 bond rmsd: 0.029650
  step:   7 bond rmsd: 0.028309
  step:   8 bond rmsd: 0.027345
  step:   9 bond rmsd: 0.026649
  step:  10 bond rmsd: 0.026143
  step:  11 bond rmsd: 0.025780
  step:  12 bond rmsd: 0.025519
  step:  13 bond rmsd: 0.025331
  step:  14 bond rmsd: 0.025198
  step:  15 bond rmsd: 0.025101
  step:  16 bond rmsd: 0.025029
  step:  17 bond rmsd: 0.024976
  step:  18 bond rmsd: 0.024935
  step:  19 bond rmsd: 0.024905
  step:  20 bond rmsd: 0.024881
  step:  21 bond rmsd: 0.024862
  step:  22 bond rmsd: 0.024846
  step:  23 bond rmsd: 0.024832
  step:  24 bond rmsd: 0.024829
  step:  25 bond rmsd: 0.024826
  step:  26 bond rmsd: 0.024839
  step:  27 bond rmsd: 0.024856
  step:  28 bond rmsd: 0.024916
  step:  29 bond rmsd: 0.024855
  step:  30 bond rmsd: 0.024879
  step:  31 bond rmsd: 0.024872
  step:  32 bond rmsd: 0.024852
  step:  33 bond rmsd: 0.024854
  step:  34 bond rmsd: 0.024814
  step:  35 bond rmsd: 0.024810
  step:  36 bond rmsd: 0.024782
  step:  37 bond rmsd: 0.024735
  step:  38 bond rmsd: 0.024720
  step:  39 bond rmsd: 0.024672
  step:  40 bond rmsd: 0.024649
  step:  41 bond rmsd: 0.024606
  step:  42 bond rmsd: 0.024615
  step:  43 bond rmsd: 0.024582
  step:  44 bond rmsd: 0.024565
  step:  45 bond rmsd: 0.024506
  step:  46 bond rmsd: 0.024493
  step:  47 bond rmsd: 0.024490
  step:  48 bond rmsd: 0.024422
  step:  49 bond rmsd: 0.024437
  step:  50 bond rmsd: 0.024405
  step:  51 bond rmsd: 0.024419
  step:  52 bond rmsd: 0.024367
micro_cycle  13 rmsd(b):  0.0244 rws:  1.000 n_fev: 683
  step:   1 bond rmsd: 0.024367
  step:   2 bond rmsd: 0.071402
  step:   3 bond rmsd: 0.035295
  step:   4 bond rmsd: 0.032160
  step:   5 bond rmsd: 0.030266
  step:   6 bond rmsd: 0.028797
  step:   7 bond rmsd: 0.027686
  step:   8 bond rmsd: 0.026856
  step:   9 bond rmsd: 0.026236
  step:  10 bond rmsd: 0.025780
  step:  11 bond rmsd: 0.025446
  step:  12 bond rmsd: 0.025202
  step:  13 bond rmsd: 0.025022
  step:  14 bond rmsd: 0.024889
  step:  15 bond rmsd: 0.024789
  step:  16 bond rmsd: 0.024714
  step:  17 bond rmsd: 0.024657
  step:  18 bond rmsd: 0.024614
  step:  19 bond rmsd: 0.024578
  step:  20 bond rmsd: 0.024548
  step:  21 bond rmsd: 0.024525
  step:  22 bond rmsd: 0.024506
  step:  23 bond rmsd: 0.024492
  step:  24 bond rmsd: 0.024475
  step:  25 bond rmsd: 0.024463
  step:  26 bond rmsd: 0.024454
  step:  27 bond rmsd: 0.024459
  step:  28 bond rmsd: 0.024477
  step:  29 bond rmsd: 0.024500
  step:  30 bond rmsd: 0.024513
  step:  31 bond rmsd: 0.024534
  step:  32 bond rmsd: 0.024541
  step:  33 bond rmsd: 0.024551
  step:  34 bond rmsd: 0.024566
  step:  35 bond rmsd: 0.024577
  step:  36 bond rmsd: 0.024578
  step:  37 bond rmsd: 0.024597
  step:  38 bond rmsd: 0.024607
  step:  39 bond rmsd: 0.024553
  step:  40 bond rmsd: 0.024565
  step:  41 bond rmsd: 0.024565
  step:  42 bond rmsd: 0.024638
  step:  43 bond rmsd: 0.024633
  step:  44 bond rmsd: 0.024642
  step:  45 bond rmsd: 0.024634
  step:  46 bond rmsd: 0.024632
  step:  47 bond rmsd: 0.024626
  step:  48 bond rmsd: 0.024614
  step:  49 bond rmsd: 0.024634
  step:  50 bond rmsd: 0.024580
  step:  51 bond rmsd: 0.024578
  step:  52 bond rmsd: 0.024623
micro_cycle  14 rmsd(b):  0.0246 rws:  1.000 n_fev: 735
  step:   1 bond rmsd: 0.024623
  step:   2 bond rmsd: 0.074308
  step:   3 bond rmsd: 0.024982
  step:   4 bond rmsd: 0.024869
  step:   5 bond rmsd: 0.024795
  step:   6 bond rmsd: 0.024742
  step:   7 bond rmsd: 0.024704
  step:   8 bond rmsd: 0.024678
  step:   9 bond rmsd: 0.024658
  step:  10 bond rmsd: 0.024644
  step:  11 bond rmsd: 0.024633
  step:  12 bond rmsd: 0.024624
  step:  13 bond rmsd: 0.024619
  step:  14 bond rmsd: 0.024614
  step:  15 bond rmsd: 0.024610
  step:  16 bond rmsd: 0.024609
  step:  17 bond rmsd: 0.024607
  step:  18 bond rmsd: 0.024606
  step:  19 bond rmsd: 0.024604
  step:  20 bond rmsd: 0.024603
  step:  21 bond rmsd: 0.024604
  step:  22 bond rmsd: 0.024601
  step:  23 bond rmsd: 0.024593
  step:  24 bond rmsd: 0.024593
  step:  25 bond rmsd: 0.024563
  step:  26 bond rmsd: 0.024562
  step:  27 bond rmsd: 0.024554
  step:  28 bond rmsd: 0.024554
  step:  29 bond rmsd: 0.024547
  step:  30 bond rmsd: 0.024538
  step:  31 bond rmsd: 0.024591
  step:  32 bond rmsd: 0.024588
  step:  33 bond rmsd: 0.024533
  step:  34 bond rmsd: 0.024521
  step:  35 bond rmsd: 0.024539
  step:  36 bond rmsd: 0.024499
  step:  37 bond rmsd: 0.024500
  step:  38 bond rmsd: 0.024491
  step:  39 bond rmsd: 0.024499
  step:  40 bond rmsd: 0.024487
  step:  41 bond rmsd: 0.024518
  step:  42 bond rmsd: 0.024517
  step:  43 bond rmsd: 0.024458
  step:  44 bond rmsd: 0.024459
  step:  45 bond rmsd: 0.024429
  step:  46 bond rmsd: 0.024433
  step:  47 bond rmsd: 0.024388
  step:  48 bond rmsd: 0.024439
  step:  49 bond rmsd: 0.024400
  step:  50 bond rmsd: 0.024438
  step:  51 bond rmsd: 0.024648
  step:  52 bond rmsd: 0.024694
micro_cycle  15 rmsd(b):  0.0247 rws:  1.000 n_fev: 787
  step:   1 bond rmsd: 0.024694
  step:   2 bond rmsd: 0.094903
  step:   3 bond rmsd: 0.027339
  step:   4 bond rmsd: 0.026270
  step:   5 bond rmsd: 0.025633
  step:   6 bond rmsd: 0.025224
  step:   7 bond rmsd: 0.024961
  step:   8 bond rmsd: 0.024796
  step:   9 bond rmsd: 0.024693
  step:  10 bond rmsd: 0.024628
  step:  11 bond rmsd: 0.024590
  step:  12 bond rmsd: 0.024570
  step:  13 bond rmsd: 0.024559
  step:  14 bond rmsd: 0.024555
  step:  15 bond rmsd: 0.024554
  step:  16 bond rmsd: 0.024557
  step:  17 bond rmsd: 0.024560
  step:  18 bond rmsd: 0.024565
  step:  19 bond rmsd: 0.024570
  step:  20 bond rmsd: 0.024577
  step:  21 bond rmsd: 0.024585
  step:  22 bond rmsd: 0.024595
  step:  23 bond rmsd: 0.024604
  step:  24 bond rmsd: 0.024611
  step:  25 bond rmsd: 0.024632
  step:  26 bond rmsd: 0.024592
  step:  27 bond rmsd: 0.024600
  step:  28 bond rmsd: 0.024560
  step:  29 bond rmsd: 0.024566
  step:  30 bond rmsd: 0.024546
  step:  31 bond rmsd: 0.024568
  step:  32 bond rmsd: 0.024558
  step:  33 bond rmsd: 0.024580
  step:  34 bond rmsd: 0.024577
  step:  35 bond rmsd: 0.024539
  step:  36 bond rmsd: 0.024536
  step:  37 bond rmsd: 0.024526
  step:  38 bond rmsd: 0.024526
  step:  39 bond rmsd: 0.024509
  step:  40 bond rmsd: 0.024509
  step:  41 bond rmsd: 0.024526
  step:  42 bond rmsd: 0.024516
  step:  43 bond rmsd: 0.024519
  step:  44 bond rmsd: 0.024523
  step:  45 bond rmsd: 0.024492
  step:  46 bond rmsd: 0.024498
  step:  47 bond rmsd: 0.024445
  step:  48 bond rmsd: 0.024454
  step:  49 bond rmsd: 0.024469
  step:  50 bond rmsd: 0.024488
  step:  51 bond rmsd: 0.024499
  step:  52 bond rmsd: 0.024515
micro_cycle  16 rmsd(b):  0.0245 rws:  1.000 n_fev: 839
  step:   1 bond rmsd: 0.024515
  step:   2 bond rmsd: 0.072899
  step:   3 bond rmsd: 0.025100
  step:   4 bond rmsd: 0.024934
  step:   5 bond rmsd: 0.024824
  step:   6 bond rmsd: 0.024746
  step:   7 bond rmsd: 0.024690
  step:   8 bond rmsd: 0.024648
  step:   9 bond rmsd: 0.024617
  step:  10 bond rmsd: 0.024596
  step:  11 bond rmsd: 0.024577
  step:  12 bond rmsd: 0.024564
  step:  13 bond rmsd: 0.024553
  step:  14 bond rmsd: 0.024545
  step:  15 bond rmsd: 0.024538
  step:  16 bond rmsd: 0.024532
  step:  17 bond rmsd: 0.024528
  step:  18 bond rmsd: 0.024522
  step:  19 bond rmsd: 0.024520
  step:  20 bond rmsd: 0.024515
  step:  21 bond rmsd: 0.024517
  step:  22 bond rmsd: 0.024516
  step:  23 bond rmsd: 0.024563
  step:  24 bond rmsd: 0.024560
  step:  25 bond rmsd: 0.024560
  step:  26 bond rmsd: 0.024559
  step:  27 bond rmsd: 0.024555
  step:  28 bond rmsd: 0.024557
  step:  29 bond rmsd: 0.024551
  step:  30 bond rmsd: 0.024559
  step:  31 bond rmsd: 0.024534
  step:  32 bond rmsd: 0.024554
  step:  33 bond rmsd: 0.024545
  step:  34 bond rmsd: 0.024553
  step:  35 bond rmsd: 0.024566
  step:  36 bond rmsd: 0.024519
  step:  37 bond rmsd: 0.024535
  step:  38 bond rmsd: 0.024539
  step:  39 bond rmsd: 0.024565
  step:  40 bond rmsd: 0.024552
  step:  41 bond rmsd: 0.024589
  step:  42 bond rmsd: 0.024586
  step:  43 bond rmsd: 0.024566
  step:  44 bond rmsd: 0.024556
  step:  45 bond rmsd: 0.024556
  step:  46 bond rmsd: 0.024538
  step:  47 bond rmsd: 0.024513
  step:  48 bond rmsd: 0.024529
  step:  49 bond rmsd: 0.024501
  step:  50 bond rmsd: 0.024474
  step:  51 bond rmsd: 0.024518
  step:  52 bond rmsd: 0.024501
micro_cycle  17 rmsd(b):  0.0245 rws:  1.000 n_fev: 891
  step:   1 bond rmsd: 0.024501
  step:   2 bond rmsd: 0.067184
  step:   3 bond rmsd: 0.032542
  step:   4 bond rmsd: 0.029740
  step:   5 bond rmsd: 0.027802
  step:   6 bond rmsd: 0.026569
  step:   7 bond rmsd: 0.025801
  step:   8 bond rmsd: 0.025306
  step:   9 bond rmsd: 0.024977
  step:  10 bond rmsd: 0.024763
  step:  11 bond rmsd: 0.024628
  step:  12 bond rmsd: 0.024544
  step:  13 bond rmsd: 0.024491
  step:  14 bond rmsd: 0.024460
  step:  15 bond rmsd: 0.024441
  step:  16 bond rmsd: 0.024431
  step:  17 bond rmsd: 0.024428
  step:  18 bond rmsd: 0.024427
  step:  19 bond rmsd: 0.024430
  step:  20 bond rmsd: 0.024433
  step:  21 bond rmsd: 0.024437
  step:  22 bond rmsd: 0.024442
  step:  23 bond rmsd: 0.024448
  step:  24 bond rmsd: 0.024457
  step:  25 bond rmsd: 0.024471
  step:  26 bond rmsd: 0.024485
  step:  27 bond rmsd: 0.024505
  step:  28 bond rmsd: 0.024478
  step:  29 bond rmsd: 0.024492
  step:  30 bond rmsd: 0.024496
  step:  31 bond rmsd: 0.024498
  step:  32 bond rmsd: 0.024503
  step:  33 bond rmsd: 0.024497
  step:  34 bond rmsd: 0.024514
  step:  35 bond rmsd: 0.024510
  step:  36 bond rmsd: 0.024526
  step:  37 bond rmsd: 0.024531
  step:  38 bond rmsd: 0.024513
  step:  39 bond rmsd: 0.024524
  step:  40 bond rmsd: 0.024474
  step:  41 bond rmsd: 0.024481
  step:  42 bond rmsd: 0.024543
  step:  43 bond rmsd: 0.024530
  step:  44 bond rmsd: 0.024552
  step:  45 bond rmsd: 0.024553
  step:  46 bond rmsd: 0.024572
  step:  47 bond rmsd: 0.024560
  step:  48 bond rmsd: 0.024588
  step:  49 bond rmsd: 0.024591
  step:  50 bond rmsd: 0.024553
  step:  51 bond rmsd: 0.024571
  step:  52 bond rmsd: 0.024563
micro_cycle  18 rmsd(b):  0.0246 rws:  1.000 n_fev: 943
  step:   1 bond rmsd: 0.024563
  step:   2 bond rmsd: 0.056164
  step:   3 bond rmsd: 0.024700
  step:   4 bond rmsd: 0.024657
  step:   5 bond rmsd: 0.024628
  step:   6 bond rmsd: 0.024606
  step:   7 bond rmsd: 0.024588
  step:   8 bond rmsd: 0.024574
  step:   9 bond rmsd: 0.024563
  step:  10 bond rmsd: 0.024554
  step:  11 bond rmsd: 0.024548
  step:  12 bond rmsd: 0.024544
  step:  13 bond rmsd: 0.024541
  step:  14 bond rmsd: 0.024539
  step:  15 bond rmsd: 0.024538
  step:  16 bond rmsd: 0.024536
  step:  17 bond rmsd: 0.024539
  step:  18 bond rmsd: 0.024529
  step:  19 bond rmsd: 0.024618
  step:  20 bond rmsd: 0.024594
  step:  21 bond rmsd: 0.024587
  step:  22 bond rmsd: 0.024546
  step:  23 bond rmsd: 0.024535
  step:  24 bond rmsd: 0.024523
  step:  25 bond rmsd: 0.024498
  step:  26 bond rmsd: 0.024498
  step:  27 bond rmsd: 0.024435
  step:  28 bond rmsd: 0.024438
  step:  29 bond rmsd: 0.024444
  step:  30 bond rmsd: 0.024459
  step:  31 bond rmsd: 0.024454
  step:  32 bond rmsd: 0.024471
  step:  33 bond rmsd: 0.024485
  step:  34 bond rmsd: 0.024484
  step:  35 bond rmsd: 0.024498
  step:  36 bond rmsd: 0.024502
  step:  37 bond rmsd: 0.024504
  step:  38 bond rmsd: 0.024509
  step:  39 bond rmsd: 0.024510
  step:  40 bond rmsd: 0.024518
  step:  41 bond rmsd: 0.024549
  step:  42 bond rmsd: 0.024553
  step:  43 bond rmsd: 0.024804
  step:  44 bond rmsd: 0.024856
  step:  45 bond rmsd: 0.024918
  step:  46 bond rmsd: 0.025039
  step:  47 bond rmsd: 0.025076
  step:  48 bond rmsd: 0.025106
  step:  49 bond rmsd: 0.024950
  step:  50 bond rmsd: 0.024970
  step:  51 bond rmsd: 0.024860
  step:  52 bond rmsd: 0.024956
micro_cycle  19 rmsd(b):  0.0250 rws:  1.000 n_fev: 995
  step:   1 bond rmsd: 0.024956
  step:   2 bond rmsd: 0.098455
  step:   3 bond rmsd: 0.041788
  step:   4 bond rmsd: 0.036889
  step:   5 bond rmsd: 0.033615
  step:   6 bond rmsd: 0.031223
  step:   7 bond rmsd: 0.029505
  step:   8 bond rmsd: 0.028255
  step:   9 bond rmsd: 0.027343
  step:  10 bond rmsd: 0.026674
  step:  11 bond rmsd: 0.026186
  step:  12 bond rmsd: 0.025831
  step:  13 bond rmsd: 0.025570
  step:  14 bond rmsd: 0.025378
  step:  15 bond rmsd: 0.025234
  step:  16 bond rmsd: 0.025125
  step:  17 bond rmsd: 0.025041
  step:  18 bond rmsd: 0.024975
  step:  19 bond rmsd: 0.024922
  step:  20 bond rmsd: 0.024879
  step:  21 bond rmsd: 0.024842
  step:  22 bond rmsd: 0.024809
  step:  23 bond rmsd: 0.024777
  step:  24 bond rmsd: 0.024746
  step:  25 bond rmsd: 0.024715
  step:  26 bond rmsd: 0.024683
  step:  27 bond rmsd: 0.024650
  step:  28 bond rmsd: 0.024685
  step:  29 bond rmsd: 0.024644
  step:  30 bond rmsd: 0.024612
  step:  31 bond rmsd: 0.024573
  step:  32 bond rmsd: 0.024554
  step:  33 bond rmsd: 0.024512
  step:  34 bond rmsd: 0.024503
  step:  35 bond rmsd: 0.024475
  step:  36 bond rmsd: 0.024461
  step:  37 bond rmsd: 0.024428
  step:  38 bond rmsd: 0.024414
  step:  39 bond rmsd: 0.024394
  step:  40 bond rmsd: 0.024369
  step:  41 bond rmsd: 0.024360
  step:  42 bond rmsd: 0.024320
  step:  43 bond rmsd: 0.024315
  step:  44 bond rmsd: 0.024320
  step:  45 bond rmsd: 0.024314
  step:  46 bond rmsd: 0.024353
  step:  47 bond rmsd: 0.024354
  step:  48 bond rmsd: 0.024363
  step:  49 bond rmsd: 0.024361
  step:  50 bond rmsd: 0.024377
  step:  51 bond rmsd: 0.024371
  step:  52 bond rmsd: 0.024399
micro_cycle  20 rmsd(b):  0.0244 rws:  1.000 n_fev: 1047
  step:   1 bond rmsd: 0.024399
  step:   2 bond rmsd: 0.072348
  step:   3 bond rmsd: 0.024410
  step:   4 bond rmsd: 0.024392
  step:   5 bond rmsd: 0.024382
  step:   6 bond rmsd: 0.024376
  step:   7 bond rmsd: 0.024374
  step:   8 bond rmsd: 0.024371
  step:   9 bond rmsd: 0.024373
  step:  10 bond rmsd: 0.024377
  step:  11 bond rmsd: 0.024382
  step:  12 bond rmsd: 0.024389
  step:  13 bond rmsd: 0.024395
  step:  14 bond rmsd: 0.024406
  step:  15 bond rmsd: 0.024414
  step:  16 bond rmsd: 0.024432
  step:  17 bond rmsd: 0.024423
  step:  18 bond rmsd: 0.024467
  step:  19 bond rmsd: 0.024476
  step:  20 bond rmsd: 0.024459
  step:  21 bond rmsd: 0.024475
  step:  22 bond rmsd: 0.024477
  step:  23 bond rmsd: 0.024496
  step:  24 bond rmsd: 0.024497
  step:  25 bond rmsd: 0.024544
  step:  26 bond rmsd: 0.024555
  step:  27 bond rmsd: 0.024535
  step:  28 bond rmsd: 0.024556
  step:  29 bond rmsd: 0.024549
  step:  30 bond rmsd: 0.024566
  step:  31 bond rmsd: 0.024552
  step:  32 bond rmsd: 0.024578
  step:  33 bond rmsd: 0.024583
  step:  34 bond rmsd: 0.024592
  step:  35 bond rmsd: 0.024627
  step:  36 bond rmsd: 0.024627
  step:  37 bond rmsd: 0.024638
  step:  38 bond rmsd: 0.024631
  step:  39 bond rmsd: 0.024686
  step:  40 bond rmsd: 0.024667
  step:  41 bond rmsd: 0.024635
  step:  42 bond rmsd: 0.024594
  step:  43 bond rmsd: 0.024595
  step:  44 bond rmsd: 0.024520
  step:  45 bond rmsd: 0.024533
  step:  46 bond rmsd: 0.024463
  step:  47 bond rmsd: 0.024442
  step:  48 bond rmsd: 0.024408
  step:  49 bond rmsd: 0.024379
  step:  50 bond rmsd: 0.024371
  step:  51 bond rmsd: 0.024279
  step:  52 bond rmsd: 0.024277
micro_cycle  21 rmsd(b):  0.0243 rws:  1.000 n_fev: 1099
  step:   1 bond rmsd: 0.024277
  step:   2 bond rmsd: 0.107897
  step:   3 bond rmsd: 0.026140
  step:   4 bond rmsd: 0.025694
  step:   5 bond rmsd: 0.025382
  step:   6 bond rmsd: 0.025148
  step:   7 bond rmsd: 0.024971
  step:   8 bond rmsd: 0.024837
  step:   9 bond rmsd: 0.024730
  step:  10 bond rmsd: 0.024650
  step:  11 bond rmsd: 0.024585
  step:  12 bond rmsd: 0.024534
  step:  13 bond rmsd: 0.024491
  step:  14 bond rmsd: 0.024457
  step:  15 bond rmsd: 0.024427
  step:  16 bond rmsd: 0.024401
  step:  17 bond rmsd: 0.024378
  step:  18 bond rmsd: 0.024355
  step:  19 bond rmsd: 0.024338
  step:  20 bond rmsd: 0.024324
  step:  21 bond rmsd: 0.024329
  step:  22 bond rmsd: 0.024321
  step:  23 bond rmsd: 0.024437
  step:  24 bond rmsd: 0.024455
  step:  25 bond rmsd: 0.024486
  step:  26 bond rmsd: 0.024501
  step:  27 bond rmsd: 0.024527
  step:  28 bond rmsd: 0.024536
  step:  29 bond rmsd: 0.024545
  step:  30 bond rmsd: 0.024579
  step:  31 bond rmsd: 0.024577
  step:  32 bond rmsd: 0.024589
  step:  33 bond rmsd: 0.024578
  step:  34 bond rmsd: 0.024605
  step:  35 bond rmsd: 0.024583
  step:  36 bond rmsd: 0.024579
  step:  37 bond rmsd: 0.024567
  step:  38 bond rmsd: 0.024539
  step:  39 bond rmsd: 0.024526
  step:  40 bond rmsd: 0.024495
  step:  41 bond rmsd: 0.024484
  step:  42 bond rmsd: 0.024428
  step:  43 bond rmsd: 0.024432
  step:  44 bond rmsd: 0.024353
  step:  45 bond rmsd: 0.024342
  step:  46 bond rmsd: 0.024392
  step:  47 bond rmsd: 0.024393
  step:  48 bond rmsd: 0.024369
  step:  49 bond rmsd: 0.024370
  step:  50 bond rmsd: 0.024376
  step:  51 bond rmsd: 0.024360
  step:  52 bond rmsd: 0.024363
micro_cycle  22 rmsd(b):  0.0244 rws:  1.000 n_fev: 1151
  step:   1 bond rmsd: 0.024363
  step:   2 bond rmsd: 0.081214
  step:   3 bond rmsd: 0.024317
  step:   4 bond rmsd: 0.024316
  step:   5 bond rmsd: 0.024318
  step:   6 bond rmsd: 0.024323
  step:   7 bond rmsd: 0.024329
  step:   8 bond rmsd: 0.024335
  step:   9 bond rmsd: 0.024341
  step:  10 bond rmsd: 0.024348
  step:  11 bond rmsd: 0.024354
  step:  12 bond rmsd: 0.024360
  step:  13 bond rmsd: 0.024366
  step:  14 bond rmsd: 0.024371
  step:  15 bond rmsd: 0.024378
  step:  16 bond rmsd: 0.024384
  step:  17 bond rmsd: 0.024393
  step:  18 bond rmsd: 0.024406
  step:  19 bond rmsd: 0.024385
  step:  20 bond rmsd: 0.024400
  step:  21 bond rmsd: 0.024401
  step:  22 bond rmsd: 0.024425
  step:  23 bond rmsd: 0.024425
  step:  24 bond rmsd: 0.024434
  step:  25 bond rmsd: 0.024449
  step:  26 bond rmsd: 0.024454
  step:  27 bond rmsd: 0.024477
  step:  28 bond rmsd: 0.024483
  step:  29 bond rmsd: 0.024507
  step:  30 bond rmsd: 0.024506
  step:  31 bond rmsd: 0.024561
  step:  32 bond rmsd: 0.024561
  step:  33 bond rmsd: 0.024534
  step:  34 bond rmsd: 0.024521
  step:  35 bond rmsd: 0.024511
  step:  36 bond rmsd: 0.024493
  step:  37 bond rmsd: 0.024465
  step:  38 bond rmsd: 0.024453
  step:  39 bond rmsd: 0.024421
  step:  40 bond rmsd: 0.024413
  step:  41 bond rmsd: 0.024404
  step:  42 bond rmsd: 0.024403
  step:  43 bond rmsd: 0.024402
  step:  44 bond rmsd: 0.024403
  step:  45 bond rmsd: 0.024401
  step:  46 bond rmsd: 0.024396
  step:  47 bond rmsd: 0.024391
  step:  48 bond rmsd: 0.024382
  step:  49 bond rmsd: 0.024370
  step:  50 bond rmsd: 0.024356
  step:  51 bond rmsd: 0.024288
  step:  52 bond rmsd: 0.024253
micro_cycle  23 rmsd(b):  0.0243 rws:  1.000 n_fev: 1203
  step:   1 bond rmsd: 0.024253
  step:   2 bond rmsd: 0.027460
  step:   3 bond rmsd: 0.027460
  step:   4 bond rmsd: 0.026604
  step:   5 bond rmsd: 0.025928
  step:   6 bond rmsd: 0.025459
  step:   7 bond rmsd: 0.025087
  step:   8 bond rmsd: 0.024794
  step:   9 bond rmsd: 0.024550
  step:  10 bond rmsd: 0.024489
  step:  11 bond rmsd: 0.024437
  step:  12 bond rmsd: 0.024399
  step:  13 bond rmsd: 0.024368
  step:  14 bond rmsd: 0.024337
  step:  15 bond rmsd: 0.024318
  step:  16 bond rmsd: 0.024299
  step:  17 bond rmsd: 0.024294
  step:  18 bond rmsd: 0.024274
  step:  19 bond rmsd: 0.024277
  step:  20 bond rmsd: 0.024277
  step:  21 bond rmsd: 0.024280
  step:  22 bond rmsd: 0.024320
  step:  23 bond rmsd: 0.024334
  step:  24 bond rmsd: 0.024349
  step:  25 bond rmsd: 0.024373
  step:  26 bond rmsd: 0.024373
  step:  27 bond rmsd: 0.024454
  step:  28 bond rmsd: 0.024447
  step:  29 bond rmsd: 0.024447
  step:  30 bond rmsd: 0.024432
  step:  31 bond rmsd: 0.024409
  step:  32 bond rmsd: 0.024402
  step:  33 bond rmsd: 0.024391
  step:  34 bond rmsd: 0.024383
  step:  35 bond rmsd: 0.024381
  step:  36 bond rmsd: 0.024387
  step:  37 bond rmsd: 0.024417
  step:  38 bond rmsd: 0.024421
  step:  39 bond rmsd: 0.024422
  step:  40 bond rmsd: 0.024430
  step:  41 bond rmsd: 0.024418
  step:  42 bond rmsd: 0.024455
  step:  43 bond rmsd: 0.024449
  step:  44 bond rmsd: 0.024442
  step:  45 bond rmsd: 0.024413
  step:  46 bond rmsd: 0.024409
  step:  47 bond rmsd: 0.024401
  step:  48 bond rmsd: 0.024384
  step:  49 bond rmsd: 0.024379
  step:  50 bond rmsd: 0.024379
  step:  51 bond rmsd: 0.024356
  step:  52 bond rmsd: 0.024354
  step:  53 bond rmsd: 0.024345
  step:  54 bond rmsd: 0.024339
micro_cycle  24 rmsd(b):  0.0243 rws:  1.000 n_fev: 1257
  step:   1 bond rmsd: 0.024339
  step:   2 bond rmsd: 0.031751
  step:   3 bond rmsd: 0.027145
  step:   4 bond rmsd: 0.026301
  step:   5 bond rmsd: 0.025737
  step:   6 bond rmsd: 0.025300
  step:   7 bond rmsd: 0.024962
  step:   8 bond rmsd: 0.024786
  step:   9 bond rmsd: 0.024676
  step:  10 bond rmsd: 0.024595
  step:  11 bond rmsd: 0.024533
  step:  12 bond rmsd: 0.024488
  step:  13 bond rmsd: 0.024454
  step:  14 bond rmsd: 0.024430
  step:  15 bond rmsd: 0.024410
  step:  16 bond rmsd: 0.024395
  step:  17 bond rmsd: 0.024383
  step:  18 bond rmsd: 0.024375
  step:  19 bond rmsd: 0.024367
  step:  20 bond rmsd: 0.024360
  step:  21 bond rmsd: 0.024354
  step:  22 bond rmsd: 0.024350
  step:  23 bond rmsd: 0.024344
  step:  24 bond rmsd: 0.024342
  step:  25 bond rmsd: 0.024335
  step:  26 bond rmsd: 0.024334
  step:  27 bond rmsd: 0.024326
  step:  28 bond rmsd: 0.024317
  step:  29 bond rmsd: 0.024301
  step:  30 bond rmsd: 0.024302
  step:  31 bond rmsd: 0.024310
  step:  32 bond rmsd: 0.024309
  step:  33 bond rmsd: 0.024312
  step:  34 bond rmsd: 0.024307
  step:  35 bond rmsd: 0.024306
  step:  36 bond rmsd: 0.024276
  step:  37 bond rmsd: 0.024275
  step:  38 bond rmsd: 0.024257
  step:  39 bond rmsd: 0.024251
  step:  40 bond rmsd: 0.024271
  step:  41 bond rmsd: 0.024315
  step:  42 bond rmsd: 0.024364
  step:  43 bond rmsd: 0.024357
  step:  44 bond rmsd: 0.024303
  step:  45 bond rmsd: 0.024075
  step:  46 bond rmsd: 0.024079
  step:  47 bond rmsd: 0.024124
  step:  48 bond rmsd: 0.024155
  step:  49 bond rmsd: 0.024184
  step:  50 bond rmsd: 0.024208
  step:  51 bond rmsd: 0.024227
  step:  52 bond rmsd: 0.024242
micro_cycle  25 rmsd(b):  0.0242 rws:  1.000 n_fev: 1309
  step:   1 bond rmsd: 0.024242
  step:   2 bond rmsd: 0.031134
  step:   3 bond rmsd: 0.031134
  step:   4 bond rmsd: 0.029320
  step:   5 bond rmsd: 0.027647
  step:   6 bond rmsd: 0.026638
  step:   7 bond rmsd: 0.025936
  step:   8 bond rmsd: 0.025381
  step:   9 bond rmsd: 0.024916
  step:  10 bond rmsd: 0.024689
  step:  11 bond rmsd: 0.024583
  step:  12 bond rmsd: 0.024514
  step:  13 bond rmsd: 0.024456
  step:  14 bond rmsd: 0.024408
  step:  15 bond rmsd: 0.024372
  step:  16 bond rmsd: 0.024343
  step:  17 bond rmsd: 0.024320
  step:  18 bond rmsd: 0.024304
  step:  19 bond rmsd: 0.024288
  step:  20 bond rmsd: 0.024279
  step:  21 bond rmsd: 0.024270
  step:  22 bond rmsd: 0.024269
  step:  23 bond rmsd: 0.024255
  step:  24 bond rmsd: 0.024272
  step:  25 bond rmsd: 0.024278
  step:  26 bond rmsd: 0.024281
  step:  27 bond rmsd: 0.024286
  step:  28 bond rmsd: 0.024288
  step:  29 bond rmsd: 0.024304
  step:  30 bond rmsd: 0.024273
  step:  31 bond rmsd: 0.024308
  step:  32 bond rmsd: 0.024298
  step:  33 bond rmsd: 0.024334
  step:  34 bond rmsd: 0.024327
  step:  35 bond rmsd: 0.024333
  step:  36 bond rmsd: 0.024335
  step:  37 bond rmsd: 0.024327
  step:  38 bond rmsd: 0.024329
  step:  39 bond rmsd: 0.024324
  step:  40 bond rmsd: 0.024322
  step:  41 bond rmsd: 0.024316
  step:  42 bond rmsd: 0.024308
  step:  43 bond rmsd: 0.024323
  step:  44 bond rmsd: 0.024302
  step:  45 bond rmsd: 0.024320
  step:  46 bond rmsd: 0.024300
  step:  47 bond rmsd: 0.024305
  step:  48 bond rmsd: 0.024291
  step:  49 bond rmsd: 0.024287
  step:  50 bond rmsd: 0.024273
  step:  51 bond rmsd: 0.024264
  step:  52 bond rmsd: 0.024264
micro_cycle  26 rmsd(b):  0.0243 rws:  1.000 n_fev: 1361
  step:   1 bond rmsd: 0.024264
  step:   2 bond rmsd: 0.085630
  step:   3 bond rmsd: 0.024271
  step:   4 bond rmsd: 0.024233
  step:   5 bond rmsd: 0.024215
  step:   6 bond rmsd: 0.024207
  step:   7 bond rmsd: 0.024205
  step:   8 bond rmsd: 0.024208
  step:   9 bond rmsd: 0.024213
  step:  10 bond rmsd: 0.024219
  step:  11 bond rmsd: 0.024227
  step:  12 bond rmsd: 0.024235
  step:  13 bond rmsd: 0.024242
  step:  14 bond rmsd: 0.024249
  step:  15 bond rmsd: 0.024257
  step:  16 bond rmsd: 0.024266
  step:  17 bond rmsd: 0.024276
  step:  18 bond rmsd: 0.024289
  step:  19 bond rmsd: 0.024293
  step:  20 bond rmsd: 0.024334
  step:  21 bond rmsd: 0.024310
  step:  22 bond rmsd: 0.024314
  step:  23 bond rmsd: 0.024284
  step:  24 bond rmsd: 0.024279
  step:  25 bond rmsd: 0.024272
  step:  26 bond rmsd: 0.024262
  step:  27 bond rmsd: 0.024263
  step:  28 bond rmsd: 0.024235
  step:  29 bond rmsd: 0.024230
  step:  30 bond rmsd: 0.024208
  step:  31 bond rmsd: 0.024200
  step:  32 bond rmsd: 0.024197
  step:  33 bond rmsd: 0.024189
  step:  34 bond rmsd: 0.024188
  step:  35 bond rmsd: 0.024178
  step:  36 bond rmsd: 0.024174
  step:  37 bond rmsd: 0.024168
  step:  38 bond rmsd: 0.024165
  step:  39 bond rmsd: 0.024160
  step:  40 bond rmsd: 0.024181
  step:  41 bond rmsd: 0.024174
  step:  42 bond rmsd: 0.024176
  step:  43 bond rmsd: 0.024172
  step:  44 bond rmsd: 0.024176
  step:  45 bond rmsd: 0.024174
  step:  46 bond rmsd: 0.024181
  step:  47 bond rmsd: 0.024186
  step:  48 bond rmsd: 0.024192
  step:  49 bond rmsd: 0.024196
  step:  50 bond rmsd: 0.024239
  step:  51 bond rmsd: 0.024219
  step:  52 bond rmsd: 0.024265
micro_cycle  27 rmsd(b):  0.0243 rws:  1.000 n_fev: 1413
  step:   1 bond rmsd: 0.024265
  step:   2 bond rmsd: 0.055844
  step:   3 bond rmsd: 0.024201
  step:   4 bond rmsd: 0.024000
  step:   5 bond rmsd: 0.023924
  step:   6 bond rmsd: 0.023897
  step:   7 bond rmsd: 0.023903
  step:   8 bond rmsd: 0.023926
  step:   9 bond rmsd: 0.023954
  step:  10 bond rmsd: 0.023984
  step:  11 bond rmsd: 0.024015
  step:  12 bond rmsd: 0.024042
  step:  13 bond rmsd: 0.024068
  step:  14 bond rmsd: 0.024090
  step:  15 bond rmsd: 0.024111
  step:  16 bond rmsd: 0.024129
  step:  17 bond rmsd: 0.024146
  step:  18 bond rmsd: 0.024161
  step:  19 bond rmsd: 0.024175
  step:  20 bond rmsd: 0.024190
  step:  21 bond rmsd: 0.024204
  step:  22 bond rmsd: 0.024217
  step:  23 bond rmsd: 0.024227
  step:  24 bond rmsd: 0.024226
  step:  25 bond rmsd: 0.024217
  step:  26 bond rmsd: 0.024203
  step:  27 bond rmsd: 0.024201
  step:  28 bond rmsd: 0.024166
  step:  29 bond rmsd: 0.024159
  step:  30 bond rmsd: 0.024143
  step:  31 bond rmsd: 0.024138
  step:  32 bond rmsd: 0.024128
  step:  33 bond rmsd: 0.024122
  step:  34 bond rmsd: 0.024118
  step:  35 bond rmsd: 0.024105
  step:  36 bond rmsd: 0.024102
  step:  37 bond rmsd: 0.024100
  step:  38 bond rmsd: 0.024101
  step:  39 bond rmsd: 0.024091
  step:  40 bond rmsd: 0.024117
  step:  41 bond rmsd: 0.024107
  step:  42 bond rmsd: 0.024110
  step:  43 bond rmsd: 0.024116
  step:  44 bond rmsd: 0.024088
  step:  45 bond rmsd: 0.024099
  step:  46 bond rmsd: 0.024044
  step:  47 bond rmsd: 0.024058
  step:  48 bond rmsd: 0.024019
  step:  49 bond rmsd: 0.024029
  step:  50 bond rmsd: 0.024067
  step:  51 bond rmsd: 0.024071
  step:  52 bond rmsd: 0.024107
micro_cycle  28 rmsd(b):  0.0241 rws:  1.000 n_fev: 1465
  step:   1 bond rmsd: 0.024107
  step:   2 bond rmsd: 0.071052
  step:   3 bond rmsd: 0.025046
  step:   4 bond rmsd: 0.024590
  step:   5 bond rmsd: 0.024337
  step:   6 bond rmsd: 0.024179
  step:   7 bond rmsd: 0.024092
  step:   8 bond rmsd: 0.024047
  step:   9 bond rmsd: 0.024024
  step:  10 bond rmsd: 0.024016
  step:  11 bond rmsd: 0.024015
  step:  12 bond rmsd: 0.024019
  step:  13 bond rmsd: 0.024025
  step:  14 bond rmsd: 0.024032
  step:  15 bond rmsd: 0.024038
  step:  16 bond rmsd: 0.024044
  step:  17 bond rmsd: 0.024050
  step:  18 bond rmsd: 0.024055
  step:  19 bond rmsd: 0.024060
  step:  20 bond rmsd: 0.024066
  step:  21 bond rmsd: 0.024071
  step:  22 bond rmsd: 0.024077
  step:  23 bond rmsd: 0.024082
  step:  24 bond rmsd: 0.024090
  step:  25 bond rmsd: 0.024095
  step:  26 bond rmsd: 0.024095
  step:  27 bond rmsd: 0.024099
  step:  28 bond rmsd: 0.024091
  step:  29 bond rmsd: 0.024085
  step:  30 bond rmsd: 0.024080
  step:  31 bond rmsd: 0.024075
  step:  32 bond rmsd: 0.024073
  step:  33 bond rmsd: 0.024064
  step:  34 bond rmsd: 0.024065
  step:  35 bond rmsd: 0.024056
  step:  36 bond rmsd: 0.024067
  step:  37 bond rmsd: 0.024061
  step:  38 bond rmsd: 0.024055
  step:  39 bond rmsd: 0.024070
  step:  40 bond rmsd: 0.024076
  step:  41 bond rmsd: 0.024026
  step:  42 bond rmsd: 0.024041
  step:  43 bond rmsd: 0.024041
  step:  44 bond rmsd: 0.024087
  step:  45 bond rmsd: 0.024089
  step:  46 bond rmsd: 0.024092
  step:  47 bond rmsd: 0.024105
  step:  48 bond rmsd: 0.024102
  step:  49 bond rmsd: 0.024120
  step:  50 bond rmsd: 0.024113
  step:  51 bond rmsd: 0.024127
  step:  52 bond rmsd: 0.024110
micro_cycle  29 rmsd(b):  0.0241 rws:  1.000 n_fev: 1517
  step:   1 bond rmsd: 0.024110
  step:   2 bond rmsd: 0.074193
  step:   3 bond rmsd: 0.023914
  step:   4 bond rmsd: 0.023936
  step:   5 bond rmsd: 0.023958
  step:   6 bond rmsd: 0.023978
  step:   7 bond rmsd: 0.023996
  step:   8 bond rmsd: 0.024012
  step:   9 bond rmsd: 0.024025
  step:  10 bond rmsd: 0.024037
  step:  11 bond rmsd: 0.024048
  step:  12 bond rmsd: 0.024058
  step:  13 bond rmsd: 0.024067
  step:  14 bond rmsd: 0.024076
  step:  15 bond rmsd: 0.024083
  step:  16 bond rmsd: 0.024091
  step:  17 bond rmsd: 0.024099
  step:  18 bond rmsd: 0.024105
  step:  19 bond rmsd: 0.024113
  step:  20 bond rmsd: 0.024095
  step:  21 bond rmsd: 0.024147
  step:  22 bond rmsd: 0.024125
  step:  23 bond rmsd: 0.024107
  step:  24 bond rmsd: 0.024086
  step:  25 bond rmsd: 0.024067
  step:  26 bond rmsd: 0.024050
  step:  27 bond rmsd: 0.024032
  step:  28 bond rmsd: 0.024022
  step:  29 bond rmsd: 0.024001
  step:  30 bond rmsd: 0.023987
  step:  31 bond rmsd: 0.024024
  step:  32 bond rmsd: 0.024009
  step:  33 bond rmsd: 0.024024
  step:  34 bond rmsd: 0.024019
  step:  35 bond rmsd: 0.023974
  step:  36 bond rmsd: 0.023982
  step:  37 bond rmsd: 0.023974
  step:  38 bond rmsd: 0.023976
  step:  39 bond rmsd: 0.023972
  step:  40 bond rmsd: 0.023984
  step:  41 bond rmsd: 0.023977
  step:  42 bond rmsd: 0.023974
  step:  43 bond rmsd: 0.024027
  step:  44 bond rmsd: 0.024039
  step:  45 bond rmsd: 0.024035
  step:  46 bond rmsd: 0.024028
  step:  47 bond rmsd: 0.024067
  step:  48 bond rmsd: 0.024060
  step:  49 bond rmsd: 0.024088
  step:  50 bond rmsd: 0.024080
  step:  51 bond rmsd: 0.024081
  step:  52 bond rmsd: 0.024115
micro_cycle  30 rmsd(b):  0.0241 rws:  1.000 n_fev: 1569
  step:   1 bond rmsd: 0.024115
  step:   2 bond rmsd: 0.075329
  step:   3 bond rmsd: 0.024774
  step:   4 bond rmsd: 0.024476
  step:   5 bond rmsd: 0.024307
  step:   6 bond rmsd: 0.024198
  step:   7 bond rmsd: 0.024128
  step:   8 bond rmsd: 0.024085
  step:   9 bond rmsd: 0.024058
  step:  10 bond rmsd: 0.024041
  step:  11 bond rmsd: 0.024031
  step:  12 bond rmsd: 0.024025
  step:  13 bond rmsd: 0.024023
  step:  14 bond rmsd: 0.024022
  step:  15 bond rmsd: 0.024023
  step:  16 bond rmsd: 0.024024
  step:  17 bond rmsd: 0.024025
  step:  18 bond rmsd: 0.024028
  step:  19 bond rmsd: 0.024028
  step:  20 bond rmsd: 0.024029
  step:  21 bond rmsd: 0.024029
  step:  22 bond rmsd: 0.024015
  step:  23 bond rmsd: 0.024072
  step:  24 bond rmsd: 0.024048
  step:  25 bond rmsd: 0.024023
  step:  26 bond rmsd: 0.023996
  step:  27 bond rmsd: 0.023990
  step:  28 bond rmsd: 0.023953
  step:  29 bond rmsd: 0.023960
  step:  30 bond rmsd: 0.023949
  step:  31 bond rmsd: 0.023934
  step:  32 bond rmsd: 0.023932
  step:  33 bond rmsd: 0.023902
  step:  34 bond rmsd: 0.023902
  step:  35 bond rmsd: 0.023875
  step:  36 bond rmsd: 0.023869
  step:  37 bond rmsd: 0.023879
  step:  38 bond rmsd: 0.023877
  step:  39 bond rmsd: 0.023899
  step:  40 bond rmsd: 0.023900
  step:  41 bond rmsd: 0.023912
  step:  42 bond rmsd: 0.023912
  step:  43 bond rmsd: 0.023912
  step:  44 bond rmsd: 0.023939
  step:  45 bond rmsd: 0.023910
  step:  46 bond rmsd: 0.023916
  step:  47 bond rmsd: 0.023919
  step:  48 bond rmsd: 0.023918
  step:  49 bond rmsd: 0.023929
  step:  50 bond rmsd: 0.023925
  step:  51 bond rmsd: 0.023974
  step:  52 bond rmsd: 0.023967
micro_cycle  31 rmsd(b):  0.0240 rws:  1.000 n_fev: 1621
  step:   1 bond rmsd: 0.023967
  step:   2 bond rmsd: 0.078837
  step:   3 bond rmsd: 0.023651
  step:   4 bond rmsd: 0.023659
  step:   5 bond rmsd: 0.023684
  step:   6 bond rmsd: 0.023713
  step:   7 bond rmsd: 0.023742
  step:   8 bond rmsd: 0.023770
  step:   9 bond rmsd: 0.023794
  step:  10 bond rmsd: 0.023816
  step:  11 bond rmsd: 0.023836
  step:  12 bond rmsd: 0.023853
  step:  13 bond rmsd: 0.023868
  step:  14 bond rmsd: 0.023882
  step:  15 bond rmsd: 0.023895
  step:  16 bond rmsd: 0.023906
  step:  17 bond rmsd: 0.023918
  step:  18 bond rmsd: 0.023931
  step:  19 bond rmsd: 0.023944
  step:  20 bond rmsd: 0.023956
  step:  21 bond rmsd: 0.023968
  step:  22 bond rmsd: 0.023970
  step:  23 bond rmsd: 0.023976
  step:  24 bond rmsd: 0.023952
  step:  25 bond rmsd: 0.023948
  step:  26 bond rmsd: 0.023905
  step:  27 bond rmsd: 0.023901
  step:  28 bond rmsd: 0.023887
  step:  29 bond rmsd: 0.023879
  step:  30 bond rmsd: 0.023875
  step:  31 bond rmsd: 0.023868
  step:  32 bond rmsd: 0.023866
  step:  33 bond rmsd: 0.023857
  step:  34 bond rmsd: 0.023857
  step:  35 bond rmsd: 0.023859
  step:  36 bond rmsd: 0.023872
  step:  37 bond rmsd: 0.023825
  step:  38 bond rmsd: 0.023844
  step:  39 bond rmsd: 0.023845
  step:  40 bond rmsd: 0.023859
  step:  41 bond rmsd: 0.023873
  step:  42 bond rmsd: 0.023875
  step:  43 bond rmsd: 0.023893
  step:  44 bond rmsd: 0.023890
  step:  45 bond rmsd: 0.023981
  step:  46 bond rmsd: 0.023979
  step:  47 bond rmsd: 0.023965
  step:  48 bond rmsd: 0.023963
  step:  49 bond rmsd: 0.023945
  step:  50 bond rmsd: 0.023941
  step:  51 bond rmsd: 0.023908
  step:  52 bond rmsd: 0.023934
micro_cycle  32 rmsd(b):  0.0239 rws:  1.000 n_fev: 1673
  step:   1 bond rmsd: 0.023934
  step:   2 bond rmsd: 0.060281
  step:   3 bond rmsd: 0.024346
  step:   4 bond rmsd: 0.024245
  step:   5 bond rmsd: 0.024169
  step:   6 bond rmsd: 0.024106
  step:   7 bond rmsd: 0.024056
  step:   8 bond rmsd: 0.024015
  step:   9 bond rmsd: 0.023982
  step:  10 bond rmsd: 0.023956
  step:  11 bond rmsd: 0.023936
  step:  12 bond rmsd: 0.023919
  step:  13 bond rmsd: 0.023905
  step:  14 bond rmsd: 0.023895
  step:  15 bond rmsd: 0.023886
  step:  16 bond rmsd: 0.023877
  step:  17 bond rmsd: 0.023869
  step:  18 bond rmsd: 0.023861
  step:  19 bond rmsd: 0.023854
  step:  20 bond rmsd: 0.023856
  step:  21 bond rmsd: 0.023847
  step:  22 bond rmsd: 0.023853
  step:  23 bond rmsd: 0.023830
  step:  24 bond rmsd: 0.023830
  step:  25 bond rmsd: 0.023826
  step:  26 bond rmsd: 0.023818
  step:  27 bond rmsd: 0.023814
  step:  28 bond rmsd: 0.023816
  step:  29 bond rmsd: 0.023815
  step:  30 bond rmsd: 0.023763
  step:  31 bond rmsd: 0.023765
  step:  32 bond rmsd: 0.023773
  step:  33 bond rmsd: 0.023775
  step:  34 bond rmsd: 0.023788
  step:  35 bond rmsd: 0.023791
  step:  36 bond rmsd: 0.023816
  step:  37 bond rmsd: 0.023796
  step:  38 bond rmsd: 0.023823
  step:  39 bond rmsd: 0.023835
  step:  40 bond rmsd: 0.023798
  step:  41 bond rmsd: 0.023808
  step:  42 bond rmsd: 0.023815
  step:  43 bond rmsd: 0.023827
  step:  44 bond rmsd: 0.023864
  step:  45 bond rmsd: 0.023883
  step:  46 bond rmsd: 0.023889
  step:  47 bond rmsd: 0.023928
  step:  48 bond rmsd: 0.023882
  step:  49 bond rmsd: 0.023914
  step:  50 bond rmsd: 0.023886
  step:  51 bond rmsd: 0.023895
  step:  52 bond rmsd: 0.023940
micro_cycle  33 rmsd(b):  0.0239 rws:  1.000 n_fev: 1725
  step:   1 bond rmsd: 0.023940
  step:   2 bond rmsd: 0.080868
  step:   3 bond rmsd: 0.033963
  step:   4 bond rmsd: 0.030765
  step:   5 bond rmsd: 0.028464
  step:   6 bond rmsd: 0.026968
  step:   7 bond rmsd: 0.025994
  step:   8 bond rmsd: 0.025343
  step:   9 bond rmsd: 0.024901
  step:  10 bond rmsd: 0.024596
  step:  11 bond rmsd: 0.024388
  step:  12 bond rmsd: 0.024246
  step:  13 bond rmsd: 0.024146
  step:  14 bond rmsd: 0.024075
  step:  15 bond rmsd: 0.024025
  step:  16 bond rmsd: 0.023990
  step:  17 bond rmsd: 0.023963
  step:  18 bond rmsd: 0.023944
  step:  19 bond rmsd: 0.023930
  step:  20 bond rmsd: 0.023918
  step:  21 bond rmsd: 0.023910
  step:  22 bond rmsd: 0.023902
  step:  23 bond rmsd: 0.023896
  step:  24 bond rmsd: 0.023892
  step:  25 bond rmsd: 0.023888
  step:  26 bond rmsd: 0.023883
  step:  27 bond rmsd: 0.023882
  step:  28 bond rmsd: 0.023866
  step:  29 bond rmsd: 0.023860
  step:  30 bond rmsd: 0.023860
  step:  31 bond rmsd: 0.023834
  step:  32 bond rmsd: 0.023829
  step:  33 bond rmsd: 0.023820
  step:  34 bond rmsd: 0.023818
  step:  35 bond rmsd: 0.023808
  step:  36 bond rmsd: 0.023829
  step:  37 bond rmsd: 0.023815
  step:  38 bond rmsd: 0.023794
  step:  39 bond rmsd: 0.023777
  step:  40 bond rmsd: 0.023778
  step:  41 bond rmsd: 0.023758
  step:  42 bond rmsd: 0.023725
  step:  43 bond rmsd: 0.023730
  step:  44 bond rmsd: 0.023718
  step:  45 bond rmsd: 0.023702
  step:  46 bond rmsd: 0.023690
  step:  47 bond rmsd: 0.023695
  step:  48 bond rmsd: 0.023620
  step:  49 bond rmsd: 0.023625
  step:  50 bond rmsd: 0.023694
  step:  51 bond rmsd: 0.023705
  step:  52 bond rmsd: 0.023723
micro_cycle  34 rmsd(b):  0.0237 rws:  1.000 n_fev: 1777
  step:   1 bond rmsd: 0.023723
  step:   2 bond rmsd: 0.057072
  step:   3 bond rmsd: 0.024575
  step:   4 bond rmsd: 0.024309
  step:   5 bond rmsd: 0.024145
  step:   6 bond rmsd: 0.024030
  step:   7 bond rmsd: 0.023950
  step:   8 bond rmsd: 0.023892
  step:   9 bond rmsd: 0.023851
  step:  10 bond rmsd: 0.023822
  step:  11 bond rmsd: 0.023800
  step:  12 bond rmsd: 0.023784
  step:  13 bond rmsd: 0.023772
  step:  14 bond rmsd: 0.023762
  step:  15 bond rmsd: 0.023756
  step:  16 bond rmsd: 0.023750
  step:  17 bond rmsd: 0.023746
  step:  18 bond rmsd: 0.023741
  step:  19 bond rmsd: 0.023737
  step:  20 bond rmsd: 0.023734
  step:  21 bond rmsd: 0.023732
  step:  22 bond rmsd: 0.023730
  step:  23 bond rmsd: 0.023730
  step:  24 bond rmsd: 0.023734
  step:  25 bond rmsd: 0.023769
  step:  26 bond rmsd: 0.023770
  step:  27 bond rmsd: 0.023770
  step:  28 bond rmsd: 0.023777
  step:  29 bond rmsd: 0.023768
  step:  30 bond rmsd: 0.023774
  step:  31 bond rmsd: 0.023768
  step:  32 bond rmsd: 0.023791
  step:  33 bond rmsd: 0.023773
  step:  34 bond rmsd: 0.023787
  step:  35 bond rmsd: 0.023774
  step:  36 bond rmsd: 0.023770
  step:  37 bond rmsd: 0.023818
  step:  38 bond rmsd: 0.023812
  step:  39 bond rmsd: 0.023818
  step:  40 bond rmsd: 0.023809
  step:  41 bond rmsd: 0.023819
  step:  42 bond rmsd: 0.023803
  step:  43 bond rmsd: 0.023776
  step:  44 bond rmsd: 0.023776
  step:  45 bond rmsd: 0.023744
  step:  46 bond rmsd: 0.023749
  step:  47 bond rmsd: 0.023681
  step:  48 bond rmsd: 0.023693
  step:  49 bond rmsd: 0.023721
  step:  50 bond rmsd: 0.023747
  step:  51 bond rmsd: 0.023762
  step:  52 bond rmsd: 0.023800
micro_cycle  35 rmsd(b):  0.0238 rws:  1.000 n_fev: 1829
  step:   1 bond rmsd: 0.023800
  step:   2 bond rmsd: 0.074627
  step:   3 bond rmsd: 0.024014
  step:   4 bond rmsd: 0.023949
  step:   5 bond rmsd: 0.023906
  step:   6 bond rmsd: 0.023875
  step:   7 bond rmsd: 0.023852
  step:   8 bond rmsd: 0.023836
  step:   9 bond rmsd: 0.023823
  step:  10 bond rmsd: 0.023813
  step:  11 bond rmsd: 0.023805
  step:  12 bond rmsd: 0.023800
  step:  13 bond rmsd: 0.023796
  step:  14 bond rmsd: 0.023791
  step:  15 bond rmsd: 0.023787
  step:  16 bond rmsd: 0.023783
  step:  17 bond rmsd: 0.023780
  step:  18 bond rmsd: 0.023775
  step:  19 bond rmsd: 0.023767
  step:  20 bond rmsd: 0.023777
  step:  21 bond rmsd: 0.023725
  step:  22 bond rmsd: 0.023727
  step:  23 bond rmsd: 0.023730
  step:  24 bond rmsd: 0.023732
  step:  25 bond rmsd: 0.023726
  step:  26 bond rmsd: 0.023736
  step:  27 bond rmsd: 0.023722
  step:  28 bond rmsd: 0.023719
  step:  29 bond rmsd: 0.023739
  step:  30 bond rmsd: 0.023728
  step:  31 bond rmsd: 0.023726
  step:  32 bond rmsd: 0.023716
  step:  33 bond rmsd: 0.023763
  step:  34 bond rmsd: 0.023749
  step:  35 bond rmsd: 0.023752
  step:  36 bond rmsd: 0.023720
  step:  37 bond rmsd: 0.023706
  step:  38 bond rmsd: 0.023712
  step:  39 bond rmsd: 0.023694
  step:  40 bond rmsd: 0.023696
  step:  41 bond rmsd: 0.023695
  step:  42 bond rmsd: 0.023697
  step:  43 bond rmsd: 0.023710
  step:  44 bond rmsd: 0.023714
  step:  45 bond rmsd: 0.023730
  step:  46 bond rmsd: 0.023729
  step:  47 bond rmsd: 0.023744
  step:  48 bond rmsd: 0.023756
  step:  49 bond rmsd: 0.023774
  step:  50 bond rmsd: 0.023779
  step:  51 bond rmsd: 0.023825
  step:  52 bond rmsd: 0.023833
micro_cycle  36 rmsd(b):  0.0238 rws:  1.000 n_fev: 1881
  step:   1 bond rmsd: 0.023833
  step:   2 bond rmsd: 0.083154
  step:   3 bond rmsd: 0.023766
  step:   4 bond rmsd: 0.023697
  step:   5 bond rmsd: 0.023669
  step:   6 bond rmsd: 0.023660
  step:   7 bond rmsd: 0.023661
  step:   8 bond rmsd: 0.023669
  step:   9 bond rmsd: 0.023680
  step:  10 bond rmsd: 0.023692
  step:  11 bond rmsd: 0.023704
  step:  12 bond rmsd: 0.023716
  step:  13 bond rmsd: 0.023727
  step:  14 bond rmsd: 0.023738
  step:  15 bond rmsd: 0.023747
  step:  16 bond rmsd: 0.023757
  step:  17 bond rmsd: 0.023765
  step:  18 bond rmsd: 0.023774
  step:  19 bond rmsd: 0.023782
  step:  20 bond rmsd: 0.023789
  step:  21 bond rmsd: 0.023782
  step:  22 bond rmsd: 0.023814
  step:  23 bond rmsd: 0.023788
  step:  24 bond rmsd: 0.023768
  step:  25 bond rmsd: 0.023743
  step:  26 bond rmsd: 0.023727
  step:  27 bond rmsd: 0.023719
  step:  28 bond rmsd: 0.023694
  step:  29 bond rmsd: 0.023693
  step:  30 bond rmsd: 0.023666
  step:  31 bond rmsd: 0.023656
  step:  32 bond rmsd: 0.023670
  step:  33 bond rmsd: 0.023664
  step:  34 bond rmsd: 0.023642
  step:  35 bond rmsd: 0.023639
  step:  36 bond rmsd: 0.023671
  step:  37 bond rmsd: 0.023668
  step:  38 bond rmsd: 0.023658
  step:  39 bond rmsd: 0.023664
  step:  40 bond rmsd: 0.023678
  step:  41 bond rmsd: 0.023674
  step:  42 bond rmsd: 0.023718
  step:  43 bond rmsd: 0.023717
  step:  44 bond rmsd: 0.023727
  step:  45 bond rmsd: 0.023732
  step:  46 bond rmsd: 0.023745
  step:  47 bond rmsd: 0.023745
  step:  48 bond rmsd: 0.023748
  step:  49 bond rmsd: 0.023755
  step:  50 bond rmsd: 0.023742
  step:  51 bond rmsd: 0.023748
  step:  52 bond rmsd: 0.023743
micro_cycle  37 rmsd(b):  0.0237 rws:  1.000 n_fev: 1933
  step:   1 bond rmsd: 0.023743
  step:   2 bond rmsd: 0.082116
  step:   3 bond rmsd: 0.024182
  step:   4 bond rmsd: 0.024084
  step:   5 bond rmsd: 0.024013
  step:   6 bond rmsd: 0.023957
  step:   7 bond rmsd: 0.023914
  step:   8 bond rmsd: 0.023879
  step:   9 bond rmsd: 0.023850
  step:  10 bond rmsd: 0.023827
  step:  11 bond rmsd: 0.023807
  step:  12 bond rmsd: 0.023789
  step:  13 bond rmsd: 0.023774
  step:  14 bond rmsd: 0.023759
  step:  15 bond rmsd: 0.023747
  step:  16 bond rmsd: 0.023734
  step:  17 bond rmsd: 0.023718
  step:  18 bond rmsd: 0.023702
  step:  19 bond rmsd: 0.023684
  step:  20 bond rmsd: 0.023671
  step:  21 bond rmsd: 0.023691
  step:  22 bond rmsd: 0.023678
  step:  23 bond rmsd: 0.023674
  step:  24 bond rmsd: 0.023658
  step:  25 bond rmsd: 0.023665
  step:  26 bond rmsd: 0.023651
  step:  27 bond rmsd: 0.023652
  step:  28 bond rmsd: 0.023646
  step:  29 bond rmsd: 0.023638
  step:  30 bond rmsd: 0.023645
  step:  31 bond rmsd: 0.023632
  step:  32 bond rmsd: 0.023653
  step:  33 bond rmsd: 0.023630
  step:  34 bond rmsd: 0.023656
  step:  35 bond rmsd: 0.023636
  step:  36 bond rmsd: 0.023631
  step:  37 bond rmsd: 0.023664
  step:  38 bond rmsd: 0.023664
  step:  39 bond rmsd: 0.023634
  step:  40 bond rmsd: 0.023642
  step:  41 bond rmsd: 0.023646
  step:  42 bond rmsd: 0.023644
  step:  43 bond rmsd: 0.023642
  step:  44 bond rmsd: 0.023665
  step:  45 bond rmsd: 0.023650
  step:  46 bond rmsd: 0.023655
  step:  47 bond rmsd: 0.023689
  step:  48 bond rmsd: 0.023694
  step:  49 bond rmsd: 0.023699
  step:  50 bond rmsd: 0.023705
  step:  51 bond rmsd: 0.023737
  step:  52 bond rmsd: 0.023719
micro_cycle  38 rmsd(b):  0.0237 rws:  1.000 n_fev: 1985
  step:   1 bond rmsd: 0.023719
  step:   2 bond rmsd: 0.045375
  step:   3 bond rmsd: 0.023762
  step:   4 bond rmsd: 0.023728
  step:   5 bond rmsd: 0.023708
  step:   6 bond rmsd: 0.023695
  step:   7 bond rmsd: 0.023688
  step:   8 bond rmsd: 0.023682
  step:   9 bond rmsd: 0.023680
  step:  10 bond rmsd: 0.023678
  step:  11 bond rmsd: 0.023677
  step:  12 bond rmsd: 0.023677
  step:  13 bond rmsd: 0.023678
  step:  14 bond rmsd: 0.023678
  step:  15 bond rmsd: 0.023677
  step:  16 bond rmsd: 0.023677
  step:  17 bond rmsd: 0.023676
  step:  18 bond rmsd: 0.023674
  step:  19 bond rmsd: 0.023673
  step:  20 bond rmsd: 0.023667
  step:  21 bond rmsd: 0.023670
  step:  22 bond rmsd: 0.023638
  step:  23 bond rmsd: 0.023643
  step:  24 bond rmsd: 0.023617
  step:  25 bond rmsd: 0.023619
  step:  26 bond rmsd: 0.023615
  step:  27 bond rmsd: 0.023611
  step:  28 bond rmsd: 0.023609
  step:  29 bond rmsd: 0.023598
  step:  30 bond rmsd: 0.023603
  step:  31 bond rmsd: 0.023563
  step:  32 bond rmsd: 0.023564
  step:  33 bond rmsd: 0.023538
  step:  34 bond rmsd: 0.023545
  step:  35 bond rmsd: 0.023529
  step:  36 bond rmsd: 0.023533
  step:  37 bond rmsd: 0.023603
  step:  38 bond rmsd: 0.023603
  step:  39 bond rmsd: 0.023647
  step:  40 bond rmsd: 0.023653
  step:  41 bond rmsd: 0.023667
  step:  42 bond rmsd: 0.023668
  step:  43 bond rmsd: 0.023682
  step:  44 bond rmsd: 0.023708
  step:  45 bond rmsd: 0.023699
  step:  46 bond rmsd: 0.023768
  step:  47 bond rmsd: 0.023761
  step:  48 bond rmsd: 0.023781
  step:  49 bond rmsd: 0.023796
  step:  50 bond rmsd: 0.023808
  step:  51 bond rmsd: 0.023822
  step:  52 bond rmsd: 0.023850
micro_cycle  39 rmsd(b):  0.0239 rws:  1.000 n_fev: 2037
  step:   1 bond rmsd: 0.023850
  step:   2 bond rmsd: 0.086566
  step:   3 bond rmsd: 0.031713
  step:   4 bond rmsd: 0.029233
  step:   5 bond rmsd: 0.027594
  step:   6 bond rmsd: 0.026452
  step:   7 bond rmsd: 0.025659
  step:   8 bond rmsd: 0.025108
  step:   9 bond rmsd: 0.024725
  step:  10 bond rmsd: 0.024455
  step:  11 bond rmsd: 0.024267
  step:  12 bond rmsd: 0.024133
  step:  13 bond rmsd: 0.024037
  step:  14 bond rmsd: 0.023967
  step:  15 bond rmsd: 0.023915
  step:  16 bond rmsd: 0.023875
  step:  17 bond rmsd: 0.023844
  step:  18 bond rmsd: 0.023820
  step:  19 bond rmsd: 0.023798
  step:  20 bond rmsd: 0.023781
  step:  21 bond rmsd: 0.023763
  step:  22 bond rmsd: 0.023745
  step:  23 bond rmsd: 0.023726
  step:  24 bond rmsd: 0.023700
  step:  25 bond rmsd: 0.023683
  step:  26 bond rmsd: 0.023569
  step:  27 bond rmsd: 0.023575
  step:  28 bond rmsd: 0.023547
  step:  29 bond rmsd: 0.023550
  step:  30 bond rmsd: 0.023537
  step:  31 bond rmsd: 0.023518
  step:  32 bond rmsd: 0.023521
  step:  33 bond rmsd: 0.023509
  step:  34 bond rmsd: 0.023476
  step:  35 bond rmsd: 0.023491
  step:  36 bond rmsd: 0.023468
  step:  37 bond rmsd: 0.023421
  step:  38 bond rmsd: 0.023399
  step:  39 bond rmsd: 0.023423
  step:  40 bond rmsd: 0.023399
  step:  41 bond rmsd: 0.023348
  step:  42 bond rmsd: 0.023354
  step:  43 bond rmsd: 0.023372
  step:  44 bond rmsd: 0.023399
  step:  45 bond rmsd: 0.023418
  step:  46 bond rmsd: 0.023463
  step:  47 bond rmsd: 0.023464
  step:  48 bond rmsd: 0.023486
  step:  49 bond rmsd: 0.023488
  step:  50 bond rmsd: 0.023502
  step:  51 bond rmsd: 0.023506
  step:  52 bond rmsd: 0.023513
micro_cycle  40 rmsd(b):  0.0235 rws:  1.000 n_fev: 2089
  step:   1 bond rmsd: 0.023513
  step:   2 bond rmsd: 0.043017
  step:   3 bond rmsd: 0.023732
  step:   4 bond rmsd: 0.023667
  step:   5 bond rmsd: 0.023624
  step:   6 bond rmsd: 0.023593
  step:   7 bond rmsd: 0.023570
  step:   8 bond rmsd: 0.023553
  step:   9 bond rmsd: 0.023539
  step:  10 bond rmsd: 0.023529
  step:  11 bond rmsd: 0.023520
  step:  12 bond rmsd: 0.023513
  step:  13 bond rmsd: 0.023508
  step:  14 bond rmsd: 0.023503
  step:  15 bond rmsd: 0.023500
  step:  16 bond rmsd: 0.023496
  step:  17 bond rmsd: 0.023492
  step:  18 bond rmsd: 0.023487
  step:  19 bond rmsd: 0.023482
  step:  20 bond rmsd: 0.023473
  step:  21 bond rmsd: 0.023470
  step:  22 bond rmsd: 0.023394
  step:  23 bond rmsd: 0.023404
  step:  24 bond rmsd: 0.023400
  step:  25 bond rmsd: 0.023411
  step:  26 bond rmsd: 0.023422
  step:  27 bond rmsd: 0.023417
  step:  28 bond rmsd: 0.023435
  step:  29 bond rmsd: 0.023417
  step:  30 bond rmsd: 0.023463
  step:  31 bond rmsd: 0.023461
  step:  32 bond rmsd: 0.023468
  step:  33 bond rmsd: 0.023515
  step:  34 bond rmsd: 0.023482
  step:  35 bond rmsd: 0.023474
  step:  36 bond rmsd: 0.023493
  step:  37 bond rmsd: 0.023485
  step:  38 bond rmsd: 0.023478
  step:  39 bond rmsd: 0.023496
  step:  40 bond rmsd: 0.023492
  step:  41 bond rmsd: 0.023517
  step:  42 bond rmsd: 0.023503
  step:  43 bond rmsd: 0.023521
  step:  44 bond rmsd: 0.023499
  step:  45 bond rmsd: 0.023502
  step:  46 bond rmsd: 0.023519
  step:  47 bond rmsd: 0.023513
  step:  48 bond rmsd: 0.023536
  step:  49 bond rmsd: 0.023515
  step:  50 bond rmsd: 0.023534
  step:  51 bond rmsd: 0.023519
  step:  52 bond rmsd: 0.023515
micro_cycle  41 rmsd(b):  0.0235 rws:  1.000 n_fev: 2141
  step:   1 bond rmsd: 0.023515
  step:   2 bond rmsd: 0.053757
  step:   3 bond rmsd: 0.024119
  step:   4 bond rmsd: 0.023986
  step:   5 bond rmsd: 0.023882
  step:   6 bond rmsd: 0.023798
  step:   7 bond rmsd: 0.023730
  step:   8 bond rmsd: 0.023673
  step:   9 bond rmsd: 0.023626
  step:  10 bond rmsd: 0.023589
  step:  11 bond rmsd: 0.023558
  step:  12 bond rmsd: 0.023532
  step:  13 bond rmsd: 0.023511
  step:  14 bond rmsd: 0.023494
  step:  15 bond rmsd: 0.023480
  step:  16 bond rmsd: 0.023467
  step:  17 bond rmsd: 0.023455
  step:  18 bond rmsd: 0.023441
  step:  19 bond rmsd: 0.023433
  step:  20 bond rmsd: 0.023416
  step:  21 bond rmsd: 0.023436
  step:  22 bond rmsd: 0.023429
  step:  23 bond rmsd: 0.023420
  step:  24 bond rmsd: 0.023417
  step:  25 bond rmsd: 0.023411
  step:  26 bond rmsd: 0.023408
  step:  27 bond rmsd: 0.023401
  step:  28 bond rmsd: 0.023404
  step:  29 bond rmsd: 0.023389
  step:  30 bond rmsd: 0.023385
  step:  31 bond rmsd: 0.023392
  step:  32 bond rmsd: 0.023387
  step:  33 bond rmsd: 0.023396
  step:  34 bond rmsd: 0.023388
  step:  35 bond rmsd: 0.023422
  step:  36 bond rmsd: 0.023418
  step:  37 bond rmsd: 0.023415
  step:  38 bond rmsd: 0.023456
  step:  39 bond rmsd: 0.023450
  step:  40 bond rmsd: 0.023469
  step:  41 bond rmsd: 0.023458
  step:  42 bond rmsd: 0.023472
  step:  43 bond rmsd: 0.023471
  step:  44 bond rmsd: 0.023465
  step:  45 bond rmsd: 0.023522
  step:  46 bond rmsd: 0.023516
  step:  47 bond rmsd: 0.023519
  step:  48 bond rmsd: 0.023521
  step:  49 bond rmsd: 0.023512
  step:  50 bond rmsd: 0.023512
  step:  51 bond rmsd: 0.023496
  step:  52 bond rmsd: 0.023607
micro_cycle  42 rmsd(b):  0.0236 rws:  1.000 n_fev: 2193
  step:   1 bond rmsd: 0.023607
  step:   2 bond rmsd: 0.045735
  step:   3 bond rmsd: 0.023279
  step:   4 bond rmsd: 0.022951
  step:   5 bond rmsd: 0.022823
  step:   6 bond rmsd: 0.022786
  step:   7 bond rmsd: 0.022810
  step:   8 bond rmsd: 0.022865
  step:   9 bond rmsd: 0.022932
  step:  10 bond rmsd: 0.023004
  step:  11 bond rmsd: 0.023074
  step:  12 bond rmsd: 0.023139
  step:  13 bond rmsd: 0.023197
  step:  14 bond rmsd: 0.023247
  step:  15 bond rmsd: 0.023293
  step:  16 bond rmsd: 0.023332
  step:  17 bond rmsd: 0.023368
  step:  18 bond rmsd: 0.023400
  step:  19 bond rmsd: 0.023429
  step:  20 bond rmsd: 0.023457
  step:  21 bond rmsd: 0.023485
  step:  22 bond rmsd: 0.023511
  step:  23 bond rmsd: 0.023536
  step:  24 bond rmsd: 0.023556
  step:  25 bond rmsd: 0.023549
  step:  26 bond rmsd: 0.023538
  step:  27 bond rmsd: 0.023505
  step:  28 bond rmsd: 0.023476
  step:  29 bond rmsd: 0.023443
  step:  30 bond rmsd: 0.023426
  step:  31 bond rmsd: 0.023402
  step:  32 bond rmsd: 0.023371
  step:  33 bond rmsd: 0.023365
  step:  34 bond rmsd: 0.023339
  step:  35 bond rmsd: 0.023319
  step:  36 bond rmsd: 0.023310
  step:  37 bond rmsd: 0.023309
  step:  38 bond rmsd: 0.023303
  step:  39 bond rmsd: 0.023300
  step:  40 bond rmsd: 0.023314
  step:  41 bond rmsd: 0.023327
  step:  42 bond rmsd: 0.023322
  step:  43 bond rmsd: 0.023358
  step:  44 bond rmsd: 0.023365
  step:  45 bond rmsd: 0.023361
  step:  46 bond rmsd: 0.023383
  step:  47 bond rmsd: 0.023379
  step:  48 bond rmsd: 0.023396
  step:  49 bond rmsd: 0.023393
  step:  50 bond rmsd: 0.023413
  step:  51 bond rmsd: 0.023412
  step:  52 bond rmsd: 0.023425
micro_cycle  43 rmsd(b):  0.0234 rws:  1.000 n_fev: 2245
  step:   1 bond rmsd: 0.023425
  step:   2 bond rmsd: 0.041221
  step:   3 bond rmsd: 0.023691
  step:   4 bond rmsd: 0.023643
  step:   5 bond rmsd: 0.023603
  step:   6 bond rmsd: 0.023568
  step:   7 bond rmsd: 0.023536
  step:   8 bond rmsd: 0.023509
  step:   9 bond rmsd: 0.023483
  step:  10 bond rmsd: 0.023460
  step:  11 bond rmsd: 0.023440
  step:  12 bond rmsd: 0.023423
  step:  13 bond rmsd: 0.023407
  step:  14 bond rmsd: 0.023392
  step:  15 bond rmsd: 0.023377
  step:  16 bond rmsd: 0.023368
  step:  17 bond rmsd: 0.023348
  step:  18 bond rmsd: 0.023352
  step:  19 bond rmsd: 0.023352
  step:  20 bond rmsd: 0.023356
  step:  21 bond rmsd: 0.023360
  step:  22 bond rmsd: 0.023363
  step:  23 bond rmsd: 0.023370
  step:  24 bond rmsd: 0.023365
  step:  25 bond rmsd: 0.023378
  step:  26 bond rmsd: 0.023383
  step:  27 bond rmsd: 0.023359
  step:  28 bond rmsd: 0.023366
  step:  29 bond rmsd: 0.023367
  step:  30 bond rmsd: 0.023370
  step:  31 bond rmsd: 0.023359
  step:  32 bond rmsd: 0.023360
  step:  33 bond rmsd: 0.023386
  step:  34 bond rmsd: 0.023375
  step:  35 bond rmsd: 0.023403
  step:  36 bond rmsd: 0.023397
  step:  37 bond rmsd: 0.023410
  step:  38 bond rmsd: 0.023414
  step:  39 bond rmsd: 0.023409
  step:  40 bond rmsd: 0.023424
  step:  41 bond rmsd: 0.023386
  step:  42 bond rmsd: 0.023409
  step:  43 bond rmsd: 0.023365
  step:  44 bond rmsd: 0.023378
  step:  45 bond rmsd: 0.023412
  step:  46 bond rmsd: 0.023425
  step:  47 bond rmsd: 0.023483
  step:  48 bond rmsd: 0.023500
  step:  49 bond rmsd: 0.023502
  step:  50 bond rmsd: 0.023495
  step:  51 bond rmsd: 0.023509
  step:  52 bond rmsd: 0.023472
micro_cycle  44 rmsd(b):  0.0235 rws:  1.000 n_fev: 2297
  step:   1 bond rmsd: 0.023472
  step:   2 bond rmsd: 0.067753
  step:   3 bond rmsd: 0.023342
  step:   4 bond rmsd: 0.023246
  step:   5 bond rmsd: 0.023215
  step:   6 bond rmsd: 0.023212
  step:   7 bond rmsd: 0.023223
  step:   8 bond rmsd: 0.023241
  step:   9 bond rmsd: 0.023262
  step:  10 bond rmsd: 0.023282
  step:  11 bond rmsd: 0.023301
  step:  12 bond rmsd: 0.023318
  step:  13 bond rmsd: 0.023333
  step:  14 bond rmsd: 0.023347
  step:  15 bond rmsd: 0.023359
  step:  16 bond rmsd: 0.023369
  step:  17 bond rmsd: 0.023378
  step:  18 bond rmsd: 0.023387
  step:  19 bond rmsd: 0.023394
  step:  20 bond rmsd: 0.023401
  step:  21 bond rmsd: 0.023407
  step:  22 bond rmsd: 0.023410
  step:  23 bond rmsd: 0.023404
  step:  24 bond rmsd: 0.023379
  step:  25 bond rmsd: 0.023368
  step:  26 bond rmsd: 0.023348
  step:  27 bond rmsd: 0.023346
  step:  28 bond rmsd: 0.023336
  step:  29 bond rmsd: 0.023321
  step:  30 bond rmsd: 0.023323
  step:  31 bond rmsd: 0.023313
  step:  32 bond rmsd: 0.023316
  step:  33 bond rmsd: 0.023310
  step:  34 bond rmsd: 0.023318
  step:  35 bond rmsd: 0.023310
  step:  36 bond rmsd: 0.023327
  step:  37 bond rmsd: 0.023330
  step:  38 bond rmsd: 0.023338
  step:  39 bond rmsd: 0.023343
  step:  40 bond rmsd: 0.023360
  step:  41 bond rmsd: 0.023360
  step:  42 bond rmsd: 0.023369
  step:  43 bond rmsd: 0.023409
  step:  44 bond rmsd: 0.023418
  step:  45 bond rmsd: 0.023413
  step:  46 bond rmsd: 0.023426
  step:  47 bond rmsd: 0.023432
  step:  48 bond rmsd: 0.023440
  step:  49 bond rmsd: 0.023442
  step:  50 bond rmsd: 0.023457
  step:  51 bond rmsd: 0.023431
  step:  52 bond rmsd: 0.023437
micro_cycle  45 rmsd(b):  0.0234 rws:  1.000 n_fev: 2349
  step:   1 bond rmsd: 0.023437
  step:   2 bond rmsd: 0.069392
  step:   3 bond rmsd: 0.023766
  step:   4 bond rmsd: 0.023697
  step:   5 bond rmsd: 0.023646
  step:   6 bond rmsd: 0.023607
  step:   7 bond rmsd: 0.023576
  step:   8 bond rmsd: 0.023551
  step:   9 bond rmsd: 0.023531
  step:  10 bond rmsd: 0.023515
  step:  11 bond rmsd: 0.023500
  step:  12 bond rmsd: 0.023488
  step:  13 bond rmsd: 0.023478
  step:  14 bond rmsd: 0.023467
  step:  15 bond rmsd: 0.023458
  step:  16 bond rmsd: 0.023448
  step:  17 bond rmsd: 0.023437
  step:  18 bond rmsd: 0.023425
  step:  19 bond rmsd: 0.023409
  step:  20 bond rmsd: 0.023397
  step:  21 bond rmsd: 0.023364
  step:  22 bond rmsd: 0.023362
  step:  23 bond rmsd: 0.023354
  step:  24 bond rmsd: 0.023358
  step:  25 bond rmsd: 0.023353
  step:  26 bond rmsd: 0.023353
  step:  27 bond rmsd: 0.023351
  step:  28 bond rmsd: 0.023348
  step:  29 bond rmsd: 0.023335
  step:  30 bond rmsd: 0.023333
  step:  31 bond rmsd: 0.023321
  step:  32 bond rmsd: 0.023314
  step:  33 bond rmsd: 0.023324
  step:  34 bond rmsd: 0.023313
  step:  35 bond rmsd: 0.023328
  step:  36 bond rmsd: 0.023318
  step:  37 bond rmsd: 0.023306
  step:  38 bond rmsd: 0.023298
  step:  39 bond rmsd: 0.023291
  step:  40 bond rmsd: 0.023296
  step:  41 bond rmsd: 0.023273
  step:  42 bond rmsd: 0.023281
  step:  43 bond rmsd: 0.023290
  step:  44 bond rmsd: 0.023294
  step:  45 bond rmsd: 0.023319
  step:  46 bond rmsd: 0.023332
  step:  47 bond rmsd: 0.023359
  step:  48 bond rmsd: 0.023382
  step:  49 bond rmsd: 0.023382
  step:  50 bond rmsd: 0.023420
  step:  51 bond rmsd: 0.023395
  step:  52 bond rmsd: 0.023430
micro_cycle  46 rmsd(b):  0.0234 rws:  1.000 n_fev: 2401
  step:   1 bond rmsd: 0.023430
  step:   2 bond rmsd: 0.083692
  step:   3 bond rmsd: 0.023905
  step:   4 bond rmsd: 0.023806
  step:   5 bond rmsd: 0.023729
  step:   6 bond rmsd: 0.023669
  step:   7 bond rmsd: 0.023618
  step:   8 bond rmsd: 0.023577
  step:   9 bond rmsd: 0.023540
  step:  10 bond rmsd: 0.023509
  step:  11 bond rmsd: 0.023483
  step:  12 bond rmsd: 0.023459
  step:  13 bond rmsd: 0.023438
  step:  14 bond rmsd: 0.023418
  step:  15 bond rmsd: 0.023399
  step:  16 bond rmsd: 0.023378
  step:  17 bond rmsd: 0.023357
  step:  18 bond rmsd: 0.023339
  step:  19 bond rmsd: 0.023330
  step:  20 bond rmsd: 0.023323
  step:  21 bond rmsd: 0.023320
  step:  22 bond rmsd: 0.023312
  step:  23 bond rmsd: 0.023312
  step:  24 bond rmsd: 0.023308
  step:  25 bond rmsd: 0.023309
  step:  26 bond rmsd: 0.023306
  step:  27 bond rmsd: 0.023308
  step:  28 bond rmsd: 0.023306
  step:  29 bond rmsd: 0.023304
  step:  30 bond rmsd: 0.023308
  step:  31 bond rmsd: 0.023291
  step:  32 bond rmsd: 0.023292
  step:  33 bond rmsd: 0.023318
  step:  34 bond rmsd: 0.023318
  step:  35 bond rmsd: 0.023325
  step:  36 bond rmsd: 0.023326
  step:  37 bond rmsd: 0.023341
  step:  38 bond rmsd: 0.023333
  step:  39 bond rmsd: 0.023345
  step:  40 bond rmsd: 0.023354
  step:  41 bond rmsd: 0.023348
  step:  42 bond rmsd: 0.023353
  step:  43 bond rmsd: 0.023379
  step:  44 bond rmsd: 0.023383
  step:  45 bond rmsd: 0.023385
  step:  46 bond rmsd: 0.023396
  step:  47 bond rmsd: 0.023401
  step:  48 bond rmsd: 0.023403
  step:  49 bond rmsd: 0.023406
  step:  50 bond rmsd: 0.023417
  step:  51 bond rmsd: 0.023377
  step:  52 bond rmsd: 0.023384
micro_cycle  47 rmsd(b):  0.0234 rws:  1.000 n_fev: 2453
  step:   1 bond rmsd: 0.023384
  step:   2 bond rmsd: 0.079441
  step:   3 bond rmsd: 0.024401
  step:   4 bond rmsd: 0.024139
  step:   5 bond rmsd: 0.023958
  step:   6 bond rmsd: 0.023826
  step:   7 bond rmsd: 0.023728
  step:   8 bond rmsd: 0.023656
  step:   9 bond rmsd: 0.023601
  step:  10 bond rmsd: 0.023559
  step:  11 bond rmsd: 0.023527
  step:  12 bond rmsd: 0.023501
  step:  13 bond rmsd: 0.023481
  step:  14 bond rmsd: 0.023465
  step:  15 bond rmsd: 0.023451
  step:  16 bond rmsd: 0.023440
  step:  17 bond rmsd: 0.023430
  step:  18 bond rmsd: 0.023420
  step:  19 bond rmsd: 0.023411
  step:  20 bond rmsd: 0.023402
  step:  21 bond rmsd: 0.023392
  step:  22 bond rmsd: 0.023381
  step:  23 bond rmsd: 0.023370
  step:  24 bond rmsd: 0.023363
  step:  25 bond rmsd: 0.023351
  step:  26 bond rmsd: 0.023349
  step:  27 bond rmsd: 0.023342
  step:  28 bond rmsd: 0.023342
  step:  29 bond rmsd: 0.023337
  step:  30 bond rmsd: 0.023334
  step:  31 bond rmsd: 0.023328
  step:  32 bond rmsd: 0.023319
  step:  33 bond rmsd: 0.023323
  step:  34 bond rmsd: 0.023311
  step:  35 bond rmsd: 0.023318
  step:  36 bond rmsd: 0.023304
  step:  37 bond rmsd: 0.023296
  step:  38 bond rmsd: 0.023279
  step:  39 bond rmsd: 0.023278
  step:  40 bond rmsd: 0.023266
  step:  41 bond rmsd: 0.023249
  step:  42 bond rmsd: 0.023248
  step:  43 bond rmsd: 0.023249
  step:  44 bond rmsd: 0.023249
  step:  45 bond rmsd: 0.023249
  step:  46 bond rmsd: 0.023259
  step:  47 bond rmsd: 0.023252
  step:  48 bond rmsd: 0.023277
  step:  49 bond rmsd: 0.023277
  step:  50 bond rmsd: 0.023301
  step:  51 bond rmsd: 0.023316
  step:  52 bond rmsd: 0.023338
micro_cycle  48 rmsd(b):  0.0233 rws:  1.000 n_fev: 2505
  step:   1 bond rmsd: 0.023338
  step:   2 bond rmsd: 0.055837
  step:   3 bond rmsd: 0.023495
  step:   4 bond rmsd: 0.023467
  step:   5 bond rmsd: 0.023443
  step:   6 bond rmsd: 0.023422
  step:   7 bond rmsd: 0.023403
  step:   8 bond rmsd: 0.023386
  step:   9 bond rmsd: 0.023371
  step:  10 bond rmsd: 0.023356
  step:  11 bond rmsd: 0.023344
  step:  12 bond rmsd: 0.023332
  step:  13 bond rmsd: 0.023322
  step:  14 bond rmsd: 0.023310
  step:  15 bond rmsd: 0.023299
  step:  16 bond rmsd: 0.023290
  step:  17 bond rmsd: 0.023275
  step:  18 bond rmsd: 0.023291
  step:  19 bond rmsd: 0.023284
  step:  20 bond rmsd: 0.023293
  step:  21 bond rmsd: 0.023289
  step:  22 bond rmsd: 0.023289
  step:  23 bond rmsd: 0.023291
  step:  24 bond rmsd: 0.023294
  step:  25 bond rmsd: 0.023292
  step:  26 bond rmsd: 0.023298
  step:  27 bond rmsd: 0.023299
  step:  28 bond rmsd: 0.023306
  step:  29 bond rmsd: 0.023314
  step:  30 bond rmsd: 0.023311
  step:  31 bond rmsd: 0.023326
  step:  32 bond rmsd: 0.023317
  step:  33 bond rmsd: 0.023327
  step:  34 bond rmsd: 0.023327
  step:  35 bond rmsd: 0.023336
  step:  36 bond rmsd: 0.023349
  step:  37 bond rmsd: 0.023358
  step:  38 bond rmsd: 0.023378
  step:  39 bond rmsd: 0.023379
  step:  40 bond rmsd: 0.023402
  step:  41 bond rmsd: 0.023404
  step:  42 bond rmsd: 0.023430
  step:  43 bond rmsd: 0.023430
  step:  44 bond rmsd: 0.023416
  step:  45 bond rmsd: 0.023416
  step:  46 bond rmsd: 0.023414
  step:  47 bond rmsd: 0.023398
  step:  48 bond rmsd: 0.023426
  step:  49 bond rmsd: 0.023405
  step:  50 bond rmsd: 0.023376
  step:  51 bond rmsd: 0.023370
  step:  52 bond rmsd: 0.023329
micro_cycle  49 rmsd(b):  0.0233 rws:  1.000 n_fev: 2557
  step:   1 bond rmsd: 0.023329
  step:   2 bond rmsd: 0.070079
  step:   3 bond rmsd: 0.023954
  step:   4 bond rmsd: 0.023802
  step:   5 bond rmsd: 0.023696
  step:   6 bond rmsd: 0.023615
  step:   7 bond rmsd: 0.023552
  step:   8 bond rmsd: 0.023504
  step:   9 bond rmsd: 0.023465
  step:  10 bond rmsd: 0.023434
  step:  11 bond rmsd: 0.023409
  step:  12 bond rmsd: 0.023388
  step:  13 bond rmsd: 0.023371
  step:  14 bond rmsd: 0.023357
  step:  15 bond rmsd: 0.023345
  step:  16 bond rmsd: 0.023333
  step:  17 bond rmsd: 0.023323
  step:  18 bond rmsd: 0.023311
  step:  19 bond rmsd: 0.023298
  step:  20 bond rmsd: 0.023289
  step:  21 bond rmsd: 0.023281
  step:  22 bond rmsd: 0.023309
  step:  23 bond rmsd: 0.023301
  step:  24 bond rmsd: 0.023302
  step:  25 bond rmsd: 0.023291
  step:  26 bond rmsd: 0.023298
  step:  27 bond rmsd: 0.023288
  step:  28 bond rmsd: 0.023289
  step:  29 bond rmsd: 0.023288
  step:  30 bond rmsd: 0.023281
  step:  31 bond rmsd: 0.023291
  step:  32 bond rmsd: 0.023273
  step:  33 bond rmsd: 0.023285
  step:  34 bond rmsd: 0.023276
  step:  35 bond rmsd: 0.023281
  step:  36 bond rmsd: 0.023279
  step:  37 bond rmsd: 0.023285
  step:  38 bond rmsd: 0.023289
  step:  39 bond rmsd: 0.023293
  step:  40 bond rmsd: 0.023304
  step:  41 bond rmsd: 0.023312
  step:  42 bond rmsd: 0.023314
  step:  43 bond rmsd: 0.023334
  step:  44 bond rmsd: 0.023340
  step:  45 bond rmsd: 0.023336
  step:  46 bond rmsd: 0.023351
  step:  47 bond rmsd: 0.023355
  step:  48 bond rmsd: 0.023357
  step:  49 bond rmsd: 0.023371
  step:  50 bond rmsd: 0.023377
  step:  51 bond rmsd: 0.023385
  step:  52 bond rmsd: 0.023389
micro_cycle  50 rmsd(b):  0.0234 rws:  1.000 n_fev: 2609
See 0_refined.pdb in pdb folder.
Time: 56772.7331
