Starting Q|R
version:   v1.0-114-g3318f9  
Running refinement
   input {
     xray_data {
       file_name = None
       labels = None
       high_resolution = None
       low_resolution = None
       outliers_rejection = True
       french_wilson_scale = True
       french_wilson {
         max_bins = 60
         min_bin_size = 40
       }
       sigma_fobs_rejection_criterion = None
       sigma_iobs_rejection_criterion = None
       ignore_all_zeros = True
       force_anomalous_flag_to_be_equal_to = None
       convert_to_non_anomalous_if_ratio_pairs_lone_less_than_threshold = 0.5
       r_free_flags {
         file_name = None
         label = None
         test_flag_value = None
         ignore_r_free_flags = False
         disable_suitability_test = False
         ignore_pdb_hexdigest = False
         generate = False
         fraction = 0.1
         max_free = 2000
         lattice_symmetry_max_delta = 5
         use_lattice_symmetry = True
         use_dataman_shells = False
         n_shells = 20
       }
     }
     pdb {
       file_name = None
     }
     monomers {
       file_name = None
     }
     maps {
       map_file_name = None
       d_min = None
       map_coefficients_file_name = None
       map_coefficients_label = None
     }
     sequence = None
     scattering_table = wk1995 it1992 *n_gaussian neutron electron
     wavelength = None
     energy = None
     twin_law = Auto
   }
   max_atoms = 15000
   debug = False
   cluster {
     charge_cutoff = 8.0
     clustering = false
     charge_embedding = False
     two_buffers = False
     maxnum_residues_in_cluster = 15
     clustering_method = gnc *bcc
     altloc_method = *average subtract
     g_scan = 10 15 20
     g_mode = None
   }
   restraints = *cctbx qm
   quantum {
     engine_name = *mopac ani torchani terachem turbomole pyscf orca gaussian \
                   xtb
     charge = None
     basis = Auto
     method = Auto
     memory = None
     nproc = None
     qm_addon = gcp dftd3 gcp-d3
     qm_addon_method = None
   }
   refine {
     dry_run = False
     sf_algorithm = *direct fft
     refinement_target_name = *ml ls_wunit_k1
     mode = *opt refine gtest
     number_of_macro_cycles = 1
     number_of_weight_search_cycles = 50
     number_of_refine_cycles = 5
     number_of_micro_cycles = 3
     data_weight = None
     choose_best_use_r_work = False
     skip_weight_search = False
     adjust_restraints_weight_scale_value = 2
     max_iterations_weight = 50
     max_iterations_refine = 300
     use_ase_lbfgs = False
     line_search = True
     stpmax = 3
     gradient_only = true
     update_all_scales = True
     refine_sites = True
     refine_adp = False
     restraints_weight_scale = 1.0
     shake_sites = False
     use_convergence_test = true
     max_bond_rmsd = 0.03
     max_r_work_r_free_gap = 5.0
     r_tolerance = 0.001
     rmsd_tolerance = 0.001
     opt_log = False
     pre_opt = False
     pre_opt_stpmax = 0.1
     pre_opt_iter = 10
     pre_opt_switch = 2
     pre_opt_gconv = 3000
   }
   parallel {
     method = *multiprocessing slurm pbs sge lsf threading
     nproc = None
     qsub_command = None
   }
   output_file_name_prefix = None
   output_folder_name = "pdb"
   shared_disk = True
   rst_file = None
   dump_gradients = None

Setting QM defaults
  Setting QM method to PM7


***********************************************************
restart info will be stored in /home/lum/cctbx_opt_final/1.5/cctbx_opt/pdb/0.rst.pickle
***********************************************************

start   0 rmsd(b):  0.0171 rws:  1.000 n_fev: 0
  step:   1 bond rmsd: 0.017123
  step:   2 bond rmsd: 0.071535
  step:   3 bond rmsd: 1.534308
  step:   4 bond rmsd: 0.015636
  step:   5 bond rmsd: 0.013145
  step:   6 bond rmsd: 0.012035
  step:   7 bond rmsd: 0.011595
  step:   8 bond rmsd: 0.010421
  step:   9 bond rmsd: 0.009308
  step:  10 bond rmsd: 0.008131
  step:  11 bond rmsd: 0.007690
  step:  12 bond rmsd: 0.007268
  step:  13 bond rmsd: 0.006404
  step:  14 bond rmsd: 0.005642
  step:  15 bond rmsd: 0.005098
  step:  16 bond rmsd: 0.004890
  step:  17 bond rmsd: 0.004696
  step:  18 bond rmsd: 0.004546
  step:  19 bond rmsd: 0.004351
  step:  20 bond rmsd: 0.004246
  step:  21 bond rmsd: 0.004159
  step:  22 bond rmsd: 0.004087
  step:  23 bond rmsd: 0.003938
  step:  24 bond rmsd: 0.003779
  step:  25 bond rmsd: 0.003563
  step:  26 bond rmsd: 0.003414
  step:  27 bond rmsd: 0.003421
  step:  28 bond rmsd: 0.003364
  step:  29 bond rmsd: 0.003381
  step:  30 bond rmsd: 0.003406
  step:  31 bond rmsd: 0.003421
  step:  32 bond rmsd: 0.003380
  step:  33 bond rmsd: 0.003351
  step:  34 bond rmsd: 0.003350
  step:  35 bond rmsd: 0.003476
  step:  36 bond rmsd: 0.003373
  step:  37 bond rmsd: 0.003342
  step:  38 bond rmsd: 0.003320
  step:  39 bond rmsd: 0.003212
  step:  40 bond rmsd: 0.003193
  step:  41 bond rmsd: 0.003133
  step:  42 bond rmsd: 0.003030
  step:  43 bond rmsd: 0.002963
  step:  44 bond rmsd: 0.002888
  step:  45 bond rmsd: 0.002848
  step:  46 bond rmsd: 0.002733
  step:  47 bond rmsd: 0.002672
  step:  48 bond rmsd: 0.002646
  step:  49 bond rmsd: 0.002583
  step:  50 bond rmsd: 0.002795
  step:  51 bond rmsd: 0.002599
  step:  52 bond rmsd: 0.002538
  step:  53 bond rmsd: 0.002528
  step:  54 bond rmsd: 0.002576
  step:  55 bond rmsd: 0.002603
  step:  56 bond rmsd: 0.002527
  step:  57 bond rmsd: 0.002493
  step:  58 bond rmsd: 0.002388
  step:  59 bond rmsd: 0.002349
  step:  60 bond rmsd: 0.002324
  step:  61 bond rmsd: 0.002312
  step:  62 bond rmsd: 0.002261
  step:  63 bond rmsd: 0.002189
  step:  64 bond rmsd: 0.002118
  step:  65 bond rmsd: 0.002042
  step:  66 bond rmsd: 0.001995
  step:  67 bond rmsd: 0.001970
  step:  68 bond rmsd: 0.001921
  step:  69 bond rmsd: 0.001879
  step:  70 bond rmsd: 0.001772
  step:  71 bond rmsd: 0.001771
  step:  72 bond rmsd: 0.001789
  step:  73 bond rmsd: 0.001863
  step:  74 bond rmsd: 0.001983
  step:  75 bond rmsd: 0.001966
  step:  76 bond rmsd: 0.001976
  step:  77 bond rmsd: 0.002002
  step:  78 bond rmsd: 0.001983
  step:  79 bond rmsd: 0.002107
  step:  80 bond rmsd: 0.002056
  step:  81 bond rmsd: 0.002047
  step:  82 bond rmsd: 0.002090
  step:  83 bond rmsd: 0.002194
  step:  84 bond rmsd: 0.002184
  step:  85 bond rmsd: 0.002179
  step:  86 bond rmsd: 0.002162
  step:  87 bond rmsd: 0.002209
  step:  88 bond rmsd: 0.002181
  step:  89 bond rmsd: 0.002168
  step:  90 bond rmsd: 0.002168
  step:  91 bond rmsd: 0.002153
  step:  92 bond rmsd: 0.002114
  step:  93 bond rmsd: 0.002068
  step:  94 bond rmsd: 0.002039
  step:  95 bond rmsd: 0.002063
  step:  96 bond rmsd: 0.001990
  step:  97 bond rmsd: 0.001974
  step:  98 bond rmsd: 0.001965
  step:  99 bond rmsd: 0.001909
  step: 100 bond rmsd: 0.001902
  step: 101 bond rmsd: 0.001895
  step: 102 bond rmsd: 0.001898
  step: 103 bond rmsd: 0.001886
  step: 104 bond rmsd: 0.001866
  step: 105 bond rmsd: 0.001857
  step: 106 bond rmsd: 0.001898
  step: 107 bond rmsd: 0.001911
  step: 108 bond rmsd: 0.001931
  step: 109 bond rmsd: 0.001994
  step: 110 bond rmsd: 0.002042
  step: 111 bond rmsd: 0.002077
  step: 112 bond rmsd: 0.002137
  step: 113 bond rmsd: 0.002232
  step: 114 bond rmsd: 0.002236
  step: 115 bond rmsd: 0.002299
  step: 116 bond rmsd: 0.002382
  step: 117 bond rmsd: 0.002473
  step: 118 bond rmsd: 0.002504
  step: 119 bond rmsd: 0.002502
  step: 120 bond rmsd: 0.002434
  step: 121 bond rmsd: 0.002368
  step: 122 bond rmsd: 0.002272
  step: 123 bond rmsd: 0.002225
  step: 124 bond rmsd: 0.002179
  step: 125 bond rmsd: 0.002187
  step: 126 bond rmsd: 0.002192
  step: 127 bond rmsd: 0.002164
  step: 128 bond rmsd: 0.002175
  step: 129 bond rmsd: 0.002134
  step: 130 bond rmsd: 0.002040
  step: 131 bond rmsd: 0.001923
  step: 132 bond rmsd: 0.001809
  step: 133 bond rmsd: 0.001743
  step: 134 bond rmsd: 0.001747
  step: 135 bond rmsd: 0.001714
  step: 136 bond rmsd: 0.001706
  step: 137 bond rmsd: 0.001696
  step: 138 bond rmsd: 0.001702
  step: 139 bond rmsd: 0.001708
  step: 140 bond rmsd: 0.001736
  step: 141 bond rmsd: 0.001722
  step: 142 bond rmsd: 0.001708
  step: 143 bond rmsd: 0.001683
  step: 144 bond rmsd: 0.001719
  step: 145 bond rmsd: 0.001679
  step: 146 bond rmsd: 0.001661
  step: 147 bond rmsd: 0.001653
  step: 148 bond rmsd: 0.001698
  step: 149 bond rmsd: 0.001673
  step: 150 bond rmsd: 0.001668
  step: 151 bond rmsd: 0.001664
  step: 152 bond rmsd: 0.001656
  step: 153 bond rmsd: 0.001632
  step: 154 bond rmsd: 0.001623
  step: 155 bond rmsd: 0.001612
  step: 156 bond rmsd: 0.001576
  step: 157 bond rmsd: 0.001578
  step: 158 bond rmsd: 0.001568
  step: 159 bond rmsd: 0.001602
  step: 160 bond rmsd: 0.001559
  step: 161 bond rmsd: 0.001546
  step: 162 bond rmsd: 0.001533
  step: 163 bond rmsd: 0.001558
  step: 164 bond rmsd: 0.001562
  step: 165 bond rmsd: 0.001590
  step: 166 bond rmsd: 0.001604
  step: 167 bond rmsd: 0.001603
  step: 168 bond rmsd: 0.001596
  step: 169 bond rmsd: 0.001580
  step: 170 bond rmsd: 0.001574
  step: 171 bond rmsd: 0.001578
  step: 172 bond rmsd: 0.001571
  step: 173 bond rmsd: 0.001583
  step: 174 bond rmsd: 0.001572
  step: 175 bond rmsd: 0.001564
  step: 176 bond rmsd: 0.001580
  step: 177 bond rmsd: 0.001576
  step: 178 bond rmsd: 0.001567
  step: 179 bond rmsd: 0.001574
  step: 180 bond rmsd: 0.001585
  step: 181 bond rmsd: 0.001581
  step: 182 bond rmsd: 0.001594
  step: 183 bond rmsd: 0.001610
  step: 184 bond rmsd: 0.001611
  step: 185 bond rmsd: 0.001609
  step: 186 bond rmsd: 0.001587
  step: 187 bond rmsd: 0.001555
  step: 188 bond rmsd: 0.001550
  step: 189 bond rmsd: 0.001543
  step: 190 bond rmsd: 0.001561
  step: 191 bond rmsd: 0.001555
  step: 192 bond rmsd: 0.001570
  step: 193 bond rmsd: 0.001572
  step: 194 bond rmsd: 0.001562
  step: 195 bond rmsd: 0.001557
  step: 196 bond rmsd: 0.001532
  step: 197 bond rmsd: 0.001508
  step: 198 bond rmsd: 0.001501
  step: 199 bond rmsd: 0.001461
  step: 200 bond rmsd: 0.001471
  step: 201 bond rmsd: 0.001477
  step: 202 bond rmsd: 0.001467
  step: 203 bond rmsd: 0.001437
  step: 204 bond rmsd: 0.001397
  step: 205 bond rmsd: 0.001363
  step: 206 bond rmsd: 0.001346
  step: 207 bond rmsd: 0.001354
  step: 208 bond rmsd: 0.001351
  step: 209 bond rmsd: 0.001365
  step: 210 bond rmsd: 0.001376
  step: 211 bond rmsd: 0.001383
  step: 212 bond rmsd: 0.001408
  step: 213 bond rmsd: 0.001383
  step: 214 bond rmsd: 0.001378
  step: 215 bond rmsd: 0.001375
  step: 216 bond rmsd: 0.001427
  step: 217 bond rmsd: 0.001399
  step: 218 bond rmsd: 0.001391
  step: 219 bond rmsd: 0.001394
  step: 220 bond rmsd: 0.001389
  step: 221 bond rmsd: 0.001404
  step: 222 bond rmsd: 0.001401
  step: 223 bond rmsd: 0.001397
  step: 224 bond rmsd: 0.001449
  step: 225 bond rmsd: 0.001475
  step: 226 bond rmsd: 0.001481
  step: 227 bond rmsd: 0.001512
  step: 228 bond rmsd: 0.001516
  step: 229 bond rmsd: 0.001510
  step: 230 bond rmsd: 0.001523
  step: 231 bond rmsd: 0.001523
  step: 232 bond rmsd: 0.001602
  step: 233 bond rmsd: 0.001594
  step: 234 bond rmsd: 0.001592
  step: 235 bond rmsd: 0.001611
  step: 236 bond rmsd: 0.001665
  step: 237 bond rmsd: 0.001628
  step: 238 bond rmsd: 0.001620
  step: 239 bond rmsd: 0.001613
  step: 240 bond rmsd: 0.001643
  step: 241 bond rmsd: 0.001656
  step: 242 bond rmsd: 0.001657
  step: 243 bond rmsd: 0.001657
  step: 244 bond rmsd: 0.001663
  step: 245 bond rmsd: 0.001644
  step: 246 bond rmsd: 0.001627
  step: 247 bond rmsd: 0.001618
  step: 248 bond rmsd: 0.001613
  step: 249 bond rmsd: 0.001618
  step: 250 bond rmsd: 0.001627
  step: 251 bond rmsd: 0.001626
  step: 252 bond rmsd: 0.001613
  step: 253 bond rmsd: 0.001609
  step: 254 bond rmsd: 0.001605
  step: 255 bond rmsd: 0.001590
  step: 256 bond rmsd: 0.001565
  step: 257 bond rmsd: 0.001525
  step: 258 bond rmsd: 0.001520
  step: 259 bond rmsd: 0.001518
  step: 260 bond rmsd: 0.001520
  step: 261 bond rmsd: 0.001520
  step: 262 bond rmsd: 0.001531
  step: 263 bond rmsd: 0.001527
  step: 264 bond rmsd: 0.001520
  step: 265 bond rmsd: 0.001506
  step: 266 bond rmsd: 0.001496
  step: 267 bond rmsd: 0.001484
  step: 268 bond rmsd: 0.001483
  step: 269 bond rmsd: 0.001470
  step: 270 bond rmsd: 0.001464
  step: 271 bond rmsd: 0.001446
  step: 272 bond rmsd: 0.001438
  step: 273 bond rmsd: 0.001435
  step: 274 bond rmsd: 0.001430
  step: 275 bond rmsd: 0.001428
  step: 276 bond rmsd: 0.001424
  step: 277 bond rmsd: 0.001425
  step: 278 bond rmsd: 0.001426
  step: 279 bond rmsd: 0.001426
  step: 280 bond rmsd: 0.001417
  step: 281 bond rmsd: 0.001415
  step: 282 bond rmsd: 0.001414
  step: 283 bond rmsd: 0.001424
  step: 284 bond rmsd: 0.001436
  step: 285 bond rmsd: 0.001464
  step: 286 bond rmsd: 0.001488
  step: 287 bond rmsd: 0.001518
  step: 288 bond rmsd: 0.001529
  step: 289 bond rmsd: 0.001515
  step: 290 bond rmsd: 0.001500
  step: 291 bond rmsd: 0.001485
  step: 292 bond rmsd: 0.001495
  step: 293 bond rmsd: 0.001545
  step: 294 bond rmsd: 0.001593
  step: 295 bond rmsd: 0.001588
  step: 296 bond rmsd: 0.001604
  step: 297 bond rmsd: 0.001624
  step: 298 bond rmsd: 0.001655
  step: 299 bond rmsd: 0.001633
  step: 300 bond rmsd: 0.001655
  step: 301 bond rmsd: 0.001666
  step: 302 bond rmsd: 0.001680
  step: 303 bond rmsd: 0.001675
  step: 304 bond rmsd: 0.001674
  step: 305 bond rmsd: 0.001663
  step: 306 bond rmsd: 0.001700
  step: 307 bond rmsd: 0.001679
  step: 308 bond rmsd: 0.001662
micro_cycle   1 rmsd(b):  0.0017 rws:  1.000 n_fev: 308
  step:   1 bond rmsd: 0.001662
  step:   2 bond rmsd: 0.079541
  step:   3 bond rmsd: 0.002501
  step:   4 bond rmsd: 0.001673
  step:   5 bond rmsd: 0.001673
  step:   6 bond rmsd: 0.001663
  step:   7 bond rmsd: 0.001655
  step:   8 bond rmsd: 0.001658
  step:   9 bond rmsd: 0.001649
  step:  10 bond rmsd: 0.001636
  step:  11 bond rmsd: 0.001628
  step:  12 bond rmsd: 0.001590
  step:  13 bond rmsd: 0.001584
  step:  14 bond rmsd: 0.001577
  step:  15 bond rmsd: 0.001569
  step:  16 bond rmsd: 0.001561
  step:  17 bond rmsd: 0.001550
  step:  18 bond rmsd: 0.001534
  step:  19 bond rmsd: 0.001533
  step:  20 bond rmsd: 0.001531
  step:  21 bond rmsd: 0.001522
  step:  22 bond rmsd: 0.001510
  step:  23 bond rmsd: 0.001504
  step:  24 bond rmsd: 0.001497
  step:  25 bond rmsd: 0.001491
  step:  26 bond rmsd: 0.001473
  step:  27 bond rmsd: 0.001473
  step:  28 bond rmsd: 0.001474
  step:  29 bond rmsd: 0.001471
  step:  30 bond rmsd: 0.001466
  step:  31 bond rmsd: 0.001463
  step:  32 bond rmsd: 0.001462
  step:  33 bond rmsd: 0.001466
  step:  34 bond rmsd: 0.001488
  step:  35 bond rmsd: 0.001485
  step:  36 bond rmsd: 0.001489
  step:  37 bond rmsd: 0.001497
  step:  38 bond rmsd: 0.001517
  step:  39 bond rmsd: 0.001520
  step:  40 bond rmsd: 0.001524
  step:  41 bond rmsd: 0.001533
  step:  42 bond rmsd: 0.001542
  step:  43 bond rmsd: 0.001548
  step:  44 bond rmsd: 0.001562
  step:  45 bond rmsd: 0.001577
  step:  46 bond rmsd: 0.001569
  step:  47 bond rmsd: 0.001563
  step:  48 bond rmsd: 0.001559
  step:  49 bond rmsd: 0.001554
  step:  50 bond rmsd: 0.001558
  step:  51 bond rmsd: 0.001564
  step:  52 bond rmsd: 0.001574
  step:  53 bond rmsd: 0.001587
  step:  54 bond rmsd: 0.001587
  step:  55 bond rmsd: 0.001587
  step:  56 bond rmsd: 0.001587
  step:  57 bond rmsd: 0.001577
  step:  58 bond rmsd: 0.001596
  step:  59 bond rmsd: 0.001568
  step:  60 bond rmsd: 0.001561
  step:  61 bond rmsd: 0.001557
  step:  62 bond rmsd: 0.001559
  step:  63 bond rmsd: 0.001562
  step:  64 bond rmsd: 0.001569
  step:  65 bond rmsd: 0.001574
  step:  66 bond rmsd: 0.001563
  step:  67 bond rmsd: 0.001562
  step:  68 bond rmsd: 0.001556
  step:  69 bond rmsd: 0.001554
  step:  70 bond rmsd: 0.001567
  step:  71 bond rmsd: 0.001561
  step:  72 bond rmsd: 0.001565
  step:  73 bond rmsd: 0.001572
  step:  74 bond rmsd: 0.001563
  step:  75 bond rmsd: 0.001558
  step:  76 bond rmsd: 0.001542
  step:  77 bond rmsd: 0.001528
  step:  78 bond rmsd: 0.001501
  step:  79 bond rmsd: 0.001507
  step:  80 bond rmsd: 0.001516
  step:  81 bond rmsd: 0.001525
  step:  82 bond rmsd: 0.001522
  step:  83 bond rmsd: 0.001539
  step:  84 bond rmsd: 0.001517
  step:  85 bond rmsd: 0.001505
  step:  86 bond rmsd: 0.001494
  step:  87 bond rmsd: 0.001482
  step:  88 bond rmsd: 0.001484
  step:  89 bond rmsd: 0.001496
  step:  90 bond rmsd: 0.001506
  step:  91 bond rmsd: 0.001508
  step:  92 bond rmsd: 0.001538
  step:  93 bond rmsd: 0.001515
  step:  94 bond rmsd: 0.001502
  step:  95 bond rmsd: 0.001491
  step:  96 bond rmsd: 0.001477
  step:  97 bond rmsd: 0.001473
  step:  98 bond rmsd: 0.001473
  step:  99 bond rmsd: 0.001479
  step: 100 bond rmsd: 0.001480
  step: 101 bond rmsd: 0.001490
  step: 102 bond rmsd: 0.001476
  step: 103 bond rmsd: 0.001470
  step: 104 bond rmsd: 0.001467
  step: 105 bond rmsd: 0.001469
  step: 106 bond rmsd: 0.001481
  step: 107 bond rmsd: 0.001471
  step: 108 bond rmsd: 0.001478
  step: 109 bond rmsd: 0.001484
  step: 110 bond rmsd: 0.001490
  step: 111 bond rmsd: 0.001488
  step: 112 bond rmsd: 0.001485
  step: 113 bond rmsd: 0.001474
  step: 114 bond rmsd: 0.001474
  step: 115 bond rmsd: 0.001472
  step: 116 bond rmsd: 0.001486
  step: 117 bond rmsd: 0.001504
  step: 118 bond rmsd: 0.001519
  step: 119 bond rmsd: 0.001532
  step: 120 bond rmsd: 0.001548
  step: 121 bond rmsd: 0.001552
  step: 122 bond rmsd: 0.001569
  step: 123 bond rmsd: 0.001567
  step: 124 bond rmsd: 0.001571
  step: 125 bond rmsd: 0.001574
  step: 126 bond rmsd: 0.001583
  step: 127 bond rmsd: 0.001591
  step: 128 bond rmsd: 0.001595
  step: 129 bond rmsd: 0.001594
  step: 130 bond rmsd: 0.001588
  step: 131 bond rmsd: 0.001578
  step: 132 bond rmsd: 0.001571
  step: 133 bond rmsd: 0.001545
  step: 134 bond rmsd: 0.001539
  step: 135 bond rmsd: 0.001526
  step: 136 bond rmsd: 0.001516
  step: 137 bond rmsd: 0.001493
  step: 138 bond rmsd: 0.001482
  step: 139 bond rmsd: 0.001471
  step: 140 bond rmsd: 0.001471
  step: 141 bond rmsd: 0.001468
  step: 142 bond rmsd: 0.001467
  step: 143 bond rmsd: 0.001462
  step: 144 bond rmsd: 0.001459
  step: 145 bond rmsd: 0.001455
  step: 146 bond rmsd: 0.001455
  step: 147 bond rmsd: 0.001450
  step: 148 bond rmsd: 0.001457
  step: 149 bond rmsd: 0.001458
  step: 150 bond rmsd: 0.001467
  step: 151 bond rmsd: 0.001468
  step: 152 bond rmsd: 0.001470
  step: 153 bond rmsd: 0.001470
  step: 154 bond rmsd: 0.001477
  step: 155 bond rmsd: 0.001480
  step: 156 bond rmsd: 0.001491
  step: 157 bond rmsd: 0.001509
  step: 158 bond rmsd: 0.001510
  step: 159 bond rmsd: 0.001510
  step: 160 bond rmsd: 0.001515
  step: 161 bond rmsd: 0.001510
  step: 162 bond rmsd: 0.001515
  step: 163 bond rmsd: 0.001515
  step: 164 bond rmsd: 0.001516
  step: 165 bond rmsd: 0.001522
  step: 166 bond rmsd: 0.001526
  step: 167 bond rmsd: 0.001528
  step: 168 bond rmsd: 0.001523
  step: 169 bond rmsd: 0.001526
  step: 170 bond rmsd: 0.001517
  step: 171 bond rmsd: 0.001507
  step: 172 bond rmsd: 0.001496
  step: 173 bond rmsd: 0.001499
  step: 174 bond rmsd: 0.001510
  step: 175 bond rmsd: 0.001513
  step: 176 bond rmsd: 0.001511
  step: 177 bond rmsd: 0.001519
  step: 178 bond rmsd: 0.001505
  step: 179 bond rmsd: 0.001502
  step: 180 bond rmsd: 0.001504
  step: 181 bond rmsd: 0.001522
  step: 182 bond rmsd: 0.001531
  step: 183 bond rmsd: 0.001536
  step: 184 bond rmsd: 0.001539
  step: 185 bond rmsd: 0.001538
  step: 186 bond rmsd: 0.001536
  step: 187 bond rmsd: 0.001520
  step: 188 bond rmsd: 0.001524
  step: 189 bond rmsd: 0.001529
  step: 190 bond rmsd: 0.001536
  step: 191 bond rmsd: 0.001540
  step: 192 bond rmsd: 0.001543
  step: 193 bond rmsd: 0.001543
  step: 194 bond rmsd: 0.001556
  step: 195 bond rmsd: 0.001548
  step: 196 bond rmsd: 0.001536
  step: 197 bond rmsd: 0.001527
  step: 198 bond rmsd: 0.001517
  step: 199 bond rmsd: 0.001520
  step: 200 bond rmsd: 0.001522
  step: 201 bond rmsd: 0.001538
  step: 202 bond rmsd: 0.001536
  step: 203 bond rmsd: 0.001532
  step: 204 bond rmsd: 0.001527
  step: 205 bond rmsd: 0.001524
  step: 206 bond rmsd: 0.001523
  step: 207 bond rmsd: 0.001527
  step: 208 bond rmsd: 0.001529
  step: 209 bond rmsd: 0.001532
  step: 210 bond rmsd: 0.001542
  step: 211 bond rmsd: 0.001546
  step: 212 bond rmsd: 0.001543
  step: 213 bond rmsd: 0.001544
  step: 214 bond rmsd: 0.001538
  step: 215 bond rmsd: 0.001533
  step: 216 bond rmsd: 0.001528
  step: 217 bond rmsd: 0.001534
  step: 218 bond rmsd: 0.001551
  step: 219 bond rmsd: 0.001562
  step: 220 bond rmsd: 0.001560
  step: 221 bond rmsd: 0.001563
  step: 222 bond rmsd: 0.001556
  step: 223 bond rmsd: 0.001542
  step: 224 bond rmsd: 0.001523
  step: 225 bond rmsd: 0.001526
  step: 226 bond rmsd: 0.001521
  step: 227 bond rmsd: 0.001513
  step: 228 bond rmsd: 0.001513
  step: 229 bond rmsd: 0.001515
  step: 230 bond rmsd: 0.001514
  step: 231 bond rmsd: 0.001509
  step: 232 bond rmsd: 0.001501
  step: 233 bond rmsd: 0.001492
  step: 234 bond rmsd: 0.001489
  step: 235 bond rmsd: 0.001468
  step: 236 bond rmsd: 0.001479
  step: 237 bond rmsd: 0.001488
  step: 238 bond rmsd: 0.001499
  step: 239 bond rmsd: 0.001500
  step: 240 bond rmsd: 0.001496
  step: 241 bond rmsd: 0.001489
  step: 242 bond rmsd: 0.001486
  step: 243 bond rmsd: 0.001472
  step: 244 bond rmsd: 0.001477
  step: 245 bond rmsd: 0.001483
  step: 246 bond rmsd: 0.001490
  step: 247 bond rmsd: 0.001495
  step: 248 bond rmsd: 0.001510
  step: 249 bond rmsd: 0.001492
  step: 250 bond rmsd: 0.001484
  step: 251 bond rmsd: 0.001474
  step: 252 bond rmsd: 0.001473
  step: 253 bond rmsd: 0.001474
  step: 254 bond rmsd: 0.001483
  step: 255 bond rmsd: 0.001491
  step: 256 bond rmsd: 0.001497
  step: 257 bond rmsd: 0.001525
  step: 258 bond rmsd: 0.001510
  step: 259 bond rmsd: 0.001501
  step: 260 bond rmsd: 0.001486
  step: 261 bond rmsd: 0.001471
  step: 262 bond rmsd: 0.001467
  step: 263 bond rmsd: 0.001466
  step: 264 bond rmsd: 0.001468
  step: 265 bond rmsd: 0.001472
  step: 266 bond rmsd: 0.001474
  step: 267 bond rmsd: 0.001487
  step: 268 bond rmsd: 0.001480
  step: 269 bond rmsd: 0.001478
  step: 270 bond rmsd: 0.001475
  step: 271 bond rmsd: 0.001483
  step: 272 bond rmsd: 0.001479
  step: 273 bond rmsd: 0.001479
  step: 274 bond rmsd: 0.001480
  step: 275 bond rmsd: 0.001493
  step: 276 bond rmsd: 0.001485
  step: 277 bond rmsd: 0.001481
  step: 278 bond rmsd: 0.001479
  step: 279 bond rmsd: 0.001484
  step: 280 bond rmsd: 0.001493
  step: 281 bond rmsd: 0.001484
  step: 282 bond rmsd: 0.001493
  step: 283 bond rmsd: 0.001498
  step: 284 bond rmsd: 0.001504
  step: 285 bond rmsd: 0.001503
  step: 286 bond rmsd: 0.001500
  step: 287 bond rmsd: 0.001495
  step: 288 bond rmsd: 0.001493
  step: 289 bond rmsd: 0.001486
  step: 290 bond rmsd: 0.001490
  step: 291 bond rmsd: 0.001489
  step: 292 bond rmsd: 0.001498
  step: 293 bond rmsd: 0.001497
  step: 294 bond rmsd: 0.001501
  step: 295 bond rmsd: 0.001518
  step: 296 bond rmsd: 0.001530
  step: 297 bond rmsd: 0.001531
  step: 298 bond rmsd: 0.001535
  step: 299 bond rmsd: 0.001534
  step: 300 bond rmsd: 0.001538
  step: 301 bond rmsd: 0.001534
  step: 302 bond rmsd: 0.001537
  step: 303 bond rmsd: 0.001536
  step: 304 bond rmsd: 0.001542
  step: 305 bond rmsd: 0.001553
  step: 306 bond rmsd: 0.001554
  step: 307 bond rmsd: 0.001546
  step: 308 bond rmsd: 0.001532
  step: 309 bond rmsd: 0.001515
micro_cycle   2 rmsd(b):  0.0015 rws:  1.000 n_fev: 617
  step:   1 bond rmsd: 0.001515
  step:   2 bond rmsd: 0.071604
  step:   3 bond rmsd: 0.001626
  step:   4 bond rmsd: 0.001523
  step:   5 bond rmsd: 0.001524
  step:   6 bond rmsd: 0.001529
  step:   7 bond rmsd: 0.001532
  step:   8 bond rmsd: 0.001527
  step:   9 bond rmsd: 0.001523
  step:  10 bond rmsd: 0.001508
  step:  11 bond rmsd: 0.001502
  step:  12 bond rmsd: 0.001492
  step:  13 bond rmsd: 0.001493
  step:  14 bond rmsd: 0.001495
  step:  15 bond rmsd: 0.001500
  step:  16 bond rmsd: 0.001501
  step:  17 bond rmsd: 0.001524
  step:  18 bond rmsd: 0.001510
  step:  19 bond rmsd: 0.001506
  step:  20 bond rmsd: 0.001501
  step:  21 bond rmsd: 0.001497
  step:  22 bond rmsd: 0.001493
  step:  23 bond rmsd: 0.001495
  step:  24 bond rmsd: 0.001499
  step:  25 bond rmsd: 0.001502
  step:  26 bond rmsd: 0.001512
  step:  27 bond rmsd: 0.001506
  step:  28 bond rmsd: 0.001510
  step:  29 bond rmsd: 0.001511
  step:  30 bond rmsd: 0.001513
  step:  31 bond rmsd: 0.001510
  step:  32 bond rmsd: 0.001507
  step:  33 bond rmsd: 0.001499
  step:  34 bond rmsd: 0.001497
  step:  35 bond rmsd: 0.001495
  step:  36 bond rmsd: 0.001491
  step:  37 bond rmsd: 0.001479
  step:  38 bond rmsd: 0.001480
  step:  39 bond rmsd: 0.001480
  step:  40 bond rmsd: 0.001479
  step:  41 bond rmsd: 0.001477
  step:  42 bond rmsd: 0.001483
  step:  43 bond rmsd: 0.001486
  step:  44 bond rmsd: 0.001491
  step:  45 bond rmsd: 0.001488
  step:  46 bond rmsd: 0.001489
  step:  47 bond rmsd: 0.001487
  step:  48 bond rmsd: 0.001484
  step:  49 bond rmsd: 0.001476
  step:  50 bond rmsd: 0.001481
  step:  51 bond rmsd: 0.001484
  step:  52 bond rmsd: 0.001490
  step:  53 bond rmsd: 0.001496
  step:  54 bond rmsd: 0.001501
  step:  55 bond rmsd: 0.001503
  step:  56 bond rmsd: 0.001505
  step:  57 bond rmsd: 0.001502
  step:  58 bond rmsd: 0.001502
  step:  59 bond rmsd: 0.001497
  step:  60 bond rmsd: 0.001497
  step:  61 bond rmsd: 0.001498
  step:  62 bond rmsd: 0.001500
  step:  63 bond rmsd: 0.001503
  step:  64 bond rmsd: 0.001501
  step:  65 bond rmsd: 0.001494
  step:  66 bond rmsd: 0.001498
  step:  67 bond rmsd: 0.001492
  step:  68 bond rmsd: 0.001483
  step:  69 bond rmsd: 0.001479
  step:  70 bond rmsd: 0.001473
  step:  71 bond rmsd: 0.001476
  step:  72 bond rmsd: 0.001484
  step:  73 bond rmsd: 0.001495
  step:  74 bond rmsd: 0.001495
  step:  75 bond rmsd: 0.001495
  step:  76 bond rmsd: 0.001498
  step:  77 bond rmsd: 0.001500
  step:  78 bond rmsd: 0.001504
  step:  79 bond rmsd: 0.001502
  step:  80 bond rmsd: 0.001503
  step:  81 bond rmsd: 0.001502
  step:  82 bond rmsd: 0.001513
  step:  83 bond rmsd: 0.001512
  step:  84 bond rmsd: 0.001516
  step:  85 bond rmsd: 0.001520
  step:  86 bond rmsd: 0.001530
  step:  87 bond rmsd: 0.001531
  step:  88 bond rmsd: 0.001528
  step:  89 bond rmsd: 0.001527
  step:  90 bond rmsd: 0.001523
  step:  91 bond rmsd: 0.001519
  step:  92 bond rmsd: 0.001516
  step:  93 bond rmsd: 0.001515
  step:  94 bond rmsd: 0.001513
  step:  95 bond rmsd: 0.001514
  step:  96 bond rmsd: 0.001512
  step:  97 bond rmsd: 0.001513
  step:  98 bond rmsd: 0.001513
  step:  99 bond rmsd: 0.001514
  step: 100 bond rmsd: 0.001510
  step: 101 bond rmsd: 0.001511
  step: 102 bond rmsd: 0.001511
  step: 103 bond rmsd: 0.001515
  step: 104 bond rmsd: 0.001512
  step: 105 bond rmsd: 0.001511
  step: 106 bond rmsd: 0.001511
  step: 107 bond rmsd: 0.001517
  step: 108 bond rmsd: 0.001515
  step: 109 bond rmsd: 0.001514
  step: 110 bond rmsd: 0.001513
  step: 111 bond rmsd: 0.001515
  step: 112 bond rmsd: 0.001510
  step: 113 bond rmsd: 0.001510
  step: 114 bond rmsd: 0.001511
  step: 115 bond rmsd: 0.001513
  step: 116 bond rmsd: 0.001517
  step: 117 bond rmsd: 0.001520
  step: 118 bond rmsd: 0.001522
  step: 119 bond rmsd: 0.001520
  step: 120 bond rmsd: 0.001514
  step: 121 bond rmsd: 0.001511
  step: 122 bond rmsd: 0.001507
  step: 123 bond rmsd: 0.001505
  step: 124 bond rmsd: 0.001504
  step: 125 bond rmsd: 0.001506
  step: 126 bond rmsd: 0.001504
  step: 127 bond rmsd: 0.001506
  step: 128 bond rmsd: 0.001506
  step: 129 bond rmsd: 0.001508
  step: 130 bond rmsd: 0.001507
  step: 131 bond rmsd: 0.001502
  step: 132 bond rmsd: 0.001504
  step: 133 bond rmsd: 0.001506
  step: 134 bond rmsd: 0.001518
  step: 135 bond rmsd: 0.001517
  step: 136 bond rmsd: 0.001516
  step: 137 bond rmsd: 0.001518
  step: 138 bond rmsd: 0.001511
  step: 139 bond rmsd: 0.001515
  step: 140 bond rmsd: 0.001515
  step: 141 bond rmsd: 0.001515
  step: 142 bond rmsd: 0.001514
  step: 143 bond rmsd: 0.001515
  step: 144 bond rmsd: 0.001511
  step: 145 bond rmsd: 0.001509
  step: 146 bond rmsd: 0.001509
  step: 147 bond rmsd: 0.001508
  step: 148 bond rmsd: 0.001507
  step: 149 bond rmsd: 0.001505
  step: 150 bond rmsd: 0.001504
  step: 151 bond rmsd: 0.001505
  step: 152 bond rmsd: 0.001504
  step: 153 bond rmsd: 0.001504
  step: 154 bond rmsd: 0.001503
  step: 155 bond rmsd: 0.001509
  step: 156 bond rmsd: 0.001504
  step: 157 bond rmsd: 0.001502
  step: 158 bond rmsd: 0.001502
  step: 159 bond rmsd: 0.001511
  step: 160 bond rmsd: 0.001514
  step: 161 bond rmsd: 0.001518
  step: 162 bond rmsd: 0.001522
  step: 163 bond rmsd: 0.001523
  step: 164 bond rmsd: 0.001520
  step: 165 bond rmsd: 0.001509
  step: 166 bond rmsd: 0.001507
  step: 167 bond rmsd: 0.001505
  step: 168 bond rmsd: 0.001510
  step: 169 bond rmsd: 0.001510
  step: 170 bond rmsd: 0.001512
  step: 171 bond rmsd: 0.001518
  step: 172 bond rmsd: 0.001520
  step: 173 bond rmsd: 0.001519
  step: 174 bond rmsd: 0.001528
  step: 175 bond rmsd: 0.001521
  step: 176 bond rmsd: 0.001518
  step: 177 bond rmsd: 0.001518
  step: 178 bond rmsd: 0.001515
  step: 179 bond rmsd: 0.001518
  step: 180 bond rmsd: 0.001521
  step: 181 bond rmsd: 0.001528
  step: 182 bond rmsd: 0.001523
  step: 183 bond rmsd: 0.001520
  step: 184 bond rmsd: 0.001518
  step: 185 bond rmsd: 0.001518
  step: 186 bond rmsd: 0.001516
  step: 187 bond rmsd: 0.001516
  step: 188 bond rmsd: 0.001519
  step: 189 bond rmsd: 0.001519
  step: 190 bond rmsd: 0.001520
  step: 191 bond rmsd: 0.001515
  step: 192 bond rmsd: 0.001513
  step: 193 bond rmsd: 0.001507
  step: 194 bond rmsd: 0.001508
  step: 195 bond rmsd: 0.001505
  step: 196 bond rmsd: 0.001504
  step: 197 bond rmsd: 0.001502
  step: 198 bond rmsd: 0.001505
  step: 199 bond rmsd: 0.001503
  step: 200 bond rmsd: 0.001500
  step: 201 bond rmsd: 0.001498
  step: 202 bond rmsd: 0.001494
  step: 203 bond rmsd: 0.001494
  step: 204 bond rmsd: 0.001492
  step: 205 bond rmsd: 0.001492
  step: 206 bond rmsd: 0.001492
  step: 207 bond rmsd: 0.001492
  step: 208 bond rmsd: 0.001493
  step: 209 bond rmsd: 0.001494
  step: 210 bond rmsd: 0.001495
  step: 211 bond rmsd: 0.001500
  step: 212 bond rmsd: 0.001515
  step: 213 bond rmsd: 0.001506
  step: 214 bond rmsd: 0.001508
  step: 215 bond rmsd: 0.001509
  step: 216 bond rmsd: 0.001509
  step: 217 bond rmsd: 0.001512
  step: 218 bond rmsd: 0.001508
  step: 219 bond rmsd: 0.001510
  step: 220 bond rmsd: 0.001512
  step: 221 bond rmsd: 0.001514
  step: 222 bond rmsd: 0.001525
  step: 223 bond rmsd: 0.001523
  step: 224 bond rmsd: 0.001521
  step: 225 bond rmsd: 0.001521
  step: 226 bond rmsd: 0.001523
  step: 227 bond rmsd: 0.001520
  step: 228 bond rmsd: 0.001515
  step: 229 bond rmsd: 0.001512
  step: 230 bond rmsd: 0.001510
  step: 231 bond rmsd: 0.001510
  step: 232 bond rmsd: 0.001508
  step: 233 bond rmsd: 0.001507
  step: 234 bond rmsd: 0.001506
  step: 235 bond rmsd: 0.001504
  step: 236 bond rmsd: 0.001501
  step: 237 bond rmsd: 0.001502
  step: 238 bond rmsd: 0.001502
  step: 239 bond rmsd: 0.001504
  step: 240 bond rmsd: 0.001502
  step: 241 bond rmsd: 0.001502
  step: 242 bond rmsd: 0.001500
  step: 243 bond rmsd: 0.001499
  step: 244 bond rmsd: 0.001499
  step: 245 bond rmsd: 0.001501
  step: 246 bond rmsd: 0.001503
  step: 247 bond rmsd: 0.001513
  step: 248 bond rmsd: 0.001513
  step: 249 bond rmsd: 0.001513
  step: 250 bond rmsd: 0.001513
  step: 251 bond rmsd: 0.001518
  step: 252 bond rmsd: 0.001515
  step: 253 bond rmsd: 0.001515
  step: 254 bond rmsd: 0.001513
  step: 255 bond rmsd: 0.001511
  step: 256 bond rmsd: 0.001512
  step: 257 bond rmsd: 0.001513
  step: 258 bond rmsd: 0.001516
  step: 259 bond rmsd: 0.001516
  step: 260 bond rmsd: 0.001515
  step: 261 bond rmsd: 0.001514
  step: 262 bond rmsd: 0.001504
  step: 263 bond rmsd: 0.001504
  step: 264 bond rmsd: 0.001503
  step: 265 bond rmsd: 0.001500
  step: 266 bond rmsd: 0.001496
  step: 267 bond rmsd: 0.001498
  step: 268 bond rmsd: 0.001496
  step: 269 bond rmsd: 0.001494
  step: 270 bond rmsd: 0.001494
  step: 271 bond rmsd: 0.001494
  step: 272 bond rmsd: 0.001496
  step: 273 bond rmsd: 0.001499
  step: 274 bond rmsd: 0.001500
  step: 275 bond rmsd: 0.001503
  step: 276 bond rmsd: 0.001504
  step: 277 bond rmsd: 0.001505
  step: 278 bond rmsd: 0.001509
  step: 279 bond rmsd: 0.001507
  step: 280 bond rmsd: 0.001506
  step: 281 bond rmsd: 0.001507
  step: 282 bond rmsd: 0.001513
  step: 283 bond rmsd: 0.001516
  step: 284 bond rmsd: 0.001515
  step: 285 bond rmsd: 0.001512
  step: 286 bond rmsd: 0.001509
  step: 287 bond rmsd: 0.001508
  step: 288 bond rmsd: 0.001502
  step: 289 bond rmsd: 0.001504
  step: 290 bond rmsd: 0.001505
  step: 291 bond rmsd: 0.001504
  step: 292 bond rmsd: 0.001505
  step: 293 bond rmsd: 0.001504
  step: 294 bond rmsd: 0.001504
  step: 295 bond rmsd: 0.001506
  step: 296 bond rmsd: 0.001505
  step: 297 bond rmsd: 0.001509
  step: 298 bond rmsd: 0.001512
  step: 299 bond rmsd: 0.001513
  step: 300 bond rmsd: 0.001514
  step: 301 bond rmsd: 0.001515
  step: 302 bond rmsd: 0.001516
  step: 303 bond rmsd: 0.001517
  step: 304 bond rmsd: 0.001517
  step: 305 bond rmsd: 0.001526
  step: 306 bond rmsd: 0.001521
  step: 307 bond rmsd: 0.001520
  step: 308 bond rmsd: 0.001520
  step: 309 bond rmsd: 0.001529
  step: 310 bond rmsd: 0.001525
  step: 311 bond rmsd: 0.001526
  step: 312 bond rmsd: 0.001526
  step: 313 bond rmsd: 0.001525
micro_cycle   3 rmsd(b):  0.0015 rws:  1.000 n_fev: 930
See 0_refined.pdb in pdb folder.
Time: 10.1367
