Starting Q|R
version:   v1.0-114-g3318f9  
Running refinement
   input {
     xray_data {
       file_name = None
       labels = None
       high_resolution = None
       low_resolution = None
       outliers_rejection = True
       french_wilson_scale = True
       french_wilson {
         max_bins = 60
         min_bin_size = 40
       }
       sigma_fobs_rejection_criterion = None
       sigma_iobs_rejection_criterion = None
       ignore_all_zeros = True
       force_anomalous_flag_to_be_equal_to = None
       convert_to_non_anomalous_if_ratio_pairs_lone_less_than_threshold = 0.5
       r_free_flags {
         file_name = None
         label = None
         test_flag_value = None
         ignore_r_free_flags = False
         disable_suitability_test = False
         ignore_pdb_hexdigest = False
         generate = False
         fraction = 0.1
         max_free = 2000
         lattice_symmetry_max_delta = 5
         use_lattice_symmetry = True
         use_dataman_shells = False
         n_shells = 20
       }
     }
     pdb {
       file_name = None
     }
     monomers {
       file_name = None
     }
     maps {
       map_file_name = None
       d_min = None
       map_coefficients_file_name = None
       map_coefficients_label = None
     }
     sequence = None
     scattering_table = wk1995 it1992 *n_gaussian neutron electron
     wavelength = None
     energy = None
     twin_law = Auto
   }
   max_atoms = 15000
   debug = False
   cluster {
     charge_cutoff = 8.0
     clustering = false
     charge_embedding = False
     two_buffers = False
     maxnum_residues_in_cluster = 15
     clustering_method = gnc *bcc
     altloc_method = *average subtract
     g_scan = 10 15 20
     g_mode = None
   }
   restraints = *cctbx qm
   quantum {
     engine_name = *mopac ani torchani terachem turbomole pyscf orca gaussian \
                   xtb
     charge = None
     basis = Auto
     method = Auto
     memory = None
     nproc = None
     qm_addon = gcp dftd3 gcp-d3
     qm_addon_method = None
   }
   refine {
     dry_run = False
     sf_algorithm = *direct fft
     refinement_target_name = *ml ls_wunit_k1
     mode = *opt refine gtest
     number_of_macro_cycles = 1
     number_of_weight_search_cycles = 50
     number_of_refine_cycles = 5
     number_of_micro_cycles = 3
     data_weight = None
     choose_best_use_r_work = False
     skip_weight_search = False
     adjust_restraints_weight_scale_value = 2
     max_iterations_weight = 50
     max_iterations_refine = 300
     use_ase_lbfgs = False
     line_search = True
     stpmax = 3
     gradient_only = true
     update_all_scales = True
     refine_sites = True
     refine_adp = False
     restraints_weight_scale = 1.0
     shake_sites = False
     use_convergence_test = true
     max_bond_rmsd = 0.03
     max_r_work_r_free_gap = 5.0
     r_tolerance = 0.001
     rmsd_tolerance = 0.001
     opt_log = False
     pre_opt = False
     pre_opt_stpmax = 0.1
     pre_opt_iter = 10
     pre_opt_switch = 2
     pre_opt_gconv = 3000
   }
   parallel {
     method = *multiprocessing slurm pbs sge lsf threading
     nproc = None
     qsub_command = None
   }
   output_file_name_prefix = None
   output_folder_name = "pdb"
   shared_disk = True
   rst_file = None
   dump_gradients = None

Setting QM defaults
  Setting QM method to PM7


***********************************************************
restart info will be stored in /home/lum/cctbx_opt_final/1.5/cctbx_opt/pdb/1.rst.pickle
***********************************************************

start   0 rmsd(b):  0.0198 rws:  1.000 n_fev: 0
  step:   1 bond rmsd: 0.019807
  step:   2 bond rmsd: 0.082484
  step:   3 bond rmsd: 1.717172
  step:   4 bond rmsd: 0.019945
  step:   5 bond rmsd: 0.014895
  step:   6 bond rmsd: 0.012838
  step:   7 bond rmsd: 0.011997
  step:   8 bond rmsd: 0.009274
  step:   9 bond rmsd: 0.009033
  step:  10 bond rmsd: 0.008416
  step:  11 bond rmsd: 0.007208
  step:  12 bond rmsd: 0.006512
  step:  13 bond rmsd: 0.006064
  step:  14 bond rmsd: 0.005936
  step:  15 bond rmsd: 0.005774
  step:  16 bond rmsd: 0.005594
  step:  17 bond rmsd: 0.005151
  step:  18 bond rmsd: 0.004826
  step:  19 bond rmsd: 0.004285
  step:  20 bond rmsd: 0.003932
  step:  21 bond rmsd: 0.003708
  step:  22 bond rmsd: 0.003131
  step:  23 bond rmsd: 0.003149
  step:  24 bond rmsd: 0.003143
  step:  25 bond rmsd: 0.003309
  step:  26 bond rmsd: 0.003044
  step:  27 bond rmsd: 0.002939
  step:  28 bond rmsd: 0.002836
  step:  29 bond rmsd: 0.002784
  step:  30 bond rmsd: 0.002698
  step:  31 bond rmsd: 0.002656
  step:  32 bond rmsd: 0.002608
  step:  33 bond rmsd: 0.002599
  step:  34 bond rmsd: 0.002557
  step:  35 bond rmsd: 0.002582
  step:  36 bond rmsd: 0.002667
  step:  37 bond rmsd: 0.002929
  step:  38 bond rmsd: 0.002857
  step:  39 bond rmsd: 0.002841
  step:  40 bond rmsd: 0.002821
  step:  41 bond rmsd: 0.002949
  step:  42 bond rmsd: 0.002746
  step:  43 bond rmsd: 0.002693
  step:  44 bond rmsd: 0.002660
  step:  45 bond rmsd: 0.002682
  step:  46 bond rmsd: 0.002626
  step:  47 bond rmsd: 0.002584
  step:  48 bond rmsd: 0.002517
  step:  49 bond rmsd: 0.002445
  step:  50 bond rmsd: 0.002345
  step:  51 bond rmsd: 0.002244
  step:  52 bond rmsd: 0.002181
  step:  53 bond rmsd: 0.002084
  step:  54 bond rmsd: 0.002063
  step:  55 bond rmsd: 0.002089
  step:  56 bond rmsd: 0.002109
  step:  57 bond rmsd: 0.002258
  step:  58 bond rmsd: 0.002134
  step:  59 bond rmsd: 0.002090
  step:  60 bond rmsd: 0.002036
  step:  61 bond rmsd: 0.002032
  step:  62 bond rmsd: 0.001988
  step:  63 bond rmsd: 0.001990
  step:  64 bond rmsd: 0.002006
  step:  65 bond rmsd: 0.002071
  step:  66 bond rmsd: 0.002040
  step:  67 bond rmsd: 0.002023
  step:  68 bond rmsd: 0.002019
  step:  69 bond rmsd: 0.002067
  step:  70 bond rmsd: 0.002049
  step:  71 bond rmsd: 0.002011
  step:  72 bond rmsd: 0.002025
  step:  73 bond rmsd: 0.002049
  step:  74 bond rmsd: 0.002073
  step:  75 bond rmsd: 0.002154
  step:  76 bond rmsd: 0.002203
  step:  77 bond rmsd: 0.002331
  step:  78 bond rmsd: 0.002220
  step:  79 bond rmsd: 0.002166
  step:  80 bond rmsd: 0.002101
  step:  81 bond rmsd: 0.002060
  step:  82 bond rmsd: 0.002066
  step:  83 bond rmsd: 0.002070
  step:  84 bond rmsd: 0.002152
  step:  85 bond rmsd: 0.002187
  step:  86 bond rmsd: 0.002165
  step:  87 bond rmsd: 0.002095
  step:  88 bond rmsd: 0.002064
  step:  89 bond rmsd: 0.001953
  step:  90 bond rmsd: 0.001954
  step:  91 bond rmsd: 0.001943
  step:  92 bond rmsd: 0.001938
  step:  93 bond rmsd: 0.001926
  step:  94 bond rmsd: 0.001890
  step:  95 bond rmsd: 0.001889
  step:  96 bond rmsd: 0.001893
  step:  97 bond rmsd: 0.001876
  step:  98 bond rmsd: 0.001968
  step:  99 bond rmsd: 0.001828
  step: 100 bond rmsd: 0.001777
  step: 101 bond rmsd: 0.001731
  step: 102 bond rmsd: 0.001747
  step: 103 bond rmsd: 0.001731
  step: 104 bond rmsd: 0.001742
  step: 105 bond rmsd: 0.001760
  step: 106 bond rmsd: 0.001756
  step: 107 bond rmsd: 0.001826
  step: 108 bond rmsd: 0.001715
  step: 109 bond rmsd: 0.001675
  step: 110 bond rmsd: 0.001649
  step: 111 bond rmsd: 0.001637
  step: 112 bond rmsd: 0.001687
  step: 113 bond rmsd: 0.001665
  step: 114 bond rmsd: 0.001671
  step: 115 bond rmsd: 0.001691
  step: 116 bond rmsd: 0.001804
  step: 117 bond rmsd: 0.001759
  step: 118 bond rmsd: 0.001748
  step: 119 bond rmsd: 0.001756
  step: 120 bond rmsd: 0.001756
  step: 121 bond rmsd: 0.001828
  step: 122 bond rmsd: 0.001773
  step: 123 bond rmsd: 0.001767
  step: 124 bond rmsd: 0.001768
  step: 125 bond rmsd: 0.001799
  step: 126 bond rmsd: 0.001808
  step: 127 bond rmsd: 0.001803
  step: 128 bond rmsd: 0.001789
  step: 129 bond rmsd: 0.001785
  step: 130 bond rmsd: 0.001777
  step: 131 bond rmsd: 0.001801
  step: 132 bond rmsd: 0.001830
  step: 133 bond rmsd: 0.001924
  step: 134 bond rmsd: 0.001919
  step: 135 bond rmsd: 0.001919
  step: 136 bond rmsd: 0.001885
  step: 137 bond rmsd: 0.001864
  step: 138 bond rmsd: 0.001826
  step: 139 bond rmsd: 0.001810
  step: 140 bond rmsd: 0.001812
  step: 141 bond rmsd: 0.001842
  step: 142 bond rmsd: 0.001812
  step: 143 bond rmsd: 0.001807
  step: 144 bond rmsd: 0.001795
  step: 145 bond rmsd: 0.001841
  step: 146 bond rmsd: 0.001803
  step: 147 bond rmsd: 0.001796
  step: 148 bond rmsd: 0.001795
  step: 149 bond rmsd: 0.001811
  step: 150 bond rmsd: 0.001778
  step: 151 bond rmsd: 0.001760
  step: 152 bond rmsd: 0.001740
  step: 153 bond rmsd: 0.001741
  step: 154 bond rmsd: 0.001720
  step: 155 bond rmsd: 0.001699
  step: 156 bond rmsd: 0.001691
  step: 157 bond rmsd: 0.001681
  step: 158 bond rmsd: 0.001686
  step: 159 bond rmsd: 0.001681
  step: 160 bond rmsd: 0.001681
  step: 161 bond rmsd: 0.001670
  step: 162 bond rmsd: 0.001663
  step: 163 bond rmsd: 0.001650
  step: 164 bond rmsd: 0.001636
  step: 165 bond rmsd: 0.001624
  step: 166 bond rmsd: 0.001607
  step: 167 bond rmsd: 0.001593
  step: 168 bond rmsd: 0.001570
  step: 169 bond rmsd: 0.001564
  step: 170 bond rmsd: 0.001563
  step: 171 bond rmsd: 0.001560
  step: 172 bond rmsd: 0.001567
  step: 173 bond rmsd: 0.001556
  step: 174 bond rmsd: 0.001553
  step: 175 bond rmsd: 0.001563
  step: 176 bond rmsd: 0.001600
  step: 177 bond rmsd: 0.001625
  step: 178 bond rmsd: 0.001659
  step: 179 bond rmsd: 0.001670
  step: 180 bond rmsd: 0.001678
  step: 181 bond rmsd: 0.001690
  step: 182 bond rmsd: 0.001742
  step: 183 bond rmsd: 0.001757
  step: 184 bond rmsd: 0.001783
  step: 185 bond rmsd: 0.001809
  step: 186 bond rmsd: 0.001846
  step: 187 bond rmsd: 0.001826
  step: 188 bond rmsd: 0.001809
  step: 189 bond rmsd: 0.001782
  step: 190 bond rmsd: 0.001766
  step: 191 bond rmsd: 0.001758
  step: 192 bond rmsd: 0.001784
  step: 193 bond rmsd: 0.001755
  step: 194 bond rmsd: 0.001739
  step: 195 bond rmsd: 0.001716
  step: 196 bond rmsd: 0.001668
  step: 197 bond rmsd: 0.001628
  step: 198 bond rmsd: 0.001613
  step: 199 bond rmsd: 0.001587
  step: 200 bond rmsd: 0.001597
  step: 201 bond rmsd: 0.001582
  step: 202 bond rmsd: 0.001574
  step: 203 bond rmsd: 0.001568
  step: 204 bond rmsd: 0.001555
  step: 205 bond rmsd: 0.001531
  step: 206 bond rmsd: 0.001526
  step: 207 bond rmsd: 0.001523
  step: 208 bond rmsd: 0.001523
  step: 209 bond rmsd: 0.001524
  step: 210 bond rmsd: 0.001531
  step: 211 bond rmsd: 0.001535
  step: 212 bond rmsd: 0.001550
  step: 213 bond rmsd: 0.001574
  step: 214 bond rmsd: 0.001565
  step: 215 bond rmsd: 0.001567
  step: 216 bond rmsd: 0.001582
  step: 217 bond rmsd: 0.001621
  step: 218 bond rmsd: 0.001774
  step: 219 bond rmsd: 0.001687
  step: 220 bond rmsd: 0.001725
  step: 221 bond rmsd: 0.001744
  step: 222 bond rmsd: 0.001760
  step: 223 bond rmsd: 0.001784
  step: 224 bond rmsd: 0.001763
  step: 225 bond rmsd: 0.001739
  step: 226 bond rmsd: 0.001725
  step: 227 bond rmsd: 0.001776
  step: 228 bond rmsd: 0.001752
  step: 229 bond rmsd: 0.001768
  step: 230 bond rmsd: 0.001796
  step: 231 bond rmsd: 0.001809
  step: 232 bond rmsd: 0.001809
  step: 233 bond rmsd: 0.001787
  step: 234 bond rmsd: 0.001755
  step: 235 bond rmsd: 0.001687
  step: 236 bond rmsd: 0.001657
  step: 237 bond rmsd: 0.001662
  step: 238 bond rmsd: 0.001687
  step: 239 bond rmsd: 0.001687
  step: 240 bond rmsd: 0.001692
  step: 241 bond rmsd: 0.001676
  step: 242 bond rmsd: 0.001668
  step: 243 bond rmsd: 0.001651
  step: 244 bond rmsd: 0.001653
  step: 245 bond rmsd: 0.001649
  step: 246 bond rmsd: 0.001663
  step: 247 bond rmsd: 0.001681
  step: 248 bond rmsd: 0.001692
  step: 249 bond rmsd: 0.001697
  step: 250 bond rmsd: 0.001686
  step: 251 bond rmsd: 0.001669
  step: 252 bond rmsd: 0.001655
  step: 253 bond rmsd: 0.001650
  step: 254 bond rmsd: 0.001650
  step: 255 bond rmsd: 0.001658
  step: 256 bond rmsd: 0.001661
  step: 257 bond rmsd: 0.001675
  step: 258 bond rmsd: 0.001653
  step: 259 bond rmsd: 0.001632
  step: 260 bond rmsd: 0.001622
  step: 261 bond rmsd: 0.001624
  step: 262 bond rmsd: 0.001624
  step: 263 bond rmsd: 0.001638
  step: 264 bond rmsd: 0.001649
  step: 265 bond rmsd: 0.001672
  step: 266 bond rmsd: 0.001662
  step: 267 bond rmsd: 0.001651
  step: 268 bond rmsd: 0.001647
  step: 269 bond rmsd: 0.001673
  step: 270 bond rmsd: 0.001660
  step: 271 bond rmsd: 0.001661
  step: 272 bond rmsd: 0.001665
  step: 273 bond rmsd: 0.001688
  step: 274 bond rmsd: 0.001676
  step: 275 bond rmsd: 0.001673
  step: 276 bond rmsd: 0.001669
  step: 277 bond rmsd: 0.001680
  step: 278 bond rmsd: 0.001672
  step: 279 bond rmsd: 0.001667
  step: 280 bond rmsd: 0.001657
  step: 281 bond rmsd: 0.001664
  step: 282 bond rmsd: 0.001657
  step: 283 bond rmsd: 0.001654
  step: 284 bond rmsd: 0.001655
  step: 285 bond rmsd: 0.001679
  step: 286 bond rmsd: 0.001676
  step: 287 bond rmsd: 0.001678
  step: 288 bond rmsd: 0.001679
  step: 289 bond rmsd: 0.001678
  step: 290 bond rmsd: 0.001682
  step: 291 bond rmsd: 0.001674
  step: 292 bond rmsd: 0.001670
  step: 293 bond rmsd: 0.001671
  step: 294 bond rmsd: 0.001678
  step: 295 bond rmsd: 0.001671
  step: 296 bond rmsd: 0.001672
  step: 297 bond rmsd: 0.001672
  step: 298 bond rmsd: 0.001662
  step: 299 bond rmsd: 0.001645
  step: 300 bond rmsd: 0.001620
  step: 301 bond rmsd: 0.001613
  step: 302 bond rmsd: 0.001606
  step: 303 bond rmsd: 0.001602
  step: 304 bond rmsd: 0.001574
  step: 305 bond rmsd: 0.001579
  step: 306 bond rmsd: 0.001579
micro_cycle   1 rmsd(b):  0.0016 rws:  1.000 n_fev: 306
  step:   1 bond rmsd: 0.001579
  step:   2 bond rmsd: 0.060647
  step:   3 bond rmsd: 0.001588
  step:   4 bond rmsd: 0.001565
  step:   5 bond rmsd: 0.001565
  step:   6 bond rmsd: 0.001566
  step:   7 bond rmsd: 0.001568
  step:   8 bond rmsd: 0.001588
  step:   9 bond rmsd: 0.001581
  step:  10 bond rmsd: 0.001579
  step:  11 bond rmsd: 0.001583
  step:  12 bond rmsd: 0.001582
  step:  13 bond rmsd: 0.001586
  step:  14 bond rmsd: 0.001587
  step:  15 bond rmsd: 0.001588
  step:  16 bond rmsd: 0.001600
  step:  17 bond rmsd: 0.001598
  step:  18 bond rmsd: 0.001601
  step:  19 bond rmsd: 0.001608
  step:  20 bond rmsd: 0.001611
  step:  21 bond rmsd: 0.001617
  step:  22 bond rmsd: 0.001612
  step:  23 bond rmsd: 0.001609
  step:  24 bond rmsd: 0.001602
  step:  25 bond rmsd: 0.001596
  step:  26 bond rmsd: 0.001583
  step:  27 bond rmsd: 0.001589
  step:  28 bond rmsd: 0.001602
  step:  29 bond rmsd: 0.001611
  step:  30 bond rmsd: 0.001624
  step:  31 bond rmsd: 0.001627
  step:  32 bond rmsd: 0.001619
  step:  33 bond rmsd: 0.001607
  step:  34 bond rmsd: 0.001596
  step:  35 bond rmsd: 0.001584
  step:  36 bond rmsd: 0.001585
  step:  37 bond rmsd: 0.001583
  step:  38 bond rmsd: 0.001594
  step:  39 bond rmsd: 0.001610
  step:  40 bond rmsd: 0.001609
  step:  41 bond rmsd: 0.001605
  step:  42 bond rmsd: 0.001598
  step:  43 bond rmsd: 0.001592
  step:  44 bond rmsd: 0.001588
  step:  45 bond rmsd: 0.001589
  step:  46 bond rmsd: 0.001603
  step:  47 bond rmsd: 0.001606
  step:  48 bond rmsd: 0.001609
  step:  49 bond rmsd: 0.001614
  step:  50 bond rmsd: 0.001613
  step:  51 bond rmsd: 0.001605
  step:  52 bond rmsd: 0.001609
  step:  53 bond rmsd: 0.001600
  step:  54 bond rmsd: 0.001601
  step:  55 bond rmsd: 0.001605
  step:  56 bond rmsd: 0.001603
  step:  57 bond rmsd: 0.001604
  step:  58 bond rmsd: 0.001597
  step:  59 bond rmsd: 0.001581
  step:  60 bond rmsd: 0.001571
  step:  61 bond rmsd: 0.001574
  step:  62 bond rmsd: 0.001556
  step:  63 bond rmsd: 0.001549
  step:  64 bond rmsd: 0.001547
  step:  65 bond rmsd: 0.001548
  step:  66 bond rmsd: 0.001555
  step:  67 bond rmsd: 0.001563
  step:  68 bond rmsd: 0.001573
  step:  69 bond rmsd: 0.001567
  step:  70 bond rmsd: 0.001553
  step:  71 bond rmsd: 0.001552
  step:  72 bond rmsd: 0.001551
  step:  73 bond rmsd: 0.001554
  step:  74 bond rmsd: 0.001570
  step:  75 bond rmsd: 0.001592
  step:  76 bond rmsd: 0.001589
  step:  77 bond rmsd: 0.001590
  step:  78 bond rmsd: 0.001594
  step:  79 bond rmsd: 0.001598
  step:  80 bond rmsd: 0.001600
  step:  81 bond rmsd: 0.001597
  step:  82 bond rmsd: 0.001597
  step:  83 bond rmsd: 0.001590
  step:  84 bond rmsd: 0.001595
  step:  85 bond rmsd: 0.001598
  step:  86 bond rmsd: 0.001595
  step:  87 bond rmsd: 0.001595
  step:  88 bond rmsd: 0.001592
  step:  89 bond rmsd: 0.001585
  step:  90 bond rmsd: 0.001571
  step:  91 bond rmsd: 0.001554
  step:  92 bond rmsd: 0.001533
  step:  93 bond rmsd: 0.001521
  step:  94 bond rmsd: 0.001517
  step:  95 bond rmsd: 0.001518
  step:  96 bond rmsd: 0.001514
  step:  97 bond rmsd: 0.001515
  step:  98 bond rmsd: 0.001501
  step:  99 bond rmsd: 0.001495
  step: 100 bond rmsd: 0.001482
  step: 101 bond rmsd: 0.001508
  step: 102 bond rmsd: 0.001488
  step: 103 bond rmsd: 0.001482
  step: 104 bond rmsd: 0.001482
  step: 105 bond rmsd: 0.001488
  step: 106 bond rmsd: 0.001499
  step: 107 bond rmsd: 0.001508
  step: 108 bond rmsd: 0.001535
  step: 109 bond rmsd: 0.001520
  step: 110 bond rmsd: 0.001529
  step: 111 bond rmsd: 0.001532
  step: 112 bond rmsd: 0.001539
  step: 113 bond rmsd: 0.001540
  step: 114 bond rmsd: 0.001544
  step: 115 bond rmsd: 0.001546
  step: 116 bond rmsd: 0.001548
  step: 117 bond rmsd: 0.001543
  step: 118 bond rmsd: 0.001531
  step: 119 bond rmsd: 0.001525
  step: 120 bond rmsd: 0.001528
  step: 121 bond rmsd: 0.001539
  step: 122 bond rmsd: 0.001552
  step: 123 bond rmsd: 0.001551
  step: 124 bond rmsd: 0.001555
  step: 125 bond rmsd: 0.001554
  step: 126 bond rmsd: 0.001551
  step: 127 bond rmsd: 0.001541
  step: 128 bond rmsd: 0.001541
  step: 129 bond rmsd: 0.001539
  step: 130 bond rmsd: 0.001542
  step: 131 bond rmsd: 0.001543
  step: 132 bond rmsd: 0.001544
  step: 133 bond rmsd: 0.001549
  step: 134 bond rmsd: 0.001556
  step: 135 bond rmsd: 0.001558
  step: 136 bond rmsd: 0.001569
  step: 137 bond rmsd: 0.001558
  step: 138 bond rmsd: 0.001552
  step: 139 bond rmsd: 0.001549
  step: 140 bond rmsd: 0.001557
  step: 141 bond rmsd: 0.001551
  step: 142 bond rmsd: 0.001558
  step: 143 bond rmsd: 0.001570
  step: 144 bond rmsd: 0.001577
  step: 145 bond rmsd: 0.001585
  step: 146 bond rmsd: 0.001580
  step: 147 bond rmsd: 0.001568
  step: 148 bond rmsd: 0.001560
  step: 149 bond rmsd: 0.001552
  step: 150 bond rmsd: 0.001555
  step: 151 bond rmsd: 0.001561
  step: 152 bond rmsd: 0.001565
  step: 153 bond rmsd: 0.001579
  step: 154 bond rmsd: 0.001578
  step: 155 bond rmsd: 0.001575
  step: 156 bond rmsd: 0.001575
  step: 157 bond rmsd: 0.001568
  step: 158 bond rmsd: 0.001570
  step: 159 bond rmsd: 0.001573
  step: 160 bond rmsd: 0.001576
  step: 161 bond rmsd: 0.001575
  step: 162 bond rmsd: 0.001575
  step: 163 bond rmsd: 0.001571
  step: 164 bond rmsd: 0.001567
  step: 165 bond rmsd: 0.001565
  step: 166 bond rmsd: 0.001562
  step: 167 bond rmsd: 0.001561
  step: 168 bond rmsd: 0.001568
  step: 169 bond rmsd: 0.001571
  step: 170 bond rmsd: 0.001575
  step: 171 bond rmsd: 0.001577
  step: 172 bond rmsd: 0.001580
  step: 173 bond rmsd: 0.001574
  step: 174 bond rmsd: 0.001567
  step: 175 bond rmsd: 0.001561
  step: 176 bond rmsd: 0.001557
  step: 177 bond rmsd: 0.001559
  step: 178 bond rmsd: 0.001561
  step: 179 bond rmsd: 0.001566
  step: 180 bond rmsd: 0.001568
  step: 181 bond rmsd: 0.001573
  step: 182 bond rmsd: 0.001566
  step: 183 bond rmsd: 0.001557
  step: 184 bond rmsd: 0.001551
  step: 185 bond rmsd: 0.001554
  step: 186 bond rmsd: 0.001548
  step: 187 bond rmsd: 0.001549
  step: 188 bond rmsd: 0.001548
  step: 189 bond rmsd: 0.001546
  step: 190 bond rmsd: 0.001532
  step: 191 bond rmsd: 0.001526
  step: 192 bond rmsd: 0.001515
  step: 193 bond rmsd: 0.001512
  step: 194 bond rmsd: 0.001516
  step: 195 bond rmsd: 0.001525
  step: 196 bond rmsd: 0.001537
  step: 197 bond rmsd: 0.001546
  step: 198 bond rmsd: 0.001549
  step: 199 bond rmsd: 0.001550
  step: 200 bond rmsd: 0.001539
  step: 201 bond rmsd: 0.001524
  step: 202 bond rmsd: 0.001518
  step: 203 bond rmsd: 0.001522
  step: 204 bond rmsd: 0.001536
  step: 205 bond rmsd: 0.001542
  step: 206 bond rmsd: 0.001539
  step: 207 bond rmsd: 0.001534
  step: 208 bond rmsd: 0.001533
  step: 209 bond rmsd: 0.001543
  step: 210 bond rmsd: 0.001539
  step: 211 bond rmsd: 0.001542
  step: 212 bond rmsd: 0.001547
  step: 213 bond rmsd: 0.001551
  step: 214 bond rmsd: 0.001554
  step: 215 bond rmsd: 0.001553
  step: 216 bond rmsd: 0.001547
  step: 217 bond rmsd: 0.001544
  step: 218 bond rmsd: 0.001535
  step: 219 bond rmsd: 0.001536
  step: 220 bond rmsd: 0.001539
  step: 221 bond rmsd: 0.001538
  step: 222 bond rmsd: 0.001546
  step: 223 bond rmsd: 0.001535
  step: 224 bond rmsd: 0.001532
  step: 225 bond rmsd: 0.001531
  step: 226 bond rmsd: 0.001533
  step: 227 bond rmsd: 0.001546
  step: 228 bond rmsd: 0.001545
  step: 229 bond rmsd: 0.001546
  step: 230 bond rmsd: 0.001543
  step: 231 bond rmsd: 0.001554
  step: 232 bond rmsd: 0.001541
  step: 233 bond rmsd: 0.001536
  step: 234 bond rmsd: 0.001533
  step: 235 bond rmsd: 0.001534
  step: 236 bond rmsd: 0.001533
  step: 237 bond rmsd: 0.001533
  step: 238 bond rmsd: 0.001538
  step: 239 bond rmsd: 0.001540
  step: 240 bond rmsd: 0.001540
  step: 241 bond rmsd: 0.001546
  step: 242 bond rmsd: 0.001541
  step: 243 bond rmsd: 0.001538
  step: 244 bond rmsd: 0.001534
  step: 245 bond rmsd: 0.001534
  step: 246 bond rmsd: 0.001535
  step: 247 bond rmsd: 0.001538
  step: 248 bond rmsd: 0.001543
  step: 249 bond rmsd: 0.001544
  step: 250 bond rmsd: 0.001544
  step: 251 bond rmsd: 0.001535
  step: 252 bond rmsd: 0.001533
  step: 253 bond rmsd: 0.001529
  step: 254 bond rmsd: 0.001528
  step: 255 bond rmsd: 0.001520
  step: 256 bond rmsd: 0.001524
  step: 257 bond rmsd: 0.001527
  step: 258 bond rmsd: 0.001528
  step: 259 bond rmsd: 0.001529
  step: 260 bond rmsd: 0.001525
  step: 261 bond rmsd: 0.001524
  step: 262 bond rmsd: 0.001524
  step: 263 bond rmsd: 0.001528
  step: 264 bond rmsd: 0.001531
  step: 265 bond rmsd: 0.001538
  step: 266 bond rmsd: 0.001541
  step: 267 bond rmsd: 0.001542
  step: 268 bond rmsd: 0.001532
  step: 269 bond rmsd: 0.001524
  step: 270 bond rmsd: 0.001517
  step: 271 bond rmsd: 0.001511
  step: 272 bond rmsd: 0.001509
  step: 273 bond rmsd: 0.001502
  step: 274 bond rmsd: 0.001507
  step: 275 bond rmsd: 0.001511
  step: 276 bond rmsd: 0.001511
  step: 277 bond rmsd: 0.001510
  step: 278 bond rmsd: 0.001500
  step: 279 bond rmsd: 0.001500
  step: 280 bond rmsd: 0.001500
  step: 281 bond rmsd: 0.001503
  step: 282 bond rmsd: 0.001501
  step: 283 bond rmsd: 0.001506
  step: 284 bond rmsd: 0.001507
  step: 285 bond rmsd: 0.001508
  step: 286 bond rmsd: 0.001507
  step: 287 bond rmsd: 0.001508
  step: 288 bond rmsd: 0.001506
  step: 289 bond rmsd: 0.001508
  step: 290 bond rmsd: 0.001513
  step: 291 bond rmsd: 0.001522
  step: 292 bond rmsd: 0.001533
  step: 293 bond rmsd: 0.001535
  step: 294 bond rmsd: 0.001542
  step: 295 bond rmsd: 0.001544
  step: 296 bond rmsd: 0.001547
  step: 297 bond rmsd: 0.001550
  step: 298 bond rmsd: 0.001558
  step: 299 bond rmsd: 0.001554
  step: 300 bond rmsd: 0.001552
  step: 301 bond rmsd: 0.001551
  step: 302 bond rmsd: 0.001547
  step: 303 bond rmsd: 0.001545
  step: 304 bond rmsd: 0.001541
  step: 305 bond rmsd: 0.001536
  step: 306 bond rmsd: 0.001528
  step: 307 bond rmsd: 0.001513
  step: 308 bond rmsd: 0.001508
  step: 309 bond rmsd: 0.001507
  step: 310 bond rmsd: 0.001506
micro_cycle   2 rmsd(b):  0.0015 rws:  1.000 n_fev: 616
  step:   1 bond rmsd: 0.001506
  step:   2 bond rmsd: 0.089475
  step:   3 bond rmsd: 0.001538
  step:   4 bond rmsd: 0.001511
  step:   5 bond rmsd: 0.001513
  step:   6 bond rmsd: 0.001520
  step:   7 bond rmsd: 0.001526
  step:   8 bond rmsd: 0.001530
  step:   9 bond rmsd: 0.001533
  step:  10 bond rmsd: 0.001529
  step:  11 bond rmsd: 0.001523
  step:  12 bond rmsd: 0.001534
  step:  13 bond rmsd: 0.001524
  step:  14 bond rmsd: 0.001523
  step:  15 bond rmsd: 0.001525
  step:  16 bond rmsd: 0.001529
  step:  17 bond rmsd: 0.001532
  step:  18 bond rmsd: 0.001535
  step:  19 bond rmsd: 0.001535
  step:  20 bond rmsd: 0.001534
  step:  21 bond rmsd: 0.001531
  step:  22 bond rmsd: 0.001527
  step:  23 bond rmsd: 0.001518
  step:  24 bond rmsd: 0.001522
  step:  25 bond rmsd: 0.001521
  step:  26 bond rmsd: 0.001520
  step:  27 bond rmsd: 0.001524
  step:  28 bond rmsd: 0.001523
  step:  29 bond rmsd: 0.001522
  step:  30 bond rmsd: 0.001522
  step:  31 bond rmsd: 0.001523
  step:  32 bond rmsd: 0.001521
  step:  33 bond rmsd: 0.001522
  step:  34 bond rmsd: 0.001522
  step:  35 bond rmsd: 0.001519
  step:  36 bond rmsd: 0.001517
  step:  37 bond rmsd: 0.001513
  step:  38 bond rmsd: 0.001510
  step:  39 bond rmsd: 0.001510
  step:  40 bond rmsd: 0.001507
  step:  41 bond rmsd: 0.001512
  step:  42 bond rmsd: 0.001517
  step:  43 bond rmsd: 0.001521
  step:  44 bond rmsd: 0.001528
  step:  45 bond rmsd: 0.001540
  step:  46 bond rmsd: 0.001533
  step:  47 bond rmsd: 0.001534
  step:  48 bond rmsd: 0.001535
  step:  49 bond rmsd: 0.001537
  step:  50 bond rmsd: 0.001537
  step:  51 bond rmsd: 0.001541
  step:  52 bond rmsd: 0.001548
  step:  53 bond rmsd: 0.001553
  step:  54 bond rmsd: 0.001559
  step:  55 bond rmsd: 0.001565
  step:  56 bond rmsd: 0.001566
  step:  57 bond rmsd: 0.001564
  step:  58 bond rmsd: 0.001564
  step:  59 bond rmsd: 0.001562
  step:  60 bond rmsd: 0.001567
  step:  61 bond rmsd: 0.001573
  step:  62 bond rmsd: 0.001576
  step:  63 bond rmsd: 0.001575
  step:  64 bond rmsd: 0.001573
  step:  65 bond rmsd: 0.001569
  step:  66 bond rmsd: 0.001565
  step:  67 bond rmsd: 0.001554
  step:  68 bond rmsd: 0.001556
  step:  69 bond rmsd: 0.001558
  step:  70 bond rmsd: 0.001557
  step:  71 bond rmsd: 0.001550
  step:  72 bond rmsd: 0.001549
  step:  73 bond rmsd: 0.001547
  step:  74 bond rmsd: 0.001545
  step:  75 bond rmsd: 0.001540
  step:  76 bond rmsd: 0.001539
  step:  77 bond rmsd: 0.001538
  step:  78 bond rmsd: 0.001540
  step:  79 bond rmsd: 0.001540
  step:  80 bond rmsd: 0.001539
  step:  81 bond rmsd: 0.001541
  step:  82 bond rmsd: 0.001537
  step:  83 bond rmsd: 0.001538
  step:  84 bond rmsd: 0.001538
  step:  85 bond rmsd: 0.001537
  step:  86 bond rmsd: 0.001540
  step:  87 bond rmsd: 0.001538
  step:  88 bond rmsd: 0.001539
  step:  89 bond rmsd: 0.001541
  step:  90 bond rmsd: 0.001546
  step:  91 bond rmsd: 0.001547
  step:  92 bond rmsd: 0.001548
  step:  93 bond rmsd: 0.001549
  step:  94 bond rmsd: 0.001554
  step:  95 bond rmsd: 0.001549
  step:  96 bond rmsd: 0.001551
  step:  97 bond rmsd: 0.001551
  step:  98 bond rmsd: 0.001552
  step:  99 bond rmsd: 0.001550
  step: 100 bond rmsd: 0.001552
  step: 101 bond rmsd: 0.001546
  step: 102 bond rmsd: 0.001543
  step: 103 bond rmsd: 0.001541
  step: 104 bond rmsd: 0.001538
  step: 105 bond rmsd: 0.001540
  step: 106 bond rmsd: 0.001541
  step: 107 bond rmsd: 0.001544
  step: 108 bond rmsd: 0.001541
  step: 109 bond rmsd: 0.001541
  step: 110 bond rmsd: 0.001540
  step: 111 bond rmsd: 0.001538
  step: 112 bond rmsd: 0.001531
  step: 113 bond rmsd: 0.001532
  step: 114 bond rmsd: 0.001527
  step: 115 bond rmsd: 0.001525
  step: 116 bond rmsd: 0.001523
  step: 117 bond rmsd: 0.001521
  step: 118 bond rmsd: 0.001519
  step: 119 bond rmsd: 0.001521
  step: 120 bond rmsd: 0.001523
  step: 121 bond rmsd: 0.001526
  step: 122 bond rmsd: 0.001527
  step: 123 bond rmsd: 0.001528
  step: 124 bond rmsd: 0.001531
  step: 125 bond rmsd: 0.001536
  step: 126 bond rmsd: 0.001542
  step: 127 bond rmsd: 0.001543
  step: 128 bond rmsd: 0.001543
  step: 129 bond rmsd: 0.001548
  step: 130 bond rmsd: 0.001545
  step: 131 bond rmsd: 0.001543
  step: 132 bond rmsd: 0.001543
  step: 133 bond rmsd: 0.001545
  step: 134 bond rmsd: 0.001543
  step: 135 bond rmsd: 0.001544
  step: 136 bond rmsd: 0.001545
  step: 137 bond rmsd: 0.001546
  step: 138 bond rmsd: 0.001555
  step: 139 bond rmsd: 0.001550
  step: 140 bond rmsd: 0.001550
  step: 141 bond rmsd: 0.001549
  step: 142 bond rmsd: 0.001550
  step: 143 bond rmsd: 0.001549
  step: 144 bond rmsd: 0.001547
  step: 145 bond rmsd: 0.001543
  step: 146 bond rmsd: 0.001537
  step: 147 bond rmsd: 0.001538
  step: 148 bond rmsd: 0.001538
  step: 149 bond rmsd: 0.001539
  step: 150 bond rmsd: 0.001539
  step: 151 bond rmsd: 0.001539
  step: 152 bond rmsd: 0.001538
  step: 153 bond rmsd: 0.001539
  step: 154 bond rmsd: 0.001531
  step: 155 bond rmsd: 0.001535
  step: 156 bond rmsd: 0.001538
  step: 157 bond rmsd: 0.001540
  step: 158 bond rmsd: 0.001540
  step: 159 bond rmsd: 0.001541
  step: 160 bond rmsd: 0.001541
  step: 161 bond rmsd: 0.001540
  step: 162 bond rmsd: 0.001534
  step: 163 bond rmsd: 0.001537
  step: 164 bond rmsd: 0.001535
  step: 165 bond rmsd: 0.001536
  step: 166 bond rmsd: 0.001540
  step: 167 bond rmsd: 0.001545
  step: 168 bond rmsd: 0.001547
  step: 169 bond rmsd: 0.001550
  step: 170 bond rmsd: 0.001547
  step: 171 bond rmsd: 0.001546
  step: 172 bond rmsd: 0.001539
  step: 173 bond rmsd: 0.001544
  step: 174 bond rmsd: 0.001544
  step: 175 bond rmsd: 0.001546
  step: 176 bond rmsd: 0.001548
  step: 177 bond rmsd: 0.001551
  step: 178 bond rmsd: 0.001549
  step: 179 bond rmsd: 0.001549
  step: 180 bond rmsd: 0.001547
  step: 181 bond rmsd: 0.001541
  step: 182 bond rmsd: 0.001540
  step: 183 bond rmsd: 0.001539
  step: 184 bond rmsd: 0.001538
  step: 185 bond rmsd: 0.001544
  step: 186 bond rmsd: 0.001540
  step: 187 bond rmsd: 0.001541
  step: 188 bond rmsd: 0.001540
  step: 189 bond rmsd: 0.001539
  step: 190 bond rmsd: 0.001536
  step: 191 bond rmsd: 0.001528
  step: 192 bond rmsd: 0.001527
  step: 193 bond rmsd: 0.001531
  step: 194 bond rmsd: 0.001529
  step: 195 bond rmsd: 0.001532
  step: 196 bond rmsd: 0.001535
  step: 197 bond rmsd: 0.001540
  step: 198 bond rmsd: 0.001540
  step: 199 bond rmsd: 0.001540
  step: 200 bond rmsd: 0.001535
  step: 201 bond rmsd: 0.001533
  step: 202 bond rmsd: 0.001532
  step: 203 bond rmsd: 0.001533
  step: 204 bond rmsd: 0.001533
  step: 205 bond rmsd: 0.001534
  step: 206 bond rmsd: 0.001531
  step: 207 bond rmsd: 0.001530
  step: 208 bond rmsd: 0.001525
  step: 209 bond rmsd: 0.001521
  step: 210 bond rmsd: 0.001517
  step: 211 bond rmsd: 0.001508
  step: 212 bond rmsd: 0.001513
  step: 213 bond rmsd: 0.001515
  step: 214 bond rmsd: 0.001518
  step: 215 bond rmsd: 0.001524
  step: 216 bond rmsd: 0.001525
  step: 217 bond rmsd: 0.001526
  step: 218 bond rmsd: 0.001523
  step: 219 bond rmsd: 0.001524
  step: 220 bond rmsd: 0.001522
  step: 221 bond rmsd: 0.001520
  step: 222 bond rmsd: 0.001523
  step: 223 bond rmsd: 0.001525
  step: 224 bond rmsd: 0.001530
  step: 225 bond rmsd: 0.001543
  step: 226 bond rmsd: 0.001537
  step: 227 bond rmsd: 0.001535
  step: 228 bond rmsd: 0.001534
  step: 229 bond rmsd: 0.001541
  step: 230 bond rmsd: 0.001538
  step: 231 bond rmsd: 0.001539
  step: 232 bond rmsd: 0.001542
  step: 233 bond rmsd: 0.001543
  step: 234 bond rmsd: 0.001544
  step: 235 bond rmsd: 0.001538
  step: 236 bond rmsd: 0.001534
  step: 237 bond rmsd: 0.001529
  step: 238 bond rmsd: 0.001517
  step: 239 bond rmsd: 0.001521
  step: 240 bond rmsd: 0.001524
  step: 241 bond rmsd: 0.001527
  step: 242 bond rmsd: 0.001531
  step: 243 bond rmsd: 0.001537
  step: 244 bond rmsd: 0.001536
  step: 245 bond rmsd: 0.001533
  step: 246 bond rmsd: 0.001532
  step: 247 bond rmsd: 0.001524
  step: 248 bond rmsd: 0.001527
  step: 249 bond rmsd: 0.001530
  step: 250 bond rmsd: 0.001533
  step: 251 bond rmsd: 0.001538
  step: 252 bond rmsd: 0.001542
  step: 253 bond rmsd: 0.001547
  step: 254 bond rmsd: 0.001549
  step: 255 bond rmsd: 0.001548
  step: 256 bond rmsd: 0.001545
  step: 257 bond rmsd: 0.001538
  step: 258 bond rmsd: 0.001542
  step: 259 bond rmsd: 0.001543
  step: 260 bond rmsd: 0.001546
  step: 261 bond rmsd: 0.001550
  step: 262 bond rmsd: 0.001553
  step: 263 bond rmsd: 0.001559
  step: 264 bond rmsd: 0.001556
  step: 265 bond rmsd: 0.001551
  step: 266 bond rmsd: 0.001545
  step: 267 bond rmsd: 0.001545
  step: 268 bond rmsd: 0.001543
  step: 269 bond rmsd: 0.001544
  step: 270 bond rmsd: 0.001546
  step: 271 bond rmsd: 0.001547
  step: 272 bond rmsd: 0.001547
  step: 273 bond rmsd: 0.001546
  step: 274 bond rmsd: 0.001540
  step: 275 bond rmsd: 0.001539
  step: 276 bond rmsd: 0.001538
  step: 277 bond rmsd: 0.001536
  step: 278 bond rmsd: 0.001536
  step: 279 bond rmsd: 0.001536
  step: 280 bond rmsd: 0.001536
  step: 281 bond rmsd: 0.001537
  step: 282 bond rmsd: 0.001532
  step: 283 bond rmsd: 0.001535
  step: 284 bond rmsd: 0.001536
  step: 285 bond rmsd: 0.001536
  step: 286 bond rmsd: 0.001536
  step: 287 bond rmsd: 0.001550
  step: 288 bond rmsd: 0.001542
  step: 289 bond rmsd: 0.001541
  step: 290 bond rmsd: 0.001541
  step: 291 bond rmsd: 0.001540
  step: 292 bond rmsd: 0.001538
  step: 293 bond rmsd: 0.001536
  step: 294 bond rmsd: 0.001534
  step: 295 bond rmsd: 0.001532
  step: 296 bond rmsd: 0.001539
  step: 297 bond rmsd: 0.001532
  step: 298 bond rmsd: 0.001531
  step: 299 bond rmsd: 0.001531
  step: 300 bond rmsd: 0.001527
  step: 301 bond rmsd: 0.001508
  step: 302 bond rmsd: 0.001509
  step: 303 bond rmsd: 0.001508
  step: 304 bond rmsd: 0.001503
  step: 305 bond rmsd: 0.001504
  step: 306 bond rmsd: 0.001502
  step: 307 bond rmsd: 0.001498
  step: 308 bond rmsd: 0.001498
  step: 309 bond rmsd: 0.001500
  step: 310 bond rmsd: 0.001506
  step: 311 bond rmsd: 0.001506
  step: 312 bond rmsd: 0.001507
micro_cycle   3 rmsd(b):  0.0015 rws:  1.000 n_fev: 928
See 1_refined.pdb in pdb folder.
Time: 9.8380
