Starting Q|R
version:   v1.0-114-g3318f9  
Running refinement
   input {
     xray_data {
       file_name = None
       labels = None
       high_resolution = None
       low_resolution = None
       outliers_rejection = True
       french_wilson_scale = True
       french_wilson {
         max_bins = 60
         min_bin_size = 40
       }
       sigma_fobs_rejection_criterion = None
       sigma_iobs_rejection_criterion = None
       ignore_all_zeros = True
       force_anomalous_flag_to_be_equal_to = None
       convert_to_non_anomalous_if_ratio_pairs_lone_less_than_threshold = 0.5
       r_free_flags {
         file_name = None
         label = None
         test_flag_value = None
         ignore_r_free_flags = False
         disable_suitability_test = False
         ignore_pdb_hexdigest = False
         generate = False
         fraction = 0.1
         max_free = 2000
         lattice_symmetry_max_delta = 5
         use_lattice_symmetry = True
         use_dataman_shells = False
         n_shells = 20
       }
     }
     pdb {
       file_name = None
     }
     monomers {
       file_name = None
     }
     maps {
       map_file_name = None
       d_min = None
       map_coefficients_file_name = None
       map_coefficients_label = None
     }
     sequence = None
     scattering_table = wk1995 it1992 *n_gaussian neutron electron
     wavelength = None
     energy = None
     twin_law = Auto
   }
   max_atoms = 15000
   debug = False
   cluster {
     charge_cutoff = 8.0
     clustering = false
     charge_embedding = False
     two_buffers = False
     maxnum_residues_in_cluster = 15
     clustering_method = gnc *bcc
     altloc_method = *average subtract
     g_scan = 10 15 20
     g_mode = None
   }
   restraints = *cctbx qm
   quantum {
     engine_name = *mopac ani torchani terachem turbomole pyscf orca gaussian \
                   xtb
     charge = None
     basis = Auto
     method = Auto
     memory = None
     nproc = None
     qm_addon = gcp dftd3 gcp-d3
     qm_addon_method = None
   }
   refine {
     dry_run = False
     sf_algorithm = *direct fft
     refinement_target_name = *ml ls_wunit_k1
     mode = *opt refine gtest
     number_of_macro_cycles = 1
     number_of_weight_search_cycles = 50
     number_of_refine_cycles = 5
     number_of_micro_cycles = 3
     data_weight = None
     choose_best_use_r_work = False
     skip_weight_search = False
     adjust_restraints_weight_scale_value = 2
     max_iterations_weight = 50
     max_iterations_refine = 300
     use_ase_lbfgs = False
     line_search = True
     stpmax = 3
     gradient_only = true
     update_all_scales = True
     refine_sites = True
     refine_adp = False
     restraints_weight_scale = 1.0
     shake_sites = False
     use_convergence_test = true
     max_bond_rmsd = 0.03
     max_r_work_r_free_gap = 5.0
     r_tolerance = 0.001
     rmsd_tolerance = 0.001
     opt_log = False
     pre_opt = False
     pre_opt_stpmax = 0.1
     pre_opt_iter = 10
     pre_opt_switch = 2
     pre_opt_gconv = 3000
   }
   parallel {
     method = *multiprocessing slurm pbs sge lsf threading
     nproc = None
     qsub_command = None
   }
   output_file_name_prefix = None
   output_folder_name = "pdb"
   shared_disk = True
   rst_file = None
   dump_gradients = None

Setting QM defaults
  Setting QM method to PM7


***********************************************************
restart info will be stored in /home/lum/cctbx_opt_final/1.5/cctbx_opt/pdb/5.rst.pickle
***********************************************************

start   0 rmsd(b):  0.0194 rws:  1.000 n_fev: 0
  step:   1 bond rmsd: 0.019442
  step:   2 bond rmsd: 0.075011
  step:   3 bond rmsd: 1.447556
  step:   4 bond rmsd: 0.019352
  step:   5 bond rmsd: 0.015116
  step:   6 bond rmsd: 0.014308
  step:   7 bond rmsd: 0.013776
  step:   8 bond rmsd: 0.012042
  step:   9 bond rmsd: 0.012037
  step:  10 bond rmsd: 0.010212
  step:  11 bond rmsd: 0.009675
  step:  12 bond rmsd: 0.008818
  step:  13 bond rmsd: 0.007458
  step:  14 bond rmsd: 0.006378
  step:  15 bond rmsd: 0.006280
  step:  16 bond rmsd: 0.006154
  step:  17 bond rmsd: 0.005729
  step:  18 bond rmsd: 0.004934
  step:  19 bond rmsd: 0.004282
  step:  20 bond rmsd: 0.004070
  step:  21 bond rmsd: 0.003892
  step:  22 bond rmsd: 0.003900
  step:  23 bond rmsd: 0.003661
  step:  24 bond rmsd: 0.003463
  step:  25 bond rmsd: 0.003345
  step:  26 bond rmsd: 0.003135
  step:  27 bond rmsd: 0.002979
  step:  28 bond rmsd: 0.002811
  step:  29 bond rmsd: 0.002750
  step:  30 bond rmsd: 0.002586
  step:  31 bond rmsd: 0.002416
  step:  32 bond rmsd: 0.002395
  step:  33 bond rmsd: 0.002302
  step:  34 bond rmsd: 0.002308
  step:  35 bond rmsd: 0.002363
  step:  36 bond rmsd: 0.002546
  step:  37 bond rmsd: 0.002440
  step:  38 bond rmsd: 0.002410
  step:  39 bond rmsd: 0.002419
  step:  40 bond rmsd: 0.002506
  step:  41 bond rmsd: 0.002508
  step:  42 bond rmsd: 0.002465
  step:  43 bond rmsd: 0.002405
  step:  44 bond rmsd: 0.002394
  step:  45 bond rmsd: 0.002324
  step:  46 bond rmsd: 0.002310
  step:  47 bond rmsd: 0.002297
  step:  48 bond rmsd: 0.002401
  step:  49 bond rmsd: 0.002242
  step:  50 bond rmsd: 0.002190
  step:  51 bond rmsd: 0.002133
  step:  52 bond rmsd: 0.002078
  step:  53 bond rmsd: 0.002042
  step:  54 bond rmsd: 0.002010
  step:  55 bond rmsd: 0.001992
  step:  56 bond rmsd: 0.001977
  step:  57 bond rmsd: 0.001946
  step:  58 bond rmsd: 0.001937
  step:  59 bond rmsd: 0.002035
  step:  60 bond rmsd: 0.002008
  step:  61 bond rmsd: 0.002017
  step:  62 bond rmsd: 0.002059
  step:  63 bond rmsd: 0.002225
  step:  64 bond rmsd: 0.002159
  step:  65 bond rmsd: 0.002106
  step:  66 bond rmsd: 0.002079
  step:  67 bond rmsd: 0.002245
  step:  68 bond rmsd: 0.002146
  step:  69 bond rmsd: 0.002143
  step:  70 bond rmsd: 0.002174
  step:  71 bond rmsd: 0.002201
  step:  72 bond rmsd: 0.002220
  step:  73 bond rmsd: 0.002134
  step:  74 bond rmsd: 0.002005
  step:  75 bond rmsd: 0.001914
  step:  76 bond rmsd: 0.001901
  step:  77 bond rmsd: 0.001862
  step:  78 bond rmsd: 0.001887
  step:  79 bond rmsd: 0.001899
  step:  80 bond rmsd: 0.001931
  step:  81 bond rmsd: 0.001903
  step:  82 bond rmsd: 0.001872
  step:  83 bond rmsd: 0.001808
  step:  84 bond rmsd: 0.001753
  step:  85 bond rmsd: 0.001721
  step:  86 bond rmsd: 0.001764
  step:  87 bond rmsd: 0.001739
  step:  88 bond rmsd: 0.001760
  step:  89 bond rmsd: 0.001783
  step:  90 bond rmsd: 0.001922
  step:  91 bond rmsd: 0.001816
  step:  92 bond rmsd: 0.001787
  step:  93 bond rmsd: 0.001760
  step:  94 bond rmsd: 0.001754
  step:  95 bond rmsd: 0.001775
  step:  96 bond rmsd: 0.001783
  step:  97 bond rmsd: 0.001823
  step:  98 bond rmsd: 0.001835
  step:  99 bond rmsd: 0.001826
  step: 100 bond rmsd: 0.001802
  step: 101 bond rmsd: 0.001786
  step: 102 bond rmsd: 0.001751
  step: 103 bond rmsd: 0.001748
  step: 104 bond rmsd: 0.001726
  step: 105 bond rmsd: 0.001711
  step: 106 bond rmsd: 0.001707
  step: 107 bond rmsd: 0.001732
  step: 108 bond rmsd: 0.001708
  step: 109 bond rmsd: 0.001683
  step: 110 bond rmsd: 0.001622
  step: 111 bond rmsd: 0.001608
  step: 112 bond rmsd: 0.001597
  step: 113 bond rmsd: 0.001627
  step: 114 bond rmsd: 0.001663
  step: 115 bond rmsd: 0.001700
  step: 116 bond rmsd: 0.001746
  step: 117 bond rmsd: 0.001798
  step: 118 bond rmsd: 0.001737
  step: 119 bond rmsd: 0.001688
  step: 120 bond rmsd: 0.001688
  step: 121 bond rmsd: 0.001730
  step: 122 bond rmsd: 0.001752
  step: 123 bond rmsd: 0.001804
  step: 124 bond rmsd: 0.001835
  step: 125 bond rmsd: 0.001820
  step: 126 bond rmsd: 0.001780
  step: 127 bond rmsd: 0.001728
  step: 128 bond rmsd: 0.001690
  step: 129 bond rmsd: 0.001675
  step: 130 bond rmsd: 0.001675
  step: 131 bond rmsd: 0.001694
  step: 132 bond rmsd: 0.001745
  step: 133 bond rmsd: 0.001762
  step: 134 bond rmsd: 0.001824
  step: 135 bond rmsd: 0.001776
  step: 136 bond rmsd: 0.001729
  step: 137 bond rmsd: 0.001689
  step: 138 bond rmsd: 0.001712
  step: 139 bond rmsd: 0.001711
  step: 140 bond rmsd: 0.001744
  step: 141 bond rmsd: 0.001775
  step: 142 bond rmsd: 0.001839
  step: 143 bond rmsd: 0.001799
  step: 144 bond rmsd: 0.001793
  step: 145 bond rmsd: 0.001764
  step: 146 bond rmsd: 0.001685
  step: 147 bond rmsd: 0.001651
  step: 148 bond rmsd: 0.001611
  step: 149 bond rmsd: 0.001579
  step: 150 bond rmsd: 0.001580
  step: 151 bond rmsd: 0.001594
  step: 152 bond rmsd: 0.001592
  step: 153 bond rmsd: 0.001582
  step: 154 bond rmsd: 0.001545
  step: 155 bond rmsd: 0.001498
  step: 156 bond rmsd: 0.001477
  step: 157 bond rmsd: 0.001462
  step: 158 bond rmsd: 0.001442
  step: 159 bond rmsd: 0.001448
  step: 160 bond rmsd: 0.001455
  step: 161 bond rmsd: 0.001461
  step: 162 bond rmsd: 0.001452
  step: 163 bond rmsd: 0.001430
  step: 164 bond rmsd: 0.001407
  step: 165 bond rmsd: 0.001394
  step: 166 bond rmsd: 0.001387
  step: 167 bond rmsd: 0.001430
  step: 168 bond rmsd: 0.001440
  step: 169 bond rmsd: 0.001465
  step: 170 bond rmsd: 0.001484
  step: 171 bond rmsd: 0.001494
  step: 172 bond rmsd: 0.001495
  step: 173 bond rmsd: 0.001510
  step: 174 bond rmsd: 0.001496
  step: 175 bond rmsd: 0.001502
  step: 176 bond rmsd: 0.001500
  step: 177 bond rmsd: 0.001508
  step: 178 bond rmsd: 0.001523
  step: 179 bond rmsd: 0.001537
  step: 180 bond rmsd: 0.001511
  step: 181 bond rmsd: 0.001488
  step: 182 bond rmsd: 0.001466
  step: 183 bond rmsd: 0.001431
  step: 184 bond rmsd: 0.001405
  step: 185 bond rmsd: 0.001404
  step: 186 bond rmsd: 0.001427
  step: 187 bond rmsd: 0.001454
  step: 188 bond rmsd: 0.001449
  step: 189 bond rmsd: 0.001448
  step: 190 bond rmsd: 0.001451
  step: 191 bond rmsd: 0.001449
  step: 192 bond rmsd: 0.001430
  step: 193 bond rmsd: 0.001427
  step: 194 bond rmsd: 0.001420
  step: 195 bond rmsd: 0.001433
  step: 196 bond rmsd: 0.001455
  step: 197 bond rmsd: 0.001479
  step: 198 bond rmsd: 0.001504
  step: 199 bond rmsd: 0.001489
  step: 200 bond rmsd: 0.001471
  step: 201 bond rmsd: 0.001470
  step: 202 bond rmsd: 0.001472
  step: 203 bond rmsd: 0.001500
  step: 204 bond rmsd: 0.001517
  step: 205 bond rmsd: 0.001524
  step: 206 bond rmsd: 0.001541
  step: 207 bond rmsd: 0.001544
  step: 208 bond rmsd: 0.001527
  step: 209 bond rmsd: 0.001509
  step: 210 bond rmsd: 0.001485
  step: 211 bond rmsd: 0.001468
  step: 212 bond rmsd: 0.001462
  step: 213 bond rmsd: 0.001479
  step: 214 bond rmsd: 0.001498
  step: 215 bond rmsd: 0.001514
  step: 216 bond rmsd: 0.001525
  step: 217 bond rmsd: 0.001533
  step: 218 bond rmsd: 0.001514
  step: 219 bond rmsd: 0.001486
  step: 220 bond rmsd: 0.001467
  step: 221 bond rmsd: 0.001451
  step: 222 bond rmsd: 0.001455
  step: 223 bond rmsd: 0.001474
  step: 224 bond rmsd: 0.001504
  step: 225 bond rmsd: 0.001554
  step: 226 bond rmsd: 0.001556
  step: 227 bond rmsd: 0.001548
  step: 228 bond rmsd: 0.001531
  step: 229 bond rmsd: 0.001523
  step: 230 bond rmsd: 0.001494
  step: 231 bond rmsd: 0.001487
  step: 232 bond rmsd: 0.001483
  step: 233 bond rmsd: 0.001498
  step: 234 bond rmsd: 0.001532
  step: 235 bond rmsd: 0.001550
  step: 236 bond rmsd: 0.001552
  step: 237 bond rmsd: 0.001559
  step: 238 bond rmsd: 0.001570
  step: 239 bond rmsd: 0.001564
  step: 240 bond rmsd: 0.001560
  step: 241 bond rmsd: 0.001556
  step: 242 bond rmsd: 0.001571
  step: 243 bond rmsd: 0.001569
  step: 244 bond rmsd: 0.001575
  step: 245 bond rmsd: 0.001561
  step: 246 bond rmsd: 0.001558
  step: 247 bond rmsd: 0.001549
  step: 248 bond rmsd: 0.001537
  step: 249 bond rmsd: 0.001557
  step: 250 bond rmsd: 0.001538
  step: 251 bond rmsd: 0.001536
  step: 252 bond rmsd: 0.001542
  step: 253 bond rmsd: 0.001535
  step: 254 bond rmsd: 0.001544
  step: 255 bond rmsd: 0.001538
  step: 256 bond rmsd: 0.001526
  step: 257 bond rmsd: 0.001513
  step: 258 bond rmsd: 0.001512
  step: 259 bond rmsd: 0.001520
  step: 260 bond rmsd: 0.001549
  step: 261 bond rmsd: 0.001546
  step: 262 bond rmsd: 0.001554
  step: 263 bond rmsd: 0.001564
  step: 264 bond rmsd: 0.001582
  step: 265 bond rmsd: 0.001580
  step: 266 bond rmsd: 0.001569
  step: 267 bond rmsd: 0.001556
  step: 268 bond rmsd: 0.001548
  step: 269 bond rmsd: 0.001546
  step: 270 bond rmsd: 0.001547
  step: 271 bond rmsd: 0.001546
  step: 272 bond rmsd: 0.001539
  step: 273 bond rmsd: 0.001524
  step: 274 bond rmsd: 0.001469
  step: 275 bond rmsd: 0.001442
  step: 276 bond rmsd: 0.001437
  step: 277 bond rmsd: 0.001432
  step: 278 bond rmsd: 0.001425
  step: 279 bond rmsd: 0.001419
  step: 280 bond rmsd: 0.001401
  step: 281 bond rmsd: 0.001391
  step: 282 bond rmsd: 0.001372
  step: 283 bond rmsd: 0.001371
  step: 284 bond rmsd: 0.001360
  step: 285 bond rmsd: 0.001357
  step: 286 bond rmsd: 0.001363
  step: 287 bond rmsd: 0.001406
  step: 288 bond rmsd: 0.001411
  step: 289 bond rmsd: 0.001412
  step: 290 bond rmsd: 0.001418
  step: 291 bond rmsd: 0.001423
  step: 292 bond rmsd: 0.001454
  step: 293 bond rmsd: 0.001451
  step: 294 bond rmsd: 0.001455
  step: 295 bond rmsd: 0.001468
  step: 296 bond rmsd: 0.001493
  step: 297 bond rmsd: 0.001502
  step: 298 bond rmsd: 0.001508
  step: 299 bond rmsd: 0.001515
  step: 300 bond rmsd: 0.001524
  step: 301 bond rmsd: 0.001537
  step: 302 bond rmsd: 0.001531
  step: 303 bond rmsd: 0.001527
micro_cycle   1 rmsd(b):  0.0015 rws:  1.000 n_fev: 303
  step:   1 bond rmsd: 0.001527
  step:   2 bond rmsd: 0.058453
  step:   3 bond rmsd: 0.001535
  step:   4 bond rmsd: 0.001524
  step:   5 bond rmsd: 0.001523
  step:   6 bond rmsd: 0.001516
  step:   7 bond rmsd: 0.001504
  step:   8 bond rmsd: 0.001480
  step:   9 bond rmsd: 0.001456
  step:  10 bond rmsd: 0.001460
  step:  11 bond rmsd: 0.001460
  step:  12 bond rmsd: 0.001462
  step:  13 bond rmsd: 0.001458
  step:  14 bond rmsd: 0.001454
  step:  15 bond rmsd: 0.001450
  step:  16 bond rmsd: 0.001446
  step:  17 bond rmsd: 0.001443
  step:  18 bond rmsd: 0.001440
  step:  19 bond rmsd: 0.001430
  step:  20 bond rmsd: 0.001432
  step:  21 bond rmsd: 0.001436
  step:  22 bond rmsd: 0.001443
  step:  23 bond rmsd: 0.001450
  step:  24 bond rmsd: 0.001454
  step:  25 bond rmsd: 0.001460
  step:  26 bond rmsd: 0.001468
  step:  27 bond rmsd: 0.001465
  step:  28 bond rmsd: 0.001458
  step:  29 bond rmsd: 0.001459
  step:  30 bond rmsd: 0.001464
  step:  31 bond rmsd: 0.001477
  step:  32 bond rmsd: 0.001494
  step:  33 bond rmsd: 0.001498
  step:  34 bond rmsd: 0.001492
  step:  35 bond rmsd: 0.001486
  step:  36 bond rmsd: 0.001475
  step:  37 bond rmsd: 0.001466
  step:  38 bond rmsd: 0.001462
  step:  39 bond rmsd: 0.001470
  step:  40 bond rmsd: 0.001480
  step:  41 bond rmsd: 0.001488
  step:  42 bond rmsd: 0.001487
  step:  43 bond rmsd: 0.001480
  step:  44 bond rmsd: 0.001464
  step:  45 bond rmsd: 0.001454
  step:  46 bond rmsd: 0.001426
  step:  47 bond rmsd: 0.001433
  step:  48 bond rmsd: 0.001438
  step:  49 bond rmsd: 0.001444
  step:  50 bond rmsd: 0.001453
  step:  51 bond rmsd: 0.001465
  step:  52 bond rmsd: 0.001458
  step:  53 bond rmsd: 0.001458
  step:  54 bond rmsd: 0.001455
  step:  55 bond rmsd: 0.001447
  step:  56 bond rmsd: 0.001432
  step:  57 bond rmsd: 0.001439
  step:  58 bond rmsd: 0.001434
  step:  59 bond rmsd: 0.001434
  step:  60 bond rmsd: 0.001441
  step:  61 bond rmsd: 0.001450
  step:  62 bond rmsd: 0.001454
  step:  63 bond rmsd: 0.001466
  step:  64 bond rmsd: 0.001462
  step:  65 bond rmsd: 0.001459
  step:  66 bond rmsd: 0.001457
  step:  67 bond rmsd: 0.001464
  step:  68 bond rmsd: 0.001465
  step:  69 bond rmsd: 0.001471
  step:  70 bond rmsd: 0.001475
  step:  71 bond rmsd: 0.001478
  step:  72 bond rmsd: 0.001477
  step:  73 bond rmsd: 0.001461
  step:  74 bond rmsd: 0.001462
  step:  75 bond rmsd: 0.001460
  step:  76 bond rmsd: 0.001459
  step:  77 bond rmsd: 0.001453
  step:  78 bond rmsd: 0.001455
  step:  79 bond rmsd: 0.001456
  step:  80 bond rmsd: 0.001456
  step:  81 bond rmsd: 0.001458
  step:  82 bond rmsd: 0.001452
  step:  83 bond rmsd: 0.001444
  step:  84 bond rmsd: 0.001431
  step:  85 bond rmsd: 0.001416
  step:  86 bond rmsd: 0.001413
  step:  87 bond rmsd: 0.001422
  step:  88 bond rmsd: 0.001425
  step:  89 bond rmsd: 0.001443
  step:  90 bond rmsd: 0.001443
  step:  91 bond rmsd: 0.001440
  step:  92 bond rmsd: 0.001438
  step:  93 bond rmsd: 0.001436
  step:  94 bond rmsd: 0.001430
  step:  95 bond rmsd: 0.001434
  step:  96 bond rmsd: 0.001441
  step:  97 bond rmsd: 0.001444
  step:  98 bond rmsd: 0.001440
  step:  99 bond rmsd: 0.001456
  step: 100 bond rmsd: 0.001462
  step: 101 bond rmsd: 0.001470
  step: 102 bond rmsd: 0.001464
  step: 103 bond rmsd: 0.001458
  step: 104 bond rmsd: 0.001449
  step: 105 bond rmsd: 0.001454
  step: 106 bond rmsd: 0.001453
  step: 107 bond rmsd: 0.001458
  step: 108 bond rmsd: 0.001461
  step: 109 bond rmsd: 0.001470
  step: 110 bond rmsd: 0.001459
  step: 111 bond rmsd: 0.001448
  step: 112 bond rmsd: 0.001430
  step: 113 bond rmsd: 0.001435
  step: 114 bond rmsd: 0.001432
  step: 115 bond rmsd: 0.001439
  step: 116 bond rmsd: 0.001447
  step: 117 bond rmsd: 0.001473
  step: 118 bond rmsd: 0.001469
  step: 119 bond rmsd: 0.001464
  step: 120 bond rmsd: 0.001454
  step: 121 bond rmsd: 0.001450
  step: 122 bond rmsd: 0.001441
  step: 123 bond rmsd: 0.001438
  step: 124 bond rmsd: 0.001440
  step: 125 bond rmsd: 0.001468
  step: 126 bond rmsd: 0.001469
  step: 127 bond rmsd: 0.001477
  step: 128 bond rmsd: 0.001488
  step: 129 bond rmsd: 0.001499
  step: 130 bond rmsd: 0.001504
  step: 131 bond rmsd: 0.001503
  step: 132 bond rmsd: 0.001497
  step: 133 bond rmsd: 0.001493
  step: 134 bond rmsd: 0.001497
  step: 135 bond rmsd: 0.001497
  step: 136 bond rmsd: 0.001503
  step: 137 bond rmsd: 0.001513
  step: 138 bond rmsd: 0.001521
  step: 139 bond rmsd: 0.001548
  step: 140 bond rmsd: 0.001528
  step: 141 bond rmsd: 0.001516
  step: 142 bond rmsd: 0.001497
  step: 143 bond rmsd: 0.001495
  step: 144 bond rmsd: 0.001492
  step: 145 bond rmsd: 0.001498
  step: 146 bond rmsd: 0.001503
  step: 147 bond rmsd: 0.001513
  step: 148 bond rmsd: 0.001508
  step: 149 bond rmsd: 0.001508
  step: 150 bond rmsd: 0.001509
  step: 151 bond rmsd: 0.001508
  step: 152 bond rmsd: 0.001510
  step: 153 bond rmsd: 0.001514
  step: 154 bond rmsd: 0.001518
  step: 155 bond rmsd: 0.001529
  step: 156 bond rmsd: 0.001541
  step: 157 bond rmsd: 0.001553
  step: 158 bond rmsd: 0.001563
  step: 159 bond rmsd: 0.001565
  step: 160 bond rmsd: 0.001560
  step: 161 bond rmsd: 0.001556
  step: 162 bond rmsd: 0.001555
  step: 163 bond rmsd: 0.001560
  step: 164 bond rmsd: 0.001569
  step: 165 bond rmsd: 0.001574
  step: 166 bond rmsd: 0.001579
  step: 167 bond rmsd: 0.001575
  step: 168 bond rmsd: 0.001571
  step: 169 bond rmsd: 0.001562
  step: 170 bond rmsd: 0.001570
  step: 171 bond rmsd: 0.001573
  step: 172 bond rmsd: 0.001589
  step: 173 bond rmsd: 0.001591
  step: 174 bond rmsd: 0.001589
  step: 175 bond rmsd: 0.001583
  step: 176 bond rmsd: 0.001576
  step: 177 bond rmsd: 0.001546
  step: 178 bond rmsd: 0.001552
  step: 179 bond rmsd: 0.001554
  step: 180 bond rmsd: 0.001559
  step: 181 bond rmsd: 0.001542
  step: 182 bond rmsd: 0.001547
  step: 183 bond rmsd: 0.001543
  step: 184 bond rmsd: 0.001533
  step: 185 bond rmsd: 0.001513
  step: 186 bond rmsd: 0.001489
  step: 187 bond rmsd: 0.001480
  step: 188 bond rmsd: 0.001473
  step: 189 bond rmsd: 0.001468
  step: 190 bond rmsd: 0.001463
  step: 191 bond rmsd: 0.001463
  step: 192 bond rmsd: 0.001460
  step: 193 bond rmsd: 0.001458
  step: 194 bond rmsd: 0.001453
  step: 195 bond rmsd: 0.001448
  step: 196 bond rmsd: 0.001444
  step: 197 bond rmsd: 0.001448
  step: 198 bond rmsd: 0.001455
  step: 199 bond rmsd: 0.001459
  step: 200 bond rmsd: 0.001461
  step: 201 bond rmsd: 0.001462
  step: 202 bond rmsd: 0.001458
  step: 203 bond rmsd: 0.001458
  step: 204 bond rmsd: 0.001460
  step: 205 bond rmsd: 0.001467
  step: 206 bond rmsd: 0.001485
  step: 207 bond rmsd: 0.001496
  step: 208 bond rmsd: 0.001499
  step: 209 bond rmsd: 0.001504
  step: 210 bond rmsd: 0.001502
  step: 211 bond rmsd: 0.001502
  step: 212 bond rmsd: 0.001501
  step: 213 bond rmsd: 0.001502
  step: 214 bond rmsd: 0.001505
  step: 215 bond rmsd: 0.001505
  step: 216 bond rmsd: 0.001505
  step: 217 bond rmsd: 0.001505
  step: 218 bond rmsd: 0.001497
  step: 219 bond rmsd: 0.001498
  step: 220 bond rmsd: 0.001495
  step: 221 bond rmsd: 0.001492
  step: 222 bond rmsd: 0.001483
  step: 223 bond rmsd: 0.001483
  step: 224 bond rmsd: 0.001483
  step: 225 bond rmsd: 0.001483
  step: 226 bond rmsd: 0.001477
  step: 227 bond rmsd: 0.001480
  step: 228 bond rmsd: 0.001481
  step: 229 bond rmsd: 0.001482
  step: 230 bond rmsd: 0.001486
  step: 231 bond rmsd: 0.001500
  step: 232 bond rmsd: 0.001500
  step: 233 bond rmsd: 0.001500
  step: 234 bond rmsd: 0.001503
  step: 235 bond rmsd: 0.001507
  step: 236 bond rmsd: 0.001514
  step: 237 bond rmsd: 0.001509
  step: 238 bond rmsd: 0.001517
  step: 239 bond rmsd: 0.001521
  step: 240 bond rmsd: 0.001531
  step: 241 bond rmsd: 0.001532
  step: 242 bond rmsd: 0.001533
  step: 243 bond rmsd: 0.001536
  step: 244 bond rmsd: 0.001538
  step: 245 bond rmsd: 0.001538
  step: 246 bond rmsd: 0.001537
  step: 247 bond rmsd: 0.001538
  step: 248 bond rmsd: 0.001536
  step: 249 bond rmsd: 0.001534
  step: 250 bond rmsd: 0.001531
  step: 251 bond rmsd: 0.001525
  step: 252 bond rmsd: 0.001518
  step: 253 bond rmsd: 0.001509
  step: 254 bond rmsd: 0.001507
  step: 255 bond rmsd: 0.001502
  step: 256 bond rmsd: 0.001501
  step: 257 bond rmsd: 0.001495
  step: 258 bond rmsd: 0.001493
  step: 259 bond rmsd: 0.001492
  step: 260 bond rmsd: 0.001488
  step: 261 bond rmsd: 0.001489
  step: 262 bond rmsd: 0.001486
  step: 263 bond rmsd: 0.001485
  step: 264 bond rmsd: 0.001484
  step: 265 bond rmsd: 0.001488
  step: 266 bond rmsd: 0.001490
  step: 267 bond rmsd: 0.001494
  step: 268 bond rmsd: 0.001496
  step: 269 bond rmsd: 0.001497
  step: 270 bond rmsd: 0.001499
  step: 271 bond rmsd: 0.001497
  step: 272 bond rmsd: 0.001497
  step: 273 bond rmsd: 0.001498
  step: 274 bond rmsd: 0.001499
  step: 275 bond rmsd: 0.001508
  step: 276 bond rmsd: 0.001508
  step: 277 bond rmsd: 0.001505
  step: 278 bond rmsd: 0.001499
  step: 279 bond rmsd: 0.001496
  step: 280 bond rmsd: 0.001490
  step: 281 bond rmsd: 0.001486
  step: 282 bond rmsd: 0.001479
  step: 283 bond rmsd: 0.001481
  step: 284 bond rmsd: 0.001478
  step: 285 bond rmsd: 0.001478
  step: 286 bond rmsd: 0.001478
  step: 287 bond rmsd: 0.001475
  step: 288 bond rmsd: 0.001470
  step: 289 bond rmsd: 0.001467
  step: 290 bond rmsd: 0.001465
  step: 291 bond rmsd: 0.001465
  step: 292 bond rmsd: 0.001469
  step: 293 bond rmsd: 0.001475
  step: 294 bond rmsd: 0.001483
  step: 295 bond rmsd: 0.001489
  step: 296 bond rmsd: 0.001491
  step: 297 bond rmsd: 0.001491
  step: 298 bond rmsd: 0.001491
  step: 299 bond rmsd: 0.001491
  step: 300 bond rmsd: 0.001497
  step: 301 bond rmsd: 0.001500
  step: 302 bond rmsd: 0.001506
  step: 303 bond rmsd: 0.001510
  step: 304 bond rmsd: 0.001510
  step: 305 bond rmsd: 0.001510
  step: 306 bond rmsd: 0.001510
  step: 307 bond rmsd: 0.001522
  step: 308 bond rmsd: 0.001513
  step: 309 bond rmsd: 0.001512
micro_cycle   2 rmsd(b):  0.0015 rws:  1.000 n_fev: 612
  step:   1 bond rmsd: 0.001512
  step:   2 bond rmsd: 0.075532
  step:   3 bond rmsd: 0.001505
  step:   4 bond rmsd: 0.001510
  step:   5 bond rmsd: 0.001510
  step:   6 bond rmsd: 0.001509
  step:   7 bond rmsd: 0.001504
  step:   8 bond rmsd: 0.001504
  step:   9 bond rmsd: 0.001504
  step:  10 bond rmsd: 0.001499
  step:  11 bond rmsd: 0.001497
  step:  12 bond rmsd: 0.001495
  step:  13 bond rmsd: 0.001493
  step:  14 bond rmsd: 0.001494
  step:  15 bond rmsd: 0.001494
  step:  16 bond rmsd: 0.001495
  step:  17 bond rmsd: 0.001495
  step:  18 bond rmsd: 0.001494
  step:  19 bond rmsd: 0.001495
  step:  20 bond rmsd: 0.001493
  step:  21 bond rmsd: 0.001495
  step:  22 bond rmsd: 0.001497
  step:  23 bond rmsd: 0.001502
  step:  24 bond rmsd: 0.001507
  step:  25 bond rmsd: 0.001505
  step:  26 bond rmsd: 0.001505
  step:  27 bond rmsd: 0.001507
  step:  28 bond rmsd: 0.001506
  step:  29 bond rmsd: 0.001507
  step:  30 bond rmsd: 0.001507
  step:  31 bond rmsd: 0.001508
  step:  32 bond rmsd: 0.001507
  step:  33 bond rmsd: 0.001511
  step:  34 bond rmsd: 0.001510
  step:  35 bond rmsd: 0.001509
  step:  36 bond rmsd: 0.001507
  step:  37 bond rmsd: 0.001506
  step:  38 bond rmsd: 0.001505
  step:  39 bond rmsd: 0.001503
  step:  40 bond rmsd: 0.001502
  step:  41 bond rmsd: 0.001504
  step:  42 bond rmsd: 0.001502
  step:  43 bond rmsd: 0.001503
  step:  44 bond rmsd: 0.001504
  step:  45 bond rmsd: 0.001510
  step:  46 bond rmsd: 0.001508
  step:  47 bond rmsd: 0.001506
  step:  48 bond rmsd: 0.001505
  step:  49 bond rmsd: 0.001509
  step:  50 bond rmsd: 0.001509
  step:  51 bond rmsd: 0.001510
  step:  52 bond rmsd: 0.001512
  step:  53 bond rmsd: 0.001519
  step:  54 bond rmsd: 0.001517
  step:  55 bond rmsd: 0.001516
  step:  56 bond rmsd: 0.001515
  step:  57 bond rmsd: 0.001515
  step:  58 bond rmsd: 0.001514
  step:  59 bond rmsd: 0.001515
  step:  60 bond rmsd: 0.001516
  step:  61 bond rmsd: 0.001521
  step:  62 bond rmsd: 0.001520
  step:  63 bond rmsd: 0.001520
  step:  64 bond rmsd: 0.001520
  step:  65 bond rmsd: 0.001517
  step:  66 bond rmsd: 0.001510
  step:  67 bond rmsd: 0.001510
  step:  68 bond rmsd: 0.001509
  step:  69 bond rmsd: 0.001509
  step:  70 bond rmsd: 0.001506
  step:  71 bond rmsd: 0.001509
  step:  72 bond rmsd: 0.001508
  step:  73 bond rmsd: 0.001506
  step:  74 bond rmsd: 0.001504
  step:  75 bond rmsd: 0.001503
  step:  76 bond rmsd: 0.001500
  step:  77 bond rmsd: 0.001498
  step:  78 bond rmsd: 0.001494
  step:  79 bond rmsd: 0.001488
  step:  80 bond rmsd: 0.001491
  step:  81 bond rmsd: 0.001487
  step:  82 bond rmsd: 0.001486
  step:  83 bond rmsd: 0.001483
  step:  84 bond rmsd: 0.001484
  step:  85 bond rmsd: 0.001484
  step:  86 bond rmsd: 0.001483
  step:  87 bond rmsd: 0.001476
  step:  88 bond rmsd: 0.001480
  step:  89 bond rmsd: 0.001478
  step:  90 bond rmsd: 0.001476
  step:  91 bond rmsd: 0.001476
  step:  92 bond rmsd: 0.001474
  step:  93 bond rmsd: 0.001475
  step:  94 bond rmsd: 0.001476
  step:  95 bond rmsd: 0.001476
  step:  96 bond rmsd: 0.001478
  step:  97 bond rmsd: 0.001477
  step:  98 bond rmsd: 0.001478
  step:  99 bond rmsd: 0.001479
  step: 100 bond rmsd: 0.001480
  step: 101 bond rmsd: 0.001484
  step: 102 bond rmsd: 0.001485
  step: 103 bond rmsd: 0.001491
  step: 104 bond rmsd: 0.001488
  step: 105 bond rmsd: 0.001486
  step: 106 bond rmsd: 0.001483
  step: 107 bond rmsd: 0.001483
  step: 108 bond rmsd: 0.001482
  step: 109 bond rmsd: 0.001482
  step: 110 bond rmsd: 0.001482
  step: 111 bond rmsd: 0.001482
  step: 112 bond rmsd: 0.001473
  step: 113 bond rmsd: 0.001477
  step: 114 bond rmsd: 0.001478
  step: 115 bond rmsd: 0.001478
  step: 116 bond rmsd: 0.001478
  step: 117 bond rmsd: 0.001477
  step: 118 bond rmsd: 0.001477
  step: 119 bond rmsd: 0.001478
  step: 120 bond rmsd: 0.001479
  step: 121 bond rmsd: 0.001474
  step: 122 bond rmsd: 0.001476
  step: 123 bond rmsd: 0.001478
  step: 124 bond rmsd: 0.001480
  step: 125 bond rmsd: 0.001483
  step: 126 bond rmsd: 0.001484
  step: 127 bond rmsd: 0.001486
  step: 128 bond rmsd: 0.001489
  step: 129 bond rmsd: 0.001494
  step: 130 bond rmsd: 0.001499
  step: 131 bond rmsd: 0.001504
  step: 132 bond rmsd: 0.001508
  step: 133 bond rmsd: 0.001511
  step: 134 bond rmsd: 0.001518
  step: 135 bond rmsd: 0.001514
  step: 136 bond rmsd: 0.001521
  step: 137 bond rmsd: 0.001527
  step: 138 bond rmsd: 0.001533
  step: 139 bond rmsd: 0.001541
  step: 140 bond rmsd: 0.001541
  step: 141 bond rmsd: 0.001552
  step: 142 bond rmsd: 0.001546
  step: 143 bond rmsd: 0.001545
  step: 144 bond rmsd: 0.001546
  step: 145 bond rmsd: 0.001552
  step: 146 bond rmsd: 0.001551
  step: 147 bond rmsd: 0.001551
  step: 148 bond rmsd: 0.001551
  step: 149 bond rmsd: 0.001552
  step: 150 bond rmsd: 0.001543
  step: 151 bond rmsd: 0.001547
  step: 152 bond rmsd: 0.001549
  step: 153 bond rmsd: 0.001547
  step: 154 bond rmsd: 0.001544
  step: 155 bond rmsd: 0.001535
  step: 156 bond rmsd: 0.001535
  step: 157 bond rmsd: 0.001534
  step: 158 bond rmsd: 0.001531
  step: 159 bond rmsd: 0.001521
  step: 160 bond rmsd: 0.001518
  step: 161 bond rmsd: 0.001514
  step: 162 bond rmsd: 0.001513
  step: 163 bond rmsd: 0.001512
  step: 164 bond rmsd: 0.001511
  step: 165 bond rmsd: 0.001509
  step: 166 bond rmsd: 0.001513
  step: 167 bond rmsd: 0.001510
  step: 168 bond rmsd: 0.001508
  step: 169 bond rmsd: 0.001507
  step: 170 bond rmsd: 0.001508
  step: 171 bond rmsd: 0.001504
  step: 172 bond rmsd: 0.001507
  step: 173 bond rmsd: 0.001508
  step: 174 bond rmsd: 0.001505
  step: 175 bond rmsd: 0.001506
  step: 176 bond rmsd: 0.001503
  step: 177 bond rmsd: 0.001502
  step: 178 bond rmsd: 0.001502
  step: 179 bond rmsd: 0.001500
  step: 180 bond rmsd: 0.001505
  step: 181 bond rmsd: 0.001507
  step: 182 bond rmsd: 0.001507
  step: 183 bond rmsd: 0.001509
  step: 184 bond rmsd: 0.001506
  step: 185 bond rmsd: 0.001502
  step: 186 bond rmsd: 0.001500
  step: 187 bond rmsd: 0.001497
  step: 188 bond rmsd: 0.001502
  step: 189 bond rmsd: 0.001500
  step: 190 bond rmsd: 0.001500
  step: 191 bond rmsd: 0.001499
  step: 192 bond rmsd: 0.001498
  step: 193 bond rmsd: 0.001490
  step: 194 bond rmsd: 0.001487
  step: 195 bond rmsd: 0.001484
  step: 196 bond rmsd: 0.001480
  step: 197 bond rmsd: 0.001480
  step: 198 bond rmsd: 0.001479
  step: 199 bond rmsd: 0.001477
  step: 200 bond rmsd: 0.001480
  step: 201 bond rmsd: 0.001474
  step: 202 bond rmsd: 0.001472
  step: 203 bond rmsd: 0.001472
  step: 204 bond rmsd: 0.001473
  step: 205 bond rmsd: 0.001475
  step: 206 bond rmsd: 0.001481
  step: 207 bond rmsd: 0.001482
  step: 208 bond rmsd: 0.001485
  step: 209 bond rmsd: 0.001490
  step: 210 bond rmsd: 0.001494
  step: 211 bond rmsd: 0.001497
  step: 212 bond rmsd: 0.001497
  step: 213 bond rmsd: 0.001502
  step: 214 bond rmsd: 0.001509
  step: 215 bond rmsd: 0.001512
  step: 216 bond rmsd: 0.001516
  step: 217 bond rmsd: 0.001520
  step: 218 bond rmsd: 0.001521
  step: 219 bond rmsd: 0.001528
  step: 220 bond rmsd: 0.001524
  step: 221 bond rmsd: 0.001518
  step: 222 bond rmsd: 0.001513
  step: 223 bond rmsd: 0.001504
  step: 224 bond rmsd: 0.001500
  step: 225 bond rmsd: 0.001502
  step: 226 bond rmsd: 0.001500
  step: 227 bond rmsd: 0.001499
  step: 228 bond rmsd: 0.001496
  step: 229 bond rmsd: 0.001495
  step: 230 bond rmsd: 0.001490
  step: 231 bond rmsd: 0.001476
  step: 232 bond rmsd: 0.001484
  step: 233 bond rmsd: 0.001483
  step: 234 bond rmsd: 0.001483
  step: 235 bond rmsd: 0.001486
  step: 236 bond rmsd: 0.001488
  step: 237 bond rmsd: 0.001490
  step: 238 bond rmsd: 0.001496
  step: 239 bond rmsd: 0.001496
  step: 240 bond rmsd: 0.001495
  step: 241 bond rmsd: 0.001499
  step: 242 bond rmsd: 0.001504
  step: 243 bond rmsd: 0.001509
  step: 244 bond rmsd: 0.001508
  step: 245 bond rmsd: 0.001507
  step: 246 bond rmsd: 0.001506
  step: 247 bond rmsd: 0.001507
  step: 248 bond rmsd: 0.001507
  step: 249 bond rmsd: 0.001508
  step: 250 bond rmsd: 0.001509
  step: 251 bond rmsd: 0.001509
  step: 252 bond rmsd: 0.001509
  step: 253 bond rmsd: 0.001508
  step: 254 bond rmsd: 0.001507
  step: 255 bond rmsd: 0.001505
  step: 256 bond rmsd: 0.001507
  step: 257 bond rmsd: 0.001503
  step: 258 bond rmsd: 0.001502
  step: 259 bond rmsd: 0.001500
  step: 260 bond rmsd: 0.001499
  step: 261 bond rmsd: 0.001496
  step: 262 bond rmsd: 0.001495
  step: 263 bond rmsd: 0.001493
  step: 264 bond rmsd: 0.001485
  step: 265 bond rmsd: 0.001488
  step: 266 bond rmsd: 0.001489
  step: 267 bond rmsd: 0.001489
  step: 268 bond rmsd: 0.001488
  step: 269 bond rmsd: 0.001485
  step: 270 bond rmsd: 0.001485
  step: 271 bond rmsd: 0.001484
  step: 272 bond rmsd: 0.001485
  step: 273 bond rmsd: 0.001485
  step: 274 bond rmsd: 0.001488
  step: 275 bond rmsd: 0.001493
  step: 276 bond rmsd: 0.001495
  step: 277 bond rmsd: 0.001507
  step: 278 bond rmsd: 0.001506
  step: 279 bond rmsd: 0.001506
  step: 280 bond rmsd: 0.001507
  step: 281 bond rmsd: 0.001510
  step: 282 bond rmsd: 0.001512
  step: 283 bond rmsd: 0.001514
  step: 284 bond rmsd: 0.001516
  step: 285 bond rmsd: 0.001518
  step: 286 bond rmsd: 0.001518
  step: 287 bond rmsd: 0.001519
  step: 288 bond rmsd: 0.001516
  step: 289 bond rmsd: 0.001516
  step: 290 bond rmsd: 0.001517
  step: 291 bond rmsd: 0.001518
  step: 292 bond rmsd: 0.001516
  step: 293 bond rmsd: 0.001517
  step: 294 bond rmsd: 0.001517
  step: 295 bond rmsd: 0.001517
  step: 296 bond rmsd: 0.001511
  step: 297 bond rmsd: 0.001514
  step: 298 bond rmsd: 0.001514
  step: 299 bond rmsd: 0.001512
  step: 300 bond rmsd: 0.001514
  step: 301 bond rmsd: 0.001512
  step: 302 bond rmsd: 0.001514
  step: 303 bond rmsd: 0.001520
  step: 304 bond rmsd: 0.001525
  step: 305 bond rmsd: 0.001524
  step: 306 bond rmsd: 0.001524
  step: 307 bond rmsd: 0.001523
  step: 308 bond rmsd: 0.001525
  step: 309 bond rmsd: 0.001521
  step: 310 bond rmsd: 0.001521
  step: 311 bond rmsd: 0.001523
  step: 312 bond rmsd: 0.001526
  step: 313 bond rmsd: 0.001527
  step: 314 bond rmsd: 0.001529
  step: 315 bond rmsd: 0.001526
  step: 316 bond rmsd: 0.001525
micro_cycle   3 rmsd(b):  0.0015 rws:  1.000 n_fev: 928
See 5_refined.pdb in pdb folder.
Time: 10.4031
