Starting Q|R
version:   v1.0-114-g3318f9  
Running refinement
   input {
     xray_data {
       file_name = None
       labels = None
       high_resolution = None
       low_resolution = None
       outliers_rejection = True
       french_wilson_scale = True
       french_wilson {
         max_bins = 60
         min_bin_size = 40
       }
       sigma_fobs_rejection_criterion = None
       sigma_iobs_rejection_criterion = None
       ignore_all_zeros = True
       force_anomalous_flag_to_be_equal_to = None
       convert_to_non_anomalous_if_ratio_pairs_lone_less_than_threshold = 0.5
       r_free_flags {
         file_name = None
         label = None
         test_flag_value = None
         ignore_r_free_flags = False
         disable_suitability_test = False
         ignore_pdb_hexdigest = False
         generate = False
         fraction = 0.1
         max_free = 2000
         lattice_symmetry_max_delta = 5
         use_lattice_symmetry = True
         use_dataman_shells = False
         n_shells = 20
       }
     }
     pdb {
       file_name = None
     }
     monomers {
       file_name = None
     }
     maps {
       map_file_name = None
       d_min = None
       map_coefficients_file_name = None
       map_coefficients_label = None
     }
     sequence = None
     scattering_table = wk1995 it1992 *n_gaussian neutron electron
     wavelength = None
     energy = None
     twin_law = Auto
   }
   max_atoms = 15000
   debug = False
   cluster {
     charge_cutoff = 8.0
     clustering = false
     charge_embedding = False
     two_buffers = False
     maxnum_residues_in_cluster = 15
     clustering_method = gnc *bcc
     altloc_method = *average subtract
     g_scan = 10 15 20
     g_mode = None
   }
   restraints = *cctbx qm
   quantum {
     engine_name = *mopac ani torchani terachem turbomole pyscf orca gaussian \
                   xtb
     charge = None
     basis = Auto
     method = Auto
     memory = None
     nproc = None
     qm_addon = gcp dftd3 gcp-d3
     qm_addon_method = None
   }
   refine {
     dry_run = False
     sf_algorithm = *direct fft
     refinement_target_name = *ml ls_wunit_k1
     mode = *opt refine gtest
     number_of_macro_cycles = 1
     number_of_weight_search_cycles = 50
     number_of_refine_cycles = 5
     number_of_micro_cycles = 3
     data_weight = None
     choose_best_use_r_work = False
     skip_weight_search = False
     adjust_restraints_weight_scale_value = 2
     max_iterations_weight = 50
     max_iterations_refine = 300
     use_ase_lbfgs = False
     line_search = True
     stpmax = 3
     gradient_only = true
     update_all_scales = True
     refine_sites = True
     refine_adp = False
     restraints_weight_scale = 1.0
     shake_sites = False
     use_convergence_test = true
     max_bond_rmsd = 0.03
     max_r_work_r_free_gap = 5.0
     r_tolerance = 0.001
     rmsd_tolerance = 0.001
     opt_log = False
     pre_opt = False
     pre_opt_stpmax = 0.1
     pre_opt_iter = 10
     pre_opt_switch = 2
     pre_opt_gconv = 3000
   }
   parallel {
     method = *multiprocessing slurm pbs sge lsf threading
     nproc = None
     qsub_command = None
   }
   output_file_name_prefix = None
   output_folder_name = "pdb"
   shared_disk = True
   rst_file = None
   dump_gradients = None

Setting QM defaults
  Setting QM method to PM7


***********************************************************
restart info will be stored in /home/lum/cctbx_opt_final/1.5/cctbx_opt/pdb/6.rst.pickle
***********************************************************

start   0 rmsd(b):  0.0187 rws:  1.000 n_fev: 0
  step:   1 bond rmsd: 0.018721
  step:   2 bond rmsd: 0.084569
  step:   3 bond rmsd: 1.002225
  step:   4 bond rmsd: 0.018833
  step:   5 bond rmsd: 0.014178
  step:   6 bond rmsd: 0.010491
  step:   7 bond rmsd: 0.010030
  step:   8 bond rmsd: 0.007972
  step:   9 bond rmsd: 0.008292
  step:  10 bond rmsd: 0.006050
  step:  11 bond rmsd: 0.005626
  step:  12 bond rmsd: 0.005296
  step:  13 bond rmsd: 0.004671
  step:  14 bond rmsd: 0.005121
  step:  15 bond rmsd: 0.004319
  step:  16 bond rmsd: 0.003968
  step:  17 bond rmsd: 0.003705
  step:  18 bond rmsd: 0.003467
  step:  19 bond rmsd: 0.003294
  step:  20 bond rmsd: 0.003074
  step:  21 bond rmsd: 0.003079
  step:  22 bond rmsd: 0.003159
  step:  23 bond rmsd: 0.003262
  step:  24 bond rmsd: 0.003275
  step:  25 bond rmsd: 0.003117
  step:  26 bond rmsd: 0.002971
  step:  27 bond rmsd: 0.002893
  step:  28 bond rmsd: 0.002891
  step:  29 bond rmsd: 0.002795
  step:  30 bond rmsd: 0.002783
  step:  31 bond rmsd: 0.002817
  step:  32 bond rmsd: 0.003187
  step:  33 bond rmsd: 0.002866
  step:  34 bond rmsd: 0.002849
  step:  35 bond rmsd: 0.002836
  step:  36 bond rmsd: 0.002803
  step:  37 bond rmsd: 0.002764
  step:  38 bond rmsd: 0.002650
  step:  39 bond rmsd: 0.002517
  step:  40 bond rmsd: 0.002455
  step:  41 bond rmsd: 0.002413
  step:  42 bond rmsd: 0.002341
  step:  43 bond rmsd: 0.002304
  step:  44 bond rmsd: 0.002240
  step:  45 bond rmsd: 0.002112
  step:  46 bond rmsd: 0.002107
  step:  47 bond rmsd: 0.002119
  step:  48 bond rmsd: 0.002188
  step:  49 bond rmsd: 0.002134
  step:  50 bond rmsd: 0.002071
  step:  51 bond rmsd: 0.002009
  step:  52 bond rmsd: 0.001903
  step:  53 bond rmsd: 0.001834
  step:  54 bond rmsd: 0.001825
  step:  55 bond rmsd: 0.001899
  step:  56 bond rmsd: 0.001979
  step:  57 bond rmsd: 0.001963
  step:  58 bond rmsd: 0.001952
  step:  59 bond rmsd: 0.001912
  step:  60 bond rmsd: 0.001813
  step:  61 bond rmsd: 0.001709
  step:  62 bond rmsd: 0.001664
  step:  63 bond rmsd: 0.001623
  step:  64 bond rmsd: 0.001618
  step:  65 bond rmsd: 0.001612
  step:  66 bond rmsd: 0.001662
  step:  67 bond rmsd: 0.001749
  step:  68 bond rmsd: 0.001845
  step:  69 bond rmsd: 0.001749
  step:  70 bond rmsd: 0.001606
  step:  71 bond rmsd: 0.001537
  step:  72 bond rmsd: 0.001662
  step:  73 bond rmsd: 0.001510
  step:  74 bond rmsd: 0.001531
  step:  75 bond rmsd: 0.001600
  step:  76 bond rmsd: 0.001760
  step:  77 bond rmsd: 0.001695
  step:  78 bond rmsd: 0.001625
  step:  79 bond rmsd: 0.001566
  step:  80 bond rmsd: 0.001524
  step:  81 bond rmsd: 0.001485
  step:  82 bond rmsd: 0.001491
  step:  83 bond rmsd: 0.001529
  step:  84 bond rmsd: 0.001646
  step:  85 bond rmsd: 0.001624
  step:  86 bond rmsd: 0.001602
  step:  87 bond rmsd: 0.001608
  step:  88 bond rmsd: 0.001724
  step:  89 bond rmsd: 0.001729
  step:  90 bond rmsd: 0.001747
  step:  91 bond rmsd: 0.001802
  step:  92 bond rmsd: 0.001894
  step:  93 bond rmsd: 0.001871
  step:  94 bond rmsd: 0.001859
  step:  95 bond rmsd: 0.001859
  step:  96 bond rmsd: 0.001848
  step:  97 bond rmsd: 0.001907
  step:  98 bond rmsd: 0.001861
  step:  99 bond rmsd: 0.001844
  step: 100 bond rmsd: 0.001839
  step: 101 bond rmsd: 0.001824
  step: 102 bond rmsd: 0.001861
  step: 103 bond rmsd: 0.001849
  step: 104 bond rmsd: 0.001839
  step: 105 bond rmsd: 0.001828
  step: 106 bond rmsd: 0.001817
  step: 107 bond rmsd: 0.001816
  step: 108 bond rmsd: 0.001803
  step: 109 bond rmsd: 0.001787
  step: 110 bond rmsd: 0.001784
  step: 111 bond rmsd: 0.001751
  step: 112 bond rmsd: 0.001747
  step: 113 bond rmsd: 0.001742
  step: 114 bond rmsd: 0.001732
  step: 115 bond rmsd: 0.001728
  step: 116 bond rmsd: 0.001705
  step: 117 bond rmsd: 0.001694
  step: 118 bond rmsd: 0.001676
  step: 119 bond rmsd: 0.001636
  step: 120 bond rmsd: 0.001595
  step: 121 bond rmsd: 0.001548
  step: 122 bond rmsd: 0.001537
  step: 123 bond rmsd: 0.001522
  step: 124 bond rmsd: 0.001517
  step: 125 bond rmsd: 0.001548
  step: 126 bond rmsd: 0.001523
  step: 127 bond rmsd: 0.001511
  step: 128 bond rmsd: 0.001496
  step: 129 bond rmsd: 0.001510
  step: 130 bond rmsd: 0.001527
  step: 131 bond rmsd: 0.001541
  step: 132 bond rmsd: 0.001561
  step: 133 bond rmsd: 0.001566
  step: 134 bond rmsd: 0.001616
  step: 135 bond rmsd: 0.001649
  step: 136 bond rmsd: 0.001607
  step: 137 bond rmsd: 0.001588
  step: 138 bond rmsd: 0.001595
  step: 139 bond rmsd: 0.001631
  step: 140 bond rmsd: 0.001593
  step: 141 bond rmsd: 0.001581
  step: 142 bond rmsd: 0.001575
  step: 143 bond rmsd: 0.001542
  step: 144 bond rmsd: 0.001538
  step: 145 bond rmsd: 0.001502
  step: 146 bond rmsd: 0.001471
  step: 147 bond rmsd: 0.001453
  step: 148 bond rmsd: 0.001437
  step: 149 bond rmsd: 0.001445
  step: 150 bond rmsd: 0.001465
  step: 151 bond rmsd: 0.001470
  step: 152 bond rmsd: 0.001463
  step: 153 bond rmsd: 0.001466
  step: 154 bond rmsd: 0.001469
  step: 155 bond rmsd: 0.001468
  step: 156 bond rmsd: 0.001484
  step: 157 bond rmsd: 0.001501
  step: 158 bond rmsd: 0.001579
  step: 159 bond rmsd: 0.001588
  step: 160 bond rmsd: 0.001593
  step: 161 bond rmsd: 0.001603
  step: 162 bond rmsd: 0.001643
  step: 163 bond rmsd: 0.001624
  step: 164 bond rmsd: 0.001620
  step: 165 bond rmsd: 0.001620
  step: 166 bond rmsd: 0.001645
  step: 167 bond rmsd: 0.001650
  step: 168 bond rmsd: 0.001658
  step: 169 bond rmsd: 0.001675
  step: 170 bond rmsd: 0.001677
  step: 171 bond rmsd: 0.001682
  step: 172 bond rmsd: 0.001660
  step: 173 bond rmsd: 0.001665
  step: 174 bond rmsd: 0.001611
  step: 175 bond rmsd: 0.001579
  step: 176 bond rmsd: 0.001538
  step: 177 bond rmsd: 0.001514
  step: 178 bond rmsd: 0.001485
  step: 179 bond rmsd: 0.001494
  step: 180 bond rmsd: 0.001493
  step: 181 bond rmsd: 0.001495
  step: 182 bond rmsd: 0.001472
  step: 183 bond rmsd: 0.001433
  step: 184 bond rmsd: 0.001412
  step: 185 bond rmsd: 0.001388
  step: 186 bond rmsd: 0.001385
  step: 187 bond rmsd: 0.001376
  step: 188 bond rmsd: 0.001388
  step: 189 bond rmsd: 0.001411
  step: 190 bond rmsd: 0.001429
  step: 191 bond rmsd: 0.001429
  step: 192 bond rmsd: 0.001433
  step: 193 bond rmsd: 0.001429
  step: 194 bond rmsd: 0.001429
  step: 195 bond rmsd: 0.001442
  step: 196 bond rmsd: 0.001504
  step: 197 bond rmsd: 0.001458
  step: 198 bond rmsd: 0.001477
  step: 199 bond rmsd: 0.001496
  step: 200 bond rmsd: 0.001519
  step: 201 bond rmsd: 0.001507
  step: 202 bond rmsd: 0.001477
  step: 203 bond rmsd: 0.001451
  step: 204 bond rmsd: 0.001435
  step: 205 bond rmsd: 0.001431
  step: 206 bond rmsd: 0.001436
  step: 207 bond rmsd: 0.001436
  step: 208 bond rmsd: 0.001440
  step: 209 bond rmsd: 0.001429
  step: 210 bond rmsd: 0.001424
  step: 211 bond rmsd: 0.001410
  step: 212 bond rmsd: 0.001387
  step: 213 bond rmsd: 0.001378
  step: 214 bond rmsd: 0.001378
  step: 215 bond rmsd: 0.001380
  step: 216 bond rmsd: 0.001398
  step: 217 bond rmsd: 0.001393
  step: 218 bond rmsd: 0.001392
  step: 219 bond rmsd: 0.001394
  step: 220 bond rmsd: 0.001398
  step: 221 bond rmsd: 0.001403
  step: 222 bond rmsd: 0.001409
  step: 223 bond rmsd: 0.001409
  step: 224 bond rmsd: 0.001423
  step: 225 bond rmsd: 0.001446
  step: 226 bond rmsd: 0.001472
  step: 227 bond rmsd: 0.001495
  step: 228 bond rmsd: 0.001510
  step: 229 bond rmsd: 0.001527
  step: 230 bond rmsd: 0.001567
  step: 231 bond rmsd: 0.001555
  step: 232 bond rmsd: 0.001548
  step: 233 bond rmsd: 0.001551
  step: 234 bond rmsd: 0.001567
  step: 235 bond rmsd: 0.001569
  step: 236 bond rmsd: 0.001573
  step: 237 bond rmsd: 0.001581
  step: 238 bond rmsd: 0.001598
  step: 239 bond rmsd: 0.001621
  step: 240 bond rmsd: 0.001615
  step: 241 bond rmsd: 0.001606
  step: 242 bond rmsd: 0.001597
  step: 243 bond rmsd: 0.001575
  step: 244 bond rmsd: 0.001580
  step: 245 bond rmsd: 0.001575
  step: 246 bond rmsd: 0.001571
  step: 247 bond rmsd: 0.001578
  step: 248 bond rmsd: 0.001576
  step: 249 bond rmsd: 0.001581
  step: 250 bond rmsd: 0.001588
  step: 251 bond rmsd: 0.001593
  step: 252 bond rmsd: 0.001583
  step: 253 bond rmsd: 0.001575
  step: 254 bond rmsd: 0.001555
  step: 255 bond rmsd: 0.001553
  step: 256 bond rmsd: 0.001548
  step: 257 bond rmsd: 0.001541
  step: 258 bond rmsd: 0.001522
  step: 259 bond rmsd: 0.001517
  step: 260 bond rmsd: 0.001512
  step: 261 bond rmsd: 0.001511
  step: 262 bond rmsd: 0.001508
  step: 263 bond rmsd: 0.001506
  step: 264 bond rmsd: 0.001512
  step: 265 bond rmsd: 0.001524
  step: 266 bond rmsd: 0.001530
  step: 267 bond rmsd: 0.001531
  step: 268 bond rmsd: 0.001512
  step: 269 bond rmsd: 0.001482
  step: 270 bond rmsd: 0.001459
  step: 271 bond rmsd: 0.001437
  step: 272 bond rmsd: 0.001435
  step: 273 bond rmsd: 0.001443
  step: 274 bond rmsd: 0.001449
  step: 275 bond rmsd: 0.001479
  step: 276 bond rmsd: 0.001461
  step: 277 bond rmsd: 0.001452
  step: 278 bond rmsd: 0.001443
  step: 279 bond rmsd: 0.001429
  step: 280 bond rmsd: 0.001410
  step: 281 bond rmsd: 0.001415
  step: 282 bond rmsd: 0.001411
  step: 283 bond rmsd: 0.001416
  step: 284 bond rmsd: 0.001425
  step: 285 bond rmsd: 0.001459
  step: 286 bond rmsd: 0.001453
  step: 287 bond rmsd: 0.001457
  step: 288 bond rmsd: 0.001468
  step: 289 bond rmsd: 0.001476
  step: 290 bond rmsd: 0.001513
  step: 291 bond rmsd: 0.001500
  step: 292 bond rmsd: 0.001492
  step: 293 bond rmsd: 0.001487
  step: 294 bond rmsd: 0.001515
  step: 295 bond rmsd: 0.001507
  step: 296 bond rmsd: 0.001513
  step: 297 bond rmsd: 0.001523
  step: 298 bond rmsd: 0.001526
  step: 299 bond rmsd: 0.001570
  step: 300 bond rmsd: 0.001544
  step: 301 bond rmsd: 0.001539
  step: 302 bond rmsd: 0.001535
  step: 303 bond rmsd: 0.001530
  step: 304 bond rmsd: 0.001559
  step: 305 bond rmsd: 0.001538
  step: 306 bond rmsd: 0.001533
  step: 307 bond rmsd: 0.001528
  step: 308 bond rmsd: 0.001520
  step: 309 bond rmsd: 0.001512
  step: 310 bond rmsd: 0.001506
  step: 311 bond rmsd: 0.001485
  step: 312 bond rmsd: 0.001494
micro_cycle   1 rmsd(b):  0.0015 rws:  1.000 n_fev: 312
  step:   1 bond rmsd: 0.001494
  step:   2 bond rmsd: 0.067208
  step:   3 bond rmsd: 0.001817
  step:   4 bond rmsd: 0.001495
  step:   5 bond rmsd: 0.001494
  step:   6 bond rmsd: 0.001491
  step:   7 bond rmsd: 0.001481
  step:   8 bond rmsd: 0.001482
  step:   9 bond rmsd: 0.001480
  step:  10 bond rmsd: 0.001493
  step:  11 bond rmsd: 0.001488
  step:  12 bond rmsd: 0.001486
  step:  13 bond rmsd: 0.001487
  step:  14 bond rmsd: 0.001490
  step:  15 bond rmsd: 0.001489
  step:  16 bond rmsd: 0.001489
  step:  17 bond rmsd: 0.001487
  step:  18 bond rmsd: 0.001502
  step:  19 bond rmsd: 0.001494
  step:  20 bond rmsd: 0.001492
  step:  21 bond rmsd: 0.001491
  step:  22 bond rmsd: 0.001486
  step:  23 bond rmsd: 0.001486
  step:  24 bond rmsd: 0.001482
  step:  25 bond rmsd: 0.001474
  step:  26 bond rmsd: 0.001450
  step:  27 bond rmsd: 0.001451
  step:  28 bond rmsd: 0.001450
  step:  29 bond rmsd: 0.001448
  step:  30 bond rmsd: 0.001442
  step:  31 bond rmsd: 0.001443
  step:  32 bond rmsd: 0.001443
  step:  33 bond rmsd: 0.001446
  step:  34 bond rmsd: 0.001444
  step:  35 bond rmsd: 0.001447
  step:  36 bond rmsd: 0.001449
  step:  37 bond rmsd: 0.001450
  step:  38 bond rmsd: 0.001476
  step:  39 bond rmsd: 0.001464
  step:  40 bond rmsd: 0.001464
  step:  41 bond rmsd: 0.001473
  step:  42 bond rmsd: 0.001486
  step:  43 bond rmsd: 0.001512
  step:  44 bond rmsd: 0.001497
  step:  45 bond rmsd: 0.001503
  step:  46 bond rmsd: 0.001504
  step:  47 bond rmsd: 0.001506
  step:  48 bond rmsd: 0.001513
  step:  49 bond rmsd: 0.001515
  step:  50 bond rmsd: 0.001525
  step:  51 bond rmsd: 0.001525
  step:  52 bond rmsd: 0.001525
  step:  53 bond rmsd: 0.001526
  step:  54 bond rmsd: 0.001524
  step:  55 bond rmsd: 0.001562
  step:  56 bond rmsd: 0.001540
  step:  57 bond rmsd: 0.001538
  step:  58 bond rmsd: 0.001540
  step:  59 bond rmsd: 0.001544
  step:  60 bond rmsd: 0.001549
  step:  61 bond rmsd: 0.001547
  step:  62 bond rmsd: 0.001548
  step:  63 bond rmsd: 0.001536
  step:  64 bond rmsd: 0.001531
  step:  65 bond rmsd: 0.001525
  step:  66 bond rmsd: 0.001524
  step:  67 bond rmsd: 0.001522
  step:  68 bond rmsd: 0.001523
  step:  69 bond rmsd: 0.001529
  step:  70 bond rmsd: 0.001523
  step:  71 bond rmsd: 0.001525
  step:  72 bond rmsd: 0.001522
  step:  73 bond rmsd: 0.001515
  step:  74 bond rmsd: 0.001505
  step:  75 bond rmsd: 0.001503
  step:  76 bond rmsd: 0.001498
  step:  77 bond rmsd: 0.001509
  step:  78 bond rmsd: 0.001505
  step:  79 bond rmsd: 0.001501
  step:  80 bond rmsd: 0.001491
  step:  81 bond rmsd: 0.001491
  step:  82 bond rmsd: 0.001491
  step:  83 bond rmsd: 0.001493
  step:  84 bond rmsd: 0.001483
  step:  85 bond rmsd: 0.001476
  step:  86 bond rmsd: 0.001468
  step:  87 bond rmsd: 0.001460
  step:  88 bond rmsd: 0.001457
  step:  89 bond rmsd: 0.001457
  step:  90 bond rmsd: 0.001452
  step:  91 bond rmsd: 0.001456
  step:  92 bond rmsd: 0.001442
  step:  93 bond rmsd: 0.001433
  step:  94 bond rmsd: 0.001422
  step:  95 bond rmsd: 0.001420
  step:  96 bond rmsd: 0.001421
  step:  97 bond rmsd: 0.001423
  step:  98 bond rmsd: 0.001424
  step:  99 bond rmsd: 0.001422
  step: 100 bond rmsd: 0.001421
  step: 101 bond rmsd: 0.001425
  step: 102 bond rmsd: 0.001418
  step: 103 bond rmsd: 0.001420
  step: 104 bond rmsd: 0.001424
  step: 105 bond rmsd: 0.001426
  step: 106 bond rmsd: 0.001428
  step: 107 bond rmsd: 0.001432
  step: 108 bond rmsd: 0.001438
  step: 109 bond rmsd: 0.001455
  step: 110 bond rmsd: 0.001469
  step: 111 bond rmsd: 0.001476
  step: 112 bond rmsd: 0.001489
  step: 113 bond rmsd: 0.001516
  step: 114 bond rmsd: 0.001502
  step: 115 bond rmsd: 0.001498
  step: 116 bond rmsd: 0.001499
  step: 117 bond rmsd: 0.001506
  step: 118 bond rmsd: 0.001515
  step: 119 bond rmsd: 0.001524
  step: 120 bond rmsd: 0.001530
  step: 121 bond rmsd: 0.001538
  step: 122 bond rmsd: 0.001531
  step: 123 bond rmsd: 0.001519
  step: 124 bond rmsd: 0.001511
  step: 125 bond rmsd: 0.001499
  step: 126 bond rmsd: 0.001503
  step: 127 bond rmsd: 0.001501
  step: 128 bond rmsd: 0.001502
  step: 129 bond rmsd: 0.001506
  step: 130 bond rmsd: 0.001504
  step: 131 bond rmsd: 0.001502
  step: 132 bond rmsd: 0.001501
  step: 133 bond rmsd: 0.001508
  step: 134 bond rmsd: 0.001507
  step: 135 bond rmsd: 0.001509
  step: 136 bond rmsd: 0.001511
  step: 137 bond rmsd: 0.001514
  step: 138 bond rmsd: 0.001513
  step: 139 bond rmsd: 0.001512
  step: 140 bond rmsd: 0.001514
  step: 141 bond rmsd: 0.001510
  step: 142 bond rmsd: 0.001515
  step: 143 bond rmsd: 0.001515
  step: 144 bond rmsd: 0.001516
  step: 145 bond rmsd: 0.001513
  step: 146 bond rmsd: 0.001518
  step: 147 bond rmsd: 0.001517
  step: 148 bond rmsd: 0.001519
  step: 149 bond rmsd: 0.001517
  step: 150 bond rmsd: 0.001517
  step: 151 bond rmsd: 0.001518
  step: 152 bond rmsd: 0.001516
  step: 153 bond rmsd: 0.001514
  step: 154 bond rmsd: 0.001505
  step: 155 bond rmsd: 0.001504
  step: 156 bond rmsd: 0.001501
  step: 157 bond rmsd: 0.001507
  step: 158 bond rmsd: 0.001504
  step: 159 bond rmsd: 0.001501
  step: 160 bond rmsd: 0.001496
  step: 161 bond rmsd: 0.001505
  step: 162 bond rmsd: 0.001494
  step: 163 bond rmsd: 0.001494
  step: 164 bond rmsd: 0.001496
  step: 165 bond rmsd: 0.001512
  step: 166 bond rmsd: 0.001505
  step: 167 bond rmsd: 0.001504
  step: 168 bond rmsd: 0.001504
  step: 169 bond rmsd: 0.001504
  step: 170 bond rmsd: 0.001495
  step: 171 bond rmsd: 0.001499
  step: 172 bond rmsd: 0.001500
  step: 173 bond rmsd: 0.001503
  step: 174 bond rmsd: 0.001512
  step: 175 bond rmsd: 0.001519
  step: 176 bond rmsd: 0.001522
  step: 177 bond rmsd: 0.001527
  step: 178 bond rmsd: 0.001530
  step: 179 bond rmsd: 0.001534
  step: 180 bond rmsd: 0.001537
  step: 181 bond rmsd: 0.001544
  step: 182 bond rmsd: 0.001543
  step: 183 bond rmsd: 0.001545
  step: 184 bond rmsd: 0.001546
  step: 185 bond rmsd: 0.001549
  step: 186 bond rmsd: 0.001544
  step: 187 bond rmsd: 0.001547
  step: 188 bond rmsd: 0.001548
  step: 189 bond rmsd: 0.001550
  step: 190 bond rmsd: 0.001552
  step: 191 bond rmsd: 0.001570
  step: 192 bond rmsd: 0.001559
  step: 193 bond rmsd: 0.001554
  step: 194 bond rmsd: 0.001553
  step: 195 bond rmsd: 0.001547
  step: 196 bond rmsd: 0.001548
  step: 197 bond rmsd: 0.001549
  step: 198 bond rmsd: 0.001551
  step: 199 bond rmsd: 0.001553
  step: 200 bond rmsd: 0.001553
  step: 201 bond rmsd: 0.001554
  step: 202 bond rmsd: 0.001556
  step: 203 bond rmsd: 0.001548
  step: 204 bond rmsd: 0.001554
  step: 205 bond rmsd: 0.001548
  step: 206 bond rmsd: 0.001540
  step: 207 bond rmsd: 0.001532
  step: 208 bond rmsd: 0.001531
  step: 209 bond rmsd: 0.001533
  step: 210 bond rmsd: 0.001536
  step: 211 bond rmsd: 0.001527
  step: 212 bond rmsd: 0.001533
  step: 213 bond rmsd: 0.001533
  step: 214 bond rmsd: 0.001532
  step: 215 bond rmsd: 0.001529
  step: 216 bond rmsd: 0.001535
  step: 217 bond rmsd: 0.001529
  step: 218 bond rmsd: 0.001526
  step: 219 bond rmsd: 0.001525
  step: 220 bond rmsd: 0.001520
  step: 221 bond rmsd: 0.001522
  step: 222 bond rmsd: 0.001517
  step: 223 bond rmsd: 0.001524
  step: 224 bond rmsd: 0.001506
  step: 225 bond rmsd: 0.001503
  step: 226 bond rmsd: 0.001500
  step: 227 bond rmsd: 0.001500
  step: 228 bond rmsd: 0.001496
  step: 229 bond rmsd: 0.001494
  step: 230 bond rmsd: 0.001493
  step: 231 bond rmsd: 0.001482
  step: 232 bond rmsd: 0.001496
  step: 233 bond rmsd: 0.001479
  step: 234 bond rmsd: 0.001475
  step: 235 bond rmsd: 0.001472
  step: 236 bond rmsd: 0.001473
  step: 237 bond rmsd: 0.001485
  step: 238 bond rmsd: 0.001473
  step: 239 bond rmsd: 0.001480
  step: 240 bond rmsd: 0.001485
  step: 241 bond rmsd: 0.001497
  step: 242 bond rmsd: 0.001498
  step: 243 bond rmsd: 0.001500
  step: 244 bond rmsd: 0.001516
  step: 245 bond rmsd: 0.001530
  step: 246 bond rmsd: 0.001537
  step: 247 bond rmsd: 0.001555
  step: 248 bond rmsd: 0.001575
  step: 249 bond rmsd: 0.001562
  step: 250 bond rmsd: 0.001566
  step: 251 bond rmsd: 0.001575
  step: 252 bond rmsd: 0.001580
  step: 253 bond rmsd: 0.001577
  step: 254 bond rmsd: 0.001574
  step: 255 bond rmsd: 0.001572
  step: 256 bond rmsd: 0.001570
  step: 257 bond rmsd: 0.001574
  step: 258 bond rmsd: 0.001568
  step: 259 bond rmsd: 0.001566
  step: 260 bond rmsd: 0.001564
  step: 261 bond rmsd: 0.001564
  step: 262 bond rmsd: 0.001565
  step: 263 bond rmsd: 0.001568
  step: 264 bond rmsd: 0.001572
  step: 265 bond rmsd: 0.001586
  step: 266 bond rmsd: 0.001577
  step: 267 bond rmsd: 0.001570
  step: 268 bond rmsd: 0.001565
  step: 269 bond rmsd: 0.001558
  step: 270 bond rmsd: 0.001553
  step: 271 bond rmsd: 0.001552
  step: 272 bond rmsd: 0.001547
  step: 273 bond rmsd: 0.001554
  step: 274 bond rmsd: 0.001545
  step: 275 bond rmsd: 0.001544
  step: 276 bond rmsd: 0.001540
  step: 277 bond rmsd: 0.001539
  step: 278 bond rmsd: 0.001534
  step: 279 bond rmsd: 0.001530
  step: 280 bond rmsd: 0.001525
  step: 281 bond rmsd: 0.001526
  step: 282 bond rmsd: 0.001523
  step: 283 bond rmsd: 0.001523
  step: 284 bond rmsd: 0.001532
  step: 285 bond rmsd: 0.001537
  step: 286 bond rmsd: 0.001548
  step: 287 bond rmsd: 0.001546
  step: 288 bond rmsd: 0.001543
  step: 289 bond rmsd: 0.001537
  step: 290 bond rmsd: 0.001533
  step: 291 bond rmsd: 0.001521
  step: 292 bond rmsd: 0.001526
  step: 293 bond rmsd: 0.001530
  step: 294 bond rmsd: 0.001535
  step: 295 bond rmsd: 0.001540
  step: 296 bond rmsd: 0.001559
  step: 297 bond rmsd: 0.001548
  step: 298 bond rmsd: 0.001545
  step: 299 bond rmsd: 0.001542
  step: 300 bond rmsd: 0.001535
  step: 301 bond rmsd: 0.001537
  step: 302 bond rmsd: 0.001538
  step: 303 bond rmsd: 0.001543
  step: 304 bond rmsd: 0.001546
  step: 305 bond rmsd: 0.001547
  step: 306 bond rmsd: 0.001558
  step: 307 bond rmsd: 0.001545
  step: 308 bond rmsd: 0.001544
  step: 309 bond rmsd: 0.001541
  step: 310 bond rmsd: 0.001551
  step: 311 bond rmsd: 0.001546
  step: 312 bond rmsd: 0.001545
  step: 313 bond rmsd: 0.001543
  step: 314 bond rmsd: 0.001546
micro_cycle   2 rmsd(b):  0.0015 rws:  1.000 n_fev: 626
  step:   1 bond rmsd: 0.001546
  step:   2 bond rmsd: 0.115709
  step:   3 bond rmsd: 0.001729
  step:   4 bond rmsd: 0.001542
  step:   5 bond rmsd: 0.001540
  step:   6 bond rmsd: 0.001536
  step:   7 bond rmsd: 0.001531
  step:   8 bond rmsd: 0.001533
  step:   9 bond rmsd: 0.001534
  step:  10 bond rmsd: 0.001536
  step:  11 bond rmsd: 0.001528
  step:  12 bond rmsd: 0.001530
  step:  13 bond rmsd: 0.001529
  step:  14 bond rmsd: 0.001528
  step:  15 bond rmsd: 0.001523
  step:  16 bond rmsd: 0.001523
  step:  17 bond rmsd: 0.001525
  step:  18 bond rmsd: 0.001525
  step:  19 bond rmsd: 0.001530
  step:  20 bond rmsd: 0.001529
  step:  21 bond rmsd: 0.001531
  step:  22 bond rmsd: 0.001529
  step:  23 bond rmsd: 0.001530
  step:  24 bond rmsd: 0.001533
  step:  25 bond rmsd: 0.001535
  step:  26 bond rmsd: 0.001533
  step:  27 bond rmsd: 0.001533
  step:  28 bond rmsd: 0.001533
  step:  29 bond rmsd: 0.001537
  step:  30 bond rmsd: 0.001534
  step:  31 bond rmsd: 0.001535
  step:  32 bond rmsd: 0.001531
  step:  33 bond rmsd: 0.001533
  step:  34 bond rmsd: 0.001533
  step:  35 bond rmsd: 0.001530
  step:  36 bond rmsd: 0.001531
  step:  37 bond rmsd: 0.001530
  step:  38 bond rmsd: 0.001531
  step:  39 bond rmsd: 0.001533
  step:  40 bond rmsd: 0.001535
  step:  41 bond rmsd: 0.001540
  step:  42 bond rmsd: 0.001540
  step:  43 bond rmsd: 0.001543
  step:  44 bond rmsd: 0.001542
  step:  45 bond rmsd: 0.001541
  step:  46 bond rmsd: 0.001546
  step:  47 bond rmsd: 0.001554
  step:  48 bond rmsd: 0.001563
  step:  49 bond rmsd: 0.001566
  step:  50 bond rmsd: 0.001565
  step:  51 bond rmsd: 0.001565
  step:  52 bond rmsd: 0.001562
  step:  53 bond rmsd: 0.001561
  step:  54 bond rmsd: 0.001558
  step:  55 bond rmsd: 0.001576
  step:  56 bond rmsd: 0.001564
  step:  57 bond rmsd: 0.001562
  step:  58 bond rmsd: 0.001566
  step:  59 bond rmsd: 0.001565
  step:  60 bond rmsd: 0.001568
  step:  61 bond rmsd: 0.001570
  step:  62 bond rmsd: 0.001570
  step:  63 bond rmsd: 0.001564
  step:  64 bond rmsd: 0.001560
  step:  65 bond rmsd: 0.001557
  step:  66 bond rmsd: 0.001552
  step:  67 bond rmsd: 0.001549
  step:  68 bond rmsd: 0.001548
  step:  69 bond rmsd: 0.001548
  step:  70 bond rmsd: 0.001547
  step:  71 bond rmsd: 0.001545
  step:  72 bond rmsd: 0.001542
  step:  73 bond rmsd: 0.001541
  step:  74 bond rmsd: 0.001540
  step:  75 bond rmsd: 0.001536
  step:  76 bond rmsd: 0.001537
  step:  77 bond rmsd: 0.001538
  step:  78 bond rmsd: 0.001538
  step:  79 bond rmsd: 0.001535
  step:  80 bond rmsd: 0.001535
  step:  81 bond rmsd: 0.001531
  step:  82 bond rmsd: 0.001527
  step:  83 bond rmsd: 0.001523
  step:  84 bond rmsd: 0.001525
  step:  85 bond rmsd: 0.001528
  step:  86 bond rmsd: 0.001530
  step:  87 bond rmsd: 0.001532
  step:  88 bond rmsd: 0.001526
  step:  89 bond rmsd: 0.001526
  step:  90 bond rmsd: 0.001523
  step:  91 bond rmsd: 0.001518
  step:  92 bond rmsd: 0.001500
  step:  93 bond rmsd: 0.001502
  step:  94 bond rmsd: 0.001503
  step:  95 bond rmsd: 0.001503
  step:  96 bond rmsd: 0.001501
  step:  97 bond rmsd: 0.001504
  step:  98 bond rmsd: 0.001504
  step:  99 bond rmsd: 0.001503
  step: 100 bond rmsd: 0.001500
  step: 101 bond rmsd: 0.001492
  step: 102 bond rmsd: 0.001497
  step: 103 bond rmsd: 0.001496
  step: 104 bond rmsd: 0.001496
  step: 105 bond rmsd: 0.001500
  step: 106 bond rmsd: 0.001503
  step: 107 bond rmsd: 0.001507
  step: 108 bond rmsd: 0.001512
  step: 109 bond rmsd: 0.001515
  step: 110 bond rmsd: 0.001515
  step: 111 bond rmsd: 0.001516
  step: 112 bond rmsd: 0.001516
  step: 113 bond rmsd: 0.001517
  step: 114 bond rmsd: 0.001521
  step: 115 bond rmsd: 0.001528
  step: 116 bond rmsd: 0.001529
  step: 117 bond rmsd: 0.001531
  step: 118 bond rmsd: 0.001532
  step: 119 bond rmsd: 0.001537
  step: 120 bond rmsd: 0.001535
  step: 121 bond rmsd: 0.001534
  step: 122 bond rmsd: 0.001534
  step: 123 bond rmsd: 0.001545
  step: 124 bond rmsd: 0.001542
  step: 125 bond rmsd: 0.001542
  step: 126 bond rmsd: 0.001544
  step: 127 bond rmsd: 0.001544
  step: 128 bond rmsd: 0.001539
  step: 129 bond rmsd: 0.001540
  step: 130 bond rmsd: 0.001538
  step: 131 bond rmsd: 0.001536
  step: 132 bond rmsd: 0.001533
  step: 133 bond rmsd: 0.001534
  step: 134 bond rmsd: 0.001533
  step: 135 bond rmsd: 0.001532
  step: 136 bond rmsd: 0.001532
  step: 137 bond rmsd: 0.001530
  step: 138 bond rmsd: 0.001529
  step: 139 bond rmsd: 0.001528
  step: 140 bond rmsd: 0.001525
  step: 141 bond rmsd: 0.001524
  step: 142 bond rmsd: 0.001522
  step: 143 bond rmsd: 0.001523
  step: 144 bond rmsd: 0.001523
  step: 145 bond rmsd: 0.001523
  step: 146 bond rmsd: 0.001519
  step: 147 bond rmsd: 0.001517
  step: 148 bond rmsd: 0.001512
  step: 149 bond rmsd: 0.001510
  step: 150 bond rmsd: 0.001508
  step: 151 bond rmsd: 0.001508
  step: 152 bond rmsd: 0.001507
  step: 153 bond rmsd: 0.001509
  step: 154 bond rmsd: 0.001505
  step: 155 bond rmsd: 0.001503
  step: 156 bond rmsd: 0.001501
  step: 157 bond rmsd: 0.001502
  step: 158 bond rmsd: 0.001500
  step: 159 bond rmsd: 0.001502
  step: 160 bond rmsd: 0.001505
  step: 161 bond rmsd: 0.001506
  step: 162 bond rmsd: 0.001508
  step: 163 bond rmsd: 0.001507
  step: 164 bond rmsd: 0.001508
  step: 165 bond rmsd: 0.001505
  step: 166 bond rmsd: 0.001508
  step: 167 bond rmsd: 0.001510
  step: 168 bond rmsd: 0.001513
  step: 169 bond rmsd: 0.001516
  step: 170 bond rmsd: 0.001525
  step: 171 bond rmsd: 0.001525
  step: 172 bond rmsd: 0.001525
  step: 173 bond rmsd: 0.001529
  step: 174 bond rmsd: 0.001529
  step: 175 bond rmsd: 0.001532
  step: 176 bond rmsd: 0.001535
  step: 177 bond rmsd: 0.001537
  step: 178 bond rmsd: 0.001545
  step: 179 bond rmsd: 0.001545
  step: 180 bond rmsd: 0.001545
  step: 181 bond rmsd: 0.001547
  step: 182 bond rmsd: 0.001550
  step: 183 bond rmsd: 0.001561
  step: 184 bond rmsd: 0.001559
  step: 185 bond rmsd: 0.001558
  step: 186 bond rmsd: 0.001556
  step: 187 bond rmsd: 0.001556
  step: 188 bond rmsd: 0.001555
  step: 189 bond rmsd: 0.001554
  step: 190 bond rmsd: 0.001550
  step: 191 bond rmsd: 0.001551
  step: 192 bond rmsd: 0.001550
  step: 193 bond rmsd: 0.001551
  step: 194 bond rmsd: 0.001547
  step: 195 bond rmsd: 0.001543
  step: 196 bond rmsd: 0.001537
  step: 197 bond rmsd: 0.001535
  step: 198 bond rmsd: 0.001529
  step: 199 bond rmsd: 0.001523
  step: 200 bond rmsd: 0.001511
  step: 201 bond rmsd: 0.001508
  step: 202 bond rmsd: 0.001508
  step: 203 bond rmsd: 0.001505
  step: 204 bond rmsd: 0.001506
  step: 205 bond rmsd: 0.001504
  step: 206 bond rmsd: 0.001505
  step: 207 bond rmsd: 0.001502
  step: 208 bond rmsd: 0.001498
  step: 209 bond rmsd: 0.001495
  step: 210 bond rmsd: 0.001486
  step: 211 bond rmsd: 0.001487
  step: 212 bond rmsd: 0.001488
  step: 213 bond rmsd: 0.001488
  step: 214 bond rmsd: 0.001492
  step: 215 bond rmsd: 0.001499
  step: 216 bond rmsd: 0.001494
  step: 217 bond rmsd: 0.001499
  step: 218 bond rmsd: 0.001500
  step: 219 bond rmsd: 0.001505
  step: 220 bond rmsd: 0.001500
  step: 221 bond rmsd: 0.001502
  step: 222 bond rmsd: 0.001503
  step: 223 bond rmsd: 0.001502
  step: 224 bond rmsd: 0.001502
  step: 225 bond rmsd: 0.001501
  step: 226 bond rmsd: 0.001501
  step: 227 bond rmsd: 0.001503
  step: 228 bond rmsd: 0.001504
  step: 229 bond rmsd: 0.001509
  step: 230 bond rmsd: 0.001508
  step: 231 bond rmsd: 0.001508
  step: 232 bond rmsd: 0.001508
  step: 233 bond rmsd: 0.001516
  step: 234 bond rmsd: 0.001514
  step: 235 bond rmsd: 0.001514
  step: 236 bond rmsd: 0.001516
  step: 237 bond rmsd: 0.001520
  step: 238 bond rmsd: 0.001526
  step: 239 bond rmsd: 0.001523
  step: 240 bond rmsd: 0.001527
  step: 241 bond rmsd: 0.001530
  step: 242 bond rmsd: 0.001538
  step: 243 bond rmsd: 0.001539
  step: 244 bond rmsd: 0.001540
  step: 245 bond rmsd: 0.001541
  step: 246 bond rmsd: 0.001544
  step: 247 bond rmsd: 0.001547
  step: 248 bond rmsd: 0.001550
  step: 249 bond rmsd: 0.001551
  step: 250 bond rmsd: 0.001552
  step: 251 bond rmsd: 0.001552
  step: 252 bond rmsd: 0.001554
  step: 253 bond rmsd: 0.001555
  step: 254 bond rmsd: 0.001555
  step: 255 bond rmsd: 0.001552
  step: 256 bond rmsd: 0.001554
  step: 257 bond rmsd: 0.001548
  step: 258 bond rmsd: 0.001544
  step: 259 bond rmsd: 0.001540
  step: 260 bond rmsd: 0.001530
  step: 261 bond rmsd: 0.001528
  step: 262 bond rmsd: 0.001527
  step: 263 bond rmsd: 0.001525
  step: 264 bond rmsd: 0.001520
  step: 265 bond rmsd: 0.001518
  step: 266 bond rmsd: 0.001519
  step: 267 bond rmsd: 0.001512
  step: 268 bond rmsd: 0.001507
  step: 269 bond rmsd: 0.001501
  step: 270 bond rmsd: 0.001497
  step: 271 bond rmsd: 0.001498
  step: 272 bond rmsd: 0.001499
  step: 273 bond rmsd: 0.001501
  step: 274 bond rmsd: 0.001504
  step: 275 bond rmsd: 0.001504
  step: 276 bond rmsd: 0.001504
  step: 277 bond rmsd: 0.001507
  step: 278 bond rmsd: 0.001508
  step: 279 bond rmsd: 0.001508
  step: 280 bond rmsd: 0.001508
  step: 281 bond rmsd: 0.001509
  step: 282 bond rmsd: 0.001509
  step: 283 bond rmsd: 0.001510
  step: 284 bond rmsd: 0.001517
  step: 285 bond rmsd: 0.001512
  step: 286 bond rmsd: 0.001513
  step: 287 bond rmsd: 0.001515
  step: 288 bond rmsd: 0.001515
  step: 289 bond rmsd: 0.001517
  step: 290 bond rmsd: 0.001519
  step: 291 bond rmsd: 0.001521
  step: 292 bond rmsd: 0.001520
  step: 293 bond rmsd: 0.001521
  step: 294 bond rmsd: 0.001520
  step: 295 bond rmsd: 0.001521
  step: 296 bond rmsd: 0.001521
  step: 297 bond rmsd: 0.001522
  step: 298 bond rmsd: 0.001529
  step: 299 bond rmsd: 0.001525
  step: 300 bond rmsd: 0.001523
  step: 301 bond rmsd: 0.001521
  step: 302 bond rmsd: 0.001520
  step: 303 bond rmsd: 0.001516
  step: 304 bond rmsd: 0.001518
  step: 305 bond rmsd: 0.001521
  step: 306 bond rmsd: 0.001522
  step: 307 bond rmsd: 0.001527
  step: 308 bond rmsd: 0.001525
  step: 309 bond rmsd: 0.001523
  step: 310 bond rmsd: 0.001522
  step: 311 bond rmsd: 0.001516
micro_cycle   3 rmsd(b):  0.0015 rws:  1.000 n_fev: 937
See 6_refined.pdb in pdb folder.
Time: 10.0463
