Starting Q|R
version:   v1.0-114-g3318f9  
Running refinement
   input {
     xray_data {
       file_name = None
       labels = None
       high_resolution = None
       low_resolution = None
       outliers_rejection = True
       french_wilson_scale = True
       french_wilson {
         max_bins = 60
         min_bin_size = 40
       }
       sigma_fobs_rejection_criterion = None
       sigma_iobs_rejection_criterion = None
       ignore_all_zeros = True
       force_anomalous_flag_to_be_equal_to = None
       convert_to_non_anomalous_if_ratio_pairs_lone_less_than_threshold = 0.5
       r_free_flags {
         file_name = None
         label = None
         test_flag_value = None
         ignore_r_free_flags = False
         disable_suitability_test = False
         ignore_pdb_hexdigest = False
         generate = False
         fraction = 0.1
         max_free = 2000
         lattice_symmetry_max_delta = 5
         use_lattice_symmetry = True
         use_dataman_shells = False
         n_shells = 20
       }
     }
     pdb {
       file_name = None
     }
     monomers {
       file_name = None
     }
     maps {
       map_file_name = None
       d_min = None
       map_coefficients_file_name = None
       map_coefficients_label = None
     }
     sequence = None
     scattering_table = wk1995 it1992 *n_gaussian neutron electron
     wavelength = None
     energy = None
     twin_law = Auto
   }
   max_atoms = 15000
   debug = False
   cluster {
     charge_cutoff = 8.0
     clustering = false
     charge_embedding = False
     two_buffers = False
     maxnum_residues_in_cluster = 15
     clustering_method = gnc *bcc
     altloc_method = *average subtract
     g_scan = 10 15 20
     g_mode = None
   }
   restraints = *cctbx qm
   quantum {
     engine_name = *mopac ani torchani terachem turbomole pyscf orca gaussian \
                   xtb
     charge = None
     basis = Auto
     method = Auto
     memory = None
     nproc = None
     qm_addon = gcp dftd3 gcp-d3
     qm_addon_method = None
   }
   refine {
     dry_run = False
     sf_algorithm = *direct fft
     refinement_target_name = *ml ls_wunit_k1
     mode = *opt refine gtest
     number_of_macro_cycles = 1
     number_of_weight_search_cycles = 50
     number_of_refine_cycles = 5
     number_of_micro_cycles = 3
     data_weight = None
     choose_best_use_r_work = False
     skip_weight_search = False
     adjust_restraints_weight_scale_value = 2
     max_iterations_weight = 50
     max_iterations_refine = 300
     use_ase_lbfgs = False
     line_search = True
     stpmax = 3
     gradient_only = true
     update_all_scales = True
     refine_sites = True
     refine_adp = False
     restraints_weight_scale = 1.0
     shake_sites = False
     use_convergence_test = true
     max_bond_rmsd = 0.03
     max_r_work_r_free_gap = 5.0
     r_tolerance = 0.001
     rmsd_tolerance = 0.001
     opt_log = False
     pre_opt = False
     pre_opt_stpmax = 0.1
     pre_opt_iter = 10
     pre_opt_switch = 2
     pre_opt_gconv = 3000
   }
   parallel {
     method = *multiprocessing slurm pbs sge lsf threading
     nproc = None
     qsub_command = None
   }
   output_file_name_prefix = None
   output_folder_name = "pdb"
   shared_disk = True
   rst_file = None
   dump_gradients = None

Setting QM defaults
  Setting QM method to PM7


***********************************************************
restart info will be stored in /home/lum/cctbx_opt_final/1.5/cctbx_opt/pdb/8.rst.pickle
***********************************************************

start   0 rmsd(b):  0.0195 rws:  1.000 n_fev: 0
  step:   1 bond rmsd: 0.019460
  step:   2 bond rmsd: 0.079595
  step:   3 bond rmsd: 1.630961
  step:   4 bond rmsd: 0.017091
  step:   5 bond rmsd: 0.013219
  step:   6 bond rmsd: 0.011363
  step:   7 bond rmsd: 0.010850
  step:   8 bond rmsd: 0.009435
  step:   9 bond rmsd: 0.008225
  step:  10 bond rmsd: 0.006868
  step:  11 bond rmsd: 0.006399
  step:  12 bond rmsd: 0.005655
  step:  13 bond rmsd: 0.005488
  step:  14 bond rmsd: 0.005211
  step:  15 bond rmsd: 0.004806
  step:  16 bond rmsd: 0.004545
  step:  17 bond rmsd: 0.004571
  step:  18 bond rmsd: 0.004327
  step:  19 bond rmsd: 0.004103
  step:  20 bond rmsd: 0.003919
  step:  21 bond rmsd: 0.003673
  step:  22 bond rmsd: 0.003520
  step:  23 bond rmsd: 0.003356
  step:  24 bond rmsd: 0.003302
  step:  25 bond rmsd: 0.003227
  step:  26 bond rmsd: 0.003149
  step:  27 bond rmsd: 0.003085
  step:  28 bond rmsd: 0.002989
  step:  29 bond rmsd: 0.002886
  step:  30 bond rmsd: 0.002834
  step:  31 bond rmsd: 0.002753
  step:  32 bond rmsd: 0.002654
  step:  33 bond rmsd: 0.002596
  step:  34 bond rmsd: 0.002595
  step:  35 bond rmsd: 0.002605
  step:  36 bond rmsd: 0.002623
  step:  37 bond rmsd: 0.002711
  step:  38 bond rmsd: 0.002627
  step:  39 bond rmsd: 0.002552
  step:  40 bond rmsd: 0.002521
  step:  41 bond rmsd: 0.002568
  step:  42 bond rmsd: 0.002519
  step:  43 bond rmsd: 0.002511
  step:  44 bond rmsd: 0.002503
  step:  45 bond rmsd: 0.002518
  step:  46 bond rmsd: 0.002428
  step:  47 bond rmsd: 0.002382
  step:  48 bond rmsd: 0.002348
  step:  49 bond rmsd: 0.002273
  step:  50 bond rmsd: 0.002225
  step:  51 bond rmsd: 0.002161
  step:  52 bond rmsd: 0.002072
  step:  53 bond rmsd: 0.002046
  step:  54 bond rmsd: 0.002113
  step:  55 bond rmsd: 0.002069
  step:  56 bond rmsd: 0.002020
  step:  57 bond rmsd: 0.001955
  step:  58 bond rmsd: 0.001964
  step:  59 bond rmsd: 0.001943
  step:  60 bond rmsd: 0.001982
  step:  61 bond rmsd: 0.002055
  step:  62 bond rmsd: 0.002196
  step:  63 bond rmsd: 0.002198
  step:  64 bond rmsd: 0.002186
  step:  65 bond rmsd: 0.002189
  step:  66 bond rmsd: 0.002211
  step:  67 bond rmsd: 0.002155
  step:  68 bond rmsd: 0.002131
  step:  69 bond rmsd: 0.002127
  step:  70 bond rmsd: 0.002161
  step:  71 bond rmsd: 0.002259
  step:  72 bond rmsd: 0.002319
  step:  73 bond rmsd: 0.002401
  step:  74 bond rmsd: 0.002577
  step:  75 bond rmsd: 0.002473
  step:  76 bond rmsd: 0.002413
  step:  77 bond rmsd: 0.002401
  step:  78 bond rmsd: 0.002410
  step:  79 bond rmsd: 0.002545
  step:  80 bond rmsd: 0.002476
  step:  81 bond rmsd: 0.002458
  step:  82 bond rmsd: 0.002440
  step:  83 bond rmsd: 0.002453
  step:  84 bond rmsd: 0.002411
  step:  85 bond rmsd: 0.002401
  step:  86 bond rmsd: 0.002395
  step:  87 bond rmsd: 0.002447
  step:  88 bond rmsd: 0.002409
  step:  89 bond rmsd: 0.002368
  step:  90 bond rmsd: 0.002352
  step:  91 bond rmsd: 0.002469
  step:  92 bond rmsd: 0.002376
  step:  93 bond rmsd: 0.002351
  step:  94 bond rmsd: 0.002315
  step:  95 bond rmsd: 0.002349
  step:  96 bond rmsd: 0.002263
  step:  97 bond rmsd: 0.002223
  step:  98 bond rmsd: 0.002181
  step:  99 bond rmsd: 0.002137
  step: 100 bond rmsd: 0.002077
  step: 101 bond rmsd: 0.002071
  step: 102 bond rmsd: 0.002029
  step: 103 bond rmsd: 0.001996
  step: 104 bond rmsd: 0.001928
  step: 105 bond rmsd: 0.001933
  step: 106 bond rmsd: 0.001901
  step: 107 bond rmsd: 0.001839
  step: 108 bond rmsd: 0.001781
  step: 109 bond rmsd: 0.001744
  step: 110 bond rmsd: 0.001763
  step: 111 bond rmsd: 0.001703
  step: 112 bond rmsd: 0.001688
  step: 113 bond rmsd: 0.001679
  step: 114 bond rmsd: 0.001675
  step: 115 bond rmsd: 0.001650
  step: 116 bond rmsd: 0.001637
  step: 117 bond rmsd: 0.001632
  step: 118 bond rmsd: 0.001630
  step: 119 bond rmsd: 0.001726
  step: 120 bond rmsd: 0.001654
  step: 121 bond rmsd: 0.001661
  step: 122 bond rmsd: 0.001689
  step: 123 bond rmsd: 0.001719
  step: 124 bond rmsd: 0.001791
  step: 125 bond rmsd: 0.001779
  step: 126 bond rmsd: 0.001773
  step: 127 bond rmsd: 0.001766
  step: 128 bond rmsd: 0.001876
  step: 129 bond rmsd: 0.001840
  step: 130 bond rmsd: 0.001858
  step: 131 bond rmsd: 0.001903
  step: 132 bond rmsd: 0.002031
  step: 133 bond rmsd: 0.002021
  step: 134 bond rmsd: 0.002015
  step: 135 bond rmsd: 0.002009
  step: 136 bond rmsd: 0.001996
  step: 137 bond rmsd: 0.001989
  step: 138 bond rmsd: 0.001982
  step: 139 bond rmsd: 0.001982
  step: 140 bond rmsd: 0.001991
  step: 141 bond rmsd: 0.002028
  step: 142 bond rmsd: 0.002023
  step: 143 bond rmsd: 0.002021
  step: 144 bond rmsd: 0.002019
  step: 145 bond rmsd: 0.002012
  step: 146 bond rmsd: 0.001990
  step: 147 bond rmsd: 0.001980
  step: 148 bond rmsd: 0.001971
  step: 149 bond rmsd: 0.001961
  step: 150 bond rmsd: 0.001948
  step: 151 bond rmsd: 0.001953
  step: 152 bond rmsd: 0.001933
  step: 153 bond rmsd: 0.001916
  step: 154 bond rmsd: 0.001908
  step: 155 bond rmsd: 0.001855
  step: 156 bond rmsd: 0.001863
  step: 157 bond rmsd: 0.001842
  step: 158 bond rmsd: 0.001825
  step: 159 bond rmsd: 0.001811
  step: 160 bond rmsd: 0.001803
  step: 161 bond rmsd: 0.001802
  step: 162 bond rmsd: 0.001804
  step: 163 bond rmsd: 0.001824
  step: 164 bond rmsd: 0.001800
  step: 165 bond rmsd: 0.001798
  step: 166 bond rmsd: 0.001786
  step: 167 bond rmsd: 0.001755
  step: 168 bond rmsd: 0.001726
  step: 169 bond rmsd: 0.001706
  step: 170 bond rmsd: 0.001676
  step: 171 bond rmsd: 0.001673
  step: 172 bond rmsd: 0.001708
  step: 173 bond rmsd: 0.001710
  step: 174 bond rmsd: 0.001722
  step: 175 bond rmsd: 0.001733
  step: 176 bond rmsd: 0.001738
  step: 177 bond rmsd: 0.001723
  step: 178 bond rmsd: 0.001714
  step: 179 bond rmsd: 0.001714
  step: 180 bond rmsd: 0.001742
  step: 181 bond rmsd: 0.001907
  step: 182 bond rmsd: 0.001789
  step: 183 bond rmsd: 0.001831
  step: 184 bond rmsd: 0.001850
  step: 185 bond rmsd: 0.001861
  step: 186 bond rmsd: 0.001878
  step: 187 bond rmsd: 0.001839
  step: 188 bond rmsd: 0.001784
  step: 189 bond rmsd: 0.001762
  step: 190 bond rmsd: 0.001822
  step: 191 bond rmsd: 0.001801
  step: 192 bond rmsd: 0.001824
  step: 193 bond rmsd: 0.001861
  step: 194 bond rmsd: 0.001884
  step: 195 bond rmsd: 0.001903
  step: 196 bond rmsd: 0.001886
  step: 197 bond rmsd: 0.001853
  step: 198 bond rmsd: 0.001828
  step: 199 bond rmsd: 0.001888
  step: 200 bond rmsd: 0.001845
  step: 201 bond rmsd: 0.001859
  step: 202 bond rmsd: 0.001904
  step: 203 bond rmsd: 0.001936
  step: 204 bond rmsd: 0.001960
  step: 205 bond rmsd: 0.001941
  step: 206 bond rmsd: 0.001890
  step: 207 bond rmsd: 0.001867
  step: 208 bond rmsd: 0.001848
  step: 209 bond rmsd: 0.001873
  step: 210 bond rmsd: 0.001871
  step: 211 bond rmsd: 0.001879
  step: 212 bond rmsd: 0.001895
  step: 213 bond rmsd: 0.001894
  step: 214 bond rmsd: 0.001877
  step: 215 bond rmsd: 0.001831
  step: 216 bond rmsd: 0.001811
  step: 217 bond rmsd: 0.001804
  step: 218 bond rmsd: 0.001788
  step: 219 bond rmsd: 0.001774
  step: 220 bond rmsd: 0.001769
  step: 221 bond rmsd: 0.001765
  step: 222 bond rmsd: 0.001738
  step: 223 bond rmsd: 0.001732
  step: 224 bond rmsd: 0.001703
  step: 225 bond rmsd: 0.001677
  step: 226 bond rmsd: 0.001667
  step: 227 bond rmsd: 0.001666
  step: 228 bond rmsd: 0.001696
  step: 229 bond rmsd: 0.001691
  step: 230 bond rmsd: 0.001681
  step: 231 bond rmsd: 0.001673
  step: 232 bond rmsd: 0.001653
  step: 233 bond rmsd: 0.001657
  step: 234 bond rmsd: 0.001667
  step: 235 bond rmsd: 0.001671
  step: 236 bond rmsd: 0.001682
  step: 237 bond rmsd: 0.001674
  step: 238 bond rmsd: 0.001665
  step: 239 bond rmsd: 0.001656
  step: 240 bond rmsd: 0.001630
  step: 241 bond rmsd: 0.001625
  step: 242 bond rmsd: 0.001622
  step: 243 bond rmsd: 0.001620
  step: 244 bond rmsd: 0.001626
  step: 245 bond rmsd: 0.001710
  step: 246 bond rmsd: 0.001655
  step: 247 bond rmsd: 0.001673
  step: 248 bond rmsd: 0.001680
  step: 249 bond rmsd: 0.001699
  step: 250 bond rmsd: 0.001702
  step: 251 bond rmsd: 0.001699
  step: 252 bond rmsd: 0.001700
  step: 253 bond rmsd: 0.001699
  step: 254 bond rmsd: 0.001782
  step: 255 bond rmsd: 0.001734
  step: 256 bond rmsd: 0.001742
  step: 257 bond rmsd: 0.001768
  step: 258 bond rmsd: 0.001798
  step: 259 bond rmsd: 0.001825
  step: 260 bond rmsd: 0.001839
  step: 261 bond rmsd: 0.001859
  step: 262 bond rmsd: 0.001844
  step: 263 bond rmsd: 0.001827
  step: 264 bond rmsd: 0.001819
  step: 265 bond rmsd: 0.001832
  step: 266 bond rmsd: 0.001819
  step: 267 bond rmsd: 0.001830
  step: 268 bond rmsd: 0.001857
  step: 269 bond rmsd: 0.001892
  step: 270 bond rmsd: 0.001894
  step: 271 bond rmsd: 0.001883
  step: 272 bond rmsd: 0.001854
  step: 273 bond rmsd: 0.001827
  step: 274 bond rmsd: 0.001802
  step: 275 bond rmsd: 0.001749
  step: 276 bond rmsd: 0.001761
  step: 277 bond rmsd: 0.001771
  step: 278 bond rmsd: 0.001804
  step: 279 bond rmsd: 0.001793
  step: 280 bond rmsd: 0.001773
  step: 281 bond rmsd: 0.001736
  step: 282 bond rmsd: 0.001702
  step: 283 bond rmsd: 0.001709
  step: 284 bond rmsd: 0.001696
  step: 285 bond rmsd: 0.001674
  step: 286 bond rmsd: 0.001690
  step: 287 bond rmsd: 0.001681
  step: 288 bond rmsd: 0.001683
  step: 289 bond rmsd: 0.001690
  step: 290 bond rmsd: 0.001692
  step: 291 bond rmsd: 0.001702
  step: 292 bond rmsd: 0.001682
  step: 293 bond rmsd: 0.001674
  step: 294 bond rmsd: 0.001654
  step: 295 bond rmsd: 0.001639
  step: 296 bond rmsd: 0.001624
  step: 297 bond rmsd: 0.001623
  step: 298 bond rmsd: 0.001627
  step: 299 bond rmsd: 0.001635
  step: 300 bond rmsd: 0.001632
  step: 301 bond rmsd: 0.001622
  step: 302 bond rmsd: 0.001590
  step: 303 bond rmsd: 0.001571
  step: 304 bond rmsd: 0.001557
  step: 305 bond rmsd: 0.001539
  step: 306 bond rmsd: 0.001524
  step: 307 bond rmsd: 0.001531
  step: 308 bond rmsd: 0.001544
  step: 309 bond rmsd: 0.001557
  step: 310 bond rmsd: 0.001554
  step: 311 bond rmsd: 0.001566
  step: 312 bond rmsd: 0.001539
  step: 313 bond rmsd: 0.001520
  step: 314 bond rmsd: 0.001513
  step: 315 bond rmsd: 0.001513
  step: 316 bond rmsd: 0.001529
micro_cycle   1 rmsd(b):  0.0015 rws:  1.000 n_fev: 316
  step:   1 bond rmsd: 0.001529
  step:   2 bond rmsd: 0.061450
  step:   3 bond rmsd: 0.002692
  step:   4 bond rmsd: 0.001553
  step:   5 bond rmsd: 0.001555
  step:   6 bond rmsd: 0.001556
  step:   7 bond rmsd: 0.001558
  step:   8 bond rmsd: 0.001548
  step:   9 bond rmsd: 0.001543
  step:  10 bond rmsd: 0.001545
  step:  11 bond rmsd: 0.001537
  step:  12 bond rmsd: 0.001539
  step:  13 bond rmsd: 0.001552
  step:  14 bond rmsd: 0.001579
  step:  15 bond rmsd: 0.001593
  step:  16 bond rmsd: 0.001597
  step:  17 bond rmsd: 0.001604
  step:  18 bond rmsd: 0.001600
  step:  19 bond rmsd: 0.001598
  step:  20 bond rmsd: 0.001594
  step:  21 bond rmsd: 0.001581
  step:  22 bond rmsd: 0.001589
  step:  23 bond rmsd: 0.001576
  step:  24 bond rmsd: 0.001572
  step:  25 bond rmsd: 0.001574
  step:  26 bond rmsd: 0.001593
  step:  27 bond rmsd: 0.001585
  step:  28 bond rmsd: 0.001580
  step:  29 bond rmsd: 0.001571
  step:  30 bond rmsd: 0.001584
  step:  31 bond rmsd: 0.001566
  step:  32 bond rmsd: 0.001560
  step:  33 bond rmsd: 0.001558
  step:  34 bond rmsd: 0.001561
  step:  35 bond rmsd: 0.001561
  step:  36 bond rmsd: 0.001566
  step:  37 bond rmsd: 0.001571
  step:  38 bond rmsd: 0.001577
  step:  39 bond rmsd: 0.001623
  step:  40 bond rmsd: 0.001613
  step:  41 bond rmsd: 0.001616
  step:  42 bond rmsd: 0.001626
  step:  43 bond rmsd: 0.001636
  step:  44 bond rmsd: 0.001646
  step:  45 bond rmsd: 0.001642
  step:  46 bond rmsd: 0.001639
  step:  47 bond rmsd: 0.001636
  step:  48 bond rmsd: 0.001655
  step:  49 bond rmsd: 0.001643
  step:  50 bond rmsd: 0.001641
  step:  51 bond rmsd: 0.001642
  step:  52 bond rmsd: 0.001637
  step:  53 bond rmsd: 0.001631
  step:  54 bond rmsd: 0.001631
  step:  55 bond rmsd: 0.001617
  step:  56 bond rmsd: 0.001603
  step:  57 bond rmsd: 0.001589
  step:  58 bond rmsd: 0.001581
  step:  59 bond rmsd: 0.001577
  step:  60 bond rmsd: 0.001566
  step:  61 bond rmsd: 0.001559
  step:  62 bond rmsd: 0.001539
  step:  63 bond rmsd: 0.001526
  step:  64 bond rmsd: 0.001514
  step:  65 bond rmsd: 0.001505
  step:  66 bond rmsd: 0.001496
  step:  67 bond rmsd: 0.001496
  step:  68 bond rmsd: 0.001498
  step:  69 bond rmsd: 0.001531
  step:  70 bond rmsd: 0.001521
  step:  71 bond rmsd: 0.001521
  step:  72 bond rmsd: 0.001527
  step:  73 bond rmsd: 0.001537
  step:  74 bond rmsd: 0.001570
  step:  75 bond rmsd: 0.001573
  step:  76 bond rmsd: 0.001576
  step:  77 bond rmsd: 0.001587
  step:  78 bond rmsd: 0.001635
  step:  79 bond rmsd: 0.001630
  step:  80 bond rmsd: 0.001628
  step:  81 bond rmsd: 0.001626
  step:  82 bond rmsd: 0.001619
  step:  83 bond rmsd: 0.001582
  step:  84 bond rmsd: 0.001596
  step:  85 bond rmsd: 0.001588
  step:  86 bond rmsd: 0.001572
  step:  87 bond rmsd: 0.001557
  step:  88 bond rmsd: 0.001550
  step:  89 bond rmsd: 0.001529
  step:  90 bond rmsd: 0.001525
  step:  91 bond rmsd: 0.001524
  step:  92 bond rmsd: 0.001504
  step:  93 bond rmsd: 0.001500
  step:  94 bond rmsd: 0.001483
  step:  95 bond rmsd: 0.001479
  step:  96 bond rmsd: 0.001474
  step:  97 bond rmsd: 0.001512
  step:  98 bond rmsd: 0.001499
  step:  99 bond rmsd: 0.001506
  step: 100 bond rmsd: 0.001520
  step: 101 bond rmsd: 0.001537
  step: 102 bond rmsd: 0.001591
  step: 103 bond rmsd: 0.001558
  step: 104 bond rmsd: 0.001571
  step: 105 bond rmsd: 0.001583
  step: 106 bond rmsd: 0.001592
  step: 107 bond rmsd: 0.001642
  step: 108 bond rmsd: 0.001622
  step: 109 bond rmsd: 0.001619
  step: 110 bond rmsd: 0.001626
  step: 111 bond rmsd: 0.001638
  step: 112 bond rmsd: 0.001674
  step: 113 bond rmsd: 0.001651
  step: 114 bond rmsd: 0.001663
  step: 115 bond rmsd: 0.001659
  step: 116 bond rmsd: 0.001637
  step: 117 bond rmsd: 0.001624
  step: 118 bond rmsd: 0.001612
  step: 119 bond rmsd: 0.001601
  step: 120 bond rmsd: 0.001597
  step: 121 bond rmsd: 0.001602
  step: 122 bond rmsd: 0.001608
  step: 123 bond rmsd: 0.001614
  step: 124 bond rmsd: 0.001597
  step: 125 bond rmsd: 0.001537
  step: 126 bond rmsd: 0.001502
  step: 127 bond rmsd: 0.001506
  step: 128 bond rmsd: 0.001506
  step: 129 bond rmsd: 0.001500
  step: 130 bond rmsd: 0.001492
  step: 131 bond rmsd: 0.001549
  step: 132 bond rmsd: 0.001496
  step: 133 bond rmsd: 0.001484
  step: 134 bond rmsd: 0.001476
  step: 135 bond rmsd: 0.001465
  step: 136 bond rmsd: 0.001471
  step: 137 bond rmsd: 0.001466
  step: 138 bond rmsd: 0.001471
  step: 139 bond rmsd: 0.001483
  step: 140 bond rmsd: 0.001546
  step: 141 bond rmsd: 0.001543
  step: 142 bond rmsd: 0.001546
  step: 143 bond rmsd: 0.001551
  step: 144 bond rmsd: 0.001553
  step: 145 bond rmsd: 0.001585
  step: 146 bond rmsd: 0.001557
  step: 147 bond rmsd: 0.001556
  step: 148 bond rmsd: 0.001555
  step: 149 bond rmsd: 0.001558
  step: 150 bond rmsd: 0.001556
  step: 151 bond rmsd: 0.001557
  step: 152 bond rmsd: 0.001553
  step: 153 bond rmsd: 0.001551
  step: 154 bond rmsd: 0.001535
  step: 155 bond rmsd: 0.001530
  step: 156 bond rmsd: 0.001523
  step: 157 bond rmsd: 0.001524
  step: 158 bond rmsd: 0.001518
  step: 159 bond rmsd: 0.001522
  step: 160 bond rmsd: 0.001528
  step: 161 bond rmsd: 0.001537
  step: 162 bond rmsd: 0.001538
  step: 163 bond rmsd: 0.001551
  step: 164 bond rmsd: 0.001546
  step: 165 bond rmsd: 0.001549
  step: 166 bond rmsd: 0.001556
  step: 167 bond rmsd: 0.001565
  step: 168 bond rmsd: 0.001589
  step: 169 bond rmsd: 0.001645
  step: 170 bond rmsd: 0.001607
  step: 171 bond rmsd: 0.001608
  step: 172 bond rmsd: 0.001618
  step: 173 bond rmsd: 0.001607
  step: 174 bond rmsd: 0.001603
  step: 175 bond rmsd: 0.001598
  step: 176 bond rmsd: 0.001597
  step: 177 bond rmsd: 0.001594
  step: 178 bond rmsd: 0.001617
  step: 179 bond rmsd: 0.001597
  step: 180 bond rmsd: 0.001590
  step: 181 bond rmsd: 0.001577
  step: 182 bond rmsd: 0.001567
  step: 183 bond rmsd: 0.001552
  step: 184 bond rmsd: 0.001531
  step: 185 bond rmsd: 0.001508
  step: 186 bond rmsd: 0.001497
  step: 187 bond rmsd: 0.001483
  step: 188 bond rmsd: 0.001481
  step: 189 bond rmsd: 0.001485
  step: 190 bond rmsd: 0.001475
  step: 191 bond rmsd: 0.001446
  step: 192 bond rmsd: 0.001424
  step: 193 bond rmsd: 0.001395
  step: 194 bond rmsd: 0.001381
  step: 195 bond rmsd: 0.001365
  step: 196 bond rmsd: 0.001369
  step: 197 bond rmsd: 0.001385
  step: 198 bond rmsd: 0.001395
  step: 199 bond rmsd: 0.001402
  step: 200 bond rmsd: 0.001414
  step: 201 bond rmsd: 0.001419
  step: 202 bond rmsd: 0.001413
  step: 203 bond rmsd: 0.001411
  step: 204 bond rmsd: 0.001417
  step: 205 bond rmsd: 0.001436
  step: 206 bond rmsd: 0.001456
  step: 207 bond rmsd: 0.001477
  step: 208 bond rmsd: 0.001499
  step: 209 bond rmsd: 0.001516
  step: 210 bond rmsd: 0.001514
  step: 211 bond rmsd: 0.001507
  step: 212 bond rmsd: 0.001508
  step: 213 bond rmsd: 0.001530
  step: 214 bond rmsd: 0.001531
  step: 215 bond rmsd: 0.001536
  step: 216 bond rmsd: 0.001551
  step: 217 bond rmsd: 0.001563
  step: 218 bond rmsd: 0.001569
  step: 219 bond rmsd: 0.001572
  step: 220 bond rmsd: 0.001573
  step: 221 bond rmsd: 0.001573
  step: 222 bond rmsd: 0.001600
  step: 223 bond rmsd: 0.001582
  step: 224 bond rmsd: 0.001578
  step: 225 bond rmsd: 0.001579
  step: 226 bond rmsd: 0.001579
  step: 227 bond rmsd: 0.001583
  step: 228 bond rmsd: 0.001587
  step: 229 bond rmsd: 0.001587
  step: 230 bond rmsd: 0.001591
  step: 231 bond rmsd: 0.001589
  step: 232 bond rmsd: 0.001587
  step: 233 bond rmsd: 0.001590
  step: 234 bond rmsd: 0.001592
  step: 235 bond rmsd: 0.001599
  step: 236 bond rmsd: 0.001595
  step: 237 bond rmsd: 0.001591
  step: 238 bond rmsd: 0.001584
  step: 239 bond rmsd: 0.001577
  step: 240 bond rmsd: 0.001548
  step: 241 bond rmsd: 0.001550
  step: 242 bond rmsd: 0.001551
  step: 243 bond rmsd: 0.001551
  step: 244 bond rmsd: 0.001541
  step: 245 bond rmsd: 0.001542
  step: 246 bond rmsd: 0.001539
  step: 247 bond rmsd: 0.001534
  step: 248 bond rmsd: 0.001518
  step: 249 bond rmsd: 0.001513
  step: 250 bond rmsd: 0.001511
  step: 251 bond rmsd: 0.001511
  step: 252 bond rmsd: 0.001516
  step: 253 bond rmsd: 0.001523
  step: 254 bond rmsd: 0.001530
  step: 255 bond rmsd: 0.001534
  step: 256 bond rmsd: 0.001544
  step: 257 bond rmsd: 0.001532
  step: 258 bond rmsd: 0.001521
  step: 259 bond rmsd: 0.001512
  step: 260 bond rmsd: 0.001512
  step: 261 bond rmsd: 0.001506
  step: 262 bond rmsd: 0.001514
  step: 263 bond rmsd: 0.001522
  step: 264 bond rmsd: 0.001532
  step: 265 bond rmsd: 0.001536
  step: 266 bond rmsd: 0.001536
  step: 267 bond rmsd: 0.001525
  step: 268 bond rmsd: 0.001518
  step: 269 bond rmsd: 0.001513
  step: 270 bond rmsd: 0.001509
  step: 271 bond rmsd: 0.001524
  step: 272 bond rmsd: 0.001527
  step: 273 bond rmsd: 0.001538
  step: 274 bond rmsd: 0.001542
  step: 275 bond rmsd: 0.001553
  step: 276 bond rmsd: 0.001544
  step: 277 bond rmsd: 0.001539
  step: 278 bond rmsd: 0.001532
  step: 279 bond rmsd: 0.001532
  step: 280 bond rmsd: 0.001539
  step: 281 bond rmsd: 0.001548
  step: 282 bond rmsd: 0.001558
  step: 283 bond rmsd: 0.001568
  step: 284 bond rmsd: 0.001568
  step: 285 bond rmsd: 0.001567
  step: 286 bond rmsd: 0.001556
  step: 287 bond rmsd: 0.001547
  step: 288 bond rmsd: 0.001528
  step: 289 bond rmsd: 0.001531
  step: 290 bond rmsd: 0.001538
  step: 291 bond rmsd: 0.001543
  step: 292 bond rmsd: 0.001541
  step: 293 bond rmsd: 0.001515
  step: 294 bond rmsd: 0.001513
  step: 295 bond rmsd: 0.001504
  step: 296 bond rmsd: 0.001492
  step: 297 bond rmsd: 0.001483
  step: 298 bond rmsd: 0.001486
  step: 299 bond rmsd: 0.001502
  step: 300 bond rmsd: 0.001513
  step: 301 bond rmsd: 0.001527
  step: 302 bond rmsd: 0.001523
  step: 303 bond rmsd: 0.001516
  step: 304 bond rmsd: 0.001507
  step: 305 bond rmsd: 0.001495
  step: 306 bond rmsd: 0.001501
  step: 307 bond rmsd: 0.001504
  step: 308 bond rmsd: 0.001525
  step: 309 bond rmsd: 0.001541
  step: 310 bond rmsd: 0.001541
  step: 311 bond rmsd: 0.001536
  step: 312 bond rmsd: 0.001534
micro_cycle   2 rmsd(b):  0.0015 rws:  1.000 n_fev: 628
  step:   1 bond rmsd: 0.001534
  step:   2 bond rmsd: 0.102293
  step:   3 bond rmsd: 0.001737
  step:   4 bond rmsd: 0.001527
  step:   5 bond rmsd: 0.001527
  step:   6 bond rmsd: 0.001524
  step:   7 bond rmsd: 0.001517
  step:   8 bond rmsd: 0.001520
  step:   9 bond rmsd: 0.001519
  step:  10 bond rmsd: 0.001512
  step:  11 bond rmsd: 0.001519
  step:  12 bond rmsd: 0.001511
  step:  13 bond rmsd: 0.001508
  step:  14 bond rmsd: 0.001505
  step:  15 bond rmsd: 0.001504
  step:  16 bond rmsd: 0.001498
  step:  17 bond rmsd: 0.001502
  step:  18 bond rmsd: 0.001506
  step:  19 bond rmsd: 0.001507
  step:  20 bond rmsd: 0.001525
  step:  21 bond rmsd: 0.001514
  step:  22 bond rmsd: 0.001512
  step:  23 bond rmsd: 0.001511
  step:  24 bond rmsd: 0.001514
  step:  25 bond rmsd: 0.001516
  step:  26 bond rmsd: 0.001519
  step:  27 bond rmsd: 0.001522
  step:  28 bond rmsd: 0.001525
  step:  29 bond rmsd: 0.001533
  step:  30 bond rmsd: 0.001540
  step:  31 bond rmsd: 0.001542
  step:  32 bond rmsd: 0.001541
  step:  33 bond rmsd: 0.001542
  step:  34 bond rmsd: 0.001539
  step:  35 bond rmsd: 0.001542
  step:  36 bond rmsd: 0.001545
  step:  37 bond rmsd: 0.001546
  step:  38 bond rmsd: 0.001549
  step:  39 bond rmsd: 0.001544
  step:  40 bond rmsd: 0.001543
  step:  41 bond rmsd: 0.001540
  step:  42 bond rmsd: 0.001538
  step:  43 bond rmsd: 0.001529
  step:  44 bond rmsd: 0.001528
  step:  45 bond rmsd: 0.001525
  step:  46 bond rmsd: 0.001522
  step:  47 bond rmsd: 0.001520
  step:  48 bond rmsd: 0.001518
  step:  49 bond rmsd: 0.001512
  step:  50 bond rmsd: 0.001513
  step:  51 bond rmsd: 0.001512
  step:  52 bond rmsd: 0.001513
  step:  53 bond rmsd: 0.001513
  step:  54 bond rmsd: 0.001513
  step:  55 bond rmsd: 0.001516
  step:  56 bond rmsd: 0.001513
  step:  57 bond rmsd: 0.001518
  step:  58 bond rmsd: 0.001520
  step:  59 bond rmsd: 0.001530
  step:  60 bond rmsd: 0.001528
  step:  61 bond rmsd: 0.001525
  step:  62 bond rmsd: 0.001523
  step:  63 bond rmsd: 0.001519
  step:  64 bond rmsd: 0.001517
  step:  65 bond rmsd: 0.001515
  step:  66 bond rmsd: 0.001515
  step:  67 bond rmsd: 0.001505
  step:  68 bond rmsd: 0.001511
  step:  69 bond rmsd: 0.001513
  step:  70 bond rmsd: 0.001513
  step:  71 bond rmsd: 0.001511
  step:  72 bond rmsd: 0.001510
  step:  73 bond rmsd: 0.001508
  step:  74 bond rmsd: 0.001508
  step:  75 bond rmsd: 0.001508
  step:  76 bond rmsd: 0.001508
  step:  77 bond rmsd: 0.001511
  step:  78 bond rmsd: 0.001510
  step:  79 bond rmsd: 0.001518
  step:  80 bond rmsd: 0.001514
  step:  81 bond rmsd: 0.001512
  step:  82 bond rmsd: 0.001510
  step:  83 bond rmsd: 0.001512
  step:  84 bond rmsd: 0.001514
  step:  85 bond rmsd: 0.001520
  step:  86 bond rmsd: 0.001520
  step:  87 bond rmsd: 0.001523
  step:  88 bond rmsd: 0.001523
  step:  89 bond rmsd: 0.001524
  step:  90 bond rmsd: 0.001521
  step:  91 bond rmsd: 0.001522
  step:  92 bond rmsd: 0.001518
  step:  93 bond rmsd: 0.001520
  step:  94 bond rmsd: 0.001516
  step:  95 bond rmsd: 0.001515
  step:  96 bond rmsd: 0.001513
  step:  97 bond rmsd: 0.001529
  step:  98 bond rmsd: 0.001519
  step:  99 bond rmsd: 0.001517
  step: 100 bond rmsd: 0.001514
  step: 101 bond rmsd: 0.001508
  step: 102 bond rmsd: 0.001510
  step: 103 bond rmsd: 0.001511
  step: 104 bond rmsd: 0.001518
  step: 105 bond rmsd: 0.001525
  step: 106 bond rmsd: 0.001525
  step: 107 bond rmsd: 0.001525
  step: 108 bond rmsd: 0.001527
  step: 109 bond rmsd: 0.001517
  step: 110 bond rmsd: 0.001522
  step: 111 bond rmsd: 0.001522
  step: 112 bond rmsd: 0.001520
  step: 113 bond rmsd: 0.001518
  step: 114 bond rmsd: 0.001511
  step: 115 bond rmsd: 0.001508
  step: 116 bond rmsd: 0.001503
  step: 117 bond rmsd: 0.001503
  step: 118 bond rmsd: 0.001501
  step: 119 bond rmsd: 0.001501
  step: 120 bond rmsd: 0.001499
  step: 121 bond rmsd: 0.001492
  step: 122 bond rmsd: 0.001493
  step: 123 bond rmsd: 0.001489
  step: 124 bond rmsd: 0.001488
  step: 125 bond rmsd: 0.001484
  step: 126 bond rmsd: 0.001487
  step: 127 bond rmsd: 0.001484
  step: 128 bond rmsd: 0.001484
  step: 129 bond rmsd: 0.001486
  step: 130 bond rmsd: 0.001485
  step: 131 bond rmsd: 0.001485
  step: 132 bond rmsd: 0.001482
  step: 133 bond rmsd: 0.001480
  step: 134 bond rmsd: 0.001476
  step: 135 bond rmsd: 0.001480
  step: 136 bond rmsd: 0.001477
  step: 137 bond rmsd: 0.001484
  step: 138 bond rmsd: 0.001485
  step: 139 bond rmsd: 0.001492
  step: 140 bond rmsd: 0.001498
  step: 141 bond rmsd: 0.001495
  step: 142 bond rmsd: 0.001496
  step: 143 bond rmsd: 0.001500
  step: 144 bond rmsd: 0.001508
  step: 145 bond rmsd: 0.001513
  step: 146 bond rmsd: 0.001514
  step: 147 bond rmsd: 0.001515
  step: 148 bond rmsd: 0.001515
  step: 149 bond rmsd: 0.001523
  step: 150 bond rmsd: 0.001517
  step: 151 bond rmsd: 0.001513
  step: 152 bond rmsd: 0.001512
  step: 153 bond rmsd: 0.001508
  step: 154 bond rmsd: 0.001512
  step: 155 bond rmsd: 0.001510
  step: 156 bond rmsd: 0.001508
  step: 157 bond rmsd: 0.001507
  step: 158 bond rmsd: 0.001507
  step: 159 bond rmsd: 0.001507
  step: 160 bond rmsd: 0.001507
  step: 161 bond rmsd: 0.001506
  step: 162 bond rmsd: 0.001506
  step: 163 bond rmsd: 0.001506
  step: 164 bond rmsd: 0.001505
  step: 165 bond rmsd: 0.001505
  step: 166 bond rmsd: 0.001501
  step: 167 bond rmsd: 0.001503
  step: 168 bond rmsd: 0.001501
  step: 169 bond rmsd: 0.001501
  step: 170 bond rmsd: 0.001495
  step: 171 bond rmsd: 0.001498
  step: 172 bond rmsd: 0.001500
  step: 173 bond rmsd: 0.001503
  step: 174 bond rmsd: 0.001505
  step: 175 bond rmsd: 0.001508
  step: 176 bond rmsd: 0.001510
  step: 177 bond rmsd: 0.001512
  step: 178 bond rmsd: 0.001511
  step: 179 bond rmsd: 0.001509
  step: 180 bond rmsd: 0.001510
  step: 181 bond rmsd: 0.001509
  step: 182 bond rmsd: 0.001507
  step: 183 bond rmsd: 0.001514
  step: 184 bond rmsd: 0.001510
  step: 185 bond rmsd: 0.001507
  step: 186 bond rmsd: 0.001507
  step: 187 bond rmsd: 0.001510
  step: 188 bond rmsd: 0.001508
  step: 189 bond rmsd: 0.001507
  step: 190 bond rmsd: 0.001500
  step: 191 bond rmsd: 0.001504
  step: 192 bond rmsd: 0.001499
  step: 193 bond rmsd: 0.001495
  step: 194 bond rmsd: 0.001493
  step: 195 bond rmsd: 0.001494
  step: 196 bond rmsd: 0.001493
  step: 197 bond rmsd: 0.001495
  step: 198 bond rmsd: 0.001492
  step: 199 bond rmsd: 0.001499
  step: 200 bond rmsd: 0.001495
  step: 201 bond rmsd: 0.001492
  step: 202 bond rmsd: 0.001492
  step: 203 bond rmsd: 0.001496
  step: 204 bond rmsd: 0.001504
  step: 205 bond rmsd: 0.001509
  step: 206 bond rmsd: 0.001515
  step: 207 bond rmsd: 0.001516
  step: 208 bond rmsd: 0.001519
  step: 209 bond rmsd: 0.001518
  step: 210 bond rmsd: 0.001522
  step: 211 bond rmsd: 0.001521
  step: 212 bond rmsd: 0.001517
  step: 213 bond rmsd: 0.001520
  step: 214 bond rmsd: 0.001518
  step: 215 bond rmsd: 0.001517
  step: 216 bond rmsd: 0.001516
  step: 217 bond rmsd: 0.001512
  step: 218 bond rmsd: 0.001516
  step: 219 bond rmsd: 0.001513
  step: 220 bond rmsd: 0.001507
  step: 221 bond rmsd: 0.001506
  step: 222 bond rmsd: 0.001500
  step: 223 bond rmsd: 0.001503
  step: 224 bond rmsd: 0.001500
  step: 225 bond rmsd: 0.001498
  step: 226 bond rmsd: 0.001498
  step: 227 bond rmsd: 0.001497
  step: 228 bond rmsd: 0.001499
  step: 229 bond rmsd: 0.001498
  step: 230 bond rmsd: 0.001498
  step: 231 bond rmsd: 0.001499
  step: 232 bond rmsd: 0.001507
  step: 233 bond rmsd: 0.001507
  step: 234 bond rmsd: 0.001507
  step: 235 bond rmsd: 0.001510
  step: 236 bond rmsd: 0.001508
  step: 237 bond rmsd: 0.001518
  step: 238 bond rmsd: 0.001515
  step: 239 bond rmsd: 0.001511
  step: 240 bond rmsd: 0.001504
  step: 241 bond rmsd: 0.001502
  step: 242 bond rmsd: 0.001495
  step: 243 bond rmsd: 0.001510
  step: 244 bond rmsd: 0.001498
  step: 245 bond rmsd: 0.001497
  step: 246 bond rmsd: 0.001497
  step: 247 bond rmsd: 0.001490
  step: 248 bond rmsd: 0.001491
  step: 249 bond rmsd: 0.001492
  step: 250 bond rmsd: 0.001490
  step: 251 bond rmsd: 0.001488
  step: 252 bond rmsd: 0.001483
  step: 253 bond rmsd: 0.001484
  step: 254 bond rmsd: 0.001483
  step: 255 bond rmsd: 0.001482
  step: 256 bond rmsd: 0.001483
  step: 257 bond rmsd: 0.001485
  step: 258 bond rmsd: 0.001486
  step: 259 bond rmsd: 0.001495
  step: 260 bond rmsd: 0.001489
  step: 261 bond rmsd: 0.001489
  step: 262 bond rmsd: 0.001489
  step: 263 bond rmsd: 0.001518
  step: 264 bond rmsd: 0.001500
  step: 265 bond rmsd: 0.001503
  step: 266 bond rmsd: 0.001516
  step: 267 bond rmsd: 0.001524
  step: 268 bond rmsd: 0.001528
  step: 269 bond rmsd: 0.001533
  step: 270 bond rmsd: 0.001538
  step: 271 bond rmsd: 0.001551
  step: 272 bond rmsd: 0.001564
  step: 273 bond rmsd: 0.001559
  step: 274 bond rmsd: 0.001557
  step: 275 bond rmsd: 0.001555
  step: 276 bond rmsd: 0.001551
  step: 277 bond rmsd: 0.001558
  step: 278 bond rmsd: 0.001563
  step: 279 bond rmsd: 0.001573
  step: 280 bond rmsd: 0.001581
  step: 281 bond rmsd: 0.001576
  step: 282 bond rmsd: 0.001569
  step: 283 bond rmsd: 0.001566
  step: 284 bond rmsd: 0.001547
  step: 285 bond rmsd: 0.001548
  step: 286 bond rmsd: 0.001547
  step: 287 bond rmsd: 0.001543
  step: 288 bond rmsd: 0.001535
  step: 289 bond rmsd: 0.001533
  step: 290 bond rmsd: 0.001532
  step: 291 bond rmsd: 0.001523
  step: 292 bond rmsd: 0.001516
  step: 293 bond rmsd: 0.001508
  step: 294 bond rmsd: 0.001497
  step: 295 bond rmsd: 0.001502
  step: 296 bond rmsd: 0.001498
  step: 297 bond rmsd: 0.001497
  step: 298 bond rmsd: 0.001495
  step: 299 bond rmsd: 0.001493
  step: 300 bond rmsd: 0.001487
  step: 301 bond rmsd: 0.001479
  step: 302 bond rmsd: 0.001475
  step: 303 bond rmsd: 0.001473
  step: 304 bond rmsd: 0.001470
  step: 305 bond rmsd: 0.001480
  step: 306 bond rmsd: 0.001473
  step: 307 bond rmsd: 0.001469
  step: 308 bond rmsd: 0.001468
  step: 309 bond rmsd: 0.001463
  step: 310 bond rmsd: 0.001461
  step: 311 bond rmsd: 0.001458
  step: 312 bond rmsd: 0.001454
  step: 313 bond rmsd: 0.001453
  step: 314 bond rmsd: 0.001453
  step: 315 bond rmsd: 0.001454
  step: 316 bond rmsd: 0.001459
  step: 317 bond rmsd: 0.001466
micro_cycle   3 rmsd(b):  0.0015 rws:  1.000 n_fev: 945
See 8_refined.pdb in pdb folder.
Time: 10.0850
