Starting Q|R
version:   v1.0-114-g3318f9  
Running refinement
   input {
     xray_data {
       file_name = None
       labels = None
       high_resolution = None
       low_resolution = None
       outliers_rejection = True
       french_wilson_scale = True
       french_wilson {
         max_bins = 60
         min_bin_size = 40
       }
       sigma_fobs_rejection_criterion = None
       sigma_iobs_rejection_criterion = None
       ignore_all_zeros = True
       force_anomalous_flag_to_be_equal_to = None
       convert_to_non_anomalous_if_ratio_pairs_lone_less_than_threshold = 0.5
       r_free_flags {
         file_name = None
         label = None
         test_flag_value = None
         ignore_r_free_flags = False
         disable_suitability_test = False
         ignore_pdb_hexdigest = False
         generate = False
         fraction = 0.1
         max_free = 2000
         lattice_symmetry_max_delta = 5
         use_lattice_symmetry = True
         use_dataman_shells = False
         n_shells = 20
       }
     }
     pdb {
       file_name = None
     }
     monomers {
       file_name = None
     }
     maps {
       map_file_name = None
       d_min = None
       map_coefficients_file_name = None
       map_coefficients_label = None
     }
     sequence = None
     scattering_table = wk1995 it1992 *n_gaussian neutron electron
     wavelength = None
     energy = None
     twin_law = Auto
   }
   max_atoms = 15000
   debug = False
   cluster {
     charge_cutoff = 8.0
     clustering = false
     charge_embedding = False
     two_buffers = False
     maxnum_residues_in_cluster = 15
     clustering_method = gnc *bcc
     altloc_method = *average subtract
     g_scan = 10 15 20
     g_mode = None
   }
   restraints = *cctbx qm
   quantum {
     engine_name = *mopac ani torchani terachem turbomole pyscf orca gaussian \
                   xtb
     charge = None
     basis = Auto
     method = Auto
     memory = None
     nproc = None
     qm_addon = gcp dftd3 gcp-d3
     qm_addon_method = None
   }
   refine {
     dry_run = False
     sf_algorithm = *direct fft
     refinement_target_name = *ml ls_wunit_k1
     mode = *opt refine gtest
     number_of_macro_cycles = 1
     number_of_weight_search_cycles = 50
     number_of_refine_cycles = 5
     number_of_micro_cycles = 3
     data_weight = None
     choose_best_use_r_work = False
     skip_weight_search = False
     adjust_restraints_weight_scale_value = 2
     max_iterations_weight = 50
     max_iterations_refine = 300
     use_ase_lbfgs = False
     line_search = True
     stpmax = 3
     gradient_only = true
     update_all_scales = True
     refine_sites = True
     refine_adp = False
     restraints_weight_scale = 1.0
     shake_sites = False
     use_convergence_test = true
     max_bond_rmsd = 0.03
     max_r_work_r_free_gap = 5.0
     r_tolerance = 0.001
     rmsd_tolerance = 0.001
     opt_log = False
     pre_opt = False
     pre_opt_stpmax = 0.1
     pre_opt_iter = 10
     pre_opt_switch = 2
     pre_opt_gconv = 3000
   }
   parallel {
     method = *multiprocessing slurm pbs sge lsf threading
     nproc = None
     qsub_command = None
   }
   output_file_name_prefix = None
   output_folder_name = "pdb"
   shared_disk = True
   rst_file = None
   dump_gradients = None

Setting QM defaults
  Setting QM method to PM7


***********************************************************
restart info will be stored in /home/lum/cctbx_opt_final/1.5/cctbx_opt/pdb/9.rst.pickle
***********************************************************

start   0 rmsd(b):  0.0186 rws:  1.000 n_fev: 0
  step:   1 bond rmsd: 0.018601
  step:   2 bond rmsd: 0.077538
  step:   3 bond rmsd: 1.306355
  step:   4 bond rmsd: 0.017953
  step:   5 bond rmsd: 0.014046
  step:   6 bond rmsd: 0.011425
  step:   7 bond rmsd: 0.011056
  step:   8 bond rmsd: 0.009589
  step:   9 bond rmsd: 0.009894
  step:  10 bond rmsd: 0.009003
  step:  11 bond rmsd: 0.007740
  step:  12 bond rmsd: 0.006669
  step:  13 bond rmsd: 0.005992
  step:  14 bond rmsd: 0.005410
  step:  15 bond rmsd: 0.005041
  step:  16 bond rmsd: 0.004845
  step:  17 bond rmsd: 0.004650
  step:  18 bond rmsd: 0.004400
  step:  19 bond rmsd: 0.004320
  step:  20 bond rmsd: 0.004191
  step:  21 bond rmsd: 0.004054
  step:  22 bond rmsd: 0.003948
  step:  23 bond rmsd: 0.004141
  step:  24 bond rmsd: 0.003932
  step:  25 bond rmsd: 0.003925
  step:  26 bond rmsd: 0.003920
  step:  27 bond rmsd: 0.003782
  step:  28 bond rmsd: 0.003642
  step:  29 bond rmsd: 0.003541
  step:  30 bond rmsd: 0.003376
  step:  31 bond rmsd: 0.003215
  step:  32 bond rmsd: 0.003392
  step:  33 bond rmsd: 0.003123
  step:  34 bond rmsd: 0.003031
  step:  35 bond rmsd: 0.002974
  step:  36 bond rmsd: 0.002899
  step:  37 bond rmsd: 0.002848
  step:  38 bond rmsd: 0.002762
  step:  39 bond rmsd: 0.002715
  step:  40 bond rmsd: 0.002694
  step:  41 bond rmsd: 0.002809
  step:  42 bond rmsd: 0.002791
  step:  43 bond rmsd: 0.002818
  step:  44 bond rmsd: 0.002893
  step:  45 bond rmsd: 0.003138
  step:  46 bond rmsd: 0.003071
  step:  47 bond rmsd: 0.003041
  step:  48 bond rmsd: 0.003028
  step:  49 bond rmsd: 0.003019
  step:  50 bond rmsd: 0.003098
  step:  51 bond rmsd: 0.003056
  step:  52 bond rmsd: 0.003022
  step:  53 bond rmsd: 0.003020
  step:  54 bond rmsd: 0.002967
  step:  55 bond rmsd: 0.002915
  step:  56 bond rmsd: 0.002848
  step:  57 bond rmsd: 0.002788
  step:  58 bond rmsd: 0.002724
  step:  59 bond rmsd: 0.002612
  step:  60 bond rmsd: 0.002588
  step:  61 bond rmsd: 0.002572
  step:  62 bond rmsd: 0.002515
  step:  63 bond rmsd: 0.002650
  step:  64 bond rmsd: 0.002409
  step:  65 bond rmsd: 0.002320
  step:  66 bond rmsd: 0.002191
  step:  67 bond rmsd: 0.002075
  step:  68 bond rmsd: 0.002013
  step:  69 bond rmsd: 0.001985
  step:  70 bond rmsd: 0.001987
  step:  71 bond rmsd: 0.001970
  step:  72 bond rmsd: 0.001895
  step:  73 bond rmsd: 0.001797
  step:  74 bond rmsd: 0.001767
  step:  75 bond rmsd: 0.001896
  step:  76 bond rmsd: 0.001857
  step:  77 bond rmsd: 0.001883
  step:  78 bond rmsd: 0.001934
  step:  79 bond rmsd: 0.002009
  step:  80 bond rmsd: 0.002221
  step:  81 bond rmsd: 0.002067
  step:  82 bond rmsd: 0.002131
  step:  83 bond rmsd: 0.002164
  step:  84 bond rmsd: 0.002195
  step:  85 bond rmsd: 0.002208
  step:  86 bond rmsd: 0.002259
  step:  87 bond rmsd: 0.002261
  step:  88 bond rmsd: 0.002251
  step:  89 bond rmsd: 0.002239
  step:  90 bond rmsd: 0.002198
  step:  91 bond rmsd: 0.002167
  step:  92 bond rmsd: 0.002154
  step:  93 bond rmsd: 0.002159
  step:  94 bond rmsd: 0.002172
  step:  95 bond rmsd: 0.002155
  step:  96 bond rmsd: 0.002146
  step:  97 bond rmsd: 0.002111
  step:  98 bond rmsd: 0.002096
  step:  99 bond rmsd: 0.002084
  step: 100 bond rmsd: 0.002072
  step: 101 bond rmsd: 0.002060
  step: 102 bond rmsd: 0.002028
  step: 103 bond rmsd: 0.002016
  step: 104 bond rmsd: 0.002033
  step: 105 bond rmsd: 0.002041
  step: 106 bond rmsd: 0.002041
  step: 107 bond rmsd: 0.002053
  step: 108 bond rmsd: 0.002063
  step: 109 bond rmsd: 0.002174
  step: 110 bond rmsd: 0.002125
  step: 111 bond rmsd: 0.002112
  step: 112 bond rmsd: 0.002109
  step: 113 bond rmsd: 0.002104
  step: 114 bond rmsd: 0.002084
  step: 115 bond rmsd: 0.002078
  step: 116 bond rmsd: 0.002081
  step: 117 bond rmsd: 0.002091
  step: 118 bond rmsd: 0.002142
  step: 119 bond rmsd: 0.002183
  step: 120 bond rmsd: 0.002163
  step: 121 bond rmsd: 0.002135
  step: 122 bond rmsd: 0.002127
  step: 123 bond rmsd: 0.002085
  step: 124 bond rmsd: 0.002083
  step: 125 bond rmsd: 0.002089
  step: 126 bond rmsd: 0.002081
  step: 127 bond rmsd: 0.002066
  step: 128 bond rmsd: 0.002046
  step: 129 bond rmsd: 0.002020
  step: 130 bond rmsd: 0.001988
  step: 131 bond rmsd: 0.001927
  step: 132 bond rmsd: 0.001935
  step: 133 bond rmsd: 0.001908
  step: 134 bond rmsd: 0.001883
  step: 135 bond rmsd: 0.001868
  step: 136 bond rmsd: 0.001836
  step: 137 bond rmsd: 0.001801
  step: 138 bond rmsd: 0.001796
  step: 139 bond rmsd: 0.001779
  step: 140 bond rmsd: 0.001771
  step: 141 bond rmsd: 0.001754
  step: 142 bond rmsd: 0.001779
  step: 143 bond rmsd: 0.001731
  step: 144 bond rmsd: 0.001724
  step: 145 bond rmsd: 0.001725
  step: 146 bond rmsd: 0.001739
  step: 147 bond rmsd: 0.001786
  step: 148 bond rmsd: 0.001772
  step: 149 bond rmsd: 0.001774
  step: 150 bond rmsd: 0.001785
  step: 151 bond rmsd: 0.001913
  step: 152 bond rmsd: 0.001865
  step: 153 bond rmsd: 0.001866
  step: 154 bond rmsd: 0.001893
  step: 155 bond rmsd: 0.001924
  step: 156 bond rmsd: 0.002006
  step: 157 bond rmsd: 0.002025
  step: 158 bond rmsd: 0.002008
  step: 159 bond rmsd: 0.001995
  step: 160 bond rmsd: 0.002011
  step: 161 bond rmsd: 0.001982
  step: 162 bond rmsd: 0.001981
  step: 163 bond rmsd: 0.001990
  step: 164 bond rmsd: 0.001973
  step: 165 bond rmsd: 0.002056
  step: 166 bond rmsd: 0.001981
  step: 167 bond rmsd: 0.001951
  step: 168 bond rmsd: 0.001920
  step: 169 bond rmsd: 0.001914
  step: 170 bond rmsd: 0.001880
  step: 171 bond rmsd: 0.001880
  step: 172 bond rmsd: 0.001879
  step: 173 bond rmsd: 0.001860
  step: 174 bond rmsd: 0.001898
  step: 175 bond rmsd: 0.001838
  step: 176 bond rmsd: 0.001815
  step: 177 bond rmsd: 0.001795
  step: 178 bond rmsd: 0.001791
  step: 179 bond rmsd: 0.001769
  step: 180 bond rmsd: 0.001767
  step: 181 bond rmsd: 0.001790
  step: 182 bond rmsd: 0.001778
  step: 183 bond rmsd: 0.001768
  step: 184 bond rmsd: 0.001760
  step: 185 bond rmsd: 0.001867
  step: 186 bond rmsd: 0.001783
  step: 187 bond rmsd: 0.001788
  step: 188 bond rmsd: 0.001821
  step: 189 bond rmsd: 0.001823
  step: 190 bond rmsd: 0.001837
  step: 191 bond rmsd: 0.001839
  step: 192 bond rmsd: 0.001834
  step: 193 bond rmsd: 0.001809
  step: 194 bond rmsd: 0.001781
  step: 195 bond rmsd: 0.001750
  step: 196 bond rmsd: 0.001734
  step: 197 bond rmsd: 0.001733
  step: 198 bond rmsd: 0.001704
  step: 199 bond rmsd: 0.001697
  step: 200 bond rmsd: 0.001700
  step: 201 bond rmsd: 0.001686
  step: 202 bond rmsd: 0.001703
  step: 203 bond rmsd: 0.001641
  step: 204 bond rmsd: 0.001612
  step: 205 bond rmsd: 0.001590
  step: 206 bond rmsd: 0.001586
  step: 207 bond rmsd: 0.001608
  step: 208 bond rmsd: 0.001618
  step: 209 bond rmsd: 0.001632
  step: 210 bond rmsd: 0.001639
  step: 211 bond rmsd: 0.001674
  step: 212 bond rmsd: 0.001657
  step: 213 bond rmsd: 0.001651
  step: 214 bond rmsd: 0.001664
  step: 215 bond rmsd: 0.001731
  step: 216 bond rmsd: 0.001686
  step: 217 bond rmsd: 0.001722
  step: 218 bond rmsd: 0.001735
  step: 219 bond rmsd: 0.001750
  step: 220 bond rmsd: 0.001751
  step: 221 bond rmsd: 0.001746
  step: 222 bond rmsd: 0.001728
  step: 223 bond rmsd: 0.001709
  step: 224 bond rmsd: 0.001687
  step: 225 bond rmsd: 0.001679
  step: 226 bond rmsd: 0.001673
  step: 227 bond rmsd: 0.001674
  step: 228 bond rmsd: 0.001656
  step: 229 bond rmsd: 0.001644
  step: 230 bond rmsd: 0.001613
  step: 231 bond rmsd: 0.001603
  step: 232 bond rmsd: 0.001577
  step: 233 bond rmsd: 0.001598
  step: 234 bond rmsd: 0.001580
  step: 235 bond rmsd: 0.001569
  step: 236 bond rmsd: 0.001565
  step: 237 bond rmsd: 0.001568
  step: 238 bond rmsd: 0.001569
  step: 239 bond rmsd: 0.001575
  step: 240 bond rmsd: 0.001580
  step: 241 bond rmsd: 0.001575
  step: 242 bond rmsd: 0.001570
  step: 243 bond rmsd: 0.001588
  step: 244 bond rmsd: 0.001596
  step: 245 bond rmsd: 0.001620
  step: 246 bond rmsd: 0.001634
  step: 247 bond rmsd: 0.001641
  step: 248 bond rmsd: 0.001659
  step: 249 bond rmsd: 0.001640
  step: 250 bond rmsd: 0.001629
  step: 251 bond rmsd: 0.001612
  step: 252 bond rmsd: 0.001617
  step: 253 bond rmsd: 0.001616
  step: 254 bond rmsd: 0.001626
  step: 255 bond rmsd: 0.001637
  step: 256 bond rmsd: 0.001638
  step: 257 bond rmsd: 0.001635
  step: 258 bond rmsd: 0.001614
  step: 259 bond rmsd: 0.001616
  step: 260 bond rmsd: 0.001607
  step: 261 bond rmsd: 0.001610
  step: 262 bond rmsd: 0.001606
  step: 263 bond rmsd: 0.001611
  step: 264 bond rmsd: 0.001627
  step: 265 bond rmsd: 0.001633
  step: 266 bond rmsd: 0.001634
  step: 267 bond rmsd: 0.001637
  step: 268 bond rmsd: 0.001625
  step: 269 bond rmsd: 0.001615
  step: 270 bond rmsd: 0.001617
  step: 271 bond rmsd: 0.001626
  step: 272 bond rmsd: 0.001642
  step: 273 bond rmsd: 0.001652
  step: 274 bond rmsd: 0.001666
  step: 275 bond rmsd: 0.001679
  step: 276 bond rmsd: 0.001676
  step: 277 bond rmsd: 0.001672
  step: 278 bond rmsd: 0.001672
  step: 279 bond rmsd: 0.001674
  step: 280 bond rmsd: 0.001691
  step: 281 bond rmsd: 0.001704
  step: 282 bond rmsd: 0.001720
  step: 283 bond rmsd: 0.001727
  step: 284 bond rmsd: 0.001722
  step: 285 bond rmsd: 0.001711
  step: 286 bond rmsd: 0.001699
  step: 287 bond rmsd: 0.001691
  step: 288 bond rmsd: 0.001683
  step: 289 bond rmsd: 0.001680
  step: 290 bond rmsd: 0.001677
  step: 291 bond rmsd: 0.001672
  step: 292 bond rmsd: 0.001659
  step: 293 bond rmsd: 0.001653
  step: 294 bond rmsd: 0.001640
  step: 295 bond rmsd: 0.001670
  step: 296 bond rmsd: 0.001634
  step: 297 bond rmsd: 0.001627
  step: 298 bond rmsd: 0.001631
  step: 299 bond rmsd: 0.001651
  step: 300 bond rmsd: 0.001711
  step: 301 bond rmsd: 0.001669
  step: 302 bond rmsd: 0.001701
  step: 303 bond rmsd: 0.001709
  step: 304 bond rmsd: 0.001714
  step: 305 bond rmsd: 0.001696
  step: 306 bond rmsd: 0.001683
  step: 307 bond rmsd: 0.001670
  step: 308 bond rmsd: 0.001681
  step: 309 bond rmsd: 0.001696
  step: 310 bond rmsd: 0.001718
  step: 311 bond rmsd: 0.001718
micro_cycle   1 rmsd(b):  0.0017 rws:  1.000 n_fev: 311
  step:   1 bond rmsd: 0.001718
  step:   2 bond rmsd: 0.074082
  step:   3 bond rmsd: 0.002395
  step:   4 bond rmsd: 0.001703
  step:   5 bond rmsd: 0.001697
  step:   6 bond rmsd: 0.001663
  step:   7 bond rmsd: 0.001641
  step:   8 bond rmsd: 0.001622
  step:   9 bond rmsd: 0.001620
  step:  10 bond rmsd: 0.001632
  step:  11 bond rmsd: 0.001638
  step:  12 bond rmsd: 0.001648
  step:  13 bond rmsd: 0.001640
  step:  14 bond rmsd: 0.001640
  step:  15 bond rmsd: 0.001614
  step:  16 bond rmsd: 0.001602
  step:  17 bond rmsd: 0.001590
  step:  18 bond rmsd: 0.001595
  step:  19 bond rmsd: 0.001597
  step:  20 bond rmsd: 0.001614
  step:  21 bond rmsd: 0.001632
  step:  22 bond rmsd: 0.001718
  step:  23 bond rmsd: 0.001667
  step:  24 bond rmsd: 0.001679
  step:  25 bond rmsd: 0.001684
  step:  26 bond rmsd: 0.001685
  step:  27 bond rmsd: 0.001686
  step:  28 bond rmsd: 0.001684
  step:  29 bond rmsd: 0.001701
  step:  30 bond rmsd: 0.001686
  step:  31 bond rmsd: 0.001693
  step:  32 bond rmsd: 0.001693
  step:  33 bond rmsd: 0.001702
  step:  34 bond rmsd: 0.001690
  step:  35 bond rmsd: 0.001685
  step:  36 bond rmsd: 0.001668
  step:  37 bond rmsd: 0.001662
  step:  38 bond rmsd: 0.001660
  step:  39 bond rmsd: 0.001654
  step:  40 bond rmsd: 0.001643
  step:  41 bond rmsd: 0.001642
  step:  42 bond rmsd: 0.001628
  step:  43 bond rmsd: 0.001624
  step:  44 bond rmsd: 0.001616
  step:  45 bond rmsd: 0.001604
  step:  46 bond rmsd: 0.001590
  step:  47 bond rmsd: 0.001570
  step:  48 bond rmsd: 0.001552
  step:  49 bond rmsd: 0.001558
  step:  50 bond rmsd: 0.001565
  step:  51 bond rmsd: 0.001565
  step:  52 bond rmsd: 0.001577
  step:  53 bond rmsd: 0.001563
  step:  54 bond rmsd: 0.001552
  step:  55 bond rmsd: 0.001545
  step:  56 bond rmsd: 0.001543
  step:  57 bond rmsd: 0.001540
  step:  58 bond rmsd: 0.001544
  step:  59 bond rmsd: 0.001551
  step:  60 bond rmsd: 0.001559
  step:  61 bond rmsd: 0.001566
  step:  62 bond rmsd: 0.001557
  step:  63 bond rmsd: 0.001572
  step:  64 bond rmsd: 0.001573
  step:  65 bond rmsd: 0.001576
  step:  66 bond rmsd: 0.001575
  step:  67 bond rmsd: 0.001576
  step:  68 bond rmsd: 0.001583
  step:  69 bond rmsd: 0.001588
  step:  70 bond rmsd: 0.001582
  step:  71 bond rmsd: 0.001586
  step:  72 bond rmsd: 0.001578
  step:  73 bond rmsd: 0.001567
  step:  74 bond rmsd: 0.001546
  step:  75 bond rmsd: 0.001534
  step:  76 bond rmsd: 0.001523
  step:  77 bond rmsd: 0.001525
  step:  78 bond rmsd: 0.001520
  step:  79 bond rmsd: 0.001521
  step:  80 bond rmsd: 0.001522
  step:  81 bond rmsd: 0.001528
  step:  82 bond rmsd: 0.001517
  step:  83 bond rmsd: 0.001509
  step:  84 bond rmsd: 0.001502
  step:  85 bond rmsd: 0.001518
  step:  86 bond rmsd: 0.001515
  step:  87 bond rmsd: 0.001523
  step:  88 bond rmsd: 0.001532
  step:  89 bond rmsd: 0.001551
  step:  90 bond rmsd: 0.001559
  step:  91 bond rmsd: 0.001562
  step:  92 bond rmsd: 0.001571
  step:  93 bond rmsd: 0.001577
  step:  94 bond rmsd: 0.001582
  step:  95 bond rmsd: 0.001592
  step:  96 bond rmsd: 0.001603
  step:  97 bond rmsd: 0.001620
  step:  98 bond rmsd: 0.001625
  step:  99 bond rmsd: 0.001620
  step: 100 bond rmsd: 0.001618
  step: 101 bond rmsd: 0.001602
  step: 102 bond rmsd: 0.001605
  step: 103 bond rmsd: 0.001606
  step: 104 bond rmsd: 0.001603
  step: 105 bond rmsd: 0.001592
  step: 106 bond rmsd: 0.001579
  step: 107 bond rmsd: 0.001563
  step: 108 bond rmsd: 0.001543
  step: 109 bond rmsd: 0.001503
  step: 110 bond rmsd: 0.001496
  step: 111 bond rmsd: 0.001476
  step: 112 bond rmsd: 0.001464
  step: 113 bond rmsd: 0.001447
  step: 114 bond rmsd: 0.001448
  step: 115 bond rmsd: 0.001454
  step: 116 bond rmsd: 0.001459
  step: 117 bond rmsd: 0.001465
  step: 118 bond rmsd: 0.001456
  step: 119 bond rmsd: 0.001450
  step: 120 bond rmsd: 0.001444
  step: 121 bond rmsd: 0.001448
  step: 122 bond rmsd: 0.001446
  step: 123 bond rmsd: 0.001455
  step: 124 bond rmsd: 0.001466
  step: 125 bond rmsd: 0.001503
  step: 126 bond rmsd: 0.001497
  step: 127 bond rmsd: 0.001497
  step: 128 bond rmsd: 0.001501
  step: 129 bond rmsd: 0.001511
  step: 130 bond rmsd: 0.001522
  step: 131 bond rmsd: 0.001523
  step: 132 bond rmsd: 0.001525
  step: 133 bond rmsd: 0.001531
  step: 134 bond rmsd: 0.001549
  step: 135 bond rmsd: 0.001561
  step: 136 bond rmsd: 0.001564
  step: 137 bond rmsd: 0.001564
  step: 138 bond rmsd: 0.001565
  step: 139 bond rmsd: 0.001555
  step: 140 bond rmsd: 0.001559
  step: 141 bond rmsd: 0.001561
  step: 142 bond rmsd: 0.001564
  step: 143 bond rmsd: 0.001561
  step: 144 bond rmsd: 0.001580
  step: 145 bond rmsd: 0.001554
  step: 146 bond rmsd: 0.001543
  step: 147 bond rmsd: 0.001531
  step: 148 bond rmsd: 0.001508
  step: 149 bond rmsd: 0.001500
  step: 150 bond rmsd: 0.001497
  step: 151 bond rmsd: 0.001502
  step: 152 bond rmsd: 0.001506
  step: 153 bond rmsd: 0.001525
  step: 154 bond rmsd: 0.001522
  step: 155 bond rmsd: 0.001518
  step: 156 bond rmsd: 0.001512
  step: 157 bond rmsd: 0.001497
  step: 158 bond rmsd: 0.001494
  step: 159 bond rmsd: 0.001493
  step: 160 bond rmsd: 0.001497
  step: 161 bond rmsd: 0.001561
  step: 162 bond rmsd: 0.001523
  step: 163 bond rmsd: 0.001528
  step: 164 bond rmsd: 0.001533
  step: 165 bond rmsd: 0.001537
  step: 166 bond rmsd: 0.001550
  step: 167 bond rmsd: 0.001543
  step: 168 bond rmsd: 0.001538
  step: 169 bond rmsd: 0.001524
  step: 170 bond rmsd: 0.001511
  step: 171 bond rmsd: 0.001495
  step: 172 bond rmsd: 0.001474
  step: 173 bond rmsd: 0.001474
  step: 174 bond rmsd: 0.001469
  step: 175 bond rmsd: 0.001470
  step: 176 bond rmsd: 0.001463
  step: 177 bond rmsd: 0.001438
  step: 178 bond rmsd: 0.001443
  step: 179 bond rmsd: 0.001441
  step: 180 bond rmsd: 0.001444
  step: 181 bond rmsd: 0.001444
  step: 182 bond rmsd: 0.001471
  step: 183 bond rmsd: 0.001449
  step: 184 bond rmsd: 0.001439
  step: 185 bond rmsd: 0.001437
  step: 186 bond rmsd: 0.001430
  step: 187 bond rmsd: 0.001437
  step: 188 bond rmsd: 0.001441
  step: 189 bond rmsd: 0.001471
  step: 190 bond rmsd: 0.001469
  step: 191 bond rmsd: 0.001472
  step: 192 bond rmsd: 0.001483
  step: 193 bond rmsd: 0.001517
  step: 194 bond rmsd: 0.001494
  step: 195 bond rmsd: 0.001510
  step: 196 bond rmsd: 0.001527
  step: 197 bond rmsd: 0.001549
  step: 198 bond rmsd: 0.001555
  step: 199 bond rmsd: 0.001561
  step: 200 bond rmsd: 0.001569
  step: 201 bond rmsd: 0.001574
  step: 202 bond rmsd: 0.001576
  step: 203 bond rmsd: 0.001576
  step: 204 bond rmsd: 0.001582
  step: 205 bond rmsd: 0.001575
  step: 206 bond rmsd: 0.001572
  step: 207 bond rmsd: 0.001575
  step: 208 bond rmsd: 0.001580
  step: 209 bond rmsd: 0.001639
  step: 210 bond rmsd: 0.001603
  step: 211 bond rmsd: 0.001601
  step: 212 bond rmsd: 0.001596
  step: 213 bond rmsd: 0.001582
  step: 214 bond rmsd: 0.001574
  step: 215 bond rmsd: 0.001566
  step: 216 bond rmsd: 0.001561
  step: 217 bond rmsd: 0.001557
  step: 218 bond rmsd: 0.001561
  step: 219 bond rmsd: 0.001563
  step: 220 bond rmsd: 0.001578
  step: 221 bond rmsd: 0.001582
  step: 222 bond rmsd: 0.001588
  step: 223 bond rmsd: 0.001585
  step: 224 bond rmsd: 0.001587
  step: 225 bond rmsd: 0.001583
  step: 226 bond rmsd: 0.001583
  step: 227 bond rmsd: 0.001593
  step: 228 bond rmsd: 0.001592
  step: 229 bond rmsd: 0.001599
  step: 230 bond rmsd: 0.001598
  step: 231 bond rmsd: 0.001591
  step: 232 bond rmsd: 0.001580
  step: 233 bond rmsd: 0.001574
  step: 234 bond rmsd: 0.001560
  step: 235 bond rmsd: 0.001558
  step: 236 bond rmsd: 0.001546
  step: 237 bond rmsd: 0.001544
  step: 238 bond rmsd: 0.001539
  step: 239 bond rmsd: 0.001534
  step: 240 bond rmsd: 0.001529
  step: 241 bond rmsd: 0.001523
  step: 242 bond rmsd: 0.001510
  step: 243 bond rmsd: 0.001515
  step: 244 bond rmsd: 0.001515
  step: 245 bond rmsd: 0.001515
  step: 246 bond rmsd: 0.001529
  step: 247 bond rmsd: 0.001526
  step: 248 bond rmsd: 0.001528
  step: 249 bond rmsd: 0.001531
  step: 250 bond rmsd: 0.001538
  step: 251 bond rmsd: 0.001537
  step: 252 bond rmsd: 0.001540
  step: 253 bond rmsd: 0.001543
  step: 254 bond rmsd: 0.001545
  step: 255 bond rmsd: 0.001560
  step: 256 bond rmsd: 0.001561
  step: 257 bond rmsd: 0.001568
  step: 258 bond rmsd: 0.001563
  step: 259 bond rmsd: 0.001563
  step: 260 bond rmsd: 0.001571
  step: 261 bond rmsd: 0.001570
  step: 262 bond rmsd: 0.001570
  step: 263 bond rmsd: 0.001568
  step: 264 bond rmsd: 0.001566
  step: 265 bond rmsd: 0.001566
  step: 266 bond rmsd: 0.001569
  step: 267 bond rmsd: 0.001561
  step: 268 bond rmsd: 0.001568
  step: 269 bond rmsd: 0.001572
  step: 270 bond rmsd: 0.001573
  step: 271 bond rmsd: 0.001568
  step: 272 bond rmsd: 0.001582
  step: 273 bond rmsd: 0.001571
  step: 274 bond rmsd: 0.001560
  step: 275 bond rmsd: 0.001553
  step: 276 bond rmsd: 0.001547
  step: 277 bond rmsd: 0.001540
  step: 278 bond rmsd: 0.001542
  step: 279 bond rmsd: 0.001544
  step: 280 bond rmsd: 0.001542
  step: 281 bond rmsd: 0.001535
  step: 282 bond rmsd: 0.001503
  step: 283 bond rmsd: 0.001517
  step: 284 bond rmsd: 0.001507
  step: 285 bond rmsd: 0.001501
  step: 286 bond rmsd: 0.001493
  step: 287 bond rmsd: 0.001485
  step: 288 bond rmsd: 0.001483
  step: 289 bond rmsd: 0.001486
  step: 290 bond rmsd: 0.001490
  step: 291 bond rmsd: 0.001494
  step: 292 bond rmsd: 0.001495
  step: 293 bond rmsd: 0.001496
  step: 294 bond rmsd: 0.001497
  step: 295 bond rmsd: 0.001505
  step: 296 bond rmsd: 0.001506
  step: 297 bond rmsd: 0.001516
  step: 298 bond rmsd: 0.001521
  step: 299 bond rmsd: 0.001528
  step: 300 bond rmsd: 0.001535
  step: 301 bond rmsd: 0.001537
  step: 302 bond rmsd: 0.001552
  step: 303 bond rmsd: 0.001544
  step: 304 bond rmsd: 0.001542
  step: 305 bond rmsd: 0.001546
  step: 306 bond rmsd: 0.001549
  step: 307 bond rmsd: 0.001560
  step: 308 bond rmsd: 0.001566
  step: 309 bond rmsd: 0.001569
  step: 310 bond rmsd: 0.001564
  step: 311 bond rmsd: 0.001567
  step: 312 bond rmsd: 0.001565
  step: 313 bond rmsd: 0.001567
micro_cycle   2 rmsd(b):  0.0016 rws:  1.000 n_fev: 624
  step:   1 bond rmsd: 0.001567
  step:   2 bond rmsd: 0.079449
  step:   3 bond rmsd: 0.001605
  step:   4 bond rmsd: 0.001565
  step:   5 bond rmsd: 0.001567
  step:   6 bond rmsd: 0.001569
  step:   7 bond rmsd: 0.001564
  step:   8 bond rmsd: 0.001561
  step:   9 bond rmsd: 0.001546
  step:  10 bond rmsd: 0.001540
  step:  11 bond rmsd: 0.001537
  step:  12 bond rmsd: 0.001536
  step:  13 bond rmsd: 0.001536
  step:  14 bond rmsd: 0.001538
  step:  15 bond rmsd: 0.001536
  step:  16 bond rmsd: 0.001536
  step:  17 bond rmsd: 0.001519
  step:  18 bond rmsd: 0.001517
  step:  19 bond rmsd: 0.001509
  step:  20 bond rmsd: 0.001504
  step:  21 bond rmsd: 0.001496
  step:  22 bond rmsd: 0.001496
  step:  23 bond rmsd: 0.001496
  step:  24 bond rmsd: 0.001499
  step:  25 bond rmsd: 0.001503
  step:  26 bond rmsd: 0.001505
  step:  27 bond rmsd: 0.001507
  step:  28 bond rmsd: 0.001506
  step:  29 bond rmsd: 0.001504
  step:  30 bond rmsd: 0.001504
  step:  31 bond rmsd: 0.001507
  step:  32 bond rmsd: 0.001511
  step:  33 bond rmsd: 0.001517
  step:  34 bond rmsd: 0.001517
  step:  35 bond rmsd: 0.001519
  step:  36 bond rmsd: 0.001513
  step:  37 bond rmsd: 0.001513
  step:  38 bond rmsd: 0.001511
  step:  39 bond rmsd: 0.001509
  step:  40 bond rmsd: 0.001503
  step:  41 bond rmsd: 0.001505
  step:  42 bond rmsd: 0.001504
  step:  43 bond rmsd: 0.001502
  step:  44 bond rmsd: 0.001502
  step:  45 bond rmsd: 0.001499
  step:  46 bond rmsd: 0.001497
  step:  47 bond rmsd: 0.001496
  step:  48 bond rmsd: 0.001490
  step:  49 bond rmsd: 0.001490
  step:  50 bond rmsd: 0.001484
  step:  51 bond rmsd: 0.001491
  step:  52 bond rmsd: 0.001489
  step:  53 bond rmsd: 0.001487
  step:  54 bond rmsd: 0.001487
  step:  55 bond rmsd: 0.001492
  step:  56 bond rmsd: 0.001492
  step:  57 bond rmsd: 0.001491
  step:  58 bond rmsd: 0.001490
  step:  59 bond rmsd: 0.001486
  step:  60 bond rmsd: 0.001488
  step:  61 bond rmsd: 0.001489
  step:  62 bond rmsd: 0.001493
  step:  63 bond rmsd: 0.001497
  step:  64 bond rmsd: 0.001508
  step:  65 bond rmsd: 0.001511
  step:  66 bond rmsd: 0.001514
  step:  67 bond rmsd: 0.001511
  step:  68 bond rmsd: 0.001510
  step:  69 bond rmsd: 0.001510
  step:  70 bond rmsd: 0.001512
  step:  71 bond rmsd: 0.001525
  step:  72 bond rmsd: 0.001525
  step:  73 bond rmsd: 0.001526
  step:  74 bond rmsd: 0.001529
  step:  75 bond rmsd: 0.001534
  step:  76 bond rmsd: 0.001533
  step:  77 bond rmsd: 0.001531
  step:  78 bond rmsd: 0.001530
  step:  79 bond rmsd: 0.001539
  step:  80 bond rmsd: 0.001539
  step:  81 bond rmsd: 0.001542
  step:  82 bond rmsd: 0.001543
  step:  83 bond rmsd: 0.001543
  step:  84 bond rmsd: 0.001536
  step:  85 bond rmsd: 0.001532
  step:  86 bond rmsd: 0.001527
  step:  87 bond rmsd: 0.001525
  step:  88 bond rmsd: 0.001522
  step:  89 bond rmsd: 0.001525
  step:  90 bond rmsd: 0.001527
  step:  91 bond rmsd: 0.001529
  step:  92 bond rmsd: 0.001522
  step:  93 bond rmsd: 0.001524
  step:  94 bond rmsd: 0.001520
  step:  95 bond rmsd: 0.001515
  step:  96 bond rmsd: 0.001509
  step:  97 bond rmsd: 0.001509
  step:  98 bond rmsd: 0.001509
  step:  99 bond rmsd: 0.001515
  step: 100 bond rmsd: 0.001518
  step: 101 bond rmsd: 0.001517
  step: 102 bond rmsd: 0.001512
  step: 103 bond rmsd: 0.001509
  step: 104 bond rmsd: 0.001514
  step: 105 bond rmsd: 0.001510
  step: 106 bond rmsd: 0.001506
  step: 107 bond rmsd: 0.001506
  step: 108 bond rmsd: 0.001505
  step: 109 bond rmsd: 0.001511
  step: 110 bond rmsd: 0.001511
  step: 111 bond rmsd: 0.001510
  step: 112 bond rmsd: 0.001505
  step: 113 bond rmsd: 0.001503
  step: 114 bond rmsd: 0.001500
  step: 115 bond rmsd: 0.001499
  step: 116 bond rmsd: 0.001496
  step: 117 bond rmsd: 0.001499
  step: 118 bond rmsd: 0.001500
  step: 119 bond rmsd: 0.001503
  step: 120 bond rmsd: 0.001495
  step: 121 bond rmsd: 0.001499
  step: 122 bond rmsd: 0.001497
  step: 123 bond rmsd: 0.001493
  step: 124 bond rmsd: 0.001489
  step: 125 bond rmsd: 0.001485
  step: 126 bond rmsd: 0.001484
  step: 127 bond rmsd: 0.001485
  step: 128 bond rmsd: 0.001487
  step: 129 bond rmsd: 0.001481
  step: 130 bond rmsd: 0.001485
  step: 131 bond rmsd: 0.001487
  step: 132 bond rmsd: 0.001486
  step: 133 bond rmsd: 0.001487
  step: 134 bond rmsd: 0.001487
  step: 135 bond rmsd: 0.001486
  step: 136 bond rmsd: 0.001486
  step: 137 bond rmsd: 0.001486
  step: 138 bond rmsd: 0.001488
  step: 139 bond rmsd: 0.001486
  step: 140 bond rmsd: 0.001488
  step: 141 bond rmsd: 0.001488
  step: 142 bond rmsd: 0.001488
  step: 143 bond rmsd: 0.001490
  step: 144 bond rmsd: 0.001489
  step: 145 bond rmsd: 0.001488
  step: 146 bond rmsd: 0.001488
  step: 147 bond rmsd: 0.001490
  step: 148 bond rmsd: 0.001485
  step: 149 bond rmsd: 0.001492
  step: 150 bond rmsd: 0.001495
  step: 151 bond rmsd: 0.001498
  step: 152 bond rmsd: 0.001503
  step: 153 bond rmsd: 0.001513
  step: 154 bond rmsd: 0.001505
  step: 155 bond rmsd: 0.001507
  step: 156 bond rmsd: 0.001508
  step: 157 bond rmsd: 0.001509
  step: 158 bond rmsd: 0.001515
  step: 159 bond rmsd: 0.001511
  step: 160 bond rmsd: 0.001513
  step: 161 bond rmsd: 0.001508
  step: 162 bond rmsd: 0.001510
  step: 163 bond rmsd: 0.001513
  step: 164 bond rmsd: 0.001512
  step: 165 bond rmsd: 0.001511
  step: 166 bond rmsd: 0.001505
  step: 167 bond rmsd: 0.001504
  step: 168 bond rmsd: 0.001505
  step: 169 bond rmsd: 0.001505
  step: 170 bond rmsd: 0.001507
  step: 171 bond rmsd: 0.001508
  step: 172 bond rmsd: 0.001519
  step: 173 bond rmsd: 0.001512
  step: 174 bond rmsd: 0.001509
  step: 175 bond rmsd: 0.001506
  step: 176 bond rmsd: 0.001515
  step: 177 bond rmsd: 0.001509
  step: 178 bond rmsd: 0.001507
  step: 179 bond rmsd: 0.001507
  step: 180 bond rmsd: 0.001508
  step: 181 bond rmsd: 0.001520
  step: 182 bond rmsd: 0.001517
  step: 183 bond rmsd: 0.001516
  step: 184 bond rmsd: 0.001515
  step: 185 bond rmsd: 0.001519
  step: 186 bond rmsd: 0.001513
  step: 187 bond rmsd: 0.001511
  step: 188 bond rmsd: 0.001510
  step: 189 bond rmsd: 0.001510
  step: 190 bond rmsd: 0.001510
  step: 191 bond rmsd: 0.001509
  step: 192 bond rmsd: 0.001509
  step: 193 bond rmsd: 0.001506
  step: 194 bond rmsd: 0.001502
  step: 195 bond rmsd: 0.001488
  step: 196 bond rmsd: 0.001488
  step: 197 bond rmsd: 0.001485
  step: 198 bond rmsd: 0.001481
  step: 199 bond rmsd: 0.001470
  step: 200 bond rmsd: 0.001473
  step: 201 bond rmsd: 0.001474
  step: 202 bond rmsd: 0.001476
  step: 203 bond rmsd: 0.001476
  step: 204 bond rmsd: 0.001478
  step: 205 bond rmsd: 0.001479
  step: 206 bond rmsd: 0.001480
  step: 207 bond rmsd: 0.001490
  step: 208 bond rmsd: 0.001490
  step: 209 bond rmsd: 0.001496
  step: 210 bond rmsd: 0.001502
  step: 211 bond rmsd: 0.001520
  step: 212 bond rmsd: 0.001528
  step: 213 bond rmsd: 0.001527
  step: 214 bond rmsd: 0.001525
  step: 215 bond rmsd: 0.001524
  step: 216 bond rmsd: 0.001525
  step: 217 bond rmsd: 0.001527
  step: 218 bond rmsd: 0.001527
  step: 219 bond rmsd: 0.001528
  step: 220 bond rmsd: 0.001526
  step: 221 bond rmsd: 0.001523
  step: 222 bond rmsd: 0.001512
  step: 223 bond rmsd: 0.001513
  step: 224 bond rmsd: 0.001513
  step: 225 bond rmsd: 0.001511
  step: 226 bond rmsd: 0.001503
  step: 227 bond rmsd: 0.001503
  step: 228 bond rmsd: 0.001501
  step: 229 bond rmsd: 0.001500
  step: 230 bond rmsd: 0.001498
  step: 231 bond rmsd: 0.001500
  step: 232 bond rmsd: 0.001502
  step: 233 bond rmsd: 0.001507
  step: 234 bond rmsd: 0.001505
  step: 235 bond rmsd: 0.001508
  step: 236 bond rmsd: 0.001509
  step: 237 bond rmsd: 0.001509
  step: 238 bond rmsd: 0.001505
  step: 239 bond rmsd: 0.001506
  step: 240 bond rmsd: 0.001506
  step: 241 bond rmsd: 0.001509
  step: 242 bond rmsd: 0.001508
  step: 243 bond rmsd: 0.001516
  step: 244 bond rmsd: 0.001521
  step: 245 bond rmsd: 0.001523
  step: 246 bond rmsd: 0.001523
  step: 247 bond rmsd: 0.001523
  step: 248 bond rmsd: 0.001518
  step: 249 bond rmsd: 0.001515
  step: 250 bond rmsd: 0.001512
  step: 251 bond rmsd: 0.001501
  step: 252 bond rmsd: 0.001507
  step: 253 bond rmsd: 0.001510
  step: 254 bond rmsd: 0.001512
  step: 255 bond rmsd: 0.001512
  step: 256 bond rmsd: 0.001515
  step: 257 bond rmsd: 0.001512
  step: 258 bond rmsd: 0.001510
  step: 259 bond rmsd: 0.001510
  step: 260 bond rmsd: 0.001508
  step: 261 bond rmsd: 0.001515
  step: 262 bond rmsd: 0.001515
  step: 263 bond rmsd: 0.001517
  step: 264 bond rmsd: 0.001514
  step: 265 bond rmsd: 0.001516
  step: 266 bond rmsd: 0.001519
  step: 267 bond rmsd: 0.001522
  step: 268 bond rmsd: 0.001522
  step: 269 bond rmsd: 0.001526
  step: 270 bond rmsd: 0.001527
  step: 271 bond rmsd: 0.001528
  step: 272 bond rmsd: 0.001523
  step: 273 bond rmsd: 0.001523
  step: 274 bond rmsd: 0.001520
  step: 275 bond rmsd: 0.001517
  step: 276 bond rmsd: 0.001514
  step: 277 bond rmsd: 0.001512
  step: 278 bond rmsd: 0.001511
  step: 279 bond rmsd: 0.001510
  step: 280 bond rmsd: 0.001519
  step: 281 bond rmsd: 0.001512
  step: 282 bond rmsd: 0.001509
  step: 283 bond rmsd: 0.001507
  step: 284 bond rmsd: 0.001506
  step: 285 bond rmsd: 0.001503
  step: 286 bond rmsd: 0.001504
  step: 287 bond rmsd: 0.001506
  step: 288 bond rmsd: 0.001508
  step: 289 bond rmsd: 0.001512
  step: 290 bond rmsd: 0.001512
  step: 291 bond rmsd: 0.001515
  step: 292 bond rmsd: 0.001516
  step: 293 bond rmsd: 0.001519
  step: 294 bond rmsd: 0.001519
  step: 295 bond rmsd: 0.001519
  step: 296 bond rmsd: 0.001519
  step: 297 bond rmsd: 0.001521
  step: 298 bond rmsd: 0.001521
  step: 299 bond rmsd: 0.001524
  step: 300 bond rmsd: 0.001522
  step: 301 bond rmsd: 0.001520
  step: 302 bond rmsd: 0.001516
  step: 303 bond rmsd: 0.001512
  step: 304 bond rmsd: 0.001509
  step: 305 bond rmsd: 0.001501
  step: 306 bond rmsd: 0.001504
  step: 307 bond rmsd: 0.001506
  step: 308 bond rmsd: 0.001507
  step: 309 bond rmsd: 0.001510
micro_cycle   3 rmsd(b):  0.0015 rws:  1.000 n_fev: 933
See 9_refined.pdb in pdb folder.
Time: 9.9731
