Starting Q|R
version:   v1.0-114-g3318f9  
Running refinement
   input {
     xray_data {
       file_name = None
       labels = None
       high_resolution = None
       low_resolution = None
       outliers_rejection = True
       french_wilson_scale = True
       french_wilson {
         max_bins = 60
         min_bin_size = 40
       }
       sigma_fobs_rejection_criterion = None
       sigma_iobs_rejection_criterion = None
       ignore_all_zeros = True
       force_anomalous_flag_to_be_equal_to = None
       convert_to_non_anomalous_if_ratio_pairs_lone_less_than_threshold = 0.5
       r_free_flags {
         file_name = None
         label = None
         test_flag_value = None
         ignore_r_free_flags = False
         disable_suitability_test = False
         ignore_pdb_hexdigest = False
         generate = False
         fraction = 0.1
         max_free = 2000
         lattice_symmetry_max_delta = 5
         use_lattice_symmetry = True
         use_dataman_shells = False
         n_shells = 20
       }
     }
     pdb {
       file_name = None
     }
     monomers {
       file_name = None
     }
     maps {
       map_file_name = None
       d_min = None
       map_coefficients_file_name = None
       map_coefficients_label = None
     }
     sequence = None
     scattering_table = wk1995 it1992 *n_gaussian neutron electron
     wavelength = None
     energy = None
     twin_law = Auto
   }
   max_atoms = 15000
   debug = False
   cluster {
     charge_cutoff = 8.0
     clustering = false
     charge_embedding = False
     two_buffers = False
     maxnum_residues_in_cluster = 15
     clustering_method = gnc *bcc
     altloc_method = *average subtract
     g_scan = 10 15 20
     g_mode = None
   }
   restraints = cctbx *qm
   quantum {
     engine_name = mopac ani torchani terachem turbomole pyscf orca gaussian \
                   *xtb
     charge = None
     basis = Auto
     method = Auto
     memory = None
     nproc = 8
     qm_addon = gcp dftd3 gcp-d3
     qm_addon_method = None
   }
   refine {
     dry_run = False
     sf_algorithm = *direct fft
     refinement_target_name = *ml ls_wunit_k1
     mode = *opt refine gtest
     number_of_macro_cycles = 1
     number_of_weight_search_cycles = 50
     number_of_refine_cycles = 5
     number_of_micro_cycles = 1
     data_weight = None
     choose_best_use_r_work = False
     skip_weight_search = False
     adjust_restraints_weight_scale_value = 2
     max_iterations_weight = 50
     max_iterations_refine = 250
     use_ase_lbfgs = False
     line_search = True
     stpmax = 0.7
     gradient_only = true
     update_all_scales = True
     refine_sites = True
     refine_adp = False
     restraints_weight_scale = 1.0
     shake_sites = False
     use_convergence_test = true
     max_bond_rmsd = 0.03
     max_r_work_r_free_gap = 5.0
     r_tolerance = 0.001
     rmsd_tolerance = 0.001
     opt_log = False
     pre_opt = False
     pre_opt_stpmax = 0.1
     pre_opt_iter = 10
     pre_opt_switch = 2
     pre_opt_gconv = 3000
   }
   parallel {
     method = *multiprocessing slurm pbs sge lsf threading
     nproc = None
     qsub_command = None
   }
   output_file_name_prefix = None
   output_folder_name = "pdb"
   shared_disk = True
   rst_file = None
   dump_gradients = None
  Default method for xtb is  --gfn 2 --etemp 500 --acc 0.1 --gbsa h2o

***********************************************************
restart info will be stored in /home/lum/xtb_opt_final/0.6/xtb_opt/pdb/1.rst.pickle
***********************************************************

start   0 rmsd(b):  0.0195 rws:  1.000 n_fev: 0
  step:   1 bond rmsd: 0.019544
Running:  /home/lum/install/xtb/xtb-190329/bin/xtb  xtb_tmp.xyz --chrg 2 --grad  --gfn 2 --etemp 500 --acc 0.1 --gbsa h2o --parallel 8 > xtb.out
  step:   2 bond rmsd: 0.081073
Running:  /home/lum/install/xtb/xtb-190329/bin/xtb  xtb_tmp.xyz --chrg 2 --grad  --gfn 2 --etemp 500 --acc 0.1 --gbsa h2o --parallel 8 > xtb.out
  step:   3 bond rmsd: 0.315804
Running:  /home/lum/install/xtb/xtb-190329/bin/xtb  xtb_tmp.xyz --chrg 2 --grad  --gfn 2 --etemp 500 --acc 0.1 --gbsa h2o --parallel 8 > xtb.out
  step:   4 bond rmsd: 0.091711
Running:  /home/lum/install/xtb/xtb-190329/bin/xtb  xtb_tmp.xyz --chrg 2 --grad  --gfn 2 --etemp 500 --acc 0.1 --gbsa h2o --parallel 8 > xtb.out
  step:   5 bond rmsd: 0.073029
Running:  /home/lum/install/xtb/xtb-190329/bin/xtb  xtb_tmp.xyz --chrg 2 --grad  --gfn 2 --etemp 500 --acc 0.1 --gbsa h2o --parallel 8 > xtb.out
  step:   6 bond rmsd: 0.038935
Running:  /home/lum/install/xtb/xtb-190329/bin/xtb  xtb_tmp.xyz --chrg 2 --grad  --gfn 2 --etemp 500 --acc 0.1 --gbsa h2o --parallel 8 > xtb.out
  step:   7 bond rmsd: 0.023763
Running:  /home/lum/install/xtb/xtb-190329/bin/xtb  xtb_tmp.xyz --chrg 2 --grad  --gfn 2 --etemp 500 --acc 0.1 --gbsa h2o --parallel 8 > xtb.out
  step:   8 bond rmsd: 0.017164
Running:  /home/lum/install/xtb/xtb-190329/bin/xtb  xtb_tmp.xyz --chrg 2 --grad  --gfn 2 --etemp 500 --acc 0.1 --gbsa h2o --parallel 8 > xtb.out
  step:   9 bond rmsd: 0.013688
Running:  /home/lum/install/xtb/xtb-190329/bin/xtb  xtb_tmp.xyz --chrg 2 --grad  --gfn 2 --etemp 500 --acc 0.1 --gbsa h2o --parallel 8 > xtb.out
  step:  10 bond rmsd: 0.012417
Running:  /home/lum/install/xtb/xtb-190329/bin/xtb  xtb_tmp.xyz --chrg 2 --grad  --gfn 2 --etemp 500 --acc 0.1 --gbsa h2o --parallel 8 > xtb.out
  step:  11 bond rmsd: 0.012578
Running:  /home/lum/install/xtb/xtb-190329/bin/xtb  xtb_tmp.xyz --chrg 2 --grad  --gfn 2 --etemp 500 --acc 0.1 --gbsa h2o --parallel 8 > xtb.out
  step:  12 bond rmsd: 0.012831
Running:  /home/lum/install/xtb/xtb-190329/bin/xtb  xtb_tmp.xyz --chrg 2 --grad  --gfn 2 --etemp 500 --acc 0.1 --gbsa h2o --parallel 8 > xtb.out
  step:  13 bond rmsd: 0.013306
Running:  /home/lum/install/xtb/xtb-190329/bin/xtb  xtb_tmp.xyz --chrg 2 --grad  --gfn 2 --etemp 500 --acc 0.1 --gbsa h2o --parallel 8 > xtb.out
  step:  14 bond rmsd: 0.012253
Running:  /home/lum/install/xtb/xtb-190329/bin/xtb  xtb_tmp.xyz --chrg 2 --grad  --gfn 2 --etemp 500 --acc 0.1 --gbsa h2o --parallel 8 > xtb.out
  step:  15 bond rmsd: 0.012390
Running:  /home/lum/install/xtb/xtb-190329/bin/xtb  xtb_tmp.xyz --chrg 2 --grad  --gfn 2 --etemp 500 --acc 0.1 --gbsa h2o --parallel 8 > xtb.out
  step:  16 bond rmsd: 0.012427
Running:  /home/lum/install/xtb/xtb-190329/bin/xtb  xtb_tmp.xyz --chrg 2 --grad  --gfn 2 --etemp 500 --acc 0.1 --gbsa h2o --parallel 8 > xtb.out
  step:  17 bond rmsd: 0.012178
Running:  /home/lum/install/xtb/xtb-190329/bin/xtb  xtb_tmp.xyz --chrg 2 --grad  --gfn 2 --etemp 500 --acc 0.1 --gbsa h2o --parallel 8 > xtb.out
  step:  18 bond rmsd: 0.012624
Running:  /home/lum/install/xtb/xtb-190329/bin/xtb  xtb_tmp.xyz --chrg 2 --grad  --gfn 2 --etemp 500 --acc 0.1 --gbsa h2o --parallel 8 > xtb.out
  step:  19 bond rmsd: 0.012124
Running:  /home/lum/install/xtb/xtb-190329/bin/xtb  xtb_tmp.xyz --chrg 2 --grad  --gfn 2 --etemp 500 --acc 0.1 --gbsa h2o --parallel 8 > xtb.out
  step:  20 bond rmsd: 0.011802
Running:  /home/lum/install/xtb/xtb-190329/bin/xtb  xtb_tmp.xyz --chrg 2 --grad  --gfn 2 --etemp 500 --acc 0.1 --gbsa h2o --parallel 8 > xtb.out
  step:  21 bond rmsd: 0.011811
Running:  /home/lum/install/xtb/xtb-190329/bin/xtb  xtb_tmp.xyz --chrg 2 --grad  --gfn 2 --etemp 500 --acc 0.1 --gbsa h2o --parallel 8 > xtb.out
  step:  22 bond rmsd: 0.011557
Running:  /home/lum/install/xtb/xtb-190329/bin/xtb  xtb_tmp.xyz --chrg 2 --grad  --gfn 2 --etemp 500 --acc 0.1 --gbsa h2o --parallel 8 > xtb.out
  step:  23 bond rmsd: 0.011914
Running:  /home/lum/install/xtb/xtb-190329/bin/xtb  xtb_tmp.xyz --chrg 2 --grad  --gfn 2 --etemp 500 --acc 0.1 --gbsa h2o --parallel 8 > xtb.out
  step:  24 bond rmsd: 0.011510
Running:  /home/lum/install/xtb/xtb-190329/bin/xtb  xtb_tmp.xyz --chrg 2 --grad  --gfn 2 --etemp 500 --acc 0.1 --gbsa h2o --parallel 8 > xtb.out
  step:  25 bond rmsd: 0.011589
Running:  /home/lum/install/xtb/xtb-190329/bin/xtb  xtb_tmp.xyz --chrg 2 --grad  --gfn 2 --etemp 500 --acc 0.1 --gbsa h2o --parallel 8 > xtb.out
  step:  26 bond rmsd: 0.011229
Running:  /home/lum/install/xtb/xtb-190329/bin/xtb  xtb_tmp.xyz --chrg 2 --grad  --gfn 2 --etemp 500 --acc 0.1 --gbsa h2o --parallel 8 > xtb.out
  step:  27 bond rmsd: 0.011330
Running:  /home/lum/install/xtb/xtb-190329/bin/xtb  xtb_tmp.xyz --chrg 2 --grad  --gfn 2 --etemp 500 --acc 0.1 --gbsa h2o --parallel 8 > xtb.out
  step:  28 bond rmsd: 0.011288
Running:  /home/lum/install/xtb/xtb-190329/bin/xtb  xtb_tmp.xyz --chrg 2 --grad  --gfn 2 --etemp 500 --acc 0.1 --gbsa h2o --parallel 8 > xtb.out
  step:  29 bond rmsd: 0.011454
Running:  /home/lum/install/xtb/xtb-190329/bin/xtb  xtb_tmp.xyz --chrg 2 --grad  --gfn 2 --etemp 500 --acc 0.1 --gbsa h2o --parallel 8 > xtb.out
  step:  30 bond rmsd: 0.011415
Running:  /home/lum/install/xtb/xtb-190329/bin/xtb  xtb_tmp.xyz --chrg 2 --grad  --gfn 2 --etemp 500 --acc 0.1 --gbsa h2o --parallel 8 > xtb.out
  step:  31 bond rmsd: 0.011494
Running:  /home/lum/install/xtb/xtb-190329/bin/xtb  xtb_tmp.xyz --chrg 2 --grad  --gfn 2 --etemp 500 --acc 0.1 --gbsa h2o --parallel 8 > xtb.out
  step:  32 bond rmsd: 0.011306
Running:  /home/lum/install/xtb/xtb-190329/bin/xtb  xtb_tmp.xyz --chrg 2 --grad  --gfn 2 --etemp 500 --acc 0.1 --gbsa h2o --parallel 8 > xtb.out
  step:  33 bond rmsd: 0.011797
Running:  /home/lum/install/xtb/xtb-190329/bin/xtb  xtb_tmp.xyz --chrg 2 --grad  --gfn 2 --etemp 500 --acc 0.1 --gbsa h2o --parallel 8 > xtb.out
  step:  34 bond rmsd: 0.011398
Running:  /home/lum/install/xtb/xtb-190329/bin/xtb  xtb_tmp.xyz --chrg 2 --grad  --gfn 2 --etemp 500 --acc 0.1 --gbsa h2o --parallel 8 > xtb.out
  step:  35 bond rmsd: 0.011181
Running:  /home/lum/install/xtb/xtb-190329/bin/xtb  xtb_tmp.xyz --chrg 2 --grad  --gfn 2 --etemp 500 --acc 0.1 --gbsa h2o --parallel 8 > xtb.out
  step:  36 bond rmsd: 0.010947
Running:  /home/lum/install/xtb/xtb-190329/bin/xtb  xtb_tmp.xyz --chrg 2 --grad  --gfn 2 --etemp 500 --acc 0.1 --gbsa h2o --parallel 8 > xtb.out
  step:  37 bond rmsd: 0.011143
Running:  /home/lum/install/xtb/xtb-190329/bin/xtb  xtb_tmp.xyz --chrg 2 --grad  --gfn 2 --etemp 500 --acc 0.1 --gbsa h2o --parallel 8 > xtb.out
  step:  38 bond rmsd: 0.011094
Running:  /home/lum/install/xtb/xtb-190329/bin/xtb  xtb_tmp.xyz --chrg 2 --grad  --gfn 2 --etemp 500 --acc 0.1 --gbsa h2o --parallel 8 > xtb.out
  step:  39 bond rmsd: 0.011166
Running:  /home/lum/install/xtb/xtb-190329/bin/xtb  xtb_tmp.xyz --chrg 2 --grad  --gfn 2 --etemp 500 --acc 0.1 --gbsa h2o --parallel 8 > xtb.out
  step:  40 bond rmsd: 0.011336
Running:  /home/lum/install/xtb/xtb-190329/bin/xtb  xtb_tmp.xyz --chrg 2 --grad  --gfn 2 --etemp 500 --acc 0.1 --gbsa h2o --parallel 8 > xtb.out
  step:  41 bond rmsd: 0.011268
Running:  /home/lum/install/xtb/xtb-190329/bin/xtb  xtb_tmp.xyz --chrg 2 --grad  --gfn 2 --etemp 500 --acc 0.1 --gbsa h2o --parallel 8 > xtb.out
  step:  42 bond rmsd: 0.011139
Running:  /home/lum/install/xtb/xtb-190329/bin/xtb  xtb_tmp.xyz --chrg 2 --grad  --gfn 2 --etemp 500 --acc 0.1 --gbsa h2o --parallel 8 > xtb.out
  step:  43 bond rmsd: 0.011095
Running:  /home/lum/install/xtb/xtb-190329/bin/xtb  xtb_tmp.xyz --chrg 2 --grad  --gfn 2 --etemp 500 --acc 0.1 --gbsa h2o --parallel 8 > xtb.out
  step:  44 bond rmsd: 0.010987
Running:  /home/lum/install/xtb/xtb-190329/bin/xtb  xtb_tmp.xyz --chrg 2 --grad  --gfn 2 --etemp 500 --acc 0.1 --gbsa h2o --parallel 8 > xtb.out
  step:  45 bond rmsd: 0.010950
Running:  /home/lum/install/xtb/xtb-190329/bin/xtb  xtb_tmp.xyz --chrg 2 --grad  --gfn 2 --etemp 500 --acc 0.1 --gbsa h2o --parallel 8 > xtb.out
  step:  46 bond rmsd: 0.010985
Running:  /home/lum/install/xtb/xtb-190329/bin/xtb  xtb_tmp.xyz --chrg 2 --grad  --gfn 2 --etemp 500 --acc 0.1 --gbsa h2o --parallel 8 > xtb.out
  step:  47 bond rmsd: 0.011150
Running:  /home/lum/install/xtb/xtb-190329/bin/xtb  xtb_tmp.xyz --chrg 2 --grad  --gfn 2 --etemp 500 --acc 0.1 --gbsa h2o --parallel 8 > xtb.out
  step:  48 bond rmsd: 0.011017
Running:  /home/lum/install/xtb/xtb-190329/bin/xtb  xtb_tmp.xyz --chrg 2 --grad  --gfn 2 --etemp 500 --acc 0.1 --gbsa h2o --parallel 8 > xtb.out
  step:  49 bond rmsd: 0.011203
Running:  /home/lum/install/xtb/xtb-190329/bin/xtb  xtb_tmp.xyz --chrg 2 --grad  --gfn 2 --etemp 500 --acc 0.1 --gbsa h2o --parallel 8 > xtb.out
  step:  50 bond rmsd: 0.010976
Running:  /home/lum/install/xtb/xtb-190329/bin/xtb  xtb_tmp.xyz --chrg 2 --grad  --gfn 2 --etemp 500 --acc 0.1 --gbsa h2o --parallel 8 > xtb.out
  step:  51 bond rmsd: 0.011060
Running:  /home/lum/install/xtb/xtb-190329/bin/xtb  xtb_tmp.xyz --chrg 2 --grad  --gfn 2 --etemp 500 --acc 0.1 --gbsa h2o --parallel 8 > xtb.out
  step:  52 bond rmsd: 0.011073
Running:  /home/lum/install/xtb/xtb-190329/bin/xtb  xtb_tmp.xyz --chrg 2 --grad  --gfn 2 --etemp 500 --acc 0.1 --gbsa h2o --parallel 8 > xtb.out
  step:  53 bond rmsd: 0.011169
Running:  /home/lum/install/xtb/xtb-190329/bin/xtb  xtb_tmp.xyz --chrg 2 --grad  --gfn 2 --etemp 500 --acc 0.1 --gbsa h2o --parallel 8 > xtb.out
  step:  54 bond rmsd: 0.011086
Running:  /home/lum/install/xtb/xtb-190329/bin/xtb  xtb_tmp.xyz --chrg 2 --grad  --gfn 2 --etemp 500 --acc 0.1 --gbsa h2o --parallel 8 > xtb.out
  step:  55 bond rmsd: 0.011057
Running:  /home/lum/install/xtb/xtb-190329/bin/xtb  xtb_tmp.xyz --chrg 2 --grad  --gfn 2 --etemp 500 --acc 0.1 --gbsa h2o --parallel 8 > xtb.out
  step:  56 bond rmsd: 0.010942
Running:  /home/lum/install/xtb/xtb-190329/bin/xtb  xtb_tmp.xyz --chrg 2 --grad  --gfn 2 --etemp 500 --acc 0.1 --gbsa h2o --parallel 8 > xtb.out
  step:  57 bond rmsd: 0.010929
Running:  /home/lum/install/xtb/xtb-190329/bin/xtb  xtb_tmp.xyz --chrg 2 --grad  --gfn 2 --etemp 500 --acc 0.1 --gbsa h2o --parallel 8 > xtb.out
  step:  58 bond rmsd: 0.010790
Running:  /home/lum/install/xtb/xtb-190329/bin/xtb  xtb_tmp.xyz --chrg 2 --grad  --gfn 2 --etemp 500 --acc 0.1 --gbsa h2o --parallel 8 > xtb.out
  step:  59 bond rmsd: 0.010907
Running:  /home/lum/install/xtb/xtb-190329/bin/xtb  xtb_tmp.xyz --chrg 2 --grad  --gfn 2 --etemp 500 --acc 0.1 --gbsa h2o --parallel 8 > xtb.out
  step:  60 bond rmsd: 0.010842
Running:  /home/lum/install/xtb/xtb-190329/bin/xtb  xtb_tmp.xyz --chrg 2 --grad  --gfn 2 --etemp 500 --acc 0.1 --gbsa h2o --parallel 8 > xtb.out
  step:  61 bond rmsd: 0.011068
Running:  /home/lum/install/xtb/xtb-190329/bin/xtb  xtb_tmp.xyz --chrg 2 --grad  --gfn 2 --etemp 500 --acc 0.1 --gbsa h2o --parallel 8 > xtb.out
  step:  62 bond rmsd: 0.010946
Running:  /home/lum/install/xtb/xtb-190329/bin/xtb  xtb_tmp.xyz --chrg 2 --grad  --gfn 2 --etemp 500 --acc 0.1 --gbsa h2o --parallel 8 > xtb.out
  step:  63 bond rmsd: 0.011048
Running:  /home/lum/install/xtb/xtb-190329/bin/xtb  xtb_tmp.xyz --chrg 2 --grad  --gfn 2 --etemp 500 --acc 0.1 --gbsa h2o --parallel 8 > xtb.out
  step:  64 bond rmsd: 0.010973
Running:  /home/lum/install/xtb/xtb-190329/bin/xtb  xtb_tmp.xyz --chrg 2 --grad  --gfn 2 --etemp 500 --acc 0.1 --gbsa h2o --parallel 8 > xtb.out
  step:  65 bond rmsd: 0.011023
Running:  /home/lum/install/xtb/xtb-190329/bin/xtb  xtb_tmp.xyz --chrg 2 --grad  --gfn 2 --etemp 500 --acc 0.1 --gbsa h2o --parallel 8 > xtb.out
  step:  66 bond rmsd: 0.010777
Running:  /home/lum/install/xtb/xtb-190329/bin/xtb  xtb_tmp.xyz --chrg 2 --grad  --gfn 2 --etemp 500 --acc 0.1 --gbsa h2o --parallel 8 > xtb.out
  step:  67 bond rmsd: 0.010759
Running:  /home/lum/install/xtb/xtb-190329/bin/xtb  xtb_tmp.xyz --chrg 2 --grad  --gfn 2 --etemp 500 --acc 0.1 --gbsa h2o --parallel 8 > xtb.out
  step:  68 bond rmsd: 0.010748
Running:  /home/lum/install/xtb/xtb-190329/bin/xtb  xtb_tmp.xyz --chrg 2 --grad  --gfn 2 --etemp 500 --acc 0.1 --gbsa h2o --parallel 8 > xtb.out
  step:  69 bond rmsd: 0.010773
Running:  /home/lum/install/xtb/xtb-190329/bin/xtb  xtb_tmp.xyz --chrg 2 --grad  --gfn 2 --etemp 500 --acc 0.1 --gbsa h2o --parallel 8 > xtb.out
  step:  70 bond rmsd: 0.010757
Running:  /home/lum/install/xtb/xtb-190329/bin/xtb  xtb_tmp.xyz --chrg 2 --grad  --gfn 2 --etemp 500 --acc 0.1 --gbsa h2o --parallel 8 > xtb.out
  step:  71 bond rmsd: 0.010829
Running:  /home/lum/install/xtb/xtb-190329/bin/xtb  xtb_tmp.xyz --chrg 2 --grad  --gfn 2 --etemp 500 --acc 0.1 --gbsa h2o --parallel 8 > xtb.out
  step:  72 bond rmsd: 0.010823
Running:  /home/lum/install/xtb/xtb-190329/bin/xtb  xtb_tmp.xyz --chrg 2 --grad  --gfn 2 --etemp 500 --acc 0.1 --gbsa h2o --parallel 8 > xtb.out
  step:  73 bond rmsd: 0.010824
Running:  /home/lum/install/xtb/xtb-190329/bin/xtb  xtb_tmp.xyz --chrg 2 --grad  --gfn 2 --etemp 500 --acc 0.1 --gbsa h2o --parallel 8 > xtb.out
  step:  74 bond rmsd: 0.010906
Running:  /home/lum/install/xtb/xtb-190329/bin/xtb  xtb_tmp.xyz --chrg 2 --grad  --gfn 2 --etemp 500 --acc 0.1 --gbsa h2o --parallel 8 > xtb.out
  step:  75 bond rmsd: 0.010889
Running:  /home/lum/install/xtb/xtb-190329/bin/xtb  xtb_tmp.xyz --chrg 2 --grad  --gfn 2 --etemp 500 --acc 0.1 --gbsa h2o --parallel 8 > xtb.out
  step:  76 bond rmsd: 0.010995
Running:  /home/lum/install/xtb/xtb-190329/bin/xtb  xtb_tmp.xyz --chrg 2 --grad  --gfn 2 --etemp 500 --acc 0.1 --gbsa h2o --parallel 8 > xtb.out
  step:  77 bond rmsd: 0.010896
Running:  /home/lum/install/xtb/xtb-190329/bin/xtb  xtb_tmp.xyz --chrg 2 --grad  --gfn 2 --etemp 500 --acc 0.1 --gbsa h2o --parallel 8 > xtb.out
  step:  78 bond rmsd: 0.010923
Running:  /home/lum/install/xtb/xtb-190329/bin/xtb  xtb_tmp.xyz --chrg 2 --grad  --gfn 2 --etemp 500 --acc 0.1 --gbsa h2o --parallel 8 > xtb.out
  step:  79 bond rmsd: 0.010856
Running:  /home/lum/install/xtb/xtb-190329/bin/xtb  xtb_tmp.xyz --chrg 2 --grad  --gfn 2 --etemp 500 --acc 0.1 --gbsa h2o --parallel 8 > xtb.out
  step:  80 bond rmsd: 0.010797
Running:  /home/lum/install/xtb/xtb-190329/bin/xtb  xtb_tmp.xyz --chrg 2 --grad  --gfn 2 --etemp 500 --acc 0.1 --gbsa h2o --parallel 8 > xtb.out
  step:  81 bond rmsd: 0.010722
Running:  /home/lum/install/xtb/xtb-190329/bin/xtb  xtb_tmp.xyz --chrg 2 --grad  --gfn 2 --etemp 500 --acc 0.1 --gbsa h2o --parallel 8 > xtb.out
  step:  82 bond rmsd: 0.010773
Running:  /home/lum/install/xtb/xtb-190329/bin/xtb  xtb_tmp.xyz --chrg 2 --grad  --gfn 2 --etemp 500 --acc 0.1 --gbsa h2o --parallel 8 > xtb.out
  step:  83 bond rmsd: 0.010705
Running:  /home/lum/install/xtb/xtb-190329/bin/xtb  xtb_tmp.xyz --chrg 2 --grad  --gfn 2 --etemp 500 --acc 0.1 --gbsa h2o --parallel 8 > xtb.out
  step:  84 bond rmsd: 0.010828
Running:  /home/lum/install/xtb/xtb-190329/bin/xtb  xtb_tmp.xyz --chrg 2 --grad  --gfn 2 --etemp 500 --acc 0.1 --gbsa h2o --parallel 8 > xtb.out
  step:  85 bond rmsd: 0.010834
Running:  /home/lum/install/xtb/xtb-190329/bin/xtb  xtb_tmp.xyz --chrg 2 --grad  --gfn 2 --etemp 500 --acc 0.1 --gbsa h2o --parallel 8 > xtb.out
  step:  86 bond rmsd: 0.010907
Running:  /home/lum/install/xtb/xtb-190329/bin/xtb  xtb_tmp.xyz --chrg 2 --grad  --gfn 2 --etemp 500 --acc 0.1 --gbsa h2o --parallel 8 > xtb.out
  step:  87 bond rmsd: 0.010884
Running:  /home/lum/install/xtb/xtb-190329/bin/xtb  xtb_tmp.xyz --chrg 2 --grad  --gfn 2 --etemp 500 --acc 0.1 --gbsa h2o --parallel 8 > xtb.out
  step:  88 bond rmsd: 0.010873
Running:  /home/lum/install/xtb/xtb-190329/bin/xtb  xtb_tmp.xyz --chrg 2 --grad  --gfn 2 --etemp 500 --acc 0.1 --gbsa h2o --parallel 8 > xtb.out
  step:  89 bond rmsd: 0.010851
Running:  /home/lum/install/xtb/xtb-190329/bin/xtb  xtb_tmp.xyz --chrg 2 --grad  --gfn 2 --etemp 500 --acc 0.1 --gbsa h2o --parallel 8 > xtb.out
  step:  90 bond rmsd: 0.010800
Running:  /home/lum/install/xtb/xtb-190329/bin/xtb  xtb_tmp.xyz --chrg 2 --grad  --gfn 2 --etemp 500 --acc 0.1 --gbsa h2o --parallel 8 > xtb.out
  step:  91 bond rmsd: 0.010819
Running:  /home/lum/install/xtb/xtb-190329/bin/xtb  xtb_tmp.xyz --chrg 2 --grad  --gfn 2 --etemp 500 --acc 0.1 --gbsa h2o --parallel 8 > xtb.out
  step:  92 bond rmsd: 0.010692
Running:  /home/lum/install/xtb/xtb-190329/bin/xtb  xtb_tmp.xyz --chrg 2 --grad  --gfn 2 --etemp 500 --acc 0.1 --gbsa h2o --parallel 8 > xtb.out
  step:  93 bond rmsd: 0.010758
Running:  /home/lum/install/xtb/xtb-190329/bin/xtb  xtb_tmp.xyz --chrg 2 --grad  --gfn 2 --etemp 500 --acc 0.1 --gbsa h2o --parallel 8 > xtb.out
  step:  94 bond rmsd: 0.010776
Running:  /home/lum/install/xtb/xtb-190329/bin/xtb  xtb_tmp.xyz --chrg 2 --grad  --gfn 2 --etemp 500 --acc 0.1 --gbsa h2o --parallel 8 > xtb.out
  step:  95 bond rmsd: 0.010843
Running:  /home/lum/install/xtb/xtb-190329/bin/xtb  xtb_tmp.xyz --chrg 2 --grad  --gfn 2 --etemp 500 --acc 0.1 --gbsa h2o --parallel 8 > xtb.out
  step:  96 bond rmsd: 0.010836
Running:  /home/lum/install/xtb/xtb-190329/bin/xtb  xtb_tmp.xyz --chrg 2 --grad  --gfn 2 --etemp 500 --acc 0.1 --gbsa h2o --parallel 8 > xtb.out
  step:  97 bond rmsd: 0.010825
Running:  /home/lum/install/xtb/xtb-190329/bin/xtb  xtb_tmp.xyz --chrg 2 --grad  --gfn 2 --etemp 500 --acc 0.1 --gbsa h2o --parallel 8 > xtb.out
  step:  98 bond rmsd: 0.010832
Running:  /home/lum/install/xtb/xtb-190329/bin/xtb  xtb_tmp.xyz --chrg 2 --grad  --gfn 2 --etemp 500 --acc 0.1 --gbsa h2o --parallel 8 > xtb.out
  step:  99 bond rmsd: 0.010790
Running:  /home/lum/install/xtb/xtb-190329/bin/xtb  xtb_tmp.xyz --chrg 2 --grad  --gfn 2 --etemp 500 --acc 0.1 --gbsa h2o --parallel 8 > xtb.out
  step: 100 bond rmsd: 0.010840
Running:  /home/lum/install/xtb/xtb-190329/bin/xtb  xtb_tmp.xyz --chrg 2 --grad  --gfn 2 --etemp 500 --acc 0.1 --gbsa h2o --parallel 8 > xtb.out
  step: 101 bond rmsd: 0.010795
Running:  /home/lum/install/xtb/xtb-190329/bin/xtb  xtb_tmp.xyz --chrg 2 --grad  --gfn 2 --etemp 500 --acc 0.1 --gbsa h2o --parallel 8 > xtb.out
  step: 102 bond rmsd: 0.010811
Running:  /home/lum/install/xtb/xtb-190329/bin/xtb  xtb_tmp.xyz --chrg 2 --grad  --gfn 2 --etemp 500 --acc 0.1 --gbsa h2o --parallel 8 > xtb.out
  step: 103 bond rmsd: 0.010796
Running:  /home/lum/install/xtb/xtb-190329/bin/xtb  xtb_tmp.xyz --chrg 2 --grad  --gfn 2 --etemp 500 --acc 0.1 --gbsa h2o --parallel 8 > xtb.out
  step: 104 bond rmsd: 0.010919
Running:  /home/lum/install/xtb/xtb-190329/bin/xtb  xtb_tmp.xyz --chrg 2 --grad  --gfn 2 --etemp 500 --acc 0.1 --gbsa h2o --parallel 8 > xtb.out
  step: 105 bond rmsd: 0.010849
Running:  /home/lum/install/xtb/xtb-190329/bin/xtb  xtb_tmp.xyz --chrg 2 --grad  --gfn 2 --etemp 500 --acc 0.1 --gbsa h2o --parallel 8 > xtb.out
  step: 106 bond rmsd: 0.010793
Running:  /home/lum/install/xtb/xtb-190329/bin/xtb  xtb_tmp.xyz --chrg 2 --grad  --gfn 2 --etemp 500 --acc 0.1 --gbsa h2o --parallel 8 > xtb.out
  step: 107 bond rmsd: 0.010777
Running:  /home/lum/install/xtb/xtb-190329/bin/xtb  xtb_tmp.xyz --chrg 2 --grad  --gfn 2 --etemp 500 --acc 0.1 --gbsa h2o --parallel 8 > xtb.out
  step: 108 bond rmsd: 0.010863
Running:  /home/lum/install/xtb/xtb-190329/bin/xtb  xtb_tmp.xyz --chrg 2 --grad  --gfn 2 --etemp 500 --acc 0.1 --gbsa h2o --parallel 8 > xtb.out
  step: 109 bond rmsd: 0.010876
Running:  /home/lum/install/xtb/xtb-190329/bin/xtb  xtb_tmp.xyz --chrg 2 --grad  --gfn 2 --etemp 500 --acc 0.1 --gbsa h2o --parallel 8 > xtb.out
  step: 110 bond rmsd: 0.010944
Running:  /home/lum/install/xtb/xtb-190329/bin/xtb  xtb_tmp.xyz --chrg 2 --grad  --gfn 2 --etemp 500 --acc 0.1 --gbsa h2o --parallel 8 > xtb.out
  step: 111 bond rmsd: 0.010956
Running:  /home/lum/install/xtb/xtb-190329/bin/xtb  xtb_tmp.xyz --chrg 2 --grad  --gfn 2 --etemp 500 --acc 0.1 --gbsa h2o --parallel 8 > xtb.out
  step: 112 bond rmsd: 0.010945
Running:  /home/lum/install/xtb/xtb-190329/bin/xtb  xtb_tmp.xyz --chrg 2 --grad  --gfn 2 --etemp 500 --acc 0.1 --gbsa h2o --parallel 8 > xtb.out
  step: 113 bond rmsd: 0.010915
Running:  /home/lum/install/xtb/xtb-190329/bin/xtb  xtb_tmp.xyz --chrg 2 --grad  --gfn 2 --etemp 500 --acc 0.1 --gbsa h2o --parallel 8 > xtb.out
  step: 114 bond rmsd: 0.010873
Running:  /home/lum/install/xtb/xtb-190329/bin/xtb  xtb_tmp.xyz --chrg 2 --grad  --gfn 2 --etemp 500 --acc 0.1 --gbsa h2o --parallel 8 > xtb.out
  step: 115 bond rmsd: 0.010783
Running:  /home/lum/install/xtb/xtb-190329/bin/xtb  xtb_tmp.xyz --chrg 2 --grad  --gfn 2 --etemp 500 --acc 0.1 --gbsa h2o --parallel 8 > xtb.out
  step: 116 bond rmsd: 0.010718
Running:  /home/lum/install/xtb/xtb-190329/bin/xtb  xtb_tmp.xyz --chrg 2 --grad  --gfn 2 --etemp 500 --acc 0.1 --gbsa h2o --parallel 8 > xtb.out
  step: 117 bond rmsd: 0.010689
Running:  /home/lum/install/xtb/xtb-190329/bin/xtb  xtb_tmp.xyz --chrg 2 --grad  --gfn 2 --etemp 500 --acc 0.1 --gbsa h2o --parallel 8 > xtb.out
  step: 118 bond rmsd: 0.010642
Running:  /home/lum/install/xtb/xtb-190329/bin/xtb  xtb_tmp.xyz --chrg 2 --grad  --gfn 2 --etemp 500 --acc 0.1 --gbsa h2o --parallel 8 > xtb.out
  step: 119 bond rmsd: 0.010672
Running:  /home/lum/install/xtb/xtb-190329/bin/xtb  xtb_tmp.xyz --chrg 2 --grad  --gfn 2 --etemp 500 --acc 0.1 --gbsa h2o --parallel 8 > xtb.out
  step: 120 bond rmsd: 0.010704
Running:  /home/lum/install/xtb/xtb-190329/bin/xtb  xtb_tmp.xyz --chrg 2 --grad  --gfn 2 --etemp 500 --acc 0.1 --gbsa h2o --parallel 8 > xtb.out
  step: 121 bond rmsd: 0.010744
Running:  /home/lum/install/xtb/xtb-190329/bin/xtb  xtb_tmp.xyz --chrg 2 --grad  --gfn 2 --etemp 500 --acc 0.1 --gbsa h2o --parallel 8 > xtb.out
  step: 122 bond rmsd: 0.010756
Running:  /home/lum/install/xtb/xtb-190329/bin/xtb  xtb_tmp.xyz --chrg 2 --grad  --gfn 2 --etemp 500 --acc 0.1 --gbsa h2o --parallel 8 > xtb.out
  step: 123 bond rmsd: 0.010815
Running:  /home/lum/install/xtb/xtb-190329/bin/xtb  xtb_tmp.xyz --chrg 2 --grad  --gfn 2 --etemp 500 --acc 0.1 --gbsa h2o --parallel 8 > xtb.out
  step: 124 bond rmsd: 0.010883
Running:  /home/lum/install/xtb/xtb-190329/bin/xtb  xtb_tmp.xyz --chrg 2 --grad  --gfn 2 --etemp 500 --acc 0.1 --gbsa h2o --parallel 8 > xtb.out
  step: 125 bond rmsd: 0.010885
Running:  /home/lum/install/xtb/xtb-190329/bin/xtb  xtb_tmp.xyz --chrg 2 --grad  --gfn 2 --etemp 500 --acc 0.1 --gbsa h2o --parallel 8 > xtb.out
  step: 126 bond rmsd: 0.010874
Running:  /home/lum/install/xtb/xtb-190329/bin/xtb  xtb_tmp.xyz --chrg 2 --grad  --gfn 2 --etemp 500 --acc 0.1 --gbsa h2o --parallel 8 > xtb.out
  step: 127 bond rmsd: 0.010902
Running:  /home/lum/install/xtb/xtb-190329/bin/xtb  xtb_tmp.xyz --chrg 2 --grad  --gfn 2 --etemp 500 --acc 0.1 --gbsa h2o --parallel 8 > xtb.out
  step: 128 bond rmsd: 0.010898
Running:  /home/lum/install/xtb/xtb-190329/bin/xtb  xtb_tmp.xyz --chrg 2 --grad  --gfn 2 --etemp 500 --acc 0.1 --gbsa h2o --parallel 8 > xtb.out
  step: 129 bond rmsd: 0.010887
Running:  /home/lum/install/xtb/xtb-190329/bin/xtb  xtb_tmp.xyz --chrg 2 --grad  --gfn 2 --etemp 500 --acc 0.1 --gbsa h2o --parallel 8 > xtb.out
  step: 130 bond rmsd: 0.010899
Running:  /home/lum/install/xtb/xtb-190329/bin/xtb  xtb_tmp.xyz --chrg 2 --grad  --gfn 2 --etemp 500 --acc 0.1 --gbsa h2o --parallel 8 > xtb.out
  step: 131 bond rmsd: 0.011108
Running:  /home/lum/install/xtb/xtb-190329/bin/xtb  xtb_tmp.xyz --chrg 2 --grad  --gfn 2 --etemp 500 --acc 0.1 --gbsa h2o --parallel 8 > xtb.out
  step: 132 bond rmsd: 0.010993
Running:  /home/lum/install/xtb/xtb-190329/bin/xtb  xtb_tmp.xyz --chrg 2 --grad  --gfn 2 --etemp 500 --acc 0.1 --gbsa h2o --parallel 8 > xtb.out
  step: 133 bond rmsd: 0.010941
Running:  /home/lum/install/xtb/xtb-190329/bin/xtb  xtb_tmp.xyz --chrg 2 --grad  --gfn 2 --etemp 500 --acc 0.1 --gbsa h2o --parallel 8 > xtb.out
  step: 134 bond rmsd: 0.010857
Running:  /home/lum/install/xtb/xtb-190329/bin/xtb  xtb_tmp.xyz --chrg 2 --grad  --gfn 2 --etemp 500 --acc 0.1 --gbsa h2o --parallel 8 > xtb.out
  step: 135 bond rmsd: 0.010719
Running:  /home/lum/install/xtb/xtb-190329/bin/xtb  xtb_tmp.xyz --chrg 2 --grad  --gfn 2 --etemp 500 --acc 0.1 --gbsa h2o --parallel 8 > xtb.out
  step: 136 bond rmsd: 0.010634
Running:  /home/lum/install/xtb/xtb-190329/bin/xtb  xtb_tmp.xyz --chrg 2 --grad  --gfn 2 --etemp 500 --acc 0.1 --gbsa h2o --parallel 8 > xtb.out
  step: 137 bond rmsd: 0.010635
Running:  /home/lum/install/xtb/xtb-190329/bin/xtb  xtb_tmp.xyz --chrg 2 --grad  --gfn 2 --etemp 500 --acc 0.1 --gbsa h2o --parallel 8 > xtb.out
  step: 138 bond rmsd: 0.010660
Running:  /home/lum/install/xtb/xtb-190329/bin/xtb  xtb_tmp.xyz --chrg 2 --grad  --gfn 2 --etemp 500 --acc 0.1 --gbsa h2o --parallel 8 > xtb.out
  step: 139 bond rmsd: 0.010810
Running:  /home/lum/install/xtb/xtb-190329/bin/xtb  xtb_tmp.xyz --chrg 2 --grad  --gfn 2 --etemp 500 --acc 0.1 --gbsa h2o --parallel 8 > xtb.out
  step: 140 bond rmsd: 0.010789
Running:  /home/lum/install/xtb/xtb-190329/bin/xtb  xtb_tmp.xyz --chrg 2 --grad  --gfn 2 --etemp 500 --acc 0.1 --gbsa h2o --parallel 8 > xtb.out
  step: 141 bond rmsd: 0.010810
Running:  /home/lum/install/xtb/xtb-190329/bin/xtb  xtb_tmp.xyz --chrg 2 --grad  --gfn 2 --etemp 500 --acc 0.1 --gbsa h2o --parallel 8 > xtb.out
  step: 142 bond rmsd: 0.010865
Running:  /home/lum/install/xtb/xtb-190329/bin/xtb  xtb_tmp.xyz --chrg 2 --grad  --gfn 2 --etemp 500 --acc 0.1 --gbsa h2o --parallel 8 > xtb.out
  step: 143 bond rmsd: 0.010911
Running:  /home/lum/install/xtb/xtb-190329/bin/xtb  xtb_tmp.xyz --chrg 2 --grad  --gfn 2 --etemp 500 --acc 0.1 --gbsa h2o --parallel 8 > xtb.out
  step: 144 bond rmsd: 0.010962
Running:  /home/lum/install/xtb/xtb-190329/bin/xtb  xtb_tmp.xyz --chrg 2 --grad  --gfn 2 --etemp 500 --acc 0.1 --gbsa h2o --parallel 8 > xtb.out
  step: 145 bond rmsd: 0.010926
Running:  /home/lum/install/xtb/xtb-190329/bin/xtb  xtb_tmp.xyz --chrg 2 --grad  --gfn 2 --etemp 500 --acc 0.1 --gbsa h2o --parallel 8 > xtb.out
  step: 146 bond rmsd: 0.010913
Running:  /home/lum/install/xtb/xtb-190329/bin/xtb  xtb_tmp.xyz --chrg 2 --grad  --gfn 2 --etemp 500 --acc 0.1 --gbsa h2o --parallel 8 > xtb.out
  step: 147 bond rmsd: 0.010830
Running:  /home/lum/install/xtb/xtb-190329/bin/xtb  xtb_tmp.xyz --chrg 2 --grad  --gfn 2 --etemp 500 --acc 0.1 --gbsa h2o --parallel 8 > xtb.out
  step: 148 bond rmsd: 0.010835
Running:  /home/lum/install/xtb/xtb-190329/bin/xtb  xtb_tmp.xyz --chrg 2 --grad  --gfn 2 --etemp 500 --acc 0.1 --gbsa h2o --parallel 8 > xtb.out
  step: 149 bond rmsd: 0.010789
Running:  /home/lum/install/xtb/xtb-190329/bin/xtb  xtb_tmp.xyz --chrg 2 --grad  --gfn 2 --etemp 500 --acc 0.1 --gbsa h2o --parallel 8 > xtb.out
  step: 150 bond rmsd: 0.010861
Running:  /home/lum/install/xtb/xtb-190329/bin/xtb  xtb_tmp.xyz --chrg 2 --grad  --gfn 2 --etemp 500 --acc 0.1 --gbsa h2o --parallel 8 > xtb.out
  step: 151 bond rmsd: 0.010785
Running:  /home/lum/install/xtb/xtb-190329/bin/xtb  xtb_tmp.xyz --chrg 2 --grad  --gfn 2 --etemp 500 --acc 0.1 --gbsa h2o --parallel 8 > xtb.out
  step: 152 bond rmsd: 0.010782
Running:  /home/lum/install/xtb/xtb-190329/bin/xtb  xtb_tmp.xyz --chrg 2 --grad  --gfn 2 --etemp 500 --acc 0.1 --gbsa h2o --parallel 8 > xtb.out
  step: 153 bond rmsd: 0.010745
Running:  /home/lum/install/xtb/xtb-190329/bin/xtb  xtb_tmp.xyz --chrg 2 --grad  --gfn 2 --etemp 500 --acc 0.1 --gbsa h2o --parallel 8 > xtb.out
  step: 154 bond rmsd: 0.010733
Running:  /home/lum/install/xtb/xtb-190329/bin/xtb  xtb_tmp.xyz --chrg 2 --grad  --gfn 2 --etemp 500 --acc 0.1 --gbsa h2o --parallel 8 > xtb.out
  step: 155 bond rmsd: 0.010734
Running:  /home/lum/install/xtb/xtb-190329/bin/xtb  xtb_tmp.xyz --chrg 2 --grad  --gfn 2 --etemp 500 --acc 0.1 --gbsa h2o --parallel 8 > xtb.out
  step: 156 bond rmsd: 0.010753
Running:  /home/lum/install/xtb/xtb-190329/bin/xtb  xtb_tmp.xyz --chrg 2 --grad  --gfn 2 --etemp 500 --acc 0.1 --gbsa h2o --parallel 8 > xtb.out
  step: 157 bond rmsd: 0.010673
Running:  /home/lum/install/xtb/xtb-190329/bin/xtb  xtb_tmp.xyz --chrg 2 --grad  --gfn 2 --etemp 500 --acc 0.1 --gbsa h2o --parallel 8 > xtb.out
  step: 158 bond rmsd: 0.010826
Running:  /home/lum/install/xtb/xtb-190329/bin/xtb  xtb_tmp.xyz --chrg 2 --grad  --gfn 2 --etemp 500 --acc 0.1 --gbsa h2o --parallel 8 > xtb.out
  step: 159 bond rmsd: 0.010768
Running:  /home/lum/install/xtb/xtb-190329/bin/xtb  xtb_tmp.xyz --chrg 2 --grad  --gfn 2 --etemp 500 --acc 0.1 --gbsa h2o --parallel 8 > xtb.out
  step: 160 bond rmsd: 0.010720
Running:  /home/lum/install/xtb/xtb-190329/bin/xtb  xtb_tmp.xyz --chrg 2 --grad  --gfn 2 --etemp 500 --acc 0.1 --gbsa h2o --parallel 8 > xtb.out
  step: 161 bond rmsd: 0.010731
Running:  /home/lum/install/xtb/xtb-190329/bin/xtb  xtb_tmp.xyz --chrg 2 --grad  --gfn 2 --etemp 500 --acc 0.1 --gbsa h2o --parallel 8 > xtb.out
  step: 162 bond rmsd: 0.010731
Running:  /home/lum/install/xtb/xtb-190329/bin/xtb  xtb_tmp.xyz --chrg 2 --grad  --gfn 2 --etemp 500 --acc 0.1 --gbsa h2o --parallel 8 > xtb.out
  step: 163 bond rmsd: 0.010744
Running:  /home/lum/install/xtb/xtb-190329/bin/xtb  xtb_tmp.xyz --chrg 2 --grad  --gfn 2 --etemp 500 --acc 0.1 --gbsa h2o --parallel 8 > xtb.out
  step: 164 bond rmsd: 0.010761
Running:  /home/lum/install/xtb/xtb-190329/bin/xtb  xtb_tmp.xyz --chrg 2 --grad  --gfn 2 --etemp 500 --acc 0.1 --gbsa h2o --parallel 8 > xtb.out
  step: 165 bond rmsd: 0.010786
Running:  /home/lum/install/xtb/xtb-190329/bin/xtb  xtb_tmp.xyz --chrg 2 --grad  --gfn 2 --etemp 500 --acc 0.1 --gbsa h2o --parallel 8 > xtb.out
  step: 166 bond rmsd: 0.010806
Running:  /home/lum/install/xtb/xtb-190329/bin/xtb  xtb_tmp.xyz --chrg 2 --grad  --gfn 2 --etemp 500 --acc 0.1 --gbsa h2o --parallel 8 > xtb.out
  step: 167 bond rmsd: 0.010836
Running:  /home/lum/install/xtb/xtb-190329/bin/xtb  xtb_tmp.xyz --chrg 2 --grad  --gfn 2 --etemp 500 --acc 0.1 --gbsa h2o --parallel 8 > xtb.out
  step: 168 bond rmsd: 0.010818
Running:  /home/lum/install/xtb/xtb-190329/bin/xtb  xtb_tmp.xyz --chrg 2 --grad  --gfn 2 --etemp 500 --acc 0.1 --gbsa h2o --parallel 8 > xtb.out
  step: 169 bond rmsd: 0.010795
Running:  /home/lum/install/xtb/xtb-190329/bin/xtb  xtb_tmp.xyz --chrg 2 --grad  --gfn 2 --etemp 500 --acc 0.1 --gbsa h2o --parallel 8 > xtb.out
  step: 170 bond rmsd: 0.010784
Running:  /home/lum/install/xtb/xtb-190329/bin/xtb  xtb_tmp.xyz --chrg 2 --grad  --gfn 2 --etemp 500 --acc 0.1 --gbsa h2o --parallel 8 > xtb.out
  step: 171 bond rmsd: 0.010708
Running:  /home/lum/install/xtb/xtb-190329/bin/xtb  xtb_tmp.xyz --chrg 2 --grad  --gfn 2 --etemp 500 --acc 0.1 --gbsa h2o --parallel 8 > xtb.out
  step: 172 bond rmsd: 0.010735
Running:  /home/lum/install/xtb/xtb-190329/bin/xtb  xtb_tmp.xyz --chrg 2 --grad  --gfn 2 --etemp 500 --acc 0.1 --gbsa h2o --parallel 8 > xtb.out
  step: 173 bond rmsd: 0.010716
Running:  /home/lum/install/xtb/xtb-190329/bin/xtb  xtb_tmp.xyz --chrg 2 --grad  --gfn 2 --etemp 500 --acc 0.1 --gbsa h2o --parallel 8 > xtb.out
  step: 174 bond rmsd: 0.010743
Running:  /home/lum/install/xtb/xtb-190329/bin/xtb  xtb_tmp.xyz --chrg 2 --grad  --gfn 2 --etemp 500 --acc 0.1 --gbsa h2o --parallel 8 > xtb.out
  step: 175 bond rmsd: 0.010739
Running:  /home/lum/install/xtb/xtb-190329/bin/xtb  xtb_tmp.xyz --chrg 2 --grad  --gfn 2 --etemp 500 --acc 0.1 --gbsa h2o --parallel 8 > xtb.out
  step: 176 bond rmsd: 0.010719
Running:  /home/lum/install/xtb/xtb-190329/bin/xtb  xtb_tmp.xyz --chrg 2 --grad  --gfn 2 --etemp 500 --acc 0.1 --gbsa h2o --parallel 8 > xtb.out
  step: 177 bond rmsd: 0.010705
Running:  /home/lum/install/xtb/xtb-190329/bin/xtb  xtb_tmp.xyz --chrg 2 --grad  --gfn 2 --etemp 500 --acc 0.1 --gbsa h2o --parallel 8 > xtb.out
  step: 178 bond rmsd: 0.010706
Running:  /home/lum/install/xtb/xtb-190329/bin/xtb  xtb_tmp.xyz --chrg 2 --grad  --gfn 2 --etemp 500 --acc 0.1 --gbsa h2o --parallel 8 > xtb.out
  step: 179 bond rmsd: 0.010768
Running:  /home/lum/install/xtb/xtb-190329/bin/xtb  xtb_tmp.xyz --chrg 2 --grad  --gfn 2 --etemp 500 --acc 0.1 --gbsa h2o --parallel 8 > xtb.out
  step: 180 bond rmsd: 0.010765
Running:  /home/lum/install/xtb/xtb-190329/bin/xtb  xtb_tmp.xyz --chrg 2 --grad  --gfn 2 --etemp 500 --acc 0.1 --gbsa h2o --parallel 8 > xtb.out
  step: 181 bond rmsd: 0.010857
Running:  /home/lum/install/xtb/xtb-190329/bin/xtb  xtb_tmp.xyz --chrg 2 --grad  --gfn 2 --etemp 500 --acc 0.1 --gbsa h2o --parallel 8 > xtb.out
  step: 182 bond rmsd: 0.010797
Running:  /home/lum/install/xtb/xtb-190329/bin/xtb  xtb_tmp.xyz --chrg 2 --grad  --gfn 2 --etemp 500 --acc 0.1 --gbsa h2o --parallel 8 > xtb.out
  step: 183 bond rmsd: 0.010799
Running:  /home/lum/install/xtb/xtb-190329/bin/xtb  xtb_tmp.xyz --chrg 2 --grad  --gfn 2 --etemp 500 --acc 0.1 --gbsa h2o --parallel 8 > xtb.out
  step: 184 bond rmsd: 0.010781
Running:  /home/lum/install/xtb/xtb-190329/bin/xtb  xtb_tmp.xyz --chrg 2 --grad  --gfn 2 --etemp 500 --acc 0.1 --gbsa h2o --parallel 8 > xtb.out
  step: 185 bond rmsd: 0.010782
Running:  /home/lum/install/xtb/xtb-190329/bin/xtb  xtb_tmp.xyz --chrg 2 --grad  --gfn 2 --etemp 500 --acc 0.1 --gbsa h2o --parallel 8 > xtb.out
  step: 186 bond rmsd: 0.010784
Running:  /home/lum/install/xtb/xtb-190329/bin/xtb  xtb_tmp.xyz --chrg 2 --grad  --gfn 2 --etemp 500 --acc 0.1 --gbsa h2o --parallel 8 > xtb.out
  step: 187 bond rmsd: 0.010784
Running:  /home/lum/install/xtb/xtb-190329/bin/xtb  xtb_tmp.xyz --chrg 2 --grad  --gfn 2 --etemp 500 --acc 0.1 --gbsa h2o --parallel 8 > xtb.out
  step: 188 bond rmsd: 0.010775
Running:  /home/lum/install/xtb/xtb-190329/bin/xtb  xtb_tmp.xyz --chrg 2 --grad  --gfn 2 --etemp 500 --acc 0.1 --gbsa h2o --parallel 8 > xtb.out
  step: 189 bond rmsd: 0.010768
Running:  /home/lum/install/xtb/xtb-190329/bin/xtb  xtb_tmp.xyz --chrg 2 --grad  --gfn 2 --etemp 500 --acc 0.1 --gbsa h2o --parallel 8 > xtb.out
  step: 190 bond rmsd: 0.010746
Running:  /home/lum/install/xtb/xtb-190329/bin/xtb  xtb_tmp.xyz --chrg 2 --grad  --gfn 2 --etemp 500 --acc 0.1 --gbsa h2o --parallel 8 > xtb.out
  step: 191 bond rmsd: 0.010705
Running:  /home/lum/install/xtb/xtb-190329/bin/xtb  xtb_tmp.xyz --chrg 2 --grad  --gfn 2 --etemp 500 --acc 0.1 --gbsa h2o --parallel 8 > xtb.out
  step: 192 bond rmsd: 0.010680
Running:  /home/lum/install/xtb/xtb-190329/bin/xtb  xtb_tmp.xyz --chrg 2 --grad  --gfn 2 --etemp 500 --acc 0.1 --gbsa h2o --parallel 8 > xtb.out
  step: 193 bond rmsd: 0.010691
Running:  /home/lum/install/xtb/xtb-190329/bin/xtb  xtb_tmp.xyz --chrg 2 --grad  --gfn 2 --etemp 500 --acc 0.1 --gbsa h2o --parallel 8 > xtb.out
  step: 194 bond rmsd: 0.010739
Running:  /home/lum/install/xtb/xtb-190329/bin/xtb  xtb_tmp.xyz --chrg 2 --grad  --gfn 2 --etemp 500 --acc 0.1 --gbsa h2o --parallel 8 > xtb.out
  step: 195 bond rmsd: 0.010767
Running:  /home/lum/install/xtb/xtb-190329/bin/xtb  xtb_tmp.xyz --chrg 2 --grad  --gfn 2 --etemp 500 --acc 0.1 --gbsa h2o --parallel 8 > xtb.out
  step: 196 bond rmsd: 0.010784
Running:  /home/lum/install/xtb/xtb-190329/bin/xtb  xtb_tmp.xyz --chrg 2 --grad  --gfn 2 --etemp 500 --acc 0.1 --gbsa h2o --parallel 8 > xtb.out
  step: 197 bond rmsd: 0.010784
Running:  /home/lum/install/xtb/xtb-190329/bin/xtb  xtb_tmp.xyz --chrg 2 --grad  --gfn 2 --etemp 500 --acc 0.1 --gbsa h2o --parallel 8 > xtb.out
  step: 198 bond rmsd: 0.010773
Running:  /home/lum/install/xtb/xtb-190329/bin/xtb  xtb_tmp.xyz --chrg 2 --grad  --gfn 2 --etemp 500 --acc 0.1 --gbsa h2o --parallel 8 > xtb.out
  step: 199 bond rmsd: 0.010739
Running:  /home/lum/install/xtb/xtb-190329/bin/xtb  xtb_tmp.xyz --chrg 2 --grad  --gfn 2 --etemp 500 --acc 0.1 --gbsa h2o --parallel 8 > xtb.out
  step: 200 bond rmsd: 0.010691
Running:  /home/lum/install/xtb/xtb-190329/bin/xtb  xtb_tmp.xyz --chrg 2 --grad  --gfn 2 --etemp 500 --acc 0.1 --gbsa h2o --parallel 8 > xtb.out
  step: 201 bond rmsd: 0.010694
Running:  /home/lum/install/xtb/xtb-190329/bin/xtb  xtb_tmp.xyz --chrg 2 --grad  --gfn 2 --etemp 500 --acc 0.1 --gbsa h2o --parallel 8 > xtb.out
  step: 202 bond rmsd: 0.010705
Running:  /home/lum/install/xtb/xtb-190329/bin/xtb  xtb_tmp.xyz --chrg 2 --grad  --gfn 2 --etemp 500 --acc 0.1 --gbsa h2o --parallel 8 > xtb.out
  step: 203 bond rmsd: 0.010731
Running:  /home/lum/install/xtb/xtb-190329/bin/xtb  xtb_tmp.xyz --chrg 2 --grad  --gfn 2 --etemp 500 --acc 0.1 --gbsa h2o --parallel 8 > xtb.out
  step: 204 bond rmsd: 0.010750
Running:  /home/lum/install/xtb/xtb-190329/bin/xtb  xtb_tmp.xyz --chrg 2 --grad  --gfn 2 --etemp 500 --acc 0.1 --gbsa h2o --parallel 8 > xtb.out
  step: 205 bond rmsd: 0.010754
Running:  /home/lum/install/xtb/xtb-190329/bin/xtb  xtb_tmp.xyz --chrg 2 --grad  --gfn 2 --etemp 500 --acc 0.1 --gbsa h2o --parallel 8 > xtb.out
  step: 206 bond rmsd: 0.010772
Running:  /home/lum/install/xtb/xtb-190329/bin/xtb  xtb_tmp.xyz --chrg 2 --grad  --gfn 2 --etemp 500 --acc 0.1 --gbsa h2o --parallel 8 > xtb.out
  step: 207 bond rmsd: 0.010783
Running:  /home/lum/install/xtb/xtb-190329/bin/xtb  xtb_tmp.xyz --chrg 2 --grad  --gfn 2 --etemp 500 --acc 0.1 --gbsa h2o --parallel 8 > xtb.out
  step: 208 bond rmsd: 0.010791
Running:  /home/lum/install/xtb/xtb-190329/bin/xtb  xtb_tmp.xyz --chrg 2 --grad  --gfn 2 --etemp 500 --acc 0.1 --gbsa h2o --parallel 8 > xtb.out
  step: 209 bond rmsd: 0.010797
Running:  /home/lum/install/xtb/xtb-190329/bin/xtb  xtb_tmp.xyz --chrg 2 --grad  --gfn 2 --etemp 500 --acc 0.1 --gbsa h2o --parallel 8 > xtb.out
  step: 210 bond rmsd: 0.010801
Running:  /home/lum/install/xtb/xtb-190329/bin/xtb  xtb_tmp.xyz --chrg 2 --grad  --gfn 2 --etemp 500 --acc 0.1 --gbsa h2o --parallel 8 > xtb.out
  step: 211 bond rmsd: 0.010810
Running:  /home/lum/install/xtb/xtb-190329/bin/xtb  xtb_tmp.xyz --chrg 2 --grad  --gfn 2 --etemp 500 --acc 0.1 --gbsa h2o --parallel 8 > xtb.out
  step: 212 bond rmsd: 0.010799
Running:  /home/lum/install/xtb/xtb-190329/bin/xtb  xtb_tmp.xyz --chrg 2 --grad  --gfn 2 --etemp 500 --acc 0.1 --gbsa h2o --parallel 8 > xtb.out
  step: 213 bond rmsd: 0.010808
Running:  /home/lum/install/xtb/xtb-190329/bin/xtb  xtb_tmp.xyz --chrg 2 --grad  --gfn 2 --etemp 500 --acc 0.1 --gbsa h2o --parallel 8 > xtb.out
  step: 214 bond rmsd: 0.010796
Running:  /home/lum/install/xtb/xtb-190329/bin/xtb  xtb_tmp.xyz --chrg 2 --grad  --gfn 2 --etemp 500 --acc 0.1 --gbsa h2o --parallel 8 > xtb.out
  step: 215 bond rmsd: 0.010768
Running:  /home/lum/install/xtb/xtb-190329/bin/xtb  xtb_tmp.xyz --chrg 2 --grad  --gfn 2 --etemp 500 --acc 0.1 --gbsa h2o --parallel 8 > xtb.out
  step: 216 bond rmsd: 0.010726
Running:  /home/lum/install/xtb/xtb-190329/bin/xtb  xtb_tmp.xyz --chrg 2 --grad  --gfn 2 --etemp 500 --acc 0.1 --gbsa h2o --parallel 8 > xtb.out
  step: 217 bond rmsd: 0.010739
Running:  /home/lum/install/xtb/xtb-190329/bin/xtb  xtb_tmp.xyz --chrg 2 --grad  --gfn 2 --etemp 500 --acc 0.1 --gbsa h2o --parallel 8 > xtb.out
  step: 218 bond rmsd: 0.010743
Running:  /home/lum/install/xtb/xtb-190329/bin/xtb  xtb_tmp.xyz --chrg 2 --grad  --gfn 2 --etemp 500 --acc 0.1 --gbsa h2o --parallel 8 > xtb.out
  step: 219 bond rmsd: 0.010746
Running:  /home/lum/install/xtb/xtb-190329/bin/xtb  xtb_tmp.xyz --chrg 2 --grad  --gfn 2 --etemp 500 --acc 0.1 --gbsa h2o --parallel 8 > xtb.out
  step: 220 bond rmsd: 0.010746
Running:  /home/lum/install/xtb/xtb-190329/bin/xtb  xtb_tmp.xyz --chrg 2 --grad  --gfn 2 --etemp 500 --acc 0.1 --gbsa h2o --parallel 8 > xtb.out
  step: 221 bond rmsd: 0.010755
Running:  /home/lum/install/xtb/xtb-190329/bin/xtb  xtb_tmp.xyz --chrg 2 --grad  --gfn 2 --etemp 500 --acc 0.1 --gbsa h2o --parallel 8 > xtb.out
  step: 222 bond rmsd: 0.010755
Running:  /home/lum/install/xtb/xtb-190329/bin/xtb  xtb_tmp.xyz --chrg 2 --grad  --gfn 2 --etemp 500 --acc 0.1 --gbsa h2o --parallel 8 > xtb.out
  step: 223 bond rmsd: 0.010759
Running:  /home/lum/install/xtb/xtb-190329/bin/xtb  xtb_tmp.xyz --chrg 2 --grad  --gfn 2 --etemp 500 --acc 0.1 --gbsa h2o --parallel 8 > xtb.out
  step: 224 bond rmsd: 0.010753
Running:  /home/lum/install/xtb/xtb-190329/bin/xtb  xtb_tmp.xyz --chrg 2 --grad  --gfn 2 --etemp 500 --acc 0.1 --gbsa h2o --parallel 8 > xtb.out
  step: 225 bond rmsd: 0.010760
Running:  /home/lum/install/xtb/xtb-190329/bin/xtb  xtb_tmp.xyz --chrg 2 --grad  --gfn 2 --etemp 500 --acc 0.1 --gbsa h2o --parallel 8 > xtb.out
  step: 226 bond rmsd: 0.010775
Running:  /home/lum/install/xtb/xtb-190329/bin/xtb  xtb_tmp.xyz --chrg 2 --grad  --gfn 2 --etemp 500 --acc 0.1 --gbsa h2o --parallel 8 > xtb.out
  step: 227 bond rmsd: 0.010792
Running:  /home/lum/install/xtb/xtb-190329/bin/xtb  xtb_tmp.xyz --chrg 2 --grad  --gfn 2 --etemp 500 --acc 0.1 --gbsa h2o --parallel 8 > xtb.out
  step: 228 bond rmsd: 0.010803
Running:  /home/lum/install/xtb/xtb-190329/bin/xtb  xtb_tmp.xyz --chrg 2 --grad  --gfn 2 --etemp 500 --acc 0.1 --gbsa h2o --parallel 8 > xtb.out
  step: 229 bond rmsd: 0.010829
Running:  /home/lum/install/xtb/xtb-190329/bin/xtb  xtb_tmp.xyz --chrg 2 --grad  --gfn 2 --etemp 500 --acc 0.1 --gbsa h2o --parallel 8 > xtb.out
  step: 230 bond rmsd: 0.010843
Running:  /home/lum/install/xtb/xtb-190329/bin/xtb  xtb_tmp.xyz --chrg 2 --grad  --gfn 2 --etemp 500 --acc 0.1 --gbsa h2o --parallel 8 > xtb.out
  step: 231 bond rmsd: 0.010818
Running:  /home/lum/install/xtb/xtb-190329/bin/xtb  xtb_tmp.xyz --chrg 2 --grad  --gfn 2 --etemp 500 --acc 0.1 --gbsa h2o --parallel 8 > xtb.out
  step: 232 bond rmsd: 0.010771
Running:  /home/lum/install/xtb/xtb-190329/bin/xtb  xtb_tmp.xyz --chrg 2 --grad  --gfn 2 --etemp 500 --acc 0.1 --gbsa h2o --parallel 8 > xtb.out
  step: 233 bond rmsd: 0.010747
Running:  /home/lum/install/xtb/xtb-190329/bin/xtb  xtb_tmp.xyz --chrg 2 --grad  --gfn 2 --etemp 500 --acc 0.1 --gbsa h2o --parallel 8 > xtb.out
  step: 234 bond rmsd: 0.010742
Running:  /home/lum/install/xtb/xtb-190329/bin/xtb  xtb_tmp.xyz --chrg 2 --grad  --gfn 2 --etemp 500 --acc 0.1 --gbsa h2o --parallel 8 > xtb.out
  step: 235 bond rmsd: 0.010767
Running:  /home/lum/install/xtb/xtb-190329/bin/xtb  xtb_tmp.xyz --chrg 2 --grad  --gfn 2 --etemp 500 --acc 0.1 --gbsa h2o --parallel 8 > xtb.out
  step: 236 bond rmsd: 0.010809
Running:  /home/lum/install/xtb/xtb-190329/bin/xtb  xtb_tmp.xyz --chrg 2 --grad  --gfn 2 --etemp 500 --acc 0.1 --gbsa h2o --parallel 8 > xtb.out
  step: 237 bond rmsd: 0.010846
Running:  /home/lum/install/xtb/xtb-190329/bin/xtb  xtb_tmp.xyz --chrg 2 --grad  --gfn 2 --etemp 500 --acc 0.1 --gbsa h2o --parallel 8 > xtb.out
  step: 238 bond rmsd: 0.010828
Running:  /home/lum/install/xtb/xtb-190329/bin/xtb  xtb_tmp.xyz --chrg 2 --grad  --gfn 2 --etemp 500 --acc 0.1 --gbsa h2o --parallel 8 > xtb.out
  step: 239 bond rmsd: 0.010799
Running:  /home/lum/install/xtb/xtb-190329/bin/xtb  xtb_tmp.xyz --chrg 2 --grad  --gfn 2 --etemp 500 --acc 0.1 --gbsa h2o --parallel 8 > xtb.out
  step: 240 bond rmsd: 0.010786
Running:  /home/lum/install/xtb/xtb-190329/bin/xtb  xtb_tmp.xyz --chrg 2 --grad  --gfn 2 --etemp 500 --acc 0.1 --gbsa h2o --parallel 8 > xtb.out
  step: 241 bond rmsd: 0.010766
Running:  /home/lum/install/xtb/xtb-190329/bin/xtb  xtb_tmp.xyz --chrg 2 --grad  --gfn 2 --etemp 500 --acc 0.1 --gbsa h2o --parallel 8 > xtb.out
  step: 242 bond rmsd: 0.010771
Running:  /home/lum/install/xtb/xtb-190329/bin/xtb  xtb_tmp.xyz --chrg 2 --grad  --gfn 2 --etemp 500 --acc 0.1 --gbsa h2o --parallel 8 > xtb.out
  step: 243 bond rmsd: 0.010792
Running:  /home/lum/install/xtb/xtb-190329/bin/xtb  xtb_tmp.xyz --chrg 2 --grad  --gfn 2 --etemp 500 --acc 0.1 --gbsa h2o --parallel 8 > xtb.out
  step: 244 bond rmsd: 0.010802
Running:  /home/lum/install/xtb/xtb-190329/bin/xtb  xtb_tmp.xyz --chrg 2 --grad  --gfn 2 --etemp 500 --acc 0.1 --gbsa h2o --parallel 8 > xtb.out
  step: 245 bond rmsd: 0.010820
Running:  /home/lum/install/xtb/xtb-190329/bin/xtb  xtb_tmp.xyz --chrg 2 --grad  --gfn 2 --etemp 500 --acc 0.1 --gbsa h2o --parallel 8 > xtb.out
  step: 246 bond rmsd: 0.010829
Running:  /home/lum/install/xtb/xtb-190329/bin/xtb  xtb_tmp.xyz --chrg 2 --grad  --gfn 2 --etemp 500 --acc 0.1 --gbsa h2o --parallel 8 > xtb.out
  step: 247 bond rmsd: 0.010802
Running:  /home/lum/install/xtb/xtb-190329/bin/xtb  xtb_tmp.xyz --chrg 2 --grad  --gfn 2 --etemp 500 --acc 0.1 --gbsa h2o --parallel 8 > xtb.out
  step: 248 bond rmsd: 0.010795
Running:  /home/lum/install/xtb/xtb-190329/bin/xtb  xtb_tmp.xyz --chrg 2 --grad  --gfn 2 --etemp 500 --acc 0.1 --gbsa h2o --parallel 8 > xtb.out
  step: 249 bond rmsd: 0.010773
Running:  /home/lum/install/xtb/xtb-190329/bin/xtb  xtb_tmp.xyz --chrg 2 --grad  --gfn 2 --etemp 500 --acc 0.1 --gbsa h2o --parallel 8 > xtb.out
  step: 250 bond rmsd: 0.010788
Running:  /home/lum/install/xtb/xtb-190329/bin/xtb  xtb_tmp.xyz --chrg 2 --grad  --gfn 2 --etemp 500 --acc 0.1 --gbsa h2o --parallel 8 > xtb.out
  step: 251 bond rmsd: 0.010791
Running:  /home/lum/install/xtb/xtb-190329/bin/xtb  xtb_tmp.xyz --chrg 2 --grad  --gfn 2 --etemp 500 --acc 0.1 --gbsa h2o --parallel 8 > xtb.out
  step: 252 bond rmsd: 0.010800
Running:  /home/lum/install/xtb/xtb-190329/bin/xtb  xtb_tmp.xyz --chrg 2 --grad  --gfn 2 --etemp 500 --acc 0.1 --gbsa h2o --parallel 8 > xtb.out
  step: 253 bond rmsd: 0.010820
Running:  /home/lum/install/xtb/xtb-190329/bin/xtb  xtb_tmp.xyz --chrg 2 --grad  --gfn 2 --etemp 500 --acc 0.1 --gbsa h2o --parallel 8 > xtb.out
micro_cycle   1 rmsd(b):  0.0108 rws:  1.000 n_fev: 253
See 1_refined.pdb in pdb folder.
Time: 256.8931
