Starting Q|R
version:   v1.0-114-g3318f9  
Running refinement
   input {
     xray_data {
       file_name = None
       labels = None
       high_resolution = None
       low_resolution = None
       outliers_rejection = True
       french_wilson_scale = True
       french_wilson {
         max_bins = 60
         min_bin_size = 40
       }
       sigma_fobs_rejection_criterion = None
       sigma_iobs_rejection_criterion = None
       ignore_all_zeros = True
       force_anomalous_flag_to_be_equal_to = None
       convert_to_non_anomalous_if_ratio_pairs_lone_less_than_threshold = 0.5
       r_free_flags {
         file_name = None
         label = None
         test_flag_value = None
         ignore_r_free_flags = False
         disable_suitability_test = False
         ignore_pdb_hexdigest = False
         generate = False
         fraction = 0.1
         max_free = 2000
         lattice_symmetry_max_delta = 5
         use_lattice_symmetry = True
         use_dataman_shells = False
         n_shells = 20
       }
     }
     pdb {
       file_name = None
     }
     monomers {
       file_name = None
     }
     maps {
       map_file_name = None
       d_min = None
       map_coefficients_file_name = None
       map_coefficients_label = None
     }
     sequence = None
     scattering_table = wk1995 it1992 *n_gaussian neutron electron
     wavelength = None
     energy = None
     twin_law = Auto
   }
   max_atoms = 15000
   debug = False
   cluster {
     charge_cutoff = 8.0
     clustering = false
     charge_embedding = False
     two_buffers = False
     maxnum_residues_in_cluster = 15
     clustering_method = gnc *bcc
     altloc_method = *average subtract
     g_scan = 10 15 20
     g_mode = None
   }
   restraints = *cctbx qm
   quantum {
     engine_name = *mopac ani torchani terachem turbomole pyscf orca gaussian \
                   xtb
     charge = None
     basis = Auto
     method = Auto
     memory = None
     nproc = None
     qm_addon = gcp dftd3 gcp-d3
     qm_addon_method = None
   }
   refine {
     dry_run = False
     sf_algorithm = *direct fft
     refinement_target_name = *ml ls_wunit_k1
     mode = *opt refine gtest
     number_of_macro_cycles = 1
     number_of_weight_search_cycles = 50
     number_of_refine_cycles = 5
     number_of_micro_cycles = 2
     data_weight = None
     choose_best_use_r_work = False
     skip_weight_search = False
     adjust_restraints_weight_scale_value = 2
     max_iterations_weight = 50
     max_iterations_refine = 300
     use_ase_lbfgs = False
     line_search = True
     stpmax = 3
     gradient_only = true
     update_all_scales = True
     refine_sites = True
     refine_adp = False
     restraints_weight_scale = 1.0
     shake_sites = False
     use_convergence_test = true
     max_bond_rmsd = 0.03
     max_r_work_r_free_gap = 5.0
     r_tolerance = 0.001
     rmsd_tolerance = 0.001
     opt_log = False
     pre_opt = False
     pre_opt_stpmax = 0.1
     pre_opt_iter = 10
     pre_opt_switch = 2
     pre_opt_gconv = 3000
   }
   parallel {
     method = *multiprocessing slurm pbs sge lsf threading
     nproc = None
     qsub_command = None
   }
   output_file_name_prefix = None
   output_folder_name = "pdb"
   shared_disk = True
   rst_file = None
   dump_gradients = None

Setting QM defaults
  Setting QM method to PM7


***********************************************************
restart info will be stored in /home/lum/cctbx_opt_final/1.2/cctbx_opt/pdb/0.rst.pickle
***********************************************************

start   0 rmsd(b):  0.0184 rws:  1.000 n_fev: 0
  step:   1 bond rmsd: 0.018423
  step:   2 bond rmsd: 0.079026
  step:   3 bond rmsd: 1.394510
  step:   4 bond rmsd: 0.017581
  step:   5 bond rmsd: 0.012864
  step:   6 bond rmsd: 0.011115
  step:   7 bond rmsd: 0.010663
  step:   8 bond rmsd: 0.009052
  step:   9 bond rmsd: 0.008961
  step:  10 bond rmsd: 0.006832
  step:  11 bond rmsd: 0.006312
  step:  12 bond rmsd: 0.005783
  step:  13 bond rmsd: 0.005154
  step:  14 bond rmsd: 0.005789
  step:  15 bond rmsd: 0.004526
  step:  16 bond rmsd: 0.004338
  step:  17 bond rmsd: 0.004043
  step:  18 bond rmsd: 0.004146
  step:  19 bond rmsd: 0.003680
  step:  20 bond rmsd: 0.003606
  step:  21 bond rmsd: 0.003556
  step:  22 bond rmsd: 0.003683
  step:  23 bond rmsd: 0.003360
  step:  24 bond rmsd: 0.003235
  step:  25 bond rmsd: 0.003070
  step:  26 bond rmsd: 0.003367
  step:  27 bond rmsd: 0.003107
  step:  28 bond rmsd: 0.003007
  step:  29 bond rmsd: 0.002964
  step:  30 bond rmsd: 0.003075
  step:  31 bond rmsd: 0.003099
  step:  32 bond rmsd: 0.003127
  step:  33 bond rmsd: 0.003137
  step:  34 bond rmsd: 0.003016
  step:  35 bond rmsd: 0.002910
  step:  36 bond rmsd: 0.002872
  step:  37 bond rmsd: 0.003135
  step:  38 bond rmsd: 0.002973
  step:  39 bond rmsd: 0.002950
  step:  40 bond rmsd: 0.002973
  step:  41 bond rmsd: 0.002869
  step:  42 bond rmsd: 0.002841
  step:  43 bond rmsd: 0.002706
  step:  44 bond rmsd: 0.002650
  step:  45 bond rmsd: 0.002639
  step:  46 bond rmsd: 0.002717
  step:  47 bond rmsd: 0.002656
  step:  48 bond rmsd: 0.002643
  step:  49 bond rmsd: 0.002615
  step:  50 bond rmsd: 0.002594
  step:  51 bond rmsd: 0.002447
  step:  52 bond rmsd: 0.002405
  step:  53 bond rmsd: 0.002333
  step:  54 bond rmsd: 0.002316
  step:  55 bond rmsd: 0.002209
  step:  56 bond rmsd: 0.002156
  step:  57 bond rmsd: 0.002083
  step:  58 bond rmsd: 0.002031
  step:  59 bond rmsd: 0.001995
  step:  60 bond rmsd: 0.002003
  step:  61 bond rmsd: 0.002021
  step:  62 bond rmsd: 0.002019
  step:  63 bond rmsd: 0.002014
  step:  64 bond rmsd: 0.002045
  step:  65 bond rmsd: 0.002129
  step:  66 bond rmsd: 0.002054
  step:  67 bond rmsd: 0.002010
  step:  68 bond rmsd: 0.001971
  step:  69 bond rmsd: 0.001894
  step:  70 bond rmsd: 0.001886
  step:  71 bond rmsd: 0.001832
  step:  72 bond rmsd: 0.001877
  step:  73 bond rmsd: 0.001932
  step:  74 bond rmsd: 0.001976
  step:  75 bond rmsd: 0.001922
  step:  76 bond rmsd: 0.001908
  step:  77 bond rmsd: 0.001832
  step:  78 bond rmsd: 0.001811
  step:  79 bond rmsd: 0.001865
  step:  80 bond rmsd: 0.002031
  step:  81 bond rmsd: 0.001897
  step:  82 bond rmsd: 0.001974
  step:  83 bond rmsd: 0.002087
  step:  84 bond rmsd: 0.002150
  step:  85 bond rmsd: 0.002146
  step:  86 bond rmsd: 0.002068
  step:  87 bond rmsd: 0.002077
  step:  88 bond rmsd: 0.001981
  step:  89 bond rmsd: 0.001955
  step:  90 bond rmsd: 0.001950
  step:  91 bond rmsd: 0.002009
  step:  92 bond rmsd: 0.002009
  step:  93 bond rmsd: 0.002041
  step:  94 bond rmsd: 0.002061
  step:  95 bond rmsd: 0.002092
  step:  96 bond rmsd: 0.002097
  step:  97 bond rmsd: 0.002116
  step:  98 bond rmsd: 0.002088
  step:  99 bond rmsd: 0.002012
  step: 100 bond rmsd: 0.002046
  step: 101 bond rmsd: 0.002012
  step: 102 bond rmsd: 0.002024
  step: 103 bond rmsd: 0.002054
  step: 104 bond rmsd: 0.002068
  step: 105 bond rmsd: 0.002071
  step: 106 bond rmsd: 0.002061
  step: 107 bond rmsd: 0.002038
  step: 108 bond rmsd: 0.002007
  step: 109 bond rmsd: 0.002167
  step: 110 bond rmsd: 0.002028
  step: 111 bond rmsd: 0.002007
  step: 112 bond rmsd: 0.002009
  step: 113 bond rmsd: 0.002031
  step: 114 bond rmsd: 0.002046
  step: 115 bond rmsd: 0.002033
  step: 116 bond rmsd: 0.002018
  step: 117 bond rmsd: 0.001995
  step: 118 bond rmsd: 0.002084
  step: 119 bond rmsd: 0.002014
  step: 120 bond rmsd: 0.001965
  step: 121 bond rmsd: 0.001941
  step: 122 bond rmsd: 0.001908
  step: 123 bond rmsd: 0.001919
  step: 124 bond rmsd: 0.001901
  step: 125 bond rmsd: 0.001877
  step: 126 bond rmsd: 0.001870
  step: 127 bond rmsd: 0.001845
  step: 128 bond rmsd: 0.001798
  step: 129 bond rmsd: 0.001754
  step: 130 bond rmsd: 0.001753
  step: 131 bond rmsd: 0.001750
  step: 132 bond rmsd: 0.001742
  step: 133 bond rmsd: 0.001716
  step: 134 bond rmsd: 0.001714
  step: 135 bond rmsd: 0.001670
  step: 136 bond rmsd: 0.001632
  step: 137 bond rmsd: 0.001605
  step: 138 bond rmsd: 0.001576
  step: 139 bond rmsd: 0.001559
  step: 140 bond rmsd: 0.001558
  step: 141 bond rmsd: 0.001558
  step: 142 bond rmsd: 0.001697
  step: 143 bond rmsd: 0.001606
  step: 144 bond rmsd: 0.001593
  step: 145 bond rmsd: 0.001588
  step: 146 bond rmsd: 0.001577
  step: 147 bond rmsd: 0.001608
  step: 148 bond rmsd: 0.001577
  step: 149 bond rmsd: 0.001576
  step: 150 bond rmsd: 0.001592
  step: 151 bond rmsd: 0.001653
  step: 152 bond rmsd: 0.001755
  step: 153 bond rmsd: 0.001758
  step: 154 bond rmsd: 0.001748
  step: 155 bond rmsd: 0.001738
  step: 156 bond rmsd: 0.001759
  step: 157 bond rmsd: 0.001731
  step: 158 bond rmsd: 0.001720
  step: 159 bond rmsd: 0.001732
  step: 160 bond rmsd: 0.001758
  step: 161 bond rmsd: 0.001799
  step: 162 bond rmsd: 0.001793
  step: 163 bond rmsd: 0.001788
  step: 164 bond rmsd: 0.001756
  step: 165 bond rmsd: 0.001734
  step: 166 bond rmsd: 0.001668
  step: 167 bond rmsd: 0.001671
  step: 168 bond rmsd: 0.001675
  step: 169 bond rmsd: 0.001684
  step: 170 bond rmsd: 0.001689
  step: 171 bond rmsd: 0.001692
  step: 172 bond rmsd: 0.001681
  step: 173 bond rmsd: 0.001668
  step: 174 bond rmsd: 0.001655
  step: 175 bond rmsd: 0.001640
  step: 176 bond rmsd: 0.001670
  step: 177 bond rmsd: 0.001656
  step: 178 bond rmsd: 0.001664
  step: 179 bond rmsd: 0.001686
  step: 180 bond rmsd: 0.001744
  step: 181 bond rmsd: 0.001737
  step: 182 bond rmsd: 0.001740
  step: 183 bond rmsd: 0.001748
  step: 184 bond rmsd: 0.001805
  step: 185 bond rmsd: 0.001794
  step: 186 bond rmsd: 0.001791
  step: 187 bond rmsd: 0.001796
  step: 188 bond rmsd: 0.001806
  step: 189 bond rmsd: 0.001851
  step: 190 bond rmsd: 0.001812
  step: 191 bond rmsd: 0.001830
  step: 192 bond rmsd: 0.001842
  step: 193 bond rmsd: 0.001839
  step: 194 bond rmsd: 0.001839
  step: 195 bond rmsd: 0.001806
  step: 196 bond rmsd: 0.001756
  step: 197 bond rmsd: 0.001725
  step: 198 bond rmsd: 0.001677
  step: 199 bond rmsd: 0.001654
  step: 200 bond rmsd: 0.001659
  step: 201 bond rmsd: 0.001656
  step: 202 bond rmsd: 0.001624
  step: 203 bond rmsd: 0.001581
  step: 204 bond rmsd: 0.001521
  step: 205 bond rmsd: 0.001476
  step: 206 bond rmsd: 0.001459
  step: 207 bond rmsd: 0.001465
  step: 208 bond rmsd: 0.001478
  step: 209 bond rmsd: 0.001523
  step: 210 bond rmsd: 0.001506
  step: 211 bond rmsd: 0.001503
  step: 212 bond rmsd: 0.001508
  step: 213 bond rmsd: 0.001554
  step: 214 bond rmsd: 0.001551
  step: 215 bond rmsd: 0.001563
  step: 216 bond rmsd: 0.001583
  step: 217 bond rmsd: 0.001666
  step: 218 bond rmsd: 0.001658
  step: 219 bond rmsd: 0.001661
  step: 220 bond rmsd: 0.001673
  step: 221 bond rmsd: 0.001680
  step: 222 bond rmsd: 0.001718
  step: 223 bond rmsd: 0.001696
  step: 224 bond rmsd: 0.001690
  step: 225 bond rmsd: 0.001684
  step: 226 bond rmsd: 0.001701
  step: 227 bond rmsd: 0.001692
  step: 228 bond rmsd: 0.001691
  step: 229 bond rmsd: 0.001684
  step: 230 bond rmsd: 0.001674
  step: 231 bond rmsd: 0.001653
  step: 232 bond rmsd: 0.001627
  step: 233 bond rmsd: 0.001600
  step: 234 bond rmsd: 0.001562
  step: 235 bond rmsd: 0.001558
  step: 236 bond rmsd: 0.001560
  step: 237 bond rmsd: 0.001558
  step: 238 bond rmsd: 0.001544
  step: 239 bond rmsd: 0.001557
  step: 240 bond rmsd: 0.001534
  step: 241 bond rmsd: 0.001534
  step: 242 bond rmsd: 0.001543
  step: 243 bond rmsd: 0.001573
  step: 244 bond rmsd: 0.001602
  step: 245 bond rmsd: 0.001624
  step: 246 bond rmsd: 0.001649
  step: 247 bond rmsd: 0.001651
  step: 248 bond rmsd: 0.001642
  step: 249 bond rmsd: 0.001625
  step: 250 bond rmsd: 0.001621
  step: 251 bond rmsd: 0.001624
  step: 252 bond rmsd: 0.001639
  step: 253 bond rmsd: 0.001681
  step: 254 bond rmsd: 0.001657
  step: 255 bond rmsd: 0.001649
  step: 256 bond rmsd: 0.001625
  step: 257 bond rmsd: 0.001610
  step: 258 bond rmsd: 0.001584
  step: 259 bond rmsd: 0.001568
  step: 260 bond rmsd: 0.001557
  step: 261 bond rmsd: 0.001560
  step: 262 bond rmsd: 0.001541
  step: 263 bond rmsd: 0.001536
  step: 264 bond rmsd: 0.001525
  step: 265 bond rmsd: 0.001498
  step: 266 bond rmsd: 0.001458
  step: 267 bond rmsd: 0.001450
  step: 268 bond rmsd: 0.001451
  step: 269 bond rmsd: 0.001459
  step: 270 bond rmsd: 0.001454
  step: 271 bond rmsd: 0.001458
  step: 272 bond rmsd: 0.001464
  step: 273 bond rmsd: 0.001471
  step: 274 bond rmsd: 0.001477
  step: 275 bond rmsd: 0.001496
  step: 276 bond rmsd: 0.001493
  step: 277 bond rmsd: 0.001491
  step: 278 bond rmsd: 0.001502
  step: 279 bond rmsd: 0.001507
  step: 280 bond rmsd: 0.001529
  step: 281 bond rmsd: 0.001539
  step: 282 bond rmsd: 0.001583
  step: 283 bond rmsd: 0.001575
  step: 284 bond rmsd: 0.001568
  step: 285 bond rmsd: 0.001571
  step: 286 bond rmsd: 0.001591
  step: 287 bond rmsd: 0.001593
  step: 288 bond rmsd: 0.001602
  step: 289 bond rmsd: 0.001615
  step: 290 bond rmsd: 0.001657
  step: 291 bond rmsd: 0.001644
  step: 292 bond rmsd: 0.001637
  step: 293 bond rmsd: 0.001634
  step: 294 bond rmsd: 0.001631
  step: 295 bond rmsd: 0.001623
  step: 296 bond rmsd: 0.001622
  step: 297 bond rmsd: 0.001617
  step: 298 bond rmsd: 0.001624
  step: 299 bond rmsd: 0.001609
  step: 300 bond rmsd: 0.001597
  step: 301 bond rmsd: 0.001587
  step: 302 bond rmsd: 0.001573
  step: 303 bond rmsd: 0.001557
  step: 304 bond rmsd: 0.001562
  step: 305 bond rmsd: 0.001556
  step: 306 bond rmsd: 0.001554
  step: 307 bond rmsd: 0.001550
  step: 308 bond rmsd: 0.001540
  step: 309 bond rmsd: 0.001542
  step: 310 bond rmsd: 0.001540
micro_cycle   1 rmsd(b):  0.0015 rws:  1.000 n_fev: 310
  step:   1 bond rmsd: 0.001540
  step:   2 bond rmsd: 0.059527
  step:   3 bond rmsd: 0.001638
  step:   4 bond rmsd: 0.001533
  step:   5 bond rmsd: 0.001535
  step:   6 bond rmsd: 0.001544
  step:   7 bond rmsd: 0.001548
  step:   8 bond rmsd: 0.001565
  step:   9 bond rmsd: 0.001567
  step:  10 bond rmsd: 0.001571
  step:  11 bond rmsd: 0.001581
  step:  12 bond rmsd: 0.001575
  step:  13 bond rmsd: 0.001574
  step:  14 bond rmsd: 0.001574
  step:  15 bond rmsd: 0.001579
  step:  16 bond rmsd: 0.001575
  step:  17 bond rmsd: 0.001578
  step:  18 bond rmsd: 0.001575
  step:  19 bond rmsd: 0.001578
  step:  20 bond rmsd: 0.001575
  step:  21 bond rmsd: 0.001567
  step:  22 bond rmsd: 0.001551
  step:  23 bond rmsd: 0.001542
  step:  24 bond rmsd: 0.001527
  step:  25 bond rmsd: 0.001524
  step:  26 bond rmsd: 0.001523
  step:  27 bond rmsd: 0.001517
  step:  28 bond rmsd: 0.001511
  step:  29 bond rmsd: 0.001506
  step:  30 bond rmsd: 0.001491
  step:  31 bond rmsd: 0.001493
  step:  32 bond rmsd: 0.001489
  step:  33 bond rmsd: 0.001482
  step:  34 bond rmsd: 0.001476
  step:  35 bond rmsd: 0.001470
  step:  36 bond rmsd: 0.001467
  step:  37 bond rmsd: 0.001469
  step:  38 bond rmsd: 0.001471
  step:  39 bond rmsd: 0.001504
  step:  40 bond rmsd: 0.001489
  step:  41 bond rmsd: 0.001486
  step:  42 bond rmsd: 0.001491
  step:  43 bond rmsd: 0.001495
  step:  44 bond rmsd: 0.001520
  step:  45 bond rmsd: 0.001506
  step:  46 bond rmsd: 0.001516
  step:  47 bond rmsd: 0.001522
  step:  48 bond rmsd: 0.001529
  step:  49 bond rmsd: 0.001549
  step:  50 bond rmsd: 0.001543
  step:  51 bond rmsd: 0.001542
  step:  52 bond rmsd: 0.001546
  step:  53 bond rmsd: 0.001552
  step:  54 bond rmsd: 0.001591
  step:  55 bond rmsd: 0.001566
  step:  56 bond rmsd: 0.001568
  step:  57 bond rmsd: 0.001571
  step:  58 bond rmsd: 0.001566
  step:  59 bond rmsd: 0.001567
  step:  60 bond rmsd: 0.001567
  step:  61 bond rmsd: 0.001561
  step:  62 bond rmsd: 0.001569
  step:  63 bond rmsd: 0.001569
  step:  64 bond rmsd: 0.001574
  step:  65 bond rmsd: 0.001565
  step:  66 bond rmsd: 0.001563
  step:  67 bond rmsd: 0.001553
  step:  68 bond rmsd: 0.001558
  step:  69 bond rmsd: 0.001552
  step:  70 bond rmsd: 0.001545
  step:  71 bond rmsd: 0.001542
  step:  72 bond rmsd: 0.001547
  step:  73 bond rmsd: 0.001542
  step:  74 bond rmsd: 0.001543
  step:  75 bond rmsd: 0.001533
  step:  76 bond rmsd: 0.001549
  step:  77 bond rmsd: 0.001538
  step:  78 bond rmsd: 0.001531
  step:  79 bond rmsd: 0.001528
  step:  80 bond rmsd: 0.001532
  step:  81 bond rmsd: 0.001531
  step:  82 bond rmsd: 0.001531
  step:  83 bond rmsd: 0.001531
  step:  84 bond rmsd: 0.001529
  step:  85 bond rmsd: 0.001531
  step:  86 bond rmsd: 0.001535
  step:  87 bond rmsd: 0.001541
  step:  88 bond rmsd: 0.001547
  step:  89 bond rmsd: 0.001567
  step:  90 bond rmsd: 0.001555
  step:  91 bond rmsd: 0.001544
  step:  92 bond rmsd: 0.001534
  step:  93 bond rmsd: 0.001526
  step:  94 bond rmsd: 0.001524
  step:  95 bond rmsd: 0.001528
  step:  96 bond rmsd: 0.001533
  step:  97 bond rmsd: 0.001538
  step:  98 bond rmsd: 0.001567
  step:  99 bond rmsd: 0.001546
  step: 100 bond rmsd: 0.001545
  step: 101 bond rmsd: 0.001543
  step: 102 bond rmsd: 0.001538
  step: 103 bond rmsd: 0.001540
  step: 104 bond rmsd: 0.001538
  step: 105 bond rmsd: 0.001540
  step: 106 bond rmsd: 0.001541
  step: 107 bond rmsd: 0.001556
  step: 108 bond rmsd: 0.001552
  step: 109 bond rmsd: 0.001551
  step: 110 bond rmsd: 0.001552
  step: 111 bond rmsd: 0.001561
  step: 112 bond rmsd: 0.001556
  step: 113 bond rmsd: 0.001556
  step: 114 bond rmsd: 0.001555
  step: 115 bond rmsd: 0.001556
  step: 116 bond rmsd: 0.001559
  step: 117 bond rmsd: 0.001559
  step: 118 bond rmsd: 0.001560
  step: 119 bond rmsd: 0.001561
  step: 120 bond rmsd: 0.001566
  step: 121 bond rmsd: 0.001564
  step: 122 bond rmsd: 0.001564
  step: 123 bond rmsd: 0.001564
  step: 124 bond rmsd: 0.001564
  step: 125 bond rmsd: 0.001588
  step: 126 bond rmsd: 0.001574
  step: 127 bond rmsd: 0.001572
  step: 128 bond rmsd: 0.001572
  step: 129 bond rmsd: 0.001567
  step: 130 bond rmsd: 0.001567
  step: 131 bond rmsd: 0.001563
  step: 132 bond rmsd: 0.001552
  step: 133 bond rmsd: 0.001542
  step: 134 bond rmsd: 0.001539
  step: 135 bond rmsd: 0.001537
  step: 136 bond rmsd: 0.001536
  step: 137 bond rmsd: 0.001537
  step: 138 bond rmsd: 0.001539
  step: 139 bond rmsd: 0.001541
  step: 140 bond rmsd: 0.001535
  step: 141 bond rmsd: 0.001536
  step: 142 bond rmsd: 0.001523
  step: 143 bond rmsd: 0.001518
  step: 144 bond rmsd: 0.001514
  step: 145 bond rmsd: 0.001517
  step: 146 bond rmsd: 0.001513
  step: 147 bond rmsd: 0.001514
  step: 148 bond rmsd: 0.001517
  step: 149 bond rmsd: 0.001521
  step: 150 bond rmsd: 0.001514
  step: 151 bond rmsd: 0.001519
  step: 152 bond rmsd: 0.001519
  step: 153 bond rmsd: 0.001520
  step: 154 bond rmsd: 0.001526
  step: 155 bond rmsd: 0.001536
  step: 156 bond rmsd: 0.001538
  step: 157 bond rmsd: 0.001544
  step: 158 bond rmsd: 0.001549
  step: 159 bond rmsd: 0.001543
  step: 160 bond rmsd: 0.001537
  step: 161 bond rmsd: 0.001534
  step: 162 bond rmsd: 0.001544
  step: 163 bond rmsd: 0.001540
  step: 164 bond rmsd: 0.001543
  step: 165 bond rmsd: 0.001549
  step: 166 bond rmsd: 0.001549
  step: 167 bond rmsd: 0.001551
  step: 168 bond rmsd: 0.001545
  step: 169 bond rmsd: 0.001537
  step: 170 bond rmsd: 0.001525
  step: 171 bond rmsd: 0.001525
  step: 172 bond rmsd: 0.001524
  step: 173 bond rmsd: 0.001537
  step: 174 bond rmsd: 0.001535
  step: 175 bond rmsd: 0.001534
  step: 176 bond rmsd: 0.001534
  step: 177 bond rmsd: 0.001532
  step: 178 bond rmsd: 0.001529
  step: 179 bond rmsd: 0.001525
  step: 180 bond rmsd: 0.001521
  step: 181 bond rmsd: 0.001529
  step: 182 bond rmsd: 0.001516
  step: 183 bond rmsd: 0.001509
  step: 184 bond rmsd: 0.001504
  step: 185 bond rmsd: 0.001504
  step: 186 bond rmsd: 0.001502
  step: 187 bond rmsd: 0.001503
  step: 188 bond rmsd: 0.001501
  step: 189 bond rmsd: 0.001514
  step: 190 bond rmsd: 0.001503
  step: 191 bond rmsd: 0.001502
  step: 192 bond rmsd: 0.001503
  step: 193 bond rmsd: 0.001513
  step: 194 bond rmsd: 0.001513
  step: 195 bond rmsd: 0.001517
  step: 196 bond rmsd: 0.001516
  step: 197 bond rmsd: 0.001530
  step: 198 bond rmsd: 0.001531
  step: 199 bond rmsd: 0.001549
  step: 200 bond rmsd: 0.001544
  step: 201 bond rmsd: 0.001544
  step: 202 bond rmsd: 0.001551
  step: 203 bond rmsd: 0.001559
  step: 204 bond rmsd: 0.001560
  step: 205 bond rmsd: 0.001566
  step: 206 bond rmsd: 0.001560
  step: 207 bond rmsd: 0.001561
  step: 208 bond rmsd: 0.001567
  step: 209 bond rmsd: 0.001559
  step: 210 bond rmsd: 0.001567
  step: 211 bond rmsd: 0.001584
  step: 212 bond rmsd: 0.001602
  step: 213 bond rmsd: 0.001599
  step: 214 bond rmsd: 0.001597
  step: 215 bond rmsd: 0.001582
  step: 216 bond rmsd: 0.001572
  step: 217 bond rmsd: 0.001549
  step: 218 bond rmsd: 0.001557
  step: 219 bond rmsd: 0.001568
  step: 220 bond rmsd: 0.001583
  step: 221 bond rmsd: 0.001593
  step: 222 bond rmsd: 0.001601
  step: 223 bond rmsd: 0.001595
  step: 224 bond rmsd: 0.001598
  step: 225 bond rmsd: 0.001588
  step: 226 bond rmsd: 0.001606
  step: 227 bond rmsd: 0.001601
  step: 228 bond rmsd: 0.001598
  step: 229 bond rmsd: 0.001597
  step: 230 bond rmsd: 0.001599
  step: 231 bond rmsd: 0.001593
  step: 232 bond rmsd: 0.001595
  step: 233 bond rmsd: 0.001579
  step: 234 bond rmsd: 0.001580
  step: 235 bond rmsd: 0.001573
  step: 236 bond rmsd: 0.001560
  step: 237 bond rmsd: 0.001553
  step: 238 bond rmsd: 0.001553
  step: 239 bond rmsd: 0.001551
  step: 240 bond rmsd: 0.001554
  step: 241 bond rmsd: 0.001544
  step: 242 bond rmsd: 0.001541
  step: 243 bond rmsd: 0.001525
  step: 244 bond rmsd: 0.001525
  step: 245 bond rmsd: 0.001527
  step: 246 bond rmsd: 0.001533
  step: 247 bond rmsd: 0.001532
  step: 248 bond rmsd: 0.001531
  step: 249 bond rmsd: 0.001532
  step: 250 bond rmsd: 0.001525
  step: 251 bond rmsd: 0.001527
  step: 252 bond rmsd: 0.001524
  step: 253 bond rmsd: 0.001522
  step: 254 bond rmsd: 0.001506
  step: 255 bond rmsd: 0.001512
  step: 256 bond rmsd: 0.001517
  step: 257 bond rmsd: 0.001521
  step: 258 bond rmsd: 0.001518
  step: 259 bond rmsd: 0.001526
  step: 260 bond rmsd: 0.001511
  step: 261 bond rmsd: 0.001502
  step: 262 bond rmsd: 0.001500
  step: 263 bond rmsd: 0.001490
  step: 264 bond rmsd: 0.001500
  step: 265 bond rmsd: 0.001509
  step: 266 bond rmsd: 0.001514
  step: 267 bond rmsd: 0.001523
  step: 268 bond rmsd: 0.001511
  step: 269 bond rmsd: 0.001502
  step: 270 bond rmsd: 0.001491
  step: 271 bond rmsd: 0.001483
  step: 272 bond rmsd: 0.001484
  step: 273 bond rmsd: 0.001491
  step: 274 bond rmsd: 0.001499
  step: 275 bond rmsd: 0.001498
  step: 276 bond rmsd: 0.001493
  step: 277 bond rmsd: 0.001488
  step: 278 bond rmsd: 0.001487
  step: 279 bond rmsd: 0.001482
  step: 280 bond rmsd: 0.001484
  step: 281 bond rmsd: 0.001489
  step: 282 bond rmsd: 0.001498
  step: 283 bond rmsd: 0.001505
  step: 284 bond rmsd: 0.001512
  step: 285 bond rmsd: 0.001510
  step: 286 bond rmsd: 0.001513
  step: 287 bond rmsd: 0.001508
  step: 288 bond rmsd: 0.001511
  step: 289 bond rmsd: 0.001503
  step: 290 bond rmsd: 0.001510
  step: 291 bond rmsd: 0.001516
  step: 292 bond rmsd: 0.001525
  step: 293 bond rmsd: 0.001537
  step: 294 bond rmsd: 0.001538
  step: 295 bond rmsd: 0.001539
  step: 296 bond rmsd: 0.001545
  step: 297 bond rmsd: 0.001547
  step: 298 bond rmsd: 0.001567
  step: 299 bond rmsd: 0.001561
  step: 300 bond rmsd: 0.001558
  step: 301 bond rmsd: 0.001558
  step: 302 bond rmsd: 0.001564
  step: 303 bond rmsd: 0.001564
  step: 304 bond rmsd: 0.001564
  step: 305 bond rmsd: 0.001561
  step: 306 bond rmsd: 0.001571
  step: 307 bond rmsd: 0.001564
  step: 308 bond rmsd: 0.001557
  step: 309 bond rmsd: 0.001551
micro_cycle   2 rmsd(b):  0.0016 rws:  1.000 n_fev: 619
See 0_refined.pdb in pdb folder.
Time: 7.3012
