Starting Q|R
version:   v1.0-114-g3318f9  
Running refinement
   input {
     xray_data {
       file_name = None
       labels = None
       high_resolution = None
       low_resolution = None
       outliers_rejection = True
       french_wilson_scale = True
       french_wilson {
         max_bins = 60
         min_bin_size = 40
       }
       sigma_fobs_rejection_criterion = None
       sigma_iobs_rejection_criterion = None
       ignore_all_zeros = True
       force_anomalous_flag_to_be_equal_to = None
       convert_to_non_anomalous_if_ratio_pairs_lone_less_than_threshold = 0.5
       r_free_flags {
         file_name = None
         label = None
         test_flag_value = None
         ignore_r_free_flags = False
         disable_suitability_test = False
         ignore_pdb_hexdigest = False
         generate = False
         fraction = 0.1
         max_free = 2000
         lattice_symmetry_max_delta = 5
         use_lattice_symmetry = True
         use_dataman_shells = False
         n_shells = 20
       }
     }
     pdb {
       file_name = None
     }
     monomers {
       file_name = None
     }
     maps {
       map_file_name = None
       d_min = None
       map_coefficients_file_name = None
       map_coefficients_label = None
     }
     sequence = None
     scattering_table = wk1995 it1992 *n_gaussian neutron electron
     wavelength = None
     energy = None
     twin_law = Auto
   }
   max_atoms = 15000
   debug = False
   cluster {
     charge_cutoff = 8.0
     clustering = false
     charge_embedding = False
     two_buffers = False
     maxnum_residues_in_cluster = 15
     clustering_method = gnc *bcc
     altloc_method = *average subtract
     g_scan = 10 15 20
     g_mode = None
   }
   restraints = *cctbx qm
   quantum {
     engine_name = *mopac ani torchani terachem turbomole pyscf orca gaussian \
                   xtb
     charge = None
     basis = Auto
     method = Auto
     memory = None
     nproc = None
     qm_addon = gcp dftd3 gcp-d3
     qm_addon_method = None
   }
   refine {
     dry_run = False
     sf_algorithm = *direct fft
     refinement_target_name = *ml ls_wunit_k1
     mode = *opt refine gtest
     number_of_macro_cycles = 1
     number_of_weight_search_cycles = 50
     number_of_refine_cycles = 5
     number_of_micro_cycles = 2
     data_weight = None
     choose_best_use_r_work = False
     skip_weight_search = False
     adjust_restraints_weight_scale_value = 2
     max_iterations_weight = 50
     max_iterations_refine = 300
     use_ase_lbfgs = False
     line_search = True
     stpmax = 3
     gradient_only = true
     update_all_scales = True
     refine_sites = True
     refine_adp = False
     restraints_weight_scale = 1.0
     shake_sites = False
     use_convergence_test = true
     max_bond_rmsd = 0.03
     max_r_work_r_free_gap = 5.0
     r_tolerance = 0.001
     rmsd_tolerance = 0.001
     opt_log = False
     pre_opt = False
     pre_opt_stpmax = 0.1
     pre_opt_iter = 10
     pre_opt_switch = 2
     pre_opt_gconv = 3000
   }
   parallel {
     method = *multiprocessing slurm pbs sge lsf threading
     nproc = None
     qsub_command = None
   }
   output_file_name_prefix = None
   output_folder_name = "pdb"
   shared_disk = True
   rst_file = None
   dump_gradients = None

Setting QM defaults
  Setting QM method to PM7


***********************************************************
restart info will be stored in /home/lum/cctbx_opt_final/1.2/cctbx_opt/pdb/1.rst.pickle
***********************************************************

start   0 rmsd(b):  0.0198 rws:  1.000 n_fev: 0
  step:   1 bond rmsd: 0.019836
  step:   2 bond rmsd: 0.074188
  step:   3 bond rmsd: 1.484521
  step:   4 bond rmsd: 0.017756
  step:   5 bond rmsd: 0.014956
  step:   6 bond rmsd: 0.013838
  step:   7 bond rmsd: 0.012958
  step:   8 bond rmsd: 0.011423
  step:   9 bond rmsd: 0.011129
  step:  10 bond rmsd: 0.010602
  step:  11 bond rmsd: 0.009296
  step:  12 bond rmsd: 0.008358
  step:  13 bond rmsd: 0.007418
  step:  14 bond rmsd: 0.006597
  step:  15 bond rmsd: 0.006390
  step:  16 bond rmsd: 0.006027
  step:  17 bond rmsd: 0.005434
  step:  18 bond rmsd: 0.004857
  step:  19 bond rmsd: 0.004334
  step:  20 bond rmsd: 0.004112
  step:  21 bond rmsd: 0.003939
  step:  22 bond rmsd: 0.003970
  step:  23 bond rmsd: 0.003768
  step:  24 bond rmsd: 0.003708
  step:  25 bond rmsd: 0.003666
  step:  26 bond rmsd: 0.003739
  step:  27 bond rmsd: 0.003680
  step:  28 bond rmsd: 0.003623
  step:  29 bond rmsd: 0.003549
  step:  30 bond rmsd: 0.003577
  step:  31 bond rmsd: 0.003544
  step:  32 bond rmsd: 0.003534
  step:  33 bond rmsd: 0.003537
  step:  34 bond rmsd: 0.003546
  step:  35 bond rmsd: 0.003545
  step:  36 bond rmsd: 0.003511
  step:  37 bond rmsd: 0.003447
  step:  38 bond rmsd: 0.003546
  step:  39 bond rmsd: 0.003487
  step:  40 bond rmsd: 0.003472
  step:  41 bond rmsd: 0.003471
  step:  42 bond rmsd: 0.003416
  step:  43 bond rmsd: 0.003320
  step:  44 bond rmsd: 0.003246
  step:  45 bond rmsd: 0.003095
  step:  46 bond rmsd: 0.003029
  step:  47 bond rmsd: 0.002939
  step:  48 bond rmsd: 0.002954
  step:  49 bond rmsd: 0.002989
  step:  50 bond rmsd: 0.002958
  step:  51 bond rmsd: 0.002946
  step:  52 bond rmsd: 0.002852
  step:  53 bond rmsd: 0.002687
  step:  54 bond rmsd: 0.002680
  step:  55 bond rmsd: 0.002594
  step:  56 bond rmsd: 0.002584
  step:  57 bond rmsd: 0.002588
  step:  58 bond rmsd: 0.002757
  step:  59 bond rmsd: 0.002591
  step:  60 bond rmsd: 0.002545
  step:  61 bond rmsd: 0.002523
  step:  62 bond rmsd: 0.002520
  step:  63 bond rmsd: 0.002551
  step:  64 bond rmsd: 0.002518
  step:  65 bond rmsd: 0.002523
  step:  66 bond rmsd: 0.002537
  step:  67 bond rmsd: 0.002797
  step:  68 bond rmsd: 0.002671
  step:  69 bond rmsd: 0.002667
  step:  70 bond rmsd: 0.002726
  step:  71 bond rmsd: 0.002791
  step:  72 bond rmsd: 0.002939
  step:  73 bond rmsd: 0.002949
  step:  74 bond rmsd: 0.002908
  step:  75 bond rmsd: 0.002810
  step:  76 bond rmsd: 0.002780
  step:  77 bond rmsd: 0.002706
  step:  78 bond rmsd: 0.002644
  step:  79 bond rmsd: 0.002604
  step:  80 bond rmsd: 0.002556
  step:  81 bond rmsd: 0.002553
  step:  82 bond rmsd: 0.002545
  step:  83 bond rmsd: 0.002518
  step:  84 bond rmsd: 0.002587
  step:  85 bond rmsd: 0.002513
  step:  86 bond rmsd: 0.002468
  step:  87 bond rmsd: 0.002419
  step:  88 bond rmsd: 0.002354
  step:  89 bond rmsd: 0.002316
  step:  90 bond rmsd: 0.002249
  step:  91 bond rmsd: 0.002222
  step:  92 bond rmsd: 0.002192
  step:  93 bond rmsd: 0.002173
  step:  94 bond rmsd: 0.002179
  step:  95 bond rmsd: 0.002267
  step:  96 bond rmsd: 0.002169
  step:  97 bond rmsd: 0.002199
  step:  98 bond rmsd: 0.002179
  step:  99 bond rmsd: 0.002153
  step: 100 bond rmsd: 0.002091
  step: 101 bond rmsd: 0.002046
  step: 102 bond rmsd: 0.002016
  step: 103 bond rmsd: 0.002011
  step: 104 bond rmsd: 0.002005
  step: 105 bond rmsd: 0.002005
  step: 106 bond rmsd: 0.001990
  step: 107 bond rmsd: 0.001957
  step: 108 bond rmsd: 0.001901
  step: 109 bond rmsd: 0.001908
  step: 110 bond rmsd: 0.001877
  step: 111 bond rmsd: 0.001873
  step: 112 bond rmsd: 0.001873
  step: 113 bond rmsd: 0.001867
  step: 114 bond rmsd: 0.001914
  step: 115 bond rmsd: 0.001852
  step: 116 bond rmsd: 0.001834
  step: 117 bond rmsd: 0.001816
  step: 118 bond rmsd: 0.001798
  step: 119 bond rmsd: 0.001794
  step: 120 bond rmsd: 0.001797
  step: 121 bond rmsd: 0.001793
  step: 122 bond rmsd: 0.001759
  step: 123 bond rmsd: 0.001770
  step: 124 bond rmsd: 0.001707
  step: 125 bond rmsd: 0.001688
  step: 126 bond rmsd: 0.001683
  step: 127 bond rmsd: 0.001767
  step: 128 bond rmsd: 0.001702
  step: 129 bond rmsd: 0.001721
  step: 130 bond rmsd: 0.001740
  step: 131 bond rmsd: 0.001770
  step: 132 bond rmsd: 0.001763
  step: 133 bond rmsd: 0.001749
  step: 134 bond rmsd: 0.001724
  step: 135 bond rmsd: 0.001731
  step: 136 bond rmsd: 0.001729
  step: 137 bond rmsd: 0.001756
  step: 138 bond rmsd: 0.001770
  step: 139 bond rmsd: 0.001774
  step: 140 bond rmsd: 0.001808
  step: 141 bond rmsd: 0.001853
  step: 142 bond rmsd: 0.001812
  step: 143 bond rmsd: 0.001803
  step: 144 bond rmsd: 0.001800
  step: 145 bond rmsd: 0.001801
  step: 146 bond rmsd: 0.001791
  step: 147 bond rmsd: 0.001783
  step: 148 bond rmsd: 0.001771
  step: 149 bond rmsd: 0.001773
  step: 150 bond rmsd: 0.001761
  step: 151 bond rmsd: 0.001754
  step: 152 bond rmsd: 0.001754
  step: 153 bond rmsd: 0.001751
  step: 154 bond rmsd: 0.001761
  step: 155 bond rmsd: 0.001764
  step: 156 bond rmsd: 0.001766
  step: 157 bond rmsd: 0.001739
  step: 158 bond rmsd: 0.001729
  step: 159 bond rmsd: 0.001709
  step: 160 bond rmsd: 0.001688
  step: 161 bond rmsd: 0.001679
  step: 162 bond rmsd: 0.001690
  step: 163 bond rmsd: 0.001687
  step: 164 bond rmsd: 0.001697
  step: 165 bond rmsd: 0.001703
  step: 166 bond rmsd: 0.001707
  step: 167 bond rmsd: 0.001680
  step: 168 bond rmsd: 0.001642
  step: 169 bond rmsd: 0.001610
  step: 170 bond rmsd: 0.001565
  step: 171 bond rmsd: 0.001561
  step: 172 bond rmsd: 0.001560
  step: 173 bond rmsd: 0.001576
  step: 174 bond rmsd: 0.001582
  step: 175 bond rmsd: 0.001577
  step: 176 bond rmsd: 0.001550
  step: 177 bond rmsd: 0.001531
  step: 178 bond rmsd: 0.001511
  step: 179 bond rmsd: 0.001511
  step: 180 bond rmsd: 0.001513
  step: 181 bond rmsd: 0.001524
  step: 182 bond rmsd: 0.001527
  step: 183 bond rmsd: 0.001530
  step: 184 bond rmsd: 0.001527
  step: 185 bond rmsd: 0.001525
  step: 186 bond rmsd: 0.001538
  step: 187 bond rmsd: 0.001543
  step: 188 bond rmsd: 0.001558
  step: 189 bond rmsd: 0.001586
  step: 190 bond rmsd: 0.001652
  step: 191 bond rmsd: 0.001652
  step: 192 bond rmsd: 0.001646
  step: 193 bond rmsd: 0.001637
  step: 194 bond rmsd: 0.001647
  step: 195 bond rmsd: 0.001630
  step: 196 bond rmsd: 0.001626
  step: 197 bond rmsd: 0.001626
  step: 198 bond rmsd: 0.001633
  step: 199 bond rmsd: 0.001624
  step: 200 bond rmsd: 0.001619
  step: 201 bond rmsd: 0.001610
  step: 202 bond rmsd: 0.001596
  step: 203 bond rmsd: 0.001570
  step: 204 bond rmsd: 0.001553
  step: 205 bond rmsd: 0.001544
  step: 206 bond rmsd: 0.001552
  step: 207 bond rmsd: 0.001559
  step: 208 bond rmsd: 0.001562
  step: 209 bond rmsd: 0.001579
  step: 210 bond rmsd: 0.001588
  step: 211 bond rmsd: 0.001637
  step: 212 bond rmsd: 0.001606
  step: 213 bond rmsd: 0.001612
  step: 214 bond rmsd: 0.001611
  step: 215 bond rmsd: 0.001606
  step: 216 bond rmsd: 0.001621
  step: 217 bond rmsd: 0.001611
  step: 218 bond rmsd: 0.001612
  step: 219 bond rmsd: 0.001615
  step: 220 bond rmsd: 0.001640
  step: 221 bond rmsd: 0.001648
  step: 222 bond rmsd: 0.001659
  step: 223 bond rmsd: 0.001652
  step: 224 bond rmsd: 0.001636
  step: 225 bond rmsd: 0.001622
  step: 226 bond rmsd: 0.001616
  step: 227 bond rmsd: 0.001609
  step: 228 bond rmsd: 0.001630
  step: 229 bond rmsd: 0.001624
  step: 230 bond rmsd: 0.001618
  step: 231 bond rmsd: 0.001613
  step: 232 bond rmsd: 0.001624
  step: 233 bond rmsd: 0.001603
  step: 234 bond rmsd: 0.001583
  step: 235 bond rmsd: 0.001568
  step: 236 bond rmsd: 0.001593
  step: 237 bond rmsd: 0.001566
  step: 238 bond rmsd: 0.001562
  step: 239 bond rmsd: 0.001559
  step: 240 bond rmsd: 0.001584
  step: 241 bond rmsd: 0.001571
  step: 242 bond rmsd: 0.001569
  step: 243 bond rmsd: 0.001574
  step: 244 bond rmsd: 0.001622
  step: 245 bond rmsd: 0.001612
  step: 246 bond rmsd: 0.001610
  step: 247 bond rmsd: 0.001608
  step: 248 bond rmsd: 0.001597
  step: 249 bond rmsd: 0.001653
  step: 250 bond rmsd: 0.001603
  step: 251 bond rmsd: 0.001593
  step: 252 bond rmsd: 0.001590
  step: 253 bond rmsd: 0.001583
  step: 254 bond rmsd: 0.001610
  step: 255 bond rmsd: 0.001588
  step: 256 bond rmsd: 0.001582
  step: 257 bond rmsd: 0.001588
  step: 258 bond rmsd: 0.001623
  step: 259 bond rmsd: 0.001642
  step: 260 bond rmsd: 0.001644
  step: 261 bond rmsd: 0.001643
  step: 262 bond rmsd: 0.001637
  step: 263 bond rmsd: 0.001631
  step: 264 bond rmsd: 0.001629
  step: 265 bond rmsd: 0.001627
  step: 266 bond rmsd: 0.001626
  step: 267 bond rmsd: 0.001646
  step: 268 bond rmsd: 0.001624
  step: 269 bond rmsd: 0.001621
  step: 270 bond rmsd: 0.001615
  step: 271 bond rmsd: 0.001616
  step: 272 bond rmsd: 0.001605
  step: 273 bond rmsd: 0.001609
  step: 274 bond rmsd: 0.001610
  step: 275 bond rmsd: 0.001618
  step: 276 bond rmsd: 0.001628
  step: 277 bond rmsd: 0.001630
  step: 278 bond rmsd: 0.001627
  step: 279 bond rmsd: 0.001621
  step: 280 bond rmsd: 0.001602
  step: 281 bond rmsd: 0.001594
  step: 282 bond rmsd: 0.001579
  step: 283 bond rmsd: 0.001587
  step: 284 bond rmsd: 0.001596
  step: 285 bond rmsd: 0.001603
  step: 286 bond rmsd: 0.001602
  step: 287 bond rmsd: 0.001593
  step: 288 bond rmsd: 0.001579
  step: 289 bond rmsd: 0.001568
  step: 290 bond rmsd: 0.001538
  step: 291 bond rmsd: 0.001540
  step: 292 bond rmsd: 0.001547
  step: 293 bond rmsd: 0.001545
  step: 294 bond rmsd: 0.001534
  step: 295 bond rmsd: 0.001524
  step: 296 bond rmsd: 0.001502
  step: 297 bond rmsd: 0.001488
  step: 298 bond rmsd: 0.001478
  step: 299 bond rmsd: 0.001467
  step: 300 bond rmsd: 0.001493
  step: 301 bond rmsd: 0.001492
  step: 302 bond rmsd: 0.001503
  step: 303 bond rmsd: 0.001497
  step: 304 bond rmsd: 0.001494
  step: 305 bond rmsd: 0.001505
  step: 306 bond rmsd: 0.001508
  step: 307 bond rmsd: 0.001502
  step: 308 bond rmsd: 0.001511
micro_cycle   1 rmsd(b):  0.0015 rws:  1.000 n_fev: 308
  step:   1 bond rmsd: 0.001511
  step:   2 bond rmsd: 0.095040
  step:   3 bond rmsd: 0.002580
  step:   4 bond rmsd: 0.001506
  step:   5 bond rmsd: 0.001508
  step:   6 bond rmsd: 0.001523
  step:   7 bond rmsd: 0.001522
  step:   8 bond rmsd: 0.001547
  step:   9 bond rmsd: 0.001543
  step:  10 bond rmsd: 0.001539
  step:  11 bond rmsd: 0.001536
  step:  12 bond rmsd: 0.001536
  step:  13 bond rmsd: 0.001544
  step:  14 bond rmsd: 0.001548
  step:  15 bond rmsd: 0.001551
  step:  16 bond rmsd: 0.001558
  step:  17 bond rmsd: 0.001559
  step:  18 bond rmsd: 0.001585
  step:  19 bond rmsd: 0.001573
  step:  20 bond rmsd: 0.001562
  step:  21 bond rmsd: 0.001563
  step:  22 bond rmsd: 0.001577
  step:  23 bond rmsd: 0.001600
  step:  24 bond rmsd: 0.001618
  step:  25 bond rmsd: 0.001619
  step:  26 bond rmsd: 0.001619
  step:  27 bond rmsd: 0.001612
  step:  28 bond rmsd: 0.001629
  step:  29 bond rmsd: 0.001632
  step:  30 bond rmsd: 0.001645
  step:  31 bond rmsd: 0.001659
  step:  32 bond rmsd: 0.001655
  step:  33 bond rmsd: 0.001648
  step:  34 bond rmsd: 0.001663
  step:  35 bond rmsd: 0.001652
  step:  36 bond rmsd: 0.001648
  step:  37 bond rmsd: 0.001648
  step:  38 bond rmsd: 0.001665
  step:  39 bond rmsd: 0.001650
  step:  40 bond rmsd: 0.001644
  step:  41 bond rmsd: 0.001626
  step:  42 bond rmsd: 0.001612
  step:  43 bond rmsd: 0.001572
  step:  44 bond rmsd: 0.001565
  step:  45 bond rmsd: 0.001552
  step:  46 bond rmsd: 0.001554
  step:  47 bond rmsd: 0.001555
  step:  48 bond rmsd: 0.001536
  step:  49 bond rmsd: 0.001538
  step:  50 bond rmsd: 0.001534
  step:  51 bond rmsd: 0.001518
  step:  52 bond rmsd: 0.001496
  step:  53 bond rmsd: 0.001481
  step:  54 bond rmsd: 0.001466
  step:  55 bond rmsd: 0.001451
  step:  56 bond rmsd: 0.001465
  step:  57 bond rmsd: 0.001459
  step:  58 bond rmsd: 0.001461
  step:  59 bond rmsd: 0.001467
  step:  60 bond rmsd: 0.001488
  step:  61 bond rmsd: 0.001496
  step:  62 bond rmsd: 0.001498
  step:  63 bond rmsd: 0.001499
  step:  64 bond rmsd: 0.001500
  step:  65 bond rmsd: 0.001500
  step:  66 bond rmsd: 0.001501
  step:  67 bond rmsd: 0.001504
  step:  68 bond rmsd: 0.001506
  step:  69 bond rmsd: 0.001502
  step:  70 bond rmsd: 0.001512
  step:  71 bond rmsd: 0.001521
  step:  72 bond rmsd: 0.001535
  step:  73 bond rmsd: 0.001534
  step:  74 bond rmsd: 0.001528
  step:  75 bond rmsd: 0.001536
  step:  76 bond rmsd: 0.001521
  step:  77 bond rmsd: 0.001518
  step:  78 bond rmsd: 0.001513
  step:  79 bond rmsd: 0.001536
  step:  80 bond rmsd: 0.001522
  step:  81 bond rmsd: 0.001522
  step:  82 bond rmsd: 0.001531
  step:  83 bond rmsd: 0.001528
  step:  84 bond rmsd: 0.001532
  step:  85 bond rmsd: 0.001540
  step:  86 bond rmsd: 0.001542
  step:  87 bond rmsd: 0.001532
  step:  88 bond rmsd: 0.001537
  step:  89 bond rmsd: 0.001519
  step:  90 bond rmsd: 0.001506
  step:  91 bond rmsd: 0.001503
  step:  92 bond rmsd: 0.001501
  step:  93 bond rmsd: 0.001510
  step:  94 bond rmsd: 0.001519
  step:  95 bond rmsd: 0.001525
  step:  96 bond rmsd: 0.001533
  step:  97 bond rmsd: 0.001546
  step:  98 bond rmsd: 0.001536
  step:  99 bond rmsd: 0.001535
  step: 100 bond rmsd: 0.001529
  step: 101 bond rmsd: 0.001519
  step: 102 bond rmsd: 0.001499
  step: 103 bond rmsd: 0.001491
  step: 104 bond rmsd: 0.001483
  step: 105 bond rmsd: 0.001476
  step: 106 bond rmsd: 0.001468
  step: 107 bond rmsd: 0.001458
  step: 108 bond rmsd: 0.001462
  step: 109 bond rmsd: 0.001467
  step: 110 bond rmsd: 0.001493
  step: 111 bond rmsd: 0.001484
  step: 112 bond rmsd: 0.001477
  step: 113 bond rmsd: 0.001474
  step: 114 bond rmsd: 0.001461
  step: 115 bond rmsd: 0.001458
  step: 116 bond rmsd: 0.001457
  step: 117 bond rmsd: 0.001461
  step: 118 bond rmsd: 0.001465
  step: 119 bond rmsd: 0.001479
  step: 120 bond rmsd: 0.001482
  step: 121 bond rmsd: 0.001486
  step: 122 bond rmsd: 0.001473
  step: 123 bond rmsd: 0.001453
  step: 124 bond rmsd: 0.001443
  step: 125 bond rmsd: 0.001453
  step: 126 bond rmsd: 0.001456
  step: 127 bond rmsd: 0.001471
  step: 128 bond rmsd: 0.001499
  step: 129 bond rmsd: 0.001573
  step: 130 bond rmsd: 0.001527
  step: 131 bond rmsd: 0.001540
  step: 132 bond rmsd: 0.001553
  step: 133 bond rmsd: 0.001550
  step: 134 bond rmsd: 0.001551
  step: 135 bond rmsd: 0.001548
  step: 136 bond rmsd: 0.001563
  step: 137 bond rmsd: 0.001567
  step: 138 bond rmsd: 0.001574
  step: 139 bond rmsd: 0.001593
  step: 140 bond rmsd: 0.001609
  step: 141 bond rmsd: 0.001599
  step: 142 bond rmsd: 0.001611
  step: 143 bond rmsd: 0.001613
  step: 144 bond rmsd: 0.001621
  step: 145 bond rmsd: 0.001616
  step: 146 bond rmsd: 0.001600
  step: 147 bond rmsd: 0.001597
  step: 148 bond rmsd: 0.001592
  step: 149 bond rmsd: 0.001582
  step: 150 bond rmsd: 0.001584
  step: 151 bond rmsd: 0.001588
  step: 152 bond rmsd: 0.001587
  step: 153 bond rmsd: 0.001585
  step: 154 bond rmsd: 0.001575
  step: 155 bond rmsd: 0.001569
  step: 156 bond rmsd: 0.001559
  step: 157 bond rmsd: 0.001558
  step: 158 bond rmsd: 0.001550
  step: 159 bond rmsd: 0.001554
  step: 160 bond rmsd: 0.001541
  step: 161 bond rmsd: 0.001540
  step: 162 bond rmsd: 0.001535
  step: 163 bond rmsd: 0.001543
  step: 164 bond rmsd: 0.001543
  step: 165 bond rmsd: 0.001548
  step: 166 bond rmsd: 0.001542
  step: 167 bond rmsd: 0.001545
  step: 168 bond rmsd: 0.001553
  step: 169 bond rmsd: 0.001556
  step: 170 bond rmsd: 0.001551
  step: 171 bond rmsd: 0.001549
  step: 172 bond rmsd: 0.001540
  step: 173 bond rmsd: 0.001537
  step: 174 bond rmsd: 0.001527
  step: 175 bond rmsd: 0.001530
  step: 176 bond rmsd: 0.001534
  step: 177 bond rmsd: 0.001543
  step: 178 bond rmsd: 0.001543
  step: 179 bond rmsd: 0.001541
  step: 180 bond rmsd: 0.001530
  step: 181 bond rmsd: 0.001521
  step: 182 bond rmsd: 0.001490
  step: 183 bond rmsd: 0.001494
  step: 184 bond rmsd: 0.001495
  step: 185 bond rmsd: 0.001494
  step: 186 bond rmsd: 0.001489
  step: 187 bond rmsd: 0.001492
  step: 188 bond rmsd: 0.001479
  step: 189 bond rmsd: 0.001474
  step: 190 bond rmsd: 0.001470
  step: 191 bond rmsd: 0.001464
  step: 192 bond rmsd: 0.001465
  step: 193 bond rmsd: 0.001469
  step: 194 bond rmsd: 0.001477
  step: 195 bond rmsd: 0.001493
  step: 196 bond rmsd: 0.001486
  step: 197 bond rmsd: 0.001485
  step: 198 bond rmsd: 0.001489
  step: 199 bond rmsd: 0.001495
  step: 200 bond rmsd: 0.001536
  step: 201 bond rmsd: 0.001503
  step: 202 bond rmsd: 0.001511
  step: 203 bond rmsd: 0.001512
  step: 204 bond rmsd: 0.001518
  step: 205 bond rmsd: 0.001513
  step: 206 bond rmsd: 0.001513
  step: 207 bond rmsd: 0.001514
  step: 208 bond rmsd: 0.001517
  step: 209 bond rmsd: 0.001521
  step: 210 bond rmsd: 0.001524
  step: 211 bond rmsd: 0.001525
  step: 212 bond rmsd: 0.001525
  step: 213 bond rmsd: 0.001516
  step: 214 bond rmsd: 0.001518
  step: 215 bond rmsd: 0.001517
  step: 216 bond rmsd: 0.001516
  step: 217 bond rmsd: 0.001505
  step: 218 bond rmsd: 0.001506
  step: 219 bond rmsd: 0.001504
  step: 220 bond rmsd: 0.001501
  step: 221 bond rmsd: 0.001482
  step: 222 bond rmsd: 0.001485
  step: 223 bond rmsd: 0.001485
  step: 224 bond rmsd: 0.001483
  step: 225 bond rmsd: 0.001481
  step: 226 bond rmsd: 0.001499
  step: 227 bond rmsd: 0.001488
  step: 228 bond rmsd: 0.001483
  step: 229 bond rmsd: 0.001483
  step: 230 bond rmsd: 0.001487
  step: 231 bond rmsd: 0.001501
  step: 232 bond rmsd: 0.001501
  step: 233 bond rmsd: 0.001506
  step: 234 bond rmsd: 0.001515
  step: 235 bond rmsd: 0.001528
  step: 236 bond rmsd: 0.001572
  step: 237 bond rmsd: 0.001549
  step: 238 bond rmsd: 0.001567
  step: 239 bond rmsd: 0.001574
  step: 240 bond rmsd: 0.001583
  step: 241 bond rmsd: 0.001596
  step: 242 bond rmsd: 0.001583
  step: 243 bond rmsd: 0.001576
  step: 244 bond rmsd: 0.001566
  step: 245 bond rmsd: 0.001564
  step: 246 bond rmsd: 0.001551
  step: 247 bond rmsd: 0.001561
  step: 248 bond rmsd: 0.001571
  step: 249 bond rmsd: 0.001571
  step: 250 bond rmsd: 0.001571
  step: 251 bond rmsd: 0.001559
  step: 252 bond rmsd: 0.001543
  step: 253 bond rmsd: 0.001534
  step: 254 bond rmsd: 0.001507
  step: 255 bond rmsd: 0.001518
  step: 256 bond rmsd: 0.001523
  step: 257 bond rmsd: 0.001528
  step: 258 bond rmsd: 0.001525
  step: 259 bond rmsd: 0.001520
  step: 260 bond rmsd: 0.001508
  step: 261 bond rmsd: 0.001503
  step: 262 bond rmsd: 0.001487
  step: 263 bond rmsd: 0.001489
  step: 264 bond rmsd: 0.001494
  step: 265 bond rmsd: 0.001505
  step: 266 bond rmsd: 0.001505
  step: 267 bond rmsd: 0.001512
  step: 268 bond rmsd: 0.001503
  step: 269 bond rmsd: 0.001503
  step: 270 bond rmsd: 0.001501
  step: 271 bond rmsd: 0.001499
  step: 272 bond rmsd: 0.001507
  step: 273 bond rmsd: 0.001497
  step: 274 bond rmsd: 0.001496
  step: 275 bond rmsd: 0.001497
  step: 276 bond rmsd: 0.001494
  step: 277 bond rmsd: 0.001481
  step: 278 bond rmsd: 0.001475
  step: 279 bond rmsd: 0.001461
  step: 280 bond rmsd: 0.001460
  step: 281 bond rmsd: 0.001463
  step: 282 bond rmsd: 0.001467
  step: 283 bond rmsd: 0.001468
  step: 284 bond rmsd: 0.001464
  step: 285 bond rmsd: 0.001454
  step: 286 bond rmsd: 0.001456
  step: 287 bond rmsd: 0.001453
  step: 288 bond rmsd: 0.001448
  step: 289 bond rmsd: 0.001444
  step: 290 bond rmsd: 0.001445
  step: 291 bond rmsd: 0.001451
  step: 292 bond rmsd: 0.001460
  step: 293 bond rmsd: 0.001470
  step: 294 bond rmsd: 0.001479
  step: 295 bond rmsd: 0.001500
  step: 296 bond rmsd: 0.001485
  step: 297 bond rmsd: 0.001478
  step: 298 bond rmsd: 0.001473
  step: 299 bond rmsd: 0.001476
  step: 300 bond rmsd: 0.001482
  step: 301 bond rmsd: 0.001495
  step: 302 bond rmsd: 0.001507
  step: 303 bond rmsd: 0.001549
  step: 304 bond rmsd: 0.001518
  step: 305 bond rmsd: 0.001523
  step: 306 bond rmsd: 0.001524
  step: 307 bond rmsd: 0.001519
  step: 308 bond rmsd: 0.001516
  step: 309 bond rmsd: 0.001507
  step: 310 bond rmsd: 0.001503
  step: 311 bond rmsd: 0.001491
  step: 312 bond rmsd: 0.001489
  step: 313 bond rmsd: 0.001483
  step: 314 bond rmsd: 0.001480
  step: 315 bond rmsd: 0.001475
micro_cycle   2 rmsd(b):  0.0015 rws:  1.000 n_fev: 623
See 1_refined.pdb in pdb folder.
Time: 7.0371
