Starting Q|R
version:   v1.0-114-g3318f9  
Running refinement
   input {
     xray_data {
       file_name = None
       labels = None
       high_resolution = None
       low_resolution = None
       outliers_rejection = True
       french_wilson_scale = True
       french_wilson {
         max_bins = 60
         min_bin_size = 40
       }
       sigma_fobs_rejection_criterion = None
       sigma_iobs_rejection_criterion = None
       ignore_all_zeros = True
       force_anomalous_flag_to_be_equal_to = None
       convert_to_non_anomalous_if_ratio_pairs_lone_less_than_threshold = 0.5
       r_free_flags {
         file_name = None
         label = None
         test_flag_value = None
         ignore_r_free_flags = False
         disable_suitability_test = False
         ignore_pdb_hexdigest = False
         generate = False
         fraction = 0.1
         max_free = 2000
         lattice_symmetry_max_delta = 5
         use_lattice_symmetry = True
         use_dataman_shells = False
         n_shells = 20
       }
     }
     pdb {
       file_name = None
     }
     monomers {
       file_name = None
     }
     maps {
       map_file_name = None
       d_min = None
       map_coefficients_file_name = None
       map_coefficients_label = None
     }
     sequence = None
     scattering_table = wk1995 it1992 *n_gaussian neutron electron
     wavelength = None
     energy = None
     twin_law = Auto
   }
   max_atoms = 15000
   debug = False
   cluster {
     charge_cutoff = 8.0
     clustering = false
     charge_embedding = False
     two_buffers = False
     maxnum_residues_in_cluster = 15
     clustering_method = gnc *bcc
     altloc_method = *average subtract
     g_scan = 10 15 20
     g_mode = None
   }
   restraints = *cctbx qm
   quantum {
     engine_name = *mopac ani torchani terachem turbomole pyscf orca gaussian \
                   xtb
     charge = None
     basis = Auto
     method = Auto
     memory = None
     nproc = None
     qm_addon = gcp dftd3 gcp-d3
     qm_addon_method = None
   }
   refine {
     dry_run = False
     sf_algorithm = *direct fft
     refinement_target_name = *ml ls_wunit_k1
     mode = *opt refine gtest
     number_of_macro_cycles = 1
     number_of_weight_search_cycles = 50
     number_of_refine_cycles = 5
     number_of_micro_cycles = 2
     data_weight = None
     choose_best_use_r_work = False
     skip_weight_search = False
     adjust_restraints_weight_scale_value = 2
     max_iterations_weight = 50
     max_iterations_refine = 300
     use_ase_lbfgs = False
     line_search = True
     stpmax = 3
     gradient_only = true
     update_all_scales = True
     refine_sites = True
     refine_adp = False
     restraints_weight_scale = 1.0
     shake_sites = False
     use_convergence_test = true
     max_bond_rmsd = 0.03
     max_r_work_r_free_gap = 5.0
     r_tolerance = 0.001
     rmsd_tolerance = 0.001
     opt_log = False
     pre_opt = False
     pre_opt_stpmax = 0.1
     pre_opt_iter = 10
     pre_opt_switch = 2
     pre_opt_gconv = 3000
   }
   parallel {
     method = *multiprocessing slurm pbs sge lsf threading
     nproc = None
     qsub_command = None
   }
   output_file_name_prefix = None
   output_folder_name = "pdb"
   shared_disk = True
   rst_file = None
   dump_gradients = None

Setting QM defaults
  Setting QM method to PM7


***********************************************************
restart info will be stored in /home/lum/cctbx_opt_final/1.2/cctbx_opt/pdb/5.rst.pickle
***********************************************************

start   0 rmsd(b):  0.0195 rws:  1.000 n_fev: 0
  step:   1 bond rmsd: 0.019500
  step:   2 bond rmsd: 0.076982
  step:   3 bond rmsd: 1.746194
  step:   4 bond rmsd: 0.014695
  step:   5 bond rmsd: 0.011210
  step:   6 bond rmsd: 0.010456
  step:   7 bond rmsd: 0.009724
  step:   8 bond rmsd: 0.008775
  step:   9 bond rmsd: 0.008309
  step:  10 bond rmsd: 0.007580
  step:  11 bond rmsd: 0.006562
  step:  12 bond rmsd: 0.005773
  step:  13 bond rmsd: 0.005255
  step:  14 bond rmsd: 0.004565
  step:  15 bond rmsd: 0.004429
  step:  16 bond rmsd: 0.004281
  step:  17 bond rmsd: 0.004205
  step:  18 bond rmsd: 0.003846
  step:  19 bond rmsd: 0.003741
  step:  20 bond rmsd: 0.003755
  step:  21 bond rmsd: 0.003757
  step:  22 bond rmsd: 0.003811
  step:  23 bond rmsd: 0.003653
  step:  24 bond rmsd: 0.003499
  step:  25 bond rmsd: 0.003336
  step:  26 bond rmsd: 0.003254
  step:  27 bond rmsd: 0.003227
  step:  28 bond rmsd: 0.003152
  step:  29 bond rmsd: 0.003155
  step:  30 bond rmsd: 0.003126
  step:  31 bond rmsd: 0.003194
  step:  32 bond rmsd: 0.002968
  step:  33 bond rmsd: 0.002882
  step:  34 bond rmsd: 0.002796
  step:  35 bond rmsd: 0.002678
  step:  36 bond rmsd: 0.002736
  step:  37 bond rmsd: 0.002628
  step:  38 bond rmsd: 0.002606
  step:  39 bond rmsd: 0.002606
  step:  40 bond rmsd: 0.002688
  step:  41 bond rmsd: 0.002600
  step:  42 bond rmsd: 0.002568
  step:  43 bond rmsd: 0.002552
  step:  44 bond rmsd: 0.002575
  step:  45 bond rmsd: 0.002483
  step:  46 bond rmsd: 0.002407
  step:  47 bond rmsd: 0.002285
  step:  48 bond rmsd: 0.002316
  step:  49 bond rmsd: 0.002205
  step:  50 bond rmsd: 0.002147
  step:  51 bond rmsd: 0.002135
  step:  52 bond rmsd: 0.002146
  step:  53 bond rmsd: 0.002224
  step:  54 bond rmsd: 0.002122
  step:  55 bond rmsd: 0.002132
  step:  56 bond rmsd: 0.002136
  step:  57 bond rmsd: 0.002162
  step:  58 bond rmsd: 0.002166
  step:  59 bond rmsd: 0.002138
  step:  60 bond rmsd: 0.002113
  step:  61 bond rmsd: 0.002102
  step:  62 bond rmsd: 0.002100
  step:  63 bond rmsd: 0.002297
  step:  64 bond rmsd: 0.002188
  step:  65 bond rmsd: 0.002157
  step:  66 bond rmsd: 0.002157
  step:  67 bond rmsd: 0.002251
  step:  68 bond rmsd: 0.002235
  step:  69 bond rmsd: 0.002229
  step:  70 bond rmsd: 0.002213
  step:  71 bond rmsd: 0.002211
  step:  72 bond rmsd: 0.002153
  step:  73 bond rmsd: 0.002120
  step:  74 bond rmsd: 0.002036
  step:  75 bond rmsd: 0.002017
  step:  76 bond rmsd: 0.001909
  step:  77 bond rmsd: 0.001847
  step:  78 bond rmsd: 0.001835
  step:  79 bond rmsd: 0.001911
  step:  80 bond rmsd: 0.001903
  step:  81 bond rmsd: 0.001900
  step:  82 bond rmsd: 0.001886
  step:  83 bond rmsd: 0.001833
  step:  84 bond rmsd: 0.001896
  step:  85 bond rmsd: 0.001772
  step:  86 bond rmsd: 0.001761
  step:  87 bond rmsd: 0.001774
  step:  88 bond rmsd: 0.001859
  step:  89 bond rmsd: 0.001853
  step:  90 bond rmsd: 0.001849
  step:  91 bond rmsd: 0.001821
  step:  92 bond rmsd: 0.001820
  step:  93 bond rmsd: 0.001776
  step:  94 bond rmsd: 0.001720
  step:  95 bond rmsd: 0.001700
  step:  96 bond rmsd: 0.001717
  step:  97 bond rmsd: 0.001697
  step:  98 bond rmsd: 0.001702
  step:  99 bond rmsd: 0.001700
  step: 100 bond rmsd: 0.001700
  step: 101 bond rmsd: 0.001670
  step: 102 bond rmsd: 0.001672
  step: 103 bond rmsd: 0.001661
  step: 104 bond rmsd: 0.001674
  step: 105 bond rmsd: 0.001674
  step: 106 bond rmsd: 0.001668
  step: 107 bond rmsd: 0.001672
  step: 108 bond rmsd: 0.001680
  step: 109 bond rmsd: 0.001672
  step: 110 bond rmsd: 0.001737
  step: 111 bond rmsd: 0.001693
  step: 112 bond rmsd: 0.001674
  step: 113 bond rmsd: 0.001689
  step: 114 bond rmsd: 0.001765
  step: 115 bond rmsd: 0.001754
  step: 116 bond rmsd: 0.001752
  step: 117 bond rmsd: 0.001753
  step: 118 bond rmsd: 0.001740
  step: 119 bond rmsd: 0.001849
  step: 120 bond rmsd: 0.001755
  step: 121 bond rmsd: 0.001732
  step: 122 bond rmsd: 0.001715
  step: 123 bond rmsd: 0.001712
  step: 124 bond rmsd: 0.001737
  step: 125 bond rmsd: 0.001714
  step: 126 bond rmsd: 0.001714
  step: 127 bond rmsd: 0.001716
  step: 128 bond rmsd: 0.001726
  step: 129 bond rmsd: 0.001784
  step: 130 bond rmsd: 0.001811
  step: 131 bond rmsd: 0.001803
  step: 132 bond rmsd: 0.001825
  step: 133 bond rmsd: 0.001866
  step: 134 bond rmsd: 0.001875
  step: 135 bond rmsd: 0.001907
  step: 136 bond rmsd: 0.001918
  step: 137 bond rmsd: 0.001936
  step: 138 bond rmsd: 0.001904
  step: 139 bond rmsd: 0.001893
  step: 140 bond rmsd: 0.001880
  step: 141 bond rmsd: 0.001865
  step: 142 bond rmsd: 0.001846
  step: 143 bond rmsd: 0.001874
  step: 144 bond rmsd: 0.001847
  step: 145 bond rmsd: 0.001840
  step: 146 bond rmsd: 0.001838
  step: 147 bond rmsd: 0.001875
  step: 148 bond rmsd: 0.001839
  step: 149 bond rmsd: 0.001833
  step: 150 bond rmsd: 0.001828
  step: 151 bond rmsd: 0.001853
  step: 152 bond rmsd: 0.001826
  step: 153 bond rmsd: 0.001806
  step: 154 bond rmsd: 0.001785
  step: 155 bond rmsd: 0.001759
  step: 156 bond rmsd: 0.001748
  step: 157 bond rmsd: 0.001744
  step: 158 bond rmsd: 0.001756
  step: 159 bond rmsd: 0.001754
  step: 160 bond rmsd: 0.001760
  step: 161 bond rmsd: 0.001740
  step: 162 bond rmsd: 0.001730
  step: 163 bond rmsd: 0.001710
  step: 164 bond rmsd: 0.001703
  step: 165 bond rmsd: 0.001684
  step: 166 bond rmsd: 0.001696
  step: 167 bond rmsd: 0.001681
  step: 168 bond rmsd: 0.001671
  step: 169 bond rmsd: 0.001666
  step: 170 bond rmsd: 0.001660
  step: 171 bond rmsd: 0.001653
  step: 172 bond rmsd: 0.001649
  step: 173 bond rmsd: 0.001640
  step: 174 bond rmsd: 0.001629
  step: 175 bond rmsd: 0.001604
  step: 176 bond rmsd: 0.001597
  step: 177 bond rmsd: 0.001581
  step: 178 bond rmsd: 0.001591
  step: 179 bond rmsd: 0.001578
  step: 180 bond rmsd: 0.001578
  step: 181 bond rmsd: 0.001578
  step: 182 bond rmsd: 0.001610
  step: 183 bond rmsd: 0.001578
  step: 184 bond rmsd: 0.001571
  step: 185 bond rmsd: 0.001558
  step: 186 bond rmsd: 0.001572
  step: 187 bond rmsd: 0.001558
  step: 188 bond rmsd: 0.001561
  step: 189 bond rmsd: 0.001568
  step: 190 bond rmsd: 0.001576
  step: 191 bond rmsd: 0.001574
  step: 192 bond rmsd: 0.001565
  step: 193 bond rmsd: 0.001557
  step: 194 bond rmsd: 0.001579
  step: 195 bond rmsd: 0.001562
  step: 196 bond rmsd: 0.001573
  step: 197 bond rmsd: 0.001616
  step: 198 bond rmsd: 0.001665
  step: 199 bond rmsd: 0.001657
  step: 200 bond rmsd: 0.001655
  step: 201 bond rmsd: 0.001659
  step: 202 bond rmsd: 0.001676
  step: 203 bond rmsd: 0.001700
  step: 204 bond rmsd: 0.001679
  step: 205 bond rmsd: 0.001692
  step: 206 bond rmsd: 0.001701
  step: 207 bond rmsd: 0.001720
  step: 208 bond rmsd: 0.001730
  step: 209 bond rmsd: 0.001735
  step: 210 bond rmsd: 0.001733
  step: 211 bond rmsd: 0.001732
  step: 212 bond rmsd: 0.001734
  step: 213 bond rmsd: 0.001754
  step: 214 bond rmsd: 0.001739
  step: 215 bond rmsd: 0.001736
  step: 216 bond rmsd: 0.001728
  step: 217 bond rmsd: 0.001731
  step: 218 bond rmsd: 0.001701
  step: 219 bond rmsd: 0.001682
  step: 220 bond rmsd: 0.001666
  step: 221 bond rmsd: 0.001645
  step: 222 bond rmsd: 0.001619
  step: 223 bond rmsd: 0.001620
  step: 224 bond rmsd: 0.001625
  step: 225 bond rmsd: 0.001644
  step: 226 bond rmsd: 0.001632
  step: 227 bond rmsd: 0.001624
  step: 228 bond rmsd: 0.001619
  step: 229 bond rmsd: 0.001597
  step: 230 bond rmsd: 0.001593
  step: 231 bond rmsd: 0.001578
  step: 232 bond rmsd: 0.001573
  step: 233 bond rmsd: 0.001568
  step: 234 bond rmsd: 0.001592
  step: 235 bond rmsd: 0.001579
  step: 236 bond rmsd: 0.001579
  step: 237 bond rmsd: 0.001582
  step: 238 bond rmsd: 0.001576
  step: 239 bond rmsd: 0.001610
  step: 240 bond rmsd: 0.001585
  step: 241 bond rmsd: 0.001570
  step: 242 bond rmsd: 0.001556
  step: 243 bond rmsd: 0.001544
  step: 244 bond rmsd: 0.001571
  step: 245 bond rmsd: 0.001554
  step: 246 bond rmsd: 0.001555
  step: 247 bond rmsd: 0.001559
  step: 248 bond rmsd: 0.001574
  step: 249 bond rmsd: 0.001560
  step: 250 bond rmsd: 0.001554
  step: 251 bond rmsd: 0.001540
  step: 252 bond rmsd: 0.001539
  step: 253 bond rmsd: 0.001532
  step: 254 bond rmsd: 0.001531
  step: 255 bond rmsd: 0.001530
  step: 256 bond rmsd: 0.001541
  step: 257 bond rmsd: 0.001542
  step: 258 bond rmsd: 0.001555
  step: 259 bond rmsd: 0.001548
  step: 260 bond rmsd: 0.001551
  step: 261 bond rmsd: 0.001548
  step: 262 bond rmsd: 0.001554
  step: 263 bond rmsd: 0.001562
  step: 264 bond rmsd: 0.001568
  step: 265 bond rmsd: 0.001567
  step: 266 bond rmsd: 0.001561
  step: 267 bond rmsd: 0.001551
  step: 268 bond rmsd: 0.001541
  step: 269 bond rmsd: 0.001525
  step: 270 bond rmsd: 0.001530
  step: 271 bond rmsd: 0.001536
  step: 272 bond rmsd: 0.001539
  step: 273 bond rmsd: 0.001532
  step: 274 bond rmsd: 0.001532
  step: 275 bond rmsd: 0.001529
  step: 276 bond rmsd: 0.001527
  step: 277 bond rmsd: 0.001536
  step: 278 bond rmsd: 0.001533
  step: 279 bond rmsd: 0.001536
  step: 280 bond rmsd: 0.001534
  step: 281 bond rmsd: 0.001544
  step: 282 bond rmsd: 0.001537
  step: 283 bond rmsd: 0.001545
  step: 284 bond rmsd: 0.001551
  step: 285 bond rmsd: 0.001557
  step: 286 bond rmsd: 0.001563
  step: 287 bond rmsd: 0.001564
  step: 288 bond rmsd: 0.001557
  step: 289 bond rmsd: 0.001549
  step: 290 bond rmsd: 0.001537
  step: 291 bond rmsd: 0.001534
  step: 292 bond rmsd: 0.001534
  step: 293 bond rmsd: 0.001535
  step: 294 bond rmsd: 0.001541
  step: 295 bond rmsd: 0.001550
  step: 296 bond rmsd: 0.001548
  step: 297 bond rmsd: 0.001545
  step: 298 bond rmsd: 0.001536
  step: 299 bond rmsd: 0.001531
  step: 300 bond rmsd: 0.001526
  step: 301 bond rmsd: 0.001524
  step: 302 bond rmsd: 0.001520
  step: 303 bond rmsd: 0.001529
  step: 304 bond rmsd: 0.001524
  step: 305 bond rmsd: 0.001519
  step: 306 bond rmsd: 0.001509
  step: 307 bond rmsd: 0.001505
  step: 308 bond rmsd: 0.001499
  step: 309 bond rmsd: 0.001504
micro_cycle   1 rmsd(b):  0.0015 rws:  1.000 n_fev: 309
  step:   1 bond rmsd: 0.001504
  step:   2 bond rmsd: 0.080098
  step:   3 bond rmsd: 0.001642
  step:   4 bond rmsd: 0.001504
  step:   5 bond rmsd: 0.001506
  step:   6 bond rmsd: 0.001520
  step:   7 bond rmsd: 0.001522
  step:   8 bond rmsd: 0.001546
  step:   9 bond rmsd: 0.001537
  step:  10 bond rmsd: 0.001530
  step:  11 bond rmsd: 0.001530
  step:  12 bond rmsd: 0.001533
  step:  13 bond rmsd: 0.001541
  step:  14 bond rmsd: 0.001552
  step:  15 bond rmsd: 0.001555
  step:  16 bond rmsd: 0.001559
  step:  17 bond rmsd: 0.001560
  step:  18 bond rmsd: 0.001559
  step:  19 bond rmsd: 0.001560
  step:  20 bond rmsd: 0.001557
  step:  21 bond rmsd: 0.001558
  step:  22 bond rmsd: 0.001561
  step:  23 bond rmsd: 0.001558
  step:  24 bond rmsd: 0.001555
  step:  25 bond rmsd: 0.001551
  step:  26 bond rmsd: 0.001545
  step:  27 bond rmsd: 0.001544
  step:  28 bond rmsd: 0.001542
  step:  29 bond rmsd: 0.001542
  step:  30 bond rmsd: 0.001535
  step:  31 bond rmsd: 0.001539
  step:  32 bond rmsd: 0.001539
  step:  33 bond rmsd: 0.001540
  step:  34 bond rmsd: 0.001532
  step:  35 bond rmsd: 0.001533
  step:  36 bond rmsd: 0.001533
  step:  37 bond rmsd: 0.001535
  step:  38 bond rmsd: 0.001534
  step:  39 bond rmsd: 0.001536
  step:  40 bond rmsd: 0.001539
  step:  41 bond rmsd: 0.001541
  step:  42 bond rmsd: 0.001544
  step:  43 bond rmsd: 0.001542
  step:  44 bond rmsd: 0.001543
  step:  45 bond rmsd: 0.001538
  step:  46 bond rmsd: 0.001539
  step:  47 bond rmsd: 0.001537
  step:  48 bond rmsd: 0.001535
  step:  49 bond rmsd: 0.001531
  step:  50 bond rmsd: 0.001528
  step:  51 bond rmsd: 0.001518
  step:  52 bond rmsd: 0.001519
  step:  53 bond rmsd: 0.001515
  step:  54 bond rmsd: 0.001517
  step:  55 bond rmsd: 0.001511
  step:  56 bond rmsd: 0.001503
  step:  57 bond rmsd: 0.001499
  step:  58 bond rmsd: 0.001505
  step:  59 bond rmsd: 0.001518
  step:  60 bond rmsd: 0.001530
  step:  61 bond rmsd: 0.001529
  step:  62 bond rmsd: 0.001525
  step:  63 bond rmsd: 0.001519
  step:  64 bond rmsd: 0.001517
  step:  65 bond rmsd: 0.001518
  step:  66 bond rmsd: 0.001525
  step:  67 bond rmsd: 0.001524
  step:  68 bond rmsd: 0.001530
  step:  69 bond rmsd: 0.001537
  step:  70 bond rmsd: 0.001543
  step:  71 bond rmsd: 0.001539
  step:  72 bond rmsd: 0.001539
  step:  73 bond rmsd: 0.001535
  step:  74 bond rmsd: 0.001530
  step:  75 bond rmsd: 0.001523
  step:  76 bond rmsd: 0.001527
  step:  77 bond rmsd: 0.001534
  step:  78 bond rmsd: 0.001544
  step:  79 bond rmsd: 0.001543
  step:  80 bond rmsd: 0.001555
  step:  81 bond rmsd: 0.001556
  step:  82 bond rmsd: 0.001554
  step:  83 bond rmsd: 0.001552
  step:  84 bond rmsd: 0.001561
  step:  85 bond rmsd: 0.001554
  step:  86 bond rmsd: 0.001553
  step:  87 bond rmsd: 0.001554
  step:  88 bond rmsd: 0.001563
  step:  89 bond rmsd: 0.001564
  step:  90 bond rmsd: 0.001567
  step:  91 bond rmsd: 0.001571
  step:  92 bond rmsd: 0.001570
  step:  93 bond rmsd: 0.001575
  step:  94 bond rmsd: 0.001569
  step:  95 bond rmsd: 0.001568
  step:  96 bond rmsd: 0.001568
  step:  97 bond rmsd: 0.001562
  step:  98 bond rmsd: 0.001563
  step:  99 bond rmsd: 0.001555
  step: 100 bond rmsd: 0.001556
  step: 101 bond rmsd: 0.001549
  step: 102 bond rmsd: 0.001547
  step: 103 bond rmsd: 0.001542
  step: 104 bond rmsd: 0.001544
  step: 105 bond rmsd: 0.001540
  step: 106 bond rmsd: 0.001541
  step: 107 bond rmsd: 0.001537
  step: 108 bond rmsd: 0.001553
  step: 109 bond rmsd: 0.001540
  step: 110 bond rmsd: 0.001533
  step: 111 bond rmsd: 0.001527
  step: 112 bond rmsd: 0.001528
  step: 113 bond rmsd: 0.001531
  step: 114 bond rmsd: 0.001535
  step: 115 bond rmsd: 0.001540
  step: 116 bond rmsd: 0.001542
  step: 117 bond rmsd: 0.001539
  step: 118 bond rmsd: 0.001537
  step: 119 bond rmsd: 0.001535
  step: 120 bond rmsd: 0.001527
  step: 121 bond rmsd: 0.001529
  step: 122 bond rmsd: 0.001531
  step: 123 bond rmsd: 0.001532
  step: 124 bond rmsd: 0.001530
  step: 125 bond rmsd: 0.001530
  step: 126 bond rmsd: 0.001527
  step: 127 bond rmsd: 0.001523
  step: 128 bond rmsd: 0.001526
  step: 129 bond rmsd: 0.001521
  step: 130 bond rmsd: 0.001521
  step: 131 bond rmsd: 0.001523
  step: 132 bond rmsd: 0.001539
  step: 133 bond rmsd: 0.001538
  step: 134 bond rmsd: 0.001541
  step: 135 bond rmsd: 0.001546
  step: 136 bond rmsd: 0.001562
  step: 137 bond rmsd: 0.001562
  step: 138 bond rmsd: 0.001561
  step: 139 bond rmsd: 0.001562
  step: 140 bond rmsd: 0.001563
  step: 141 bond rmsd: 0.001585
  step: 142 bond rmsd: 0.001572
  step: 143 bond rmsd: 0.001573
  step: 144 bond rmsd: 0.001575
  step: 145 bond rmsd: 0.001577
  step: 146 bond rmsd: 0.001583
  step: 147 bond rmsd: 0.001584
  step: 148 bond rmsd: 0.001584
  step: 149 bond rmsd: 0.001582
  step: 150 bond rmsd: 0.001582
  step: 151 bond rmsd: 0.001578
  step: 152 bond rmsd: 0.001580
  step: 153 bond rmsd: 0.001569
  step: 154 bond rmsd: 0.001570
  step: 155 bond rmsd: 0.001571
  step: 156 bond rmsd: 0.001575
  step: 157 bond rmsd: 0.001571
  step: 158 bond rmsd: 0.001569
  step: 159 bond rmsd: 0.001554
  step: 160 bond rmsd: 0.001554
  step: 161 bond rmsd: 0.001553
  step: 162 bond rmsd: 0.001550
  step: 163 bond rmsd: 0.001543
  step: 164 bond rmsd: 0.001540
  step: 165 bond rmsd: 0.001538
  step: 166 bond rmsd: 0.001539
  step: 167 bond rmsd: 0.001525
  step: 168 bond rmsd: 0.001530
  step: 169 bond rmsd: 0.001530
  step: 170 bond rmsd: 0.001531
  step: 171 bond rmsd: 0.001532
  step: 172 bond rmsd: 0.001528
  step: 173 bond rmsd: 0.001528
  step: 174 bond rmsd: 0.001526
  step: 175 bond rmsd: 0.001531
  step: 176 bond rmsd: 0.001535
  step: 177 bond rmsd: 0.001540
  step: 178 bond rmsd: 0.001541
  step: 179 bond rmsd: 0.001538
  step: 180 bond rmsd: 0.001530
  step: 181 bond rmsd: 0.001543
  step: 182 bond rmsd: 0.001537
  step: 183 bond rmsd: 0.001536
  step: 184 bond rmsd: 0.001537
  step: 185 bond rmsd: 0.001539
  step: 186 bond rmsd: 0.001537
  step: 187 bond rmsd: 0.001533
  step: 188 bond rmsd: 0.001521
  step: 189 bond rmsd: 0.001526
  step: 190 bond rmsd: 0.001512
  step: 191 bond rmsd: 0.001512
  step: 192 bond rmsd: 0.001515
  step: 193 bond rmsd: 0.001520
  step: 194 bond rmsd: 0.001519
  step: 195 bond rmsd: 0.001516
  step: 196 bond rmsd: 0.001511
  step: 197 bond rmsd: 0.001510
  step: 198 bond rmsd: 0.001512
  step: 199 bond rmsd: 0.001519
  step: 200 bond rmsd: 0.001515
  step: 201 bond rmsd: 0.001522
  step: 202 bond rmsd: 0.001520
  step: 203 bond rmsd: 0.001518
  step: 204 bond rmsd: 0.001520
  step: 205 bond rmsd: 0.001521
  step: 206 bond rmsd: 0.001528
  step: 207 bond rmsd: 0.001534
  step: 208 bond rmsd: 0.001538
  step: 209 bond rmsd: 0.001540
  step: 210 bond rmsd: 0.001537
  step: 211 bond rmsd: 0.001533
  step: 212 bond rmsd: 0.001524
  step: 213 bond rmsd: 0.001528
  step: 214 bond rmsd: 0.001532
  step: 215 bond rmsd: 0.001540
  step: 216 bond rmsd: 0.001539
  step: 217 bond rmsd: 0.001537
  step: 218 bond rmsd: 0.001546
  step: 219 bond rmsd: 0.001550
  step: 220 bond rmsd: 0.001548
  step: 221 bond rmsd: 0.001541
  step: 222 bond rmsd: 0.001531
  step: 223 bond rmsd: 0.001519
  step: 224 bond rmsd: 0.001509
  step: 225 bond rmsd: 0.001500
  step: 226 bond rmsd: 0.001491
  step: 227 bond rmsd: 0.001495
  step: 228 bond rmsd: 0.001498
  step: 229 bond rmsd: 0.001517
  step: 230 bond rmsd: 0.001508
  step: 231 bond rmsd: 0.001501
  step: 232 bond rmsd: 0.001499
  step: 233 bond rmsd: 0.001499
  step: 234 bond rmsd: 0.001494
  step: 235 bond rmsd: 0.001498
  step: 236 bond rmsd: 0.001505
  step: 237 bond rmsd: 0.001509
  step: 238 bond rmsd: 0.001534
  step: 239 bond rmsd: 0.001524
  step: 240 bond rmsd: 0.001518
  step: 241 bond rmsd: 0.001517
  step: 242 bond rmsd: 0.001517
  step: 243 bond rmsd: 0.001531
  step: 244 bond rmsd: 0.001522
  step: 245 bond rmsd: 0.001529
  step: 246 bond rmsd: 0.001536
  step: 247 bond rmsd: 0.001541
  step: 248 bond rmsd: 0.001549
  step: 249 bond rmsd: 0.001543
  step: 250 bond rmsd: 0.001529
  step: 251 bond rmsd: 0.001524
  step: 252 bond rmsd: 0.001521
  step: 253 bond rmsd: 0.001516
  step: 254 bond rmsd: 0.001527
  step: 255 bond rmsd: 0.001524
  step: 256 bond rmsd: 0.001525
  step: 257 bond rmsd: 0.001525
  step: 258 bond rmsd: 0.001523
  step: 259 bond rmsd: 0.001514
  step: 260 bond rmsd: 0.001511
  step: 261 bond rmsd: 0.001498
  step: 262 bond rmsd: 0.001504
  step: 263 bond rmsd: 0.001506
  step: 264 bond rmsd: 0.001508
  step: 265 bond rmsd: 0.001513
  step: 266 bond rmsd: 0.001511
  step: 267 bond rmsd: 0.001495
  step: 268 bond rmsd: 0.001507
  step: 269 bond rmsd: 0.001499
  step: 270 bond rmsd: 0.001496
  step: 271 bond rmsd: 0.001493
  step: 272 bond rmsd: 0.001494
  step: 273 bond rmsd: 0.001496
  step: 274 bond rmsd: 0.001493
  step: 275 bond rmsd: 0.001499
  step: 276 bond rmsd: 0.001500
  step: 277 bond rmsd: 0.001500
  step: 278 bond rmsd: 0.001493
  step: 279 bond rmsd: 0.001489
  step: 280 bond rmsd: 0.001484
  step: 281 bond rmsd: 0.001480
  step: 282 bond rmsd: 0.001474
  step: 283 bond rmsd: 0.001488
  step: 284 bond rmsd: 0.001482
  step: 285 bond rmsd: 0.001482
  step: 286 bond rmsd: 0.001485
  step: 287 bond rmsd: 0.001497
  step: 288 bond rmsd: 0.001494
  step: 289 bond rmsd: 0.001493
  step: 290 bond rmsd: 0.001491
  step: 291 bond rmsd: 0.001492
  step: 292 bond rmsd: 0.001499
  step: 293 bond rmsd: 0.001501
  step: 294 bond rmsd: 0.001507
  step: 295 bond rmsd: 0.001515
  step: 296 bond rmsd: 0.001537
  step: 297 bond rmsd: 0.001532
  step: 298 bond rmsd: 0.001529
  step: 299 bond rmsd: 0.001528
  step: 300 bond rmsd: 0.001548
  step: 301 bond rmsd: 0.001537
  step: 302 bond rmsd: 0.001539
  step: 303 bond rmsd: 0.001545
  step: 304 bond rmsd: 0.001553
  step: 305 bond rmsd: 0.001577
  step: 306 bond rmsd: 0.001571
  step: 307 bond rmsd: 0.001568
  step: 308 bond rmsd: 0.001563
  step: 309 bond rmsd: 0.001558
micro_cycle   2 rmsd(b):  0.0016 rws:  1.000 n_fev: 618
See 5_refined.pdb in pdb folder.
Time: 7.0333
